<?xml version="1.0" encoding="utf-8"?><testsuite errors="0" failures="0" name="pytest" skips="6415" tests="12830" time="1104.769"><testcase classname="src.pymortests.affine_grid" file="src/pymortests/affine_grid.py" line="24" name="test_reference_element_wrong_arguments[&lt;lambda&gt;0]" time="0.0010175704956054688"><skipped message="Suite splitting in effect" type="pytest.skip">src/pymortests/affine_grid.py:24: Suite splitting in effect</skipped></testcase><testcase classname="src.pymortests.affine_grid" file="src/pymortests/affine_grid.py" line="24" name="test_reference_element_wrong_arguments[&lt;lambda&gt;1]" time="0.0004990100860595703"><skipped message="Suite splitting in effect" type="pytest.skip">src/pymortests/affine_grid.py:24: Suite splitting in effect</skipped></testcase><testcase classname="src.pymortests.affine_grid" file="src/pymortests/affine_grid.py" line="24" name="test_reference_element_wrong_arguments[&lt;lambda&gt;2]" time="0.0004055500030517578"><skipped message="Suite splitting in effect" type="pytest.skip">src/pymortests/affine_grid.py:24: Suite splitting in effect</skipped></testcase><testcase classname="src.pymortests.affine_grid" file="src/pymortests/affine_grid.py" line="24" name="test_reference_element_wrong_arguments[&lt;lambda&gt;3]" time="0.0004227161407470703"><skipped message="Suite splitting in effect" type="pytest.skip">src/pymortests/affine_grid.py:24: Suite splitting in effect</skipped></testcase><testcase classname="src.pymortests.affine_grid" file="src/pymortests/affine_grid.py" line="24" name="test_reference_element_wrong_arguments[&lt;lambda&gt;4]" time="0.0004112720489501953"><skipped message="Suite splitting in effect" type="pytest.skip">src/pymortests/affine_grid.py:24: Suite splitting in effect</skipped></testcase><testcase classname="src.pymortests.affine_grid" file="src/pymortests/affine_grid.py" line="24" name="test_reference_element_wrong_arguments[&lt;lambda&gt;5]" time="0.0004184246063232422"><skipped message="Suite splitting in effect" type="pytest.skip">src/pymortests/affine_grid.py:24: Suite splitting in effect</skipped></testcase><testcase classname="src.pymortests.affine_grid" file="src/pymortests/affine_grid.py" line="24" name="test_reference_element_wrong_arguments[&lt;lambda&gt;6]" time="0.00044274330139160156"><skipped message="Suite splitting in effect" type="pytest.skip">src/pymortests/affine_grid.py:24: Suite splitting in effect</skipped></testcase><testcase classname="src.pymortests.affine_grid" file="src/pymortests/affine_grid.py" line="24" name="test_reference_element_wrong_arguments[&lt;lambda&gt;7]" time="0.00039196014404296875"><skipped message="Suite splitting in effect" type="pytest.skip">src/pymortests/affine_grid.py:24: Suite splitting in effect</skipped></testcase><testcase classname="src.pymortests.affine_grid" file="src/pymortests/affine_grid.py" line="24" name="test_reference_element_wrong_arguments[&lt;lambda&gt;8]" time="0.0003876686096191406"><skipped message="Suite splitting in effect" type="pytest.skip">src/pymortests/affine_grid.py:24: Suite splitting in effect</skipped></testcase><testcase classname="src.pymortests.affine_grid" file="src/pymortests/affine_grid.py" line="24" name="test_reference_element_wrong_arguments[&lt;lambda&gt;9]" time="0.000385284423828125"><skipped message="Suite splitting in effect" type="pytest.skip">src/pymortests/affine_grid.py:24: Suite splitting in effect</skipped></testcase><testcase classname="src.pymortests.affine_grid" file="src/pymortests/affine_grid.py" line="24" name="test_reference_element_wrong_arguments[&lt;lambda&gt;10]" time="0.0003993511199951172"><skipped message="Suite splitting in effect" type="pytest.skip">src/pymortests/affine_grid.py:24: Suite splitting in effect</skipped></testcase><testcase classname="src.pymortests.affine_grid" file="src/pymortests/affine_grid.py" line="24" name="test_reference_element_wrong_arguments[&lt;lambda&gt;11]" time="0.0006113052368164062"><skipped message="Suite splitting in effect" type="pytest.skip">src/pymortests/affine_grid.py:24: Suite splitting in effect</skipped></testcase><testcase classname="src.pymortests.affine_grid" file="src/pymortests/affine_grid.py" line="24" name="test_reference_element_wrong_arguments[&lt;lambda&gt;12]" time="0.000385284423828125"><skipped message="Suite splitting in effect" type="pytest.skip">src/pymortests/affine_grid.py:24: Suite splitting in effect</skipped></testcase><testcase classname="src.pymortests.affine_grid" file="src/pymortests/affine_grid.py" line="24" name="test_reference_element_wrong_arguments[&lt;lambda&gt;13]" time="0.0004296302795410156"><skipped message="Suite splitting in effect" type="pytest.skip">src/pymortests/affine_grid.py:24: Suite splitting in effect</skipped></testcase><testcase classname="src.pymortests.affine_grid" file="src/pymortests/affine_grid.py" line="24" name="test_reference_element_wrong_arguments[&lt;lambda&gt;14]" time="0.00041413307189941406"><skipped message="Suite splitting in effect" type="pytest.skip">src/pymortests/affine_grid.py:24: Suite splitting in effect</skipped></testcase><testcase classname="src.pymortests.affine_grid" file="src/pymortests/affine_grid.py" line="24" name="test_reference_element_wrong_arguments[&lt;lambda&gt;15]" time="0.00041222572326660156"><skipped message="Suite splitting in effect" type="pytest.skip">src/pymortests/affine_grid.py:24: Suite splitting in effect</skipped></testcase><testcase classname="src.pymortests.affine_grid" file="src/pymortests/affine_grid.py" line="24" name="test_reference_element_wrong_arguments[&lt;lambda&gt;16]" time="0.0003871917724609375"><skipped message="Suite splitting in effect" type="pytest.skip">src/pymortests/affine_grid.py:24: Suite splitting in effect</skipped></testcase><testcase classname="src.pymortests.affine_grid" file="src/pymortests/affine_grid.py" line="24" name="test_reference_element_wrong_arguments[&lt;lambda&gt;17]" time="0.00038695335388183594"><skipped message="Suite splitting in effect" type="pytest.skip">src/pymortests/affine_grid.py:24: Suite splitting in effect</skipped></testcase><testcase classname="src.pymortests.affine_grid" file="src/pymortests/affine_grid.py" line="24" name="test_reference_element_wrong_arguments[&lt;lambda&gt;18]" time="0.00039315223693847656"><skipped message="Suite splitting in effect" type="pytest.skip">src/pymortests/affine_grid.py:24: Suite splitting in effect</skipped></testcase><testcase classname="src.pymortests.affine_grid" file="src/pymortests/affine_grid.py" line="24" name="test_reference_element_wrong_arguments[&lt;lambda&gt;19]" time="0.0003905296325683594"><skipped message="Suite splitting in effect" type="pytest.skip">src/pymortests/affine_grid.py:24: Suite splitting in effect</skipped></testcase><testcase classname="src.pymortests.affine_grid" file="src/pymortests/affine_grid.py" line="24" name="test_reference_element_wrong_arguments[&lt;lambda&gt;20]" time="0.00039958953857421875"><skipped message="Suite splitting in effect" type="pytest.skip">src/pymortests/affine_grid.py:24: Suite splitting in effect</skipped></testcase><testcase classname="src.pymortests.affine_grid" file="src/pymortests/affine_grid.py" line="24" name="test_reference_element_wrong_arguments[&lt;lambda&gt;21]" time="0.00038909912109375"><skipped message="Suite splitting in effect" type="pytest.skip">src/pymortests/affine_grid.py:24: Suite splitting in effect</skipped></testcase><testcase classname="src.pymortests.affine_grid" file="src/pymortests/affine_grid.py" line="24" name="test_reference_element_wrong_arguments[&lt;lambda&gt;22]" time="0.0004134178161621094"><skipped message="Suite splitting in effect" type="pytest.skip">src/pymortests/affine_grid.py:24: Suite splitting in effect</skipped></testcase><testcase classname="src.pymortests.affine_grid" file="src/pymortests/affine_grid.py" line="24" name="test_reference_element_wrong_arguments[&lt;lambda&gt;23]" time="0.0004105567932128906"><skipped message="Suite splitting in effect" type="pytest.skip">src/pymortests/affine_grid.py:24: Suite splitting in effect</skipped></testcase><testcase classname="src.pymortests.affine_grid" file="src/pymortests/affine_grid.py" line="24" name="test_reference_element_wrong_arguments[&lt;lambda&gt;24]" time="0.00038170814514160156"><skipped message="Suite splitting in effect" type="pytest.skip">src/pymortests/affine_grid.py:24: Suite splitting in effect</skipped></testcase><testcase classname="src.pymortests.affine_grid" file="src/pymortests/affine_grid.py" line="24" name="test_reference_element_wrong_arguments[&lt;lambda&gt;25]" time="0.0004115104675292969"><skipped message="Suite splitting in effect" type="pytest.skip">src/pymortests/affine_grid.py:24: Suite splitting in effect</skipped></testcase><testcase classname="src.pymortests.affine_grid" file="src/pymortests/affine_grid.py" line="24" name="test_reference_element_wrong_arguments[&lt;lambda&gt;26]" time="0.0004048347473144531"><skipped message="Suite splitting in effect" type="pytest.skip">src/pymortests/affine_grid.py:24: Suite splitting in effect</skipped></testcase><testcase classname="src.pymortests.affine_grid" file="src/pymortests/affine_grid.py" line="24" name="test_reference_element_wrong_arguments[&lt;lambda&gt;27]" time="0.0005068778991699219"><skipped message="Suite splitting in effect" type="pytest.skip">src/pymortests/affine_grid.py:24: Suite splitting in effect</skipped></testcase><testcase classname="src.pymortests.affine_grid" file="src/pymortests/affine_grid.py" line="24" name="test_reference_element_wrong_arguments[&lt;lambda&gt;28]" time="0.0004467964172363281"><skipped message="Suite splitting in effect" type="pytest.skip">src/pymortests/affine_grid.py:24: Suite splitting in effect</skipped></testcase><testcase classname="src.pymortests.affine_grid" file="src/pymortests/affine_grid.py" line="24" name="test_reference_element_wrong_arguments[&lt;lambda&gt;29]" time="0.0003933906555175781"><skipped message="Suite splitting in effect" type="pytest.skip">src/pymortests/affine_grid.py:24: Suite splitting in effect</skipped></testcase><testcase classname="src.pymortests.affine_grid" file="src/pymortests/affine_grid.py" line="24" name="test_reference_element_wrong_arguments[&lt;lambda&gt;30]" time="0.00038695335388183594"><skipped message="Suite splitting in effect" type="pytest.skip">src/pymortests/affine_grid.py:24: Suite splitting in effect</skipped></testcase><testcase classname="src.pymortests.affine_grid" file="src/pymortests/affine_grid.py" line="24" name="test_reference_element_wrong_arguments[&lt;lambda&gt;31]" time="0.0004019737243652344"><skipped message="Suite splitting in effect" type="pytest.skip">src/pymortests/affine_grid.py:24: Suite splitting in effect</skipped></testcase><testcase classname="src.pymortests.affine_grid" file="src/pymortests/affine_grid.py" line="24" name="test_reference_element_wrong_arguments[&lt;lambda&gt;32]" time="0.0004184246063232422"><skipped message="Suite splitting in effect" type="pytest.skip">src/pymortests/affine_grid.py:24: Suite splitting in effect</skipped></testcase><testcase classname="src.pymortests.affine_grid" file="src/pymortests/affine_grid.py" line="24" name="test_reference_element_wrong_arguments[&lt;lambda&gt;33]" time="0.00040602684020996094"><skipped message="Suite splitting in effect" type="pytest.skip">src/pymortests/affine_grid.py:24: Suite splitting in effect</skipped></testcase><testcase classname="src.pymortests.affine_grid" file="src/pymortests/affine_grid.py" line="24" name="test_reference_element_wrong_arguments[&lt;lambda&gt;34]" time="0.00039768218994140625"><skipped message="Suite splitting in effect" type="pytest.skip">src/pymortests/affine_grid.py:24: Suite splitting in effect</skipped></testcase><testcase classname="src.pymortests.affine_grid" file="src/pymortests/affine_grid.py" line="24" name="test_reference_element_wrong_arguments[&lt;lambda&gt;35]" time="0.0004088878631591797"><skipped message="Suite splitting in effect" type="pytest.skip">src/pymortests/affine_grid.py:24: Suite splitting in effect</skipped></testcase><testcase classname="src.pymortests.affine_grid" file="src/pymortests/affine_grid.py" line="24" name="test_reference_element_wrong_arguments[&lt;lambda&gt;36]" time="0.0003848075866699219"><skipped message="Suite splitting in effect" type="pytest.skip">src/pymortests/affine_grid.py:24: Suite splitting in effect</skipped></testcase><testcase classname="src.pymortests.affine_grid" file="src/pymortests/affine_grid.py" line="24" name="test_reference_element_wrong_arguments[&lt;lambda&gt;37]" time="0.0004177093505859375"><skipped message="Suite splitting in effect" type="pytest.skip">src/pymortests/affine_grid.py:24: Suite splitting in effect</skipped></testcase><testcase classname="src.pymortests.affine_grid" file="src/pymortests/affine_grid.py" line="24" name="test_reference_element_wrong_arguments[&lt;lambda&gt;38]" time="0.0003902912139892578"><skipped message="Suite splitting in effect" type="pytest.skip">src/pymortests/affine_grid.py:24: Suite splitting in effect</skipped></testcase><testcase classname="src.pymortests.affine_grid" file="src/pymortests/affine_grid.py" line="24" name="test_reference_element_wrong_arguments[&lt;lambda&gt;39]" time="0.000408172607421875"><skipped message="Suite splitting in effect" type="pytest.skip">src/pymortests/affine_grid.py:24: Suite splitting in effect</skipped></testcase><testcase classname="src.pymortests.affine_grid" file="src/pymortests/affine_grid.py" line="24" name="test_reference_element_wrong_arguments[&lt;lambda&gt;40]" time="0.00039267539978027344"><skipped message="Suite splitting in effect" type="pytest.skip">src/pymortests/affine_grid.py:24: Suite splitting in effect</skipped></testcase><testcase classname="src.pymortests.affine_grid" file="src/pymortests/affine_grid.py" line="24" name="test_reference_element_wrong_arguments[&lt;lambda&gt;41]" time="0.00041556358337402344"><skipped message="Suite splitting in effect" type="pytest.skip">src/pymortests/affine_grid.py:24: Suite splitting in effect</skipped></testcase><testcase classname="src.pymortests.affine_grid" file="src/pymortests/affine_grid.py" line="24" name="test_reference_element_wrong_arguments[&lt;lambda&gt;42]" time="0.00043773651123046875"><skipped message="Suite splitting in effect" type="pytest.skip">src/pymortests/affine_grid.py:24: Suite splitting in effect</skipped></testcase><testcase classname="src.pymortests.affine_grid" file="src/pymortests/affine_grid.py" line="32" name="test_reference_element_type[&lt;lambda&gt;0]" time="0.0003895759582519531"><skipped message="Suite splitting in effect" type="pytest.skip">src/pymortests/affine_grid.py:32: Suite splitting in effect</skipped></testcase><testcase classname="src.pymortests.affine_grid" file="src/pymortests/affine_grid.py" line="32" name="test_reference_element_type[&lt;lambda&gt;1]" time="0.00038909912109375"><skipped message="Suite splitting in effect" type="pytest.skip">src/pymortests/affine_grid.py:32: Suite splitting in effect</skipped></testcase><testcase classname="src.pymortests.affine_grid" file="src/pymortests/affine_grid.py" line="32" name="test_reference_element_type[&lt;lambda&gt;2]" time="0.000431060791015625"><skipped message="Suite splitting in effect" type="pytest.skip">src/pymortests/affine_grid.py:32: Suite splitting in effect</skipped></testcase><testcase classname="src.pymortests.affine_grid" file="src/pymortests/affine_grid.py" line="32" name="test_reference_element_type[&lt;lambda&gt;3]" time="0.00042700767517089844"><skipped message="Suite splitting in effect" type="pytest.skip">src/pymortests/affine_grid.py:32: Suite splitting in effect</skipped></testcase><testcase classname="src.pymortests.affine_grid" file="src/pymortests/affine_grid.py" line="32" name="test_reference_element_type[&lt;lambda&gt;4]" time="0.00039005279541015625"><skipped message="Suite splitting in effect" type="pytest.skip">src/pymortests/affine_grid.py:32: Suite splitting in effect</skipped></testcase><testcase classname="src.pymortests.affine_grid" file="src/pymortests/affine_grid.py" line="32" name="test_reference_element_type[&lt;lambda&gt;5]" time="0.00038814544677734375"><skipped message="Suite splitting in effect" type="pytest.skip">src/pymortests/affine_grid.py:32: Suite splitting in effect</skipped></testcase><testcase classname="src.pymortests.affine_grid" file="src/pymortests/affine_grid.py" line="32" name="test_reference_element_type[&lt;lambda&gt;6]" time="0.0003936290740966797"><skipped message="Suite splitting in effect" type="pytest.skip">src/pymortests/affine_grid.py:32: Suite splitting in effect</skipped></testcase><testcase classname="src.pymortests.affine_grid" file="src/pymortests/affine_grid.py" line="32" name="test_reference_element_type[&lt;lambda&gt;7]" time="0.00042700767517089844"><skipped message="Suite splitting in effect" type="pytest.skip">src/pymortests/affine_grid.py:32: Suite splitting in effect</skipped></testcase><testcase classname="src.pymortests.affine_grid" file="src/pymortests/affine_grid.py" line="32" name="test_reference_element_type[&lt;lambda&gt;8]" time="0.0003972053527832031"><skipped message="Suite splitting in effect" type="pytest.skip">src/pymortests/affine_grid.py:32: Suite splitting in effect</skipped></testcase><testcase classname="src.pymortests.affine_grid" file="src/pymortests/affine_grid.py" line="32" name="test_reference_element_type[&lt;lambda&gt;9]" time="0.00041604042053222656"><skipped message="Suite splitting in effect" type="pytest.skip">src/pymortests/affine_grid.py:32: Suite splitting in effect</skipped></testcase><testcase classname="src.pymortests.affine_grid" file="src/pymortests/affine_grid.py" line="32" name="test_reference_element_type[&lt;lambda&gt;10]" time="0.00038814544677734375"><skipped message="Suite splitting in effect" type="pytest.skip">src/pymortests/affine_grid.py:32: Suite splitting in effect</skipped></testcase><testcase classname="src.pymortests.affine_grid" file="src/pymortests/affine_grid.py" line="32" name="test_reference_element_type[&lt;lambda&gt;11]" time="0.0004119873046875"><skipped message="Suite splitting in effect" type="pytest.skip">src/pymortests/affine_grid.py:32: Suite splitting in effect</skipped></testcase><testcase classname="src.pymortests.affine_grid" file="src/pymortests/affine_grid.py" line="32" name="test_reference_element_type[&lt;lambda&gt;12]" time="0.0004220008850097656"><skipped message="Suite splitting in effect" type="pytest.skip">src/pymortests/affine_grid.py:32: Suite splitting in effect</skipped></testcase><testcase classname="src.pymortests.affine_grid" file="src/pymortests/affine_grid.py" line="32" name="test_reference_element_type[&lt;lambda&gt;13]" time="0.0003871917724609375"><skipped message="Suite splitting in effect" type="pytest.skip">src/pymortests/affine_grid.py:32: Suite splitting in effect</skipped></testcase><testcase classname="src.pymortests.affine_grid" file="src/pymortests/affine_grid.py" line="32" name="test_reference_element_type[&lt;lambda&gt;14]" time="0.00040984153747558594"><skipped message="Suite splitting in effect" type="pytest.skip">src/pymortests/affine_grid.py:32: Suite splitting in effect</skipped></testcase><testcase classname="src.pymortests.affine_grid" file="src/pymortests/affine_grid.py" line="32" name="test_reference_element_type[&lt;lambda&gt;15]" time="0.00040078163146972656"><skipped message="Suite splitting in effect" type="pytest.skip">src/pymortests/affine_grid.py:32: Suite splitting in effect</skipped></testcase><testcase classname="src.pymortests.affine_grid" file="src/pymortests/affine_grid.py" line="32" name="test_reference_element_type[&lt;lambda&gt;16]" time="0.0004074573516845703"><skipped message="Suite splitting in effect" type="pytest.skip">src/pymortests/affine_grid.py:32: Suite splitting in effect</skipped></testcase><testcase classname="src.pymortests.affine_grid" file="src/pymortests/affine_grid.py" line="32" name="test_reference_element_type[&lt;lambda&gt;17]" time="0.0003876686096191406"><skipped message="Suite splitting in effect" type="pytest.skip">src/pymortests/affine_grid.py:32: Suite splitting in effect</skipped></testcase><testcase classname="src.pymortests.affine_grid" file="src/pymortests/affine_grid.py" line="32" name="test_reference_element_type[&lt;lambda&gt;18]" time="0.0004239082336425781"><skipped message="Suite splitting in effect" type="pytest.skip">src/pymortests/affine_grid.py:32: Suite splitting in effect</skipped></testcase><testcase classname="src.pymortests.affine_grid" file="src/pymortests/affine_grid.py" line="32" name="test_reference_element_type[&lt;lambda&gt;19]" time="0.0003864765167236328"><skipped message="Suite splitting in effect" type="pytest.skip">src/pymortests/affine_grid.py:32: Suite splitting in effect</skipped></testcase><testcase classname="src.pymortests.affine_grid" file="src/pymortests/affine_grid.py" line="32" name="test_reference_element_type[&lt;lambda&gt;20]" time="0.0003898143768310547"><skipped message="Suite splitting in effect" type="pytest.skip">src/pymortests/affine_grid.py:32: Suite splitting in effect</skipped></testcase><testcase classname="src.pymortests.affine_grid" file="src/pymortests/affine_grid.py" line="32" name="test_reference_element_type[&lt;lambda&gt;21]" time="0.00042891502380371094"><skipped message="Suite splitting in effect" type="pytest.skip">src/pymortests/affine_grid.py:32: Suite splitting in effect</skipped></testcase><testcase classname="src.pymortests.affine_grid" file="src/pymortests/affine_grid.py" line="32" name="test_reference_element_type[&lt;lambda&gt;22]" time="0.0003859996795654297"><skipped message="Suite splitting in effect" type="pytest.skip">src/pymortests/affine_grid.py:32: Suite splitting in effect</skipped></testcase><testcase classname="src.pymortests.affine_grid" file="src/pymortests/affine_grid.py" line="32" name="test_reference_element_type[&lt;lambda&gt;23]" time="0.0004146099090576172"><skipped message="Suite splitting in effect" type="pytest.skip">src/pymortests/affine_grid.py:32: Suite splitting in effect</skipped></testcase><testcase classname="src.pymortests.affine_grid" file="src/pymortests/affine_grid.py" line="32" name="test_reference_element_type[&lt;lambda&gt;24]" time="0.0003902912139892578"><skipped message="Suite splitting in effect" type="pytest.skip">src/pymortests/affine_grid.py:32: Suite splitting in effect</skipped></testcase><testcase classname="src.pymortests.affine_grid" file="src/pymortests/affine_grid.py" line="32" name="test_reference_element_type[&lt;lambda&gt;25]" time="0.00041365623474121094"><skipped message="Suite splitting in effect" type="pytest.skip">src/pymortests/affine_grid.py:32: Suite splitting in effect</skipped></testcase><testcase classname="src.pymortests.affine_grid" file="src/pymortests/affine_grid.py" line="32" name="test_reference_element_type[&lt;lambda&gt;26]" time="0.0003859996795654297"><skipped message="Suite splitting in effect" type="pytest.skip">src/pymortests/affine_grid.py:32: Suite splitting in effect</skipped></testcase><testcase classname="src.pymortests.affine_grid" file="src/pymortests/affine_grid.py" line="32" name="test_reference_element_type[&lt;lambda&gt;27]" time="0.0003848075866699219"><skipped message="Suite splitting in effect" type="pytest.skip">src/pymortests/affine_grid.py:32: Suite splitting in effect</skipped></testcase><testcase classname="src.pymortests.affine_grid" file="src/pymortests/affine_grid.py" line="32" name="test_reference_element_type[&lt;lambda&gt;28]" time="0.0003857612609863281"><skipped message="Suite splitting in effect" type="pytest.skip">src/pymortests/affine_grid.py:32: Suite splitting in effect</skipped></testcase><testcase classname="src.pymortests.affine_grid" file="src/pymortests/affine_grid.py" line="32" name="test_reference_element_type[&lt;lambda&gt;29]" time="0.0004260540008544922"><skipped message="Suite splitting in effect" type="pytest.skip">src/pymortests/affine_grid.py:32: Suite splitting in effect</skipped></testcase><testcase classname="src.pymortests.affine_grid" file="src/pymortests/affine_grid.py" line="32" name="test_reference_element_type[&lt;lambda&gt;30]" time="0.0004482269287109375"><skipped message="Suite splitting in effect" type="pytest.skip">src/pymortests/affine_grid.py:32: Suite splitting in effect</skipped></testcase><testcase classname="src.pymortests.affine_grid" file="src/pymortests/affine_grid.py" line="32" name="test_reference_element_type[&lt;lambda&gt;31]" time="0.00041747093200683594"><skipped message="Suite splitting in effect" type="pytest.skip">src/pymortests/affine_grid.py:32: Suite splitting in effect</skipped></testcase><testcase classname="src.pymortests.affine_grid" file="src/pymortests/affine_grid.py" line="32" name="test_reference_element_type[&lt;lambda&gt;32]" time="0.0006182193756103516"><skipped message="Suite splitting in effect" type="pytest.skip">src/pymortests/affine_grid.py:32: Suite splitting in effect</skipped></testcase><testcase classname="src.pymortests.affine_grid" file="src/pymortests/affine_grid.py" line="32" name="test_reference_element_type[&lt;lambda&gt;33]" time="0.00041675567626953125"><skipped message="Suite splitting in effect" type="pytest.skip">src/pymortests/affine_grid.py:32: Suite splitting in effect</skipped></testcase><testcase classname="src.pymortests.affine_grid" file="src/pymortests/affine_grid.py" line="32" name="test_reference_element_type[&lt;lambda&gt;34]" time="0.00041985511779785156"><skipped message="Suite splitting in effect" type="pytest.skip">src/pymortests/affine_grid.py:32: Suite splitting in effect</skipped></testcase><testcase classname="src.pymortests.affine_grid" file="src/pymortests/affine_grid.py" line="32" name="test_reference_element_type[&lt;lambda&gt;35]" time="0.0003838539123535156"><skipped message="Suite splitting in effect" type="pytest.skip">src/pymortests/affine_grid.py:32: Suite splitting in effect</skipped></testcase><testcase classname="src.pymortests.affine_grid" file="src/pymortests/affine_grid.py" line="32" name="test_reference_element_type[&lt;lambda&gt;36]" time="0.0003895759582519531"><skipped message="Suite splitting in effect" type="pytest.skip">src/pymortests/affine_grid.py:32: Suite splitting in effect</skipped></testcase><testcase classname="src.pymortests.affine_grid" file="src/pymortests/affine_grid.py" line="32" name="test_reference_element_type[&lt;lambda&gt;37]" time="0.0004124641418457031"><skipped message="Suite splitting in effect" type="pytest.skip">src/pymortests/affine_grid.py:32: Suite splitting in effect</skipped></testcase><testcase classname="src.pymortests.affine_grid" file="src/pymortests/affine_grid.py" line="32" name="test_reference_element_type[&lt;lambda&gt;38]" time="0.00047326087951660156"><skipped message="Suite splitting in effect" type="pytest.skip">src/pymortests/affine_grid.py:32: Suite splitting in effect</skipped></testcase><testcase classname="src.pymortests.affine_grid" file="src/pymortests/affine_grid.py" line="32" name="test_reference_element_type[&lt;lambda&gt;39]" time="0.0004107952117919922"><skipped message="Suite splitting in effect" type="pytest.skip">src/pymortests/affine_grid.py:32: Suite splitting in effect</skipped></testcase><testcase classname="src.pymortests.affine_grid" file="src/pymortests/affine_grid.py" line="32" name="test_reference_element_type[&lt;lambda&gt;40]" time="0.0003998279571533203"><skipped message="Suite splitting in effect" type="pytest.skip">src/pymortests/affine_grid.py:32: Suite splitting in effect</skipped></testcase><testcase classname="src.pymortests.affine_grid" file="src/pymortests/affine_grid.py" line="32" name="test_reference_element_type[&lt;lambda&gt;41]" time="0.0004115104675292969"><skipped message="Suite splitting in effect" type="pytest.skip">src/pymortests/affine_grid.py:32: Suite splitting in effect</skipped></testcase><testcase classname="src.pymortests.affine_grid" file="src/pymortests/affine_grid.py" line="32" name="test_reference_element_type[&lt;lambda&gt;42]" time="0.0004265308380126953"><skipped message="Suite splitting in effect" type="pytest.skip">src/pymortests/affine_grid.py:32: Suite splitting in effect</skipped></testcase><testcase classname="src.pymortests.affine_grid" file="src/pymortests/affine_grid.py" line="38" name="test_reference_element_transitivity[&lt;lambda&gt;0]" time="0.0004355907440185547"><skipped message="Suite splitting in effect" type="pytest.skip">src/pymortests/affine_grid.py:38: Suite splitting in effect</skipped></testcase><testcase classname="src.pymortests.affine_grid" file="src/pymortests/affine_grid.py" line="38" name="test_reference_element_transitivity[&lt;lambda&gt;1]" time="0.0004825592041015625"><skipped message="Suite splitting in effect" type="pytest.skip">src/pymortests/affine_grid.py:38: Suite splitting in effect</skipped></testcase><testcase classname="src.pymortests.affine_grid" file="src/pymortests/affine_grid.py" line="38" name="test_reference_element_transitivity[&lt;lambda&gt;2]" time="0.00042438507080078125"><skipped message="Suite splitting in effect" type="pytest.skip">src/pymortests/affine_grid.py:38: Suite splitting in effect</skipped></testcase><testcase classname="src.pymortests.affine_grid" file="src/pymortests/affine_grid.py" line="38" name="test_reference_element_transitivity[&lt;lambda&gt;3]" time="0.0003979206085205078"><skipped message="Suite splitting in effect" type="pytest.skip">src/pymortests/affine_grid.py:38: Suite splitting in effect</skipped></testcase><testcase classname="src.pymortests.affine_grid" file="src/pymortests/affine_grid.py" line="38" name="test_reference_element_transitivity[&lt;lambda&gt;4]" time="0.0006482601165771484"><skipped message="Suite splitting in effect" type="pytest.skip">src/pymortests/affine_grid.py:38: Suite splitting in effect</skipped></testcase><testcase classname="src.pymortests.affine_grid" file="src/pymortests/affine_grid.py" line="38" name="test_reference_element_transitivity[&lt;lambda&gt;5]" time="0.0003917217254638672"><skipped message="Suite splitting in effect" type="pytest.skip">src/pymortests/affine_grid.py:38: Suite splitting in effect</skipped></testcase><testcase classname="src.pymortests.affine_grid" file="src/pymortests/affine_grid.py" line="38" name="test_reference_element_transitivity[&lt;lambda&gt;6]" time="0.00039768218994140625"><skipped message="Suite splitting in effect" type="pytest.skip">src/pymortests/affine_grid.py:38: Suite splitting in effect</skipped></testcase><testcase classname="src.pymortests.affine_grid" file="src/pymortests/affine_grid.py" line="38" name="test_reference_element_transitivity[&lt;lambda&gt;7]" time="0.0003821849822998047"><skipped message="Suite splitting in effect" type="pytest.skip">src/pymortests/affine_grid.py:38: Suite splitting in effect</skipped></testcase><testcase classname="src.pymortests.affine_grid" file="src/pymortests/affine_grid.py" line="38" name="test_reference_element_transitivity[&lt;lambda&gt;8]" time="0.0004115104675292969"><skipped message="Suite splitting in effect" type="pytest.skip">src/pymortests/affine_grid.py:38: Suite splitting in effect</skipped></testcase><testcase classname="src.pymortests.affine_grid" file="src/pymortests/affine_grid.py" line="38" name="test_reference_element_transitivity[&lt;lambda&gt;9]" time="0.0004096031188964844"><skipped message="Suite splitting in effect" type="pytest.skip">src/pymortests/affine_grid.py:38: Suite splitting in effect</skipped></testcase><testcase classname="src.pymortests.affine_grid" file="src/pymortests/affine_grid.py" line="38" name="test_reference_element_transitivity[&lt;lambda&gt;10]" time="0.0003859996795654297"><skipped message="Suite splitting in effect" type="pytest.skip">src/pymortests/affine_grid.py:38: Suite splitting in effect</skipped></testcase><testcase classname="src.pymortests.affine_grid" file="src/pymortests/affine_grid.py" line="38" name="test_reference_element_transitivity[&lt;lambda&gt;11]" time="0.0004291534423828125"><skipped message="Suite splitting in effect" type="pytest.skip">src/pymortests/affine_grid.py:38: Suite splitting in effect</skipped></testcase><testcase classname="src.pymortests.affine_grid" file="src/pymortests/affine_grid.py" line="38" name="test_reference_element_transitivity[&lt;lambda&gt;12]" time="0.0003902912139892578"><skipped message="Suite splitting in effect" type="pytest.skip">src/pymortests/affine_grid.py:38: Suite splitting in effect</skipped></testcase><testcase classname="src.pymortests.affine_grid" file="src/pymortests/affine_grid.py" line="38" name="test_reference_element_transitivity[&lt;lambda&gt;13]" time="0.00040721893310546875"><skipped message="Suite splitting in effect" type="pytest.skip">src/pymortests/affine_grid.py:38: Suite splitting in effect</skipped></testcase><testcase classname="src.pymortests.affine_grid" file="src/pymortests/affine_grid.py" line="38" name="test_reference_element_transitivity[&lt;lambda&gt;14]" time="0.00038814544677734375"><skipped message="Suite splitting in effect" type="pytest.skip">src/pymortests/affine_grid.py:38: Suite splitting in effect</skipped></testcase><testcase classname="src.pymortests.affine_grid" file="src/pymortests/affine_grid.py" line="38" name="test_reference_element_transitivity[&lt;lambda&gt;15]" time="0.00038909912109375"><skipped message="Suite splitting in effect" type="pytest.skip">src/pymortests/affine_grid.py:38: Suite splitting in effect</skipped></testcase><testcase classname="src.pymortests.affine_grid" file="src/pymortests/affine_grid.py" line="38" name="test_reference_element_transitivity[&lt;lambda&gt;16]" time="0.00038361549377441406"><skipped message="Suite splitting in effect" type="pytest.skip">src/pymortests/affine_grid.py:38: Suite splitting in effect</skipped></testcase><testcase classname="src.pymortests.affine_grid" file="src/pymortests/affine_grid.py" line="38" name="test_reference_element_transitivity[&lt;lambda&gt;17]" time="0.000553131103515625"><skipped message="Suite splitting in effect" type="pytest.skip">src/pymortests/affine_grid.py:38: Suite splitting in effect</skipped></testcase><testcase classname="src.pymortests.affine_grid" file="src/pymortests/affine_grid.py" line="38" name="test_reference_element_transitivity[&lt;lambda&gt;18]" time="0.00040078163146972656"><skipped message="Suite splitting in effect" type="pytest.skip">src/pymortests/affine_grid.py:38: Suite splitting in effect</skipped></testcase><testcase classname="src.pymortests.affine_grid" file="src/pymortests/affine_grid.py" line="38" name="test_reference_element_transitivity[&lt;lambda&gt;19]" time="0.0004208087921142578"><skipped message="Suite splitting in effect" type="pytest.skip">src/pymortests/affine_grid.py:38: Suite splitting in effect</skipped></testcase><testcase classname="src.pymortests.affine_grid" file="src/pymortests/affine_grid.py" line="38" name="test_reference_element_transitivity[&lt;lambda&gt;20]" time="0.0004012584686279297"><skipped message="Suite splitting in effect" type="pytest.skip">src/pymortests/affine_grid.py:38: Suite splitting in effect</skipped></testcase><testcase classname="src.pymortests.affine_grid" file="src/pymortests/affine_grid.py" line="38" name="test_reference_element_transitivity[&lt;lambda&gt;21]" time="0.0003933906555175781"><skipped message="Suite splitting in effect" type="pytest.skip">src/pymortests/affine_grid.py:38: Suite splitting in effect</skipped></testcase><testcase classname="src.pymortests.affine_grid" file="src/pymortests/affine_grid.py" line="38" name="test_reference_element_transitivity[&lt;lambda&gt;22]" time="0.0004115104675292969"><skipped message="Suite splitting in effect" type="pytest.skip">src/pymortests/affine_grid.py:38: Suite splitting in effect</skipped></testcase><testcase classname="src.pymortests.affine_grid" file="src/pymortests/affine_grid.py" line="38" name="test_reference_element_transitivity[&lt;lambda&gt;23]" time="0.00039768218994140625"><skipped message="Suite splitting in effect" type="pytest.skip">src/pymortests/affine_grid.py:38: Suite splitting in effect</skipped></testcase><testcase classname="src.pymortests.affine_grid" file="src/pymortests/affine_grid.py" line="38" name="test_reference_element_transitivity[&lt;lambda&gt;24]" time="0.0004036426544189453"><skipped message="Suite splitting in effect" type="pytest.skip">src/pymortests/affine_grid.py:38: Suite splitting in effect</skipped></testcase><testcase classname="src.pymortests.affine_grid" file="src/pymortests/affine_grid.py" line="38" name="test_reference_element_transitivity[&lt;lambda&gt;25]" time="0.0004527568817138672"><skipped message="Suite splitting in effect" type="pytest.skip">src/pymortests/affine_grid.py:38: Suite splitting in effect</skipped></testcase><testcase classname="src.pymortests.affine_grid" file="src/pymortests/affine_grid.py" line="38" name="test_reference_element_transitivity[&lt;lambda&gt;26]" time="0.0004200935363769531"><skipped message="Suite splitting in effect" type="pytest.skip">src/pymortests/affine_grid.py:38: Suite splitting in effect</skipped></testcase><testcase classname="src.pymortests.affine_grid" file="src/pymortests/affine_grid.py" line="38" name="test_reference_element_transitivity[&lt;lambda&gt;27]" time="0.0004241466522216797"><skipped message="Suite splitting in effect" type="pytest.skip">src/pymortests/affine_grid.py:38: Suite splitting in effect</skipped></testcase><testcase classname="src.pymortests.affine_grid" file="src/pymortests/affine_grid.py" line="38" name="test_reference_element_transitivity[&lt;lambda&gt;28]" time="0.00047588348388671875"><skipped message="Suite splitting in effect" type="pytest.skip">src/pymortests/affine_grid.py:38: Suite splitting in effect</skipped></testcase><testcase classname="src.pymortests.affine_grid" file="src/pymortests/affine_grid.py" line="38" name="test_reference_element_transitivity[&lt;lambda&gt;29]" time="0.00041103363037109375"><skipped message="Suite splitting in effect" type="pytest.skip">src/pymortests/affine_grid.py:38: Suite splitting in effect</skipped></testcase><testcase classname="src.pymortests.affine_grid" file="src/pymortests/affine_grid.py" line="38" name="test_reference_element_transitivity[&lt;lambda&gt;30]" time="0.00040912628173828125"><skipped message="Suite splitting in effect" type="pytest.skip">src/pymortests/affine_grid.py:38: Suite splitting in effect</skipped></testcase><testcase classname="src.pymortests.affine_grid" file="src/pymortests/affine_grid.py" line="38" name="test_reference_element_transitivity[&lt;lambda&gt;31]" time="0.0004215240478515625"><skipped message="Suite splitting in effect" type="pytest.skip">src/pymortests/affine_grid.py:38: Suite splitting in effect</skipped></testcase><testcase classname="src.pymortests.affine_grid" file="src/pymortests/affine_grid.py" line="38" name="test_reference_element_transitivity[&lt;lambda&gt;32]" time="0.00038886070251464844"><skipped message="Suite splitting in effect" type="pytest.skip">src/pymortests/affine_grid.py:38: Suite splitting in effect</skipped></testcase><testcase classname="src.pymortests.affine_grid" file="src/pymortests/affine_grid.py" line="38" name="test_reference_element_transitivity[&lt;lambda&gt;33]" time="0.00039196014404296875"><skipped message="Suite splitting in effect" type="pytest.skip">src/pymortests/affine_grid.py:38: Suite splitting in effect</skipped></testcase><testcase classname="src.pymortests.affine_grid" file="src/pymortests/affine_grid.py" line="38" name="test_reference_element_transitivity[&lt;lambda&gt;34]" time="0.00040411949157714844"><skipped message="Suite splitting in effect" type="pytest.skip">src/pymortests/affine_grid.py:38: Suite splitting in effect</skipped></testcase><testcase classname="src.pymortests.affine_grid" file="src/pymortests/affine_grid.py" line="38" name="test_reference_element_transitivity[&lt;lambda&gt;35]" time="0.00041747093200683594"><skipped message="Suite splitting in effect" type="pytest.skip">src/pymortests/affine_grid.py:38: Suite splitting in effect</skipped></testcase><testcase classname="src.pymortests.affine_grid" file="src/pymortests/affine_grid.py" line="38" name="test_reference_element_transitivity[&lt;lambda&gt;36]" time="0.000400543212890625"><skipped message="Suite splitting in effect" type="pytest.skip">src/pymortests/affine_grid.py:38: Suite splitting in effect</skipped></testcase><testcase classname="src.pymortests.affine_grid" file="src/pymortests/affine_grid.py" line="38" name="test_reference_element_transitivity[&lt;lambda&gt;37]" time="0.00040912628173828125"><skipped message="Suite splitting in effect" type="pytest.skip">src/pymortests/affine_grid.py:38: Suite splitting in effect</skipped></testcase><testcase classname="src.pymortests.affine_grid" file="src/pymortests/affine_grid.py" line="38" name="test_reference_element_transitivity[&lt;lambda&gt;38]" time="0.0004265308380126953"><skipped message="Suite splitting in effect" type="pytest.skip">src/pymortests/affine_grid.py:38: Suite splitting in effect</skipped></testcase><testcase classname="src.pymortests.affine_grid" file="src/pymortests/affine_grid.py" line="38" name="test_reference_element_transitivity[&lt;lambda&gt;39]" time="0.0004124641418457031"><skipped message="Suite splitting in effect" type="pytest.skip">src/pymortests/affine_grid.py:38: Suite splitting in effect</skipped></testcase><testcase classname="src.pymortests.affine_grid" file="src/pymortests/affine_grid.py" line="38" name="test_reference_element_transitivity[&lt;lambda&gt;40]" time="0.00041484832763671875"><skipped message="Suite splitting in effect" type="pytest.skip">src/pymortests/affine_grid.py:38: Suite splitting in effect</skipped></testcase><testcase classname="src.pymortests.affine_grid" file="src/pymortests/affine_grid.py" line="38" name="test_reference_element_transitivity[&lt;lambda&gt;41]" time="0.00043129920959472656"><skipped message="Suite splitting in effect" type="pytest.skip">src/pymortests/affine_grid.py:38: Suite splitting in effect</skipped></testcase><testcase classname="src.pymortests.affine_grid" file="src/pymortests/affine_grid.py" line="38" name="test_reference_element_transitivity[&lt;lambda&gt;42]" time="0.00041484832763671875"><skipped message="Suite splitting in effect" type="pytest.skip">src/pymortests/affine_grid.py:38: Suite splitting in effect</skipped></testcase><testcase classname="src.pymortests.affine_grid" file="src/pymortests/affine_grid.py" line="44" name="test_embeddings_wrong_arguments[&lt;lambda&gt;0]" time="0.00043010711669921875"><skipped message="Suite splitting in effect" type="pytest.skip">src/pymortests/affine_grid.py:44: Suite splitting in effect</skipped></testcase><testcase classname="src.pymortests.affine_grid" file="src/pymortests/affine_grid.py" line="44" name="test_embeddings_wrong_arguments[&lt;lambda&gt;1]" time="0.00040459632873535156"><skipped message="Suite splitting in effect" type="pytest.skip">src/pymortests/affine_grid.py:44: Suite splitting in effect</skipped></testcase><testcase classname="src.pymortests.affine_grid" file="src/pymortests/affine_grid.py" line="44" name="test_embeddings_wrong_arguments[&lt;lambda&gt;2]" time="0.0004127025604248047"><skipped message="Suite splitting in effect" type="pytest.skip">src/pymortests/affine_grid.py:44: Suite splitting in effect</skipped></testcase><testcase classname="src.pymortests.affine_grid" file="src/pymortests/affine_grid.py" line="44" name="test_embeddings_wrong_arguments[&lt;lambda&gt;3]" time="0.00038504600524902344"><skipped message="Suite splitting in effect" type="pytest.skip">src/pymortests/affine_grid.py:44: Suite splitting in effect</skipped></testcase><testcase classname="src.pymortests.affine_grid" file="src/pymortests/affine_grid.py" line="44" name="test_embeddings_wrong_arguments[&lt;lambda&gt;4]" time="0.0004093647003173828"><skipped message="Suite splitting in effect" type="pytest.skip">src/pymortests/affine_grid.py:44: Suite splitting in effect</skipped></testcase><testcase classname="src.pymortests.affine_grid" file="src/pymortests/affine_grid.py" line="44" name="test_embeddings_wrong_arguments[&lt;lambda&gt;5]" time="0.0004150867462158203"><skipped message="Suite splitting in effect" type="pytest.skip">src/pymortests/affine_grid.py:44: Suite splitting in effect</skipped></testcase><testcase classname="src.pymortests.affine_grid" file="src/pymortests/affine_grid.py" line="44" name="test_embeddings_wrong_arguments[&lt;lambda&gt;6]" time="0.0003917217254638672"><skipped message="Suite splitting in effect" type="pytest.skip">src/pymortests/affine_grid.py:44: Suite splitting in effect</skipped></testcase><testcase classname="src.pymortests.affine_grid" file="src/pymortests/affine_grid.py" line="44" name="test_embeddings_wrong_arguments[&lt;lambda&gt;7]" time="0.00040268898010253906"><skipped message="Suite splitting in effect" type="pytest.skip">src/pymortests/affine_grid.py:44: Suite splitting in effect</skipped></testcase><testcase classname="src.pymortests.affine_grid" file="src/pymortests/affine_grid.py" line="44" name="test_embeddings_wrong_arguments[&lt;lambda&gt;8]" time="0.0004379749298095703"><skipped message="Suite splitting in effect" type="pytest.skip">src/pymortests/affine_grid.py:44: Suite splitting in effect</skipped></testcase><testcase classname="src.pymortests.affine_grid" file="src/pymortests/affine_grid.py" line="44" name="test_embeddings_wrong_arguments[&lt;lambda&gt;9]" time="0.0004267692565917969"><skipped message="Suite splitting in effect" type="pytest.skip">src/pymortests/affine_grid.py:44: Suite splitting in effect</skipped></testcase><testcase classname="src.pymortests.affine_grid" file="src/pymortests/affine_grid.py" line="44" name="test_embeddings_wrong_arguments[&lt;lambda&gt;10]" time="0.0004124641418457031"><skipped message="Suite splitting in effect" type="pytest.skip">src/pymortests/affine_grid.py:44: Suite splitting in effect</skipped></testcase><testcase classname="src.pymortests.affine_grid" file="src/pymortests/affine_grid.py" line="44" name="test_embeddings_wrong_arguments[&lt;lambda&gt;11]" time="0.0004031658172607422"><skipped message="Suite splitting in effect" type="pytest.skip">src/pymortests/affine_grid.py:44: Suite splitting in effect</skipped></testcase><testcase classname="src.pymortests.affine_grid" file="src/pymortests/affine_grid.py" line="44" name="test_embeddings_wrong_arguments[&lt;lambda&gt;12]" time="0.0004429817199707031"><skipped message="Suite splitting in effect" type="pytest.skip">src/pymortests/affine_grid.py:44: Suite splitting in effect</skipped></testcase><testcase classname="src.pymortests.affine_grid" file="src/pymortests/affine_grid.py" line="44" name="test_embeddings_wrong_arguments[&lt;lambda&gt;13]" time="0.0003962516784667969"><skipped message="Suite splitting in effect" type="pytest.skip">src/pymortests/affine_grid.py:44: Suite splitting in effect</skipped></testcase><testcase classname="src.pymortests.affine_grid" file="src/pymortests/affine_grid.py" line="44" name="test_embeddings_wrong_arguments[&lt;lambda&gt;14]" time="0.0004451274871826172"><skipped message="Suite splitting in effect" type="pytest.skip">src/pymortests/affine_grid.py:44: Suite splitting in effect</skipped></testcase><testcase classname="src.pymortests.affine_grid" file="src/pymortests/affine_grid.py" line="44" name="test_embeddings_wrong_arguments[&lt;lambda&gt;15]" time="0.00043654441833496094"><skipped message="Suite splitting in effect" type="pytest.skip">src/pymortests/affine_grid.py:44: Suite splitting in effect</skipped></testcase><testcase classname="src.pymortests.affine_grid" file="src/pymortests/affine_grid.py" line="44" name="test_embeddings_wrong_arguments[&lt;lambda&gt;16]" time="0.0004010200500488281"><skipped message="Suite splitting in effect" type="pytest.skip">src/pymortests/affine_grid.py:44: Suite splitting in effect</skipped></testcase><testcase classname="src.pymortests.affine_grid" file="src/pymortests/affine_grid.py" line="44" name="test_embeddings_wrong_arguments[&lt;lambda&gt;17]" time="0.0003960132598876953"><skipped message="Suite splitting in effect" type="pytest.skip">src/pymortests/affine_grid.py:44: Suite splitting in effect</skipped></testcase><testcase classname="src.pymortests.affine_grid" file="src/pymortests/affine_grid.py" line="44" name="test_embeddings_wrong_arguments[&lt;lambda&gt;18]" time="0.0003991127014160156"><skipped message="Suite splitting in effect" type="pytest.skip">src/pymortests/affine_grid.py:44: Suite splitting in effect</skipped></testcase><testcase classname="src.pymortests.affine_grid" file="src/pymortests/affine_grid.py" line="44" name="test_embeddings_wrong_arguments[&lt;lambda&gt;19]" time="0.00044035911560058594"><skipped message="Suite splitting in effect" type="pytest.skip">src/pymortests/affine_grid.py:44: Suite splitting in effect</skipped></testcase><testcase classname="src.pymortests.affine_grid" file="src/pymortests/affine_grid.py" line="44" name="test_embeddings_wrong_arguments[&lt;lambda&gt;20]" time="0.0003905296325683594"><skipped message="Suite splitting in effect" type="pytest.skip">src/pymortests/affine_grid.py:44: Suite splitting in effect</skipped></testcase><testcase classname="src.pymortests.affine_grid" file="src/pymortests/affine_grid.py" line="44" name="test_embeddings_wrong_arguments[&lt;lambda&gt;21]" time="0.0004010200500488281"><skipped message="Suite splitting in effect" type="pytest.skip">src/pymortests/affine_grid.py:44: Suite splitting in effect</skipped></testcase><testcase classname="src.pymortests.affine_grid" file="src/pymortests/affine_grid.py" line="44" name="test_embeddings_wrong_arguments[&lt;lambda&gt;22]" time="0.00046753883361816406"><skipped message="Suite splitting in effect" type="pytest.skip">src/pymortests/affine_grid.py:44: Suite splitting in effect</skipped></testcase><testcase classname="src.pymortests.affine_grid" file="src/pymortests/affine_grid.py" line="44" name="test_embeddings_wrong_arguments[&lt;lambda&gt;23]" time="0.0004189014434814453"><skipped message="Suite splitting in effect" type="pytest.skip">src/pymortests/affine_grid.py:44: Suite splitting in effect</skipped></testcase><testcase classname="src.pymortests.affine_grid" file="src/pymortests/affine_grid.py" line="44" name="test_embeddings_wrong_arguments[&lt;lambda&gt;24]" time="0.00039005279541015625"><skipped message="Suite splitting in effect" type="pytest.skip">src/pymortests/affine_grid.py:44: Suite splitting in effect</skipped></testcase><testcase classname="src.pymortests.affine_grid" file="src/pymortests/affine_grid.py" line="44" name="test_embeddings_wrong_arguments[&lt;lambda&gt;25]" time="0.00042319297790527344"><skipped message="Suite splitting in effect" type="pytest.skip">src/pymortests/affine_grid.py:44: Suite splitting in effect</skipped></testcase><testcase classname="src.pymortests.affine_grid" file="src/pymortests/affine_grid.py" line="44" name="test_embeddings_wrong_arguments[&lt;lambda&gt;26]" time="0.0004153251647949219"><skipped message="Suite splitting in effect" type="pytest.skip">src/pymortests/affine_grid.py:44: Suite splitting in effect</skipped></testcase><testcase classname="src.pymortests.affine_grid" file="src/pymortests/affine_grid.py" line="44" name="test_embeddings_wrong_arguments[&lt;lambda&gt;27]" time="0.0004296302795410156"><skipped message="Suite splitting in effect" type="pytest.skip">src/pymortests/affine_grid.py:44: Suite splitting in effect</skipped></testcase><testcase classname="src.pymortests.affine_grid" file="src/pymortests/affine_grid.py" line="44" name="test_embeddings_wrong_arguments[&lt;lambda&gt;28]" time="0.0003876686096191406"><skipped message="Suite splitting in effect" type="pytest.skip">src/pymortests/affine_grid.py:44: Suite splitting in effect</skipped></testcase><testcase classname="src.pymortests.affine_grid" file="src/pymortests/affine_grid.py" line="44" name="test_embeddings_wrong_arguments[&lt;lambda&gt;29]" time="0.00039196014404296875"><skipped message="Suite splitting in effect" type="pytest.skip">src/pymortests/affine_grid.py:44: Suite splitting in effect</skipped></testcase><testcase classname="src.pymortests.affine_grid" file="src/pymortests/affine_grid.py" line="44" name="test_embeddings_wrong_arguments[&lt;lambda&gt;30]" time="0.0003941059112548828"><skipped message="Suite splitting in effect" type="pytest.skip">src/pymortests/affine_grid.py:44: Suite splitting in effect</skipped></testcase><testcase classname="src.pymortests.affine_grid" file="src/pymortests/affine_grid.py" line="44" name="test_embeddings_wrong_arguments[&lt;lambda&gt;31]" time="0.0004935264587402344"><skipped message="Suite splitting in effect" type="pytest.skip">src/pymortests/affine_grid.py:44: Suite splitting in effect</skipped></testcase><testcase classname="src.pymortests.affine_grid" file="src/pymortests/affine_grid.py" line="44" name="test_embeddings_wrong_arguments[&lt;lambda&gt;32]" time="0.00040221214294433594"><skipped message="Suite splitting in effect" type="pytest.skip">src/pymortests/affine_grid.py:44: Suite splitting in effect</skipped></testcase><testcase classname="src.pymortests.affine_grid" file="src/pymortests/affine_grid.py" line="44" name="test_embeddings_wrong_arguments[&lt;lambda&gt;33]" time="0.00042557716369628906"><skipped message="Suite splitting in effect" type="pytest.skip">src/pymortests/affine_grid.py:44: Suite splitting in effect</skipped></testcase><testcase classname="src.pymortests.affine_grid" file="src/pymortests/affine_grid.py" line="44" name="test_embeddings_wrong_arguments[&lt;lambda&gt;34]" time="0.0003936290740966797"><skipped message="Suite splitting in effect" type="pytest.skip">src/pymortests/affine_grid.py:44: Suite splitting in effect</skipped></testcase><testcase classname="src.pymortests.affine_grid" file="src/pymortests/affine_grid.py" line="44" name="test_embeddings_wrong_arguments[&lt;lambda&gt;35]" time="0.0003905296325683594"><skipped message="Suite splitting in effect" type="pytest.skip">src/pymortests/affine_grid.py:44: Suite splitting in effect</skipped></testcase><testcase classname="src.pymortests.affine_grid" file="src/pymortests/affine_grid.py" line="44" name="test_embeddings_wrong_arguments[&lt;lambda&gt;36]" time="0.0003838539123535156"><skipped message="Suite splitting in effect" type="pytest.skip">src/pymortests/affine_grid.py:44: Suite splitting in effect</skipped></testcase><testcase classname="src.pymortests.affine_grid" file="src/pymortests/affine_grid.py" line="44" name="test_embeddings_wrong_arguments[&lt;lambda&gt;37]" time="0.0003962516784667969"><skipped message="Suite splitting in effect" type="pytest.skip">src/pymortests/affine_grid.py:44: Suite splitting in effect</skipped></testcase><testcase classname="src.pymortests.affine_grid" file="src/pymortests/affine_grid.py" line="44" name="test_embeddings_wrong_arguments[&lt;lambda&gt;38]" time="0.00039267539978027344"><skipped message="Suite splitting in effect" type="pytest.skip">src/pymortests/affine_grid.py:44: Suite splitting in effect</skipped></testcase><testcase classname="src.pymortests.affine_grid" file="src/pymortests/affine_grid.py" line="44" name="test_embeddings_wrong_arguments[&lt;lambda&gt;39]" time="0.0004189014434814453"><skipped message="Suite splitting in effect" type="pytest.skip">src/pymortests/affine_grid.py:44: Suite splitting in effect</skipped></testcase><testcase classname="src.pymortests.affine_grid" file="src/pymortests/affine_grid.py" line="44" name="test_embeddings_wrong_arguments[&lt;lambda&gt;40]" time="0.000431060791015625"><skipped message="Suite splitting in effect" type="pytest.skip">src/pymortests/affine_grid.py:44: Suite splitting in effect</skipped></testcase><testcase classname="src.pymortests.affine_grid" file="src/pymortests/affine_grid.py" line="44" name="test_embeddings_wrong_arguments[&lt;lambda&gt;41]" time="0.00039386749267578125"><skipped message="Suite splitting in effect" type="pytest.skip">src/pymortests/affine_grid.py:44: Suite splitting in effect</skipped></testcase><testcase classname="src.pymortests.affine_grid" file="src/pymortests/affine_grid.py" line="44" name="test_embeddings_wrong_arguments[&lt;lambda&gt;42]" time="0.0004451274871826172"><skipped message="Suite splitting in effect" type="pytest.skip">src/pymortests/affine_grid.py:44: Suite splitting in effect</skipped></testcase><testcase classname="src.pymortests.affine_grid" file="src/pymortests/affine_grid.py" line="52" name="test_embeddings_shape[&lt;lambda&gt;0]" time="0.0004477500915527344"><skipped message="Suite splitting in effect" type="pytest.skip">src/pymortests/affine_grid.py:52: Suite splitting in effect</skipped></testcase><testcase classname="src.pymortests.affine_grid" file="src/pymortests/affine_grid.py" line="52" name="test_embeddings_shape[&lt;lambda&gt;1]" time="0.00038933753967285156"><skipped message="Suite splitting in effect" type="pytest.skip">src/pymortests/affine_grid.py:52: Suite splitting in effect</skipped></testcase><testcase classname="src.pymortests.affine_grid" file="src/pymortests/affine_grid.py" line="52" name="test_embeddings_shape[&lt;lambda&gt;2]" time="0.0003914833068847656"><skipped message="Suite splitting in effect" type="pytest.skip">src/pymortests/affine_grid.py:52: Suite splitting in effect</skipped></testcase><testcase classname="src.pymortests.affine_grid" file="src/pymortests/affine_grid.py" line="52" name="test_embeddings_shape[&lt;lambda&gt;3]" time="0.00040531158447265625"><skipped message="Suite splitting in effect" type="pytest.skip">src/pymortests/affine_grid.py:52: Suite splitting in effect</skipped></testcase><testcase classname="src.pymortests.affine_grid" file="src/pymortests/affine_grid.py" line="52" name="test_embeddings_shape[&lt;lambda&gt;4]" time="0.00041961669921875"><skipped message="Suite splitting in effect" type="pytest.skip">src/pymortests/affine_grid.py:52: Suite splitting in effect</skipped></testcase><testcase classname="src.pymortests.affine_grid" file="src/pymortests/affine_grid.py" line="52" name="test_embeddings_shape[&lt;lambda&gt;5]" time="0.00041174888610839844"><skipped message="Suite splitting in effect" type="pytest.skip">src/pymortests/affine_grid.py:52: Suite splitting in effect</skipped></testcase><testcase classname="src.pymortests.affine_grid" file="src/pymortests/affine_grid.py" line="52" name="test_embeddings_shape[&lt;lambda&gt;6]" time="0.0003879070281982422"><skipped message="Suite splitting in effect" type="pytest.skip">src/pymortests/affine_grid.py:52: Suite splitting in effect</skipped></testcase><testcase classname="src.pymortests.affine_grid" file="src/pymortests/affine_grid.py" line="52" name="test_embeddings_shape[&lt;lambda&gt;7]" time="0.00041174888610839844"><skipped message="Suite splitting in effect" type="pytest.skip">src/pymortests/affine_grid.py:52: Suite splitting in effect</skipped></testcase><testcase classname="src.pymortests.affine_grid" file="src/pymortests/affine_grid.py" line="52" name="test_embeddings_shape[&lt;lambda&gt;8]" time="0.00039458274841308594"><skipped message="Suite splitting in effect" type="pytest.skip">src/pymortests/affine_grid.py:52: Suite splitting in effect</skipped></testcase><testcase classname="src.pymortests.affine_grid" file="src/pymortests/affine_grid.py" line="52" name="test_embeddings_shape[&lt;lambda&gt;9]" time="0.0003826618194580078"><skipped message="Suite splitting in effect" type="pytest.skip">src/pymortests/affine_grid.py:52: Suite splitting in effect</skipped></testcase><testcase classname="src.pymortests.affine_grid" file="src/pymortests/affine_grid.py" line="52" name="test_embeddings_shape[&lt;lambda&gt;10]" time="0.0004019737243652344"><skipped message="Suite splitting in effect" type="pytest.skip">src/pymortests/affine_grid.py:52: Suite splitting in effect</skipped></testcase><testcase classname="src.pymortests.affine_grid" file="src/pymortests/affine_grid.py" line="52" name="test_embeddings_shape[&lt;lambda&gt;11]" time="0.0004203319549560547"><skipped message="Suite splitting in effect" type="pytest.skip">src/pymortests/affine_grid.py:52: Suite splitting in effect</skipped></testcase><testcase classname="src.pymortests.affine_grid" file="src/pymortests/affine_grid.py" line="52" name="test_embeddings_shape[&lt;lambda&gt;12]" time="0.0004134178161621094"><skipped message="Suite splitting in effect" type="pytest.skip">src/pymortests/affine_grid.py:52: Suite splitting in effect</skipped></testcase><testcase classname="src.pymortests.affine_grid" file="src/pymortests/affine_grid.py" line="52" name="test_embeddings_shape[&lt;lambda&gt;13]" time="0.0003898143768310547"><skipped message="Suite splitting in effect" type="pytest.skip">src/pymortests/affine_grid.py:52: Suite splitting in effect</skipped></testcase><testcase classname="src.pymortests.affine_grid" file="src/pymortests/affine_grid.py" line="52" name="test_embeddings_shape[&lt;lambda&gt;14]" time="0.00039386749267578125"><skipped message="Suite splitting in effect" type="pytest.skip">src/pymortests/affine_grid.py:52: Suite splitting in effect</skipped></testcase><testcase classname="src.pymortests.affine_grid" file="src/pymortests/affine_grid.py" line="52" name="test_embeddings_shape[&lt;lambda&gt;15]" time="0.0004086494445800781"><skipped message="Suite splitting in effect" type="pytest.skip">src/pymortests/affine_grid.py:52: Suite splitting in effect</skipped></testcase><testcase classname="src.pymortests.affine_grid" file="src/pymortests/affine_grid.py" line="52" name="test_embeddings_shape[&lt;lambda&gt;16]" time="0.00040912628173828125"><skipped message="Suite splitting in effect" type="pytest.skip">src/pymortests/affine_grid.py:52: Suite splitting in effect</skipped></testcase><testcase classname="src.pymortests.affine_grid" file="src/pymortests/affine_grid.py" line="52" name="test_embeddings_shape[&lt;lambda&gt;17]" time="0.00042247772216796875"><skipped message="Suite splitting in effect" type="pytest.skip">src/pymortests/affine_grid.py:52: Suite splitting in effect</skipped></testcase><testcase classname="src.pymortests.affine_grid" file="src/pymortests/affine_grid.py" line="52" name="test_embeddings_shape[&lt;lambda&gt;18]" time="0.00041222572326660156"><skipped message="Suite splitting in effect" type="pytest.skip">src/pymortests/affine_grid.py:52: Suite splitting in effect</skipped></testcase><testcase classname="src.pymortests.affine_grid" file="src/pymortests/affine_grid.py" line="52" name="test_embeddings_shape[&lt;lambda&gt;19]" time="0.0003857612609863281"><skipped message="Suite splitting in effect" type="pytest.skip">src/pymortests/affine_grid.py:52: Suite splitting in effect</skipped></testcase><testcase classname="src.pymortests.affine_grid" file="src/pymortests/affine_grid.py" line="52" name="test_embeddings_shape[&lt;lambda&gt;20]" time="0.0004029273986816406"><skipped message="Suite splitting in effect" type="pytest.skip">src/pymortests/affine_grid.py:52: Suite splitting in effect</skipped></testcase><testcase classname="src.pymortests.affine_grid" file="src/pymortests/affine_grid.py" line="52" name="test_embeddings_shape[&lt;lambda&gt;21]" time="0.00040912628173828125"><skipped message="Suite splitting in effect" type="pytest.skip">src/pymortests/affine_grid.py:52: Suite splitting in effect</skipped></testcase><testcase classname="src.pymortests.affine_grid" file="src/pymortests/affine_grid.py" line="52" name="test_embeddings_shape[&lt;lambda&gt;22]" time="0.0006608963012695312"><skipped message="Suite splitting in effect" type="pytest.skip">src/pymortests/affine_grid.py:52: Suite splitting in effect</skipped></testcase><testcase classname="src.pymortests.affine_grid" file="src/pymortests/affine_grid.py" line="52" name="test_embeddings_shape[&lt;lambda&gt;23]" time="0.0003807544708251953"><skipped message="Suite splitting in effect" type="pytest.skip">src/pymortests/affine_grid.py:52: Suite splitting in effect</skipped></testcase><testcase classname="src.pymortests.affine_grid" file="src/pymortests/affine_grid.py" line="52" name="test_embeddings_shape[&lt;lambda&gt;24]" time="0.0004184246063232422"><skipped message="Suite splitting in effect" type="pytest.skip">src/pymortests/affine_grid.py:52: Suite splitting in effect</skipped></testcase><testcase classname="src.pymortests.affine_grid" file="src/pymortests/affine_grid.py" line="52" name="test_embeddings_shape[&lt;lambda&gt;25]" time="0.0004062652587890625"><skipped message="Suite splitting in effect" type="pytest.skip">src/pymortests/affine_grid.py:52: Suite splitting in effect</skipped></testcase><testcase classname="src.pymortests.affine_grid" file="src/pymortests/affine_grid.py" line="52" name="test_embeddings_shape[&lt;lambda&gt;26]" time="0.00038933753967285156"><skipped message="Suite splitting in effect" type="pytest.skip">src/pymortests/affine_grid.py:52: Suite splitting in effect</skipped></testcase><testcase classname="src.pymortests.affine_grid" file="src/pymortests/affine_grid.py" line="52" name="test_embeddings_shape[&lt;lambda&gt;27]" time="0.0003972053527832031"><skipped message="Suite splitting in effect" type="pytest.skip">src/pymortests/affine_grid.py:52: Suite splitting in effect</skipped></testcase><testcase classname="src.pymortests.affine_grid" file="src/pymortests/affine_grid.py" line="52" name="test_embeddings_shape[&lt;lambda&gt;28]" time="0.0004286766052246094"><skipped message="Suite splitting in effect" type="pytest.skip">src/pymortests/affine_grid.py:52: Suite splitting in effect</skipped></testcase><testcase classname="src.pymortests.affine_grid" file="src/pymortests/affine_grid.py" line="52" name="test_embeddings_shape[&lt;lambda&gt;29]" time="0.0004267692565917969"><skipped message="Suite splitting in effect" type="pytest.skip">src/pymortests/affine_grid.py:52: Suite splitting in effect</skipped></testcase><testcase classname="src.pymortests.affine_grid" file="src/pymortests/affine_grid.py" line="52" name="test_embeddings_shape[&lt;lambda&gt;30]" time="0.00041484832763671875"><skipped message="Suite splitting in effect" type="pytest.skip">src/pymortests/affine_grid.py:52: Suite splitting in effect</skipped></testcase><testcase classname="src.pymortests.affine_grid" file="src/pymortests/affine_grid.py" line="52" name="test_embeddings_shape[&lt;lambda&gt;31]" time="0.0003883838653564453"><skipped message="Suite splitting in effect" type="pytest.skip">src/pymortests/affine_grid.py:52: Suite splitting in effect</skipped></testcase><testcase classname="src.pymortests.affine_grid" file="src/pymortests/affine_grid.py" line="52" name="test_embeddings_shape[&lt;lambda&gt;32]" time="0.0003941059112548828"><skipped message="Suite splitting in effect" type="pytest.skip">src/pymortests/affine_grid.py:52: Suite splitting in effect</skipped></testcase><testcase classname="src.pymortests.affine_grid" file="src/pymortests/affine_grid.py" line="52" name="test_embeddings_shape[&lt;lambda&gt;33]" time="0.0003952980041503906"><skipped message="Suite splitting in effect" type="pytest.skip">src/pymortests/affine_grid.py:52: Suite splitting in effect</skipped></testcase><testcase classname="src.pymortests.affine_grid" file="src/pymortests/affine_grid.py" line="52" name="test_embeddings_shape[&lt;lambda&gt;34]" time="0.0004248619079589844"><skipped message="Suite splitting in effect" type="pytest.skip">src/pymortests/affine_grid.py:52: Suite splitting in effect</skipped></testcase><testcase classname="src.pymortests.affine_grid" file="src/pymortests/affine_grid.py" line="52" name="test_embeddings_shape[&lt;lambda&gt;35]" time="0.0004525184631347656"><skipped message="Suite splitting in effect" type="pytest.skip">src/pymortests/affine_grid.py:52: Suite splitting in effect</skipped></testcase><testcase classname="src.pymortests.affine_grid" file="src/pymortests/affine_grid.py" line="52" name="test_embeddings_shape[&lt;lambda&gt;36]" time="0.00038909912109375"><skipped message="Suite splitting in effect" type="pytest.skip">src/pymortests/affine_grid.py:52: Suite splitting in effect</skipped></testcase><testcase classname="src.pymortests.affine_grid" file="src/pymortests/affine_grid.py" line="52" name="test_embeddings_shape[&lt;lambda&gt;37]" time="0.0006887912750244141"><skipped message="Suite splitting in effect" type="pytest.skip">src/pymortests/affine_grid.py:52: Suite splitting in effect</skipped></testcase><testcase classname="src.pymortests.affine_grid" file="src/pymortests/affine_grid.py" line="52" name="test_embeddings_shape[&lt;lambda&gt;38]" time="0.00041484832763671875"><skipped message="Suite splitting in effect" type="pytest.skip">src/pymortests/affine_grid.py:52: Suite splitting in effect</skipped></testcase><testcase classname="src.pymortests.affine_grid" file="src/pymortests/affine_grid.py" line="52" name="test_embeddings_shape[&lt;lambda&gt;39]" time="0.0004546642303466797"><skipped message="Suite splitting in effect" type="pytest.skip">src/pymortests/affine_grid.py:52: Suite splitting in effect</skipped></testcase><testcase classname="src.pymortests.affine_grid" file="src/pymortests/affine_grid.py" line="52" name="test_embeddings_shape[&lt;lambda&gt;40]" time="0.0004305839538574219"><skipped message="Suite splitting in effect" type="pytest.skip">src/pymortests/affine_grid.py:52: Suite splitting in effect</skipped></testcase><testcase classname="src.pymortests.affine_grid" file="src/pymortests/affine_grid.py" line="52" name="test_embeddings_shape[&lt;lambda&gt;41]" time="0.00042891502380371094"><skipped message="Suite splitting in effect" type="pytest.skip">src/pymortests/affine_grid.py:52: Suite splitting in effect</skipped></testcase><testcase classname="src.pymortests.affine_grid" file="src/pymortests/affine_grid.py" line="52" name="test_embeddings_shape[&lt;lambda&gt;42]" time="0.0004215240478515625"><skipped message="Suite splitting in effect" type="pytest.skip">src/pymortests/affine_grid.py:52: Suite splitting in effect</skipped></testcase><testcase classname="src.pymortests.affine_grid" file="src/pymortests/affine_grid.py" line="62" name="test_embeddings_transitivity[&lt;lambda&gt;0]" time="0.00041604042053222656"><skipped message="Suite splitting in effect" type="pytest.skip">src/pymortests/affine_grid.py:62: Suite splitting in effect</skipped></testcase><testcase classname="src.pymortests.affine_grid" file="src/pymortests/affine_grid.py" line="62" name="test_embeddings_transitivity[&lt;lambda&gt;1]" time="0.00039887428283691406"><skipped message="Suite splitting in effect" type="pytest.skip">src/pymortests/affine_grid.py:62: Suite splitting in effect</skipped></testcase><testcase classname="src.pymortests.affine_grid" file="src/pymortests/affine_grid.py" line="62" name="test_embeddings_transitivity[&lt;lambda&gt;2]" time="0.00045371055603027344"><skipped message="Suite splitting in effect" type="pytest.skip">src/pymortests/affine_grid.py:62: Suite splitting in effect</skipped></testcase><testcase classname="src.pymortests.affine_grid" file="src/pymortests/affine_grid.py" line="62" name="test_embeddings_transitivity[&lt;lambda&gt;3]" time="0.00043129920959472656"><skipped message="Suite splitting in effect" type="pytest.skip">src/pymortests/affine_grid.py:62: Suite splitting in effect</skipped></testcase><testcase classname="src.pymortests.affine_grid" file="src/pymortests/affine_grid.py" line="62" name="test_embeddings_transitivity[&lt;lambda&gt;4]" time="0.0003886222839355469"><skipped message="Suite splitting in effect" type="pytest.skip">src/pymortests/affine_grid.py:62: Suite splitting in effect</skipped></testcase><testcase classname="src.pymortests.affine_grid" file="src/pymortests/affine_grid.py" line="62" name="test_embeddings_transitivity[&lt;lambda&gt;5]" time="0.0004112720489501953"><skipped message="Suite splitting in effect" type="pytest.skip">src/pymortests/affine_grid.py:62: Suite splitting in effect</skipped></testcase><testcase classname="src.pymortests.affine_grid" file="src/pymortests/affine_grid.py" line="62" name="test_embeddings_transitivity[&lt;lambda&gt;6]" time="0.00038814544677734375"><skipped message="Suite splitting in effect" type="pytest.skip">src/pymortests/affine_grid.py:62: Suite splitting in effect</skipped></testcase><testcase classname="src.pymortests.affine_grid" file="src/pymortests/affine_grid.py" line="62" name="test_embeddings_transitivity[&lt;lambda&gt;7]" time="0.0003941059112548828"><skipped message="Suite splitting in effect" type="pytest.skip">src/pymortests/affine_grid.py:62: Suite splitting in effect</skipped></testcase><testcase classname="src.pymortests.affine_grid" file="src/pymortests/affine_grid.py" line="62" name="test_embeddings_transitivity[&lt;lambda&gt;8]" time="0.0005371570587158203"><skipped message="Suite splitting in effect" type="pytest.skip">src/pymortests/affine_grid.py:62: Suite splitting in effect</skipped></testcase><testcase classname="src.pymortests.affine_grid" file="src/pymortests/affine_grid.py" line="62" name="test_embeddings_transitivity[&lt;lambda&gt;9]" time="0.0004074573516845703"><skipped message="Suite splitting in effect" type="pytest.skip">src/pymortests/affine_grid.py:62: Suite splitting in effect</skipped></testcase><testcase classname="src.pymortests.affine_grid" file="src/pymortests/affine_grid.py" line="62" name="test_embeddings_transitivity[&lt;lambda&gt;10]" time="0.0006668567657470703"><skipped message="Suite splitting in effect" type="pytest.skip">src/pymortests/affine_grid.py:62: Suite splitting in effect</skipped></testcase><testcase classname="src.pymortests.affine_grid" file="src/pymortests/affine_grid.py" line="62" name="test_embeddings_transitivity[&lt;lambda&gt;11]" time="0.0004611015319824219"><skipped message="Suite splitting in effect" type="pytest.skip">src/pymortests/affine_grid.py:62: Suite splitting in effect</skipped></testcase><testcase classname="src.pymortests.affine_grid" file="src/pymortests/affine_grid.py" line="62" name="test_embeddings_transitivity[&lt;lambda&gt;12]" time="0.00040793418884277344"><skipped message="Suite splitting in effect" type="pytest.skip">src/pymortests/affine_grid.py:62: Suite splitting in effect</skipped></testcase><testcase classname="src.pymortests.affine_grid" file="src/pymortests/affine_grid.py" line="62" name="test_embeddings_transitivity[&lt;lambda&gt;13]" time="0.00038743019104003906"><skipped message="Suite splitting in effect" type="pytest.skip">src/pymortests/affine_grid.py:62: Suite splitting in effect</skipped></testcase><testcase classname="src.pymortests.affine_grid" file="src/pymortests/affine_grid.py" line="62" name="test_embeddings_transitivity[&lt;lambda&gt;14]" time="0.00040149688720703125"><skipped message="Suite splitting in effect" type="pytest.skip">src/pymortests/affine_grid.py:62: Suite splitting in effect</skipped></testcase><testcase classname="src.pymortests.affine_grid" file="src/pymortests/affine_grid.py" line="62" name="test_embeddings_transitivity[&lt;lambda&gt;15]" time="0.00039839744567871094"><skipped message="Suite splitting in effect" type="pytest.skip">src/pymortests/affine_grid.py:62: Suite splitting in effect</skipped></testcase><testcase classname="src.pymortests.affine_grid" file="src/pymortests/affine_grid.py" line="62" name="test_embeddings_transitivity[&lt;lambda&gt;16]" time="0.00039577484130859375"><skipped message="Suite splitting in effect" type="pytest.skip">src/pymortests/affine_grid.py:62: Suite splitting in effect</skipped></testcase><testcase classname="src.pymortests.affine_grid" file="src/pymortests/affine_grid.py" line="62" name="test_embeddings_transitivity[&lt;lambda&gt;17]" time="0.0005898475646972656"><skipped message="Suite splitting in effect" type="pytest.skip">src/pymortests/affine_grid.py:62: Suite splitting in effect</skipped></testcase><testcase classname="src.pymortests.affine_grid" file="src/pymortests/affine_grid.py" line="62" name="test_embeddings_transitivity[&lt;lambda&gt;18]" time="0.00041413307189941406"><skipped message="Suite splitting in effect" type="pytest.skip">src/pymortests/affine_grid.py:62: Suite splitting in effect</skipped></testcase><testcase classname="src.pymortests.affine_grid" file="src/pymortests/affine_grid.py" line="62" name="test_embeddings_transitivity[&lt;lambda&gt;19]" time="0.00038504600524902344"><skipped message="Suite splitting in effect" type="pytest.skip">src/pymortests/affine_grid.py:62: Suite splitting in effect</skipped></testcase><testcase classname="src.pymortests.affine_grid" file="src/pymortests/affine_grid.py" line="62" name="test_embeddings_transitivity[&lt;lambda&gt;20]" time="0.00040912628173828125"><skipped message="Suite splitting in effect" type="pytest.skip">src/pymortests/affine_grid.py:62: Suite splitting in effect</skipped></testcase><testcase classname="src.pymortests.affine_grid" file="src/pymortests/affine_grid.py" line="62" name="test_embeddings_transitivity[&lt;lambda&gt;21]" time="0.00040721893310546875"><skipped message="Suite splitting in effect" type="pytest.skip">src/pymortests/affine_grid.py:62: Suite splitting in effect</skipped></testcase><testcase classname="src.pymortests.affine_grid" file="src/pymortests/affine_grid.py" line="62" name="test_embeddings_transitivity[&lt;lambda&gt;22]" time="0.0003871917724609375"><skipped message="Suite splitting in effect" type="pytest.skip">src/pymortests/affine_grid.py:62: Suite splitting in effect</skipped></testcase><testcase classname="src.pymortests.affine_grid" file="src/pymortests/affine_grid.py" line="62" name="test_embeddings_transitivity[&lt;lambda&gt;23]" time="0.0004165172576904297"><skipped message="Suite splitting in effect" type="pytest.skip">src/pymortests/affine_grid.py:62: Suite splitting in effect</skipped></testcase><testcase classname="src.pymortests.affine_grid" file="src/pymortests/affine_grid.py" line="62" name="test_embeddings_transitivity[&lt;lambda&gt;24]" time="0.0003972053527832031"><skipped message="Suite splitting in effect" type="pytest.skip">src/pymortests/affine_grid.py:62: Suite splitting in effect</skipped></testcase><testcase classname="src.pymortests.affine_grid" file="src/pymortests/affine_grid.py" line="62" name="test_embeddings_transitivity[&lt;lambda&gt;25]" time="0.00040268898010253906"><skipped message="Suite splitting in effect" type="pytest.skip">src/pymortests/affine_grid.py:62: Suite splitting in effect</skipped></testcase><testcase classname="src.pymortests.affine_grid" file="src/pymortests/affine_grid.py" line="62" name="test_embeddings_transitivity[&lt;lambda&gt;26]" time="0.00039315223693847656"><skipped message="Suite splitting in effect" type="pytest.skip">src/pymortests/affine_grid.py:62: Suite splitting in effect</skipped></testcase><testcase classname="src.pymortests.affine_grid" file="src/pymortests/affine_grid.py" line="62" name="test_embeddings_transitivity[&lt;lambda&gt;27]" time="0.0003838539123535156"><skipped message="Suite splitting in effect" type="pytest.skip">src/pymortests/affine_grid.py:62: Suite splitting in effect</skipped></testcase><testcase classname="src.pymortests.affine_grid" file="src/pymortests/affine_grid.py" line="62" name="test_embeddings_transitivity[&lt;lambda&gt;28]" time="0.0003819465637207031"><skipped message="Suite splitting in effect" type="pytest.skip">src/pymortests/affine_grid.py:62: Suite splitting in effect</skipped></testcase><testcase classname="src.pymortests.affine_grid" file="src/pymortests/affine_grid.py" line="62" name="test_embeddings_transitivity[&lt;lambda&gt;29]" time="0.0004131793975830078"><skipped message="Suite splitting in effect" type="pytest.skip">src/pymortests/affine_grid.py:62: Suite splitting in effect</skipped></testcase><testcase classname="src.pymortests.affine_grid" file="src/pymortests/affine_grid.py" line="62" name="test_embeddings_transitivity[&lt;lambda&gt;30]" time="0.0004439353942871094"><skipped message="Suite splitting in effect" type="pytest.skip">src/pymortests/affine_grid.py:62: Suite splitting in effect</skipped></testcase><testcase classname="src.pymortests.affine_grid" file="src/pymortests/affine_grid.py" line="62" name="test_embeddings_transitivity[&lt;lambda&gt;31]" time="0.0003924369812011719"><skipped message="Suite splitting in effect" type="pytest.skip">src/pymortests/affine_grid.py:62: Suite splitting in effect</skipped></testcase><testcase classname="src.pymortests.affine_grid" file="src/pymortests/affine_grid.py" line="62" name="test_embeddings_transitivity[&lt;lambda&gt;32]" time="0.0004277229309082031"><skipped message="Suite splitting in effect" type="pytest.skip">src/pymortests/affine_grid.py:62: Suite splitting in effect</skipped></testcase><testcase classname="src.pymortests.affine_grid" file="src/pymortests/affine_grid.py" line="62" name="test_embeddings_transitivity[&lt;lambda&gt;33]" time="0.000385284423828125"><skipped message="Suite splitting in effect" type="pytest.skip">src/pymortests/affine_grid.py:62: Suite splitting in effect</skipped></testcase><testcase classname="src.pymortests.affine_grid" file="src/pymortests/affine_grid.py" line="62" name="test_embeddings_transitivity[&lt;lambda&gt;34]" time="0.00041294097900390625"><skipped message="Suite splitting in effect" type="pytest.skip">src/pymortests/affine_grid.py:62: Suite splitting in effect</skipped></testcase><testcase classname="src.pymortests.affine_grid" file="src/pymortests/affine_grid.py" line="62" name="test_embeddings_transitivity[&lt;lambda&gt;35]" time="0.00038433074951171875"><skipped message="Suite splitting in effect" type="pytest.skip">src/pymortests/affine_grid.py:62: Suite splitting in effect</skipped></testcase><testcase classname="src.pymortests.affine_grid" file="src/pymortests/affine_grid.py" line="62" name="test_embeddings_transitivity[&lt;lambda&gt;36]" time="0.0003864765167236328"><skipped message="Suite splitting in effect" type="pytest.skip">src/pymortests/affine_grid.py:62: Suite splitting in effect</skipped></testcase><testcase classname="src.pymortests.affine_grid" file="src/pymortests/affine_grid.py" line="62" name="test_embeddings_transitivity[&lt;lambda&gt;37]" time="0.0003857612609863281"><skipped message="Suite splitting in effect" type="pytest.skip">src/pymortests/affine_grid.py:62: Suite splitting in effect</skipped></testcase><testcase classname="src.pymortests.affine_grid" file="src/pymortests/affine_grid.py" line="62" name="test_embeddings_transitivity[&lt;lambda&gt;38]" time="0.0004227161407470703"><skipped message="Suite splitting in effect" type="pytest.skip">src/pymortests/affine_grid.py:62: Suite splitting in effect</skipped></testcase><testcase classname="src.pymortests.affine_grid" file="src/pymortests/affine_grid.py" line="62" name="test_embeddings_transitivity[&lt;lambda&gt;39]" time="0.0004363059997558594"><skipped message="Suite splitting in effect" type="pytest.skip">src/pymortests/affine_grid.py:62: Suite splitting in effect</skipped></testcase><testcase classname="src.pymortests.affine_grid" file="src/pymortests/affine_grid.py" line="62" name="test_embeddings_transitivity[&lt;lambda&gt;40]" time="0.0003905296325683594"><skipped message="Suite splitting in effect" type="pytest.skip">src/pymortests/affine_grid.py:62: Suite splitting in effect</skipped></testcase><testcase classname="src.pymortests.affine_grid" file="src/pymortests/affine_grid.py" line="62" name="test_embeddings_transitivity[&lt;lambda&gt;41]" time="0.00043892860412597656"><skipped message="Suite splitting in effect" type="pytest.skip">src/pymortests/affine_grid.py:62: Suite splitting in effect</skipped></testcase><testcase classname="src.pymortests.affine_grid" file="src/pymortests/affine_grid.py" line="62" name="test_embeddings_transitivity[&lt;lambda&gt;42]" time="0.0003895759582519531"><skipped message="Suite splitting in effect" type="pytest.skip">src/pymortests/affine_grid.py:62: Suite splitting in effect</skipped></testcase><testcase classname="src.pymortests.affine_grid" file="src/pymortests/affine_grid.py" line="75" name="test_jacobian_inverse_transposed_wrong_arguments[&lt;lambda&gt;0]" time="0.00040602684020996094"><skipped message="Suite splitting in effect" type="pytest.skip">src/pymortests/affine_grid.py:75: Suite splitting in effect</skipped></testcase><testcase classname="src.pymortests.affine_grid" file="src/pymortests/affine_grid.py" line="75" name="test_jacobian_inverse_transposed_wrong_arguments[&lt;lambda&gt;1]" time="0.00038909912109375"><skipped message="Suite splitting in effect" type="pytest.skip">src/pymortests/affine_grid.py:75: Suite splitting in effect</skipped></testcase><testcase classname="src.pymortests.affine_grid" file="src/pymortests/affine_grid.py" line="75" name="test_jacobian_inverse_transposed_wrong_arguments[&lt;lambda&gt;2]" time="0.0003905296325683594"><skipped message="Suite splitting in effect" type="pytest.skip">src/pymortests/affine_grid.py:75: Suite splitting in effect</skipped></testcase><testcase classname="src.pymortests.affine_grid" file="src/pymortests/affine_grid.py" line="75" name="test_jacobian_inverse_transposed_wrong_arguments[&lt;lambda&gt;3]" time="0.0004184246063232422"><skipped message="Suite splitting in effect" type="pytest.skip">src/pymortests/affine_grid.py:75: Suite splitting in effect</skipped></testcase><testcase classname="src.pymortests.affine_grid" file="src/pymortests/affine_grid.py" line="75" name="test_jacobian_inverse_transposed_wrong_arguments[&lt;lambda&gt;4]" time="0.0004112720489501953"><skipped message="Suite splitting in effect" type="pytest.skip">src/pymortests/affine_grid.py:75: Suite splitting in effect</skipped></testcase><testcase classname="src.pymortests.affine_grid" file="src/pymortests/affine_grid.py" line="75" name="test_jacobian_inverse_transposed_wrong_arguments[&lt;lambda&gt;5]" time="0.0004093647003173828"><skipped message="Suite splitting in effect" type="pytest.skip">src/pymortests/affine_grid.py:75: Suite splitting in effect</skipped></testcase><testcase classname="src.pymortests.affine_grid" file="src/pymortests/affine_grid.py" line="75" name="test_jacobian_inverse_transposed_wrong_arguments[&lt;lambda&gt;6]" time="0.0004410743713378906"><skipped message="Suite splitting in effect" type="pytest.skip">src/pymortests/affine_grid.py:75: Suite splitting in effect</skipped></testcase><testcase classname="src.pymortests.affine_grid" file="src/pymortests/affine_grid.py" line="75" name="test_jacobian_inverse_transposed_wrong_arguments[&lt;lambda&gt;7]" time="0.0003859996795654297"><skipped message="Suite splitting in effect" type="pytest.skip">src/pymortests/affine_grid.py:75: Suite splitting in effect</skipped></testcase><testcase classname="src.pymortests.affine_grid" file="src/pymortests/affine_grid.py" line="75" name="test_jacobian_inverse_transposed_wrong_arguments[&lt;lambda&gt;8]" time="0.00041556358337402344"><skipped message="Suite splitting in effect" type="pytest.skip">src/pymortests/affine_grid.py:75: Suite splitting in effect</skipped></testcase><testcase classname="src.pymortests.affine_grid" file="src/pymortests/affine_grid.py" line="75" name="test_jacobian_inverse_transposed_wrong_arguments[&lt;lambda&gt;9]" time="0.0003998279571533203"><skipped message="Suite splitting in effect" type="pytest.skip">src/pymortests/affine_grid.py:75: Suite splitting in effect</skipped></testcase><testcase classname="src.pymortests.affine_grid" file="src/pymortests/affine_grid.py" line="75" name="test_jacobian_inverse_transposed_wrong_arguments[&lt;lambda&gt;10]" time="0.00041604042053222656"><skipped message="Suite splitting in effect" type="pytest.skip">src/pymortests/affine_grid.py:75: Suite splitting in effect</skipped></testcase><testcase classname="src.pymortests.affine_grid" file="src/pymortests/affine_grid.py" line="75" name="test_jacobian_inverse_transposed_wrong_arguments[&lt;lambda&gt;11]" time="0.0003921985626220703"><skipped message="Suite splitting in effect" type="pytest.skip">src/pymortests/affine_grid.py:75: Suite splitting in effect</skipped></testcase><testcase classname="src.pymortests.affine_grid" file="src/pymortests/affine_grid.py" line="75" name="test_jacobian_inverse_transposed_wrong_arguments[&lt;lambda&gt;12]" time="0.00043082237243652344"><skipped message="Suite splitting in effect" type="pytest.skip">src/pymortests/affine_grid.py:75: Suite splitting in effect</skipped></testcase><testcase classname="src.pymortests.affine_grid" file="src/pymortests/affine_grid.py" line="75" name="test_jacobian_inverse_transposed_wrong_arguments[&lt;lambda&gt;13]" time="0.00041604042053222656"><skipped message="Suite splitting in effect" type="pytest.skip">src/pymortests/affine_grid.py:75: Suite splitting in effect</skipped></testcase><testcase classname="src.pymortests.affine_grid" file="src/pymortests/affine_grid.py" line="75" name="test_jacobian_inverse_transposed_wrong_arguments[&lt;lambda&gt;14]" time="0.0004138946533203125"><skipped message="Suite splitting in effect" type="pytest.skip">src/pymortests/affine_grid.py:75: Suite splitting in effect</skipped></testcase><testcase classname="src.pymortests.affine_grid" file="src/pymortests/affine_grid.py" line="75" name="test_jacobian_inverse_transposed_wrong_arguments[&lt;lambda&gt;15]" time="0.0003952980041503906"><skipped message="Suite splitting in effect" type="pytest.skip">src/pymortests/affine_grid.py:75: Suite splitting in effect</skipped></testcase><testcase classname="src.pymortests.affine_grid" file="src/pymortests/affine_grid.py" line="75" name="test_jacobian_inverse_transposed_wrong_arguments[&lt;lambda&gt;16]" time="0.0003859996795654297"><skipped message="Suite splitting in effect" type="pytest.skip">src/pymortests/affine_grid.py:75: Suite splitting in effect</skipped></testcase><testcase classname="src.pymortests.affine_grid" file="src/pymortests/affine_grid.py" line="75" name="test_jacobian_inverse_transposed_wrong_arguments[&lt;lambda&gt;17]" time="0.00039315223693847656"><skipped message="Suite splitting in effect" type="pytest.skip">src/pymortests/affine_grid.py:75: Suite splitting in effect</skipped></testcase><testcase classname="src.pymortests.affine_grid" file="src/pymortests/affine_grid.py" line="75" name="test_jacobian_inverse_transposed_wrong_arguments[&lt;lambda&gt;18]" time="0.0004146099090576172"><skipped message="Suite splitting in effect" type="pytest.skip">src/pymortests/affine_grid.py:75: Suite splitting in effect</skipped></testcase><testcase classname="src.pymortests.affine_grid" file="src/pymortests/affine_grid.py" line="75" name="test_jacobian_inverse_transposed_wrong_arguments[&lt;lambda&gt;19]" time="0.0004112720489501953"><skipped message="Suite splitting in effect" type="pytest.skip">src/pymortests/affine_grid.py:75: Suite splitting in effect</skipped></testcase><testcase classname="src.pymortests.affine_grid" file="src/pymortests/affine_grid.py" line="75" name="test_jacobian_inverse_transposed_wrong_arguments[&lt;lambda&gt;20]" time="0.0004630088806152344"><skipped message="Suite splitting in effect" type="pytest.skip">src/pymortests/affine_grid.py:75: Suite splitting in effect</skipped></testcase><testcase classname="src.pymortests.affine_grid" file="src/pymortests/affine_grid.py" line="75" name="test_jacobian_inverse_transposed_wrong_arguments[&lt;lambda&gt;21]" time="0.0004127025604248047"><skipped message="Suite splitting in effect" type="pytest.skip">src/pymortests/affine_grid.py:75: Suite splitting in effect</skipped></testcase><testcase classname="src.pymortests.affine_grid" file="src/pymortests/affine_grid.py" line="75" name="test_jacobian_inverse_transposed_wrong_arguments[&lt;lambda&gt;22]" time="0.0003991127014160156"><skipped message="Suite splitting in effect" type="pytest.skip">src/pymortests/affine_grid.py:75: Suite splitting in effect</skipped></testcase><testcase classname="src.pymortests.affine_grid" file="src/pymortests/affine_grid.py" line="75" name="test_jacobian_inverse_transposed_wrong_arguments[&lt;lambda&gt;23]" time="0.0004069805145263672"><skipped message="Suite splitting in effect" type="pytest.skip">src/pymortests/affine_grid.py:75: Suite splitting in effect</skipped></testcase><testcase classname="src.pymortests.affine_grid" file="src/pymortests/affine_grid.py" line="75" name="test_jacobian_inverse_transposed_wrong_arguments[&lt;lambda&gt;24]" time="0.0004146099090576172"><skipped message="Suite splitting in effect" type="pytest.skip">src/pymortests/affine_grid.py:75: Suite splitting in effect</skipped></testcase><testcase classname="src.pymortests.affine_grid" file="src/pymortests/affine_grid.py" line="75" name="test_jacobian_inverse_transposed_wrong_arguments[&lt;lambda&gt;25]" time="0.000446319580078125"><skipped message="Suite splitting in effect" type="pytest.skip">src/pymortests/affine_grid.py:75: Suite splitting in effect</skipped></testcase><testcase classname="src.pymortests.affine_grid" file="src/pymortests/affine_grid.py" line="75" name="test_jacobian_inverse_transposed_wrong_arguments[&lt;lambda&gt;26]" time="0.0004131793975830078"><skipped message="Suite splitting in effect" type="pytest.skip">src/pymortests/affine_grid.py:75: Suite splitting in effect</skipped></testcase><testcase classname="src.pymortests.affine_grid" file="src/pymortests/affine_grid.py" line="75" name="test_jacobian_inverse_transposed_wrong_arguments[&lt;lambda&gt;27]" time="0.0004162788391113281"><skipped message="Suite splitting in effect" type="pytest.skip">src/pymortests/affine_grid.py:75: Suite splitting in effect</skipped></testcase><testcase classname="src.pymortests.affine_grid" file="src/pymortests/affine_grid.py" line="75" name="test_jacobian_inverse_transposed_wrong_arguments[&lt;lambda&gt;28]" time="0.0003895759582519531"><skipped message="Suite splitting in effect" type="pytest.skip">src/pymortests/affine_grid.py:75: Suite splitting in effect</skipped></testcase><testcase classname="src.pymortests.affine_grid" file="src/pymortests/affine_grid.py" line="75" name="test_jacobian_inverse_transposed_wrong_arguments[&lt;lambda&gt;29]" time="0.0003998279571533203"><skipped message="Suite splitting in effect" type="pytest.skip">src/pymortests/affine_grid.py:75: Suite splitting in effect</skipped></testcase><testcase classname="src.pymortests.affine_grid" file="src/pymortests/affine_grid.py" line="75" name="test_jacobian_inverse_transposed_wrong_arguments[&lt;lambda&gt;30]" time="0.0004105567932128906"><skipped message="Suite splitting in effect" type="pytest.skip">src/pymortests/affine_grid.py:75: Suite splitting in effect</skipped></testcase><testcase classname="src.pymortests.affine_grid" file="src/pymortests/affine_grid.py" line="75" name="test_jacobian_inverse_transposed_wrong_arguments[&lt;lambda&gt;31]" time="0.0004661083221435547"><skipped message="Suite splitting in effect" type="pytest.skip">src/pymortests/affine_grid.py:75: Suite splitting in effect</skipped></testcase><testcase classname="src.pymortests.affine_grid" file="src/pymortests/affine_grid.py" line="75" name="test_jacobian_inverse_transposed_wrong_arguments[&lt;lambda&gt;32]" time="0.0003857612609863281"><skipped message="Suite splitting in effect" type="pytest.skip">src/pymortests/affine_grid.py:75: Suite splitting in effect</skipped></testcase><testcase classname="src.pymortests.affine_grid" file="src/pymortests/affine_grid.py" line="75" name="test_jacobian_inverse_transposed_wrong_arguments[&lt;lambda&gt;33]" time="0.0003972053527832031"><skipped message="Suite splitting in effect" type="pytest.skip">src/pymortests/affine_grid.py:75: Suite splitting in effect</skipped></testcase><testcase classname="src.pymortests.affine_grid" file="src/pymortests/affine_grid.py" line="75" name="test_jacobian_inverse_transposed_wrong_arguments[&lt;lambda&gt;34]" time="0.00041866302490234375"><skipped message="Suite splitting in effect" type="pytest.skip">src/pymortests/affine_grid.py:75: Suite splitting in effect</skipped></testcase><testcase classname="src.pymortests.affine_grid" file="src/pymortests/affine_grid.py" line="75" name="test_jacobian_inverse_transposed_wrong_arguments[&lt;lambda&gt;35]" time="0.00041484832763671875"><skipped message="Suite splitting in effect" type="pytest.skip">src/pymortests/affine_grid.py:75: Suite splitting in effect</skipped></testcase><testcase classname="src.pymortests.affine_grid" file="src/pymortests/affine_grid.py" line="75" name="test_jacobian_inverse_transposed_wrong_arguments[&lt;lambda&gt;36]" time="0.0004343986511230469"><skipped message="Suite splitting in effect" type="pytest.skip">src/pymortests/affine_grid.py:75: Suite splitting in effect</skipped></testcase><testcase classname="src.pymortests.affine_grid" file="src/pymortests/affine_grid.py" line="75" name="test_jacobian_inverse_transposed_wrong_arguments[&lt;lambda&gt;37]" time="0.00038909912109375"><skipped message="Suite splitting in effect" type="pytest.skip">src/pymortests/affine_grid.py:75: Suite splitting in effect</skipped></testcase><testcase classname="src.pymortests.affine_grid" file="src/pymortests/affine_grid.py" line="75" name="test_jacobian_inverse_transposed_wrong_arguments[&lt;lambda&gt;38]" time="0.00039577484130859375"><skipped message="Suite splitting in effect" type="pytest.skip">src/pymortests/affine_grid.py:75: Suite splitting in effect</skipped></testcase><testcase classname="src.pymortests.affine_grid" file="src/pymortests/affine_grid.py" line="75" name="test_jacobian_inverse_transposed_wrong_arguments[&lt;lambda&gt;39]" time="0.0006606578826904297"><skipped message="Suite splitting in effect" type="pytest.skip">src/pymortests/affine_grid.py:75: Suite splitting in effect</skipped></testcase><testcase classname="src.pymortests.affine_grid" file="src/pymortests/affine_grid.py" line="75" name="test_jacobian_inverse_transposed_wrong_arguments[&lt;lambda&gt;40]" time="0.00042819976806640625"><skipped message="Suite splitting in effect" type="pytest.skip">src/pymortests/affine_grid.py:75: Suite splitting in effect</skipped></testcase><testcase classname="src.pymortests.affine_grid" file="src/pymortests/affine_grid.py" line="75" name="test_jacobian_inverse_transposed_wrong_arguments[&lt;lambda&gt;41]" time="0.0004036426544189453"><skipped message="Suite splitting in effect" type="pytest.skip">src/pymortests/affine_grid.py:75: Suite splitting in effect</skipped></testcase><testcase classname="src.pymortests.affine_grid" file="src/pymortests/affine_grid.py" line="75" name="test_jacobian_inverse_transposed_wrong_arguments[&lt;lambda&gt;42]" time="0.0003883838653564453"><skipped message="Suite splitting in effect" type="pytest.skip">src/pymortests/affine_grid.py:75: Suite splitting in effect</skipped></testcase><testcase classname="src.pymortests.affine_grid" file="src/pymortests/affine_grid.py" line="85" name="test_jacobian_inverse_transposed_shape[&lt;lambda&gt;0]" time="0.00038695335388183594"><skipped message="Suite splitting in effect" type="pytest.skip">src/pymortests/affine_grid.py:85: Suite splitting in effect</skipped></testcase><testcase classname="src.pymortests.affine_grid" file="src/pymortests/affine_grid.py" line="85" name="test_jacobian_inverse_transposed_shape[&lt;lambda&gt;1]" time="0.00041747093200683594"><skipped message="Suite splitting in effect" type="pytest.skip">src/pymortests/affine_grid.py:85: Suite splitting in effect</skipped></testcase><testcase classname="src.pymortests.affine_grid" file="src/pymortests/affine_grid.py" line="85" name="test_jacobian_inverse_transposed_shape[&lt;lambda&gt;2]" time="0.0003993511199951172"><skipped message="Suite splitting in effect" type="pytest.skip">src/pymortests/affine_grid.py:85: Suite splitting in effect</skipped></testcase><testcase classname="src.pymortests.affine_grid" file="src/pymortests/affine_grid.py" line="85" name="test_jacobian_inverse_transposed_shape[&lt;lambda&gt;3]" time="0.00038886070251464844"><skipped message="Suite splitting in effect" type="pytest.skip">src/pymortests/affine_grid.py:85: Suite splitting in effect</skipped></testcase><testcase classname="src.pymortests.affine_grid" file="src/pymortests/affine_grid.py" line="85" name="test_jacobian_inverse_transposed_shape[&lt;lambda&gt;4]" time="0.0004363059997558594"><skipped message="Suite splitting in effect" type="pytest.skip">src/pymortests/affine_grid.py:85: Suite splitting in effect</skipped></testcase><testcase classname="src.pymortests.affine_grid" file="src/pymortests/affine_grid.py" line="85" name="test_jacobian_inverse_transposed_shape[&lt;lambda&gt;5]" time="0.0004107952117919922"><skipped message="Suite splitting in effect" type="pytest.skip">src/pymortests/affine_grid.py:85: Suite splitting in effect</skipped></testcase><testcase classname="src.pymortests.affine_grid" file="src/pymortests/affine_grid.py" line="85" name="test_jacobian_inverse_transposed_shape[&lt;lambda&gt;6]" time="0.00042438507080078125"><skipped message="Suite splitting in effect" type="pytest.skip">src/pymortests/affine_grid.py:85: Suite splitting in effect</skipped></testcase><testcase classname="src.pymortests.affine_grid" file="src/pymortests/affine_grid.py" line="85" name="test_jacobian_inverse_transposed_shape[&lt;lambda&gt;7]" time="0.00041484832763671875"><skipped message="Suite splitting in effect" type="pytest.skip">src/pymortests/affine_grid.py:85: Suite splitting in effect</skipped></testcase><testcase classname="src.pymortests.affine_grid" file="src/pymortests/affine_grid.py" line="85" name="test_jacobian_inverse_transposed_shape[&lt;lambda&gt;8]" time="0.00040793418884277344"><skipped message="Suite splitting in effect" type="pytest.skip">src/pymortests/affine_grid.py:85: Suite splitting in effect</skipped></testcase><testcase classname="src.pymortests.affine_grid" file="src/pymortests/affine_grid.py" line="85" name="test_jacobian_inverse_transposed_shape[&lt;lambda&gt;9]" time="0.0004048347473144531"><skipped message="Suite splitting in effect" type="pytest.skip">src/pymortests/affine_grid.py:85: Suite splitting in effect</skipped></testcase><testcase classname="src.pymortests.affine_grid" file="src/pymortests/affine_grid.py" line="85" name="test_jacobian_inverse_transposed_shape[&lt;lambda&gt;10]" time="0.0004227161407470703"><skipped message="Suite splitting in effect" type="pytest.skip">src/pymortests/affine_grid.py:85: Suite splitting in effect</skipped></testcase><testcase classname="src.pymortests.affine_grid" file="src/pymortests/affine_grid.py" line="85" name="test_jacobian_inverse_transposed_shape[&lt;lambda&gt;11]" time="0.0011188983917236328"><skipped message="Suite splitting in effect" type="pytest.skip">src/pymortests/affine_grid.py:85: Suite splitting in effect</skipped></testcase><testcase classname="src.pymortests.affine_grid" file="src/pymortests/affine_grid.py" line="85" name="test_jacobian_inverse_transposed_shape[&lt;lambda&gt;12]" time="0.0004260540008544922"><skipped message="Suite splitting in effect" type="pytest.skip">src/pymortests/affine_grid.py:85: Suite splitting in effect</skipped></testcase><testcase classname="src.pymortests.affine_grid" file="src/pymortests/affine_grid.py" line="85" name="test_jacobian_inverse_transposed_shape[&lt;lambda&gt;13]" time="0.00042724609375"><skipped message="Suite splitting in effect" type="pytest.skip">src/pymortests/affine_grid.py:85: Suite splitting in effect</skipped></testcase><testcase classname="src.pymortests.affine_grid" file="src/pymortests/affine_grid.py" line="85" name="test_jacobian_inverse_transposed_shape[&lt;lambda&gt;14]" time="0.0004062652587890625"><skipped message="Suite splitting in effect" type="pytest.skip">src/pymortests/affine_grid.py:85: Suite splitting in effect</skipped></testcase><testcase classname="src.pymortests.affine_grid" file="src/pymortests/affine_grid.py" line="85" name="test_jacobian_inverse_transposed_shape[&lt;lambda&gt;15]" time="0.00045609474182128906"><skipped message="Suite splitting in effect" type="pytest.skip">src/pymortests/affine_grid.py:85: Suite splitting in effect</skipped></testcase><testcase classname="src.pymortests.affine_grid" file="src/pymortests/affine_grid.py" line="85" name="test_jacobian_inverse_transposed_shape[&lt;lambda&gt;16]" time="0.00040078163146972656"><skipped message="Suite splitting in effect" type="pytest.skip">src/pymortests/affine_grid.py:85: Suite splitting in effect</skipped></testcase><testcase classname="src.pymortests.affine_grid" file="src/pymortests/affine_grid.py" line="85" name="test_jacobian_inverse_transposed_shape[&lt;lambda&gt;17]" time="0.0004353523254394531"><skipped message="Suite splitting in effect" type="pytest.skip">src/pymortests/affine_grid.py:85: Suite splitting in effect</skipped></testcase><testcase classname="src.pymortests.affine_grid" file="src/pymortests/affine_grid.py" line="85" name="test_jacobian_inverse_transposed_shape[&lt;lambda&gt;18]" time="0.0004162788391113281"><skipped message="Suite splitting in effect" type="pytest.skip">src/pymortests/affine_grid.py:85: Suite splitting in effect</skipped></testcase><testcase classname="src.pymortests.affine_grid" file="src/pymortests/affine_grid.py" line="85" name="test_jacobian_inverse_transposed_shape[&lt;lambda&gt;19]" time="0.0006871223449707031"><skipped message="Suite splitting in effect" type="pytest.skip">src/pymortests/affine_grid.py:85: Suite splitting in effect</skipped></testcase><testcase classname="src.pymortests.affine_grid" file="src/pymortests/affine_grid.py" line="85" name="test_jacobian_inverse_transposed_shape[&lt;lambda&gt;20]" time="0.000431060791015625"><skipped message="Suite splitting in effect" type="pytest.skip">src/pymortests/affine_grid.py:85: Suite splitting in effect</skipped></testcase><testcase classname="src.pymortests.affine_grid" file="src/pymortests/affine_grid.py" line="85" name="test_jacobian_inverse_transposed_shape[&lt;lambda&gt;21]" time="0.0004093647003173828"><skipped message="Suite splitting in effect" type="pytest.skip">src/pymortests/affine_grid.py:85: Suite splitting in effect</skipped></testcase><testcase classname="src.pymortests.affine_grid" file="src/pymortests/affine_grid.py" line="85" name="test_jacobian_inverse_transposed_shape[&lt;lambda&gt;22]" time="0.0003902912139892578"><skipped message="Suite splitting in effect" type="pytest.skip">src/pymortests/affine_grid.py:85: Suite splitting in effect</skipped></testcase><testcase classname="src.pymortests.affine_grid" file="src/pymortests/affine_grid.py" line="85" name="test_jacobian_inverse_transposed_shape[&lt;lambda&gt;23]" time="0.00039005279541015625"><skipped message="Suite splitting in effect" type="pytest.skip">src/pymortests/affine_grid.py:85: Suite splitting in effect</skipped></testcase><testcase classname="src.pymortests.affine_grid" file="src/pymortests/affine_grid.py" line="85" name="test_jacobian_inverse_transposed_shape[&lt;lambda&gt;24]" time="0.0004012584686279297"><skipped message="Suite splitting in effect" type="pytest.skip">src/pymortests/affine_grid.py:85: Suite splitting in effect</skipped></testcase><testcase classname="src.pymortests.affine_grid" file="src/pymortests/affine_grid.py" line="85" name="test_jacobian_inverse_transposed_shape[&lt;lambda&gt;25]" time="0.0003960132598876953"><skipped message="Suite splitting in effect" type="pytest.skip">src/pymortests/affine_grid.py:85: Suite splitting in effect</skipped></testcase><testcase classname="src.pymortests.affine_grid" file="src/pymortests/affine_grid.py" line="85" name="test_jacobian_inverse_transposed_shape[&lt;lambda&gt;26]" time="0.0003898143768310547"><skipped message="Suite splitting in effect" type="pytest.skip">src/pymortests/affine_grid.py:85: Suite splitting in effect</skipped></testcase><testcase classname="src.pymortests.affine_grid" file="src/pymortests/affine_grid.py" line="85" name="test_jacobian_inverse_transposed_shape[&lt;lambda&gt;27]" time="0.0007495880126953125"><skipped message="Suite splitting in effect" type="pytest.skip">src/pymortests/affine_grid.py:85: Suite splitting in effect</skipped></testcase><testcase classname="src.pymortests.affine_grid" file="src/pymortests/affine_grid.py" line="85" name="test_jacobian_inverse_transposed_shape[&lt;lambda&gt;28]" time="0.0003876686096191406"><skipped message="Suite splitting in effect" type="pytest.skip">src/pymortests/affine_grid.py:85: Suite splitting in effect</skipped></testcase><testcase classname="src.pymortests.affine_grid" file="src/pymortests/affine_grid.py" line="85" name="test_jacobian_inverse_transposed_shape[&lt;lambda&gt;29]" time="0.00043129920959472656"><skipped message="Suite splitting in effect" type="pytest.skip">src/pymortests/affine_grid.py:85: Suite splitting in effect</skipped></testcase><testcase classname="src.pymortests.affine_grid" file="src/pymortests/affine_grid.py" line="85" name="test_jacobian_inverse_transposed_shape[&lt;lambda&gt;30]" time="0.0003955364227294922"><skipped message="Suite splitting in effect" type="pytest.skip">src/pymortests/affine_grid.py:85: Suite splitting in effect</skipped></testcase><testcase classname="src.pymortests.affine_grid" file="src/pymortests/affine_grid.py" line="85" name="test_jacobian_inverse_transposed_shape[&lt;lambda&gt;31]" time="0.00044226646423339844"><skipped message="Suite splitting in effect" type="pytest.skip">src/pymortests/affine_grid.py:85: Suite splitting in effect</skipped></testcase><testcase classname="src.pymortests.affine_grid" file="src/pymortests/affine_grid.py" line="85" name="test_jacobian_inverse_transposed_shape[&lt;lambda&gt;32]" time="0.0003979206085205078"><skipped message="Suite splitting in effect" type="pytest.skip">src/pymortests/affine_grid.py:85: Suite splitting in effect</skipped></testcase><testcase classname="src.pymortests.affine_grid" file="src/pymortests/affine_grid.py" line="85" name="test_jacobian_inverse_transposed_shape[&lt;lambda&gt;33]" time="0.000408172607421875"><skipped message="Suite splitting in effect" type="pytest.skip">src/pymortests/affine_grid.py:85: Suite splitting in effect</skipped></testcase><testcase classname="src.pymortests.affine_grid" file="src/pymortests/affine_grid.py" line="85" name="test_jacobian_inverse_transposed_shape[&lt;lambda&gt;34]" time="0.00039124488830566406"><skipped message="Suite splitting in effect" type="pytest.skip">src/pymortests/affine_grid.py:85: Suite splitting in effect</skipped></testcase><testcase classname="src.pymortests.affine_grid" file="src/pymortests/affine_grid.py" line="85" name="test_jacobian_inverse_transposed_shape[&lt;lambda&gt;35]" time="0.0004322528839111328"><skipped message="Suite splitting in effect" type="pytest.skip">src/pymortests/affine_grid.py:85: Suite splitting in effect</skipped></testcase><testcase classname="src.pymortests.affine_grid" file="src/pymortests/affine_grid.py" line="85" name="test_jacobian_inverse_transposed_shape[&lt;lambda&gt;36]" time="0.00038623809814453125"><skipped message="Suite splitting in effect" type="pytest.skip">src/pymortests/affine_grid.py:85: Suite splitting in effect</skipped></testcase><testcase classname="src.pymortests.affine_grid" file="src/pymortests/affine_grid.py" line="85" name="test_jacobian_inverse_transposed_shape[&lt;lambda&gt;37]" time="0.0004436969757080078"><skipped message="Suite splitting in effect" type="pytest.skip">src/pymortests/affine_grid.py:85: Suite splitting in effect</skipped></testcase><testcase classname="src.pymortests.affine_grid" file="src/pymortests/affine_grid.py" line="85" name="test_jacobian_inverse_transposed_shape[&lt;lambda&gt;38]" time="0.0003921985626220703"><skipped message="Suite splitting in effect" type="pytest.skip">src/pymortests/affine_grid.py:85: Suite splitting in effect</skipped></testcase><testcase classname="src.pymortests.affine_grid" file="src/pymortests/affine_grid.py" line="85" name="test_jacobian_inverse_transposed_shape[&lt;lambda&gt;39]" time="0.000453948974609375"><skipped message="Suite splitting in effect" type="pytest.skip">src/pymortests/affine_grid.py:85: Suite splitting in effect</skipped></testcase><testcase classname="src.pymortests.affine_grid" file="src/pymortests/affine_grid.py" line="85" name="test_jacobian_inverse_transposed_shape[&lt;lambda&gt;40]" time="0.00040078163146972656"><skipped message="Suite splitting in effect" type="pytest.skip">src/pymortests/affine_grid.py:85: Suite splitting in effect</skipped></testcase><testcase classname="src.pymortests.affine_grid" file="src/pymortests/affine_grid.py" line="85" name="test_jacobian_inverse_transposed_shape[&lt;lambda&gt;41]" time="0.0004742145538330078"><skipped message="Suite splitting in effect" type="pytest.skip">src/pymortests/affine_grid.py:85: Suite splitting in effect</skipped></testcase><testcase classname="src.pymortests.affine_grid" file="src/pymortests/affine_grid.py" line="85" name="test_jacobian_inverse_transposed_shape[&lt;lambda&gt;42]" time="0.00040078163146972656"><skipped message="Suite splitting in effect" type="pytest.skip">src/pymortests/affine_grid.py:85: Suite splitting in effect</skipped></testcase><testcase classname="src.pymortests.affine_grid" file="src/pymortests/affine_grid.py" line="91" name="test_jacobian_inverse_transposed_values[&lt;lambda&gt;0]" time="0.00042176246643066406"><skipped message="Suite splitting in effect" type="pytest.skip">src/pymortests/affine_grid.py:91: Suite splitting in effect</skipped></testcase><testcase classname="src.pymortests.affine_grid" file="src/pymortests/affine_grid.py" line="91" name="test_jacobian_inverse_transposed_values[&lt;lambda&gt;1]" time="0.0004563331604003906"><skipped message="Suite splitting in effect" type="pytest.skip">src/pymortests/affine_grid.py:91: Suite splitting in effect</skipped></testcase><testcase classname="src.pymortests.affine_grid" file="src/pymortests/affine_grid.py" line="91" name="test_jacobian_inverse_transposed_values[&lt;lambda&gt;2]" time="0.00040793418884277344"><skipped message="Suite splitting in effect" type="pytest.skip">src/pymortests/affine_grid.py:91: Suite splitting in effect</skipped></testcase><testcase classname="src.pymortests.affine_grid" file="src/pymortests/affine_grid.py" line="91" name="test_jacobian_inverse_transposed_values[&lt;lambda&gt;3]" time="0.0004248619079589844"><skipped message="Suite splitting in effect" type="pytest.skip">src/pymortests/affine_grid.py:91: Suite splitting in effect</skipped></testcase><testcase classname="src.pymortests.affine_grid" file="src/pymortests/affine_grid.py" line="91" name="test_jacobian_inverse_transposed_values[&lt;lambda&gt;4]" time="0.00042247772216796875"><skipped message="Suite splitting in effect" type="pytest.skip">src/pymortests/affine_grid.py:91: Suite splitting in effect</skipped></testcase><testcase classname="src.pymortests.affine_grid" file="src/pymortests/affine_grid.py" line="91" name="test_jacobian_inverse_transposed_values[&lt;lambda&gt;5]" time="0.0004057884216308594"><skipped message="Suite splitting in effect" type="pytest.skip">src/pymortests/affine_grid.py:91: Suite splitting in effect</skipped></testcase><testcase classname="src.pymortests.affine_grid" file="src/pymortests/affine_grid.py" line="91" name="test_jacobian_inverse_transposed_values[&lt;lambda&gt;6]" time="0.00044345855712890625"><skipped message="Suite splitting in effect" type="pytest.skip">src/pymortests/affine_grid.py:91: Suite splitting in effect</skipped></testcase><testcase classname="src.pymortests.affine_grid" file="src/pymortests/affine_grid.py" line="91" name="test_jacobian_inverse_transposed_values[&lt;lambda&gt;7]" time="0.0004096031188964844"><skipped message="Suite splitting in effect" type="pytest.skip">src/pymortests/affine_grid.py:91: Suite splitting in effect</skipped></testcase><testcase classname="src.pymortests.affine_grid" file="src/pymortests/affine_grid.py" line="91" name="test_jacobian_inverse_transposed_values[&lt;lambda&gt;8]" time="0.00041365623474121094"><skipped message="Suite splitting in effect" type="pytest.skip">src/pymortests/affine_grid.py:91: Suite splitting in effect</skipped></testcase><testcase classname="src.pymortests.affine_grid" file="src/pymortests/affine_grid.py" line="91" name="test_jacobian_inverse_transposed_values[&lt;lambda&gt;9]" time="0.00046372413635253906"><skipped message="Suite splitting in effect" type="pytest.skip">src/pymortests/affine_grid.py:91: Suite splitting in effect</skipped></testcase><testcase classname="src.pymortests.affine_grid" file="src/pymortests/affine_grid.py" line="91" name="test_jacobian_inverse_transposed_values[&lt;lambda&gt;10]" time="0.0004100799560546875"><skipped message="Suite splitting in effect" type="pytest.skip">src/pymortests/affine_grid.py:91: Suite splitting in effect</skipped></testcase><testcase classname="src.pymortests.affine_grid" file="src/pymortests/affine_grid.py" line="91" name="test_jacobian_inverse_transposed_values[&lt;lambda&gt;11]" time="0.00040030479431152344"><skipped message="Suite splitting in effect" type="pytest.skip">src/pymortests/affine_grid.py:91: Suite splitting in effect</skipped></testcase><testcase classname="src.pymortests.affine_grid" file="src/pymortests/affine_grid.py" line="91" name="test_jacobian_inverse_transposed_values[&lt;lambda&gt;12]" time="0.00041866302490234375"><skipped message="Suite splitting in effect" type="pytest.skip">src/pymortests/affine_grid.py:91: Suite splitting in effect</skipped></testcase><testcase classname="src.pymortests.affine_grid" file="src/pymortests/affine_grid.py" line="91" name="test_jacobian_inverse_transposed_values[&lt;lambda&gt;13]" time="0.00043320655822753906"><skipped message="Suite splitting in effect" type="pytest.skip">src/pymortests/affine_grid.py:91: Suite splitting in effect</skipped></testcase><testcase classname="src.pymortests.affine_grid" file="src/pymortests/affine_grid.py" line="91" name="test_jacobian_inverse_transposed_values[&lt;lambda&gt;14]" time="0.00041961669921875"><skipped message="Suite splitting in effect" type="pytest.skip">src/pymortests/affine_grid.py:91: Suite splitting in effect</skipped></testcase><testcase classname="src.pymortests.affine_grid" file="src/pymortests/affine_grid.py" line="91" name="test_jacobian_inverse_transposed_values[&lt;lambda&gt;15]" time="0.0004181861877441406"><skipped message="Suite splitting in effect" type="pytest.skip">src/pymortests/affine_grid.py:91: Suite splitting in effect</skipped></testcase><testcase classname="src.pymortests.affine_grid" file="src/pymortests/affine_grid.py" line="91" name="test_jacobian_inverse_transposed_values[&lt;lambda&gt;16]" time="0.0004208087921142578"><skipped message="Suite splitting in effect" type="pytest.skip">src/pymortests/affine_grid.py:91: Suite splitting in effect</skipped></testcase><testcase classname="src.pymortests.affine_grid" file="src/pymortests/affine_grid.py" line="91" name="test_jacobian_inverse_transposed_values[&lt;lambda&gt;17]" time="0.00042629241943359375"><skipped message="Suite splitting in effect" type="pytest.skip">src/pymortests/affine_grid.py:91: Suite splitting in effect</skipped></testcase><testcase classname="src.pymortests.affine_grid" file="src/pymortests/affine_grid.py" line="91" name="test_jacobian_inverse_transposed_values[&lt;lambda&gt;18]" time="0.0004050731658935547"><skipped message="Suite splitting in effect" type="pytest.skip">src/pymortests/affine_grid.py:91: Suite splitting in effect</skipped></testcase><testcase classname="src.pymortests.affine_grid" file="src/pymortests/affine_grid.py" line="91" name="test_jacobian_inverse_transposed_values[&lt;lambda&gt;19]" time="0.0004673004150390625"><skipped message="Suite splitting in effect" type="pytest.skip">src/pymortests/affine_grid.py:91: Suite splitting in effect</skipped></testcase><testcase classname="src.pymortests.affine_grid" file="src/pymortests/affine_grid.py" line="91" name="test_jacobian_inverse_transposed_values[&lt;lambda&gt;20]" time="0.00039887428283691406"><skipped message="Suite splitting in effect" type="pytest.skip">src/pymortests/affine_grid.py:91: Suite splitting in effect</skipped></testcase><testcase classname="src.pymortests.affine_grid" file="src/pymortests/affine_grid.py" line="91" name="test_jacobian_inverse_transposed_values[&lt;lambda&gt;21]" time="0.0004172325134277344"><skipped message="Suite splitting in effect" type="pytest.skip">src/pymortests/affine_grid.py:91: Suite splitting in effect</skipped></testcase><testcase classname="src.pymortests.affine_grid" file="src/pymortests/affine_grid.py" line="91" name="test_jacobian_inverse_transposed_values[&lt;lambda&gt;22]" time="0.0003917217254638672"><skipped message="Suite splitting in effect" type="pytest.skip">src/pymortests/affine_grid.py:91: Suite splitting in effect</skipped></testcase><testcase classname="src.pymortests.affine_grid" file="src/pymortests/affine_grid.py" line="91" name="test_jacobian_inverse_transposed_values[&lt;lambda&gt;23]" time="0.0004048347473144531"><skipped message="Suite splitting in effect" type="pytest.skip">src/pymortests/affine_grid.py:91: Suite splitting in effect</skipped></testcase><testcase classname="src.pymortests.affine_grid" file="src/pymortests/affine_grid.py" line="91" name="test_jacobian_inverse_transposed_values[&lt;lambda&gt;24]" time="0.0003972053527832031"><skipped message="Suite splitting in effect" type="pytest.skip">src/pymortests/affine_grid.py:91: Suite splitting in effect</skipped></testcase><testcase classname="src.pymortests.affine_grid" file="src/pymortests/affine_grid.py" line="91" name="test_jacobian_inverse_transposed_values[&lt;lambda&gt;25]" time="0.00041103363037109375"><skipped message="Suite splitting in effect" type="pytest.skip">src/pymortests/affine_grid.py:91: Suite splitting in effect</skipped></testcase><testcase classname="src.pymortests.affine_grid" file="src/pymortests/affine_grid.py" line="91" name="test_jacobian_inverse_transposed_values[&lt;lambda&gt;26]" time="0.000385284423828125"><skipped message="Suite splitting in effect" type="pytest.skip">src/pymortests/affine_grid.py:91: Suite splitting in effect</skipped></testcase><testcase classname="src.pymortests.affine_grid" file="src/pymortests/affine_grid.py" line="91" name="test_jacobian_inverse_transposed_values[&lt;lambda&gt;27]" time="0.00041103363037109375"><skipped message="Suite splitting in effect" type="pytest.skip">src/pymortests/affine_grid.py:91: Suite splitting in effect</skipped></testcase><testcase classname="src.pymortests.affine_grid" file="src/pymortests/affine_grid.py" line="91" name="test_jacobian_inverse_transposed_values[&lt;lambda&gt;28]" time="0.00039124488830566406"><skipped message="Suite splitting in effect" type="pytest.skip">src/pymortests/affine_grid.py:91: Suite splitting in effect</skipped></testcase><testcase classname="src.pymortests.affine_grid" file="src/pymortests/affine_grid.py" line="91" name="test_jacobian_inverse_transposed_values[&lt;lambda&gt;29]" time="0.00041937828063964844"><skipped message="Suite splitting in effect" type="pytest.skip">src/pymortests/affine_grid.py:91: Suite splitting in effect</skipped></testcase><testcase classname="src.pymortests.affine_grid" file="src/pymortests/affine_grid.py" line="91" name="test_jacobian_inverse_transposed_values[&lt;lambda&gt;30]" time="0.00043010711669921875"><skipped message="Suite splitting in effect" type="pytest.skip">src/pymortests/affine_grid.py:91: Suite splitting in effect</skipped></testcase><testcase classname="src.pymortests.affine_grid" file="src/pymortests/affine_grid.py" line="91" name="test_jacobian_inverse_transposed_values[&lt;lambda&gt;31]" time="0.000385284423828125"><skipped message="Suite splitting in effect" type="pytest.skip">src/pymortests/affine_grid.py:91: Suite splitting in effect</skipped></testcase><testcase classname="src.pymortests.affine_grid" file="src/pymortests/affine_grid.py" line="91" name="test_jacobian_inverse_transposed_values[&lt;lambda&gt;32]" time="0.00041103363037109375"><skipped message="Suite splitting in effect" type="pytest.skip">src/pymortests/affine_grid.py:91: Suite splitting in effect</skipped></testcase><testcase classname="src.pymortests.affine_grid" file="src/pymortests/affine_grid.py" line="91" name="test_jacobian_inverse_transposed_values[&lt;lambda&gt;33]" time="0.00038433074951171875"><skipped message="Suite splitting in effect" type="pytest.skip">src/pymortests/affine_grid.py:91: Suite splitting in effect</skipped></testcase><testcase classname="src.pymortests.affine_grid" file="src/pymortests/affine_grid.py" line="91" name="test_jacobian_inverse_transposed_values[&lt;lambda&gt;34]" time="0.0003838539123535156"><skipped message="Suite splitting in effect" type="pytest.skip">src/pymortests/affine_grid.py:91: Suite splitting in effect</skipped></testcase><testcase classname="src.pymortests.affine_grid" file="src/pymortests/affine_grid.py" line="91" name="test_jacobian_inverse_transposed_values[&lt;lambda&gt;35]" time="0.0003898143768310547"><skipped message="Suite splitting in effect" type="pytest.skip">src/pymortests/affine_grid.py:91: Suite splitting in effect</skipped></testcase><testcase classname="src.pymortests.affine_grid" file="src/pymortests/affine_grid.py" line="91" name="test_jacobian_inverse_transposed_values[&lt;lambda&gt;36]" time="0.00044918060302734375"><skipped message="Suite splitting in effect" type="pytest.skip">src/pymortests/affine_grid.py:91: Suite splitting in effect</skipped></testcase><testcase classname="src.pymortests.affine_grid" file="src/pymortests/affine_grid.py" line="91" name="test_jacobian_inverse_transposed_values[&lt;lambda&gt;37]" time="0.00039768218994140625"><skipped message="Suite splitting in effect" type="pytest.skip">src/pymortests/affine_grid.py:91: Suite splitting in effect</skipped></testcase><testcase classname="src.pymortests.affine_grid" file="src/pymortests/affine_grid.py" line="91" name="test_jacobian_inverse_transposed_values[&lt;lambda&gt;38]" time="0.0004112720489501953"><skipped message="Suite splitting in effect" type="pytest.skip">src/pymortests/affine_grid.py:91: Suite splitting in effect</skipped></testcase><testcase classname="src.pymortests.affine_grid" file="src/pymortests/affine_grid.py" line="91" name="test_jacobian_inverse_transposed_values[&lt;lambda&gt;39]" time="0.0004417896270751953"><skipped message="Suite splitting in effect" type="pytest.skip">src/pymortests/affine_grid.py:91: Suite splitting in effect</skipped></testcase><testcase classname="src.pymortests.affine_grid" file="src/pymortests/affine_grid.py" line="91" name="test_jacobian_inverse_transposed_values[&lt;lambda&gt;40]" time="0.00038743019104003906"><skipped message="Suite splitting in effect" type="pytest.skip">src/pymortests/affine_grid.py:91: Suite splitting in effect</skipped></testcase><testcase classname="src.pymortests.affine_grid" file="src/pymortests/affine_grid.py" line="91" name="test_jacobian_inverse_transposed_values[&lt;lambda&gt;41]" time="0.00042629241943359375"><skipped message="Suite splitting in effect" type="pytest.skip">src/pymortests/affine_grid.py:91: Suite splitting in effect</skipped></testcase><testcase classname="src.pymortests.affine_grid" file="src/pymortests/affine_grid.py" line="91" name="test_jacobian_inverse_transposed_values[&lt;lambda&gt;42]" time="0.0004425048828125"><skipped message="Suite splitting in effect" type="pytest.skip">src/pymortests/affine_grid.py:91: Suite splitting in effect</skipped></testcase><testcase classname="src.pymortests.affine_grid" file="src/pymortests/affine_grid.py" line="100" name="test_integration_elements_wrong_arguments[&lt;lambda&gt;0]" time="0.000423431396484375"><skipped message="Suite splitting in effect" type="pytest.skip">src/pymortests/affine_grid.py:100: Suite splitting in effect</skipped></testcase><testcase classname="src.pymortests.affine_grid" file="src/pymortests/affine_grid.py" line="100" name="test_integration_elements_wrong_arguments[&lt;lambda&gt;1]" time="0.0003910064697265625"><skipped message="Suite splitting in effect" type="pytest.skip">src/pymortests/affine_grid.py:100: Suite splitting in effect</skipped></testcase><testcase classname="src.pymortests.affine_grid" file="src/pymortests/affine_grid.py" line="100" name="test_integration_elements_wrong_arguments[&lt;lambda&gt;2]" time="0.00039386749267578125"><skipped message="Suite splitting in effect" type="pytest.skip">src/pymortests/affine_grid.py:100: Suite splitting in effect</skipped></testcase><testcase classname="src.pymortests.affine_grid" file="src/pymortests/affine_grid.py" line="100" name="test_integration_elements_wrong_arguments[&lt;lambda&gt;3]" time="0.00039386749267578125"><skipped message="Suite splitting in effect" type="pytest.skip">src/pymortests/affine_grid.py:100: Suite splitting in effect</skipped></testcase><testcase classname="src.pymortests.affine_grid" file="src/pymortests/affine_grid.py" line="100" name="test_integration_elements_wrong_arguments[&lt;lambda&gt;4]" time="0.0004382133483886719"><skipped message="Suite splitting in effect" type="pytest.skip">src/pymortests/affine_grid.py:100: Suite splitting in effect</skipped></testcase><testcase classname="src.pymortests.affine_grid" file="src/pymortests/affine_grid.py" line="100" name="test_integration_elements_wrong_arguments[&lt;lambda&gt;5]" time="0.0003974437713623047"><skipped message="Suite splitting in effect" type="pytest.skip">src/pymortests/affine_grid.py:100: Suite splitting in effect</skipped></testcase><testcase classname="src.pymortests.affine_grid" file="src/pymortests/affine_grid.py" line="100" name="test_integration_elements_wrong_arguments[&lt;lambda&gt;6]" time="0.0003979206085205078"><skipped message="Suite splitting in effect" type="pytest.skip">src/pymortests/affine_grid.py:100: Suite splitting in effect</skipped></testcase><testcase classname="src.pymortests.affine_grid" file="src/pymortests/affine_grid.py" line="100" name="test_integration_elements_wrong_arguments[&lt;lambda&gt;7]" time="0.0004284381866455078"><skipped message="Suite splitting in effect" type="pytest.skip">src/pymortests/affine_grid.py:100: Suite splitting in effect</skipped></testcase><testcase classname="src.pymortests.affine_grid" file="src/pymortests/affine_grid.py" line="100" name="test_integration_elements_wrong_arguments[&lt;lambda&gt;8]" time="0.000396728515625"><skipped message="Suite splitting in effect" type="pytest.skip">src/pymortests/affine_grid.py:100: Suite splitting in effect</skipped></testcase><testcase classname="src.pymortests.affine_grid" file="src/pymortests/affine_grid.py" line="100" name="test_integration_elements_wrong_arguments[&lt;lambda&gt;9]" time="0.00043010711669921875"><skipped message="Suite splitting in effect" type="pytest.skip">src/pymortests/affine_grid.py:100: Suite splitting in effect</skipped></testcase><testcase classname="src.pymortests.affine_grid" file="src/pymortests/affine_grid.py" line="100" name="test_integration_elements_wrong_arguments[&lt;lambda&gt;10]" time="0.00042629241943359375"><skipped message="Suite splitting in effect" type="pytest.skip">src/pymortests/affine_grid.py:100: Suite splitting in effect</skipped></testcase><testcase classname="src.pymortests.affine_grid" file="src/pymortests/affine_grid.py" line="100" name="test_integration_elements_wrong_arguments[&lt;lambda&gt;11]" time="0.0004138946533203125"><skipped message="Suite splitting in effect" type="pytest.skip">src/pymortests/affine_grid.py:100: Suite splitting in effect</skipped></testcase><testcase classname="src.pymortests.affine_grid" file="src/pymortests/affine_grid.py" line="100" name="test_integration_elements_wrong_arguments[&lt;lambda&gt;12]" time="0.00040435791015625"><skipped message="Suite splitting in effect" type="pytest.skip">src/pymortests/affine_grid.py:100: Suite splitting in effect</skipped></testcase><testcase classname="src.pymortests.affine_grid" file="src/pymortests/affine_grid.py" line="100" name="test_integration_elements_wrong_arguments[&lt;lambda&gt;13]" time="0.0006730556488037109"><skipped message="Suite splitting in effect" type="pytest.skip">src/pymortests/affine_grid.py:100: Suite splitting in effect</skipped></testcase><testcase classname="src.pymortests.affine_grid" file="src/pymortests/affine_grid.py" line="100" name="test_integration_elements_wrong_arguments[&lt;lambda&gt;14]" time="0.0003859996795654297"><skipped message="Suite splitting in effect" type="pytest.skip">src/pymortests/affine_grid.py:100: Suite splitting in effect</skipped></testcase><testcase classname="src.pymortests.affine_grid" file="src/pymortests/affine_grid.py" line="100" name="test_integration_elements_wrong_arguments[&lt;lambda&gt;15]" time="0.0004200935363769531"><skipped message="Suite splitting in effect" type="pytest.skip">src/pymortests/affine_grid.py:100: Suite splitting in effect</skipped></testcase><testcase classname="src.pymortests.affine_grid" file="src/pymortests/affine_grid.py" line="100" name="test_integration_elements_wrong_arguments[&lt;lambda&gt;16]" time="0.0003879070281982422"><skipped message="Suite splitting in effect" type="pytest.skip">src/pymortests/affine_grid.py:100: Suite splitting in effect</skipped></testcase><testcase classname="src.pymortests.affine_grid" file="src/pymortests/affine_grid.py" line="100" name="test_integration_elements_wrong_arguments[&lt;lambda&gt;17]" time="0.0003895759582519531"><skipped message="Suite splitting in effect" type="pytest.skip">src/pymortests/affine_grid.py:100: Suite splitting in effect</skipped></testcase><testcase classname="src.pymortests.affine_grid" file="src/pymortests/affine_grid.py" line="100" name="test_integration_elements_wrong_arguments[&lt;lambda&gt;18]" time="0.00039458274841308594"><skipped message="Suite splitting in effect" type="pytest.skip">src/pymortests/affine_grid.py:100: Suite splitting in effect</skipped></testcase><testcase classname="src.pymortests.affine_grid" file="src/pymortests/affine_grid.py" line="100" name="test_integration_elements_wrong_arguments[&lt;lambda&gt;19]" time="0.00038814544677734375"><skipped message="Suite splitting in effect" type="pytest.skip">src/pymortests/affine_grid.py:100: Suite splitting in effect</skipped></testcase><testcase classname="src.pymortests.affine_grid" file="src/pymortests/affine_grid.py" line="100" name="test_integration_elements_wrong_arguments[&lt;lambda&gt;20]" time="0.0003941059112548828"><skipped message="Suite splitting in effect" type="pytest.skip">src/pymortests/affine_grid.py:100: Suite splitting in effect</skipped></testcase><testcase classname="src.pymortests.affine_grid" file="src/pymortests/affine_grid.py" line="100" name="test_integration_elements_wrong_arguments[&lt;lambda&gt;21]" time="0.0004115104675292969"><skipped message="Suite splitting in effect" type="pytest.skip">src/pymortests/affine_grid.py:100: Suite splitting in effect</skipped></testcase><testcase classname="src.pymortests.affine_grid" file="src/pymortests/affine_grid.py" line="100" name="test_integration_elements_wrong_arguments[&lt;lambda&gt;22]" time="0.00038695335388183594"><skipped message="Suite splitting in effect" type="pytest.skip">src/pymortests/affine_grid.py:100: Suite splitting in effect</skipped></testcase><testcase classname="src.pymortests.affine_grid" file="src/pymortests/affine_grid.py" line="100" name="test_integration_elements_wrong_arguments[&lt;lambda&gt;23]" time="0.00040531158447265625"><skipped message="Suite splitting in effect" type="pytest.skip">src/pymortests/affine_grid.py:100: Suite splitting in effect</skipped></testcase><testcase classname="src.pymortests.affine_grid" file="src/pymortests/affine_grid.py" line="100" name="test_integration_elements_wrong_arguments[&lt;lambda&gt;24]" time="0.00041484832763671875"><skipped message="Suite splitting in effect" type="pytest.skip">src/pymortests/affine_grid.py:100: Suite splitting in effect</skipped></testcase><testcase classname="src.pymortests.affine_grid" file="src/pymortests/affine_grid.py" line="100" name="test_integration_elements_wrong_arguments[&lt;lambda&gt;25]" time="0.0004267692565917969"><skipped message="Suite splitting in effect" type="pytest.skip">src/pymortests/affine_grid.py:100: Suite splitting in effect</skipped></testcase><testcase classname="src.pymortests.affine_grid" file="src/pymortests/affine_grid.py" line="100" name="test_integration_elements_wrong_arguments[&lt;lambda&gt;26]" time="0.00041675567626953125"><skipped message="Suite splitting in effect" type="pytest.skip">src/pymortests/affine_grid.py:100: Suite splitting in effect</skipped></testcase><testcase classname="src.pymortests.affine_grid" file="src/pymortests/affine_grid.py" line="100" name="test_integration_elements_wrong_arguments[&lt;lambda&gt;27]" time="0.00040221214294433594"><skipped message="Suite splitting in effect" type="pytest.skip">src/pymortests/affine_grid.py:100: Suite splitting in effect</skipped></testcase><testcase classname="src.pymortests.affine_grid" file="src/pymortests/affine_grid.py" line="100" name="test_integration_elements_wrong_arguments[&lt;lambda&gt;28]" time="0.00039577484130859375"><skipped message="Suite splitting in effect" type="pytest.skip">src/pymortests/affine_grid.py:100: Suite splitting in effect</skipped></testcase><testcase classname="src.pymortests.affine_grid" file="src/pymortests/affine_grid.py" line="100" name="test_integration_elements_wrong_arguments[&lt;lambda&gt;29]" time="0.0006849765777587891"><skipped message="Suite splitting in effect" type="pytest.skip">src/pymortests/affine_grid.py:100: Suite splitting in effect</skipped></testcase><testcase classname="src.pymortests.affine_grid" file="src/pymortests/affine_grid.py" line="100" name="test_integration_elements_wrong_arguments[&lt;lambda&gt;30]" time="0.00038814544677734375"><skipped message="Suite splitting in effect" type="pytest.skip">src/pymortests/affine_grid.py:100: Suite splitting in effect</skipped></testcase><testcase classname="src.pymortests.affine_grid" file="src/pymortests/affine_grid.py" line="100" name="test_integration_elements_wrong_arguments[&lt;lambda&gt;31]" time="0.00038552284240722656"><skipped message="Suite splitting in effect" type="pytest.skip">src/pymortests/affine_grid.py:100: Suite splitting in effect</skipped></testcase><testcase classname="src.pymortests.affine_grid" file="src/pymortests/affine_grid.py" line="100" name="test_integration_elements_wrong_arguments[&lt;lambda&gt;32]" time="0.0003826618194580078"><skipped message="Suite splitting in effect" type="pytest.skip">src/pymortests/affine_grid.py:100: Suite splitting in effect</skipped></testcase><testcase classname="src.pymortests.affine_grid" file="src/pymortests/affine_grid.py" line="100" name="test_integration_elements_wrong_arguments[&lt;lambda&gt;33]" time="0.0004143714904785156"><skipped message="Suite splitting in effect" type="pytest.skip">src/pymortests/affine_grid.py:100: Suite splitting in effect</skipped></testcase><testcase classname="src.pymortests.affine_grid" file="src/pymortests/affine_grid.py" line="100" name="test_integration_elements_wrong_arguments[&lt;lambda&gt;34]" time="0.00042128562927246094"><skipped message="Suite splitting in effect" type="pytest.skip">src/pymortests/affine_grid.py:100: Suite splitting in effect</skipped></testcase><testcase classname="src.pymortests.affine_grid" file="src/pymortests/affine_grid.py" line="100" name="test_integration_elements_wrong_arguments[&lt;lambda&gt;35]" time="0.0003876686096191406"><skipped message="Suite splitting in effect" type="pytest.skip">src/pymortests/affine_grid.py:100: Suite splitting in effect</skipped></testcase><testcase classname="src.pymortests.affine_grid" file="src/pymortests/affine_grid.py" line="100" name="test_integration_elements_wrong_arguments[&lt;lambda&gt;36]" time="0.0003924369812011719"><skipped message="Suite splitting in effect" type="pytest.skip">src/pymortests/affine_grid.py:100: Suite splitting in effect</skipped></testcase><testcase classname="src.pymortests.affine_grid" file="src/pymortests/affine_grid.py" line="100" name="test_integration_elements_wrong_arguments[&lt;lambda&gt;37]" time="0.0006628036499023438"><skipped message="Suite splitting in effect" type="pytest.skip">src/pymortests/affine_grid.py:100: Suite splitting in effect</skipped></testcase><testcase classname="src.pymortests.affine_grid" file="src/pymortests/affine_grid.py" line="100" name="test_integration_elements_wrong_arguments[&lt;lambda&gt;38]" time="0.00040459632873535156"><skipped message="Suite splitting in effect" type="pytest.skip">src/pymortests/affine_grid.py:100: Suite splitting in effect</skipped></testcase><testcase classname="src.pymortests.affine_grid" file="src/pymortests/affine_grid.py" line="100" name="test_integration_elements_wrong_arguments[&lt;lambda&gt;39]" time="0.0003795623779296875"><skipped message="Suite splitting in effect" type="pytest.skip">src/pymortests/affine_grid.py:100: Suite splitting in effect</skipped></testcase><testcase classname="src.pymortests.affine_grid" file="src/pymortests/affine_grid.py" line="100" name="test_integration_elements_wrong_arguments[&lt;lambda&gt;40]" time="0.0003902912139892578"><skipped message="Suite splitting in effect" type="pytest.skip">src/pymortests/affine_grid.py:100: Suite splitting in effect</skipped></testcase><testcase classname="src.pymortests.affine_grid" file="src/pymortests/affine_grid.py" line="100" name="test_integration_elements_wrong_arguments[&lt;lambda&gt;41]" time="0.0004050731658935547"><skipped message="Suite splitting in effect" type="pytest.skip">src/pymortests/affine_grid.py:100: Suite splitting in effect</skipped></testcase><testcase classname="src.pymortests.affine_grid" file="src/pymortests/affine_grid.py" line="100" name="test_integration_elements_wrong_arguments[&lt;lambda&gt;42]" time="0.00043082237243652344"><skipped message="Suite splitting in effect" type="pytest.skip">src/pymortests/affine_grid.py:100: Suite splitting in effect</skipped></testcase><testcase classname="src.pymortests.affine_grid" file="src/pymortests/affine_grid.py" line="108" name="test_integration_elements_shape[&lt;lambda&gt;0]" time="0.0004131793975830078"><skipped message="Suite splitting in effect" type="pytest.skip">src/pymortests/affine_grid.py:108: Suite splitting in effect</skipped></testcase><testcase classname="src.pymortests.affine_grid" file="src/pymortests/affine_grid.py" line="108" name="test_integration_elements_shape[&lt;lambda&gt;1]" time="0.00039267539978027344"><skipped message="Suite splitting in effect" type="pytest.skip">src/pymortests/affine_grid.py:108: Suite splitting in effect</skipped></testcase><testcase classname="src.pymortests.affine_grid" file="src/pymortests/affine_grid.py" line="108" name="test_integration_elements_shape[&lt;lambda&gt;2]" time="0.0006549358367919922"><skipped message="Suite splitting in effect" type="pytest.skip">src/pymortests/affine_grid.py:108: Suite splitting in effect</skipped></testcase><testcase classname="src.pymortests.affine_grid" file="src/pymortests/affine_grid.py" line="108" name="test_integration_elements_shape[&lt;lambda&gt;3]" time="0.00041985511779785156"><skipped message="Suite splitting in effect" type="pytest.skip">src/pymortests/affine_grid.py:108: Suite splitting in effect</skipped></testcase><testcase classname="src.pymortests.affine_grid" file="src/pymortests/affine_grid.py" line="108" name="test_integration_elements_shape[&lt;lambda&gt;4]" time="0.0004420280456542969"><skipped message="Suite splitting in effect" type="pytest.skip">src/pymortests/affine_grid.py:108: Suite splitting in effect</skipped></testcase><testcase classname="src.pymortests.affine_grid" file="src/pymortests/affine_grid.py" line="108" name="test_integration_elements_shape[&lt;lambda&gt;5]" time="0.0003960132598876953"><skipped message="Suite splitting in effect" type="pytest.skip">src/pymortests/affine_grid.py:108: Suite splitting in effect</skipped></testcase><testcase classname="src.pymortests.affine_grid" file="src/pymortests/affine_grid.py" line="108" name="test_integration_elements_shape[&lt;lambda&gt;6]" time="0.0004572868347167969"><skipped message="Suite splitting in effect" type="pytest.skip">src/pymortests/affine_grid.py:108: Suite splitting in effect</skipped></testcase><testcase classname="src.pymortests.affine_grid" file="src/pymortests/affine_grid.py" line="108" name="test_integration_elements_shape[&lt;lambda&gt;7]" time="0.00040793418884277344"><skipped message="Suite splitting in effect" type="pytest.skip">src/pymortests/affine_grid.py:108: Suite splitting in effect</skipped></testcase><testcase classname="src.pymortests.affine_grid" file="src/pymortests/affine_grid.py" line="108" name="test_integration_elements_shape[&lt;lambda&gt;8]" time="0.0003917217254638672"><skipped message="Suite splitting in effect" type="pytest.skip">src/pymortests/affine_grid.py:108: Suite splitting in effect</skipped></testcase><testcase classname="src.pymortests.affine_grid" file="src/pymortests/affine_grid.py" line="108" name="test_integration_elements_shape[&lt;lambda&gt;9]" time="0.00038552284240722656"><skipped message="Suite splitting in effect" type="pytest.skip">src/pymortests/affine_grid.py:108: Suite splitting in effect</skipped></testcase><testcase classname="src.pymortests.affine_grid" file="src/pymortests/affine_grid.py" line="108" name="test_integration_elements_shape[&lt;lambda&gt;10]" time="0.0007431507110595703"><skipped message="Suite splitting in effect" type="pytest.skip">src/pymortests/affine_grid.py:108: Suite splitting in effect</skipped></testcase><testcase classname="src.pymortests.affine_grid" file="src/pymortests/affine_grid.py" line="108" name="test_integration_elements_shape[&lt;lambda&gt;11]" time="0.0004062652587890625"><skipped message="Suite splitting in effect" type="pytest.skip">src/pymortests/affine_grid.py:108: Suite splitting in effect</skipped></testcase><testcase classname="src.pymortests.affine_grid" file="src/pymortests/affine_grid.py" line="108" name="test_integration_elements_shape[&lt;lambda&gt;12]" time="0.0003859996795654297"><skipped message="Suite splitting in effect" type="pytest.skip">src/pymortests/affine_grid.py:108: Suite splitting in effect</skipped></testcase><testcase classname="src.pymortests.affine_grid" file="src/pymortests/affine_grid.py" line="108" name="test_integration_elements_shape[&lt;lambda&gt;13]" time="0.00038886070251464844"><skipped message="Suite splitting in effect" type="pytest.skip">src/pymortests/affine_grid.py:108: Suite splitting in effect</skipped></testcase><testcase classname="src.pymortests.affine_grid" file="src/pymortests/affine_grid.py" line="108" name="test_integration_elements_shape[&lt;lambda&gt;14]" time="0.0003917217254638672"><skipped message="Suite splitting in effect" type="pytest.skip">src/pymortests/affine_grid.py:108: Suite splitting in effect</skipped></testcase><testcase classname="src.pymortests.affine_grid" file="src/pymortests/affine_grid.py" line="108" name="test_integration_elements_shape[&lt;lambda&gt;15]" time="0.0004184246063232422"><skipped message="Suite splitting in effect" type="pytest.skip">src/pymortests/affine_grid.py:108: Suite splitting in effect</skipped></testcase><testcase classname="src.pymortests.affine_grid" file="src/pymortests/affine_grid.py" line="108" name="test_integration_elements_shape[&lt;lambda&gt;16]" time="0.0004334449768066406"><skipped message="Suite splitting in effect" type="pytest.skip">src/pymortests/affine_grid.py:108: Suite splitting in effect</skipped></testcase><testcase classname="src.pymortests.affine_grid" file="src/pymortests/affine_grid.py" line="108" name="test_integration_elements_shape[&lt;lambda&gt;17]" time="0.0004138946533203125"><skipped message="Suite splitting in effect" type="pytest.skip">src/pymortests/affine_grid.py:108: Suite splitting in effect</skipped></testcase><testcase classname="src.pymortests.affine_grid" file="src/pymortests/affine_grid.py" line="108" name="test_integration_elements_shape[&lt;lambda&gt;18]" time="0.0008230209350585938"><skipped message="Suite splitting in effect" type="pytest.skip">src/pymortests/affine_grid.py:108: Suite splitting in effect</skipped></testcase><testcase classname="src.pymortests.affine_grid" file="src/pymortests/affine_grid.py" line="108" name="test_integration_elements_shape[&lt;lambda&gt;19]" time="0.0004200935363769531"><skipped message="Suite splitting in effect" type="pytest.skip">src/pymortests/affine_grid.py:108: Suite splitting in effect</skipped></testcase><testcase classname="src.pymortests.affine_grid" file="src/pymortests/affine_grid.py" line="108" name="test_integration_elements_shape[&lt;lambda&gt;20]" time="0.0003898143768310547"><skipped message="Suite splitting in effect" type="pytest.skip">src/pymortests/affine_grid.py:108: Suite splitting in effect</skipped></testcase><testcase classname="src.pymortests.affine_grid" file="src/pymortests/affine_grid.py" line="108" name="test_integration_elements_shape[&lt;lambda&gt;21]" time="0.0003924369812011719"><skipped message="Suite splitting in effect" type="pytest.skip">src/pymortests/affine_grid.py:108: Suite splitting in effect</skipped></testcase><testcase classname="src.pymortests.affine_grid" file="src/pymortests/affine_grid.py" line="108" name="test_integration_elements_shape[&lt;lambda&gt;22]" time="0.0004012584686279297"><skipped message="Suite splitting in effect" type="pytest.skip">src/pymortests/affine_grid.py:108: Suite splitting in effect</skipped></testcase><testcase classname="src.pymortests.affine_grid" file="src/pymortests/affine_grid.py" line="108" name="test_integration_elements_shape[&lt;lambda&gt;23]" time="0.0004341602325439453"><skipped message="Suite splitting in effect" type="pytest.skip">src/pymortests/affine_grid.py:108: Suite splitting in effect</skipped></testcase><testcase classname="src.pymortests.affine_grid" file="src/pymortests/affine_grid.py" line="108" name="test_integration_elements_shape[&lt;lambda&gt;24]" time="0.0004124641418457031"><skipped message="Suite splitting in effect" type="pytest.skip">src/pymortests/affine_grid.py:108: Suite splitting in effect</skipped></testcase><testcase classname="src.pymortests.affine_grid" file="src/pymortests/affine_grid.py" line="108" name="test_integration_elements_shape[&lt;lambda&gt;25]" time="0.00042557716369628906"><skipped message="Suite splitting in effect" type="pytest.skip">src/pymortests/affine_grid.py:108: Suite splitting in effect</skipped></testcase><testcase classname="src.pymortests.affine_grid" file="src/pymortests/affine_grid.py" line="108" name="test_integration_elements_shape[&lt;lambda&gt;26]" time="0.0007588863372802734"><skipped message="Suite splitting in effect" type="pytest.skip">src/pymortests/affine_grid.py:108: Suite splitting in effect</skipped></testcase><testcase classname="src.pymortests.affine_grid" file="src/pymortests/affine_grid.py" line="108" name="test_integration_elements_shape[&lt;lambda&gt;27]" time="0.0003840923309326172"><skipped message="Suite splitting in effect" type="pytest.skip">src/pymortests/affine_grid.py:108: Suite splitting in effect</skipped></testcase><testcase classname="src.pymortests.affine_grid" file="src/pymortests/affine_grid.py" line="108" name="test_integration_elements_shape[&lt;lambda&gt;28]" time="0.0004107952117919922"><skipped message="Suite splitting in effect" type="pytest.skip">src/pymortests/affine_grid.py:108: Suite splitting in effect</skipped></testcase><testcase classname="src.pymortests.affine_grid" file="src/pymortests/affine_grid.py" line="108" name="test_integration_elements_shape[&lt;lambda&gt;29]" time="0.0004374980926513672"><skipped message="Suite splitting in effect" type="pytest.skip">src/pymortests/affine_grid.py:108: Suite splitting in effect</skipped></testcase><testcase classname="src.pymortests.affine_grid" file="src/pymortests/affine_grid.py" line="108" name="test_integration_elements_shape[&lt;lambda&gt;30]" time="0.0004284381866455078"><skipped message="Suite splitting in effect" type="pytest.skip">src/pymortests/affine_grid.py:108: Suite splitting in effect</skipped></testcase><testcase classname="src.pymortests.affine_grid" file="src/pymortests/affine_grid.py" line="108" name="test_integration_elements_shape[&lt;lambda&gt;31]" time="0.00043702125549316406"><skipped message="Suite splitting in effect" type="pytest.skip">src/pymortests/affine_grid.py:108: Suite splitting in effect</skipped></testcase><testcase classname="src.pymortests.affine_grid" file="src/pymortests/affine_grid.py" line="108" name="test_integration_elements_shape[&lt;lambda&gt;32]" time="0.0004425048828125"><skipped message="Suite splitting in effect" type="pytest.skip">src/pymortests/affine_grid.py:108: Suite splitting in effect</skipped></testcase><testcase classname="src.pymortests.affine_grid" file="src/pymortests/affine_grid.py" line="108" name="test_integration_elements_shape[&lt;lambda&gt;33]" time="0.00041985511779785156"><skipped message="Suite splitting in effect" type="pytest.skip">src/pymortests/affine_grid.py:108: Suite splitting in effect</skipped></testcase><testcase classname="src.pymortests.affine_grid" file="src/pymortests/affine_grid.py" line="108" name="test_integration_elements_shape[&lt;lambda&gt;34]" time="0.0007185935974121094"><skipped message="Suite splitting in effect" type="pytest.skip">src/pymortests/affine_grid.py:108: Suite splitting in effect</skipped></testcase><testcase classname="src.pymortests.affine_grid" file="src/pymortests/affine_grid.py" line="108" name="test_integration_elements_shape[&lt;lambda&gt;35]" time="0.00038814544677734375"><skipped message="Suite splitting in effect" type="pytest.skip">src/pymortests/affine_grid.py:108: Suite splitting in effect</skipped></testcase><testcase classname="src.pymortests.affine_grid" file="src/pymortests/affine_grid.py" line="108" name="test_integration_elements_shape[&lt;lambda&gt;36]" time="0.00040841102600097656"><skipped message="Suite splitting in effect" type="pytest.skip">src/pymortests/affine_grid.py:108: Suite splitting in effect</skipped></testcase><testcase classname="src.pymortests.affine_grid" file="src/pymortests/affine_grid.py" line="108" name="test_integration_elements_shape[&lt;lambda&gt;37]" time="0.00043463706970214844"><skipped message="Suite splitting in effect" type="pytest.skip">src/pymortests/affine_grid.py:108: Suite splitting in effect</skipped></testcase><testcase classname="src.pymortests.affine_grid" file="src/pymortests/affine_grid.py" line="108" name="test_integration_elements_shape[&lt;lambda&gt;38]" time="0.0003905296325683594"><skipped message="Suite splitting in effect" type="pytest.skip">src/pymortests/affine_grid.py:108: Suite splitting in effect</skipped></testcase><testcase classname="src.pymortests.affine_grid" file="src/pymortests/affine_grid.py" line="108" name="test_integration_elements_shape[&lt;lambda&gt;39]" time="0.0003921985626220703"><skipped message="Suite splitting in effect" type="pytest.skip">src/pymortests/affine_grid.py:108: Suite splitting in effect</skipped></testcase><testcase classname="src.pymortests.affine_grid" file="src/pymortests/affine_grid.py" line="108" name="test_integration_elements_shape[&lt;lambda&gt;40]" time="0.0004220008850097656"><skipped message="Suite splitting in effect" type="pytest.skip">src/pymortests/affine_grid.py:108: Suite splitting in effect</skipped></testcase><testcase classname="src.pymortests.affine_grid" file="src/pymortests/affine_grid.py" line="108" name="test_integration_elements_shape[&lt;lambda&gt;41]" time="0.0004019737243652344"><skipped message="Suite splitting in effect" type="pytest.skip">src/pymortests/affine_grid.py:108: Suite splitting in effect</skipped></testcase><testcase classname="src.pymortests.affine_grid" file="src/pymortests/affine_grid.py" line="108" name="test_integration_elements_shape[&lt;lambda&gt;42]" time="0.0006570816040039062"><skipped message="Suite splitting in effect" type="pytest.skip">src/pymortests/affine_grid.py:108: Suite splitting in effect</skipped></testcase><testcase classname="src.pymortests.affine_grid" file="src/pymortests/affine_grid.py" line="114" name="test_integration_elements_values[&lt;lambda&gt;0]" time="0.000415802001953125"><skipped message="Suite splitting in effect" type="pytest.skip">src/pymortests/affine_grid.py:114: Suite splitting in effect</skipped></testcase><testcase classname="src.pymortests.affine_grid" file="src/pymortests/affine_grid.py" line="114" name="test_integration_elements_values[&lt;lambda&gt;1]" time="0.00039958953857421875"><skipped message="Suite splitting in effect" type="pytest.skip">src/pymortests/affine_grid.py:114: Suite splitting in effect</skipped></testcase><testcase classname="src.pymortests.affine_grid" file="src/pymortests/affine_grid.py" line="114" name="test_integration_elements_values[&lt;lambda&gt;2]" time="0.0004153251647949219"><skipped message="Suite splitting in effect" type="pytest.skip">src/pymortests/affine_grid.py:114: Suite splitting in effect</skipped></testcase><testcase classname="src.pymortests.affine_grid" file="src/pymortests/affine_grid.py" line="114" name="test_integration_elements_values[&lt;lambda&gt;3]" time="0.00039577484130859375"><skipped message="Suite splitting in effect" type="pytest.skip">src/pymortests/affine_grid.py:114: Suite splitting in effect</skipped></testcase><testcase classname="src.pymortests.affine_grid" file="src/pymortests/affine_grid.py" line="114" name="test_integration_elements_values[&lt;lambda&gt;4]" time="0.00039839744567871094"><skipped message="Suite splitting in effect" type="pytest.skip">src/pymortests/affine_grid.py:114: Suite splitting in effect</skipped></testcase><testcase classname="src.pymortests.affine_grid" file="src/pymortests/affine_grid.py" line="114" name="test_integration_elements_values[&lt;lambda&gt;5]" time="0.0003952980041503906"><skipped message="Suite splitting in effect" type="pytest.skip">src/pymortests/affine_grid.py:114: Suite splitting in effect</skipped></testcase><testcase classname="src.pymortests.affine_grid" file="src/pymortests/affine_grid.py" line="114" name="test_integration_elements_values[&lt;lambda&gt;6]" time="0.00042128562927246094"><skipped message="Suite splitting in effect" type="pytest.skip">src/pymortests/affine_grid.py:114: Suite splitting in effect</skipped></testcase><testcase classname="src.pymortests.affine_grid" file="src/pymortests/affine_grid.py" line="114" name="test_integration_elements_values[&lt;lambda&gt;7]" time="0.0008754730224609375"><skipped message="Suite splitting in effect" type="pytest.skip">src/pymortests/affine_grid.py:114: Suite splitting in effect</skipped></testcase><testcase classname="src.pymortests.affine_grid" file="src/pymortests/affine_grid.py" line="114" name="test_integration_elements_values[&lt;lambda&gt;8]" time="0.0004112720489501953"><skipped message="Suite splitting in effect" type="pytest.skip">src/pymortests/affine_grid.py:114: Suite splitting in effect</skipped></testcase><testcase classname="src.pymortests.affine_grid" file="src/pymortests/affine_grid.py" line="114" name="test_integration_elements_values[&lt;lambda&gt;9]" time="0.0004284381866455078"><skipped message="Suite splitting in effect" type="pytest.skip">src/pymortests/affine_grid.py:114: Suite splitting in effect</skipped></testcase><testcase classname="src.pymortests.affine_grid" file="src/pymortests/affine_grid.py" line="114" name="test_integration_elements_values[&lt;lambda&gt;10]" time="0.0004055500030517578"><skipped message="Suite splitting in effect" type="pytest.skip">src/pymortests/affine_grid.py:114: Suite splitting in effect</skipped></testcase><testcase classname="src.pymortests.affine_grid" file="src/pymortests/affine_grid.py" line="114" name="test_integration_elements_values[&lt;lambda&gt;11]" time="0.0003883838653564453"><skipped message="Suite splitting in effect" type="pytest.skip">src/pymortests/affine_grid.py:114: Suite splitting in effect</skipped></testcase><testcase classname="src.pymortests.affine_grid" file="src/pymortests/affine_grid.py" line="114" name="test_integration_elements_values[&lt;lambda&gt;12]" time="0.0003972053527832031"><skipped message="Suite splitting in effect" type="pytest.skip">src/pymortests/affine_grid.py:114: Suite splitting in effect</skipped></testcase><testcase classname="src.pymortests.affine_grid" file="src/pymortests/affine_grid.py" line="114" name="test_integration_elements_values[&lt;lambda&gt;13]" time="0.00038886070251464844"><skipped message="Suite splitting in effect" type="pytest.skip">src/pymortests/affine_grid.py:114: Suite splitting in effect</skipped></testcase><testcase classname="src.pymortests.affine_grid" file="src/pymortests/affine_grid.py" line="114" name="test_integration_elements_values[&lt;lambda&gt;14]" time="0.00042057037353515625"><skipped message="Suite splitting in effect" type="pytest.skip">src/pymortests/affine_grid.py:114: Suite splitting in effect</skipped></testcase><testcase classname="src.pymortests.affine_grid" file="src/pymortests/affine_grid.py" line="114" name="test_integration_elements_values[&lt;lambda&gt;15]" time="0.0009183883666992188"><skipped message="Suite splitting in effect" type="pytest.skip">src/pymortests/affine_grid.py:114: Suite splitting in effect</skipped></testcase><testcase classname="src.pymortests.affine_grid" file="src/pymortests/affine_grid.py" line="114" name="test_integration_elements_values[&lt;lambda&gt;16]" time="0.0004115104675292969"><skipped message="Suite splitting in effect" type="pytest.skip">src/pymortests/affine_grid.py:114: Suite splitting in effect</skipped></testcase><testcase classname="src.pymortests.affine_grid" file="src/pymortests/affine_grid.py" line="114" name="test_integration_elements_values[&lt;lambda&gt;17]" time="0.0003910064697265625"><skipped message="Suite splitting in effect" type="pytest.skip">src/pymortests/affine_grid.py:114: Suite splitting in effect</skipped></testcase><testcase classname="src.pymortests.affine_grid" file="src/pymortests/affine_grid.py" line="114" name="test_integration_elements_values[&lt;lambda&gt;18]" time="0.00043082237243652344"><skipped message="Suite splitting in effect" type="pytest.skip">src/pymortests/affine_grid.py:114: Suite splitting in effect</skipped></testcase><testcase classname="src.pymortests.affine_grid" file="src/pymortests/affine_grid.py" line="114" name="test_integration_elements_values[&lt;lambda&gt;19]" time="0.00039577484130859375"><skipped message="Suite splitting in effect" type="pytest.skip">src/pymortests/affine_grid.py:114: Suite splitting in effect</skipped></testcase><testcase classname="src.pymortests.affine_grid" file="src/pymortests/affine_grid.py" line="114" name="test_integration_elements_values[&lt;lambda&gt;20]" time="0.00038909912109375"><skipped message="Suite splitting in effect" type="pytest.skip">src/pymortests/affine_grid.py:114: Suite splitting in effect</skipped></testcase><testcase classname="src.pymortests.affine_grid" file="src/pymortests/affine_grid.py" line="114" name="test_integration_elements_values[&lt;lambda&gt;21]" time="0.0003867149353027344"><skipped message="Suite splitting in effect" type="pytest.skip">src/pymortests/affine_grid.py:114: Suite splitting in effect</skipped></testcase><testcase classname="src.pymortests.affine_grid" file="src/pymortests/affine_grid.py" line="114" name="test_integration_elements_values[&lt;lambda&gt;22]" time="0.0004246234893798828"><skipped message="Suite splitting in effect" type="pytest.skip">src/pymortests/affine_grid.py:114: Suite splitting in effect</skipped></testcase><testcase classname="src.pymortests.affine_grid" file="src/pymortests/affine_grid.py" line="114" name="test_integration_elements_values[&lt;lambda&gt;23]" time="0.0006406307220458984"><skipped message="Suite splitting in effect" type="pytest.skip">src/pymortests/affine_grid.py:114: Suite splitting in effect</skipped></testcase><testcase classname="src.pymortests.affine_grid" file="src/pymortests/affine_grid.py" line="114" name="test_integration_elements_values[&lt;lambda&gt;24]" time="0.00038886070251464844"><skipped message="Suite splitting in effect" type="pytest.skip">src/pymortests/affine_grid.py:114: Suite splitting in effect</skipped></testcase><testcase classname="src.pymortests.affine_grid" file="src/pymortests/affine_grid.py" line="114" name="test_integration_elements_values[&lt;lambda&gt;25]" time="0.0003936290740966797"><skipped message="Suite splitting in effect" type="pytest.skip">src/pymortests/affine_grid.py:114: Suite splitting in effect</skipped></testcase><testcase classname="src.pymortests.affine_grid" file="src/pymortests/affine_grid.py" line="114" name="test_integration_elements_values[&lt;lambda&gt;26]" time="0.0004124641418457031"><skipped message="Suite splitting in effect" type="pytest.skip">src/pymortests/affine_grid.py:114: Suite splitting in effect</skipped></testcase><testcase classname="src.pymortests.affine_grid" file="src/pymortests/affine_grid.py" line="114" name="test_integration_elements_values[&lt;lambda&gt;27]" time="0.0004105567932128906"><skipped message="Suite splitting in effect" type="pytest.skip">src/pymortests/affine_grid.py:114: Suite splitting in effect</skipped></testcase><testcase classname="src.pymortests.affine_grid" file="src/pymortests/affine_grid.py" line="114" name="test_integration_elements_values[&lt;lambda&gt;28]" time="0.0003826618194580078"><skipped message="Suite splitting in effect" type="pytest.skip">src/pymortests/affine_grid.py:114: Suite splitting in effect</skipped></testcase><testcase classname="src.pymortests.affine_grid" file="src/pymortests/affine_grid.py" line="114" name="test_integration_elements_values[&lt;lambda&gt;29]" time="0.0003898143768310547"><skipped message="Suite splitting in effect" type="pytest.skip">src/pymortests/affine_grid.py:114: Suite splitting in effect</skipped></testcase><testcase classname="src.pymortests.affine_grid" file="src/pymortests/affine_grid.py" line="114" name="test_integration_elements_values[&lt;lambda&gt;30]" time="0.0003910064697265625"><skipped message="Suite splitting in effect" type="pytest.skip">src/pymortests/affine_grid.py:114: Suite splitting in effect</skipped></testcase><testcase classname="src.pymortests.affine_grid" file="src/pymortests/affine_grid.py" line="114" name="test_integration_elements_values[&lt;lambda&gt;31]" time="0.0009090900421142578"><skipped message="Suite splitting in effect" type="pytest.skip">src/pymortests/affine_grid.py:114: Suite splitting in effect</skipped></testcase><testcase classname="src.pymortests.affine_grid" file="src/pymortests/affine_grid.py" line="114" name="test_integration_elements_values[&lt;lambda&gt;32]" time="0.00038504600524902344"><skipped message="Suite splitting in effect" type="pytest.skip">src/pymortests/affine_grid.py:114: Suite splitting in effect</skipped></testcase><testcase classname="src.pymortests.affine_grid" file="src/pymortests/affine_grid.py" line="114" name="test_integration_elements_values[&lt;lambda&gt;33]" time="0.0003864765167236328"><skipped message="Suite splitting in effect" type="pytest.skip">src/pymortests/affine_grid.py:114: Suite splitting in effect</skipped></testcase><testcase classname="src.pymortests.affine_grid" file="src/pymortests/affine_grid.py" line="114" name="test_integration_elements_values[&lt;lambda&gt;34]" time="0.00038433074951171875"><skipped message="Suite splitting in effect" type="pytest.skip">src/pymortests/affine_grid.py:114: Suite splitting in effect</skipped></testcase><testcase classname="src.pymortests.affine_grid" file="src/pymortests/affine_grid.py" line="114" name="test_integration_elements_values[&lt;lambda&gt;35]" time="0.0004096031188964844"><skipped message="Suite splitting in effect" type="pytest.skip">src/pymortests/affine_grid.py:114: Suite splitting in effect</skipped></testcase><testcase classname="src.pymortests.affine_grid" file="src/pymortests/affine_grid.py" line="114" name="test_integration_elements_values[&lt;lambda&gt;36]" time="0.0004673004150390625"><skipped message="Suite splitting in effect" type="pytest.skip">src/pymortests/affine_grid.py:114: Suite splitting in effect</skipped></testcase><testcase classname="src.pymortests.affine_grid" file="src/pymortests/affine_grid.py" line="114" name="test_integration_elements_values[&lt;lambda&gt;37]" time="0.000438690185546875"><skipped message="Suite splitting in effect" type="pytest.skip">src/pymortests/affine_grid.py:114: Suite splitting in effect</skipped></testcase><testcase classname="src.pymortests.affine_grid" file="src/pymortests/affine_grid.py" line="114" name="test_integration_elements_values[&lt;lambda&gt;38]" time="0.00041866302490234375"><skipped message="Suite splitting in effect" type="pytest.skip">src/pymortests/affine_grid.py:114: Suite splitting in effect</skipped></testcase><testcase classname="src.pymortests.affine_grid" file="src/pymortests/affine_grid.py" line="114" name="test_integration_elements_values[&lt;lambda&gt;39]" time="0.0006816387176513672"><skipped message="Suite splitting in effect" type="pytest.skip">src/pymortests/affine_grid.py:114: Suite splitting in effect</skipped></testcase><testcase classname="src.pymortests.affine_grid" file="src/pymortests/affine_grid.py" line="114" name="test_integration_elements_values[&lt;lambda&gt;40]" time="0.0004096031188964844"><skipped message="Suite splitting in effect" type="pytest.skip">src/pymortests/affine_grid.py:114: Suite splitting in effect</skipped></testcase><testcase classname="src.pymortests.affine_grid" file="src/pymortests/affine_grid.py" line="114" name="test_integration_elements_values[&lt;lambda&gt;41]" time="0.00041961669921875"><skipped message="Suite splitting in effect" type="pytest.skip">src/pymortests/affine_grid.py:114: Suite splitting in effect</skipped></testcase><testcase classname="src.pymortests.affine_grid" file="src/pymortests/affine_grid.py" line="114" name="test_integration_elements_values[&lt;lambda&gt;42]" time="0.00043463706970214844"><skipped message="Suite splitting in effect" type="pytest.skip">src/pymortests/affine_grid.py:114: Suite splitting in effect</skipped></testcase><testcase classname="src.pymortests.affine_grid" file="src/pymortests/affine_grid.py" line="124" name="test_volumes_wrong_arguments[&lt;lambda&gt;0]" time="0.0005636215209960938"><skipped message="Suite splitting in effect" type="pytest.skip">src/pymortests/affine_grid.py:124: Suite splitting in effect</skipped></testcase><testcase classname="src.pymortests.affine_grid" file="src/pymortests/affine_grid.py" line="124" name="test_volumes_wrong_arguments[&lt;lambda&gt;1]" time="0.00039076805114746094"><skipped message="Suite splitting in effect" type="pytest.skip">src/pymortests/affine_grid.py:124: Suite splitting in effect</skipped></testcase><testcase classname="src.pymortests.affine_grid" file="src/pymortests/affine_grid.py" line="124" name="test_volumes_wrong_arguments[&lt;lambda&gt;2]" time="0.0004165172576904297"><skipped message="Suite splitting in effect" type="pytest.skip">src/pymortests/affine_grid.py:124: Suite splitting in effect</skipped></testcase><testcase classname="src.pymortests.affine_grid" file="src/pymortests/affine_grid.py" line="124" name="test_volumes_wrong_arguments[&lt;lambda&gt;3]" time="0.0004177093505859375"><skipped message="Suite splitting in effect" type="pytest.skip">src/pymortests/affine_grid.py:124: Suite splitting in effect</skipped></testcase><testcase classname="src.pymortests.affine_grid" file="src/pymortests/affine_grid.py" line="124" name="test_volumes_wrong_arguments[&lt;lambda&gt;4]" time="0.0006797313690185547"><skipped message="Suite splitting in effect" type="pytest.skip">src/pymortests/affine_grid.py:124: Suite splitting in effect</skipped></testcase><testcase classname="src.pymortests.affine_grid" file="src/pymortests/affine_grid.py" line="124" name="test_volumes_wrong_arguments[&lt;lambda&gt;5]" time="0.000408172607421875"><skipped message="Suite splitting in effect" type="pytest.skip">src/pymortests/affine_grid.py:124: Suite splitting in effect</skipped></testcase><testcase classname="src.pymortests.affine_grid" file="src/pymortests/affine_grid.py" line="124" name="test_volumes_wrong_arguments[&lt;lambda&gt;6]" time="0.0003876686096191406"><skipped message="Suite splitting in effect" type="pytest.skip">src/pymortests/affine_grid.py:124: Suite splitting in effect</skipped></testcase><testcase classname="src.pymortests.affine_grid" file="src/pymortests/affine_grid.py" line="124" name="test_volumes_wrong_arguments[&lt;lambda&gt;7]" time="0.0004105567932128906"><skipped message="Suite splitting in effect" type="pytest.skip">src/pymortests/affine_grid.py:124: Suite splitting in effect</skipped></testcase><testcase classname="src.pymortests.affine_grid" file="src/pymortests/affine_grid.py" line="124" name="test_volumes_wrong_arguments[&lt;lambda&gt;8]" time="0.0003876686096191406"><skipped message="Suite splitting in effect" type="pytest.skip">src/pymortests/affine_grid.py:124: Suite splitting in effect</skipped></testcase><testcase classname="src.pymortests.affine_grid" file="src/pymortests/affine_grid.py" line="124" name="test_volumes_wrong_arguments[&lt;lambda&gt;9]" time="0.0003910064697265625"><skipped message="Suite splitting in effect" type="pytest.skip">src/pymortests/affine_grid.py:124: Suite splitting in effect</skipped></testcase><testcase classname="src.pymortests.affine_grid" file="src/pymortests/affine_grid.py" line="124" name="test_volumes_wrong_arguments[&lt;lambda&gt;10]" time="0.0004317760467529297"><skipped message="Suite splitting in effect" type="pytest.skip">src/pymortests/affine_grid.py:124: Suite splitting in effect</skipped></testcase><testcase classname="src.pymortests.affine_grid" file="src/pymortests/affine_grid.py" line="124" name="test_volumes_wrong_arguments[&lt;lambda&gt;11]" time="0.00041103363037109375"><skipped message="Suite splitting in effect" type="pytest.skip">src/pymortests/affine_grid.py:124: Suite splitting in effect</skipped></testcase><testcase classname="src.pymortests.affine_grid" file="src/pymortests/affine_grid.py" line="124" name="test_volumes_wrong_arguments[&lt;lambda&gt;12]" time="0.0006494522094726562"><skipped message="Suite splitting in effect" type="pytest.skip">src/pymortests/affine_grid.py:124: Suite splitting in effect</skipped></testcase><testcase classname="src.pymortests.affine_grid" file="src/pymortests/affine_grid.py" line="124" name="test_volumes_wrong_arguments[&lt;lambda&gt;13]" time="0.0004298686981201172"><skipped message="Suite splitting in effect" type="pytest.skip">src/pymortests/affine_grid.py:124: Suite splitting in effect</skipped></testcase><testcase classname="src.pymortests.affine_grid" file="src/pymortests/affine_grid.py" line="124" name="test_volumes_wrong_arguments[&lt;lambda&gt;14]" time="0.00041556358337402344"><skipped message="Suite splitting in effect" type="pytest.skip">src/pymortests/affine_grid.py:124: Suite splitting in effect</skipped></testcase><testcase classname="src.pymortests.affine_grid" file="src/pymortests/affine_grid.py" line="124" name="test_volumes_wrong_arguments[&lt;lambda&gt;15]" time="0.0003898143768310547"><skipped message="Suite splitting in effect" type="pytest.skip">src/pymortests/affine_grid.py:124: Suite splitting in effect</skipped></testcase><testcase classname="src.pymortests.affine_grid" file="src/pymortests/affine_grid.py" line="124" name="test_volumes_wrong_arguments[&lt;lambda&gt;16]" time="0.0003952980041503906"><skipped message="Suite splitting in effect" type="pytest.skip">src/pymortests/affine_grid.py:124: Suite splitting in effect</skipped></testcase><testcase classname="src.pymortests.affine_grid" file="src/pymortests/affine_grid.py" line="124" name="test_volumes_wrong_arguments[&lt;lambda&gt;17]" time="0.0003857612609863281"><skipped message="Suite splitting in effect" type="pytest.skip">src/pymortests/affine_grid.py:124: Suite splitting in effect</skipped></testcase><testcase classname="src.pymortests.affine_grid" file="src/pymortests/affine_grid.py" line="124" name="test_volumes_wrong_arguments[&lt;lambda&gt;18]" time="0.0004169940948486328"><skipped message="Suite splitting in effect" type="pytest.skip">src/pymortests/affine_grid.py:124: Suite splitting in effect</skipped></testcase><testcase classname="src.pymortests.affine_grid" file="src/pymortests/affine_grid.py" line="124" name="test_volumes_wrong_arguments[&lt;lambda&gt;19]" time="0.00042510032653808594"><skipped message="Suite splitting in effect" type="pytest.skip">src/pymortests/affine_grid.py:124: Suite splitting in effect</skipped></testcase><testcase classname="src.pymortests.affine_grid" file="src/pymortests/affine_grid.py" line="124" name="test_volumes_wrong_arguments[&lt;lambda&gt;20]" time="0.0006983280181884766"><skipped message="Suite splitting in effect" type="pytest.skip">src/pymortests/affine_grid.py:124: Suite splitting in effect</skipped></testcase><testcase classname="src.pymortests.affine_grid" file="src/pymortests/affine_grid.py" line="124" name="test_volumes_wrong_arguments[&lt;lambda&gt;21]" time="0.00039315223693847656"><skipped message="Suite splitting in effect" type="pytest.skip">src/pymortests/affine_grid.py:124: Suite splitting in effect</skipped></testcase><testcase classname="src.pymortests.affine_grid" file="src/pymortests/affine_grid.py" line="124" name="test_volumes_wrong_arguments[&lt;lambda&gt;22]" time="0.0003962516784667969"><skipped message="Suite splitting in effect" type="pytest.skip">src/pymortests/affine_grid.py:124: Suite splitting in effect</skipped></testcase><testcase classname="src.pymortests.affine_grid" file="src/pymortests/affine_grid.py" line="124" name="test_volumes_wrong_arguments[&lt;lambda&gt;23]" time="0.0003921985626220703"><skipped message="Suite splitting in effect" type="pytest.skip">src/pymortests/affine_grid.py:124: Suite splitting in effect</skipped></testcase><testcase classname="src.pymortests.affine_grid" file="src/pymortests/affine_grid.py" line="124" name="test_volumes_wrong_arguments[&lt;lambda&gt;24]" time="0.00038623809814453125"><skipped message="Suite splitting in effect" type="pytest.skip">src/pymortests/affine_grid.py:124: Suite splitting in effect</skipped></testcase><testcase classname="src.pymortests.affine_grid" file="src/pymortests/affine_grid.py" line="124" name="test_volumes_wrong_arguments[&lt;lambda&gt;25]" time="0.0004124641418457031"><skipped message="Suite splitting in effect" type="pytest.skip">src/pymortests/affine_grid.py:124: Suite splitting in effect</skipped></testcase><testcase classname="src.pymortests.affine_grid" file="src/pymortests/affine_grid.py" line="124" name="test_volumes_wrong_arguments[&lt;lambda&gt;26]" time="0.00039005279541015625"><skipped message="Suite splitting in effect" type="pytest.skip">src/pymortests/affine_grid.py:124: Suite splitting in effect</skipped></testcase><testcase classname="src.pymortests.affine_grid" file="src/pymortests/affine_grid.py" line="124" name="test_volumes_wrong_arguments[&lt;lambda&gt;27]" time="0.0004284381866455078"><skipped message="Suite splitting in effect" type="pytest.skip">src/pymortests/affine_grid.py:124: Suite splitting in effect</skipped></testcase><testcase classname="src.pymortests.affine_grid" file="src/pymortests/affine_grid.py" line="124" name="test_volumes_wrong_arguments[&lt;lambda&gt;28]" time="0.0006453990936279297"><skipped message="Suite splitting in effect" type="pytest.skip">src/pymortests/affine_grid.py:124: Suite splitting in effect</skipped></testcase><testcase classname="src.pymortests.affine_grid" file="src/pymortests/affine_grid.py" line="124" name="test_volumes_wrong_arguments[&lt;lambda&gt;29]" time="0.00039196014404296875"><skipped message="Suite splitting in effect" type="pytest.skip">src/pymortests/affine_grid.py:124: Suite splitting in effect</skipped></testcase><testcase classname="src.pymortests.affine_grid" file="src/pymortests/affine_grid.py" line="124" name="test_volumes_wrong_arguments[&lt;lambda&gt;30]" time="0.00039315223693847656"><skipped message="Suite splitting in effect" type="pytest.skip">src/pymortests/affine_grid.py:124: Suite splitting in effect</skipped></testcase><testcase classname="src.pymortests.affine_grid" file="src/pymortests/affine_grid.py" line="124" name="test_volumes_wrong_arguments[&lt;lambda&gt;31]" time="0.00039315223693847656"><skipped message="Suite splitting in effect" type="pytest.skip">src/pymortests/affine_grid.py:124: Suite splitting in effect</skipped></testcase><testcase classname="src.pymortests.affine_grid" file="src/pymortests/affine_grid.py" line="124" name="test_volumes_wrong_arguments[&lt;lambda&gt;32]" time="0.0004050731658935547"><skipped message="Suite splitting in effect" type="pytest.skip">src/pymortests/affine_grid.py:124: Suite splitting in effect</skipped></testcase><testcase classname="src.pymortests.affine_grid" file="src/pymortests/affine_grid.py" line="124" name="test_volumes_wrong_arguments[&lt;lambda&gt;33]" time="0.00040984153747558594"><skipped message="Suite splitting in effect" type="pytest.skip">src/pymortests/affine_grid.py:124: Suite splitting in effect</skipped></testcase><testcase classname="src.pymortests.affine_grid" file="src/pymortests/affine_grid.py" line="124" name="test_volumes_wrong_arguments[&lt;lambda&gt;34]" time="0.0004076957702636719"><skipped message="Suite splitting in effect" type="pytest.skip">src/pymortests/affine_grid.py:124: Suite splitting in effect</skipped></testcase><testcase classname="src.pymortests.affine_grid" file="src/pymortests/affine_grid.py" line="124" name="test_volumes_wrong_arguments[&lt;lambda&gt;35]" time="0.0003972053527832031"><skipped message="Suite splitting in effect" type="pytest.skip">src/pymortests/affine_grid.py:124: Suite splitting in effect</skipped></testcase><testcase classname="src.pymortests.affine_grid" file="src/pymortests/affine_grid.py" line="124" name="test_volumes_wrong_arguments[&lt;lambda&gt;36]" time="0.000652313232421875"><skipped message="Suite splitting in effect" type="pytest.skip">src/pymortests/affine_grid.py:124: Suite splitting in effect</skipped></testcase><testcase classname="src.pymortests.affine_grid" file="src/pymortests/affine_grid.py" line="124" name="test_volumes_wrong_arguments[&lt;lambda&gt;37]" time="0.0003876686096191406"><skipped message="Suite splitting in effect" type="pytest.skip">src/pymortests/affine_grid.py:124: Suite splitting in effect</skipped></testcase><testcase classname="src.pymortests.affine_grid" file="src/pymortests/affine_grid.py" line="124" name="test_volumes_wrong_arguments[&lt;lambda&gt;38]" time="0.0003840923309326172"><skipped message="Suite splitting in effect" type="pytest.skip">src/pymortests/affine_grid.py:124: Suite splitting in effect</skipped></testcase><testcase classname="src.pymortests.affine_grid" file="src/pymortests/affine_grid.py" line="124" name="test_volumes_wrong_arguments[&lt;lambda&gt;39]" time="0.00038909912109375"><skipped message="Suite splitting in effect" type="pytest.skip">src/pymortests/affine_grid.py:124: Suite splitting in effect</skipped></testcase><testcase classname="src.pymortests.affine_grid" file="src/pymortests/affine_grid.py" line="124" name="test_volumes_wrong_arguments[&lt;lambda&gt;40]" time="0.0004184246063232422"><skipped message="Suite splitting in effect" type="pytest.skip">src/pymortests/affine_grid.py:124: Suite splitting in effect</skipped></testcase><testcase classname="src.pymortests.affine_grid" file="src/pymortests/affine_grid.py" line="124" name="test_volumes_wrong_arguments[&lt;lambda&gt;41]" time="0.0004241466522216797"><skipped message="Suite splitting in effect" type="pytest.skip">src/pymortests/affine_grid.py:124: Suite splitting in effect</skipped></testcase><testcase classname="src.pymortests.affine_grid" file="src/pymortests/affine_grid.py" line="124" name="test_volumes_wrong_arguments[&lt;lambda&gt;42]" time="0.00041961669921875"><skipped message="Suite splitting in effect" type="pytest.skip">src/pymortests/affine_grid.py:124: Suite splitting in effect</skipped></testcase><testcase classname="src.pymortests.affine_grid" file="src/pymortests/affine_grid.py" line="132" name="test_volumes_shape[&lt;lambda&gt;0]" time="0.00043463706970214844"><skipped message="Suite splitting in effect" type="pytest.skip">src/pymortests/affine_grid.py:132: Suite splitting in effect</skipped></testcase><testcase classname="src.pymortests.affine_grid" file="src/pymortests/affine_grid.py" line="132" name="test_volumes_shape[&lt;lambda&gt;1]" time="0.0006847381591796875"><skipped message="Suite splitting in effect" type="pytest.skip">src/pymortests/affine_grid.py:132: Suite splitting in effect</skipped></testcase><testcase classname="src.pymortests.affine_grid" file="src/pymortests/affine_grid.py" line="132" name="test_volumes_shape[&lt;lambda&gt;2]" time="0.00041222572326660156"><skipped message="Suite splitting in effect" type="pytest.skip">src/pymortests/affine_grid.py:132: Suite splitting in effect</skipped></testcase><testcase classname="src.pymortests.affine_grid" file="src/pymortests/affine_grid.py" line="132" name="test_volumes_shape[&lt;lambda&gt;3]" time="0.000385284423828125"><skipped message="Suite splitting in effect" type="pytest.skip">src/pymortests/affine_grid.py:132: Suite splitting in effect</skipped></testcase><testcase classname="src.pymortests.affine_grid" file="src/pymortests/affine_grid.py" line="132" name="test_volumes_shape[&lt;lambda&gt;4]" time="0.00038552284240722656"><skipped message="Suite splitting in effect" type="pytest.skip">src/pymortests/affine_grid.py:132: Suite splitting in effect</skipped></testcase><testcase classname="src.pymortests.affine_grid" file="src/pymortests/affine_grid.py" line="132" name="test_volumes_shape[&lt;lambda&gt;5]" time="0.00038933753967285156"><skipped message="Suite splitting in effect" type="pytest.skip">src/pymortests/affine_grid.py:132: Suite splitting in effect</skipped></testcase><testcase classname="src.pymortests.affine_grid" file="src/pymortests/affine_grid.py" line="132" name="test_volumes_shape[&lt;lambda&gt;6]" time="0.0004100799560546875"><skipped message="Suite splitting in effect" type="pytest.skip">src/pymortests/affine_grid.py:132: Suite splitting in effect</skipped></testcase><testcase classname="src.pymortests.affine_grid" file="src/pymortests/affine_grid.py" line="132" name="test_volumes_shape[&lt;lambda&gt;7]" time="0.0004177093505859375"><skipped message="Suite splitting in effect" type="pytest.skip">src/pymortests/affine_grid.py:132: Suite splitting in effect</skipped></testcase><testcase classname="src.pymortests.affine_grid" file="src/pymortests/affine_grid.py" line="132" name="test_volumes_shape[&lt;lambda&gt;8]" time="0.0003941059112548828"><skipped message="Suite splitting in effect" type="pytest.skip">src/pymortests/affine_grid.py:132: Suite splitting in effect</skipped></testcase><testcase classname="src.pymortests.affine_grid" file="src/pymortests/affine_grid.py" line="132" name="test_volumes_shape[&lt;lambda&gt;9]" time="0.0008187294006347656"><skipped message="Suite splitting in effect" type="pytest.skip">src/pymortests/affine_grid.py:132: Suite splitting in effect</skipped></testcase><testcase classname="src.pymortests.affine_grid" file="src/pymortests/affine_grid.py" line="132" name="test_volumes_shape[&lt;lambda&gt;10]" time="0.0004017353057861328"><skipped message="Suite splitting in effect" type="pytest.skip">src/pymortests/affine_grid.py:132: Suite splitting in effect</skipped></testcase><testcase classname="src.pymortests.affine_grid" file="src/pymortests/affine_grid.py" line="132" name="test_volumes_shape[&lt;lambda&gt;11]" time="0.00038313865661621094"><skipped message="Suite splitting in effect" type="pytest.skip">src/pymortests/affine_grid.py:132: Suite splitting in effect</skipped></testcase><testcase classname="src.pymortests.affine_grid" file="src/pymortests/affine_grid.py" line="132" name="test_volumes_shape[&lt;lambda&gt;12]" time="0.00042748451232910156"><skipped message="Suite splitting in effect" type="pytest.skip">src/pymortests/affine_grid.py:132: Suite splitting in effect</skipped></testcase><testcase classname="src.pymortests.affine_grid" file="src/pymortests/affine_grid.py" line="132" name="test_volumes_shape[&lt;lambda&gt;13]" time="0.000415802001953125"><skipped message="Suite splitting in effect" type="pytest.skip">src/pymortests/affine_grid.py:132: Suite splitting in effect</skipped></testcase><testcase classname="src.pymortests.affine_grid" file="src/pymortests/affine_grid.py" line="132" name="test_volumes_shape[&lt;lambda&gt;14]" time="0.0003910064697265625"><skipped message="Suite splitting in effect" type="pytest.skip">src/pymortests/affine_grid.py:132: Suite splitting in effect</skipped></testcase><testcase classname="src.pymortests.affine_grid" file="src/pymortests/affine_grid.py" line="132" name="test_volumes_shape[&lt;lambda&gt;15]" time="0.0004115104675292969"><skipped message="Suite splitting in effect" type="pytest.skip">src/pymortests/affine_grid.py:132: Suite splitting in effect</skipped></testcase><testcase classname="src.pymortests.affine_grid" file="src/pymortests/affine_grid.py" line="132" name="test_volumes_shape[&lt;lambda&gt;16]" time="0.0003883838653564453"><skipped message="Suite splitting in effect" type="pytest.skip">src/pymortests/affine_grid.py:132: Suite splitting in effect</skipped></testcase><testcase classname="src.pymortests.affine_grid" file="src/pymortests/affine_grid.py" line="132" name="test_volumes_shape[&lt;lambda&gt;17]" time="0.0007050037384033203"><skipped message="Suite splitting in effect" type="pytest.skip">src/pymortests/affine_grid.py:132: Suite splitting in effect</skipped></testcase><testcase classname="src.pymortests.affine_grid" file="src/pymortests/affine_grid.py" line="132" name="test_volumes_shape[&lt;lambda&gt;18]" time="0.0003833770751953125"><skipped message="Suite splitting in effect" type="pytest.skip">src/pymortests/affine_grid.py:132: Suite splitting in effect</skipped></testcase><testcase classname="src.pymortests.affine_grid" file="src/pymortests/affine_grid.py" line="132" name="test_volumes_shape[&lt;lambda&gt;19]" time="0.00040268898010253906"><skipped message="Suite splitting in effect" type="pytest.skip">src/pymortests/affine_grid.py:132: Suite splitting in effect</skipped></testcase><testcase classname="src.pymortests.affine_grid" file="src/pymortests/affine_grid.py" line="132" name="test_volumes_shape[&lt;lambda&gt;20]" time="0.0003886222839355469"><skipped message="Suite splitting in effect" type="pytest.skip">src/pymortests/affine_grid.py:132: Suite splitting in effect</skipped></testcase><testcase classname="src.pymortests.affine_grid" file="src/pymortests/affine_grid.py" line="132" name="test_volumes_shape[&lt;lambda&gt;21]" time="0.0003910064697265625"><skipped message="Suite splitting in effect" type="pytest.skip">src/pymortests/affine_grid.py:132: Suite splitting in effect</skipped></testcase><testcase classname="src.pymortests.affine_grid" file="src/pymortests/affine_grid.py" line="132" name="test_volumes_shape[&lt;lambda&gt;22]" time="0.0004317760467529297"><skipped message="Suite splitting in effect" type="pytest.skip">src/pymortests/affine_grid.py:132: Suite splitting in effect</skipped></testcase><testcase classname="src.pymortests.affine_grid" file="src/pymortests/affine_grid.py" line="132" name="test_volumes_shape[&lt;lambda&gt;23]" time="0.0003867149353027344"><skipped message="Suite splitting in effect" type="pytest.skip">src/pymortests/affine_grid.py:132: Suite splitting in effect</skipped></testcase><testcase classname="src.pymortests.affine_grid" file="src/pymortests/affine_grid.py" line="132" name="test_volumes_shape[&lt;lambda&gt;24]" time="0.00041556358337402344"><skipped message="Suite splitting in effect" type="pytest.skip">src/pymortests/affine_grid.py:132: Suite splitting in effect</skipped></testcase><testcase classname="src.pymortests.affine_grid" file="src/pymortests/affine_grid.py" line="132" name="test_volumes_shape[&lt;lambda&gt;25]" time="0.0006647109985351562"><skipped message="Suite splitting in effect" type="pytest.skip">src/pymortests/affine_grid.py:132: Suite splitting in effect</skipped></testcase><testcase classname="src.pymortests.affine_grid" file="src/pymortests/affine_grid.py" line="132" name="test_volumes_shape[&lt;lambda&gt;26]" time="0.00041365623474121094"><skipped message="Suite splitting in effect" type="pytest.skip">src/pymortests/affine_grid.py:132: Suite splitting in effect</skipped></testcase><testcase classname="src.pymortests.affine_grid" file="src/pymortests/affine_grid.py" line="132" name="test_volumes_shape[&lt;lambda&gt;27]" time="0.0003879070281982422"><skipped message="Suite splitting in effect" type="pytest.skip">src/pymortests/affine_grid.py:132: Suite splitting in effect</skipped></testcase><testcase classname="src.pymortests.affine_grid" file="src/pymortests/affine_grid.py" line="132" name="test_volumes_shape[&lt;lambda&gt;28]" time="0.0003991127014160156"><skipped message="Suite splitting in effect" type="pytest.skip">src/pymortests/affine_grid.py:132: Suite splitting in effect</skipped></testcase><testcase classname="src.pymortests.affine_grid" file="src/pymortests/affine_grid.py" line="132" name="test_volumes_shape[&lt;lambda&gt;29]" time="0.0003876686096191406"><skipped message="Suite splitting in effect" type="pytest.skip">src/pymortests/affine_grid.py:132: Suite splitting in effect</skipped></testcase><testcase classname="src.pymortests.affine_grid" file="src/pymortests/affine_grid.py" line="132" name="test_volumes_shape[&lt;lambda&gt;30]" time="0.00040841102600097656"><skipped message="Suite splitting in effect" type="pytest.skip">src/pymortests/affine_grid.py:132: Suite splitting in effect</skipped></testcase><testcase classname="src.pymortests.affine_grid" file="src/pymortests/affine_grid.py" line="132" name="test_volumes_shape[&lt;lambda&gt;31]" time="0.00041675567626953125"><skipped message="Suite splitting in effect" type="pytest.skip">src/pymortests/affine_grid.py:132: Suite splitting in effect</skipped></testcase><testcase classname="src.pymortests.affine_grid" file="src/pymortests/affine_grid.py" line="132" name="test_volumes_shape[&lt;lambda&gt;32]" time="0.0004131793975830078"><skipped message="Suite splitting in effect" type="pytest.skip">src/pymortests/affine_grid.py:132: Suite splitting in effect</skipped></testcase><testcase classname="src.pymortests.affine_grid" file="src/pymortests/affine_grid.py" line="132" name="test_volumes_shape[&lt;lambda&gt;33]" time="0.0006401538848876953"><skipped message="Suite splitting in effect" type="pytest.skip">src/pymortests/affine_grid.py:132: Suite splitting in effect</skipped></testcase><testcase classname="src.pymortests.affine_grid" file="src/pymortests/affine_grid.py" line="132" name="test_volumes_shape[&lt;lambda&gt;34]" time="0.0004093647003173828"><skipped message="Suite splitting in effect" type="pytest.skip">src/pymortests/affine_grid.py:132: Suite splitting in effect</skipped></testcase><testcase classname="src.pymortests.affine_grid" file="src/pymortests/affine_grid.py" line="132" name="test_volumes_shape[&lt;lambda&gt;35]" time="0.0004143714904785156"><skipped message="Suite splitting in effect" type="pytest.skip">src/pymortests/affine_grid.py:132: Suite splitting in effect</skipped></testcase><testcase classname="src.pymortests.affine_grid" file="src/pymortests/affine_grid.py" line="132" name="test_volumes_shape[&lt;lambda&gt;36]" time="0.000385284423828125"><skipped message="Suite splitting in effect" type="pytest.skip">src/pymortests/affine_grid.py:132: Suite splitting in effect</skipped></testcase><testcase classname="src.pymortests.affine_grid" file="src/pymortests/affine_grid.py" line="132" name="test_volumes_shape[&lt;lambda&gt;37]" time="0.00038909912109375"><skipped message="Suite splitting in effect" type="pytest.skip">src/pymortests/affine_grid.py:132: Suite splitting in effect</skipped></testcase><testcase classname="src.pymortests.affine_grid" file="src/pymortests/affine_grid.py" line="132" name="test_volumes_shape[&lt;lambda&gt;38]" time="0.0003826618194580078"><skipped message="Suite splitting in effect" type="pytest.skip">src/pymortests/affine_grid.py:132: Suite splitting in effect</skipped></testcase><testcase classname="src.pymortests.affine_grid" file="src/pymortests/affine_grid.py" line="132" name="test_volumes_shape[&lt;lambda&gt;39]" time="0.0004534721374511719"><skipped message="Suite splitting in effect" type="pytest.skip">src/pymortests/affine_grid.py:132: Suite splitting in effect</skipped></testcase><testcase classname="src.pymortests.affine_grid" file="src/pymortests/affine_grid.py" line="132" name="test_volumes_shape[&lt;lambda&gt;40]" time="0.00041413307189941406"><skipped message="Suite splitting in effect" type="pytest.skip">src/pymortests/affine_grid.py:132: Suite splitting in effect</skipped></testcase><testcase classname="src.pymortests.affine_grid" file="src/pymortests/affine_grid.py" line="132" name="test_volumes_shape[&lt;lambda&gt;41]" time="0.0009105205535888672"><skipped message="Suite splitting in effect" type="pytest.skip">src/pymortests/affine_grid.py:132: Suite splitting in effect</skipped></testcase><testcase classname="src.pymortests.affine_grid" file="src/pymortests/affine_grid.py" line="132" name="test_volumes_shape[&lt;lambda&gt;42]" time="0.00038909912109375"><skipped message="Suite splitting in effect" type="pytest.skip">src/pymortests/affine_grid.py:132: Suite splitting in effect</skipped></testcase><testcase classname="src.pymortests.affine_grid" file="src/pymortests/affine_grid.py" line="138" name="test_volumes_values[&lt;lambda&gt;0]" time="0.0003948211669921875"><skipped message="Suite splitting in effect" type="pytest.skip">src/pymortests/affine_grid.py:138: Suite splitting in effect</skipped></testcase><testcase classname="src.pymortests.affine_grid" file="src/pymortests/affine_grid.py" line="138" name="test_volumes_values[&lt;lambda&gt;1]" time="0.0003902912139892578"><skipped message="Suite splitting in effect" type="pytest.skip">src/pymortests/affine_grid.py:138: Suite splitting in effect</skipped></testcase><testcase classname="src.pymortests.affine_grid" file="src/pymortests/affine_grid.py" line="138" name="test_volumes_values[&lt;lambda&gt;2]" time="0.0004138946533203125"><skipped message="Suite splitting in effect" type="pytest.skip">src/pymortests/affine_grid.py:138: Suite splitting in effect</skipped></testcase><testcase classname="src.pymortests.affine_grid" file="src/pymortests/affine_grid.py" line="138" name="test_volumes_values[&lt;lambda&gt;3]" time="0.00041604042053222656"><skipped message="Suite splitting in effect" type="pytest.skip">src/pymortests/affine_grid.py:138: Suite splitting in effect</skipped></testcase><testcase classname="src.pymortests.affine_grid" file="src/pymortests/affine_grid.py" line="138" name="test_volumes_values[&lt;lambda&gt;4]" time="0.0003898143768310547"><skipped message="Suite splitting in effect" type="pytest.skip">src/pymortests/affine_grid.py:138: Suite splitting in effect</skipped></testcase><testcase classname="src.pymortests.affine_grid" file="src/pymortests/affine_grid.py" line="138" name="test_volumes_values[&lt;lambda&gt;5]" time="0.00041365623474121094"><skipped message="Suite splitting in effect" type="pytest.skip">src/pymortests/affine_grid.py:138: Suite splitting in effect</skipped></testcase><testcase classname="src.pymortests.affine_grid" file="src/pymortests/affine_grid.py" line="138" name="test_volumes_values[&lt;lambda&gt;6]" time="0.00067138671875"><skipped message="Suite splitting in effect" type="pytest.skip">src/pymortests/affine_grid.py:138: Suite splitting in effect</skipped></testcase><testcase classname="src.pymortests.affine_grid" file="src/pymortests/affine_grid.py" line="138" name="test_volumes_values[&lt;lambda&gt;7]" time="0.00040435791015625"><skipped message="Suite splitting in effect" type="pytest.skip">src/pymortests/affine_grid.py:138: Suite splitting in effect</skipped></testcase><testcase classname="src.pymortests.affine_grid" file="src/pymortests/affine_grid.py" line="138" name="test_volumes_values[&lt;lambda&gt;8]" time="0.00041604042053222656"><skipped message="Suite splitting in effect" type="pytest.skip">src/pymortests/affine_grid.py:138: Suite splitting in effect</skipped></testcase><testcase classname="src.pymortests.affine_grid" file="src/pymortests/affine_grid.py" line="138" name="test_volumes_values[&lt;lambda&gt;9]" time="0.00039315223693847656"><skipped message="Suite splitting in effect" type="pytest.skip">src/pymortests/affine_grid.py:138: Suite splitting in effect</skipped></testcase><testcase classname="src.pymortests.affine_grid" file="src/pymortests/affine_grid.py" line="138" name="test_volumes_values[&lt;lambda&gt;10]" time="0.0003838539123535156"><skipped message="Suite splitting in effect" type="pytest.skip">src/pymortests/affine_grid.py:138: Suite splitting in effect</skipped></testcase><testcase classname="src.pymortests.affine_grid" file="src/pymortests/affine_grid.py" line="138" name="test_volumes_values[&lt;lambda&gt;11]" time="0.0004494190216064453"><skipped message="Suite splitting in effect" type="pytest.skip">src/pymortests/affine_grid.py:138: Suite splitting in effect</skipped></testcase><testcase classname="src.pymortests.affine_grid" file="src/pymortests/affine_grid.py" line="138" name="test_volumes_values[&lt;lambda&gt;12]" time="0.00043272972106933594"><skipped message="Suite splitting in effect" type="pytest.skip">src/pymortests/affine_grid.py:138: Suite splitting in effect</skipped></testcase><testcase classname="src.pymortests.affine_grid" file="src/pymortests/affine_grid.py" line="138" name="test_volumes_values[&lt;lambda&gt;13]" time="0.0003895759582519531"><skipped message="Suite splitting in effect" type="pytest.skip">src/pymortests/affine_grid.py:138: Suite splitting in effect</skipped></testcase><testcase classname="src.pymortests.affine_grid" file="src/pymortests/affine_grid.py" line="138" name="test_volumes_values[&lt;lambda&gt;14]" time="0.0006439685821533203"><skipped message="Suite splitting in effect" type="pytest.skip">src/pymortests/affine_grid.py:138: Suite splitting in effect</skipped></testcase><testcase classname="src.pymortests.affine_grid" file="src/pymortests/affine_grid.py" line="138" name="test_volumes_values[&lt;lambda&gt;15]" time="0.0004076957702636719"><skipped message="Suite splitting in effect" type="pytest.skip">src/pymortests/affine_grid.py:138: Suite splitting in effect</skipped></testcase><testcase classname="src.pymortests.affine_grid" file="src/pymortests/affine_grid.py" line="138" name="test_volumes_values[&lt;lambda&gt;16]" time="0.0004208087921142578"><skipped message="Suite splitting in effect" type="pytest.skip">src/pymortests/affine_grid.py:138: Suite splitting in effect</skipped></testcase><testcase classname="src.pymortests.affine_grid" file="src/pymortests/affine_grid.py" line="138" name="test_volumes_values[&lt;lambda&gt;17]" time="0.000396728515625"><skipped message="Suite splitting in effect" type="pytest.skip">src/pymortests/affine_grid.py:138: Suite splitting in effect</skipped></testcase><testcase classname="src.pymortests.affine_grid" file="src/pymortests/affine_grid.py" line="138" name="test_volumes_values[&lt;lambda&gt;18]" time="0.0004086494445800781"><skipped message="Suite splitting in effect" type="pytest.skip">src/pymortests/affine_grid.py:138: Suite splitting in effect</skipped></testcase><testcase classname="src.pymortests.affine_grid" file="src/pymortests/affine_grid.py" line="138" name="test_volumes_values[&lt;lambda&gt;19]" time="0.0003898143768310547"><skipped message="Suite splitting in effect" type="pytest.skip">src/pymortests/affine_grid.py:138: Suite splitting in effect</skipped></testcase><testcase classname="src.pymortests.affine_grid" file="src/pymortests/affine_grid.py" line="138" name="test_volumes_values[&lt;lambda&gt;20]" time="0.0005173683166503906"><skipped message="Suite splitting in effect" type="pytest.skip">src/pymortests/affine_grid.py:138: Suite splitting in effect</skipped></testcase><testcase classname="src.pymortests.affine_grid" file="src/pymortests/affine_grid.py" line="138" name="test_volumes_values[&lt;lambda&gt;21]" time="0.0005488395690917969"><skipped message="Suite splitting in effect" type="pytest.skip">src/pymortests/affine_grid.py:138: Suite splitting in effect</skipped></testcase><testcase classname="src.pymortests.affine_grid" file="src/pymortests/affine_grid.py" line="138" name="test_volumes_values[&lt;lambda&gt;22]" time="0.0006597042083740234"><skipped message="Suite splitting in effect" type="pytest.skip">src/pymortests/affine_grid.py:138: Suite splitting in effect</skipped></testcase><testcase classname="src.pymortests.affine_grid" file="src/pymortests/affine_grid.py" line="138" name="test_volumes_values[&lt;lambda&gt;23]" time="0.0003848075866699219"><skipped message="Suite splitting in effect" type="pytest.skip">src/pymortests/affine_grid.py:138: Suite splitting in effect</skipped></testcase><testcase classname="src.pymortests.affine_grid" file="src/pymortests/affine_grid.py" line="138" name="test_volumes_values[&lt;lambda&gt;24]" time="0.00040984153747558594"><skipped message="Suite splitting in effect" type="pytest.skip">src/pymortests/affine_grid.py:138: Suite splitting in effect</skipped></testcase><testcase classname="src.pymortests.affine_grid" file="src/pymortests/affine_grid.py" line="138" name="test_volumes_values[&lt;lambda&gt;25]" time="0.0004203319549560547"><skipped message="Suite splitting in effect" type="pytest.skip">src/pymortests/affine_grid.py:138: Suite splitting in effect</skipped></testcase><testcase classname="src.pymortests.affine_grid" file="src/pymortests/affine_grid.py" line="138" name="test_volumes_values[&lt;lambda&gt;26]" time="0.00041222572326660156"><skipped message="Suite splitting in effect" type="pytest.skip">src/pymortests/affine_grid.py:138: Suite splitting in effect</skipped></testcase><testcase classname="src.pymortests.affine_grid" file="src/pymortests/affine_grid.py" line="138" name="test_volumes_values[&lt;lambda&gt;27]" time="0.0004150867462158203"><skipped message="Suite splitting in effect" type="pytest.skip">src/pymortests/affine_grid.py:138: Suite splitting in effect</skipped></testcase><testcase classname="src.pymortests.affine_grid" file="src/pymortests/affine_grid.py" line="138" name="test_volumes_values[&lt;lambda&gt;28]" time="0.00043511390686035156"><skipped message="Suite splitting in effect" type="pytest.skip">src/pymortests/affine_grid.py:138: Suite splitting in effect</skipped></testcase><testcase classname="src.pymortests.affine_grid" file="src/pymortests/affine_grid.py" line="138" name="test_volumes_values[&lt;lambda&gt;29]" time="0.00039505958557128906"><skipped message="Suite splitting in effect" type="pytest.skip">src/pymortests/affine_grid.py:138: Suite splitting in effect</skipped></testcase><testcase classname="src.pymortests.affine_grid" file="src/pymortests/affine_grid.py" line="138" name="test_volumes_values[&lt;lambda&gt;30]" time="0.0006663799285888672"><skipped message="Suite splitting in effect" type="pytest.skip">src/pymortests/affine_grid.py:138: Suite splitting in effect</skipped></testcase><testcase classname="src.pymortests.affine_grid" file="src/pymortests/affine_grid.py" line="138" name="test_volumes_values[&lt;lambda&gt;31]" time="0.0004055500030517578"><skipped message="Suite splitting in effect" type="pytest.skip">src/pymortests/affine_grid.py:138: Suite splitting in effect</skipped></testcase><testcase classname="src.pymortests.affine_grid" file="src/pymortests/affine_grid.py" line="138" name="test_volumes_values[&lt;lambda&gt;32]" time="0.0004127025604248047"><skipped message="Suite splitting in effect" type="pytest.skip">src/pymortests/affine_grid.py:138: Suite splitting in effect</skipped></testcase><testcase classname="src.pymortests.affine_grid" file="src/pymortests/affine_grid.py" line="138" name="test_volumes_values[&lt;lambda&gt;33]" time="0.0003867149353027344"><skipped message="Suite splitting in effect" type="pytest.skip">src/pymortests/affine_grid.py:138: Suite splitting in effect</skipped></testcase><testcase classname="src.pymortests.affine_grid" file="src/pymortests/affine_grid.py" line="138" name="test_volumes_values[&lt;lambda&gt;34]" time="0.00041031837463378906"><skipped message="Suite splitting in effect" type="pytest.skip">src/pymortests/affine_grid.py:138: Suite splitting in effect</skipped></testcase><testcase classname="src.pymortests.affine_grid" file="src/pymortests/affine_grid.py" line="138" name="test_volumes_values[&lt;lambda&gt;35]" time="0.00039076805114746094"><skipped message="Suite splitting in effect" type="pytest.skip">src/pymortests/affine_grid.py:138: Suite splitting in effect</skipped></testcase><testcase classname="src.pymortests.affine_grid" file="src/pymortests/affine_grid.py" line="138" name="test_volumes_values[&lt;lambda&gt;36]" time="0.0004405975341796875"><skipped message="Suite splitting in effect" type="pytest.skip">src/pymortests/affine_grid.py:138: Suite splitting in effect</skipped></testcase><testcase classname="src.pymortests.affine_grid" file="src/pymortests/affine_grid.py" line="138" name="test_volumes_values[&lt;lambda&gt;37]" time="0.0004124641418457031"><skipped message="Suite splitting in effect" type="pytest.skip">src/pymortests/affine_grid.py:138: Suite splitting in effect</skipped></testcase><testcase classname="src.pymortests.affine_grid" file="src/pymortests/affine_grid.py" line="138" name="test_volumes_values[&lt;lambda&gt;38]" time="0.0006811618804931641"><skipped message="Suite splitting in effect" type="pytest.skip">src/pymortests/affine_grid.py:138: Suite splitting in effect</skipped></testcase><testcase classname="src.pymortests.affine_grid" file="src/pymortests/affine_grid.py" line="138" name="test_volumes_values[&lt;lambda&gt;39]" time="0.0004284381866455078"><skipped message="Suite splitting in effect" type="pytest.skip">src/pymortests/affine_grid.py:138: Suite splitting in effect</skipped></testcase><testcase classname="src.pymortests.affine_grid" file="src/pymortests/affine_grid.py" line="138" name="test_volumes_values[&lt;lambda&gt;40]" time="0.0003848075866699219"><skipped message="Suite splitting in effect" type="pytest.skip">src/pymortests/affine_grid.py:138: Suite splitting in effect</skipped></testcase><testcase classname="src.pymortests.affine_grid" file="src/pymortests/affine_grid.py" line="138" name="test_volumes_values[&lt;lambda&gt;41]" time="0.00039196014404296875"><skipped message="Suite splitting in effect" type="pytest.skip">src/pymortests/affine_grid.py:138: Suite splitting in effect</skipped></testcase><testcase classname="src.pymortests.affine_grid" file="src/pymortests/affine_grid.py" line="138" name="test_volumes_values[&lt;lambda&gt;42]" time="0.0003867149353027344"><skipped message="Suite splitting in effect" type="pytest.skip">src/pymortests/affine_grid.py:138: Suite splitting in effect</skipped></testcase><testcase classname="src.pymortests.affine_grid" file="src/pymortests/affine_grid.py" line="146" name="test_volumes_inverse_wrong_arguments[&lt;lambda&gt;0]" time="0.00041222572326660156"><skipped message="Suite splitting in effect" type="pytest.skip">src/pymortests/affine_grid.py:146: Suite splitting in effect</skipped></testcase><testcase classname="src.pymortests.affine_grid" file="src/pymortests/affine_grid.py" line="146" name="test_volumes_inverse_wrong_arguments[&lt;lambda&gt;1]" time="0.00041556358337402344"><skipped message="Suite splitting in effect" type="pytest.skip">src/pymortests/affine_grid.py:146: Suite splitting in effect</skipped></testcase><testcase classname="src.pymortests.affine_grid" file="src/pymortests/affine_grid.py" line="146" name="test_volumes_inverse_wrong_arguments[&lt;lambda&gt;2]" time="0.00041556358337402344"><skipped message="Suite splitting in effect" type="pytest.skip">src/pymortests/affine_grid.py:146: Suite splitting in effect</skipped></testcase><testcase classname="src.pymortests.affine_grid" file="src/pymortests/affine_grid.py" line="146" name="test_volumes_inverse_wrong_arguments[&lt;lambda&gt;3]" time="0.0006592273712158203"><skipped message="Suite splitting in effect" type="pytest.skip">src/pymortests/affine_grid.py:146: Suite splitting in effect</skipped></testcase><testcase classname="src.pymortests.affine_grid" file="src/pymortests/affine_grid.py" line="146" name="test_volumes_inverse_wrong_arguments[&lt;lambda&gt;4]" time="0.00041294097900390625"><skipped message="Suite splitting in effect" type="pytest.skip">src/pymortests/affine_grid.py:146: Suite splitting in effect</skipped></testcase><testcase classname="src.pymortests.affine_grid" file="src/pymortests/affine_grid.py" line="146" name="test_volumes_inverse_wrong_arguments[&lt;lambda&gt;5]" time="0.00040340423583984375"><skipped message="Suite splitting in effect" type="pytest.skip">src/pymortests/affine_grid.py:146: Suite splitting in effect</skipped></testcase><testcase classname="src.pymortests.affine_grid" file="src/pymortests/affine_grid.py" line="146" name="test_volumes_inverse_wrong_arguments[&lt;lambda&gt;6]" time="0.0003857612609863281"><skipped message="Suite splitting in effect" type="pytest.skip">src/pymortests/affine_grid.py:146: Suite splitting in effect</skipped></testcase><testcase classname="src.pymortests.affine_grid" file="src/pymortests/affine_grid.py" line="146" name="test_volumes_inverse_wrong_arguments[&lt;lambda&gt;7]" time="0.0003898143768310547"><skipped message="Suite splitting in effect" type="pytest.skip">src/pymortests/affine_grid.py:146: Suite splitting in effect</skipped></testcase><testcase classname="src.pymortests.affine_grid" file="src/pymortests/affine_grid.py" line="146" name="test_volumes_inverse_wrong_arguments[&lt;lambda&gt;8]" time="0.0004837512969970703"><skipped message="Suite splitting in effect" type="pytest.skip">src/pymortests/affine_grid.py:146: Suite splitting in effect</skipped></testcase><testcase classname="src.pymortests.affine_grid" file="src/pymortests/affine_grid.py" line="146" name="test_volumes_inverse_wrong_arguments[&lt;lambda&gt;9]" time="0.0003936290740966797"><skipped message="Suite splitting in effect" type="pytest.skip">src/pymortests/affine_grid.py:146: Suite splitting in effect</skipped></testcase><testcase classname="src.pymortests.affine_grid" file="src/pymortests/affine_grid.py" line="146" name="test_volumes_inverse_wrong_arguments[&lt;lambda&gt;10]" time="0.0003883838653564453"><skipped message="Suite splitting in effect" type="pytest.skip">src/pymortests/affine_grid.py:146: Suite splitting in effect</skipped></testcase><testcase classname="src.pymortests.affine_grid" file="src/pymortests/affine_grid.py" line="146" name="test_volumes_inverse_wrong_arguments[&lt;lambda&gt;11]" time="0.0007083415985107422"><skipped message="Suite splitting in effect" type="pytest.skip">src/pymortests/affine_grid.py:146: Suite splitting in effect</skipped></testcase><testcase classname="src.pymortests.affine_grid" file="src/pymortests/affine_grid.py" line="146" name="test_volumes_inverse_wrong_arguments[&lt;lambda&gt;12]" time="0.0003857612609863281"><skipped message="Suite splitting in effect" type="pytest.skip">src/pymortests/affine_grid.py:146: Suite splitting in effect</skipped></testcase><testcase classname="src.pymortests.affine_grid" file="src/pymortests/affine_grid.py" line="146" name="test_volumes_inverse_wrong_arguments[&lt;lambda&gt;13]" time="0.0004100799560546875"><skipped message="Suite splitting in effect" type="pytest.skip">src/pymortests/affine_grid.py:146: Suite splitting in effect</skipped></testcase><testcase classname="src.pymortests.affine_grid" file="src/pymortests/affine_grid.py" line="146" name="test_volumes_inverse_wrong_arguments[&lt;lambda&gt;14]" time="0.0003898143768310547"><skipped message="Suite splitting in effect" type="pytest.skip">src/pymortests/affine_grid.py:146: Suite splitting in effect</skipped></testcase><testcase classname="src.pymortests.affine_grid" file="src/pymortests/affine_grid.py" line="146" name="test_volumes_inverse_wrong_arguments[&lt;lambda&gt;15]" time="0.0004131793975830078"><skipped message="Suite splitting in effect" type="pytest.skip">src/pymortests/affine_grid.py:146: Suite splitting in effect</skipped></testcase><testcase classname="src.pymortests.affine_grid" file="src/pymortests/affine_grid.py" line="146" name="test_volumes_inverse_wrong_arguments[&lt;lambda&gt;16]" time="0.0004105567932128906"><skipped message="Suite splitting in effect" type="pytest.skip">src/pymortests/affine_grid.py:146: Suite splitting in effect</skipped></testcase><testcase classname="src.pymortests.affine_grid" file="src/pymortests/affine_grid.py" line="146" name="test_volumes_inverse_wrong_arguments[&lt;lambda&gt;17]" time="0.0003879070281982422"><skipped message="Suite splitting in effect" type="pytest.skip">src/pymortests/affine_grid.py:146: Suite splitting in effect</skipped></testcase><testcase classname="src.pymortests.affine_grid" file="src/pymortests/affine_grid.py" line="146" name="test_volumes_inverse_wrong_arguments[&lt;lambda&gt;18]" time="0.0003933906555175781"><skipped message="Suite splitting in effect" type="pytest.skip">src/pymortests/affine_grid.py:146: Suite splitting in effect</skipped></testcase><testcase classname="src.pymortests.affine_grid" file="src/pymortests/affine_grid.py" line="146" name="test_volumes_inverse_wrong_arguments[&lt;lambda&gt;19]" time="0.0006616115570068359"><skipped message="Suite splitting in effect" type="pytest.skip">src/pymortests/affine_grid.py:146: Suite splitting in effect</skipped></testcase><testcase classname="src.pymortests.affine_grid" file="src/pymortests/affine_grid.py" line="146" name="test_volumes_inverse_wrong_arguments[&lt;lambda&gt;20]" time="0.00041031837463378906"><skipped message="Suite splitting in effect" type="pytest.skip">src/pymortests/affine_grid.py:146: Suite splitting in effect</skipped></testcase><testcase classname="src.pymortests.affine_grid" file="src/pymortests/affine_grid.py" line="146" name="test_volumes_inverse_wrong_arguments[&lt;lambda&gt;21]" time="0.00039458274841308594"><skipped message="Suite splitting in effect" type="pytest.skip">src/pymortests/affine_grid.py:146: Suite splitting in effect</skipped></testcase><testcase classname="src.pymortests.affine_grid" file="src/pymortests/affine_grid.py" line="146" name="test_volumes_inverse_wrong_arguments[&lt;lambda&gt;22]" time="0.0003895759582519531"><skipped message="Suite splitting in effect" type="pytest.skip">src/pymortests/affine_grid.py:146: Suite splitting in effect</skipped></testcase><testcase classname="src.pymortests.affine_grid" file="src/pymortests/affine_grid.py" line="146" name="test_volumes_inverse_wrong_arguments[&lt;lambda&gt;23]" time="0.000392913818359375"><skipped message="Suite splitting in effect" type="pytest.skip">src/pymortests/affine_grid.py:146: Suite splitting in effect</skipped></testcase><testcase classname="src.pymortests.affine_grid" file="src/pymortests/affine_grid.py" line="146" name="test_volumes_inverse_wrong_arguments[&lt;lambda&gt;24]" time="0.0004146099090576172"><skipped message="Suite splitting in effect" type="pytest.skip">src/pymortests/affine_grid.py:146: Suite splitting in effect</skipped></testcase><testcase classname="src.pymortests.affine_grid" file="src/pymortests/affine_grid.py" line="146" name="test_volumes_inverse_wrong_arguments[&lt;lambda&gt;25]" time="0.00039649009704589844"><skipped message="Suite splitting in effect" type="pytest.skip">src/pymortests/affine_grid.py:146: Suite splitting in effect</skipped></testcase><testcase classname="src.pymortests.affine_grid" file="src/pymortests/affine_grid.py" line="146" name="test_volumes_inverse_wrong_arguments[&lt;lambda&gt;26]" time="0.00041556358337402344"><skipped message="Suite splitting in effect" type="pytest.skip">src/pymortests/affine_grid.py:146: Suite splitting in effect</skipped></testcase><testcase classname="src.pymortests.affine_grid" file="src/pymortests/affine_grid.py" line="146" name="test_volumes_inverse_wrong_arguments[&lt;lambda&gt;27]" time="0.0006570816040039062"><skipped message="Suite splitting in effect" type="pytest.skip">src/pymortests/affine_grid.py:146: Suite splitting in effect</skipped></testcase><testcase classname="src.pymortests.affine_grid" file="src/pymortests/affine_grid.py" line="146" name="test_volumes_inverse_wrong_arguments[&lt;lambda&gt;28]" time="0.0004153251647949219"><skipped message="Suite splitting in effect" type="pytest.skip">src/pymortests/affine_grid.py:146: Suite splitting in effect</skipped></testcase><testcase classname="src.pymortests.affine_grid" file="src/pymortests/affine_grid.py" line="146" name="test_volumes_inverse_wrong_arguments[&lt;lambda&gt;29]" time="0.0004305839538574219"><skipped message="Suite splitting in effect" type="pytest.skip">src/pymortests/affine_grid.py:146: Suite splitting in effect</skipped></testcase><testcase classname="src.pymortests.affine_grid" file="src/pymortests/affine_grid.py" line="146" name="test_volumes_inverse_wrong_arguments[&lt;lambda&gt;30]" time="0.00040912628173828125"><skipped message="Suite splitting in effect" type="pytest.skip">src/pymortests/affine_grid.py:146: Suite splitting in effect</skipped></testcase><testcase classname="src.pymortests.affine_grid" file="src/pymortests/affine_grid.py" line="146" name="test_volumes_inverse_wrong_arguments[&lt;lambda&gt;31]" time="0.00038433074951171875"><skipped message="Suite splitting in effect" type="pytest.skip">src/pymortests/affine_grid.py:146: Suite splitting in effect</skipped></testcase><testcase classname="src.pymortests.affine_grid" file="src/pymortests/affine_grid.py" line="146" name="test_volumes_inverse_wrong_arguments[&lt;lambda&gt;32]" time="0.0003864765167236328"><skipped message="Suite splitting in effect" type="pytest.skip">src/pymortests/affine_grid.py:146: Suite splitting in effect</skipped></testcase><testcase classname="src.pymortests.affine_grid" file="src/pymortests/affine_grid.py" line="146" name="test_volumes_inverse_wrong_arguments[&lt;lambda&gt;33]" time="0.0004105567932128906"><skipped message="Suite splitting in effect" type="pytest.skip">src/pymortests/affine_grid.py:146: Suite splitting in effect</skipped></testcase><testcase classname="src.pymortests.affine_grid" file="src/pymortests/affine_grid.py" line="146" name="test_volumes_inverse_wrong_arguments[&lt;lambda&gt;34]" time="0.00041365623474121094"><skipped message="Suite splitting in effect" type="pytest.skip">src/pymortests/affine_grid.py:146: Suite splitting in effect</skipped></testcase><testcase classname="src.pymortests.affine_grid" file="src/pymortests/affine_grid.py" line="146" name="test_volumes_inverse_wrong_arguments[&lt;lambda&gt;35]" time="0.0006945133209228516"><skipped message="Suite splitting in effect" type="pytest.skip">src/pymortests/affine_grid.py:146: Suite splitting in effect</skipped></testcase><testcase classname="src.pymortests.affine_grid" file="src/pymortests/affine_grid.py" line="146" name="test_volumes_inverse_wrong_arguments[&lt;lambda&gt;36]" time="0.0004012584686279297"><skipped message="Suite splitting in effect" type="pytest.skip">src/pymortests/affine_grid.py:146: Suite splitting in effect</skipped></testcase><testcase classname="src.pymortests.affine_grid" file="src/pymortests/affine_grid.py" line="146" name="test_volumes_inverse_wrong_arguments[&lt;lambda&gt;37]" time="0.00044465065002441406"><skipped message="Suite splitting in effect" type="pytest.skip">src/pymortests/affine_grid.py:146: Suite splitting in effect</skipped></testcase><testcase classname="src.pymortests.affine_grid" file="src/pymortests/affine_grid.py" line="146" name="test_volumes_inverse_wrong_arguments[&lt;lambda&gt;38]" time="0.00041222572326660156"><skipped message="Suite splitting in effect" type="pytest.skip">src/pymortests/affine_grid.py:146: Suite splitting in effect</skipped></testcase><testcase classname="src.pymortests.affine_grid" file="src/pymortests/affine_grid.py" line="146" name="test_volumes_inverse_wrong_arguments[&lt;lambda&gt;39]" time="0.00039076805114746094"><skipped message="Suite splitting in effect" type="pytest.skip">src/pymortests/affine_grid.py:146: Suite splitting in effect</skipped></testcase><testcase classname="src.pymortests.affine_grid" file="src/pymortests/affine_grid.py" line="146" name="test_volumes_inverse_wrong_arguments[&lt;lambda&gt;40]" time="0.00038909912109375"><skipped message="Suite splitting in effect" type="pytest.skip">src/pymortests/affine_grid.py:146: Suite splitting in effect</skipped></testcase><testcase classname="src.pymortests.affine_grid" file="src/pymortests/affine_grid.py" line="146" name="test_volumes_inverse_wrong_arguments[&lt;lambda&gt;41]" time="0.0003943443298339844"><skipped message="Suite splitting in effect" type="pytest.skip">src/pymortests/affine_grid.py:146: Suite splitting in effect</skipped></testcase><testcase classname="src.pymortests.affine_grid" file="src/pymortests/affine_grid.py" line="146" name="test_volumes_inverse_wrong_arguments[&lt;lambda&gt;42]" time="0.0004153251647949219"><skipped message="Suite splitting in effect" type="pytest.skip">src/pymortests/affine_grid.py:146: Suite splitting in effect</skipped></testcase><testcase classname="src.pymortests.affine_grid" file="src/pymortests/affine_grid.py" line="154" name="test_volumes_inverse_shape[&lt;lambda&gt;0]" time="0.0008306503295898438"><skipped message="Suite splitting in effect" type="pytest.skip">src/pymortests/affine_grid.py:154: Suite splitting in effect</skipped></testcase><testcase classname="src.pymortests.affine_grid" file="src/pymortests/affine_grid.py" line="154" name="test_volumes_inverse_shape[&lt;lambda&gt;1]" time="0.0004105567932128906"><skipped message="Suite splitting in effect" type="pytest.skip">src/pymortests/affine_grid.py:154: Suite splitting in effect</skipped></testcase><testcase classname="src.pymortests.affine_grid" file="src/pymortests/affine_grid.py" line="154" name="test_volumes_inverse_shape[&lt;lambda&gt;2]" time="0.00041747093200683594"><skipped message="Suite splitting in effect" type="pytest.skip">src/pymortests/affine_grid.py:154: Suite splitting in effect</skipped></testcase><testcase classname="src.pymortests.affine_grid" file="src/pymortests/affine_grid.py" line="154" name="test_volumes_inverse_shape[&lt;lambda&gt;3]" time="0.0004131793975830078"><skipped message="Suite splitting in effect" type="pytest.skip">src/pymortests/affine_grid.py:154: Suite splitting in effect</skipped></testcase><testcase classname="src.pymortests.affine_grid" file="src/pymortests/affine_grid.py" line="154" name="test_volumes_inverse_shape[&lt;lambda&gt;4]" time="0.00039005279541015625"><skipped message="Suite splitting in effect" type="pytest.skip">src/pymortests/affine_grid.py:154: Suite splitting in effect</skipped></testcase><testcase classname="src.pymortests.affine_grid" file="src/pymortests/affine_grid.py" line="154" name="test_volumes_inverse_shape[&lt;lambda&gt;5]" time="0.00039386749267578125"><skipped message="Suite splitting in effect" type="pytest.skip">src/pymortests/affine_grid.py:154: Suite splitting in effect</skipped></testcase><testcase classname="src.pymortests.affine_grid" file="src/pymortests/affine_grid.py" line="154" name="test_volumes_inverse_shape[&lt;lambda&gt;6]" time="0.0004057884216308594"><skipped message="Suite splitting in effect" type="pytest.skip">src/pymortests/affine_grid.py:154: Suite splitting in effect</skipped></testcase><testcase classname="src.pymortests.affine_grid" file="src/pymortests/affine_grid.py" line="154" name="test_volumes_inverse_shape[&lt;lambda&gt;7]" time="0.0004189014434814453"><skipped message="Suite splitting in effect" type="pytest.skip">src/pymortests/affine_grid.py:154: Suite splitting in effect</skipped></testcase><testcase classname="src.pymortests.affine_grid" file="src/pymortests/affine_grid.py" line="154" name="test_volumes_inverse_shape[&lt;lambda&gt;8]" time="0.0008935928344726562"><skipped message="Suite splitting in effect" type="pytest.skip">src/pymortests/affine_grid.py:154: Suite splitting in effect</skipped></testcase><testcase classname="src.pymortests.affine_grid" file="src/pymortests/affine_grid.py" line="154" name="test_volumes_inverse_shape[&lt;lambda&gt;9]" time="0.0004086494445800781"><skipped message="Suite splitting in effect" type="pytest.skip">src/pymortests/affine_grid.py:154: Suite splitting in effect</skipped></testcase><testcase classname="src.pymortests.affine_grid" file="src/pymortests/affine_grid.py" line="154" name="test_volumes_inverse_shape[&lt;lambda&gt;10]" time="0.00038814544677734375"><skipped message="Suite splitting in effect" type="pytest.skip">src/pymortests/affine_grid.py:154: Suite splitting in effect</skipped></testcase><testcase classname="src.pymortests.affine_grid" file="src/pymortests/affine_grid.py" line="154" name="test_volumes_inverse_shape[&lt;lambda&gt;11]" time="0.0004107952117919922"><skipped message="Suite splitting in effect" type="pytest.skip">src/pymortests/affine_grid.py:154: Suite splitting in effect</skipped></testcase><testcase classname="src.pymortests.affine_grid" file="src/pymortests/affine_grid.py" line="154" name="test_volumes_inverse_shape[&lt;lambda&gt;12]" time="0.0003876686096191406"><skipped message="Suite splitting in effect" type="pytest.skip">src/pymortests/affine_grid.py:154: Suite splitting in effect</skipped></testcase><testcase classname="src.pymortests.affine_grid" file="src/pymortests/affine_grid.py" line="154" name="test_volumes_inverse_shape[&lt;lambda&gt;13]" time="0.00041985511779785156"><skipped message="Suite splitting in effect" type="pytest.skip">src/pymortests/affine_grid.py:154: Suite splitting in effect</skipped></testcase><testcase classname="src.pymortests.affine_grid" file="src/pymortests/affine_grid.py" line="154" name="test_volumes_inverse_shape[&lt;lambda&gt;14]" time="0.0004076957702636719"><skipped message="Suite splitting in effect" type="pytest.skip">src/pymortests/affine_grid.py:154: Suite splitting in effect</skipped></testcase><testcase classname="src.pymortests.affine_grid" file="src/pymortests/affine_grid.py" line="154" name="test_volumes_inverse_shape[&lt;lambda&gt;15]" time="0.0003924369812011719"><skipped message="Suite splitting in effect" type="pytest.skip">src/pymortests/affine_grid.py:154: Suite splitting in effect</skipped></testcase><testcase classname="src.pymortests.affine_grid" file="src/pymortests/affine_grid.py" line="154" name="test_volumes_inverse_shape[&lt;lambda&gt;16]" time="0.0006933212280273438"><skipped message="Suite splitting in effect" type="pytest.skip">src/pymortests/affine_grid.py:154: Suite splitting in effect</skipped></testcase><testcase classname="src.pymortests.affine_grid" file="src/pymortests/affine_grid.py" line="154" name="test_volumes_inverse_shape[&lt;lambda&gt;17]" time="0.00040912628173828125"><skipped message="Suite splitting in effect" type="pytest.skip">src/pymortests/affine_grid.py:154: Suite splitting in effect</skipped></testcase><testcase classname="src.pymortests.affine_grid" file="src/pymortests/affine_grid.py" line="154" name="test_volumes_inverse_shape[&lt;lambda&gt;18]" time="0.00041103363037109375"><skipped message="Suite splitting in effect" type="pytest.skip">src/pymortests/affine_grid.py:154: Suite splitting in effect</skipped></testcase><testcase classname="src.pymortests.affine_grid" file="src/pymortests/affine_grid.py" line="154" name="test_volumes_inverse_shape[&lt;lambda&gt;19]" time="0.0003867149353027344"><skipped message="Suite splitting in effect" type="pytest.skip">src/pymortests/affine_grid.py:154: Suite splitting in effect</skipped></testcase><testcase classname="src.pymortests.affine_grid" file="src/pymortests/affine_grid.py" line="154" name="test_volumes_inverse_shape[&lt;lambda&gt;20]" time="0.000408172607421875"><skipped message="Suite splitting in effect" type="pytest.skip">src/pymortests/affine_grid.py:154: Suite splitting in effect</skipped></testcase><testcase classname="src.pymortests.affine_grid" file="src/pymortests/affine_grid.py" line="154" name="test_volumes_inverse_shape[&lt;lambda&gt;21]" time="0.0004336833953857422"><skipped message="Suite splitting in effect" type="pytest.skip">src/pymortests/affine_grid.py:154: Suite splitting in effect</skipped></testcase><testcase classname="src.pymortests.affine_grid" file="src/pymortests/affine_grid.py" line="154" name="test_volumes_inverse_shape[&lt;lambda&gt;22]" time="0.0004172325134277344"><skipped message="Suite splitting in effect" type="pytest.skip">src/pymortests/affine_grid.py:154: Suite splitting in effect</skipped></testcase><testcase classname="src.pymortests.affine_grid" file="src/pymortests/affine_grid.py" line="154" name="test_volumes_inverse_shape[&lt;lambda&gt;23]" time="0.00039577484130859375"><skipped message="Suite splitting in effect" type="pytest.skip">src/pymortests/affine_grid.py:154: Suite splitting in effect</skipped></testcase><testcase classname="src.pymortests.affine_grid" file="src/pymortests/affine_grid.py" line="154" name="test_volumes_inverse_shape[&lt;lambda&gt;24]" time="0.0006923675537109375"><skipped message="Suite splitting in effect" type="pytest.skip">src/pymortests/affine_grid.py:154: Suite splitting in effect</skipped></testcase><testcase classname="src.pymortests.affine_grid" file="src/pymortests/affine_grid.py" line="154" name="test_volumes_inverse_shape[&lt;lambda&gt;25]" time="0.0003879070281982422"><skipped message="Suite splitting in effect" type="pytest.skip">src/pymortests/affine_grid.py:154: Suite splitting in effect</skipped></testcase><testcase classname="src.pymortests.affine_grid" file="src/pymortests/affine_grid.py" line="154" name="test_volumes_inverse_shape[&lt;lambda&gt;26]" time="0.0003859996795654297"><skipped message="Suite splitting in effect" type="pytest.skip">src/pymortests/affine_grid.py:154: Suite splitting in effect</skipped></testcase><testcase classname="src.pymortests.affine_grid" file="src/pymortests/affine_grid.py" line="154" name="test_volumes_inverse_shape[&lt;lambda&gt;27]" time="0.00038909912109375"><skipped message="Suite splitting in effect" type="pytest.skip">src/pymortests/affine_grid.py:154: Suite splitting in effect</skipped></testcase><testcase classname="src.pymortests.affine_grid" file="src/pymortests/affine_grid.py" line="154" name="test_volumes_inverse_shape[&lt;lambda&gt;28]" time="0.00043010711669921875"><skipped message="Suite splitting in effect" type="pytest.skip">src/pymortests/affine_grid.py:154: Suite splitting in effect</skipped></testcase><testcase classname="src.pymortests.affine_grid" file="src/pymortests/affine_grid.py" line="154" name="test_volumes_inverse_shape[&lt;lambda&gt;29]" time="0.000415802001953125"><skipped message="Suite splitting in effect" type="pytest.skip">src/pymortests/affine_grid.py:154: Suite splitting in effect</skipped></testcase><testcase classname="src.pymortests.affine_grid" file="src/pymortests/affine_grid.py" line="154" name="test_volumes_inverse_shape[&lt;lambda&gt;30]" time="0.00039005279541015625"><skipped message="Suite splitting in effect" type="pytest.skip">src/pymortests/affine_grid.py:154: Suite splitting in effect</skipped></testcase><testcase classname="src.pymortests.affine_grid" file="src/pymortests/affine_grid.py" line="154" name="test_volumes_inverse_shape[&lt;lambda&gt;31]" time="0.0004048347473144531"><skipped message="Suite splitting in effect" type="pytest.skip">src/pymortests/affine_grid.py:154: Suite splitting in effect</skipped></testcase><testcase classname="src.pymortests.affine_grid" file="src/pymortests/affine_grid.py" line="154" name="test_volumes_inverse_shape[&lt;lambda&gt;32]" time="0.0006873607635498047"><skipped message="Suite splitting in effect" type="pytest.skip">src/pymortests/affine_grid.py:154: Suite splitting in effect</skipped></testcase><testcase classname="src.pymortests.affine_grid" file="src/pymortests/affine_grid.py" line="154" name="test_volumes_inverse_shape[&lt;lambda&gt;33]" time="0.0004241466522216797"><skipped message="Suite splitting in effect" type="pytest.skip">src/pymortests/affine_grid.py:154: Suite splitting in effect</skipped></testcase><testcase classname="src.pymortests.affine_grid" file="src/pymortests/affine_grid.py" line="154" name="test_volumes_inverse_shape[&lt;lambda&gt;34]" time="0.00038743019104003906"><skipped message="Suite splitting in effect" type="pytest.skip">src/pymortests/affine_grid.py:154: Suite splitting in effect</skipped></testcase><testcase classname="src.pymortests.affine_grid" file="src/pymortests/affine_grid.py" line="154" name="test_volumes_inverse_shape[&lt;lambda&gt;35]" time="0.00040078163146972656"><skipped message="Suite splitting in effect" type="pytest.skip">src/pymortests/affine_grid.py:154: Suite splitting in effect</skipped></testcase><testcase classname="src.pymortests.affine_grid" file="src/pymortests/affine_grid.py" line="154" name="test_volumes_inverse_shape[&lt;lambda&gt;36]" time="0.00038695335388183594"><skipped message="Suite splitting in effect" type="pytest.skip">src/pymortests/affine_grid.py:154: Suite splitting in effect</skipped></testcase><testcase classname="src.pymortests.affine_grid" file="src/pymortests/affine_grid.py" line="154" name="test_volumes_inverse_shape[&lt;lambda&gt;37]" time="0.00041866302490234375"><skipped message="Suite splitting in effect" type="pytest.skip">src/pymortests/affine_grid.py:154: Suite splitting in effect</skipped></testcase><testcase classname="src.pymortests.affine_grid" file="src/pymortests/affine_grid.py" line="154" name="test_volumes_inverse_shape[&lt;lambda&gt;38]" time="0.0004379749298095703"><skipped message="Suite splitting in effect" type="pytest.skip">src/pymortests/affine_grid.py:154: Suite splitting in effect</skipped></testcase><testcase classname="src.pymortests.affine_grid" file="src/pymortests/affine_grid.py" line="154" name="test_volumes_inverse_shape[&lt;lambda&gt;39]" time="0.00039267539978027344"><skipped message="Suite splitting in effect" type="pytest.skip">src/pymortests/affine_grid.py:154: Suite splitting in effect</skipped></testcase><testcase classname="src.pymortests.affine_grid" file="src/pymortests/affine_grid.py" line="154" name="test_volumes_inverse_shape[&lt;lambda&gt;40]" time="0.0007824897766113281"><skipped message="Suite splitting in effect" type="pytest.skip">src/pymortests/affine_grid.py:154: Suite splitting in effect</skipped></testcase><testcase classname="src.pymortests.affine_grid" file="src/pymortests/affine_grid.py" line="154" name="test_volumes_inverse_shape[&lt;lambda&gt;41]" time="0.0004892349243164062"><skipped message="Suite splitting in effect" type="pytest.skip">src/pymortests/affine_grid.py:154: Suite splitting in effect</skipped></testcase><testcase classname="src.pymortests.affine_grid" file="src/pymortests/affine_grid.py" line="154" name="test_volumes_inverse_shape[&lt;lambda&gt;42]" time="0.0004303455352783203"><skipped message="Suite splitting in effect" type="pytest.skip">src/pymortests/affine_grid.py:154: Suite splitting in effect</skipped></testcase><testcase classname="src.pymortests.affine_grid" file="src/pymortests/affine_grid.py" line="160" name="test_volumes_inverse_values[&lt;lambda&gt;0]" time="0.0003974437713623047"><skipped message="Suite splitting in effect" type="pytest.skip">src/pymortests/affine_grid.py:160: Suite splitting in effect</skipped></testcase><testcase classname="src.pymortests.affine_grid" file="src/pymortests/affine_grid.py" line="160" name="test_volumes_inverse_values[&lt;lambda&gt;1]" time="0.00039124488830566406"><skipped message="Suite splitting in effect" type="pytest.skip">src/pymortests/affine_grid.py:160: Suite splitting in effect</skipped></testcase><testcase classname="src.pymortests.affine_grid" file="src/pymortests/affine_grid.py" line="160" name="test_volumes_inverse_values[&lt;lambda&gt;2]" time="0.0003898143768310547"><skipped message="Suite splitting in effect" type="pytest.skip">src/pymortests/affine_grid.py:160: Suite splitting in effect</skipped></testcase><testcase classname="src.pymortests.affine_grid" file="src/pymortests/affine_grid.py" line="160" name="test_volumes_inverse_values[&lt;lambda&gt;3]" time="0.0004203319549560547"><skipped message="Suite splitting in effect" type="pytest.skip">src/pymortests/affine_grid.py:160: Suite splitting in effect</skipped></testcase><testcase classname="src.pymortests.affine_grid" file="src/pymortests/affine_grid.py" line="160" name="test_volumes_inverse_values[&lt;lambda&gt;4]" time="0.0004322528839111328"><skipped message="Suite splitting in effect" type="pytest.skip">src/pymortests/affine_grid.py:160: Suite splitting in effect</skipped></testcase><testcase classname="src.pymortests.affine_grid" file="src/pymortests/affine_grid.py" line="160" name="test_volumes_inverse_values[&lt;lambda&gt;5]" time="0.0007045269012451172"><skipped message="Suite splitting in effect" type="pytest.skip">src/pymortests/affine_grid.py:160: Suite splitting in effect</skipped></testcase><testcase classname="src.pymortests.affine_grid" file="src/pymortests/affine_grid.py" line="160" name="test_volumes_inverse_values[&lt;lambda&gt;6]" time="0.00040268898010253906"><skipped message="Suite splitting in effect" type="pytest.skip">src/pymortests/affine_grid.py:160: Suite splitting in effect</skipped></testcase><testcase classname="src.pymortests.affine_grid" file="src/pymortests/affine_grid.py" line="160" name="test_volumes_inverse_values[&lt;lambda&gt;7]" time="0.00043773651123046875"><skipped message="Suite splitting in effect" type="pytest.skip">src/pymortests/affine_grid.py:160: Suite splitting in effect</skipped></testcase><testcase classname="src.pymortests.affine_grid" file="src/pymortests/affine_grid.py" line="160" name="test_volumes_inverse_values[&lt;lambda&gt;8]" time="0.0004353523254394531"><skipped message="Suite splitting in effect" type="pytest.skip">src/pymortests/affine_grid.py:160: Suite splitting in effect</skipped></testcase><testcase classname="src.pymortests.affine_grid" file="src/pymortests/affine_grid.py" line="160" name="test_volumes_inverse_values[&lt;lambda&gt;9]" time="0.00043320655822753906"><skipped message="Suite splitting in effect" type="pytest.skip">src/pymortests/affine_grid.py:160: Suite splitting in effect</skipped></testcase><testcase classname="src.pymortests.affine_grid" file="src/pymortests/affine_grid.py" line="160" name="test_volumes_inverse_values[&lt;lambda&gt;10]" time="0.00040650367736816406"><skipped message="Suite splitting in effect" type="pytest.skip">src/pymortests/affine_grid.py:160: Suite splitting in effect</skipped></testcase><testcase classname="src.pymortests.affine_grid" file="src/pymortests/affine_grid.py" line="160" name="test_volumes_inverse_values[&lt;lambda&gt;11]" time="0.00041294097900390625"><skipped message="Suite splitting in effect" type="pytest.skip">src/pymortests/affine_grid.py:160: Suite splitting in effect</skipped></testcase><testcase classname="src.pymortests.affine_grid" file="src/pymortests/affine_grid.py" line="160" name="test_volumes_inverse_values[&lt;lambda&gt;12]" time="0.00043892860412597656"><skipped message="Suite splitting in effect" type="pytest.skip">src/pymortests/affine_grid.py:160: Suite splitting in effect</skipped></testcase><testcase classname="src.pymortests.affine_grid" file="src/pymortests/affine_grid.py" line="160" name="test_volumes_inverse_values[&lt;lambda&gt;13]" time="0.0006887912750244141"><skipped message="Suite splitting in effect" type="pytest.skip">src/pymortests/affine_grid.py:160: Suite splitting in effect</skipped></testcase><testcase classname="src.pymortests.affine_grid" file="src/pymortests/affine_grid.py" line="160" name="test_volumes_inverse_values[&lt;lambda&gt;14]" time="0.00041174888610839844"><skipped message="Suite splitting in effect" type="pytest.skip">src/pymortests/affine_grid.py:160: Suite splitting in effect</skipped></testcase><testcase classname="src.pymortests.affine_grid" file="src/pymortests/affine_grid.py" line="160" name="test_volumes_inverse_values[&lt;lambda&gt;15]" time="0.00046896934509277344"><skipped message="Suite splitting in effect" type="pytest.skip">src/pymortests/affine_grid.py:160: Suite splitting in effect</skipped></testcase><testcase classname="src.pymortests.affine_grid" file="src/pymortests/affine_grid.py" line="160" name="test_volumes_inverse_values[&lt;lambda&gt;16]" time="0.0004184246063232422"><skipped message="Suite splitting in effect" type="pytest.skip">src/pymortests/affine_grid.py:160: Suite splitting in effect</skipped></testcase><testcase classname="src.pymortests.affine_grid" file="src/pymortests/affine_grid.py" line="160" name="test_volumes_inverse_values[&lt;lambda&gt;17]" time="0.00041222572326660156"><skipped message="Suite splitting in effect" type="pytest.skip">src/pymortests/affine_grid.py:160: Suite splitting in effect</skipped></testcase><testcase classname="src.pymortests.affine_grid" file="src/pymortests/affine_grid.py" line="160" name="test_volumes_inverse_values[&lt;lambda&gt;18]" time="0.00040459632873535156"><skipped message="Suite splitting in effect" type="pytest.skip">src/pymortests/affine_grid.py:160: Suite splitting in effect</skipped></testcase><testcase classname="src.pymortests.affine_grid" file="src/pymortests/affine_grid.py" line="160" name="test_volumes_inverse_values[&lt;lambda&gt;19]" time="0.0004298686981201172"><skipped message="Suite splitting in effect" type="pytest.skip">src/pymortests/affine_grid.py:160: Suite splitting in effect</skipped></testcase><testcase classname="src.pymortests.affine_grid" file="src/pymortests/affine_grid.py" line="160" name="test_volumes_inverse_values[&lt;lambda&gt;20]" time="0.0005359649658203125"><skipped message="Suite splitting in effect" type="pytest.skip">src/pymortests/affine_grid.py:160: Suite splitting in effect</skipped></testcase><testcase classname="src.pymortests.affine_grid" file="src/pymortests/affine_grid.py" line="160" name="test_volumes_inverse_values[&lt;lambda&gt;21]" time="0.0006816387176513672"><skipped message="Suite splitting in effect" type="pytest.skip">src/pymortests/affine_grid.py:160: Suite splitting in effect</skipped></testcase><testcase classname="src.pymortests.affine_grid" file="src/pymortests/affine_grid.py" line="160" name="test_volumes_inverse_values[&lt;lambda&gt;22]" time="0.0003848075866699219"><skipped message="Suite splitting in effect" type="pytest.skip">src/pymortests/affine_grid.py:160: Suite splitting in effect</skipped></testcase><testcase classname="src.pymortests.affine_grid" file="src/pymortests/affine_grid.py" line="160" name="test_volumes_inverse_values[&lt;lambda&gt;23]" time="0.0004367828369140625"><skipped message="Suite splitting in effect" type="pytest.skip">src/pymortests/affine_grid.py:160: Suite splitting in effect</skipped></testcase><testcase classname="src.pymortests.affine_grid" file="src/pymortests/affine_grid.py" line="160" name="test_volumes_inverse_values[&lt;lambda&gt;24]" time="0.00040602684020996094"><skipped message="Suite splitting in effect" type="pytest.skip">src/pymortests/affine_grid.py:160: Suite splitting in effect</skipped></testcase><testcase classname="src.pymortests.affine_grid" file="src/pymortests/affine_grid.py" line="160" name="test_volumes_inverse_values[&lt;lambda&gt;25]" time="0.00038623809814453125"><skipped message="Suite splitting in effect" type="pytest.skip">src/pymortests/affine_grid.py:160: Suite splitting in effect</skipped></testcase><testcase classname="src.pymortests.affine_grid" file="src/pymortests/affine_grid.py" line="160" name="test_volumes_inverse_values[&lt;lambda&gt;26]" time="0.000423431396484375"><skipped message="Suite splitting in effect" type="pytest.skip">src/pymortests/affine_grid.py:160: Suite splitting in effect</skipped></testcase><testcase classname="src.pymortests.affine_grid" file="src/pymortests/affine_grid.py" line="160" name="test_volumes_inverse_values[&lt;lambda&gt;27]" time="0.00038909912109375"><skipped message="Suite splitting in effect" type="pytest.skip">src/pymortests/affine_grid.py:160: Suite splitting in effect</skipped></testcase><testcase classname="src.pymortests.affine_grid" file="src/pymortests/affine_grid.py" line="160" name="test_volumes_inverse_values[&lt;lambda&gt;28]" time="0.00041985511779785156"><skipped message="Suite splitting in effect" type="pytest.skip">src/pymortests/affine_grid.py:160: Suite splitting in effect</skipped></testcase><testcase classname="src.pymortests.affine_grid" file="src/pymortests/affine_grid.py" line="160" name="test_volumes_inverse_values[&lt;lambda&gt;29]" time="0.0006475448608398438"><skipped message="Suite splitting in effect" type="pytest.skip">src/pymortests/affine_grid.py:160: Suite splitting in effect</skipped></testcase><testcase classname="src.pymortests.affine_grid" file="src/pymortests/affine_grid.py" line="160" name="test_volumes_inverse_values[&lt;lambda&gt;30]" time="0.00039458274841308594"><skipped message="Suite splitting in effect" type="pytest.skip">src/pymortests/affine_grid.py:160: Suite splitting in effect</skipped></testcase><testcase classname="src.pymortests.affine_grid" file="src/pymortests/affine_grid.py" line="160" name="test_volumes_inverse_values[&lt;lambda&gt;31]" time="0.0004208087921142578"><skipped message="Suite splitting in effect" type="pytest.skip">src/pymortests/affine_grid.py:160: Suite splitting in effect</skipped></testcase><testcase classname="src.pymortests.affine_grid" file="src/pymortests/affine_grid.py" line="160" name="test_volumes_inverse_values[&lt;lambda&gt;32]" time="0.0004248619079589844"><skipped message="Suite splitting in effect" type="pytest.skip">src/pymortests/affine_grid.py:160: Suite splitting in effect</skipped></testcase><testcase classname="src.pymortests.affine_grid" file="src/pymortests/affine_grid.py" line="160" name="test_volumes_inverse_values[&lt;lambda&gt;33]" time="0.0003895759582519531"><skipped message="Suite splitting in effect" type="pytest.skip">src/pymortests/affine_grid.py:160: Suite splitting in effect</skipped></testcase><testcase classname="src.pymortests.affine_grid" file="src/pymortests/affine_grid.py" line="160" name="test_volumes_inverse_values[&lt;lambda&gt;34]" time="0.0004076957702636719"><skipped message="Suite splitting in effect" type="pytest.skip">src/pymortests/affine_grid.py:160: Suite splitting in effect</skipped></testcase><testcase classname="src.pymortests.affine_grid" file="src/pymortests/affine_grid.py" line="160" name="test_volumes_inverse_values[&lt;lambda&gt;35]" time="0.0003898143768310547"><skipped message="Suite splitting in effect" type="pytest.skip">src/pymortests/affine_grid.py:160: Suite splitting in effect</skipped></testcase><testcase classname="src.pymortests.affine_grid" file="src/pymortests/affine_grid.py" line="160" name="test_volumes_inverse_values[&lt;lambda&gt;36]" time="0.00041961669921875"><skipped message="Suite splitting in effect" type="pytest.skip">src/pymortests/affine_grid.py:160: Suite splitting in effect</skipped></testcase><testcase classname="src.pymortests.affine_grid" file="src/pymortests/affine_grid.py" line="160" name="test_volumes_inverse_values[&lt;lambda&gt;37]" time="0.0006482601165771484"><skipped message="Suite splitting in effect" type="pytest.skip">src/pymortests/affine_grid.py:160: Suite splitting in effect</skipped></testcase><testcase classname="src.pymortests.affine_grid" file="src/pymortests/affine_grid.py" line="160" name="test_volumes_inverse_values[&lt;lambda&gt;38]" time="0.0003955364227294922"><skipped message="Suite splitting in effect" type="pytest.skip">src/pymortests/affine_grid.py:160: Suite splitting in effect</skipped></testcase><testcase classname="src.pymortests.affine_grid" file="src/pymortests/affine_grid.py" line="160" name="test_volumes_inverse_values[&lt;lambda&gt;39]" time="0.00038504600524902344"><skipped message="Suite splitting in effect" type="pytest.skip">src/pymortests/affine_grid.py:160: Suite splitting in effect</skipped></testcase><testcase classname="src.pymortests.affine_grid" file="src/pymortests/affine_grid.py" line="160" name="test_volumes_inverse_values[&lt;lambda&gt;40]" time="0.0004100799560546875"><skipped message="Suite splitting in effect" type="pytest.skip">src/pymortests/affine_grid.py:160: Suite splitting in effect</skipped></testcase><testcase classname="src.pymortests.affine_grid" file="src/pymortests/affine_grid.py" line="160" name="test_volumes_inverse_values[&lt;lambda&gt;41]" time="0.0004165172576904297"><skipped message="Suite splitting in effect" type="pytest.skip">src/pymortests/affine_grid.py:160: Suite splitting in effect</skipped></testcase><testcase classname="src.pymortests.affine_grid" file="src/pymortests/affine_grid.py" line="160" name="test_volumes_inverse_values[&lt;lambda&gt;42]" time="0.0004153251647949219"><skipped message="Suite splitting in effect" type="pytest.skip">src/pymortests/affine_grid.py:160: Suite splitting in effect</skipped></testcase><testcase classname="src.pymortests.affine_grid" file="src/pymortests/affine_grid.py" line="168" name="test_unit_outer_normals_shape[&lt;lambda&gt;0]" time="0.0004105567932128906"><skipped message="Suite splitting in effect" type="pytest.skip">src/pymortests/affine_grid.py:168: Suite splitting in effect</skipped></testcase><testcase classname="src.pymortests.affine_grid" file="src/pymortests/affine_grid.py" line="168" name="test_unit_outer_normals_shape[&lt;lambda&gt;1]" time="0.0003991127014160156"><skipped message="Suite splitting in effect" type="pytest.skip">src/pymortests/affine_grid.py:168: Suite splitting in effect</skipped></testcase><testcase classname="src.pymortests.affine_grid" file="src/pymortests/affine_grid.py" line="168" name="test_unit_outer_normals_shape[&lt;lambda&gt;2]" time="0.0006532669067382812"><skipped message="Suite splitting in effect" type="pytest.skip">src/pymortests/affine_grid.py:168: Suite splitting in effect</skipped></testcase><testcase classname="src.pymortests.affine_grid" file="src/pymortests/affine_grid.py" line="168" name="test_unit_outer_normals_shape[&lt;lambda&gt;3]" time="0.00043463706970214844"><skipped message="Suite splitting in effect" type="pytest.skip">src/pymortests/affine_grid.py:168: Suite splitting in effect</skipped></testcase><testcase classname="src.pymortests.affine_grid" file="src/pymortests/affine_grid.py" line="168" name="test_unit_outer_normals_shape[&lt;lambda&gt;4]" time="0.0004343986511230469"><skipped message="Suite splitting in effect" type="pytest.skip">src/pymortests/affine_grid.py:168: Suite splitting in effect</skipped></testcase><testcase classname="src.pymortests.affine_grid" file="src/pymortests/affine_grid.py" line="168" name="test_unit_outer_normals_shape[&lt;lambda&gt;5]" time="0.00040841102600097656"><skipped message="Suite splitting in effect" type="pytest.skip">src/pymortests/affine_grid.py:168: Suite splitting in effect</skipped></testcase><testcase classname="src.pymortests.affine_grid" file="src/pymortests/affine_grid.py" line="168" name="test_unit_outer_normals_shape[&lt;lambda&gt;6]" time="0.00042128562927246094"><skipped message="Suite splitting in effect" type="pytest.skip">src/pymortests/affine_grid.py:168: Suite splitting in effect</skipped></testcase><testcase classname="src.pymortests.affine_grid" file="src/pymortests/affine_grid.py" line="168" name="test_unit_outer_normals_shape[&lt;lambda&gt;7]" time="0.00038909912109375"><skipped message="Suite splitting in effect" type="pytest.skip">src/pymortests/affine_grid.py:168: Suite splitting in effect</skipped></testcase><testcase classname="src.pymortests.affine_grid" file="src/pymortests/affine_grid.py" line="168" name="test_unit_outer_normals_shape[&lt;lambda&gt;8]" time="0.0003879070281982422"><skipped message="Suite splitting in effect" type="pytest.skip">src/pymortests/affine_grid.py:168: Suite splitting in effect</skipped></testcase><testcase classname="src.pymortests.affine_grid" file="src/pymortests/affine_grid.py" line="168" name="test_unit_outer_normals_shape[&lt;lambda&gt;9]" time="0.00039887428283691406"><skipped message="Suite splitting in effect" type="pytest.skip">src/pymortests/affine_grid.py:168: Suite splitting in effect</skipped></testcase><testcase classname="src.pymortests.affine_grid" file="src/pymortests/affine_grid.py" line="168" name="test_unit_outer_normals_shape[&lt;lambda&gt;10]" time="0.0007376670837402344"><skipped message="Suite splitting in effect" type="pytest.skip">src/pymortests/affine_grid.py:168: Suite splitting in effect</skipped></testcase><testcase classname="src.pymortests.affine_grid" file="src/pymortests/affine_grid.py" line="168" name="test_unit_outer_normals_shape[&lt;lambda&gt;11]" time="0.0004246234893798828"><skipped message="Suite splitting in effect" type="pytest.skip">src/pymortests/affine_grid.py:168: Suite splitting in effect</skipped></testcase><testcase classname="src.pymortests.affine_grid" file="src/pymortests/affine_grid.py" line="168" name="test_unit_outer_normals_shape[&lt;lambda&gt;12]" time="0.0004165172576904297"><skipped message="Suite splitting in effect" type="pytest.skip">src/pymortests/affine_grid.py:168: Suite splitting in effect</skipped></testcase><testcase classname="src.pymortests.affine_grid" file="src/pymortests/affine_grid.py" line="168" name="test_unit_outer_normals_shape[&lt;lambda&gt;13]" time="0.0003936290740966797"><skipped message="Suite splitting in effect" type="pytest.skip">src/pymortests/affine_grid.py:168: Suite splitting in effect</skipped></testcase><testcase classname="src.pymortests.affine_grid" file="src/pymortests/affine_grid.py" line="168" name="test_unit_outer_normals_shape[&lt;lambda&gt;14]" time="0.00038909912109375"><skipped message="Suite splitting in effect" type="pytest.skip">src/pymortests/affine_grid.py:168: Suite splitting in effect</skipped></testcase><testcase classname="src.pymortests.affine_grid" file="src/pymortests/affine_grid.py" line="168" name="test_unit_outer_normals_shape[&lt;lambda&gt;15]" time="0.000385284423828125"><skipped message="Suite splitting in effect" type="pytest.skip">src/pymortests/affine_grid.py:168: Suite splitting in effect</skipped></testcase><testcase classname="src.pymortests.affine_grid" file="src/pymortests/affine_grid.py" line="168" name="test_unit_outer_normals_shape[&lt;lambda&gt;16]" time="0.0004017353057861328"><skipped message="Suite splitting in effect" type="pytest.skip">src/pymortests/affine_grid.py:168: Suite splitting in effect</skipped></testcase><testcase classname="src.pymortests.affine_grid" file="src/pymortests/affine_grid.py" line="168" name="test_unit_outer_normals_shape[&lt;lambda&gt;17]" time="0.00041031837463378906"><skipped message="Suite splitting in effect" type="pytest.skip">src/pymortests/affine_grid.py:168: Suite splitting in effect</skipped></testcase><testcase classname="src.pymortests.affine_grid" file="src/pymortests/affine_grid.py" line="168" name="test_unit_outer_normals_shape[&lt;lambda&gt;18]" time="0.0009274482727050781"><skipped message="Suite splitting in effect" type="pytest.skip">src/pymortests/affine_grid.py:168: Suite splitting in effect</skipped></testcase><testcase classname="src.pymortests.affine_grid" file="src/pymortests/affine_grid.py" line="168" name="test_unit_outer_normals_shape[&lt;lambda&gt;19]" time="0.0004105567932128906"><skipped message="Suite splitting in effect" type="pytest.skip">src/pymortests/affine_grid.py:168: Suite splitting in effect</skipped></testcase><testcase classname="src.pymortests.affine_grid" file="src/pymortests/affine_grid.py" line="168" name="test_unit_outer_normals_shape[&lt;lambda&gt;20]" time="0.0005259513854980469"><skipped message="Suite splitting in effect" type="pytest.skip">src/pymortests/affine_grid.py:168: Suite splitting in effect</skipped></testcase><testcase classname="src.pymortests.affine_grid" file="src/pymortests/affine_grid.py" line="168" name="test_unit_outer_normals_shape[&lt;lambda&gt;21]" time="0.0003933906555175781"><skipped message="Suite splitting in effect" type="pytest.skip">src/pymortests/affine_grid.py:168: Suite splitting in effect</skipped></testcase><testcase classname="src.pymortests.affine_grid" file="src/pymortests/affine_grid.py" line="168" name="test_unit_outer_normals_shape[&lt;lambda&gt;22]" time="0.00041174888610839844"><skipped message="Suite splitting in effect" type="pytest.skip">src/pymortests/affine_grid.py:168: Suite splitting in effect</skipped></testcase><testcase classname="src.pymortests.affine_grid" file="src/pymortests/affine_grid.py" line="168" name="test_unit_outer_normals_shape[&lt;lambda&gt;23]" time="0.0004100799560546875"><skipped message="Suite splitting in effect" type="pytest.skip">src/pymortests/affine_grid.py:168: Suite splitting in effect</skipped></testcase><testcase classname="src.pymortests.affine_grid" file="src/pymortests/affine_grid.py" line="168" name="test_unit_outer_normals_shape[&lt;lambda&gt;24]" time="0.0003879070281982422"><skipped message="Suite splitting in effect" type="pytest.skip">src/pymortests/affine_grid.py:168: Suite splitting in effect</skipped></testcase><testcase classname="src.pymortests.affine_grid" file="src/pymortests/affine_grid.py" line="168" name="test_unit_outer_normals_shape[&lt;lambda&gt;25]" time="0.00042247772216796875"><skipped message="Suite splitting in effect" type="pytest.skip">src/pymortests/affine_grid.py:168: Suite splitting in effect</skipped></testcase><testcase classname="src.pymortests.affine_grid" file="src/pymortests/affine_grid.py" line="168" name="test_unit_outer_normals_shape[&lt;lambda&gt;26]" time="0.0007052421569824219"><skipped message="Suite splitting in effect" type="pytest.skip">src/pymortests/affine_grid.py:168: Suite splitting in effect</skipped></testcase><testcase classname="src.pymortests.affine_grid" file="src/pymortests/affine_grid.py" line="168" name="test_unit_outer_normals_shape[&lt;lambda&gt;27]" time="0.000385284423828125"><skipped message="Suite splitting in effect" type="pytest.skip">src/pymortests/affine_grid.py:168: Suite splitting in effect</skipped></testcase><testcase classname="src.pymortests.affine_grid" file="src/pymortests/affine_grid.py" line="168" name="test_unit_outer_normals_shape[&lt;lambda&gt;28]" time="0.0004010200500488281"><skipped message="Suite splitting in effect" type="pytest.skip">src/pymortests/affine_grid.py:168: Suite splitting in effect</skipped></testcase><testcase classname="src.pymortests.affine_grid" file="src/pymortests/affine_grid.py" line="168" name="test_unit_outer_normals_shape[&lt;lambda&gt;29]" time="0.0003962516784667969"><skipped message="Suite splitting in effect" type="pytest.skip">src/pymortests/affine_grid.py:168: Suite splitting in effect</skipped></testcase><testcase classname="src.pymortests.affine_grid" file="src/pymortests/affine_grid.py" line="168" name="test_unit_outer_normals_shape[&lt;lambda&gt;30]" time="0.0003886222839355469"><skipped message="Suite splitting in effect" type="pytest.skip">src/pymortests/affine_grid.py:168: Suite splitting in effect</skipped></testcase><testcase classname="src.pymortests.affine_grid" file="src/pymortests/affine_grid.py" line="168" name="test_unit_outer_normals_shape[&lt;lambda&gt;31]" time="0.0004317760467529297"><skipped message="Suite splitting in effect" type="pytest.skip">src/pymortests/affine_grid.py:168: Suite splitting in effect</skipped></testcase><testcase classname="src.pymortests.affine_grid" file="src/pymortests/affine_grid.py" line="168" name="test_unit_outer_normals_shape[&lt;lambda&gt;32]" time="0.0004937648773193359"><skipped message="Suite splitting in effect" type="pytest.skip">src/pymortests/affine_grid.py:168: Suite splitting in effect</skipped></testcase><testcase classname="src.pymortests.affine_grid" file="src/pymortests/affine_grid.py" line="168" name="test_unit_outer_normals_shape[&lt;lambda&gt;33]" time="0.0004143714904785156"><skipped message="Suite splitting in effect" type="pytest.skip">src/pymortests/affine_grid.py:168: Suite splitting in effect</skipped></testcase><testcase classname="src.pymortests.affine_grid" file="src/pymortests/affine_grid.py" line="168" name="test_unit_outer_normals_shape[&lt;lambda&gt;34]" time="0.000675201416015625"><skipped message="Suite splitting in effect" type="pytest.skip">src/pymortests/affine_grid.py:168: Suite splitting in effect</skipped></testcase><testcase classname="src.pymortests.affine_grid" file="src/pymortests/affine_grid.py" line="168" name="test_unit_outer_normals_shape[&lt;lambda&gt;35]" time="0.0003833770751953125"><skipped message="Suite splitting in effect" type="pytest.skip">src/pymortests/affine_grid.py:168: Suite splitting in effect</skipped></testcase><testcase classname="src.pymortests.affine_grid" file="src/pymortests/affine_grid.py" line="168" name="test_unit_outer_normals_shape[&lt;lambda&gt;36]" time="0.0004143714904785156"><skipped message="Suite splitting in effect" type="pytest.skip">src/pymortests/affine_grid.py:168: Suite splitting in effect</skipped></testcase><testcase classname="src.pymortests.affine_grid" file="src/pymortests/affine_grid.py" line="168" name="test_unit_outer_normals_shape[&lt;lambda&gt;37]" time="0.00043964385986328125"><skipped message="Suite splitting in effect" type="pytest.skip">src/pymortests/affine_grid.py:168: Suite splitting in effect</skipped></testcase><testcase classname="src.pymortests.affine_grid" file="src/pymortests/affine_grid.py" line="168" name="test_unit_outer_normals_shape[&lt;lambda&gt;38]" time="0.00039124488830566406"><skipped message="Suite splitting in effect" type="pytest.skip">src/pymortests/affine_grid.py:168: Suite splitting in effect</skipped></testcase><testcase classname="src.pymortests.affine_grid" file="src/pymortests/affine_grid.py" line="168" name="test_unit_outer_normals_shape[&lt;lambda&gt;39]" time="0.0003924369812011719"><skipped message="Suite splitting in effect" type="pytest.skip">src/pymortests/affine_grid.py:168: Suite splitting in effect</skipped></testcase><testcase classname="src.pymortests.affine_grid" file="src/pymortests/affine_grid.py" line="168" name="test_unit_outer_normals_shape[&lt;lambda&gt;40]" time="0.00039005279541015625"><skipped message="Suite splitting in effect" type="pytest.skip">src/pymortests/affine_grid.py:168: Suite splitting in effect</skipped></testcase><testcase classname="src.pymortests.affine_grid" file="src/pymortests/affine_grid.py" line="168" name="test_unit_outer_normals_shape[&lt;lambda&gt;41]" time="0.00041556358337402344"><skipped message="Suite splitting in effect" type="pytest.skip">src/pymortests/affine_grid.py:168: Suite splitting in effect</skipped></testcase><testcase classname="src.pymortests.affine_grid" file="src/pymortests/affine_grid.py" line="168" name="test_unit_outer_normals_shape[&lt;lambda&gt;42]" time="0.0006310939788818359"><skipped message="Suite splitting in effect" type="pytest.skip">src/pymortests/affine_grid.py:168: Suite splitting in effect</skipped></testcase><testcase classname="src.pymortests.affine_grid" file="src/pymortests/affine_grid.py" line="174" name="test_unit_outer_normals_normed[&lt;lambda&gt;0]" time="0.00038695335388183594"><skipped message="Suite splitting in effect" type="pytest.skip">src/pymortests/affine_grid.py:174: Suite splitting in effect</skipped></testcase><testcase classname="src.pymortests.affine_grid" file="src/pymortests/affine_grid.py" line="174" name="test_unit_outer_normals_normed[&lt;lambda&gt;1]" time="0.0004487037658691406"><skipped message="Suite splitting in effect" type="pytest.skip">src/pymortests/affine_grid.py:174: Suite splitting in effect</skipped></testcase><testcase classname="src.pymortests.affine_grid" file="src/pymortests/affine_grid.py" line="174" name="test_unit_outer_normals_normed[&lt;lambda&gt;2]" time="0.0004305839538574219"><skipped message="Suite splitting in effect" type="pytest.skip">src/pymortests/affine_grid.py:174: Suite splitting in effect</skipped></testcase><testcase classname="src.pymortests.affine_grid" file="src/pymortests/affine_grid.py" line="174" name="test_unit_outer_normals_normed[&lt;lambda&gt;3]" time="0.000408172607421875"><skipped message="Suite splitting in effect" type="pytest.skip">src/pymortests/affine_grid.py:174: Suite splitting in effect</skipped></testcase><testcase classname="src.pymortests.affine_grid" file="src/pymortests/affine_grid.py" line="174" name="test_unit_outer_normals_normed[&lt;lambda&gt;4]" time="0.0003867149353027344"><skipped message="Suite splitting in effect" type="pytest.skip">src/pymortests/affine_grid.py:174: Suite splitting in effect</skipped></testcase><testcase classname="src.pymortests.affine_grid" file="src/pymortests/affine_grid.py" line="174" name="test_unit_outer_normals_normed[&lt;lambda&gt;5]" time="0.0004088878631591797"><skipped message="Suite splitting in effect" type="pytest.skip">src/pymortests/affine_grid.py:174: Suite splitting in effect</skipped></testcase><testcase classname="src.pymortests.affine_grid" file="src/pymortests/affine_grid.py" line="174" name="test_unit_outer_normals_normed[&lt;lambda&gt;6]" time="0.0003933906555175781"><skipped message="Suite splitting in effect" type="pytest.skip">src/pymortests/affine_grid.py:174: Suite splitting in effect</skipped></testcase><testcase classname="src.pymortests.affine_grid" file="src/pymortests/affine_grid.py" line="174" name="test_unit_outer_normals_normed[&lt;lambda&gt;7]" time="0.0006761550903320312"><skipped message="Suite splitting in effect" type="pytest.skip">src/pymortests/affine_grid.py:174: Suite splitting in effect</skipped></testcase><testcase classname="src.pymortests.affine_grid" file="src/pymortests/affine_grid.py" line="174" name="test_unit_outer_normals_normed[&lt;lambda&gt;8]" time="0.0003905296325683594"><skipped message="Suite splitting in effect" type="pytest.skip">src/pymortests/affine_grid.py:174: Suite splitting in effect</skipped></testcase><testcase classname="src.pymortests.affine_grid" file="src/pymortests/affine_grid.py" line="174" name="test_unit_outer_normals_normed[&lt;lambda&gt;9]" time="0.00040650367736816406"><skipped message="Suite splitting in effect" type="pytest.skip">src/pymortests/affine_grid.py:174: Suite splitting in effect</skipped></testcase><testcase classname="src.pymortests.affine_grid" file="src/pymortests/affine_grid.py" line="174" name="test_unit_outer_normals_normed[&lt;lambda&gt;10]" time="0.0004086494445800781"><skipped message="Suite splitting in effect" type="pytest.skip">src/pymortests/affine_grid.py:174: Suite splitting in effect</skipped></testcase><testcase classname="src.pymortests.affine_grid" file="src/pymortests/affine_grid.py" line="174" name="test_unit_outer_normals_normed[&lt;lambda&gt;11]" time="0.00041484832763671875"><skipped message="Suite splitting in effect" type="pytest.skip">src/pymortests/affine_grid.py:174: Suite splitting in effect</skipped></testcase><testcase classname="src.pymortests.affine_grid" file="src/pymortests/affine_grid.py" line="174" name="test_unit_outer_normals_normed[&lt;lambda&gt;12]" time="0.0004088878631591797"><skipped message="Suite splitting in effect" type="pytest.skip">src/pymortests/affine_grid.py:174: Suite splitting in effect</skipped></testcase><testcase classname="src.pymortests.affine_grid" file="src/pymortests/affine_grid.py" line="174" name="test_unit_outer_normals_normed[&lt;lambda&gt;13]" time="0.0003867149353027344"><skipped message="Suite splitting in effect" type="pytest.skip">src/pymortests/affine_grid.py:174: Suite splitting in effect</skipped></testcase><testcase classname="src.pymortests.affine_grid" file="src/pymortests/affine_grid.py" line="174" name="test_unit_outer_normals_normed[&lt;lambda&gt;14]" time="0.0003886222839355469"><skipped message="Suite splitting in effect" type="pytest.skip">src/pymortests/affine_grid.py:174: Suite splitting in effect</skipped></testcase><testcase classname="src.pymortests.affine_grid" file="src/pymortests/affine_grid.py" line="174" name="test_unit_outer_normals_normed[&lt;lambda&gt;15]" time="0.0006849765777587891"><skipped message="Suite splitting in effect" type="pytest.skip">src/pymortests/affine_grid.py:174: Suite splitting in effect</skipped></testcase><testcase classname="src.pymortests.affine_grid" file="src/pymortests/affine_grid.py" line="174" name="test_unit_outer_normals_normed[&lt;lambda&gt;16]" time="0.0004076957702636719"><skipped message="Suite splitting in effect" type="pytest.skip">src/pymortests/affine_grid.py:174: Suite splitting in effect</skipped></testcase><testcase classname="src.pymortests.affine_grid" file="src/pymortests/affine_grid.py" line="174" name="test_unit_outer_normals_normed[&lt;lambda&gt;17]" time="0.00042176246643066406"><skipped message="Suite splitting in effect" type="pytest.skip">src/pymortests/affine_grid.py:174: Suite splitting in effect</skipped></testcase><testcase classname="src.pymortests.affine_grid" file="src/pymortests/affine_grid.py" line="174" name="test_unit_outer_normals_normed[&lt;lambda&gt;18]" time="0.0004315376281738281"><skipped message="Suite splitting in effect" type="pytest.skip">src/pymortests/affine_grid.py:174: Suite splitting in effect</skipped></testcase><testcase classname="src.pymortests.affine_grid" file="src/pymortests/affine_grid.py" line="174" name="test_unit_outer_normals_normed[&lt;lambda&gt;19]" time="0.0003914833068847656"><skipped message="Suite splitting in effect" type="pytest.skip">src/pymortests/affine_grid.py:174: Suite splitting in effect</skipped></testcase><testcase classname="src.pymortests.affine_grid" file="src/pymortests/affine_grid.py" line="174" name="test_unit_outer_normals_normed[&lt;lambda&gt;20]" time="0.00040030479431152344"><skipped message="Suite splitting in effect" type="pytest.skip">src/pymortests/affine_grid.py:174: Suite splitting in effect</skipped></testcase><testcase classname="src.pymortests.affine_grid" file="src/pymortests/affine_grid.py" line="174" name="test_unit_outer_normals_normed[&lt;lambda&gt;21]" time="0.0003905296325683594"><skipped message="Suite splitting in effect" type="pytest.skip">src/pymortests/affine_grid.py:174: Suite splitting in effect</skipped></testcase><testcase classname="src.pymortests.affine_grid" file="src/pymortests/affine_grid.py" line="174" name="test_unit_outer_normals_normed[&lt;lambda&gt;22]" time="0.000396728515625"><skipped message="Suite splitting in effect" type="pytest.skip">src/pymortests/affine_grid.py:174: Suite splitting in effect</skipped></testcase><testcase classname="src.pymortests.affine_grid" file="src/pymortests/affine_grid.py" line="174" name="test_unit_outer_normals_normed[&lt;lambda&gt;23]" time="0.0006682872772216797"><skipped message="Suite splitting in effect" type="pytest.skip">src/pymortests/affine_grid.py:174: Suite splitting in effect</skipped></testcase><testcase classname="src.pymortests.affine_grid" file="src/pymortests/affine_grid.py" line="174" name="test_unit_outer_normals_normed[&lt;lambda&gt;24]" time="0.00041031837463378906"><skipped message="Suite splitting in effect" type="pytest.skip">src/pymortests/affine_grid.py:174: Suite splitting in effect</skipped></testcase><testcase classname="src.pymortests.affine_grid" file="src/pymortests/affine_grid.py" line="174" name="test_unit_outer_normals_normed[&lt;lambda&gt;25]" time="0.0003910064697265625"><skipped message="Suite splitting in effect" type="pytest.skip">src/pymortests/affine_grid.py:174: Suite splitting in effect</skipped></testcase><testcase classname="src.pymortests.affine_grid" file="src/pymortests/affine_grid.py" line="174" name="test_unit_outer_normals_normed[&lt;lambda&gt;26]" time="0.00039076805114746094"><skipped message="Suite splitting in effect" type="pytest.skip">src/pymortests/affine_grid.py:174: Suite splitting in effect</skipped></testcase><testcase classname="src.pymortests.affine_grid" file="src/pymortests/affine_grid.py" line="174" name="test_unit_outer_normals_normed[&lt;lambda&gt;27]" time="0.0004048347473144531"><skipped message="Suite splitting in effect" type="pytest.skip">src/pymortests/affine_grid.py:174: Suite splitting in effect</skipped></testcase><testcase classname="src.pymortests.affine_grid" file="src/pymortests/affine_grid.py" line="174" name="test_unit_outer_normals_normed[&lt;lambda&gt;28]" time="0.00041103363037109375"><skipped message="Suite splitting in effect" type="pytest.skip">src/pymortests/affine_grid.py:174: Suite splitting in effect</skipped></testcase><testcase classname="src.pymortests.affine_grid" file="src/pymortests/affine_grid.py" line="174" name="test_unit_outer_normals_normed[&lt;lambda&gt;29]" time="0.0004279613494873047"><skipped message="Suite splitting in effect" type="pytest.skip">src/pymortests/affine_grid.py:174: Suite splitting in effect</skipped></testcase><testcase classname="src.pymortests.affine_grid" file="src/pymortests/affine_grid.py" line="174" name="test_unit_outer_normals_normed[&lt;lambda&gt;30]" time="0.00038743019104003906"><skipped message="Suite splitting in effect" type="pytest.skip">src/pymortests/affine_grid.py:174: Suite splitting in effect</skipped></testcase><testcase classname="src.pymortests.affine_grid" file="src/pymortests/affine_grid.py" line="174" name="test_unit_outer_normals_normed[&lt;lambda&gt;31]" time="0.0007727146148681641"><skipped message="Suite splitting in effect" type="pytest.skip">src/pymortests/affine_grid.py:174: Suite splitting in effect</skipped></testcase><testcase classname="src.pymortests.affine_grid" file="src/pymortests/affine_grid.py" line="174" name="test_unit_outer_normals_normed[&lt;lambda&gt;32]" time="0.00041294097900390625"><skipped message="Suite splitting in effect" type="pytest.skip">src/pymortests/affine_grid.py:174: Suite splitting in effect</skipped></testcase><testcase classname="src.pymortests.affine_grid" file="src/pymortests/affine_grid.py" line="174" name="test_unit_outer_normals_normed[&lt;lambda&gt;33]" time="0.00039649009704589844"><skipped message="Suite splitting in effect" type="pytest.skip">src/pymortests/affine_grid.py:174: Suite splitting in effect</skipped></testcase><testcase classname="src.pymortests.affine_grid" file="src/pymortests/affine_grid.py" line="174" name="test_unit_outer_normals_normed[&lt;lambda&gt;34]" time="0.0003895759582519531"><skipped message="Suite splitting in effect" type="pytest.skip">src/pymortests/affine_grid.py:174: Suite splitting in effect</skipped></testcase><testcase classname="src.pymortests.affine_grid" file="src/pymortests/affine_grid.py" line="174" name="test_unit_outer_normals_normed[&lt;lambda&gt;35]" time="0.0004360675811767578"><skipped message="Suite splitting in effect" type="pytest.skip">src/pymortests/affine_grid.py:174: Suite splitting in effect</skipped></testcase><testcase classname="src.pymortests.affine_grid" file="src/pymortests/affine_grid.py" line="174" name="test_unit_outer_normals_normed[&lt;lambda&gt;36]" time="0.0003962516784667969"><skipped message="Suite splitting in effect" type="pytest.skip">src/pymortests/affine_grid.py:174: Suite splitting in effect</skipped></testcase><testcase classname="src.pymortests.affine_grid" file="src/pymortests/affine_grid.py" line="174" name="test_unit_outer_normals_normed[&lt;lambda&gt;37]" time="0.00039005279541015625"><skipped message="Suite splitting in effect" type="pytest.skip">src/pymortests/affine_grid.py:174: Suite splitting in effect</skipped></testcase><testcase classname="src.pymortests.affine_grid" file="src/pymortests/affine_grid.py" line="174" name="test_unit_outer_normals_normed[&lt;lambda&gt;38]" time="0.0004169940948486328"><skipped message="Suite splitting in effect" type="pytest.skip">src/pymortests/affine_grid.py:174: Suite splitting in effect</skipped></testcase><testcase classname="src.pymortests.affine_grid" file="src/pymortests/affine_grid.py" line="174" name="test_unit_outer_normals_normed[&lt;lambda&gt;39]" time="0.0006918907165527344"><skipped message="Suite splitting in effect" type="pytest.skip">src/pymortests/affine_grid.py:174: Suite splitting in effect</skipped></testcase><testcase classname="src.pymortests.affine_grid" file="src/pymortests/affine_grid.py" line="174" name="test_unit_outer_normals_normed[&lt;lambda&gt;40]" time="0.00039958953857421875"><skipped message="Suite splitting in effect" type="pytest.skip">src/pymortests/affine_grid.py:174: Suite splitting in effect</skipped></testcase><testcase classname="src.pymortests.affine_grid" file="src/pymortests/affine_grid.py" line="174" name="test_unit_outer_normals_normed[&lt;lambda&gt;41]" time="0.00038623809814453125"><skipped message="Suite splitting in effect" type="pytest.skip">src/pymortests/affine_grid.py:174: Suite splitting in effect</skipped></testcase><testcase classname="src.pymortests.affine_grid" file="src/pymortests/affine_grid.py" line="174" name="test_unit_outer_normals_normed[&lt;lambda&gt;42]" time="0.0004143714904785156"><skipped message="Suite splitting in effect" type="pytest.skip">src/pymortests/affine_grid.py:174: Suite splitting in effect</skipped></testcase><testcase classname="src.pymortests.affine_grid" file="src/pymortests/affine_grid.py" line="180" name="test_unit_outer_normals_normal[&lt;lambda&gt;0]" time="0.00041222572326660156"><skipped message="Suite splitting in effect" type="pytest.skip">src/pymortests/affine_grid.py:180: Suite splitting in effect</skipped></testcase><testcase classname="src.pymortests.affine_grid" file="src/pymortests/affine_grid.py" line="180" name="test_unit_outer_normals_normal[&lt;lambda&gt;1]" time="0.0004131793975830078"><skipped message="Suite splitting in effect" type="pytest.skip">src/pymortests/affine_grid.py:180: Suite splitting in effect</skipped></testcase><testcase classname="src.pymortests.affine_grid" file="src/pymortests/affine_grid.py" line="180" name="test_unit_outer_normals_normal[&lt;lambda&gt;2]" time="0.00038743019104003906"><skipped message="Suite splitting in effect" type="pytest.skip">src/pymortests/affine_grid.py:180: Suite splitting in effect</skipped></testcase><testcase classname="src.pymortests.affine_grid" file="src/pymortests/affine_grid.py" line="180" name="test_unit_outer_normals_normal[&lt;lambda&gt;3]" time="0.00039458274841308594"><skipped message="Suite splitting in effect" type="pytest.skip">src/pymortests/affine_grid.py:180: Suite splitting in effect</skipped></testcase><testcase classname="src.pymortests.affine_grid" file="src/pymortests/affine_grid.py" line="180" name="test_unit_outer_normals_normal[&lt;lambda&gt;4]" time="0.0006685256958007812"><skipped message="Suite splitting in effect" type="pytest.skip">src/pymortests/affine_grid.py:180: Suite splitting in effect</skipped></testcase><testcase classname="src.pymortests.affine_grid" file="src/pymortests/affine_grid.py" line="180" name="test_unit_outer_normals_normal[&lt;lambda&gt;5]" time="0.00040411949157714844"><skipped message="Suite splitting in effect" type="pytest.skip">src/pymortests/affine_grid.py:180: Suite splitting in effect</skipped></testcase><testcase classname="src.pymortests.affine_grid" file="src/pymortests/affine_grid.py" line="180" name="test_unit_outer_normals_normal[&lt;lambda&gt;6]" time="0.00038361549377441406"><skipped message="Suite splitting in effect" type="pytest.skip">src/pymortests/affine_grid.py:180: Suite splitting in effect</skipped></testcase><testcase classname="src.pymortests.affine_grid" file="src/pymortests/affine_grid.py" line="180" name="test_unit_outer_normals_normal[&lt;lambda&gt;7]" time="0.0003876686096191406"><skipped message="Suite splitting in effect" type="pytest.skip">src/pymortests/affine_grid.py:180: Suite splitting in effect</skipped></testcase><testcase classname="src.pymortests.affine_grid" file="src/pymortests/affine_grid.py" line="180" name="test_unit_outer_normals_normal[&lt;lambda&gt;8]" time="0.0004138946533203125"><skipped message="Suite splitting in effect" type="pytest.skip">src/pymortests/affine_grid.py:180: Suite splitting in effect</skipped></testcase><testcase classname="src.pymortests.affine_grid" file="src/pymortests/affine_grid.py" line="180" name="test_unit_outer_normals_normal[&lt;lambda&gt;9]" time="0.0003948211669921875"><skipped message="Suite splitting in effect" type="pytest.skip">src/pymortests/affine_grid.py:180: Suite splitting in effect</skipped></testcase><testcase classname="src.pymortests.affine_grid" file="src/pymortests/affine_grid.py" line="180" name="test_unit_outer_normals_normal[&lt;lambda&gt;10]" time="0.0003936290740966797"><skipped message="Suite splitting in effect" type="pytest.skip">src/pymortests/affine_grid.py:180: Suite splitting in effect</skipped></testcase><testcase classname="src.pymortests.affine_grid" file="src/pymortests/affine_grid.py" line="180" name="test_unit_outer_normals_normal[&lt;lambda&gt;11]" time="0.0004239082336425781"><skipped message="Suite splitting in effect" type="pytest.skip">src/pymortests/affine_grid.py:180: Suite splitting in effect</skipped></testcase><testcase classname="src.pymortests.affine_grid" file="src/pymortests/affine_grid.py" line="180" name="test_unit_outer_normals_normal[&lt;lambda&gt;12]" time="0.0006618499755859375"><skipped message="Suite splitting in effect" type="pytest.skip">src/pymortests/affine_grid.py:180: Suite splitting in effect</skipped></testcase><testcase classname="src.pymortests.affine_grid" file="src/pymortests/affine_grid.py" line="180" name="test_unit_outer_normals_normal[&lt;lambda&gt;13]" time="0.0004265308380126953"><skipped message="Suite splitting in effect" type="pytest.skip">src/pymortests/affine_grid.py:180: Suite splitting in effect</skipped></testcase><testcase classname="src.pymortests.affine_grid" file="src/pymortests/affine_grid.py" line="180" name="test_unit_outer_normals_normal[&lt;lambda&gt;14]" time="0.0003871917724609375"><skipped message="Suite splitting in effect" type="pytest.skip">src/pymortests/affine_grid.py:180: Suite splitting in effect</skipped></testcase><testcase classname="src.pymortests.affine_grid" file="src/pymortests/affine_grid.py" line="180" name="test_unit_outer_normals_normal[&lt;lambda&gt;15]" time="0.0003941059112548828"><skipped message="Suite splitting in effect" type="pytest.skip">src/pymortests/affine_grid.py:180: Suite splitting in effect</skipped></testcase><testcase classname="src.pymortests.affine_grid" file="src/pymortests/affine_grid.py" line="180" name="test_unit_outer_normals_normal[&lt;lambda&gt;16]" time="0.0004253387451171875"><skipped message="Suite splitting in effect" type="pytest.skip">src/pymortests/affine_grid.py:180: Suite splitting in effect</skipped></testcase><testcase classname="src.pymortests.affine_grid" file="src/pymortests/affine_grid.py" line="180" name="test_unit_outer_normals_normal[&lt;lambda&gt;17]" time="0.0004138946533203125"><skipped message="Suite splitting in effect" type="pytest.skip">src/pymortests/affine_grid.py:180: Suite splitting in effect</skipped></testcase><testcase classname="src.pymortests.affine_grid" file="src/pymortests/affine_grid.py" line="180" name="test_unit_outer_normals_normal[&lt;lambda&gt;18]" time="0.00041484832763671875"><skipped message="Suite splitting in effect" type="pytest.skip">src/pymortests/affine_grid.py:180: Suite splitting in effect</skipped></testcase><testcase classname="src.pymortests.affine_grid" file="src/pymortests/affine_grid.py" line="180" name="test_unit_outer_normals_normal[&lt;lambda&gt;19]" time="0.000392913818359375"><skipped message="Suite splitting in effect" type="pytest.skip">src/pymortests/affine_grid.py:180: Suite splitting in effect</skipped></testcase><testcase classname="src.pymortests.affine_grid" file="src/pymortests/affine_grid.py" line="180" name="test_unit_outer_normals_normal[&lt;lambda&gt;20]" time="0.0006659030914306641"><skipped message="Suite splitting in effect" type="pytest.skip">src/pymortests/affine_grid.py:180: Suite splitting in effect</skipped></testcase><testcase classname="src.pymortests.affine_grid" file="src/pymortests/affine_grid.py" line="180" name="test_unit_outer_normals_normal[&lt;lambda&gt;21]" time="0.00038433074951171875"><skipped message="Suite splitting in effect" type="pytest.skip">src/pymortests/affine_grid.py:180: Suite splitting in effect</skipped></testcase><testcase classname="src.pymortests.affine_grid" file="src/pymortests/affine_grid.py" line="180" name="test_unit_outer_normals_normal[&lt;lambda&gt;22]" time="0.00042629241943359375"><skipped message="Suite splitting in effect" type="pytest.skip">src/pymortests/affine_grid.py:180: Suite splitting in effect</skipped></testcase><testcase classname="src.pymortests.affine_grid" file="src/pymortests/affine_grid.py" line="180" name="test_unit_outer_normals_normal[&lt;lambda&gt;23]" time="0.00039315223693847656"><skipped message="Suite splitting in effect" type="pytest.skip">src/pymortests/affine_grid.py:180: Suite splitting in effect</skipped></testcase><testcase classname="src.pymortests.affine_grid" file="src/pymortests/affine_grid.py" line="180" name="test_unit_outer_normals_normal[&lt;lambda&gt;24]" time="0.0004112720489501953"><skipped message="Suite splitting in effect" type="pytest.skip">src/pymortests/affine_grid.py:180: Suite splitting in effect</skipped></testcase><testcase classname="src.pymortests.affine_grid" file="src/pymortests/affine_grid.py" line="180" name="test_unit_outer_normals_normal[&lt;lambda&gt;25]" time="0.0003819465637207031"><skipped message="Suite splitting in effect" type="pytest.skip">src/pymortests/affine_grid.py:180: Suite splitting in effect</skipped></testcase><testcase classname="src.pymortests.affine_grid" file="src/pymortests/affine_grid.py" line="180" name="test_unit_outer_normals_normal[&lt;lambda&gt;26]" time="0.0003857612609863281"><skipped message="Suite splitting in effect" type="pytest.skip">src/pymortests/affine_grid.py:180: Suite splitting in effect</skipped></testcase><testcase classname="src.pymortests.affine_grid" file="src/pymortests/affine_grid.py" line="180" name="test_unit_outer_normals_normal[&lt;lambda&gt;27]" time="0.0004172325134277344"><skipped message="Suite splitting in effect" type="pytest.skip">src/pymortests/affine_grid.py:180: Suite splitting in effect</skipped></testcase><testcase classname="src.pymortests.affine_grid" file="src/pymortests/affine_grid.py" line="180" name="test_unit_outer_normals_normal[&lt;lambda&gt;28]" time="0.0008790493011474609"><skipped message="Suite splitting in effect" type="pytest.skip">src/pymortests/affine_grid.py:180: Suite splitting in effect</skipped></testcase><testcase classname="src.pymortests.affine_grid" file="src/pymortests/affine_grid.py" line="180" name="test_unit_outer_normals_normal[&lt;lambda&gt;29]" time="0.0003871917724609375"><skipped message="Suite splitting in effect" type="pytest.skip">src/pymortests/affine_grid.py:180: Suite splitting in effect</skipped></testcase><testcase classname="src.pymortests.affine_grid" file="src/pymortests/affine_grid.py" line="180" name="test_unit_outer_normals_normal[&lt;lambda&gt;30]" time="0.0003883838653564453"><skipped message="Suite splitting in effect" type="pytest.skip">src/pymortests/affine_grid.py:180: Suite splitting in effect</skipped></testcase><testcase classname="src.pymortests.affine_grid" file="src/pymortests/affine_grid.py" line="180" name="test_unit_outer_normals_normal[&lt;lambda&gt;31]" time="0.0003871917724609375"><skipped message="Suite splitting in effect" type="pytest.skip">src/pymortests/affine_grid.py:180: Suite splitting in effect</skipped></testcase><testcase classname="src.pymortests.affine_grid" file="src/pymortests/affine_grid.py" line="180" name="test_unit_outer_normals_normal[&lt;lambda&gt;32]" time="0.00041413307189941406"><skipped message="Suite splitting in effect" type="pytest.skip">src/pymortests/affine_grid.py:180: Suite splitting in effect</skipped></testcase><testcase classname="src.pymortests.affine_grid" file="src/pymortests/affine_grid.py" line="180" name="test_unit_outer_normals_normal[&lt;lambda&gt;33]" time="0.0004076957702636719"><skipped message="Suite splitting in effect" type="pytest.skip">src/pymortests/affine_grid.py:180: Suite splitting in effect</skipped></testcase><testcase classname="src.pymortests.affine_grid" file="src/pymortests/affine_grid.py" line="180" name="test_unit_outer_normals_normal[&lt;lambda&gt;34]" time="0.00039649009704589844"><skipped message="Suite splitting in effect" type="pytest.skip">src/pymortests/affine_grid.py:180: Suite splitting in effect</skipped></testcase><testcase classname="src.pymortests.affine_grid" file="src/pymortests/affine_grid.py" line="180" name="test_unit_outer_normals_normal[&lt;lambda&gt;35]" time="0.0003936290740966797"><skipped message="Suite splitting in effect" type="pytest.skip">src/pymortests/affine_grid.py:180: Suite splitting in effect</skipped></testcase><testcase classname="src.pymortests.affine_grid" file="src/pymortests/affine_grid.py" line="180" name="test_unit_outer_normals_normal[&lt;lambda&gt;36]" time="0.0006639957427978516"><skipped message="Suite splitting in effect" type="pytest.skip">src/pymortests/affine_grid.py:180: Suite splitting in effect</skipped></testcase><testcase classname="src.pymortests.affine_grid" file="src/pymortests/affine_grid.py" line="180" name="test_unit_outer_normals_normal[&lt;lambda&gt;37]" time="0.0004074573516845703"><skipped message="Suite splitting in effect" type="pytest.skip">src/pymortests/affine_grid.py:180: Suite splitting in effect</skipped></testcase><testcase classname="src.pymortests.affine_grid" file="src/pymortests/affine_grid.py" line="180" name="test_unit_outer_normals_normal[&lt;lambda&gt;38]" time="0.00039649009704589844"><skipped message="Suite splitting in effect" type="pytest.skip">src/pymortests/affine_grid.py:180: Suite splitting in effect</skipped></testcase><testcase classname="src.pymortests.affine_grid" file="src/pymortests/affine_grid.py" line="180" name="test_unit_outer_normals_normal[&lt;lambda&gt;39]" time="0.0003840923309326172"><skipped message="Suite splitting in effect" type="pytest.skip">src/pymortests/affine_grid.py:180: Suite splitting in effect</skipped></testcase><testcase classname="src.pymortests.affine_grid" file="src/pymortests/affine_grid.py" line="180" name="test_unit_outer_normals_normal[&lt;lambda&gt;40]" time="0.0004150867462158203"><skipped message="Suite splitting in effect" type="pytest.skip">src/pymortests/affine_grid.py:180: Suite splitting in effect</skipped></testcase><testcase classname="src.pymortests.affine_grid" file="src/pymortests/affine_grid.py" line="180" name="test_unit_outer_normals_normal[&lt;lambda&gt;41]" time="0.00041747093200683594"><skipped message="Suite splitting in effect" type="pytest.skip">src/pymortests/affine_grid.py:180: Suite splitting in effect</skipped></testcase><testcase classname="src.pymortests.affine_grid" file="src/pymortests/affine_grid.py" line="180" name="test_unit_outer_normals_normal[&lt;lambda&gt;42]" time="0.0004112720489501953"><skipped message="Suite splitting in effect" type="pytest.skip">src/pymortests/affine_grid.py:180: Suite splitting in effect</skipped></testcase><testcase classname="src.pymortests.affine_grid" file="src/pymortests/affine_grid.py" line="189" name="test_unit_outer_normals_neighbours[&lt;lambda&gt;0]" time="0.0003886222839355469"><skipped message="Suite splitting in effect" type="pytest.skip">src/pymortests/affine_grid.py:189: Suite splitting in effect</skipped></testcase><testcase classname="src.pymortests.affine_grid" file="src/pymortests/affine_grid.py" line="189" name="test_unit_outer_normals_neighbours[&lt;lambda&gt;1]" time="0.0007119178771972656"><skipped message="Suite splitting in effect" type="pytest.skip">src/pymortests/affine_grid.py:189: Suite splitting in effect</skipped></testcase><testcase classname="src.pymortests.affine_grid" file="src/pymortests/affine_grid.py" line="189" name="test_unit_outer_normals_neighbours[&lt;lambda&gt;2]" time="0.0004177093505859375"><skipped message="Suite splitting in effect" type="pytest.skip">src/pymortests/affine_grid.py:189: Suite splitting in effect</skipped></testcase><testcase classname="src.pymortests.affine_grid" file="src/pymortests/affine_grid.py" line="189" name="test_unit_outer_normals_neighbours[&lt;lambda&gt;3]" time="0.0003914833068847656"><skipped message="Suite splitting in effect" type="pytest.skip">src/pymortests/affine_grid.py:189: Suite splitting in effect</skipped></testcase><testcase classname="src.pymortests.affine_grid" file="src/pymortests/affine_grid.py" line="189" name="test_unit_outer_normals_neighbours[&lt;lambda&gt;4]" time="0.00039267539978027344"><skipped message="Suite splitting in effect" type="pytest.skip">src/pymortests/affine_grid.py:189: Suite splitting in effect</skipped></testcase><testcase classname="src.pymortests.affine_grid" file="src/pymortests/affine_grid.py" line="189" name="test_unit_outer_normals_neighbours[&lt;lambda&gt;5]" time="0.0004181861877441406"><skipped message="Suite splitting in effect" type="pytest.skip">src/pymortests/affine_grid.py:189: Suite splitting in effect</skipped></testcase><testcase classname="src.pymortests.affine_grid" file="src/pymortests/affine_grid.py" line="189" name="test_unit_outer_normals_neighbours[&lt;lambda&gt;6]" time="0.0003876686096191406"><skipped message="Suite splitting in effect" type="pytest.skip">src/pymortests/affine_grid.py:189: Suite splitting in effect</skipped></testcase><testcase classname="src.pymortests.affine_grid" file="src/pymortests/affine_grid.py" line="189" name="test_unit_outer_normals_neighbours[&lt;lambda&gt;7]" time="0.0004134178161621094"><skipped message="Suite splitting in effect" type="pytest.skip">src/pymortests/affine_grid.py:189: Suite splitting in effect</skipped></testcase><testcase classname="src.pymortests.affine_grid" file="src/pymortests/affine_grid.py" line="189" name="test_unit_outer_normals_neighbours[&lt;lambda&gt;8]" time="0.00038623809814453125"><skipped message="Suite splitting in effect" type="pytest.skip">src/pymortests/affine_grid.py:189: Suite splitting in effect</skipped></testcase><testcase classname="src.pymortests.affine_grid" file="src/pymortests/affine_grid.py" line="189" name="test_unit_outer_normals_neighbours[&lt;lambda&gt;9]" time="0.0006861686706542969"><skipped message="Suite splitting in effect" type="pytest.skip">src/pymortests/affine_grid.py:189: Suite splitting in effect</skipped></testcase><testcase classname="src.pymortests.affine_grid" file="src/pymortests/affine_grid.py" line="189" name="test_unit_outer_normals_neighbours[&lt;lambda&gt;10]" time="0.0003826618194580078"><skipped message="Suite splitting in effect" type="pytest.skip">src/pymortests/affine_grid.py:189: Suite splitting in effect</skipped></testcase><testcase classname="src.pymortests.affine_grid" file="src/pymortests/affine_grid.py" line="189" name="test_unit_outer_normals_neighbours[&lt;lambda&gt;11]" time="0.00039076805114746094"><skipped message="Suite splitting in effect" type="pytest.skip">src/pymortests/affine_grid.py:189: Suite splitting in effect</skipped></testcase><testcase classname="src.pymortests.affine_grid" file="src/pymortests/affine_grid.py" line="189" name="test_unit_outer_normals_neighbours[&lt;lambda&gt;12]" time="0.00038433074951171875"><skipped message="Suite splitting in effect" type="pytest.skip">src/pymortests/affine_grid.py:189: Suite splitting in effect</skipped></testcase><testcase classname="src.pymortests.affine_grid" file="src/pymortests/affine_grid.py" line="189" name="test_unit_outer_normals_neighbours[&lt;lambda&gt;13]" time="0.00041222572326660156"><skipped message="Suite splitting in effect" type="pytest.skip">src/pymortests/affine_grid.py:189: Suite splitting in effect</skipped></testcase><testcase classname="src.pymortests.affine_grid" file="src/pymortests/affine_grid.py" line="189" name="test_unit_outer_normals_neighbours[&lt;lambda&gt;14]" time="0.00041413307189941406"><skipped message="Suite splitting in effect" type="pytest.skip">src/pymortests/affine_grid.py:189: Suite splitting in effect</skipped></testcase><testcase classname="src.pymortests.affine_grid" file="src/pymortests/affine_grid.py" line="189" name="test_unit_outer_normals_neighbours[&lt;lambda&gt;15]" time="0.0003802776336669922"><skipped message="Suite splitting in effect" type="pytest.skip">src/pymortests/affine_grid.py:189: Suite splitting in effect</skipped></testcase><testcase classname="src.pymortests.affine_grid" file="src/pymortests/affine_grid.py" line="189" name="test_unit_outer_normals_neighbours[&lt;lambda&gt;16]" time="0.00039505958557128906"><skipped message="Suite splitting in effect" type="pytest.skip">src/pymortests/affine_grid.py:189: Suite splitting in effect</skipped></testcase><testcase classname="src.pymortests.affine_grid" file="src/pymortests/affine_grid.py" line="189" name="test_unit_outer_normals_neighbours[&lt;lambda&gt;17]" time="0.0006437301635742188"><skipped message="Suite splitting in effect" type="pytest.skip">src/pymortests/affine_grid.py:189: Suite splitting in effect</skipped></testcase><testcase classname="src.pymortests.affine_grid" file="src/pymortests/affine_grid.py" line="189" name="test_unit_outer_normals_neighbours[&lt;lambda&gt;18]" time="0.000396728515625"><skipped message="Suite splitting in effect" type="pytest.skip">src/pymortests/affine_grid.py:189: Suite splitting in effect</skipped></testcase><testcase classname="src.pymortests.affine_grid" file="src/pymortests/affine_grid.py" line="189" name="test_unit_outer_normals_neighbours[&lt;lambda&gt;19]" time="0.0003845691680908203"><skipped message="Suite splitting in effect" type="pytest.skip">src/pymortests/affine_grid.py:189: Suite splitting in effect</skipped></testcase><testcase classname="src.pymortests.affine_grid" file="src/pymortests/affine_grid.py" line="189" name="test_unit_outer_normals_neighbours[&lt;lambda&gt;20]" time="0.0004699230194091797"><skipped message="Suite splitting in effect" type="pytest.skip">src/pymortests/affine_grid.py:189: Suite splitting in effect</skipped></testcase><testcase classname="src.pymortests.affine_grid" file="src/pymortests/affine_grid.py" line="189" name="test_unit_outer_normals_neighbours[&lt;lambda&gt;21]" time="0.00039315223693847656"><skipped message="Suite splitting in effect" type="pytest.skip">src/pymortests/affine_grid.py:189: Suite splitting in effect</skipped></testcase><testcase classname="src.pymortests.affine_grid" file="src/pymortests/affine_grid.py" line="189" name="test_unit_outer_normals_neighbours[&lt;lambda&gt;22]" time="0.0004031658172607422"><skipped message="Suite splitting in effect" type="pytest.skip">src/pymortests/affine_grid.py:189: Suite splitting in effect</skipped></testcase><testcase classname="src.pymortests.affine_grid" file="src/pymortests/affine_grid.py" line="189" name="test_unit_outer_normals_neighbours[&lt;lambda&gt;23]" time="0.0004222393035888672"><skipped message="Suite splitting in effect" type="pytest.skip">src/pymortests/affine_grid.py:189: Suite splitting in effect</skipped></testcase><testcase classname="src.pymortests.affine_grid" file="src/pymortests/affine_grid.py" line="189" name="test_unit_outer_normals_neighbours[&lt;lambda&gt;24]" time="0.0003867149353027344"><skipped message="Suite splitting in effect" type="pytest.skip">src/pymortests/affine_grid.py:189: Suite splitting in effect</skipped></testcase><testcase classname="src.pymortests.affine_grid" file="src/pymortests/affine_grid.py" line="189" name="test_unit_outer_normals_neighbours[&lt;lambda&gt;25]" time="0.0006742477416992188"><skipped message="Suite splitting in effect" type="pytest.skip">src/pymortests/affine_grid.py:189: Suite splitting in effect</skipped></testcase><testcase classname="src.pymortests.affine_grid" file="src/pymortests/affine_grid.py" line="189" name="test_unit_outer_normals_neighbours[&lt;lambda&gt;26]" time="0.000408172607421875"><skipped message="Suite splitting in effect" type="pytest.skip">src/pymortests/affine_grid.py:189: Suite splitting in effect</skipped></testcase><testcase classname="src.pymortests.affine_grid" file="src/pymortests/affine_grid.py" line="189" name="test_unit_outer_normals_neighbours[&lt;lambda&gt;27]" time="0.00040531158447265625"><skipped message="Suite splitting in effect" type="pytest.skip">src/pymortests/affine_grid.py:189: Suite splitting in effect</skipped></testcase><testcase classname="src.pymortests.affine_grid" file="src/pymortests/affine_grid.py" line="189" name="test_unit_outer_normals_neighbours[&lt;lambda&gt;28]" time="0.0003902912139892578"><skipped message="Suite splitting in effect" type="pytest.skip">src/pymortests/affine_grid.py:189: Suite splitting in effect</skipped></testcase><testcase classname="src.pymortests.affine_grid" file="src/pymortests/affine_grid.py" line="189" name="test_unit_outer_normals_neighbours[&lt;lambda&gt;29]" time="0.0003910064697265625"><skipped message="Suite splitting in effect" type="pytest.skip">src/pymortests/affine_grid.py:189: Suite splitting in effect</skipped></testcase><testcase classname="src.pymortests.affine_grid" file="src/pymortests/affine_grid.py" line="189" name="test_unit_outer_normals_neighbours[&lt;lambda&gt;30]" time="0.0003864765167236328"><skipped message="Suite splitting in effect" type="pytest.skip">src/pymortests/affine_grid.py:189: Suite splitting in effect</skipped></testcase><testcase classname="src.pymortests.affine_grid" file="src/pymortests/affine_grid.py" line="189" name="test_unit_outer_normals_neighbours[&lt;lambda&gt;31]" time="0.00041413307189941406"><skipped message="Suite splitting in effect" type="pytest.skip">src/pymortests/affine_grid.py:189: Suite splitting in effect</skipped></testcase><testcase classname="src.pymortests.affine_grid" file="src/pymortests/affine_grid.py" line="189" name="test_unit_outer_normals_neighbours[&lt;lambda&gt;32]" time="0.0004367828369140625"><skipped message="Suite splitting in effect" type="pytest.skip">src/pymortests/affine_grid.py:189: Suite splitting in effect</skipped></testcase><testcase classname="src.pymortests.affine_grid" file="src/pymortests/affine_grid.py" line="189" name="test_unit_outer_normals_neighbours[&lt;lambda&gt;33]" time="0.0006780624389648438"><skipped message="Suite splitting in effect" type="pytest.skip">src/pymortests/affine_grid.py:189: Suite splitting in effect</skipped></testcase><testcase classname="src.pymortests.affine_grid" file="src/pymortests/affine_grid.py" line="189" name="test_unit_outer_normals_neighbours[&lt;lambda&gt;34]" time="0.00039267539978027344"><skipped message="Suite splitting in effect" type="pytest.skip">src/pymortests/affine_grid.py:189: Suite splitting in effect</skipped></testcase><testcase classname="src.pymortests.affine_grid" file="src/pymortests/affine_grid.py" line="189" name="test_unit_outer_normals_neighbours[&lt;lambda&gt;35]" time="0.00038313865661621094"><skipped message="Suite splitting in effect" type="pytest.skip">src/pymortests/affine_grid.py:189: Suite splitting in effect</skipped></testcase><testcase classname="src.pymortests.affine_grid" file="src/pymortests/affine_grid.py" line="189" name="test_unit_outer_normals_neighbours[&lt;lambda&gt;36]" time="0.0004057884216308594"><skipped message="Suite splitting in effect" type="pytest.skip">src/pymortests/affine_grid.py:189: Suite splitting in effect</skipped></testcase><testcase classname="src.pymortests.affine_grid" file="src/pymortests/affine_grid.py" line="189" name="test_unit_outer_normals_neighbours[&lt;lambda&gt;37]" time="0.00038433074951171875"><skipped message="Suite splitting in effect" type="pytest.skip">src/pymortests/affine_grid.py:189: Suite splitting in effect</skipped></testcase><testcase classname="src.pymortests.affine_grid" file="src/pymortests/affine_grid.py" line="189" name="test_unit_outer_normals_neighbours[&lt;lambda&gt;38]" time="0.0003895759582519531"><skipped message="Suite splitting in effect" type="pytest.skip">src/pymortests/affine_grid.py:189: Suite splitting in effect</skipped></testcase><testcase classname="src.pymortests.affine_grid" file="src/pymortests/affine_grid.py" line="189" name="test_unit_outer_normals_neighbours[&lt;lambda&gt;39]" time="0.0004525184631347656"><skipped message="Suite splitting in effect" type="pytest.skip">src/pymortests/affine_grid.py:189: Suite splitting in effect</skipped></testcase><testcase classname="src.pymortests.affine_grid" file="src/pymortests/affine_grid.py" line="189" name="test_unit_outer_normals_neighbours[&lt;lambda&gt;40]" time="0.0004150867462158203"><skipped message="Suite splitting in effect" type="pytest.skip">src/pymortests/affine_grid.py:189: Suite splitting in effect</skipped></testcase><testcase classname="src.pymortests.affine_grid" file="src/pymortests/affine_grid.py" line="189" name="test_unit_outer_normals_neighbours[&lt;lambda&gt;41]" time="0.0006587505340576172"><skipped message="Suite splitting in effect" type="pytest.skip">src/pymortests/affine_grid.py:189: Suite splitting in effect</skipped></testcase><testcase classname="src.pymortests.affine_grid" file="src/pymortests/affine_grid.py" line="189" name="test_unit_outer_normals_neighbours[&lt;lambda&gt;42]" time="0.0004105567932128906"><skipped message="Suite splitting in effect" type="pytest.skip">src/pymortests/affine_grid.py:189: Suite splitting in effect</skipped></testcase><testcase classname="src.pymortests.affine_grid" file="src/pymortests/affine_grid.py" line="202" name="test_centers_wrong_arguments[&lt;lambda&gt;0]" time="0.0004088878631591797"><skipped message="Suite splitting in effect" type="pytest.skip">src/pymortests/affine_grid.py:202: Suite splitting in effect</skipped></testcase><testcase classname="src.pymortests.affine_grid" file="src/pymortests/affine_grid.py" line="202" name="test_centers_wrong_arguments[&lt;lambda&gt;1]" time="0.00038313865661621094"><skipped message="Suite splitting in effect" type="pytest.skip">src/pymortests/affine_grid.py:202: Suite splitting in effect</skipped></testcase><testcase classname="src.pymortests.affine_grid" file="src/pymortests/affine_grid.py" line="202" name="test_centers_wrong_arguments[&lt;lambda&gt;2]" time="0.0004227161407470703"><skipped message="Suite splitting in effect" type="pytest.skip">src/pymortests/affine_grid.py:202: Suite splitting in effect</skipped></testcase><testcase classname="src.pymortests.affine_grid" file="src/pymortests/affine_grid.py" line="202" name="test_centers_wrong_arguments[&lt;lambda&gt;3]" time="0.0003857612609863281"><skipped message="Suite splitting in effect" type="pytest.skip">src/pymortests/affine_grid.py:202: Suite splitting in effect</skipped></testcase><testcase classname="src.pymortests.affine_grid" file="src/pymortests/affine_grid.py" line="202" name="test_centers_wrong_arguments[&lt;lambda&gt;4]" time="0.0003914833068847656"><skipped message="Suite splitting in effect" type="pytest.skip">src/pymortests/affine_grid.py:202: Suite splitting in effect</skipped></testcase><testcase classname="src.pymortests.affine_grid" file="src/pymortests/affine_grid.py" line="202" name="test_centers_wrong_arguments[&lt;lambda&gt;5]" time="0.00039839744567871094"><skipped message="Suite splitting in effect" type="pytest.skip">src/pymortests/affine_grid.py:202: Suite splitting in effect</skipped></testcase><testcase classname="src.pymortests.affine_grid" file="src/pymortests/affine_grid.py" line="202" name="test_centers_wrong_arguments[&lt;lambda&gt;6]" time="0.0006718635559082031"><skipped message="Suite splitting in effect" type="pytest.skip">src/pymortests/affine_grid.py:202: Suite splitting in effect</skipped></testcase><testcase classname="src.pymortests.affine_grid" file="src/pymortests/affine_grid.py" line="202" name="test_centers_wrong_arguments[&lt;lambda&gt;7]" time="0.00039124488830566406"><skipped message="Suite splitting in effect" type="pytest.skip">src/pymortests/affine_grid.py:202: Suite splitting in effect</skipped></testcase><testcase classname="src.pymortests.affine_grid" file="src/pymortests/affine_grid.py" line="202" name="test_centers_wrong_arguments[&lt;lambda&gt;8]" time="0.0004096031188964844"><skipped message="Suite splitting in effect" type="pytest.skip">src/pymortests/affine_grid.py:202: Suite splitting in effect</skipped></testcase><testcase classname="src.pymortests.affine_grid" file="src/pymortests/affine_grid.py" line="202" name="test_centers_wrong_arguments[&lt;lambda&gt;9]" time="0.00041031837463378906"><skipped message="Suite splitting in effect" type="pytest.skip">src/pymortests/affine_grid.py:202: Suite splitting in effect</skipped></testcase><testcase classname="src.pymortests.affine_grid" file="src/pymortests/affine_grid.py" line="202" name="test_centers_wrong_arguments[&lt;lambda&gt;10]" time="0.00039124488830566406"><skipped message="Suite splitting in effect" type="pytest.skip">src/pymortests/affine_grid.py:202: Suite splitting in effect</skipped></testcase><testcase classname="src.pymortests.affine_grid" file="src/pymortests/affine_grid.py" line="202" name="test_centers_wrong_arguments[&lt;lambda&gt;11]" time="0.0003864765167236328"><skipped message="Suite splitting in effect" type="pytest.skip">src/pymortests/affine_grid.py:202: Suite splitting in effect</skipped></testcase><testcase classname="src.pymortests.affine_grid" file="src/pymortests/affine_grid.py" line="202" name="test_centers_wrong_arguments[&lt;lambda&gt;12]" time="0.0003864765167236328"><skipped message="Suite splitting in effect" type="pytest.skip">src/pymortests/affine_grid.py:202: Suite splitting in effect</skipped></testcase><testcase classname="src.pymortests.affine_grid" file="src/pymortests/affine_grid.py" line="202" name="test_centers_wrong_arguments[&lt;lambda&gt;13]" time="0.00043272972106933594"><skipped message="Suite splitting in effect" type="pytest.skip">src/pymortests/affine_grid.py:202: Suite splitting in effect</skipped></testcase><testcase classname="src.pymortests.affine_grid" file="src/pymortests/affine_grid.py" line="202" name="test_centers_wrong_arguments[&lt;lambda&gt;14]" time="0.0009992122650146484"><skipped message="Suite splitting in effect" type="pytest.skip">src/pymortests/affine_grid.py:202: Suite splitting in effect</skipped></testcase><testcase classname="src.pymortests.affine_grid" file="src/pymortests/affine_grid.py" line="202" name="test_centers_wrong_arguments[&lt;lambda&gt;15]" time="0.0004298686981201172"><skipped message="Suite splitting in effect" type="pytest.skip">src/pymortests/affine_grid.py:202: Suite splitting in effect</skipped></testcase><testcase classname="src.pymortests.affine_grid" file="src/pymortests/affine_grid.py" line="202" name="test_centers_wrong_arguments[&lt;lambda&gt;16]" time="0.000415802001953125"><skipped message="Suite splitting in effect" type="pytest.skip">src/pymortests/affine_grid.py:202: Suite splitting in effect</skipped></testcase><testcase classname="src.pymortests.affine_grid" file="src/pymortests/affine_grid.py" line="202" name="test_centers_wrong_arguments[&lt;lambda&gt;17]" time="0.00041103363037109375"><skipped message="Suite splitting in effect" type="pytest.skip">src/pymortests/affine_grid.py:202: Suite splitting in effect</skipped></testcase><testcase classname="src.pymortests.affine_grid" file="src/pymortests/affine_grid.py" line="202" name="test_centers_wrong_arguments[&lt;lambda&gt;18]" time="0.0003914833068847656"><skipped message="Suite splitting in effect" type="pytest.skip">src/pymortests/affine_grid.py:202: Suite splitting in effect</skipped></testcase><testcase classname="src.pymortests.affine_grid" file="src/pymortests/affine_grid.py" line="202" name="test_centers_wrong_arguments[&lt;lambda&gt;19]" time="0.0003857612609863281"><skipped message="Suite splitting in effect" type="pytest.skip">src/pymortests/affine_grid.py:202: Suite splitting in effect</skipped></testcase><testcase classname="src.pymortests.affine_grid" file="src/pymortests/affine_grid.py" line="202" name="test_centers_wrong_arguments[&lt;lambda&gt;20]" time="0.0003876686096191406"><skipped message="Suite splitting in effect" type="pytest.skip">src/pymortests/affine_grid.py:202: Suite splitting in effect</skipped></testcase><testcase classname="src.pymortests.affine_grid" file="src/pymortests/affine_grid.py" line="202" name="test_centers_wrong_arguments[&lt;lambda&gt;21]" time="0.0004482269287109375"><skipped message="Suite splitting in effect" type="pytest.skip">src/pymortests/affine_grid.py:202: Suite splitting in effect</skipped></testcase><testcase classname="src.pymortests.affine_grid" file="src/pymortests/affine_grid.py" line="202" name="test_centers_wrong_arguments[&lt;lambda&gt;22]" time="0.0006511211395263672"><skipped message="Suite splitting in effect" type="pytest.skip">src/pymortests/affine_grid.py:202: Suite splitting in effect</skipped></testcase><testcase classname="src.pymortests.affine_grid" file="src/pymortests/affine_grid.py" line="202" name="test_centers_wrong_arguments[&lt;lambda&gt;23]" time="0.0003921985626220703"><skipped message="Suite splitting in effect" type="pytest.skip">src/pymortests/affine_grid.py:202: Suite splitting in effect</skipped></testcase><testcase classname="src.pymortests.affine_grid" file="src/pymortests/affine_grid.py" line="202" name="test_centers_wrong_arguments[&lt;lambda&gt;24]" time="0.0003921985626220703"><skipped message="Suite splitting in effect" type="pytest.skip">src/pymortests/affine_grid.py:202: Suite splitting in effect</skipped></testcase><testcase classname="src.pymortests.affine_grid" file="src/pymortests/affine_grid.py" line="202" name="test_centers_wrong_arguments[&lt;lambda&gt;25]" time="0.00039458274841308594"><skipped message="Suite splitting in effect" type="pytest.skip">src/pymortests/affine_grid.py:202: Suite splitting in effect</skipped></testcase><testcase classname="src.pymortests.affine_grid" file="src/pymortests/affine_grid.py" line="202" name="test_centers_wrong_arguments[&lt;lambda&gt;26]" time="0.00042939186096191406"><skipped message="Suite splitting in effect" type="pytest.skip">src/pymortests/affine_grid.py:202: Suite splitting in effect</skipped></testcase><testcase classname="src.pymortests.affine_grid" file="src/pymortests/affine_grid.py" line="202" name="test_centers_wrong_arguments[&lt;lambda&gt;27]" time="0.0004134178161621094"><skipped message="Suite splitting in effect" type="pytest.skip">src/pymortests/affine_grid.py:202: Suite splitting in effect</skipped></testcase><testcase classname="src.pymortests.affine_grid" file="src/pymortests/affine_grid.py" line="202" name="test_centers_wrong_arguments[&lt;lambda&gt;28]" time="0.00042128562927246094"><skipped message="Suite splitting in effect" type="pytest.skip">src/pymortests/affine_grid.py:202: Suite splitting in effect</skipped></testcase><testcase classname="src.pymortests.affine_grid" file="src/pymortests/affine_grid.py" line="202" name="test_centers_wrong_arguments[&lt;lambda&gt;29]" time="0.0003943443298339844"><skipped message="Suite splitting in effect" type="pytest.skip">src/pymortests/affine_grid.py:202: Suite splitting in effect</skipped></testcase><testcase classname="src.pymortests.affine_grid" file="src/pymortests/affine_grid.py" line="202" name="test_centers_wrong_arguments[&lt;lambda&gt;30]" time="0.0006520748138427734"><skipped message="Suite splitting in effect" type="pytest.skip">src/pymortests/affine_grid.py:202: Suite splitting in effect</skipped></testcase><testcase classname="src.pymortests.affine_grid" file="src/pymortests/affine_grid.py" line="202" name="test_centers_wrong_arguments[&lt;lambda&gt;31]" time="0.00042819976806640625"><skipped message="Suite splitting in effect" type="pytest.skip">src/pymortests/affine_grid.py:202: Suite splitting in effect</skipped></testcase><testcase classname="src.pymortests.affine_grid" file="src/pymortests/affine_grid.py" line="202" name="test_centers_wrong_arguments[&lt;lambda&gt;32]" time="0.00039649009704589844"><skipped message="Suite splitting in effect" type="pytest.skip">src/pymortests/affine_grid.py:202: Suite splitting in effect</skipped></testcase><testcase classname="src.pymortests.affine_grid" file="src/pymortests/affine_grid.py" line="202" name="test_centers_wrong_arguments[&lt;lambda&gt;33]" time="0.0004146099090576172"><skipped message="Suite splitting in effect" type="pytest.skip">src/pymortests/affine_grid.py:202: Suite splitting in effect</skipped></testcase><testcase classname="src.pymortests.affine_grid" file="src/pymortests/affine_grid.py" line="202" name="test_centers_wrong_arguments[&lt;lambda&gt;34]" time="0.0004067420959472656"><skipped message="Suite splitting in effect" type="pytest.skip">src/pymortests/affine_grid.py:202: Suite splitting in effect</skipped></testcase><testcase classname="src.pymortests.affine_grid" file="src/pymortests/affine_grid.py" line="202" name="test_centers_wrong_arguments[&lt;lambda&gt;35]" time="0.000408172607421875"><skipped message="Suite splitting in effect" type="pytest.skip">src/pymortests/affine_grid.py:202: Suite splitting in effect</skipped></testcase><testcase classname="src.pymortests.affine_grid" file="src/pymortests/affine_grid.py" line="202" name="test_centers_wrong_arguments[&lt;lambda&gt;36]" time="0.00038552284240722656"><skipped message="Suite splitting in effect" type="pytest.skip">src/pymortests/affine_grid.py:202: Suite splitting in effect</skipped></testcase><testcase classname="src.pymortests.affine_grid" file="src/pymortests/affine_grid.py" line="202" name="test_centers_wrong_arguments[&lt;lambda&gt;37]" time="0.0004265308380126953"><skipped message="Suite splitting in effect" type="pytest.skip">src/pymortests/affine_grid.py:202: Suite splitting in effect</skipped></testcase><testcase classname="src.pymortests.affine_grid" file="src/pymortests/affine_grid.py" line="202" name="test_centers_wrong_arguments[&lt;lambda&gt;38]" time="0.00086212158203125"><skipped message="Suite splitting in effect" type="pytest.skip">src/pymortests/affine_grid.py:202: Suite splitting in effect</skipped></testcase><testcase classname="src.pymortests.affine_grid" file="src/pymortests/affine_grid.py" line="202" name="test_centers_wrong_arguments[&lt;lambda&gt;39]" time="0.0004096031188964844"><skipped message="Suite splitting in effect" type="pytest.skip">src/pymortests/affine_grid.py:202: Suite splitting in effect</skipped></testcase><testcase classname="src.pymortests.affine_grid" file="src/pymortests/affine_grid.py" line="202" name="test_centers_wrong_arguments[&lt;lambda&gt;40]" time="0.00041222572326660156"><skipped message="Suite splitting in effect" type="pytest.skip">src/pymortests/affine_grid.py:202: Suite splitting in effect</skipped></testcase><testcase classname="src.pymortests.affine_grid" file="src/pymortests/affine_grid.py" line="202" name="test_centers_wrong_arguments[&lt;lambda&gt;41]" time="0.0003943443298339844"><skipped message="Suite splitting in effect" type="pytest.skip">src/pymortests/affine_grid.py:202: Suite splitting in effect</skipped></testcase><testcase classname="src.pymortests.affine_grid" file="src/pymortests/affine_grid.py" line="202" name="test_centers_wrong_arguments[&lt;lambda&gt;42]" time="0.0003879070281982422"><skipped message="Suite splitting in effect" type="pytest.skip">src/pymortests/affine_grid.py:202: Suite splitting in effect</skipped></testcase><testcase classname="src.pymortests.affine_grid" file="src/pymortests/affine_grid.py" line="210" name="test_centers_shape[&lt;lambda&gt;0]" time="0.00039315223693847656"><skipped message="Suite splitting in effect" type="pytest.skip">src/pymortests/affine_grid.py:210: Suite splitting in effect</skipped></testcase><testcase classname="src.pymortests.affine_grid" file="src/pymortests/affine_grid.py" line="210" name="test_centers_shape[&lt;lambda&gt;1]" time="0.00040459632873535156"><skipped message="Suite splitting in effect" type="pytest.skip">src/pymortests/affine_grid.py:210: Suite splitting in effect</skipped></testcase><testcase classname="src.pymortests.affine_grid" file="src/pymortests/affine_grid.py" line="210" name="test_centers_shape[&lt;lambda&gt;2]" time="0.00040435791015625"><skipped message="Suite splitting in effect" type="pytest.skip">src/pymortests/affine_grid.py:210: Suite splitting in effect</skipped></testcase><testcase classname="src.pymortests.affine_grid" file="src/pymortests/affine_grid.py" line="210" name="test_centers_shape[&lt;lambda&gt;3]" time="0.0007083415985107422"><skipped message="Suite splitting in effect" type="pytest.skip">src/pymortests/affine_grid.py:210: Suite splitting in effect</skipped></testcase><testcase classname="src.pymortests.affine_grid" file="src/pymortests/affine_grid.py" line="210" name="test_centers_shape[&lt;lambda&gt;4]" time="0.0003857612609863281"><skipped message="Suite splitting in effect" type="pytest.skip">src/pymortests/affine_grid.py:210: Suite splitting in effect</skipped></testcase><testcase classname="src.pymortests.affine_grid" file="src/pymortests/affine_grid.py" line="210" name="test_centers_shape[&lt;lambda&gt;5]" time="0.0004100799560546875"><skipped message="Suite splitting in effect" type="pytest.skip">src/pymortests/affine_grid.py:210: Suite splitting in effect</skipped></testcase><testcase classname="src.pymortests.affine_grid" file="src/pymortests/affine_grid.py" line="210" name="test_centers_shape[&lt;lambda&gt;6]" time="0.00038886070251464844"><skipped message="Suite splitting in effect" type="pytest.skip">src/pymortests/affine_grid.py:210: Suite splitting in effect</skipped></testcase><testcase classname="src.pymortests.affine_grid" file="src/pymortests/affine_grid.py" line="210" name="test_centers_shape[&lt;lambda&gt;7]" time="0.00039124488830566406"><skipped message="Suite splitting in effect" type="pytest.skip">src/pymortests/affine_grid.py:210: Suite splitting in effect</skipped></testcase><testcase classname="src.pymortests.affine_grid" file="src/pymortests/affine_grid.py" line="210" name="test_centers_shape[&lt;lambda&gt;8]" time="0.0004150867462158203"><skipped message="Suite splitting in effect" type="pytest.skip">src/pymortests/affine_grid.py:210: Suite splitting in effect</skipped></testcase><testcase classname="src.pymortests.affine_grid" file="src/pymortests/affine_grid.py" line="210" name="test_centers_shape[&lt;lambda&gt;9]" time="0.0004146099090576172"><skipped message="Suite splitting in effect" type="pytest.skip">src/pymortests/affine_grid.py:210: Suite splitting in effect</skipped></testcase><testcase classname="src.pymortests.affine_grid" file="src/pymortests/affine_grid.py" line="210" name="test_centers_shape[&lt;lambda&gt;10]" time="0.00043892860412597656"><skipped message="Suite splitting in effect" type="pytest.skip">src/pymortests/affine_grid.py:210: Suite splitting in effect</skipped></testcase><testcase classname="src.pymortests.affine_grid" file="src/pymortests/affine_grid.py" line="210" name="test_centers_shape[&lt;lambda&gt;11]" time="0.0007073879241943359"><skipped message="Suite splitting in effect" type="pytest.skip">src/pymortests/affine_grid.py:210: Suite splitting in effect</skipped></testcase><testcase classname="src.pymortests.affine_grid" file="src/pymortests/affine_grid.py" line="210" name="test_centers_shape[&lt;lambda&gt;12]" time="0.00044345855712890625"><skipped message="Suite splitting in effect" type="pytest.skip">src/pymortests/affine_grid.py:210: Suite splitting in effect</skipped></testcase><testcase classname="src.pymortests.affine_grid" file="src/pymortests/affine_grid.py" line="210" name="test_centers_shape[&lt;lambda&gt;13]" time="0.0004105567932128906"><skipped message="Suite splitting in effect" type="pytest.skip">src/pymortests/affine_grid.py:210: Suite splitting in effect</skipped></testcase><testcase classname="src.pymortests.affine_grid" file="src/pymortests/affine_grid.py" line="210" name="test_centers_shape[&lt;lambda&gt;14]" time="0.0003829002380371094"><skipped message="Suite splitting in effect" type="pytest.skip">src/pymortests/affine_grid.py:210: Suite splitting in effect</skipped></testcase><testcase classname="src.pymortests.affine_grid" file="src/pymortests/affine_grid.py" line="210" name="test_centers_shape[&lt;lambda&gt;15]" time="0.0004208087921142578"><skipped message="Suite splitting in effect" type="pytest.skip">src/pymortests/affine_grid.py:210: Suite splitting in effect</skipped></testcase><testcase classname="src.pymortests.affine_grid" file="src/pymortests/affine_grid.py" line="210" name="test_centers_shape[&lt;lambda&gt;16]" time="0.0003857612609863281"><skipped message="Suite splitting in effect" type="pytest.skip">src/pymortests/affine_grid.py:210: Suite splitting in effect</skipped></testcase><testcase classname="src.pymortests.affine_grid" file="src/pymortests/affine_grid.py" line="210" name="test_centers_shape[&lt;lambda&gt;17]" time="0.00042366981506347656"><skipped message="Suite splitting in effect" type="pytest.skip">src/pymortests/affine_grid.py:210: Suite splitting in effect</skipped></testcase><testcase classname="src.pymortests.affine_grid" file="src/pymortests/affine_grid.py" line="210" name="test_centers_shape[&lt;lambda&gt;18]" time="0.00039505958557128906"><skipped message="Suite splitting in effect" type="pytest.skip">src/pymortests/affine_grid.py:210: Suite splitting in effect</skipped></testcase><testcase classname="src.pymortests.affine_grid" file="src/pymortests/affine_grid.py" line="210" name="test_centers_shape[&lt;lambda&gt;19]" time="0.0006999969482421875"><skipped message="Suite splitting in effect" type="pytest.skip">src/pymortests/affine_grid.py:210: Suite splitting in effect</skipped></testcase><testcase classname="src.pymortests.affine_grid" file="src/pymortests/affine_grid.py" line="210" name="test_centers_shape[&lt;lambda&gt;20]" time="0.00041031837463378906"><skipped message="Suite splitting in effect" type="pytest.skip">src/pymortests/affine_grid.py:210: Suite splitting in effect</skipped></testcase><testcase classname="src.pymortests.affine_grid" file="src/pymortests/affine_grid.py" line="210" name="test_centers_shape[&lt;lambda&gt;21]" time="0.0004336833953857422"><skipped message="Suite splitting in effect" type="pytest.skip">src/pymortests/affine_grid.py:210: Suite splitting in effect</skipped></testcase><testcase classname="src.pymortests.affine_grid" file="src/pymortests/affine_grid.py" line="210" name="test_centers_shape[&lt;lambda&gt;22]" time="0.00046753883361816406"><skipped message="Suite splitting in effect" type="pytest.skip">src/pymortests/affine_grid.py:210: Suite splitting in effect</skipped></testcase><testcase classname="src.pymortests.affine_grid" file="src/pymortests/affine_grid.py" line="210" name="test_centers_shape[&lt;lambda&gt;23]" time="0.0004189014434814453"><skipped message="Suite splitting in effect" type="pytest.skip">src/pymortests/affine_grid.py:210: Suite splitting in effect</skipped></testcase><testcase classname="src.pymortests.affine_grid" file="src/pymortests/affine_grid.py" line="210" name="test_centers_shape[&lt;lambda&gt;24]" time="0.0003981590270996094"><skipped message="Suite splitting in effect" type="pytest.skip">src/pymortests/affine_grid.py:210: Suite splitting in effect</skipped></testcase><testcase classname="src.pymortests.affine_grid" file="src/pymortests/affine_grid.py" line="210" name="test_centers_shape[&lt;lambda&gt;25]" time="0.0003981590270996094"><skipped message="Suite splitting in effect" type="pytest.skip">src/pymortests/affine_grid.py:210: Suite splitting in effect</skipped></testcase><testcase classname="src.pymortests.affine_grid" file="src/pymortests/affine_grid.py" line="210" name="test_centers_shape[&lt;lambda&gt;26]" time="0.0004436969757080078"><skipped message="Suite splitting in effect" type="pytest.skip">src/pymortests/affine_grid.py:210: Suite splitting in effect</skipped></testcase><testcase classname="src.pymortests.affine_grid" file="src/pymortests/affine_grid.py" line="210" name="test_centers_shape[&lt;lambda&gt;27]" time="0.001064300537109375"><skipped message="Suite splitting in effect" type="pytest.skip">src/pymortests/affine_grid.py:210: Suite splitting in effect</skipped></testcase><testcase classname="src.pymortests.affine_grid" file="src/pymortests/affine_grid.py" line="210" name="test_centers_shape[&lt;lambda&gt;28]" time="0.0004093647003173828"><skipped message="Suite splitting in effect" type="pytest.skip">src/pymortests/affine_grid.py:210: Suite splitting in effect</skipped></testcase><testcase classname="src.pymortests.affine_grid" file="src/pymortests/affine_grid.py" line="210" name="test_centers_shape[&lt;lambda&gt;29]" time="0.0003924369812011719"><skipped message="Suite splitting in effect" type="pytest.skip">src/pymortests/affine_grid.py:210: Suite splitting in effect</skipped></testcase><testcase classname="src.pymortests.affine_grid" file="src/pymortests/affine_grid.py" line="210" name="test_centers_shape[&lt;lambda&gt;30]" time="0.0004203319549560547"><skipped message="Suite splitting in effect" type="pytest.skip">src/pymortests/affine_grid.py:210: Suite splitting in effect</skipped></testcase><testcase classname="src.pymortests.affine_grid" file="src/pymortests/affine_grid.py" line="210" name="test_centers_shape[&lt;lambda&gt;31]" time="0.00042176246643066406"><skipped message="Suite splitting in effect" type="pytest.skip">src/pymortests/affine_grid.py:210: Suite splitting in effect</skipped></testcase><testcase classname="src.pymortests.affine_grid" file="src/pymortests/affine_grid.py" line="210" name="test_centers_shape[&lt;lambda&gt;32]" time="0.0004093647003173828"><skipped message="Suite splitting in effect" type="pytest.skip">src/pymortests/affine_grid.py:210: Suite splitting in effect</skipped></testcase><testcase classname="src.pymortests.affine_grid" file="src/pymortests/affine_grid.py" line="210" name="test_centers_shape[&lt;lambda&gt;33]" time="0.00039076805114746094"><skipped message="Suite splitting in effect" type="pytest.skip">src/pymortests/affine_grid.py:210: Suite splitting in effect</skipped></testcase><testcase classname="src.pymortests.affine_grid" file="src/pymortests/affine_grid.py" line="210" name="test_centers_shape[&lt;lambda&gt;34]" time="0.000396728515625"><skipped message="Suite splitting in effect" type="pytest.skip">src/pymortests/affine_grid.py:210: Suite splitting in effect</skipped></testcase><testcase classname="src.pymortests.affine_grid" file="src/pymortests/affine_grid.py" line="210" name="test_centers_shape[&lt;lambda&gt;35]" time="0.0007121562957763672"><skipped message="Suite splitting in effect" type="pytest.skip">src/pymortests/affine_grid.py:210: Suite splitting in effect</skipped></testcase><testcase classname="src.pymortests.affine_grid" file="src/pymortests/affine_grid.py" line="210" name="test_centers_shape[&lt;lambda&gt;36]" time="0.0004355907440185547"><skipped message="Suite splitting in effect" type="pytest.skip">src/pymortests/affine_grid.py:210: Suite splitting in effect</skipped></testcase><testcase classname="src.pymortests.affine_grid" file="src/pymortests/affine_grid.py" line="210" name="test_centers_shape[&lt;lambda&gt;37]" time="0.0003936290740966797"><skipped message="Suite splitting in effect" type="pytest.skip">src/pymortests/affine_grid.py:210: Suite splitting in effect</skipped></testcase><testcase classname="src.pymortests.affine_grid" file="src/pymortests/affine_grid.py" line="210" name="test_centers_shape[&lt;lambda&gt;38]" time="0.0004172325134277344"><skipped message="Suite splitting in effect" type="pytest.skip">src/pymortests/affine_grid.py:210: Suite splitting in effect</skipped></testcase><testcase classname="src.pymortests.affine_grid" file="src/pymortests/affine_grid.py" line="210" name="test_centers_shape[&lt;lambda&gt;39]" time="0.00039458274841308594"><skipped message="Suite splitting in effect" type="pytest.skip">src/pymortests/affine_grid.py:210: Suite splitting in effect</skipped></testcase><testcase classname="src.pymortests.affine_grid" file="src/pymortests/affine_grid.py" line="210" name="test_centers_shape[&lt;lambda&gt;40]" time="0.0003933906555175781"><skipped message="Suite splitting in effect" type="pytest.skip">src/pymortests/affine_grid.py:210: Suite splitting in effect</skipped></testcase><testcase classname="src.pymortests.affine_grid" file="src/pymortests/affine_grid.py" line="210" name="test_centers_shape[&lt;lambda&gt;41]" time="0.00045013427734375"><skipped message="Suite splitting in effect" type="pytest.skip">src/pymortests/affine_grid.py:210: Suite splitting in effect</skipped></testcase><testcase classname="src.pymortests.affine_grid" file="src/pymortests/affine_grid.py" line="210" name="test_centers_shape[&lt;lambda&gt;42]" time="0.00046539306640625"><skipped message="Suite splitting in effect" type="pytest.skip">src/pymortests/affine_grid.py:210: Suite splitting in effect</skipped></testcase><testcase classname="src.pymortests.affine_grid" file="src/pymortests/affine_grid.py" line="216" name="test_centers_values[&lt;lambda&gt;0]" time="0.0006687641143798828"><skipped message="Suite splitting in effect" type="pytest.skip">src/pymortests/affine_grid.py:216: Suite splitting in effect</skipped></testcase><testcase classname="src.pymortests.affine_grid" file="src/pymortests/affine_grid.py" line="216" name="test_centers_values[&lt;lambda&gt;1]" time="0.0003883838653564453"><skipped message="Suite splitting in effect" type="pytest.skip">src/pymortests/affine_grid.py:216: Suite splitting in effect</skipped></testcase><testcase classname="src.pymortests.affine_grid" file="src/pymortests/affine_grid.py" line="216" name="test_centers_values[&lt;lambda&gt;2]" time="0.0005037784576416016"><skipped message="Suite splitting in effect" type="pytest.skip">src/pymortests/affine_grid.py:216: Suite splitting in effect</skipped></testcase><testcase classname="src.pymortests.affine_grid" file="src/pymortests/affine_grid.py" line="216" name="test_centers_values[&lt;lambda&gt;3]" time="0.0003948211669921875"><skipped message="Suite splitting in effect" type="pytest.skip">src/pymortests/affine_grid.py:216: Suite splitting in effect</skipped></testcase><testcase classname="src.pymortests.affine_grid" file="src/pymortests/affine_grid.py" line="216" name="test_centers_values[&lt;lambda&gt;4]" time="0.00038743019104003906"><skipped message="Suite splitting in effect" type="pytest.skip">src/pymortests/affine_grid.py:216: Suite splitting in effect</skipped></testcase><testcase classname="src.pymortests.affine_grid" file="src/pymortests/affine_grid.py" line="216" name="test_centers_values[&lt;lambda&gt;5]" time="0.00041747093200683594"><skipped message="Suite splitting in effect" type="pytest.skip">src/pymortests/affine_grid.py:216: Suite splitting in effect</skipped></testcase><testcase classname="src.pymortests.affine_grid" file="src/pymortests/affine_grid.py" line="216" name="test_centers_values[&lt;lambda&gt;6]" time="0.00039768218994140625"><skipped message="Suite splitting in effect" type="pytest.skip">src/pymortests/affine_grid.py:216: Suite splitting in effect</skipped></testcase><testcase classname="src.pymortests.affine_grid" file="src/pymortests/affine_grid.py" line="216" name="test_centers_values[&lt;lambda&gt;7]" time="0.0004146099090576172"><skipped message="Suite splitting in effect" type="pytest.skip">src/pymortests/affine_grid.py:216: Suite splitting in effect</skipped></testcase><testcase classname="src.pymortests.affine_grid" file="src/pymortests/affine_grid.py" line="216" name="test_centers_values[&lt;lambda&gt;8]" time="0.0006887912750244141"><skipped message="Suite splitting in effect" type="pytest.skip">src/pymortests/affine_grid.py:216: Suite splitting in effect</skipped></testcase><testcase classname="src.pymortests.affine_grid" file="src/pymortests/affine_grid.py" line="216" name="test_centers_values[&lt;lambda&gt;9]" time="0.0004036426544189453"><skipped message="Suite splitting in effect" type="pytest.skip">src/pymortests/affine_grid.py:216: Suite splitting in effect</skipped></testcase><testcase classname="src.pymortests.affine_grid" file="src/pymortests/affine_grid.py" line="216" name="test_centers_values[&lt;lambda&gt;10]" time="0.0004048347473144531"><skipped message="Suite splitting in effect" type="pytest.skip">src/pymortests/affine_grid.py:216: Suite splitting in effect</skipped></testcase><testcase classname="src.pymortests.affine_grid" file="src/pymortests/affine_grid.py" line="216" name="test_centers_values[&lt;lambda&gt;11]" time="0.0003895759582519531"><skipped message="Suite splitting in effect" type="pytest.skip">src/pymortests/affine_grid.py:216: Suite splitting in effect</skipped></testcase><testcase classname="src.pymortests.affine_grid" file="src/pymortests/affine_grid.py" line="216" name="test_centers_values[&lt;lambda&gt;12]" time="0.0004374980926513672"><skipped message="Suite splitting in effect" type="pytest.skip">src/pymortests/affine_grid.py:216: Suite splitting in effect</skipped></testcase><testcase classname="src.pymortests.affine_grid" file="src/pymortests/affine_grid.py" line="216" name="test_centers_values[&lt;lambda&gt;13]" time="0.0003902912139892578"><skipped message="Suite splitting in effect" type="pytest.skip">src/pymortests/affine_grid.py:216: Suite splitting in effect</skipped></testcase><testcase classname="src.pymortests.affine_grid" file="src/pymortests/affine_grid.py" line="216" name="test_centers_values[&lt;lambda&gt;14]" time="0.00039839744567871094"><skipped message="Suite splitting in effect" type="pytest.skip">src/pymortests/affine_grid.py:216: Suite splitting in effect</skipped></testcase><testcase classname="src.pymortests.affine_grid" file="src/pymortests/affine_grid.py" line="216" name="test_centers_values[&lt;lambda&gt;15]" time="0.0004088878631591797"><skipped message="Suite splitting in effect" type="pytest.skip">src/pymortests/affine_grid.py:216: Suite splitting in effect</skipped></testcase><testcase classname="src.pymortests.affine_grid" file="src/pymortests/affine_grid.py" line="216" name="test_centers_values[&lt;lambda&gt;16]" time="0.0006632804870605469"><skipped message="Suite splitting in effect" type="pytest.skip">src/pymortests/affine_grid.py:216: Suite splitting in effect</skipped></testcase><testcase classname="src.pymortests.affine_grid" file="src/pymortests/affine_grid.py" line="216" name="test_centers_values[&lt;lambda&gt;17]" time="0.00038361549377441406"><skipped message="Suite splitting in effect" type="pytest.skip">src/pymortests/affine_grid.py:216: Suite splitting in effect</skipped></testcase><testcase classname="src.pymortests.affine_grid" file="src/pymortests/affine_grid.py" line="216" name="test_centers_values[&lt;lambda&gt;18]" time="0.0004107952117919922"><skipped message="Suite splitting in effect" type="pytest.skip">src/pymortests/affine_grid.py:216: Suite splitting in effect</skipped></testcase><testcase classname="src.pymortests.affine_grid" file="src/pymortests/affine_grid.py" line="216" name="test_centers_values[&lt;lambda&gt;19]" time="0.0004010200500488281"><skipped message="Suite splitting in effect" type="pytest.skip">src/pymortests/affine_grid.py:216: Suite splitting in effect</skipped></testcase><testcase classname="src.pymortests.affine_grid" file="src/pymortests/affine_grid.py" line="216" name="test_centers_values[&lt;lambda&gt;20]" time="0.0004105567932128906"><skipped message="Suite splitting in effect" type="pytest.skip">src/pymortests/affine_grid.py:216: Suite splitting in effect</skipped></testcase><testcase classname="src.pymortests.affine_grid" file="src/pymortests/affine_grid.py" line="216" name="test_centers_values[&lt;lambda&gt;21]" time="0.0004127025604248047"><skipped message="Suite splitting in effect" type="pytest.skip">src/pymortests/affine_grid.py:216: Suite splitting in effect</skipped></testcase><testcase classname="src.pymortests.affine_grid" file="src/pymortests/affine_grid.py" line="216" name="test_centers_values[&lt;lambda&gt;22]" time="0.00038933753967285156"><skipped message="Suite splitting in effect" type="pytest.skip">src/pymortests/affine_grid.py:216: Suite splitting in effect</skipped></testcase><testcase classname="src.pymortests.affine_grid" file="src/pymortests/affine_grid.py" line="216" name="test_centers_values[&lt;lambda&gt;23]" time="0.0003898143768310547"><skipped message="Suite splitting in effect" type="pytest.skip">src/pymortests/affine_grid.py:216: Suite splitting in effect</skipped></testcase><testcase classname="src.pymortests.affine_grid" file="src/pymortests/affine_grid.py" line="216" name="test_centers_values[&lt;lambda&gt;24]" time="0.0006730556488037109"><skipped message="Suite splitting in effect" type="pytest.skip">src/pymortests/affine_grid.py:216: Suite splitting in effect</skipped></testcase><testcase classname="src.pymortests.affine_grid" file="src/pymortests/affine_grid.py" line="216" name="test_centers_values[&lt;lambda&gt;25]" time="0.0004086494445800781"><skipped message="Suite splitting in effect" type="pytest.skip">src/pymortests/affine_grid.py:216: Suite splitting in effect</skipped></testcase><testcase classname="src.pymortests.affine_grid" file="src/pymortests/affine_grid.py" line="216" name="test_centers_values[&lt;lambda&gt;26]" time="0.0003886222839355469"><skipped message="Suite splitting in effect" type="pytest.skip">src/pymortests/affine_grid.py:216: Suite splitting in effect</skipped></testcase><testcase classname="src.pymortests.affine_grid" file="src/pymortests/affine_grid.py" line="216" name="test_centers_values[&lt;lambda&gt;27]" time="0.0004131793975830078"><skipped message="Suite splitting in effect" type="pytest.skip">src/pymortests/affine_grid.py:216: Suite splitting in effect</skipped></testcase><testcase classname="src.pymortests.affine_grid" file="src/pymortests/affine_grid.py" line="216" name="test_centers_values[&lt;lambda&gt;28]" time="0.00039267539978027344"><skipped message="Suite splitting in effect" type="pytest.skip">src/pymortests/affine_grid.py:216: Suite splitting in effect</skipped></testcase><testcase classname="src.pymortests.affine_grid" file="src/pymortests/affine_grid.py" line="216" name="test_centers_values[&lt;lambda&gt;29]" time="0.00040912628173828125"><skipped message="Suite splitting in effect" type="pytest.skip">src/pymortests/affine_grid.py:216: Suite splitting in effect</skipped></testcase><testcase classname="src.pymortests.affine_grid" file="src/pymortests/affine_grid.py" line="216" name="test_centers_values[&lt;lambda&gt;30]" time="0.0004131793975830078"><skipped message="Suite splitting in effect" type="pytest.skip">src/pymortests/affine_grid.py:216: Suite splitting in effect</skipped></testcase><testcase classname="src.pymortests.affine_grid" file="src/pymortests/affine_grid.py" line="216" name="test_centers_values[&lt;lambda&gt;31]" time="0.0003924369812011719"><skipped message="Suite splitting in effect" type="pytest.skip">src/pymortests/affine_grid.py:216: Suite splitting in effect</skipped></testcase><testcase classname="src.pymortests.affine_grid" file="src/pymortests/affine_grid.py" line="216" name="test_centers_values[&lt;lambda&gt;32]" time="0.0006694793701171875"><skipped message="Suite splitting in effect" type="pytest.skip">src/pymortests/affine_grid.py:216: Suite splitting in effect</skipped></testcase><testcase classname="src.pymortests.affine_grid" file="src/pymortests/affine_grid.py" line="216" name="test_centers_values[&lt;lambda&gt;33]" time="0.0004189014434814453"><skipped message="Suite splitting in effect" type="pytest.skip">src/pymortests/affine_grid.py:216: Suite splitting in effect</skipped></testcase><testcase classname="src.pymortests.affine_grid" file="src/pymortests/affine_grid.py" line="216" name="test_centers_values[&lt;lambda&gt;34]" time="0.00043320655822753906"><skipped message="Suite splitting in effect" type="pytest.skip">src/pymortests/affine_grid.py:216: Suite splitting in effect</skipped></testcase><testcase classname="src.pymortests.affine_grid" file="src/pymortests/affine_grid.py" line="216" name="test_centers_values[&lt;lambda&gt;35]" time="0.00038814544677734375"><skipped message="Suite splitting in effect" type="pytest.skip">src/pymortests/affine_grid.py:216: Suite splitting in effect</skipped></testcase><testcase classname="src.pymortests.affine_grid" file="src/pymortests/affine_grid.py" line="216" name="test_centers_values[&lt;lambda&gt;36]" time="0.0003898143768310547"><skipped message="Suite splitting in effect" type="pytest.skip">src/pymortests/affine_grid.py:216: Suite splitting in effect</skipped></testcase><testcase classname="src.pymortests.affine_grid" file="src/pymortests/affine_grid.py" line="216" name="test_centers_values[&lt;lambda&gt;37]" time="0.00040531158447265625"><skipped message="Suite splitting in effect" type="pytest.skip">src/pymortests/affine_grid.py:216: Suite splitting in effect</skipped></testcase><testcase classname="src.pymortests.affine_grid" file="src/pymortests/affine_grid.py" line="216" name="test_centers_values[&lt;lambda&gt;38]" time="0.0004131793975830078"><skipped message="Suite splitting in effect" type="pytest.skip">src/pymortests/affine_grid.py:216: Suite splitting in effect</skipped></testcase><testcase classname="src.pymortests.affine_grid" file="src/pymortests/affine_grid.py" line="216" name="test_centers_values[&lt;lambda&gt;39]" time="0.0004184246063232422"><skipped message="Suite splitting in effect" type="pytest.skip">src/pymortests/affine_grid.py:216: Suite splitting in effect</skipped></testcase><testcase classname="src.pymortests.affine_grid" file="src/pymortests/affine_grid.py" line="216" name="test_centers_values[&lt;lambda&gt;40]" time="0.0006930828094482422"><skipped message="Suite splitting in effect" type="pytest.skip">src/pymortests/affine_grid.py:216: Suite splitting in effect</skipped></testcase><testcase classname="src.pymortests.affine_grid" file="src/pymortests/affine_grid.py" line="216" name="test_centers_values[&lt;lambda&gt;41]" time="0.0003910064697265625"><skipped message="Suite splitting in effect" type="pytest.skip">src/pymortests/affine_grid.py:216: Suite splitting in effect</skipped></testcase><testcase classname="src.pymortests.affine_grid" file="src/pymortests/affine_grid.py" line="216" name="test_centers_values[&lt;lambda&gt;42]" time="0.00041675567626953125"><skipped message="Suite splitting in effect" type="pytest.skip">src/pymortests/affine_grid.py:216: Suite splitting in effect</skipped></testcase><testcase classname="src.pymortests.affine_grid" file="src/pymortests/affine_grid.py" line="223" name="test_diameters_wrong_arguments[&lt;lambda&gt;0]" time="0.00041294097900390625"><skipped message="Suite splitting in effect" type="pytest.skip">src/pymortests/affine_grid.py:223: Suite splitting in effect</skipped></testcase><testcase classname="src.pymortests.affine_grid" file="src/pymortests/affine_grid.py" line="223" name="test_diameters_wrong_arguments[&lt;lambda&gt;1]" time="0.0003955364227294922"><skipped message="Suite splitting in effect" type="pytest.skip">src/pymortests/affine_grid.py:223: Suite splitting in effect</skipped></testcase><testcase classname="src.pymortests.affine_grid" file="src/pymortests/affine_grid.py" line="223" name="test_diameters_wrong_arguments[&lt;lambda&gt;2]" time="0.0003952980041503906"><skipped message="Suite splitting in effect" type="pytest.skip">src/pymortests/affine_grid.py:223: Suite splitting in effect</skipped></testcase><testcase classname="src.pymortests.affine_grid" file="src/pymortests/affine_grid.py" line="223" name="test_diameters_wrong_arguments[&lt;lambda&gt;3]" time="0.0004208087921142578"><skipped message="Suite splitting in effect" type="pytest.skip">src/pymortests/affine_grid.py:223: Suite splitting in effect</skipped></testcase><testcase classname="src.pymortests.affine_grid" file="src/pymortests/affine_grid.py" line="223" name="test_diameters_wrong_arguments[&lt;lambda&gt;4]" time="0.00042247772216796875"><skipped message="Suite splitting in effect" type="pytest.skip">src/pymortests/affine_grid.py:223: Suite splitting in effect</skipped></testcase><testcase classname="src.pymortests.affine_grid" file="src/pymortests/affine_grid.py" line="223" name="test_diameters_wrong_arguments[&lt;lambda&gt;5]" time="0.0008766651153564453"><skipped message="Suite splitting in effect" type="pytest.skip">src/pymortests/affine_grid.py:223: Suite splitting in effect</skipped></testcase><testcase classname="src.pymortests.affine_grid" file="src/pymortests/affine_grid.py" line="223" name="test_diameters_wrong_arguments[&lt;lambda&gt;6]" time="0.0004162788391113281"><skipped message="Suite splitting in effect" type="pytest.skip">src/pymortests/affine_grid.py:223: Suite splitting in effect</skipped></testcase><testcase classname="src.pymortests.affine_grid" file="src/pymortests/affine_grid.py" line="223" name="test_diameters_wrong_arguments[&lt;lambda&gt;7]" time="0.0003838539123535156"><skipped message="Suite splitting in effect" type="pytest.skip">src/pymortests/affine_grid.py:223: Suite splitting in effect</skipped></testcase><testcase classname="src.pymortests.affine_grid" file="src/pymortests/affine_grid.py" line="223" name="test_diameters_wrong_arguments[&lt;lambda&gt;8]" time="0.00040650367736816406"><skipped message="Suite splitting in effect" type="pytest.skip">src/pymortests/affine_grid.py:223: Suite splitting in effect</skipped></testcase><testcase classname="src.pymortests.affine_grid" file="src/pymortests/affine_grid.py" line="223" name="test_diameters_wrong_arguments[&lt;lambda&gt;9]" time="0.0003871917724609375"><skipped message="Suite splitting in effect" type="pytest.skip">src/pymortests/affine_grid.py:223: Suite splitting in effect</skipped></testcase><testcase classname="src.pymortests.affine_grid" file="src/pymortests/affine_grid.py" line="223" name="test_diameters_wrong_arguments[&lt;lambda&gt;10]" time="0.0004134178161621094"><skipped message="Suite splitting in effect" type="pytest.skip">src/pymortests/affine_grid.py:223: Suite splitting in effect</skipped></testcase><testcase classname="src.pymortests.affine_grid" file="src/pymortests/affine_grid.py" line="223" name="test_diameters_wrong_arguments[&lt;lambda&gt;11]" time="0.0004086494445800781"><skipped message="Suite splitting in effect" type="pytest.skip">src/pymortests/affine_grid.py:223: Suite splitting in effect</skipped></testcase><testcase classname="src.pymortests.affine_grid" file="src/pymortests/affine_grid.py" line="223" name="test_diameters_wrong_arguments[&lt;lambda&gt;12]" time="0.0004074573516845703"><skipped message="Suite splitting in effect" type="pytest.skip">src/pymortests/affine_grid.py:223: Suite splitting in effect</skipped></testcase><testcase classname="src.pymortests.affine_grid" file="src/pymortests/affine_grid.py" line="223" name="test_diameters_wrong_arguments[&lt;lambda&gt;13]" time="0.0006716251373291016"><skipped message="Suite splitting in effect" type="pytest.skip">src/pymortests/affine_grid.py:223: Suite splitting in effect</skipped></testcase><testcase classname="src.pymortests.affine_grid" file="src/pymortests/affine_grid.py" line="223" name="test_diameters_wrong_arguments[&lt;lambda&gt;14]" time="0.0004146099090576172"><skipped message="Suite splitting in effect" type="pytest.skip">src/pymortests/affine_grid.py:223: Suite splitting in effect</skipped></testcase><testcase classname="src.pymortests.affine_grid" file="src/pymortests/affine_grid.py" line="223" name="test_diameters_wrong_arguments[&lt;lambda&gt;15]" time="0.0004115104675292969"><skipped message="Suite splitting in effect" type="pytest.skip">src/pymortests/affine_grid.py:223: Suite splitting in effect</skipped></testcase><testcase classname="src.pymortests.affine_grid" file="src/pymortests/affine_grid.py" line="223" name="test_diameters_wrong_arguments[&lt;lambda&gt;16]" time="0.0003981590270996094"><skipped message="Suite splitting in effect" type="pytest.skip">src/pymortests/affine_grid.py:223: Suite splitting in effect</skipped></testcase><testcase classname="src.pymortests.affine_grid" file="src/pymortests/affine_grid.py" line="223" name="test_diameters_wrong_arguments[&lt;lambda&gt;17]" time="0.00038695335388183594"><skipped message="Suite splitting in effect" type="pytest.skip">src/pymortests/affine_grid.py:223: Suite splitting in effect</skipped></testcase><testcase classname="src.pymortests.affine_grid" file="src/pymortests/affine_grid.py" line="223" name="test_diameters_wrong_arguments[&lt;lambda&gt;18]" time="0.0003864765167236328"><skipped message="Suite splitting in effect" type="pytest.skip">src/pymortests/affine_grid.py:223: Suite splitting in effect</skipped></testcase><testcase classname="src.pymortests.affine_grid" file="src/pymortests/affine_grid.py" line="223" name="test_diameters_wrong_arguments[&lt;lambda&gt;19]" time="0.0004131793975830078"><skipped message="Suite splitting in effect" type="pytest.skip">src/pymortests/affine_grid.py:223: Suite splitting in effect</skipped></testcase><testcase classname="src.pymortests.affine_grid" file="src/pymortests/affine_grid.py" line="223" name="test_diameters_wrong_arguments[&lt;lambda&gt;20]" time="0.00041484832763671875"><skipped message="Suite splitting in effect" type="pytest.skip">src/pymortests/affine_grid.py:223: Suite splitting in effect</skipped></testcase><testcase classname="src.pymortests.affine_grid" file="src/pymortests/affine_grid.py" line="223" name="test_diameters_wrong_arguments[&lt;lambda&gt;21]" time="0.0006601810455322266"><skipped message="Suite splitting in effect" type="pytest.skip">src/pymortests/affine_grid.py:223: Suite splitting in effect</skipped></testcase><testcase classname="src.pymortests.affine_grid" file="src/pymortests/affine_grid.py" line="223" name="test_diameters_wrong_arguments[&lt;lambda&gt;22]" time="0.00040435791015625"><skipped message="Suite splitting in effect" type="pytest.skip">src/pymortests/affine_grid.py:223: Suite splitting in effect</skipped></testcase><testcase classname="src.pymortests.affine_grid" file="src/pymortests/affine_grid.py" line="223" name="test_diameters_wrong_arguments[&lt;lambda&gt;23]" time="0.0003857612609863281"><skipped message="Suite splitting in effect" type="pytest.skip">src/pymortests/affine_grid.py:223: Suite splitting in effect</skipped></testcase><testcase classname="src.pymortests.affine_grid" file="src/pymortests/affine_grid.py" line="223" name="test_diameters_wrong_arguments[&lt;lambda&gt;24]" time="0.0003879070281982422"><skipped message="Suite splitting in effect" type="pytest.skip">src/pymortests/affine_grid.py:223: Suite splitting in effect</skipped></testcase><testcase classname="src.pymortests.affine_grid" file="src/pymortests/affine_grid.py" line="223" name="test_diameters_wrong_arguments[&lt;lambda&gt;25]" time="0.0003941059112548828"><skipped message="Suite splitting in effect" type="pytest.skip">src/pymortests/affine_grid.py:223: Suite splitting in effect</skipped></testcase><testcase classname="src.pymortests.affine_grid" file="src/pymortests/affine_grid.py" line="223" name="test_diameters_wrong_arguments[&lt;lambda&gt;26]" time="0.0003883838653564453"><skipped message="Suite splitting in effect" type="pytest.skip">src/pymortests/affine_grid.py:223: Suite splitting in effect</skipped></testcase><testcase classname="src.pymortests.affine_grid" file="src/pymortests/affine_grid.py" line="223" name="test_diameters_wrong_arguments[&lt;lambda&gt;27]" time="0.000385284423828125"><skipped message="Suite splitting in effect" type="pytest.skip">src/pymortests/affine_grid.py:223: Suite splitting in effect</skipped></testcase><testcase classname="src.pymortests.affine_grid" file="src/pymortests/affine_grid.py" line="223" name="test_diameters_wrong_arguments[&lt;lambda&gt;28]" time="0.00039124488830566406"><skipped message="Suite splitting in effect" type="pytest.skip">src/pymortests/affine_grid.py:223: Suite splitting in effect</skipped></testcase><testcase classname="src.pymortests.affine_grid" file="src/pymortests/affine_grid.py" line="223" name="test_diameters_wrong_arguments[&lt;lambda&gt;29]" time="0.0006499290466308594"><skipped message="Suite splitting in effect" type="pytest.skip">src/pymortests/affine_grid.py:223: Suite splitting in effect</skipped></testcase><testcase classname="src.pymortests.affine_grid" file="src/pymortests/affine_grid.py" line="223" name="test_diameters_wrong_arguments[&lt;lambda&gt;30]" time="0.0004019737243652344"><skipped message="Suite splitting in effect" type="pytest.skip">src/pymortests/affine_grid.py:223: Suite splitting in effect</skipped></testcase><testcase classname="src.pymortests.affine_grid" file="src/pymortests/affine_grid.py" line="223" name="test_diameters_wrong_arguments[&lt;lambda&gt;31]" time="0.00041174888610839844"><skipped message="Suite splitting in effect" type="pytest.skip">src/pymortests/affine_grid.py:223: Suite splitting in effect</skipped></testcase><testcase classname="src.pymortests.affine_grid" file="src/pymortests/affine_grid.py" line="223" name="test_diameters_wrong_arguments[&lt;lambda&gt;32]" time="0.0004189014434814453"><skipped message="Suite splitting in effect" type="pytest.skip">src/pymortests/affine_grid.py:223: Suite splitting in effect</skipped></testcase><testcase classname="src.pymortests.affine_grid" file="src/pymortests/affine_grid.py" line="223" name="test_diameters_wrong_arguments[&lt;lambda&gt;33]" time="0.00040793418884277344"><skipped message="Suite splitting in effect" type="pytest.skip">src/pymortests/affine_grid.py:223: Suite splitting in effect</skipped></testcase><testcase classname="src.pymortests.affine_grid" file="src/pymortests/affine_grid.py" line="223" name="test_diameters_wrong_arguments[&lt;lambda&gt;34]" time="0.0003864765167236328"><skipped message="Suite splitting in effect" type="pytest.skip">src/pymortests/affine_grid.py:223: Suite splitting in effect</skipped></testcase><testcase classname="src.pymortests.affine_grid" file="src/pymortests/affine_grid.py" line="223" name="test_diameters_wrong_arguments[&lt;lambda&gt;35]" time="0.0003883838653564453"><skipped message="Suite splitting in effect" type="pytest.skip">src/pymortests/affine_grid.py:223: Suite splitting in effect</skipped></testcase><testcase classname="src.pymortests.affine_grid" file="src/pymortests/affine_grid.py" line="223" name="test_diameters_wrong_arguments[&lt;lambda&gt;36]" time="0.0003910064697265625"><skipped message="Suite splitting in effect" type="pytest.skip">src/pymortests/affine_grid.py:223: Suite splitting in effect</skipped></testcase><testcase classname="src.pymortests.affine_grid" file="src/pymortests/affine_grid.py" line="223" name="test_diameters_wrong_arguments[&lt;lambda&gt;37]" time="0.0007054805755615234"><skipped message="Suite splitting in effect" type="pytest.skip">src/pymortests/affine_grid.py:223: Suite splitting in effect</skipped></testcase><testcase classname="src.pymortests.affine_grid" file="src/pymortests/affine_grid.py" line="223" name="test_diameters_wrong_arguments[&lt;lambda&gt;38]" time="0.0004127025604248047"><skipped message="Suite splitting in effect" type="pytest.skip">src/pymortests/affine_grid.py:223: Suite splitting in effect</skipped></testcase><testcase classname="src.pymortests.affine_grid" file="src/pymortests/affine_grid.py" line="223" name="test_diameters_wrong_arguments[&lt;lambda&gt;39]" time="0.0003867149353027344"><skipped message="Suite splitting in effect" type="pytest.skip">src/pymortests/affine_grid.py:223: Suite splitting in effect</skipped></testcase><testcase classname="src.pymortests.affine_grid" file="src/pymortests/affine_grid.py" line="223" name="test_diameters_wrong_arguments[&lt;lambda&gt;40]" time="0.0003829002380371094"><skipped message="Suite splitting in effect" type="pytest.skip">src/pymortests/affine_grid.py:223: Suite splitting in effect</skipped></testcase><testcase classname="src.pymortests.affine_grid" file="src/pymortests/affine_grid.py" line="223" name="test_diameters_wrong_arguments[&lt;lambda&gt;41]" time="0.00043082237243652344"><skipped message="Suite splitting in effect" type="pytest.skip">src/pymortests/affine_grid.py:223: Suite splitting in effect</skipped></testcase><testcase classname="src.pymortests.affine_grid" file="src/pymortests/affine_grid.py" line="223" name="test_diameters_wrong_arguments[&lt;lambda&gt;42]" time="0.0003826618194580078"><skipped message="Suite splitting in effect" type="pytest.skip">src/pymortests/affine_grid.py:223: Suite splitting in effect</skipped></testcase><testcase classname="src.pymortests.affine_grid" file="src/pymortests/affine_grid.py" line="231" name="test_diameters_shape[&lt;lambda&gt;0]" time="0.00042057037353515625"><skipped message="Suite splitting in effect" type="pytest.skip">src/pymortests/affine_grid.py:231: Suite splitting in effect</skipped></testcase><testcase classname="src.pymortests.affine_grid" file="src/pymortests/affine_grid.py" line="231" name="test_diameters_shape[&lt;lambda&gt;1]" time="0.0004153251647949219"><skipped message="Suite splitting in effect" type="pytest.skip">src/pymortests/affine_grid.py:231: Suite splitting in effect</skipped></testcase><testcase classname="src.pymortests.affine_grid" file="src/pymortests/affine_grid.py" line="231" name="test_diameters_shape[&lt;lambda&gt;2]" time="0.001009225845336914"><skipped message="Suite splitting in effect" type="pytest.skip">src/pymortests/affine_grid.py:231: Suite splitting in effect</skipped></testcase><testcase classname="src.pymortests.affine_grid" file="src/pymortests/affine_grid.py" line="231" name="test_diameters_shape[&lt;lambda&gt;3]" time="0.0004355907440185547"><skipped message="Suite splitting in effect" type="pytest.skip">src/pymortests/affine_grid.py:231: Suite splitting in effect</skipped></testcase><testcase classname="src.pymortests.affine_grid" file="src/pymortests/affine_grid.py" line="231" name="test_diameters_shape[&lt;lambda&gt;4]" time="0.00041103363037109375"><skipped message="Suite splitting in effect" type="pytest.skip">src/pymortests/affine_grid.py:231: Suite splitting in effect</skipped></testcase><testcase classname="src.pymortests.affine_grid" file="src/pymortests/affine_grid.py" line="231" name="test_diameters_shape[&lt;lambda&gt;5]" time="0.0004131793975830078"><skipped message="Suite splitting in effect" type="pytest.skip">src/pymortests/affine_grid.py:231: Suite splitting in effect</skipped></testcase><testcase classname="src.pymortests.affine_grid" file="src/pymortests/affine_grid.py" line="231" name="test_diameters_shape[&lt;lambda&gt;6]" time="0.0004096031188964844"><skipped message="Suite splitting in effect" type="pytest.skip">src/pymortests/affine_grid.py:231: Suite splitting in effect</skipped></testcase><testcase classname="src.pymortests.affine_grid" file="src/pymortests/affine_grid.py" line="231" name="test_diameters_shape[&lt;lambda&gt;7]" time="0.00038933753967285156"><skipped message="Suite splitting in effect" type="pytest.skip">src/pymortests/affine_grid.py:231: Suite splitting in effect</skipped></testcase><testcase classname="src.pymortests.affine_grid" file="src/pymortests/affine_grid.py" line="231" name="test_diameters_shape[&lt;lambda&gt;8]" time="0.00040030479431152344"><skipped message="Suite splitting in effect" type="pytest.skip">src/pymortests/affine_grid.py:231: Suite splitting in effect</skipped></testcase><testcase classname="src.pymortests.affine_grid" file="src/pymortests/affine_grid.py" line="231" name="test_diameters_shape[&lt;lambda&gt;9]" time="0.00040721893310546875"><skipped message="Suite splitting in effect" type="pytest.skip">src/pymortests/affine_grid.py:231: Suite splitting in effect</skipped></testcase><testcase classname="src.pymortests.affine_grid" file="src/pymortests/affine_grid.py" line="231" name="test_diameters_shape[&lt;lambda&gt;10]" time="0.0006854534149169922"><skipped message="Suite splitting in effect" type="pytest.skip">src/pymortests/affine_grid.py:231: Suite splitting in effect</skipped></testcase><testcase classname="src.pymortests.affine_grid" file="src/pymortests/affine_grid.py" line="231" name="test_diameters_shape[&lt;lambda&gt;11]" time="0.0003914833068847656"><skipped message="Suite splitting in effect" type="pytest.skip">src/pymortests/affine_grid.py:231: Suite splitting in effect</skipped></testcase><testcase classname="src.pymortests.affine_grid" file="src/pymortests/affine_grid.py" line="231" name="test_diameters_shape[&lt;lambda&gt;12]" time="0.0003867149353027344"><skipped message="Suite splitting in effect" type="pytest.skip">src/pymortests/affine_grid.py:231: Suite splitting in effect</skipped></testcase><testcase classname="src.pymortests.affine_grid" file="src/pymortests/affine_grid.py" line="231" name="test_diameters_shape[&lt;lambda&gt;13]" time="0.0004112720489501953"><skipped message="Suite splitting in effect" type="pytest.skip">src/pymortests/affine_grid.py:231: Suite splitting in effect</skipped></testcase><testcase classname="src.pymortests.affine_grid" file="src/pymortests/affine_grid.py" line="231" name="test_diameters_shape[&lt;lambda&gt;14]" time="0.00041294097900390625"><skipped message="Suite splitting in effect" type="pytest.skip">src/pymortests/affine_grid.py:231: Suite splitting in effect</skipped></testcase><testcase classname="src.pymortests.affine_grid" file="src/pymortests/affine_grid.py" line="231" name="test_diameters_shape[&lt;lambda&gt;15]" time="0.00041031837463378906"><skipped message="Suite splitting in effect" type="pytest.skip">src/pymortests/affine_grid.py:231: Suite splitting in effect</skipped></testcase><testcase classname="src.pymortests.affine_grid" file="src/pymortests/affine_grid.py" line="231" name="test_diameters_shape[&lt;lambda&gt;16]" time="0.00040793418884277344"><skipped message="Suite splitting in effect" type="pytest.skip">src/pymortests/affine_grid.py:231: Suite splitting in effect</skipped></testcase><testcase classname="src.pymortests.affine_grid" file="src/pymortests/affine_grid.py" line="231" name="test_diameters_shape[&lt;lambda&gt;17]" time="0.0004258155822753906"><skipped message="Suite splitting in effect" type="pytest.skip">src/pymortests/affine_grid.py:231: Suite splitting in effect</skipped></testcase><testcase classname="src.pymortests.affine_grid" file="src/pymortests/affine_grid.py" line="231" name="test_diameters_shape[&lt;lambda&gt;18]" time="0.0006697177886962891"><skipped message="Suite splitting in effect" type="pytest.skip">src/pymortests/affine_grid.py:231: Suite splitting in effect</skipped></testcase><testcase classname="src.pymortests.affine_grid" file="src/pymortests/affine_grid.py" line="231" name="test_diameters_shape[&lt;lambda&gt;19]" time="0.000408172607421875"><skipped message="Suite splitting in effect" type="pytest.skip">src/pymortests/affine_grid.py:231: Suite splitting in effect</skipped></testcase><testcase classname="src.pymortests.affine_grid" file="src/pymortests/affine_grid.py" line="231" name="test_diameters_shape[&lt;lambda&gt;20]" time="0.0003921985626220703"><skipped message="Suite splitting in effect" type="pytest.skip">src/pymortests/affine_grid.py:231: Suite splitting in effect</skipped></testcase><testcase classname="src.pymortests.affine_grid" file="src/pymortests/affine_grid.py" line="231" name="test_diameters_shape[&lt;lambda&gt;21]" time="0.0003840923309326172"><skipped message="Suite splitting in effect" type="pytest.skip">src/pymortests/affine_grid.py:231: Suite splitting in effect</skipped></testcase><testcase classname="src.pymortests.affine_grid" file="src/pymortests/affine_grid.py" line="231" name="test_diameters_shape[&lt;lambda&gt;22]" time="0.0004210472106933594"><skipped message="Suite splitting in effect" type="pytest.skip">src/pymortests/affine_grid.py:231: Suite splitting in effect</skipped></testcase><testcase classname="src.pymortests.affine_grid" file="src/pymortests/affine_grid.py" line="231" name="test_diameters_shape[&lt;lambda&gt;23]" time="0.0004096031188964844"><skipped message="Suite splitting in effect" type="pytest.skip">src/pymortests/affine_grid.py:231: Suite splitting in effect</skipped></testcase><testcase classname="src.pymortests.affine_grid" file="src/pymortests/affine_grid.py" line="231" name="test_diameters_shape[&lt;lambda&gt;24]" time="0.0004131793975830078"><skipped message="Suite splitting in effect" type="pytest.skip">src/pymortests/affine_grid.py:231: Suite splitting in effect</skipped></testcase><testcase classname="src.pymortests.affine_grid" file="src/pymortests/affine_grid.py" line="231" name="test_diameters_shape[&lt;lambda&gt;25]" time="0.00041985511779785156"><skipped message="Suite splitting in effect" type="pytest.skip">src/pymortests/affine_grid.py:231: Suite splitting in effect</skipped></testcase><testcase classname="src.pymortests.affine_grid" file="src/pymortests/affine_grid.py" line="231" name="test_diameters_shape[&lt;lambda&gt;26]" time="0.0006482601165771484"><skipped message="Suite splitting in effect" type="pytest.skip">src/pymortests/affine_grid.py:231: Suite splitting in effect</skipped></testcase><testcase classname="src.pymortests.affine_grid" file="src/pymortests/affine_grid.py" line="231" name="test_diameters_shape[&lt;lambda&gt;27]" time="0.00038695335388183594"><skipped message="Suite splitting in effect" type="pytest.skip">src/pymortests/affine_grid.py:231: Suite splitting in effect</skipped></testcase><testcase classname="src.pymortests.affine_grid" file="src/pymortests/affine_grid.py" line="231" name="test_diameters_shape[&lt;lambda&gt;28]" time="0.0003986358642578125"><skipped message="Suite splitting in effect" type="pytest.skip">src/pymortests/affine_grid.py:231: Suite splitting in effect</skipped></testcase><testcase classname="src.pymortests.affine_grid" file="src/pymortests/affine_grid.py" line="231" name="test_diameters_shape[&lt;lambda&gt;29]" time="0.00038743019104003906"><skipped message="Suite splitting in effect" type="pytest.skip">src/pymortests/affine_grid.py:231: Suite splitting in effect</skipped></testcase><testcase classname="src.pymortests.affine_grid" file="src/pymortests/affine_grid.py" line="231" name="test_diameters_shape[&lt;lambda&gt;30]" time="0.0004093647003173828"><skipped message="Suite splitting in effect" type="pytest.skip">src/pymortests/affine_grid.py:231: Suite splitting in effect</skipped></testcase><testcase classname="src.pymortests.affine_grid" file="src/pymortests/affine_grid.py" line="231" name="test_diameters_shape[&lt;lambda&gt;31]" time="0.00040435791015625"><skipped message="Suite splitting in effect" type="pytest.skip">src/pymortests/affine_grid.py:231: Suite splitting in effect</skipped></testcase><testcase classname="src.pymortests.affine_grid" file="src/pymortests/affine_grid.py" line="231" name="test_diameters_shape[&lt;lambda&gt;32]" time="0.0003921985626220703"><skipped message="Suite splitting in effect" type="pytest.skip">src/pymortests/affine_grid.py:231: Suite splitting in effect</skipped></testcase><testcase classname="src.pymortests.affine_grid" file="src/pymortests/affine_grid.py" line="231" name="test_diameters_shape[&lt;lambda&gt;33]" time="0.00043272972106933594"><skipped message="Suite splitting in effect" type="pytest.skip">src/pymortests/affine_grid.py:231: Suite splitting in effect</skipped></testcase><testcase classname="src.pymortests.affine_grid" file="src/pymortests/affine_grid.py" line="231" name="test_diameters_shape[&lt;lambda&gt;34]" time="0.0007193088531494141"><skipped message="Suite splitting in effect" type="pytest.skip">src/pymortests/affine_grid.py:231: Suite splitting in effect</skipped></testcase><testcase classname="src.pymortests.affine_grid" file="src/pymortests/affine_grid.py" line="231" name="test_diameters_shape[&lt;lambda&gt;35]" time="0.0003955364227294922"><skipped message="Suite splitting in effect" type="pytest.skip">src/pymortests/affine_grid.py:231: Suite splitting in effect</skipped></testcase><testcase classname="src.pymortests.affine_grid" file="src/pymortests/affine_grid.py" line="231" name="test_diameters_shape[&lt;lambda&gt;36]" time="0.0004754066467285156"><skipped message="Suite splitting in effect" type="pytest.skip">src/pymortests/affine_grid.py:231: Suite splitting in effect</skipped></testcase><testcase classname="src.pymortests.affine_grid" file="src/pymortests/affine_grid.py" line="231" name="test_diameters_shape[&lt;lambda&gt;37]" time="0.0003960132598876953"><skipped message="Suite splitting in effect" type="pytest.skip">src/pymortests/affine_grid.py:231: Suite splitting in effect</skipped></testcase><testcase classname="src.pymortests.affine_grid" file="src/pymortests/affine_grid.py" line="231" name="test_diameters_shape[&lt;lambda&gt;38]" time="0.0003936290740966797"><skipped message="Suite splitting in effect" type="pytest.skip">src/pymortests/affine_grid.py:231: Suite splitting in effect</skipped></testcase><testcase classname="src.pymortests.affine_grid" file="src/pymortests/affine_grid.py" line="231" name="test_diameters_shape[&lt;lambda&gt;39]" time="0.0003941059112548828"><skipped message="Suite splitting in effect" type="pytest.skip">src/pymortests/affine_grid.py:231: Suite splitting in effect</skipped></testcase><testcase classname="src.pymortests.affine_grid" file="src/pymortests/affine_grid.py" line="231" name="test_diameters_shape[&lt;lambda&gt;40]" time="0.000408172607421875"><skipped message="Suite splitting in effect" type="pytest.skip">src/pymortests/affine_grid.py:231: Suite splitting in effect</skipped></testcase><testcase classname="src.pymortests.affine_grid" file="src/pymortests/affine_grid.py" line="231" name="test_diameters_shape[&lt;lambda&gt;41]" time="0.00040841102600097656"><skipped message="Suite splitting in effect" type="pytest.skip">src/pymortests/affine_grid.py:231: Suite splitting in effect</skipped></testcase><testcase classname="src.pymortests.affine_grid" file="src/pymortests/affine_grid.py" line="231" name="test_diameters_shape[&lt;lambda&gt;42]" time="0.0006809234619140625"><skipped message="Suite splitting in effect" type="pytest.skip">src/pymortests/affine_grid.py:231: Suite splitting in effect</skipped></testcase><testcase classname="src.pymortests.affine_grid" file="src/pymortests/affine_grid.py" line="237" name="test_diameters_non_negative[&lt;lambda&gt;0]" time="0.00043010711669921875"><skipped message="Suite splitting in effect" type="pytest.skip">src/pymortests/affine_grid.py:237: Suite splitting in effect</skipped></testcase><testcase classname="src.pymortests.affine_grid" file="src/pymortests/affine_grid.py" line="237" name="test_diameters_non_negative[&lt;lambda&gt;1]" time="0.00038695335388183594"><skipped message="Suite splitting in effect" type="pytest.skip">src/pymortests/affine_grid.py:237: Suite splitting in effect</skipped></testcase><testcase classname="src.pymortests.affine_grid" file="src/pymortests/affine_grid.py" line="237" name="test_diameters_non_negative[&lt;lambda&gt;2]" time="0.00038552284240722656"><skipped message="Suite splitting in effect" type="pytest.skip">src/pymortests/affine_grid.py:237: Suite splitting in effect</skipped></testcase><testcase classname="src.pymortests.affine_grid" file="src/pymortests/affine_grid.py" line="237" name="test_diameters_non_negative[&lt;lambda&gt;3]" time="0.0003871917724609375"><skipped message="Suite splitting in effect" type="pytest.skip">src/pymortests/affine_grid.py:237: Suite splitting in effect</skipped></testcase><testcase classname="src.pymortests.affine_grid" file="src/pymortests/affine_grid.py" line="237" name="test_diameters_non_negative[&lt;lambda&gt;4]" time="0.0004763603210449219"><skipped message="Suite splitting in effect" type="pytest.skip">src/pymortests/affine_grid.py:237: Suite splitting in effect</skipped></testcase><testcase classname="src.pymortests.affine_grid" file="src/pymortests/affine_grid.py" line="237" name="test_diameters_non_negative[&lt;lambda&gt;5]" time="0.00039696693420410156"><skipped message="Suite splitting in effect" type="pytest.skip">src/pymortests/affine_grid.py:237: Suite splitting in effect</skipped></testcase><testcase classname="src.pymortests.affine_grid" file="src/pymortests/affine_grid.py" line="237" name="test_diameters_non_negative[&lt;lambda&gt;6]" time="0.0004119873046875"><skipped message="Suite splitting in effect" type="pytest.skip">src/pymortests/affine_grid.py:237: Suite splitting in effect</skipped></testcase><testcase classname="src.pymortests.affine_grid" file="src/pymortests/affine_grid.py" line="237" name="test_diameters_non_negative[&lt;lambda&gt;7]" time="0.0006401538848876953"><skipped message="Suite splitting in effect" type="pytest.skip">src/pymortests/affine_grid.py:237: Suite splitting in effect</skipped></testcase><testcase classname="src.pymortests.affine_grid" file="src/pymortests/affine_grid.py" line="237" name="test_diameters_non_negative[&lt;lambda&gt;8]" time="0.0004172325134277344"><skipped message="Suite splitting in effect" type="pytest.skip">src/pymortests/affine_grid.py:237: Suite splitting in effect</skipped></testcase><testcase classname="src.pymortests.affine_grid" file="src/pymortests/affine_grid.py" line="237" name="test_diameters_non_negative[&lt;lambda&gt;9]" time="0.0004069805145263672"><skipped message="Suite splitting in effect" type="pytest.skip">src/pymortests/affine_grid.py:237: Suite splitting in effect</skipped></testcase><testcase classname="src.pymortests.affine_grid" file="src/pymortests/affine_grid.py" line="237" name="test_diameters_non_negative[&lt;lambda&gt;10]" time="0.00038313865661621094"><skipped message="Suite splitting in effect" type="pytest.skip">src/pymortests/affine_grid.py:237: Suite splitting in effect</skipped></testcase><testcase classname="src.pymortests.affine_grid" file="src/pymortests/affine_grid.py" line="237" name="test_diameters_non_negative[&lt;lambda&gt;11]" time="0.00038313865661621094"><skipped message="Suite splitting in effect" type="pytest.skip">src/pymortests/affine_grid.py:237: Suite splitting in effect</skipped></testcase><testcase classname="src.pymortests.affine_grid" file="src/pymortests/affine_grid.py" line="237" name="test_diameters_non_negative[&lt;lambda&gt;12]" time="0.0004172325134277344"><skipped message="Suite splitting in effect" type="pytest.skip">src/pymortests/affine_grid.py:237: Suite splitting in effect</skipped></testcase><testcase classname="src.pymortests.affine_grid" file="src/pymortests/affine_grid.py" line="237" name="test_diameters_non_negative[&lt;lambda&gt;13]" time="0.0004074573516845703"><skipped message="Suite splitting in effect" type="pytest.skip">src/pymortests/affine_grid.py:237: Suite splitting in effect</skipped></testcase><testcase classname="src.pymortests.affine_grid" file="src/pymortests/affine_grid.py" line="237" name="test_diameters_non_negative[&lt;lambda&gt;14]" time="0.00042247772216796875"><skipped message="Suite splitting in effect" type="pytest.skip">src/pymortests/affine_grid.py:237: Suite splitting in effect</skipped></testcase><testcase classname="src.pymortests.affine_grid" file="src/pymortests/affine_grid.py" line="237" name="test_diameters_non_negative[&lt;lambda&gt;15]" time="0.0009157657623291016"><skipped message="Suite splitting in effect" type="pytest.skip">src/pymortests/affine_grid.py:237: Suite splitting in effect</skipped></testcase><testcase classname="src.pymortests.affine_grid" file="src/pymortests/affine_grid.py" line="237" name="test_diameters_non_negative[&lt;lambda&gt;16]" time="0.000385284423828125"><skipped message="Suite splitting in effect" type="pytest.skip">src/pymortests/affine_grid.py:237: Suite splitting in effect</skipped></testcase><testcase classname="src.pymortests.affine_grid" file="src/pymortests/affine_grid.py" line="237" name="test_diameters_non_negative[&lt;lambda&gt;17]" time="0.00039458274841308594"><skipped message="Suite splitting in effect" type="pytest.skip">src/pymortests/affine_grid.py:237: Suite splitting in effect</skipped></testcase><testcase classname="src.pymortests.affine_grid" file="src/pymortests/affine_grid.py" line="237" name="test_diameters_non_negative[&lt;lambda&gt;18]" time="0.0003883838653564453"><skipped message="Suite splitting in effect" type="pytest.skip">src/pymortests/affine_grid.py:237: Suite splitting in effect</skipped></testcase><testcase classname="src.pymortests.affine_grid" file="src/pymortests/affine_grid.py" line="237" name="test_diameters_non_negative[&lt;lambda&gt;19]" time="0.00041174888610839844"><skipped message="Suite splitting in effect" type="pytest.skip">src/pymortests/affine_grid.py:237: Suite splitting in effect</skipped></testcase><testcase classname="src.pymortests.affine_grid" file="src/pymortests/affine_grid.py" line="237" name="test_diameters_non_negative[&lt;lambda&gt;20]" time="0.00041103363037109375"><skipped message="Suite splitting in effect" type="pytest.skip">src/pymortests/affine_grid.py:237: Suite splitting in effect</skipped></testcase><testcase classname="src.pymortests.affine_grid" file="src/pymortests/affine_grid.py" line="237" name="test_diameters_non_negative[&lt;lambda&gt;21]" time="0.00039005279541015625"><skipped message="Suite splitting in effect" type="pytest.skip">src/pymortests/affine_grid.py:237: Suite splitting in effect</skipped></testcase><testcase classname="src.pymortests.affine_grid" file="src/pymortests/affine_grid.py" line="237" name="test_diameters_non_negative[&lt;lambda&gt;22]" time="0.0003914833068847656"><skipped message="Suite splitting in effect" type="pytest.skip">src/pymortests/affine_grid.py:237: Suite splitting in effect</skipped></testcase><testcase classname="src.pymortests.affine_grid" file="src/pymortests/affine_grid.py" line="237" name="test_diameters_non_negative[&lt;lambda&gt;23]" time="0.0006392002105712891"><skipped message="Suite splitting in effect" type="pytest.skip">src/pymortests/affine_grid.py:237: Suite splitting in effect</skipped></testcase><testcase classname="src.pymortests.affine_grid" file="src/pymortests/affine_grid.py" line="237" name="test_diameters_non_negative[&lt;lambda&gt;24]" time="0.000392913818359375"><skipped message="Suite splitting in effect" type="pytest.skip">src/pymortests/affine_grid.py:237: Suite splitting in effect</skipped></testcase><testcase classname="src.pymortests.affine_grid" file="src/pymortests/affine_grid.py" line="237" name="test_diameters_non_negative[&lt;lambda&gt;25]" time="0.0004010200500488281"><skipped message="Suite splitting in effect" type="pytest.skip">src/pymortests/affine_grid.py:237: Suite splitting in effect</skipped></testcase><testcase classname="src.pymortests.affine_grid" file="src/pymortests/affine_grid.py" line="237" name="test_diameters_non_negative[&lt;lambda&gt;26]" time="0.0005574226379394531"><skipped message="Suite splitting in effect" type="pytest.skip">src/pymortests/affine_grid.py:237: Suite splitting in effect</skipped></testcase><testcase classname="src.pymortests.affine_grid" file="src/pymortests/affine_grid.py" line="237" name="test_diameters_non_negative[&lt;lambda&gt;27]" time="0.0003910064697265625"><skipped message="Suite splitting in effect" type="pytest.skip">src/pymortests/affine_grid.py:237: Suite splitting in effect</skipped></testcase><testcase classname="src.pymortests.affine_grid" file="src/pymortests/affine_grid.py" line="237" name="test_diameters_non_negative[&lt;lambda&gt;28]" time="0.000400543212890625"><skipped message="Suite splitting in effect" type="pytest.skip">src/pymortests/affine_grid.py:237: Suite splitting in effect</skipped></testcase><testcase classname="src.pymortests.affine_grid" file="src/pymortests/affine_grid.py" line="237" name="test_diameters_non_negative[&lt;lambda&gt;29]" time="0.0003857612609863281"><skipped message="Suite splitting in effect" type="pytest.skip">src/pymortests/affine_grid.py:237: Suite splitting in effect</skipped></testcase><testcase classname="src.pymortests.affine_grid" file="src/pymortests/affine_grid.py" line="237" name="test_diameters_non_negative[&lt;lambda&gt;30]" time="0.00041961669921875"><skipped message="Suite splitting in effect" type="pytest.skip">src/pymortests/affine_grid.py:237: Suite splitting in effect</skipped></testcase><testcase classname="src.pymortests.affine_grid" file="src/pymortests/affine_grid.py" line="237" name="test_diameters_non_negative[&lt;lambda&gt;31]" time="0.0006418228149414062"><skipped message="Suite splitting in effect" type="pytest.skip">src/pymortests/affine_grid.py:237: Suite splitting in effect</skipped></testcase><testcase classname="src.pymortests.affine_grid" file="src/pymortests/affine_grid.py" line="237" name="test_diameters_non_negative[&lt;lambda&gt;32]" time="0.0003867149353027344"><skipped message="Suite splitting in effect" type="pytest.skip">src/pymortests/affine_grid.py:237: Suite splitting in effect</skipped></testcase><testcase classname="src.pymortests.affine_grid" file="src/pymortests/affine_grid.py" line="237" name="test_diameters_non_negative[&lt;lambda&gt;33]" time="0.0003883838653564453"><skipped message="Suite splitting in effect" type="pytest.skip">src/pymortests/affine_grid.py:237: Suite splitting in effect</skipped></testcase><testcase classname="src.pymortests.affine_grid" file="src/pymortests/affine_grid.py" line="237" name="test_diameters_non_negative[&lt;lambda&gt;34]" time="0.0004115104675292969"><skipped message="Suite splitting in effect" type="pytest.skip">src/pymortests/affine_grid.py:237: Suite splitting in effect</skipped></testcase><testcase classname="src.pymortests.affine_grid" file="src/pymortests/affine_grid.py" line="237" name="test_diameters_non_negative[&lt;lambda&gt;35]" time="0.0004475116729736328"><skipped message="Suite splitting in effect" type="pytest.skip">src/pymortests/affine_grid.py:237: Suite splitting in effect</skipped></testcase><testcase classname="src.pymortests.affine_grid" file="src/pymortests/affine_grid.py" line="237" name="test_diameters_non_negative[&lt;lambda&gt;36]" time="0.00038743019104003906"><skipped message="Suite splitting in effect" type="pytest.skip">src/pymortests/affine_grid.py:237: Suite splitting in effect</skipped></testcase><testcase classname="src.pymortests.affine_grid" file="src/pymortests/affine_grid.py" line="237" name="test_diameters_non_negative[&lt;lambda&gt;37]" time="0.00039505958557128906"><skipped message="Suite splitting in effect" type="pytest.skip">src/pymortests/affine_grid.py:237: Suite splitting in effect</skipped></testcase><testcase classname="src.pymortests.affine_grid" file="src/pymortests/affine_grid.py" line="237" name="test_diameters_non_negative[&lt;lambda&gt;38]" time="0.0003876686096191406"><skipped message="Suite splitting in effect" type="pytest.skip">src/pymortests/affine_grid.py:237: Suite splitting in effect</skipped></testcase><testcase classname="src.pymortests.affine_grid" file="src/pymortests/affine_grid.py" line="237" name="test_diameters_non_negative[&lt;lambda&gt;39]" time="0.0006866455078125"><skipped message="Suite splitting in effect" type="pytest.skip">src/pymortests/affine_grid.py:237: Suite splitting in effect</skipped></testcase><testcase classname="src.pymortests.affine_grid" file="src/pymortests/affine_grid.py" line="237" name="test_diameters_non_negative[&lt;lambda&gt;40]" time="0.0003871917724609375"><skipped message="Suite splitting in effect" type="pytest.skip">src/pymortests/affine_grid.py:237: Suite splitting in effect</skipped></testcase><testcase classname="src.pymortests.affine_grid" file="src/pymortests/affine_grid.py" line="237" name="test_diameters_non_negative[&lt;lambda&gt;41]" time="0.00038623809814453125"><skipped message="Suite splitting in effect" type="pytest.skip">src/pymortests/affine_grid.py:237: Suite splitting in effect</skipped></testcase><testcase classname="src.pymortests.affine_grid" file="src/pymortests/affine_grid.py" line="237" name="test_diameters_non_negative[&lt;lambda&gt;42]" time="0.0004379749298095703"><skipped message="Suite splitting in effect" type="pytest.skip">src/pymortests/affine_grid.py:237: Suite splitting in effect</skipped></testcase><testcase classname="src.pymortests.affine_grid" file="src/pymortests/affine_grid.py" line="243" name="test_diameters_values[&lt;lambda&gt;0]" time="0.00041484832763671875"><skipped message="Suite splitting in effect" type="pytest.skip">src/pymortests/affine_grid.py:243: Suite splitting in effect</skipped></testcase><testcase classname="src.pymortests.affine_grid" file="src/pymortests/affine_grid.py" line="243" name="test_diameters_values[&lt;lambda&gt;1]" time="0.0004134178161621094"><skipped message="Suite splitting in effect" type="pytest.skip">src/pymortests/affine_grid.py:243: Suite splitting in effect</skipped></testcase><testcase classname="src.pymortests.affine_grid" file="src/pymortests/affine_grid.py" line="243" name="test_diameters_values[&lt;lambda&gt;2]" time="0.0003991127014160156"><skipped message="Suite splitting in effect" type="pytest.skip">src/pymortests/affine_grid.py:243: Suite splitting in effect</skipped></testcase><testcase classname="src.pymortests.affine_grid" file="src/pymortests/affine_grid.py" line="243" name="test_diameters_values[&lt;lambda&gt;3]" time="0.0003941059112548828"><skipped message="Suite splitting in effect" type="pytest.skip">src/pymortests/affine_grid.py:243: Suite splitting in effect</skipped></testcase><testcase classname="src.pymortests.affine_grid" file="src/pymortests/affine_grid.py" line="243" name="test_diameters_values[&lt;lambda&gt;4]" time="0.0006606578826904297"><skipped message="Suite splitting in effect" type="pytest.skip">src/pymortests/affine_grid.py:243: Suite splitting in effect</skipped></testcase><testcase classname="src.pymortests.affine_grid" file="src/pymortests/affine_grid.py" line="243" name="test_diameters_values[&lt;lambda&gt;5]" time="0.0004076957702636719"><skipped message="Suite splitting in effect" type="pytest.skip">src/pymortests/affine_grid.py:243: Suite splitting in effect</skipped></testcase><testcase classname="src.pymortests.affine_grid" file="src/pymortests/affine_grid.py" line="243" name="test_diameters_values[&lt;lambda&gt;6]" time="0.0003955364227294922"><skipped message="Suite splitting in effect" type="pytest.skip">src/pymortests/affine_grid.py:243: Suite splitting in effect</skipped></testcase><testcase classname="src.pymortests.affine_grid" file="src/pymortests/affine_grid.py" line="243" name="test_diameters_values[&lt;lambda&gt;7]" time="0.0003933906555175781"><skipped message="Suite splitting in effect" type="pytest.skip">src/pymortests/affine_grid.py:243: Suite splitting in effect</skipped></testcase><testcase classname="src.pymortests.affine_grid" file="src/pymortests/affine_grid.py" line="243" name="test_diameters_values[&lt;lambda&gt;8]" time="0.00038933753967285156"><skipped message="Suite splitting in effect" type="pytest.skip">src/pymortests/affine_grid.py:243: Suite splitting in effect</skipped></testcase><testcase classname="src.pymortests.affine_grid" file="src/pymortests/affine_grid.py" line="243" name="test_diameters_values[&lt;lambda&gt;9]" time="0.0004127025604248047"><skipped message="Suite splitting in effect" type="pytest.skip">src/pymortests/affine_grid.py:243: Suite splitting in effect</skipped></testcase><testcase classname="src.pymortests.affine_grid" file="src/pymortests/affine_grid.py" line="243" name="test_diameters_values[&lt;lambda&gt;10]" time="0.00040984153747558594"><skipped message="Suite splitting in effect" type="pytest.skip">src/pymortests/affine_grid.py:243: Suite splitting in effect</skipped></testcase><testcase classname="src.pymortests.affine_grid" file="src/pymortests/affine_grid.py" line="243" name="test_diameters_values[&lt;lambda&gt;11]" time="0.0003876686096191406"><skipped message="Suite splitting in effect" type="pytest.skip">src/pymortests/affine_grid.py:243: Suite splitting in effect</skipped></testcase><testcase classname="src.pymortests.affine_grid" file="src/pymortests/affine_grid.py" line="243" name="test_diameters_values[&lt;lambda&gt;12]" time="0.0006630420684814453"><skipped message="Suite splitting in effect" type="pytest.skip">src/pymortests/affine_grid.py:243: Suite splitting in effect</skipped></testcase><testcase classname="src.pymortests.affine_grid" file="src/pymortests/affine_grid.py" line="243" name="test_diameters_values[&lt;lambda&gt;13]" time="0.0003943443298339844"><skipped message="Suite splitting in effect" type="pytest.skip">src/pymortests/affine_grid.py:243: Suite splitting in effect</skipped></testcase><testcase classname="src.pymortests.affine_grid" file="src/pymortests/affine_grid.py" line="243" name="test_diameters_values[&lt;lambda&gt;14]" time="0.00038504600524902344"><skipped message="Suite splitting in effect" type="pytest.skip">src/pymortests/affine_grid.py:243: Suite splitting in effect</skipped></testcase><testcase classname="src.pymortests.affine_grid" file="src/pymortests/affine_grid.py" line="243" name="test_diameters_values[&lt;lambda&gt;15]" time="0.00038743019104003906"><skipped message="Suite splitting in effect" type="pytest.skip">src/pymortests/affine_grid.py:243: Suite splitting in effect</skipped></testcase><testcase classname="src.pymortests.affine_grid" file="src/pymortests/affine_grid.py" line="243" name="test_diameters_values[&lt;lambda&gt;16]" time="0.0004124641418457031"><skipped message="Suite splitting in effect" type="pytest.skip">src/pymortests/affine_grid.py:243: Suite splitting in effect</skipped></testcase><testcase classname="src.pymortests.affine_grid" file="src/pymortests/affine_grid.py" line="243" name="test_diameters_values[&lt;lambda&gt;17]" time="0.0004107952117919922"><skipped message="Suite splitting in effect" type="pytest.skip">src/pymortests/affine_grid.py:243: Suite splitting in effect</skipped></testcase><testcase classname="src.pymortests.affine_grid" file="src/pymortests/affine_grid.py" line="243" name="test_diameters_values[&lt;lambda&gt;18]" time="0.00039076805114746094"><skipped message="Suite splitting in effect" type="pytest.skip">src/pymortests/affine_grid.py:243: Suite splitting in effect</skipped></testcase><testcase classname="src.pymortests.affine_grid" file="src/pymortests/affine_grid.py" line="243" name="test_diameters_values[&lt;lambda&gt;19]" time="0.00039458274841308594"><skipped message="Suite splitting in effect" type="pytest.skip">src/pymortests/affine_grid.py:243: Suite splitting in effect</skipped></testcase><testcase classname="src.pymortests.affine_grid" file="src/pymortests/affine_grid.py" line="243" name="test_diameters_values[&lt;lambda&gt;20]" time="0.0006978511810302734"><skipped message="Suite splitting in effect" type="pytest.skip">src/pymortests/affine_grid.py:243: Suite splitting in effect</skipped></testcase><testcase classname="src.pymortests.affine_grid" file="src/pymortests/affine_grid.py" line="243" name="test_diameters_values[&lt;lambda&gt;21]" time="0.00041174888610839844"><skipped message="Suite splitting in effect" type="pytest.skip">src/pymortests/affine_grid.py:243: Suite splitting in effect</skipped></testcase><testcase classname="src.pymortests.affine_grid" file="src/pymortests/affine_grid.py" line="243" name="test_diameters_values[&lt;lambda&gt;22]" time="0.00039386749267578125"><skipped message="Suite splitting in effect" type="pytest.skip">src/pymortests/affine_grid.py:243: Suite splitting in effect</skipped></testcase><testcase classname="src.pymortests.affine_grid" file="src/pymortests/affine_grid.py" line="243" name="test_diameters_values[&lt;lambda&gt;23]" time="0.00039005279541015625"><skipped message="Suite splitting in effect" type="pytest.skip">src/pymortests/affine_grid.py:243: Suite splitting in effect</skipped></testcase><testcase classname="src.pymortests.affine_grid" file="src/pymortests/affine_grid.py" line="243" name="test_diameters_values[&lt;lambda&gt;24]" time="0.00040841102600097656"><skipped message="Suite splitting in effect" type="pytest.skip">src/pymortests/affine_grid.py:243: Suite splitting in effect</skipped></testcase><testcase classname="src.pymortests.affine_grid" file="src/pymortests/affine_grid.py" line="243" name="test_diameters_values[&lt;lambda&gt;25]" time="0.0004112720489501953"><skipped message="Suite splitting in effect" type="pytest.skip">src/pymortests/affine_grid.py:243: Suite splitting in effect</skipped></testcase><testcase classname="src.pymortests.affine_grid" file="src/pymortests/affine_grid.py" line="243" name="test_diameters_values[&lt;lambda&gt;26]" time="0.00040531158447265625"><skipped message="Suite splitting in effect" type="pytest.skip">src/pymortests/affine_grid.py:243: Suite splitting in effect</skipped></testcase><testcase classname="src.pymortests.affine_grid" file="src/pymortests/affine_grid.py" line="243" name="test_diameters_values[&lt;lambda&gt;27]" time="0.00042366981506347656"><skipped message="Suite splitting in effect" type="pytest.skip">src/pymortests/affine_grid.py:243: Suite splitting in effect</skipped></testcase><testcase classname="src.pymortests.affine_grid" file="src/pymortests/affine_grid.py" line="243" name="test_diameters_values[&lt;lambda&gt;28]" time="0.0008220672607421875"><skipped message="Suite splitting in effect" type="pytest.skip">src/pymortests/affine_grid.py:243: Suite splitting in effect</skipped></testcase><testcase classname="src.pymortests.affine_grid" file="src/pymortests/affine_grid.py" line="243" name="test_diameters_values[&lt;lambda&gt;29]" time="0.00040721893310546875"><skipped message="Suite splitting in effect" type="pytest.skip">src/pymortests/affine_grid.py:243: Suite splitting in effect</skipped></testcase><testcase classname="src.pymortests.affine_grid" file="src/pymortests/affine_grid.py" line="243" name="test_diameters_values[&lt;lambda&gt;30]" time="0.0003829002380371094"><skipped message="Suite splitting in effect" type="pytest.skip">src/pymortests/affine_grid.py:243: Suite splitting in effect</skipped></testcase><testcase classname="src.pymortests.affine_grid" file="src/pymortests/affine_grid.py" line="243" name="test_diameters_values[&lt;lambda&gt;31]" time="0.0003886222839355469"><skipped message="Suite splitting in effect" type="pytest.skip">src/pymortests/affine_grid.py:243: Suite splitting in effect</skipped></testcase><testcase classname="src.pymortests.affine_grid" file="src/pymortests/affine_grid.py" line="243" name="test_diameters_values[&lt;lambda&gt;32]" time="0.00040531158447265625"><skipped message="Suite splitting in effect" type="pytest.skip">src/pymortests/affine_grid.py:243: Suite splitting in effect</skipped></testcase><testcase classname="src.pymortests.affine_grid" file="src/pymortests/affine_grid.py" line="243" name="test_diameters_values[&lt;lambda&gt;33]" time="0.00041174888610839844"><skipped message="Suite splitting in effect" type="pytest.skip">src/pymortests/affine_grid.py:243: Suite splitting in effect</skipped></testcase><testcase classname="src.pymortests.affine_grid" file="src/pymortests/affine_grid.py" line="243" name="test_diameters_values[&lt;lambda&gt;34]" time="0.0004200935363769531"><skipped message="Suite splitting in effect" type="pytest.skip">src/pymortests/affine_grid.py:243: Suite splitting in effect</skipped></testcase><testcase classname="src.pymortests.affine_grid" file="src/pymortests/affine_grid.py" line="243" name="test_diameters_values[&lt;lambda&gt;35]" time="0.00039505958557128906"><skipped message="Suite splitting in effect" type="pytest.skip">src/pymortests/affine_grid.py:243: Suite splitting in effect</skipped></testcase><testcase classname="src.pymortests.affine_grid" file="src/pymortests/affine_grid.py" line="243" name="test_diameters_values[&lt;lambda&gt;36]" time="0.0006465911865234375"><skipped message="Suite splitting in effect" type="pytest.skip">src/pymortests/affine_grid.py:243: Suite splitting in effect</skipped></testcase><testcase classname="src.pymortests.affine_grid" file="src/pymortests/affine_grid.py" line="243" name="test_diameters_values[&lt;lambda&gt;37]" time="0.00041413307189941406"><skipped message="Suite splitting in effect" type="pytest.skip">src/pymortests/affine_grid.py:243: Suite splitting in effect</skipped></testcase><testcase classname="src.pymortests.affine_grid" file="src/pymortests/affine_grid.py" line="243" name="test_diameters_values[&lt;lambda&gt;38]" time="0.0004055500030517578"><skipped message="Suite splitting in effect" type="pytest.skip">src/pymortests/affine_grid.py:243: Suite splitting in effect</skipped></testcase><testcase classname="src.pymortests.affine_grid" file="src/pymortests/affine_grid.py" line="243" name="test_diameters_values[&lt;lambda&gt;39]" time="0.00038313865661621094"><skipped message="Suite splitting in effect" type="pytest.skip">src/pymortests/affine_grid.py:243: Suite splitting in effect</skipped></testcase><testcase classname="src.pymortests.affine_grid" file="src/pymortests/affine_grid.py" line="243" name="test_diameters_values[&lt;lambda&gt;40]" time="0.0003883838653564453"><skipped message="Suite splitting in effect" type="pytest.skip">src/pymortests/affine_grid.py:243: Suite splitting in effect</skipped></testcase><testcase classname="src.pymortests.affine_grid" file="src/pymortests/affine_grid.py" line="243" name="test_diameters_values[&lt;lambda&gt;41]" time="0.00039386749267578125"><skipped message="Suite splitting in effect" type="pytest.skip">src/pymortests/affine_grid.py:243: Suite splitting in effect</skipped></testcase><testcase classname="src.pymortests.affine_grid" file="src/pymortests/affine_grid.py" line="243" name="test_diameters_values[&lt;lambda&gt;42]" time="0.0004315376281738281"><skipped message="Suite splitting in effect" type="pytest.skip">src/pymortests/affine_grid.py:243: Suite splitting in effect</skipped></testcase><testcase classname="src.pymortests.affine_grid" file="src/pymortests/affine_grid.py" line="250" name="test_quadrature_points_wrong_arguments[&lt;lambda&gt;0]" time="0.0004315376281738281"><skipped message="Suite splitting in effect" type="pytest.skip">src/pymortests/affine_grid.py:250: Suite splitting in effect</skipped></testcase><testcase classname="src.pymortests.affine_grid" file="src/pymortests/affine_grid.py" line="250" name="test_quadrature_points_wrong_arguments[&lt;lambda&gt;1]" time="0.0006678104400634766"><skipped message="Suite splitting in effect" type="pytest.skip">src/pymortests/affine_grid.py:250: Suite splitting in effect</skipped></testcase><testcase classname="src.pymortests.affine_grid" file="src/pymortests/affine_grid.py" line="250" name="test_quadrature_points_wrong_arguments[&lt;lambda&gt;2]" time="0.0004088878631591797"><skipped message="Suite splitting in effect" type="pytest.skip">src/pymortests/affine_grid.py:250: Suite splitting in effect</skipped></testcase><testcase classname="src.pymortests.affine_grid" file="src/pymortests/affine_grid.py" line="250" name="test_quadrature_points_wrong_arguments[&lt;lambda&gt;3]" time="0.0004115104675292969"><skipped message="Suite splitting in effect" type="pytest.skip">src/pymortests/affine_grid.py:250: Suite splitting in effect</skipped></testcase><testcase classname="src.pymortests.affine_grid" file="src/pymortests/affine_grid.py" line="250" name="test_quadrature_points_wrong_arguments[&lt;lambda&gt;4]" time="0.0004074573516845703"><skipped message="Suite splitting in effect" type="pytest.skip">src/pymortests/affine_grid.py:250: Suite splitting in effect</skipped></testcase><testcase classname="src.pymortests.affine_grid" file="src/pymortests/affine_grid.py" line="250" name="test_quadrature_points_wrong_arguments[&lt;lambda&gt;5]" time="0.0003898143768310547"><skipped message="Suite splitting in effect" type="pytest.skip">src/pymortests/affine_grid.py:250: Suite splitting in effect</skipped></testcase><testcase classname="src.pymortests.affine_grid" file="src/pymortests/affine_grid.py" line="250" name="test_quadrature_points_wrong_arguments[&lt;lambda&gt;6]" time="0.0004341602325439453"><skipped message="Suite splitting in effect" type="pytest.skip">src/pymortests/affine_grid.py:250: Suite splitting in effect</skipped></testcase><testcase classname="src.pymortests.affine_grid" file="src/pymortests/affine_grid.py" line="250" name="test_quadrature_points_wrong_arguments[&lt;lambda&gt;7]" time="0.0003838539123535156"><skipped message="Suite splitting in effect" type="pytest.skip">src/pymortests/affine_grid.py:250: Suite splitting in effect</skipped></testcase><testcase classname="src.pymortests.affine_grid" file="src/pymortests/affine_grid.py" line="250" name="test_quadrature_points_wrong_arguments[&lt;lambda&gt;8]" time="0.0004119873046875"><skipped message="Suite splitting in effect" type="pytest.skip">src/pymortests/affine_grid.py:250: Suite splitting in effect</skipped></testcase><testcase classname="src.pymortests.affine_grid" file="src/pymortests/affine_grid.py" line="250" name="test_quadrature_points_wrong_arguments[&lt;lambda&gt;9]" time="0.0006487369537353516"><skipped message="Suite splitting in effect" type="pytest.skip">src/pymortests/affine_grid.py:250: Suite splitting in effect</skipped></testcase><testcase classname="src.pymortests.affine_grid" file="src/pymortests/affine_grid.py" line="250" name="test_quadrature_points_wrong_arguments[&lt;lambda&gt;10]" time="0.0003948211669921875"><skipped message="Suite splitting in effect" type="pytest.skip">src/pymortests/affine_grid.py:250: Suite splitting in effect</skipped></testcase><testcase classname="src.pymortests.affine_grid" file="src/pymortests/affine_grid.py" line="250" name="test_quadrature_points_wrong_arguments[&lt;lambda&gt;11]" time="0.00047397613525390625"><skipped message="Suite splitting in effect" type="pytest.skip">src/pymortests/affine_grid.py:250: Suite splitting in effect</skipped></testcase><testcase classname="src.pymortests.affine_grid" file="src/pymortests/affine_grid.py" line="250" name="test_quadrature_points_wrong_arguments[&lt;lambda&gt;12]" time="0.0003948211669921875"><skipped message="Suite splitting in effect" type="pytest.skip">src/pymortests/affine_grid.py:250: Suite splitting in effect</skipped></testcase><testcase classname="src.pymortests.affine_grid" file="src/pymortests/affine_grid.py" line="250" name="test_quadrature_points_wrong_arguments[&lt;lambda&gt;13]" time="0.0003943443298339844"><skipped message="Suite splitting in effect" type="pytest.skip">src/pymortests/affine_grid.py:250: Suite splitting in effect</skipped></testcase><testcase classname="src.pymortests.affine_grid" file="src/pymortests/affine_grid.py" line="250" name="test_quadrature_points_wrong_arguments[&lt;lambda&gt;14]" time="0.0004134178161621094"><skipped message="Suite splitting in effect" type="pytest.skip">src/pymortests/affine_grid.py:250: Suite splitting in effect</skipped></testcase><testcase classname="src.pymortests.affine_grid" file="src/pymortests/affine_grid.py" line="250" name="test_quadrature_points_wrong_arguments[&lt;lambda&gt;15]" time="0.0004100799560546875"><skipped message="Suite splitting in effect" type="pytest.skip">src/pymortests/affine_grid.py:250: Suite splitting in effect</skipped></testcase><testcase classname="src.pymortests.affine_grid" file="src/pymortests/affine_grid.py" line="250" name="test_quadrature_points_wrong_arguments[&lt;lambda&gt;16]" time="0.0003871917724609375"><skipped message="Suite splitting in effect" type="pytest.skip">src/pymortests/affine_grid.py:250: Suite splitting in effect</skipped></testcase><testcase classname="src.pymortests.affine_grid" file="src/pymortests/affine_grid.py" line="250" name="test_quadrature_points_wrong_arguments[&lt;lambda&gt;17]" time="0.0007026195526123047"><skipped message="Suite splitting in effect" type="pytest.skip">src/pymortests/affine_grid.py:250: Suite splitting in effect</skipped></testcase><testcase classname="src.pymortests.affine_grid" file="src/pymortests/affine_grid.py" line="250" name="test_quadrature_points_wrong_arguments[&lt;lambda&gt;18]" time="0.00038743019104003906"><skipped message="Suite splitting in effect" type="pytest.skip">src/pymortests/affine_grid.py:250: Suite splitting in effect</skipped></testcase><testcase classname="src.pymortests.affine_grid" file="src/pymortests/affine_grid.py" line="250" name="test_quadrature_points_wrong_arguments[&lt;lambda&gt;19]" time="0.0004374980926513672"><skipped message="Suite splitting in effect" type="pytest.skip">src/pymortests/affine_grid.py:250: Suite splitting in effect</skipped></testcase><testcase classname="src.pymortests.affine_grid" file="src/pymortests/affine_grid.py" line="250" name="test_quadrature_points_wrong_arguments[&lt;lambda&gt;20]" time="0.0003876686096191406"><skipped message="Suite splitting in effect" type="pytest.skip">src/pymortests/affine_grid.py:250: Suite splitting in effect</skipped></testcase><testcase classname="src.pymortests.affine_grid" file="src/pymortests/affine_grid.py" line="250" name="test_quadrature_points_wrong_arguments[&lt;lambda&gt;21]" time="0.00039076805114746094"><skipped message="Suite splitting in effect" type="pytest.skip">src/pymortests/affine_grid.py:250: Suite splitting in effect</skipped></testcase><testcase classname="src.pymortests.affine_grid" file="src/pymortests/affine_grid.py" line="250" name="test_quadrature_points_wrong_arguments[&lt;lambda&gt;22]" time="0.0004029273986816406"><skipped message="Suite splitting in effect" type="pytest.skip">src/pymortests/affine_grid.py:250: Suite splitting in effect</skipped></testcase><testcase classname="src.pymortests.affine_grid" file="src/pymortests/affine_grid.py" line="250" name="test_quadrature_points_wrong_arguments[&lt;lambda&gt;23]" time="0.0004138946533203125"><skipped message="Suite splitting in effect" type="pytest.skip">src/pymortests/affine_grid.py:250: Suite splitting in effect</skipped></testcase><testcase classname="src.pymortests.affine_grid" file="src/pymortests/affine_grid.py" line="250" name="test_quadrature_points_wrong_arguments[&lt;lambda&gt;24]" time="0.0004241466522216797"><skipped message="Suite splitting in effect" type="pytest.skip">src/pymortests/affine_grid.py:250: Suite splitting in effect</skipped></testcase><testcase classname="src.pymortests.affine_grid" file="src/pymortests/affine_grid.py" line="250" name="test_quadrature_points_wrong_arguments[&lt;lambda&gt;25]" time="0.0009469985961914062"><skipped message="Suite splitting in effect" type="pytest.skip">src/pymortests/affine_grid.py:250: Suite splitting in effect</skipped></testcase><testcase classname="src.pymortests.affine_grid" file="src/pymortests/affine_grid.py" line="250" name="test_quadrature_points_wrong_arguments[&lt;lambda&gt;26]" time="0.00041747093200683594"><skipped message="Suite splitting in effect" type="pytest.skip">src/pymortests/affine_grid.py:250: Suite splitting in effect</skipped></testcase><testcase classname="src.pymortests.affine_grid" file="src/pymortests/affine_grid.py" line="250" name="test_quadrature_points_wrong_arguments[&lt;lambda&gt;27]" time="0.0005116462707519531"><skipped message="Suite splitting in effect" type="pytest.skip">src/pymortests/affine_grid.py:250: Suite splitting in effect</skipped></testcase><testcase classname="src.pymortests.affine_grid" file="src/pymortests/affine_grid.py" line="250" name="test_quadrature_points_wrong_arguments[&lt;lambda&gt;28]" time="0.0004165172576904297"><skipped message="Suite splitting in effect" type="pytest.skip">src/pymortests/affine_grid.py:250: Suite splitting in effect</skipped></testcase><testcase classname="src.pymortests.affine_grid" file="src/pymortests/affine_grid.py" line="250" name="test_quadrature_points_wrong_arguments[&lt;lambda&gt;29]" time="0.0004107952117919922"><skipped message="Suite splitting in effect" type="pytest.skip">src/pymortests/affine_grid.py:250: Suite splitting in effect</skipped></testcase><testcase classname="src.pymortests.affine_grid" file="src/pymortests/affine_grid.py" line="250" name="test_quadrature_points_wrong_arguments[&lt;lambda&gt;30]" time="0.0003955364227294922"><skipped message="Suite splitting in effect" type="pytest.skip">src/pymortests/affine_grid.py:250: Suite splitting in effect</skipped></testcase><testcase classname="src.pymortests.affine_grid" file="src/pymortests/affine_grid.py" line="250" name="test_quadrature_points_wrong_arguments[&lt;lambda&gt;31]" time="0.0003936290740966797"><skipped message="Suite splitting in effect" type="pytest.skip">src/pymortests/affine_grid.py:250: Suite splitting in effect</skipped></testcase><testcase classname="src.pymortests.affine_grid" file="src/pymortests/affine_grid.py" line="250" name="test_quadrature_points_wrong_arguments[&lt;lambda&gt;32]" time="0.000396728515625"><skipped message="Suite splitting in effect" type="pytest.skip">src/pymortests/affine_grid.py:250: Suite splitting in effect</skipped></testcase><testcase classname="src.pymortests.affine_grid" file="src/pymortests/affine_grid.py" line="250" name="test_quadrature_points_wrong_arguments[&lt;lambda&gt;33]" time="0.000701904296875"><skipped message="Suite splitting in effect" type="pytest.skip">src/pymortests/affine_grid.py:250: Suite splitting in effect</skipped></testcase><testcase classname="src.pymortests.affine_grid" file="src/pymortests/affine_grid.py" line="250" name="test_quadrature_points_wrong_arguments[&lt;lambda&gt;34]" time="0.00039887428283691406"><skipped message="Suite splitting in effect" type="pytest.skip">src/pymortests/affine_grid.py:250: Suite splitting in effect</skipped></testcase><testcase classname="src.pymortests.affine_grid" file="src/pymortests/affine_grid.py" line="250" name="test_quadrature_points_wrong_arguments[&lt;lambda&gt;35]" time="0.00039005279541015625"><skipped message="Suite splitting in effect" type="pytest.skip">src/pymortests/affine_grid.py:250: Suite splitting in effect</skipped></testcase><testcase classname="src.pymortests.affine_grid" file="src/pymortests/affine_grid.py" line="250" name="test_quadrature_points_wrong_arguments[&lt;lambda&gt;36]" time="0.0003867149353027344"><skipped message="Suite splitting in effect" type="pytest.skip">src/pymortests/affine_grid.py:250: Suite splitting in effect</skipped></testcase><testcase classname="src.pymortests.affine_grid" file="src/pymortests/affine_grid.py" line="250" name="test_quadrature_points_wrong_arguments[&lt;lambda&gt;37]" time="0.0004527568817138672"><skipped message="Suite splitting in effect" type="pytest.skip">src/pymortests/affine_grid.py:250: Suite splitting in effect</skipped></testcase><testcase classname="src.pymortests.affine_grid" file="src/pymortests/affine_grid.py" line="250" name="test_quadrature_points_wrong_arguments[&lt;lambda&gt;38]" time="0.00040531158447265625"><skipped message="Suite splitting in effect" type="pytest.skip">src/pymortests/affine_grid.py:250: Suite splitting in effect</skipped></testcase><testcase classname="src.pymortests.affine_grid" file="src/pymortests/affine_grid.py" line="250" name="test_quadrature_points_wrong_arguments[&lt;lambda&gt;39]" time="0.0004150867462158203"><skipped message="Suite splitting in effect" type="pytest.skip">src/pymortests/affine_grid.py:250: Suite splitting in effect</skipped></testcase><testcase classname="src.pymortests.affine_grid" file="src/pymortests/affine_grid.py" line="250" name="test_quadrature_points_wrong_arguments[&lt;lambda&gt;40]" time="0.00041174888610839844"><skipped message="Suite splitting in effect" type="pytest.skip">src/pymortests/affine_grid.py:250: Suite splitting in effect</skipped></testcase><testcase classname="src.pymortests.affine_grid" file="src/pymortests/affine_grid.py" line="250" name="test_quadrature_points_wrong_arguments[&lt;lambda&gt;41]" time="0.0006737709045410156"><skipped message="Suite splitting in effect" type="pytest.skip">src/pymortests/affine_grid.py:250: Suite splitting in effect</skipped></testcase><testcase classname="src.pymortests.affine_grid" file="src/pymortests/affine_grid.py" line="250" name="test_quadrature_points_wrong_arguments[&lt;lambda&gt;42]" time="0.0004317760467529297"><skipped message="Suite splitting in effect" type="pytest.skip">src/pymortests/affine_grid.py:250: Suite splitting in effect</skipped></testcase><testcase classname="src.pymortests.affine_grid" file="src/pymortests/affine_grid.py" line="265" name="test_quadrature_points_shape[&lt;lambda&gt;0]" time="0.0003845691680908203"><skipped message="Suite splitting in effect" type="pytest.skip">src/pymortests/affine_grid.py:265: Suite splitting in effect</skipped></testcase><testcase classname="src.pymortests.affine_grid" file="src/pymortests/affine_grid.py" line="265" name="test_quadrature_points_shape[&lt;lambda&gt;1]" time="0.0004069805145263672"><skipped message="Suite splitting in effect" type="pytest.skip">src/pymortests/affine_grid.py:265: Suite splitting in effect</skipped></testcase><testcase classname="src.pymortests.affine_grid" file="src/pymortests/affine_grid.py" line="265" name="test_quadrature_points_shape[&lt;lambda&gt;2]" time="0.0003867149353027344"><skipped message="Suite splitting in effect" type="pytest.skip">src/pymortests/affine_grid.py:265: Suite splitting in effect</skipped></testcase><testcase classname="src.pymortests.affine_grid" file="src/pymortests/affine_grid.py" line="265" name="test_quadrature_points_shape[&lt;lambda&gt;3]" time="0.0003986358642578125"><skipped message="Suite splitting in effect" type="pytest.skip">src/pymortests/affine_grid.py:265: Suite splitting in effect</skipped></testcase><testcase classname="src.pymortests.affine_grid" file="src/pymortests/affine_grid.py" line="265" name="test_quadrature_points_shape[&lt;lambda&gt;4]" time="0.0003871917724609375"><skipped message="Suite splitting in effect" type="pytest.skip">src/pymortests/affine_grid.py:265: Suite splitting in effect</skipped></testcase><testcase classname="src.pymortests.affine_grid" file="src/pymortests/affine_grid.py" line="265" name="test_quadrature_points_shape[&lt;lambda&gt;5]" time="0.0004317760467529297"><skipped message="Suite splitting in effect" type="pytest.skip">src/pymortests/affine_grid.py:265: Suite splitting in effect</skipped></testcase><testcase classname="src.pymortests.affine_grid" file="src/pymortests/affine_grid.py" line="265" name="test_quadrature_points_shape[&lt;lambda&gt;6]" time="0.0006639957427978516"><skipped message="Suite splitting in effect" type="pytest.skip">src/pymortests/affine_grid.py:265: Suite splitting in effect</skipped></testcase><testcase classname="src.pymortests.affine_grid" file="src/pymortests/affine_grid.py" line="265" name="test_quadrature_points_shape[&lt;lambda&gt;7]" time="0.0003845691680908203"><skipped message="Suite splitting in effect" type="pytest.skip">src/pymortests/affine_grid.py:265: Suite splitting in effect</skipped></testcase><testcase classname="src.pymortests.affine_grid" file="src/pymortests/affine_grid.py" line="265" name="test_quadrature_points_shape[&lt;lambda&gt;8]" time="0.0003910064697265625"><skipped message="Suite splitting in effect" type="pytest.skip">src/pymortests/affine_grid.py:265: Suite splitting in effect</skipped></testcase><testcase classname="src.pymortests.affine_grid" file="src/pymortests/affine_grid.py" line="265" name="test_quadrature_points_shape[&lt;lambda&gt;9]" time="0.0003941059112548828"><skipped message="Suite splitting in effect" type="pytest.skip">src/pymortests/affine_grid.py:265: Suite splitting in effect</skipped></testcase><testcase classname="src.pymortests.affine_grid" file="src/pymortests/affine_grid.py" line="265" name="test_quadrature_points_shape[&lt;lambda&gt;10]" time="0.0004105567932128906"><skipped message="Suite splitting in effect" type="pytest.skip">src/pymortests/affine_grid.py:265: Suite splitting in effect</skipped></testcase><testcase classname="src.pymortests.affine_grid" file="src/pymortests/affine_grid.py" line="265" name="test_quadrature_points_shape[&lt;lambda&gt;11]" time="0.00041961669921875"><skipped message="Suite splitting in effect" type="pytest.skip">src/pymortests/affine_grid.py:265: Suite splitting in effect</skipped></testcase><testcase classname="src.pymortests.affine_grid" file="src/pymortests/affine_grid.py" line="265" name="test_quadrature_points_shape[&lt;lambda&gt;12]" time="0.0004189014434814453"><skipped message="Suite splitting in effect" type="pytest.skip">src/pymortests/affine_grid.py:265: Suite splitting in effect</skipped></testcase><testcase classname="src.pymortests.affine_grid" file="src/pymortests/affine_grid.py" line="265" name="test_quadrature_points_shape[&lt;lambda&gt;13]" time="0.0003974437713623047"><skipped message="Suite splitting in effect" type="pytest.skip">src/pymortests/affine_grid.py:265: Suite splitting in effect</skipped></testcase><testcase classname="src.pymortests.affine_grid" file="src/pymortests/affine_grid.py" line="265" name="test_quadrature_points_shape[&lt;lambda&gt;14]" time="0.0006709098815917969"><skipped message="Suite splitting in effect" type="pytest.skip">src/pymortests/affine_grid.py:265: Suite splitting in effect</skipped></testcase><testcase classname="src.pymortests.affine_grid" file="src/pymortests/affine_grid.py" line="265" name="test_quadrature_points_shape[&lt;lambda&gt;15]" time="0.00041675567626953125"><skipped message="Suite splitting in effect" type="pytest.skip">src/pymortests/affine_grid.py:265: Suite splitting in effect</skipped></testcase><testcase classname="src.pymortests.affine_grid" file="src/pymortests/affine_grid.py" line="265" name="test_quadrature_points_shape[&lt;lambda&gt;16]" time="0.0004119873046875"><skipped message="Suite splitting in effect" type="pytest.skip">src/pymortests/affine_grid.py:265: Suite splitting in effect</skipped></testcase><testcase classname="src.pymortests.affine_grid" file="src/pymortests/affine_grid.py" line="265" name="test_quadrature_points_shape[&lt;lambda&gt;17]" time="0.0003905296325683594"><skipped message="Suite splitting in effect" type="pytest.skip">src/pymortests/affine_grid.py:265: Suite splitting in effect</skipped></testcase><testcase classname="src.pymortests.affine_grid" file="src/pymortests/affine_grid.py" line="265" name="test_quadrature_points_shape[&lt;lambda&gt;18]" time="0.00039505958557128906"><skipped message="Suite splitting in effect" type="pytest.skip">src/pymortests/affine_grid.py:265: Suite splitting in effect</skipped></testcase><testcase classname="src.pymortests.affine_grid" file="src/pymortests/affine_grid.py" line="265" name="test_quadrature_points_shape[&lt;lambda&gt;19]" time="0.0003886222839355469"><skipped message="Suite splitting in effect" type="pytest.skip">src/pymortests/affine_grid.py:265: Suite splitting in effect</skipped></testcase><testcase classname="src.pymortests.affine_grid" file="src/pymortests/affine_grid.py" line="265" name="test_quadrature_points_shape[&lt;lambda&gt;20]" time="0.0004134178161621094"><skipped message="Suite splitting in effect" type="pytest.skip">src/pymortests/affine_grid.py:265: Suite splitting in effect</skipped></testcase><testcase classname="src.pymortests.affine_grid" file="src/pymortests/affine_grid.py" line="265" name="test_quadrature_points_shape[&lt;lambda&gt;21]" time="0.00041294097900390625"><skipped message="Suite splitting in effect" type="pytest.skip">src/pymortests/affine_grid.py:265: Suite splitting in effect</skipped></testcase><testcase classname="src.pymortests.affine_grid" file="src/pymortests/affine_grid.py" line="265" name="test_quadrature_points_shape[&lt;lambda&gt;22]" time="0.0007281303405761719"><skipped message="Suite splitting in effect" type="pytest.skip">src/pymortests/affine_grid.py:265: Suite splitting in effect</skipped></testcase><testcase classname="src.pymortests.affine_grid" file="src/pymortests/affine_grid.py" line="265" name="test_quadrature_points_shape[&lt;lambda&gt;23]" time="0.00039649009704589844"><skipped message="Suite splitting in effect" type="pytest.skip">src/pymortests/affine_grid.py:265: Suite splitting in effect</skipped></testcase><testcase classname="src.pymortests.affine_grid" file="src/pymortests/affine_grid.py" line="265" name="test_quadrature_points_shape[&lt;lambda&gt;24]" time="0.0004382133483886719"><skipped message="Suite splitting in effect" type="pytest.skip">src/pymortests/affine_grid.py:265: Suite splitting in effect</skipped></testcase><testcase classname="src.pymortests.affine_grid" file="src/pymortests/affine_grid.py" line="265" name="test_quadrature_points_shape[&lt;lambda&gt;25]" time="0.0004131793975830078"><skipped message="Suite splitting in effect" type="pytest.skip">src/pymortests/affine_grid.py:265: Suite splitting in effect</skipped></testcase><testcase classname="src.pymortests.affine_grid" file="src/pymortests/affine_grid.py" line="265" name="test_quadrature_points_shape[&lt;lambda&gt;26]" time="0.0004143714904785156"><skipped message="Suite splitting in effect" type="pytest.skip">src/pymortests/affine_grid.py:265: Suite splitting in effect</skipped></testcase><testcase classname="src.pymortests.affine_grid" file="src/pymortests/affine_grid.py" line="265" name="test_quadrature_points_shape[&lt;lambda&gt;27]" time="0.0004119873046875"><skipped message="Suite splitting in effect" type="pytest.skip">src/pymortests/affine_grid.py:265: Suite splitting in effect</skipped></testcase><testcase classname="src.pymortests.affine_grid" file="src/pymortests/affine_grid.py" line="265" name="test_quadrature_points_shape[&lt;lambda&gt;28]" time="0.00041961669921875"><skipped message="Suite splitting in effect" type="pytest.skip">src/pymortests/affine_grid.py:265: Suite splitting in effect</skipped></testcase><testcase classname="src.pymortests.affine_grid" file="src/pymortests/affine_grid.py" line="265" name="test_quadrature_points_shape[&lt;lambda&gt;29]" time="0.00041794776916503906"><skipped message="Suite splitting in effect" type="pytest.skip">src/pymortests/affine_grid.py:265: Suite splitting in effect</skipped></testcase><testcase classname="src.pymortests.affine_grid" file="src/pymortests/affine_grid.py" line="265" name="test_quadrature_points_shape[&lt;lambda&gt;30]" time="0.0006835460662841797"><skipped message="Suite splitting in effect" type="pytest.skip">src/pymortests/affine_grid.py:265: Suite splitting in effect</skipped></testcase><testcase classname="src.pymortests.affine_grid" file="src/pymortests/affine_grid.py" line="265" name="test_quadrature_points_shape[&lt;lambda&gt;31]" time="0.0004086494445800781"><skipped message="Suite splitting in effect" type="pytest.skip">src/pymortests/affine_grid.py:265: Suite splitting in effect</skipped></testcase><testcase classname="src.pymortests.affine_grid" file="src/pymortests/affine_grid.py" line="265" name="test_quadrature_points_shape[&lt;lambda&gt;32]" time="0.000415802001953125"><skipped message="Suite splitting in effect" type="pytest.skip">src/pymortests/affine_grid.py:265: Suite splitting in effect</skipped></testcase><testcase classname="src.pymortests.affine_grid" file="src/pymortests/affine_grid.py" line="265" name="test_quadrature_points_shape[&lt;lambda&gt;33]" time="0.0004169940948486328"><skipped message="Suite splitting in effect" type="pytest.skip">src/pymortests/affine_grid.py:265: Suite splitting in effect</skipped></testcase><testcase classname="src.pymortests.affine_grid" file="src/pymortests/affine_grid.py" line="265" name="test_quadrature_points_shape[&lt;lambda&gt;34]" time="0.0004074573516845703"><skipped message="Suite splitting in effect" type="pytest.skip">src/pymortests/affine_grid.py:265: Suite splitting in effect</skipped></testcase><testcase classname="src.pymortests.affine_grid" file="src/pymortests/affine_grid.py" line="265" name="test_quadrature_points_shape[&lt;lambda&gt;35]" time="0.0004153251647949219"><skipped message="Suite splitting in effect" type="pytest.skip">src/pymortests/affine_grid.py:265: Suite splitting in effect</skipped></testcase><testcase classname="src.pymortests.affine_grid" file="src/pymortests/affine_grid.py" line="265" name="test_quadrature_points_shape[&lt;lambda&gt;36]" time="0.00038743019104003906"><skipped message="Suite splitting in effect" type="pytest.skip">src/pymortests/affine_grid.py:265: Suite splitting in effect</skipped></testcase><testcase classname="src.pymortests.affine_grid" file="src/pymortests/affine_grid.py" line="265" name="test_quadrature_points_shape[&lt;lambda&gt;37]" time="0.00042366981506347656"><skipped message="Suite splitting in effect" type="pytest.skip">src/pymortests/affine_grid.py:265: Suite splitting in effect</skipped></testcase><testcase classname="src.pymortests.affine_grid" file="src/pymortests/affine_grid.py" line="265" name="test_quadrature_points_shape[&lt;lambda&gt;38]" time="0.0006289482116699219"><skipped message="Suite splitting in effect" type="pytest.skip">src/pymortests/affine_grid.py:265: Suite splitting in effect</skipped></testcase><testcase classname="src.pymortests.affine_grid" file="src/pymortests/affine_grid.py" line="265" name="test_quadrature_points_shape[&lt;lambda&gt;39]" time="0.0003952980041503906"><skipped message="Suite splitting in effect" type="pytest.skip">src/pymortests/affine_grid.py:265: Suite splitting in effect</skipped></testcase><testcase classname="src.pymortests.affine_grid" file="src/pymortests/affine_grid.py" line="265" name="test_quadrature_points_shape[&lt;lambda&gt;40]" time="0.00041031837463378906"><skipped message="Suite splitting in effect" type="pytest.skip">src/pymortests/affine_grid.py:265: Suite splitting in effect</skipped></testcase><testcase classname="src.pymortests.affine_grid" file="src/pymortests/affine_grid.py" line="265" name="test_quadrature_points_shape[&lt;lambda&gt;41]" time="0.000408172607421875"><skipped message="Suite splitting in effect" type="pytest.skip">src/pymortests/affine_grid.py:265: Suite splitting in effect</skipped></testcase><testcase classname="src.pymortests.affine_grid" file="src/pymortests/affine_grid.py" line="265" name="test_quadrature_points_shape[&lt;lambda&gt;42]" time="0.0004074573516845703"><skipped message="Suite splitting in effect" type="pytest.skip">src/pymortests/affine_grid.py:265: Suite splitting in effect</skipped></testcase><testcase classname="src.pymortests.affine_grid" file="src/pymortests/affine_grid.py" line="275" name="test_quadrature_points_values[&lt;lambda&gt;0]" time="0.0004024505615234375"><skipped message="Suite splitting in effect" type="pytest.skip">src/pymortests/affine_grid.py:275: Suite splitting in effect</skipped></testcase><testcase classname="src.pymortests.affine_grid" file="src/pymortests/affine_grid.py" line="275" name="test_quadrature_points_values[&lt;lambda&gt;1]" time="0.000392913818359375"><skipped message="Suite splitting in effect" type="pytest.skip">src/pymortests/affine_grid.py:275: Suite splitting in effect</skipped></testcase><testcase classname="src.pymortests.affine_grid" file="src/pymortests/affine_grid.py" line="275" name="test_quadrature_points_values[&lt;lambda&gt;2]" time="0.00039267539978027344"><skipped message="Suite splitting in effect" type="pytest.skip">src/pymortests/affine_grid.py:275: Suite splitting in effect</skipped></testcase><testcase classname="src.pymortests.affine_grid" file="src/pymortests/affine_grid.py" line="275" name="test_quadrature_points_values[&lt;lambda&gt;3]" time="0.0007238388061523438"><skipped message="Suite splitting in effect" type="pytest.skip">src/pymortests/affine_grid.py:275: Suite splitting in effect</skipped></testcase><testcase classname="src.pymortests.affine_grid" file="src/pymortests/affine_grid.py" line="275" name="test_quadrature_points_values[&lt;lambda&gt;4]" time="0.00038433074951171875"><skipped message="Suite splitting in effect" type="pytest.skip">src/pymortests/affine_grid.py:275: Suite splitting in effect</skipped></testcase><testcase classname="src.pymortests.affine_grid" file="src/pymortests/affine_grid.py" line="275" name="test_quadrature_points_values[&lt;lambda&gt;5]" time="0.0004024505615234375"><skipped message="Suite splitting in effect" type="pytest.skip">src/pymortests/affine_grid.py:275: Suite splitting in effect</skipped></testcase><testcase classname="src.pymortests.affine_grid" file="src/pymortests/affine_grid.py" line="275" name="test_quadrature_points_values[&lt;lambda&gt;6]" time="0.00038909912109375"><skipped message="Suite splitting in effect" type="pytest.skip">src/pymortests/affine_grid.py:275: Suite splitting in effect</skipped></testcase><testcase classname="src.pymortests.affine_grid" file="src/pymortests/affine_grid.py" line="275" name="test_quadrature_points_values[&lt;lambda&gt;7]" time="0.00040340423583984375"><skipped message="Suite splitting in effect" type="pytest.skip">src/pymortests/affine_grid.py:275: Suite splitting in effect</skipped></testcase><testcase classname="src.pymortests.affine_grid" file="src/pymortests/affine_grid.py" line="275" name="test_quadrature_points_values[&lt;lambda&gt;8]" time="0.0004124641418457031"><skipped message="Suite splitting in effect" type="pytest.skip">src/pymortests/affine_grid.py:275: Suite splitting in effect</skipped></testcase><testcase classname="src.pymortests.affine_grid" file="src/pymortests/affine_grid.py" line="275" name="test_quadrature_points_values[&lt;lambda&gt;9]" time="0.00043129920959472656"><skipped message="Suite splitting in effect" type="pytest.skip">src/pymortests/affine_grid.py:275: Suite splitting in effect</skipped></testcase><testcase classname="src.pymortests.affine_grid" file="src/pymortests/affine_grid.py" line="275" name="test_quadrature_points_values[&lt;lambda&gt;10]" time="0.00042366981506347656"><skipped message="Suite splitting in effect" type="pytest.skip">src/pymortests/affine_grid.py:275: Suite splitting in effect</skipped></testcase><testcase classname="src.pymortests.affine_grid" file="src/pymortests/affine_grid.py" line="275" name="test_quadrature_points_values[&lt;lambda&gt;11]" time="0.0006930828094482422"><skipped message="Suite splitting in effect" type="pytest.skip">src/pymortests/affine_grid.py:275: Suite splitting in effect</skipped></testcase><testcase classname="src.pymortests.affine_grid" file="src/pymortests/affine_grid.py" line="275" name="test_quadrature_points_values[&lt;lambda&gt;12]" time="0.0003943443298339844"><skipped message="Suite splitting in effect" type="pytest.skip">src/pymortests/affine_grid.py:275: Suite splitting in effect</skipped></testcase><testcase classname="src.pymortests.affine_grid" file="src/pymortests/affine_grid.py" line="275" name="test_quadrature_points_values[&lt;lambda&gt;13]" time="0.0004436969757080078"><skipped message="Suite splitting in effect" type="pytest.skip">src/pymortests/affine_grid.py:275: Suite splitting in effect</skipped></testcase><testcase classname="src.pymortests.affine_grid" file="src/pymortests/affine_grid.py" line="275" name="test_quadrature_points_values[&lt;lambda&gt;14]" time="0.00043582916259765625"><skipped message="Suite splitting in effect" type="pytest.skip">src/pymortests/affine_grid.py:275: Suite splitting in effect</skipped></testcase><testcase classname="src.pymortests.affine_grid" file="src/pymortests/affine_grid.py" line="275" name="test_quadrature_points_values[&lt;lambda&gt;15]" time="0.0004010200500488281"><skipped message="Suite splitting in effect" type="pytest.skip">src/pymortests/affine_grid.py:275: Suite splitting in effect</skipped></testcase><testcase classname="src.pymortests.affine_grid" file="src/pymortests/affine_grid.py" line="275" name="test_quadrature_points_values[&lt;lambda&gt;16]" time="0.00042510032653808594"><skipped message="Suite splitting in effect" type="pytest.skip">src/pymortests/affine_grid.py:275: Suite splitting in effect</skipped></testcase><testcase classname="src.pymortests.affine_grid" file="src/pymortests/affine_grid.py" line="275" name="test_quadrature_points_values[&lt;lambda&gt;17]" time="0.000392913818359375"><skipped message="Suite splitting in effect" type="pytest.skip">src/pymortests/affine_grid.py:275: Suite splitting in effect</skipped></testcase><testcase classname="src.pymortests.affine_grid" file="src/pymortests/affine_grid.py" line="275" name="test_quadrature_points_values[&lt;lambda&gt;18]" time="0.0003933906555175781"><skipped message="Suite splitting in effect" type="pytest.skip">src/pymortests/affine_grid.py:275: Suite splitting in effect</skipped></testcase><testcase classname="src.pymortests.affine_grid" file="src/pymortests/affine_grid.py" line="275" name="test_quadrature_points_values[&lt;lambda&gt;19]" time="0.0006937980651855469"><skipped message="Suite splitting in effect" type="pytest.skip">src/pymortests/affine_grid.py:275: Suite splitting in effect</skipped></testcase><testcase classname="src.pymortests.affine_grid" file="src/pymortests/affine_grid.py" line="275" name="test_quadrature_points_values[&lt;lambda&gt;20]" time="0.0004024505615234375"><skipped message="Suite splitting in effect" type="pytest.skip">src/pymortests/affine_grid.py:275: Suite splitting in effect</skipped></testcase><testcase classname="src.pymortests.affine_grid" file="src/pymortests/affine_grid.py" line="275" name="test_quadrature_points_values[&lt;lambda&gt;21]" time="0.0003814697265625"><skipped message="Suite splitting in effect" type="pytest.skip">src/pymortests/affine_grid.py:275: Suite splitting in effect</skipped></testcase><testcase classname="src.pymortests.affine_grid" file="src/pymortests/affine_grid.py" line="275" name="test_quadrature_points_values[&lt;lambda&gt;22]" time="0.0004088878631591797"><skipped message="Suite splitting in effect" type="pytest.skip">src/pymortests/affine_grid.py:275: Suite splitting in effect</skipped></testcase><testcase classname="src.pymortests.affine_grid" file="src/pymortests/affine_grid.py" line="275" name="test_quadrature_points_values[&lt;lambda&gt;23]" time="0.0004107952117919922"><skipped message="Suite splitting in effect" type="pytest.skip">src/pymortests/affine_grid.py:275: Suite splitting in effect</skipped></testcase><testcase classname="src.pymortests.affine_grid" file="src/pymortests/affine_grid.py" line="275" name="test_quadrature_points_values[&lt;lambda&gt;24]" time="0.0003838539123535156"><skipped message="Suite splitting in effect" type="pytest.skip">src/pymortests/affine_grid.py:275: Suite splitting in effect</skipped></testcase><testcase classname="src.pymortests.affine_grid" file="src/pymortests/affine_grid.py" line="275" name="test_quadrature_points_values[&lt;lambda&gt;25]" time="0.0004086494445800781"><skipped message="Suite splitting in effect" type="pytest.skip">src/pymortests/affine_grid.py:275: Suite splitting in effect</skipped></testcase><testcase classname="src.pymortests.affine_grid" file="src/pymortests/affine_grid.py" line="275" name="test_quadrature_points_values[&lt;lambda&gt;26]" time="0.00039458274841308594"><skipped message="Suite splitting in effect" type="pytest.skip">src/pymortests/affine_grid.py:275: Suite splitting in effect</skipped></testcase><testcase classname="src.pymortests.affine_grid" file="src/pymortests/affine_grid.py" line="275" name="test_quadrature_points_values[&lt;lambda&gt;27]" time="0.0008242130279541016"><skipped message="Suite splitting in effect" type="pytest.skip">src/pymortests/affine_grid.py:275: Suite splitting in effect</skipped></testcase><testcase classname="src.pymortests.affine_grid" file="src/pymortests/affine_grid.py" line="275" name="test_quadrature_points_values[&lt;lambda&gt;28]" time="0.0003917217254638672"><skipped message="Suite splitting in effect" type="pytest.skip">src/pymortests/affine_grid.py:275: Suite splitting in effect</skipped></testcase><testcase classname="src.pymortests.affine_grid" file="src/pymortests/affine_grid.py" line="275" name="test_quadrature_points_values[&lt;lambda&gt;29]" time="0.00040841102600097656"><skipped message="Suite splitting in effect" type="pytest.skip">src/pymortests/affine_grid.py:275: Suite splitting in effect</skipped></testcase><testcase classname="src.pymortests.affine_grid" file="src/pymortests/affine_grid.py" line="275" name="test_quadrature_points_values[&lt;lambda&gt;30]" time="0.0003871917724609375"><skipped message="Suite splitting in effect" type="pytest.skip">src/pymortests/affine_grid.py:275: Suite splitting in effect</skipped></testcase><testcase classname="src.pymortests.affine_grid" file="src/pymortests/affine_grid.py" line="275" name="test_quadrature_points_values[&lt;lambda&gt;31]" time="0.00041294097900390625"><skipped message="Suite splitting in effect" type="pytest.skip">src/pymortests/affine_grid.py:275: Suite splitting in effect</skipped></testcase><testcase classname="src.pymortests.affine_grid" file="src/pymortests/affine_grid.py" line="275" name="test_quadrature_points_values[&lt;lambda&gt;32]" time="0.00038743019104003906"><skipped message="Suite splitting in effect" type="pytest.skip">src/pymortests/affine_grid.py:275: Suite splitting in effect</skipped></testcase><testcase classname="src.pymortests.affine_grid" file="src/pymortests/affine_grid.py" line="275" name="test_quadrature_points_values[&lt;lambda&gt;33]" time="0.00042939186096191406"><skipped message="Suite splitting in effect" type="pytest.skip">src/pymortests/affine_grid.py:275: Suite splitting in effect</skipped></testcase><testcase classname="src.pymortests.affine_grid" file="src/pymortests/affine_grid.py" line="275" name="test_quadrature_points_values[&lt;lambda&gt;34]" time="0.0003993511199951172"><skipped message="Suite splitting in effect" type="pytest.skip">src/pymortests/affine_grid.py:275: Suite splitting in effect</skipped></testcase><testcase classname="src.pymortests.affine_grid" file="src/pymortests/affine_grid.py" line="275" name="test_quadrature_points_values[&lt;lambda&gt;35]" time="0.0009081363677978516"><skipped message="Suite splitting in effect" type="pytest.skip">src/pymortests/affine_grid.py:275: Suite splitting in effect</skipped></testcase><testcase classname="src.pymortests.affine_grid" file="src/pymortests/affine_grid.py" line="275" name="test_quadrature_points_values[&lt;lambda&gt;36]" time="0.0004322528839111328"><skipped message="Suite splitting in effect" type="pytest.skip">src/pymortests/affine_grid.py:275: Suite splitting in effect</skipped></testcase><testcase classname="src.pymortests.affine_grid" file="src/pymortests/affine_grid.py" line="275" name="test_quadrature_points_values[&lt;lambda&gt;37]" time="0.00042366981506347656"><skipped message="Suite splitting in effect" type="pytest.skip">src/pymortests/affine_grid.py:275: Suite splitting in effect</skipped></testcase><testcase classname="src.pymortests.affine_grid" file="src/pymortests/affine_grid.py" line="275" name="test_quadrature_points_values[&lt;lambda&gt;38]" time="0.0003857612609863281"><skipped message="Suite splitting in effect" type="pytest.skip">src/pymortests/affine_grid.py:275: Suite splitting in effect</skipped></testcase><testcase classname="src.pymortests.affine_grid" file="src/pymortests/affine_grid.py" line="275" name="test_quadrature_points_values[&lt;lambda&gt;39]" time="0.0005056858062744141"><skipped message="Suite splitting in effect" type="pytest.skip">src/pymortests/affine_grid.py:275: Suite splitting in effect</skipped></testcase><testcase classname="src.pymortests.affine_grid" file="src/pymortests/affine_grid.py" line="275" name="test_quadrature_points_values[&lt;lambda&gt;40]" time="0.00039196014404296875"><skipped message="Suite splitting in effect" type="pytest.skip">src/pymortests/affine_grid.py:275: Suite splitting in effect</skipped></testcase><testcase classname="src.pymortests.affine_grid" file="src/pymortests/affine_grid.py" line="275" name="test_quadrature_points_values[&lt;lambda&gt;41]" time="0.0004169940948486328"><skipped message="Suite splitting in effect" type="pytest.skip">src/pymortests/affine_grid.py:275: Suite splitting in effect</skipped></testcase><testcase classname="src.pymortests.affine_grid" file="src/pymortests/affine_grid.py" line="275" name="test_quadrature_points_values[&lt;lambda&gt;42]" time="0.0003924369812011719"><skipped message="Suite splitting in effect" type="pytest.skip">src/pymortests/affine_grid.py:275: Suite splitting in effect</skipped></testcase><testcase classname="src.pymortests.affine_grid" file="src/pymortests/affine_grid.py" line="288" name="test_bounding_box[&lt;lambda&gt;0]" time="0.0006859302520751953"><skipped message="Suite splitting in effect" type="pytest.skip">src/pymortests/affine_grid.py:288: Suite splitting in effect</skipped></testcase><testcase classname="src.pymortests.affine_grid" file="src/pymortests/affine_grid.py" line="288" name="test_bounding_box[&lt;lambda&gt;1]" time="0.00038933753967285156"><skipped message="Suite splitting in effect" type="pytest.skip">src/pymortests/affine_grid.py:288: Suite splitting in effect</skipped></testcase><testcase classname="src.pymortests.affine_grid" file="src/pymortests/affine_grid.py" line="288" name="test_bounding_box[&lt;lambda&gt;2]" time="0.00042819976806640625"><skipped message="Suite splitting in effect" type="pytest.skip">src/pymortests/affine_grid.py:288: Suite splitting in effect</skipped></testcase><testcase classname="src.pymortests.affine_grid" file="src/pymortests/affine_grid.py" line="288" name="test_bounding_box[&lt;lambda&gt;3]" time="0.00039887428283691406"><skipped message="Suite splitting in effect" type="pytest.skip">src/pymortests/affine_grid.py:288: Suite splitting in effect</skipped></testcase><testcase classname="src.pymortests.affine_grid" file="src/pymortests/affine_grid.py" line="288" name="test_bounding_box[&lt;lambda&gt;4]" time="0.0003979206085205078"><skipped message="Suite splitting in effect" type="pytest.skip">src/pymortests/affine_grid.py:288: Suite splitting in effect</skipped></testcase><testcase classname="src.pymortests.affine_grid" file="src/pymortests/affine_grid.py" line="288" name="test_bounding_box[&lt;lambda&gt;5]" time="0.00038695335388183594"><skipped message="Suite splitting in effect" type="pytest.skip">src/pymortests/affine_grid.py:288: Suite splitting in effect</skipped></testcase><testcase classname="src.pymortests.affine_grid" file="src/pymortests/affine_grid.py" line="288" name="test_bounding_box[&lt;lambda&gt;6]" time="0.00045490264892578125"><skipped message="Suite splitting in effect" type="pytest.skip">src/pymortests/affine_grid.py:288: Suite splitting in effect</skipped></testcase><testcase classname="src.pymortests.affine_grid" file="src/pymortests/affine_grid.py" line="288" name="test_bounding_box[&lt;lambda&gt;7]" time="0.0004208087921142578"><skipped message="Suite splitting in effect" type="pytest.skip">src/pymortests/affine_grid.py:288: Suite splitting in effect</skipped></testcase><testcase classname="src.pymortests.affine_grid" file="src/pymortests/affine_grid.py" line="288" name="test_bounding_box[&lt;lambda&gt;8]" time="0.0006990432739257812"><skipped message="Suite splitting in effect" type="pytest.skip">src/pymortests/affine_grid.py:288: Suite splitting in effect</skipped></testcase><testcase classname="src.pymortests.affine_grid" file="src/pymortests/affine_grid.py" line="288" name="test_bounding_box[&lt;lambda&gt;9]" time="0.00038361549377441406"><skipped message="Suite splitting in effect" type="pytest.skip">src/pymortests/affine_grid.py:288: Suite splitting in effect</skipped></testcase><testcase classname="src.pymortests.affine_grid" file="src/pymortests/affine_grid.py" line="288" name="test_bounding_box[&lt;lambda&gt;10]" time="0.00041031837463378906"><skipped message="Suite splitting in effect" type="pytest.skip">src/pymortests/affine_grid.py:288: Suite splitting in effect</skipped></testcase><testcase classname="src.pymortests.affine_grid" file="src/pymortests/affine_grid.py" line="288" name="test_bounding_box[&lt;lambda&gt;11]" time="0.0004334449768066406"><skipped message="Suite splitting in effect" type="pytest.skip">src/pymortests/affine_grid.py:288: Suite splitting in effect</skipped></testcase><testcase classname="src.pymortests.affine_grid" file="src/pymortests/affine_grid.py" line="288" name="test_bounding_box[&lt;lambda&gt;12]" time="0.0003952980041503906"><skipped message="Suite splitting in effect" type="pytest.skip">src/pymortests/affine_grid.py:288: Suite splitting in effect</skipped></testcase><testcase classname="src.pymortests.affine_grid" file="src/pymortests/affine_grid.py" line="288" name="test_bounding_box[&lt;lambda&gt;13]" time="0.00038743019104003906"><skipped message="Suite splitting in effect" type="pytest.skip">src/pymortests/affine_grid.py:288: Suite splitting in effect</skipped></testcase><testcase classname="src.pymortests.affine_grid" file="src/pymortests/affine_grid.py" line="288" name="test_bounding_box[&lt;lambda&gt;14]" time="0.00041031837463378906"><skipped message="Suite splitting in effect" type="pytest.skip">src/pymortests/affine_grid.py:288: Suite splitting in effect</skipped></testcase><testcase classname="src.pymortests.affine_grid" file="src/pymortests/affine_grid.py" line="288" name="test_bounding_box[&lt;lambda&gt;15]" time="0.0004208087921142578"><skipped message="Suite splitting in effect" type="pytest.skip">src/pymortests/affine_grid.py:288: Suite splitting in effect</skipped></testcase><testcase classname="src.pymortests.affine_grid" file="src/pymortests/affine_grid.py" line="288" name="test_bounding_box[&lt;lambda&gt;16]" time="0.0006468296051025391"><skipped message="Suite splitting in effect" type="pytest.skip">src/pymortests/affine_grid.py:288: Suite splitting in effect</skipped></testcase><testcase classname="src.pymortests.affine_grid" file="src/pymortests/affine_grid.py" line="288" name="test_bounding_box[&lt;lambda&gt;17]" time="0.0004134178161621094"><skipped message="Suite splitting in effect" type="pytest.skip">src/pymortests/affine_grid.py:288: Suite splitting in effect</skipped></testcase><testcase classname="src.pymortests.affine_grid" file="src/pymortests/affine_grid.py" line="288" name="test_bounding_box[&lt;lambda&gt;18]" time="0.0004150867462158203"><skipped message="Suite splitting in effect" type="pytest.skip">src/pymortests/affine_grid.py:288: Suite splitting in effect</skipped></testcase><testcase classname="src.pymortests.affine_grid" file="src/pymortests/affine_grid.py" line="288" name="test_bounding_box[&lt;lambda&gt;19]" time="0.0004229545593261719"><skipped message="Suite splitting in effect" type="pytest.skip">src/pymortests/affine_grid.py:288: Suite splitting in effect</skipped></testcase><testcase classname="src.pymortests.affine_grid" file="src/pymortests/affine_grid.py" line="288" name="test_bounding_box[&lt;lambda&gt;20]" time="0.0004127025604248047"><skipped message="Suite splitting in effect" type="pytest.skip">src/pymortests/affine_grid.py:288: Suite splitting in effect</skipped></testcase><testcase classname="src.pymortests.affine_grid" file="src/pymortests/affine_grid.py" line="288" name="test_bounding_box[&lt;lambda&gt;21]" time="0.0003902912139892578"><skipped message="Suite splitting in effect" type="pytest.skip">src/pymortests/affine_grid.py:288: Suite splitting in effect</skipped></testcase><testcase classname="src.pymortests.affine_grid" file="src/pymortests/affine_grid.py" line="288" name="test_bounding_box[&lt;lambda&gt;22]" time="0.00038361549377441406"><skipped message="Suite splitting in effect" type="pytest.skip">src/pymortests/affine_grid.py:288: Suite splitting in effect</skipped></testcase><testcase classname="src.pymortests.affine_grid" file="src/pymortests/affine_grid.py" line="288" name="test_bounding_box[&lt;lambda&gt;23]" time="0.0003921985626220703"><skipped message="Suite splitting in effect" type="pytest.skip">src/pymortests/affine_grid.py:288: Suite splitting in effect</skipped></testcase><testcase classname="src.pymortests.affine_grid" file="src/pymortests/affine_grid.py" line="288" name="test_bounding_box[&lt;lambda&gt;24]" time="0.0006737709045410156"><skipped message="Suite splitting in effect" type="pytest.skip">src/pymortests/affine_grid.py:288: Suite splitting in effect</skipped></testcase><testcase classname="src.pymortests.affine_grid" file="src/pymortests/affine_grid.py" line="288" name="test_bounding_box[&lt;lambda&gt;25]" time="0.0003993511199951172"><skipped message="Suite splitting in effect" type="pytest.skip">src/pymortests/affine_grid.py:288: Suite splitting in effect</skipped></testcase><testcase classname="src.pymortests.affine_grid" file="src/pymortests/affine_grid.py" line="288" name="test_bounding_box[&lt;lambda&gt;26]" time="0.00038743019104003906"><skipped message="Suite splitting in effect" type="pytest.skip">src/pymortests/affine_grid.py:288: Suite splitting in effect</skipped></testcase><testcase classname="src.pymortests.affine_grid" file="src/pymortests/affine_grid.py" line="288" name="test_bounding_box[&lt;lambda&gt;27]" time="0.0003895759582519531"><skipped message="Suite splitting in effect" type="pytest.skip">src/pymortests/affine_grid.py:288: Suite splitting in effect</skipped></testcase><testcase classname="src.pymortests.affine_grid" file="src/pymortests/affine_grid.py" line="288" name="test_bounding_box[&lt;lambda&gt;28]" time="0.0005435943603515625"><skipped message="Suite splitting in effect" type="pytest.skip">src/pymortests/affine_grid.py:288: Suite splitting in effect</skipped></testcase><testcase classname="src.pymortests.affine_grid" file="src/pymortests/affine_grid.py" line="288" name="test_bounding_box[&lt;lambda&gt;29]" time="0.00042748451232910156"><skipped message="Suite splitting in effect" type="pytest.skip">src/pymortests/affine_grid.py:288: Suite splitting in effect</skipped></testcase><testcase classname="src.pymortests.affine_grid" file="src/pymortests/affine_grid.py" line="288" name="test_bounding_box[&lt;lambda&gt;30]" time="0.0004336833953857422"><skipped message="Suite splitting in effect" type="pytest.skip">src/pymortests/affine_grid.py:288: Suite splitting in effect</skipped></testcase><testcase classname="src.pymortests.affine_grid" file="src/pymortests/affine_grid.py" line="288" name="test_bounding_box[&lt;lambda&gt;31]" time="0.00039315223693847656"><skipped message="Suite splitting in effect" type="pytest.skip">src/pymortests/affine_grid.py:288: Suite splitting in effect</skipped></testcase><testcase classname="src.pymortests.affine_grid" file="src/pymortests/affine_grid.py" line="288" name="test_bounding_box[&lt;lambda&gt;32]" time="0.0006728172302246094"><skipped message="Suite splitting in effect" type="pytest.skip">src/pymortests/affine_grid.py:288: Suite splitting in effect</skipped></testcase><testcase classname="src.pymortests.affine_grid" file="src/pymortests/affine_grid.py" line="288" name="test_bounding_box[&lt;lambda&gt;33]" time="0.0004029273986816406"><skipped message="Suite splitting in effect" type="pytest.skip">src/pymortests/affine_grid.py:288: Suite splitting in effect</skipped></testcase><testcase classname="src.pymortests.affine_grid" file="src/pymortests/affine_grid.py" line="288" name="test_bounding_box[&lt;lambda&gt;34]" time="0.0003921985626220703"><skipped message="Suite splitting in effect" type="pytest.skip">src/pymortests/affine_grid.py:288: Suite splitting in effect</skipped></testcase><testcase classname="src.pymortests.affine_grid" file="src/pymortests/affine_grid.py" line="288" name="test_bounding_box[&lt;lambda&gt;35]" time="0.00040340423583984375"><skipped message="Suite splitting in effect" type="pytest.skip">src/pymortests/affine_grid.py:288: Suite splitting in effect</skipped></testcase><testcase classname="src.pymortests.affine_grid" file="src/pymortests/affine_grid.py" line="288" name="test_bounding_box[&lt;lambda&gt;36]" time="0.00040721893310546875"><skipped message="Suite splitting in effect" type="pytest.skip">src/pymortests/affine_grid.py:288: Suite splitting in effect</skipped></testcase><testcase classname="src.pymortests.affine_grid" file="src/pymortests/affine_grid.py" line="288" name="test_bounding_box[&lt;lambda&gt;37]" time="0.0004189014434814453"><skipped message="Suite splitting in effect" type="pytest.skip">src/pymortests/affine_grid.py:288: Suite splitting in effect</skipped></testcase><testcase classname="src.pymortests.affine_grid" file="src/pymortests/affine_grid.py" line="288" name="test_bounding_box[&lt;lambda&gt;38]" time="0.00038695335388183594"><skipped message="Suite splitting in effect" type="pytest.skip">src/pymortests/affine_grid.py:288: Suite splitting in effect</skipped></testcase><testcase classname="src.pymortests.affine_grid" file="src/pymortests/affine_grid.py" line="288" name="test_bounding_box[&lt;lambda&gt;39]" time="0.0004298686981201172"><skipped message="Suite splitting in effect" type="pytest.skip">src/pymortests/affine_grid.py:288: Suite splitting in effect</skipped></testcase><testcase classname="src.pymortests.affine_grid" file="src/pymortests/affine_grid.py" line="288" name="test_bounding_box[&lt;lambda&gt;40]" time="0.0006601810455322266"><skipped message="Suite splitting in effect" type="pytest.skip">src/pymortests/affine_grid.py:288: Suite splitting in effect</skipped></testcase><testcase classname="src.pymortests.affine_grid" file="src/pymortests/affine_grid.py" line="288" name="test_bounding_box[&lt;lambda&gt;41]" time="0.00042247772216796875"><skipped message="Suite splitting in effect" type="pytest.skip">src/pymortests/affine_grid.py:288: Suite splitting in effect</skipped></testcase><testcase classname="src.pymortests.affine_grid" file="src/pymortests/affine_grid.py" line="288" name="test_bounding_box[&lt;lambda&gt;42]" time="0.0004076957702636719"><skipped message="Suite splitting in effect" type="pytest.skip">src/pymortests/affine_grid.py:288: Suite splitting in effect</skipped></testcase><testcase classname="src.pymortests.affine_grid" file="src/pymortests/affine_grid.py" line="297" name="test_orthogonal_centers[&lt;lambda&gt;0]" time="0.00041413307189941406"><skipped message="Suite splitting in effect" type="pytest.skip">src/pymortests/affine_grid.py:297: Suite splitting in effect</skipped></testcase><testcase classname="src.pymortests.affine_grid" file="src/pymortests/affine_grid.py" line="297" name="test_orthogonal_centers[&lt;lambda&gt;1]" time="0.00038552284240722656"><skipped message="Suite splitting in effect" type="pytest.skip">src/pymortests/affine_grid.py:297: Suite splitting in effect</skipped></testcase><testcase classname="src.pymortests.affine_grid" file="src/pymortests/affine_grid.py" line="297" name="test_orthogonal_centers[&lt;lambda&gt;2]" time="0.0003857612609863281"><skipped message="Suite splitting in effect" type="pytest.skip">src/pymortests/affine_grid.py:297: Suite splitting in effect</skipped></testcase><testcase classname="src.pymortests.affine_grid" file="src/pymortests/affine_grid.py" line="297" name="test_orthogonal_centers[&lt;lambda&gt;3]" time="0.00045228004455566406"><skipped message="Suite splitting in effect" type="pytest.skip">src/pymortests/affine_grid.py:297: Suite splitting in effect</skipped></testcase><testcase classname="src.pymortests.affine_grid" file="src/pymortests/affine_grid.py" line="297" name="test_orthogonal_centers[&lt;lambda&gt;4]" time="0.0004177093505859375"><skipped message="Suite splitting in effect" type="pytest.skip">src/pymortests/affine_grid.py:297: Suite splitting in effect</skipped></testcase><testcase classname="src.pymortests.affine_grid" file="src/pymortests/affine_grid.py" line="297" name="test_orthogonal_centers[&lt;lambda&gt;5]" time="0.0006647109985351562"><skipped message="Suite splitting in effect" type="pytest.skip">src/pymortests/affine_grid.py:297: Suite splitting in effect</skipped></testcase><testcase classname="src.pymortests.affine_grid" file="src/pymortests/affine_grid.py" line="297" name="test_orthogonal_centers[&lt;lambda&gt;6]" time="0.00038743019104003906"><skipped message="Suite splitting in effect" type="pytest.skip">src/pymortests/affine_grid.py:297: Suite splitting in effect</skipped></testcase><testcase classname="src.pymortests.affine_grid" file="src/pymortests/affine_grid.py" line="297" name="test_orthogonal_centers[&lt;lambda&gt;7]" time="0.0004241466522216797"><skipped message="Suite splitting in effect" type="pytest.skip">src/pymortests/affine_grid.py:297: Suite splitting in effect</skipped></testcase><testcase classname="src.pymortests.affine_grid" file="src/pymortests/affine_grid.py" line="297" name="test_orthogonal_centers[&lt;lambda&gt;8]" time="0.0011556148529052734"><skipped message="Suite splitting in effect" type="pytest.skip">src/pymortests/affine_grid.py:297: Suite splitting in effect</skipped></testcase><testcase classname="src.pymortests.affine_grid" file="src/pymortests/affine_grid.py" line="297" name="test_orthogonal_centers[&lt;lambda&gt;9]" time="0.0004413127899169922"><skipped message="Suite splitting in effect" type="pytest.skip">src/pymortests/affine_grid.py:297: Suite splitting in effect</skipped></testcase><testcase classname="src.pymortests.affine_grid" file="src/pymortests/affine_grid.py" line="297" name="test_orthogonal_centers[&lt;lambda&gt;10]" time="0.0003960132598876953"><skipped message="Suite splitting in effect" type="pytest.skip">src/pymortests/affine_grid.py:297: Suite splitting in effect</skipped></testcase><testcase classname="src.pymortests.affine_grid" file="src/pymortests/affine_grid.py" line="297" name="test_orthogonal_centers[&lt;lambda&gt;11]" time="0.00040841102600097656"><skipped message="Suite splitting in effect" type="pytest.skip">src/pymortests/affine_grid.py:297: Suite splitting in effect</skipped></testcase><testcase classname="src.pymortests.affine_grid" file="src/pymortests/affine_grid.py" line="297" name="test_orthogonal_centers[&lt;lambda&gt;12]" time="0.0004172325134277344"><skipped message="Suite splitting in effect" type="pytest.skip">src/pymortests/affine_grid.py:297: Suite splitting in effect</skipped></testcase><testcase classname="src.pymortests.affine_grid" file="src/pymortests/affine_grid.py" line="297" name="test_orthogonal_centers[&lt;lambda&gt;13]" time="0.0007109642028808594"><skipped message="Suite splitting in effect" type="pytest.skip">src/pymortests/affine_grid.py:297: Suite splitting in effect</skipped></testcase><testcase classname="src.pymortests.affine_grid" file="src/pymortests/affine_grid.py" line="297" name="test_orthogonal_centers[&lt;lambda&gt;14]" time="0.00042724609375"><skipped message="Suite splitting in effect" type="pytest.skip">src/pymortests/affine_grid.py:297: Suite splitting in effect</skipped></testcase><testcase classname="src.pymortests.affine_grid" file="src/pymortests/affine_grid.py" line="297" name="test_orthogonal_centers[&lt;lambda&gt;15]" time="0.0004353523254394531"><skipped message="Suite splitting in effect" type="pytest.skip">src/pymortests/affine_grid.py:297: Suite splitting in effect</skipped></testcase><testcase classname="src.pymortests.affine_grid" file="src/pymortests/affine_grid.py" line="297" name="test_orthogonal_centers[&lt;lambda&gt;16]" time="0.0004355907440185547"><skipped message="Suite splitting in effect" type="pytest.skip">src/pymortests/affine_grid.py:297: Suite splitting in effect</skipped></testcase><testcase classname="src.pymortests.affine_grid" file="src/pymortests/affine_grid.py" line="297" name="test_orthogonal_centers[&lt;lambda&gt;17]" time="0.00041985511779785156"><skipped message="Suite splitting in effect" type="pytest.skip">src/pymortests/affine_grid.py:297: Suite splitting in effect</skipped></testcase><testcase classname="src.pymortests.analyticalproblem" file="src/pymortests/analyticalproblem.py" line="8" name="test_pickle[analytical_problem0]" time="0.0004725456237792969"><skipped message="Suite splitting in effect" type="pytest.skip">src/pymortests/analyticalproblem.py:8: Suite splitting in effect</skipped></testcase><testcase classname="src.pymortests.analyticalproblem" file="src/pymortests/analyticalproblem.py" line="8" name="test_pickle[analytical_problem1]" time="0.0004074573516845703"><skipped message="Suite splitting in effect" type="pytest.skip">src/pymortests/analyticalproblem.py:8: Suite splitting in effect</skipped></testcase><testcase classname="src.pymortests.analyticalproblem" file="src/pymortests/analyticalproblem.py" line="8" name="test_pickle[analytical_problem2]" time="0.0004069805145263672"><skipped message="Suite splitting in effect" type="pytest.skip">src/pymortests/analyticalproblem.py:8: Suite splitting in effect</skipped></testcase><testcase classname="src.pymortests.analyticalproblem" file="src/pymortests/analyticalproblem.py" line="8" name="test_pickle[analytical_problem3]" time="0.000644683837890625"><skipped message="Suite splitting in effect" type="pytest.skip">src/pymortests/analyticalproblem.py:8: Suite splitting in effect</skipped></testcase><testcase classname="src.pymortests.analyticalproblem" file="src/pymortests/analyticalproblem.py" line="8" name="test_pickle[analytical_problem4]" time="0.00042724609375"><skipped message="Suite splitting in effect" type="pytest.skip">src/pymortests/analyticalproblem.py:8: Suite splitting in effect</skipped></testcase><testcase classname="src.pymortests.analyticalproblem" file="src/pymortests/analyticalproblem.py" line="8" name="test_pickle[analytical_problem5]" time="0.00039267539978027344"><skipped message="Suite splitting in effect" type="pytest.skip">src/pymortests/analyticalproblem.py:8: Suite splitting in effect</skipped></testcase><testcase classname="src.pymortests.analyticalproblem" file="src/pymortests/analyticalproblem.py" line="8" name="test_pickle[analytical_problem6]" time="0.0004315376281738281"><skipped message="Suite splitting in effect" type="pytest.skip">src/pymortests/analyticalproblem.py:8: Suite splitting in effect</skipped></testcase><testcase classname="src.pymortests.analyticalproblem" file="src/pymortests/analyticalproblem.py" line="8" name="test_pickle[analytical_problem7]" time="0.00041174888610839844"><skipped message="Suite splitting in effect" type="pytest.skip">src/pymortests/analyticalproblem.py:8: Suite splitting in effect</skipped></testcase><testcase classname="src.pymortests.analyticalproblem" file="src/pymortests/analyticalproblem.py" line="8" name="test_pickle[analytical_problem8]" time="0.00044155120849609375"><skipped message="Suite splitting in effect" type="pytest.skip">src/pymortests/analyticalproblem.py:8: Suite splitting in effect</skipped></testcase><testcase classname="src.pymortests.analyticalproblem" file="src/pymortests/analyticalproblem.py" line="8" name="test_pickle[analytical_problem9]" time="0.0005381107330322266"><skipped message="Suite splitting in effect" type="pytest.skip">src/pymortests/analyticalproblem.py:8: Suite splitting in effect</skipped></testcase><testcase classname="src.pymortests.analyticalproblem" file="src/pymortests/analyticalproblem.py" line="8" name="test_pickle[analytical_problem10]" time="0.00041794776916503906"><skipped message="Suite splitting in effect" type="pytest.skip">src/pymortests/analyticalproblem.py:8: Suite splitting in effect</skipped></testcase><testcase classname="src.pymortests.analyticalproblem" file="src/pymortests/analyticalproblem.py" line="8" name="test_pickle[analytical_problem11]" time="0.0006601810455322266"><skipped message="Suite splitting in effect" type="pytest.skip">src/pymortests/analyticalproblem.py:8: Suite splitting in effect</skipped></testcase><testcase classname="src.pymortests.analyticalproblem" file="src/pymortests/analyticalproblem.py" line="8" name="test_pickle[analytical_problem12]" time="0.0004923343658447266"><skipped message="Suite splitting in effect" type="pytest.skip">src/pymortests/analyticalproblem.py:8: Suite splitting in effect</skipped></testcase><testcase classname="src.pymortests.analyticalproblem" file="src/pymortests/analyticalproblem.py" line="8" name="test_pickle[analytical_problem13]" time="0.00038743019104003906"><skipped message="Suite splitting in effect" type="pytest.skip">src/pymortests/analyticalproblem.py:8: Suite splitting in effect</skipped></testcase><testcase classname="src.pymortests.analyticalproblem" file="src/pymortests/analyticalproblem.py" line="8" name="test_pickle[analytical_problem14]" time="0.00038623809814453125"><skipped message="Suite splitting in effect" type="pytest.skip">src/pymortests/analyticalproblem.py:8: Suite splitting in effect</skipped></testcase><testcase classname="src.pymortests.analyticalproblem" file="src/pymortests/analyticalproblem.py" line="8" name="test_pickle[analytical_problem15]" time="0.00041866302490234375"><skipped message="Suite splitting in effect" type="pytest.skip">src/pymortests/analyticalproblem.py:8: Suite splitting in effect</skipped></testcase><testcase classname="src.pymortests.analyticalproblem" file="src/pymortests/analyticalproblem.py" line="12" name="test_pickle_without_dumps_function[picklable_analytical_problem0]" time="0.00042128562927246094"><skipped message="Suite splitting in effect" type="pytest.skip">src/pymortests/analyticalproblem.py:12: Suite splitting in effect</skipped></testcase><testcase classname="src.pymortests.analyticalproblem" file="src/pymortests/analyticalproblem.py" line="12" name="test_pickle_without_dumps_function[picklable_analytical_problem1]" time="0.000423431396484375"><skipped message="Suite splitting in effect" type="pytest.skip">src/pymortests/analyticalproblem.py:12: Suite splitting in effect</skipped></testcase><testcase classname="src.pymortests.analyticalproblem" file="src/pymortests/analyticalproblem.py" line="12" name="test_pickle_without_dumps_function[picklable_analytical_problem2]" time="0.0003917217254638672"><skipped message="Suite splitting in effect" type="pytest.skip">src/pymortests/analyticalproblem.py:12: Suite splitting in effect</skipped></testcase><testcase classname="src.pymortests.analyticalproblem" file="src/pymortests/analyticalproblem.py" line="12" name="test_pickle_without_dumps_function[picklable_analytical_problem3]" time="0.0006597042083740234"><skipped message="Suite splitting in effect" type="pytest.skip">src/pymortests/analyticalproblem.py:12: Suite splitting in effect</skipped></testcase><testcase classname="src.pymortests.analyticalproblem" file="src/pymortests/analyticalproblem.py" line="12" name="test_pickle_without_dumps_function[picklable_analytical_problem4]" time="0.00044465065002441406"><skipped message="Suite splitting in effect" type="pytest.skip">src/pymortests/analyticalproblem.py:12: Suite splitting in effect</skipped></testcase><testcase classname="src.pymortests.analyticalproblem" file="src/pymortests/analyticalproblem.py" line="12" name="test_pickle_without_dumps_function[picklable_analytical_problem5]" time="0.0004153251647949219"><skipped message="Suite splitting in effect" type="pytest.skip">src/pymortests/analyticalproblem.py:12: Suite splitting in effect</skipped></testcase><testcase classname="src.pymortests.analyticalproblem" file="src/pymortests/analyticalproblem.py" line="12" name="test_pickle_without_dumps_function[picklable_analytical_problem6]" time="0.0003886222839355469"><skipped message="Suite splitting in effect" type="pytest.skip">src/pymortests/analyticalproblem.py:12: Suite splitting in effect</skipped></testcase><testcase classname="src.pymortests.analyticalproblem" file="src/pymortests/analyticalproblem.py" line="12" name="test_pickle_without_dumps_function[picklable_analytical_problem7]" time="0.0004024505615234375"><skipped message="Suite splitting in effect" type="pytest.skip">src/pymortests/analyticalproblem.py:12: Suite splitting in effect</skipped></testcase><testcase classname="src.pymortests.analyticalproblem" file="src/pymortests/analyticalproblem.py" line="12" name="test_pickle_without_dumps_function[picklable_analytical_problem8]" time="0.0003814697265625"><skipped message="Suite splitting in effect" type="pytest.skip">src/pymortests/analyticalproblem.py:12: Suite splitting in effect</skipped></testcase><testcase classname="src.pymortests.analyticalproblem" file="src/pymortests/analyticalproblem.py" line="12" name="test_pickle_without_dumps_function[picklable_analytical_problem9]" time="0.0004191398620605469"><skipped message="Suite splitting in effect" type="pytest.skip">src/pymortests/analyticalproblem.py:12: Suite splitting in effect</skipped></testcase><testcase classname="src.pymortests.analyticalproblem" file="src/pymortests/analyticalproblem.py" line="12" name="test_pickle_without_dumps_function[picklable_analytical_problem10]" time="0.0004086494445800781"><skipped message="Suite splitting in effect" type="pytest.skip">src/pymortests/analyticalproblem.py:12: Suite splitting in effect</skipped></testcase><testcase classname="src.pymortests.analyticalproblem" file="src/pymortests/analyticalproblem.py" line="12" name="test_pickle_without_dumps_function[picklable_analytical_problem11]" time="0.0008680820465087891"><skipped message="Suite splitting in effect" type="pytest.skip">src/pymortests/analyticalproblem.py:12: Suite splitting in effect</skipped></testcase><testcase classname="src.pymortests.basic" file="src/pymortests/basic.py" line="5" name="test_importable" time="0.0004935264587402344"><skipped message="Suite splitting in effect" type="pytest.skip">src/pymortests/basic.py:5: Suite splitting in effect</skipped></testcase><testcase classname="src.pymortests.block" file="src/pymortests/block.py" line="13" name="test_apply" time="0.00047898292541503906"><skipped message="Suite splitting in effect" type="pytest.skip">src/pymortests/block.py:13: Suite splitting in effect</skipped></testcase><testcase classname="src.pymortests.block" file="src/pymortests/block.py" line="39" name="test_apply_adjoint" time="0.00041294097900390625"><skipped message="Suite splitting in effect" type="pytest.skip">src/pymortests/block.py:39: Suite splitting in effect</skipped></testcase><testcase classname="src.pymortests.block" file="src/pymortests/block.py" line="65" name="test_block_diagonal" time="0.0004036426544189453"><skipped message="Suite splitting in effect" type="pytest.skip">src/pymortests/block.py:65: Suite splitting in effect</skipped></testcase><testcase classname="src.pymortests.block" file="src/pymortests/block.py" line="76" name="test_blk_diag_apply_inverse" time="0.00038886070251464844"><skipped message="Suite splitting in effect" type="pytest.skip">src/pymortests/block.py:76: Suite splitting in effect</skipped></testcase><testcase classname="src.pymortests.block" file="src/pymortests/block.py" line="98" name="test_blk_diag_apply_inverse_adjoint" time="0.0004105567932128906"><skipped message="Suite splitting in effect" type="pytest.skip">src/pymortests/block.py:98: Suite splitting in effect</skipped></testcase><testcase classname="src.pymortests.cache.TestCache" file="src/pymortests/cache.py" line="57" name="test_runtime" time="0.00046539306640625"><skipped message="Suite splitting in effect" type="pytest.skip">src/pymortests/cache.py:57: Suite splitting in effect</skipped></testcase><testcase classname="src.pymortests.cache.TestCache" file="src/pymortests/cache.py" line="83" name="test_region_api" time="0.0006833076477050781"><skipped message="Suite splitting in effect" type="pytest.skip">src/pymortests/cache.py:83: Suite splitting in effect</skipped></testcase><testcase classname="src.pymortests.complex_values" file="src/pymortests/complex_values.py" line="10" name="test_complex" time="0.00045800209045410156"><skipped message="Suite splitting in effect" type="pytest.skip">src/pymortests/complex_values.py:10: Suite splitting in effect</skipped></testcase><testcase classname="src.pymortests.complex_values" file="src/pymortests/complex_values.py" line="64" name="test_real_imag" time="0.00041174888610839844"><skipped message="Suite splitting in effect" type="pytest.skip">src/pymortests/complex_values.py:64: Suite splitting in effect</skipped></testcase><testcase classname="src.pymortests.complex_values" file="src/pymortests/complex_values.py" line="81" name="test_scal" time="0.00041794776916503906"><skipped message="Suite splitting in effect" type="pytest.skip">src/pymortests/complex_values.py:81: Suite splitting in effect</skipped></testcase><testcase classname="src.pymortests.complex_values" file="src/pymortests/complex_values.py" line="94" name="test_axpy" time="0.0004107952117919922"><skipped message="Suite splitting in effect" type="pytest.skip">src/pymortests/complex_values.py:94: Suite splitting in effect</skipped></testcase><testcase classname="src.pymortests.complex_values" file="src/pymortests/complex_values.py" line="106" name="test_dot" time="0.0004093647003173828"><skipped message="Suite splitting in effect" type="pytest.skip">src/pymortests/complex_values.py:106: Suite splitting in effect</skipped></testcase><testcase classname="src.pymortests.complex_values" file="src/pymortests/complex_values.py" line="113" name="test_pairwise_dot" time="0.0004138946533203125"><skipped message="Suite splitting in effect" type="pytest.skip">src/pymortests/complex_values.py:113: Suite splitting in effect</skipped></testcase><testcase classname="src.pymortests.demos" file="src/pymortests/demos.py" line="175" name="test_demos[elliptic:&apos;0 0 0 0&apos;]" time="0.00048089027404785156"><skipped message="Suite splitting in effect" type="pytest.skip">src/pymortests/demos.py:175: Suite splitting in effect</skipped></testcase><testcase classname="src.pymortests.demos" file="src/pymortests/demos.py" line="175" name="test_demos[elliptic:&apos;1 2 0 3&apos;]" time="0.0006401538848876953"><skipped message="Suite splitting in effect" type="pytest.skip">src/pymortests/demos.py:175: Suite splitting in effect</skipped></testcase><testcase classname="src.pymortests.demos" file="src/pymortests/demos.py" line="175" name="test_demos[elliptic:&apos;--rect 1 2 0 3&apos;]" time="0.0003859996795654297"><skipped message="Suite splitting in effect" type="pytest.skip">src/pymortests/demos.py:175: Suite splitting in effect</skipped></testcase><testcase classname="src.pymortests.demos" file="src/pymortests/demos.py" line="175" name="test_demos[elliptic:&apos;0 0 2 1&apos;]" time="0.0003914833068847656"><skipped message="Suite splitting in effect" type="pytest.skip">src/pymortests/demos.py:175: Suite splitting in effect</skipped></testcase><testcase classname="src.pymortests.demos" file="src/pymortests/demos.py" line="175" name="test_demos[elliptic:&apos;--fv 0 0 0 0&apos;]" time="0.0004105567932128906"><skipped message="Suite splitting in effect" type="pytest.skip">src/pymortests/demos.py:175: Suite splitting in effect</skipped></testcase><testcase classname="src.pymortests.demos" file="src/pymortests/demos.py" line="175" name="test_demos[elliptic:&apos;--fv 1 2 0 3&apos;]" time="0.0004112720489501953"><skipped message="Suite splitting in effect" type="pytest.skip">src/pymortests/demos.py:175: Suite splitting in effect</skipped></testcase><testcase classname="src.pymortests.demos" file="src/pymortests/demos.py" line="175" name="test_demos[elliptic:&apos;--fv --rect 1 2 0 3&apos;]" time="0.0003952980041503906"><skipped message="Suite splitting in effect" type="pytest.skip">src/pymortests/demos.py:175: Suite splitting in effect</skipped></testcase><testcase classname="src.pymortests.demos" file="src/pymortests/demos.py" line="175" name="test_demos[elliptic:&apos;--fv 0 0 2 1&apos;]" time="0.00040149688720703125"><skipped message="Suite splitting in effect" type="pytest.skip">src/pymortests/demos.py:175: Suite splitting in effect</skipped></testcase><testcase classname="src.pymortests.demos" file="src/pymortests/demos.py" line="175" name="test_demos[elliptic2:&apos;1 20&apos;]" time="0.00037932395935058594"><skipped message="Suite splitting in effect" type="pytest.skip">src/pymortests/demos.py:175: Suite splitting in effect</skipped></testcase><testcase classname="src.pymortests.demos" file="src/pymortests/demos.py" line="175" name="test_demos[elliptic2:&apos;--fv 1 20&apos;]" time="0.0006494522094726562"><skipped message="Suite splitting in effect" type="pytest.skip">src/pymortests/demos.py:175: Suite splitting in effect</skipped></testcase><testcase classname="src.pymortests.demos" file="src/pymortests/demos.py" line="175" name="test_demos[elliptic_oned:&apos;1 20&apos;]" time="0.0003933906555175781"><skipped message="Suite splitting in effect" type="pytest.skip">src/pymortests/demos.py:175: Suite splitting in effect</skipped></testcase><testcase classname="src.pymortests.demos" file="src/pymortests/demos.py" line="175" name="test_demos[elliptic_oned:&apos;--fv 1 20&apos;]" time="0.00039887428283691406"><skipped message="Suite splitting in effect" type="pytest.skip">src/pymortests/demos.py:175: Suite splitting in effect</skipped></testcase><testcase classname="src.pymortests.demos" file="src/pymortests/demos.py" line="175" name="test_demos[burgers:&apos;--num-flux=lax_friedrichs 0.1&apos;]" time="0.0004036426544189453"><skipped message="Suite splitting in effect" type="pytest.skip">src/pymortests/demos.py:175: Suite splitting in effect</skipped></testcase><testcase classname="src.pymortests.demos" file="src/pymortests/demos.py" line="175" name="test_demos[burgers:&apos;--num-flux=engquist_osher 0.1&apos;]" time="0.00042247772216796875"><skipped message="Suite splitting in effect" type="pytest.skip">src/pymortests/demos.py:175: Suite splitting in effect</skipped></testcase><testcase classname="src.pymortests.demos" file="src/pymortests/demos.py" line="175" name="test_demos[burgers:&apos;--num-flux=simplified_engquist_osher 0.1&apos;]" time="0.0004119873046875"><skipped message="Suite splitting in effect" type="pytest.skip">src/pymortests/demos.py:175: Suite splitting in effect</skipped></testcase><testcase classname="src.pymortests.demos" file="src/pymortests/demos.py" line="175" name="test_demos[parabolic:&apos;heat 1&apos;]" time="0.000385284423828125"><skipped message="Suite splitting in effect" type="pytest.skip">src/pymortests/demos.py:175: Suite splitting in effect</skipped></testcase><testcase classname="src.pymortests.demos" file="src/pymortests/demos.py" line="175" name="test_demos[parabolic:&apos;heat --rect 1&apos;]" time="0.00038361549377441406"><skipped message="Suite splitting in effect" type="pytest.skip">src/pymortests/demos.py:175: Suite splitting in effect</skipped></testcase><testcase classname="src.pymortests.demos" file="src/pymortests/demos.py" line="175" name="test_demos[parabolic:&apos;heat --fv 1&apos;]" time="0.0006501674652099609"><skipped message="Suite splitting in effect" type="pytest.skip">src/pymortests/demos.py:175: Suite splitting in effect</skipped></testcase><testcase classname="src.pymortests.demos" file="src/pymortests/demos.py" line="175" name="test_demos[parabolic:&apos;heat --rect --fv 1&apos;]" time="0.00040984153747558594"><skipped message="Suite splitting in effect" type="pytest.skip">src/pymortests/demos.py:175: Suite splitting in effect</skipped></testcase><testcase classname="src.pymortests.demos" file="src/pymortests/demos.py" line="175" name="test_demos[parabolic:&apos;dar 1&apos;]" time="0.0003886222839355469"><skipped message="Suite splitting in effect" type="pytest.skip">src/pymortests/demos.py:175: Suite splitting in effect</skipped></testcase><testcase classname="src.pymortests.demos" file="src/pymortests/demos.py" line="175" name="test_demos[parabolic:&apos;dar --rect 1&apos;]" time="0.00039124488830566406"><skipped message="Suite splitting in effect" type="pytest.skip">src/pymortests/demos.py:175: Suite splitting in effect</skipped></testcase><testcase classname="src.pymortests.demos" file="src/pymortests/demos.py" line="175" name="test_demos[elliptic_unstructured:&apos;6.0 16 0.1&apos;]" time="0.00038552284240722656"><skipped message="Suite splitting in effect" type="pytest.skip">src/pymortests/demos.py:175: Suite splitting in effect</skipped></testcase><testcase classname="src.pymortests.demos" file="src/pymortests/demos.py" line="175" name="test_demos[thermalblock:&apos;--plot-solutions --plot-err --plot-error-sequence 2 2 3 5&apos;]" time="0.0004088878631591797"><skipped message="Suite splitting in effect" type="pytest.skip">src/pymortests/demos.py:175: Suite splitting in effect</skipped></testcase><testcase classname="src.pymortests.demos" file="src/pymortests/demos.py" line="175" name="test_demos[thermalblock:&apos;--fenics 2 2 3 5&apos;]" time="0.0004215240478515625"><skipped message="Suite splitting in effect" type="pytest.skip">src/pymortests/demos.py:175: Suite splitting in effect</skipped></testcase><testcase classname="src.pymortests.demos" file="src/pymortests/demos.py" line="175" name="test_demos[thermalblock:&apos;--greedy-without-estimator 3 1 2 5&apos;]" time="0.0003886222839355469"><skipped message="Suite splitting in effect" type="pytest.skip">src/pymortests/demos.py:175: Suite splitting in effect</skipped></testcase><testcase classname="src.pymortests.demos" file="src/pymortests/demos.py" line="175" name="test_demos[thermalblock:&apos;--alg=pod 2 2 3 5&apos;]" time="0.0006530284881591797"><skipped message="Suite splitting in effect" type="pytest.skip">src/pymortests/demos.py:175: Suite splitting in effect</skipped></testcase><testcase classname="src.pymortests.demos" file="src/pymortests/demos.py" line="175" name="test_demos[thermalblock:&apos;--alg=adaptive_greedy 2 2 10 30&apos;]" time="0.00040650367736816406"><skipped message="Suite splitting in effect" type="pytest.skip">src/pymortests/demos.py:175: Suite splitting in effect</skipped></testcase><testcase classname="src.pymortests.demos" file="src/pymortests/demos.py" line="175" name="test_demos[thermalblock:&apos;--alg=naive --reductor=traditional 2 2 10 5&apos;]" time="0.0004048347473144531"><skipped message="Suite splitting in effect" type="pytest.skip">src/pymortests/demos.py:175: Suite splitting in effect</skipped></testcase><testcase classname="src.pymortests.demos" file="src/pymortests/demos.py" line="175" name="test_demos[thermalblock_adaptive:&apos;10&apos;]" time="0.0004215240478515625"><skipped message="Suite splitting in effect" type="pytest.skip">src/pymortests/demos.py:175: Suite splitting in effect</skipped></testcase><testcase classname="src.pymortests.demos" file="src/pymortests/demos.py" line="175" name="test_demos[thermalblock_adaptive:&apos;--no-visualize-refinement 10&apos;]" time="0.0004100799560546875"><skipped message="Suite splitting in effect" type="pytest.skip">src/pymortests/demos.py:175: Suite splitting in effect</skipped></testcase><testcase classname="src.pymortests.demos" file="src/pymortests/demos.py" line="175" name="test_demos[thermalblock_simple:&apos;pymor naive 2 10 10&apos;]" time="0.00042128562927246094"><skipped message="Suite splitting in effect" type="pytest.skip">src/pymortests/demos.py:175: Suite splitting in effect</skipped></testcase><testcase classname="src.pymortests.demos" file="src/pymortests/demos.py" line="175" name="test_demos[thermalblock_simple:&apos;fenics greedy 2 10 10&apos;]" time="0.00041174888610839844"><skipped message="Suite splitting in effect" type="pytest.skip">src/pymortests/demos.py:175: Suite splitting in effect</skipped></testcase><testcase classname="src.pymortests.demos" file="src/pymortests/demos.py" line="175" name="test_demos[thermalblock_simple:&apos;ngsolve greedy 2 10 10&apos;]" time="0.00038909912109375"><skipped message="Suite splitting in effect" type="pytest.skip">src/pymortests/demos.py:175: Suite splitting in effect</skipped></testcase><testcase classname="src.pymortests.demos" file="src/pymortests/demos.py" line="175" name="test_demos[thermalblock_simple:&apos;pymor-text adaptive_greedy -1 3 3&apos;]" time="0.0006668567657470703"><skipped message="Suite splitting in effect" type="pytest.skip">src/pymortests/demos.py:175: Suite splitting in effect</skipped></testcase><testcase classname="src.pymortests.demos" file="src/pymortests/demos.py" line="175" name="test_demos[thermalblock_gui:&apos;--testing 2 2 3 5&apos;]" time="0.0003936290740966797"><skipped message="Suite splitting in effect" type="pytest.skip">src/pymortests/demos.py:175: Suite splitting in effect</skipped></testcase><testcase classname="src.pymortests.demos" file="src/pymortests/demos.py" line="175" name="test_demos[burgers_ei:&apos;1 2 2 5 2 5 --plot-ei-err&apos;]" time="0.0003838539123535156"><skipped message="Suite splitting in effect" type="pytest.skip">src/pymortests/demos.py:175: Suite splitting in effect</skipped></testcase><testcase classname="src.pymortests.demos" file="src/pymortests/demos.py" line="175" name="test_demos[burgers_ei:&apos;1 2 2 5 2 5 --ei-alg=deim&apos;]" time="0.00038504600524902344"><skipped message="Suite splitting in effect" type="pytest.skip">src/pymortests/demos.py:175: Suite splitting in effect</skipped></testcase><testcase classname="src.pymortests.demos" file="src/pymortests/demos.py" line="175" name="test_demos[parabolic_mor:&apos;pymor greedy 2 3 1&apos;]" time="0.00042128562927246094"><skipped message="Suite splitting in effect" type="pytest.skip">src/pymortests/demos.py:175: Suite splitting in effect</skipped></testcase><testcase classname="src.pymortests.demos" file="src/pymortests/demos.py" line="175" name="test_demos[parabolic_mor:&apos;pymor pod 2 3 1&apos;]" time="0.00041747093200683594"><skipped message="Suite splitting in effect" type="pytest.skip">src/pymortests/demos.py:175: Suite splitting in effect</skipped></testcase><testcase classname="src.pymortests.demos" file="src/pymortests/demos.py" line="175" name="test_demos[parabolic_mor:&apos;fenics adaptive_greedy 2 3 1&apos;]" time="0.00039196014404296875"><skipped message="Suite splitting in effect" type="pytest.skip">src/pymortests/demos.py:175: Suite splitting in effect</skipped></testcase><testcase classname="src.pymortests.demos" file="src/pymortests/demos.py" line="175" name="test_demos[heat:&apos;&apos;]" time="0.0004165172576904297"><skipped message="Suite splitting in effect" type="pytest.skip">src/pymortests/demos.py:175: Suite splitting in effect</skipped></testcase><testcase classname="src.pymortests.demos" file="src/pymortests/demos.py" line="175" name="test_demos[delay:&apos;&apos;]" time="0.0006704330444335938"><skipped message="Suite splitting in effect" type="pytest.skip">src/pymortests/demos.py:175: Suite splitting in effect</skipped></testcase><testcase classname="src.pymortests.demos" file="src/pymortests/demos.py" line="175" name="test_demos[string_equation:&apos;&apos;]" time="0.0004069805145263672"><skipped message="Suite splitting in effect" type="pytest.skip">src/pymortests/demos.py:175: Suite splitting in effect</skipped></testcase><testcase classname="src.pymortests.demos" file="src/pymortests/demos.py" line="175" name="test_demos[hapod:&apos;--snap=3 0.01 10 100&apos;]" time="0.0003833770751953125"><skipped message="Suite splitting in effect" type="pytest.skip">src/pymortests/demos.py:175: Suite splitting in effect</skipped></testcase><testcase classname="src.pymortests.demos" file="src/pymortests/demos.py" line="175" name="test_demos[hapod:&apos;--snap=3 --threads=2 0.01 10 100&apos;]" time="0.00038933753967285156"><skipped message="Suite splitting in effect" type="pytest.skip">src/pymortests/demos.py:175: Suite splitting in effect</skipped></testcase><testcase classname="src.pymortests.demos" file="src/pymortests/demos.py" line="175" name="test_demos[hapod:&apos;--snap=3 --procs=2 0.01 10 100&apos;]" time="0.00040411949157714844"><skipped message="Suite splitting in effect" type="pytest.skip">src/pymortests/demos.py:175: Suite splitting in effect</skipped></testcase><testcase classname="src.pymortests.demos" file="src/pymortests/demos.py" line="181" name="test_analyze_pickle1" time="0.00041484832763671875"><skipped message="Suite splitting in effect" type="pytest.skip">src/pymortests/demos.py:181: Suite splitting in effect</skipped></testcase><testcase classname="src.pymortests.demos" file="src/pymortests/demos.py" line="191" name="test_analyze_pickle2" time="0.00044465065002441406"><skipped message="Suite splitting in effect" type="pytest.skip">src/pymortests/demos.py:191: Suite splitting in effect</skipped></testcase><testcase classname="src.pymortests.demos" file="src/pymortests/demos.py" line="202" name="test_analyze_pickle3" time="0.0004191398620605469"><skipped message="Suite splitting in effect" type="pytest.skip">src/pymortests/demos.py:202: Suite splitting in effect</skipped></testcase><testcase classname="src.pymortests.demos" file="src/pymortests/demos.py" line="213" name="test_analyze_pickle4" time="0.0006411075592041016"><skipped message="Suite splitting in effect" type="pytest.skip">src/pymortests/demos.py:213: Suite splitting in effect</skipped></testcase><testcase classname="src.pymortests.demos" file="src/pymortests/demos.py" line="223" name="test_thermalblock_ipython[elliptic:&apos;0 0 0 0&apos;]" time="0.0003936290740966797"><skipped message="Suite splitting in effect" type="pytest.skip">src/pymortests/demos.py:223: Suite splitting in effect</skipped></testcase><testcase classname="src.pymortests.demos" file="src/pymortests/demos.py" line="223" name="test_thermalblock_ipython[elliptic:&apos;1 2 0 3&apos;]" time="0.0003933906555175781"><skipped message="Suite splitting in effect" type="pytest.skip">src/pymortests/demos.py:223: Suite splitting in effect</skipped></testcase><testcase classname="src.pymortests.demos" file="src/pymortests/demos.py" line="223" name="test_thermalblock_ipython[elliptic:&apos;--rect 1 2 0 3&apos;]" time="0.0004200935363769531"><skipped message="Suite splitting in effect" type="pytest.skip">src/pymortests/demos.py:223: Suite splitting in effect</skipped></testcase><testcase classname="src.pymortests.demos" file="src/pymortests/demos.py" line="223" name="test_thermalblock_ipython[elliptic:&apos;0 0 2 1&apos;]" time="0.0005307197570800781"><skipped message="Suite splitting in effect" type="pytest.skip">src/pymortests/demos.py:223: Suite splitting in effect</skipped></testcase><testcase classname="src.pymortests.demos" file="src/pymortests/demos.py" line="223" name="test_thermalblock_ipython[elliptic:&apos;--fv 0 0 0 0&apos;]" time="0.0004189014434814453"><skipped message="Suite splitting in effect" type="pytest.skip">src/pymortests/demos.py:223: Suite splitting in effect</skipped></testcase><testcase classname="src.pymortests.demos" file="src/pymortests/demos.py" line="223" name="test_thermalblock_ipython[elliptic:&apos;--fv 1 2 0 3&apos;]" time="0.0004177093505859375"><skipped message="Suite splitting in effect" type="pytest.skip">src/pymortests/demos.py:223: Suite splitting in effect</skipped></testcase><testcase classname="src.pymortests.demos" file="src/pymortests/demos.py" line="223" name="test_thermalblock_ipython[elliptic:&apos;--fv --rect 1 2 0 3&apos;]" time="0.0003898143768310547"><skipped message="Suite splitting in effect" type="pytest.skip">src/pymortests/demos.py:223: Suite splitting in effect</skipped></testcase><testcase classname="src.pymortests.demos" file="src/pymortests/demos.py" line="223" name="test_thermalblock_ipython[elliptic:&apos;--fv 0 0 2 1&apos;]" time="0.00070953369140625"><skipped message="Suite splitting in effect" type="pytest.skip">src/pymortests/demos.py:223: Suite splitting in effect</skipped></testcase><testcase classname="src.pymortests.demos" file="src/pymortests/demos.py" line="223" name="test_thermalblock_ipython[elliptic2:&apos;1 20&apos;]" time="0.0004241466522216797"><skipped message="Suite splitting in effect" type="pytest.skip">src/pymortests/demos.py:223: Suite splitting in effect</skipped></testcase><testcase classname="src.pymortests.demos" file="src/pymortests/demos.py" line="223" name="test_thermalblock_ipython[elliptic2:&apos;--fv 1 20&apos;]" time="0.0004239082336425781"><skipped message="Suite splitting in effect" type="pytest.skip">src/pymortests/demos.py:223: Suite splitting in effect</skipped></testcase><testcase classname="src.pymortests.demos" file="src/pymortests/demos.py" line="223" name="test_thermalblock_ipython[elliptic_oned:&apos;1 20&apos;]" time="0.0003974437713623047"><skipped message="Suite splitting in effect" type="pytest.skip">src/pymortests/demos.py:223: Suite splitting in effect</skipped></testcase><testcase classname="src.pymortests.demos" file="src/pymortests/demos.py" line="223" name="test_thermalblock_ipython[elliptic_oned:&apos;--fv 1 20&apos;]" time="0.0004010200500488281"><skipped message="Suite splitting in effect" type="pytest.skip">src/pymortests/demos.py:223: Suite splitting in effect</skipped></testcase><testcase classname="src.pymortests.demos" file="src/pymortests/demos.py" line="223" name="test_thermalblock_ipython[burgers:&apos;--num-flux=lax_friedrichs 0.1&apos;]" time="0.0003898143768310547"><skipped message="Suite splitting in effect" type="pytest.skip">src/pymortests/demos.py:223: Suite splitting in effect</skipped></testcase><testcase classname="src.pymortests.demos" file="src/pymortests/demos.py" line="223" name="test_thermalblock_ipython[burgers:&apos;--num-flux=engquist_osher 0.1&apos;]" time="0.000392913818359375"><skipped message="Suite splitting in effect" type="pytest.skip">src/pymortests/demos.py:223: Suite splitting in effect</skipped></testcase><testcase classname="src.pymortests.demos" file="src/pymortests/demos.py" line="223" name="test_thermalblock_ipython[burgers:&apos;--num-flux=simplified_engquist_osher 0.1&apos;]" time="0.0004334449768066406"><skipped message="Suite splitting in effect" type="pytest.skip">src/pymortests/demos.py:223: Suite splitting in effect</skipped></testcase><testcase classname="src.pymortests.demos" file="src/pymortests/demos.py" line="223" name="test_thermalblock_ipython[parabolic:&apos;heat 1&apos;]" time="0.0006787776947021484"><skipped message="Suite splitting in effect" type="pytest.skip">src/pymortests/demos.py:223: Suite splitting in effect</skipped></testcase><testcase classname="src.pymortests.demos" file="src/pymortests/demos.py" line="223" name="test_thermalblock_ipython[parabolic:&apos;heat --rect 1&apos;]" time="0.00038933753967285156"><skipped message="Suite splitting in effect" type="pytest.skip">src/pymortests/demos.py:223: Suite splitting in effect</skipped></testcase><testcase classname="src.pymortests.demos" file="src/pymortests/demos.py" line="223" name="test_thermalblock_ipython[parabolic:&apos;heat --fv 1&apos;]" time="0.00041675567626953125"><skipped message="Suite splitting in effect" type="pytest.skip">src/pymortests/demos.py:223: Suite splitting in effect</skipped></testcase><testcase classname="src.pymortests.demos" file="src/pymortests/demos.py" line="223" name="test_thermalblock_ipython[parabolic:&apos;heat --rect --fv 1&apos;]" time="0.00041985511779785156"><skipped message="Suite splitting in effect" type="pytest.skip">src/pymortests/demos.py:223: Suite splitting in effect</skipped></testcase><testcase classname="src.pymortests.demos" file="src/pymortests/demos.py" line="223" name="test_thermalblock_ipython[parabolic:&apos;dar 1&apos;]" time="0.00039958953857421875"><skipped message="Suite splitting in effect" type="pytest.skip">src/pymortests/demos.py:223: Suite splitting in effect</skipped></testcase><testcase classname="src.pymortests.demos" file="src/pymortests/demos.py" line="223" name="test_thermalblock_ipython[parabolic:&apos;dar --rect 1&apos;]" time="0.00041961669921875"><skipped message="Suite splitting in effect" type="pytest.skip">src/pymortests/demos.py:223: Suite splitting in effect</skipped></testcase><testcase classname="src.pymortests.demos" file="src/pymortests/demos.py" line="223" name="test_thermalblock_ipython[elliptic_unstructured:&apos;6.0 16 0.1&apos;]" time="0.00043463706970214844"><skipped message="Suite splitting in effect" type="pytest.skip">src/pymortests/demos.py:223: Suite splitting in effect</skipped></testcase><testcase classname="src.pymortests.demos" file="src/pymortests/demos.py" line="223" name="test_thermalblock_ipython[thermalblock:&apos;--plot-solutions --plot-err --plot-error-sequence 2 2 3 5&apos;]" time="0.00040411949157714844"><skipped message="Suite splitting in effect" type="pytest.skip">src/pymortests/demos.py:223: Suite splitting in effect</skipped></testcase><testcase classname="src.pymortests.demos" file="src/pymortests/demos.py" line="223" name="test_thermalblock_ipython[thermalblock:&apos;--fenics 2 2 3 5&apos;]" time="0.000640869140625"><skipped message="Suite splitting in effect" type="pytest.skip">src/pymortests/demos.py:223: Suite splitting in effect</skipped></testcase><testcase classname="src.pymortests.demos" file="src/pymortests/demos.py" line="223" name="test_thermalblock_ipython[thermalblock:&apos;--greedy-without-estimator 3 1 2 5&apos;]" time="0.00042057037353515625"><skipped message="Suite splitting in effect" type="pytest.skip">src/pymortests/demos.py:223: Suite splitting in effect</skipped></testcase><testcase classname="src.pymortests.demos" file="src/pymortests/demos.py" line="223" name="test_thermalblock_ipython[thermalblock:&apos;--alg=pod 2 2 3 5&apos;]" time="0.0003941059112548828"><skipped message="Suite splitting in effect" type="pytest.skip">src/pymortests/demos.py:223: Suite splitting in effect</skipped></testcase><testcase classname="src.pymortests.demos" file="src/pymortests/demos.py" line="223" name="test_thermalblock_ipython[thermalblock:&apos;--alg=adaptive_greedy 2 2 10 30&apos;]" time="0.0003948211669921875"><skipped message="Suite splitting in effect" type="pytest.skip">src/pymortests/demos.py:223: Suite splitting in effect</skipped></testcase><testcase classname="src.pymortests.demos" file="src/pymortests/demos.py" line="223" name="test_thermalblock_ipython[thermalblock:&apos;--alg=naive --reductor=traditional 2 2 10 5&apos;]" time="0.0003960132598876953"><skipped message="Suite splitting in effect" type="pytest.skip">src/pymortests/demos.py:223: Suite splitting in effect</skipped></testcase><testcase classname="src.pymortests.demos" file="src/pymortests/demos.py" line="223" name="test_thermalblock_ipython[thermalblock_adaptive:&apos;10&apos;]" time="0.0004425048828125"><skipped message="Suite splitting in effect" type="pytest.skip">src/pymortests/demos.py:223: Suite splitting in effect</skipped></testcase><testcase classname="src.pymortests.demos" file="src/pymortests/demos.py" line="223" name="test_thermalblock_ipython[thermalblock_adaptive:&apos;--no-visualize-refinement 10&apos;]" time="0.00041747093200683594"><skipped message="Suite splitting in effect" type="pytest.skip">src/pymortests/demos.py:223: Suite splitting in effect</skipped></testcase><testcase classname="src.pymortests.demos" file="src/pymortests/demos.py" line="223" name="test_thermalblock_ipython[thermalblock_simple:&apos;pymor naive 2 10 10&apos;]" time="0.0005609989166259766"><skipped message="Suite splitting in effect" type="pytest.skip">src/pymortests/demos.py:223: Suite splitting in effect</skipped></testcase><testcase classname="src.pymortests.demos" file="src/pymortests/demos.py" line="223" name="test_thermalblock_ipython[thermalblock_simple:&apos;fenics greedy 2 10 10&apos;]" time="0.0008401870727539062"><skipped message="Suite splitting in effect" type="pytest.skip">src/pymortests/demos.py:223: Suite splitting in effect</skipped></testcase><testcase classname="src.pymortests.demos" file="src/pymortests/demos.py" line="223" name="test_thermalblock_ipython[thermalblock_simple:&apos;ngsolve greedy 2 10 10&apos;]" time="0.0004127025604248047"><skipped message="Suite splitting in effect" type="pytest.skip">src/pymortests/demos.py:223: Suite splitting in effect</skipped></testcase><testcase classname="src.pymortests.demos" file="src/pymortests/demos.py" line="223" name="test_thermalblock_ipython[thermalblock_simple:&apos;pymor-text adaptive_greedy -1 3 3&apos;]" time="0.0004172325134277344"><skipped message="Suite splitting in effect" type="pytest.skip">src/pymortests/demos.py:223: Suite splitting in effect</skipped></testcase><testcase classname="src.pymortests.demos" file="src/pymortests/demos.py" line="223" name="test_thermalblock_ipython[thermalblock_gui:&apos;--testing 2 2 3 5&apos;]" time="0.00041222572326660156"><skipped message="Suite splitting in effect" type="pytest.skip">src/pymortests/demos.py:223: Suite splitting in effect</skipped></testcase><testcase classname="src.pymortests.demos" file="src/pymortests/demos.py" line="223" name="test_thermalblock_ipython[burgers_ei:&apos;1 2 2 5 2 5 --plot-ei-err&apos;]" time="0.0004093647003173828"><skipped message="Suite splitting in effect" type="pytest.skip">src/pymortests/demos.py:223: Suite splitting in effect</skipped></testcase><testcase classname="src.pymortests.demos" file="src/pymortests/demos.py" line="223" name="test_thermalblock_ipython[burgers_ei:&apos;1 2 2 5 2 5 --ei-alg=deim&apos;]" time="0.0004489421844482422"><skipped message="Suite splitting in effect" type="pytest.skip">src/pymortests/demos.py:223: Suite splitting in effect</skipped></testcase><testcase classname="src.pymortests.demos" file="src/pymortests/demos.py" line="223" name="test_thermalblock_ipython[parabolic_mor:&apos;pymor greedy 2 3 1&apos;]" time="0.0003917217254638672"><skipped message="Suite splitting in effect" type="pytest.skip">src/pymortests/demos.py:223: Suite splitting in effect</skipped></testcase><testcase classname="src.pymortests.demos" file="src/pymortests/demos.py" line="223" name="test_thermalblock_ipython[parabolic_mor:&apos;pymor pod 2 3 1&apos;]" time="0.0003936290740966797"><skipped message="Suite splitting in effect" type="pytest.skip">src/pymortests/demos.py:223: Suite splitting in effect</skipped></testcase><testcase classname="src.pymortests.demos" file="src/pymortests/demos.py" line="223" name="test_thermalblock_ipython[parabolic_mor:&apos;fenics adaptive_greedy 2 3 1&apos;]" time="0.0008423328399658203"><skipped message="Suite splitting in effect" type="pytest.skip">src/pymortests/demos.py:223: Suite splitting in effect</skipped></testcase><testcase classname="src.pymortests.demos" file="src/pymortests/demos.py" line="223" name="test_thermalblock_ipython[heat:&apos;&apos;]" time="0.0004029273986816406"><skipped message="Suite splitting in effect" type="pytest.skip">src/pymortests/demos.py:223: Suite splitting in effect</skipped></testcase><testcase classname="src.pymortests.demos" file="src/pymortests/demos.py" line="223" name="test_thermalblock_ipython[delay:&apos;&apos;]" time="0.0004031658172607422"><skipped message="Suite splitting in effect" type="pytest.skip">src/pymortests/demos.py:223: Suite splitting in effect</skipped></testcase><testcase classname="src.pymortests.demos" file="src/pymortests/demos.py" line="223" name="test_thermalblock_ipython[string_equation:&apos;&apos;]" time="0.0004165172576904297"><skipped message="Suite splitting in effect" type="pytest.skip">src/pymortests/demos.py:223: Suite splitting in effect</skipped></testcase><testcase classname="src.pymortests.demos" file="src/pymortests/demos.py" line="223" name="test_thermalblock_ipython[hapod:&apos;--snap=3 0.01 10 100&apos;]" time="0.00038909912109375"><skipped message="Suite splitting in effect" type="pytest.skip">src/pymortests/demos.py:223: Suite splitting in effect</skipped></testcase><testcase classname="src.pymortests.demos" file="src/pymortests/demos.py" line="223" name="test_thermalblock_ipython[hapod:&apos;--snap=3 --threads=2 0.01 10 100&apos;]" time="0.00041556358337402344"><skipped message="Suite splitting in effect" type="pytest.skip">src/pymortests/demos.py:223: Suite splitting in effect</skipped></testcase><testcase classname="src.pymortests.demos" file="src/pymortests/demos.py" line="223" name="test_thermalblock_ipython[hapod:&apos;--snap=3 --procs=2 0.01 10 100&apos;]" time="0.0003972053527832031"><skipped message="Suite splitting in effect" type="pytest.skip">src/pymortests/demos.py:223: Suite splitting in effect</skipped></testcase><testcase classname="src.pymortests.demos" file="src/pymortests/demos.py" line="237" name="test_thermalblock_results[thermalblock:&apos;--plot-solutions --plot-err --plot-error-sequence 2 2 3 5&apos;]" time="0.0004229545593261719"><skipped message="Suite splitting in effect" type="pytest.skip">src/pymortests/demos.py:237: Suite splitting in effect</skipped></testcase><testcase classname="src.pymortests.demos" file="src/pymortests/demos.py" line="237" name="test_thermalblock_results[thermalblock:&apos;--fenics 2 2 3 5&apos;]" time="0.0006501674652099609"><skipped message="Suite splitting in effect" type="pytest.skip">src/pymortests/demos.py:237: Suite splitting in effect</skipped></testcase><testcase classname="src.pymortests.demos" file="src/pymortests/demos.py" line="237" name="test_thermalblock_results[thermalblock:&apos;--greedy-without-estimator 3 1 2 5&apos;]" time="0.000408172607421875"><skipped message="Suite splitting in effect" type="pytest.skip">src/pymortests/demos.py:237: Suite splitting in effect</skipped></testcase><testcase classname="src.pymortests.demos" file="src/pymortests/demos.py" line="237" name="test_thermalblock_results[thermalblock:&apos;--alg=pod 2 2 3 5&apos;]" time="0.0004227161407470703"><skipped message="Suite splitting in effect" type="pytest.skip">src/pymortests/demos.py:237: Suite splitting in effect</skipped></testcase><testcase classname="src.pymortests.demos" file="src/pymortests/demos.py" line="237" name="test_thermalblock_results[thermalblock:&apos;--alg=adaptive_greedy 2 2 10 30&apos;]" time="0.0004112720489501953"><skipped message="Suite splitting in effect" type="pytest.skip">src/pymortests/demos.py:237: Suite splitting in effect</skipped></testcase><testcase classname="src.pymortests.demos" file="src/pymortests/demos.py" line="237" name="test_thermalblock_results[thermalblock:&apos;--alg=naive --reductor=traditional 2 2 10 5&apos;]" time="0.0004131793975830078"><skipped message="Suite splitting in effect" type="pytest.skip">src/pymortests/demos.py:237: Suite splitting in effect</skipped></testcase><testcase classname="src.pymortests.demos" file="src/pymortests/demos.py" line="250" name="test_burgers_ei_results" time="0.000396728515625"><skipped message="Suite splitting in effect" type="pytest.skip">src/pymortests/demos.py:250: Suite splitting in effect</skipped></testcase><testcase classname="src.pymortests.demos" file="src/pymortests/demos.py" line="259" name="test_parabolic_mor_results" time="0.00039196014404296875"><skipped message="Suite splitting in effect" type="pytest.skip">src/pymortests/demos.py:259: Suite splitting in effect</skipped></testcase><testcase classname="src.pymortests.function" file="src/pymortests/function.py" line="26" name="test_evaluate[function0]" time="0.00047016143798828125"><skipped message="Suite splitting in effect" type="pytest.skip">src/pymortests/function.py:26: Suite splitting in effect</skipped></testcase><testcase classname="src.pymortests.function" file="src/pymortests/function.py" line="26" name="test_evaluate[function1]" time="0.0006806850433349609"><skipped message="Suite splitting in effect" type="pytest.skip">src/pymortests/function.py:26: Suite splitting in effect</skipped></testcase><testcase classname="src.pymortests.function" file="src/pymortests/function.py" line="26" name="test_evaluate[function2]" time="0.00039505958557128906"><skipped message="Suite splitting in effect" type="pytest.skip">src/pymortests/function.py:26: Suite splitting in effect</skipped></testcase><testcase classname="src.pymortests.function" file="src/pymortests/function.py" line="26" name="test_evaluate[function3]" time="0.00040602684020996094"><skipped message="Suite splitting in effect" type="pytest.skip">src/pymortests/function.py:26: Suite splitting in effect</skipped></testcase><testcase classname="src.pymortests.function" file="src/pymortests/function.py" line="26" name="test_evaluate[function4]" time="0.0004150867462158203"><skipped message="Suite splitting in effect" type="pytest.skip">src/pymortests/function.py:26: Suite splitting in effect</skipped></testcase><testcase classname="src.pymortests.function" file="src/pymortests/function.py" line="26" name="test_evaluate[function5]" time="0.00040841102600097656"><skipped message="Suite splitting in effect" type="pytest.skip">src/pymortests/function.py:26: Suite splitting in effect</skipped></testcase><testcase classname="src.pymortests.function" file="src/pymortests/function.py" line="26" name="test_evaluate[function6]" time="0.00041937828063964844"><skipped message="Suite splitting in effect" type="pytest.skip">src/pymortests/function.py:26: Suite splitting in effect</skipped></testcase><testcase classname="src.pymortests.function" file="src/pymortests/function.py" line="26" name="test_evaluate[function7]" time="0.00040912628173828125"><skipped message="Suite splitting in effect" type="pytest.skip">src/pymortests/function.py:26: Suite splitting in effect</skipped></testcase><testcase classname="src.pymortests.function" file="src/pymortests/function.py" line="26" name="test_evaluate[function8]" time="0.00039696693420410156"><skipped message="Suite splitting in effect" type="pytest.skip">src/pymortests/function.py:26: Suite splitting in effect</skipped></testcase><testcase classname="src.pymortests.function" file="src/pymortests/function.py" line="26" name="test_evaluate[function9]" time="0.0006716251373291016"><skipped message="Suite splitting in effect" type="pytest.skip">src/pymortests/function.py:26: Suite splitting in effect</skipped></testcase><testcase classname="src.pymortests.function" file="src/pymortests/function.py" line="26" name="test_evaluate[function10]" time="0.0004146099090576172"><skipped message="Suite splitting in effect" type="pytest.skip">src/pymortests/function.py:26: Suite splitting in effect</skipped></testcase><testcase classname="src.pymortests.function" file="src/pymortests/function.py" line="26" name="test_evaluate[function11]" time="0.00040793418884277344"><skipped message="Suite splitting in effect" type="pytest.skip">src/pymortests/function.py:26: Suite splitting in effect</skipped></testcase><testcase classname="src.pymortests.function" file="src/pymortests/function.py" line="35" name="test_lincomb_function" time="0.0003859996795654297"><skipped message="Suite splitting in effect" type="pytest.skip">src/pymortests/function.py:35: Suite splitting in effect</skipped></testcase><testcase classname="src.pymortests.function" file="src/pymortests/function.py" line="58" name="test_pickle[function0]" time="0.0003867149353027344"><skipped message="Suite splitting in effect" type="pytest.skip">src/pymortests/function.py:58: Suite splitting in effect</skipped></testcase><testcase classname="src.pymortests.function" file="src/pymortests/function.py" line="58" name="test_pickle[function1]" time="0.00042724609375"><skipped message="Suite splitting in effect" type="pytest.skip">src/pymortests/function.py:58: Suite splitting in effect</skipped></testcase><testcase classname="src.pymortests.function" file="src/pymortests/function.py" line="58" name="test_pickle[function2]" time="0.00044083595275878906"><skipped message="Suite splitting in effect" type="pytest.skip">src/pymortests/function.py:58: Suite splitting in effect</skipped></testcase><testcase classname="src.pymortests.function" file="src/pymortests/function.py" line="58" name="test_pickle[function3]" time="0.0004138946533203125"><skipped message="Suite splitting in effect" type="pytest.skip">src/pymortests/function.py:58: Suite splitting in effect</skipped></testcase><testcase classname="src.pymortests.function" file="src/pymortests/function.py" line="58" name="test_pickle[function4]" time="0.0006520748138427734"><skipped message="Suite splitting in effect" type="pytest.skip">src/pymortests/function.py:58: Suite splitting in effect</skipped></testcase><testcase classname="src.pymortests.function" file="src/pymortests/function.py" line="58" name="test_pickle[function5]" time="0.0004100799560546875"><skipped message="Suite splitting in effect" type="pytest.skip">src/pymortests/function.py:58: Suite splitting in effect</skipped></testcase><testcase classname="src.pymortests.function" file="src/pymortests/function.py" line="58" name="test_pickle[function6]" time="0.0003840923309326172"><skipped message="Suite splitting in effect" type="pytest.skip">src/pymortests/function.py:58: Suite splitting in effect</skipped></testcase><testcase classname="src.pymortests.function" file="src/pymortests/function.py" line="58" name="test_pickle[function7]" time="0.00040221214294433594"><skipped message="Suite splitting in effect" type="pytest.skip">src/pymortests/function.py:58: Suite splitting in effect</skipped></testcase><testcase classname="src.pymortests.function" file="src/pymortests/function.py" line="58" name="test_pickle[function8]" time="0.0003867149353027344"><skipped message="Suite splitting in effect" type="pytest.skip">src/pymortests/function.py:58: Suite splitting in effect</skipped></testcase><testcase classname="src.pymortests.function" file="src/pymortests/function.py" line="58" name="test_pickle[function9]" time="0.0004115104675292969"><skipped message="Suite splitting in effect" type="pytest.skip">src/pymortests/function.py:58: Suite splitting in effect</skipped></testcase><testcase classname="src.pymortests.function" file="src/pymortests/function.py" line="58" name="test_pickle[function10]" time="0.00040984153747558594"><skipped message="Suite splitting in effect" type="pytest.skip">src/pymortests/function.py:58: Suite splitting in effect</skipped></testcase><testcase classname="src.pymortests.function" file="src/pymortests/function.py" line="58" name="test_pickle[function11]" time="0.00038814544677734375"><skipped message="Suite splitting in effect" type="pytest.skip">src/pymortests/function.py:58: Suite splitting in effect</skipped></testcase><testcase classname="src.pymortests.function" file="src/pymortests/function.py" line="62" name="test_pickle_without_dumps_function[picklable_function0]" time="0.0006773471832275391"><skipped message="Suite splitting in effect" type="pytest.skip">src/pymortests/function.py:62: Suite splitting in effect</skipped></testcase><testcase classname="src.pymortests.function" file="src/pymortests/function.py" line="62" name="test_pickle_without_dumps_function[picklable_function1]" time="0.0003910064697265625"><skipped message="Suite splitting in effect" type="pytest.skip">src/pymortests/function.py:62: Suite splitting in effect</skipped></testcase><testcase classname="src.pymortests.function" file="src/pymortests/function.py" line="62" name="test_pickle_without_dumps_function[picklable_function2]" time="0.00038886070251464844"><skipped message="Suite splitting in effect" type="pytest.skip">src/pymortests/function.py:62: Suite splitting in effect</skipped></testcase><testcase classname="src.pymortests.function" file="src/pymortests/function.py" line="62" name="test_pickle_without_dumps_function[picklable_function3]" time="0.0004115104675292969"><skipped message="Suite splitting in effect" type="pytest.skip">src/pymortests/function.py:62: Suite splitting in effect</skipped></testcase><testcase classname="src.pymortests.function" file="src/pymortests/function.py" line="62" name="test_pickle_without_dumps_function[picklable_function4]" time="0.0004115104675292969"><skipped message="Suite splitting in effect" type="pytest.skip">src/pymortests/function.py:62: Suite splitting in effect</skipped></testcase><testcase classname="src.pymortests.function" file="src/pymortests/function.py" line="62" name="test_pickle_without_dumps_function[picklable_function5]" time="0.00042891502380371094"><skipped message="Suite splitting in effect" type="pytest.skip">src/pymortests/function.py:62: Suite splitting in effect</skipped></testcase><testcase classname="src.pymortests.function" file="src/pymortests/function.py" line="62" name="test_pickle_without_dumps_function[picklable_function6]" time="0.0004143714904785156"><skipped message="Suite splitting in effect" type="pytest.skip">src/pymortests/function.py:62: Suite splitting in effect</skipped></testcase><testcase classname="src.pymortests.function" file="src/pymortests/function.py" line="62" name="test_pickle_without_dumps_function[picklable_function7]" time="0.0004177093505859375"><skipped message="Suite splitting in effect" type="pytest.skip">src/pymortests/function.py:62: Suite splitting in effect</skipped></testcase><testcase classname="src.pymortests.function" file="src/pymortests/function.py" line="66" name="test_pickle_by_evaluation[function0]" time="0.0006811618804931641"><skipped message="Suite splitting in effect" type="pytest.skip">src/pymortests/function.py:66: Suite splitting in effect</skipped></testcase><testcase classname="src.pymortests.function" file="src/pymortests/function.py" line="66" name="test_pickle_by_evaluation[function1]" time="0.0004112720489501953"><skipped message="Suite splitting in effect" type="pytest.skip">src/pymortests/function.py:66: Suite splitting in effect</skipped></testcase><testcase classname="src.pymortests.function" file="src/pymortests/function.py" line="66" name="test_pickle_by_evaluation[function2]" time="0.00040268898010253906"><skipped message="Suite splitting in effect" type="pytest.skip">src/pymortests/function.py:66: Suite splitting in effect</skipped></testcase><testcase classname="src.pymortests.function" file="src/pymortests/function.py" line="66" name="test_pickle_by_evaluation[function3]" time="0.0004127025604248047"><skipped message="Suite splitting in effect" type="pytest.skip">src/pymortests/function.py:66: Suite splitting in effect</skipped></testcase><testcase classname="src.pymortests.function" file="src/pymortests/function.py" line="66" name="test_pickle_by_evaluation[function4]" time="0.000396728515625"><skipped message="Suite splitting in effect" type="pytest.skip">src/pymortests/function.py:66: Suite splitting in effect</skipped></testcase><testcase classname="src.pymortests.function" file="src/pymortests/function.py" line="66" name="test_pickle_by_evaluation[function5]" time="0.0003941059112548828"><skipped message="Suite splitting in effect" type="pytest.skip">src/pymortests/function.py:66: Suite splitting in effect</skipped></testcase><testcase classname="src.pymortests.function" file="src/pymortests/function.py" line="66" name="test_pickle_by_evaluation[function6]" time="0.0004277229309082031"><skipped message="Suite splitting in effect" type="pytest.skip">src/pymortests/function.py:66: Suite splitting in effect</skipped></testcase><testcase classname="src.pymortests.function" file="src/pymortests/function.py" line="66" name="test_pickle_by_evaluation[function7]" time="0.00046133995056152344"><skipped message="Suite splitting in effect" type="pytest.skip">src/pymortests/function.py:66: Suite splitting in effect</skipped></testcase><testcase classname="src.pymortests.function" file="src/pymortests/function.py" line="66" name="test_pickle_by_evaluation[function8]" time="0.0006358623504638672"><skipped message="Suite splitting in effect" type="pytest.skip">src/pymortests/function.py:66: Suite splitting in effect</skipped></testcase><testcase classname="src.pymortests.function" file="src/pymortests/function.py" line="66" name="test_pickle_by_evaluation[function9]" time="0.000408172607421875"><skipped message="Suite splitting in effect" type="pytest.skip">src/pymortests/function.py:66: Suite splitting in effect</skipped></testcase><testcase classname="src.pymortests.function" file="src/pymortests/function.py" line="66" name="test_pickle_by_evaluation[function10]" time="0.0004181861877441406"><skipped message="Suite splitting in effect" type="pytest.skip">src/pymortests/function.py:66: Suite splitting in effect</skipped></testcase><testcase classname="src.pymortests.function" file="src/pymortests/function.py" line="66" name="test_pickle_by_evaluation[function11]" time="0.00041985511779785156"><skipped message="Suite splitting in effect" type="pytest.skip">src/pymortests/function.py:66: Suite splitting in effect</skipped></testcase><testcase classname="src.pymortests.grid" file="src/pymortests/grid.py" line="28" name="test_dim[&lt;lambda&gt;0]" time="0.000476837158203125"><skipped message="Suite splitting in effect" type="pytest.skip">src/pymortests/grid.py:28: Suite splitting in effect</skipped></testcase><testcase classname="src.pymortests.grid" file="src/pymortests/grid.py" line="28" name="test_dim[&lt;lambda&gt;1]" time="0.0004124641418457031"><skipped message="Suite splitting in effect" type="pytest.skip">src/pymortests/grid.py:28: Suite splitting in effect</skipped></testcase><testcase classname="src.pymortests.grid" file="src/pymortests/grid.py" line="28" name="test_dim[&lt;lambda&gt;2]" time="0.00042939186096191406"><skipped message="Suite splitting in effect" type="pytest.skip">src/pymortests/grid.py:28: Suite splitting in effect</skipped></testcase><testcase classname="src.pymortests.grid" file="src/pymortests/grid.py" line="28" name="test_dim[&lt;lambda&gt;3]" time="0.0003859996795654297"><skipped message="Suite splitting in effect" type="pytest.skip">src/pymortests/grid.py:28: Suite splitting in effect</skipped></testcase><testcase classname="src.pymortests.grid" file="src/pymortests/grid.py" line="28" name="test_dim[&lt;lambda&gt;4]" time="0.0006802082061767578"><skipped message="Suite splitting in effect" type="pytest.skip">src/pymortests/grid.py:28: Suite splitting in effect</skipped></testcase><testcase classname="src.pymortests.grid" file="src/pymortests/grid.py" line="28" name="test_dim[&lt;lambda&gt;5]" time="0.0004096031188964844"><skipped message="Suite splitting in effect" type="pytest.skip">src/pymortests/grid.py:28: Suite splitting in effect</skipped></testcase><testcase classname="src.pymortests.grid" file="src/pymortests/grid.py" line="28" name="test_dim[&lt;lambda&gt;6]" time="0.00039076805114746094"><skipped message="Suite splitting in effect" type="pytest.skip">src/pymortests/grid.py:28: Suite splitting in effect</skipped></testcase><testcase classname="src.pymortests.grid" file="src/pymortests/grid.py" line="28" name="test_dim[&lt;lambda&gt;7]" time="0.00039124488830566406"><skipped message="Suite splitting in effect" type="pytest.skip">src/pymortests/grid.py:28: Suite splitting in effect</skipped></testcase><testcase classname="src.pymortests.grid" file="src/pymortests/grid.py" line="28" name="test_dim[&lt;lambda&gt;8]" time="0.0003910064697265625"><skipped message="Suite splitting in effect" type="pytest.skip">src/pymortests/grid.py:28: Suite splitting in effect</skipped></testcase><testcase classname="src.pymortests.grid" file="src/pymortests/grid.py" line="28" name="test_dim[&lt;lambda&gt;9]" time="0.0004131793975830078"><skipped message="Suite splitting in effect" type="pytest.skip">src/pymortests/grid.py:28: Suite splitting in effect</skipped></testcase><testcase classname="src.pymortests.grid" file="src/pymortests/grid.py" line="28" name="test_dim[&lt;lambda&gt;10]" time="0.0004138946533203125"><skipped message="Suite splitting in effect" type="pytest.skip">src/pymortests/grid.py:28: Suite splitting in effect</skipped></testcase><testcase classname="src.pymortests.grid" file="src/pymortests/grid.py" line="28" name="test_dim[&lt;lambda&gt;11]" time="0.000385284423828125"><skipped message="Suite splitting in effect" type="pytest.skip">src/pymortests/grid.py:28: Suite splitting in effect</skipped></testcase><testcase classname="src.pymortests.grid" file="src/pymortests/grid.py" line="28" name="test_dim[&lt;lambda&gt;12]" time="0.0006465911865234375"><skipped message="Suite splitting in effect" type="pytest.skip">src/pymortests/grid.py:28: Suite splitting in effect</skipped></testcase><testcase classname="src.pymortests.grid" file="src/pymortests/grid.py" line="28" name="test_dim[&lt;lambda&gt;13]" time="0.00041961669921875"><skipped message="Suite splitting in effect" type="pytest.skip">src/pymortests/grid.py:28: Suite splitting in effect</skipped></testcase><testcase classname="src.pymortests.grid" file="src/pymortests/grid.py" line="28" name="test_dim[&lt;lambda&gt;14]" time="0.0004093647003173828"><skipped message="Suite splitting in effect" type="pytest.skip">src/pymortests/grid.py:28: Suite splitting in effect</skipped></testcase><testcase classname="src.pymortests.grid" file="src/pymortests/grid.py" line="28" name="test_dim[&lt;lambda&gt;15]" time="0.0003883838653564453"><skipped message="Suite splitting in effect" type="pytest.skip">src/pymortests/grid.py:28: Suite splitting in effect</skipped></testcase><testcase classname="src.pymortests.grid" file="src/pymortests/grid.py" line="28" name="test_dim[&lt;lambda&gt;16]" time="0.0004382133483886719"><skipped message="Suite splitting in effect" type="pytest.skip">src/pymortests/grid.py:28: Suite splitting in effect</skipped></testcase><testcase classname="src.pymortests.grid" file="src/pymortests/grid.py" line="28" name="test_dim[&lt;lambda&gt;17]" time="0.0004115104675292969"><skipped message="Suite splitting in effect" type="pytest.skip">src/pymortests/grid.py:28: Suite splitting in effect</skipped></testcase><testcase classname="src.pymortests.grid" file="src/pymortests/grid.py" line="28" name="test_dim[&lt;lambda&gt;18]" time="0.00038886070251464844"><skipped message="Suite splitting in effect" type="pytest.skip">src/pymortests/grid.py:28: Suite splitting in effect</skipped></testcase><testcase classname="src.pymortests.grid" file="src/pymortests/grid.py" line="28" name="test_dim[&lt;lambda&gt;19]" time="0.0004200935363769531"><skipped message="Suite splitting in effect" type="pytest.skip">src/pymortests/grid.py:28: Suite splitting in effect</skipped></testcase><testcase classname="src.pymortests.grid" file="src/pymortests/grid.py" line="28" name="test_dim[&lt;lambda&gt;20]" time="0.0006620883941650391"><skipped message="Suite splitting in effect" type="pytest.skip">src/pymortests/grid.py:28: Suite splitting in effect</skipped></testcase><testcase classname="src.pymortests.grid" file="src/pymortests/grid.py" line="28" name="test_dim[&lt;lambda&gt;21]" time="0.00041222572326660156"><skipped message="Suite splitting in effect" type="pytest.skip">src/pymortests/grid.py:28: Suite splitting in effect</skipped></testcase><testcase classname="src.pymortests.grid" file="src/pymortests/grid.py" line="28" name="test_dim[&lt;lambda&gt;22]" time="0.00038695335388183594"><skipped message="Suite splitting in effect" type="pytest.skip">src/pymortests/grid.py:28: Suite splitting in effect</skipped></testcase><testcase classname="src.pymortests.grid" file="src/pymortests/grid.py" line="28" name="test_dim[&lt;lambda&gt;23]" time="0.00038886070251464844"><skipped message="Suite splitting in effect" type="pytest.skip">src/pymortests/grid.py:28: Suite splitting in effect</skipped></testcase><testcase classname="src.pymortests.grid" file="src/pymortests/grid.py" line="28" name="test_dim[&lt;lambda&gt;24]" time="0.0004067420959472656"><skipped message="Suite splitting in effect" type="pytest.skip">src/pymortests/grid.py:28: Suite splitting in effect</skipped></testcase><testcase classname="src.pymortests.grid" file="src/pymortests/grid.py" line="28" name="test_dim[&lt;lambda&gt;25]" time="0.0004184246063232422"><skipped message="Suite splitting in effect" type="pytest.skip">src/pymortests/grid.py:28: Suite splitting in effect</skipped></testcase><testcase classname="src.pymortests.grid" file="src/pymortests/grid.py" line="28" name="test_dim[&lt;lambda&gt;26]" time="0.0005116462707519531"><skipped message="Suite splitting in effect" type="pytest.skip">src/pymortests/grid.py:28: Suite splitting in effect</skipped></testcase><testcase classname="src.pymortests.grid" file="src/pymortests/grid.py" line="28" name="test_dim[&lt;lambda&gt;27]" time="0.00041365623474121094"><skipped message="Suite splitting in effect" type="pytest.skip">src/pymortests/grid.py:28: Suite splitting in effect</skipped></testcase><testcase classname="src.pymortests.grid" file="src/pymortests/grid.py" line="28" name="test_dim[&lt;lambda&gt;28]" time="0.0007908344268798828"><skipped message="Suite splitting in effect" type="pytest.skip">src/pymortests/grid.py:28: Suite splitting in effect</skipped></testcase><testcase classname="src.pymortests.grid" file="src/pymortests/grid.py" line="28" name="test_dim[&lt;lambda&gt;29]" time="0.0003876686096191406"><skipped message="Suite splitting in effect" type="pytest.skip">src/pymortests/grid.py:28: Suite splitting in effect</skipped></testcase><testcase classname="src.pymortests.grid" file="src/pymortests/grid.py" line="28" name="test_dim[&lt;lambda&gt;30]" time="0.00038242340087890625"><skipped message="Suite splitting in effect" type="pytest.skip">src/pymortests/grid.py:28: Suite splitting in effect</skipped></testcase><testcase classname="src.pymortests.grid" file="src/pymortests/grid.py" line="28" name="test_dim[&lt;lambda&gt;31]" time="0.00041365623474121094"><skipped message="Suite splitting in effect" type="pytest.skip">src/pymortests/grid.py:28: Suite splitting in effect</skipped></testcase><testcase classname="src.pymortests.grid" file="src/pymortests/grid.py" line="28" name="test_dim[&lt;lambda&gt;32]" time="0.0004134178161621094"><skipped message="Suite splitting in effect" type="pytest.skip">src/pymortests/grid.py:28: Suite splitting in effect</skipped></testcase><testcase classname="src.pymortests.grid" file="src/pymortests/grid.py" line="28" name="test_dim[&lt;lambda&gt;33]" time="0.0003864765167236328"><skipped message="Suite splitting in effect" type="pytest.skip">src/pymortests/grid.py:28: Suite splitting in effect</skipped></testcase><testcase classname="src.pymortests.grid" file="src/pymortests/grid.py" line="28" name="test_dim[&lt;lambda&gt;34]" time="0.0003979206085205078"><skipped message="Suite splitting in effect" type="pytest.skip">src/pymortests/grid.py:28: Suite splitting in effect</skipped></testcase><testcase classname="src.pymortests.grid" file="src/pymortests/grid.py" line="28" name="test_dim[&lt;lambda&gt;35]" time="0.00040841102600097656"><skipped message="Suite splitting in effect" type="pytest.skip">src/pymortests/grid.py:28: Suite splitting in effect</skipped></testcase><testcase classname="src.pymortests.grid" file="src/pymortests/grid.py" line="28" name="test_dim[&lt;lambda&gt;36]" time="0.0006456375122070312"><skipped message="Suite splitting in effect" type="pytest.skip">src/pymortests/grid.py:28: Suite splitting in effect</skipped></testcase><testcase classname="src.pymortests.grid" file="src/pymortests/grid.py" line="28" name="test_dim[&lt;lambda&gt;37]" time="0.00038743019104003906"><skipped message="Suite splitting in effect" type="pytest.skip">src/pymortests/grid.py:28: Suite splitting in effect</skipped></testcase><testcase classname="src.pymortests.grid" file="src/pymortests/grid.py" line="28" name="test_dim[&lt;lambda&gt;38]" time="0.00040149688720703125"><skipped message="Suite splitting in effect" type="pytest.skip">src/pymortests/grid.py:28: Suite splitting in effect</skipped></testcase><testcase classname="src.pymortests.grid" file="src/pymortests/grid.py" line="28" name="test_dim[&lt;lambda&gt;39]" time="0.0003910064697265625"><skipped message="Suite splitting in effect" type="pytest.skip">src/pymortests/grid.py:28: Suite splitting in effect</skipped></testcase><testcase classname="src.pymortests.grid" file="src/pymortests/grid.py" line="28" name="test_dim[&lt;lambda&gt;40]" time="0.0004210472106933594"><skipped message="Suite splitting in effect" type="pytest.skip">src/pymortests/grid.py:28: Suite splitting in effect</skipped></testcase><testcase classname="src.pymortests.grid" file="src/pymortests/grid.py" line="28" name="test_dim[&lt;lambda&gt;41]" time="0.0004105567932128906"><skipped message="Suite splitting in effect" type="pytest.skip">src/pymortests/grid.py:28: Suite splitting in effect</skipped></testcase><testcase classname="src.pymortests.grid" file="src/pymortests/grid.py" line="28" name="test_dim[&lt;lambda&gt;42]" time="0.00039267539978027344"><skipped message="Suite splitting in effect" type="pytest.skip">src/pymortests/grid.py:28: Suite splitting in effect</skipped></testcase><testcase classname="src.pymortests.grid" file="src/pymortests/grid.py" line="34" name="test_size[&lt;lambda&gt;0]" time="0.0003941059112548828"><skipped message="Suite splitting in effect" type="pytest.skip">src/pymortests/grid.py:34: Suite splitting in effect</skipped></testcase><testcase classname="src.pymortests.grid" file="src/pymortests/grid.py" line="34" name="test_size[&lt;lambda&gt;1]" time="0.0006730556488037109"><skipped message="Suite splitting in effect" type="pytest.skip">src/pymortests/grid.py:34: Suite splitting in effect</skipped></testcase><testcase classname="src.pymortests.grid" file="src/pymortests/grid.py" line="34" name="test_size[&lt;lambda&gt;2]" time="0.00041294097900390625"><skipped message="Suite splitting in effect" type="pytest.skip">src/pymortests/grid.py:34: Suite splitting in effect</skipped></testcase><testcase classname="src.pymortests.grid" file="src/pymortests/grid.py" line="34" name="test_size[&lt;lambda&gt;3]" time="0.00039887428283691406"><skipped message="Suite splitting in effect" type="pytest.skip">src/pymortests/grid.py:34: Suite splitting in effect</skipped></testcase><testcase classname="src.pymortests.grid" file="src/pymortests/grid.py" line="34" name="test_size[&lt;lambda&gt;4]" time="0.00039267539978027344"><skipped message="Suite splitting in effect" type="pytest.skip">src/pymortests/grid.py:34: Suite splitting in effect</skipped></testcase><testcase classname="src.pymortests.grid" file="src/pymortests/grid.py" line="34" name="test_size[&lt;lambda&gt;5]" time="0.0004029273986816406"><skipped message="Suite splitting in effect" type="pytest.skip">src/pymortests/grid.py:34: Suite splitting in effect</skipped></testcase><testcase classname="src.pymortests.grid" file="src/pymortests/grid.py" line="34" name="test_size[&lt;lambda&gt;6]" time="0.00042128562927246094"><skipped message="Suite splitting in effect" type="pytest.skip">src/pymortests/grid.py:34: Suite splitting in effect</skipped></testcase><testcase classname="src.pymortests.grid" file="src/pymortests/grid.py" line="34" name="test_size[&lt;lambda&gt;7]" time="0.00038743019104003906"><skipped message="Suite splitting in effect" type="pytest.skip">src/pymortests/grid.py:34: Suite splitting in effect</skipped></testcase><testcase classname="src.pymortests.grid" file="src/pymortests/grid.py" line="34" name="test_size[&lt;lambda&gt;8]" time="0.00041747093200683594"><skipped message="Suite splitting in effect" type="pytest.skip">src/pymortests/grid.py:34: Suite splitting in effect</skipped></testcase><testcase classname="src.pymortests.grid" file="src/pymortests/grid.py" line="34" name="test_size[&lt;lambda&gt;9]" time="0.0006241798400878906"><skipped message="Suite splitting in effect" type="pytest.skip">src/pymortests/grid.py:34: Suite splitting in effect</skipped></testcase><testcase classname="src.pymortests.grid" file="src/pymortests/grid.py" line="34" name="test_size[&lt;lambda&gt;10]" time="0.00042891502380371094"><skipped message="Suite splitting in effect" type="pytest.skip">src/pymortests/grid.py:34: Suite splitting in effect</skipped></testcase><testcase classname="src.pymortests.grid" file="src/pymortests/grid.py" line="34" name="test_size[&lt;lambda&gt;11]" time="0.0004031658172607422"><skipped message="Suite splitting in effect" type="pytest.skip">src/pymortests/grid.py:34: Suite splitting in effect</skipped></testcase><testcase classname="src.pymortests.grid" file="src/pymortests/grid.py" line="34" name="test_size[&lt;lambda&gt;12]" time="0.0004029273986816406"><skipped message="Suite splitting in effect" type="pytest.skip">src/pymortests/grid.py:34: Suite splitting in effect</skipped></testcase><testcase classname="src.pymortests.grid" file="src/pymortests/grid.py" line="34" name="test_size[&lt;lambda&gt;13]" time="0.0004146099090576172"><skipped message="Suite splitting in effect" type="pytest.skip">src/pymortests/grid.py:34: Suite splitting in effect</skipped></testcase><testcase classname="src.pymortests.grid" file="src/pymortests/grid.py" line="34" name="test_size[&lt;lambda&gt;14]" time="0.0004115104675292969"><skipped message="Suite splitting in effect" type="pytest.skip">src/pymortests/grid.py:34: Suite splitting in effect</skipped></testcase><testcase classname="src.pymortests.grid" file="src/pymortests/grid.py" line="34" name="test_size[&lt;lambda&gt;15]" time="0.0004425048828125"><skipped message="Suite splitting in effect" type="pytest.skip">src/pymortests/grid.py:34: Suite splitting in effect</skipped></testcase><testcase classname="src.pymortests.grid" file="src/pymortests/grid.py" line="34" name="test_size[&lt;lambda&gt;16]" time="0.00039458274841308594"><skipped message="Suite splitting in effect" type="pytest.skip">src/pymortests/grid.py:34: Suite splitting in effect</skipped></testcase><testcase classname="src.pymortests.grid" file="src/pymortests/grid.py" line="34" name="test_size[&lt;lambda&gt;17]" time="0.0006814002990722656"><skipped message="Suite splitting in effect" type="pytest.skip">src/pymortests/grid.py:34: Suite splitting in effect</skipped></testcase><testcase classname="src.pymortests.grid" file="src/pymortests/grid.py" line="34" name="test_size[&lt;lambda&gt;18]" time="0.0004143714904785156"><skipped message="Suite splitting in effect" type="pytest.skip">src/pymortests/grid.py:34: Suite splitting in effect</skipped></testcase><testcase classname="src.pymortests.grid" file="src/pymortests/grid.py" line="34" name="test_size[&lt;lambda&gt;19]" time="0.00041604042053222656"><skipped message="Suite splitting in effect" type="pytest.skip">src/pymortests/grid.py:34: Suite splitting in effect</skipped></testcase><testcase classname="src.pymortests.grid" file="src/pymortests/grid.py" line="34" name="test_size[&lt;lambda&gt;20]" time="0.000392913818359375"><skipped message="Suite splitting in effect" type="pytest.skip">src/pymortests/grid.py:34: Suite splitting in effect</skipped></testcase><testcase classname="src.pymortests.grid" file="src/pymortests/grid.py" line="34" name="test_size[&lt;lambda&gt;21]" time="0.0004076957702636719"><skipped message="Suite splitting in effect" type="pytest.skip">src/pymortests/grid.py:34: Suite splitting in effect</skipped></testcase><testcase classname="src.pymortests.grid" file="src/pymortests/grid.py" line="34" name="test_size[&lt;lambda&gt;22]" time="0.0004086494445800781"><skipped message="Suite splitting in effect" type="pytest.skip">src/pymortests/grid.py:34: Suite splitting in effect</skipped></testcase><testcase classname="src.pymortests.grid" file="src/pymortests/grid.py" line="34" name="test_size[&lt;lambda&gt;23]" time="0.0004150867462158203"><skipped message="Suite splitting in effect" type="pytest.skip">src/pymortests/grid.py:34: Suite splitting in effect</skipped></testcase><testcase classname="src.pymortests.grid" file="src/pymortests/grid.py" line="34" name="test_size[&lt;lambda&gt;24]" time="0.00040721893310546875"><skipped message="Suite splitting in effect" type="pytest.skip">src/pymortests/grid.py:34: Suite splitting in effect</skipped></testcase><testcase classname="src.pymortests.grid" file="src/pymortests/grid.py" line="34" name="test_size[&lt;lambda&gt;25]" time="0.000675201416015625"><skipped message="Suite splitting in effect" type="pytest.skip">src/pymortests/grid.py:34: Suite splitting in effect</skipped></testcase><testcase classname="src.pymortests.grid" file="src/pymortests/grid.py" line="34" name="test_size[&lt;lambda&gt;26]" time="0.0003871917724609375"><skipped message="Suite splitting in effect" type="pytest.skip">src/pymortests/grid.py:34: Suite splitting in effect</skipped></testcase><testcase classname="src.pymortests.grid" file="src/pymortests/grid.py" line="34" name="test_size[&lt;lambda&gt;27]" time="0.0004208087921142578"><skipped message="Suite splitting in effect" type="pytest.skip">src/pymortests/grid.py:34: Suite splitting in effect</skipped></testcase><testcase classname="src.pymortests.grid" file="src/pymortests/grid.py" line="34" name="test_size[&lt;lambda&gt;28]" time="0.00041961669921875"><skipped message="Suite splitting in effect" type="pytest.skip">src/pymortests/grid.py:34: Suite splitting in effect</skipped></testcase><testcase classname="src.pymortests.grid" file="src/pymortests/grid.py" line="34" name="test_size[&lt;lambda&gt;29]" time="0.0003914833068847656"><skipped message="Suite splitting in effect" type="pytest.skip">src/pymortests/grid.py:34: Suite splitting in effect</skipped></testcase><testcase classname="src.pymortests.grid" file="src/pymortests/grid.py" line="34" name="test_size[&lt;lambda&gt;30]" time="0.00043773651123046875"><skipped message="Suite splitting in effect" type="pytest.skip">src/pymortests/grid.py:34: Suite splitting in effect</skipped></testcase><testcase classname="src.pymortests.grid" file="src/pymortests/grid.py" line="34" name="test_size[&lt;lambda&gt;31]" time="0.0003902912139892578"><skipped message="Suite splitting in effect" type="pytest.skip">src/pymortests/grid.py:34: Suite splitting in effect</skipped></testcase><testcase classname="src.pymortests.grid" file="src/pymortests/grid.py" line="34" name="test_size[&lt;lambda&gt;32]" time="0.0003955364227294922"><skipped message="Suite splitting in effect" type="pytest.skip">src/pymortests/grid.py:34: Suite splitting in effect</skipped></testcase><testcase classname="src.pymortests.grid" file="src/pymortests/grid.py" line="34" name="test_size[&lt;lambda&gt;33]" time="0.0006532669067382812"><skipped message="Suite splitting in effect" type="pytest.skip">src/pymortests/grid.py:34: Suite splitting in effect</skipped></testcase><testcase classname="src.pymortests.grid" file="src/pymortests/grid.py" line="34" name="test_size[&lt;lambda&gt;34]" time="0.0004069805145263672"><skipped message="Suite splitting in effect" type="pytest.skip">src/pymortests/grid.py:34: Suite splitting in effect</skipped></testcase><testcase classname="src.pymortests.grid" file="src/pymortests/grid.py" line="34" name="test_size[&lt;lambda&gt;35]" time="0.0003857612609863281"><skipped message="Suite splitting in effect" type="pytest.skip">src/pymortests/grid.py:34: Suite splitting in effect</skipped></testcase><testcase classname="src.pymortests.grid" file="src/pymortests/grid.py" line="34" name="test_size[&lt;lambda&gt;36]" time="0.0004513263702392578"><skipped message="Suite splitting in effect" type="pytest.skip">src/pymortests/grid.py:34: Suite splitting in effect</skipped></testcase><testcase classname="src.pymortests.grid" file="src/pymortests/grid.py" line="34" name="test_size[&lt;lambda&gt;37]" time="0.0003952980041503906"><skipped message="Suite splitting in effect" type="pytest.skip">src/pymortests/grid.py:34: Suite splitting in effect</skipped></testcase><testcase classname="src.pymortests.grid" file="src/pymortests/grid.py" line="34" name="test_size[&lt;lambda&gt;38]" time="0.00039386749267578125"><skipped message="Suite splitting in effect" type="pytest.skip">src/pymortests/grid.py:34: Suite splitting in effect</skipped></testcase><testcase classname="src.pymortests.grid" file="src/pymortests/grid.py" line="34" name="test_size[&lt;lambda&gt;39]" time="0.00038814544677734375"><skipped message="Suite splitting in effect" type="pytest.skip">src/pymortests/grid.py:34: Suite splitting in effect</skipped></testcase><testcase classname="src.pymortests.grid" file="src/pymortests/grid.py" line="34" name="test_size[&lt;lambda&gt;40]" time="0.00041794776916503906"><skipped message="Suite splitting in effect" type="pytest.skip">src/pymortests/grid.py:34: Suite splitting in effect</skipped></testcase><testcase classname="src.pymortests.grid" file="src/pymortests/grid.py" line="34" name="test_size[&lt;lambda&gt;41]" time="0.0006480216979980469"><skipped message="Suite splitting in effect" type="pytest.skip">src/pymortests/grid.py:34: Suite splitting in effect</skipped></testcase><testcase classname="src.pymortests.grid" file="src/pymortests/grid.py" line="34" name="test_size[&lt;lambda&gt;42]" time="0.0004143714904785156"><skipped message="Suite splitting in effect" type="pytest.skip">src/pymortests/grid.py:34: Suite splitting in effect</skipped></testcase><testcase classname="src.pymortests.grid" file="src/pymortests/grid.py" line="44" name="test_subentities_wrong_arguments[&lt;lambda&gt;0]" time="0.0004096031188964844"><skipped message="Suite splitting in effect" type="pytest.skip">src/pymortests/grid.py:44: Suite splitting in effect</skipped></testcase><testcase classname="src.pymortests.grid" file="src/pymortests/grid.py" line="44" name="test_subentities_wrong_arguments[&lt;lambda&gt;1]" time="0.0003833770751953125"><skipped message="Suite splitting in effect" type="pytest.skip">src/pymortests/grid.py:44: Suite splitting in effect</skipped></testcase><testcase classname="src.pymortests.grid" file="src/pymortests/grid.py" line="44" name="test_subentities_wrong_arguments[&lt;lambda&gt;2]" time="0.00040221214294433594"><skipped message="Suite splitting in effect" type="pytest.skip">src/pymortests/grid.py:44: Suite splitting in effect</skipped></testcase><testcase classname="src.pymortests.grid" file="src/pymortests/grid.py" line="44" name="test_subentities_wrong_arguments[&lt;lambda&gt;3]" time="0.0003895759582519531"><skipped message="Suite splitting in effect" type="pytest.skip">src/pymortests/grid.py:44: Suite splitting in effect</skipped></testcase><testcase classname="src.pymortests.grid" file="src/pymortests/grid.py" line="44" name="test_subentities_wrong_arguments[&lt;lambda&gt;4]" time="0.00041556358337402344"><skipped message="Suite splitting in effect" type="pytest.skip">src/pymortests/grid.py:44: Suite splitting in effect</skipped></testcase><testcase classname="src.pymortests.grid" file="src/pymortests/grid.py" line="44" name="test_subentities_wrong_arguments[&lt;lambda&gt;5]" time="0.0004248619079589844"><skipped message="Suite splitting in effect" type="pytest.skip">src/pymortests/grid.py:44: Suite splitting in effect</skipped></testcase><testcase classname="src.pymortests.grid" file="src/pymortests/grid.py" line="44" name="test_subentities_wrong_arguments[&lt;lambda&gt;6]" time="0.0006477832794189453"><skipped message="Suite splitting in effect" type="pytest.skip">src/pymortests/grid.py:44: Suite splitting in effect</skipped></testcase><testcase classname="src.pymortests.grid" file="src/pymortests/grid.py" line="44" name="test_subentities_wrong_arguments[&lt;lambda&gt;7]" time="0.0004048347473144531"><skipped message="Suite splitting in effect" type="pytest.skip">src/pymortests/grid.py:44: Suite splitting in effect</skipped></testcase><testcase classname="src.pymortests.grid" file="src/pymortests/grid.py" line="44" name="test_subentities_wrong_arguments[&lt;lambda&gt;8]" time="0.0003821849822998047"><skipped message="Suite splitting in effect" type="pytest.skip">src/pymortests/grid.py:44: Suite splitting in effect</skipped></testcase><testcase classname="src.pymortests.grid" file="src/pymortests/grid.py" line="44" name="test_subentities_wrong_arguments[&lt;lambda&gt;9]" time="0.00041365623474121094"><skipped message="Suite splitting in effect" type="pytest.skip">src/pymortests/grid.py:44: Suite splitting in effect</skipped></testcase><testcase classname="src.pymortests.grid" file="src/pymortests/grid.py" line="44" name="test_subentities_wrong_arguments[&lt;lambda&gt;10]" time="0.00038623809814453125"><skipped message="Suite splitting in effect" type="pytest.skip">src/pymortests/grid.py:44: Suite splitting in effect</skipped></testcase><testcase classname="src.pymortests.grid" file="src/pymortests/grid.py" line="44" name="test_subentities_wrong_arguments[&lt;lambda&gt;11]" time="0.0003859996795654297"><skipped message="Suite splitting in effect" type="pytest.skip">src/pymortests/grid.py:44: Suite splitting in effect</skipped></testcase><testcase classname="src.pymortests.grid" file="src/pymortests/grid.py" line="44" name="test_subentities_wrong_arguments[&lt;lambda&gt;12]" time="0.0004279613494873047"><skipped message="Suite splitting in effect" type="pytest.skip">src/pymortests/grid.py:44: Suite splitting in effect</skipped></testcase><testcase classname="src.pymortests.grid" file="src/pymortests/grid.py" line="44" name="test_subentities_wrong_arguments[&lt;lambda&gt;13]" time="0.0004119873046875"><skipped message="Suite splitting in effect" type="pytest.skip">src/pymortests/grid.py:44: Suite splitting in effect</skipped></testcase><testcase classname="src.pymortests.grid" file="src/pymortests/grid.py" line="44" name="test_subentities_wrong_arguments[&lt;lambda&gt;14]" time="0.0007312297821044922"><skipped message="Suite splitting in effect" type="pytest.skip">src/pymortests/grid.py:44: Suite splitting in effect</skipped></testcase><testcase classname="src.pymortests.grid" file="src/pymortests/grid.py" line="44" name="test_subentities_wrong_arguments[&lt;lambda&gt;15]" time="0.0004487037658691406"><skipped message="Suite splitting in effect" type="pytest.skip">src/pymortests/grid.py:44: Suite splitting in effect</skipped></testcase><testcase classname="src.pymortests.grid" file="src/pymortests/grid.py" line="44" name="test_subentities_wrong_arguments[&lt;lambda&gt;16]" time="0.0003883838653564453"><skipped message="Suite splitting in effect" type="pytest.skip">src/pymortests/grid.py:44: Suite splitting in effect</skipped></testcase><testcase classname="src.pymortests.grid" file="src/pymortests/grid.py" line="44" name="test_subentities_wrong_arguments[&lt;lambda&gt;17]" time="0.0004153251647949219"><skipped message="Suite splitting in effect" type="pytest.skip">src/pymortests/grid.py:44: Suite splitting in effect</skipped></testcase><testcase classname="src.pymortests.grid" file="src/pymortests/grid.py" line="44" name="test_subentities_wrong_arguments[&lt;lambda&gt;18]" time="0.00039649009704589844"><skipped message="Suite splitting in effect" type="pytest.skip">src/pymortests/grid.py:44: Suite splitting in effect</skipped></testcase><testcase classname="src.pymortests.grid" file="src/pymortests/grid.py" line="44" name="test_subentities_wrong_arguments[&lt;lambda&gt;19]" time="0.0004124641418457031"><skipped message="Suite splitting in effect" type="pytest.skip">src/pymortests/grid.py:44: Suite splitting in effect</skipped></testcase><testcase classname="src.pymortests.grid" file="src/pymortests/grid.py" line="44" name="test_subentities_wrong_arguments[&lt;lambda&gt;20]" time="0.00041866302490234375"><skipped message="Suite splitting in effect" type="pytest.skip">src/pymortests/grid.py:44: Suite splitting in effect</skipped></testcase><testcase classname="src.pymortests.grid" file="src/pymortests/grid.py" line="44" name="test_subentities_wrong_arguments[&lt;lambda&gt;21]" time="0.0003879070281982422"><skipped message="Suite splitting in effect" type="pytest.skip">src/pymortests/grid.py:44: Suite splitting in effect</skipped></testcase><testcase classname="src.pymortests.grid" file="src/pymortests/grid.py" line="44" name="test_subentities_wrong_arguments[&lt;lambda&gt;22]" time="0.0006392002105712891"><skipped message="Suite splitting in effect" type="pytest.skip">src/pymortests/grid.py:44: Suite splitting in effect</skipped></testcase><testcase classname="src.pymortests.grid" file="src/pymortests/grid.py" line="44" name="test_subentities_wrong_arguments[&lt;lambda&gt;23]" time="0.0004093647003173828"><skipped message="Suite splitting in effect" type="pytest.skip">src/pymortests/grid.py:44: Suite splitting in effect</skipped></testcase><testcase classname="src.pymortests.grid" file="src/pymortests/grid.py" line="44" name="test_subentities_wrong_arguments[&lt;lambda&gt;24]" time="0.00041031837463378906"><skipped message="Suite splitting in effect" type="pytest.skip">src/pymortests/grid.py:44: Suite splitting in effect</skipped></testcase><testcase classname="src.pymortests.grid" file="src/pymortests/grid.py" line="44" name="test_subentities_wrong_arguments[&lt;lambda&gt;25]" time="0.0003876686096191406"><skipped message="Suite splitting in effect" type="pytest.skip">src/pymortests/grid.py:44: Suite splitting in effect</skipped></testcase><testcase classname="src.pymortests.grid" file="src/pymortests/grid.py" line="44" name="test_subentities_wrong_arguments[&lt;lambda&gt;26]" time="0.00040841102600097656"><skipped message="Suite splitting in effect" type="pytest.skip">src/pymortests/grid.py:44: Suite splitting in effect</skipped></testcase><testcase classname="src.pymortests.grid" file="src/pymortests/grid.py" line="44" name="test_subentities_wrong_arguments[&lt;lambda&gt;27]" time="0.00039696693420410156"><skipped message="Suite splitting in effect" type="pytest.skip">src/pymortests/grid.py:44: Suite splitting in effect</skipped></testcase><testcase classname="src.pymortests.grid" file="src/pymortests/grid.py" line="44" name="test_subentities_wrong_arguments[&lt;lambda&gt;28]" time="0.0004143714904785156"><skipped message="Suite splitting in effect" type="pytest.skip">src/pymortests/grid.py:44: Suite splitting in effect</skipped></testcase><testcase classname="src.pymortests.grid" file="src/pymortests/grid.py" line="44" name="test_subentities_wrong_arguments[&lt;lambda&gt;29]" time="0.00044035911560058594"><skipped message="Suite splitting in effect" type="pytest.skip">src/pymortests/grid.py:44: Suite splitting in effect</skipped></testcase><testcase classname="src.pymortests.grid" file="src/pymortests/grid.py" line="44" name="test_subentities_wrong_arguments[&lt;lambda&gt;30]" time="0.0006659030914306641"><skipped message="Suite splitting in effect" type="pytest.skip">src/pymortests/grid.py:44: Suite splitting in effect</skipped></testcase><testcase classname="src.pymortests.grid" file="src/pymortests/grid.py" line="44" name="test_subentities_wrong_arguments[&lt;lambda&gt;31]" time="0.0004134178161621094"><skipped message="Suite splitting in effect" type="pytest.skip">src/pymortests/grid.py:44: Suite splitting in effect</skipped></testcase><testcase classname="src.pymortests.grid" file="src/pymortests/grid.py" line="44" name="test_subentities_wrong_arguments[&lt;lambda&gt;32]" time="0.00039267539978027344"><skipped message="Suite splitting in effect" type="pytest.skip">src/pymortests/grid.py:44: Suite splitting in effect</skipped></testcase><testcase classname="src.pymortests.grid" file="src/pymortests/grid.py" line="44" name="test_subentities_wrong_arguments[&lt;lambda&gt;33]" time="0.0004112720489501953"><skipped message="Suite splitting in effect" type="pytest.skip">src/pymortests/grid.py:44: Suite splitting in effect</skipped></testcase><testcase classname="src.pymortests.grid" file="src/pymortests/grid.py" line="44" name="test_subentities_wrong_arguments[&lt;lambda&gt;34]" time="0.00039887428283691406"><skipped message="Suite splitting in effect" type="pytest.skip">src/pymortests/grid.py:44: Suite splitting in effect</skipped></testcase><testcase classname="src.pymortests.grid" file="src/pymortests/grid.py" line="44" name="test_subentities_wrong_arguments[&lt;lambda&gt;35]" time="0.0004150867462158203"><skipped message="Suite splitting in effect" type="pytest.skip">src/pymortests/grid.py:44: Suite splitting in effect</skipped></testcase><testcase classname="src.pymortests.grid" file="src/pymortests/grid.py" line="44" name="test_subentities_wrong_arguments[&lt;lambda&gt;36]" time="0.0003917217254638672"><skipped message="Suite splitting in effect" type="pytest.skip">src/pymortests/grid.py:44: Suite splitting in effect</skipped></testcase><testcase classname="src.pymortests.grid" file="src/pymortests/grid.py" line="44" name="test_subentities_wrong_arguments[&lt;lambda&gt;37]" time="0.00042176246643066406"><skipped message="Suite splitting in effect" type="pytest.skip">src/pymortests/grid.py:44: Suite splitting in effect</skipped></testcase><testcase classname="src.pymortests.grid" file="src/pymortests/grid.py" line="44" name="test_subentities_wrong_arguments[&lt;lambda&gt;38]" time="0.0008602142333984375"><skipped message="Suite splitting in effect" type="pytest.skip">src/pymortests/grid.py:44: Suite splitting in effect</skipped></testcase><testcase classname="src.pymortests.grid" file="src/pymortests/grid.py" line="44" name="test_subentities_wrong_arguments[&lt;lambda&gt;39]" time="0.0003864765167236328"><skipped message="Suite splitting in effect" type="pytest.skip">src/pymortests/grid.py:44: Suite splitting in effect</skipped></testcase><testcase classname="src.pymortests.grid" file="src/pymortests/grid.py" line="44" name="test_subentities_wrong_arguments[&lt;lambda&gt;40]" time="0.0003914833068847656"><skipped message="Suite splitting in effect" type="pytest.skip">src/pymortests/grid.py:44: Suite splitting in effect</skipped></testcase><testcase classname="src.pymortests.grid" file="src/pymortests/grid.py" line="44" name="test_subentities_wrong_arguments[&lt;lambda&gt;41]" time="0.00039124488830566406"><skipped message="Suite splitting in effect" type="pytest.skip">src/pymortests/grid.py:44: Suite splitting in effect</skipped></testcase><testcase classname="src.pymortests.grid" file="src/pymortests/grid.py" line="44" name="test_subentities_wrong_arguments[&lt;lambda&gt;42]" time="0.00041294097900390625"><skipped message="Suite splitting in effect" type="pytest.skip">src/pymortests/grid.py:44: Suite splitting in effect</skipped></testcase><testcase classname="src.pymortests.grid" file="src/pymortests/grid.py" line="57" name="test_subentities_shape[&lt;lambda&gt;0]" time="0.00041556358337402344"><skipped message="Suite splitting in effect" type="pytest.skip">src/pymortests/grid.py:57: Suite splitting in effect</skipped></testcase><testcase classname="src.pymortests.grid" file="src/pymortests/grid.py" line="57" name="test_subentities_shape[&lt;lambda&gt;1]" time="0.0003895759582519531"><skipped message="Suite splitting in effect" type="pytest.skip">src/pymortests/grid.py:57: Suite splitting in effect</skipped></testcase><testcase classname="src.pymortests.grid" file="src/pymortests/grid.py" line="57" name="test_subentities_shape[&lt;lambda&gt;2]" time="0.0004200935363769531"><skipped message="Suite splitting in effect" type="pytest.skip">src/pymortests/grid.py:57: Suite splitting in effect</skipped></testcase><testcase classname="src.pymortests.grid" file="src/pymortests/grid.py" line="57" name="test_subentities_shape[&lt;lambda&gt;3]" time="0.0006418228149414062"><skipped message="Suite splitting in effect" type="pytest.skip">src/pymortests/grid.py:57: Suite splitting in effect</skipped></testcase><testcase classname="src.pymortests.grid" file="src/pymortests/grid.py" line="57" name="test_subentities_shape[&lt;lambda&gt;4]" time="0.0004055500030517578"><skipped message="Suite splitting in effect" type="pytest.skip">src/pymortests/grid.py:57: Suite splitting in effect</skipped></testcase><testcase classname="src.pymortests.grid" file="src/pymortests/grid.py" line="57" name="test_subentities_shape[&lt;lambda&gt;5]" time="0.00038433074951171875"><skipped message="Suite splitting in effect" type="pytest.skip">src/pymortests/grid.py:57: Suite splitting in effect</skipped></testcase><testcase classname="src.pymortests.grid" file="src/pymortests/grid.py" line="57" name="test_subentities_shape[&lt;lambda&gt;6]" time="0.0003898143768310547"><skipped message="Suite splitting in effect" type="pytest.skip">src/pymortests/grid.py:57: Suite splitting in effect</skipped></testcase><testcase classname="src.pymortests.grid" file="src/pymortests/grid.py" line="57" name="test_subentities_shape[&lt;lambda&gt;7]" time="0.0004215240478515625"><skipped message="Suite splitting in effect" type="pytest.skip">src/pymortests/grid.py:57: Suite splitting in effect</skipped></testcase><testcase classname="src.pymortests.grid" file="src/pymortests/grid.py" line="57" name="test_subentities_shape[&lt;lambda&gt;8]" time="0.00041675567626953125"><skipped message="Suite splitting in effect" type="pytest.skip">src/pymortests/grid.py:57: Suite splitting in effect</skipped></testcase><testcase classname="src.pymortests.grid" file="src/pymortests/grid.py" line="57" name="test_subentities_shape[&lt;lambda&gt;9]" time="0.0004131793975830078"><skipped message="Suite splitting in effect" type="pytest.skip">src/pymortests/grid.py:57: Suite splitting in effect</skipped></testcase><testcase classname="src.pymortests.grid" file="src/pymortests/grid.py" line="57" name="test_subentities_shape[&lt;lambda&gt;10]" time="0.00038814544677734375"><skipped message="Suite splitting in effect" type="pytest.skip">src/pymortests/grid.py:57: Suite splitting in effect</skipped></testcase><testcase classname="src.pymortests.grid" file="src/pymortests/grid.py" line="57" name="test_subentities_shape[&lt;lambda&gt;11]" time="0.000652313232421875"><skipped message="Suite splitting in effect" type="pytest.skip">src/pymortests/grid.py:57: Suite splitting in effect</skipped></testcase><testcase classname="src.pymortests.grid" file="src/pymortests/grid.py" line="57" name="test_subentities_shape[&lt;lambda&gt;12]" time="0.00039196014404296875"><skipped message="Suite splitting in effect" type="pytest.skip">src/pymortests/grid.py:57: Suite splitting in effect</skipped></testcase><testcase classname="src.pymortests.grid" file="src/pymortests/grid.py" line="57" name="test_subentities_shape[&lt;lambda&gt;13]" time="0.0004048347473144531"><skipped message="Suite splitting in effect" type="pytest.skip">src/pymortests/grid.py:57: Suite splitting in effect</skipped></testcase><testcase classname="src.pymortests.grid" file="src/pymortests/grid.py" line="57" name="test_subentities_shape[&lt;lambda&gt;14]" time="0.0003859996795654297"><skipped message="Suite splitting in effect" type="pytest.skip">src/pymortests/grid.py:57: Suite splitting in effect</skipped></testcase><testcase classname="src.pymortests.grid" file="src/pymortests/grid.py" line="57" name="test_subentities_shape[&lt;lambda&gt;15]" time="0.0004086494445800781"><skipped message="Suite splitting in effect" type="pytest.skip">src/pymortests/grid.py:57: Suite splitting in effect</skipped></testcase><testcase classname="src.pymortests.grid" file="src/pymortests/grid.py" line="57" name="test_subentities_shape[&lt;lambda&gt;16]" time="0.0004215240478515625"><skipped message="Suite splitting in effect" type="pytest.skip">src/pymortests/grid.py:57: Suite splitting in effect</skipped></testcase><testcase classname="src.pymortests.grid" file="src/pymortests/grid.py" line="57" name="test_subentities_shape[&lt;lambda&gt;17]" time="0.00039267539978027344"><skipped message="Suite splitting in effect" type="pytest.skip">src/pymortests/grid.py:57: Suite splitting in effect</skipped></testcase><testcase classname="src.pymortests.grid" file="src/pymortests/grid.py" line="57" name="test_subentities_shape[&lt;lambda&gt;18]" time="0.000392913818359375"><skipped message="Suite splitting in effect" type="pytest.skip">src/pymortests/grid.py:57: Suite splitting in effect</skipped></testcase><testcase classname="src.pymortests.grid" file="src/pymortests/grid.py" line="57" name="test_subentities_shape[&lt;lambda&gt;19]" time="0.0006504058837890625"><skipped message="Suite splitting in effect" type="pytest.skip">src/pymortests/grid.py:57: Suite splitting in effect</skipped></testcase><testcase classname="src.pymortests.grid" file="src/pymortests/grid.py" line="57" name="test_subentities_shape[&lt;lambda&gt;20]" time="0.0004024505615234375"><skipped message="Suite splitting in effect" type="pytest.skip">src/pymortests/grid.py:57: Suite splitting in effect</skipped></testcase><testcase classname="src.pymortests.grid" file="src/pymortests/grid.py" line="57" name="test_subentities_shape[&lt;lambda&gt;21]" time="0.00038623809814453125"><skipped message="Suite splitting in effect" type="pytest.skip">src/pymortests/grid.py:57: Suite splitting in effect</skipped></testcase><testcase classname="src.pymortests.grid" file="src/pymortests/grid.py" line="57" name="test_subentities_shape[&lt;lambda&gt;22]" time="0.00039577484130859375"><skipped message="Suite splitting in effect" type="pytest.skip">src/pymortests/grid.py:57: Suite splitting in effect</skipped></testcase><testcase classname="src.pymortests.grid" file="src/pymortests/grid.py" line="57" name="test_subentities_shape[&lt;lambda&gt;23]" time="0.0003972053527832031"><skipped message="Suite splitting in effect" type="pytest.skip">src/pymortests/grid.py:57: Suite splitting in effect</skipped></testcase><testcase classname="src.pymortests.grid" file="src/pymortests/grid.py" line="57" name="test_subentities_shape[&lt;lambda&gt;24]" time="0.0004162788391113281"><skipped message="Suite splitting in effect" type="pytest.skip">src/pymortests/grid.py:57: Suite splitting in effect</skipped></testcase><testcase classname="src.pymortests.grid" file="src/pymortests/grid.py" line="57" name="test_subentities_shape[&lt;lambda&gt;25]" time="0.0004093647003173828"><skipped message="Suite splitting in effect" type="pytest.skip">src/pymortests/grid.py:57: Suite splitting in effect</skipped></testcase><testcase classname="src.pymortests.grid" file="src/pymortests/grid.py" line="57" name="test_subentities_shape[&lt;lambda&gt;26]" time="0.0003876686096191406"><skipped message="Suite splitting in effect" type="pytest.skip">src/pymortests/grid.py:57: Suite splitting in effect</skipped></testcase><testcase classname="src.pymortests.grid" file="src/pymortests/grid.py" line="57" name="test_subentities_shape[&lt;lambda&gt;27]" time="0.0006687641143798828"><skipped message="Suite splitting in effect" type="pytest.skip">src/pymortests/grid.py:57: Suite splitting in effect</skipped></testcase><testcase classname="src.pymortests.grid" file="src/pymortests/grid.py" line="57" name="test_subentities_shape[&lt;lambda&gt;28]" time="0.0003917217254638672"><skipped message="Suite splitting in effect" type="pytest.skip">src/pymortests/grid.py:57: Suite splitting in effect</skipped></testcase><testcase classname="src.pymortests.grid" file="src/pymortests/grid.py" line="57" name="test_subentities_shape[&lt;lambda&gt;29]" time="0.00038909912109375"><skipped message="Suite splitting in effect" type="pytest.skip">src/pymortests/grid.py:57: Suite splitting in effect</skipped></testcase><testcase classname="src.pymortests.grid" file="src/pymortests/grid.py" line="57" name="test_subentities_shape[&lt;lambda&gt;30]" time="0.00038361549377441406"><skipped message="Suite splitting in effect" type="pytest.skip">src/pymortests/grid.py:57: Suite splitting in effect</skipped></testcase><testcase classname="src.pymortests.grid" file="src/pymortests/grid.py" line="57" name="test_subentities_shape[&lt;lambda&gt;31]" time="0.0004177093505859375"><skipped message="Suite splitting in effect" type="pytest.skip">src/pymortests/grid.py:57: Suite splitting in effect</skipped></testcase><testcase classname="src.pymortests.grid" file="src/pymortests/grid.py" line="57" name="test_subentities_shape[&lt;lambda&gt;32]" time="0.000408172607421875"><skipped message="Suite splitting in effect" type="pytest.skip">src/pymortests/grid.py:57: Suite splitting in effect</skipped></testcase><testcase classname="src.pymortests.grid" file="src/pymortests/grid.py" line="57" name="test_subentities_shape[&lt;lambda&gt;33]" time="0.0003829002380371094"><skipped message="Suite splitting in effect" type="pytest.skip">src/pymortests/grid.py:57: Suite splitting in effect</skipped></testcase><testcase classname="src.pymortests.grid" file="src/pymortests/grid.py" line="57" name="test_subentities_shape[&lt;lambda&gt;34]" time="0.00038695335388183594"><skipped message="Suite splitting in effect" type="pytest.skip">src/pymortests/grid.py:57: Suite splitting in effect</skipped></testcase><testcase classname="src.pymortests.grid" file="src/pymortests/grid.py" line="57" name="test_subentities_shape[&lt;lambda&gt;35]" time="0.000644683837890625"><skipped message="Suite splitting in effect" type="pytest.skip">src/pymortests/grid.py:57: Suite splitting in effect</skipped></testcase><testcase classname="src.pymortests.grid" file="src/pymortests/grid.py" line="57" name="test_subentities_shape[&lt;lambda&gt;36]" time="0.0004019737243652344"><skipped message="Suite splitting in effect" type="pytest.skip">src/pymortests/grid.py:57: Suite splitting in effect</skipped></testcase><testcase classname="src.pymortests.grid" file="src/pymortests/grid.py" line="57" name="test_subentities_shape[&lt;lambda&gt;37]" time="0.000385284423828125"><skipped message="Suite splitting in effect" type="pytest.skip">src/pymortests/grid.py:57: Suite splitting in effect</skipped></testcase><testcase classname="src.pymortests.grid" file="src/pymortests/grid.py" line="57" name="test_subentities_shape[&lt;lambda&gt;38]" time="0.0004324913024902344"><skipped message="Suite splitting in effect" type="pytest.skip">src/pymortests/grid.py:57: Suite splitting in effect</skipped></testcase><testcase classname="src.pymortests.grid" file="src/pymortests/grid.py" line="57" name="test_subentities_shape[&lt;lambda&gt;39]" time="0.0003952980041503906"><skipped message="Suite splitting in effect" type="pytest.skip">src/pymortests/grid.py:57: Suite splitting in effect</skipped></testcase><testcase classname="src.pymortests.grid" file="src/pymortests/grid.py" line="57" name="test_subentities_shape[&lt;lambda&gt;40]" time="0.0003902912139892578"><skipped message="Suite splitting in effect" type="pytest.skip">src/pymortests/grid.py:57: Suite splitting in effect</skipped></testcase><testcase classname="src.pymortests.grid" file="src/pymortests/grid.py" line="57" name="test_subentities_shape[&lt;lambda&gt;41]" time="0.0003952980041503906"><skipped message="Suite splitting in effect" type="pytest.skip">src/pymortests/grid.py:57: Suite splitting in effect</skipped></testcase><testcase classname="src.pymortests.grid" file="src/pymortests/grid.py" line="57" name="test_subentities_shape[&lt;lambda&gt;42]" time="0.0004265308380126953"><skipped message="Suite splitting in effect" type="pytest.skip">src/pymortests/grid.py:57: Suite splitting in effect</skipped></testcase><testcase classname="src.pymortests.grid" file="src/pymortests/grid.py" line="65" name="test_subentities_dtype[&lt;lambda&gt;0]" time="0.0006644725799560547"><skipped message="Suite splitting in effect" type="pytest.skip">src/pymortests/grid.py:65: Suite splitting in effect</skipped></testcase><testcase classname="src.pymortests.grid" file="src/pymortests/grid.py" line="65" name="test_subentities_dtype[&lt;lambda&gt;1]" time="0.0004093647003173828"><skipped message="Suite splitting in effect" type="pytest.skip">src/pymortests/grid.py:65: Suite splitting in effect</skipped></testcase><testcase classname="src.pymortests.grid" file="src/pymortests/grid.py" line="65" name="test_subentities_dtype[&lt;lambda&gt;2]" time="0.00040841102600097656"><skipped message="Suite splitting in effect" type="pytest.skip">src/pymortests/grid.py:65: Suite splitting in effect</skipped></testcase><testcase classname="src.pymortests.grid" file="src/pymortests/grid.py" line="65" name="test_subentities_dtype[&lt;lambda&gt;3]" time="0.0004048347473144531"><skipped message="Suite splitting in effect" type="pytest.skip">src/pymortests/grid.py:65: Suite splitting in effect</skipped></testcase><testcase classname="src.pymortests.grid" file="src/pymortests/grid.py" line="65" name="test_subentities_dtype[&lt;lambda&gt;4]" time="0.0003829002380371094"><skipped message="Suite splitting in effect" type="pytest.skip">src/pymortests/grid.py:65: Suite splitting in effect</skipped></testcase><testcase classname="src.pymortests.grid" file="src/pymortests/grid.py" line="65" name="test_subentities_dtype[&lt;lambda&gt;5]" time="0.0003859996795654297"><skipped message="Suite splitting in effect" type="pytest.skip">src/pymortests/grid.py:65: Suite splitting in effect</skipped></testcase><testcase classname="src.pymortests.grid" file="src/pymortests/grid.py" line="65" name="test_subentities_dtype[&lt;lambda&gt;6]" time="0.0004248619079589844"><skipped message="Suite splitting in effect" type="pytest.skip">src/pymortests/grid.py:65: Suite splitting in effect</skipped></testcase><testcase classname="src.pymortests.grid" file="src/pymortests/grid.py" line="65" name="test_subentities_dtype[&lt;lambda&gt;7]" time="0.00041365623474121094"><skipped message="Suite splitting in effect" type="pytest.skip">src/pymortests/grid.py:65: Suite splitting in effect</skipped></testcase><testcase classname="src.pymortests.grid" file="src/pymortests/grid.py" line="65" name="test_subentities_dtype[&lt;lambda&gt;8]" time="0.0006630420684814453"><skipped message="Suite splitting in effect" type="pytest.skip">src/pymortests/grid.py:65: Suite splitting in effect</skipped></testcase><testcase classname="src.pymortests.grid" file="src/pymortests/grid.py" line="65" name="test_subentities_dtype[&lt;lambda&gt;9]" time="0.0003905296325683594"><skipped message="Suite splitting in effect" type="pytest.skip">src/pymortests/grid.py:65: Suite splitting in effect</skipped></testcase><testcase classname="src.pymortests.grid" file="src/pymortests/grid.py" line="65" name="test_subentities_dtype[&lt;lambda&gt;10]" time="0.0004134178161621094"><skipped message="Suite splitting in effect" type="pytest.skip">src/pymortests/grid.py:65: Suite splitting in effect</skipped></testcase><testcase classname="src.pymortests.grid" file="src/pymortests/grid.py" line="65" name="test_subentities_dtype[&lt;lambda&gt;11]" time="0.000415802001953125"><skipped message="Suite splitting in effect" type="pytest.skip">src/pymortests/grid.py:65: Suite splitting in effect</skipped></testcase><testcase classname="src.pymortests.grid" file="src/pymortests/grid.py" line="65" name="test_subentities_dtype[&lt;lambda&gt;12]" time="0.0004074573516845703"><skipped message="Suite splitting in effect" type="pytest.skip">src/pymortests/grid.py:65: Suite splitting in effect</skipped></testcase><testcase classname="src.pymortests.grid" file="src/pymortests/grid.py" line="65" name="test_subentities_dtype[&lt;lambda&gt;13]" time="0.00039768218994140625"><skipped message="Suite splitting in effect" type="pytest.skip">src/pymortests/grid.py:65: Suite splitting in effect</skipped></testcase><testcase classname="src.pymortests.grid" file="src/pymortests/grid.py" line="65" name="test_subentities_dtype[&lt;lambda&gt;14]" time="0.00040912628173828125"><skipped message="Suite splitting in effect" type="pytest.skip">src/pymortests/grid.py:65: Suite splitting in effect</skipped></testcase><testcase classname="src.pymortests.grid" file="src/pymortests/grid.py" line="65" name="test_subentities_dtype[&lt;lambda&gt;15]" time="0.0004093647003173828"><skipped message="Suite splitting in effect" type="pytest.skip">src/pymortests/grid.py:65: Suite splitting in effect</skipped></testcase><testcase classname="src.pymortests.grid" file="src/pymortests/grid.py" line="65" name="test_subentities_dtype[&lt;lambda&gt;16]" time="0.0006809234619140625"><skipped message="Suite splitting in effect" type="pytest.skip">src/pymortests/grid.py:65: Suite splitting in effect</skipped></testcase><testcase classname="src.pymortests.grid" file="src/pymortests/grid.py" line="65" name="test_subentities_dtype[&lt;lambda&gt;17]" time="0.0004506111145019531"><skipped message="Suite splitting in effect" type="pytest.skip">src/pymortests/grid.py:65: Suite splitting in effect</skipped></testcase><testcase classname="src.pymortests.grid" file="src/pymortests/grid.py" line="65" name="test_subentities_dtype[&lt;lambda&gt;18]" time="0.00038743019104003906"><skipped message="Suite splitting in effect" type="pytest.skip">src/pymortests/grid.py:65: Suite splitting in effect</skipped></testcase><testcase classname="src.pymortests.grid" file="src/pymortests/grid.py" line="65" name="test_subentities_dtype[&lt;lambda&gt;19]" time="0.0003981590270996094"><skipped message="Suite splitting in effect" type="pytest.skip">src/pymortests/grid.py:65: Suite splitting in effect</skipped></testcase><testcase classname="src.pymortests.grid" file="src/pymortests/grid.py" line="65" name="test_subentities_dtype[&lt;lambda&gt;20]" time="0.000396728515625"><skipped message="Suite splitting in effect" type="pytest.skip">src/pymortests/grid.py:65: Suite splitting in effect</skipped></testcase><testcase classname="src.pymortests.grid" file="src/pymortests/grid.py" line="65" name="test_subentities_dtype[&lt;lambda&gt;21]" time="0.00039505958557128906"><skipped message="Suite splitting in effect" type="pytest.skip">src/pymortests/grid.py:65: Suite splitting in effect</skipped></testcase><testcase classname="src.pymortests.grid" file="src/pymortests/grid.py" line="65" name="test_subentities_dtype[&lt;lambda&gt;22]" time="0.00040340423583984375"><skipped message="Suite splitting in effect" type="pytest.skip">src/pymortests/grid.py:65: Suite splitting in effect</skipped></testcase><testcase classname="src.pymortests.grid" file="src/pymortests/grid.py" line="65" name="test_subentities_dtype[&lt;lambda&gt;23]" time="0.0004181861877441406"><skipped message="Suite splitting in effect" type="pytest.skip">src/pymortests/grid.py:65: Suite splitting in effect</skipped></testcase><testcase classname="src.pymortests.grid" file="src/pymortests/grid.py" line="65" name="test_subentities_dtype[&lt;lambda&gt;24]" time="0.0006320476531982422"><skipped message="Suite splitting in effect" type="pytest.skip">src/pymortests/grid.py:65: Suite splitting in effect</skipped></testcase><testcase classname="src.pymortests.grid" file="src/pymortests/grid.py" line="65" name="test_subentities_dtype[&lt;lambda&gt;25]" time="0.00043082237243652344"><skipped message="Suite splitting in effect" type="pytest.skip">src/pymortests/grid.py:65: Suite splitting in effect</skipped></testcase><testcase classname="src.pymortests.grid" file="src/pymortests/grid.py" line="65" name="test_subentities_dtype[&lt;lambda&gt;26]" time="0.00046181678771972656"><skipped message="Suite splitting in effect" type="pytest.skip">src/pymortests/grid.py:65: Suite splitting in effect</skipped></testcase><testcase classname="src.pymortests.grid" file="src/pymortests/grid.py" line="65" name="test_subentities_dtype[&lt;lambda&gt;27]" time="0.00041365623474121094"><skipped message="Suite splitting in effect" type="pytest.skip">src/pymortests/grid.py:65: Suite splitting in effect</skipped></testcase><testcase classname="src.pymortests.grid" file="src/pymortests/grid.py" line="65" name="test_subentities_dtype[&lt;lambda&gt;28]" time="0.000415802001953125"><skipped message="Suite splitting in effect" type="pytest.skip">src/pymortests/grid.py:65: Suite splitting in effect</skipped></testcase><testcase classname="src.pymortests.grid" file="src/pymortests/grid.py" line="65" name="test_subentities_dtype[&lt;lambda&gt;29]" time="0.00038933753967285156"><skipped message="Suite splitting in effect" type="pytest.skip">src/pymortests/grid.py:65: Suite splitting in effect</skipped></testcase><testcase classname="src.pymortests.grid" file="src/pymortests/grid.py" line="65" name="test_subentities_dtype[&lt;lambda&gt;30]" time="0.00038361549377441406"><skipped message="Suite splitting in effect" type="pytest.skip">src/pymortests/grid.py:65: Suite splitting in effect</skipped></testcase><testcase classname="src.pymortests.grid" file="src/pymortests/grid.py" line="65" name="test_subentities_dtype[&lt;lambda&gt;31]" time="0.0003871917724609375"><skipped message="Suite splitting in effect" type="pytest.skip">src/pymortests/grid.py:65: Suite splitting in effect</skipped></testcase><testcase classname="src.pymortests.grid" file="src/pymortests/grid.py" line="65" name="test_subentities_dtype[&lt;lambda&gt;32]" time="0.0006589889526367188"><skipped message="Suite splitting in effect" type="pytest.skip">src/pymortests/grid.py:65: Suite splitting in effect</skipped></testcase><testcase classname="src.pymortests.grid" file="src/pymortests/grid.py" line="65" name="test_subentities_dtype[&lt;lambda&gt;33]" time="0.00038886070251464844"><skipped message="Suite splitting in effect" type="pytest.skip">src/pymortests/grid.py:65: Suite splitting in effect</skipped></testcase><testcase classname="src.pymortests.grid" file="src/pymortests/grid.py" line="65" name="test_subentities_dtype[&lt;lambda&gt;34]" time="0.0003902912139892578"><skipped message="Suite splitting in effect" type="pytest.skip">src/pymortests/grid.py:65: Suite splitting in effect</skipped></testcase><testcase classname="src.pymortests.grid" file="src/pymortests/grid.py" line="65" name="test_subentities_dtype[&lt;lambda&gt;35]" time="0.0003857612609863281"><skipped message="Suite splitting in effect" type="pytest.skip">src/pymortests/grid.py:65: Suite splitting in effect</skipped></testcase><testcase classname="src.pymortests.grid" file="src/pymortests/grid.py" line="65" name="test_subentities_dtype[&lt;lambda&gt;36]" time="0.0004100799560546875"><skipped message="Suite splitting in effect" type="pytest.skip">src/pymortests/grid.py:65: Suite splitting in effect</skipped></testcase><testcase classname="src.pymortests.grid" file="src/pymortests/grid.py" line="65" name="test_subentities_dtype[&lt;lambda&gt;37]" time="0.000400543212890625"><skipped message="Suite splitting in effect" type="pytest.skip">src/pymortests/grid.py:65: Suite splitting in effect</skipped></testcase><testcase classname="src.pymortests.grid" file="src/pymortests/grid.py" line="65" name="test_subentities_dtype[&lt;lambda&gt;38]" time="0.00039196014404296875"><skipped message="Suite splitting in effect" type="pytest.skip">src/pymortests/grid.py:65: Suite splitting in effect</skipped></testcase><testcase classname="src.pymortests.grid" file="src/pymortests/grid.py" line="65" name="test_subentities_dtype[&lt;lambda&gt;39]" time="0.0004334449768066406"><skipped message="Suite splitting in effect" type="pytest.skip">src/pymortests/grid.py:65: Suite splitting in effect</skipped></testcase><testcase classname="src.pymortests.grid" file="src/pymortests/grid.py" line="65" name="test_subentities_dtype[&lt;lambda&gt;40]" time="0.0006878376007080078"><skipped message="Suite splitting in effect" type="pytest.skip">src/pymortests/grid.py:65: Suite splitting in effect</skipped></testcase><testcase classname="src.pymortests.grid" file="src/pymortests/grid.py" line="65" name="test_subentities_dtype[&lt;lambda&gt;41]" time="0.00040721893310546875"><skipped message="Suite splitting in effect" type="pytest.skip">src/pymortests/grid.py:65: Suite splitting in effect</skipped></testcase><testcase classname="src.pymortests.grid" file="src/pymortests/grid.py" line="65" name="test_subentities_dtype[&lt;lambda&gt;42]" time="0.0004169940948486328"><skipped message="Suite splitting in effect" type="pytest.skip">src/pymortests/grid.py:65: Suite splitting in effect</skipped></testcase><testcase classname="src.pymortests.grid" file="src/pymortests/grid.py" line="72" name="test_subentities_entry_value_range[&lt;lambda&gt;0]" time="0.0004222393035888672"><skipped message="Suite splitting in effect" type="pytest.skip">src/pymortests/grid.py:72: Suite splitting in effect</skipped></testcase><testcase classname="src.pymortests.grid" file="src/pymortests/grid.py" line="72" name="test_subentities_entry_value_range[&lt;lambda&gt;1]" time="0.0004143714904785156"><skipped message="Suite splitting in effect" type="pytest.skip">src/pymortests/grid.py:72: Suite splitting in effect</skipped></testcase><testcase classname="src.pymortests.grid" file="src/pymortests/grid.py" line="72" name="test_subentities_entry_value_range[&lt;lambda&gt;2]" time="0.000408172607421875"><skipped message="Suite splitting in effect" type="pytest.skip">src/pymortests/grid.py:72: Suite splitting in effect</skipped></testcase><testcase classname="src.pymortests.grid" file="src/pymortests/grid.py" line="72" name="test_subentities_entry_value_range[&lt;lambda&gt;3]" time="0.00041294097900390625"><skipped message="Suite splitting in effect" type="pytest.skip">src/pymortests/grid.py:72: Suite splitting in effect</skipped></testcase><testcase classname="src.pymortests.grid" file="src/pymortests/grid.py" line="72" name="test_subentities_entry_value_range[&lt;lambda&gt;4]" time="0.0004382133483886719"><skipped message="Suite splitting in effect" type="pytest.skip">src/pymortests/grid.py:72: Suite splitting in effect</skipped></testcase><testcase classname="src.pymortests.grid" file="src/pymortests/grid.py" line="72" name="test_subentities_entry_value_range[&lt;lambda&gt;5]" time="0.0008368492126464844"><skipped message="Suite splitting in effect" type="pytest.skip">src/pymortests/grid.py:72: Suite splitting in effect</skipped></testcase><testcase classname="src.pymortests.grid" file="src/pymortests/grid.py" line="72" name="test_subentities_entry_value_range[&lt;lambda&gt;6]" time="0.0004150867462158203"><skipped message="Suite splitting in effect" type="pytest.skip">src/pymortests/grid.py:72: Suite splitting in effect</skipped></testcase><testcase classname="src.pymortests.grid" file="src/pymortests/grid.py" line="72" name="test_subentities_entry_value_range[&lt;lambda&gt;7]" time="0.00039768218994140625"><skipped message="Suite splitting in effect" type="pytest.skip">src/pymortests/grid.py:72: Suite splitting in effect</skipped></testcase><testcase classname="src.pymortests.grid" file="src/pymortests/grid.py" line="72" name="test_subentities_entry_value_range[&lt;lambda&gt;8]" time="0.00039696693420410156"><skipped message="Suite splitting in effect" type="pytest.skip">src/pymortests/grid.py:72: Suite splitting in effect</skipped></testcase><testcase classname="src.pymortests.grid" file="src/pymortests/grid.py" line="72" name="test_subentities_entry_value_range[&lt;lambda&gt;9]" time="0.00041556358337402344"><skipped message="Suite splitting in effect" type="pytest.skip">src/pymortests/grid.py:72: Suite splitting in effect</skipped></testcase><testcase classname="src.pymortests.grid" file="src/pymortests/grid.py" line="72" name="test_subentities_entry_value_range[&lt;lambda&gt;10]" time="0.0004208087921142578"><skipped message="Suite splitting in effect" type="pytest.skip">src/pymortests/grid.py:72: Suite splitting in effect</skipped></testcase><testcase classname="src.pymortests.grid" file="src/pymortests/grid.py" line="72" name="test_subentities_entry_value_range[&lt;lambda&gt;11]" time="0.00039386749267578125"><skipped message="Suite splitting in effect" type="pytest.skip">src/pymortests/grid.py:72: Suite splitting in effect</skipped></testcase><testcase classname="src.pymortests.grid" file="src/pymortests/grid.py" line="72" name="test_subentities_entry_value_range[&lt;lambda&gt;12]" time="0.00045609474182128906"><skipped message="Suite splitting in effect" type="pytest.skip">src/pymortests/grid.py:72: Suite splitting in effect</skipped></testcase><testcase classname="src.pymortests.grid" file="src/pymortests/grid.py" line="72" name="test_subentities_entry_value_range[&lt;lambda&gt;13]" time="0.0009963512420654297"><skipped message="Suite splitting in effect" type="pytest.skip">src/pymortests/grid.py:72: Suite splitting in effect</skipped></testcase><testcase classname="src.pymortests.grid" file="src/pymortests/grid.py" line="72" name="test_subentities_entry_value_range[&lt;lambda&gt;14]" time="0.00038623809814453125"><skipped message="Suite splitting in effect" type="pytest.skip">src/pymortests/grid.py:72: Suite splitting in effect</skipped></testcase><testcase classname="src.pymortests.grid" file="src/pymortests/grid.py" line="72" name="test_subentities_entry_value_range[&lt;lambda&gt;15]" time="0.0004012584686279297"><skipped message="Suite splitting in effect" type="pytest.skip">src/pymortests/grid.py:72: Suite splitting in effect</skipped></testcase><testcase classname="src.pymortests.grid" file="src/pymortests/grid.py" line="72" name="test_subentities_entry_value_range[&lt;lambda&gt;16]" time="0.0003876686096191406"><skipped message="Suite splitting in effect" type="pytest.skip">src/pymortests/grid.py:72: Suite splitting in effect</skipped></testcase><testcase classname="src.pymortests.grid" file="src/pymortests/grid.py" line="72" name="test_subentities_entry_value_range[&lt;lambda&gt;17]" time="0.00044274330139160156"><skipped message="Suite splitting in effect" type="pytest.skip">src/pymortests/grid.py:72: Suite splitting in effect</skipped></testcase><testcase classname="src.pymortests.grid" file="src/pymortests/grid.py" line="72" name="test_subentities_entry_value_range[&lt;lambda&gt;18]" time="0.00041294097900390625"><skipped message="Suite splitting in effect" type="pytest.skip">src/pymortests/grid.py:72: Suite splitting in effect</skipped></testcase><testcase classname="src.pymortests.grid" file="src/pymortests/grid.py" line="72" name="test_subentities_entry_value_range[&lt;lambda&gt;19]" time="0.00039076805114746094"><skipped message="Suite splitting in effect" type="pytest.skip">src/pymortests/grid.py:72: Suite splitting in effect</skipped></testcase><testcase classname="src.pymortests.grid" file="src/pymortests/grid.py" line="72" name="test_subentities_entry_value_range[&lt;lambda&gt;20]" time="0.0004010200500488281"><skipped message="Suite splitting in effect" type="pytest.skip">src/pymortests/grid.py:72: Suite splitting in effect</skipped></testcase><testcase classname="src.pymortests.grid" file="src/pymortests/grid.py" line="72" name="test_subentities_entry_value_range[&lt;lambda&gt;21]" time="0.0006868839263916016"><skipped message="Suite splitting in effect" type="pytest.skip">src/pymortests/grid.py:72: Suite splitting in effect</skipped></testcase><testcase classname="src.pymortests.grid" file="src/pymortests/grid.py" line="72" name="test_subentities_entry_value_range[&lt;lambda&gt;22]" time="0.0004220008850097656"><skipped message="Suite splitting in effect" type="pytest.skip">src/pymortests/grid.py:72: Suite splitting in effect</skipped></testcase><testcase classname="src.pymortests.grid" file="src/pymortests/grid.py" line="72" name="test_subentities_entry_value_range[&lt;lambda&gt;23]" time="0.00039505958557128906"><skipped message="Suite splitting in effect" type="pytest.skip">src/pymortests/grid.py:72: Suite splitting in effect</skipped></testcase><testcase classname="src.pymortests.grid" file="src/pymortests/grid.py" line="72" name="test_subentities_entry_value_range[&lt;lambda&gt;24]" time="0.00047087669372558594"><skipped message="Suite splitting in effect" type="pytest.skip">src/pymortests/grid.py:72: Suite splitting in effect</skipped></testcase><testcase classname="src.pymortests.grid" file="src/pymortests/grid.py" line="72" name="test_subentities_entry_value_range[&lt;lambda&gt;25]" time="0.0004162788391113281"><skipped message="Suite splitting in effect" type="pytest.skip">src/pymortests/grid.py:72: Suite splitting in effect</skipped></testcase><testcase classname="src.pymortests.grid" file="src/pymortests/grid.py" line="72" name="test_subentities_entry_value_range[&lt;lambda&gt;26]" time="0.0003952980041503906"><skipped message="Suite splitting in effect" type="pytest.skip">src/pymortests/grid.py:72: Suite splitting in effect</skipped></testcase><testcase classname="src.pymortests.grid" file="src/pymortests/grid.py" line="72" name="test_subentities_entry_value_range[&lt;lambda&gt;27]" time="0.0004189014434814453"><skipped message="Suite splitting in effect" type="pytest.skip">src/pymortests/grid.py:72: Suite splitting in effect</skipped></testcase><testcase classname="src.pymortests.grid" file="src/pymortests/grid.py" line="72" name="test_subentities_entry_value_range[&lt;lambda&gt;28]" time="0.00041794776916503906"><skipped message="Suite splitting in effect" type="pytest.skip">src/pymortests/grid.py:72: Suite splitting in effect</skipped></testcase><testcase classname="src.pymortests.grid" file="src/pymortests/grid.py" line="72" name="test_subentities_entry_value_range[&lt;lambda&gt;29]" time="0.0006756782531738281"><skipped message="Suite splitting in effect" type="pytest.skip">src/pymortests/grid.py:72: Suite splitting in effect</skipped></testcase><testcase classname="src.pymortests.grid" file="src/pymortests/grid.py" line="72" name="test_subentities_entry_value_range[&lt;lambda&gt;30]" time="0.00042247772216796875"><skipped message="Suite splitting in effect" type="pytest.skip">src/pymortests/grid.py:72: Suite splitting in effect</skipped></testcase><testcase classname="src.pymortests.grid" file="src/pymortests/grid.py" line="72" name="test_subentities_entry_value_range[&lt;lambda&gt;31]" time="0.00040602684020996094"><skipped message="Suite splitting in effect" type="pytest.skip">src/pymortests/grid.py:72: Suite splitting in effect</skipped></testcase><testcase classname="src.pymortests.grid" file="src/pymortests/grid.py" line="72" name="test_subentities_entry_value_range[&lt;lambda&gt;32]" time="0.00040650367736816406"><skipped message="Suite splitting in effect" type="pytest.skip">src/pymortests/grid.py:72: Suite splitting in effect</skipped></testcase><testcase classname="src.pymortests.grid" file="src/pymortests/grid.py" line="72" name="test_subentities_entry_value_range[&lt;lambda&gt;33]" time="0.00042510032653808594"><skipped message="Suite splitting in effect" type="pytest.skip">src/pymortests/grid.py:72: Suite splitting in effect</skipped></testcase><testcase classname="src.pymortests.grid" file="src/pymortests/grid.py" line="72" name="test_subentities_entry_value_range[&lt;lambda&gt;34]" time="0.000415802001953125"><skipped message="Suite splitting in effect" type="pytest.skip">src/pymortests/grid.py:72: Suite splitting in effect</skipped></testcase><testcase classname="src.pymortests.grid" file="src/pymortests/grid.py" line="72" name="test_subentities_entry_value_range[&lt;lambda&gt;35]" time="0.0003905296325683594"><skipped message="Suite splitting in effect" type="pytest.skip">src/pymortests/grid.py:72: Suite splitting in effect</skipped></testcase><testcase classname="src.pymortests.grid" file="src/pymortests/grid.py" line="72" name="test_subentities_entry_value_range[&lt;lambda&gt;36]" time="0.0004100799560546875"><skipped message="Suite splitting in effect" type="pytest.skip">src/pymortests/grid.py:72: Suite splitting in effect</skipped></testcase><testcase classname="src.pymortests.grid" file="src/pymortests/grid.py" line="72" name="test_subentities_entry_value_range[&lt;lambda&gt;37]" time="0.0006937980651855469"><skipped message="Suite splitting in effect" type="pytest.skip">src/pymortests/grid.py:72: Suite splitting in effect</skipped></testcase><testcase classname="src.pymortests.grid" file="src/pymortests/grid.py" line="72" name="test_subentities_entry_value_range[&lt;lambda&gt;38]" time="0.000518798828125"><skipped message="Suite splitting in effect" type="pytest.skip">src/pymortests/grid.py:72: Suite splitting in effect</skipped></testcase><testcase classname="src.pymortests.grid" file="src/pymortests/grid.py" line="72" name="test_subentities_entry_value_range[&lt;lambda&gt;39]" time="0.0003910064697265625"><skipped message="Suite splitting in effect" type="pytest.skip">src/pymortests/grid.py:72: Suite splitting in effect</skipped></testcase><testcase classname="src.pymortests.grid" file="src/pymortests/grid.py" line="72" name="test_subentities_entry_value_range[&lt;lambda&gt;40]" time="0.0003955364227294922"><skipped message="Suite splitting in effect" type="pytest.skip">src/pymortests/grid.py:72: Suite splitting in effect</skipped></testcase><testcase classname="src.pymortests.grid" file="src/pymortests/grid.py" line="72" name="test_subentities_entry_value_range[&lt;lambda&gt;41]" time="0.0004134178161621094"><skipped message="Suite splitting in effect" type="pytest.skip">src/pymortests/grid.py:72: Suite splitting in effect</skipped></testcase><testcase classname="src.pymortests.grid" file="src/pymortests/grid.py" line="72" name="test_subentities_entry_value_range[&lt;lambda&gt;42]" time="0.00047135353088378906"><skipped message="Suite splitting in effect" type="pytest.skip">src/pymortests/grid.py:72: Suite splitting in effect</skipped></testcase><testcase classname="src.pymortests.grid" file="src/pymortests/grid.py" line="80" name="test_subentities_entry_values_unique[&lt;lambda&gt;0]" time="0.0004162788391113281"><skipped message="Suite splitting in effect" type="pytest.skip">src/pymortests/grid.py:80: Suite splitting in effect</skipped></testcase><testcase classname="src.pymortests.grid" file="src/pymortests/grid.py" line="80" name="test_subentities_entry_values_unique[&lt;lambda&gt;1]" time="0.00044417381286621094"><skipped message="Suite splitting in effect" type="pytest.skip">src/pymortests/grid.py:80: Suite splitting in effect</skipped></testcase><testcase classname="src.pymortests.grid" file="src/pymortests/grid.py" line="80" name="test_subentities_entry_values_unique[&lt;lambda&gt;2]" time="0.0006666183471679688"><skipped message="Suite splitting in effect" type="pytest.skip">src/pymortests/grid.py:80: Suite splitting in effect</skipped></testcase><testcase classname="src.pymortests.grid" file="src/pymortests/grid.py" line="80" name="test_subentities_entry_values_unique[&lt;lambda&gt;3]" time="0.0004169940948486328"><skipped message="Suite splitting in effect" type="pytest.skip">src/pymortests/grid.py:80: Suite splitting in effect</skipped></testcase><testcase classname="src.pymortests.grid" file="src/pymortests/grid.py" line="80" name="test_subentities_entry_values_unique[&lt;lambda&gt;4]" time="0.0004112720489501953"><skipped message="Suite splitting in effect" type="pytest.skip">src/pymortests/grid.py:80: Suite splitting in effect</skipped></testcase><testcase classname="src.pymortests.grid" file="src/pymortests/grid.py" line="80" name="test_subentities_entry_values_unique[&lt;lambda&gt;5]" time="0.00040459632873535156"><skipped message="Suite splitting in effect" type="pytest.skip">src/pymortests/grid.py:80: Suite splitting in effect</skipped></testcase><testcase classname="src.pymortests.grid" file="src/pymortests/grid.py" line="80" name="test_subentities_entry_values_unique[&lt;lambda&gt;6]" time="0.00038361549377441406"><skipped message="Suite splitting in effect" type="pytest.skip">src/pymortests/grid.py:80: Suite splitting in effect</skipped></testcase><testcase classname="src.pymortests.grid" file="src/pymortests/grid.py" line="80" name="test_subentities_entry_values_unique[&lt;lambda&gt;7]" time="0.00041484832763671875"><skipped message="Suite splitting in effect" type="pytest.skip">src/pymortests/grid.py:80: Suite splitting in effect</skipped></testcase><testcase classname="src.pymortests.grid" file="src/pymortests/grid.py" line="80" name="test_subentities_entry_values_unique[&lt;lambda&gt;8]" time="0.00039649009704589844"><skipped message="Suite splitting in effect" type="pytest.skip">src/pymortests/grid.py:80: Suite splitting in effect</skipped></testcase><testcase classname="src.pymortests.grid" file="src/pymortests/grid.py" line="80" name="test_subentities_entry_values_unique[&lt;lambda&gt;9]" time="0.00039076805114746094"><skipped message="Suite splitting in effect" type="pytest.skip">src/pymortests/grid.py:80: Suite splitting in effect</skipped></testcase><testcase classname="src.pymortests.grid" file="src/pymortests/grid.py" line="80" name="test_subentities_entry_values_unique[&lt;lambda&gt;10]" time="0.0006372928619384766"><skipped message="Suite splitting in effect" type="pytest.skip">src/pymortests/grid.py:80: Suite splitting in effect</skipped></testcase><testcase classname="src.pymortests.grid" file="src/pymortests/grid.py" line="80" name="test_subentities_entry_values_unique[&lt;lambda&gt;11]" time="0.0003914833068847656"><skipped message="Suite splitting in effect" type="pytest.skip">src/pymortests/grid.py:80: Suite splitting in effect</skipped></testcase><testcase classname="src.pymortests.grid" file="src/pymortests/grid.py" line="80" name="test_subentities_entry_values_unique[&lt;lambda&gt;12]" time="0.0003864765167236328"><skipped message="Suite splitting in effect" type="pytest.skip">src/pymortests/grid.py:80: Suite splitting in effect</skipped></testcase><testcase classname="src.pymortests.grid" file="src/pymortests/grid.py" line="80" name="test_subentities_entry_values_unique[&lt;lambda&gt;13]" time="0.0004146099090576172"><skipped message="Suite splitting in effect" type="pytest.skip">src/pymortests/grid.py:80: Suite splitting in effect</skipped></testcase><testcase classname="src.pymortests.grid" file="src/pymortests/grid.py" line="80" name="test_subentities_entry_values_unique[&lt;lambda&gt;14]" time="0.0004057884216308594"><skipped message="Suite splitting in effect" type="pytest.skip">src/pymortests/grid.py:80: Suite splitting in effect</skipped></testcase><testcase classname="src.pymortests.grid" file="src/pymortests/grid.py" line="80" name="test_subentities_entry_values_unique[&lt;lambda&gt;15]" time="0.00041937828063964844"><skipped message="Suite splitting in effect" type="pytest.skip">src/pymortests/grid.py:80: Suite splitting in effect</skipped></testcase><testcase classname="src.pymortests.grid" file="src/pymortests/grid.py" line="80" name="test_subentities_entry_values_unique[&lt;lambda&gt;16]" time="0.0004146099090576172"><skipped message="Suite splitting in effect" type="pytest.skip">src/pymortests/grid.py:80: Suite splitting in effect</skipped></testcase><testcase classname="src.pymortests.grid" file="src/pymortests/grid.py" line="80" name="test_subentities_entry_values_unique[&lt;lambda&gt;17]" time="0.00040411949157714844"><skipped message="Suite splitting in effect" type="pytest.skip">src/pymortests/grid.py:80: Suite splitting in effect</skipped></testcase><testcase classname="src.pymortests.grid" file="src/pymortests/grid.py" line="80" name="test_subentities_entry_values_unique[&lt;lambda&gt;18]" time="0.0006644725799560547"><skipped message="Suite splitting in effect" type="pytest.skip">src/pymortests/grid.py:80: Suite splitting in effect</skipped></testcase><testcase classname="src.pymortests.grid" file="src/pymortests/grid.py" line="80" name="test_subentities_entry_values_unique[&lt;lambda&gt;19]" time="0.00038313865661621094"><skipped message="Suite splitting in effect" type="pytest.skip">src/pymortests/grid.py:80: Suite splitting in effect</skipped></testcase><testcase classname="src.pymortests.grid" file="src/pymortests/grid.py" line="80" name="test_subentities_entry_values_unique[&lt;lambda&gt;20]" time="0.00040221214294433594"><skipped message="Suite splitting in effect" type="pytest.skip">src/pymortests/grid.py:80: Suite splitting in effect</skipped></testcase><testcase classname="src.pymortests.grid" file="src/pymortests/grid.py" line="80" name="test_subentities_entry_values_unique[&lt;lambda&gt;21]" time="0.0003821849822998047"><skipped message="Suite splitting in effect" type="pytest.skip">src/pymortests/grid.py:80: Suite splitting in effect</skipped></testcase><testcase classname="src.pymortests.grid" file="src/pymortests/grid.py" line="80" name="test_subentities_entry_values_unique[&lt;lambda&gt;22]" time="0.00041675567626953125"><skipped message="Suite splitting in effect" type="pytest.skip">src/pymortests/grid.py:80: Suite splitting in effect</skipped></testcase><testcase classname="src.pymortests.grid" file="src/pymortests/grid.py" line="80" name="test_subentities_entry_values_unique[&lt;lambda&gt;23]" time="0.0004112720489501953"><skipped message="Suite splitting in effect" type="pytest.skip">src/pymortests/grid.py:80: Suite splitting in effect</skipped></testcase><testcase classname="src.pymortests.grid" file="src/pymortests/grid.py" line="80" name="test_subentities_entry_values_unique[&lt;lambda&gt;24]" time="0.0003917217254638672"><skipped message="Suite splitting in effect" type="pytest.skip">src/pymortests/grid.py:80: Suite splitting in effect</skipped></testcase><testcase classname="src.pymortests.grid" file="src/pymortests/grid.py" line="80" name="test_subentities_entry_values_unique[&lt;lambda&gt;25]" time="0.0003933906555175781"><skipped message="Suite splitting in effect" type="pytest.skip">src/pymortests/grid.py:80: Suite splitting in effect</skipped></testcase><testcase classname="src.pymortests.grid" file="src/pymortests/grid.py" line="80" name="test_subentities_entry_values_unique[&lt;lambda&gt;26]" time="0.0006542205810546875"><skipped message="Suite splitting in effect" type="pytest.skip">src/pymortests/grid.py:80: Suite splitting in effect</skipped></testcase><testcase classname="src.pymortests.grid" file="src/pymortests/grid.py" line="80" name="test_subentities_entry_values_unique[&lt;lambda&gt;27]" time="0.00041484832763671875"><skipped message="Suite splitting in effect" type="pytest.skip">src/pymortests/grid.py:80: Suite splitting in effect</skipped></testcase><testcase classname="src.pymortests.grid" file="src/pymortests/grid.py" line="80" name="test_subentities_entry_values_unique[&lt;lambda&gt;28]" time="0.0004000663757324219"><skipped message="Suite splitting in effect" type="pytest.skip">src/pymortests/grid.py:80: Suite splitting in effect</skipped></testcase><testcase classname="src.pymortests.grid" file="src/pymortests/grid.py" line="80" name="test_subentities_entry_values_unique[&lt;lambda&gt;29]" time="0.0003864765167236328"><skipped message="Suite splitting in effect" type="pytest.skip">src/pymortests/grid.py:80: Suite splitting in effect</skipped></testcase><testcase classname="src.pymortests.grid" file="src/pymortests/grid.py" line="80" name="test_subentities_entry_values_unique[&lt;lambda&gt;30]" time="0.00039005279541015625"><skipped message="Suite splitting in effect" type="pytest.skip">src/pymortests/grid.py:80: Suite splitting in effect</skipped></testcase><testcase classname="src.pymortests.grid" file="src/pymortests/grid.py" line="80" name="test_subentities_entry_values_unique[&lt;lambda&gt;31]" time="0.00041556358337402344"><skipped message="Suite splitting in effect" type="pytest.skip">src/pymortests/grid.py:80: Suite splitting in effect</skipped></testcase><testcase classname="src.pymortests.grid" file="src/pymortests/grid.py" line="80" name="test_subentities_entry_values_unique[&lt;lambda&gt;32]" time="0.0004127025604248047"><skipped message="Suite splitting in effect" type="pytest.skip">src/pymortests/grid.py:80: Suite splitting in effect</skipped></testcase><testcase classname="src.pymortests.grid" file="src/pymortests/grid.py" line="80" name="test_subentities_entry_values_unique[&lt;lambda&gt;33]" time="0.0003902912139892578"><skipped message="Suite splitting in effect" type="pytest.skip">src/pymortests/grid.py:80: Suite splitting in effect</skipped></testcase><testcase classname="src.pymortests.grid" file="src/pymortests/grid.py" line="80" name="test_subentities_entry_values_unique[&lt;lambda&gt;34]" time="0.0007038116455078125"><skipped message="Suite splitting in effect" type="pytest.skip">src/pymortests/grid.py:80: Suite splitting in effect</skipped></testcase><testcase classname="src.pymortests.grid" file="src/pymortests/grid.py" line="80" name="test_subentities_entry_values_unique[&lt;lambda&gt;35]" time="0.0003859996795654297"><skipped message="Suite splitting in effect" type="pytest.skip">src/pymortests/grid.py:80: Suite splitting in effect</skipped></testcase><testcase classname="src.pymortests.grid" file="src/pymortests/grid.py" line="80" name="test_subentities_entry_values_unique[&lt;lambda&gt;36]" time="0.0004096031188964844"><skipped message="Suite splitting in effect" type="pytest.skip">src/pymortests/grid.py:80: Suite splitting in effect</skipped></testcase><testcase classname="src.pymortests.grid" file="src/pymortests/grid.py" line="80" name="test_subentities_entry_values_unique[&lt;lambda&gt;37]" time="0.0003895759582519531"><skipped message="Suite splitting in effect" type="pytest.skip">src/pymortests/grid.py:80: Suite splitting in effect</skipped></testcase><testcase classname="src.pymortests.grid" file="src/pymortests/grid.py" line="80" name="test_subentities_entry_values_unique[&lt;lambda&gt;38]" time="0.0003924369812011719"><skipped message="Suite splitting in effect" type="pytest.skip">src/pymortests/grid.py:80: Suite splitting in effect</skipped></testcase><testcase classname="src.pymortests.grid" file="src/pymortests/grid.py" line="80" name="test_subentities_entry_values_unique[&lt;lambda&gt;39]" time="0.00041675567626953125"><skipped message="Suite splitting in effect" type="pytest.skip">src/pymortests/grid.py:80: Suite splitting in effect</skipped></testcase><testcase classname="src.pymortests.grid" file="src/pymortests/grid.py" line="80" name="test_subentities_entry_values_unique[&lt;lambda&gt;40]" time="0.0003914833068847656"><skipped message="Suite splitting in effect" type="pytest.skip">src/pymortests/grid.py:80: Suite splitting in effect</skipped></testcase><testcase classname="src.pymortests.grid" file="src/pymortests/grid.py" line="80" name="test_subentities_entry_values_unique[&lt;lambda&gt;41]" time="0.0004203319549560547"><skipped message="Suite splitting in effect" type="pytest.skip">src/pymortests/grid.py:80: Suite splitting in effect</skipped></testcase><testcase classname="src.pymortests.grid" file="src/pymortests/grid.py" line="80" name="test_subentities_entry_values_unique[&lt;lambda&gt;42]" time="0.0006937980651855469"><skipped message="Suite splitting in effect" type="pytest.skip">src/pymortests/grid.py:80: Suite splitting in effect</skipped></testcase><testcase classname="src.pymortests.grid" file="src/pymortests/grid.py" line="89" name="test_subentities_codim_d_codim_d[&lt;lambda&gt;0]" time="0.00041961669921875"><skipped message="Suite splitting in effect" type="pytest.skip">src/pymortests/grid.py:89: Suite splitting in effect</skipped></testcase><testcase classname="src.pymortests.grid" file="src/pymortests/grid.py" line="89" name="test_subentities_codim_d_codim_d[&lt;lambda&gt;1]" time="0.00041937828063964844"><skipped message="Suite splitting in effect" type="pytest.skip">src/pymortests/grid.py:89: Suite splitting in effect</skipped></testcase><testcase classname="src.pymortests.grid" file="src/pymortests/grid.py" line="89" name="test_subentities_codim_d_codim_d[&lt;lambda&gt;2]" time="0.0004169940948486328"><skipped message="Suite splitting in effect" type="pytest.skip">src/pymortests/grid.py:89: Suite splitting in effect</skipped></testcase><testcase classname="src.pymortests.grid" file="src/pymortests/grid.py" line="89" name="test_subentities_codim_d_codim_d[&lt;lambda&gt;3]" time="0.0003895759582519531"><skipped message="Suite splitting in effect" type="pytest.skip">src/pymortests/grid.py:89: Suite splitting in effect</skipped></testcase><testcase classname="src.pymortests.grid" file="src/pymortests/grid.py" line="89" name="test_subentities_codim_d_codim_d[&lt;lambda&gt;4]" time="0.0003898143768310547"><skipped message="Suite splitting in effect" type="pytest.skip">src/pymortests/grid.py:89: Suite splitting in effect</skipped></testcase><testcase classname="src.pymortests.grid" file="src/pymortests/grid.py" line="89" name="test_subentities_codim_d_codim_d[&lt;lambda&gt;5]" time="0.00038313865661621094"><skipped message="Suite splitting in effect" type="pytest.skip">src/pymortests/grid.py:89: Suite splitting in effect</skipped></testcase><testcase classname="src.pymortests.grid" file="src/pymortests/grid.py" line="89" name="test_subentities_codim_d_codim_d[&lt;lambda&gt;6]" time="0.0003876686096191406"><skipped message="Suite splitting in effect" type="pytest.skip">src/pymortests/grid.py:89: Suite splitting in effect</skipped></testcase><testcase classname="src.pymortests.grid" file="src/pymortests/grid.py" line="89" name="test_subentities_codim_d_codim_d[&lt;lambda&gt;7]" time="0.0006818771362304688"><skipped message="Suite splitting in effect" type="pytest.skip">src/pymortests/grid.py:89: Suite splitting in effect</skipped></testcase><testcase classname="src.pymortests.grid" file="src/pymortests/grid.py" line="89" name="test_subentities_codim_d_codim_d[&lt;lambda&gt;8]" time="0.0003883838653564453"><skipped message="Suite splitting in effect" type="pytest.skip">src/pymortests/grid.py:89: Suite splitting in effect</skipped></testcase><testcase classname="src.pymortests.grid" file="src/pymortests/grid.py" line="89" name="test_subentities_codim_d_codim_d[&lt;lambda&gt;9]" time="0.00038433074951171875"><skipped message="Suite splitting in effect" type="pytest.skip">src/pymortests/grid.py:89: Suite splitting in effect</skipped></testcase><testcase classname="src.pymortests.grid" file="src/pymortests/grid.py" line="89" name="test_subentities_codim_d_codim_d[&lt;lambda&gt;10]" time="0.0004112720489501953"><skipped message="Suite splitting in effect" type="pytest.skip">src/pymortests/grid.py:89: Suite splitting in effect</skipped></testcase><testcase classname="src.pymortests.grid" file="src/pymortests/grid.py" line="89" name="test_subentities_codim_d_codim_d[&lt;lambda&gt;11]" time="0.0004096031188964844"><skipped message="Suite splitting in effect" type="pytest.skip">src/pymortests/grid.py:89: Suite splitting in effect</skipped></testcase><testcase classname="src.pymortests.grid" file="src/pymortests/grid.py" line="89" name="test_subentities_codim_d_codim_d[&lt;lambda&gt;12]" time="0.0003914833068847656"><skipped message="Suite splitting in effect" type="pytest.skip">src/pymortests/grid.py:89: Suite splitting in effect</skipped></testcase><testcase classname="src.pymortests.grid" file="src/pymortests/grid.py" line="89" name="test_subentities_codim_d_codim_d[&lt;lambda&gt;13]" time="0.0004086494445800781"><skipped message="Suite splitting in effect" type="pytest.skip">src/pymortests/grid.py:89: Suite splitting in effect</skipped></testcase><testcase classname="src.pymortests.grid" file="src/pymortests/grid.py" line="89" name="test_subentities_codim_d_codim_d[&lt;lambda&gt;14]" time="0.0003917217254638672"><skipped message="Suite splitting in effect" type="pytest.skip">src/pymortests/grid.py:89: Suite splitting in effect</skipped></testcase><testcase classname="src.pymortests.grid" file="src/pymortests/grid.py" line="89" name="test_subentities_codim_d_codim_d[&lt;lambda&gt;15]" time="0.0008540153503417969"><skipped message="Suite splitting in effect" type="pytest.skip">src/pymortests/grid.py:89: Suite splitting in effect</skipped></testcase><testcase classname="src.pymortests.grid" file="src/pymortests/grid.py" line="89" name="test_subentities_codim_d_codim_d[&lt;lambda&gt;16]" time="0.0004086494445800781"><skipped message="Suite splitting in effect" type="pytest.skip">src/pymortests/grid.py:89: Suite splitting in effect</skipped></testcase><testcase classname="src.pymortests.grid" file="src/pymortests/grid.py" line="89" name="test_subentities_codim_d_codim_d[&lt;lambda&gt;17]" time="0.0004086494445800781"><skipped message="Suite splitting in effect" type="pytest.skip">src/pymortests/grid.py:89: Suite splitting in effect</skipped></testcase><testcase classname="src.pymortests.grid" file="src/pymortests/grid.py" line="89" name="test_subentities_codim_d_codim_d[&lt;lambda&gt;18]" time="0.0004050731658935547"><skipped message="Suite splitting in effect" type="pytest.skip">src/pymortests/grid.py:89: Suite splitting in effect</skipped></testcase><testcase classname="src.pymortests.grid" file="src/pymortests/grid.py" line="89" name="test_subentities_codim_d_codim_d[&lt;lambda&gt;19]" time="0.0003905296325683594"><skipped message="Suite splitting in effect" type="pytest.skip">src/pymortests/grid.py:89: Suite splitting in effect</skipped></testcase><testcase classname="src.pymortests.grid" file="src/pymortests/grid.py" line="89" name="test_subentities_codim_d_codim_d[&lt;lambda&gt;20]" time="0.0003886222839355469"><skipped message="Suite splitting in effect" type="pytest.skip">src/pymortests/grid.py:89: Suite splitting in effect</skipped></testcase><testcase classname="src.pymortests.grid" file="src/pymortests/grid.py" line="89" name="test_subentities_codim_d_codim_d[&lt;lambda&gt;21]" time="0.00043964385986328125"><skipped message="Suite splitting in effect" type="pytest.skip">src/pymortests/grid.py:89: Suite splitting in effect</skipped></testcase><testcase classname="src.pymortests.grid" file="src/pymortests/grid.py" line="89" name="test_subentities_codim_d_codim_d[&lt;lambda&gt;22]" time="0.000415802001953125"><skipped message="Suite splitting in effect" type="pytest.skip">src/pymortests/grid.py:89: Suite splitting in effect</skipped></testcase><testcase classname="src.pymortests.grid" file="src/pymortests/grid.py" line="89" name="test_subentities_codim_d_codim_d[&lt;lambda&gt;23]" time="0.0006628036499023438"><skipped message="Suite splitting in effect" type="pytest.skip">src/pymortests/grid.py:89: Suite splitting in effect</skipped></testcase><testcase classname="src.pymortests.grid" file="src/pymortests/grid.py" line="89" name="test_subentities_codim_d_codim_d[&lt;lambda&gt;24]" time="0.00041413307189941406"><skipped message="Suite splitting in effect" type="pytest.skip">src/pymortests/grid.py:89: Suite splitting in effect</skipped></testcase><testcase classname="src.pymortests.grid" file="src/pymortests/grid.py" line="89" name="test_subentities_codim_d_codim_d[&lt;lambda&gt;25]" time="0.000385284423828125"><skipped message="Suite splitting in effect" type="pytest.skip">src/pymortests/grid.py:89: Suite splitting in effect</skipped></testcase><testcase classname="src.pymortests.grid" file="src/pymortests/grid.py" line="89" name="test_subentities_codim_d_codim_d[&lt;lambda&gt;26]" time="0.0003917217254638672"><skipped message="Suite splitting in effect" type="pytest.skip">src/pymortests/grid.py:89: Suite splitting in effect</skipped></testcase><testcase classname="src.pymortests.grid" file="src/pymortests/grid.py" line="89" name="test_subentities_codim_d_codim_d[&lt;lambda&gt;27]" time="0.00038361549377441406"><skipped message="Suite splitting in effect" type="pytest.skip">src/pymortests/grid.py:89: Suite splitting in effect</skipped></testcase><testcase classname="src.pymortests.grid" file="src/pymortests/grid.py" line="89" name="test_subentities_codim_d_codim_d[&lt;lambda&gt;28]" time="0.00044035911560058594"><skipped message="Suite splitting in effect" type="pytest.skip">src/pymortests/grid.py:89: Suite splitting in effect</skipped></testcase><testcase classname="src.pymortests.grid" file="src/pymortests/grid.py" line="89" name="test_subentities_codim_d_codim_d[&lt;lambda&gt;29]" time="0.00041031837463378906"><skipped message="Suite splitting in effect" type="pytest.skip">src/pymortests/grid.py:89: Suite splitting in effect</skipped></testcase><testcase classname="src.pymortests.grid" file="src/pymortests/grid.py" line="89" name="test_subentities_codim_d_codim_d[&lt;lambda&gt;30]" time="0.0003972053527832031"><skipped message="Suite splitting in effect" type="pytest.skip">src/pymortests/grid.py:89: Suite splitting in effect</skipped></testcase><testcase classname="src.pymortests.grid" file="src/pymortests/grid.py" line="89" name="test_subentities_codim_d_codim_d[&lt;lambda&gt;31]" time="0.0006310939788818359"><skipped message="Suite splitting in effect" type="pytest.skip">src/pymortests/grid.py:89: Suite splitting in effect</skipped></testcase><testcase classname="src.pymortests.grid" file="src/pymortests/grid.py" line="89" name="test_subentities_codim_d_codim_d[&lt;lambda&gt;32]" time="0.000408172607421875"><skipped message="Suite splitting in effect" type="pytest.skip">src/pymortests/grid.py:89: Suite splitting in effect</skipped></testcase><testcase classname="src.pymortests.grid" file="src/pymortests/grid.py" line="89" name="test_subentities_codim_d_codim_d[&lt;lambda&gt;33]" time="0.0004012584686279297"><skipped message="Suite splitting in effect" type="pytest.skip">src/pymortests/grid.py:89: Suite splitting in effect</skipped></testcase><testcase classname="src.pymortests.grid" file="src/pymortests/grid.py" line="89" name="test_subentities_codim_d_codim_d[&lt;lambda&gt;34]" time="0.00039005279541015625"><skipped message="Suite splitting in effect" type="pytest.skip">src/pymortests/grid.py:89: Suite splitting in effect</skipped></testcase><testcase classname="src.pymortests.grid" file="src/pymortests/grid.py" line="89" name="test_subentities_codim_d_codim_d[&lt;lambda&gt;35]" time="0.0004208087921142578"><skipped message="Suite splitting in effect" type="pytest.skip">src/pymortests/grid.py:89: Suite splitting in effect</skipped></testcase><testcase classname="src.pymortests.grid" file="src/pymortests/grid.py" line="89" name="test_subentities_codim_d_codim_d[&lt;lambda&gt;36]" time="0.00038886070251464844"><skipped message="Suite splitting in effect" type="pytest.skip">src/pymortests/grid.py:89: Suite splitting in effect</skipped></testcase><testcase classname="src.pymortests.grid" file="src/pymortests/grid.py" line="89" name="test_subentities_codim_d_codim_d[&lt;lambda&gt;37]" time="0.00038695335388183594"><skipped message="Suite splitting in effect" type="pytest.skip">src/pymortests/grid.py:89: Suite splitting in effect</skipped></testcase><testcase classname="src.pymortests.grid" file="src/pymortests/grid.py" line="89" name="test_subentities_codim_d_codim_d[&lt;lambda&gt;38]" time="0.00040793418884277344"><skipped message="Suite splitting in effect" type="pytest.skip">src/pymortests/grid.py:89: Suite splitting in effect</skipped></testcase><testcase classname="src.pymortests.grid" file="src/pymortests/grid.py" line="89" name="test_subentities_codim_d_codim_d[&lt;lambda&gt;39]" time="0.0006589889526367188"><skipped message="Suite splitting in effect" type="pytest.skip">src/pymortests/grid.py:89: Suite splitting in effect</skipped></testcase><testcase classname="src.pymortests.grid" file="src/pymortests/grid.py" line="89" name="test_subentities_codim_d_codim_d[&lt;lambda&gt;40]" time="0.0004067420959472656"><skipped message="Suite splitting in effect" type="pytest.skip">src/pymortests/grid.py:89: Suite splitting in effect</skipped></testcase><testcase classname="src.pymortests.grid" file="src/pymortests/grid.py" line="89" name="test_subentities_codim_d_codim_d[&lt;lambda&gt;41]" time="0.00038623809814453125"><skipped message="Suite splitting in effect" type="pytest.skip">src/pymortests/grid.py:89: Suite splitting in effect</skipped></testcase><testcase classname="src.pymortests.grid" file="src/pymortests/grid.py" line="89" name="test_subentities_codim_d_codim_d[&lt;lambda&gt;42]" time="0.00039076805114746094"><skipped message="Suite splitting in effect" type="pytest.skip">src/pymortests/grid.py:89: Suite splitting in effect</skipped></testcase><testcase classname="src.pymortests.grid" file="src/pymortests/grid.py" line="96" name="test_subentities_transitivity[&lt;lambda&gt;0]" time="0.0004162788391113281"><skipped message="Suite splitting in effect" type="pytest.skip">src/pymortests/grid.py:96: Suite splitting in effect</skipped></testcase><testcase classname="src.pymortests.grid" file="src/pymortests/grid.py" line="96" name="test_subentities_transitivity[&lt;lambda&gt;1]" time="0.00041294097900390625"><skipped message="Suite splitting in effect" type="pytest.skip">src/pymortests/grid.py:96: Suite splitting in effect</skipped></testcase><testcase classname="src.pymortests.grid" file="src/pymortests/grid.py" line="96" name="test_subentities_transitivity[&lt;lambda&gt;2]" time="0.00039076805114746094"><skipped message="Suite splitting in effect" type="pytest.skip">src/pymortests/grid.py:96: Suite splitting in effect</skipped></testcase><testcase classname="src.pymortests.grid" file="src/pymortests/grid.py" line="96" name="test_subentities_transitivity[&lt;lambda&gt;3]" time="0.0003910064697265625"><skipped message="Suite splitting in effect" type="pytest.skip">src/pymortests/grid.py:96: Suite splitting in effect</skipped></testcase><testcase classname="src.pymortests.grid" file="src/pymortests/grid.py" line="96" name="test_subentities_transitivity[&lt;lambda&gt;4]" time="0.0006275177001953125"><skipped message="Suite splitting in effect" type="pytest.skip">src/pymortests/grid.py:96: Suite splitting in effect</skipped></testcase><testcase classname="src.pymortests.grid" file="src/pymortests/grid.py" line="96" name="test_subentities_transitivity[&lt;lambda&gt;5]" time="0.0003871917724609375"><skipped message="Suite splitting in effect" type="pytest.skip">src/pymortests/grid.py:96: Suite splitting in effect</skipped></testcase><testcase classname="src.pymortests.grid" file="src/pymortests/grid.py" line="96" name="test_subentities_transitivity[&lt;lambda&gt;6]" time="0.00038886070251464844"><skipped message="Suite splitting in effect" type="pytest.skip">src/pymortests/grid.py:96: Suite splitting in effect</skipped></testcase><testcase classname="src.pymortests.grid" file="src/pymortests/grid.py" line="96" name="test_subentities_transitivity[&lt;lambda&gt;7]" time="0.0004227161407470703"><skipped message="Suite splitting in effect" type="pytest.skip">src/pymortests/grid.py:96: Suite splitting in effect</skipped></testcase><testcase classname="src.pymortests.grid" file="src/pymortests/grid.py" line="96" name="test_subentities_transitivity[&lt;lambda&gt;8]" time="0.0004096031188964844"><skipped message="Suite splitting in effect" type="pytest.skip">src/pymortests/grid.py:96: Suite splitting in effect</skipped></testcase><testcase classname="src.pymortests.grid" file="src/pymortests/grid.py" line="96" name="test_subentities_transitivity[&lt;lambda&gt;9]" time="0.00038623809814453125"><skipped message="Suite splitting in effect" type="pytest.skip">src/pymortests/grid.py:96: Suite splitting in effect</skipped></testcase><testcase classname="src.pymortests.grid" file="src/pymortests/grid.py" line="96" name="test_subentities_transitivity[&lt;lambda&gt;10]" time="0.0003883838653564453"><skipped message="Suite splitting in effect" type="pytest.skip">src/pymortests/grid.py:96: Suite splitting in effect</skipped></testcase><testcase classname="src.pymortests.grid" file="src/pymortests/grid.py" line="96" name="test_subentities_transitivity[&lt;lambda&gt;11]" time="0.0004048347473144531"><skipped message="Suite splitting in effect" type="pytest.skip">src/pymortests/grid.py:96: Suite splitting in effect</skipped></testcase><testcase classname="src.pymortests.grid" file="src/pymortests/grid.py" line="96" name="test_subentities_transitivity[&lt;lambda&gt;12]" time="0.0006330013275146484"><skipped message="Suite splitting in effect" type="pytest.skip">src/pymortests/grid.py:96: Suite splitting in effect</skipped></testcase><testcase classname="src.pymortests.grid" file="src/pymortests/grid.py" line="96" name="test_subentities_transitivity[&lt;lambda&gt;13]" time="0.0004191398620605469"><skipped message="Suite splitting in effect" type="pytest.skip">src/pymortests/grid.py:96: Suite splitting in effect</skipped></testcase><testcase classname="src.pymortests.grid" file="src/pymortests/grid.py" line="96" name="test_subentities_transitivity[&lt;lambda&gt;14]" time="0.00040912628173828125"><skipped message="Suite splitting in effect" type="pytest.skip">src/pymortests/grid.py:96: Suite splitting in effect</skipped></testcase><testcase classname="src.pymortests.grid" file="src/pymortests/grid.py" line="96" name="test_subentities_transitivity[&lt;lambda&gt;15]" time="0.0004024505615234375"><skipped message="Suite splitting in effect" type="pytest.skip">src/pymortests/grid.py:96: Suite splitting in effect</skipped></testcase><testcase classname="src.pymortests.grid" file="src/pymortests/grid.py" line="96" name="test_subentities_transitivity[&lt;lambda&gt;16]" time="0.0004134178161621094"><skipped message="Suite splitting in effect" type="pytest.skip">src/pymortests/grid.py:96: Suite splitting in effect</skipped></testcase><testcase classname="src.pymortests.grid" file="src/pymortests/grid.py" line="96" name="test_subentities_transitivity[&lt;lambda&gt;17]" time="0.00039076805114746094"><skipped message="Suite splitting in effect" type="pytest.skip">src/pymortests/grid.py:96: Suite splitting in effect</skipped></testcase><testcase classname="src.pymortests.grid" file="src/pymortests/grid.py" line="96" name="test_subentities_transitivity[&lt;lambda&gt;18]" time="0.0003943443298339844"><skipped message="Suite splitting in effect" type="pytest.skip">src/pymortests/grid.py:96: Suite splitting in effect</skipped></testcase><testcase classname="src.pymortests.grid" file="src/pymortests/grid.py" line="96" name="test_subentities_transitivity[&lt;lambda&gt;19]" time="0.00040912628173828125"><skipped message="Suite splitting in effect" type="pytest.skip">src/pymortests/grid.py:96: Suite splitting in effect</skipped></testcase><testcase classname="src.pymortests.grid" file="src/pymortests/grid.py" line="96" name="test_subentities_transitivity[&lt;lambda&gt;20]" time="0.0006346702575683594"><skipped message="Suite splitting in effect" type="pytest.skip">src/pymortests/grid.py:96: Suite splitting in effect</skipped></testcase><testcase classname="src.pymortests.grid" file="src/pymortests/grid.py" line="96" name="test_subentities_transitivity[&lt;lambda&gt;21]" time="0.0003867149353027344"><skipped message="Suite splitting in effect" type="pytest.skip">src/pymortests/grid.py:96: Suite splitting in effect</skipped></testcase><testcase classname="src.pymortests.grid" file="src/pymortests/grid.py" line="96" name="test_subentities_transitivity[&lt;lambda&gt;22]" time="0.0004115104675292969"><skipped message="Suite splitting in effect" type="pytest.skip">src/pymortests/grid.py:96: Suite splitting in effect</skipped></testcase><testcase classname="src.pymortests.grid" file="src/pymortests/grid.py" line="96" name="test_subentities_transitivity[&lt;lambda&gt;23]" time="0.0004124641418457031"><skipped message="Suite splitting in effect" type="pytest.skip">src/pymortests/grid.py:96: Suite splitting in effect</skipped></testcase><testcase classname="src.pymortests.grid" file="src/pymortests/grid.py" line="96" name="test_subentities_transitivity[&lt;lambda&gt;24]" time="0.0004062652587890625"><skipped message="Suite splitting in effect" type="pytest.skip">src/pymortests/grid.py:96: Suite splitting in effect</skipped></testcase><testcase classname="src.pymortests.grid" file="src/pymortests/grid.py" line="96" name="test_subentities_transitivity[&lt;lambda&gt;25]" time="0.0004134178161621094"><skipped message="Suite splitting in effect" type="pytest.skip">src/pymortests/grid.py:96: Suite splitting in effect</skipped></testcase><testcase classname="src.pymortests.grid" file="src/pymortests/grid.py" line="96" name="test_subentities_transitivity[&lt;lambda&gt;26]" time="0.00038313865661621094"><skipped message="Suite splitting in effect" type="pytest.skip">src/pymortests/grid.py:96: Suite splitting in effect</skipped></testcase><testcase classname="src.pymortests.grid" file="src/pymortests/grid.py" line="96" name="test_subentities_transitivity[&lt;lambda&gt;27]" time="0.00039458274841308594"><skipped message="Suite splitting in effect" type="pytest.skip">src/pymortests/grid.py:96: Suite splitting in effect</skipped></testcase><testcase classname="src.pymortests.grid" file="src/pymortests/grid.py" line="96" name="test_subentities_transitivity[&lt;lambda&gt;28]" time="0.0006268024444580078"><skipped message="Suite splitting in effect" type="pytest.skip">src/pymortests/grid.py:96: Suite splitting in effect</skipped></testcase><testcase classname="src.pymortests.grid" file="src/pymortests/grid.py" line="96" name="test_subentities_transitivity[&lt;lambda&gt;29]" time="0.0003917217254638672"><skipped message="Suite splitting in effect" type="pytest.skip">src/pymortests/grid.py:96: Suite splitting in effect</skipped></testcase><testcase classname="src.pymortests.grid" file="src/pymortests/grid.py" line="96" name="test_subentities_transitivity[&lt;lambda&gt;30]" time="0.00041222572326660156"><skipped message="Suite splitting in effect" type="pytest.skip">src/pymortests/grid.py:96: Suite splitting in effect</skipped></testcase><testcase classname="src.pymortests.grid" file="src/pymortests/grid.py" line="96" name="test_subentities_transitivity[&lt;lambda&gt;31]" time="0.0004184246063232422"><skipped message="Suite splitting in effect" type="pytest.skip">src/pymortests/grid.py:96: Suite splitting in effect</skipped></testcase><testcase classname="src.pymortests.grid" file="src/pymortests/grid.py" line="96" name="test_subentities_transitivity[&lt;lambda&gt;32]" time="0.00041556358337402344"><skipped message="Suite splitting in effect" type="pytest.skip">src/pymortests/grid.py:96: Suite splitting in effect</skipped></testcase><testcase classname="src.pymortests.grid" file="src/pymortests/grid.py" line="96" name="test_subentities_transitivity[&lt;lambda&gt;33]" time="0.00040268898010253906"><skipped message="Suite splitting in effect" type="pytest.skip">src/pymortests/grid.py:96: Suite splitting in effect</skipped></testcase><testcase classname="src.pymortests.grid" file="src/pymortests/grid.py" line="96" name="test_subentities_transitivity[&lt;lambda&gt;34]" time="0.00039124488830566406"><skipped message="Suite splitting in effect" type="pytest.skip">src/pymortests/grid.py:96: Suite splitting in effect</skipped></testcase><testcase classname="src.pymortests.grid" file="src/pymortests/grid.py" line="96" name="test_subentities_transitivity[&lt;lambda&gt;35]" time="0.0003867149353027344"><skipped message="Suite splitting in effect" type="pytest.skip">src/pymortests/grid.py:96: Suite splitting in effect</skipped></testcase><testcase classname="src.pymortests.grid" file="src/pymortests/grid.py" line="96" name="test_subentities_transitivity[&lt;lambda&gt;36]" time="0.0006680488586425781"><skipped message="Suite splitting in effect" type="pytest.skip">src/pymortests/grid.py:96: Suite splitting in effect</skipped></testcase><testcase classname="src.pymortests.grid" file="src/pymortests/grid.py" line="96" name="test_subentities_transitivity[&lt;lambda&gt;37]" time="0.0003821849822998047"><skipped message="Suite splitting in effect" type="pytest.skip">src/pymortests/grid.py:96: Suite splitting in effect</skipped></testcase><testcase classname="src.pymortests.grid" file="src/pymortests/grid.py" line="96" name="test_subentities_transitivity[&lt;lambda&gt;38]" time="0.00039696693420410156"><skipped message="Suite splitting in effect" type="pytest.skip">src/pymortests/grid.py:96: Suite splitting in effect</skipped></testcase><testcase classname="src.pymortests.grid" file="src/pymortests/grid.py" line="96" name="test_subentities_transitivity[&lt;lambda&gt;39]" time="0.0003876686096191406"><skipped message="Suite splitting in effect" type="pytest.skip">src/pymortests/grid.py:96: Suite splitting in effect</skipped></testcase><testcase classname="src.pymortests.grid" file="src/pymortests/grid.py" line="96" name="test_subentities_transitivity[&lt;lambda&gt;40]" time="0.0004062652587890625"><skipped message="Suite splitting in effect" type="pytest.skip">src/pymortests/grid.py:96: Suite splitting in effect</skipped></testcase><testcase classname="src.pymortests.grid" file="src/pymortests/grid.py" line="96" name="test_subentities_transitivity[&lt;lambda&gt;41]" time="0.0004928112030029297"><skipped message="Suite splitting in effect" type="pytest.skip">src/pymortests/grid.py:96: Suite splitting in effect</skipped></testcase><testcase classname="src.pymortests.grid" file="src/pymortests/grid.py" line="96" name="test_subentities_transitivity[&lt;lambda&gt;42]" time="0.0003974437713623047"><skipped message="Suite splitting in effect" type="pytest.skip">src/pymortests/grid.py:96: Suite splitting in effect</skipped></testcase><testcase classname="src.pymortests.grid" file="src/pymortests/grid.py" line="110" name="test_superentities_wrong_arguments[&lt;lambda&gt;0]" time="0.0004057884216308594"><skipped message="Suite splitting in effect" type="pytest.skip">src/pymortests/grid.py:110: Suite splitting in effect</skipped></testcase><testcase classname="src.pymortests.grid" file="src/pymortests/grid.py" line="110" name="test_superentities_wrong_arguments[&lt;lambda&gt;1]" time="0.0006432533264160156"><skipped message="Suite splitting in effect" type="pytest.skip">src/pymortests/grid.py:110: Suite splitting in effect</skipped></testcase><testcase classname="src.pymortests.grid" file="src/pymortests/grid.py" line="110" name="test_superentities_wrong_arguments[&lt;lambda&gt;2]" time="0.0004074573516845703"><skipped message="Suite splitting in effect" type="pytest.skip">src/pymortests/grid.py:110: Suite splitting in effect</skipped></testcase><testcase classname="src.pymortests.grid" file="src/pymortests/grid.py" line="110" name="test_superentities_wrong_arguments[&lt;lambda&gt;3]" time="0.0003848075866699219"><skipped message="Suite splitting in effect" type="pytest.skip">src/pymortests/grid.py:110: Suite splitting in effect</skipped></testcase><testcase classname="src.pymortests.grid" file="src/pymortests/grid.py" line="110" name="test_superentities_wrong_arguments[&lt;lambda&gt;4]" time="0.0003879070281982422"><skipped message="Suite splitting in effect" type="pytest.skip">src/pymortests/grid.py:110: Suite splitting in effect</skipped></testcase><testcase classname="src.pymortests.grid" file="src/pymortests/grid.py" line="110" name="test_superentities_wrong_arguments[&lt;lambda&gt;5]" time="0.00039076805114746094"><skipped message="Suite splitting in effect" type="pytest.skip">src/pymortests/grid.py:110: Suite splitting in effect</skipped></testcase><testcase classname="src.pymortests.grid" file="src/pymortests/grid.py" line="110" name="test_superentities_wrong_arguments[&lt;lambda&gt;6]" time="0.0004227161407470703"><skipped message="Suite splitting in effect" type="pytest.skip">src/pymortests/grid.py:110: Suite splitting in effect</skipped></testcase><testcase classname="src.pymortests.grid" file="src/pymortests/grid.py" line="110" name="test_superentities_wrong_arguments[&lt;lambda&gt;7]" time="0.0004267692565917969"><skipped message="Suite splitting in effect" type="pytest.skip">src/pymortests/grid.py:110: Suite splitting in effect</skipped></testcase><testcase classname="src.pymortests.grid" file="src/pymortests/grid.py" line="110" name="test_superentities_wrong_arguments[&lt;lambda&gt;8]" time="0.0003857612609863281"><skipped message="Suite splitting in effect" type="pytest.skip">src/pymortests/grid.py:110: Suite splitting in effect</skipped></testcase><testcase classname="src.pymortests.grid" file="src/pymortests/grid.py" line="110" name="test_superentities_wrong_arguments[&lt;lambda&gt;9]" time="0.0006680488586425781"><skipped message="Suite splitting in effect" type="pytest.skip">src/pymortests/grid.py:110: Suite splitting in effect</skipped></testcase><testcase classname="src.pymortests.grid" file="src/pymortests/grid.py" line="110" name="test_superentities_wrong_arguments[&lt;lambda&gt;10]" time="0.000385284423828125"><skipped message="Suite splitting in effect" type="pytest.skip">src/pymortests/grid.py:110: Suite splitting in effect</skipped></testcase><testcase classname="src.pymortests.grid" file="src/pymortests/grid.py" line="110" name="test_superentities_wrong_arguments[&lt;lambda&gt;11]" time="0.00042319297790527344"><skipped message="Suite splitting in effect" type="pytest.skip">src/pymortests/grid.py:110: Suite splitting in effect</skipped></testcase><testcase classname="src.pymortests.grid" file="src/pymortests/grid.py" line="110" name="test_superentities_wrong_arguments[&lt;lambda&gt;12]" time="0.00040841102600097656"><skipped message="Suite splitting in effect" type="pytest.skip">src/pymortests/grid.py:110: Suite splitting in effect</skipped></testcase><testcase classname="src.pymortests.grid" file="src/pymortests/grid.py" line="110" name="test_superentities_wrong_arguments[&lt;lambda&gt;13]" time="0.0003981590270996094"><skipped message="Suite splitting in effect" type="pytest.skip">src/pymortests/grid.py:110: Suite splitting in effect</skipped></testcase><testcase classname="src.pymortests.grid" file="src/pymortests/grid.py" line="110" name="test_superentities_wrong_arguments[&lt;lambda&gt;14]" time="0.00039076805114746094"><skipped message="Suite splitting in effect" type="pytest.skip">src/pymortests/grid.py:110: Suite splitting in effect</skipped></testcase><testcase classname="src.pymortests.grid" file="src/pymortests/grid.py" line="110" name="test_superentities_wrong_arguments[&lt;lambda&gt;15]" time="0.0003807544708251953"><skipped message="Suite splitting in effect" type="pytest.skip">src/pymortests/grid.py:110: Suite splitting in effect</skipped></testcase><testcase classname="src.pymortests.grid" file="src/pymortests/grid.py" line="110" name="test_superentities_wrong_arguments[&lt;lambda&gt;16]" time="0.0004208087921142578"><skipped message="Suite splitting in effect" type="pytest.skip">src/pymortests/grid.py:110: Suite splitting in effect</skipped></testcase><testcase classname="src.pymortests.grid" file="src/pymortests/grid.py" line="110" name="test_superentities_wrong_arguments[&lt;lambda&gt;17]" time="0.0006613731384277344"><skipped message="Suite splitting in effect" type="pytest.skip">src/pymortests/grid.py:110: Suite splitting in effect</skipped></testcase><testcase classname="src.pymortests.grid" file="src/pymortests/grid.py" line="110" name="test_superentities_wrong_arguments[&lt;lambda&gt;18]" time="0.00043487548828125"><skipped message="Suite splitting in effect" type="pytest.skip">src/pymortests/grid.py:110: Suite splitting in effect</skipped></testcase><testcase classname="src.pymortests.grid" file="src/pymortests/grid.py" line="110" name="test_superentities_wrong_arguments[&lt;lambda&gt;19]" time="0.00039196014404296875"><skipped message="Suite splitting in effect" type="pytest.skip">src/pymortests/grid.py:110: Suite splitting in effect</skipped></testcase><testcase classname="src.pymortests.grid" file="src/pymortests/grid.py" line="110" name="test_superentities_wrong_arguments[&lt;lambda&gt;20]" time="0.0004096031188964844"><skipped message="Suite splitting in effect" type="pytest.skip">src/pymortests/grid.py:110: Suite splitting in effect</skipped></testcase><testcase classname="src.pymortests.grid" file="src/pymortests/grid.py" line="110" name="test_superentities_wrong_arguments[&lt;lambda&gt;21]" time="0.000396728515625"><skipped message="Suite splitting in effect" type="pytest.skip">src/pymortests/grid.py:110: Suite splitting in effect</skipped></testcase><testcase classname="src.pymortests.grid" file="src/pymortests/grid.py" line="110" name="test_superentities_wrong_arguments[&lt;lambda&gt;22]" time="0.00041747093200683594"><skipped message="Suite splitting in effect" type="pytest.skip">src/pymortests/grid.py:110: Suite splitting in effect</skipped></testcase><testcase classname="src.pymortests.grid" file="src/pymortests/grid.py" line="110" name="test_superentities_wrong_arguments[&lt;lambda&gt;23]" time="0.0004143714904785156"><skipped message="Suite splitting in effect" type="pytest.skip">src/pymortests/grid.py:110: Suite splitting in effect</skipped></testcase><testcase classname="src.pymortests.grid" file="src/pymortests/grid.py" line="110" name="test_superentities_wrong_arguments[&lt;lambda&gt;24]" time="0.00038814544677734375"><skipped message="Suite splitting in effect" type="pytest.skip">src/pymortests/grid.py:110: Suite splitting in effect</skipped></testcase><testcase classname="src.pymortests.grid" file="src/pymortests/grid.py" line="110" name="test_superentities_wrong_arguments[&lt;lambda&gt;25]" time="0.0008530616760253906"><skipped message="Suite splitting in effect" type="pytest.skip">src/pymortests/grid.py:110: Suite splitting in effect</skipped></testcase><testcase classname="src.pymortests.grid" file="src/pymortests/grid.py" line="110" name="test_superentities_wrong_arguments[&lt;lambda&gt;26]" time="0.00041103363037109375"><skipped message="Suite splitting in effect" type="pytest.skip">src/pymortests/grid.py:110: Suite splitting in effect</skipped></testcase><testcase classname="src.pymortests.grid" file="src/pymortests/grid.py" line="110" name="test_superentities_wrong_arguments[&lt;lambda&gt;27]" time="0.00038552284240722656"><skipped message="Suite splitting in effect" type="pytest.skip">src/pymortests/grid.py:110: Suite splitting in effect</skipped></testcase><testcase classname="src.pymortests.grid" file="src/pymortests/grid.py" line="110" name="test_superentities_wrong_arguments[&lt;lambda&gt;28]" time="0.0004153251647949219"><skipped message="Suite splitting in effect" type="pytest.skip">src/pymortests/grid.py:110: Suite splitting in effect</skipped></testcase><testcase classname="src.pymortests.grid" file="src/pymortests/grid.py" line="110" name="test_superentities_wrong_arguments[&lt;lambda&gt;29]" time="0.0003857612609863281"><skipped message="Suite splitting in effect" type="pytest.skip">src/pymortests/grid.py:110: Suite splitting in effect</skipped></testcase><testcase classname="src.pymortests.grid" file="src/pymortests/grid.py" line="110" name="test_superentities_wrong_arguments[&lt;lambda&gt;30]" time="0.00039386749267578125"><skipped message="Suite splitting in effect" type="pytest.skip">src/pymortests/grid.py:110: Suite splitting in effect</skipped></testcase><testcase classname="src.pymortests.grid" file="src/pymortests/grid.py" line="110" name="test_superentities_wrong_arguments[&lt;lambda&gt;31]" time="0.0004401206970214844"><skipped message="Suite splitting in effect" type="pytest.skip">src/pymortests/grid.py:110: Suite splitting in effect</skipped></testcase><testcase classname="src.pymortests.grid" file="src/pymortests/grid.py" line="110" name="test_superentities_wrong_arguments[&lt;lambda&gt;32]" time="0.00041365623474121094"><skipped message="Suite splitting in effect" type="pytest.skip">src/pymortests/grid.py:110: Suite splitting in effect</skipped></testcase><testcase classname="src.pymortests.grid" file="src/pymortests/grid.py" line="110" name="test_superentities_wrong_arguments[&lt;lambda&gt;33]" time="0.0006372928619384766"><skipped message="Suite splitting in effect" type="pytest.skip">src/pymortests/grid.py:110: Suite splitting in effect</skipped></testcase><testcase classname="src.pymortests.grid" file="src/pymortests/grid.py" line="110" name="test_superentities_wrong_arguments[&lt;lambda&gt;34]" time="0.00041031837463378906"><skipped message="Suite splitting in effect" type="pytest.skip">src/pymortests/grid.py:110: Suite splitting in effect</skipped></testcase><testcase classname="src.pymortests.grid" file="src/pymortests/grid.py" line="110" name="test_superentities_wrong_arguments[&lt;lambda&gt;35]" time="0.0004146099090576172"><skipped message="Suite splitting in effect" type="pytest.skip">src/pymortests/grid.py:110: Suite splitting in effect</skipped></testcase><testcase classname="src.pymortests.grid" file="src/pymortests/grid.py" line="110" name="test_superentities_wrong_arguments[&lt;lambda&gt;36]" time="0.00039696693420410156"><skipped message="Suite splitting in effect" type="pytest.skip">src/pymortests/grid.py:110: Suite splitting in effect</skipped></testcase><testcase classname="src.pymortests.grid" file="src/pymortests/grid.py" line="110" name="test_superentities_wrong_arguments[&lt;lambda&gt;37]" time="0.00040650367736816406"><skipped message="Suite splitting in effect" type="pytest.skip">src/pymortests/grid.py:110: Suite splitting in effect</skipped></testcase><testcase classname="src.pymortests.grid" file="src/pymortests/grid.py" line="110" name="test_superentities_wrong_arguments[&lt;lambda&gt;38]" time="0.000385284423828125"><skipped message="Suite splitting in effect" type="pytest.skip">src/pymortests/grid.py:110: Suite splitting in effect</skipped></testcase><testcase classname="src.pymortests.grid" file="src/pymortests/grid.py" line="110" name="test_superentities_wrong_arguments[&lt;lambda&gt;39]" time="0.00041031837463378906"><skipped message="Suite splitting in effect" type="pytest.skip">src/pymortests/grid.py:110: Suite splitting in effect</skipped></testcase><testcase classname="src.pymortests.grid" file="src/pymortests/grid.py" line="110" name="test_superentities_wrong_arguments[&lt;lambda&gt;40]" time="0.0004169940948486328"><skipped message="Suite splitting in effect" type="pytest.skip">src/pymortests/grid.py:110: Suite splitting in effect</skipped></testcase><testcase classname="src.pymortests.grid" file="src/pymortests/grid.py" line="110" name="test_superentities_wrong_arguments[&lt;lambda&gt;41]" time="0.0006687641143798828"><skipped message="Suite splitting in effect" type="pytest.skip">src/pymortests/grid.py:110: Suite splitting in effect</skipped></testcase><testcase classname="src.pymortests.grid" file="src/pymortests/grid.py" line="110" name="test_superentities_wrong_arguments[&lt;lambda&gt;42]" time="0.0004100799560546875"><skipped message="Suite splitting in effect" type="pytest.skip">src/pymortests/grid.py:110: Suite splitting in effect</skipped></testcase><testcase classname="src.pymortests.grid" file="src/pymortests/grid.py" line="125" name="test_superentities_shape[&lt;lambda&gt;0]" time="0.0003895759582519531"><skipped message="Suite splitting in effect" type="pytest.skip">src/pymortests/grid.py:125: Suite splitting in effect</skipped></testcase><testcase classname="src.pymortests.grid" file="src/pymortests/grid.py" line="125" name="test_superentities_shape[&lt;lambda&gt;1]" time="0.0004107952117919922"><skipped message="Suite splitting in effect" type="pytest.skip">src/pymortests/grid.py:125: Suite splitting in effect</skipped></testcase><testcase classname="src.pymortests.grid" file="src/pymortests/grid.py" line="125" name="test_superentities_shape[&lt;lambda&gt;2]" time="0.0003960132598876953"><skipped message="Suite splitting in effect" type="pytest.skip">src/pymortests/grid.py:125: Suite splitting in effect</skipped></testcase><testcase classname="src.pymortests.grid" file="src/pymortests/grid.py" line="125" name="test_superentities_shape[&lt;lambda&gt;3]" time="0.00041675567626953125"><skipped message="Suite splitting in effect" type="pytest.skip">src/pymortests/grid.py:125: Suite splitting in effect</skipped></testcase><testcase classname="src.pymortests.grid" file="src/pymortests/grid.py" line="125" name="test_superentities_shape[&lt;lambda&gt;4]" time="0.00038623809814453125"><skipped message="Suite splitting in effect" type="pytest.skip">src/pymortests/grid.py:125: Suite splitting in effect</skipped></testcase><testcase classname="src.pymortests.grid" file="src/pymortests/grid.py" line="125" name="test_superentities_shape[&lt;lambda&gt;5]" time="0.00039267539978027344"><skipped message="Suite splitting in effect" type="pytest.skip">src/pymortests/grid.py:125: Suite splitting in effect</skipped></testcase><testcase classname="src.pymortests.grid" file="src/pymortests/grid.py" line="125" name="test_superentities_shape[&lt;lambda&gt;6]" time="0.0006475448608398438"><skipped message="Suite splitting in effect" type="pytest.skip">src/pymortests/grid.py:125: Suite splitting in effect</skipped></testcase><testcase classname="src.pymortests.grid" file="src/pymortests/grid.py" line="125" name="test_superentities_shape[&lt;lambda&gt;7]" time="0.00038361549377441406"><skipped message="Suite splitting in effect" type="pytest.skip">src/pymortests/grid.py:125: Suite splitting in effect</skipped></testcase><testcase classname="src.pymortests.grid" file="src/pymortests/grid.py" line="125" name="test_superentities_shape[&lt;lambda&gt;8]" time="0.00038504600524902344"><skipped message="Suite splitting in effect" type="pytest.skip">src/pymortests/grid.py:125: Suite splitting in effect</skipped></testcase><testcase classname="src.pymortests.grid" file="src/pymortests/grid.py" line="125" name="test_superentities_shape[&lt;lambda&gt;9]" time="0.0004107952117919922"><skipped message="Suite splitting in effect" type="pytest.skip">src/pymortests/grid.py:125: Suite splitting in effect</skipped></testcase><testcase classname="src.pymortests.grid" file="src/pymortests/grid.py" line="125" name="test_superentities_shape[&lt;lambda&gt;10]" time="0.00043773651123046875"><skipped message="Suite splitting in effect" type="pytest.skip">src/pymortests/grid.py:125: Suite splitting in effect</skipped></testcase><testcase classname="src.pymortests.grid" file="src/pymortests/grid.py" line="125" name="test_superentities_shape[&lt;lambda&gt;11]" time="0.0003876686096191406"><skipped message="Suite splitting in effect" type="pytest.skip">src/pymortests/grid.py:125: Suite splitting in effect</skipped></testcase><testcase classname="src.pymortests.grid" file="src/pymortests/grid.py" line="125" name="test_superentities_shape[&lt;lambda&gt;12]" time="0.0004100799560546875"><skipped message="Suite splitting in effect" type="pytest.skip">src/pymortests/grid.py:125: Suite splitting in effect</skipped></testcase><testcase classname="src.pymortests.grid" file="src/pymortests/grid.py" line="125" name="test_superentities_shape[&lt;lambda&gt;13]" time="0.0004131793975830078"><skipped message="Suite splitting in effect" type="pytest.skip">src/pymortests/grid.py:125: Suite splitting in effect</skipped></testcase><testcase classname="src.pymortests.grid" file="src/pymortests/grid.py" line="125" name="test_superentities_shape[&lt;lambda&gt;14]" time="0.0006587505340576172"><skipped message="Suite splitting in effect" type="pytest.skip">src/pymortests/grid.py:125: Suite splitting in effect</skipped></testcase><testcase classname="src.pymortests.grid" file="src/pymortests/grid.py" line="125" name="test_superentities_shape[&lt;lambda&gt;15]" time="0.0003879070281982422"><skipped message="Suite splitting in effect" type="pytest.skip">src/pymortests/grid.py:125: Suite splitting in effect</skipped></testcase><testcase classname="src.pymortests.grid" file="src/pymortests/grid.py" line="125" name="test_superentities_shape[&lt;lambda&gt;16]" time="0.00040650367736816406"><skipped message="Suite splitting in effect" type="pytest.skip">src/pymortests/grid.py:125: Suite splitting in effect</skipped></testcase><testcase classname="src.pymortests.grid" file="src/pymortests/grid.py" line="125" name="test_superentities_shape[&lt;lambda&gt;17]" time="0.0004334449768066406"><skipped message="Suite splitting in effect" type="pytest.skip">src/pymortests/grid.py:125: Suite splitting in effect</skipped></testcase><testcase classname="src.pymortests.grid" file="src/pymortests/grid.py" line="125" name="test_superentities_shape[&lt;lambda&gt;18]" time="0.0004191398620605469"><skipped message="Suite splitting in effect" type="pytest.skip">src/pymortests/grid.py:125: Suite splitting in effect</skipped></testcase><testcase classname="src.pymortests.grid" file="src/pymortests/grid.py" line="125" name="test_superentities_shape[&lt;lambda&gt;19]" time="0.0004165172576904297"><skipped message="Suite splitting in effect" type="pytest.skip">src/pymortests/grid.py:125: Suite splitting in effect</skipped></testcase><testcase classname="src.pymortests.grid" file="src/pymortests/grid.py" line="125" name="test_superentities_shape[&lt;lambda&gt;20]" time="0.00039458274841308594"><skipped message="Suite splitting in effect" type="pytest.skip">src/pymortests/grid.py:125: Suite splitting in effect</skipped></testcase><testcase classname="src.pymortests.grid" file="src/pymortests/grid.py" line="125" name="test_superentities_shape[&lt;lambda&gt;21]" time="0.0003979206085205078"><skipped message="Suite splitting in effect" type="pytest.skip">src/pymortests/grid.py:125: Suite splitting in effect</skipped></testcase><testcase classname="src.pymortests.grid" file="src/pymortests/grid.py" line="125" name="test_superentities_shape[&lt;lambda&gt;22]" time="0.0011131763458251953"><skipped message="Suite splitting in effect" type="pytest.skip">src/pymortests/grid.py:125: Suite splitting in effect</skipped></testcase><testcase classname="src.pymortests.grid" file="src/pymortests/grid.py" line="125" name="test_superentities_shape[&lt;lambda&gt;23]" time="0.0003795623779296875"><skipped message="Suite splitting in effect" type="pytest.skip">src/pymortests/grid.py:125: Suite splitting in effect</skipped></testcase><testcase classname="src.pymortests.grid" file="src/pymortests/grid.py" line="125" name="test_superentities_shape[&lt;lambda&gt;24]" time="0.0004107952117919922"><skipped message="Suite splitting in effect" type="pytest.skip">src/pymortests/grid.py:125: Suite splitting in effect</skipped></testcase><testcase classname="src.pymortests.grid" file="src/pymortests/grid.py" line="125" name="test_superentities_shape[&lt;lambda&gt;25]" time="0.0003933906555175781"><skipped message="Suite splitting in effect" type="pytest.skip">src/pymortests/grid.py:125: Suite splitting in effect</skipped></testcase><testcase classname="src.pymortests.grid" file="src/pymortests/grid.py" line="125" name="test_superentities_shape[&lt;lambda&gt;26]" time="0.00042891502380371094"><skipped message="Suite splitting in effect" type="pytest.skip">src/pymortests/grid.py:125: Suite splitting in effect</skipped></testcase><testcase classname="src.pymortests.grid" file="src/pymortests/grid.py" line="125" name="test_superentities_shape[&lt;lambda&gt;27]" time="0.000415802001953125"><skipped message="Suite splitting in effect" type="pytest.skip">src/pymortests/grid.py:125: Suite splitting in effect</skipped></testcase><testcase classname="src.pymortests.grid" file="src/pymortests/grid.py" line="125" name="test_superentities_shape[&lt;lambda&gt;28]" time="0.00039386749267578125"><skipped message="Suite splitting in effect" type="pytest.skip">src/pymortests/grid.py:125: Suite splitting in effect</skipped></testcase><testcase classname="src.pymortests.grid" file="src/pymortests/grid.py" line="125" name="test_superentities_shape[&lt;lambda&gt;29]" time="0.00039958953857421875"><skipped message="Suite splitting in effect" type="pytest.skip">src/pymortests/grid.py:125: Suite splitting in effect</skipped></testcase><testcase classname="src.pymortests.grid" file="src/pymortests/grid.py" line="125" name="test_superentities_shape[&lt;lambda&gt;30]" time="0.0006847381591796875"><skipped message="Suite splitting in effect" type="pytest.skip">src/pymortests/grid.py:125: Suite splitting in effect</skipped></testcase><testcase classname="src.pymortests.grid" file="src/pymortests/grid.py" line="125" name="test_superentities_shape[&lt;lambda&gt;31]" time="0.0004911422729492188"><skipped message="Suite splitting in effect" type="pytest.skip">src/pymortests/grid.py:125: Suite splitting in effect</skipped></testcase><testcase classname="src.pymortests.grid" file="src/pymortests/grid.py" line="125" name="test_superentities_shape[&lt;lambda&gt;32]" time="0.0003905296325683594"><skipped message="Suite splitting in effect" type="pytest.skip">src/pymortests/grid.py:125: Suite splitting in effect</skipped></testcase><testcase classname="src.pymortests.grid" file="src/pymortests/grid.py" line="125" name="test_superentities_shape[&lt;lambda&gt;33]" time="0.0004088878631591797"><skipped message="Suite splitting in effect" type="pytest.skip">src/pymortests/grid.py:125: Suite splitting in effect</skipped></testcase><testcase classname="src.pymortests.grid" file="src/pymortests/grid.py" line="125" name="test_superentities_shape[&lt;lambda&gt;34]" time="0.00041294097900390625"><skipped message="Suite splitting in effect" type="pytest.skip">src/pymortests/grid.py:125: Suite splitting in effect</skipped></testcase><testcase classname="src.pymortests.grid" file="src/pymortests/grid.py" line="125" name="test_superentities_shape[&lt;lambda&gt;35]" time="0.00039315223693847656"><skipped message="Suite splitting in effect" type="pytest.skip">src/pymortests/grid.py:125: Suite splitting in effect</skipped></testcase><testcase classname="src.pymortests.grid" file="src/pymortests/grid.py" line="125" name="test_superentities_shape[&lt;lambda&gt;36]" time="0.00039839744567871094"><skipped message="Suite splitting in effect" type="pytest.skip">src/pymortests/grid.py:125: Suite splitting in effect</skipped></testcase><testcase classname="src.pymortests.grid" file="src/pymortests/grid.py" line="125" name="test_superentities_shape[&lt;lambda&gt;37]" time="0.0003933906555175781"><skipped message="Suite splitting in effect" type="pytest.skip">src/pymortests/grid.py:125: Suite splitting in effect</skipped></testcase><testcase classname="src.pymortests.grid" file="src/pymortests/grid.py" line="125" name="test_superentities_shape[&lt;lambda&gt;38]" time="0.0006580352783203125"><skipped message="Suite splitting in effect" type="pytest.skip">src/pymortests/grid.py:125: Suite splitting in effect</skipped></testcase><testcase classname="src.pymortests.grid" file="src/pymortests/grid.py" line="125" name="test_superentities_shape[&lt;lambda&gt;39]" time="0.0003814697265625"><skipped message="Suite splitting in effect" type="pytest.skip">src/pymortests/grid.py:125: Suite splitting in effect</skipped></testcase><testcase classname="src.pymortests.grid" file="src/pymortests/grid.py" line="125" name="test_superentities_shape[&lt;lambda&gt;40]" time="0.0004134178161621094"><skipped message="Suite splitting in effect" type="pytest.skip">src/pymortests/grid.py:125: Suite splitting in effect</skipped></testcase><testcase classname="src.pymortests.grid" file="src/pymortests/grid.py" line="125" name="test_superentities_shape[&lt;lambda&gt;41]" time="0.0004899501800537109"><skipped message="Suite splitting in effect" type="pytest.skip">src/pymortests/grid.py:125: Suite splitting in effect</skipped></testcase><testcase classname="src.pymortests.grid" file="src/pymortests/grid.py" line="125" name="test_superentities_shape[&lt;lambda&gt;42]" time="0.0003867149353027344"><skipped message="Suite splitting in effect" type="pytest.skip">src/pymortests/grid.py:125: Suite splitting in effect</skipped></testcase><testcase classname="src.pymortests.grid" file="src/pymortests/grid.py" line="135" name="test_superentities_dtype[&lt;lambda&gt;0]" time="0.00041174888610839844"><skipped message="Suite splitting in effect" type="pytest.skip">src/pymortests/grid.py:135: Suite splitting in effect</skipped></testcase><testcase classname="src.pymortests.grid" file="src/pymortests/grid.py" line="135" name="test_superentities_dtype[&lt;lambda&gt;1]" time="0.00040602684020996094"><skipped message="Suite splitting in effect" type="pytest.skip">src/pymortests/grid.py:135: Suite splitting in effect</skipped></testcase><testcase classname="src.pymortests.grid" file="src/pymortests/grid.py" line="135" name="test_superentities_dtype[&lt;lambda&gt;2]" time="0.00039839744567871094"><skipped message="Suite splitting in effect" type="pytest.skip">src/pymortests/grid.py:135: Suite splitting in effect</skipped></testcase><testcase classname="src.pymortests.grid" file="src/pymortests/grid.py" line="135" name="test_superentities_dtype[&lt;lambda&gt;3]" time="0.0006456375122070312"><skipped message="Suite splitting in effect" type="pytest.skip">src/pymortests/grid.py:135: Suite splitting in effect</skipped></testcase><testcase classname="src.pymortests.grid" file="src/pymortests/grid.py" line="135" name="test_superentities_dtype[&lt;lambda&gt;4]" time="0.0004093647003173828"><skipped message="Suite splitting in effect" type="pytest.skip">src/pymortests/grid.py:135: Suite splitting in effect</skipped></testcase><testcase classname="src.pymortests.grid" file="src/pymortests/grid.py" line="135" name="test_superentities_dtype[&lt;lambda&gt;5]" time="0.00038504600524902344"><skipped message="Suite splitting in effect" type="pytest.skip">src/pymortests/grid.py:135: Suite splitting in effect</skipped></testcase><testcase classname="src.pymortests.grid" file="src/pymortests/grid.py" line="135" name="test_superentities_dtype[&lt;lambda&gt;6]" time="0.0004172325134277344"><skipped message="Suite splitting in effect" type="pytest.skip">src/pymortests/grid.py:135: Suite splitting in effect</skipped></testcase><testcase classname="src.pymortests.grid" file="src/pymortests/grid.py" line="135" name="test_superentities_dtype[&lt;lambda&gt;7]" time="0.00041484832763671875"><skipped message="Suite splitting in effect" type="pytest.skip">src/pymortests/grid.py:135: Suite splitting in effect</skipped></testcase><testcase classname="src.pymortests.grid" file="src/pymortests/grid.py" line="135" name="test_superentities_dtype[&lt;lambda&gt;8]" time="0.00041937828063964844"><skipped message="Suite splitting in effect" type="pytest.skip">src/pymortests/grid.py:135: Suite splitting in effect</skipped></testcase><testcase classname="src.pymortests.grid" file="src/pymortests/grid.py" line="135" name="test_superentities_dtype[&lt;lambda&gt;9]" time="0.0004451274871826172"><skipped message="Suite splitting in effect" type="pytest.skip">src/pymortests/grid.py:135: Suite splitting in effect</skipped></testcase><testcase classname="src.pymortests.grid" file="src/pymortests/grid.py" line="135" name="test_superentities_dtype[&lt;lambda&gt;10]" time="0.0003924369812011719"><skipped message="Suite splitting in effect" type="pytest.skip">src/pymortests/grid.py:135: Suite splitting in effect</skipped></testcase><testcase classname="src.pymortests.grid" file="src/pymortests/grid.py" line="135" name="test_superentities_dtype[&lt;lambda&gt;11]" time="0.0006399154663085938"><skipped message="Suite splitting in effect" type="pytest.skip">src/pymortests/grid.py:135: Suite splitting in effect</skipped></testcase><testcase classname="src.pymortests.grid" file="src/pymortests/grid.py" line="135" name="test_superentities_dtype[&lt;lambda&gt;12]" time="0.00040459632873535156"><skipped message="Suite splitting in effect" type="pytest.skip">src/pymortests/grid.py:135: Suite splitting in effect</skipped></testcase><testcase classname="src.pymortests.grid" file="src/pymortests/grid.py" line="135" name="test_superentities_dtype[&lt;lambda&gt;13]" time="0.0004057884216308594"><skipped message="Suite splitting in effect" type="pytest.skip">src/pymortests/grid.py:135: Suite splitting in effect</skipped></testcase><testcase classname="src.pymortests.grid" file="src/pymortests/grid.py" line="135" name="test_superentities_dtype[&lt;lambda&gt;14]" time="0.00038886070251464844"><skipped message="Suite splitting in effect" type="pytest.skip">src/pymortests/grid.py:135: Suite splitting in effect</skipped></testcase><testcase classname="src.pymortests.grid" file="src/pymortests/grid.py" line="135" name="test_superentities_dtype[&lt;lambda&gt;15]" time="0.0003941059112548828"><skipped message="Suite splitting in effect" type="pytest.skip">src/pymortests/grid.py:135: Suite splitting in effect</skipped></testcase><testcase classname="src.pymortests.grid" file="src/pymortests/grid.py" line="135" name="test_superentities_dtype[&lt;lambda&gt;16]" time="0.0003917217254638672"><skipped message="Suite splitting in effect" type="pytest.skip">src/pymortests/grid.py:135: Suite splitting in effect</skipped></testcase><testcase classname="src.pymortests.grid" file="src/pymortests/grid.py" line="135" name="test_superentities_dtype[&lt;lambda&gt;17]" time="0.0004150867462158203"><skipped message="Suite splitting in effect" type="pytest.skip">src/pymortests/grid.py:135: Suite splitting in effect</skipped></testcase><testcase classname="src.pymortests.grid" file="src/pymortests/grid.py" line="135" name="test_superentities_dtype[&lt;lambda&gt;18]" time="0.00043511390686035156"><skipped message="Suite splitting in effect" type="pytest.skip">src/pymortests/grid.py:135: Suite splitting in effect</skipped></testcase><testcase classname="src.pymortests.grid" file="src/pymortests/grid.py" line="135" name="test_superentities_dtype[&lt;lambda&gt;19]" time="0.0006434917449951172"><skipped message="Suite splitting in effect" type="pytest.skip">src/pymortests/grid.py:135: Suite splitting in effect</skipped></testcase><testcase classname="src.pymortests.grid" file="src/pymortests/grid.py" line="135" name="test_superentities_dtype[&lt;lambda&gt;20]" time="0.0004241466522216797"><skipped message="Suite splitting in effect" type="pytest.skip">src/pymortests/grid.py:135: Suite splitting in effect</skipped></testcase><testcase classname="src.pymortests.grid" file="src/pymortests/grid.py" line="135" name="test_superentities_dtype[&lt;lambda&gt;21]" time="0.0004019737243652344"><skipped message="Suite splitting in effect" type="pytest.skip">src/pymortests/grid.py:135: Suite splitting in effect</skipped></testcase><testcase classname="src.pymortests.grid" file="src/pymortests/grid.py" line="135" name="test_superentities_dtype[&lt;lambda&gt;22]" time="0.00041365623474121094"><skipped message="Suite splitting in effect" type="pytest.skip">src/pymortests/grid.py:135: Suite splitting in effect</skipped></testcase><testcase classname="src.pymortests.grid" file="src/pymortests/grid.py" line="135" name="test_superentities_dtype[&lt;lambda&gt;23]" time="0.0004086494445800781"><skipped message="Suite splitting in effect" type="pytest.skip">src/pymortests/grid.py:135: Suite splitting in effect</skipped></testcase><testcase classname="src.pymortests.grid" file="src/pymortests/grid.py" line="135" name="test_superentities_dtype[&lt;lambda&gt;24]" time="0.0003905296325683594"><skipped message="Suite splitting in effect" type="pytest.skip">src/pymortests/grid.py:135: Suite splitting in effect</skipped></testcase><testcase classname="src.pymortests.grid" file="src/pymortests/grid.py" line="135" name="test_superentities_dtype[&lt;lambda&gt;25]" time="0.0004031658172607422"><skipped message="Suite splitting in effect" type="pytest.skip">src/pymortests/grid.py:135: Suite splitting in effect</skipped></testcase><testcase classname="src.pymortests.grid" file="src/pymortests/grid.py" line="135" name="test_superentities_dtype[&lt;lambda&gt;26]" time="0.0003921985626220703"><skipped message="Suite splitting in effect" type="pytest.skip">src/pymortests/grid.py:135: Suite splitting in effect</skipped></testcase><testcase classname="src.pymortests.grid" file="src/pymortests/grid.py" line="135" name="test_superentities_dtype[&lt;lambda&gt;27]" time="0.0006260871887207031"><skipped message="Suite splitting in effect" type="pytest.skip">src/pymortests/grid.py:135: Suite splitting in effect</skipped></testcase><testcase classname="src.pymortests.grid" file="src/pymortests/grid.py" line="135" name="test_superentities_dtype[&lt;lambda&gt;28]" time="0.0004227161407470703"><skipped message="Suite splitting in effect" type="pytest.skip">src/pymortests/grid.py:135: Suite splitting in effect</skipped></testcase><testcase classname="src.pymortests.grid" file="src/pymortests/grid.py" line="135" name="test_superentities_dtype[&lt;lambda&gt;29]" time="0.0004124641418457031"><skipped message="Suite splitting in effect" type="pytest.skip">src/pymortests/grid.py:135: Suite splitting in effect</skipped></testcase><testcase classname="src.pymortests.grid" file="src/pymortests/grid.py" line="135" name="test_superentities_dtype[&lt;lambda&gt;30]" time="0.0003821849822998047"><skipped message="Suite splitting in effect" type="pytest.skip">src/pymortests/grid.py:135: Suite splitting in effect</skipped></testcase><testcase classname="src.pymortests.grid" file="src/pymortests/grid.py" line="135" name="test_superentities_dtype[&lt;lambda&gt;31]" time="0.00038814544677734375"><skipped message="Suite splitting in effect" type="pytest.skip">src/pymortests/grid.py:135: Suite splitting in effect</skipped></testcase><testcase classname="src.pymortests.grid" file="src/pymortests/grid.py" line="135" name="test_superentities_dtype[&lt;lambda&gt;32]" time="0.0003857612609863281"><skipped message="Suite splitting in effect" type="pytest.skip">src/pymortests/grid.py:135: Suite splitting in effect</skipped></testcase><testcase classname="src.pymortests.grid" file="src/pymortests/grid.py" line="135" name="test_superentities_dtype[&lt;lambda&gt;33]" time="0.0003941059112548828"><skipped message="Suite splitting in effect" type="pytest.skip">src/pymortests/grid.py:135: Suite splitting in effect</skipped></testcase><testcase classname="src.pymortests.grid" file="src/pymortests/grid.py" line="135" name="test_superentities_dtype[&lt;lambda&gt;34]" time="0.0003960132598876953"><skipped message="Suite splitting in effect" type="pytest.skip">src/pymortests/grid.py:135: Suite splitting in effect</skipped></testcase><testcase classname="src.pymortests.grid" file="src/pymortests/grid.py" line="135" name="test_superentities_dtype[&lt;lambda&gt;35]" time="0.0008540153503417969"><skipped message="Suite splitting in effect" type="pytest.skip">src/pymortests/grid.py:135: Suite splitting in effect</skipped></testcase><testcase classname="src.pymortests.grid" file="src/pymortests/grid.py" line="135" name="test_superentities_dtype[&lt;lambda&gt;36]" time="0.00038433074951171875"><skipped message="Suite splitting in effect" type="pytest.skip">src/pymortests/grid.py:135: Suite splitting in effect</skipped></testcase><testcase classname="src.pymortests.grid" file="src/pymortests/grid.py" line="135" name="test_superentities_dtype[&lt;lambda&gt;37]" time="0.000408172607421875"><skipped message="Suite splitting in effect" type="pytest.skip">src/pymortests/grid.py:135: Suite splitting in effect</skipped></testcase><testcase classname="src.pymortests.grid" file="src/pymortests/grid.py" line="135" name="test_superentities_dtype[&lt;lambda&gt;38]" time="0.00040340423583984375"><skipped message="Suite splitting in effect" type="pytest.skip">src/pymortests/grid.py:135: Suite splitting in effect</skipped></testcase><testcase classname="src.pymortests.grid" file="src/pymortests/grid.py" line="135" name="test_superentities_dtype[&lt;lambda&gt;39]" time="0.0004169940948486328"><skipped message="Suite splitting in effect" type="pytest.skip">src/pymortests/grid.py:135: Suite splitting in effect</skipped></testcase><testcase classname="src.pymortests.grid" file="src/pymortests/grid.py" line="135" name="test_superentities_dtype[&lt;lambda&gt;40]" time="0.0004107952117919922"><skipped message="Suite splitting in effect" type="pytest.skip">src/pymortests/grid.py:135: Suite splitting in effect</skipped></testcase><testcase classname="src.pymortests.grid" file="src/pymortests/grid.py" line="135" name="test_superentities_dtype[&lt;lambda&gt;41]" time="0.00038242340087890625"><skipped message="Suite splitting in effect" type="pytest.skip">src/pymortests/grid.py:135: Suite splitting in effect</skipped></testcase><testcase classname="src.pymortests.grid" file="src/pymortests/grid.py" line="135" name="test_superentities_dtype[&lt;lambda&gt;42]" time="0.000408172607421875"><skipped message="Suite splitting in effect" type="pytest.skip">src/pymortests/grid.py:135: Suite splitting in effect</skipped></testcase><testcase classname="src.pymortests.grid" file="src/pymortests/grid.py" line="142" name="test_superentities_entry_value_range[&lt;lambda&gt;0]" time="0.0006568431854248047"><skipped message="Suite splitting in effect" type="pytest.skip">src/pymortests/grid.py:142: Suite splitting in effect</skipped></testcase><testcase classname="src.pymortests.grid" file="src/pymortests/grid.py" line="142" name="test_superentities_entry_value_range[&lt;lambda&gt;1]" time="0.0004119873046875"><skipped message="Suite splitting in effect" type="pytest.skip">src/pymortests/grid.py:142: Suite splitting in effect</skipped></testcase><testcase classname="src.pymortests.grid" file="src/pymortests/grid.py" line="142" name="test_superentities_entry_value_range[&lt;lambda&gt;2]" time="0.00039005279541015625"><skipped message="Suite splitting in effect" type="pytest.skip">src/pymortests/grid.py:142: Suite splitting in effect</skipped></testcase><testcase classname="src.pymortests.grid" file="src/pymortests/grid.py" line="142" name="test_superentities_entry_value_range[&lt;lambda&gt;3]" time="0.00038933753967285156"><skipped message="Suite splitting in effect" type="pytest.skip">src/pymortests/grid.py:142: Suite splitting in effect</skipped></testcase><testcase classname="src.pymortests.grid" file="src/pymortests/grid.py" line="142" name="test_superentities_entry_value_range[&lt;lambda&gt;4]" time="0.0004892349243164062"><skipped message="Suite splitting in effect" type="pytest.skip">src/pymortests/grid.py:142: Suite splitting in effect</skipped></testcase><testcase classname="src.pymortests.grid" file="src/pymortests/grid.py" line="142" name="test_superentities_entry_value_range[&lt;lambda&gt;5]" time="0.0004303455352783203"><skipped message="Suite splitting in effect" type="pytest.skip">src/pymortests/grid.py:142: Suite splitting in effect</skipped></testcase><testcase classname="src.pymortests.grid" file="src/pymortests/grid.py" line="142" name="test_superentities_entry_value_range[&lt;lambda&gt;6]" time="0.0003936290740966797"><skipped message="Suite splitting in effect" type="pytest.skip">src/pymortests/grid.py:142: Suite splitting in effect</skipped></testcase><testcase classname="src.pymortests.grid" file="src/pymortests/grid.py" line="142" name="test_superentities_entry_value_range[&lt;lambda&gt;7]" time="0.00040078163146972656"><skipped message="Suite splitting in effect" type="pytest.skip">src/pymortests/grid.py:142: Suite splitting in effect</skipped></testcase><testcase classname="src.pymortests.grid" file="src/pymortests/grid.py" line="142" name="test_superentities_entry_value_range[&lt;lambda&gt;8]" time="0.0006592273712158203"><skipped message="Suite splitting in effect" type="pytest.skip">src/pymortests/grid.py:142: Suite splitting in effect</skipped></testcase><testcase classname="src.pymortests.grid" file="src/pymortests/grid.py" line="142" name="test_superentities_entry_value_range[&lt;lambda&gt;9]" time="0.0003871917724609375"><skipped message="Suite splitting in effect" type="pytest.skip">src/pymortests/grid.py:142: Suite splitting in effect</skipped></testcase><testcase classname="src.pymortests.grid" file="src/pymortests/grid.py" line="142" name="test_superentities_entry_value_range[&lt;lambda&gt;10]" time="0.0004036426544189453"><skipped message="Suite splitting in effect" type="pytest.skip">src/pymortests/grid.py:142: Suite splitting in effect</skipped></testcase><testcase classname="src.pymortests.grid" file="src/pymortests/grid.py" line="142" name="test_superentities_entry_value_range[&lt;lambda&gt;11]" time="0.000408172607421875"><skipped message="Suite splitting in effect" type="pytest.skip">src/pymortests/grid.py:142: Suite splitting in effect</skipped></testcase><testcase classname="src.pymortests.grid" file="src/pymortests/grid.py" line="142" name="test_superentities_entry_value_range[&lt;lambda&gt;12]" time="0.0004105567932128906"><skipped message="Suite splitting in effect" type="pytest.skip">src/pymortests/grid.py:142: Suite splitting in effect</skipped></testcase><testcase classname="src.pymortests.grid" file="src/pymortests/grid.py" line="142" name="test_superentities_entry_value_range[&lt;lambda&gt;13]" time="0.0003879070281982422"><skipped message="Suite splitting in effect" type="pytest.skip">src/pymortests/grid.py:142: Suite splitting in effect</skipped></testcase><testcase classname="src.pymortests.grid" file="src/pymortests/grid.py" line="142" name="test_superentities_entry_value_range[&lt;lambda&gt;14]" time="0.0003986358642578125"><skipped message="Suite splitting in effect" type="pytest.skip">src/pymortests/grid.py:142: Suite splitting in effect</skipped></testcase><testcase classname="src.pymortests.grid" file="src/pymortests/grid.py" line="142" name="test_superentities_entry_value_range[&lt;lambda&gt;15]" time="0.00038933753967285156"><skipped message="Suite splitting in effect" type="pytest.skip">src/pymortests/grid.py:142: Suite splitting in effect</skipped></testcase><testcase classname="src.pymortests.grid" file="src/pymortests/grid.py" line="142" name="test_superentities_entry_value_range[&lt;lambda&gt;16]" time="0.0006878376007080078"><skipped message="Suite splitting in effect" type="pytest.skip">src/pymortests/grid.py:142: Suite splitting in effect</skipped></testcase><testcase classname="src.pymortests.grid" file="src/pymortests/grid.py" line="142" name="test_superentities_entry_value_range[&lt;lambda&gt;17]" time="0.0003848075866699219"><skipped message="Suite splitting in effect" type="pytest.skip">src/pymortests/grid.py:142: Suite splitting in effect</skipped></testcase><testcase classname="src.pymortests.grid" file="src/pymortests/grid.py" line="142" name="test_superentities_entry_value_range[&lt;lambda&gt;18]" time="0.00038743019104003906"><skipped message="Suite splitting in effect" type="pytest.skip">src/pymortests/grid.py:142: Suite splitting in effect</skipped></testcase><testcase classname="src.pymortests.grid" file="src/pymortests/grid.py" line="142" name="test_superentities_entry_value_range[&lt;lambda&gt;19]" time="0.0004048347473144531"><skipped message="Suite splitting in effect" type="pytest.skip">src/pymortests/grid.py:142: Suite splitting in effect</skipped></testcase><testcase classname="src.pymortests.grid" file="src/pymortests/grid.py" line="142" name="test_superentities_entry_value_range[&lt;lambda&gt;20]" time="0.0004143714904785156"><skipped message="Suite splitting in effect" type="pytest.skip">src/pymortests/grid.py:142: Suite splitting in effect</skipped></testcase><testcase classname="src.pymortests.grid" file="src/pymortests/grid.py" line="142" name="test_superentities_entry_value_range[&lt;lambda&gt;21]" time="0.00041484832763671875"><skipped message="Suite splitting in effect" type="pytest.skip">src/pymortests/grid.py:142: Suite splitting in effect</skipped></testcase><testcase classname="src.pymortests.grid" file="src/pymortests/grid.py" line="142" name="test_superentities_entry_value_range[&lt;lambda&gt;22]" time="0.00038623809814453125"><skipped message="Suite splitting in effect" type="pytest.skip">src/pymortests/grid.py:142: Suite splitting in effect</skipped></testcase><testcase classname="src.pymortests.grid" file="src/pymortests/grid.py" line="142" name="test_superentities_entry_value_range[&lt;lambda&gt;23]" time="0.00040411949157714844"><skipped message="Suite splitting in effect" type="pytest.skip">src/pymortests/grid.py:142: Suite splitting in effect</skipped></testcase><testcase classname="src.pymortests.grid" file="src/pymortests/grid.py" line="142" name="test_superentities_entry_value_range[&lt;lambda&gt;24]" time="0.0006361007690429688"><skipped message="Suite splitting in effect" type="pytest.skip">src/pymortests/grid.py:142: Suite splitting in effect</skipped></testcase><testcase classname="src.pymortests.grid" file="src/pymortests/grid.py" line="142" name="test_superentities_entry_value_range[&lt;lambda&gt;25]" time="0.00038123130798339844"><skipped message="Suite splitting in effect" type="pytest.skip">src/pymortests/grid.py:142: Suite splitting in effect</skipped></testcase><testcase classname="src.pymortests.grid" file="src/pymortests/grid.py" line="142" name="test_superentities_entry_value_range[&lt;lambda&gt;26]" time="0.0003845691680908203"><skipped message="Suite splitting in effect" type="pytest.skip">src/pymortests/grid.py:142: Suite splitting in effect</skipped></testcase><testcase classname="src.pymortests.grid" file="src/pymortests/grid.py" line="142" name="test_superentities_entry_value_range[&lt;lambda&gt;27]" time="0.0004165172576904297"><skipped message="Suite splitting in effect" type="pytest.skip">src/pymortests/grid.py:142: Suite splitting in effect</skipped></testcase><testcase classname="src.pymortests.grid" file="src/pymortests/grid.py" line="142" name="test_superentities_entry_value_range[&lt;lambda&gt;28]" time="0.0004146099090576172"><skipped message="Suite splitting in effect" type="pytest.skip">src/pymortests/grid.py:142: Suite splitting in effect</skipped></testcase><testcase classname="src.pymortests.grid" file="src/pymortests/grid.py" line="142" name="test_superentities_entry_value_range[&lt;lambda&gt;29]" time="0.00038886070251464844"><skipped message="Suite splitting in effect" type="pytest.skip">src/pymortests/grid.py:142: Suite splitting in effect</skipped></testcase><testcase classname="src.pymortests.grid" file="src/pymortests/grid.py" line="142" name="test_superentities_entry_value_range[&lt;lambda&gt;30]" time="0.00043010711669921875"><skipped message="Suite splitting in effect" type="pytest.skip">src/pymortests/grid.py:142: Suite splitting in effect</skipped></testcase><testcase classname="src.pymortests.grid" file="src/pymortests/grid.py" line="142" name="test_superentities_entry_value_range[&lt;lambda&gt;31]" time="0.00039124488830566406"><skipped message="Suite splitting in effect" type="pytest.skip">src/pymortests/grid.py:142: Suite splitting in effect</skipped></testcase><testcase classname="src.pymortests.grid" file="src/pymortests/grid.py" line="142" name="test_superentities_entry_value_range[&lt;lambda&gt;32]" time="0.0006697177886962891"><skipped message="Suite splitting in effect" type="pytest.skip">src/pymortests/grid.py:142: Suite splitting in effect</skipped></testcase><testcase classname="src.pymortests.grid" file="src/pymortests/grid.py" line="142" name="test_superentities_entry_value_range[&lt;lambda&gt;33]" time="0.0003840923309326172"><skipped message="Suite splitting in effect" type="pytest.skip">src/pymortests/grid.py:142: Suite splitting in effect</skipped></testcase><testcase classname="src.pymortests.grid" file="src/pymortests/grid.py" line="142" name="test_superentities_entry_value_range[&lt;lambda&gt;34]" time="0.0003910064697265625"><skipped message="Suite splitting in effect" type="pytest.skip">src/pymortests/grid.py:142: Suite splitting in effect</skipped></testcase><testcase classname="src.pymortests.grid" file="src/pymortests/grid.py" line="142" name="test_superentities_entry_value_range[&lt;lambda&gt;35]" time="0.00040531158447265625"><skipped message="Suite splitting in effect" type="pytest.skip">src/pymortests/grid.py:142: Suite splitting in effect</skipped></testcase><testcase classname="src.pymortests.grid" file="src/pymortests/grid.py" line="142" name="test_superentities_entry_value_range[&lt;lambda&gt;36]" time="0.0004150867462158203"><skipped message="Suite splitting in effect" type="pytest.skip">src/pymortests/grid.py:142: Suite splitting in effect</skipped></testcase><testcase classname="src.pymortests.grid" file="src/pymortests/grid.py" line="142" name="test_superentities_entry_value_range[&lt;lambda&gt;37]" time="0.0003972053527832031"><skipped message="Suite splitting in effect" type="pytest.skip">src/pymortests/grid.py:142: Suite splitting in effect</skipped></testcase><testcase classname="src.pymortests.grid" file="src/pymortests/grid.py" line="142" name="test_superentities_entry_value_range[&lt;lambda&gt;38]" time="0.0004115104675292969"><skipped message="Suite splitting in effect" type="pytest.skip">src/pymortests/grid.py:142: Suite splitting in effect</skipped></testcase><testcase classname="src.pymortests.grid" file="src/pymortests/grid.py" line="142" name="test_superentities_entry_value_range[&lt;lambda&gt;39]" time="0.00041365623474121094"><skipped message="Suite splitting in effect" type="pytest.skip">src/pymortests/grid.py:142: Suite splitting in effect</skipped></testcase><testcase classname="src.pymortests.grid" file="src/pymortests/grid.py" line="142" name="test_superentities_entry_value_range[&lt;lambda&gt;40]" time="0.0006613731384277344"><skipped message="Suite splitting in effect" type="pytest.skip">src/pymortests/grid.py:142: Suite splitting in effect</skipped></testcase><testcase classname="src.pymortests.grid" file="src/pymortests/grid.py" line="142" name="test_superentities_entry_value_range[&lt;lambda&gt;41]" time="0.000431060791015625"><skipped message="Suite splitting in effect" type="pytest.skip">src/pymortests/grid.py:142: Suite splitting in effect</skipped></testcase><testcase classname="src.pymortests.grid" file="src/pymortests/grid.py" line="142" name="test_superentities_entry_value_range[&lt;lambda&gt;42]" time="0.0003933906555175781"><skipped message="Suite splitting in effect" type="pytest.skip">src/pymortests/grid.py:142: Suite splitting in effect</skipped></testcase><testcase classname="src.pymortests.grid" file="src/pymortests/grid.py" line="150" name="test_superentities_entry_values_unique[&lt;lambda&gt;0]" time="0.0003924369812011719"><skipped message="Suite splitting in effect" type="pytest.skip">src/pymortests/grid.py:150: Suite splitting in effect</skipped></testcase><testcase classname="src.pymortests.grid" file="src/pymortests/grid.py" line="150" name="test_superentities_entry_values_unique[&lt;lambda&gt;1]" time="0.0003917217254638672"><skipped message="Suite splitting in effect" type="pytest.skip">src/pymortests/grid.py:150: Suite splitting in effect</skipped></testcase><testcase classname="src.pymortests.grid" file="src/pymortests/grid.py" line="150" name="test_superentities_entry_values_unique[&lt;lambda&gt;2]" time="0.00039267539978027344"><skipped message="Suite splitting in effect" type="pytest.skip">src/pymortests/grid.py:150: Suite splitting in effect</skipped></testcase><testcase classname="src.pymortests.grid" file="src/pymortests/grid.py" line="150" name="test_superentities_entry_values_unique[&lt;lambda&gt;3]" time="0.00040340423583984375"><skipped message="Suite splitting in effect" type="pytest.skip">src/pymortests/grid.py:150: Suite splitting in effect</skipped></testcase><testcase classname="src.pymortests.grid" file="src/pymortests/grid.py" line="150" name="test_superentities_entry_values_unique[&lt;lambda&gt;4]" time="0.0004096031188964844"><skipped message="Suite splitting in effect" type="pytest.skip">src/pymortests/grid.py:150: Suite splitting in effect</skipped></testcase><testcase classname="src.pymortests.grid" file="src/pymortests/grid.py" line="150" name="test_superentities_entry_values_unique[&lt;lambda&gt;5]" time="0.0006413459777832031"><skipped message="Suite splitting in effect" type="pytest.skip">src/pymortests/grid.py:150: Suite splitting in effect</skipped></testcase><testcase classname="src.pymortests.grid" file="src/pymortests/grid.py" line="150" name="test_superentities_entry_values_unique[&lt;lambda&gt;6]" time="0.0003871917724609375"><skipped message="Suite splitting in effect" type="pytest.skip">src/pymortests/grid.py:150: Suite splitting in effect</skipped></testcase><testcase classname="src.pymortests.grid" file="src/pymortests/grid.py" line="150" name="test_superentities_entry_values_unique[&lt;lambda&gt;7]" time="0.0004105567932128906"><skipped message="Suite splitting in effect" type="pytest.skip">src/pymortests/grid.py:150: Suite splitting in effect</skipped></testcase><testcase classname="src.pymortests.grid" file="src/pymortests/grid.py" line="150" name="test_superentities_entry_values_unique[&lt;lambda&gt;8]" time="0.00039196014404296875"><skipped message="Suite splitting in effect" type="pytest.skip">src/pymortests/grid.py:150: Suite splitting in effect</skipped></testcase><testcase classname="src.pymortests.grid" file="src/pymortests/grid.py" line="150" name="test_superentities_entry_values_unique[&lt;lambda&gt;9]" time="0.00043320655822753906"><skipped message="Suite splitting in effect" type="pytest.skip">src/pymortests/grid.py:150: Suite splitting in effect</skipped></testcase><testcase classname="src.pymortests.grid" file="src/pymortests/grid.py" line="150" name="test_superentities_entry_values_unique[&lt;lambda&gt;10]" time="0.0003840923309326172"><skipped message="Suite splitting in effect" type="pytest.skip">src/pymortests/grid.py:150: Suite splitting in effect</skipped></testcase><testcase classname="src.pymortests.grid" file="src/pymortests/grid.py" line="150" name="test_superentities_entry_values_unique[&lt;lambda&gt;11]" time="0.00038504600524902344"><skipped message="Suite splitting in effect" type="pytest.skip">src/pymortests/grid.py:150: Suite splitting in effect</skipped></testcase><testcase classname="src.pymortests.grid" file="src/pymortests/grid.py" line="150" name="test_superentities_entry_values_unique[&lt;lambda&gt;12]" time="0.0003974437713623047"><skipped message="Suite splitting in effect" type="pytest.skip">src/pymortests/grid.py:150: Suite splitting in effect</skipped></testcase><testcase classname="src.pymortests.grid" file="src/pymortests/grid.py" line="150" name="test_superentities_entry_values_unique[&lt;lambda&gt;13]" time="0.0007352828979492188"><skipped message="Suite splitting in effect" type="pytest.skip">src/pymortests/grid.py:150: Suite splitting in effect</skipped></testcase><testcase classname="src.pymortests.grid" file="src/pymortests/grid.py" line="150" name="test_superentities_entry_values_unique[&lt;lambda&gt;14]" time="0.00040793418884277344"><skipped message="Suite splitting in effect" type="pytest.skip">src/pymortests/grid.py:150: Suite splitting in effect</skipped></testcase><testcase classname="src.pymortests.grid" file="src/pymortests/grid.py" line="150" name="test_superentities_entry_values_unique[&lt;lambda&gt;15]" time="0.0003867149353027344"><skipped message="Suite splitting in effect" type="pytest.skip">src/pymortests/grid.py:150: Suite splitting in effect</skipped></testcase><testcase classname="src.pymortests.grid" file="src/pymortests/grid.py" line="150" name="test_superentities_entry_values_unique[&lt;lambda&gt;16]" time="0.00039696693420410156"><skipped message="Suite splitting in effect" type="pytest.skip">src/pymortests/grid.py:150: Suite splitting in effect</skipped></testcase><testcase classname="src.pymortests.grid" file="src/pymortests/grid.py" line="150" name="test_superentities_entry_values_unique[&lt;lambda&gt;17]" time="0.00041604042053222656"><skipped message="Suite splitting in effect" type="pytest.skip">src/pymortests/grid.py:150: Suite splitting in effect</skipped></testcase><testcase classname="src.pymortests.grid" file="src/pymortests/grid.py" line="150" name="test_superentities_entry_values_unique[&lt;lambda&gt;18]" time="0.0004143714904785156"><skipped message="Suite splitting in effect" type="pytest.skip">src/pymortests/grid.py:150: Suite splitting in effect</skipped></testcase><testcase classname="src.pymortests.grid" file="src/pymortests/grid.py" line="150" name="test_superentities_entry_values_unique[&lt;lambda&gt;19]" time="0.00039386749267578125"><skipped message="Suite splitting in effect" type="pytest.skip">src/pymortests/grid.py:150: Suite splitting in effect</skipped></testcase><testcase classname="src.pymortests.grid" file="src/pymortests/grid.py" line="150" name="test_superentities_entry_values_unique[&lt;lambda&gt;20]" time="0.0003845691680908203"><skipped message="Suite splitting in effect" type="pytest.skip">src/pymortests/grid.py:150: Suite splitting in effect</skipped></testcase><testcase classname="src.pymortests.grid" file="src/pymortests/grid.py" line="150" name="test_superentities_entry_values_unique[&lt;lambda&gt;21]" time="0.000701904296875"><skipped message="Suite splitting in effect" type="pytest.skip">src/pymortests/grid.py:150: Suite splitting in effect</skipped></testcase><testcase classname="src.pymortests.grid" file="src/pymortests/grid.py" line="150" name="test_superentities_entry_values_unique[&lt;lambda&gt;22]" time="0.0004119873046875"><skipped message="Suite splitting in effect" type="pytest.skip">src/pymortests/grid.py:150: Suite splitting in effect</skipped></testcase><testcase classname="src.pymortests.grid" file="src/pymortests/grid.py" line="150" name="test_superentities_entry_values_unique[&lt;lambda&gt;23]" time="0.0003895759582519531"><skipped message="Suite splitting in effect" type="pytest.skip">src/pymortests/grid.py:150: Suite splitting in effect</skipped></testcase><testcase classname="src.pymortests.grid" file="src/pymortests/grid.py" line="150" name="test_superentities_entry_values_unique[&lt;lambda&gt;24]" time="0.0004074573516845703"><skipped message="Suite splitting in effect" type="pytest.skip">src/pymortests/grid.py:150: Suite splitting in effect</skipped></testcase><testcase classname="src.pymortests.grid" file="src/pymortests/grid.py" line="150" name="test_superentities_entry_values_unique[&lt;lambda&gt;25]" time="0.0004124641418457031"><skipped message="Suite splitting in effect" type="pytest.skip">src/pymortests/grid.py:150: Suite splitting in effect</skipped></testcase><testcase classname="src.pymortests.grid" file="src/pymortests/grid.py" line="150" name="test_superentities_entry_values_unique[&lt;lambda&gt;26]" time="0.0003879070281982422"><skipped message="Suite splitting in effect" type="pytest.skip">src/pymortests/grid.py:150: Suite splitting in effect</skipped></testcase><testcase classname="src.pymortests.grid" file="src/pymortests/grid.py" line="150" name="test_superentities_entry_values_unique[&lt;lambda&gt;27]" time="0.0003955364227294922"><skipped message="Suite splitting in effect" type="pytest.skip">src/pymortests/grid.py:150: Suite splitting in effect</skipped></testcase><testcase classname="src.pymortests.grid" file="src/pymortests/grid.py" line="150" name="test_superentities_entry_values_unique[&lt;lambda&gt;28]" time="0.0004150867462158203"><skipped message="Suite splitting in effect" type="pytest.skip">src/pymortests/grid.py:150: Suite splitting in effect</skipped></testcase><testcase classname="src.pymortests.grid" file="src/pymortests/grid.py" line="150" name="test_superentities_entry_values_unique[&lt;lambda&gt;29]" time="0.0006380081176757812"><skipped message="Suite splitting in effect" type="pytest.skip">src/pymortests/grid.py:150: Suite splitting in effect</skipped></testcase><testcase classname="src.pymortests.grid" file="src/pymortests/grid.py" line="150" name="test_superentities_entry_values_unique[&lt;lambda&gt;30]" time="0.00040841102600097656"><skipped message="Suite splitting in effect" type="pytest.skip">src/pymortests/grid.py:150: Suite splitting in effect</skipped></testcase><testcase classname="src.pymortests.grid" file="src/pymortests/grid.py" line="150" name="test_superentities_entry_values_unique[&lt;lambda&gt;31]" time="0.00040841102600097656"><skipped message="Suite splitting in effect" type="pytest.skip">src/pymortests/grid.py:150: Suite splitting in effect</skipped></testcase><testcase classname="src.pymortests.grid" file="src/pymortests/grid.py" line="150" name="test_superentities_entry_values_unique[&lt;lambda&gt;32]" time="0.0003864765167236328"><skipped message="Suite splitting in effect" type="pytest.skip">src/pymortests/grid.py:150: Suite splitting in effect</skipped></testcase><testcase classname="src.pymortests.grid" file="src/pymortests/grid.py" line="150" name="test_superentities_entry_values_unique[&lt;lambda&gt;33]" time="0.00038886070251464844"><skipped message="Suite splitting in effect" type="pytest.skip">src/pymortests/grid.py:150: Suite splitting in effect</skipped></testcase><testcase classname="src.pymortests.grid" file="src/pymortests/grid.py" line="150" name="test_superentities_entry_values_unique[&lt;lambda&gt;34]" time="0.0004012584686279297"><skipped message="Suite splitting in effect" type="pytest.skip">src/pymortests/grid.py:150: Suite splitting in effect</skipped></testcase><testcase classname="src.pymortests.grid" file="src/pymortests/grid.py" line="150" name="test_superentities_entry_values_unique[&lt;lambda&gt;35]" time="0.0004220008850097656"><skipped message="Suite splitting in effect" type="pytest.skip">src/pymortests/grid.py:150: Suite splitting in effect</skipped></testcase><testcase classname="src.pymortests.grid" file="src/pymortests/grid.py" line="150" name="test_superentities_entry_values_unique[&lt;lambda&gt;36]" time="0.00042438507080078125"><skipped message="Suite splitting in effect" type="pytest.skip">src/pymortests/grid.py:150: Suite splitting in effect</skipped></testcase><testcase classname="src.pymortests.grid" file="src/pymortests/grid.py" line="150" name="test_superentities_entry_values_unique[&lt;lambda&gt;37]" time="0.0006628036499023438"><skipped message="Suite splitting in effect" type="pytest.skip">src/pymortests/grid.py:150: Suite splitting in effect</skipped></testcase><testcase classname="src.pymortests.grid" file="src/pymortests/grid.py" line="150" name="test_superentities_entry_values_unique[&lt;lambda&gt;38]" time="0.0003924369812011719"><skipped message="Suite splitting in effect" type="pytest.skip">src/pymortests/grid.py:150: Suite splitting in effect</skipped></testcase><testcase classname="src.pymortests.grid" file="src/pymortests/grid.py" line="150" name="test_superentities_entry_values_unique[&lt;lambda&gt;39]" time="0.0003857612609863281"><skipped message="Suite splitting in effect" type="pytest.skip">src/pymortests/grid.py:150: Suite splitting in effect</skipped></testcase><testcase classname="src.pymortests.grid" file="src/pymortests/grid.py" line="150" name="test_superentities_entry_values_unique[&lt;lambda&gt;40]" time="0.00041294097900390625"><skipped message="Suite splitting in effect" type="pytest.skip">src/pymortests/grid.py:150: Suite splitting in effect</skipped></testcase><testcase classname="src.pymortests.grid" file="src/pymortests/grid.py" line="150" name="test_superentities_entry_values_unique[&lt;lambda&gt;41]" time="0.0003910064697265625"><skipped message="Suite splitting in effect" type="pytest.skip">src/pymortests/grid.py:150: Suite splitting in effect</skipped></testcase><testcase classname="src.pymortests.grid" file="src/pymortests/grid.py" line="150" name="test_superentities_entry_values_unique[&lt;lambda&gt;42]" time="0.0003933906555175781"><skipped message="Suite splitting in effect" type="pytest.skip">src/pymortests/grid.py:150: Suite splitting in effect</skipped></testcase><testcase classname="src.pymortests.grid" file="src/pymortests/grid.py" line="159" name="test_superentities_entries_sorted[&lt;lambda&gt;0]" time="0.00039267539978027344"><skipped message="Suite splitting in effect" type="pytest.skip">src/pymortests/grid.py:159: Suite splitting in effect</skipped></testcase><testcase classname="src.pymortests.grid" file="src/pymortests/grid.py" line="159" name="test_superentities_entries_sorted[&lt;lambda&gt;1]" time="0.00041675567626953125"><skipped message="Suite splitting in effect" type="pytest.skip">src/pymortests/grid.py:159: Suite splitting in effect</skipped></testcase><testcase classname="src.pymortests.grid" file="src/pymortests/grid.py" line="159" name="test_superentities_entries_sorted[&lt;lambda&gt;2]" time="0.0008225440979003906"><skipped message="Suite splitting in effect" type="pytest.skip">src/pymortests/grid.py:159: Suite splitting in effect</skipped></testcase><testcase classname="src.pymortests.grid" file="src/pymortests/grid.py" line="159" name="test_superentities_entries_sorted[&lt;lambda&gt;3]" time="0.00043702125549316406"><skipped message="Suite splitting in effect" type="pytest.skip">src/pymortests/grid.py:159: Suite splitting in effect</skipped></testcase><testcase classname="src.pymortests.grid" file="src/pymortests/grid.py" line="159" name="test_superentities_entries_sorted[&lt;lambda&gt;4]" time="0.00040459632873535156"><skipped message="Suite splitting in effect" type="pytest.skip">src/pymortests/grid.py:159: Suite splitting in effect</skipped></testcase><testcase classname="src.pymortests.grid" file="src/pymortests/grid.py" line="159" name="test_superentities_entries_sorted[&lt;lambda&gt;5]" time="0.0003871917724609375"><skipped message="Suite splitting in effect" type="pytest.skip">src/pymortests/grid.py:159: Suite splitting in effect</skipped></testcase><testcase classname="src.pymortests.grid" file="src/pymortests/grid.py" line="159" name="test_superentities_entries_sorted[&lt;lambda&gt;6]" time="0.0003943443298339844"><skipped message="Suite splitting in effect" type="pytest.skip">src/pymortests/grid.py:159: Suite splitting in effect</skipped></testcase><testcase classname="src.pymortests.grid" file="src/pymortests/grid.py" line="159" name="test_superentities_entries_sorted[&lt;lambda&gt;7]" time="0.0004279613494873047"><skipped message="Suite splitting in effect" type="pytest.skip">src/pymortests/grid.py:159: Suite splitting in effect</skipped></testcase><testcase classname="src.pymortests.grid" file="src/pymortests/grid.py" line="159" name="test_superentities_entries_sorted[&lt;lambda&gt;8]" time="0.0003972053527832031"><skipped message="Suite splitting in effect" type="pytest.skip">src/pymortests/grid.py:159: Suite splitting in effect</skipped></testcase><testcase classname="src.pymortests.grid" file="src/pymortests/grid.py" line="159" name="test_superentities_entries_sorted[&lt;lambda&gt;9]" time="0.0004210472106933594"><skipped message="Suite splitting in effect" type="pytest.skip">src/pymortests/grid.py:159: Suite splitting in effect</skipped></testcase><testcase classname="src.pymortests.grid" file="src/pymortests/grid.py" line="159" name="test_superentities_entries_sorted[&lt;lambda&gt;10]" time="0.0007197856903076172"><skipped message="Suite splitting in effect" type="pytest.skip">src/pymortests/grid.py:159: Suite splitting in effect</skipped></testcase><testcase classname="src.pymortests.grid" file="src/pymortests/grid.py" line="159" name="test_superentities_entries_sorted[&lt;lambda&gt;11]" time="0.0004031658172607422"><skipped message="Suite splitting in effect" type="pytest.skip">src/pymortests/grid.py:159: Suite splitting in effect</skipped></testcase><testcase classname="src.pymortests.grid" file="src/pymortests/grid.py" line="159" name="test_superentities_entries_sorted[&lt;lambda&gt;12]" time="0.0004260540008544922"><skipped message="Suite splitting in effect" type="pytest.skip">src/pymortests/grid.py:159: Suite splitting in effect</skipped></testcase><testcase classname="src.pymortests.grid" file="src/pymortests/grid.py" line="159" name="test_superentities_entries_sorted[&lt;lambda&gt;13]" time="0.0004315376281738281"><skipped message="Suite splitting in effect" type="pytest.skip">src/pymortests/grid.py:159: Suite splitting in effect</skipped></testcase><testcase classname="src.pymortests.grid" file="src/pymortests/grid.py" line="159" name="test_superentities_entries_sorted[&lt;lambda&gt;14]" time="0.00042438507080078125"><skipped message="Suite splitting in effect" type="pytest.skip">src/pymortests/grid.py:159: Suite splitting in effect</skipped></testcase><testcase classname="src.pymortests.grid" file="src/pymortests/grid.py" line="159" name="test_superentities_entries_sorted[&lt;lambda&gt;15]" time="0.00040459632873535156"><skipped message="Suite splitting in effect" type="pytest.skip">src/pymortests/grid.py:159: Suite splitting in effect</skipped></testcase><testcase classname="src.pymortests.grid" file="src/pymortests/grid.py" line="159" name="test_superentities_entries_sorted[&lt;lambda&gt;16]" time="0.00041413307189941406"><skipped message="Suite splitting in effect" type="pytest.skip">src/pymortests/grid.py:159: Suite splitting in effect</skipped></testcase><testcase classname="src.pymortests.grid" file="src/pymortests/grid.py" line="159" name="test_superentities_entries_sorted[&lt;lambda&gt;17]" time="0.000408172607421875"><skipped message="Suite splitting in effect" type="pytest.skip">src/pymortests/grid.py:159: Suite splitting in effect</skipped></testcase><testcase classname="src.pymortests.grid" file="src/pymortests/grid.py" line="159" name="test_superentities_entries_sorted[&lt;lambda&gt;18]" time="0.0007064342498779297"><skipped message="Suite splitting in effect" type="pytest.skip">src/pymortests/grid.py:159: Suite splitting in effect</skipped></testcase><testcase classname="src.pymortests.grid" file="src/pymortests/grid.py" line="159" name="test_superentities_entries_sorted[&lt;lambda&gt;19]" time="0.00047326087951660156"><skipped message="Suite splitting in effect" type="pytest.skip">src/pymortests/grid.py:159: Suite splitting in effect</skipped></testcase><testcase classname="src.pymortests.grid" file="src/pymortests/grid.py" line="159" name="test_superentities_entries_sorted[&lt;lambda&gt;20]" time="0.0005130767822265625"><skipped message="Suite splitting in effect" type="pytest.skip">src/pymortests/grid.py:159: Suite splitting in effect</skipped></testcase><testcase classname="src.pymortests.grid" file="src/pymortests/grid.py" line="159" name="test_superentities_entries_sorted[&lt;lambda&gt;21]" time="0.00044536590576171875"><skipped message="Suite splitting in effect" type="pytest.skip">src/pymortests/grid.py:159: Suite splitting in effect</skipped></testcase><testcase classname="src.pymortests.grid" file="src/pymortests/grid.py" line="159" name="test_superentities_entries_sorted[&lt;lambda&gt;22]" time="0.0003895759582519531"><skipped message="Suite splitting in effect" type="pytest.skip">src/pymortests/grid.py:159: Suite splitting in effect</skipped></testcase><testcase classname="src.pymortests.grid" file="src/pymortests/grid.py" line="159" name="test_superentities_entries_sorted[&lt;lambda&gt;23]" time="0.00046133995056152344"><skipped message="Suite splitting in effect" type="pytest.skip">src/pymortests/grid.py:159: Suite splitting in effect</skipped></testcase><testcase classname="src.pymortests.grid" file="src/pymortests/grid.py" line="159" name="test_superentities_entries_sorted[&lt;lambda&gt;24]" time="0.00039076805114746094"><skipped message="Suite splitting in effect" type="pytest.skip">src/pymortests/grid.py:159: Suite splitting in effect</skipped></testcase><testcase classname="src.pymortests.grid" file="src/pymortests/grid.py" line="159" name="test_superentities_entries_sorted[&lt;lambda&gt;25]" time="0.0003898143768310547"><skipped message="Suite splitting in effect" type="pytest.skip">src/pymortests/grid.py:159: Suite splitting in effect</skipped></testcase><testcase classname="src.pymortests.grid" file="src/pymortests/grid.py" line="159" name="test_superentities_entries_sorted[&lt;lambda&gt;26]" time="0.0007145404815673828"><skipped message="Suite splitting in effect" type="pytest.skip">src/pymortests/grid.py:159: Suite splitting in effect</skipped></testcase><testcase classname="src.pymortests.grid" file="src/pymortests/grid.py" line="159" name="test_superentities_entries_sorted[&lt;lambda&gt;27]" time="0.0004143714904785156"><skipped message="Suite splitting in effect" type="pytest.skip">src/pymortests/grid.py:159: Suite splitting in effect</skipped></testcase><testcase classname="src.pymortests.grid" file="src/pymortests/grid.py" line="159" name="test_superentities_entries_sorted[&lt;lambda&gt;28]" time="0.00039124488830566406"><skipped message="Suite splitting in effect" type="pytest.skip">src/pymortests/grid.py:159: Suite splitting in effect</skipped></testcase><testcase classname="src.pymortests.grid" file="src/pymortests/grid.py" line="159" name="test_superentities_entries_sorted[&lt;lambda&gt;29]" time="0.00038433074951171875"><skipped message="Suite splitting in effect" type="pytest.skip">src/pymortests/grid.py:159: Suite splitting in effect</skipped></testcase><testcase classname="src.pymortests.grid" file="src/pymortests/grid.py" line="159" name="test_superentities_entries_sorted[&lt;lambda&gt;30]" time="0.0003864765167236328"><skipped message="Suite splitting in effect" type="pytest.skip">src/pymortests/grid.py:159: Suite splitting in effect</skipped></testcase><testcase classname="src.pymortests.grid" file="src/pymortests/grid.py" line="159" name="test_superentities_entries_sorted[&lt;lambda&gt;31]" time="0.0004162788391113281"><skipped message="Suite splitting in effect" type="pytest.skip">src/pymortests/grid.py:159: Suite splitting in effect</skipped></testcase><testcase classname="src.pymortests.grid" file="src/pymortests/grid.py" line="159" name="test_superentities_entries_sorted[&lt;lambda&gt;32]" time="0.0004107952117919922"><skipped message="Suite splitting in effect" type="pytest.skip">src/pymortests/grid.py:159: Suite splitting in effect</skipped></testcase><testcase classname="src.pymortests.grid" file="src/pymortests/grid.py" line="159" name="test_superentities_entries_sorted[&lt;lambda&gt;33]" time="0.0004048347473144531"><skipped message="Suite splitting in effect" type="pytest.skip">src/pymortests/grid.py:159: Suite splitting in effect</skipped></testcase><testcase classname="src.pymortests.grid" file="src/pymortests/grid.py" line="159" name="test_superentities_entries_sorted[&lt;lambda&gt;34]" time="0.0006899833679199219"><skipped message="Suite splitting in effect" type="pytest.skip">src/pymortests/grid.py:159: Suite splitting in effect</skipped></testcase><testcase classname="src.pymortests.grid" file="src/pymortests/grid.py" line="159" name="test_superentities_entries_sorted[&lt;lambda&gt;35]" time="0.0004317760467529297"><skipped message="Suite splitting in effect" type="pytest.skip">src/pymortests/grid.py:159: Suite splitting in effect</skipped></testcase><testcase classname="src.pymortests.grid" file="src/pymortests/grid.py" line="159" name="test_superentities_entries_sorted[&lt;lambda&gt;36]" time="0.0004105567932128906"><skipped message="Suite splitting in effect" type="pytest.skip">src/pymortests/grid.py:159: Suite splitting in effect</skipped></testcase><testcase classname="src.pymortests.grid" file="src/pymortests/grid.py" line="159" name="test_superentities_entries_sorted[&lt;lambda&gt;37]" time="0.000392913818359375"><skipped message="Suite splitting in effect" type="pytest.skip">src/pymortests/grid.py:159: Suite splitting in effect</skipped></testcase><testcase classname="src.pymortests.grid" file="src/pymortests/grid.py" line="159" name="test_superentities_entries_sorted[&lt;lambda&gt;38]" time="0.0004181861877441406"><skipped message="Suite splitting in effect" type="pytest.skip">src/pymortests/grid.py:159: Suite splitting in effect</skipped></testcase><testcase classname="src.pymortests.grid" file="src/pymortests/grid.py" line="159" name="test_superentities_entries_sorted[&lt;lambda&gt;39]" time="0.00039196014404296875"><skipped message="Suite splitting in effect" type="pytest.skip">src/pymortests/grid.py:159: Suite splitting in effect</skipped></testcase><testcase classname="src.pymortests.grid" file="src/pymortests/grid.py" line="159" name="test_superentities_entries_sorted[&lt;lambda&gt;40]" time="0.0004248619079589844"><skipped message="Suite splitting in effect" type="pytest.skip">src/pymortests/grid.py:159: Suite splitting in effect</skipped></testcase><testcase classname="src.pymortests.grid" file="src/pymortests/grid.py" line="159" name="test_superentities_entries_sorted[&lt;lambda&gt;41]" time="0.00041556358337402344"><skipped message="Suite splitting in effect" type="pytest.skip">src/pymortests/grid.py:159: Suite splitting in effect</skipped></testcase><testcase classname="src.pymortests.grid" file="src/pymortests/grid.py" line="159" name="test_superentities_entries_sorted[&lt;lambda&gt;42]" time="0.0006835460662841797"><skipped message="Suite splitting in effect" type="pytest.skip">src/pymortests/grid.py:159: Suite splitting in effect</skipped></testcase><testcase classname="src.pymortests.grid" file="src/pymortests/grid.py" line="172" name="test_superentities_codim_d_codim_d[&lt;lambda&gt;0]" time="0.00039076805114746094"><skipped message="Suite splitting in effect" type="pytest.skip">src/pymortests/grid.py:172: Suite splitting in effect</skipped></testcase><testcase classname="src.pymortests.grid" file="src/pymortests/grid.py" line="172" name="test_superentities_codim_d_codim_d[&lt;lambda&gt;1]" time="0.00041675567626953125"><skipped message="Suite splitting in effect" type="pytest.skip">src/pymortests/grid.py:172: Suite splitting in effect</skipped></testcase><testcase classname="src.pymortests.grid" file="src/pymortests/grid.py" line="172" name="test_superentities_codim_d_codim_d[&lt;lambda&gt;2]" time="0.00038814544677734375"><skipped message="Suite splitting in effect" type="pytest.skip">src/pymortests/grid.py:172: Suite splitting in effect</skipped></testcase><testcase classname="src.pymortests.grid" file="src/pymortests/grid.py" line="172" name="test_superentities_codim_d_codim_d[&lt;lambda&gt;3]" time="0.00039124488830566406"><skipped message="Suite splitting in effect" type="pytest.skip">src/pymortests/grid.py:172: Suite splitting in effect</skipped></testcase><testcase classname="src.pymortests.grid" file="src/pymortests/grid.py" line="172" name="test_superentities_codim_d_codim_d[&lt;lambda&gt;4]" time="0.0004298686981201172"><skipped message="Suite splitting in effect" type="pytest.skip">src/pymortests/grid.py:172: Suite splitting in effect</skipped></testcase><testcase classname="src.pymortests.grid" file="src/pymortests/grid.py" line="172" name="test_superentities_codim_d_codim_d[&lt;lambda&gt;5]" time="0.0004169940948486328"><skipped message="Suite splitting in effect" type="pytest.skip">src/pymortests/grid.py:172: Suite splitting in effect</skipped></testcase><testcase classname="src.pymortests.grid" file="src/pymortests/grid.py" line="172" name="test_superentities_codim_d_codim_d[&lt;lambda&gt;6]" time="0.0003986358642578125"><skipped message="Suite splitting in effect" type="pytest.skip">src/pymortests/grid.py:172: Suite splitting in effect</skipped></testcase><testcase classname="src.pymortests.grid" file="src/pymortests/grid.py" line="172" name="test_superentities_codim_d_codim_d[&lt;lambda&gt;7]" time="0.0006933212280273438"><skipped message="Suite splitting in effect" type="pytest.skip">src/pymortests/grid.py:172: Suite splitting in effect</skipped></testcase><testcase classname="src.pymortests.grid" file="src/pymortests/grid.py" line="172" name="test_superentities_codim_d_codim_d[&lt;lambda&gt;8]" time="0.00041031837463378906"><skipped message="Suite splitting in effect" type="pytest.skip">src/pymortests/grid.py:172: Suite splitting in effect</skipped></testcase><testcase classname="src.pymortests.grid" file="src/pymortests/grid.py" line="172" name="test_superentities_codim_d_codim_d[&lt;lambda&gt;9]" time="0.0004127025604248047"><skipped message="Suite splitting in effect" type="pytest.skip">src/pymortests/grid.py:172: Suite splitting in effect</skipped></testcase><testcase classname="src.pymortests.grid" file="src/pymortests/grid.py" line="172" name="test_superentities_codim_d_codim_d[&lt;lambda&gt;10]" time="0.0003905296325683594"><skipped message="Suite splitting in effect" type="pytest.skip">src/pymortests/grid.py:172: Suite splitting in effect</skipped></testcase><testcase classname="src.pymortests.grid" file="src/pymortests/grid.py" line="172" name="test_superentities_codim_d_codim_d[&lt;lambda&gt;11]" time="0.000396728515625"><skipped message="Suite splitting in effect" type="pytest.skip">src/pymortests/grid.py:172: Suite splitting in effect</skipped></testcase><testcase classname="src.pymortests.grid" file="src/pymortests/grid.py" line="172" name="test_superentities_codim_d_codim_d[&lt;lambda&gt;12]" time="0.00043129920959472656"><skipped message="Suite splitting in effect" type="pytest.skip">src/pymortests/grid.py:172: Suite splitting in effect</skipped></testcase><testcase classname="src.pymortests.grid" file="src/pymortests/grid.py" line="172" name="test_superentities_codim_d_codim_d[&lt;lambda&gt;13]" time="0.0004124641418457031"><skipped message="Suite splitting in effect" type="pytest.skip">src/pymortests/grid.py:172: Suite splitting in effect</skipped></testcase><testcase classname="src.pymortests.grid" file="src/pymortests/grid.py" line="172" name="test_superentities_codim_d_codim_d[&lt;lambda&gt;14]" time="0.0004162788391113281"><skipped message="Suite splitting in effect" type="pytest.skip">src/pymortests/grid.py:172: Suite splitting in effect</skipped></testcase><testcase classname="src.pymortests.grid" file="src/pymortests/grid.py" line="172" name="test_superentities_codim_d_codim_d[&lt;lambda&gt;15]" time="0.0006864070892333984"><skipped message="Suite splitting in effect" type="pytest.skip">src/pymortests/grid.py:172: Suite splitting in effect</skipped></testcase><testcase classname="src.pymortests.grid" file="src/pymortests/grid.py" line="172" name="test_superentities_codim_d_codim_d[&lt;lambda&gt;16]" time="0.0003879070281982422"><skipped message="Suite splitting in effect" type="pytest.skip">src/pymortests/grid.py:172: Suite splitting in effect</skipped></testcase><testcase classname="src.pymortests.grid" file="src/pymortests/grid.py" line="172" name="test_superentities_codim_d_codim_d[&lt;lambda&gt;17]" time="0.0004177093505859375"><skipped message="Suite splitting in effect" type="pytest.skip">src/pymortests/grid.py:172: Suite splitting in effect</skipped></testcase><testcase classname="src.pymortests.grid" file="src/pymortests/grid.py" line="172" name="test_superentities_codim_d_codim_d[&lt;lambda&gt;18]" time="0.00041556358337402344"><skipped message="Suite splitting in effect" type="pytest.skip">src/pymortests/grid.py:172: Suite splitting in effect</skipped></testcase><testcase classname="src.pymortests.grid" file="src/pymortests/grid.py" line="172" name="test_superentities_codim_d_codim_d[&lt;lambda&gt;19]" time="0.0003974437713623047"><skipped message="Suite splitting in effect" type="pytest.skip">src/pymortests/grid.py:172: Suite splitting in effect</skipped></testcase><testcase classname="src.pymortests.grid" file="src/pymortests/grid.py" line="172" name="test_superentities_codim_d_codim_d[&lt;lambda&gt;20]" time="0.0003917217254638672"><skipped message="Suite splitting in effect" type="pytest.skip">src/pymortests/grid.py:172: Suite splitting in effect</skipped></testcase><testcase classname="src.pymortests.grid" file="src/pymortests/grid.py" line="172" name="test_superentities_codim_d_codim_d[&lt;lambda&gt;21]" time="0.0004119873046875"><skipped message="Suite splitting in effect" type="pytest.skip">src/pymortests/grid.py:172: Suite splitting in effect</skipped></testcase><testcase classname="src.pymortests.grid" file="src/pymortests/grid.py" line="172" name="test_superentities_codim_d_codim_d[&lt;lambda&gt;22]" time="0.0004258155822753906"><skipped message="Suite splitting in effect" type="pytest.skip">src/pymortests/grid.py:172: Suite splitting in effect</skipped></testcase><testcase classname="src.pymortests.grid" file="src/pymortests/grid.py" line="172" name="test_superentities_codim_d_codim_d[&lt;lambda&gt;23]" time="0.0006706714630126953"><skipped message="Suite splitting in effect" type="pytest.skip">src/pymortests/grid.py:172: Suite splitting in effect</skipped></testcase><testcase classname="src.pymortests.grid" file="src/pymortests/grid.py" line="172" name="test_superentities_codim_d_codim_d[&lt;lambda&gt;24]" time="0.0003905296325683594"><skipped message="Suite splitting in effect" type="pytest.skip">src/pymortests/grid.py:172: Suite splitting in effect</skipped></testcase><testcase classname="src.pymortests.grid" file="src/pymortests/grid.py" line="172" name="test_superentities_codim_d_codim_d[&lt;lambda&gt;25]" time="0.0003895759582519531"><skipped message="Suite splitting in effect" type="pytest.skip">src/pymortests/grid.py:172: Suite splitting in effect</skipped></testcase><testcase classname="src.pymortests.grid" file="src/pymortests/grid.py" line="172" name="test_superentities_codim_d_codim_d[&lt;lambda&gt;26]" time="0.00041365623474121094"><skipped message="Suite splitting in effect" type="pytest.skip">src/pymortests/grid.py:172: Suite splitting in effect</skipped></testcase><testcase classname="src.pymortests.grid" file="src/pymortests/grid.py" line="172" name="test_superentities_codim_d_codim_d[&lt;lambda&gt;27]" time="0.0004112720489501953"><skipped message="Suite splitting in effect" type="pytest.skip">src/pymortests/grid.py:172: Suite splitting in effect</skipped></testcase><testcase classname="src.pymortests.grid" file="src/pymortests/grid.py" line="172" name="test_superentities_codim_d_codim_d[&lt;lambda&gt;28]" time="0.0004119873046875"><skipped message="Suite splitting in effect" type="pytest.skip">src/pymortests/grid.py:172: Suite splitting in effect</skipped></testcase><testcase classname="src.pymortests.grid" file="src/pymortests/grid.py" line="172" name="test_superentities_codim_d_codim_d[&lt;lambda&gt;29]" time="0.00041484832763671875"><skipped message="Suite splitting in effect" type="pytest.skip">src/pymortests/grid.py:172: Suite splitting in effect</skipped></testcase><testcase classname="src.pymortests.grid" file="src/pymortests/grid.py" line="172" name="test_superentities_codim_d_codim_d[&lt;lambda&gt;30]" time="0.0003941059112548828"><skipped message="Suite splitting in effect" type="pytest.skip">src/pymortests/grid.py:172: Suite splitting in effect</skipped></testcase><testcase classname="src.pymortests.grid" file="src/pymortests/grid.py" line="172" name="test_superentities_codim_d_codim_d[&lt;lambda&gt;31]" time="0.00067901611328125"><skipped message="Suite splitting in effect" type="pytest.skip">src/pymortests/grid.py:172: Suite splitting in effect</skipped></testcase><testcase classname="src.pymortests.grid" file="src/pymortests/grid.py" line="172" name="test_superentities_codim_d_codim_d[&lt;lambda&gt;32]" time="0.0003864765167236328"><skipped message="Suite splitting in effect" type="pytest.skip">src/pymortests/grid.py:172: Suite splitting in effect</skipped></testcase><testcase classname="src.pymortests.grid" file="src/pymortests/grid.py" line="172" name="test_superentities_codim_d_codim_d[&lt;lambda&gt;33]" time="0.0003948211669921875"><skipped message="Suite splitting in effect" type="pytest.skip">src/pymortests/grid.py:172: Suite splitting in effect</skipped></testcase><testcase classname="src.pymortests.grid" file="src/pymortests/grid.py" line="172" name="test_superentities_codim_d_codim_d[&lt;lambda&gt;34]" time="0.0003941059112548828"><skipped message="Suite splitting in effect" type="pytest.skip">src/pymortests/grid.py:172: Suite splitting in effect</skipped></testcase><testcase classname="src.pymortests.grid" file="src/pymortests/grid.py" line="172" name="test_superentities_codim_d_codim_d[&lt;lambda&gt;35]" time="0.000415802001953125"><skipped message="Suite splitting in effect" type="pytest.skip">src/pymortests/grid.py:172: Suite splitting in effect</skipped></testcase><testcase classname="src.pymortests.grid" file="src/pymortests/grid.py" line="172" name="test_superentities_codim_d_codim_d[&lt;lambda&gt;36]" time="0.00042319297790527344"><skipped message="Suite splitting in effect" type="pytest.skip">src/pymortests/grid.py:172: Suite splitting in effect</skipped></testcase><testcase classname="src.pymortests.grid" file="src/pymortests/grid.py" line="172" name="test_superentities_codim_d_codim_d[&lt;lambda&gt;37]" time="0.0004067420959472656"><skipped message="Suite splitting in effect" type="pytest.skip">src/pymortests/grid.py:172: Suite splitting in effect</skipped></testcase><testcase classname="src.pymortests.grid" file="src/pymortests/grid.py" line="172" name="test_superentities_codim_d_codim_d[&lt;lambda&gt;38]" time="0.0003921985626220703"><skipped message="Suite splitting in effect" type="pytest.skip">src/pymortests/grid.py:172: Suite splitting in effect</skipped></testcase><testcase classname="src.pymortests.grid" file="src/pymortests/grid.py" line="172" name="test_superentities_codim_d_codim_d[&lt;lambda&gt;39]" time="0.0006394386291503906"><skipped message="Suite splitting in effect" type="pytest.skip">src/pymortests/grid.py:172: Suite splitting in effect</skipped></testcase><testcase classname="src.pymortests.grid" file="src/pymortests/grid.py" line="172" name="test_superentities_codim_d_codim_d[&lt;lambda&gt;40]" time="0.00044226646423339844"><skipped message="Suite splitting in effect" type="pytest.skip">src/pymortests/grid.py:172: Suite splitting in effect</skipped></testcase><testcase classname="src.pymortests.grid" file="src/pymortests/grid.py" line="172" name="test_superentities_codim_d_codim_d[&lt;lambda&gt;41]" time="0.0003807544708251953"><skipped message="Suite splitting in effect" type="pytest.skip">src/pymortests/grid.py:172: Suite splitting in effect</skipped></testcase><testcase classname="src.pymortests.grid" file="src/pymortests/grid.py" line="172" name="test_superentities_codim_d_codim_d[&lt;lambda&gt;42]" time="0.0004394054412841797"><skipped message="Suite splitting in effect" type="pytest.skip">src/pymortests/grid.py:172: Suite splitting in effect</skipped></testcase><testcase classname="src.pymortests.grid" file="src/pymortests/grid.py" line="179" name="test_superentities_each_entry_superentity[&lt;lambda&gt;0]" time="0.00038933753967285156"><skipped message="Suite splitting in effect" type="pytest.skip">src/pymortests/grid.py:179: Suite splitting in effect</skipped></testcase><testcase classname="src.pymortests.grid" file="src/pymortests/grid.py" line="179" name="test_superentities_each_entry_superentity[&lt;lambda&gt;1]" time="0.0004131793975830078"><skipped message="Suite splitting in effect" type="pytest.skip">src/pymortests/grid.py:179: Suite splitting in effect</skipped></testcase><testcase classname="src.pymortests.grid" file="src/pymortests/grid.py" line="179" name="test_superentities_each_entry_superentity[&lt;lambda&gt;2]" time="0.0004973411560058594"><skipped message="Suite splitting in effect" type="pytest.skip">src/pymortests/grid.py:179: Suite splitting in effect</skipped></testcase><testcase classname="src.pymortests.grid" file="src/pymortests/grid.py" line="179" name="test_superentities_each_entry_superentity[&lt;lambda&gt;3]" time="0.00039577484130859375"><skipped message="Suite splitting in effect" type="pytest.skip">src/pymortests/grid.py:179: Suite splitting in effect</skipped></testcase><testcase classname="src.pymortests.grid" file="src/pymortests/grid.py" line="179" name="test_superentities_each_entry_superentity[&lt;lambda&gt;4]" time="0.0006468296051025391"><skipped message="Suite splitting in effect" type="pytest.skip">src/pymortests/grid.py:179: Suite splitting in effect</skipped></testcase><testcase classname="src.pymortests.grid" file="src/pymortests/grid.py" line="179" name="test_superentities_each_entry_superentity[&lt;lambda&gt;5]" time="0.0004105567932128906"><skipped message="Suite splitting in effect" type="pytest.skip">src/pymortests/grid.py:179: Suite splitting in effect</skipped></testcase><testcase classname="src.pymortests.grid" file="src/pymortests/grid.py" line="179" name="test_superentities_each_entry_superentity[&lt;lambda&gt;6]" time="0.00040531158447265625"><skipped message="Suite splitting in effect" type="pytest.skip">src/pymortests/grid.py:179: Suite splitting in effect</skipped></testcase><testcase classname="src.pymortests.grid" file="src/pymortests/grid.py" line="179" name="test_superentities_each_entry_superentity[&lt;lambda&gt;7]" time="0.0003924369812011719"><skipped message="Suite splitting in effect" type="pytest.skip">src/pymortests/grid.py:179: Suite splitting in effect</skipped></testcase><testcase classname="src.pymortests.grid" file="src/pymortests/grid.py" line="179" name="test_superentities_each_entry_superentity[&lt;lambda&gt;8]" time="0.00039005279541015625"><skipped message="Suite splitting in effect" type="pytest.skip">src/pymortests/grid.py:179: Suite splitting in effect</skipped></testcase><testcase classname="src.pymortests.grid" file="src/pymortests/grid.py" line="179" name="test_superentities_each_entry_superentity[&lt;lambda&gt;9]" time="0.0003952980041503906"><skipped message="Suite splitting in effect" type="pytest.skip">src/pymortests/grid.py:179: Suite splitting in effect</skipped></testcase><testcase classname="src.pymortests.grid" file="src/pymortests/grid.py" line="179" name="test_superentities_each_entry_superentity[&lt;lambda&gt;10]" time="0.00039315223693847656"><skipped message="Suite splitting in effect" type="pytest.skip">src/pymortests/grid.py:179: Suite splitting in effect</skipped></testcase><testcase classname="src.pymortests.grid" file="src/pymortests/grid.py" line="179" name="test_superentities_each_entry_superentity[&lt;lambda&gt;11]" time="0.0004143714904785156"><skipped message="Suite splitting in effect" type="pytest.skip">src/pymortests/grid.py:179: Suite splitting in effect</skipped></testcase><testcase classname="src.pymortests.grid" file="src/pymortests/grid.py" line="179" name="test_superentities_each_entry_superentity[&lt;lambda&gt;12]" time="0.0008256435394287109"><skipped message="Suite splitting in effect" type="pytest.skip">src/pymortests/grid.py:179: Suite splitting in effect</skipped></testcase><testcase classname="src.pymortests.grid" file="src/pymortests/grid.py" line="179" name="test_superentities_each_entry_superentity[&lt;lambda&gt;13]" time="0.0003993511199951172"><skipped message="Suite splitting in effect" type="pytest.skip">src/pymortests/grid.py:179: Suite splitting in effect</skipped></testcase><testcase classname="src.pymortests.grid" file="src/pymortests/grid.py" line="179" name="test_superentities_each_entry_superentity[&lt;lambda&gt;14]" time="0.00041294097900390625"><skipped message="Suite splitting in effect" type="pytest.skip">src/pymortests/grid.py:179: Suite splitting in effect</skipped></testcase><testcase classname="src.pymortests.grid" file="src/pymortests/grid.py" line="179" name="test_superentities_each_entry_superentity[&lt;lambda&gt;15]" time="0.00039076805114746094"><skipped message="Suite splitting in effect" type="pytest.skip">src/pymortests/grid.py:179: Suite splitting in effect</skipped></testcase><testcase classname="src.pymortests.grid" file="src/pymortests/grid.py" line="179" name="test_superentities_each_entry_superentity[&lt;lambda&gt;16]" time="0.0003914833068847656"><skipped message="Suite splitting in effect" type="pytest.skip">src/pymortests/grid.py:179: Suite splitting in effect</skipped></testcase><testcase classname="src.pymortests.grid" file="src/pymortests/grid.py" line="179" name="test_superentities_each_entry_superentity[&lt;lambda&gt;17]" time="0.0004162788391113281"><skipped message="Suite splitting in effect" type="pytest.skip">src/pymortests/grid.py:179: Suite splitting in effect</skipped></testcase><testcase classname="src.pymortests.grid" file="src/pymortests/grid.py" line="179" name="test_superentities_each_entry_superentity[&lt;lambda&gt;18]" time="0.0003936290740966797"><skipped message="Suite splitting in effect" type="pytest.skip">src/pymortests/grid.py:179: Suite splitting in effect</skipped></testcase><testcase classname="src.pymortests.grid" file="src/pymortests/grid.py" line="179" name="test_superentities_each_entry_superentity[&lt;lambda&gt;19]" time="0.0004324913024902344"><skipped message="Suite splitting in effect" type="pytest.skip">src/pymortests/grid.py:179: Suite splitting in effect</skipped></testcase><testcase classname="src.pymortests.grid" file="src/pymortests/grid.py" line="179" name="test_superentities_each_entry_superentity[&lt;lambda&gt;20]" time="0.0006768703460693359"><skipped message="Suite splitting in effect" type="pytest.skip">src/pymortests/grid.py:179: Suite splitting in effect</skipped></testcase><testcase classname="src.pymortests.grid" file="src/pymortests/grid.py" line="179" name="test_superentities_each_entry_superentity[&lt;lambda&gt;21]" time="0.0004131793975830078"><skipped message="Suite splitting in effect" type="pytest.skip">src/pymortests/grid.py:179: Suite splitting in effect</skipped></testcase><testcase classname="src.pymortests.grid" file="src/pymortests/grid.py" line="179" name="test_superentities_each_entry_superentity[&lt;lambda&gt;22]" time="0.00039076805114746094"><skipped message="Suite splitting in effect" type="pytest.skip">src/pymortests/grid.py:179: Suite splitting in effect</skipped></testcase><testcase classname="src.pymortests.grid" file="src/pymortests/grid.py" line="179" name="test_superentities_each_entry_superentity[&lt;lambda&gt;23]" time="0.0004291534423828125"><skipped message="Suite splitting in effect" type="pytest.skip">src/pymortests/grid.py:179: Suite splitting in effect</skipped></testcase><testcase classname="src.pymortests.grid" file="src/pymortests/grid.py" line="179" name="test_superentities_each_entry_superentity[&lt;lambda&gt;24]" time="0.00041556358337402344"><skipped message="Suite splitting in effect" type="pytest.skip">src/pymortests/grid.py:179: Suite splitting in effect</skipped></testcase><testcase classname="src.pymortests.grid" file="src/pymortests/grid.py" line="179" name="test_superentities_each_entry_superentity[&lt;lambda&gt;25]" time="0.00038552284240722656"><skipped message="Suite splitting in effect" type="pytest.skip">src/pymortests/grid.py:179: Suite splitting in effect</skipped></testcase><testcase classname="src.pymortests.grid" file="src/pymortests/grid.py" line="179" name="test_superentities_each_entry_superentity[&lt;lambda&gt;26]" time="0.00039315223693847656"><skipped message="Suite splitting in effect" type="pytest.skip">src/pymortests/grid.py:179: Suite splitting in effect</skipped></testcase><testcase classname="src.pymortests.grid" file="src/pymortests/grid.py" line="179" name="test_superentities_each_entry_superentity[&lt;lambda&gt;27]" time="0.0003943443298339844"><skipped message="Suite splitting in effect" type="pytest.skip">src/pymortests/grid.py:179: Suite splitting in effect</skipped></testcase><testcase classname="src.pymortests.grid" file="src/pymortests/grid.py" line="179" name="test_superentities_each_entry_superentity[&lt;lambda&gt;28]" time="0.0006296634674072266"><skipped message="Suite splitting in effect" type="pytest.skip">src/pymortests/grid.py:179: Suite splitting in effect</skipped></testcase><testcase classname="src.pymortests.grid" file="src/pymortests/grid.py" line="179" name="test_superentities_each_entry_superentity[&lt;lambda&gt;29]" time="0.0003924369812011719"><skipped message="Suite splitting in effect" type="pytest.skip">src/pymortests/grid.py:179: Suite splitting in effect</skipped></testcase><testcase classname="src.pymortests.grid" file="src/pymortests/grid.py" line="179" name="test_superentities_each_entry_superentity[&lt;lambda&gt;30]" time="0.00040340423583984375"><skipped message="Suite splitting in effect" type="pytest.skip">src/pymortests/grid.py:179: Suite splitting in effect</skipped></testcase><testcase classname="src.pymortests.grid" file="src/pymortests/grid.py" line="179" name="test_superentities_each_entry_superentity[&lt;lambda&gt;31]" time="0.0004153251647949219"><skipped message="Suite splitting in effect" type="pytest.skip">src/pymortests/grid.py:179: Suite splitting in effect</skipped></testcase><testcase classname="src.pymortests.grid" file="src/pymortests/grid.py" line="179" name="test_superentities_each_entry_superentity[&lt;lambda&gt;32]" time="0.00041413307189941406"><skipped message="Suite splitting in effect" type="pytest.skip">src/pymortests/grid.py:179: Suite splitting in effect</skipped></testcase><testcase classname="src.pymortests.grid" file="src/pymortests/grid.py" line="179" name="test_superentities_each_entry_superentity[&lt;lambda&gt;33]" time="0.0003840923309326172"><skipped message="Suite splitting in effect" type="pytest.skip">src/pymortests/grid.py:179: Suite splitting in effect</skipped></testcase><testcase classname="src.pymortests.grid" file="src/pymortests/grid.py" line="179" name="test_superentities_each_entry_superentity[&lt;lambda&gt;34]" time="0.0003960132598876953"><skipped message="Suite splitting in effect" type="pytest.skip">src/pymortests/grid.py:179: Suite splitting in effect</skipped></testcase><testcase classname="src.pymortests.grid" file="src/pymortests/grid.py" line="179" name="test_superentities_each_entry_superentity[&lt;lambda&gt;35]" time="0.00040984153747558594"><skipped message="Suite splitting in effect" type="pytest.skip">src/pymortests/grid.py:179: Suite splitting in effect</skipped></testcase><testcase classname="src.pymortests.grid" file="src/pymortests/grid.py" line="179" name="test_superentities_each_entry_superentity[&lt;lambda&gt;36]" time="0.0006871223449707031"><skipped message="Suite splitting in effect" type="pytest.skip">src/pymortests/grid.py:179: Suite splitting in effect</skipped></testcase><testcase classname="src.pymortests.grid" file="src/pymortests/grid.py" line="179" name="test_superentities_each_entry_superentity[&lt;lambda&gt;37]" time="0.0003921985626220703"><skipped message="Suite splitting in effect" type="pytest.skip">src/pymortests/grid.py:179: Suite splitting in effect</skipped></testcase><testcase classname="src.pymortests.grid" file="src/pymortests/grid.py" line="179" name="test_superentities_each_entry_superentity[&lt;lambda&gt;38]" time="0.0003921985626220703"><skipped message="Suite splitting in effect" type="pytest.skip">src/pymortests/grid.py:179: Suite splitting in effect</skipped></testcase><testcase classname="src.pymortests.grid" file="src/pymortests/grid.py" line="179" name="test_superentities_each_entry_superentity[&lt;lambda&gt;39]" time="0.0004062652587890625"><skipped message="Suite splitting in effect" type="pytest.skip">src/pymortests/grid.py:179: Suite splitting in effect</skipped></testcase><testcase classname="src.pymortests.grid" file="src/pymortests/grid.py" line="179" name="test_superentities_each_entry_superentity[&lt;lambda&gt;40]" time="0.0004305839538574219"><skipped message="Suite splitting in effect" type="pytest.skip">src/pymortests/grid.py:179: Suite splitting in effect</skipped></testcase><testcase classname="src.pymortests.grid" file="src/pymortests/grid.py" line="179" name="test_superentities_each_entry_superentity[&lt;lambda&gt;41]" time="0.00041413307189941406"><skipped message="Suite splitting in effect" type="pytest.skip">src/pymortests/grid.py:179: Suite splitting in effect</skipped></testcase><testcase classname="src.pymortests.grid" file="src/pymortests/grid.py" line="179" name="test_superentities_each_entry_superentity[&lt;lambda&gt;42]" time="0.0003974437713623047"><skipped message="Suite splitting in effect" type="pytest.skip">src/pymortests/grid.py:179: Suite splitting in effect</skipped></testcase><testcase classname="src.pymortests.grid" file="src/pymortests/grid.py" line="191" name="test_superentities_each_superentity_has_entry[&lt;lambda&gt;0]" time="0.00041604042053222656"><skipped message="Suite splitting in effect" type="pytest.skip">src/pymortests/grid.py:191: Suite splitting in effect</skipped></testcase><testcase classname="src.pymortests.grid" file="src/pymortests/grid.py" line="191" name="test_superentities_each_superentity_has_entry[&lt;lambda&gt;1]" time="0.0006647109985351562"><skipped message="Suite splitting in effect" type="pytest.skip">src/pymortests/grid.py:191: Suite splitting in effect</skipped></testcase><testcase classname="src.pymortests.grid" file="src/pymortests/grid.py" line="191" name="test_superentities_each_superentity_has_entry[&lt;lambda&gt;2]" time="0.00041747093200683594"><skipped message="Suite splitting in effect" type="pytest.skip">src/pymortests/grid.py:191: Suite splitting in effect</skipped></testcase><testcase classname="src.pymortests.grid" file="src/pymortests/grid.py" line="191" name="test_superentities_each_superentity_has_entry[&lt;lambda&gt;3]" time="0.0004227161407470703"><skipped message="Suite splitting in effect" type="pytest.skip">src/pymortests/grid.py:191: Suite splitting in effect</skipped></testcase><testcase classname="src.pymortests.grid" file="src/pymortests/grid.py" line="191" name="test_superentities_each_superentity_has_entry[&lt;lambda&gt;4]" time="0.00041866302490234375"><skipped message="Suite splitting in effect" type="pytest.skip">src/pymortests/grid.py:191: Suite splitting in effect</skipped></testcase><testcase classname="src.pymortests.grid" file="src/pymortests/grid.py" line="191" name="test_superentities_each_superentity_has_entry[&lt;lambda&gt;5]" time="0.0003910064697265625"><skipped message="Suite splitting in effect" type="pytest.skip">src/pymortests/grid.py:191: Suite splitting in effect</skipped></testcase><testcase classname="src.pymortests.grid" file="src/pymortests/grid.py" line="191" name="test_superentities_each_superentity_has_entry[&lt;lambda&gt;6]" time="0.0004096031188964844"><skipped message="Suite splitting in effect" type="pytest.skip">src/pymortests/grid.py:191: Suite splitting in effect</skipped></testcase><testcase classname="src.pymortests.grid" file="src/pymortests/grid.py" line="191" name="test_superentities_each_superentity_has_entry[&lt;lambda&gt;7]" time="0.00039649009704589844"><skipped message="Suite splitting in effect" type="pytest.skip">src/pymortests/grid.py:191: Suite splitting in effect</skipped></testcase><testcase classname="src.pymortests.grid" file="src/pymortests/grid.py" line="191" name="test_superentities_each_superentity_has_entry[&lt;lambda&gt;8]" time="0.00042176246643066406"><skipped message="Suite splitting in effect" type="pytest.skip">src/pymortests/grid.py:191: Suite splitting in effect</skipped></testcase><testcase classname="src.pymortests.grid" file="src/pymortests/grid.py" line="191" name="test_superentities_each_superentity_has_entry[&lt;lambda&gt;9]" time="0.0006346702575683594"><skipped message="Suite splitting in effect" type="pytest.skip">src/pymortests/grid.py:191: Suite splitting in effect</skipped></testcase><testcase classname="src.pymortests.grid" file="src/pymortests/grid.py" line="191" name="test_superentities_each_superentity_has_entry[&lt;lambda&gt;10]" time="0.0003876686096191406"><skipped message="Suite splitting in effect" type="pytest.skip">src/pymortests/grid.py:191: Suite splitting in effect</skipped></testcase><testcase classname="src.pymortests.grid" file="src/pymortests/grid.py" line="191" name="test_superentities_each_superentity_has_entry[&lt;lambda&gt;11]" time="0.0004146099090576172"><skipped message="Suite splitting in effect" type="pytest.skip">src/pymortests/grid.py:191: Suite splitting in effect</skipped></testcase><testcase classname="src.pymortests.grid" file="src/pymortests/grid.py" line="191" name="test_superentities_each_superentity_has_entry[&lt;lambda&gt;12]" time="0.0004165172576904297"><skipped message="Suite splitting in effect" type="pytest.skip">src/pymortests/grid.py:191: Suite splitting in effect</skipped></testcase><testcase classname="src.pymortests.grid" file="src/pymortests/grid.py" line="191" name="test_superentities_each_superentity_has_entry[&lt;lambda&gt;13]" time="0.00041794776916503906"><skipped message="Suite splitting in effect" type="pytest.skip">src/pymortests/grid.py:191: Suite splitting in effect</skipped></testcase><testcase classname="src.pymortests.grid" file="src/pymortests/grid.py" line="191" name="test_superentities_each_superentity_has_entry[&lt;lambda&gt;14]" time="0.00039577484130859375"><skipped message="Suite splitting in effect" type="pytest.skip">src/pymortests/grid.py:191: Suite splitting in effect</skipped></testcase><testcase classname="src.pymortests.grid" file="src/pymortests/grid.py" line="191" name="test_superentities_each_superentity_has_entry[&lt;lambda&gt;15]" time="0.0003943443298339844"><skipped message="Suite splitting in effect" type="pytest.skip">src/pymortests/grid.py:191: Suite splitting in effect</skipped></testcase><testcase classname="src.pymortests.grid" file="src/pymortests/grid.py" line="191" name="test_superentities_each_superentity_has_entry[&lt;lambda&gt;16]" time="0.0003876686096191406"><skipped message="Suite splitting in effect" type="pytest.skip">src/pymortests/grid.py:191: Suite splitting in effect</skipped></testcase><testcase classname="src.pymortests.grid" file="src/pymortests/grid.py" line="191" name="test_superentities_each_superentity_has_entry[&lt;lambda&gt;17]" time="0.0007064342498779297"><skipped message="Suite splitting in effect" type="pytest.skip">src/pymortests/grid.py:191: Suite splitting in effect</skipped></testcase><testcase classname="src.pymortests.grid" file="src/pymortests/grid.py" line="191" name="test_superentities_each_superentity_has_entry[&lt;lambda&gt;18]" time="0.00040912628173828125"><skipped message="Suite splitting in effect" type="pytest.skip">src/pymortests/grid.py:191: Suite splitting in effect</skipped></testcase><testcase classname="src.pymortests.grid" file="src/pymortests/grid.py" line="191" name="test_superentities_each_superentity_has_entry[&lt;lambda&gt;19]" time="0.00040721893310546875"><skipped message="Suite splitting in effect" type="pytest.skip">src/pymortests/grid.py:191: Suite splitting in effect</skipped></testcase><testcase classname="src.pymortests.grid" file="src/pymortests/grid.py" line="191" name="test_superentities_each_superentity_has_entry[&lt;lambda&gt;20]" time="0.00040221214294433594"><skipped message="Suite splitting in effect" type="pytest.skip">src/pymortests/grid.py:191: Suite splitting in effect</skipped></testcase><testcase classname="src.pymortests.grid" file="src/pymortests/grid.py" line="191" name="test_superentities_each_superentity_has_entry[&lt;lambda&gt;21]" time="0.00042724609375"><skipped message="Suite splitting in effect" type="pytest.skip">src/pymortests/grid.py:191: Suite splitting in effect</skipped></testcase><testcase classname="src.pymortests.grid" file="src/pymortests/grid.py" line="191" name="test_superentities_each_superentity_has_entry[&lt;lambda&gt;22]" time="0.00042319297790527344"><skipped message="Suite splitting in effect" type="pytest.skip">src/pymortests/grid.py:191: Suite splitting in effect</skipped></testcase><testcase classname="src.pymortests.grid" file="src/pymortests/grid.py" line="191" name="test_superentities_each_superentity_has_entry[&lt;lambda&gt;23]" time="0.00046181678771972656"><skipped message="Suite splitting in effect" type="pytest.skip">src/pymortests/grid.py:191: Suite splitting in effect</skipped></testcase><testcase classname="src.pymortests.grid" file="src/pymortests/grid.py" line="191" name="test_superentities_each_superentity_has_entry[&lt;lambda&gt;24]" time="0.000438690185546875"><skipped message="Suite splitting in effect" type="pytest.skip">src/pymortests/grid.py:191: Suite splitting in effect</skipped></testcase><testcase classname="src.pymortests.grid" file="src/pymortests/grid.py" line="191" name="test_superentities_each_superentity_has_entry[&lt;lambda&gt;25]" time="0.0006933212280273438"><skipped message="Suite splitting in effect" type="pytest.skip">src/pymortests/grid.py:191: Suite splitting in effect</skipped></testcase><testcase classname="src.pymortests.grid" file="src/pymortests/grid.py" line="191" name="test_superentities_each_superentity_has_entry[&lt;lambda&gt;26]" time="0.00039649009704589844"><skipped message="Suite splitting in effect" type="pytest.skip">src/pymortests/grid.py:191: Suite splitting in effect</skipped></testcase><testcase classname="src.pymortests.grid" file="src/pymortests/grid.py" line="191" name="test_superentities_each_superentity_has_entry[&lt;lambda&gt;27]" time="0.0004055500030517578"><skipped message="Suite splitting in effect" type="pytest.skip">src/pymortests/grid.py:191: Suite splitting in effect</skipped></testcase><testcase classname="src.pymortests.grid" file="src/pymortests/grid.py" line="191" name="test_superentities_each_superentity_has_entry[&lt;lambda&gt;28]" time="0.0004048347473144531"><skipped message="Suite splitting in effect" type="pytest.skip">src/pymortests/grid.py:191: Suite splitting in effect</skipped></testcase><testcase classname="src.pymortests.grid" file="src/pymortests/grid.py" line="191" name="test_superentities_each_superentity_has_entry[&lt;lambda&gt;29]" time="0.0003974437713623047"><skipped message="Suite splitting in effect" type="pytest.skip">src/pymortests/grid.py:191: Suite splitting in effect</skipped></testcase><testcase classname="src.pymortests.grid" file="src/pymortests/grid.py" line="191" name="test_superentities_each_superentity_has_entry[&lt;lambda&gt;30]" time="0.0004165172576904297"><skipped message="Suite splitting in effect" type="pytest.skip">src/pymortests/grid.py:191: Suite splitting in effect</skipped></testcase><testcase classname="src.pymortests.grid" file="src/pymortests/grid.py" line="191" name="test_superentities_each_superentity_has_entry[&lt;lambda&gt;31]" time="0.0003905296325683594"><skipped message="Suite splitting in effect" type="pytest.skip">src/pymortests/grid.py:191: Suite splitting in effect</skipped></testcase><testcase classname="src.pymortests.grid" file="src/pymortests/grid.py" line="191" name="test_superentities_each_superentity_has_entry[&lt;lambda&gt;32]" time="0.0004241466522216797"><skipped message="Suite splitting in effect" type="pytest.skip">src/pymortests/grid.py:191: Suite splitting in effect</skipped></testcase><testcase classname="src.pymortests.grid" file="src/pymortests/grid.py" line="191" name="test_superentities_each_superentity_has_entry[&lt;lambda&gt;33]" time="0.0007138252258300781"><skipped message="Suite splitting in effect" type="pytest.skip">src/pymortests/grid.py:191: Suite splitting in effect</skipped></testcase><testcase classname="src.pymortests.grid" file="src/pymortests/grid.py" line="191" name="test_superentities_each_superentity_has_entry[&lt;lambda&gt;34]" time="0.0003848075866699219"><skipped message="Suite splitting in effect" type="pytest.skip">src/pymortests/grid.py:191: Suite splitting in effect</skipped></testcase><testcase classname="src.pymortests.grid" file="src/pymortests/grid.py" line="191" name="test_superentities_each_superentity_has_entry[&lt;lambda&gt;35]" time="0.0004107952117919922"><skipped message="Suite splitting in effect" type="pytest.skip">src/pymortests/grid.py:191: Suite splitting in effect</skipped></testcase><testcase classname="src.pymortests.grid" file="src/pymortests/grid.py" line="191" name="test_superentities_each_superentity_has_entry[&lt;lambda&gt;36]" time="0.00041222572326660156"><skipped message="Suite splitting in effect" type="pytest.skip">src/pymortests/grid.py:191: Suite splitting in effect</skipped></testcase><testcase classname="src.pymortests.grid" file="src/pymortests/grid.py" line="191" name="test_superentities_each_superentity_has_entry[&lt;lambda&gt;37]" time="0.0003821849822998047"><skipped message="Suite splitting in effect" type="pytest.skip">src/pymortests/grid.py:191: Suite splitting in effect</skipped></testcase><testcase classname="src.pymortests.grid" file="src/pymortests/grid.py" line="191" name="test_superentities_each_superentity_has_entry[&lt;lambda&gt;38]" time="0.0004162788391113281"><skipped message="Suite splitting in effect" type="pytest.skip">src/pymortests/grid.py:191: Suite splitting in effect</skipped></testcase><testcase classname="src.pymortests.grid" file="src/pymortests/grid.py" line="191" name="test_superentities_each_superentity_has_entry[&lt;lambda&gt;39]" time="0.00039005279541015625"><skipped message="Suite splitting in effect" type="pytest.skip">src/pymortests/grid.py:191: Suite splitting in effect</skipped></testcase><testcase classname="src.pymortests.grid" file="src/pymortests/grid.py" line="191" name="test_superentities_each_superentity_has_entry[&lt;lambda&gt;40]" time="0.00038909912109375"><skipped message="Suite splitting in effect" type="pytest.skip">src/pymortests/grid.py:191: Suite splitting in effect</skipped></testcase><testcase classname="src.pymortests.grid" file="src/pymortests/grid.py" line="191" name="test_superentities_each_superentity_has_entry[&lt;lambda&gt;41]" time="0.0006580352783203125"><skipped message="Suite splitting in effect" type="pytest.skip">src/pymortests/grid.py:191: Suite splitting in effect</skipped></testcase><testcase classname="src.pymortests.grid" file="src/pymortests/grid.py" line="191" name="test_superentities_each_superentity_has_entry[&lt;lambda&gt;42]" time="0.00040793418884277344"><skipped message="Suite splitting in effect" type="pytest.skip">src/pymortests/grid.py:191: Suite splitting in effect</skipped></testcase><testcase classname="src.pymortests.grid" file="src/pymortests/grid.py" line="203" name="test_superentity_indices_wrong_arguments[&lt;lambda&gt;0]" time="0.0003814697265625"><skipped message="Suite splitting in effect" type="pytest.skip">src/pymortests/grid.py:203: Suite splitting in effect</skipped></testcase><testcase classname="src.pymortests.grid" file="src/pymortests/grid.py" line="203" name="test_superentity_indices_wrong_arguments[&lt;lambda&gt;1]" time="0.0003871917724609375"><skipped message="Suite splitting in effect" type="pytest.skip">src/pymortests/grid.py:203: Suite splitting in effect</skipped></testcase><testcase classname="src.pymortests.grid" file="src/pymortests/grid.py" line="203" name="test_superentity_indices_wrong_arguments[&lt;lambda&gt;2]" time="0.00038933753967285156"><skipped message="Suite splitting in effect" type="pytest.skip">src/pymortests/grid.py:203: Suite splitting in effect</skipped></testcase><testcase classname="src.pymortests.grid" file="src/pymortests/grid.py" line="203" name="test_superentity_indices_wrong_arguments[&lt;lambda&gt;3]" time="0.00041937828063964844"><skipped message="Suite splitting in effect" type="pytest.skip">src/pymortests/grid.py:203: Suite splitting in effect</skipped></testcase><testcase classname="src.pymortests.grid" file="src/pymortests/grid.py" line="203" name="test_superentity_indices_wrong_arguments[&lt;lambda&gt;4]" time="0.0004265308380126953"><skipped message="Suite splitting in effect" type="pytest.skip">src/pymortests/grid.py:203: Suite splitting in effect</skipped></testcase><testcase classname="src.pymortests.grid" file="src/pymortests/grid.py" line="203" name="test_superentity_indices_wrong_arguments[&lt;lambda&gt;5]" time="0.0003993511199951172"><skipped message="Suite splitting in effect" type="pytest.skip">src/pymortests/grid.py:203: Suite splitting in effect</skipped></testcase><testcase classname="src.pymortests.grid" file="src/pymortests/grid.py" line="203" name="test_superentity_indices_wrong_arguments[&lt;lambda&gt;6]" time="0.0006363391876220703"><skipped message="Suite splitting in effect" type="pytest.skip">src/pymortests/grid.py:203: Suite splitting in effect</skipped></testcase><testcase classname="src.pymortests.grid" file="src/pymortests/grid.py" line="203" name="test_superentity_indices_wrong_arguments[&lt;lambda&gt;7]" time="0.00041103363037109375"><skipped message="Suite splitting in effect" type="pytest.skip">src/pymortests/grid.py:203: Suite splitting in effect</skipped></testcase><testcase classname="src.pymortests.grid" file="src/pymortests/grid.py" line="203" name="test_superentity_indices_wrong_arguments[&lt;lambda&gt;8]" time="0.0004119873046875"><skipped message="Suite splitting in effect" type="pytest.skip">src/pymortests/grid.py:203: Suite splitting in effect</skipped></testcase><testcase classname="src.pymortests.grid" file="src/pymortests/grid.py" line="203" name="test_superentity_indices_wrong_arguments[&lt;lambda&gt;9]" time="0.0003952980041503906"><skipped message="Suite splitting in effect" type="pytest.skip">src/pymortests/grid.py:203: Suite splitting in effect</skipped></testcase><testcase classname="src.pymortests.grid" file="src/pymortests/grid.py" line="203" name="test_superentity_indices_wrong_arguments[&lt;lambda&gt;10]" time="0.00042557716369628906"><skipped message="Suite splitting in effect" type="pytest.skip">src/pymortests/grid.py:203: Suite splitting in effect</skipped></testcase><testcase classname="src.pymortests.grid" file="src/pymortests/grid.py" line="203" name="test_superentity_indices_wrong_arguments[&lt;lambda&gt;11]" time="0.0003879070281982422"><skipped message="Suite splitting in effect" type="pytest.skip">src/pymortests/grid.py:203: Suite splitting in effect</skipped></testcase><testcase classname="src.pymortests.grid" file="src/pymortests/grid.py" line="203" name="test_superentity_indices_wrong_arguments[&lt;lambda&gt;12]" time="0.00038886070251464844"><skipped message="Suite splitting in effect" type="pytest.skip">src/pymortests/grid.py:203: Suite splitting in effect</skipped></testcase><testcase classname="src.pymortests.grid" file="src/pymortests/grid.py" line="203" name="test_superentity_indices_wrong_arguments[&lt;lambda&gt;13]" time="0.0004177093505859375"><skipped message="Suite splitting in effect" type="pytest.skip">src/pymortests/grid.py:203: Suite splitting in effect</skipped></testcase><testcase classname="src.pymortests.grid" file="src/pymortests/grid.py" line="203" name="test_superentity_indices_wrong_arguments[&lt;lambda&gt;14]" time="0.0006554126739501953"><skipped message="Suite splitting in effect" type="pytest.skip">src/pymortests/grid.py:203: Suite splitting in effect</skipped></testcase><testcase classname="src.pymortests.grid" file="src/pymortests/grid.py" line="203" name="test_superentity_indices_wrong_arguments[&lt;lambda&gt;15]" time="0.0003864765167236328"><skipped message="Suite splitting in effect" type="pytest.skip">src/pymortests/grid.py:203: Suite splitting in effect</skipped></testcase><testcase classname="src.pymortests.grid" file="src/pymortests/grid.py" line="203" name="test_superentity_indices_wrong_arguments[&lt;lambda&gt;16]" time="0.0004165172576904297"><skipped message="Suite splitting in effect" type="pytest.skip">src/pymortests/grid.py:203: Suite splitting in effect</skipped></testcase><testcase classname="src.pymortests.grid" file="src/pymortests/grid.py" line="203" name="test_superentity_indices_wrong_arguments[&lt;lambda&gt;17]" time="0.0004119873046875"><skipped message="Suite splitting in effect" type="pytest.skip">src/pymortests/grid.py:203: Suite splitting in effect</skipped></testcase><testcase classname="src.pymortests.grid" file="src/pymortests/grid.py" line="203" name="test_superentity_indices_wrong_arguments[&lt;lambda&gt;18]" time="0.00039505958557128906"><skipped message="Suite splitting in effect" type="pytest.skip">src/pymortests/grid.py:203: Suite splitting in effect</skipped></testcase><testcase classname="src.pymortests.grid" file="src/pymortests/grid.py" line="203" name="test_superentity_indices_wrong_arguments[&lt;lambda&gt;19]" time="0.0003902912139892578"><skipped message="Suite splitting in effect" type="pytest.skip">src/pymortests/grid.py:203: Suite splitting in effect</skipped></testcase><testcase classname="src.pymortests.grid" file="src/pymortests/grid.py" line="203" name="test_superentity_indices_wrong_arguments[&lt;lambda&gt;20]" time="0.00040149688720703125"><skipped message="Suite splitting in effect" type="pytest.skip">src/pymortests/grid.py:203: Suite splitting in effect</skipped></testcase><testcase classname="src.pymortests.grid" file="src/pymortests/grid.py" line="203" name="test_superentity_indices_wrong_arguments[&lt;lambda&gt;21]" time="0.00041365623474121094"><skipped message="Suite splitting in effect" type="pytest.skip">src/pymortests/grid.py:203: Suite splitting in effect</skipped></testcase><testcase classname="src.pymortests.grid" file="src/pymortests/grid.py" line="203" name="test_superentity_indices_wrong_arguments[&lt;lambda&gt;22]" time="0.0007898807525634766"><skipped message="Suite splitting in effect" type="pytest.skip">src/pymortests/grid.py:203: Suite splitting in effect</skipped></testcase><testcase classname="src.pymortests.grid" file="src/pymortests/grid.py" line="203" name="test_superentity_indices_wrong_arguments[&lt;lambda&gt;23]" time="0.0004584789276123047"><skipped message="Suite splitting in effect" type="pytest.skip">src/pymortests/grid.py:203: Suite splitting in effect</skipped></testcase><testcase classname="src.pymortests.grid" file="src/pymortests/grid.py" line="203" name="test_superentity_indices_wrong_arguments[&lt;lambda&gt;24]" time="0.00039005279541015625"><skipped message="Suite splitting in effect" type="pytest.skip">src/pymortests/grid.py:203: Suite splitting in effect</skipped></testcase><testcase classname="src.pymortests.grid" file="src/pymortests/grid.py" line="203" name="test_superentity_indices_wrong_arguments[&lt;lambda&gt;25]" time="0.00039196014404296875"><skipped message="Suite splitting in effect" type="pytest.skip">src/pymortests/grid.py:203: Suite splitting in effect</skipped></testcase><testcase classname="src.pymortests.grid" file="src/pymortests/grid.py" line="203" name="test_superentity_indices_wrong_arguments[&lt;lambda&gt;26]" time="0.0004184246063232422"><skipped message="Suite splitting in effect" type="pytest.skip">src/pymortests/grid.py:203: Suite splitting in effect</skipped></testcase><testcase classname="src.pymortests.grid" file="src/pymortests/grid.py" line="203" name="test_superentity_indices_wrong_arguments[&lt;lambda&gt;27]" time="0.00041985511779785156"><skipped message="Suite splitting in effect" type="pytest.skip">src/pymortests/grid.py:203: Suite splitting in effect</skipped></testcase><testcase classname="src.pymortests.grid" file="src/pymortests/grid.py" line="203" name="test_superentity_indices_wrong_arguments[&lt;lambda&gt;28]" time="0.0004124641418457031"><skipped message="Suite splitting in effect" type="pytest.skip">src/pymortests/grid.py:203: Suite splitting in effect</skipped></testcase><testcase classname="src.pymortests.grid" file="src/pymortests/grid.py" line="203" name="test_superentity_indices_wrong_arguments[&lt;lambda&gt;29]" time="0.00038695335388183594"><skipped message="Suite splitting in effect" type="pytest.skip">src/pymortests/grid.py:203: Suite splitting in effect</skipped></testcase><testcase classname="src.pymortests.grid" file="src/pymortests/grid.py" line="203" name="test_superentity_indices_wrong_arguments[&lt;lambda&gt;30]" time="0.0006711483001708984"><skipped message="Suite splitting in effect" type="pytest.skip">src/pymortests/grid.py:203: Suite splitting in effect</skipped></testcase><testcase classname="src.pymortests.grid" file="src/pymortests/grid.py" line="203" name="test_superentity_indices_wrong_arguments[&lt;lambda&gt;31]" time="0.0003924369812011719"><skipped message="Suite splitting in effect" type="pytest.skip">src/pymortests/grid.py:203: Suite splitting in effect</skipped></testcase><testcase classname="src.pymortests.grid" file="src/pymortests/grid.py" line="203" name="test_superentity_indices_wrong_arguments[&lt;lambda&gt;32]" time="0.0004093647003173828"><skipped message="Suite splitting in effect" type="pytest.skip">src/pymortests/grid.py:203: Suite splitting in effect</skipped></testcase><testcase classname="src.pymortests.grid" file="src/pymortests/grid.py" line="203" name="test_superentity_indices_wrong_arguments[&lt;lambda&gt;33]" time="0.000396728515625"><skipped message="Suite splitting in effect" type="pytest.skip">src/pymortests/grid.py:203: Suite splitting in effect</skipped></testcase><testcase classname="src.pymortests.grid" file="src/pymortests/grid.py" line="203" name="test_superentity_indices_wrong_arguments[&lt;lambda&gt;34]" time="0.0003960132598876953"><skipped message="Suite splitting in effect" type="pytest.skip">src/pymortests/grid.py:203: Suite splitting in effect</skipped></testcase><testcase classname="src.pymortests.grid" file="src/pymortests/grid.py" line="203" name="test_superentity_indices_wrong_arguments[&lt;lambda&gt;35]" time="0.00042700767517089844"><skipped message="Suite splitting in effect" type="pytest.skip">src/pymortests/grid.py:203: Suite splitting in effect</skipped></testcase><testcase classname="src.pymortests.grid" file="src/pymortests/grid.py" line="203" name="test_superentity_indices_wrong_arguments[&lt;lambda&gt;36]" time="0.00041365623474121094"><skipped message="Suite splitting in effect" type="pytest.skip">src/pymortests/grid.py:203: Suite splitting in effect</skipped></testcase><testcase classname="src.pymortests.grid" file="src/pymortests/grid.py" line="203" name="test_superentity_indices_wrong_arguments[&lt;lambda&gt;37]" time="0.0004127025604248047"><skipped message="Suite splitting in effect" type="pytest.skip">src/pymortests/grid.py:203: Suite splitting in effect</skipped></testcase><testcase classname="src.pymortests.grid" file="src/pymortests/grid.py" line="203" name="test_superentity_indices_wrong_arguments[&lt;lambda&gt;38]" time="0.0007021427154541016"><skipped message="Suite splitting in effect" type="pytest.skip">src/pymortests/grid.py:203: Suite splitting in effect</skipped></testcase><testcase classname="src.pymortests.grid" file="src/pymortests/grid.py" line="203" name="test_superentity_indices_wrong_arguments[&lt;lambda&gt;39]" time="0.0004127025604248047"><skipped message="Suite splitting in effect" type="pytest.skip">src/pymortests/grid.py:203: Suite splitting in effect</skipped></testcase><testcase classname="src.pymortests.grid" file="src/pymortests/grid.py" line="203" name="test_superentity_indices_wrong_arguments[&lt;lambda&gt;40]" time="0.00041985511779785156"><skipped message="Suite splitting in effect" type="pytest.skip">src/pymortests/grid.py:203: Suite splitting in effect</skipped></testcase><testcase classname="src.pymortests.grid" file="src/pymortests/grid.py" line="203" name="test_superentity_indices_wrong_arguments[&lt;lambda&gt;41]" time="0.0004258155822753906"><skipped message="Suite splitting in effect" type="pytest.skip">src/pymortests/grid.py:203: Suite splitting in effect</skipped></testcase><testcase classname="src.pymortests.grid" file="src/pymortests/grid.py" line="203" name="test_superentity_indices_wrong_arguments[&lt;lambda&gt;42]" time="0.00040650367736816406"><skipped message="Suite splitting in effect" type="pytest.skip">src/pymortests/grid.py:203: Suite splitting in effect</skipped></testcase><testcase classname="src.pymortests.grid" file="src/pymortests/grid.py" line="218" name="test_superentity_indices_shape[&lt;lambda&gt;0]" time="0.00041604042053222656"><skipped message="Suite splitting in effect" type="pytest.skip">src/pymortests/grid.py:218: Suite splitting in effect</skipped></testcase><testcase classname="src.pymortests.grid" file="src/pymortests/grid.py" line="218" name="test_superentity_indices_shape[&lt;lambda&gt;1]" time="0.000415802001953125"><skipped message="Suite splitting in effect" type="pytest.skip">src/pymortests/grid.py:218: Suite splitting in effect</skipped></testcase><testcase classname="src.pymortests.grid" file="src/pymortests/grid.py" line="218" name="test_superentity_indices_shape[&lt;lambda&gt;2]" time="0.00039505958557128906"><skipped message="Suite splitting in effect" type="pytest.skip">src/pymortests/grid.py:218: Suite splitting in effect</skipped></testcase><testcase classname="src.pymortests.grid" file="src/pymortests/grid.py" line="218" name="test_superentity_indices_shape[&lt;lambda&gt;3]" time="0.0007309913635253906"><skipped message="Suite splitting in effect" type="pytest.skip">src/pymortests/grid.py:218: Suite splitting in effect</skipped></testcase><testcase classname="src.pymortests.grid" file="src/pymortests/grid.py" line="218" name="test_superentity_indices_shape[&lt;lambda&gt;4]" time="0.0004885196685791016"><skipped message="Suite splitting in effect" type="pytest.skip">src/pymortests/grid.py:218: Suite splitting in effect</skipped></testcase><testcase classname="src.pymortests.grid" file="src/pymortests/grid.py" line="218" name="test_superentity_indices_shape[&lt;lambda&gt;5]" time="0.00039315223693847656"><skipped message="Suite splitting in effect" type="pytest.skip">src/pymortests/grid.py:218: Suite splitting in effect</skipped></testcase><testcase classname="src.pymortests.grid" file="src/pymortests/grid.py" line="218" name="test_superentity_indices_shape[&lt;lambda&gt;6]" time="0.00041794776916503906"><skipped message="Suite splitting in effect" type="pytest.skip">src/pymortests/grid.py:218: Suite splitting in effect</skipped></testcase><testcase classname="src.pymortests.grid" file="src/pymortests/grid.py" line="218" name="test_superentity_indices_shape[&lt;lambda&gt;7]" time="0.0004143714904785156"><skipped message="Suite splitting in effect" type="pytest.skip">src/pymortests/grid.py:218: Suite splitting in effect</skipped></testcase><testcase classname="src.pymortests.grid" file="src/pymortests/grid.py" line="218" name="test_superentity_indices_shape[&lt;lambda&gt;8]" time="0.00038886070251464844"><skipped message="Suite splitting in effect" type="pytest.skip">src/pymortests/grid.py:218: Suite splitting in effect</skipped></testcase><testcase classname="src.pymortests.grid" file="src/pymortests/grid.py" line="218" name="test_superentity_indices_shape[&lt;lambda&gt;9]" time="0.0004105567932128906"><skipped message="Suite splitting in effect" type="pytest.skip">src/pymortests/grid.py:218: Suite splitting in effect</skipped></testcase><testcase classname="src.pymortests.grid" file="src/pymortests/grid.py" line="218" name="test_superentity_indices_shape[&lt;lambda&gt;10]" time="0.0023679733276367188"><skipped message="Suite splitting in effect" type="pytest.skip">src/pymortests/grid.py:218: Suite splitting in effect</skipped></testcase><testcase classname="src.pymortests.grid" file="src/pymortests/grid.py" line="218" name="test_superentity_indices_shape[&lt;lambda&gt;11]" time="0.0007014274597167969"><skipped message="Suite splitting in effect" type="pytest.skip">src/pymortests/grid.py:218: Suite splitting in effect</skipped></testcase><testcase classname="src.pymortests.grid" file="src/pymortests/grid.py" line="218" name="test_superentity_indices_shape[&lt;lambda&gt;12]" time="0.0004208087921142578"><skipped message="Suite splitting in effect" type="pytest.skip">src/pymortests/grid.py:218: Suite splitting in effect</skipped></testcase><testcase classname="src.pymortests.grid" file="src/pymortests/grid.py" line="218" name="test_superentity_indices_shape[&lt;lambda&gt;13]" time="0.0003914833068847656"><skipped message="Suite splitting in effect" type="pytest.skip">src/pymortests/grid.py:218: Suite splitting in effect</skipped></testcase><testcase classname="src.pymortests.grid" file="src/pymortests/grid.py" line="218" name="test_superentity_indices_shape[&lt;lambda&gt;14]" time="0.0004029273986816406"><skipped message="Suite splitting in effect" type="pytest.skip">src/pymortests/grid.py:218: Suite splitting in effect</skipped></testcase><testcase classname="src.pymortests.grid" file="src/pymortests/grid.py" line="218" name="test_superentity_indices_shape[&lt;lambda&gt;15]" time="0.00039696693420410156"><skipped message="Suite splitting in effect" type="pytest.skip">src/pymortests/grid.py:218: Suite splitting in effect</skipped></testcase><testcase classname="src.pymortests.grid" file="src/pymortests/grid.py" line="218" name="test_superentity_indices_shape[&lt;lambda&gt;16]" time="0.0004215240478515625"><skipped message="Suite splitting in effect" type="pytest.skip">src/pymortests/grid.py:218: Suite splitting in effect</skipped></testcase><testcase classname="src.pymortests.grid" file="src/pymortests/grid.py" line="218" name="test_superentity_indices_shape[&lt;lambda&gt;17]" time="0.00041937828063964844"><skipped message="Suite splitting in effect" type="pytest.skip">src/pymortests/grid.py:218: Suite splitting in effect</skipped></testcase><testcase classname="src.pymortests.grid" file="src/pymortests/grid.py" line="218" name="test_superentity_indices_shape[&lt;lambda&gt;18]" time="0.0003952980041503906"><skipped message="Suite splitting in effect" type="pytest.skip">src/pymortests/grid.py:218: Suite splitting in effect</skipped></testcase><testcase classname="src.pymortests.grid" file="src/pymortests/grid.py" line="218" name="test_superentity_indices_shape[&lt;lambda&gt;19]" time="0.0006487369537353516"><skipped message="Suite splitting in effect" type="pytest.skip">src/pymortests/grid.py:218: Suite splitting in effect</skipped></testcase><testcase classname="src.pymortests.grid" file="src/pymortests/grid.py" line="218" name="test_superentity_indices_shape[&lt;lambda&gt;20]" time="0.00043392181396484375"><skipped message="Suite splitting in effect" type="pytest.skip">src/pymortests/grid.py:218: Suite splitting in effect</skipped></testcase><testcase classname="src.pymortests.grid" file="src/pymortests/grid.py" line="218" name="test_superentity_indices_shape[&lt;lambda&gt;21]" time="0.0004169940948486328"><skipped message="Suite splitting in effect" type="pytest.skip">src/pymortests/grid.py:218: Suite splitting in effect</skipped></testcase><testcase classname="src.pymortests.grid" file="src/pymortests/grid.py" line="218" name="test_superentity_indices_shape[&lt;lambda&gt;22]" time="0.0004146099090576172"><skipped message="Suite splitting in effect" type="pytest.skip">src/pymortests/grid.py:218: Suite splitting in effect</skipped></testcase><testcase classname="src.pymortests.grid" file="src/pymortests/grid.py" line="218" name="test_superentity_indices_shape[&lt;lambda&gt;23]" time="0.00038933753967285156"><skipped message="Suite splitting in effect" type="pytest.skip">src/pymortests/grid.py:218: Suite splitting in effect</skipped></testcase><testcase classname="src.pymortests.grid" file="src/pymortests/grid.py" line="218" name="test_superentity_indices_shape[&lt;lambda&gt;24]" time="0.0003974437713623047"><skipped message="Suite splitting in effect" type="pytest.skip">src/pymortests/grid.py:218: Suite splitting in effect</skipped></testcase><testcase classname="src.pymortests.grid" file="src/pymortests/grid.py" line="218" name="test_superentity_indices_shape[&lt;lambda&gt;25]" time="0.0003898143768310547"><skipped message="Suite splitting in effect" type="pytest.skip">src/pymortests/grid.py:218: Suite splitting in effect</skipped></testcase><testcase classname="src.pymortests.grid" file="src/pymortests/grid.py" line="218" name="test_superentity_indices_shape[&lt;lambda&gt;26]" time="0.0003974437713623047"><skipped message="Suite splitting in effect" type="pytest.skip">src/pymortests/grid.py:218: Suite splitting in effect</skipped></testcase><testcase classname="src.pymortests.grid" file="src/pymortests/grid.py" line="218" name="test_superentity_indices_shape[&lt;lambda&gt;27]" time="0.0006916522979736328"><skipped message="Suite splitting in effect" type="pytest.skip">src/pymortests/grid.py:218: Suite splitting in effect</skipped></testcase><testcase classname="src.pymortests.grid" file="src/pymortests/grid.py" line="218" name="test_superentity_indices_shape[&lt;lambda&gt;28]" time="0.0003921985626220703"><skipped message="Suite splitting in effect" type="pytest.skip">src/pymortests/grid.py:218: Suite splitting in effect</skipped></testcase><testcase classname="src.pymortests.grid" file="src/pymortests/grid.py" line="218" name="test_superentity_indices_shape[&lt;lambda&gt;29]" time="0.0003917217254638672"><skipped message="Suite splitting in effect" type="pytest.skip">src/pymortests/grid.py:218: Suite splitting in effect</skipped></testcase><testcase classname="src.pymortests.grid" file="src/pymortests/grid.py" line="218" name="test_superentity_indices_shape[&lt;lambda&gt;30]" time="0.00039076805114746094"><skipped message="Suite splitting in effect" type="pytest.skip">src/pymortests/grid.py:218: Suite splitting in effect</skipped></testcase><testcase classname="src.pymortests.grid" file="src/pymortests/grid.py" line="218" name="test_superentity_indices_shape[&lt;lambda&gt;31]" time="0.0004146099090576172"><skipped message="Suite splitting in effect" type="pytest.skip">src/pymortests/grid.py:218: Suite splitting in effect</skipped></testcase><testcase classname="src.pymortests.grid" file="src/pymortests/grid.py" line="218" name="test_superentity_indices_shape[&lt;lambda&gt;32]" time="0.0004107952117919922"><skipped message="Suite splitting in effect" type="pytest.skip">src/pymortests/grid.py:218: Suite splitting in effect</skipped></testcase><testcase classname="src.pymortests.grid" file="src/pymortests/grid.py" line="218" name="test_superentity_indices_shape[&lt;lambda&gt;33]" time="0.0004296302795410156"><skipped message="Suite splitting in effect" type="pytest.skip">src/pymortests/grid.py:218: Suite splitting in effect</skipped></testcase><testcase classname="src.pymortests.grid" file="src/pymortests/grid.py" line="218" name="test_superentity_indices_shape[&lt;lambda&gt;34]" time="0.0004069805145263672"><skipped message="Suite splitting in effect" type="pytest.skip">src/pymortests/grid.py:218: Suite splitting in effect</skipped></testcase><testcase classname="src.pymortests.grid" file="src/pymortests/grid.py" line="218" name="test_superentity_indices_shape[&lt;lambda&gt;35]" time="0.0006413459777832031"><skipped message="Suite splitting in effect" type="pytest.skip">src/pymortests/grid.py:218: Suite splitting in effect</skipped></testcase><testcase classname="src.pymortests.grid" file="src/pymortests/grid.py" line="218" name="test_superentity_indices_shape[&lt;lambda&gt;36]" time="0.0004515647888183594"><skipped message="Suite splitting in effect" type="pytest.skip">src/pymortests/grid.py:218: Suite splitting in effect</skipped></testcase><testcase classname="src.pymortests.grid" file="src/pymortests/grid.py" line="218" name="test_superentity_indices_shape[&lt;lambda&gt;37]" time="0.0003845691680908203"><skipped message="Suite splitting in effect" type="pytest.skip">src/pymortests/grid.py:218: Suite splitting in effect</skipped></testcase><testcase classname="src.pymortests.grid" file="src/pymortests/grid.py" line="218" name="test_superentity_indices_shape[&lt;lambda&gt;38]" time="0.00038814544677734375"><skipped message="Suite splitting in effect" type="pytest.skip">src/pymortests/grid.py:218: Suite splitting in effect</skipped></testcase><testcase classname="src.pymortests.grid" file="src/pymortests/grid.py" line="218" name="test_superentity_indices_shape[&lt;lambda&gt;39]" time="0.0004124641418457031"><skipped message="Suite splitting in effect" type="pytest.skip">src/pymortests/grid.py:218: Suite splitting in effect</skipped></testcase><testcase classname="src.pymortests.grid" file="src/pymortests/grid.py" line="218" name="test_superentity_indices_shape[&lt;lambda&gt;40]" time="0.0004208087921142578"><skipped message="Suite splitting in effect" type="pytest.skip">src/pymortests/grid.py:218: Suite splitting in effect</skipped></testcase><testcase classname="src.pymortests.grid" file="src/pymortests/grid.py" line="218" name="test_superentity_indices_shape[&lt;lambda&gt;41]" time="0.000408172607421875"><skipped message="Suite splitting in effect" type="pytest.skip">src/pymortests/grid.py:218: Suite splitting in effect</skipped></testcase><testcase classname="src.pymortests.grid" file="src/pymortests/grid.py" line="218" name="test_superentity_indices_shape[&lt;lambda&gt;42]" time="0.0003895759582519531"><skipped message="Suite splitting in effect" type="pytest.skip">src/pymortests/grid.py:218: Suite splitting in effect</skipped></testcase><testcase classname="src.pymortests.grid" file="src/pymortests/grid.py" line="225" name="test_superentity_indices_dtype[&lt;lambda&gt;0]" time="0.0006463527679443359"><skipped message="Suite splitting in effect" type="pytest.skip">src/pymortests/grid.py:225: Suite splitting in effect</skipped></testcase><testcase classname="src.pymortests.grid" file="src/pymortests/grid.py" line="225" name="test_superentity_indices_dtype[&lt;lambda&gt;1]" time="0.00041556358337402344"><skipped message="Suite splitting in effect" type="pytest.skip">src/pymortests/grid.py:225: Suite splitting in effect</skipped></testcase><testcase classname="src.pymortests.grid" file="src/pymortests/grid.py" line="225" name="test_superentity_indices_dtype[&lt;lambda&gt;2]" time="0.0004258155822753906"><skipped message="Suite splitting in effect" type="pytest.skip">src/pymortests/grid.py:225: Suite splitting in effect</skipped></testcase><testcase classname="src.pymortests.grid" file="src/pymortests/grid.py" line="225" name="test_superentity_indices_dtype[&lt;lambda&gt;3]" time="0.0003991127014160156"><skipped message="Suite splitting in effect" type="pytest.skip">src/pymortests/grid.py:225: Suite splitting in effect</skipped></testcase><testcase classname="src.pymortests.grid" file="src/pymortests/grid.py" line="225" name="test_superentity_indices_dtype[&lt;lambda&gt;4]" time="0.00045561790466308594"><skipped message="Suite splitting in effect" type="pytest.skip">src/pymortests/grid.py:225: Suite splitting in effect</skipped></testcase><testcase classname="src.pymortests.grid" file="src/pymortests/grid.py" line="225" name="test_superentity_indices_dtype[&lt;lambda&gt;5]" time="0.00038433074951171875"><skipped message="Suite splitting in effect" type="pytest.skip">src/pymortests/grid.py:225: Suite splitting in effect</skipped></testcase><testcase classname="src.pymortests.grid" file="src/pymortests/grid.py" line="225" name="test_superentity_indices_dtype[&lt;lambda&gt;6]" time="0.0003917217254638672"><skipped message="Suite splitting in effect" type="pytest.skip">src/pymortests/grid.py:225: Suite splitting in effect</skipped></testcase><testcase classname="src.pymortests.grid" file="src/pymortests/grid.py" line="225" name="test_superentity_indices_dtype[&lt;lambda&gt;7]" time="0.0004105567932128906"><skipped message="Suite splitting in effect" type="pytest.skip">src/pymortests/grid.py:225: Suite splitting in effect</skipped></testcase><testcase classname="src.pymortests.grid" file="src/pymortests/grid.py" line="225" name="test_superentity_indices_dtype[&lt;lambda&gt;8]" time="0.0007069110870361328"><skipped message="Suite splitting in effect" type="pytest.skip">src/pymortests/grid.py:225: Suite splitting in effect</skipped></testcase><testcase classname="src.pymortests.grid" file="src/pymortests/grid.py" line="225" name="test_superentity_indices_dtype[&lt;lambda&gt;9]" time="0.00041174888610839844"><skipped message="Suite splitting in effect" type="pytest.skip">src/pymortests/grid.py:225: Suite splitting in effect</skipped></testcase><testcase classname="src.pymortests.grid" file="src/pymortests/grid.py" line="225" name="test_superentity_indices_dtype[&lt;lambda&gt;10]" time="0.0004222393035888672"><skipped message="Suite splitting in effect" type="pytest.skip">src/pymortests/grid.py:225: Suite splitting in effect</skipped></testcase><testcase classname="src.pymortests.grid" file="src/pymortests/grid.py" line="225" name="test_superentity_indices_dtype[&lt;lambda&gt;11]" time="0.0004050731658935547"><skipped message="Suite splitting in effect" type="pytest.skip">src/pymortests/grid.py:225: Suite splitting in effect</skipped></testcase><testcase classname="src.pymortests.grid" file="src/pymortests/grid.py" line="225" name="test_superentity_indices_dtype[&lt;lambda&gt;12]" time="0.0004184246063232422"><skipped message="Suite splitting in effect" type="pytest.skip">src/pymortests/grid.py:225: Suite splitting in effect</skipped></testcase><testcase classname="src.pymortests.grid" file="src/pymortests/grid.py" line="225" name="test_superentity_indices_dtype[&lt;lambda&gt;13]" time="0.0003917217254638672"><skipped message="Suite splitting in effect" type="pytest.skip">src/pymortests/grid.py:225: Suite splitting in effect</skipped></testcase><testcase classname="src.pymortests.grid" file="src/pymortests/grid.py" line="225" name="test_superentity_indices_dtype[&lt;lambda&gt;14]" time="0.00042176246643066406"><skipped message="Suite splitting in effect" type="pytest.skip">src/pymortests/grid.py:225: Suite splitting in effect</skipped></testcase><testcase classname="src.pymortests.grid" file="src/pymortests/grid.py" line="225" name="test_superentity_indices_dtype[&lt;lambda&gt;15]" time="0.0004172325134277344"><skipped message="Suite splitting in effect" type="pytest.skip">src/pymortests/grid.py:225: Suite splitting in effect</skipped></testcase><testcase classname="src.pymortests.grid" file="src/pymortests/grid.py" line="225" name="test_superentity_indices_dtype[&lt;lambda&gt;16]" time="0.0006771087646484375"><skipped message="Suite splitting in effect" type="pytest.skip">src/pymortests/grid.py:225: Suite splitting in effect</skipped></testcase><testcase classname="src.pymortests.grid" file="src/pymortests/grid.py" line="225" name="test_superentity_indices_dtype[&lt;lambda&gt;17]" time="0.0004143714904785156"><skipped message="Suite splitting in effect" type="pytest.skip">src/pymortests/grid.py:225: Suite splitting in effect</skipped></testcase><testcase classname="src.pymortests.grid" file="src/pymortests/grid.py" line="225" name="test_superentity_indices_dtype[&lt;lambda&gt;18]" time="0.00041556358337402344"><skipped message="Suite splitting in effect" type="pytest.skip">src/pymortests/grid.py:225: Suite splitting in effect</skipped></testcase><testcase classname="src.pymortests.grid" file="src/pymortests/grid.py" line="225" name="test_superentity_indices_dtype[&lt;lambda&gt;19]" time="0.0004112720489501953"><skipped message="Suite splitting in effect" type="pytest.skip">src/pymortests/grid.py:225: Suite splitting in effect</skipped></testcase><testcase classname="src.pymortests.grid" file="src/pymortests/grid.py" line="225" name="test_superentity_indices_dtype[&lt;lambda&gt;20]" time="0.0004119873046875"><skipped message="Suite splitting in effect" type="pytest.skip">src/pymortests/grid.py:225: Suite splitting in effect</skipped></testcase><testcase classname="src.pymortests.grid" file="src/pymortests/grid.py" line="225" name="test_superentity_indices_dtype[&lt;lambda&gt;21]" time="0.0003914833068847656"><skipped message="Suite splitting in effect" type="pytest.skip">src/pymortests/grid.py:225: Suite splitting in effect</skipped></testcase><testcase classname="src.pymortests.grid" file="src/pymortests/grid.py" line="225" name="test_superentity_indices_dtype[&lt;lambda&gt;22]" time="0.0003845691680908203"><skipped message="Suite splitting in effect" type="pytest.skip">src/pymortests/grid.py:225: Suite splitting in effect</skipped></testcase><testcase classname="src.pymortests.grid" file="src/pymortests/grid.py" line="225" name="test_superentity_indices_dtype[&lt;lambda&gt;23]" time="0.00041365623474121094"><skipped message="Suite splitting in effect" type="pytest.skip">src/pymortests/grid.py:225: Suite splitting in effect</skipped></testcase><testcase classname="src.pymortests.grid" file="src/pymortests/grid.py" line="225" name="test_superentity_indices_dtype[&lt;lambda&gt;24]" time="0.0006501674652099609"><skipped message="Suite splitting in effect" type="pytest.skip">src/pymortests/grid.py:225: Suite splitting in effect</skipped></testcase><testcase classname="src.pymortests.grid" file="src/pymortests/grid.py" line="225" name="test_superentity_indices_dtype[&lt;lambda&gt;25]" time="0.0003948211669921875"><skipped message="Suite splitting in effect" type="pytest.skip">src/pymortests/grid.py:225: Suite splitting in effect</skipped></testcase><testcase classname="src.pymortests.grid" file="src/pymortests/grid.py" line="225" name="test_superentity_indices_dtype[&lt;lambda&gt;26]" time="0.00038814544677734375"><skipped message="Suite splitting in effect" type="pytest.skip">src/pymortests/grid.py:225: Suite splitting in effect</skipped></testcase><testcase classname="src.pymortests.grid" file="src/pymortests/grid.py" line="225" name="test_superentity_indices_dtype[&lt;lambda&gt;27]" time="0.0003948211669921875"><skipped message="Suite splitting in effect" type="pytest.skip">src/pymortests/grid.py:225: Suite splitting in effect</skipped></testcase><testcase classname="src.pymortests.grid" file="src/pymortests/grid.py" line="225" name="test_superentity_indices_dtype[&lt;lambda&gt;28]" time="0.0003941059112548828"><skipped message="Suite splitting in effect" type="pytest.skip">src/pymortests/grid.py:225: Suite splitting in effect</skipped></testcase><testcase classname="src.pymortests.grid" file="src/pymortests/grid.py" line="225" name="test_superentity_indices_dtype[&lt;lambda&gt;29]" time="0.0004181861877441406"><skipped message="Suite splitting in effect" type="pytest.skip">src/pymortests/grid.py:225: Suite splitting in effect</skipped></testcase><testcase classname="src.pymortests.grid" file="src/pymortests/grid.py" line="225" name="test_superentity_indices_dtype[&lt;lambda&gt;30]" time="0.0004177093505859375"><skipped message="Suite splitting in effect" type="pytest.skip">src/pymortests/grid.py:225: Suite splitting in effect</skipped></testcase><testcase classname="src.pymortests.grid" file="src/pymortests/grid.py" line="225" name="test_superentity_indices_dtype[&lt;lambda&gt;31]" time="0.0003981590270996094"><skipped message="Suite splitting in effect" type="pytest.skip">src/pymortests/grid.py:225: Suite splitting in effect</skipped></testcase><testcase classname="src.pymortests.grid" file="src/pymortests/grid.py" line="225" name="test_superentity_indices_dtype[&lt;lambda&gt;32]" time="0.0008339881896972656"><skipped message="Suite splitting in effect" type="pytest.skip">src/pymortests/grid.py:225: Suite splitting in effect</skipped></testcase><testcase classname="src.pymortests.grid" file="src/pymortests/grid.py" line="225" name="test_superentity_indices_dtype[&lt;lambda&gt;33]" time="0.00039196014404296875"><skipped message="Suite splitting in effect" type="pytest.skip">src/pymortests/grid.py:225: Suite splitting in effect</skipped></testcase><testcase classname="src.pymortests.grid" file="src/pymortests/grid.py" line="225" name="test_superentity_indices_dtype[&lt;lambda&gt;34]" time="0.00038933753967285156"><skipped message="Suite splitting in effect" type="pytest.skip">src/pymortests/grid.py:225: Suite splitting in effect</skipped></testcase><testcase classname="src.pymortests.grid" file="src/pymortests/grid.py" line="225" name="test_superentity_indices_dtype[&lt;lambda&gt;35]" time="0.0004127025604248047"><skipped message="Suite splitting in effect" type="pytest.skip">src/pymortests/grid.py:225: Suite splitting in effect</skipped></testcase><testcase classname="src.pymortests.grid" file="src/pymortests/grid.py" line="225" name="test_superentity_indices_dtype[&lt;lambda&gt;36]" time="0.00041413307189941406"><skipped message="Suite splitting in effect" type="pytest.skip">src/pymortests/grid.py:225: Suite splitting in effect</skipped></testcase><testcase classname="src.pymortests.grid" file="src/pymortests/grid.py" line="225" name="test_superentity_indices_dtype[&lt;lambda&gt;37]" time="0.0003864765167236328"><skipped message="Suite splitting in effect" type="pytest.skip">src/pymortests/grid.py:225: Suite splitting in effect</skipped></testcase><testcase classname="src.pymortests.grid" file="src/pymortests/grid.py" line="225" name="test_superentity_indices_dtype[&lt;lambda&gt;38]" time="0.00039124488830566406"><skipped message="Suite splitting in effect" type="pytest.skip">src/pymortests/grid.py:225: Suite splitting in effect</skipped></testcase><testcase classname="src.pymortests.grid" file="src/pymortests/grid.py" line="225" name="test_superentity_indices_dtype[&lt;lambda&gt;39]" time="0.0003905296325683594"><skipped message="Suite splitting in effect" type="pytest.skip">src/pymortests/grid.py:225: Suite splitting in effect</skipped></testcase><testcase classname="src.pymortests.grid" file="src/pymortests/grid.py" line="225" name="test_superentity_indices_dtype[&lt;lambda&gt;40]" time="0.0006570816040039062"><skipped message="Suite splitting in effect" type="pytest.skip">src/pymortests/grid.py:225: Suite splitting in effect</skipped></testcase><testcase classname="src.pymortests.grid" file="src/pymortests/grid.py" line="225" name="test_superentity_indices_dtype[&lt;lambda&gt;41]" time="0.00038695335388183594"><skipped message="Suite splitting in effect" type="pytest.skip">src/pymortests/grid.py:225: Suite splitting in effect</skipped></testcase><testcase classname="src.pymortests.grid" file="src/pymortests/grid.py" line="225" name="test_superentity_indices_dtype[&lt;lambda&gt;42]" time="0.0004153251647949219"><skipped message="Suite splitting in effect" type="pytest.skip">src/pymortests/grid.py:225: Suite splitting in effect</skipped></testcase><testcase classname="src.pymortests.grid" file="src/pymortests/grid.py" line="232" name="test_superentity_indices_valid_entries[&lt;lambda&gt;0]" time="0.0004172325134277344"><skipped message="Suite splitting in effect" type="pytest.skip">src/pymortests/grid.py:232: Suite splitting in effect</skipped></testcase><testcase classname="src.pymortests.grid" file="src/pymortests/grid.py" line="232" name="test_superentity_indices_valid_entries[&lt;lambda&gt;1]" time="0.00038695335388183594"><skipped message="Suite splitting in effect" type="pytest.skip">src/pymortests/grid.py:232: Suite splitting in effect</skipped></testcase><testcase classname="src.pymortests.grid" file="src/pymortests/grid.py" line="232" name="test_superentity_indices_valid_entries[&lt;lambda&gt;2]" time="0.00040531158447265625"><skipped message="Suite splitting in effect" type="pytest.skip">src/pymortests/grid.py:232: Suite splitting in effect</skipped></testcase><testcase classname="src.pymortests.grid" file="src/pymortests/grid.py" line="232" name="test_superentity_indices_valid_entries[&lt;lambda&gt;3]" time="0.0003840923309326172"><skipped message="Suite splitting in effect" type="pytest.skip">src/pymortests/grid.py:232: Suite splitting in effect</skipped></testcase><testcase classname="src.pymortests.grid" file="src/pymortests/grid.py" line="232" name="test_superentity_indices_valid_entries[&lt;lambda&gt;4]" time="0.0003952980041503906"><skipped message="Suite splitting in effect" type="pytest.skip">src/pymortests/grid.py:232: Suite splitting in effect</skipped></testcase><testcase classname="src.pymortests.grid" file="src/pymortests/grid.py" line="232" name="test_superentity_indices_valid_entries[&lt;lambda&gt;5]" time="0.0006554126739501953"><skipped message="Suite splitting in effect" type="pytest.skip">src/pymortests/grid.py:232: Suite splitting in effect</skipped></testcase><testcase classname="src.pymortests.grid" file="src/pymortests/grid.py" line="232" name="test_superentity_indices_valid_entries[&lt;lambda&gt;6]" time="0.0004146099090576172"><skipped message="Suite splitting in effect" type="pytest.skip">src/pymortests/grid.py:232: Suite splitting in effect</skipped></testcase><testcase classname="src.pymortests.grid" file="src/pymortests/grid.py" line="232" name="test_superentity_indices_valid_entries[&lt;lambda&gt;7]" time="0.0004062652587890625"><skipped message="Suite splitting in effect" type="pytest.skip">src/pymortests/grid.py:232: Suite splitting in effect</skipped></testcase><testcase classname="src.pymortests.grid" file="src/pymortests/grid.py" line="232" name="test_superentity_indices_valid_entries[&lt;lambda&gt;8]" time="0.00039196014404296875"><skipped message="Suite splitting in effect" type="pytest.skip">src/pymortests/grid.py:232: Suite splitting in effect</skipped></testcase><testcase classname="src.pymortests.grid" file="src/pymortests/grid.py" line="232" name="test_superentity_indices_valid_entries[&lt;lambda&gt;9]" time="0.00039005279541015625"><skipped message="Suite splitting in effect" type="pytest.skip">src/pymortests/grid.py:232: Suite splitting in effect</skipped></testcase><testcase classname="src.pymortests.grid" file="src/pymortests/grid.py" line="232" name="test_superentity_indices_valid_entries[&lt;lambda&gt;10]" time="0.00043702125549316406"><skipped message="Suite splitting in effect" type="pytest.skip">src/pymortests/grid.py:232: Suite splitting in effect</skipped></testcase><testcase classname="src.pymortests.grid" file="src/pymortests/grid.py" line="232" name="test_superentity_indices_valid_entries[&lt;lambda&gt;11]" time="0.00042128562927246094"><skipped message="Suite splitting in effect" type="pytest.skip">src/pymortests/grid.py:232: Suite splitting in effect</skipped></testcase><testcase classname="src.pymortests.grid" file="src/pymortests/grid.py" line="232" name="test_superentity_indices_valid_entries[&lt;lambda&gt;12]" time="0.0004353523254394531"><skipped message="Suite splitting in effect" type="pytest.skip">src/pymortests/grid.py:232: Suite splitting in effect</skipped></testcase><testcase classname="src.pymortests.grid" file="src/pymortests/grid.py" line="232" name="test_superentity_indices_valid_entries[&lt;lambda&gt;13]" time="0.0009613037109375"><skipped message="Suite splitting in effect" type="pytest.skip">src/pymortests/grid.py:232: Suite splitting in effect</skipped></testcase><testcase classname="src.pymortests.grid" file="src/pymortests/grid.py" line="232" name="test_superentity_indices_valid_entries[&lt;lambda&gt;14]" time="0.0004107952117919922"><skipped message="Suite splitting in effect" type="pytest.skip">src/pymortests/grid.py:232: Suite splitting in effect</skipped></testcase><testcase classname="src.pymortests.grid" file="src/pymortests/grid.py" line="232" name="test_superentity_indices_valid_entries[&lt;lambda&gt;15]" time="0.0004057884216308594"><skipped message="Suite splitting in effect" type="pytest.skip">src/pymortests/grid.py:232: Suite splitting in effect</skipped></testcase><testcase classname="src.pymortests.grid" file="src/pymortests/grid.py" line="232" name="test_superentity_indices_valid_entries[&lt;lambda&gt;16]" time="0.0003845691680908203"><skipped message="Suite splitting in effect" type="pytest.skip">src/pymortests/grid.py:232: Suite splitting in effect</skipped></testcase><testcase classname="src.pymortests.grid" file="src/pymortests/grid.py" line="232" name="test_superentity_indices_valid_entries[&lt;lambda&gt;17]" time="0.0004665851593017578"><skipped message="Suite splitting in effect" type="pytest.skip">src/pymortests/grid.py:232: Suite splitting in effect</skipped></testcase><testcase classname="src.pymortests.grid" file="src/pymortests/grid.py" line="232" name="test_superentity_indices_valid_entries[&lt;lambda&gt;18]" time="0.000415802001953125"><skipped message="Suite splitting in effect" type="pytest.skip">src/pymortests/grid.py:232: Suite splitting in effect</skipped></testcase><testcase classname="src.pymortests.grid" file="src/pymortests/grid.py" line="232" name="test_superentity_indices_valid_entries[&lt;lambda&gt;19]" time="0.0003864765167236328"><skipped message="Suite splitting in effect" type="pytest.skip">src/pymortests/grid.py:232: Suite splitting in effect</skipped></testcase><testcase classname="src.pymortests.grid" file="src/pymortests/grid.py" line="232" name="test_superentity_indices_valid_entries[&lt;lambda&gt;20]" time="0.00043511390686035156"><skipped message="Suite splitting in effect" type="pytest.skip">src/pymortests/grid.py:232: Suite splitting in effect</skipped></testcase><testcase classname="src.pymortests.grid" file="src/pymortests/grid.py" line="232" name="test_superentity_indices_valid_entries[&lt;lambda&gt;21]" time="0.0006263256072998047"><skipped message="Suite splitting in effect" type="pytest.skip">src/pymortests/grid.py:232: Suite splitting in effect</skipped></testcase><testcase classname="src.pymortests.grid" file="src/pymortests/grid.py" line="232" name="test_superentity_indices_valid_entries[&lt;lambda&gt;22]" time="0.000392913818359375"><skipped message="Suite splitting in effect" type="pytest.skip">src/pymortests/grid.py:232: Suite splitting in effect</skipped></testcase><testcase classname="src.pymortests.grid" file="src/pymortests/grid.py" line="232" name="test_superentity_indices_valid_entries[&lt;lambda&gt;23]" time="0.00039267539978027344"><skipped message="Suite splitting in effect" type="pytest.skip">src/pymortests/grid.py:232: Suite splitting in effect</skipped></testcase><testcase classname="src.pymortests.grid" file="src/pymortests/grid.py" line="232" name="test_superentity_indices_valid_entries[&lt;lambda&gt;24]" time="0.0004391670227050781"><skipped message="Suite splitting in effect" type="pytest.skip">src/pymortests/grid.py:232: Suite splitting in effect</skipped></testcase><testcase classname="src.pymortests.grid" file="src/pymortests/grid.py" line="232" name="test_superentity_indices_valid_entries[&lt;lambda&gt;25]" time="0.0004143714904785156"><skipped message="Suite splitting in effect" type="pytest.skip">src/pymortests/grid.py:232: Suite splitting in effect</skipped></testcase><testcase classname="src.pymortests.grid" file="src/pymortests/grid.py" line="232" name="test_superentity_indices_valid_entries[&lt;lambda&gt;26]" time="0.0004227161407470703"><skipped message="Suite splitting in effect" type="pytest.skip">src/pymortests/grid.py:232: Suite splitting in effect</skipped></testcase><testcase classname="src.pymortests.grid" file="src/pymortests/grid.py" line="232" name="test_superentity_indices_valid_entries[&lt;lambda&gt;27]" time="0.00039196014404296875"><skipped message="Suite splitting in effect" type="pytest.skip">src/pymortests/grid.py:232: Suite splitting in effect</skipped></testcase><testcase classname="src.pymortests.grid" file="src/pymortests/grid.py" line="232" name="test_superentity_indices_valid_entries[&lt;lambda&gt;28]" time="0.0003879070281982422"><skipped message="Suite splitting in effect" type="pytest.skip">src/pymortests/grid.py:232: Suite splitting in effect</skipped></testcase><testcase classname="src.pymortests.grid" file="src/pymortests/grid.py" line="232" name="test_superentity_indices_valid_entries[&lt;lambda&gt;29]" time="0.0006926059722900391"><skipped message="Suite splitting in effect" type="pytest.skip">src/pymortests/grid.py:232: Suite splitting in effect</skipped></testcase><testcase classname="src.pymortests.grid" file="src/pymortests/grid.py" line="232" name="test_superentity_indices_valid_entries[&lt;lambda&gt;30]" time="0.00038433074951171875"><skipped message="Suite splitting in effect" type="pytest.skip">src/pymortests/grid.py:232: Suite splitting in effect</skipped></testcase><testcase classname="src.pymortests.grid" file="src/pymortests/grid.py" line="232" name="test_superentity_indices_valid_entries[&lt;lambda&gt;31]" time="0.00042724609375"><skipped message="Suite splitting in effect" type="pytest.skip">src/pymortests/grid.py:232: Suite splitting in effect</skipped></testcase><testcase classname="src.pymortests.grid" file="src/pymortests/grid.py" line="232" name="test_superentity_indices_valid_entries[&lt;lambda&gt;32]" time="0.00039076805114746094"><skipped message="Suite splitting in effect" type="pytest.skip">src/pymortests/grid.py:232: Suite splitting in effect</skipped></testcase><testcase classname="src.pymortests.grid" file="src/pymortests/grid.py" line="232" name="test_superentity_indices_valid_entries[&lt;lambda&gt;33]" time="0.00042319297790527344"><skipped message="Suite splitting in effect" type="pytest.skip">src/pymortests/grid.py:232: Suite splitting in effect</skipped></testcase><testcase classname="src.pymortests.grid" file="src/pymortests/grid.py" line="232" name="test_superentity_indices_valid_entries[&lt;lambda&gt;34]" time="0.00041484832763671875"><skipped message="Suite splitting in effect" type="pytest.skip">src/pymortests/grid.py:232: Suite splitting in effect</skipped></testcase><testcase classname="src.pymortests.grid" file="src/pymortests/grid.py" line="232" name="test_superentity_indices_valid_entries[&lt;lambda&gt;35]" time="0.0003917217254638672"><skipped message="Suite splitting in effect" type="pytest.skip">src/pymortests/grid.py:232: Suite splitting in effect</skipped></testcase><testcase classname="src.pymortests.grid" file="src/pymortests/grid.py" line="232" name="test_superentity_indices_valid_entries[&lt;lambda&gt;36]" time="0.0004055500030517578"><skipped message="Suite splitting in effect" type="pytest.skip">src/pymortests/grid.py:232: Suite splitting in effect</skipped></testcase><testcase classname="src.pymortests.grid" file="src/pymortests/grid.py" line="232" name="test_superentity_indices_valid_entries[&lt;lambda&gt;37]" time="0.0006570816040039062"><skipped message="Suite splitting in effect" type="pytest.skip">src/pymortests/grid.py:232: Suite splitting in effect</skipped></testcase><testcase classname="src.pymortests.grid" file="src/pymortests/grid.py" line="232" name="test_superentity_indices_valid_entries[&lt;lambda&gt;38]" time="0.00041413307189941406"><skipped message="Suite splitting in effect" type="pytest.skip">src/pymortests/grid.py:232: Suite splitting in effect</skipped></testcase><testcase classname="src.pymortests.grid" file="src/pymortests/grid.py" line="232" name="test_superentity_indices_valid_entries[&lt;lambda&gt;39]" time="0.00038552284240722656"><skipped message="Suite splitting in effect" type="pytest.skip">src/pymortests/grid.py:232: Suite splitting in effect</skipped></testcase><testcase classname="src.pymortests.grid" file="src/pymortests/grid.py" line="232" name="test_superentity_indices_valid_entries[&lt;lambda&gt;40]" time="0.00038814544677734375"><skipped message="Suite splitting in effect" type="pytest.skip">src/pymortests/grid.py:232: Suite splitting in effect</skipped></testcase><testcase classname="src.pymortests.grid" file="src/pymortests/grid.py" line="232" name="test_superentity_indices_valid_entries[&lt;lambda&gt;41]" time="0.00038909912109375"><skipped message="Suite splitting in effect" type="pytest.skip">src/pymortests/grid.py:232: Suite splitting in effect</skipped></testcase><testcase classname="src.pymortests.grid" file="src/pymortests/grid.py" line="232" name="test_superentity_indices_valid_entries[&lt;lambda&gt;42]" time="0.0004191398620605469"><skipped message="Suite splitting in effect" type="pytest.skip">src/pymortests/grid.py:232: Suite splitting in effect</skipped></testcase><testcase classname="src.pymortests.grid" file="src/pymortests/grid.py" line="244" name="test_neighbours_wrong_arguments[&lt;lambda&gt;0]" time="0.0004291534423828125"><skipped message="Suite splitting in effect" type="pytest.skip">src/pymortests/grid.py:244: Suite splitting in effect</skipped></testcase><testcase classname="src.pymortests.grid" file="src/pymortests/grid.py" line="244" name="test_neighbours_wrong_arguments[&lt;lambda&gt;1]" time="0.00038242340087890625"><skipped message="Suite splitting in effect" type="pytest.skip">src/pymortests/grid.py:244: Suite splitting in effect</skipped></testcase><testcase classname="src.pymortests.grid" file="src/pymortests/grid.py" line="244" name="test_neighbours_wrong_arguments[&lt;lambda&gt;2]" time="0.0007638931274414062"><skipped message="Suite splitting in effect" type="pytest.skip">src/pymortests/grid.py:244: Suite splitting in effect</skipped></testcase><testcase classname="src.pymortests.grid" file="src/pymortests/grid.py" line="244" name="test_neighbours_wrong_arguments[&lt;lambda&gt;3]" time="0.000415802001953125"><skipped message="Suite splitting in effect" type="pytest.skip">src/pymortests/grid.py:244: Suite splitting in effect</skipped></testcase><testcase classname="src.pymortests.grid" file="src/pymortests/grid.py" line="244" name="test_neighbours_wrong_arguments[&lt;lambda&gt;4]" time="0.000408172607421875"><skipped message="Suite splitting in effect" type="pytest.skip">src/pymortests/grid.py:244: Suite splitting in effect</skipped></testcase><testcase classname="src.pymortests.grid" file="src/pymortests/grid.py" line="244" name="test_neighbours_wrong_arguments[&lt;lambda&gt;5]" time="0.00039386749267578125"><skipped message="Suite splitting in effect" type="pytest.skip">src/pymortests/grid.py:244: Suite splitting in effect</skipped></testcase><testcase classname="src.pymortests.grid" file="src/pymortests/grid.py" line="244" name="test_neighbours_wrong_arguments[&lt;lambda&gt;6]" time="0.0004057884216308594"><skipped message="Suite splitting in effect" type="pytest.skip">src/pymortests/grid.py:244: Suite splitting in effect</skipped></testcase><testcase classname="src.pymortests.grid" file="src/pymortests/grid.py" line="244" name="test_neighbours_wrong_arguments[&lt;lambda&gt;7]" time="0.0003924369812011719"><skipped message="Suite splitting in effect" type="pytest.skip">src/pymortests/grid.py:244: Suite splitting in effect</skipped></testcase><testcase classname="src.pymortests.grid" file="src/pymortests/grid.py" line="244" name="test_neighbours_wrong_arguments[&lt;lambda&gt;8]" time="0.00041103363037109375"><skipped message="Suite splitting in effect" type="pytest.skip">src/pymortests/grid.py:244: Suite splitting in effect</skipped></testcase><testcase classname="src.pymortests.grid" file="src/pymortests/grid.py" line="244" name="test_neighbours_wrong_arguments[&lt;lambda&gt;9]" time="0.0004239082336425781"><skipped message="Suite splitting in effect" type="pytest.skip">src/pymortests/grid.py:244: Suite splitting in effect</skipped></testcase><testcase classname="src.pymortests.grid" file="src/pymortests/grid.py" line="244" name="test_neighbours_wrong_arguments[&lt;lambda&gt;10]" time="0.0006535053253173828"><skipped message="Suite splitting in effect" type="pytest.skip">src/pymortests/grid.py:244: Suite splitting in effect</skipped></testcase><testcase classname="src.pymortests.grid" file="src/pymortests/grid.py" line="244" name="test_neighbours_wrong_arguments[&lt;lambda&gt;11]" time="0.0003848075866699219"><skipped message="Suite splitting in effect" type="pytest.skip">src/pymortests/grid.py:244: Suite splitting in effect</skipped></testcase><testcase classname="src.pymortests.grid" file="src/pymortests/grid.py" line="244" name="test_neighbours_wrong_arguments[&lt;lambda&gt;12]" time="0.0004177093505859375"><skipped message="Suite splitting in effect" type="pytest.skip">src/pymortests/grid.py:244: Suite splitting in effect</skipped></testcase><testcase classname="src.pymortests.grid" file="src/pymortests/grid.py" line="244" name="test_neighbours_wrong_arguments[&lt;lambda&gt;13]" time="0.00041222572326660156"><skipped message="Suite splitting in effect" type="pytest.skip">src/pymortests/grid.py:244: Suite splitting in effect</skipped></testcase><testcase classname="src.pymortests.grid" file="src/pymortests/grid.py" line="244" name="test_neighbours_wrong_arguments[&lt;lambda&gt;14]" time="0.00038623809814453125"><skipped message="Suite splitting in effect" type="pytest.skip">src/pymortests/grid.py:244: Suite splitting in effect</skipped></testcase><testcase classname="src.pymortests.grid" file="src/pymortests/grid.py" line="244" name="test_neighbours_wrong_arguments[&lt;lambda&gt;15]" time="0.0003960132598876953"><skipped message="Suite splitting in effect" type="pytest.skip">src/pymortests/grid.py:244: Suite splitting in effect</skipped></testcase><testcase classname="src.pymortests.grid" file="src/pymortests/grid.py" line="244" name="test_neighbours_wrong_arguments[&lt;lambda&gt;16]" time="0.0004146099090576172"><skipped message="Suite splitting in effect" type="pytest.skip">src/pymortests/grid.py:244: Suite splitting in effect</skipped></testcase><testcase classname="src.pymortests.grid" file="src/pymortests/grid.py" line="244" name="test_neighbours_wrong_arguments[&lt;lambda&gt;17]" time="0.00038743019104003906"><skipped message="Suite splitting in effect" type="pytest.skip">src/pymortests/grid.py:244: Suite splitting in effect</skipped></testcase><testcase classname="src.pymortests.grid" file="src/pymortests/grid.py" line="244" name="test_neighbours_wrong_arguments[&lt;lambda&gt;18]" time="0.0009813308715820312"><skipped message="Suite splitting in effect" type="pytest.skip">src/pymortests/grid.py:244: Suite splitting in effect</skipped></testcase><testcase classname="src.pymortests.grid" file="src/pymortests/grid.py" line="244" name="test_neighbours_wrong_arguments[&lt;lambda&gt;19]" time="0.00038623809814453125"><skipped message="Suite splitting in effect" type="pytest.skip">src/pymortests/grid.py:244: Suite splitting in effect</skipped></testcase><testcase classname="src.pymortests.grid" file="src/pymortests/grid.py" line="244" name="test_neighbours_wrong_arguments[&lt;lambda&gt;20]" time="0.0004191398620605469"><skipped message="Suite splitting in effect" type="pytest.skip">src/pymortests/grid.py:244: Suite splitting in effect</skipped></testcase><testcase classname="src.pymortests.grid" file="src/pymortests/grid.py" line="244" name="test_neighbours_wrong_arguments[&lt;lambda&gt;21]" time="0.0004115104675292969"><skipped message="Suite splitting in effect" type="pytest.skip">src/pymortests/grid.py:244: Suite splitting in effect</skipped></testcase><testcase classname="src.pymortests.grid" file="src/pymortests/grid.py" line="244" name="test_neighbours_wrong_arguments[&lt;lambda&gt;22]" time="0.0003902912139892578"><skipped message="Suite splitting in effect" type="pytest.skip">src/pymortests/grid.py:244: Suite splitting in effect</skipped></testcase><testcase classname="src.pymortests.grid" file="src/pymortests/grid.py" line="244" name="test_neighbours_wrong_arguments[&lt;lambda&gt;23]" time="0.00039458274841308594"><skipped message="Suite splitting in effect" type="pytest.skip">src/pymortests/grid.py:244: Suite splitting in effect</skipped></testcase><testcase classname="src.pymortests.grid" file="src/pymortests/grid.py" line="244" name="test_neighbours_wrong_arguments[&lt;lambda&gt;24]" time="0.0004096031188964844"><skipped message="Suite splitting in effect" type="pytest.skip">src/pymortests/grid.py:244: Suite splitting in effect</skipped></testcase><testcase classname="src.pymortests.grid" file="src/pymortests/grid.py" line="244" name="test_neighbours_wrong_arguments[&lt;lambda&gt;25]" time="0.0004208087921142578"><skipped message="Suite splitting in effect" type="pytest.skip">src/pymortests/grid.py:244: Suite splitting in effect</skipped></testcase><testcase classname="src.pymortests.grid" file="src/pymortests/grid.py" line="244" name="test_neighbours_wrong_arguments[&lt;lambda&gt;26]" time="0.0006504058837890625"><skipped message="Suite splitting in effect" type="pytest.skip">src/pymortests/grid.py:244: Suite splitting in effect</skipped></testcase><testcase classname="src.pymortests.grid" file="src/pymortests/grid.py" line="244" name="test_neighbours_wrong_arguments[&lt;lambda&gt;27]" time="0.00038433074951171875"><skipped message="Suite splitting in effect" type="pytest.skip">src/pymortests/grid.py:244: Suite splitting in effect</skipped></testcase><testcase classname="src.pymortests.grid" file="src/pymortests/grid.py" line="244" name="test_neighbours_wrong_arguments[&lt;lambda&gt;28]" time="0.00038886070251464844"><skipped message="Suite splitting in effect" type="pytest.skip">src/pymortests/grid.py:244: Suite splitting in effect</skipped></testcase><testcase classname="src.pymortests.grid" file="src/pymortests/grid.py" line="244" name="test_neighbours_wrong_arguments[&lt;lambda&gt;29]" time="0.0004191398620605469"><skipped message="Suite splitting in effect" type="pytest.skip">src/pymortests/grid.py:244: Suite splitting in effect</skipped></testcase><testcase classname="src.pymortests.grid" file="src/pymortests/grid.py" line="244" name="test_neighbours_wrong_arguments[&lt;lambda&gt;30]" time="0.00043201446533203125"><skipped message="Suite splitting in effect" type="pytest.skip">src/pymortests/grid.py:244: Suite splitting in effect</skipped></testcase><testcase classname="src.pymortests.grid" file="src/pymortests/grid.py" line="244" name="test_neighbours_wrong_arguments[&lt;lambda&gt;31]" time="0.00038623809814453125"><skipped message="Suite splitting in effect" type="pytest.skip">src/pymortests/grid.py:244: Suite splitting in effect</skipped></testcase><testcase classname="src.pymortests.grid" file="src/pymortests/grid.py" line="244" name="test_neighbours_wrong_arguments[&lt;lambda&gt;32]" time="0.0003962516784667969"><skipped message="Suite splitting in effect" type="pytest.skip">src/pymortests/grid.py:244: Suite splitting in effect</skipped></testcase><testcase classname="src.pymortests.grid" file="src/pymortests/grid.py" line="244" name="test_neighbours_wrong_arguments[&lt;lambda&gt;33]" time="0.000408172607421875"><skipped message="Suite splitting in effect" type="pytest.skip">src/pymortests/grid.py:244: Suite splitting in effect</skipped></testcase><testcase classname="src.pymortests.grid" file="src/pymortests/grid.py" line="244" name="test_neighbours_wrong_arguments[&lt;lambda&gt;34]" time="0.0007014274597167969"><skipped message="Suite splitting in effect" type="pytest.skip">src/pymortests/grid.py:244: Suite splitting in effect</skipped></testcase><testcase classname="src.pymortests.grid" file="src/pymortests/grid.py" line="244" name="test_neighbours_wrong_arguments[&lt;lambda&gt;35]" time="0.0004115104675292969"><skipped message="Suite splitting in effect" type="pytest.skip">src/pymortests/grid.py:244: Suite splitting in effect</skipped></testcase><testcase classname="src.pymortests.grid" file="src/pymortests/grid.py" line="244" name="test_neighbours_wrong_arguments[&lt;lambda&gt;36]" time="0.0004134178161621094"><skipped message="Suite splitting in effect" type="pytest.skip">src/pymortests/grid.py:244: Suite splitting in effect</skipped></testcase><testcase classname="src.pymortests.grid" file="src/pymortests/grid.py" line="244" name="test_neighbours_wrong_arguments[&lt;lambda&gt;37]" time="0.0003898143768310547"><skipped message="Suite splitting in effect" type="pytest.skip">src/pymortests/grid.py:244: Suite splitting in effect</skipped></testcase><testcase classname="src.pymortests.grid" file="src/pymortests/grid.py" line="244" name="test_neighbours_wrong_arguments[&lt;lambda&gt;38]" time="0.00041961669921875"><skipped message="Suite splitting in effect" type="pytest.skip">src/pymortests/grid.py:244: Suite splitting in effect</skipped></testcase><testcase classname="src.pymortests.grid" file="src/pymortests/grid.py" line="244" name="test_neighbours_wrong_arguments[&lt;lambda&gt;39]" time="0.0003955364227294922"><skipped message="Suite splitting in effect" type="pytest.skip">src/pymortests/grid.py:244: Suite splitting in effect</skipped></testcase><testcase classname="src.pymortests.grid" file="src/pymortests/grid.py" line="244" name="test_neighbours_wrong_arguments[&lt;lambda&gt;40]" time="0.00041794776916503906"><skipped message="Suite splitting in effect" type="pytest.skip">src/pymortests/grid.py:244: Suite splitting in effect</skipped></testcase><testcase classname="src.pymortests.grid" file="src/pymortests/grid.py" line="244" name="test_neighbours_wrong_arguments[&lt;lambda&gt;41]" time="0.0004367828369140625"><skipped message="Suite splitting in effect" type="pytest.skip">src/pymortests/grid.py:244: Suite splitting in effect</skipped></testcase><testcase classname="src.pymortests.grid" file="src/pymortests/grid.py" line="244" name="test_neighbours_wrong_arguments[&lt;lambda&gt;42]" time="0.0008194446563720703"><skipped message="Suite splitting in effect" type="pytest.skip">src/pymortests/grid.py:244: Suite splitting in effect</skipped></testcase><testcase classname="src.pymortests.grid" file="src/pymortests/grid.py" line="266" name="test_neighbours_shape[&lt;lambda&gt;0]" time="0.0004055500030517578"><skipped message="Suite splitting in effect" type="pytest.skip">src/pymortests/grid.py:266: Suite splitting in effect</skipped></testcase><testcase classname="src.pymortests.grid" file="src/pymortests/grid.py" line="266" name="test_neighbours_shape[&lt;lambda&gt;1]" time="0.00042438507080078125"><skipped message="Suite splitting in effect" type="pytest.skip">src/pymortests/grid.py:266: Suite splitting in effect</skipped></testcase><testcase classname="src.pymortests.grid" file="src/pymortests/grid.py" line="266" name="test_neighbours_shape[&lt;lambda&gt;2]" time="0.0004181861877441406"><skipped message="Suite splitting in effect" type="pytest.skip">src/pymortests/grid.py:266: Suite splitting in effect</skipped></testcase><testcase classname="src.pymortests.grid" file="src/pymortests/grid.py" line="266" name="test_neighbours_shape[&lt;lambda&gt;3]" time="0.0003902912139892578"><skipped message="Suite splitting in effect" type="pytest.skip">src/pymortests/grid.py:266: Suite splitting in effect</skipped></testcase><testcase classname="src.pymortests.grid" file="src/pymortests/grid.py" line="266" name="test_neighbours_shape[&lt;lambda&gt;4]" time="0.00041747093200683594"><skipped message="Suite splitting in effect" type="pytest.skip">src/pymortests/grid.py:266: Suite splitting in effect</skipped></testcase><testcase classname="src.pymortests.grid" file="src/pymortests/grid.py" line="266" name="test_neighbours_shape[&lt;lambda&gt;5]" time="0.0003895759582519531"><skipped message="Suite splitting in effect" type="pytest.skip">src/pymortests/grid.py:266: Suite splitting in effect</skipped></testcase><testcase classname="src.pymortests.grid" file="src/pymortests/grid.py" line="266" name="test_neighbours_shape[&lt;lambda&gt;6]" time="0.0004336833953857422"><skipped message="Suite splitting in effect" type="pytest.skip">src/pymortests/grid.py:266: Suite splitting in effect</skipped></testcase><testcase classname="src.pymortests.grid" file="src/pymortests/grid.py" line="266" name="test_neighbours_shape[&lt;lambda&gt;7]" time="0.0007190704345703125"><skipped message="Suite splitting in effect" type="pytest.skip">src/pymortests/grid.py:266: Suite splitting in effect</skipped></testcase><testcase classname="src.pymortests.grid" file="src/pymortests/grid.py" line="266" name="test_neighbours_shape[&lt;lambda&gt;8]" time="0.0004088878631591797"><skipped message="Suite splitting in effect" type="pytest.skip">src/pymortests/grid.py:266: Suite splitting in effect</skipped></testcase><testcase classname="src.pymortests.grid" file="src/pymortests/grid.py" line="266" name="test_neighbours_shape[&lt;lambda&gt;9]" time="0.00042128562927246094"><skipped message="Suite splitting in effect" type="pytest.skip">src/pymortests/grid.py:266: Suite splitting in effect</skipped></testcase><testcase classname="src.pymortests.grid" file="src/pymortests/grid.py" line="266" name="test_neighbours_shape[&lt;lambda&gt;10]" time="0.0004379749298095703"><skipped message="Suite splitting in effect" type="pytest.skip">src/pymortests/grid.py:266: Suite splitting in effect</skipped></testcase><testcase classname="src.pymortests.grid" file="src/pymortests/grid.py" line="266" name="test_neighbours_shape[&lt;lambda&gt;11]" time="0.0003910064697265625"><skipped message="Suite splitting in effect" type="pytest.skip">src/pymortests/grid.py:266: Suite splitting in effect</skipped></testcase><testcase classname="src.pymortests.grid" file="src/pymortests/grid.py" line="266" name="test_neighbours_shape[&lt;lambda&gt;12]" time="0.0004107952117919922"><skipped message="Suite splitting in effect" type="pytest.skip">src/pymortests/grid.py:266: Suite splitting in effect</skipped></testcase><testcase classname="src.pymortests.grid" file="src/pymortests/grid.py" line="266" name="test_neighbours_shape[&lt;lambda&gt;13]" time="0.00038433074951171875"><skipped message="Suite splitting in effect" type="pytest.skip">src/pymortests/grid.py:266: Suite splitting in effect</skipped></testcase><testcase classname="src.pymortests.grid" file="src/pymortests/grid.py" line="266" name="test_neighbours_shape[&lt;lambda&gt;14]" time="0.0004265308380126953"><skipped message="Suite splitting in effect" type="pytest.skip">src/pymortests/grid.py:266: Suite splitting in effect</skipped></testcase><testcase classname="src.pymortests.grid" file="src/pymortests/grid.py" line="266" name="test_neighbours_shape[&lt;lambda&gt;15]" time="0.0006577968597412109"><skipped message="Suite splitting in effect" type="pytest.skip">src/pymortests/grid.py:266: Suite splitting in effect</skipped></testcase><testcase classname="src.pymortests.grid" file="src/pymortests/grid.py" line="266" name="test_neighbours_shape[&lt;lambda&gt;16]" time="0.00039196014404296875"><skipped message="Suite splitting in effect" type="pytest.skip">src/pymortests/grid.py:266: Suite splitting in effect</skipped></testcase><testcase classname="src.pymortests.grid" file="src/pymortests/grid.py" line="266" name="test_neighbours_shape[&lt;lambda&gt;17]" time="0.00040793418884277344"><skipped message="Suite splitting in effect" type="pytest.skip">src/pymortests/grid.py:266: Suite splitting in effect</skipped></testcase><testcase classname="src.pymortests.grid" file="src/pymortests/grid.py" line="266" name="test_neighbours_shape[&lt;lambda&gt;18]" time="0.0003883838653564453"><skipped message="Suite splitting in effect" type="pytest.skip">src/pymortests/grid.py:266: Suite splitting in effect</skipped></testcase><testcase classname="src.pymortests.grid" file="src/pymortests/grid.py" line="266" name="test_neighbours_shape[&lt;lambda&gt;19]" time="0.0004096031188964844"><skipped message="Suite splitting in effect" type="pytest.skip">src/pymortests/grid.py:266: Suite splitting in effect</skipped></testcase><testcase classname="src.pymortests.grid" file="src/pymortests/grid.py" line="266" name="test_neighbours_shape[&lt;lambda&gt;20]" time="0.00043582916259765625"><skipped message="Suite splitting in effect" type="pytest.skip">src/pymortests/grid.py:266: Suite splitting in effect</skipped></testcase><testcase classname="src.pymortests.grid" file="src/pymortests/grid.py" line="266" name="test_neighbours_shape[&lt;lambda&gt;21]" time="0.000423431396484375"><skipped message="Suite splitting in effect" type="pytest.skip">src/pymortests/grid.py:266: Suite splitting in effect</skipped></testcase><testcase classname="src.pymortests.grid" file="src/pymortests/grid.py" line="266" name="test_neighbours_shape[&lt;lambda&gt;22]" time="0.0004012584686279297"><skipped message="Suite splitting in effect" type="pytest.skip">src/pymortests/grid.py:266: Suite splitting in effect</skipped></testcase><testcase classname="src.pymortests.grid" file="src/pymortests/grid.py" line="266" name="test_neighbours_shape[&lt;lambda&gt;23]" time="0.0006456375122070312"><skipped message="Suite splitting in effect" type="pytest.skip">src/pymortests/grid.py:266: Suite splitting in effect</skipped></testcase><testcase classname="src.pymortests.grid" file="src/pymortests/grid.py" line="266" name="test_neighbours_shape[&lt;lambda&gt;24]" time="0.00040841102600097656"><skipped message="Suite splitting in effect" type="pytest.skip">src/pymortests/grid.py:266: Suite splitting in effect</skipped></testcase><testcase classname="src.pymortests.grid" file="src/pymortests/grid.py" line="266" name="test_neighbours_shape[&lt;lambda&gt;25]" time="0.0004444122314453125"><skipped message="Suite splitting in effect" type="pytest.skip">src/pymortests/grid.py:266: Suite splitting in effect</skipped></testcase><testcase classname="src.pymortests.grid" file="src/pymortests/grid.py" line="266" name="test_neighbours_shape[&lt;lambda&gt;26]" time="0.0004298686981201172"><skipped message="Suite splitting in effect" type="pytest.skip">src/pymortests/grid.py:266: Suite splitting in effect</skipped></testcase><testcase classname="src.pymortests.grid" file="src/pymortests/grid.py" line="266" name="test_neighbours_shape[&lt;lambda&gt;27]" time="0.00042176246643066406"><skipped message="Suite splitting in effect" type="pytest.skip">src/pymortests/grid.py:266: Suite splitting in effect</skipped></testcase><testcase classname="src.pymortests.grid" file="src/pymortests/grid.py" line="266" name="test_neighbours_shape[&lt;lambda&gt;28]" time="0.00039768218994140625"><skipped message="Suite splitting in effect" type="pytest.skip">src/pymortests/grid.py:266: Suite splitting in effect</skipped></testcase><testcase classname="src.pymortests.grid" file="src/pymortests/grid.py" line="266" name="test_neighbours_shape[&lt;lambda&gt;29]" time="0.000438690185546875"><skipped message="Suite splitting in effect" type="pytest.skip">src/pymortests/grid.py:266: Suite splitting in effect</skipped></testcase><testcase classname="src.pymortests.grid" file="src/pymortests/grid.py" line="266" name="test_neighbours_shape[&lt;lambda&gt;30]" time="0.0004127025604248047"><skipped message="Suite splitting in effect" type="pytest.skip">src/pymortests/grid.py:266: Suite splitting in effect</skipped></testcase><testcase classname="src.pymortests.grid" file="src/pymortests/grid.py" line="266" name="test_neighbours_shape[&lt;lambda&gt;31]" time="0.0006961822509765625"><skipped message="Suite splitting in effect" type="pytest.skip">src/pymortests/grid.py:266: Suite splitting in effect</skipped></testcase><testcase classname="src.pymortests.grid" file="src/pymortests/grid.py" line="266" name="test_neighbours_shape[&lt;lambda&gt;32]" time="0.0003933906555175781"><skipped message="Suite splitting in effect" type="pytest.skip">src/pymortests/grid.py:266: Suite splitting in effect</skipped></testcase><testcase classname="src.pymortests.grid" file="src/pymortests/grid.py" line="266" name="test_neighbours_shape[&lt;lambda&gt;33]" time="0.00046634674072265625"><skipped message="Suite splitting in effect" type="pytest.skip">src/pymortests/grid.py:266: Suite splitting in effect</skipped></testcase><testcase classname="src.pymortests.grid" file="src/pymortests/grid.py" line="266" name="test_neighbours_shape[&lt;lambda&gt;34]" time="0.0004191398620605469"><skipped message="Suite splitting in effect" type="pytest.skip">src/pymortests/grid.py:266: Suite splitting in effect</skipped></testcase><testcase classname="src.pymortests.grid" file="src/pymortests/grid.py" line="266" name="test_neighbours_shape[&lt;lambda&gt;35]" time="0.0004112720489501953"><skipped message="Suite splitting in effect" type="pytest.skip">src/pymortests/grid.py:266: Suite splitting in effect</skipped></testcase><testcase classname="src.pymortests.grid" file="src/pymortests/grid.py" line="266" name="test_neighbours_shape[&lt;lambda&gt;36]" time="0.00039696693420410156"><skipped message="Suite splitting in effect" type="pytest.skip">src/pymortests/grid.py:266: Suite splitting in effect</skipped></testcase><testcase classname="src.pymortests.grid" file="src/pymortests/grid.py" line="266" name="test_neighbours_shape[&lt;lambda&gt;37]" time="0.00038933753967285156"><skipped message="Suite splitting in effect" type="pytest.skip">src/pymortests/grid.py:266: Suite splitting in effect</skipped></testcase><testcase classname="src.pymortests.grid" file="src/pymortests/grid.py" line="266" name="test_neighbours_shape[&lt;lambda&gt;38]" time="0.00044345855712890625"><skipped message="Suite splitting in effect" type="pytest.skip">src/pymortests/grid.py:266: Suite splitting in effect</skipped></testcase><testcase classname="src.pymortests.grid" file="src/pymortests/grid.py" line="266" name="test_neighbours_shape[&lt;lambda&gt;39]" time="0.00070953369140625"><skipped message="Suite splitting in effect" type="pytest.skip">src/pymortests/grid.py:266: Suite splitting in effect</skipped></testcase><testcase classname="src.pymortests.grid" file="src/pymortests/grid.py" line="266" name="test_neighbours_shape[&lt;lambda&gt;40]" time="0.0003886222839355469"><skipped message="Suite splitting in effect" type="pytest.skip">src/pymortests/grid.py:266: Suite splitting in effect</skipped></testcase><testcase classname="src.pymortests.grid" file="src/pymortests/grid.py" line="266" name="test_neighbours_shape[&lt;lambda&gt;41]" time="0.0004057884216308594"><skipped message="Suite splitting in effect" type="pytest.skip">src/pymortests/grid.py:266: Suite splitting in effect</skipped></testcase><testcase classname="src.pymortests.grid" file="src/pymortests/grid.py" line="266" name="test_neighbours_shape[&lt;lambda&gt;42]" time="0.000400543212890625"><skipped message="Suite splitting in effect" type="pytest.skip">src/pymortests/grid.py:266: Suite splitting in effect</skipped></testcase><testcase classname="src.pymortests.grid" file="src/pymortests/grid.py" line="274" name="test_neighbours_dtype[&lt;lambda&gt;0]" time="0.0003960132598876953"><skipped message="Suite splitting in effect" type="pytest.skip">src/pymortests/grid.py:274: Suite splitting in effect</skipped></testcase><testcase classname="src.pymortests.grid" file="src/pymortests/grid.py" line="274" name="test_neighbours_dtype[&lt;lambda&gt;1]" time="0.0004248619079589844"><skipped message="Suite splitting in effect" type="pytest.skip">src/pymortests/grid.py:274: Suite splitting in effect</skipped></testcase><testcase classname="src.pymortests.grid" file="src/pymortests/grid.py" line="274" name="test_neighbours_dtype[&lt;lambda&gt;2]" time="0.0004363059997558594"><skipped message="Suite splitting in effect" type="pytest.skip">src/pymortests/grid.py:274: Suite splitting in effect</skipped></testcase><testcase classname="src.pymortests.grid" file="src/pymortests/grid.py" line="274" name="test_neighbours_dtype[&lt;lambda&gt;3]" time="0.00039124488830566406"><skipped message="Suite splitting in effect" type="pytest.skip">src/pymortests/grid.py:274: Suite splitting in effect</skipped></testcase><testcase classname="src.pymortests.grid" file="src/pymortests/grid.py" line="274" name="test_neighbours_dtype[&lt;lambda&gt;4]" time="0.0006666183471679688"><skipped message="Suite splitting in effect" type="pytest.skip">src/pymortests/grid.py:274: Suite splitting in effect</skipped></testcase><testcase classname="src.pymortests.grid" file="src/pymortests/grid.py" line="274" name="test_neighbours_dtype[&lt;lambda&gt;5]" time="0.00039076805114746094"><skipped message="Suite splitting in effect" type="pytest.skip">src/pymortests/grid.py:274: Suite splitting in effect</skipped></testcase><testcase classname="src.pymortests.grid" file="src/pymortests/grid.py" line="274" name="test_neighbours_dtype[&lt;lambda&gt;6]" time="0.00041866302490234375"><skipped message="Suite splitting in effect" type="pytest.skip">src/pymortests/grid.py:274: Suite splitting in effect</skipped></testcase><testcase classname="src.pymortests.grid" file="src/pymortests/grid.py" line="274" name="test_neighbours_dtype[&lt;lambda&gt;7]" time="0.00038743019104003906"><skipped message="Suite splitting in effect" type="pytest.skip">src/pymortests/grid.py:274: Suite splitting in effect</skipped></testcase><testcase classname="src.pymortests.grid" file="src/pymortests/grid.py" line="274" name="test_neighbours_dtype[&lt;lambda&gt;8]" time="0.00041222572326660156"><skipped message="Suite splitting in effect" type="pytest.skip">src/pymortests/grid.py:274: Suite splitting in effect</skipped></testcase><testcase classname="src.pymortests.grid" file="src/pymortests/grid.py" line="274" name="test_neighbours_dtype[&lt;lambda&gt;9]" time="0.0003936290740966797"><skipped message="Suite splitting in effect" type="pytest.skip">src/pymortests/grid.py:274: Suite splitting in effect</skipped></testcase><testcase classname="src.pymortests.grid" file="src/pymortests/grid.py" line="274" name="test_neighbours_dtype[&lt;lambda&gt;10]" time="0.00041484832763671875"><skipped message="Suite splitting in effect" type="pytest.skip">src/pymortests/grid.py:274: Suite splitting in effect</skipped></testcase><testcase classname="src.pymortests.grid" file="src/pymortests/grid.py" line="274" name="test_neighbours_dtype[&lt;lambda&gt;11]" time="0.0003914833068847656"><skipped message="Suite splitting in effect" type="pytest.skip">src/pymortests/grid.py:274: Suite splitting in effect</skipped></testcase><testcase classname="src.pymortests.grid" file="src/pymortests/grid.py" line="274" name="test_neighbours_dtype[&lt;lambda&gt;12]" time="0.0006809234619140625"><skipped message="Suite splitting in effect" type="pytest.skip">src/pymortests/grid.py:274: Suite splitting in effect</skipped></testcase><testcase classname="src.pymortests.grid" file="src/pymortests/grid.py" line="274" name="test_neighbours_dtype[&lt;lambda&gt;13]" time="0.0003826618194580078"><skipped message="Suite splitting in effect" type="pytest.skip">src/pymortests/grid.py:274: Suite splitting in effect</skipped></testcase><testcase classname="src.pymortests.grid" file="src/pymortests/grid.py" line="274" name="test_neighbours_dtype[&lt;lambda&gt;14]" time="0.00040912628173828125"><skipped message="Suite splitting in effect" type="pytest.skip">src/pymortests/grid.py:274: Suite splitting in effect</skipped></testcase><testcase classname="src.pymortests.grid" file="src/pymortests/grid.py" line="274" name="test_neighbours_dtype[&lt;lambda&gt;15]" time="0.0004093647003173828"><skipped message="Suite splitting in effect" type="pytest.skip">src/pymortests/grid.py:274: Suite splitting in effect</skipped></testcase><testcase classname="src.pymortests.grid" file="src/pymortests/grid.py" line="274" name="test_neighbours_dtype[&lt;lambda&gt;16]" time="0.00040650367736816406"><skipped message="Suite splitting in effect" type="pytest.skip">src/pymortests/grid.py:274: Suite splitting in effect</skipped></testcase><testcase classname="src.pymortests.grid" file="src/pymortests/grid.py" line="274" name="test_neighbours_dtype[&lt;lambda&gt;17]" time="0.0004119873046875"><skipped message="Suite splitting in effect" type="pytest.skip">src/pymortests/grid.py:274: Suite splitting in effect</skipped></testcase><testcase classname="src.pymortests.grid" file="src/pymortests/grid.py" line="274" name="test_neighbours_dtype[&lt;lambda&gt;18]" time="0.0004096031188964844"><skipped message="Suite splitting in effect" type="pytest.skip">src/pymortests/grid.py:274: Suite splitting in effect</skipped></testcase><testcase classname="src.pymortests.grid" file="src/pymortests/grid.py" line="274" name="test_neighbours_dtype[&lt;lambda&gt;19]" time="0.00039005279541015625"><skipped message="Suite splitting in effect" type="pytest.skip">src/pymortests/grid.py:274: Suite splitting in effect</skipped></testcase><testcase classname="src.pymortests.grid" file="src/pymortests/grid.py" line="274" name="test_neighbours_dtype[&lt;lambda&gt;20]" time="0.0006465911865234375"><skipped message="Suite splitting in effect" type="pytest.skip">src/pymortests/grid.py:274: Suite splitting in effect</skipped></testcase><testcase classname="src.pymortests.grid" file="src/pymortests/grid.py" line="274" name="test_neighbours_dtype[&lt;lambda&gt;21]" time="0.0003871917724609375"><skipped message="Suite splitting in effect" type="pytest.skip">src/pymortests/grid.py:274: Suite splitting in effect</skipped></testcase><testcase classname="src.pymortests.grid" file="src/pymortests/grid.py" line="274" name="test_neighbours_dtype[&lt;lambda&gt;22]" time="0.0003974437713623047"><skipped message="Suite splitting in effect" type="pytest.skip">src/pymortests/grid.py:274: Suite splitting in effect</skipped></testcase><testcase classname="src.pymortests.grid" file="src/pymortests/grid.py" line="274" name="test_neighbours_dtype[&lt;lambda&gt;23]" time="0.00041747093200683594"><skipped message="Suite splitting in effect" type="pytest.skip">src/pymortests/grid.py:274: Suite splitting in effect</skipped></testcase><testcase classname="src.pymortests.grid" file="src/pymortests/grid.py" line="274" name="test_neighbours_dtype[&lt;lambda&gt;24]" time="0.0004394054412841797"><skipped message="Suite splitting in effect" type="pytest.skip">src/pymortests/grid.py:274: Suite splitting in effect</skipped></testcase><testcase classname="src.pymortests.grid" file="src/pymortests/grid.py" line="274" name="test_neighbours_dtype[&lt;lambda&gt;25]" time="0.0004227161407470703"><skipped message="Suite splitting in effect" type="pytest.skip">src/pymortests/grid.py:274: Suite splitting in effect</skipped></testcase><testcase classname="src.pymortests.grid" file="src/pymortests/grid.py" line="274" name="test_neighbours_dtype[&lt;lambda&gt;26]" time="0.0004153251647949219"><skipped message="Suite splitting in effect" type="pytest.skip">src/pymortests/grid.py:274: Suite splitting in effect</skipped></testcase><testcase classname="src.pymortests.grid" file="src/pymortests/grid.py" line="274" name="test_neighbours_dtype[&lt;lambda&gt;27]" time="0.0003981590270996094"><skipped message="Suite splitting in effect" type="pytest.skip">src/pymortests/grid.py:274: Suite splitting in effect</skipped></testcase><testcase classname="src.pymortests.grid" file="src/pymortests/grid.py" line="274" name="test_neighbours_dtype[&lt;lambda&gt;28]" time="0.0006666183471679688"><skipped message="Suite splitting in effect" type="pytest.skip">src/pymortests/grid.py:274: Suite splitting in effect</skipped></testcase><testcase classname="src.pymortests.grid" file="src/pymortests/grid.py" line="274" name="test_neighbours_dtype[&lt;lambda&gt;29]" time="0.0003876686096191406"><skipped message="Suite splitting in effect" type="pytest.skip">src/pymortests/grid.py:274: Suite splitting in effect</skipped></testcase><testcase classname="src.pymortests.grid" file="src/pymortests/grid.py" line="274" name="test_neighbours_dtype[&lt;lambda&gt;30]" time="0.0003829002380371094"><skipped message="Suite splitting in effect" type="pytest.skip">src/pymortests/grid.py:274: Suite splitting in effect</skipped></testcase><testcase classname="src.pymortests.grid" file="src/pymortests/grid.py" line="274" name="test_neighbours_dtype[&lt;lambda&gt;31]" time="0.000385284423828125"><skipped message="Suite splitting in effect" type="pytest.skip">src/pymortests/grid.py:274: Suite splitting in effect</skipped></testcase><testcase classname="src.pymortests.grid" file="src/pymortests/grid.py" line="274" name="test_neighbours_dtype[&lt;lambda&gt;32]" time="0.00041103363037109375"><skipped message="Suite splitting in effect" type="pytest.skip">src/pymortests/grid.py:274: Suite splitting in effect</skipped></testcase><testcase classname="src.pymortests.grid" file="src/pymortests/grid.py" line="274" name="test_neighbours_dtype[&lt;lambda&gt;33]" time="0.00042939186096191406"><skipped message="Suite splitting in effect" type="pytest.skip">src/pymortests/grid.py:274: Suite splitting in effect</skipped></testcase><testcase classname="src.pymortests.grid" file="src/pymortests/grid.py" line="274" name="test_neighbours_dtype[&lt;lambda&gt;34]" time="0.00040912628173828125"><skipped message="Suite splitting in effect" type="pytest.skip">src/pymortests/grid.py:274: Suite splitting in effect</skipped></testcase><testcase classname="src.pymortests.grid" file="src/pymortests/grid.py" line="274" name="test_neighbours_dtype[&lt;lambda&gt;35]" time="0.0004315376281738281"><skipped message="Suite splitting in effect" type="pytest.skip">src/pymortests/grid.py:274: Suite splitting in effect</skipped></testcase><testcase classname="src.pymortests.grid" file="src/pymortests/grid.py" line="274" name="test_neighbours_dtype[&lt;lambda&gt;36]" time="0.0006582736968994141"><skipped message="Suite splitting in effect" type="pytest.skip">src/pymortests/grid.py:274: Suite splitting in effect</skipped></testcase><testcase classname="src.pymortests.grid" file="src/pymortests/grid.py" line="274" name="test_neighbours_dtype[&lt;lambda&gt;37]" time="0.0004131793975830078"><skipped message="Suite splitting in effect" type="pytest.skip">src/pymortests/grid.py:274: Suite splitting in effect</skipped></testcase><testcase classname="src.pymortests.grid" file="src/pymortests/grid.py" line="274" name="test_neighbours_dtype[&lt;lambda&gt;38]" time="0.0003840923309326172"><skipped message="Suite splitting in effect" type="pytest.skip">src/pymortests/grid.py:274: Suite splitting in effect</skipped></testcase><testcase classname="src.pymortests.grid" file="src/pymortests/grid.py" line="274" name="test_neighbours_dtype[&lt;lambda&gt;39]" time="0.00039887428283691406"><skipped message="Suite splitting in effect" type="pytest.skip">src/pymortests/grid.py:274: Suite splitting in effect</skipped></testcase><testcase classname="src.pymortests.grid" file="src/pymortests/grid.py" line="274" name="test_neighbours_dtype[&lt;lambda&gt;40]" time="0.00040531158447265625"><skipped message="Suite splitting in effect" type="pytest.skip">src/pymortests/grid.py:274: Suite splitting in effect</skipped></testcase><testcase classname="src.pymortests.grid" file="src/pymortests/grid.py" line="274" name="test_neighbours_dtype[&lt;lambda&gt;41]" time="0.0004248619079589844"><skipped message="Suite splitting in effect" type="pytest.skip">src/pymortests/grid.py:274: Suite splitting in effect</skipped></testcase><testcase classname="src.pymortests.grid" file="src/pymortests/grid.py" line="274" name="test_neighbours_dtype[&lt;lambda&gt;42]" time="0.0004143714904785156"><skipped message="Suite splitting in effect" type="pytest.skip">src/pymortests/grid.py:274: Suite splitting in effect</skipped></testcase><testcase classname="src.pymortests.grid" file="src/pymortests/grid.py" line="281" name="test_neighbours_entry_value_range[&lt;lambda&gt;0]" time="0.0004146099090576172"><skipped message="Suite splitting in effect" type="pytest.skip">src/pymortests/grid.py:281: Suite splitting in effect</skipped></testcase><testcase classname="src.pymortests.grid" file="src/pymortests/grid.py" line="281" name="test_neighbours_entry_value_range[&lt;lambda&gt;1]" time="0.0006458759307861328"><skipped message="Suite splitting in effect" type="pytest.skip">src/pymortests/grid.py:281: Suite splitting in effect</skipped></testcase><testcase classname="src.pymortests.grid" file="src/pymortests/grid.py" line="281" name="test_neighbours_entry_value_range[&lt;lambda&gt;2]" time="0.000385284423828125"><skipped message="Suite splitting in effect" type="pytest.skip">src/pymortests/grid.py:281: Suite splitting in effect</skipped></testcase><testcase classname="src.pymortests.grid" file="src/pymortests/grid.py" line="281" name="test_neighbours_entry_value_range[&lt;lambda&gt;3]" time="0.0004315376281738281"><skipped message="Suite splitting in effect" type="pytest.skip">src/pymortests/grid.py:281: Suite splitting in effect</skipped></testcase><testcase classname="src.pymortests.grid" file="src/pymortests/grid.py" line="281" name="test_neighbours_entry_value_range[&lt;lambda&gt;4]" time="0.00039505958557128906"><skipped message="Suite splitting in effect" type="pytest.skip">src/pymortests/grid.py:281: Suite splitting in effect</skipped></testcase><testcase classname="src.pymortests.grid" file="src/pymortests/grid.py" line="281" name="test_neighbours_entry_value_range[&lt;lambda&gt;5]" time="0.0003948211669921875"><skipped message="Suite splitting in effect" type="pytest.skip">src/pymortests/grid.py:281: Suite splitting in effect</skipped></testcase><testcase classname="src.pymortests.grid" file="src/pymortests/grid.py" line="281" name="test_neighbours_entry_value_range[&lt;lambda&gt;6]" time="0.0003857612609863281"><skipped message="Suite splitting in effect" type="pytest.skip">src/pymortests/grid.py:281: Suite splitting in effect</skipped></testcase><testcase classname="src.pymortests.grid" file="src/pymortests/grid.py" line="281" name="test_neighbours_entry_value_range[&lt;lambda&gt;7]" time="0.0004200935363769531"><skipped message="Suite splitting in effect" type="pytest.skip">src/pymortests/grid.py:281: Suite splitting in effect</skipped></testcase><testcase classname="src.pymortests.grid" file="src/pymortests/grid.py" line="281" name="test_neighbours_entry_value_range[&lt;lambda&gt;8]" time="0.00041294097900390625"><skipped message="Suite splitting in effect" type="pytest.skip">src/pymortests/grid.py:281: Suite splitting in effect</skipped></testcase><testcase classname="src.pymortests.grid" file="src/pymortests/grid.py" line="281" name="test_neighbours_entry_value_range[&lt;lambda&gt;9]" time="0.000858306884765625"><skipped message="Suite splitting in effect" type="pytest.skip">src/pymortests/grid.py:281: Suite splitting in effect</skipped></testcase><testcase classname="src.pymortests.grid" file="src/pymortests/grid.py" line="281" name="test_neighbours_entry_value_range[&lt;lambda&gt;10]" time="0.0003864765167236328"><skipped message="Suite splitting in effect" type="pytest.skip">src/pymortests/grid.py:281: Suite splitting in effect</skipped></testcase><testcase classname="src.pymortests.grid" file="src/pymortests/grid.py" line="281" name="test_neighbours_entry_value_range[&lt;lambda&gt;11]" time="0.0004253387451171875"><skipped message="Suite splitting in effect" type="pytest.skip">src/pymortests/grid.py:281: Suite splitting in effect</skipped></testcase><testcase classname="src.pymortests.grid" file="src/pymortests/grid.py" line="281" name="test_neighbours_entry_value_range[&lt;lambda&gt;12]" time="0.0003972053527832031"><skipped message="Suite splitting in effect" type="pytest.skip">src/pymortests/grid.py:281: Suite splitting in effect</skipped></testcase><testcase classname="src.pymortests.grid" file="src/pymortests/grid.py" line="281" name="test_neighbours_entry_value_range[&lt;lambda&gt;13]" time="0.0003991127014160156"><skipped message="Suite splitting in effect" type="pytest.skip">src/pymortests/grid.py:281: Suite splitting in effect</skipped></testcase><testcase classname="src.pymortests.grid" file="src/pymortests/grid.py" line="281" name="test_neighbours_entry_value_range[&lt;lambda&gt;14]" time="0.0004055500030517578"><skipped message="Suite splitting in effect" type="pytest.skip">src/pymortests/grid.py:281: Suite splitting in effect</skipped></testcase><testcase classname="src.pymortests.grid" file="src/pymortests/grid.py" line="281" name="test_neighbours_entry_value_range[&lt;lambda&gt;15]" time="0.00041985511779785156"><skipped message="Suite splitting in effect" type="pytest.skip">src/pymortests/grid.py:281: Suite splitting in effect</skipped></testcase><testcase classname="src.pymortests.grid" file="src/pymortests/grid.py" line="281" name="test_neighbours_entry_value_range[&lt;lambda&gt;16]" time="0.0004382133483886719"><skipped message="Suite splitting in effect" type="pytest.skip">src/pymortests/grid.py:281: Suite splitting in effect</skipped></testcase><testcase classname="src.pymortests.grid" file="src/pymortests/grid.py" line="281" name="test_neighbours_entry_value_range[&lt;lambda&gt;17]" time="0.0006527900695800781"><skipped message="Suite splitting in effect" type="pytest.skip">src/pymortests/grid.py:281: Suite splitting in effect</skipped></testcase><testcase classname="src.pymortests.grid" file="src/pymortests/grid.py" line="281" name="test_neighbours_entry_value_range[&lt;lambda&gt;18]" time="0.00041675567626953125"><skipped message="Suite splitting in effect" type="pytest.skip">src/pymortests/grid.py:281: Suite splitting in effect</skipped></testcase><testcase classname="src.pymortests.grid" file="src/pymortests/grid.py" line="281" name="test_neighbours_entry_value_range[&lt;lambda&gt;19]" time="0.00038361549377441406"><skipped message="Suite splitting in effect" type="pytest.skip">src/pymortests/grid.py:281: Suite splitting in effect</skipped></testcase><testcase classname="src.pymortests.grid" file="src/pymortests/grid.py" line="281" name="test_neighbours_entry_value_range[&lt;lambda&gt;20]" time="0.00041103363037109375"><skipped message="Suite splitting in effect" type="pytest.skip">src/pymortests/grid.py:281: Suite splitting in effect</skipped></testcase><testcase classname="src.pymortests.grid" file="src/pymortests/grid.py" line="281" name="test_neighbours_entry_value_range[&lt;lambda&gt;21]" time="0.0003955364227294922"><skipped message="Suite splitting in effect" type="pytest.skip">src/pymortests/grid.py:281: Suite splitting in effect</skipped></testcase><testcase classname="src.pymortests.grid" file="src/pymortests/grid.py" line="281" name="test_neighbours_entry_value_range[&lt;lambda&gt;22]" time="0.00039076805114746094"><skipped message="Suite splitting in effect" type="pytest.skip">src/pymortests/grid.py:281: Suite splitting in effect</skipped></testcase><testcase classname="src.pymortests.grid" file="src/pymortests/grid.py" line="281" name="test_neighbours_entry_value_range[&lt;lambda&gt;23]" time="0.0003974437713623047"><skipped message="Suite splitting in effect" type="pytest.skip">src/pymortests/grid.py:281: Suite splitting in effect</skipped></testcase><testcase classname="src.pymortests.grid" file="src/pymortests/grid.py" line="281" name="test_neighbours_entry_value_range[&lt;lambda&gt;24]" time="0.0004267692565917969"><skipped message="Suite splitting in effect" type="pytest.skip">src/pymortests/grid.py:281: Suite splitting in effect</skipped></testcase><testcase classname="src.pymortests.grid" file="src/pymortests/grid.py" line="281" name="test_neighbours_entry_value_range[&lt;lambda&gt;25]" time="0.0006699562072753906"><skipped message="Suite splitting in effect" type="pytest.skip">src/pymortests/grid.py:281: Suite splitting in effect</skipped></testcase><testcase classname="src.pymortests.grid" file="src/pymortests/grid.py" line="281" name="test_neighbours_entry_value_range[&lt;lambda&gt;26]" time="0.0005137920379638672"><skipped message="Suite splitting in effect" type="pytest.skip">src/pymortests/grid.py:281: Suite splitting in effect</skipped></testcase><testcase classname="src.pymortests.grid" file="src/pymortests/grid.py" line="281" name="test_neighbours_entry_value_range[&lt;lambda&gt;27]" time="0.0004153251647949219"><skipped message="Suite splitting in effect" type="pytest.skip">src/pymortests/grid.py:281: Suite splitting in effect</skipped></testcase><testcase classname="src.pymortests.grid" file="src/pymortests/grid.py" line="281" name="test_neighbours_entry_value_range[&lt;lambda&gt;28]" time="0.00038933753967285156"><skipped message="Suite splitting in effect" type="pytest.skip">src/pymortests/grid.py:281: Suite splitting in effect</skipped></testcase><testcase classname="src.pymortests.grid" file="src/pymortests/grid.py" line="281" name="test_neighbours_entry_value_range[&lt;lambda&gt;29]" time="0.00040650367736816406"><skipped message="Suite splitting in effect" type="pytest.skip">src/pymortests/grid.py:281: Suite splitting in effect</skipped></testcase><testcase classname="src.pymortests.grid" file="src/pymortests/grid.py" line="281" name="test_neighbours_entry_value_range[&lt;lambda&gt;30]" time="0.00042748451232910156"><skipped message="Suite splitting in effect" type="pytest.skip">src/pymortests/grid.py:281: Suite splitting in effect</skipped></testcase><testcase classname="src.pymortests.grid" file="src/pymortests/grid.py" line="281" name="test_neighbours_entry_value_range[&lt;lambda&gt;31]" time="0.0004184246063232422"><skipped message="Suite splitting in effect" type="pytest.skip">src/pymortests/grid.py:281: Suite splitting in effect</skipped></testcase><testcase classname="src.pymortests.grid" file="src/pymortests/grid.py" line="281" name="test_neighbours_entry_value_range[&lt;lambda&gt;32]" time="0.0003943443298339844"><skipped message="Suite splitting in effect" type="pytest.skip">src/pymortests/grid.py:281: Suite splitting in effect</skipped></testcase><testcase classname="src.pymortests.grid" file="src/pymortests/grid.py" line="281" name="test_neighbours_entry_value_range[&lt;lambda&gt;33]" time="0.00067901611328125"><skipped message="Suite splitting in effect" type="pytest.skip">src/pymortests/grid.py:281: Suite splitting in effect</skipped></testcase><testcase classname="src.pymortests.grid" file="src/pymortests/grid.py" line="281" name="test_neighbours_entry_value_range[&lt;lambda&gt;34]" time="0.0004267692565917969"><skipped message="Suite splitting in effect" type="pytest.skip">src/pymortests/grid.py:281: Suite splitting in effect</skipped></testcase><testcase classname="src.pymortests.grid" file="src/pymortests/grid.py" line="281" name="test_neighbours_entry_value_range[&lt;lambda&gt;35]" time="0.0004119873046875"><skipped message="Suite splitting in effect" type="pytest.skip">src/pymortests/grid.py:281: Suite splitting in effect</skipped></testcase><testcase classname="src.pymortests.grid" file="src/pymortests/grid.py" line="281" name="test_neighbours_entry_value_range[&lt;lambda&gt;36]" time="0.0003845691680908203"><skipped message="Suite splitting in effect" type="pytest.skip">src/pymortests/grid.py:281: Suite splitting in effect</skipped></testcase><testcase classname="src.pymortests.grid" file="src/pymortests/grid.py" line="281" name="test_neighbours_entry_value_range[&lt;lambda&gt;37]" time="0.0003974437713623047"><skipped message="Suite splitting in effect" type="pytest.skip">src/pymortests/grid.py:281: Suite splitting in effect</skipped></testcase><testcase classname="src.pymortests.grid" file="src/pymortests/grid.py" line="281" name="test_neighbours_entry_value_range[&lt;lambda&gt;38]" time="0.0004062652587890625"><skipped message="Suite splitting in effect" type="pytest.skip">src/pymortests/grid.py:281: Suite splitting in effect</skipped></testcase><testcase classname="src.pymortests.grid" file="src/pymortests/grid.py" line="281" name="test_neighbours_entry_value_range[&lt;lambda&gt;39]" time="0.00041556358337402344"><skipped message="Suite splitting in effect" type="pytest.skip">src/pymortests/grid.py:281: Suite splitting in effect</skipped></testcase><testcase classname="src.pymortests.grid" file="src/pymortests/grid.py" line="281" name="test_neighbours_entry_value_range[&lt;lambda&gt;40]" time="0.0004279613494873047"><skipped message="Suite splitting in effect" type="pytest.skip">src/pymortests/grid.py:281: Suite splitting in effect</skipped></testcase><testcase classname="src.pymortests.grid" file="src/pymortests/grid.py" line="281" name="test_neighbours_entry_value_range[&lt;lambda&gt;41]" time="0.0006589889526367188"><skipped message="Suite splitting in effect" type="pytest.skip">src/pymortests/grid.py:281: Suite splitting in effect</skipped></testcase><testcase classname="src.pymortests.grid" file="src/pymortests/grid.py" line="281" name="test_neighbours_entry_value_range[&lt;lambda&gt;42]" time="0.00040793418884277344"><skipped message="Suite splitting in effect" type="pytest.skip">src/pymortests/grid.py:281: Suite splitting in effect</skipped></testcase><testcase classname="src.pymortests.grid" file="src/pymortests/grid.py" line="289" name="test_neighbours_entry_values_unique[&lt;lambda&gt;0]" time="0.0004363059997558594"><skipped message="Suite splitting in effect" type="pytest.skip">src/pymortests/grid.py:289: Suite splitting in effect</skipped></testcase><testcase classname="src.pymortests.grid" file="src/pymortests/grid.py" line="289" name="test_neighbours_entry_values_unique[&lt;lambda&gt;1]" time="0.0004189014434814453"><skipped message="Suite splitting in effect" type="pytest.skip">src/pymortests/grid.py:289: Suite splitting in effect</skipped></testcase><testcase classname="src.pymortests.grid" file="src/pymortests/grid.py" line="289" name="test_neighbours_entry_values_unique[&lt;lambda&gt;2]" time="0.00039196014404296875"><skipped message="Suite splitting in effect" type="pytest.skip">src/pymortests/grid.py:289: Suite splitting in effect</skipped></testcase><testcase classname="src.pymortests.grid" file="src/pymortests/grid.py" line="289" name="test_neighbours_entry_values_unique[&lt;lambda&gt;3]" time="0.0004036426544189453"><skipped message="Suite splitting in effect" type="pytest.skip">src/pymortests/grid.py:289: Suite splitting in effect</skipped></testcase><testcase classname="src.pymortests.grid" file="src/pymortests/grid.py" line="289" name="test_neighbours_entry_values_unique[&lt;lambda&gt;4]" time="0.0003898143768310547"><skipped message="Suite splitting in effect" type="pytest.skip">src/pymortests/grid.py:289: Suite splitting in effect</skipped></testcase><testcase classname="src.pymortests.grid" file="src/pymortests/grid.py" line="289" name="test_neighbours_entry_values_unique[&lt;lambda&gt;5]" time="0.00038909912109375"><skipped message="Suite splitting in effect" type="pytest.skip">src/pymortests/grid.py:289: Suite splitting in effect</skipped></testcase><testcase classname="src.pymortests.grid" file="src/pymortests/grid.py" line="289" name="test_neighbours_entry_values_unique[&lt;lambda&gt;6]" time="0.0006492137908935547"><skipped message="Suite splitting in effect" type="pytest.skip">src/pymortests/grid.py:289: Suite splitting in effect</skipped></testcase><testcase classname="src.pymortests.grid" file="src/pymortests/grid.py" line="289" name="test_neighbours_entry_values_unique[&lt;lambda&gt;7]" time="0.00040531158447265625"><skipped message="Suite splitting in effect" type="pytest.skip">src/pymortests/grid.py:289: Suite splitting in effect</skipped></testcase><testcase classname="src.pymortests.grid" file="src/pymortests/grid.py" line="289" name="test_neighbours_entry_values_unique[&lt;lambda&gt;8]" time="0.0003833770751953125"><skipped message="Suite splitting in effect" type="pytest.skip">src/pymortests/grid.py:289: Suite splitting in effect</skipped></testcase><testcase classname="src.pymortests.grid" file="src/pymortests/grid.py" line="289" name="test_neighbours_entry_values_unique[&lt;lambda&gt;9]" time="0.0004143714904785156"><skipped message="Suite splitting in effect" type="pytest.skip">src/pymortests/grid.py:289: Suite splitting in effect</skipped></testcase><testcase classname="src.pymortests.grid" file="src/pymortests/grid.py" line="289" name="test_neighbours_entry_values_unique[&lt;lambda&gt;10]" time="0.0004150867462158203"><skipped message="Suite splitting in effect" type="pytest.skip">src/pymortests/grid.py:289: Suite splitting in effect</skipped></testcase><testcase classname="src.pymortests.grid" file="src/pymortests/grid.py" line="289" name="test_neighbours_entry_values_unique[&lt;lambda&gt;11]" time="0.0004169940948486328"><skipped message="Suite splitting in effect" type="pytest.skip">src/pymortests/grid.py:289: Suite splitting in effect</skipped></testcase><testcase classname="src.pymortests.grid" file="src/pymortests/grid.py" line="289" name="test_neighbours_entry_values_unique[&lt;lambda&gt;12]" time="0.0004315376281738281"><skipped message="Suite splitting in effect" type="pytest.skip">src/pymortests/grid.py:289: Suite splitting in effect</skipped></testcase><testcase classname="src.pymortests.grid" file="src/pymortests/grid.py" line="289" name="test_neighbours_entry_values_unique[&lt;lambda&gt;13]" time="0.0003917217254638672"><skipped message="Suite splitting in effect" type="pytest.skip">src/pymortests/grid.py:289: Suite splitting in effect</skipped></testcase><testcase classname="src.pymortests.grid" file="src/pymortests/grid.py" line="289" name="test_neighbours_entry_values_unique[&lt;lambda&gt;14]" time="0.0006570816040039062"><skipped message="Suite splitting in effect" type="pytest.skip">src/pymortests/grid.py:289: Suite splitting in effect</skipped></testcase><testcase classname="src.pymortests.grid" file="src/pymortests/grid.py" line="289" name="test_neighbours_entry_values_unique[&lt;lambda&gt;15]" time="0.00041174888610839844"><skipped message="Suite splitting in effect" type="pytest.skip">src/pymortests/grid.py:289: Suite splitting in effect</skipped></testcase><testcase classname="src.pymortests.grid" file="src/pymortests/grid.py" line="289" name="test_neighbours_entry_values_unique[&lt;lambda&gt;16]" time="0.00040984153747558594"><skipped message="Suite splitting in effect" type="pytest.skip">src/pymortests/grid.py:289: Suite splitting in effect</skipped></testcase><testcase classname="src.pymortests.grid" file="src/pymortests/grid.py" line="289" name="test_neighbours_entry_values_unique[&lt;lambda&gt;17]" time="0.0004215240478515625"><skipped message="Suite splitting in effect" type="pytest.skip">src/pymortests/grid.py:289: Suite splitting in effect</skipped></testcase><testcase classname="src.pymortests.grid" file="src/pymortests/grid.py" line="289" name="test_neighbours_entry_values_unique[&lt;lambda&gt;18]" time="0.00040030479431152344"><skipped message="Suite splitting in effect" type="pytest.skip">src/pymortests/grid.py:289: Suite splitting in effect</skipped></testcase><testcase classname="src.pymortests.grid" file="src/pymortests/grid.py" line="289" name="test_neighbours_entry_values_unique[&lt;lambda&gt;19]" time="0.0003962516784667969"><skipped message="Suite splitting in effect" type="pytest.skip">src/pymortests/grid.py:289: Suite splitting in effect</skipped></testcase><testcase classname="src.pymortests.grid" file="src/pymortests/grid.py" line="289" name="test_neighbours_entry_values_unique[&lt;lambda&gt;20]" time="0.0004069805145263672"><skipped message="Suite splitting in effect" type="pytest.skip">src/pymortests/grid.py:289: Suite splitting in effect</skipped></testcase><testcase classname="src.pymortests.grid" file="src/pymortests/grid.py" line="289" name="test_neighbours_entry_values_unique[&lt;lambda&gt;21]" time="0.0003941059112548828"><skipped message="Suite splitting in effect" type="pytest.skip">src/pymortests/grid.py:289: Suite splitting in effect</skipped></testcase><testcase classname="src.pymortests.grid" file="src/pymortests/grid.py" line="289" name="test_neighbours_entry_values_unique[&lt;lambda&gt;22]" time="0.0006847381591796875"><skipped message="Suite splitting in effect" type="pytest.skip">src/pymortests/grid.py:289: Suite splitting in effect</skipped></testcase><testcase classname="src.pymortests.grid" file="src/pymortests/grid.py" line="289" name="test_neighbours_entry_values_unique[&lt;lambda&gt;23]" time="0.0003921985626220703"><skipped message="Suite splitting in effect" type="pytest.skip">src/pymortests/grid.py:289: Suite splitting in effect</skipped></testcase><testcase classname="src.pymortests.grid" file="src/pymortests/grid.py" line="289" name="test_neighbours_entry_values_unique[&lt;lambda&gt;24]" time="0.00038909912109375"><skipped message="Suite splitting in effect" type="pytest.skip">src/pymortests/grid.py:289: Suite splitting in effect</skipped></testcase><testcase classname="src.pymortests.grid" file="src/pymortests/grid.py" line="289" name="test_neighbours_entry_values_unique[&lt;lambda&gt;25]" time="0.0004069805145263672"><skipped message="Suite splitting in effect" type="pytest.skip">src/pymortests/grid.py:289: Suite splitting in effect</skipped></testcase><testcase classname="src.pymortests.grid" file="src/pymortests/grid.py" line="289" name="test_neighbours_entry_values_unique[&lt;lambda&gt;26]" time="0.00041413307189941406"><skipped message="Suite splitting in effect" type="pytest.skip">src/pymortests/grid.py:289: Suite splitting in effect</skipped></testcase><testcase classname="src.pymortests.grid" file="src/pymortests/grid.py" line="289" name="test_neighbours_entry_values_unique[&lt;lambda&gt;27]" time="0.0004184246063232422"><skipped message="Suite splitting in effect" type="pytest.skip">src/pymortests/grid.py:289: Suite splitting in effect</skipped></testcase><testcase classname="src.pymortests.grid" file="src/pymortests/grid.py" line="289" name="test_neighbours_entry_values_unique[&lt;lambda&gt;28]" time="0.00038743019104003906"><skipped message="Suite splitting in effect" type="pytest.skip">src/pymortests/grid.py:289: Suite splitting in effect</skipped></testcase><testcase classname="src.pymortests.grid" file="src/pymortests/grid.py" line="289" name="test_neighbours_entry_values_unique[&lt;lambda&gt;29]" time="0.00041294097900390625"><skipped message="Suite splitting in effect" type="pytest.skip">src/pymortests/grid.py:289: Suite splitting in effect</skipped></testcase><testcase classname="src.pymortests.grid" file="src/pymortests/grid.py" line="289" name="test_neighbours_entry_values_unique[&lt;lambda&gt;30]" time="0.000682830810546875"><skipped message="Suite splitting in effect" type="pytest.skip">src/pymortests/grid.py:289: Suite splitting in effect</skipped></testcase><testcase classname="src.pymortests.grid" file="src/pymortests/grid.py" line="289" name="test_neighbours_entry_values_unique[&lt;lambda&gt;31]" time="0.0004329681396484375"><skipped message="Suite splitting in effect" type="pytest.skip">src/pymortests/grid.py:289: Suite splitting in effect</skipped></testcase><testcase classname="src.pymortests.grid" file="src/pymortests/grid.py" line="289" name="test_neighbours_entry_values_unique[&lt;lambda&gt;32]" time="0.0004000663757324219"><skipped message="Suite splitting in effect" type="pytest.skip">src/pymortests/grid.py:289: Suite splitting in effect</skipped></testcase><testcase classname="src.pymortests.grid" file="src/pymortests/grid.py" line="289" name="test_neighbours_entry_values_unique[&lt;lambda&gt;33]" time="0.0003895759582519531"><skipped message="Suite splitting in effect" type="pytest.skip">src/pymortests/grid.py:289: Suite splitting in effect</skipped></testcase><testcase classname="src.pymortests.grid" file="src/pymortests/grid.py" line="289" name="test_neighbours_entry_values_unique[&lt;lambda&gt;34]" time="0.0003864765167236328"><skipped message="Suite splitting in effect" type="pytest.skip">src/pymortests/grid.py:289: Suite splitting in effect</skipped></testcase><testcase classname="src.pymortests.grid" file="src/pymortests/grid.py" line="289" name="test_neighbours_entry_values_unique[&lt;lambda&gt;35]" time="0.0003993511199951172"><skipped message="Suite splitting in effect" type="pytest.skip">src/pymortests/grid.py:289: Suite splitting in effect</skipped></testcase><testcase classname="src.pymortests.grid" file="src/pymortests/grid.py" line="289" name="test_neighbours_entry_values_unique[&lt;lambda&gt;36]" time="0.0003981590270996094"><skipped message="Suite splitting in effect" type="pytest.skip">src/pymortests/grid.py:289: Suite splitting in effect</skipped></testcase><testcase classname="src.pymortests.grid" file="src/pymortests/grid.py" line="289" name="test_neighbours_entry_values_unique[&lt;lambda&gt;37]" time="0.000423431396484375"><skipped message="Suite splitting in effect" type="pytest.skip">src/pymortests/grid.py:289: Suite splitting in effect</skipped></testcase><testcase classname="src.pymortests.grid" file="src/pymortests/grid.py" line="289" name="test_neighbours_entry_values_unique[&lt;lambda&gt;38]" time="0.0006401538848876953"><skipped message="Suite splitting in effect" type="pytest.skip">src/pymortests/grid.py:289: Suite splitting in effect</skipped></testcase><testcase classname="src.pymortests.grid" file="src/pymortests/grid.py" line="289" name="test_neighbours_entry_values_unique[&lt;lambda&gt;39]" time="0.00041604042053222656"><skipped message="Suite splitting in effect" type="pytest.skip">src/pymortests/grid.py:289: Suite splitting in effect</skipped></testcase><testcase classname="src.pymortests.grid" file="src/pymortests/grid.py" line="289" name="test_neighbours_entry_values_unique[&lt;lambda&gt;40]" time="0.0004119873046875"><skipped message="Suite splitting in effect" type="pytest.skip">src/pymortests/grid.py:289: Suite splitting in effect</skipped></testcase><testcase classname="src.pymortests.grid" file="src/pymortests/grid.py" line="289" name="test_neighbours_entry_values_unique[&lt;lambda&gt;41]" time="0.00038623809814453125"><skipped message="Suite splitting in effect" type="pytest.skip">src/pymortests/grid.py:289: Suite splitting in effect</skipped></testcase><testcase classname="src.pymortests.grid" file="src/pymortests/grid.py" line="289" name="test_neighbours_entry_values_unique[&lt;lambda&gt;42]" time="0.000453948974609375"><skipped message="Suite splitting in effect" type="pytest.skip">src/pymortests/grid.py:289: Suite splitting in effect</skipped></testcase><testcase classname="src.pymortests.grid" file="src/pymortests/grid.py" line="298" name="test_neighbours_each_entry_neighbour[&lt;lambda&gt;0]" time="0.0004024505615234375"><skipped message="Suite splitting in effect" type="pytest.skip">src/pymortests/grid.py:298: Suite splitting in effect</skipped></testcase><testcase classname="src.pymortests.grid" file="src/pymortests/grid.py" line="298" name="test_neighbours_each_entry_neighbour[&lt;lambda&gt;1]" time="0.0003859996795654297"><skipped message="Suite splitting in effect" type="pytest.skip">src/pymortests/grid.py:298: Suite splitting in effect</skipped></testcase><testcase classname="src.pymortests.grid" file="src/pymortests/grid.py" line="298" name="test_neighbours_each_entry_neighbour[&lt;lambda&gt;2]" time="0.0003955364227294922"><skipped message="Suite splitting in effect" type="pytest.skip">src/pymortests/grid.py:298: Suite splitting in effect</skipped></testcase><testcase classname="src.pymortests.grid" file="src/pymortests/grid.py" line="298" name="test_neighbours_each_entry_neighbour[&lt;lambda&gt;3]" time="0.0006570816040039062"><skipped message="Suite splitting in effect" type="pytest.skip">src/pymortests/grid.py:298: Suite splitting in effect</skipped></testcase><testcase classname="src.pymortests.grid" file="src/pymortests/grid.py" line="298" name="test_neighbours_each_entry_neighbour[&lt;lambda&gt;4]" time="0.00039696693420410156"><skipped message="Suite splitting in effect" type="pytest.skip">src/pymortests/grid.py:298: Suite splitting in effect</skipped></testcase><testcase classname="src.pymortests.grid" file="src/pymortests/grid.py" line="298" name="test_neighbours_each_entry_neighbour[&lt;lambda&gt;5]" time="0.0004115104675292969"><skipped message="Suite splitting in effect" type="pytest.skip">src/pymortests/grid.py:298: Suite splitting in effect</skipped></testcase><testcase classname="src.pymortests.grid" file="src/pymortests/grid.py" line="298" name="test_neighbours_each_entry_neighbour[&lt;lambda&gt;6]" time="0.00043463706970214844"><skipped message="Suite splitting in effect" type="pytest.skip">src/pymortests/grid.py:298: Suite splitting in effect</skipped></testcase><testcase classname="src.pymortests.grid" file="src/pymortests/grid.py" line="298" name="test_neighbours_each_entry_neighbour[&lt;lambda&gt;7]" time="0.00039124488830566406"><skipped message="Suite splitting in effect" type="pytest.skip">src/pymortests/grid.py:298: Suite splitting in effect</skipped></testcase><testcase classname="src.pymortests.grid" file="src/pymortests/grid.py" line="298" name="test_neighbours_each_entry_neighbour[&lt;lambda&gt;8]" time="0.00041222572326660156"><skipped message="Suite splitting in effect" type="pytest.skip">src/pymortests/grid.py:298: Suite splitting in effect</skipped></testcase><testcase classname="src.pymortests.grid" file="src/pymortests/grid.py" line="298" name="test_neighbours_each_entry_neighbour[&lt;lambda&gt;9]" time="0.0005185604095458984"><skipped message="Suite splitting in effect" type="pytest.skip">src/pymortests/grid.py:298: Suite splitting in effect</skipped></testcase><testcase classname="src.pymortests.grid" file="src/pymortests/grid.py" line="298" name="test_neighbours_each_entry_neighbour[&lt;lambda&gt;10]" time="0.00038886070251464844"><skipped message="Suite splitting in effect" type="pytest.skip">src/pymortests/grid.py:298: Suite splitting in effect</skipped></testcase><testcase classname="src.pymortests.grid" file="src/pymortests/grid.py" line="298" name="test_neighbours_each_entry_neighbour[&lt;lambda&gt;11]" time="0.0006890296936035156"><skipped message="Suite splitting in effect" type="pytest.skip">src/pymortests/grid.py:298: Suite splitting in effect</skipped></testcase><testcase classname="src.pymortests.grid" file="src/pymortests/grid.py" line="298" name="test_neighbours_each_entry_neighbour[&lt;lambda&gt;12]" time="0.00040721893310546875"><skipped message="Suite splitting in effect" type="pytest.skip">src/pymortests/grid.py:298: Suite splitting in effect</skipped></testcase><testcase classname="src.pymortests.grid" file="src/pymortests/grid.py" line="298" name="test_neighbours_each_entry_neighbour[&lt;lambda&gt;13]" time="0.00041747093200683594"><skipped message="Suite splitting in effect" type="pytest.skip">src/pymortests/grid.py:298: Suite splitting in effect</skipped></testcase><testcase classname="src.pymortests.grid" file="src/pymortests/grid.py" line="298" name="test_neighbours_each_entry_neighbour[&lt;lambda&gt;14]" time="0.00038933753967285156"><skipped message="Suite splitting in effect" type="pytest.skip">src/pymortests/grid.py:298: Suite splitting in effect</skipped></testcase><testcase classname="src.pymortests.grid" file="src/pymortests/grid.py" line="298" name="test_neighbours_each_entry_neighbour[&lt;lambda&gt;15]" time="0.000415802001953125"><skipped message="Suite splitting in effect" type="pytest.skip">src/pymortests/grid.py:298: Suite splitting in effect</skipped></testcase><testcase classname="src.pymortests.grid" file="src/pymortests/grid.py" line="298" name="test_neighbours_each_entry_neighbour[&lt;lambda&gt;16]" time="0.0004086494445800781"><skipped message="Suite splitting in effect" type="pytest.skip">src/pymortests/grid.py:298: Suite splitting in effect</skipped></testcase><testcase classname="src.pymortests.grid" file="src/pymortests/grid.py" line="298" name="test_neighbours_each_entry_neighbour[&lt;lambda&gt;17]" time="0.00038695335388183594"><skipped message="Suite splitting in effect" type="pytest.skip">src/pymortests/grid.py:298: Suite splitting in effect</skipped></testcase><testcase classname="src.pymortests.grid" file="src/pymortests/grid.py" line="298" name="test_neighbours_each_entry_neighbour[&lt;lambda&gt;18]" time="0.00038933753967285156"><skipped message="Suite splitting in effect" type="pytest.skip">src/pymortests/grid.py:298: Suite splitting in effect</skipped></testcase><testcase classname="src.pymortests.grid" file="src/pymortests/grid.py" line="298" name="test_neighbours_each_entry_neighbour[&lt;lambda&gt;19]" time="0.0008482933044433594"><skipped message="Suite splitting in effect" type="pytest.skip">src/pymortests/grid.py:298: Suite splitting in effect</skipped></testcase><testcase classname="src.pymortests.grid" file="src/pymortests/grid.py" line="298" name="test_neighbours_each_entry_neighbour[&lt;lambda&gt;20]" time="0.0004177093505859375"><skipped message="Suite splitting in effect" type="pytest.skip">src/pymortests/grid.py:298: Suite splitting in effect</skipped></testcase><testcase classname="src.pymortests.grid" file="src/pymortests/grid.py" line="298" name="test_neighbours_each_entry_neighbour[&lt;lambda&gt;21]" time="0.0003933906555175781"><skipped message="Suite splitting in effect" type="pytest.skip">src/pymortests/grid.py:298: Suite splitting in effect</skipped></testcase><testcase classname="src.pymortests.grid" file="src/pymortests/grid.py" line="298" name="test_neighbours_each_entry_neighbour[&lt;lambda&gt;22]" time="0.0003829002380371094"><skipped message="Suite splitting in effect" type="pytest.skip">src/pymortests/grid.py:298: Suite splitting in effect</skipped></testcase><testcase classname="src.pymortests.grid" file="src/pymortests/grid.py" line="298" name="test_neighbours_each_entry_neighbour[&lt;lambda&gt;23]" time="0.0004172325134277344"><skipped message="Suite splitting in effect" type="pytest.skip">src/pymortests/grid.py:298: Suite splitting in effect</skipped></testcase><testcase classname="src.pymortests.grid" file="src/pymortests/grid.py" line="298" name="test_neighbours_each_entry_neighbour[&lt;lambda&gt;24]" time="0.0003898143768310547"><skipped message="Suite splitting in effect" type="pytest.skip">src/pymortests/grid.py:298: Suite splitting in effect</skipped></testcase><testcase classname="src.pymortests.grid" file="src/pymortests/grid.py" line="298" name="test_neighbours_each_entry_neighbour[&lt;lambda&gt;25]" time="0.0004138946533203125"><skipped message="Suite splitting in effect" type="pytest.skip">src/pymortests/grid.py:298: Suite splitting in effect</skipped></testcase><testcase classname="src.pymortests.grid" file="src/pymortests/grid.py" line="298" name="test_neighbours_each_entry_neighbour[&lt;lambda&gt;26]" time="0.0003895759582519531"><skipped message="Suite splitting in effect" type="pytest.skip">src/pymortests/grid.py:298: Suite splitting in effect</skipped></testcase><testcase classname="src.pymortests.grid" file="src/pymortests/grid.py" line="298" name="test_neighbours_each_entry_neighbour[&lt;lambda&gt;27]" time="0.000644683837890625"><skipped message="Suite splitting in effect" type="pytest.skip">src/pymortests/grid.py:298: Suite splitting in effect</skipped></testcase><testcase classname="src.pymortests.grid" file="src/pymortests/grid.py" line="298" name="test_neighbours_each_entry_neighbour[&lt;lambda&gt;28]" time="0.0004107952117919922"><skipped message="Suite splitting in effect" type="pytest.skip">src/pymortests/grid.py:298: Suite splitting in effect</skipped></testcase><testcase classname="src.pymortests.grid" file="src/pymortests/grid.py" line="298" name="test_neighbours_each_entry_neighbour[&lt;lambda&gt;29]" time="0.00043129920959472656"><skipped message="Suite splitting in effect" type="pytest.skip">src/pymortests/grid.py:298: Suite splitting in effect</skipped></testcase><testcase classname="src.pymortests.grid" file="src/pymortests/grid.py" line="298" name="test_neighbours_each_entry_neighbour[&lt;lambda&gt;30]" time="0.0003948211669921875"><skipped message="Suite splitting in effect" type="pytest.skip">src/pymortests/grid.py:298: Suite splitting in effect</skipped></testcase><testcase classname="src.pymortests.grid" file="src/pymortests/grid.py" line="298" name="test_neighbours_each_entry_neighbour[&lt;lambda&gt;31]" time="0.0003952980041503906"><skipped message="Suite splitting in effect" type="pytest.skip">src/pymortests/grid.py:298: Suite splitting in effect</skipped></testcase><testcase classname="src.pymortests.grid" file="src/pymortests/grid.py" line="298" name="test_neighbours_each_entry_neighbour[&lt;lambda&gt;32]" time="0.0003864765167236328"><skipped message="Suite splitting in effect" type="pytest.skip">src/pymortests/grid.py:298: Suite splitting in effect</skipped></testcase><testcase classname="src.pymortests.grid" file="src/pymortests/grid.py" line="298" name="test_neighbours_each_entry_neighbour[&lt;lambda&gt;33]" time="0.00042748451232910156"><skipped message="Suite splitting in effect" type="pytest.skip">src/pymortests/grid.py:298: Suite splitting in effect</skipped></testcase><testcase classname="src.pymortests.grid" file="src/pymortests/grid.py" line="298" name="test_neighbours_each_entry_neighbour[&lt;lambda&gt;34]" time="0.0004220008850097656"><skipped message="Suite splitting in effect" type="pytest.skip">src/pymortests/grid.py:298: Suite splitting in effect</skipped></testcase><testcase classname="src.pymortests.grid" file="src/pymortests/grid.py" line="298" name="test_neighbours_each_entry_neighbour[&lt;lambda&gt;35]" time="0.0006997585296630859"><skipped message="Suite splitting in effect" type="pytest.skip">src/pymortests/grid.py:298: Suite splitting in effect</skipped></testcase><testcase classname="src.pymortests.grid" file="src/pymortests/grid.py" line="298" name="test_neighbours_each_entry_neighbour[&lt;lambda&gt;36]" time="0.0003898143768310547"><skipped message="Suite splitting in effect" type="pytest.skip">src/pymortests/grid.py:298: Suite splitting in effect</skipped></testcase><testcase classname="src.pymortests.grid" file="src/pymortests/grid.py" line="298" name="test_neighbours_each_entry_neighbour[&lt;lambda&gt;37]" time="0.0004172325134277344"><skipped message="Suite splitting in effect" type="pytest.skip">src/pymortests/grid.py:298: Suite splitting in effect</skipped></testcase><testcase classname="src.pymortests.grid" file="src/pymortests/grid.py" line="298" name="test_neighbours_each_entry_neighbour[&lt;lambda&gt;38]" time="0.0004172325134277344"><skipped message="Suite splitting in effect" type="pytest.skip">src/pymortests/grid.py:298: Suite splitting in effect</skipped></testcase><testcase classname="src.pymortests.grid" file="src/pymortests/grid.py" line="298" name="test_neighbours_each_entry_neighbour[&lt;lambda&gt;39]" time="0.00039076805114746094"><skipped message="Suite splitting in effect" type="pytest.skip">src/pymortests/grid.py:298: Suite splitting in effect</skipped></testcase><testcase classname="src.pymortests.grid" file="src/pymortests/grid.py" line="298" name="test_neighbours_each_entry_neighbour[&lt;lambda&gt;40]" time="0.00044465065002441406"><skipped message="Suite splitting in effect" type="pytest.skip">src/pymortests/grid.py:298: Suite splitting in effect</skipped></testcase><testcase classname="src.pymortests.grid" file="src/pymortests/grid.py" line="298" name="test_neighbours_each_entry_neighbour[&lt;lambda&gt;41]" time="0.00039505958557128906"><skipped message="Suite splitting in effect" type="pytest.skip">src/pymortests/grid.py:298: Suite splitting in effect</skipped></testcase><testcase classname="src.pymortests.grid" file="src/pymortests/grid.py" line="298" name="test_neighbours_each_entry_neighbour[&lt;lambda&gt;42]" time="0.00039458274841308594"><skipped message="Suite splitting in effect" type="pytest.skip">src/pymortests/grid.py:298: Suite splitting in effect</skipped></testcase><testcase classname="src.pymortests.grid" file="src/pymortests/grid.py" line="314" name="test_neighbours_each_neighbour_has_entry[&lt;lambda&gt;0]" time="0.0006349086761474609"><skipped message="Suite splitting in effect" type="pytest.skip">src/pymortests/grid.py:314: Suite splitting in effect</skipped></testcase><testcase classname="src.pymortests.grid" file="src/pymortests/grid.py" line="314" name="test_neighbours_each_neighbour_has_entry[&lt;lambda&gt;1]" time="0.0004124641418457031"><skipped message="Suite splitting in effect" type="pytest.skip">src/pymortests/grid.py:314: Suite splitting in effect</skipped></testcase><testcase classname="src.pymortests.grid" file="src/pymortests/grid.py" line="314" name="test_neighbours_each_neighbour_has_entry[&lt;lambda&gt;2]" time="0.00040841102600097656"><skipped message="Suite splitting in effect" type="pytest.skip">src/pymortests/grid.py:314: Suite splitting in effect</skipped></testcase><testcase classname="src.pymortests.grid" file="src/pymortests/grid.py" line="314" name="test_neighbours_each_neighbour_has_entry[&lt;lambda&gt;3]" time="0.0003952980041503906"><skipped message="Suite splitting in effect" type="pytest.skip">src/pymortests/grid.py:314: Suite splitting in effect</skipped></testcase><testcase classname="src.pymortests.grid" file="src/pymortests/grid.py" line="314" name="test_neighbours_each_neighbour_has_entry[&lt;lambda&gt;4]" time="0.00040435791015625"><skipped message="Suite splitting in effect" type="pytest.skip">src/pymortests/grid.py:314: Suite splitting in effect</skipped></testcase><testcase classname="src.pymortests.grid" file="src/pymortests/grid.py" line="314" name="test_neighbours_each_neighbour_has_entry[&lt;lambda&gt;5]" time="0.0004296302795410156"><skipped message="Suite splitting in effect" type="pytest.skip">src/pymortests/grid.py:314: Suite splitting in effect</skipped></testcase><testcase classname="src.pymortests.grid" file="src/pymortests/grid.py" line="314" name="test_neighbours_each_neighbour_has_entry[&lt;lambda&gt;6]" time="0.0004467964172363281"><skipped message="Suite splitting in effect" type="pytest.skip">src/pymortests/grid.py:314: Suite splitting in effect</skipped></testcase><testcase classname="src.pymortests.grid" file="src/pymortests/grid.py" line="314" name="test_neighbours_each_neighbour_has_entry[&lt;lambda&gt;7]" time="0.0004208087921142578"><skipped message="Suite splitting in effect" type="pytest.skip">src/pymortests/grid.py:314: Suite splitting in effect</skipped></testcase><testcase classname="src.pymortests.grid" file="src/pymortests/grid.py" line="314" name="test_neighbours_each_neighbour_has_entry[&lt;lambda&gt;8]" time="0.0006513595581054688"><skipped message="Suite splitting in effect" type="pytest.skip">src/pymortests/grid.py:314: Suite splitting in effect</skipped></testcase><testcase classname="src.pymortests.grid" file="src/pymortests/grid.py" line="314" name="test_neighbours_each_neighbour_has_entry[&lt;lambda&gt;9]" time="0.0004227161407470703"><skipped message="Suite splitting in effect" type="pytest.skip">src/pymortests/grid.py:314: Suite splitting in effect</skipped></testcase><testcase classname="src.pymortests.grid" file="src/pymortests/grid.py" line="314" name="test_neighbours_each_neighbour_has_entry[&lt;lambda&gt;10]" time="0.00041675567626953125"><skipped message="Suite splitting in effect" type="pytest.skip">src/pymortests/grid.py:314: Suite splitting in effect</skipped></testcase><testcase classname="src.pymortests.grid" file="src/pymortests/grid.py" line="314" name="test_neighbours_each_neighbour_has_entry[&lt;lambda&gt;11]" time="0.00039005279541015625"><skipped message="Suite splitting in effect" type="pytest.skip">src/pymortests/grid.py:314: Suite splitting in effect</skipped></testcase><testcase classname="src.pymortests.grid" file="src/pymortests/grid.py" line="314" name="test_neighbours_each_neighbour_has_entry[&lt;lambda&gt;12]" time="0.0004284381866455078"><skipped message="Suite splitting in effect" type="pytest.skip">src/pymortests/grid.py:314: Suite splitting in effect</skipped></testcase><testcase classname="src.pymortests.grid" file="src/pymortests/grid.py" line="314" name="test_neighbours_each_neighbour_has_entry[&lt;lambda&gt;13]" time="0.0004093647003173828"><skipped message="Suite splitting in effect" type="pytest.skip">src/pymortests/grid.py:314: Suite splitting in effect</skipped></testcase><testcase classname="src.pymortests.grid" file="src/pymortests/grid.py" line="314" name="test_neighbours_each_neighbour_has_entry[&lt;lambda&gt;14]" time="0.00042366981506347656"><skipped message="Suite splitting in effect" type="pytest.skip">src/pymortests/grid.py:314: Suite splitting in effect</skipped></testcase><testcase classname="src.pymortests.grid" file="src/pymortests/grid.py" line="314" name="test_neighbours_each_neighbour_has_entry[&lt;lambda&gt;15]" time="0.0004055500030517578"><skipped message="Suite splitting in effect" type="pytest.skip">src/pymortests/grid.py:314: Suite splitting in effect</skipped></testcase><testcase classname="src.pymortests.grid" file="src/pymortests/grid.py" line="314" name="test_neighbours_each_neighbour_has_entry[&lt;lambda&gt;16]" time="0.0006866455078125"><skipped message="Suite splitting in effect" type="pytest.skip">src/pymortests/grid.py:314: Suite splitting in effect</skipped></testcase><testcase classname="src.pymortests.grid" file="src/pymortests/grid.py" line="314" name="test_neighbours_each_neighbour_has_entry[&lt;lambda&gt;17]" time="0.00038933753967285156"><skipped message="Suite splitting in effect" type="pytest.skip">src/pymortests/grid.py:314: Suite splitting in effect</skipped></testcase><testcase classname="src.pymortests.grid" file="src/pymortests/grid.py" line="314" name="test_neighbours_each_neighbour_has_entry[&lt;lambda&gt;18]" time="0.00044345855712890625"><skipped message="Suite splitting in effect" type="pytest.skip">src/pymortests/grid.py:314: Suite splitting in effect</skipped></testcase><testcase classname="src.pymortests.grid" file="src/pymortests/grid.py" line="314" name="test_neighbours_each_neighbour_has_entry[&lt;lambda&gt;19]" time="0.0003960132598876953"><skipped message="Suite splitting in effect" type="pytest.skip">src/pymortests/grid.py:314: Suite splitting in effect</skipped></testcase><testcase classname="src.pymortests.grid" file="src/pymortests/grid.py" line="314" name="test_neighbours_each_neighbour_has_entry[&lt;lambda&gt;20]" time="0.00041985511779785156"><skipped message="Suite splitting in effect" type="pytest.skip">src/pymortests/grid.py:314: Suite splitting in effect</skipped></testcase><testcase classname="src.pymortests.grid" file="src/pymortests/grid.py" line="314" name="test_neighbours_each_neighbour_has_entry[&lt;lambda&gt;21]" time="0.0004127025604248047"><skipped message="Suite splitting in effect" type="pytest.skip">src/pymortests/grid.py:314: Suite splitting in effect</skipped></testcase><testcase classname="src.pymortests.grid" file="src/pymortests/grid.py" line="314" name="test_neighbours_each_neighbour_has_entry[&lt;lambda&gt;22]" time="0.00039076805114746094"><skipped message="Suite splitting in effect" type="pytest.skip">src/pymortests/grid.py:314: Suite splitting in effect</skipped></testcase><testcase classname="src.pymortests.grid" file="src/pymortests/grid.py" line="314" name="test_neighbours_each_neighbour_has_entry[&lt;lambda&gt;23]" time="0.0003871917724609375"><skipped message="Suite splitting in effect" type="pytest.skip">src/pymortests/grid.py:314: Suite splitting in effect</skipped></testcase><testcase classname="src.pymortests.grid" file="src/pymortests/grid.py" line="314" name="test_neighbours_each_neighbour_has_entry[&lt;lambda&gt;24]" time="0.0006551742553710938"><skipped message="Suite splitting in effect" type="pytest.skip">src/pymortests/grid.py:314: Suite splitting in effect</skipped></testcase><testcase classname="src.pymortests.grid" file="src/pymortests/grid.py" line="314" name="test_neighbours_each_neighbour_has_entry[&lt;lambda&gt;25]" time="0.0004134178161621094"><skipped message="Suite splitting in effect" type="pytest.skip">src/pymortests/grid.py:314: Suite splitting in effect</skipped></testcase><testcase classname="src.pymortests.grid" file="src/pymortests/grid.py" line="314" name="test_neighbours_each_neighbour_has_entry[&lt;lambda&gt;26]" time="0.00038361549377441406"><skipped message="Suite splitting in effect" type="pytest.skip">src/pymortests/grid.py:314: Suite splitting in effect</skipped></testcase><testcase classname="src.pymortests.grid" file="src/pymortests/grid.py" line="314" name="test_neighbours_each_neighbour_has_entry[&lt;lambda&gt;27]" time="0.00040984153747558594"><skipped message="Suite splitting in effect" type="pytest.skip">src/pymortests/grid.py:314: Suite splitting in effect</skipped></testcase><testcase classname="src.pymortests.grid" file="src/pymortests/grid.py" line="314" name="test_neighbours_each_neighbour_has_entry[&lt;lambda&gt;28]" time="0.00041174888610839844"><skipped message="Suite splitting in effect" type="pytest.skip">src/pymortests/grid.py:314: Suite splitting in effect</skipped></testcase><testcase classname="src.pymortests.grid" file="src/pymortests/grid.py" line="314" name="test_neighbours_each_neighbour_has_entry[&lt;lambda&gt;29]" time="0.0003871917724609375"><skipped message="Suite splitting in effect" type="pytest.skip">src/pymortests/grid.py:314: Suite splitting in effect</skipped></testcase><testcase classname="src.pymortests.grid" file="src/pymortests/grid.py" line="314" name="test_neighbours_each_neighbour_has_entry[&lt;lambda&gt;30]" time="0.0003840923309326172"><skipped message="Suite splitting in effect" type="pytest.skip">src/pymortests/grid.py:314: Suite splitting in effect</skipped></testcase><testcase classname="src.pymortests.grid" file="src/pymortests/grid.py" line="314" name="test_neighbours_each_neighbour_has_entry[&lt;lambda&gt;31]" time="0.00038361549377441406"><skipped message="Suite splitting in effect" type="pytest.skip">src/pymortests/grid.py:314: Suite splitting in effect</skipped></testcase><testcase classname="src.pymortests.grid" file="src/pymortests/grid.py" line="314" name="test_neighbours_each_neighbour_has_entry[&lt;lambda&gt;32]" time="0.0007011890411376953"><skipped message="Suite splitting in effect" type="pytest.skip">src/pymortests/grid.py:314: Suite splitting in effect</skipped></testcase><testcase classname="src.pymortests.grid" file="src/pymortests/grid.py" line="314" name="test_neighbours_each_neighbour_has_entry[&lt;lambda&gt;33]" time="0.0003871917724609375"><skipped message="Suite splitting in effect" type="pytest.skip">src/pymortests/grid.py:314: Suite splitting in effect</skipped></testcase><testcase classname="src.pymortests.grid" file="src/pymortests/grid.py" line="314" name="test_neighbours_each_neighbour_has_entry[&lt;lambda&gt;34]" time="0.00039386749267578125"><skipped message="Suite splitting in effect" type="pytest.skip">src/pymortests/grid.py:314: Suite splitting in effect</skipped></testcase><testcase classname="src.pymortests.grid" file="src/pymortests/grid.py" line="314" name="test_neighbours_each_neighbour_has_entry[&lt;lambda&gt;35]" time="0.0003910064697265625"><skipped message="Suite splitting in effect" type="pytest.skip">src/pymortests/grid.py:314: Suite splitting in effect</skipped></testcase><testcase classname="src.pymortests.grid" file="src/pymortests/grid.py" line="314" name="test_neighbours_each_neighbour_has_entry[&lt;lambda&gt;36]" time="0.0004436969757080078"><skipped message="Suite splitting in effect" type="pytest.skip">src/pymortests/grid.py:314: Suite splitting in effect</skipped></testcase><testcase classname="src.pymortests.grid" file="src/pymortests/grid.py" line="314" name="test_neighbours_each_neighbour_has_entry[&lt;lambda&gt;37]" time="0.00040793418884277344"><skipped message="Suite splitting in effect" type="pytest.skip">src/pymortests/grid.py:314: Suite splitting in effect</skipped></testcase><testcase classname="src.pymortests.grid" file="src/pymortests/grid.py" line="314" name="test_neighbours_each_neighbour_has_entry[&lt;lambda&gt;38]" time="0.0004050731658935547"><skipped message="Suite splitting in effect" type="pytest.skip">src/pymortests/grid.py:314: Suite splitting in effect</skipped></testcase><testcase classname="src.pymortests.grid" file="src/pymortests/grid.py" line="314" name="test_neighbours_each_neighbour_has_entry[&lt;lambda&gt;39]" time="0.0004096031188964844"><skipped message="Suite splitting in effect" type="pytest.skip">src/pymortests/grid.py:314: Suite splitting in effect</skipped></testcase><testcase classname="src.pymortests.grid" file="src/pymortests/grid.py" line="314" name="test_neighbours_each_neighbour_has_entry[&lt;lambda&gt;40]" time="0.0006241798400878906"><skipped message="Suite splitting in effect" type="pytest.skip">src/pymortests/grid.py:314: Suite splitting in effect</skipped></testcase><testcase classname="src.pymortests.grid" file="src/pymortests/grid.py" line="314" name="test_neighbours_each_neighbour_has_entry[&lt;lambda&gt;41]" time="0.00042724609375"><skipped message="Suite splitting in effect" type="pytest.skip">src/pymortests/grid.py:314: Suite splitting in effect</skipped></testcase><testcase classname="src.pymortests.grid" file="src/pymortests/grid.py" line="314" name="test_neighbours_each_neighbour_has_entry[&lt;lambda&gt;42]" time="0.0003886222839355469"><skipped message="Suite splitting in effect" type="pytest.skip">src/pymortests/grid.py:314: Suite splitting in effect</skipped></testcase><testcase classname="src.pymortests.grid" file="src/pymortests/grid.py" line="335" name="test_neighbours_not_neighbour_of_itself[&lt;lambda&gt;0]" time="0.0004012584686279297"><skipped message="Suite splitting in effect" type="pytest.skip">src/pymortests/grid.py:335: Suite splitting in effect</skipped></testcase><testcase classname="src.pymortests.grid" file="src/pymortests/grid.py" line="335" name="test_neighbours_not_neighbour_of_itself[&lt;lambda&gt;1]" time="0.0004050731658935547"><skipped message="Suite splitting in effect" type="pytest.skip">src/pymortests/grid.py:335: Suite splitting in effect</skipped></testcase><testcase classname="src.pymortests.grid" file="src/pymortests/grid.py" line="335" name="test_neighbours_not_neighbour_of_itself[&lt;lambda&gt;2]" time="0.0004153251647949219"><skipped message="Suite splitting in effect" type="pytest.skip">src/pymortests/grid.py:335: Suite splitting in effect</skipped></testcase><testcase classname="src.pymortests.grid" file="src/pymortests/grid.py" line="335" name="test_neighbours_not_neighbour_of_itself[&lt;lambda&gt;3]" time="0.0004127025604248047"><skipped message="Suite splitting in effect" type="pytest.skip">src/pymortests/grid.py:335: Suite splitting in effect</skipped></testcase><testcase classname="src.pymortests.grid" file="src/pymortests/grid.py" line="335" name="test_neighbours_not_neighbour_of_itself[&lt;lambda&gt;4]" time="0.0004138946533203125"><skipped message="Suite splitting in effect" type="pytest.skip">src/pymortests/grid.py:335: Suite splitting in effect</skipped></testcase><testcase classname="src.pymortests.grid" file="src/pymortests/grid.py" line="335" name="test_neighbours_not_neighbour_of_itself[&lt;lambda&gt;5]" time="0.0006349086761474609"><skipped message="Suite splitting in effect" type="pytest.skip">src/pymortests/grid.py:335: Suite splitting in effect</skipped></testcase><testcase classname="src.pymortests.grid" file="src/pymortests/grid.py" line="335" name="test_neighbours_not_neighbour_of_itself[&lt;lambda&gt;6]" time="0.0003986358642578125"><skipped message="Suite splitting in effect" type="pytest.skip">src/pymortests/grid.py:335: Suite splitting in effect</skipped></testcase><testcase classname="src.pymortests.grid" file="src/pymortests/grid.py" line="335" name="test_neighbours_not_neighbour_of_itself[&lt;lambda&gt;7]" time="0.0004086494445800781"><skipped message="Suite splitting in effect" type="pytest.skip">src/pymortests/grid.py:335: Suite splitting in effect</skipped></testcase><testcase classname="src.pymortests.grid" file="src/pymortests/grid.py" line="335" name="test_neighbours_not_neighbour_of_itself[&lt;lambda&gt;8]" time="0.0004317760467529297"><skipped message="Suite splitting in effect" type="pytest.skip">src/pymortests/grid.py:335: Suite splitting in effect</skipped></testcase><testcase classname="src.pymortests.grid" file="src/pymortests/grid.py" line="335" name="test_neighbours_not_neighbour_of_itself[&lt;lambda&gt;9]" time="0.00039315223693847656"><skipped message="Suite splitting in effect" type="pytest.skip">src/pymortests/grid.py:335: Suite splitting in effect</skipped></testcase><testcase classname="src.pymortests.grid" file="src/pymortests/grid.py" line="335" name="test_neighbours_not_neighbour_of_itself[&lt;lambda&gt;10]" time="0.00042629241943359375"><skipped message="Suite splitting in effect" type="pytest.skip">src/pymortests/grid.py:335: Suite splitting in effect</skipped></testcase><testcase classname="src.pymortests.grid" file="src/pymortests/grid.py" line="335" name="test_neighbours_not_neighbour_of_itself[&lt;lambda&gt;11]" time="0.0004184246063232422"><skipped message="Suite splitting in effect" type="pytest.skip">src/pymortests/grid.py:335: Suite splitting in effect</skipped></testcase><testcase classname="src.pymortests.grid" file="src/pymortests/grid.py" line="335" name="test_neighbours_not_neighbour_of_itself[&lt;lambda&gt;12]" time="0.0003876686096191406"><skipped message="Suite splitting in effect" type="pytest.skip">src/pymortests/grid.py:335: Suite splitting in effect</skipped></testcase><testcase classname="src.pymortests.grid" file="src/pymortests/grid.py" line="335" name="test_neighbours_not_neighbour_of_itself[&lt;lambda&gt;13]" time="0.0006837844848632812"><skipped message="Suite splitting in effect" type="pytest.skip">src/pymortests/grid.py:335: Suite splitting in effect</skipped></testcase><testcase classname="src.pymortests.grid" file="src/pymortests/grid.py" line="335" name="test_neighbours_not_neighbour_of_itself[&lt;lambda&gt;14]" time="0.00038886070251464844"><skipped message="Suite splitting in effect" type="pytest.skip">src/pymortests/grid.py:335: Suite splitting in effect</skipped></testcase><testcase classname="src.pymortests.grid" file="src/pymortests/grid.py" line="335" name="test_neighbours_not_neighbour_of_itself[&lt;lambda&gt;15]" time="0.000415802001953125"><skipped message="Suite splitting in effect" type="pytest.skip">src/pymortests/grid.py:335: Suite splitting in effect</skipped></testcase><testcase classname="src.pymortests.grid" file="src/pymortests/grid.py" line="335" name="test_neighbours_not_neighbour_of_itself[&lt;lambda&gt;16]" time="0.0004096031188964844"><skipped message="Suite splitting in effect" type="pytest.skip">src/pymortests/grid.py:335: Suite splitting in effect</skipped></testcase><testcase classname="src.pymortests.grid" file="src/pymortests/grid.py" line="335" name="test_neighbours_not_neighbour_of_itself[&lt;lambda&gt;17]" time="0.0004425048828125"><skipped message="Suite splitting in effect" type="pytest.skip">src/pymortests/grid.py:335: Suite splitting in effect</skipped></testcase><testcase classname="src.pymortests.grid" file="src/pymortests/grid.py" line="335" name="test_neighbours_not_neighbour_of_itself[&lt;lambda&gt;18]" time="0.00039124488830566406"><skipped message="Suite splitting in effect" type="pytest.skip">src/pymortests/grid.py:335: Suite splitting in effect</skipped></testcase><testcase classname="src.pymortests.grid" file="src/pymortests/grid.py" line="335" name="test_neighbours_not_neighbour_of_itself[&lt;lambda&gt;19]" time="0.00041031837463378906"><skipped message="Suite splitting in effect" type="pytest.skip">src/pymortests/grid.py:335: Suite splitting in effect</skipped></testcase><testcase classname="src.pymortests.grid" file="src/pymortests/grid.py" line="335" name="test_neighbours_not_neighbour_of_itself[&lt;lambda&gt;20]" time="0.0003941059112548828"><skipped message="Suite splitting in effect" type="pytest.skip">src/pymortests/grid.py:335: Suite splitting in effect</skipped></testcase><testcase classname="src.pymortests.grid" file="src/pymortests/grid.py" line="335" name="test_neighbours_not_neighbour_of_itself[&lt;lambda&gt;21]" time="0.0006911754608154297"><skipped message="Suite splitting in effect" type="pytest.skip">src/pymortests/grid.py:335: Suite splitting in effect</skipped></testcase><testcase classname="src.pymortests.grid" file="src/pymortests/grid.py" line="335" name="test_neighbours_not_neighbour_of_itself[&lt;lambda&gt;22]" time="0.000423431396484375"><skipped message="Suite splitting in effect" type="pytest.skip">src/pymortests/grid.py:335: Suite splitting in effect</skipped></testcase><testcase classname="src.pymortests.grid" file="src/pymortests/grid.py" line="335" name="test_neighbours_not_neighbour_of_itself[&lt;lambda&gt;23]" time="0.0004215240478515625"><skipped message="Suite splitting in effect" type="pytest.skip">src/pymortests/grid.py:335: Suite splitting in effect</skipped></testcase><testcase classname="src.pymortests.grid" file="src/pymortests/grid.py" line="335" name="test_neighbours_not_neighbour_of_itself[&lt;lambda&gt;24]" time="0.00040459632873535156"><skipped message="Suite splitting in effect" type="pytest.skip">src/pymortests/grid.py:335: Suite splitting in effect</skipped></testcase><testcase classname="src.pymortests.grid" file="src/pymortests/grid.py" line="335" name="test_neighbours_not_neighbour_of_itself[&lt;lambda&gt;25]" time="0.00039458274841308594"><skipped message="Suite splitting in effect" type="pytest.skip">src/pymortests/grid.py:335: Suite splitting in effect</skipped></testcase><testcase classname="src.pymortests.grid" file="src/pymortests/grid.py" line="335" name="test_neighbours_not_neighbour_of_itself[&lt;lambda&gt;26]" time="0.0003979206085205078"><skipped message="Suite splitting in effect" type="pytest.skip">src/pymortests/grid.py:335: Suite splitting in effect</skipped></testcase><testcase classname="src.pymortests.grid" file="src/pymortests/grid.py" line="335" name="test_neighbours_not_neighbour_of_itself[&lt;lambda&gt;27]" time="0.00039124488830566406"><skipped message="Suite splitting in effect" type="pytest.skip">src/pymortests/grid.py:335: Suite splitting in effect</skipped></testcase><testcase classname="src.pymortests.grid" file="src/pymortests/grid.py" line="335" name="test_neighbours_not_neighbour_of_itself[&lt;lambda&gt;28]" time="0.0003876686096191406"><skipped message="Suite splitting in effect" type="pytest.skip">src/pymortests/grid.py:335: Suite splitting in effect</skipped></testcase><testcase classname="src.pymortests.grid" file="src/pymortests/grid.py" line="335" name="test_neighbours_not_neighbour_of_itself[&lt;lambda&gt;29]" time="0.0008280277252197266"><skipped message="Suite splitting in effect" type="pytest.skip">src/pymortests/grid.py:335: Suite splitting in effect</skipped></testcase><testcase classname="src.pymortests.grid" file="src/pymortests/grid.py" line="335" name="test_neighbours_not_neighbour_of_itself[&lt;lambda&gt;30]" time="0.00042700767517089844"><skipped message="Suite splitting in effect" type="pytest.skip">src/pymortests/grid.py:335: Suite splitting in effect</skipped></testcase><testcase classname="src.pymortests.grid" file="src/pymortests/grid.py" line="335" name="test_neighbours_not_neighbour_of_itself[&lt;lambda&gt;31]" time="0.0003876686096191406"><skipped message="Suite splitting in effect" type="pytest.skip">src/pymortests/grid.py:335: Suite splitting in effect</skipped></testcase><testcase classname="src.pymortests.grid" file="src/pymortests/grid.py" line="335" name="test_neighbours_not_neighbour_of_itself[&lt;lambda&gt;32]" time="0.00038623809814453125"><skipped message="Suite splitting in effect" type="pytest.skip">src/pymortests/grid.py:335: Suite splitting in effect</skipped></testcase><testcase classname="src.pymortests.grid" file="src/pymortests/grid.py" line="335" name="test_neighbours_not_neighbour_of_itself[&lt;lambda&gt;33]" time="0.00039076805114746094"><skipped message="Suite splitting in effect" type="pytest.skip">src/pymortests/grid.py:335: Suite splitting in effect</skipped></testcase><testcase classname="src.pymortests.grid" file="src/pymortests/grid.py" line="335" name="test_neighbours_not_neighbour_of_itself[&lt;lambda&gt;34]" time="0.00039649009704589844"><skipped message="Suite splitting in effect" type="pytest.skip">src/pymortests/grid.py:335: Suite splitting in effect</skipped></testcase><testcase classname="src.pymortests.grid" file="src/pymortests/grid.py" line="335" name="test_neighbours_not_neighbour_of_itself[&lt;lambda&gt;35]" time="0.00040459632873535156"><skipped message="Suite splitting in effect" type="pytest.skip">src/pymortests/grid.py:335: Suite splitting in effect</skipped></testcase><testcase classname="src.pymortests.grid" file="src/pymortests/grid.py" line="335" name="test_neighbours_not_neighbour_of_itself[&lt;lambda&gt;36]" time="0.0004303455352783203"><skipped message="Suite splitting in effect" type="pytest.skip">src/pymortests/grid.py:335: Suite splitting in effect</skipped></testcase><testcase classname="src.pymortests.grid" file="src/pymortests/grid.py" line="335" name="test_neighbours_not_neighbour_of_itself[&lt;lambda&gt;37]" time="0.0006897449493408203"><skipped message="Suite splitting in effect" type="pytest.skip">src/pymortests/grid.py:335: Suite splitting in effect</skipped></testcase><testcase classname="src.pymortests.grid" file="src/pymortests/grid.py" line="335" name="test_neighbours_not_neighbour_of_itself[&lt;lambda&gt;38]" time="0.0004124641418457031"><skipped message="Suite splitting in effect" type="pytest.skip">src/pymortests/grid.py:335: Suite splitting in effect</skipped></testcase><testcase classname="src.pymortests.grid" file="src/pymortests/grid.py" line="335" name="test_neighbours_not_neighbour_of_itself[&lt;lambda&gt;39]" time="0.00038909912109375"><skipped message="Suite splitting in effect" type="pytest.skip">src/pymortests/grid.py:335: Suite splitting in effect</skipped></testcase><testcase classname="src.pymortests.grid" file="src/pymortests/grid.py" line="335" name="test_neighbours_not_neighbour_of_itself[&lt;lambda&gt;40]" time="0.00042319297790527344"><skipped message="Suite splitting in effect" type="pytest.skip">src/pymortests/grid.py:335: Suite splitting in effect</skipped></testcase><testcase classname="src.pymortests.grid" file="src/pymortests/grid.py" line="335" name="test_neighbours_not_neighbour_of_itself[&lt;lambda&gt;41]" time="0.00040602684020996094"><skipped message="Suite splitting in effect" type="pytest.skip">src/pymortests/grid.py:335: Suite splitting in effect</skipped></testcase><testcase classname="src.pymortests.grid" file="src/pymortests/grid.py" line="335" name="test_neighbours_not_neighbour_of_itself[&lt;lambda&gt;42]" time="0.0005445480346679688"><skipped message="Suite splitting in effect" type="pytest.skip">src/pymortests/grid.py:335: Suite splitting in effect</skipped></testcase><testcase classname="src.pymortests.grid" file="src/pymortests/grid.py" line="345" name="test_boundary_mask_wrong_arguments[&lt;lambda&gt;0]" time="0.0003814697265625"><skipped message="Suite splitting in effect" type="pytest.skip">src/pymortests/grid.py:345: Suite splitting in effect</skipped></testcase><testcase classname="src.pymortests.grid" file="src/pymortests/grid.py" line="345" name="test_boundary_mask_wrong_arguments[&lt;lambda&gt;1]" time="0.00044345855712890625"><skipped message="Suite splitting in effect" type="pytest.skip">src/pymortests/grid.py:345: Suite splitting in effect</skipped></testcase><testcase classname="src.pymortests.grid" file="src/pymortests/grid.py" line="345" name="test_boundary_mask_wrong_arguments[&lt;lambda&gt;2]" time="0.0006299018859863281"><skipped message="Suite splitting in effect" type="pytest.skip">src/pymortests/grid.py:345: Suite splitting in effect</skipped></testcase><testcase classname="src.pymortests.grid" file="src/pymortests/grid.py" line="345" name="test_boundary_mask_wrong_arguments[&lt;lambda&gt;3]" time="0.000385284423828125"><skipped message="Suite splitting in effect" type="pytest.skip">src/pymortests/grid.py:345: Suite splitting in effect</skipped></testcase><testcase classname="src.pymortests.grid" file="src/pymortests/grid.py" line="345" name="test_boundary_mask_wrong_arguments[&lt;lambda&gt;4]" time="0.00040030479431152344"><skipped message="Suite splitting in effect" type="pytest.skip">src/pymortests/grid.py:345: Suite splitting in effect</skipped></testcase><testcase classname="src.pymortests.grid" file="src/pymortests/grid.py" line="345" name="test_boundary_mask_wrong_arguments[&lt;lambda&gt;5]" time="0.0004189014434814453"><skipped message="Suite splitting in effect" type="pytest.skip">src/pymortests/grid.py:345: Suite splitting in effect</skipped></testcase><testcase classname="src.pymortests.grid" file="src/pymortests/grid.py" line="345" name="test_boundary_mask_wrong_arguments[&lt;lambda&gt;6]" time="0.0004067420959472656"><skipped message="Suite splitting in effect" type="pytest.skip">src/pymortests/grid.py:345: Suite splitting in effect</skipped></testcase><testcase classname="src.pymortests.grid" file="src/pymortests/grid.py" line="345" name="test_boundary_mask_wrong_arguments[&lt;lambda&gt;7]" time="0.00038504600524902344"><skipped message="Suite splitting in effect" type="pytest.skip">src/pymortests/grid.py:345: Suite splitting in effect</skipped></testcase><testcase classname="src.pymortests.grid" file="src/pymortests/grid.py" line="345" name="test_boundary_mask_wrong_arguments[&lt;lambda&gt;8]" time="0.0004265308380126953"><skipped message="Suite splitting in effect" type="pytest.skip">src/pymortests/grid.py:345: Suite splitting in effect</skipped></testcase><testcase classname="src.pymortests.grid" file="src/pymortests/grid.py" line="345" name="test_boundary_mask_wrong_arguments[&lt;lambda&gt;9]" time="0.00041174888610839844"><skipped message="Suite splitting in effect" type="pytest.skip">src/pymortests/grid.py:345: Suite splitting in effect</skipped></testcase><testcase classname="src.pymortests.grid" file="src/pymortests/grid.py" line="345" name="test_boundary_mask_wrong_arguments[&lt;lambda&gt;10]" time="0.0007410049438476562"><skipped message="Suite splitting in effect" type="pytest.skip">src/pymortests/grid.py:345: Suite splitting in effect</skipped></testcase><testcase classname="src.pymortests.grid" file="src/pymortests/grid.py" line="345" name="test_boundary_mask_wrong_arguments[&lt;lambda&gt;11]" time="0.00038933753967285156"><skipped message="Suite splitting in effect" type="pytest.skip">src/pymortests/grid.py:345: Suite splitting in effect</skipped></testcase><testcase classname="src.pymortests.grid" file="src/pymortests/grid.py" line="345" name="test_boundary_mask_wrong_arguments[&lt;lambda&gt;12]" time="0.0004239082336425781"><skipped message="Suite splitting in effect" type="pytest.skip">src/pymortests/grid.py:345: Suite splitting in effect</skipped></testcase><testcase classname="src.pymortests.grid" file="src/pymortests/grid.py" line="345" name="test_boundary_mask_wrong_arguments[&lt;lambda&gt;13]" time="0.000385284423828125"><skipped message="Suite splitting in effect" type="pytest.skip">src/pymortests/grid.py:345: Suite splitting in effect</skipped></testcase><testcase classname="src.pymortests.grid" file="src/pymortests/grid.py" line="345" name="test_boundary_mask_wrong_arguments[&lt;lambda&gt;14]" time="0.0003898143768310547"><skipped message="Suite splitting in effect" type="pytest.skip">src/pymortests/grid.py:345: Suite splitting in effect</skipped></testcase><testcase classname="src.pymortests.grid" file="src/pymortests/grid.py" line="345" name="test_boundary_mask_wrong_arguments[&lt;lambda&gt;15]" time="0.0003962516784667969"><skipped message="Suite splitting in effect" type="pytest.skip">src/pymortests/grid.py:345: Suite splitting in effect</skipped></testcase><testcase classname="src.pymortests.grid" file="src/pymortests/grid.py" line="345" name="test_boundary_mask_wrong_arguments[&lt;lambda&gt;16]" time="0.00042247772216796875"><skipped message="Suite splitting in effect" type="pytest.skip">src/pymortests/grid.py:345: Suite splitting in effect</skipped></testcase><testcase classname="src.pymortests.grid" file="src/pymortests/grid.py" line="345" name="test_boundary_mask_wrong_arguments[&lt;lambda&gt;17]" time="0.00041484832763671875"><skipped message="Suite splitting in effect" type="pytest.skip">src/pymortests/grid.py:345: Suite splitting in effect</skipped></testcase><testcase classname="src.pymortests.grid" file="src/pymortests/grid.py" line="345" name="test_boundary_mask_wrong_arguments[&lt;lambda&gt;18]" time="0.0006926059722900391"><skipped message="Suite splitting in effect" type="pytest.skip">src/pymortests/grid.py:345: Suite splitting in effect</skipped></testcase><testcase classname="src.pymortests.grid" file="src/pymortests/grid.py" line="345" name="test_boundary_mask_wrong_arguments[&lt;lambda&gt;19]" time="0.0004093647003173828"><skipped message="Suite splitting in effect" type="pytest.skip">src/pymortests/grid.py:345: Suite splitting in effect</skipped></testcase><testcase classname="src.pymortests.grid" file="src/pymortests/grid.py" line="345" name="test_boundary_mask_wrong_arguments[&lt;lambda&gt;20]" time="0.00041961669921875"><skipped message="Suite splitting in effect" type="pytest.skip">src/pymortests/grid.py:345: Suite splitting in effect</skipped></testcase><testcase classname="src.pymortests.grid" file="src/pymortests/grid.py" line="345" name="test_boundary_mask_wrong_arguments[&lt;lambda&gt;21]" time="0.0004127025604248047"><skipped message="Suite splitting in effect" type="pytest.skip">src/pymortests/grid.py:345: Suite splitting in effect</skipped></testcase><testcase classname="src.pymortests.grid" file="src/pymortests/grid.py" line="345" name="test_boundary_mask_wrong_arguments[&lt;lambda&gt;22]" time="0.00039839744567871094"><skipped message="Suite splitting in effect" type="pytest.skip">src/pymortests/grid.py:345: Suite splitting in effect</skipped></testcase><testcase classname="src.pymortests.grid" file="src/pymortests/grid.py" line="345" name="test_boundary_mask_wrong_arguments[&lt;lambda&gt;23]" time="0.00043272972106933594"><skipped message="Suite splitting in effect" type="pytest.skip">src/pymortests/grid.py:345: Suite splitting in effect</skipped></testcase><testcase classname="src.pymortests.grid" file="src/pymortests/grid.py" line="345" name="test_boundary_mask_wrong_arguments[&lt;lambda&gt;24]" time="0.000392913818359375"><skipped message="Suite splitting in effect" type="pytest.skip">src/pymortests/grid.py:345: Suite splitting in effect</skipped></testcase><testcase classname="src.pymortests.grid" file="src/pymortests/grid.py" line="345" name="test_boundary_mask_wrong_arguments[&lt;lambda&gt;25]" time="0.00039124488830566406"><skipped message="Suite splitting in effect" type="pytest.skip">src/pymortests/grid.py:345: Suite splitting in effect</skipped></testcase><testcase classname="src.pymortests.grid" file="src/pymortests/grid.py" line="345" name="test_boundary_mask_wrong_arguments[&lt;lambda&gt;26]" time="0.0006425380706787109"><skipped message="Suite splitting in effect" type="pytest.skip">src/pymortests/grid.py:345: Suite splitting in effect</skipped></testcase><testcase classname="src.pymortests.grid" file="src/pymortests/grid.py" line="345" name="test_boundary_mask_wrong_arguments[&lt;lambda&gt;27]" time="0.000392913818359375"><skipped message="Suite splitting in effect" type="pytest.skip">src/pymortests/grid.py:345: Suite splitting in effect</skipped></testcase><testcase classname="src.pymortests.grid" file="src/pymortests/grid.py" line="345" name="test_boundary_mask_wrong_arguments[&lt;lambda&gt;28]" time="0.000385284423828125"><skipped message="Suite splitting in effect" type="pytest.skip">src/pymortests/grid.py:345: Suite splitting in effect</skipped></testcase><testcase classname="src.pymortests.grid" file="src/pymortests/grid.py" line="345" name="test_boundary_mask_wrong_arguments[&lt;lambda&gt;29]" time="0.00041556358337402344"><skipped message="Suite splitting in effect" type="pytest.skip">src/pymortests/grid.py:345: Suite splitting in effect</skipped></testcase><testcase classname="src.pymortests.grid" file="src/pymortests/grid.py" line="345" name="test_boundary_mask_wrong_arguments[&lt;lambda&gt;30]" time="0.0004107952117919922"><skipped message="Suite splitting in effect" type="pytest.skip">src/pymortests/grid.py:345: Suite splitting in effect</skipped></testcase><testcase classname="src.pymortests.grid" file="src/pymortests/grid.py" line="345" name="test_boundary_mask_wrong_arguments[&lt;lambda&gt;31]" time="0.000415802001953125"><skipped message="Suite splitting in effect" type="pytest.skip">src/pymortests/grid.py:345: Suite splitting in effect</skipped></testcase><testcase classname="src.pymortests.grid" file="src/pymortests/grid.py" line="345" name="test_boundary_mask_wrong_arguments[&lt;lambda&gt;32]" time="0.00039315223693847656"><skipped message="Suite splitting in effect" type="pytest.skip">src/pymortests/grid.py:345: Suite splitting in effect</skipped></testcase><testcase classname="src.pymortests.grid" file="src/pymortests/grid.py" line="345" name="test_boundary_mask_wrong_arguments[&lt;lambda&gt;33]" time="0.0003921985626220703"><skipped message="Suite splitting in effect" type="pytest.skip">src/pymortests/grid.py:345: Suite splitting in effect</skipped></testcase><testcase classname="src.pymortests.grid" file="src/pymortests/grid.py" line="345" name="test_boundary_mask_wrong_arguments[&lt;lambda&gt;34]" time="0.0006854534149169922"><skipped message="Suite splitting in effect" type="pytest.skip">src/pymortests/grid.py:345: Suite splitting in effect</skipped></testcase><testcase classname="src.pymortests.grid" file="src/pymortests/grid.py" line="345" name="test_boundary_mask_wrong_arguments[&lt;lambda&gt;35]" time="0.0003857612609863281"><skipped message="Suite splitting in effect" type="pytest.skip">src/pymortests/grid.py:345: Suite splitting in effect</skipped></testcase><testcase classname="src.pymortests.grid" file="src/pymortests/grid.py" line="345" name="test_boundary_mask_wrong_arguments[&lt;lambda&gt;36]" time="0.00039005279541015625"><skipped message="Suite splitting in effect" type="pytest.skip">src/pymortests/grid.py:345: Suite splitting in effect</skipped></testcase><testcase classname="src.pymortests.grid" file="src/pymortests/grid.py" line="345" name="test_boundary_mask_wrong_arguments[&lt;lambda&gt;37]" time="0.0003905296325683594"><skipped message="Suite splitting in effect" type="pytest.skip">src/pymortests/grid.py:345: Suite splitting in effect</skipped></testcase><testcase classname="src.pymortests.grid" file="src/pymortests/grid.py" line="345" name="test_boundary_mask_wrong_arguments[&lt;lambda&gt;38]" time="0.0004229545593261719"><skipped message="Suite splitting in effect" type="pytest.skip">src/pymortests/grid.py:345: Suite splitting in effect</skipped></testcase><testcase classname="src.pymortests.grid" file="src/pymortests/grid.py" line="345" name="test_boundary_mask_wrong_arguments[&lt;lambda&gt;39]" time="0.0004105567932128906"><skipped message="Suite splitting in effect" type="pytest.skip">src/pymortests/grid.py:345: Suite splitting in effect</skipped></testcase><testcase classname="src.pymortests.grid" file="src/pymortests/grid.py" line="345" name="test_boundary_mask_wrong_arguments[&lt;lambda&gt;40]" time="0.0004143714904785156"><skipped message="Suite splitting in effect" type="pytest.skip">src/pymortests/grid.py:345: Suite splitting in effect</skipped></testcase><testcase classname="src.pymortests.grid" file="src/pymortests/grid.py" line="345" name="test_boundary_mask_wrong_arguments[&lt;lambda&gt;41]" time="0.0011518001556396484"><skipped message="Suite splitting in effect" type="pytest.skip">src/pymortests/grid.py:345: Suite splitting in effect</skipped></testcase><testcase classname="src.pymortests.grid" file="src/pymortests/grid.py" line="345" name="test_boundary_mask_wrong_arguments[&lt;lambda&gt;42]" time="0.0006465911865234375"><skipped message="Suite splitting in effect" type="pytest.skip">src/pymortests/grid.py:345: Suite splitting in effect</skipped></testcase><testcase classname="src.pymortests.grid" file="src/pymortests/grid.py" line="353" name="test_boundary_mask_shape[&lt;lambda&gt;0]" time="0.0004093647003173828"><skipped message="Suite splitting in effect" type="pytest.skip">src/pymortests/grid.py:353: Suite splitting in effect</skipped></testcase><testcase classname="src.pymortests.grid" file="src/pymortests/grid.py" line="353" name="test_boundary_mask_shape[&lt;lambda&gt;1]" time="0.0004069805145263672"><skipped message="Suite splitting in effect" type="pytest.skip">src/pymortests/grid.py:353: Suite splitting in effect</skipped></testcase><testcase classname="src.pymortests.grid" file="src/pymortests/grid.py" line="353" name="test_boundary_mask_shape[&lt;lambda&gt;2]" time="0.00039005279541015625"><skipped message="Suite splitting in effect" type="pytest.skip">src/pymortests/grid.py:353: Suite splitting in effect</skipped></testcase><testcase classname="src.pymortests.grid" file="src/pymortests/grid.py" line="353" name="test_boundary_mask_shape[&lt;lambda&gt;3]" time="0.00041413307189941406"><skipped message="Suite splitting in effect" type="pytest.skip">src/pymortests/grid.py:353: Suite splitting in effect</skipped></testcase><testcase classname="src.pymortests.grid" file="src/pymortests/grid.py" line="353" name="test_boundary_mask_shape[&lt;lambda&gt;4]" time="0.0004241466522216797"><skipped message="Suite splitting in effect" type="pytest.skip">src/pymortests/grid.py:353: Suite splitting in effect</skipped></testcase><testcase classname="src.pymortests.grid" file="src/pymortests/grid.py" line="353" name="test_boundary_mask_shape[&lt;lambda&gt;5]" time="0.000408172607421875"><skipped message="Suite splitting in effect" type="pytest.skip">src/pymortests/grid.py:353: Suite splitting in effect</skipped></testcase><testcase classname="src.pymortests.grid" file="src/pymortests/grid.py" line="353" name="test_boundary_mask_shape[&lt;lambda&gt;6]" time="0.00042939186096191406"><skipped message="Suite splitting in effect" type="pytest.skip">src/pymortests/grid.py:353: Suite splitting in effect</skipped></testcase><testcase classname="src.pymortests.grid" file="src/pymortests/grid.py" line="353" name="test_boundary_mask_shape[&lt;lambda&gt;7]" time="0.0006885528564453125"><skipped message="Suite splitting in effect" type="pytest.skip">src/pymortests/grid.py:353: Suite splitting in effect</skipped></testcase><testcase classname="src.pymortests.grid" file="src/pymortests/grid.py" line="353" name="test_boundary_mask_shape[&lt;lambda&gt;8]" time="0.00043845176696777344"><skipped message="Suite splitting in effect" type="pytest.skip">src/pymortests/grid.py:353: Suite splitting in effect</skipped></testcase><testcase classname="src.pymortests.grid" file="src/pymortests/grid.py" line="353" name="test_boundary_mask_shape[&lt;lambda&gt;9]" time="0.0004906654357910156"><skipped message="Suite splitting in effect" type="pytest.skip">src/pymortests/grid.py:353: Suite splitting in effect</skipped></testcase><testcase classname="src.pymortests.grid" file="src/pymortests/grid.py" line="353" name="test_boundary_mask_shape[&lt;lambda&gt;10]" time="0.0004200935363769531"><skipped message="Suite splitting in effect" type="pytest.skip">src/pymortests/grid.py:353: Suite splitting in effect</skipped></testcase><testcase classname="src.pymortests.grid" file="src/pymortests/grid.py" line="353" name="test_boundary_mask_shape[&lt;lambda&gt;11]" time="0.00041365623474121094"><skipped message="Suite splitting in effect" type="pytest.skip">src/pymortests/grid.py:353: Suite splitting in effect</skipped></testcase><testcase classname="src.pymortests.grid" file="src/pymortests/grid.py" line="353" name="test_boundary_mask_shape[&lt;lambda&gt;12]" time="0.0004210472106933594"><skipped message="Suite splitting in effect" type="pytest.skip">src/pymortests/grid.py:353: Suite splitting in effect</skipped></testcase><testcase classname="src.pymortests.grid" file="src/pymortests/grid.py" line="353" name="test_boundary_mask_shape[&lt;lambda&gt;13]" time="0.0004153251647949219"><skipped message="Suite splitting in effect" type="pytest.skip">src/pymortests/grid.py:353: Suite splitting in effect</skipped></testcase><testcase classname="src.pymortests.grid" file="src/pymortests/grid.py" line="353" name="test_boundary_mask_shape[&lt;lambda&gt;14]" time="0.00039649009704589844"><skipped message="Suite splitting in effect" type="pytest.skip">src/pymortests/grid.py:353: Suite splitting in effect</skipped></testcase><testcase classname="src.pymortests.grid" file="src/pymortests/grid.py" line="353" name="test_boundary_mask_shape[&lt;lambda&gt;15]" time="0.00067901611328125"><skipped message="Suite splitting in effect" type="pytest.skip">src/pymortests/grid.py:353: Suite splitting in effect</skipped></testcase><testcase classname="src.pymortests.grid" file="src/pymortests/grid.py" line="353" name="test_boundary_mask_shape[&lt;lambda&gt;16]" time="0.00042247772216796875"><skipped message="Suite splitting in effect" type="pytest.skip">src/pymortests/grid.py:353: Suite splitting in effect</skipped></testcase><testcase classname="src.pymortests.grid" file="src/pymortests/grid.py" line="353" name="test_boundary_mask_shape[&lt;lambda&gt;17]" time="0.0004127025604248047"><skipped message="Suite splitting in effect" type="pytest.skip">src/pymortests/grid.py:353: Suite splitting in effect</skipped></testcase><testcase classname="src.pymortests.grid" file="src/pymortests/grid.py" line="353" name="test_boundary_mask_shape[&lt;lambda&gt;18]" time="0.0003933906555175781"><skipped message="Suite splitting in effect" type="pytest.skip">src/pymortests/grid.py:353: Suite splitting in effect</skipped></testcase><testcase classname="src.pymortests.grid" file="src/pymortests/grid.py" line="353" name="test_boundary_mask_shape[&lt;lambda&gt;19]" time="0.000392913818359375"><skipped message="Suite splitting in effect" type="pytest.skip">src/pymortests/grid.py:353: Suite splitting in effect</skipped></testcase><testcase classname="src.pymortests.grid" file="src/pymortests/grid.py" line="353" name="test_boundary_mask_shape[&lt;lambda&gt;20]" time="0.0004127025604248047"><skipped message="Suite splitting in effect" type="pytest.skip">src/pymortests/grid.py:353: Suite splitting in effect</skipped></testcase><testcase classname="src.pymortests.grid" file="src/pymortests/grid.py" line="353" name="test_boundary_mask_shape[&lt;lambda&gt;21]" time="0.0004220008850097656"><skipped message="Suite splitting in effect" type="pytest.skip">src/pymortests/grid.py:353: Suite splitting in effect</skipped></testcase><testcase classname="src.pymortests.grid" file="src/pymortests/grid.py" line="353" name="test_boundary_mask_shape[&lt;lambda&gt;22]" time="0.0004115104675292969"><skipped message="Suite splitting in effect" type="pytest.skip">src/pymortests/grid.py:353: Suite splitting in effect</skipped></testcase><testcase classname="src.pymortests.grid" file="src/pymortests/grid.py" line="353" name="test_boundary_mask_shape[&lt;lambda&gt;23]" time="0.00069427490234375"><skipped message="Suite splitting in effect" type="pytest.skip">src/pymortests/grid.py:353: Suite splitting in effect</skipped></testcase><testcase classname="src.pymortests.grid" file="src/pymortests/grid.py" line="353" name="test_boundary_mask_shape[&lt;lambda&gt;24]" time="0.0003886222839355469"><skipped message="Suite splitting in effect" type="pytest.skip">src/pymortests/grid.py:353: Suite splitting in effect</skipped></testcase><testcase classname="src.pymortests.grid" file="src/pymortests/grid.py" line="353" name="test_boundary_mask_shape[&lt;lambda&gt;25]" time="0.00041985511779785156"><skipped message="Suite splitting in effect" type="pytest.skip">src/pymortests/grid.py:353: Suite splitting in effect</skipped></testcase><testcase classname="src.pymortests.grid" file="src/pymortests/grid.py" line="353" name="test_boundary_mask_shape[&lt;lambda&gt;26]" time="0.00044417381286621094"><skipped message="Suite splitting in effect" type="pytest.skip">src/pymortests/grid.py:353: Suite splitting in effect</skipped></testcase><testcase classname="src.pymortests.grid" file="src/pymortests/grid.py" line="353" name="test_boundary_mask_shape[&lt;lambda&gt;27]" time="0.00041961669921875"><skipped message="Suite splitting in effect" type="pytest.skip">src/pymortests/grid.py:353: Suite splitting in effect</skipped></testcase><testcase classname="src.pymortests.grid" file="src/pymortests/grid.py" line="353" name="test_boundary_mask_shape[&lt;lambda&gt;28]" time="0.0004115104675292969"><skipped message="Suite splitting in effect" type="pytest.skip">src/pymortests/grid.py:353: Suite splitting in effect</skipped></testcase><testcase classname="src.pymortests.grid" file="src/pymortests/grid.py" line="353" name="test_boundary_mask_shape[&lt;lambda&gt;29]" time="0.0003952980041503906"><skipped message="Suite splitting in effect" type="pytest.skip">src/pymortests/grid.py:353: Suite splitting in effect</skipped></testcase><testcase classname="src.pymortests.grid" file="src/pymortests/grid.py" line="353" name="test_boundary_mask_shape[&lt;lambda&gt;30]" time="0.0003974437713623047"><skipped message="Suite splitting in effect" type="pytest.skip">src/pymortests/grid.py:353: Suite splitting in effect</skipped></testcase><testcase classname="src.pymortests.grid" file="src/pymortests/grid.py" line="353" name="test_boundary_mask_shape[&lt;lambda&gt;31]" time="0.0006754398345947266"><skipped message="Suite splitting in effect" type="pytest.skip">src/pymortests/grid.py:353: Suite splitting in effect</skipped></testcase><testcase classname="src.pymortests.grid" file="src/pymortests/grid.py" line="353" name="test_boundary_mask_shape[&lt;lambda&gt;32]" time="0.0004134178161621094"><skipped message="Suite splitting in effect" type="pytest.skip">src/pymortests/grid.py:353: Suite splitting in effect</skipped></testcase><testcase classname="src.pymortests.grid" file="src/pymortests/grid.py" line="353" name="test_boundary_mask_shape[&lt;lambda&gt;33]" time="0.0003998279571533203"><skipped message="Suite splitting in effect" type="pytest.skip">src/pymortests/grid.py:353: Suite splitting in effect</skipped></testcase><testcase classname="src.pymortests.grid" file="src/pymortests/grid.py" line="353" name="test_boundary_mask_shape[&lt;lambda&gt;34]" time="0.00039315223693847656"><skipped message="Suite splitting in effect" type="pytest.skip">src/pymortests/grid.py:353: Suite splitting in effect</skipped></testcase><testcase classname="src.pymortests.grid" file="src/pymortests/grid.py" line="353" name="test_boundary_mask_shape[&lt;lambda&gt;35]" time="0.0003902912139892578"><skipped message="Suite splitting in effect" type="pytest.skip">src/pymortests/grid.py:353: Suite splitting in effect</skipped></testcase><testcase classname="src.pymortests.grid" file="src/pymortests/grid.py" line="353" name="test_boundary_mask_shape[&lt;lambda&gt;36]" time="0.0004143714904785156"><skipped message="Suite splitting in effect" type="pytest.skip">src/pymortests/grid.py:353: Suite splitting in effect</skipped></testcase><testcase classname="src.pymortests.grid" file="src/pymortests/grid.py" line="353" name="test_boundary_mask_shape[&lt;lambda&gt;37]" time="0.0004336833953857422"><skipped message="Suite splitting in effect" type="pytest.skip">src/pymortests/grid.py:353: Suite splitting in effect</skipped></testcase><testcase classname="src.pymortests.grid" file="src/pymortests/grid.py" line="353" name="test_boundary_mask_shape[&lt;lambda&gt;38]" time="0.00039386749267578125"><skipped message="Suite splitting in effect" type="pytest.skip">src/pymortests/grid.py:353: Suite splitting in effect</skipped></testcase><testcase classname="src.pymortests.grid" file="src/pymortests/grid.py" line="353" name="test_boundary_mask_shape[&lt;lambda&gt;39]" time="0.0008664131164550781"><skipped message="Suite splitting in effect" type="pytest.skip">src/pymortests/grid.py:353: Suite splitting in effect</skipped></testcase><testcase classname="src.pymortests.grid" file="src/pymortests/grid.py" line="353" name="test_boundary_mask_shape[&lt;lambda&gt;40]" time="0.00041675567626953125"><skipped message="Suite splitting in effect" type="pytest.skip">src/pymortests/grid.py:353: Suite splitting in effect</skipped></testcase><testcase classname="src.pymortests.grid" file="src/pymortests/grid.py" line="353" name="test_boundary_mask_shape[&lt;lambda&gt;41]" time="0.0003859996795654297"><skipped message="Suite splitting in effect" type="pytest.skip">src/pymortests/grid.py:353: Suite splitting in effect</skipped></testcase><testcase classname="src.pymortests.grid" file="src/pymortests/grid.py" line="353" name="test_boundary_mask_shape[&lt;lambda&gt;42]" time="0.0004105567932128906"><skipped message="Suite splitting in effect" type="pytest.skip">src/pymortests/grid.py:353: Suite splitting in effect</skipped></testcase><testcase classname="src.pymortests.grid" file="src/pymortests/grid.py" line="359" name="test_boundary_mask_dtype[&lt;lambda&gt;0]" time="0.00041413307189941406"><skipped message="Suite splitting in effect" type="pytest.skip">src/pymortests/grid.py:359: Suite splitting in effect</skipped></testcase><testcase classname="src.pymortests.grid" file="src/pymortests/grid.py" line="359" name="test_boundary_mask_dtype[&lt;lambda&gt;1]" time="0.00038623809814453125"><skipped message="Suite splitting in effect" type="pytest.skip">src/pymortests/grid.py:359: Suite splitting in effect</skipped></testcase><testcase classname="src.pymortests.grid" file="src/pymortests/grid.py" line="359" name="test_boundary_mask_dtype[&lt;lambda&gt;2]" time="0.0004241466522216797"><skipped message="Suite splitting in effect" type="pytest.skip">src/pymortests/grid.py:359: Suite splitting in effect</skipped></testcase><testcase classname="src.pymortests.grid" file="src/pymortests/grid.py" line="359" name="test_boundary_mask_dtype[&lt;lambda&gt;3]" time="0.00038933753967285156"><skipped message="Suite splitting in effect" type="pytest.skip">src/pymortests/grid.py:359: Suite splitting in effect</skipped></testcase><testcase classname="src.pymortests.grid" file="src/pymortests/grid.py" line="359" name="test_boundary_mask_dtype[&lt;lambda&gt;4]" time="0.0006923675537109375"><skipped message="Suite splitting in effect" type="pytest.skip">src/pymortests/grid.py:359: Suite splitting in effect</skipped></testcase><testcase classname="src.pymortests.grid" file="src/pymortests/grid.py" line="359" name="test_boundary_mask_dtype[&lt;lambda&gt;5]" time="0.0003943443298339844"><skipped message="Suite splitting in effect" type="pytest.skip">src/pymortests/grid.py:359: Suite splitting in effect</skipped></testcase><testcase classname="src.pymortests.grid" file="src/pymortests/grid.py" line="359" name="test_boundary_mask_dtype[&lt;lambda&gt;6]" time="0.0003864765167236328"><skipped message="Suite splitting in effect" type="pytest.skip">src/pymortests/grid.py:359: Suite splitting in effect</skipped></testcase><testcase classname="src.pymortests.grid" file="src/pymortests/grid.py" line="359" name="test_boundary_mask_dtype[&lt;lambda&gt;7]" time="0.00040531158447265625"><skipped message="Suite splitting in effect" type="pytest.skip">src/pymortests/grid.py:359: Suite splitting in effect</skipped></testcase><testcase classname="src.pymortests.grid" file="src/pymortests/grid.py" line="359" name="test_boundary_mask_dtype[&lt;lambda&gt;8]" time="0.0004153251647949219"><skipped message="Suite splitting in effect" type="pytest.skip">src/pymortests/grid.py:359: Suite splitting in effect</skipped></testcase><testcase classname="src.pymortests.grid" file="src/pymortests/grid.py" line="359" name="test_boundary_mask_dtype[&lt;lambda&gt;9]" time="0.0004112720489501953"><skipped message="Suite splitting in effect" type="pytest.skip">src/pymortests/grid.py:359: Suite splitting in effect</skipped></testcase><testcase classname="src.pymortests.grid" file="src/pymortests/grid.py" line="359" name="test_boundary_mask_dtype[&lt;lambda&gt;10]" time="0.0004012584686279297"><skipped message="Suite splitting in effect" type="pytest.skip">src/pymortests/grid.py:359: Suite splitting in effect</skipped></testcase><testcase classname="src.pymortests.grid" file="src/pymortests/grid.py" line="359" name="test_boundary_mask_dtype[&lt;lambda&gt;11]" time="0.00044536590576171875"><skipped message="Suite splitting in effect" type="pytest.skip">src/pymortests/grid.py:359: Suite splitting in effect</skipped></testcase><testcase classname="src.pymortests.grid" file="src/pymortests/grid.py" line="359" name="test_boundary_mask_dtype[&lt;lambda&gt;12]" time="0.0007219314575195312"><skipped message="Suite splitting in effect" type="pytest.skip">src/pymortests/grid.py:359: Suite splitting in effect</skipped></testcase><testcase classname="src.pymortests.grid" file="src/pymortests/grid.py" line="359" name="test_boundary_mask_dtype[&lt;lambda&gt;13]" time="0.00039076805114746094"><skipped message="Suite splitting in effect" type="pytest.skip">src/pymortests/grid.py:359: Suite splitting in effect</skipped></testcase><testcase classname="src.pymortests.grid" file="src/pymortests/grid.py" line="359" name="test_boundary_mask_dtype[&lt;lambda&gt;14]" time="0.00041413307189941406"><skipped message="Suite splitting in effect" type="pytest.skip">src/pymortests/grid.py:359: Suite splitting in effect</skipped></testcase><testcase classname="src.pymortests.grid" file="src/pymortests/grid.py" line="359" name="test_boundary_mask_dtype[&lt;lambda&gt;15]" time="0.00041937828063964844"><skipped message="Suite splitting in effect" type="pytest.skip">src/pymortests/grid.py:359: Suite splitting in effect</skipped></testcase><testcase classname="src.pymortests.grid" file="src/pymortests/grid.py" line="359" name="test_boundary_mask_dtype[&lt;lambda&gt;16]" time="0.0004165172576904297"><skipped message="Suite splitting in effect" type="pytest.skip">src/pymortests/grid.py:359: Suite splitting in effect</skipped></testcase><testcase classname="src.pymortests.grid" file="src/pymortests/grid.py" line="359" name="test_boundary_mask_dtype[&lt;lambda&gt;17]" time="0.0004076957702636719"><skipped message="Suite splitting in effect" type="pytest.skip">src/pymortests/grid.py:359: Suite splitting in effect</skipped></testcase><testcase classname="src.pymortests.grid" file="src/pymortests/grid.py" line="359" name="test_boundary_mask_dtype[&lt;lambda&gt;18]" time="0.00041222572326660156"><skipped message="Suite splitting in effect" type="pytest.skip">src/pymortests/grid.py:359: Suite splitting in effect</skipped></testcase><testcase classname="src.pymortests.grid" file="src/pymortests/grid.py" line="359" name="test_boundary_mask_dtype[&lt;lambda&gt;19]" time="0.00039386749267578125"><skipped message="Suite splitting in effect" type="pytest.skip">src/pymortests/grid.py:359: Suite splitting in effect</skipped></testcase><testcase classname="src.pymortests.grid" file="src/pymortests/grid.py" line="359" name="test_boundary_mask_dtype[&lt;lambda&gt;20]" time="0.000644683837890625"><skipped message="Suite splitting in effect" type="pytest.skip">src/pymortests/grid.py:359: Suite splitting in effect</skipped></testcase><testcase classname="src.pymortests.grid" file="src/pymortests/grid.py" line="359" name="test_boundary_mask_dtype[&lt;lambda&gt;21]" time="0.0003871917724609375"><skipped message="Suite splitting in effect" type="pytest.skip">src/pymortests/grid.py:359: Suite splitting in effect</skipped></testcase><testcase classname="src.pymortests.grid" file="src/pymortests/grid.py" line="359" name="test_boundary_mask_dtype[&lt;lambda&gt;22]" time="0.00038552284240722656"><skipped message="Suite splitting in effect" type="pytest.skip">src/pymortests/grid.py:359: Suite splitting in effect</skipped></testcase><testcase classname="src.pymortests.grid" file="src/pymortests/grid.py" line="359" name="test_boundary_mask_dtype[&lt;lambda&gt;23]" time="0.00043654441833496094"><skipped message="Suite splitting in effect" type="pytest.skip">src/pymortests/grid.py:359: Suite splitting in effect</skipped></testcase><testcase classname="src.pymortests.grid" file="src/pymortests/grid.py" line="359" name="test_boundary_mask_dtype[&lt;lambda&gt;24]" time="0.0004105567932128906"><skipped message="Suite splitting in effect" type="pytest.skip">src/pymortests/grid.py:359: Suite splitting in effect</skipped></testcase><testcase classname="src.pymortests.grid" file="src/pymortests/grid.py" line="359" name="test_boundary_mask_dtype[&lt;lambda&gt;25]" time="0.0004189014434814453"><skipped message="Suite splitting in effect" type="pytest.skip">src/pymortests/grid.py:359: Suite splitting in effect</skipped></testcase><testcase classname="src.pymortests.grid" file="src/pymortests/grid.py" line="359" name="test_boundary_mask_dtype[&lt;lambda&gt;26]" time="0.0004131793975830078"><skipped message="Suite splitting in effect" type="pytest.skip">src/pymortests/grid.py:359: Suite splitting in effect</skipped></testcase><testcase classname="src.pymortests.grid" file="src/pymortests/grid.py" line="359" name="test_boundary_mask_dtype[&lt;lambda&gt;27]" time="0.00038909912109375"><skipped message="Suite splitting in effect" type="pytest.skip">src/pymortests/grid.py:359: Suite splitting in effect</skipped></testcase><testcase classname="src.pymortests.grid" file="src/pymortests/grid.py" line="359" name="test_boundary_mask_dtype[&lt;lambda&gt;28]" time="0.0006659030914306641"><skipped message="Suite splitting in effect" type="pytest.skip">src/pymortests/grid.py:359: Suite splitting in effect</skipped></testcase><testcase classname="src.pymortests.grid" file="src/pymortests/grid.py" line="359" name="test_boundary_mask_dtype[&lt;lambda&gt;29]" time="0.0004112720489501953"><skipped message="Suite splitting in effect" type="pytest.skip">src/pymortests/grid.py:359: Suite splitting in effect</skipped></testcase><testcase classname="src.pymortests.grid" file="src/pymortests/grid.py" line="359" name="test_boundary_mask_dtype[&lt;lambda&gt;30]" time="0.0003845691680908203"><skipped message="Suite splitting in effect" type="pytest.skip">src/pymortests/grid.py:359: Suite splitting in effect</skipped></testcase><testcase classname="src.pymortests.grid" file="src/pymortests/grid.py" line="359" name="test_boundary_mask_dtype[&lt;lambda&gt;31]" time="0.0003857612609863281"><skipped message="Suite splitting in effect" type="pytest.skip">src/pymortests/grid.py:359: Suite splitting in effect</skipped></testcase><testcase classname="src.pymortests.grid" file="src/pymortests/grid.py" line="359" name="test_boundary_mask_dtype[&lt;lambda&gt;32]" time="0.00040984153747558594"><skipped message="Suite splitting in effect" type="pytest.skip">src/pymortests/grid.py:359: Suite splitting in effect</skipped></testcase><testcase classname="src.pymortests.grid" file="src/pymortests/grid.py" line="359" name="test_boundary_mask_dtype[&lt;lambda&gt;33]" time="0.00041675567626953125"><skipped message="Suite splitting in effect" type="pytest.skip">src/pymortests/grid.py:359: Suite splitting in effect</skipped></testcase><testcase classname="src.pymortests.grid" file="src/pymortests/grid.py" line="359" name="test_boundary_mask_dtype[&lt;lambda&gt;34]" time="0.000392913818359375"><skipped message="Suite splitting in effect" type="pytest.skip">src/pymortests/grid.py:359: Suite splitting in effect</skipped></testcase><testcase classname="src.pymortests.grid" file="src/pymortests/grid.py" line="359" name="test_boundary_mask_dtype[&lt;lambda&gt;35]" time="0.00041294097900390625"><skipped message="Suite splitting in effect" type="pytest.skip">src/pymortests/grid.py:359: Suite splitting in effect</skipped></testcase><testcase classname="src.pymortests.grid" file="src/pymortests/grid.py" line="359" name="test_boundary_mask_dtype[&lt;lambda&gt;36]" time="0.0006618499755859375"><skipped message="Suite splitting in effect" type="pytest.skip">src/pymortests/grid.py:359: Suite splitting in effect</skipped></testcase><testcase classname="src.pymortests.grid" file="src/pymortests/grid.py" line="359" name="test_boundary_mask_dtype[&lt;lambda&gt;37]" time="0.0004100799560546875"><skipped message="Suite splitting in effect" type="pytest.skip">src/pymortests/grid.py:359: Suite splitting in effect</skipped></testcase><testcase classname="src.pymortests.grid" file="src/pymortests/grid.py" line="359" name="test_boundary_mask_dtype[&lt;lambda&gt;38]" time="0.0003857612609863281"><skipped message="Suite splitting in effect" type="pytest.skip">src/pymortests/grid.py:359: Suite splitting in effect</skipped></testcase><testcase classname="src.pymortests.grid" file="src/pymortests/grid.py" line="359" name="test_boundary_mask_dtype[&lt;lambda&gt;39]" time="0.0003898143768310547"><skipped message="Suite splitting in effect" type="pytest.skip">src/pymortests/grid.py:359: Suite splitting in effect</skipped></testcase><testcase classname="src.pymortests.grid" file="src/pymortests/grid.py" line="359" name="test_boundary_mask_dtype[&lt;lambda&gt;40]" time="0.0003943443298339844"><skipped message="Suite splitting in effect" type="pytest.skip">src/pymortests/grid.py:359: Suite splitting in effect</skipped></testcase><testcase classname="src.pymortests.grid" file="src/pymortests/grid.py" line="359" name="test_boundary_mask_dtype[&lt;lambda&gt;41]" time="0.0003948211669921875"><skipped message="Suite splitting in effect" type="pytest.skip">src/pymortests/grid.py:359: Suite splitting in effect</skipped></testcase><testcase classname="src.pymortests.grid" file="src/pymortests/grid.py" line="359" name="test_boundary_mask_dtype[&lt;lambda&gt;42]" time="0.0003826618194580078"><skipped message="Suite splitting in effect" type="pytest.skip">src/pymortests/grid.py:359: Suite splitting in effect</skipped></testcase><testcase classname="src.pymortests.grid" file="src/pymortests/grid.py" line="365" name="test_boundary_mask_entries_codim1[&lt;lambda&gt;0]" time="0.00041604042053222656"><skipped message="Suite splitting in effect" type="pytest.skip">src/pymortests/grid.py:365: Suite splitting in effect</skipped></testcase><testcase classname="src.pymortests.grid" file="src/pymortests/grid.py" line="365" name="test_boundary_mask_entries_codim1[&lt;lambda&gt;1]" time="0.0006277561187744141"><skipped message="Suite splitting in effect" type="pytest.skip">src/pymortests/grid.py:365: Suite splitting in effect</skipped></testcase><testcase classname="src.pymortests.grid" file="src/pymortests/grid.py" line="365" name="test_boundary_mask_entries_codim1[&lt;lambda&gt;2]" time="0.0004086494445800781"><skipped message="Suite splitting in effect" type="pytest.skip">src/pymortests/grid.py:365: Suite splitting in effect</skipped></testcase><testcase classname="src.pymortests.grid" file="src/pymortests/grid.py" line="365" name="test_boundary_mask_entries_codim1[&lt;lambda&gt;3]" time="0.00041556358337402344"><skipped message="Suite splitting in effect" type="pytest.skip">src/pymortests/grid.py:365: Suite splitting in effect</skipped></testcase><testcase classname="src.pymortests.grid" file="src/pymortests/grid.py" line="365" name="test_boundary_mask_entries_codim1[&lt;lambda&gt;4]" time="0.0003917217254638672"><skipped message="Suite splitting in effect" type="pytest.skip">src/pymortests/grid.py:365: Suite splitting in effect</skipped></testcase><testcase classname="src.pymortests.grid" file="src/pymortests/grid.py" line="365" name="test_boundary_mask_entries_codim1[&lt;lambda&gt;5]" time="0.00041294097900390625"><skipped message="Suite splitting in effect" type="pytest.skip">src/pymortests/grid.py:365: Suite splitting in effect</skipped></testcase><testcase classname="src.pymortests.grid" file="src/pymortests/grid.py" line="365" name="test_boundary_mask_entries_codim1[&lt;lambda&gt;6]" time="0.0003871917724609375"><skipped message="Suite splitting in effect" type="pytest.skip">src/pymortests/grid.py:365: Suite splitting in effect</skipped></testcase><testcase classname="src.pymortests.grid" file="src/pymortests/grid.py" line="365" name="test_boundary_mask_entries_codim1[&lt;lambda&gt;7]" time="0.0003859996795654297"><skipped message="Suite splitting in effect" type="pytest.skip">src/pymortests/grid.py:365: Suite splitting in effect</skipped></testcase><testcase classname="src.pymortests.grid" file="src/pymortests/grid.py" line="365" name="test_boundary_mask_entries_codim1[&lt;lambda&gt;8]" time="0.0004172325134277344"><skipped message="Suite splitting in effect" type="pytest.skip">src/pymortests/grid.py:365: Suite splitting in effect</skipped></testcase><testcase classname="src.pymortests.grid" file="src/pymortests/grid.py" line="365" name="test_boundary_mask_entries_codim1[&lt;lambda&gt;9]" time="0.0006434917449951172"><skipped message="Suite splitting in effect" type="pytest.skip">src/pymortests/grid.py:365: Suite splitting in effect</skipped></testcase><testcase classname="src.pymortests.grid" file="src/pymortests/grid.py" line="365" name="test_boundary_mask_entries_codim1[&lt;lambda&gt;10]" time="0.00040602684020996094"><skipped message="Suite splitting in effect" type="pytest.skip">src/pymortests/grid.py:365: Suite splitting in effect</skipped></testcase><testcase classname="src.pymortests.grid" file="src/pymortests/grid.py" line="365" name="test_boundary_mask_entries_codim1[&lt;lambda&gt;11]" time="0.0004923343658447266"><skipped message="Suite splitting in effect" type="pytest.skip">src/pymortests/grid.py:365: Suite splitting in effect</skipped></testcase><testcase classname="src.pymortests.grid" file="src/pymortests/grid.py" line="365" name="test_boundary_mask_entries_codim1[&lt;lambda&gt;12]" time="0.0004172325134277344"><skipped message="Suite splitting in effect" type="pytest.skip">src/pymortests/grid.py:365: Suite splitting in effect</skipped></testcase><testcase classname="src.pymortests.grid" file="src/pymortests/grid.py" line="365" name="test_boundary_mask_entries_codim1[&lt;lambda&gt;13]" time="0.00038743019104003906"><skipped message="Suite splitting in effect" type="pytest.skip">src/pymortests/grid.py:365: Suite splitting in effect</skipped></testcase><testcase classname="src.pymortests.grid" file="src/pymortests/grid.py" line="365" name="test_boundary_mask_entries_codim1[&lt;lambda&gt;14]" time="0.0004246234893798828"><skipped message="Suite splitting in effect" type="pytest.skip">src/pymortests/grid.py:365: Suite splitting in effect</skipped></testcase><testcase classname="src.pymortests.grid" file="src/pymortests/grid.py" line="365" name="test_boundary_mask_entries_codim1[&lt;lambda&gt;15]" time="0.00038170814514160156"><skipped message="Suite splitting in effect" type="pytest.skip">src/pymortests/grid.py:365: Suite splitting in effect</skipped></testcase><testcase classname="src.pymortests.grid" file="src/pymortests/grid.py" line="365" name="test_boundary_mask_entries_codim1[&lt;lambda&gt;16]" time="0.00041294097900390625"><skipped message="Suite splitting in effect" type="pytest.skip">src/pymortests/grid.py:365: Suite splitting in effect</skipped></testcase><testcase classname="src.pymortests.grid" file="src/pymortests/grid.py" line="365" name="test_boundary_mask_entries_codim1[&lt;lambda&gt;17]" time="0.0006401538848876953"><skipped message="Suite splitting in effect" type="pytest.skip">src/pymortests/grid.py:365: Suite splitting in effect</skipped></testcase><testcase classname="src.pymortests.grid" file="src/pymortests/grid.py" line="365" name="test_boundary_mask_entries_codim1[&lt;lambda&gt;18]" time="0.0003955364227294922"><skipped message="Suite splitting in effect" type="pytest.skip">src/pymortests/grid.py:365: Suite splitting in effect</skipped></testcase><testcase classname="src.pymortests.grid" file="src/pymortests/grid.py" line="365" name="test_boundary_mask_entries_codim1[&lt;lambda&gt;19]" time="0.0003879070281982422"><skipped message="Suite splitting in effect" type="pytest.skip">src/pymortests/grid.py:365: Suite splitting in effect</skipped></testcase><testcase classname="src.pymortests.grid" file="src/pymortests/grid.py" line="365" name="test_boundary_mask_entries_codim1[&lt;lambda&gt;20]" time="0.0004127025604248047"><skipped message="Suite splitting in effect" type="pytest.skip">src/pymortests/grid.py:365: Suite splitting in effect</skipped></testcase><testcase classname="src.pymortests.grid" file="src/pymortests/grid.py" line="365" name="test_boundary_mask_entries_codim1[&lt;lambda&gt;21]" time="0.0004131793975830078"><skipped message="Suite splitting in effect" type="pytest.skip">src/pymortests/grid.py:365: Suite splitting in effect</skipped></testcase><testcase classname="src.pymortests.grid" file="src/pymortests/grid.py" line="365" name="test_boundary_mask_entries_codim1[&lt;lambda&gt;22]" time="0.0004105567932128906"><skipped message="Suite splitting in effect" type="pytest.skip">src/pymortests/grid.py:365: Suite splitting in effect</skipped></testcase><testcase classname="src.pymortests.grid" file="src/pymortests/grid.py" line="365" name="test_boundary_mask_entries_codim1[&lt;lambda&gt;23]" time="0.0003871917724609375"><skipped message="Suite splitting in effect" type="pytest.skip">src/pymortests/grid.py:365: Suite splitting in effect</skipped></testcase><testcase classname="src.pymortests.grid" file="src/pymortests/grid.py" line="365" name="test_boundary_mask_entries_codim1[&lt;lambda&gt;24]" time="0.00038886070251464844"><skipped message="Suite splitting in effect" type="pytest.skip">src/pymortests/grid.py:365: Suite splitting in effect</skipped></testcase><testcase classname="src.pymortests.grid" file="src/pymortests/grid.py" line="365" name="test_boundary_mask_entries_codim1[&lt;lambda&gt;25]" time="0.0007028579711914062"><skipped message="Suite splitting in effect" type="pytest.skip">src/pymortests/grid.py:365: Suite splitting in effect</skipped></testcase><testcase classname="src.pymortests.grid" file="src/pymortests/grid.py" line="365" name="test_boundary_mask_entries_codim1[&lt;lambda&gt;26]" time="0.00040602684020996094"><skipped message="Suite splitting in effect" type="pytest.skip">src/pymortests/grid.py:365: Suite splitting in effect</skipped></testcase><testcase classname="src.pymortests.grid" file="src/pymortests/grid.py" line="365" name="test_boundary_mask_entries_codim1[&lt;lambda&gt;27]" time="0.0004124641418457031"><skipped message="Suite splitting in effect" type="pytest.skip">src/pymortests/grid.py:365: Suite splitting in effect</skipped></testcase><testcase classname="src.pymortests.grid" file="src/pymortests/grid.py" line="365" name="test_boundary_mask_entries_codim1[&lt;lambda&gt;28]" time="0.0003943443298339844"><skipped message="Suite splitting in effect" type="pytest.skip">src/pymortests/grid.py:365: Suite splitting in effect</skipped></testcase><testcase classname="src.pymortests.grid" file="src/pymortests/grid.py" line="365" name="test_boundary_mask_entries_codim1[&lt;lambda&gt;29]" time="0.0003924369812011719"><skipped message="Suite splitting in effect" type="pytest.skip">src/pymortests/grid.py:365: Suite splitting in effect</skipped></testcase><testcase classname="src.pymortests.grid" file="src/pymortests/grid.py" line="365" name="test_boundary_mask_entries_codim1[&lt;lambda&gt;30]" time="0.0004162788391113281"><skipped message="Suite splitting in effect" type="pytest.skip">src/pymortests/grid.py:365: Suite splitting in effect</skipped></testcase><testcase classname="src.pymortests.grid" file="src/pymortests/grid.py" line="365" name="test_boundary_mask_entries_codim1[&lt;lambda&gt;31]" time="0.0004146099090576172"><skipped message="Suite splitting in effect" type="pytest.skip">src/pymortests/grid.py:365: Suite splitting in effect</skipped></testcase><testcase classname="src.pymortests.grid" file="src/pymortests/grid.py" line="365" name="test_boundary_mask_entries_codim1[&lt;lambda&gt;32]" time="0.0004124641418457031"><skipped message="Suite splitting in effect" type="pytest.skip">src/pymortests/grid.py:365: Suite splitting in effect</skipped></testcase><testcase classname="src.pymortests.grid" file="src/pymortests/grid.py" line="365" name="test_boundary_mask_entries_codim1[&lt;lambda&gt;33]" time="0.000659942626953125"><skipped message="Suite splitting in effect" type="pytest.skip">src/pymortests/grid.py:365: Suite splitting in effect</skipped></testcase><testcase classname="src.pymortests.grid" file="src/pymortests/grid.py" line="365" name="test_boundary_mask_entries_codim1[&lt;lambda&gt;34]" time="0.0003914833068847656"><skipped message="Suite splitting in effect" type="pytest.skip">src/pymortests/grid.py:365: Suite splitting in effect</skipped></testcase><testcase classname="src.pymortests.grid" file="src/pymortests/grid.py" line="365" name="test_boundary_mask_entries_codim1[&lt;lambda&gt;35]" time="0.000423431396484375"><skipped message="Suite splitting in effect" type="pytest.skip">src/pymortests/grid.py:365: Suite splitting in effect</skipped></testcase><testcase classname="src.pymortests.grid" file="src/pymortests/grid.py" line="365" name="test_boundary_mask_entries_codim1[&lt;lambda&gt;36]" time="0.0004360675811767578"><skipped message="Suite splitting in effect" type="pytest.skip">src/pymortests/grid.py:365: Suite splitting in effect</skipped></testcase><testcase classname="src.pymortests.grid" file="src/pymortests/grid.py" line="365" name="test_boundary_mask_entries_codim1[&lt;lambda&gt;37]" time="0.0004124641418457031"><skipped message="Suite splitting in effect" type="pytest.skip">src/pymortests/grid.py:365: Suite splitting in effect</skipped></testcase><testcase classname="src.pymortests.grid" file="src/pymortests/grid.py" line="365" name="test_boundary_mask_entries_codim1[&lt;lambda&gt;38]" time="0.0003921985626220703"><skipped message="Suite splitting in effect" type="pytest.skip">src/pymortests/grid.py:365: Suite splitting in effect</skipped></testcase><testcase classname="src.pymortests.grid" file="src/pymortests/grid.py" line="365" name="test_boundary_mask_entries_codim1[&lt;lambda&gt;39]" time="0.0003879070281982422"><skipped message="Suite splitting in effect" type="pytest.skip">src/pymortests/grid.py:365: Suite splitting in effect</skipped></testcase><testcase classname="src.pymortests.grid" file="src/pymortests/grid.py" line="365" name="test_boundary_mask_entries_codim1[&lt;lambda&gt;40]" time="0.0004200935363769531"><skipped message="Suite splitting in effect" type="pytest.skip">src/pymortests/grid.py:365: Suite splitting in effect</skipped></testcase><testcase classname="src.pymortests.grid" file="src/pymortests/grid.py" line="365" name="test_boundary_mask_entries_codim1[&lt;lambda&gt;41]" time="0.0007071495056152344"><skipped message="Suite splitting in effect" type="pytest.skip">src/pymortests/grid.py:365: Suite splitting in effect</skipped></testcase><testcase classname="src.pymortests.grid" file="src/pymortests/grid.py" line="365" name="test_boundary_mask_entries_codim1[&lt;lambda&gt;42]" time="0.00038743019104003906"><skipped message="Suite splitting in effect" type="pytest.skip">src/pymortests/grid.py:365: Suite splitting in effect</skipped></testcase><testcase classname="src.pymortests.grid" file="src/pymortests/grid.py" line="374" name="test_boundary_mask_entries_codim0[&lt;lambda&gt;0]" time="0.0004076957702636719"><skipped message="Suite splitting in effect" type="pytest.skip">src/pymortests/grid.py:374: Suite splitting in effect</skipped></testcase><testcase classname="src.pymortests.grid" file="src/pymortests/grid.py" line="374" name="test_boundary_mask_entries_codim0[&lt;lambda&gt;1]" time="0.00041961669921875"><skipped message="Suite splitting in effect" type="pytest.skip">src/pymortests/grid.py:374: Suite splitting in effect</skipped></testcase><testcase classname="src.pymortests.grid" file="src/pymortests/grid.py" line="374" name="test_boundary_mask_entries_codim0[&lt;lambda&gt;2]" time="0.0004127025604248047"><skipped message="Suite splitting in effect" type="pytest.skip">src/pymortests/grid.py:374: Suite splitting in effect</skipped></testcase><testcase classname="src.pymortests.grid" file="src/pymortests/grid.py" line="374" name="test_boundary_mask_entries_codim0[&lt;lambda&gt;3]" time="0.00038909912109375"><skipped message="Suite splitting in effect" type="pytest.skip">src/pymortests/grid.py:374: Suite splitting in effect</skipped></testcase><testcase classname="src.pymortests.grid" file="src/pymortests/grid.py" line="374" name="test_boundary_mask_entries_codim0[&lt;lambda&gt;4]" time="0.00044798851013183594"><skipped message="Suite splitting in effect" type="pytest.skip">src/pymortests/grid.py:374: Suite splitting in effect</skipped></testcase><testcase classname="src.pymortests.grid" file="src/pymortests/grid.py" line="374" name="test_boundary_mask_entries_codim0[&lt;lambda&gt;5]" time="0.00038743019104003906"><skipped message="Suite splitting in effect" type="pytest.skip">src/pymortests/grid.py:374: Suite splitting in effect</skipped></testcase><testcase classname="src.pymortests.grid" file="src/pymortests/grid.py" line="374" name="test_boundary_mask_entries_codim0[&lt;lambda&gt;6]" time="0.0008192062377929688"><skipped message="Suite splitting in effect" type="pytest.skip">src/pymortests/grid.py:374: Suite splitting in effect</skipped></testcase><testcase classname="src.pymortests.grid" file="src/pymortests/grid.py" line="374" name="test_boundary_mask_entries_codim0[&lt;lambda&gt;7]" time="0.00041365623474121094"><skipped message="Suite splitting in effect" type="pytest.skip">src/pymortests/grid.py:374: Suite splitting in effect</skipped></testcase><testcase classname="src.pymortests.grid" file="src/pymortests/grid.py" line="374" name="test_boundary_mask_entries_codim0[&lt;lambda&gt;8]" time="0.0004379749298095703"><skipped message="Suite splitting in effect" type="pytest.skip">src/pymortests/grid.py:374: Suite splitting in effect</skipped></testcase><testcase classname="src.pymortests.grid" file="src/pymortests/grid.py" line="374" name="test_boundary_mask_entries_codim0[&lt;lambda&gt;9]" time="0.0004012584686279297"><skipped message="Suite splitting in effect" type="pytest.skip">src/pymortests/grid.py:374: Suite splitting in effect</skipped></testcase><testcase classname="src.pymortests.grid" file="src/pymortests/grid.py" line="374" name="test_boundary_mask_entries_codim0[&lt;lambda&gt;10]" time="0.0004105567932128906"><skipped message="Suite splitting in effect" type="pytest.skip">src/pymortests/grid.py:374: Suite splitting in effect</skipped></testcase><testcase classname="src.pymortests.grid" file="src/pymortests/grid.py" line="374" name="test_boundary_mask_entries_codim0[&lt;lambda&gt;11]" time="0.0003838539123535156"><skipped message="Suite splitting in effect" type="pytest.skip">src/pymortests/grid.py:374: Suite splitting in effect</skipped></testcase><testcase classname="src.pymortests.grid" file="src/pymortests/grid.py" line="374" name="test_boundary_mask_entries_codim0[&lt;lambda&gt;12]" time="0.0003943443298339844"><skipped message="Suite splitting in effect" type="pytest.skip">src/pymortests/grid.py:374: Suite splitting in effect</skipped></testcase><testcase classname="src.pymortests.grid" file="src/pymortests/grid.py" line="374" name="test_boundary_mask_entries_codim0[&lt;lambda&gt;13]" time="0.0004038810729980469"><skipped message="Suite splitting in effect" type="pytest.skip">src/pymortests/grid.py:374: Suite splitting in effect</skipped></testcase><testcase classname="src.pymortests.grid" file="src/pymortests/grid.py" line="374" name="test_boundary_mask_entries_codim0[&lt;lambda&gt;14]" time="0.0006859302520751953"><skipped message="Suite splitting in effect" type="pytest.skip">src/pymortests/grid.py:374: Suite splitting in effect</skipped></testcase><testcase classname="src.pymortests.grid" file="src/pymortests/grid.py" line="374" name="test_boundary_mask_entries_codim0[&lt;lambda&gt;15]" time="0.00039577484130859375"><skipped message="Suite splitting in effect" type="pytest.skip">src/pymortests/grid.py:374: Suite splitting in effect</skipped></testcase><testcase classname="src.pymortests.grid" file="src/pymortests/grid.py" line="374" name="test_boundary_mask_entries_codim0[&lt;lambda&gt;16]" time="0.0003879070281982422"><skipped message="Suite splitting in effect" type="pytest.skip">src/pymortests/grid.py:374: Suite splitting in effect</skipped></testcase><testcase classname="src.pymortests.grid" file="src/pymortests/grid.py" line="374" name="test_boundary_mask_entries_codim0[&lt;lambda&gt;17]" time="0.0004062652587890625"><skipped message="Suite splitting in effect" type="pytest.skip">src/pymortests/grid.py:374: Suite splitting in effect</skipped></testcase><testcase classname="src.pymortests.grid" file="src/pymortests/grid.py" line="374" name="test_boundary_mask_entries_codim0[&lt;lambda&gt;18]" time="0.0004439353942871094"><skipped message="Suite splitting in effect" type="pytest.skip">src/pymortests/grid.py:374: Suite splitting in effect</skipped></testcase><testcase classname="src.pymortests.grid" file="src/pymortests/grid.py" line="374" name="test_boundary_mask_entries_codim0[&lt;lambda&gt;19]" time="0.0003886222839355469"><skipped message="Suite splitting in effect" type="pytest.skip">src/pymortests/grid.py:374: Suite splitting in effect</skipped></testcase><testcase classname="src.pymortests.grid" file="src/pymortests/grid.py" line="374" name="test_boundary_mask_entries_codim0[&lt;lambda&gt;20]" time="0.000446319580078125"><skipped message="Suite splitting in effect" type="pytest.skip">src/pymortests/grid.py:374: Suite splitting in effect</skipped></testcase><testcase classname="src.pymortests.grid" file="src/pymortests/grid.py" line="374" name="test_boundary_mask_entries_codim0[&lt;lambda&gt;21]" time="0.00041103363037109375"><skipped message="Suite splitting in effect" type="pytest.skip">src/pymortests/grid.py:374: Suite splitting in effect</skipped></testcase><testcase classname="src.pymortests.grid" file="src/pymortests/grid.py" line="374" name="test_boundary_mask_entries_codim0[&lt;lambda&gt;22]" time="0.0006775856018066406"><skipped message="Suite splitting in effect" type="pytest.skip">src/pymortests/grid.py:374: Suite splitting in effect</skipped></testcase><testcase classname="src.pymortests.grid" file="src/pymortests/grid.py" line="374" name="test_boundary_mask_entries_codim0[&lt;lambda&gt;23]" time="0.00038623809814453125"><skipped message="Suite splitting in effect" type="pytest.skip">src/pymortests/grid.py:374: Suite splitting in effect</skipped></testcase><testcase classname="src.pymortests.grid" file="src/pymortests/grid.py" line="374" name="test_boundary_mask_entries_codim0[&lt;lambda&gt;24]" time="0.00041675567626953125"><skipped message="Suite splitting in effect" type="pytest.skip">src/pymortests/grid.py:374: Suite splitting in effect</skipped></testcase><testcase classname="src.pymortests.grid" file="src/pymortests/grid.py" line="374" name="test_boundary_mask_entries_codim0[&lt;lambda&gt;25]" time="0.00041174888610839844"><skipped message="Suite splitting in effect" type="pytest.skip">src/pymortests/grid.py:374: Suite splitting in effect</skipped></testcase><testcase classname="src.pymortests.grid" file="src/pymortests/grid.py" line="374" name="test_boundary_mask_entries_codim0[&lt;lambda&gt;26]" time="0.00038743019104003906"><skipped message="Suite splitting in effect" type="pytest.skip">src/pymortests/grid.py:374: Suite splitting in effect</skipped></testcase><testcase classname="src.pymortests.grid" file="src/pymortests/grid.py" line="374" name="test_boundary_mask_entries_codim0[&lt;lambda&gt;27]" time="0.00042057037353515625"><skipped message="Suite splitting in effect" type="pytest.skip">src/pymortests/grid.py:374: Suite splitting in effect</skipped></testcase><testcase classname="src.pymortests.grid" file="src/pymortests/grid.py" line="374" name="test_boundary_mask_entries_codim0[&lt;lambda&gt;28]" time="0.0004093647003173828"><skipped message="Suite splitting in effect" type="pytest.skip">src/pymortests/grid.py:374: Suite splitting in effect</skipped></testcase><testcase classname="src.pymortests.grid" file="src/pymortests/grid.py" line="374" name="test_boundary_mask_entries_codim0[&lt;lambda&gt;29]" time="0.0003895759582519531"><skipped message="Suite splitting in effect" type="pytest.skip">src/pymortests/grid.py:374: Suite splitting in effect</skipped></testcase><testcase classname="src.pymortests.grid" file="src/pymortests/grid.py" line="374" name="test_boundary_mask_entries_codim0[&lt;lambda&gt;30]" time="0.0006644725799560547"><skipped message="Suite splitting in effect" type="pytest.skip">src/pymortests/grid.py:374: Suite splitting in effect</skipped></testcase><testcase classname="src.pymortests.grid" file="src/pymortests/grid.py" line="374" name="test_boundary_mask_entries_codim0[&lt;lambda&gt;31]" time="0.00042700767517089844"><skipped message="Suite splitting in effect" type="pytest.skip">src/pymortests/grid.py:374: Suite splitting in effect</skipped></testcase><testcase classname="src.pymortests.grid" file="src/pymortests/grid.py" line="374" name="test_boundary_mask_entries_codim0[&lt;lambda&gt;32]" time="0.00038504600524902344"><skipped message="Suite splitting in effect" type="pytest.skip">src/pymortests/grid.py:374: Suite splitting in effect</skipped></testcase><testcase classname="src.pymortests.grid" file="src/pymortests/grid.py" line="374" name="test_boundary_mask_entries_codim0[&lt;lambda&gt;33]" time="0.0003883838653564453"><skipped message="Suite splitting in effect" type="pytest.skip">src/pymortests/grid.py:374: Suite splitting in effect</skipped></testcase><testcase classname="src.pymortests.grid" file="src/pymortests/grid.py" line="374" name="test_boundary_mask_entries_codim0[&lt;lambda&gt;34]" time="0.00039076805114746094"><skipped message="Suite splitting in effect" type="pytest.skip">src/pymortests/grid.py:374: Suite splitting in effect</skipped></testcase><testcase classname="src.pymortests.grid" file="src/pymortests/grid.py" line="374" name="test_boundary_mask_entries_codim0[&lt;lambda&gt;35]" time="0.00041413307189941406"><skipped message="Suite splitting in effect" type="pytest.skip">src/pymortests/grid.py:374: Suite splitting in effect</skipped></testcase><testcase classname="src.pymortests.grid" file="src/pymortests/grid.py" line="374" name="test_boundary_mask_entries_codim0[&lt;lambda&gt;36]" time="0.0004150867462158203"><skipped message="Suite splitting in effect" type="pytest.skip">src/pymortests/grid.py:374: Suite splitting in effect</skipped></testcase><testcase classname="src.pymortests.grid" file="src/pymortests/grid.py" line="374" name="test_boundary_mask_entries_codim0[&lt;lambda&gt;37]" time="0.00038909912109375"><skipped message="Suite splitting in effect" type="pytest.skip">src/pymortests/grid.py:374: Suite splitting in effect</skipped></testcase><testcase classname="src.pymortests.grid" file="src/pymortests/grid.py" line="374" name="test_boundary_mask_entries_codim0[&lt;lambda&gt;38]" time="0.0006508827209472656"><skipped message="Suite splitting in effect" type="pytest.skip">src/pymortests/grid.py:374: Suite splitting in effect</skipped></testcase><testcase classname="src.pymortests.grid" file="src/pymortests/grid.py" line="374" name="test_boundary_mask_entries_codim0[&lt;lambda&gt;39]" time="0.0004165172576904297"><skipped message="Suite splitting in effect" type="pytest.skip">src/pymortests/grid.py:374: Suite splitting in effect</skipped></testcase><testcase classname="src.pymortests.grid" file="src/pymortests/grid.py" line="374" name="test_boundary_mask_entries_codim0[&lt;lambda&gt;40]" time="0.0004096031188964844"><skipped message="Suite splitting in effect" type="pytest.skip">src/pymortests/grid.py:374: Suite splitting in effect</skipped></testcase><testcase classname="src.pymortests.grid" file="src/pymortests/grid.py" line="374" name="test_boundary_mask_entries_codim0[&lt;lambda&gt;41]" time="0.0004620552062988281"><skipped message="Suite splitting in effect" type="pytest.skip">src/pymortests/grid.py:374: Suite splitting in effect</skipped></testcase><testcase classname="src.pymortests.grid" file="src/pymortests/grid.py" line="374" name="test_boundary_mask_entries_codim0[&lt;lambda&gt;42]" time="0.00038433074951171875"><skipped message="Suite splitting in effect" type="pytest.skip">src/pymortests/grid.py:374: Suite splitting in effect</skipped></testcase><testcase classname="src.pymortests.grid" file="src/pymortests/grid.py" line="384" name="test_boundary_mask_entries_codim_d[&lt;lambda&gt;0]" time="0.0003879070281982422"><skipped message="Suite splitting in effect" type="pytest.skip">src/pymortests/grid.py:384: Suite splitting in effect</skipped></testcase><testcase classname="src.pymortests.grid" file="src/pymortests/grid.py" line="384" name="test_boundary_mask_entries_codim_d[&lt;lambda&gt;1]" time="0.00041222572326660156"><skipped message="Suite splitting in effect" type="pytest.skip">src/pymortests/grid.py:384: Suite splitting in effect</skipped></testcase><testcase classname="src.pymortests.grid" file="src/pymortests/grid.py" line="384" name="test_boundary_mask_entries_codim_d[&lt;lambda&gt;2]" time="0.00041747093200683594"><skipped message="Suite splitting in effect" type="pytest.skip">src/pymortests/grid.py:384: Suite splitting in effect</skipped></testcase><testcase classname="src.pymortests.grid" file="src/pymortests/grid.py" line="384" name="test_boundary_mask_entries_codim_d[&lt;lambda&gt;3]" time="0.0006721019744873047"><skipped message="Suite splitting in effect" type="pytest.skip">src/pymortests/grid.py:384: Suite splitting in effect</skipped></testcase><testcase classname="src.pymortests.grid" file="src/pymortests/grid.py" line="384" name="test_boundary_mask_entries_codim_d[&lt;lambda&gt;4]" time="0.0004093647003173828"><skipped message="Suite splitting in effect" type="pytest.skip">src/pymortests/grid.py:384: Suite splitting in effect</skipped></testcase><testcase classname="src.pymortests.grid" file="src/pymortests/grid.py" line="384" name="test_boundary_mask_entries_codim_d[&lt;lambda&gt;5]" time="0.0003840923309326172"><skipped message="Suite splitting in effect" type="pytest.skip">src/pymortests/grid.py:384: Suite splitting in effect</skipped></testcase><testcase classname="src.pymortests.grid" file="src/pymortests/grid.py" line="384" name="test_boundary_mask_entries_codim_d[&lt;lambda&gt;6]" time="0.0003879070281982422"><skipped message="Suite splitting in effect" type="pytest.skip">src/pymortests/grid.py:384: Suite splitting in effect</skipped></testcase><testcase classname="src.pymortests.grid" file="src/pymortests/grid.py" line="384" name="test_boundary_mask_entries_codim_d[&lt;lambda&gt;7]" time="0.0004119873046875"><skipped message="Suite splitting in effect" type="pytest.skip">src/pymortests/grid.py:384: Suite splitting in effect</skipped></testcase><testcase classname="src.pymortests.grid" file="src/pymortests/grid.py" line="384" name="test_boundary_mask_entries_codim_d[&lt;lambda&gt;8]" time="0.00043463706970214844"><skipped message="Suite splitting in effect" type="pytest.skip">src/pymortests/grid.py:384: Suite splitting in effect</skipped></testcase><testcase classname="src.pymortests.grid" file="src/pymortests/grid.py" line="384" name="test_boundary_mask_entries_codim_d[&lt;lambda&gt;9]" time="0.00041747093200683594"><skipped message="Suite splitting in effect" type="pytest.skip">src/pymortests/grid.py:384: Suite splitting in effect</skipped></testcase><testcase classname="src.pymortests.grid" file="src/pymortests/grid.py" line="384" name="test_boundary_mask_entries_codim_d[&lt;lambda&gt;10]" time="0.00043201446533203125"><skipped message="Suite splitting in effect" type="pytest.skip">src/pymortests/grid.py:384: Suite splitting in effect</skipped></testcase><testcase classname="src.pymortests.grid" file="src/pymortests/grid.py" line="384" name="test_boundary_mask_entries_codim_d[&lt;lambda&gt;11]" time="0.0006613731384277344"><skipped message="Suite splitting in effect" type="pytest.skip">src/pymortests/grid.py:384: Suite splitting in effect</skipped></testcase><testcase classname="src.pymortests.grid" file="src/pymortests/grid.py" line="384" name="test_boundary_mask_entries_codim_d[&lt;lambda&gt;12]" time="0.0003910064697265625"><skipped message="Suite splitting in effect" type="pytest.skip">src/pymortests/grid.py:384: Suite splitting in effect</skipped></testcase><testcase classname="src.pymortests.grid" file="src/pymortests/grid.py" line="384" name="test_boundary_mask_entries_codim_d[&lt;lambda&gt;13]" time="0.00040984153747558594"><skipped message="Suite splitting in effect" type="pytest.skip">src/pymortests/grid.py:384: Suite splitting in effect</skipped></testcase><testcase classname="src.pymortests.grid" file="src/pymortests/grid.py" line="384" name="test_boundary_mask_entries_codim_d[&lt;lambda&gt;14]" time="0.0004124641418457031"><skipped message="Suite splitting in effect" type="pytest.skip">src/pymortests/grid.py:384: Suite splitting in effect</skipped></testcase><testcase classname="src.pymortests.grid" file="src/pymortests/grid.py" line="384" name="test_boundary_mask_entries_codim_d[&lt;lambda&gt;15]" time="0.0004036426544189453"><skipped message="Suite splitting in effect" type="pytest.skip">src/pymortests/grid.py:384: Suite splitting in effect</skipped></testcase><testcase classname="src.pymortests.grid" file="src/pymortests/grid.py" line="384" name="test_boundary_mask_entries_codim_d[&lt;lambda&gt;16]" time="0.00038123130798339844"><skipped message="Suite splitting in effect" type="pytest.skip">src/pymortests/grid.py:384: Suite splitting in effect</skipped></testcase><testcase classname="src.pymortests.grid" file="src/pymortests/grid.py" line="384" name="test_boundary_mask_entries_codim_d[&lt;lambda&gt;17]" time="0.0003879070281982422"><skipped message="Suite splitting in effect" type="pytest.skip">src/pymortests/grid.py:384: Suite splitting in effect</skipped></testcase><testcase classname="src.pymortests.grid" file="src/pymortests/grid.py" line="384" name="test_boundary_mask_entries_codim_d[&lt;lambda&gt;18]" time="0.0004107952117919922"><skipped message="Suite splitting in effect" type="pytest.skip">src/pymortests/grid.py:384: Suite splitting in effect</skipped></testcase><testcase classname="src.pymortests.grid" file="src/pymortests/grid.py" line="384" name="test_boundary_mask_entries_codim_d[&lt;lambda&gt;19]" time="0.0006718635559082031"><skipped message="Suite splitting in effect" type="pytest.skip">src/pymortests/grid.py:384: Suite splitting in effect</skipped></testcase><testcase classname="src.pymortests.grid" file="src/pymortests/grid.py" line="384" name="test_boundary_mask_entries_codim_d[&lt;lambda&gt;20]" time="0.0003924369812011719"><skipped message="Suite splitting in effect" type="pytest.skip">src/pymortests/grid.py:384: Suite splitting in effect</skipped></testcase><testcase classname="src.pymortests.grid" file="src/pymortests/grid.py" line="384" name="test_boundary_mask_entries_codim_d[&lt;lambda&gt;21]" time="0.0003867149353027344"><skipped message="Suite splitting in effect" type="pytest.skip">src/pymortests/grid.py:384: Suite splitting in effect</skipped></testcase><testcase classname="src.pymortests.grid" file="src/pymortests/grid.py" line="384" name="test_boundary_mask_entries_codim_d[&lt;lambda&gt;22]" time="0.0004124641418457031"><skipped message="Suite splitting in effect" type="pytest.skip">src/pymortests/grid.py:384: Suite splitting in effect</skipped></testcase><testcase classname="src.pymortests.grid" file="src/pymortests/grid.py" line="384" name="test_boundary_mask_entries_codim_d[&lt;lambda&gt;23]" time="0.00040912628173828125"><skipped message="Suite splitting in effect" type="pytest.skip">src/pymortests/grid.py:384: Suite splitting in effect</skipped></testcase><testcase classname="src.pymortests.grid" file="src/pymortests/grid.py" line="384" name="test_boundary_mask_entries_codim_d[&lt;lambda&gt;24]" time="0.00038695335388183594"><skipped message="Suite splitting in effect" type="pytest.skip">src/pymortests/grid.py:384: Suite splitting in effect</skipped></testcase><testcase classname="src.pymortests.grid" file="src/pymortests/grid.py" line="384" name="test_boundary_mask_entries_codim_d[&lt;lambda&gt;25]" time="0.00039958953857421875"><skipped message="Suite splitting in effect" type="pytest.skip">src/pymortests/grid.py:384: Suite splitting in effect</skipped></testcase><testcase classname="src.pymortests.grid" file="src/pymortests/grid.py" line="384" name="test_boundary_mask_entries_codim_d[&lt;lambda&gt;26]" time="0.0003948211669921875"><skipped message="Suite splitting in effect" type="pytest.skip">src/pymortests/grid.py:384: Suite splitting in effect</skipped></testcase><testcase classname="src.pymortests.grid" file="src/pymortests/grid.py" line="384" name="test_boundary_mask_entries_codim_d[&lt;lambda&gt;27]" time="0.0007193088531494141"><skipped message="Suite splitting in effect" type="pytest.skip">src/pymortests/grid.py:384: Suite splitting in effect</skipped></testcase><testcase classname="src.pymortests.grid" file="src/pymortests/grid.py" line="384" name="test_boundary_mask_entries_codim_d[&lt;lambda&gt;28]" time="0.000385284423828125"><skipped message="Suite splitting in effect" type="pytest.skip">src/pymortests/grid.py:384: Suite splitting in effect</skipped></testcase><testcase classname="src.pymortests.grid" file="src/pymortests/grid.py" line="384" name="test_boundary_mask_entries_codim_d[&lt;lambda&gt;29]" time="0.000385284423828125"><skipped message="Suite splitting in effect" type="pytest.skip">src/pymortests/grid.py:384: Suite splitting in effect</skipped></testcase><testcase classname="src.pymortests.grid" file="src/pymortests/grid.py" line="384" name="test_boundary_mask_entries_codim_d[&lt;lambda&gt;30]" time="0.0003886222839355469"><skipped message="Suite splitting in effect" type="pytest.skip">src/pymortests/grid.py:384: Suite splitting in effect</skipped></testcase><testcase classname="src.pymortests.grid" file="src/pymortests/grid.py" line="384" name="test_boundary_mask_entries_codim_d[&lt;lambda&gt;31]" time="0.0004153251647949219"><skipped message="Suite splitting in effect" type="pytest.skip">src/pymortests/grid.py:384: Suite splitting in effect</skipped></testcase><testcase classname="src.pymortests.grid" file="src/pymortests/grid.py" line="384" name="test_boundary_mask_entries_codim_d[&lt;lambda&gt;32]" time="0.0004322528839111328"><skipped message="Suite splitting in effect" type="pytest.skip">src/pymortests/grid.py:384: Suite splitting in effect</skipped></testcase><testcase classname="src.pymortests.grid" file="src/pymortests/grid.py" line="384" name="test_boundary_mask_entries_codim_d[&lt;lambda&gt;33]" time="0.00038909912109375"><skipped message="Suite splitting in effect" type="pytest.skip">src/pymortests/grid.py:384: Suite splitting in effect</skipped></testcase><testcase classname="src.pymortests.grid" file="src/pymortests/grid.py" line="384" name="test_boundary_mask_entries_codim_d[&lt;lambda&gt;34]" time="0.0003974437713623047"><skipped message="Suite splitting in effect" type="pytest.skip">src/pymortests/grid.py:384: Suite splitting in effect</skipped></testcase><testcase classname="src.pymortests.grid" file="src/pymortests/grid.py" line="384" name="test_boundary_mask_entries_codim_d[&lt;lambda&gt;35]" time="0.0006747245788574219"><skipped message="Suite splitting in effect" type="pytest.skip">src/pymortests/grid.py:384: Suite splitting in effect</skipped></testcase><testcase classname="src.pymortests.grid" file="src/pymortests/grid.py" line="384" name="test_boundary_mask_entries_codim_d[&lt;lambda&gt;36]" time="0.0004177093505859375"><skipped message="Suite splitting in effect" type="pytest.skip">src/pymortests/grid.py:384: Suite splitting in effect</skipped></testcase><testcase classname="src.pymortests.grid" file="src/pymortests/grid.py" line="384" name="test_boundary_mask_entries_codim_d[&lt;lambda&gt;37]" time="0.0004143714904785156"><skipped message="Suite splitting in effect" type="pytest.skip">src/pymortests/grid.py:384: Suite splitting in effect</skipped></testcase><testcase classname="src.pymortests.grid" file="src/pymortests/grid.py" line="384" name="test_boundary_mask_entries_codim_d[&lt;lambda&gt;38]" time="0.0003867149353027344"><skipped message="Suite splitting in effect" type="pytest.skip">src/pymortests/grid.py:384: Suite splitting in effect</skipped></testcase><testcase classname="src.pymortests.grid" file="src/pymortests/grid.py" line="384" name="test_boundary_mask_entries_codim_d[&lt;lambda&gt;39]" time="0.00039649009704589844"><skipped message="Suite splitting in effect" type="pytest.skip">src/pymortests/grid.py:384: Suite splitting in effect</skipped></testcase><testcase classname="src.pymortests.grid" file="src/pymortests/grid.py" line="384" name="test_boundary_mask_entries_codim_d[&lt;lambda&gt;40]" time="0.0004165172576904297"><skipped message="Suite splitting in effect" type="pytest.skip">src/pymortests/grid.py:384: Suite splitting in effect</skipped></testcase><testcase classname="src.pymortests.grid" file="src/pymortests/grid.py" line="384" name="test_boundary_mask_entries_codim_d[&lt;lambda&gt;41]" time="0.00041365623474121094"><skipped message="Suite splitting in effect" type="pytest.skip">src/pymortests/grid.py:384: Suite splitting in effect</skipped></testcase><testcase classname="src.pymortests.grid" file="src/pymortests/grid.py" line="384" name="test_boundary_mask_entries_codim_d[&lt;lambda&gt;42]" time="0.000400543212890625"><skipped message="Suite splitting in effect" type="pytest.skip">src/pymortests/grid.py:384: Suite splitting in effect</skipped></testcase><testcase classname="src.pymortests.grid" file="src/pymortests/grid.py" line="395" name="test_boundaries_wrong_arguments[&lt;lambda&gt;0]" time="0.0008509159088134766"><skipped message="Suite splitting in effect" type="pytest.skip">src/pymortests/grid.py:395: Suite splitting in effect</skipped></testcase><testcase classname="src.pymortests.grid" file="src/pymortests/grid.py" line="395" name="test_boundaries_wrong_arguments[&lt;lambda&gt;1]" time="0.0004112720489501953"><skipped message="Suite splitting in effect" type="pytest.skip">src/pymortests/grid.py:395: Suite splitting in effect</skipped></testcase><testcase classname="src.pymortests.grid" file="src/pymortests/grid.py" line="395" name="test_boundaries_wrong_arguments[&lt;lambda&gt;2]" time="0.0004076957702636719"><skipped message="Suite splitting in effect" type="pytest.skip">src/pymortests/grid.py:395: Suite splitting in effect</skipped></testcase><testcase classname="src.pymortests.grid" file="src/pymortests/grid.py" line="395" name="test_boundaries_wrong_arguments[&lt;lambda&gt;3]" time="0.00040078163146972656"><skipped message="Suite splitting in effect" type="pytest.skip">src/pymortests/grid.py:395: Suite splitting in effect</skipped></testcase><testcase classname="src.pymortests.grid" file="src/pymortests/grid.py" line="395" name="test_boundaries_wrong_arguments[&lt;lambda&gt;4]" time="0.0003895759582519531"><skipped message="Suite splitting in effect" type="pytest.skip">src/pymortests/grid.py:395: Suite splitting in effect</skipped></testcase><testcase classname="src.pymortests.grid" file="src/pymortests/grid.py" line="395" name="test_boundaries_wrong_arguments[&lt;lambda&gt;5]" time="0.00042319297790527344"><skipped message="Suite splitting in effect" type="pytest.skip">src/pymortests/grid.py:395: Suite splitting in effect</skipped></testcase><testcase classname="src.pymortests.grid" file="src/pymortests/grid.py" line="395" name="test_boundaries_wrong_arguments[&lt;lambda&gt;6]" time="0.0004086494445800781"><skipped message="Suite splitting in effect" type="pytest.skip">src/pymortests/grid.py:395: Suite splitting in effect</skipped></testcase><testcase classname="src.pymortests.grid" file="src/pymortests/grid.py" line="395" name="test_boundaries_wrong_arguments[&lt;lambda&gt;7]" time="0.00041294097900390625"><skipped message="Suite splitting in effect" type="pytest.skip">src/pymortests/grid.py:395: Suite splitting in effect</skipped></testcase><testcase classname="src.pymortests.grid" file="src/pymortests/grid.py" line="395" name="test_boundaries_wrong_arguments[&lt;lambda&gt;8]" time="0.0007195472717285156"><skipped message="Suite splitting in effect" type="pytest.skip">src/pymortests/grid.py:395: Suite splitting in effect</skipped></testcase><testcase classname="src.pymortests.grid" file="src/pymortests/grid.py" line="395" name="test_boundaries_wrong_arguments[&lt;lambda&gt;9]" time="0.0004086494445800781"><skipped message="Suite splitting in effect" type="pytest.skip">src/pymortests/grid.py:395: Suite splitting in effect</skipped></testcase><testcase classname="src.pymortests.grid" file="src/pymortests/grid.py" line="395" name="test_boundaries_wrong_arguments[&lt;lambda&gt;10]" time="0.00040531158447265625"><skipped message="Suite splitting in effect" type="pytest.skip">src/pymortests/grid.py:395: Suite splitting in effect</skipped></testcase><testcase classname="src.pymortests.grid" file="src/pymortests/grid.py" line="395" name="test_boundaries_wrong_arguments[&lt;lambda&gt;11]" time="0.0004074573516845703"><skipped message="Suite splitting in effect" type="pytest.skip">src/pymortests/grid.py:395: Suite splitting in effect</skipped></testcase><testcase classname="src.pymortests.grid" file="src/pymortests/grid.py" line="395" name="test_boundaries_wrong_arguments[&lt;lambda&gt;12]" time="0.0003879070281982422"><skipped message="Suite splitting in effect" type="pytest.skip">src/pymortests/grid.py:395: Suite splitting in effect</skipped></testcase><testcase classname="src.pymortests.grid" file="src/pymortests/grid.py" line="395" name="test_boundaries_wrong_arguments[&lt;lambda&gt;13]" time="0.00042176246643066406"><skipped message="Suite splitting in effect" type="pytest.skip">src/pymortests/grid.py:395: Suite splitting in effect</skipped></testcase><testcase classname="src.pymortests.grid" file="src/pymortests/grid.py" line="395" name="test_boundaries_wrong_arguments[&lt;lambda&gt;14]" time="0.00039696693420410156"><skipped message="Suite splitting in effect" type="pytest.skip">src/pymortests/grid.py:395: Suite splitting in effect</skipped></testcase><testcase classname="src.pymortests.grid" file="src/pymortests/grid.py" line="395" name="test_boundaries_wrong_arguments[&lt;lambda&gt;15]" time="0.0004000663757324219"><skipped message="Suite splitting in effect" type="pytest.skip">src/pymortests/grid.py:395: Suite splitting in effect</skipped></testcase><testcase classname="src.pymortests.grid" file="src/pymortests/grid.py" line="395" name="test_boundaries_wrong_arguments[&lt;lambda&gt;16]" time="0.0008318424224853516"><skipped message="Suite splitting in effect" type="pytest.skip">src/pymortests/grid.py:395: Suite splitting in effect</skipped></testcase><testcase classname="src.pymortests.grid" file="src/pymortests/grid.py" line="395" name="test_boundaries_wrong_arguments[&lt;lambda&gt;17]" time="0.0004067420959472656"><skipped message="Suite splitting in effect" type="pytest.skip">src/pymortests/grid.py:395: Suite splitting in effect</skipped></testcase><testcase classname="src.pymortests.grid" file="src/pymortests/grid.py" line="395" name="test_boundaries_wrong_arguments[&lt;lambda&gt;18]" time="0.00043487548828125"><skipped message="Suite splitting in effect" type="pytest.skip">src/pymortests/grid.py:395: Suite splitting in effect</skipped></testcase><testcase classname="src.pymortests.grid" file="src/pymortests/grid.py" line="395" name="test_boundaries_wrong_arguments[&lt;lambda&gt;19]" time="0.00040912628173828125"><skipped message="Suite splitting in effect" type="pytest.skip">src/pymortests/grid.py:395: Suite splitting in effect</skipped></testcase><testcase classname="src.pymortests.grid" file="src/pymortests/grid.py" line="395" name="test_boundaries_wrong_arguments[&lt;lambda&gt;20]" time="0.0003924369812011719"><skipped message="Suite splitting in effect" type="pytest.skip">src/pymortests/grid.py:395: Suite splitting in effect</skipped></testcase><testcase classname="src.pymortests.grid" file="src/pymortests/grid.py" line="395" name="test_boundaries_wrong_arguments[&lt;lambda&gt;21]" time="0.00039887428283691406"><skipped message="Suite splitting in effect" type="pytest.skip">src/pymortests/grid.py:395: Suite splitting in effect</skipped></testcase><testcase classname="src.pymortests.grid" file="src/pymortests/grid.py" line="395" name="test_boundaries_wrong_arguments[&lt;lambda&gt;22]" time="0.00041294097900390625"><skipped message="Suite splitting in effect" type="pytest.skip">src/pymortests/grid.py:395: Suite splitting in effect</skipped></testcase><testcase classname="src.pymortests.grid" file="src/pymortests/grid.py" line="395" name="test_boundaries_wrong_arguments[&lt;lambda&gt;23]" time="0.0004189014434814453"><skipped message="Suite splitting in effect" type="pytest.skip">src/pymortests/grid.py:395: Suite splitting in effect</skipped></testcase><testcase classname="src.pymortests.grid" file="src/pymortests/grid.py" line="395" name="test_boundaries_wrong_arguments[&lt;lambda&gt;24]" time="0.0006606578826904297"><skipped message="Suite splitting in effect" type="pytest.skip">src/pymortests/grid.py:395: Suite splitting in effect</skipped></testcase><testcase classname="src.pymortests.grid" file="src/pymortests/grid.py" line="395" name="test_boundaries_wrong_arguments[&lt;lambda&gt;25]" time="0.0004036426544189453"><skipped message="Suite splitting in effect" type="pytest.skip">src/pymortests/grid.py:395: Suite splitting in effect</skipped></testcase><testcase classname="src.pymortests.grid" file="src/pymortests/grid.py" line="395" name="test_boundaries_wrong_arguments[&lt;lambda&gt;26]" time="0.00040793418884277344"><skipped message="Suite splitting in effect" type="pytest.skip">src/pymortests/grid.py:395: Suite splitting in effect</skipped></testcase><testcase classname="src.pymortests.grid" file="src/pymortests/grid.py" line="395" name="test_boundaries_wrong_arguments[&lt;lambda&gt;27]" time="0.00039005279541015625"><skipped message="Suite splitting in effect" type="pytest.skip">src/pymortests/grid.py:395: Suite splitting in effect</skipped></testcase><testcase classname="src.pymortests.grid" file="src/pymortests/grid.py" line="395" name="test_boundaries_wrong_arguments[&lt;lambda&gt;28]" time="0.0003979206085205078"><skipped message="Suite splitting in effect" type="pytest.skip">src/pymortests/grid.py:395: Suite splitting in effect</skipped></testcase><testcase classname="src.pymortests.grid" file="src/pymortests/grid.py" line="395" name="test_boundaries_wrong_arguments[&lt;lambda&gt;29]" time="0.0004646778106689453"><skipped message="Suite splitting in effect" type="pytest.skip">src/pymortests/grid.py:395: Suite splitting in effect</skipped></testcase><testcase classname="src.pymortests.grid" file="src/pymortests/grid.py" line="395" name="test_boundaries_wrong_arguments[&lt;lambda&gt;30]" time="0.0004150867462158203"><skipped message="Suite splitting in effect" type="pytest.skip">src/pymortests/grid.py:395: Suite splitting in effect</skipped></testcase><testcase classname="src.pymortests.grid" file="src/pymortests/grid.py" line="395" name="test_boundaries_wrong_arguments[&lt;lambda&gt;31]" time="0.0003917217254638672"><skipped message="Suite splitting in effect" type="pytest.skip">src/pymortests/grid.py:395: Suite splitting in effect</skipped></testcase><testcase classname="src.pymortests.grid" file="src/pymortests/grid.py" line="395" name="test_boundaries_wrong_arguments[&lt;lambda&gt;32]" time="0.0009171962738037109"><skipped message="Suite splitting in effect" type="pytest.skip">src/pymortests/grid.py:395: Suite splitting in effect</skipped></testcase><testcase classname="src.pymortests.grid" file="src/pymortests/grid.py" line="395" name="test_boundaries_wrong_arguments[&lt;lambda&gt;33]" time="0.0004189014434814453"><skipped message="Suite splitting in effect" type="pytest.skip">src/pymortests/grid.py:395: Suite splitting in effect</skipped></testcase><testcase classname="src.pymortests.grid" file="src/pymortests/grid.py" line="395" name="test_boundaries_wrong_arguments[&lt;lambda&gt;34]" time="0.0004093647003173828"><skipped message="Suite splitting in effect" type="pytest.skip">src/pymortests/grid.py:395: Suite splitting in effect</skipped></testcase><testcase classname="src.pymortests.grid" file="src/pymortests/grid.py" line="395" name="test_boundaries_wrong_arguments[&lt;lambda&gt;35]" time="0.0003955364227294922"><skipped message="Suite splitting in effect" type="pytest.skip">src/pymortests/grid.py:395: Suite splitting in effect</skipped></testcase><testcase classname="src.pymortests.grid" file="src/pymortests/grid.py" line="395" name="test_boundaries_wrong_arguments[&lt;lambda&gt;36]" time="0.00040340423583984375"><skipped message="Suite splitting in effect" type="pytest.skip">src/pymortests/grid.py:395: Suite splitting in effect</skipped></testcase><testcase classname="src.pymortests.grid" file="src/pymortests/grid.py" line="395" name="test_boundaries_wrong_arguments[&lt;lambda&gt;37]" time="0.0004284381866455078"><skipped message="Suite splitting in effect" type="pytest.skip">src/pymortests/grid.py:395: Suite splitting in effect</skipped></testcase><testcase classname="src.pymortests.grid" file="src/pymortests/grid.py" line="395" name="test_boundaries_wrong_arguments[&lt;lambda&gt;38]" time="0.0004150867462158203"><skipped message="Suite splitting in effect" type="pytest.skip">src/pymortests/grid.py:395: Suite splitting in effect</skipped></testcase><testcase classname="src.pymortests.grid" file="src/pymortests/grid.py" line="395" name="test_boundaries_wrong_arguments[&lt;lambda&gt;39]" time="0.00039696693420410156"><skipped message="Suite splitting in effect" type="pytest.skip">src/pymortests/grid.py:395: Suite splitting in effect</skipped></testcase><testcase classname="src.pymortests.grid" file="src/pymortests/grid.py" line="395" name="test_boundaries_wrong_arguments[&lt;lambda&gt;40]" time="0.0006825923919677734"><skipped message="Suite splitting in effect" type="pytest.skip">src/pymortests/grid.py:395: Suite splitting in effect</skipped></testcase><testcase classname="src.pymortests.grid" file="src/pymortests/grid.py" line="395" name="test_boundaries_wrong_arguments[&lt;lambda&gt;41]" time="0.00039267539978027344"><skipped message="Suite splitting in effect" type="pytest.skip">src/pymortests/grid.py:395: Suite splitting in effect</skipped></testcase><testcase classname="src.pymortests.grid" file="src/pymortests/grid.py" line="395" name="test_boundaries_wrong_arguments[&lt;lambda&gt;42]" time="0.0004203319549560547"><skipped message="Suite splitting in effect" type="pytest.skip">src/pymortests/grid.py:395: Suite splitting in effect</skipped></testcase><testcase classname="src.pymortests.grid" file="src/pymortests/grid.py" line="403" name="test_boundaries_shape[&lt;lambda&gt;0]" time="0.0004341602325439453"><skipped message="Suite splitting in effect" type="pytest.skip">src/pymortests/grid.py:403: Suite splitting in effect</skipped></testcase><testcase classname="src.pymortests.grid" file="src/pymortests/grid.py" line="403" name="test_boundaries_shape[&lt;lambda&gt;1]" time="0.0004286766052246094"><skipped message="Suite splitting in effect" type="pytest.skip">src/pymortests/grid.py:403: Suite splitting in effect</skipped></testcase><testcase classname="src.pymortests.grid" file="src/pymortests/grid.py" line="403" name="test_boundaries_shape[&lt;lambda&gt;2]" time="0.0004131793975830078"><skipped message="Suite splitting in effect" type="pytest.skip">src/pymortests/grid.py:403: Suite splitting in effect</skipped></testcase><testcase classname="src.pymortests.grid" file="src/pymortests/grid.py" line="403" name="test_boundaries_shape[&lt;lambda&gt;3]" time="0.00041103363037109375"><skipped message="Suite splitting in effect" type="pytest.skip">src/pymortests/grid.py:403: Suite splitting in effect</skipped></testcase><testcase classname="src.pymortests.grid" file="src/pymortests/grid.py" line="403" name="test_boundaries_shape[&lt;lambda&gt;4]" time="0.00039386749267578125"><skipped message="Suite splitting in effect" type="pytest.skip">src/pymortests/grid.py:403: Suite splitting in effect</skipped></testcase><testcase classname="src.pymortests.grid" file="src/pymortests/grid.py" line="403" name="test_boundaries_shape[&lt;lambda&gt;5]" time="0.0007061958312988281"><skipped message="Suite splitting in effect" type="pytest.skip">src/pymortests/grid.py:403: Suite splitting in effect</skipped></testcase><testcase classname="src.pymortests.grid" file="src/pymortests/grid.py" line="403" name="test_boundaries_shape[&lt;lambda&gt;6]" time="0.0004191398620605469"><skipped message="Suite splitting in effect" type="pytest.skip">src/pymortests/grid.py:403: Suite splitting in effect</skipped></testcase><testcase classname="src.pymortests.grid" file="src/pymortests/grid.py" line="403" name="test_boundaries_shape[&lt;lambda&gt;7]" time="0.0004181861877441406"><skipped message="Suite splitting in effect" type="pytest.skip">src/pymortests/grid.py:403: Suite splitting in effect</skipped></testcase><testcase classname="src.pymortests.grid" file="src/pymortests/grid.py" line="403" name="test_boundaries_shape[&lt;lambda&gt;8]" time="0.00039839744567871094"><skipped message="Suite splitting in effect" type="pytest.skip">src/pymortests/grid.py:403: Suite splitting in effect</skipped></testcase><testcase classname="src.pymortests.grid" file="src/pymortests/grid.py" line="403" name="test_boundaries_shape[&lt;lambda&gt;9]" time="0.0005128383636474609"><skipped message="Suite splitting in effect" type="pytest.skip">src/pymortests/grid.py:403: Suite splitting in effect</skipped></testcase><testcase classname="src.pymortests.grid" file="src/pymortests/grid.py" line="403" name="test_boundaries_shape[&lt;lambda&gt;10]" time="0.0004527568817138672"><skipped message="Suite splitting in effect" type="pytest.skip">src/pymortests/grid.py:403: Suite splitting in effect</skipped></testcase><testcase classname="src.pymortests.grid" file="src/pymortests/grid.py" line="403" name="test_boundaries_shape[&lt;lambda&gt;11]" time="0.00041222572326660156"><skipped message="Suite splitting in effect" type="pytest.skip">src/pymortests/grid.py:403: Suite splitting in effect</skipped></testcase><testcase classname="src.pymortests.grid" file="src/pymortests/grid.py" line="403" name="test_boundaries_shape[&lt;lambda&gt;12]" time="0.00040602684020996094"><skipped message="Suite splitting in effect" type="pytest.skip">src/pymortests/grid.py:403: Suite splitting in effect</skipped></testcase><testcase classname="src.pymortests.grid" file="src/pymortests/grid.py" line="403" name="test_boundaries_shape[&lt;lambda&gt;13]" time="0.0006709098815917969"><skipped message="Suite splitting in effect" type="pytest.skip">src/pymortests/grid.py:403: Suite splitting in effect</skipped></testcase><testcase classname="src.pymortests.grid" file="src/pymortests/grid.py" line="403" name="test_boundaries_shape[&lt;lambda&gt;14]" time="0.0004115104675292969"><skipped message="Suite splitting in effect" type="pytest.skip">src/pymortests/grid.py:403: Suite splitting in effect</skipped></testcase><testcase classname="src.pymortests.grid" file="src/pymortests/grid.py" line="403" name="test_boundaries_shape[&lt;lambda&gt;15]" time="0.0004363059997558594"><skipped message="Suite splitting in effect" type="pytest.skip">src/pymortests/grid.py:403: Suite splitting in effect</skipped></testcase><testcase classname="src.pymortests.grid" file="src/pymortests/grid.py" line="403" name="test_boundaries_shape[&lt;lambda&gt;16]" time="0.00039267539978027344"><skipped message="Suite splitting in effect" type="pytest.skip">src/pymortests/grid.py:403: Suite splitting in effect</skipped></testcase><testcase classname="src.pymortests.grid" file="src/pymortests/grid.py" line="403" name="test_boundaries_shape[&lt;lambda&gt;17]" time="0.0003879070281982422"><skipped message="Suite splitting in effect" type="pytest.skip">src/pymortests/grid.py:403: Suite splitting in effect</skipped></testcase><testcase classname="src.pymortests.grid" file="src/pymortests/grid.py" line="403" name="test_boundaries_shape[&lt;lambda&gt;18]" time="0.0003879070281982422"><skipped message="Suite splitting in effect" type="pytest.skip">src/pymortests/grid.py:403: Suite splitting in effect</skipped></testcase><testcase classname="src.pymortests.grid" file="src/pymortests/grid.py" line="403" name="test_boundaries_shape[&lt;lambda&gt;19]" time="0.00045871734619140625"><skipped message="Suite splitting in effect" type="pytest.skip">src/pymortests/grid.py:403: Suite splitting in effect</skipped></testcase><testcase classname="src.pymortests.grid" file="src/pymortests/grid.py" line="403" name="test_boundaries_shape[&lt;lambda&gt;20]" time="0.0004265308380126953"><skipped message="Suite splitting in effect" type="pytest.skip">src/pymortests/grid.py:403: Suite splitting in effect</skipped></testcase><testcase classname="src.pymortests.grid" file="src/pymortests/grid.py" line="403" name="test_boundaries_shape[&lt;lambda&gt;21]" time="0.0007402896881103516"><skipped message="Suite splitting in effect" type="pytest.skip">src/pymortests/grid.py:403: Suite splitting in effect</skipped></testcase><testcase classname="src.pymortests.grid" file="src/pymortests/grid.py" line="403" name="test_boundaries_shape[&lt;lambda&gt;22]" time="0.00043582916259765625"><skipped message="Suite splitting in effect" type="pytest.skip">src/pymortests/grid.py:403: Suite splitting in effect</skipped></testcase><testcase classname="src.pymortests.grid" file="src/pymortests/grid.py" line="403" name="test_boundaries_shape[&lt;lambda&gt;23]" time="0.0003871917724609375"><skipped message="Suite splitting in effect" type="pytest.skip">src/pymortests/grid.py:403: Suite splitting in effect</skipped></testcase><testcase classname="src.pymortests.grid" file="src/pymortests/grid.py" line="403" name="test_boundaries_shape[&lt;lambda&gt;24]" time="0.0004017353057861328"><skipped message="Suite splitting in effect" type="pytest.skip">src/pymortests/grid.py:403: Suite splitting in effect</skipped></testcase><testcase classname="src.pymortests.grid" file="src/pymortests/grid.py" line="403" name="test_boundaries_shape[&lt;lambda&gt;25]" time="0.00039124488830566406"><skipped message="Suite splitting in effect" type="pytest.skip">src/pymortests/grid.py:403: Suite splitting in effect</skipped></testcase><testcase classname="src.pymortests.grid" file="src/pymortests/grid.py" line="403" name="test_boundaries_shape[&lt;lambda&gt;26]" time="0.000392913818359375"><skipped message="Suite splitting in effect" type="pytest.skip">src/pymortests/grid.py:403: Suite splitting in effect</skipped></testcase><testcase classname="src.pymortests.grid" file="src/pymortests/grid.py" line="403" name="test_boundaries_shape[&lt;lambda&gt;27]" time="0.0004222393035888672"><skipped message="Suite splitting in effect" type="pytest.skip">src/pymortests/grid.py:403: Suite splitting in effect</skipped></testcase><testcase classname="src.pymortests.grid" file="src/pymortests/grid.py" line="403" name="test_boundaries_shape[&lt;lambda&gt;28]" time="0.0004394054412841797"><skipped message="Suite splitting in effect" type="pytest.skip">src/pymortests/grid.py:403: Suite splitting in effect</skipped></testcase><testcase classname="src.pymortests.grid" file="src/pymortests/grid.py" line="403" name="test_boundaries_shape[&lt;lambda&gt;29]" time="0.0006978511810302734"><skipped message="Suite splitting in effect" type="pytest.skip">src/pymortests/grid.py:403: Suite splitting in effect</skipped></testcase><testcase classname="src.pymortests.grid" file="src/pymortests/grid.py" line="403" name="test_boundaries_shape[&lt;lambda&gt;30]" time="0.0004100799560546875"><skipped message="Suite splitting in effect" type="pytest.skip">src/pymortests/grid.py:403: Suite splitting in effect</skipped></testcase><testcase classname="src.pymortests.grid" file="src/pymortests/grid.py" line="403" name="test_boundaries_shape[&lt;lambda&gt;31]" time="0.00041866302490234375"><skipped message="Suite splitting in effect" type="pytest.skip">src/pymortests/grid.py:403: Suite splitting in effect</skipped></testcase><testcase classname="src.pymortests.grid" file="src/pymortests/grid.py" line="403" name="test_boundaries_shape[&lt;lambda&gt;32]" time="0.0004315376281738281"><skipped message="Suite splitting in effect" type="pytest.skip">src/pymortests/grid.py:403: Suite splitting in effect</skipped></testcase><testcase classname="src.pymortests.grid" file="src/pymortests/grid.py" line="403" name="test_boundaries_shape[&lt;lambda&gt;33]" time="0.00039076805114746094"><skipped message="Suite splitting in effect" type="pytest.skip">src/pymortests/grid.py:403: Suite splitting in effect</skipped></testcase><testcase classname="src.pymortests.grid" file="src/pymortests/grid.py" line="403" name="test_boundaries_shape[&lt;lambda&gt;34]" time="0.0004363059997558594"><skipped message="Suite splitting in effect" type="pytest.skip">src/pymortests/grid.py:403: Suite splitting in effect</skipped></testcase><testcase classname="src.pymortests.grid" file="src/pymortests/grid.py" line="403" name="test_boundaries_shape[&lt;lambda&gt;35]" time="0.0003871917724609375"><skipped message="Suite splitting in effect" type="pytest.skip">src/pymortests/grid.py:403: Suite splitting in effect</skipped></testcase><testcase classname="src.pymortests.grid" file="src/pymortests/grid.py" line="403" name="test_boundaries_shape[&lt;lambda&gt;36]" time="0.00042128562927246094"><skipped message="Suite splitting in effect" type="pytest.skip">src/pymortests/grid.py:403: Suite splitting in effect</skipped></testcase><testcase classname="src.pymortests.grid" file="src/pymortests/grid.py" line="403" name="test_boundaries_shape[&lt;lambda&gt;37]" time="0.000728607177734375"><skipped message="Suite splitting in effect" type="pytest.skip">src/pymortests/grid.py:403: Suite splitting in effect</skipped></testcase><testcase classname="src.pymortests.grid" file="src/pymortests/grid.py" line="403" name="test_boundaries_shape[&lt;lambda&gt;38]" time="0.0004107952117919922"><skipped message="Suite splitting in effect" type="pytest.skip">src/pymortests/grid.py:403: Suite splitting in effect</skipped></testcase><testcase classname="src.pymortests.grid" file="src/pymortests/grid.py" line="403" name="test_boundaries_shape[&lt;lambda&gt;39]" time="0.00038743019104003906"><skipped message="Suite splitting in effect" type="pytest.skip">src/pymortests/grid.py:403: Suite splitting in effect</skipped></testcase><testcase classname="src.pymortests.grid" file="src/pymortests/grid.py" line="403" name="test_boundaries_shape[&lt;lambda&gt;40]" time="0.0003898143768310547"><skipped message="Suite splitting in effect" type="pytest.skip">src/pymortests/grid.py:403: Suite splitting in effect</skipped></testcase><testcase classname="src.pymortests.grid" file="src/pymortests/grid.py" line="403" name="test_boundaries_shape[&lt;lambda&gt;41]" time="0.000408172607421875"><skipped message="Suite splitting in effect" type="pytest.skip">src/pymortests/grid.py:403: Suite splitting in effect</skipped></testcase><testcase classname="src.pymortests.grid" file="src/pymortests/grid.py" line="403" name="test_boundaries_shape[&lt;lambda&gt;42]" time="0.0004372596740722656"><skipped message="Suite splitting in effect" type="pytest.skip">src/pymortests/grid.py:403: Suite splitting in effect</skipped></testcase><testcase classname="src.pymortests.grid" file="src/pymortests/grid.py" line="409" name="test_boundaries_dtype[&lt;lambda&gt;0]" time="0.0004127025604248047"><skipped message="Suite splitting in effect" type="pytest.skip">src/pymortests/grid.py:409: Suite splitting in effect</skipped></testcase><testcase classname="src.pymortests.grid" file="src/pymortests/grid.py" line="409" name="test_boundaries_dtype[&lt;lambda&gt;1]" time="0.00040268898010253906"><skipped message="Suite splitting in effect" type="pytest.skip">src/pymortests/grid.py:409: Suite splitting in effect</skipped></testcase><testcase classname="src.pymortests.grid" file="src/pymortests/grid.py" line="409" name="test_boundaries_dtype[&lt;lambda&gt;2]" time="0.000682830810546875"><skipped message="Suite splitting in effect" type="pytest.skip">src/pymortests/grid.py:409: Suite splitting in effect</skipped></testcase><testcase classname="src.pymortests.grid" file="src/pymortests/grid.py" line="409" name="test_boundaries_dtype[&lt;lambda&gt;3]" time="0.00040984153747558594"><skipped message="Suite splitting in effect" type="pytest.skip">src/pymortests/grid.py:409: Suite splitting in effect</skipped></testcase><testcase classname="src.pymortests.grid" file="src/pymortests/grid.py" line="409" name="test_boundaries_dtype[&lt;lambda&gt;4]" time="0.00038886070251464844"><skipped message="Suite splitting in effect" type="pytest.skip">src/pymortests/grid.py:409: Suite splitting in effect</skipped></testcase><testcase classname="src.pymortests.grid" file="src/pymortests/grid.py" line="409" name="test_boundaries_dtype[&lt;lambda&gt;5]" time="0.00039005279541015625"><skipped message="Suite splitting in effect" type="pytest.skip">src/pymortests/grid.py:409: Suite splitting in effect</skipped></testcase><testcase classname="src.pymortests.grid" file="src/pymortests/grid.py" line="409" name="test_boundaries_dtype[&lt;lambda&gt;6]" time="0.00040531158447265625"><skipped message="Suite splitting in effect" type="pytest.skip">src/pymortests/grid.py:409: Suite splitting in effect</skipped></testcase><testcase classname="src.pymortests.grid" file="src/pymortests/grid.py" line="409" name="test_boundaries_dtype[&lt;lambda&gt;7]" time="0.0004363059997558594"><skipped message="Suite splitting in effect" type="pytest.skip">src/pymortests/grid.py:409: Suite splitting in effect</skipped></testcase><testcase classname="src.pymortests.grid" file="src/pymortests/grid.py" line="409" name="test_boundaries_dtype[&lt;lambda&gt;8]" time="0.0004405975341796875"><skipped message="Suite splitting in effect" type="pytest.skip">src/pymortests/grid.py:409: Suite splitting in effect</skipped></testcase><testcase classname="src.pymortests.grid" file="src/pymortests/grid.py" line="409" name="test_boundaries_dtype[&lt;lambda&gt;9]" time="0.0003917217254638672"><skipped message="Suite splitting in effect" type="pytest.skip">src/pymortests/grid.py:409: Suite splitting in effect</skipped></testcase><testcase classname="src.pymortests.grid" file="src/pymortests/grid.py" line="409" name="test_boundaries_dtype[&lt;lambda&gt;10]" time="0.0006508827209472656"><skipped message="Suite splitting in effect" type="pytest.skip">src/pymortests/grid.py:409: Suite splitting in effect</skipped></testcase><testcase classname="src.pymortests.grid" file="src/pymortests/grid.py" line="409" name="test_boundaries_dtype[&lt;lambda&gt;11]" time="0.0004146099090576172"><skipped message="Suite splitting in effect" type="pytest.skip">src/pymortests/grid.py:409: Suite splitting in effect</skipped></testcase><testcase classname="src.pymortests.grid" file="src/pymortests/grid.py" line="409" name="test_boundaries_dtype[&lt;lambda&gt;12]" time="0.00041222572326660156"><skipped message="Suite splitting in effect" type="pytest.skip">src/pymortests/grid.py:409: Suite splitting in effect</skipped></testcase><testcase classname="src.pymortests.grid" file="src/pymortests/grid.py" line="409" name="test_boundaries_dtype[&lt;lambda&gt;13]" time="0.000415802001953125"><skipped message="Suite splitting in effect" type="pytest.skip">src/pymortests/grid.py:409: Suite splitting in effect</skipped></testcase><testcase classname="src.pymortests.grid" file="src/pymortests/grid.py" line="409" name="test_boundaries_dtype[&lt;lambda&gt;14]" time="0.0004184246063232422"><skipped message="Suite splitting in effect" type="pytest.skip">src/pymortests/grid.py:409: Suite splitting in effect</skipped></testcase><testcase classname="src.pymortests.grid" file="src/pymortests/grid.py" line="409" name="test_boundaries_dtype[&lt;lambda&gt;15]" time="0.00039124488830566406"><skipped message="Suite splitting in effect" type="pytest.skip">src/pymortests/grid.py:409: Suite splitting in effect</skipped></testcase><testcase classname="src.pymortests.grid" file="src/pymortests/grid.py" line="409" name="test_boundaries_dtype[&lt;lambda&gt;16]" time="0.000396728515625"><skipped message="Suite splitting in effect" type="pytest.skip">src/pymortests/grid.py:409: Suite splitting in effect</skipped></testcase><testcase classname="src.pymortests.grid" file="src/pymortests/grid.py" line="409" name="test_boundaries_dtype[&lt;lambda&gt;17]" time="0.00040435791015625"><skipped message="Suite splitting in effect" type="pytest.skip">src/pymortests/grid.py:409: Suite splitting in effect</skipped></testcase><testcase classname="src.pymortests.grid" file="src/pymortests/grid.py" line="409" name="test_boundaries_dtype[&lt;lambda&gt;18]" time="0.0007050037384033203"><skipped message="Suite splitting in effect" type="pytest.skip">src/pymortests/grid.py:409: Suite splitting in effect</skipped></testcase><testcase classname="src.pymortests.grid" file="src/pymortests/grid.py" line="409" name="test_boundaries_dtype[&lt;lambda&gt;19]" time="0.00038743019104003906"><skipped message="Suite splitting in effect" type="pytest.skip">src/pymortests/grid.py:409: Suite splitting in effect</skipped></testcase><testcase classname="src.pymortests.grid" file="src/pymortests/grid.py" line="409" name="test_boundaries_dtype[&lt;lambda&gt;20]" time="0.0003864765167236328"><skipped message="Suite splitting in effect" type="pytest.skip">src/pymortests/grid.py:409: Suite splitting in effect</skipped></testcase><testcase classname="src.pymortests.grid" file="src/pymortests/grid.py" line="409" name="test_boundaries_dtype[&lt;lambda&gt;21]" time="0.0003902912139892578"><skipped message="Suite splitting in effect" type="pytest.skip">src/pymortests/grid.py:409: Suite splitting in effect</skipped></testcase><testcase classname="src.pymortests.grid" file="src/pymortests/grid.py" line="409" name="test_boundaries_dtype[&lt;lambda&gt;22]" time="0.00041222572326660156"><skipped message="Suite splitting in effect" type="pytest.skip">src/pymortests/grid.py:409: Suite splitting in effect</skipped></testcase><testcase classname="src.pymortests.grid" file="src/pymortests/grid.py" line="409" name="test_boundaries_dtype[&lt;lambda&gt;23]" time="0.000423431396484375"><skipped message="Suite splitting in effect" type="pytest.skip">src/pymortests/grid.py:409: Suite splitting in effect</skipped></testcase><testcase classname="src.pymortests.grid" file="src/pymortests/grid.py" line="409" name="test_boundaries_dtype[&lt;lambda&gt;24]" time="0.00040912628173828125"><skipped message="Suite splitting in effect" type="pytest.skip">src/pymortests/grid.py:409: Suite splitting in effect</skipped></testcase><testcase classname="src.pymortests.grid" file="src/pymortests/grid.py" line="409" name="test_boundaries_dtype[&lt;lambda&gt;25]" time="0.00039315223693847656"><skipped message="Suite splitting in effect" type="pytest.skip">src/pymortests/grid.py:409: Suite splitting in effect</skipped></testcase><testcase classname="src.pymortests.grid" file="src/pymortests/grid.py" line="409" name="test_boundaries_dtype[&lt;lambda&gt;26]" time="0.0008347034454345703"><skipped message="Suite splitting in effect" type="pytest.skip">src/pymortests/grid.py:409: Suite splitting in effect</skipped></testcase><testcase classname="src.pymortests.grid" file="src/pymortests/grid.py" line="409" name="test_boundaries_dtype[&lt;lambda&gt;27]" time="0.0004172325134277344"><skipped message="Suite splitting in effect" type="pytest.skip">src/pymortests/grid.py:409: Suite splitting in effect</skipped></testcase><testcase classname="src.pymortests.grid" file="src/pymortests/grid.py" line="409" name="test_boundaries_dtype[&lt;lambda&gt;28]" time="0.0004162788391113281"><skipped message="Suite splitting in effect" type="pytest.skip">src/pymortests/grid.py:409: Suite splitting in effect</skipped></testcase><testcase classname="src.pymortests.grid" file="src/pymortests/grid.py" line="409" name="test_boundaries_dtype[&lt;lambda&gt;29]" time="0.0004153251647949219"><skipped message="Suite splitting in effect" type="pytest.skip">src/pymortests/grid.py:409: Suite splitting in effect</skipped></testcase><testcase classname="src.pymortests.grid" file="src/pymortests/grid.py" line="409" name="test_boundaries_dtype[&lt;lambda&gt;30]" time="0.0003883838653564453"><skipped message="Suite splitting in effect" type="pytest.skip">src/pymortests/grid.py:409: Suite splitting in effect</skipped></testcase><testcase classname="src.pymortests.grid" file="src/pymortests/grid.py" line="409" name="test_boundaries_dtype[&lt;lambda&gt;31]" time="0.00039887428283691406"><skipped message="Suite splitting in effect" type="pytest.skip">src/pymortests/grid.py:409: Suite splitting in effect</skipped></testcase><testcase classname="src.pymortests.grid" file="src/pymortests/grid.py" line="409" name="test_boundaries_dtype[&lt;lambda&gt;32]" time="0.0004086494445800781"><skipped message="Suite splitting in effect" type="pytest.skip">src/pymortests/grid.py:409: Suite splitting in effect</skipped></testcase><testcase classname="src.pymortests.grid" file="src/pymortests/grid.py" line="409" name="test_boundaries_dtype[&lt;lambda&gt;33]" time="0.0004143714904785156"><skipped message="Suite splitting in effect" type="pytest.skip">src/pymortests/grid.py:409: Suite splitting in effect</skipped></testcase><testcase classname="src.pymortests.grid" file="src/pymortests/grid.py" line="409" name="test_boundaries_dtype[&lt;lambda&gt;34]" time="0.0006690025329589844"><skipped message="Suite splitting in effect" type="pytest.skip">src/pymortests/grid.py:409: Suite splitting in effect</skipped></testcase><testcase classname="src.pymortests.grid" file="src/pymortests/grid.py" line="409" name="test_boundaries_dtype[&lt;lambda&gt;35]" time="0.0003917217254638672"><skipped message="Suite splitting in effect" type="pytest.skip">src/pymortests/grid.py:409: Suite splitting in effect</skipped></testcase><testcase classname="src.pymortests.grid" file="src/pymortests/grid.py" line="409" name="test_boundaries_dtype[&lt;lambda&gt;36]" time="0.00039696693420410156"><skipped message="Suite splitting in effect" type="pytest.skip">src/pymortests/grid.py:409: Suite splitting in effect</skipped></testcase><testcase classname="src.pymortests.grid" file="src/pymortests/grid.py" line="409" name="test_boundaries_dtype[&lt;lambda&gt;37]" time="0.0003933906555175781"><skipped message="Suite splitting in effect" type="pytest.skip">src/pymortests/grid.py:409: Suite splitting in effect</skipped></testcase><testcase classname="src.pymortests.grid" file="src/pymortests/grid.py" line="409" name="test_boundaries_dtype[&lt;lambda&gt;38]" time="0.00041365623474121094"><skipped message="Suite splitting in effect" type="pytest.skip">src/pymortests/grid.py:409: Suite splitting in effect</skipped></testcase><testcase classname="src.pymortests.grid" file="src/pymortests/grid.py" line="409" name="test_boundaries_dtype[&lt;lambda&gt;39]" time="0.0003943443298339844"><skipped message="Suite splitting in effect" type="pytest.skip">src/pymortests/grid.py:409: Suite splitting in effect</skipped></testcase><testcase classname="src.pymortests.grid" file="src/pymortests/grid.py" line="409" name="test_boundaries_dtype[&lt;lambda&gt;40]" time="0.00039577484130859375"><skipped message="Suite splitting in effect" type="pytest.skip">src/pymortests/grid.py:409: Suite splitting in effect</skipped></testcase><testcase classname="src.pymortests.grid" file="src/pymortests/grid.py" line="409" name="test_boundaries_dtype[&lt;lambda&gt;41]" time="0.00039649009704589844"><skipped message="Suite splitting in effect" type="pytest.skip">src/pymortests/grid.py:409: Suite splitting in effect</skipped></testcase><testcase classname="src.pymortests.grid" file="src/pymortests/grid.py" line="409" name="test_boundaries_dtype[&lt;lambda&gt;42]" time="0.0006887912750244141"><skipped message="Suite splitting in effect" type="pytest.skip">src/pymortests/grid.py:409: Suite splitting in effect</skipped></testcase><testcase classname="src.pymortests.grid" file="src/pymortests/grid.py" line="415" name="test_boundaries_entry_value_range[&lt;lambda&gt;0]" time="0.0003917217254638672"><skipped message="Suite splitting in effect" type="pytest.skip">src/pymortests/grid.py:415: Suite splitting in effect</skipped></testcase><testcase classname="src.pymortests.grid" file="src/pymortests/grid.py" line="415" name="test_boundaries_entry_value_range[&lt;lambda&gt;1]" time="0.0003871917724609375"><skipped message="Suite splitting in effect" type="pytest.skip">src/pymortests/grid.py:415: Suite splitting in effect</skipped></testcase><testcase classname="src.pymortests.grid" file="src/pymortests/grid.py" line="415" name="test_boundaries_entry_value_range[&lt;lambda&gt;2]" time="0.0004184246063232422"><skipped message="Suite splitting in effect" type="pytest.skip">src/pymortests/grid.py:415: Suite splitting in effect</skipped></testcase><testcase classname="src.pymortests.grid" file="src/pymortests/grid.py" line="415" name="test_boundaries_entry_value_range[&lt;lambda&gt;3]" time="0.0004379749298095703"><skipped message="Suite splitting in effect" type="pytest.skip">src/pymortests/grid.py:415: Suite splitting in effect</skipped></testcase><testcase classname="src.pymortests.grid" file="src/pymortests/grid.py" line="415" name="test_boundaries_entry_value_range[&lt;lambda&gt;4]" time="0.0004048347473144531"><skipped message="Suite splitting in effect" type="pytest.skip">src/pymortests/grid.py:415: Suite splitting in effect</skipped></testcase><testcase classname="src.pymortests.grid" file="src/pymortests/grid.py" line="415" name="test_boundaries_entry_value_range[&lt;lambda&gt;5]" time="0.0004284381866455078"><skipped message="Suite splitting in effect" type="pytest.skip">src/pymortests/grid.py:415: Suite splitting in effect</skipped></testcase><testcase classname="src.pymortests.grid" file="src/pymortests/grid.py" line="415" name="test_boundaries_entry_value_range[&lt;lambda&gt;6]" time="0.0003905296325683594"><skipped message="Suite splitting in effect" type="pytest.skip">src/pymortests/grid.py:415: Suite splitting in effect</skipped></testcase><testcase classname="src.pymortests.grid" file="src/pymortests/grid.py" line="415" name="test_boundaries_entry_value_range[&lt;lambda&gt;7]" time="0.0006542205810546875"><skipped message="Suite splitting in effect" type="pytest.skip">src/pymortests/grid.py:415: Suite splitting in effect</skipped></testcase><testcase classname="src.pymortests.grid" file="src/pymortests/grid.py" line="415" name="test_boundaries_entry_value_range[&lt;lambda&gt;8]" time="0.0004291534423828125"><skipped message="Suite splitting in effect" type="pytest.skip">src/pymortests/grid.py:415: Suite splitting in effect</skipped></testcase><testcase classname="src.pymortests.grid" file="src/pymortests/grid.py" line="415" name="test_boundaries_entry_value_range[&lt;lambda&gt;9]" time="0.0003902912139892578"><skipped message="Suite splitting in effect" type="pytest.skip">src/pymortests/grid.py:415: Suite splitting in effect</skipped></testcase><testcase classname="src.pymortests.grid" file="src/pymortests/grid.py" line="415" name="test_boundaries_entry_value_range[&lt;lambda&gt;10]" time="0.0003955364227294922"><skipped message="Suite splitting in effect" type="pytest.skip">src/pymortests/grid.py:415: Suite splitting in effect</skipped></testcase><testcase classname="src.pymortests.grid" file="src/pymortests/grid.py" line="415" name="test_boundaries_entry_value_range[&lt;lambda&gt;11]" time="0.0004131793975830078"><skipped message="Suite splitting in effect" type="pytest.skip">src/pymortests/grid.py:415: Suite splitting in effect</skipped></testcase><testcase classname="src.pymortests.grid" file="src/pymortests/grid.py" line="415" name="test_boundaries_entry_value_range[&lt;lambda&gt;12]" time="0.00040531158447265625"><skipped message="Suite splitting in effect" type="pytest.skip">src/pymortests/grid.py:415: Suite splitting in effect</skipped></testcase><testcase classname="src.pymortests.grid" file="src/pymortests/grid.py" line="415" name="test_boundaries_entry_value_range[&lt;lambda&gt;13]" time="0.00039887428283691406"><skipped message="Suite splitting in effect" type="pytest.skip">src/pymortests/grid.py:415: Suite splitting in effect</skipped></testcase><testcase classname="src.pymortests.grid" file="src/pymortests/grid.py" line="415" name="test_boundaries_entry_value_range[&lt;lambda&gt;14]" time="0.0005979537963867188"><skipped message="Suite splitting in effect" type="pytest.skip">src/pymortests/grid.py:415: Suite splitting in effect</skipped></testcase><testcase classname="src.pymortests.grid" file="src/pymortests/grid.py" line="415" name="test_boundaries_entry_value_range[&lt;lambda&gt;15]" time="0.0006978511810302734"><skipped message="Suite splitting in effect" type="pytest.skip">src/pymortests/grid.py:415: Suite splitting in effect</skipped></testcase><testcase classname="src.pymortests.grid" file="src/pymortests/grid.py" line="415" name="test_boundaries_entry_value_range[&lt;lambda&gt;16]" time="0.00043201446533203125"><skipped message="Suite splitting in effect" type="pytest.skip">src/pymortests/grid.py:415: Suite splitting in effect</skipped></testcase><testcase classname="src.pymortests.grid" file="src/pymortests/grid.py" line="415" name="test_boundaries_entry_value_range[&lt;lambda&gt;17]" time="0.00038933753967285156"><skipped message="Suite splitting in effect" type="pytest.skip">src/pymortests/grid.py:415: Suite splitting in effect</skipped></testcase><testcase classname="src.pymortests.grid" file="src/pymortests/grid.py" line="415" name="test_boundaries_entry_value_range[&lt;lambda&gt;18]" time="0.000392913818359375"><skipped message="Suite splitting in effect" type="pytest.skip">src/pymortests/grid.py:415: Suite splitting in effect</skipped></testcase><testcase classname="src.pymortests.grid" file="src/pymortests/grid.py" line="415" name="test_boundaries_entry_value_range[&lt;lambda&gt;19]" time="0.0004744529724121094"><skipped message="Suite splitting in effect" type="pytest.skip">src/pymortests/grid.py:415: Suite splitting in effect</skipped></testcase><testcase classname="src.pymortests.grid" file="src/pymortests/grid.py" line="415" name="test_boundaries_entry_value_range[&lt;lambda&gt;20]" time="0.0004203319549560547"><skipped message="Suite splitting in effect" type="pytest.skip">src/pymortests/grid.py:415: Suite splitting in effect</skipped></testcase><testcase classname="src.pymortests.grid" file="src/pymortests/grid.py" line="415" name="test_boundaries_entry_value_range[&lt;lambda&gt;21]" time="0.0003910064697265625"><skipped message="Suite splitting in effect" type="pytest.skip">src/pymortests/grid.py:415: Suite splitting in effect</skipped></testcase><testcase classname="src.pymortests.grid" file="src/pymortests/grid.py" line="415" name="test_boundaries_entry_value_range[&lt;lambda&gt;22]" time="0.0004184246063232422"><skipped message="Suite splitting in effect" type="pytest.skip">src/pymortests/grid.py:415: Suite splitting in effect</skipped></testcase><testcase classname="src.pymortests.grid" file="src/pymortests/grid.py" line="415" name="test_boundaries_entry_value_range[&lt;lambda&gt;23]" time="0.0006494522094726562"><skipped message="Suite splitting in effect" type="pytest.skip">src/pymortests/grid.py:415: Suite splitting in effect</skipped></testcase><testcase classname="src.pymortests.grid" file="src/pymortests/grid.py" line="415" name="test_boundaries_entry_value_range[&lt;lambda&gt;24]" time="0.00039958953857421875"><skipped message="Suite splitting in effect" type="pytest.skip">src/pymortests/grid.py:415: Suite splitting in effect</skipped></testcase><testcase classname="src.pymortests.grid" file="src/pymortests/grid.py" line="415" name="test_boundaries_entry_value_range[&lt;lambda&gt;25]" time="0.00038433074951171875"><skipped message="Suite splitting in effect" type="pytest.skip">src/pymortests/grid.py:415: Suite splitting in effect</skipped></testcase><testcase classname="src.pymortests.grid" file="src/pymortests/grid.py" line="415" name="test_boundaries_entry_value_range[&lt;lambda&gt;26]" time="0.00041675567626953125"><skipped message="Suite splitting in effect" type="pytest.skip">src/pymortests/grid.py:415: Suite splitting in effect</skipped></testcase><testcase classname="src.pymortests.grid" file="src/pymortests/grid.py" line="415" name="test_boundaries_entry_value_range[&lt;lambda&gt;27]" time="0.00040030479431152344"><skipped message="Suite splitting in effect" type="pytest.skip">src/pymortests/grid.py:415: Suite splitting in effect</skipped></testcase><testcase classname="src.pymortests.grid" file="src/pymortests/grid.py" line="415" name="test_boundaries_entry_value_range[&lt;lambda&gt;28]" time="0.0004010200500488281"><skipped message="Suite splitting in effect" type="pytest.skip">src/pymortests/grid.py:415: Suite splitting in effect</skipped></testcase><testcase classname="src.pymortests.grid" file="src/pymortests/grid.py" line="415" name="test_boundaries_entry_value_range[&lt;lambda&gt;29]" time="0.00041222572326660156"><skipped message="Suite splitting in effect" type="pytest.skip">src/pymortests/grid.py:415: Suite splitting in effect</skipped></testcase><testcase classname="src.pymortests.grid" file="src/pymortests/grid.py" line="415" name="test_boundaries_entry_value_range[&lt;lambda&gt;30]" time="0.00041484832763671875"><skipped message="Suite splitting in effect" type="pytest.skip">src/pymortests/grid.py:415: Suite splitting in effect</skipped></testcase><testcase classname="src.pymortests.grid" file="src/pymortests/grid.py" line="415" name="test_boundaries_entry_value_range[&lt;lambda&gt;31]" time="0.0006737709045410156"><skipped message="Suite splitting in effect" type="pytest.skip">src/pymortests/grid.py:415: Suite splitting in effect</skipped></testcase><testcase classname="src.pymortests.grid" file="src/pymortests/grid.py" line="415" name="test_boundaries_entry_value_range[&lt;lambda&gt;32]" time="0.00040793418884277344"><skipped message="Suite splitting in effect" type="pytest.skip">src/pymortests/grid.py:415: Suite splitting in effect</skipped></testcase><testcase classname="src.pymortests.grid" file="src/pymortests/grid.py" line="415" name="test_boundaries_entry_value_range[&lt;lambda&gt;33]" time="0.0003859996795654297"><skipped message="Suite splitting in effect" type="pytest.skip">src/pymortests/grid.py:415: Suite splitting in effect</skipped></testcase><testcase classname="src.pymortests.grid" file="src/pymortests/grid.py" line="415" name="test_boundaries_entry_value_range[&lt;lambda&gt;34]" time="0.0004017353057861328"><skipped message="Suite splitting in effect" type="pytest.skip">src/pymortests/grid.py:415: Suite splitting in effect</skipped></testcase><testcase classname="src.pymortests.grid" file="src/pymortests/grid.py" line="415" name="test_boundaries_entry_value_range[&lt;lambda&gt;35]" time="0.00040340423583984375"><skipped message="Suite splitting in effect" type="pytest.skip">src/pymortests/grid.py:415: Suite splitting in effect</skipped></testcase><testcase classname="src.pymortests.grid" file="src/pymortests/grid.py" line="415" name="test_boundaries_entry_value_range[&lt;lambda&gt;36]" time="0.0004127025604248047"><skipped message="Suite splitting in effect" type="pytest.skip">src/pymortests/grid.py:415: Suite splitting in effect</skipped></testcase><testcase classname="src.pymortests.grid" file="src/pymortests/grid.py" line="415" name="test_boundaries_entry_value_range[&lt;lambda&gt;37]" time="0.0004134178161621094"><skipped message="Suite splitting in effect" type="pytest.skip">src/pymortests/grid.py:415: Suite splitting in effect</skipped></testcase><testcase classname="src.pymortests.grid" file="src/pymortests/grid.py" line="415" name="test_boundaries_entry_value_range[&lt;lambda&gt;38]" time="0.0004076957702636719"><skipped message="Suite splitting in effect" type="pytest.skip">src/pymortests/grid.py:415: Suite splitting in effect</skipped></testcase><testcase classname="src.pymortests.grid" file="src/pymortests/grid.py" line="415" name="test_boundaries_entry_value_range[&lt;lambda&gt;39]" time="0.0006775856018066406"><skipped message="Suite splitting in effect" type="pytest.skip">src/pymortests/grid.py:415: Suite splitting in effect</skipped></testcase><testcase classname="src.pymortests.grid" file="src/pymortests/grid.py" line="415" name="test_boundaries_entry_value_range[&lt;lambda&gt;40]" time="0.00039076805114746094"><skipped message="Suite splitting in effect" type="pytest.skip">src/pymortests/grid.py:415: Suite splitting in effect</skipped></testcase><testcase classname="src.pymortests.grid" file="src/pymortests/grid.py" line="415" name="test_boundaries_entry_value_range[&lt;lambda&gt;41]" time="0.0003917217254638672"><skipped message="Suite splitting in effect" type="pytest.skip">src/pymortests/grid.py:415: Suite splitting in effect</skipped></testcase><testcase classname="src.pymortests.grid" file="src/pymortests/grid.py" line="415" name="test_boundaries_entry_value_range[&lt;lambda&gt;42]" time="0.00040268898010253906"><skipped message="Suite splitting in effect" type="pytest.skip">src/pymortests/grid.py:415: Suite splitting in effect</skipped></testcase><testcase classname="src.pymortests.grid" file="src/pymortests/grid.py" line="422" name="test_boundaries_entries[&lt;lambda&gt;0]" time="0.000392913818359375"><skipped message="Suite splitting in effect" type="pytest.skip">src/pymortests/grid.py:422: Suite splitting in effect</skipped></testcase><testcase classname="src.pymortests.grid" file="src/pymortests/grid.py" line="422" name="test_boundaries_entries[&lt;lambda&gt;1]" time="0.0004172325134277344"><skipped message="Suite splitting in effect" type="pytest.skip">src/pymortests/grid.py:422: Suite splitting in effect</skipped></testcase><testcase classname="src.pymortests.grid" file="src/pymortests/grid.py" line="422" name="test_boundaries_entries[&lt;lambda&gt;2]" time="0.000423431396484375"><skipped message="Suite splitting in effect" type="pytest.skip">src/pymortests/grid.py:422: Suite splitting in effect</skipped></testcase><testcase classname="src.pymortests.grid" file="src/pymortests/grid.py" line="422" name="test_boundaries_entries[&lt;lambda&gt;3]" time="0.00042819976806640625"><skipped message="Suite splitting in effect" type="pytest.skip">src/pymortests/grid.py:422: Suite splitting in effect</skipped></testcase><testcase classname="src.pymortests.grid" file="src/pymortests/grid.py" line="422" name="test_boundaries_entries[&lt;lambda&gt;4]" time="0.0006847381591796875"><skipped message="Suite splitting in effect" type="pytest.skip">src/pymortests/grid.py:422: Suite splitting in effect</skipped></testcase><testcase classname="src.pymortests.grid" file="src/pymortests/grid.py" line="422" name="test_boundaries_entries[&lt;lambda&gt;5]" time="0.00038933753967285156"><skipped message="Suite splitting in effect" type="pytest.skip">src/pymortests/grid.py:422: Suite splitting in effect</skipped></testcase><testcase classname="src.pymortests.grid" file="src/pymortests/grid.py" line="422" name="test_boundaries_entries[&lt;lambda&gt;6]" time="0.00041484832763671875"><skipped message="Suite splitting in effect" type="pytest.skip">src/pymortests/grid.py:422: Suite splitting in effect</skipped></testcase><testcase classname="src.pymortests.grid" file="src/pymortests/grid.py" line="422" name="test_boundaries_entries[&lt;lambda&gt;7]" time="0.00041365623474121094"><skipped message="Suite splitting in effect" type="pytest.skip">src/pymortests/grid.py:422: Suite splitting in effect</skipped></testcase><testcase classname="src.pymortests.grid" file="src/pymortests/grid.py" line="422" name="test_boundaries_entries[&lt;lambda&gt;8]" time="0.00038933753967285156"><skipped message="Suite splitting in effect" type="pytest.skip">src/pymortests/grid.py:422: Suite splitting in effect</skipped></testcase><testcase classname="src.pymortests.grid" file="src/pymortests/grid.py" line="422" name="test_boundaries_entries[&lt;lambda&gt;9]" time="0.00041604042053222656"><skipped message="Suite splitting in effect" type="pytest.skip">src/pymortests/grid.py:422: Suite splitting in effect</skipped></testcase><testcase classname="src.pymortests.grid" file="src/pymortests/grid.py" line="422" name="test_boundaries_entries[&lt;lambda&gt;10]" time="0.0003886222839355469"><skipped message="Suite splitting in effect" type="pytest.skip">src/pymortests/grid.py:422: Suite splitting in effect</skipped></testcase><testcase classname="src.pymortests.grid" file="src/pymortests/grid.py" line="422" name="test_boundaries_entries[&lt;lambda&gt;11]" time="0.0004029273986816406"><skipped message="Suite splitting in effect" type="pytest.skip">src/pymortests/grid.py:422: Suite splitting in effect</skipped></testcase><testcase classname="src.pymortests.grid" file="src/pymortests/grid.py" line="422" name="test_boundaries_entries[&lt;lambda&gt;12]" time="0.0006630420684814453"><skipped message="Suite splitting in effect" type="pytest.skip">src/pymortests/grid.py:422: Suite splitting in effect</skipped></testcase><testcase classname="src.pymortests.grid" file="src/pymortests/grid.py" line="422" name="test_boundaries_entries[&lt;lambda&gt;13]" time="0.0004153251647949219"><skipped message="Suite splitting in effect" type="pytest.skip">src/pymortests/grid.py:422: Suite splitting in effect</skipped></testcase><testcase classname="src.pymortests.grid" file="src/pymortests/grid.py" line="422" name="test_boundaries_entries[&lt;lambda&gt;14]" time="0.0004086494445800781"><skipped message="Suite splitting in effect" type="pytest.skip">src/pymortests/grid.py:422: Suite splitting in effect</skipped></testcase><testcase classname="src.pymortests.grid" file="src/pymortests/grid.py" line="422" name="test_boundaries_entries[&lt;lambda&gt;15]" time="0.00039958953857421875"><skipped message="Suite splitting in effect" type="pytest.skip">src/pymortests/grid.py:422: Suite splitting in effect</skipped></testcase><testcase classname="src.pymortests.grid" file="src/pymortests/grid.py" line="422" name="test_boundaries_entries[&lt;lambda&gt;16]" time="0.0004069805145263672"><skipped message="Suite splitting in effect" type="pytest.skip">src/pymortests/grid.py:422: Suite splitting in effect</skipped></testcase><testcase classname="src.pymortests.grid" file="src/pymortests/grid.py" line="422" name="test_boundaries_entries[&lt;lambda&gt;17]" time="0.0004405975341796875"><skipped message="Suite splitting in effect" type="pytest.skip">src/pymortests/grid.py:422: Suite splitting in effect</skipped></testcase><testcase classname="src.pymortests.grid" file="src/pymortests/grid.py" line="422" name="test_boundaries_entries[&lt;lambda&gt;18]" time="0.00041675567626953125"><skipped message="Suite splitting in effect" type="pytest.skip">src/pymortests/grid.py:422: Suite splitting in effect</skipped></testcase><testcase classname="src.pymortests.grid" file="src/pymortests/grid.py" line="422" name="test_boundaries_entries[&lt;lambda&gt;19]" time="0.00039958953857421875"><skipped message="Suite splitting in effect" type="pytest.skip">src/pymortests/grid.py:422: Suite splitting in effect</skipped></testcase><testcase classname="src.pymortests.grid" file="src/pymortests/grid.py" line="422" name="test_boundaries_entries[&lt;lambda&gt;20]" time="0.0008907318115234375"><skipped message="Suite splitting in effect" type="pytest.skip">src/pymortests/grid.py:422: Suite splitting in effect</skipped></testcase><testcase classname="src.pymortests.grid" file="src/pymortests/grid.py" line="422" name="test_boundaries_entries[&lt;lambda&gt;21]" time="0.00041365623474121094"><skipped message="Suite splitting in effect" type="pytest.skip">src/pymortests/grid.py:422: Suite splitting in effect</skipped></testcase><testcase classname="src.pymortests.grid" file="src/pymortests/grid.py" line="422" name="test_boundaries_entries[&lt;lambda&gt;22]" time="0.00041794776916503906"><skipped message="Suite splitting in effect" type="pytest.skip">src/pymortests/grid.py:422: Suite splitting in effect</skipped></testcase><testcase classname="src.pymortests.grid" file="src/pymortests/grid.py" line="422" name="test_boundaries_entries[&lt;lambda&gt;23]" time="0.00039005279541015625"><skipped message="Suite splitting in effect" type="pytest.skip">src/pymortests/grid.py:422: Suite splitting in effect</skipped></testcase><testcase classname="src.pymortests.grid" file="src/pymortests/grid.py" line="422" name="test_boundaries_entries[&lt;lambda&gt;24]" time="0.0003917217254638672"><skipped message="Suite splitting in effect" type="pytest.skip">src/pymortests/grid.py:422: Suite splitting in effect</skipped></testcase><testcase classname="src.pymortests.grid" file="src/pymortests/grid.py" line="422" name="test_boundaries_entries[&lt;lambda&gt;25]" time="0.0004220008850097656"><skipped message="Suite splitting in effect" type="pytest.skip">src/pymortests/grid.py:422: Suite splitting in effect</skipped></testcase><testcase classname="src.pymortests.grid" file="src/pymortests/grid.py" line="422" name="test_boundaries_entries[&lt;lambda&gt;26]" time="0.0004203319549560547"><skipped message="Suite splitting in effect" type="pytest.skip">src/pymortests/grid.py:422: Suite splitting in effect</skipped></testcase><testcase classname="src.pymortests.grid" file="src/pymortests/grid.py" line="422" name="test_boundaries_entries[&lt;lambda&gt;27]" time="0.00040268898010253906"><skipped message="Suite splitting in effect" type="pytest.skip">src/pymortests/grid.py:422: Suite splitting in effect</skipped></testcase><testcase classname="src.pymortests.grid" file="src/pymortests/grid.py" line="422" name="test_boundaries_entries[&lt;lambda&gt;28]" time="0.0007011890411376953"><skipped message="Suite splitting in effect" type="pytest.skip">src/pymortests/grid.py:422: Suite splitting in effect</skipped></testcase><testcase classname="src.pymortests.grid" file="src/pymortests/grid.py" line="422" name="test_boundaries_entries[&lt;lambda&gt;29]" time="0.0004100799560546875"><skipped message="Suite splitting in effect" type="pytest.skip">src/pymortests/grid.py:422: Suite splitting in effect</skipped></testcase><testcase classname="src.pymortests.grid" file="src/pymortests/grid.py" line="422" name="test_boundaries_entries[&lt;lambda&gt;30]" time="0.0004146099090576172"><skipped message="Suite splitting in effect" type="pytest.skip">src/pymortests/grid.py:422: Suite splitting in effect</skipped></testcase><testcase classname="src.pymortests.grid" file="src/pymortests/grid.py" line="422" name="test_boundaries_entries[&lt;lambda&gt;31]" time="0.0004093647003173828"><skipped message="Suite splitting in effect" type="pytest.skip">src/pymortests/grid.py:422: Suite splitting in effect</skipped></testcase><testcase classname="src.pymortests.grid" file="src/pymortests/grid.py" line="422" name="test_boundaries_entries[&lt;lambda&gt;32]" time="0.0004286766052246094"><skipped message="Suite splitting in effect" type="pytest.skip">src/pymortests/grid.py:422: Suite splitting in effect</skipped></testcase><testcase classname="src.pymortests.grid" file="src/pymortests/grid.py" line="422" name="test_boundaries_entries[&lt;lambda&gt;33]" time="0.0004353523254394531"><skipped message="Suite splitting in effect" type="pytest.skip">src/pymortests/grid.py:422: Suite splitting in effect</skipped></testcase><testcase classname="src.pymortests.grid" file="src/pymortests/grid.py" line="422" name="test_boundaries_entries[&lt;lambda&gt;34]" time="0.0003952980041503906"><skipped message="Suite splitting in effect" type="pytest.skip">src/pymortests/grid.py:422: Suite splitting in effect</skipped></testcase><testcase classname="src.pymortests.grid" file="src/pymortests/grid.py" line="422" name="test_boundaries_entries[&lt;lambda&gt;35]" time="0.0004017353057861328"><skipped message="Suite splitting in effect" type="pytest.skip">src/pymortests/grid.py:422: Suite splitting in effect</skipped></testcase><testcase classname="src.pymortests.grid" file="src/pymortests/grid.py" line="422" name="test_boundaries_entries[&lt;lambda&gt;36]" time="0.0009005069732666016"><skipped message="Suite splitting in effect" type="pytest.skip">src/pymortests/grid.py:422: Suite splitting in effect</skipped></testcase><testcase classname="src.pymortests.grid" file="src/pymortests/grid.py" line="422" name="test_boundaries_entries[&lt;lambda&gt;37]" time="0.0003921985626220703"><skipped message="Suite splitting in effect" type="pytest.skip">src/pymortests/grid.py:422: Suite splitting in effect</skipped></testcase><testcase classname="src.pymortests.grid" file="src/pymortests/grid.py" line="422" name="test_boundaries_entries[&lt;lambda&gt;38]" time="0.0004119873046875"><skipped message="Suite splitting in effect" type="pytest.skip">src/pymortests/grid.py:422: Suite splitting in effect</skipped></testcase><testcase classname="src.pymortests.grid" file="src/pymortests/grid.py" line="422" name="test_boundaries_entries[&lt;lambda&gt;39]" time="0.00041484832763671875"><skipped message="Suite splitting in effect" type="pytest.skip">src/pymortests/grid.py:422: Suite splitting in effect</skipped></testcase><testcase classname="src.pymortests.grid" file="src/pymortests/grid.py" line="422" name="test_boundaries_entries[&lt;lambda&gt;40]" time="0.0004191398620605469"><skipped message="Suite splitting in effect" type="pytest.skip">src/pymortests/grid.py:422: Suite splitting in effect</skipped></testcase><testcase classname="src.pymortests.grid" file="src/pymortests/grid.py" line="422" name="test_boundaries_entries[&lt;lambda&gt;41]" time="0.0004162788391113281"><skipped message="Suite splitting in effect" type="pytest.skip">src/pymortests/grid.py:422: Suite splitting in effect</skipped></testcase><testcase classname="src.pymortests.grid" file="src/pymortests/grid.py" line="422" name="test_boundaries_entries[&lt;lambda&gt;42]" time="0.00041794776916503906"><skipped message="Suite splitting in effect" type="pytest.skip">src/pymortests/grid.py:422: Suite splitting in effect</skipped></testcase><testcase classname="src.pymortests.grid" file="src/pymortests/grid.py" line="428" name="test_pickle[&lt;lambda&gt;0]" time="0.0004367828369140625"><skipped message="Suite splitting in effect" type="pytest.skip">src/pymortests/grid.py:428: Suite splitting in effect</skipped></testcase><testcase classname="src.pymortests.grid" file="src/pymortests/grid.py" line="428" name="test_pickle[&lt;lambda&gt;1]" time="0.0007507801055908203"><skipped message="Suite splitting in effect" type="pytest.skip">src/pymortests/grid.py:428: Suite splitting in effect</skipped></testcase><testcase classname="src.pymortests.grid" file="src/pymortests/grid.py" line="428" name="test_pickle[&lt;lambda&gt;2]" time="0.0003933906555175781"><skipped message="Suite splitting in effect" type="pytest.skip">src/pymortests/grid.py:428: Suite splitting in effect</skipped></testcase><testcase classname="src.pymortests.grid" file="src/pymortests/grid.py" line="428" name="test_pickle[&lt;lambda&gt;3]" time="0.0004093647003173828"><skipped message="Suite splitting in effect" type="pytest.skip">src/pymortests/grid.py:428: Suite splitting in effect</skipped></testcase><testcase classname="src.pymortests.grid" file="src/pymortests/grid.py" line="428" name="test_pickle[&lt;lambda&gt;4]" time="0.00043463706970214844"><skipped message="Suite splitting in effect" type="pytest.skip">src/pymortests/grid.py:428: Suite splitting in effect</skipped></testcase><testcase classname="src.pymortests.grid" file="src/pymortests/grid.py" line="428" name="test_pickle[&lt;lambda&gt;5]" time="0.00042176246643066406"><skipped message="Suite splitting in effect" type="pytest.skip">src/pymortests/grid.py:428: Suite splitting in effect</skipped></testcase><testcase classname="src.pymortests.grid" file="src/pymortests/grid.py" line="428" name="test_pickle[&lt;lambda&gt;6]" time="0.0004355907440185547"><skipped message="Suite splitting in effect" type="pytest.skip">src/pymortests/grid.py:428: Suite splitting in effect</skipped></testcase><testcase classname="src.pymortests.grid" file="src/pymortests/grid.py" line="428" name="test_pickle[&lt;lambda&gt;7]" time="0.00041866302490234375"><skipped message="Suite splitting in effect" type="pytest.skip">src/pymortests/grid.py:428: Suite splitting in effect</skipped></testcase><testcase classname="src.pymortests.grid" file="src/pymortests/grid.py" line="428" name="test_pickle[&lt;lambda&gt;8]" time="0.00041866302490234375"><skipped message="Suite splitting in effect" type="pytest.skip">src/pymortests/grid.py:428: Suite splitting in effect</skipped></testcase><testcase classname="src.pymortests.grid" file="src/pymortests/grid.py" line="428" name="test_pickle[&lt;lambda&gt;9]" time="0.0007145404815673828"><skipped message="Suite splitting in effect" type="pytest.skip">src/pymortests/grid.py:428: Suite splitting in effect</skipped></testcase><testcase classname="src.pymortests.grid" file="src/pymortests/grid.py" line="428" name="test_pickle[&lt;lambda&gt;10]" time="0.00042247772216796875"><skipped message="Suite splitting in effect" type="pytest.skip">src/pymortests/grid.py:428: Suite splitting in effect</skipped></testcase><testcase classname="src.pymortests.grid" file="src/pymortests/grid.py" line="428" name="test_pickle[&lt;lambda&gt;11]" time="0.00041794776916503906"><skipped message="Suite splitting in effect" type="pytest.skip">src/pymortests/grid.py:428: Suite splitting in effect</skipped></testcase><testcase classname="src.pymortests.grid" file="src/pymortests/grid.py" line="428" name="test_pickle[&lt;lambda&gt;12]" time="0.00042176246643066406"><skipped message="Suite splitting in effect" type="pytest.skip">src/pymortests/grid.py:428: Suite splitting in effect</skipped></testcase><testcase classname="src.pymortests.grid" file="src/pymortests/grid.py" line="428" name="test_pickle[&lt;lambda&gt;13]" time="0.00042128562927246094"><skipped message="Suite splitting in effect" type="pytest.skip">src/pymortests/grid.py:428: Suite splitting in effect</skipped></testcase><testcase classname="src.pymortests.grid" file="src/pymortests/grid.py" line="428" name="test_pickle[&lt;lambda&gt;14]" time="0.0005373954772949219"><skipped message="Suite splitting in effect" type="pytest.skip">src/pymortests/grid.py:428: Suite splitting in effect</skipped></testcase><testcase classname="src.pymortests.grid" file="src/pymortests/grid.py" line="428" name="test_pickle[&lt;lambda&gt;15]" time="0.00041103363037109375"><skipped message="Suite splitting in effect" type="pytest.skip">src/pymortests/grid.py:428: Suite splitting in effect</skipped></testcase><testcase classname="src.pymortests.grid" file="src/pymortests/grid.py" line="428" name="test_pickle[&lt;lambda&gt;16]" time="0.0004286766052246094"><skipped message="Suite splitting in effect" type="pytest.skip">src/pymortests/grid.py:428: Suite splitting in effect</skipped></testcase><testcase classname="src.pymortests.grid" file="src/pymortests/grid.py" line="428" name="test_pickle[&lt;lambda&gt;17]" time="0.0006833076477050781"><skipped message="Suite splitting in effect" type="pytest.skip">src/pymortests/grid.py:428: Suite splitting in effect</skipped></testcase><testcase classname="src.pymortests.grid" file="src/pymortests/grid.py" line="428" name="test_pickle[&lt;lambda&gt;18]" time="0.0004112720489501953"><skipped message="Suite splitting in effect" type="pytest.skip">src/pymortests/grid.py:428: Suite splitting in effect</skipped></testcase><testcase classname="src.pymortests.grid" file="src/pymortests/grid.py" line="428" name="test_pickle[&lt;lambda&gt;19]" time="0.0003921985626220703"><skipped message="Suite splitting in effect" type="pytest.skip">src/pymortests/grid.py:428: Suite splitting in effect</skipped></testcase><testcase classname="src.pymortests.grid" file="src/pymortests/grid.py" line="428" name="test_pickle[&lt;lambda&gt;20]" time="0.00046181678771972656"><skipped message="Suite splitting in effect" type="pytest.skip">src/pymortests/grid.py:428: Suite splitting in effect</skipped></testcase><testcase classname="src.pymortests.grid" file="src/pymortests/grid.py" line="428" name="test_pickle[&lt;lambda&gt;21]" time="0.00040149688720703125"><skipped message="Suite splitting in effect" type="pytest.skip">src/pymortests/grid.py:428: Suite splitting in effect</skipped></testcase><testcase classname="src.pymortests.grid" file="src/pymortests/grid.py" line="428" name="test_pickle[&lt;lambda&gt;22]" time="0.0004220008850097656"><skipped message="Suite splitting in effect" type="pytest.skip">src/pymortests/grid.py:428: Suite splitting in effect</skipped></testcase><testcase classname="src.pymortests.grid" file="src/pymortests/grid.py" line="428" name="test_pickle[&lt;lambda&gt;23]" time="0.0004305839538574219"><skipped message="Suite splitting in effect" type="pytest.skip">src/pymortests/grid.py:428: Suite splitting in effect</skipped></testcase><testcase classname="src.pymortests.grid" file="src/pymortests/grid.py" line="428" name="test_pickle[&lt;lambda&gt;24]" time="0.0004088878631591797"><skipped message="Suite splitting in effect" type="pytest.skip">src/pymortests/grid.py:428: Suite splitting in effect</skipped></testcase><testcase classname="src.pymortests.grid" file="src/pymortests/grid.py" line="428" name="test_pickle[&lt;lambda&gt;25]" time="0.0007517337799072266"><skipped message="Suite splitting in effect" type="pytest.skip">src/pymortests/grid.py:428: Suite splitting in effect</skipped></testcase><testcase classname="src.pymortests.grid" file="src/pymortests/grid.py" line="428" name="test_pickle[&lt;lambda&gt;26]" time="0.0004100799560546875"><skipped message="Suite splitting in effect" type="pytest.skip">src/pymortests/grid.py:428: Suite splitting in effect</skipped></testcase><testcase classname="src.pymortests.grid" file="src/pymortests/grid.py" line="428" name="test_pickle[&lt;lambda&gt;27]" time="0.0005228519439697266"><skipped message="Suite splitting in effect" type="pytest.skip">src/pymortests/grid.py:428: Suite splitting in effect</skipped></testcase><testcase classname="src.pymortests.grid" file="src/pymortests/grid.py" line="428" name="test_pickle[&lt;lambda&gt;28]" time="0.000431060791015625"><skipped message="Suite splitting in effect" type="pytest.skip">src/pymortests/grid.py:428: Suite splitting in effect</skipped></testcase><testcase classname="src.pymortests.grid" file="src/pymortests/grid.py" line="428" name="test_pickle[&lt;lambda&gt;29]" time="0.00041413307189941406"><skipped message="Suite splitting in effect" type="pytest.skip">src/pymortests/grid.py:428: Suite splitting in effect</skipped></testcase><testcase classname="src.pymortests.grid" file="src/pymortests/grid.py" line="428" name="test_pickle[&lt;lambda&gt;30]" time="0.0004177093505859375"><skipped message="Suite splitting in effect" type="pytest.skip">src/pymortests/grid.py:428: Suite splitting in effect</skipped></testcase><testcase classname="src.pymortests.grid" file="src/pymortests/grid.py" line="428" name="test_pickle[&lt;lambda&gt;31]" time="0.0003952980041503906"><skipped message="Suite splitting in effect" type="pytest.skip">src/pymortests/grid.py:428: Suite splitting in effect</skipped></testcase><testcase classname="src.pymortests.grid" file="src/pymortests/grid.py" line="428" name="test_pickle[&lt;lambda&gt;32]" time="0.0004115104675292969"><skipped message="Suite splitting in effect" type="pytest.skip">src/pymortests/grid.py:428: Suite splitting in effect</skipped></testcase><testcase classname="src.pymortests.grid" file="src/pymortests/grid.py" line="428" name="test_pickle[&lt;lambda&gt;33]" time="0.0007100105285644531"><skipped message="Suite splitting in effect" type="pytest.skip">src/pymortests/grid.py:428: Suite splitting in effect</skipped></testcase><testcase classname="src.pymortests.grid" file="src/pymortests/grid.py" line="428" name="test_pickle[&lt;lambda&gt;34]" time="0.0004298686981201172"><skipped message="Suite splitting in effect" type="pytest.skip">src/pymortests/grid.py:428: Suite splitting in effect</skipped></testcase><testcase classname="src.pymortests.grid" file="src/pymortests/grid.py" line="428" name="test_pickle[&lt;lambda&gt;35]" time="0.00041365623474121094"><skipped message="Suite splitting in effect" type="pytest.skip">src/pymortests/grid.py:428: Suite splitting in effect</skipped></testcase><testcase classname="src.pymortests.grid" file="src/pymortests/grid.py" line="428" name="test_pickle[&lt;lambda&gt;36]" time="0.00042057037353515625"><skipped message="Suite splitting in effect" type="pytest.skip">src/pymortests/grid.py:428: Suite splitting in effect</skipped></testcase><testcase classname="src.pymortests.grid" file="src/pymortests/grid.py" line="428" name="test_pickle[&lt;lambda&gt;37]" time="0.00039505958557128906"><skipped message="Suite splitting in effect" type="pytest.skip">src/pymortests/grid.py:428: Suite splitting in effect</skipped></testcase><testcase classname="src.pymortests.grid" file="src/pymortests/grid.py" line="428" name="test_pickle[&lt;lambda&gt;38]" time="0.000400543212890625"><skipped message="Suite splitting in effect" type="pytest.skip">src/pymortests/grid.py:428: Suite splitting in effect</skipped></testcase><testcase classname="src.pymortests.grid" file="src/pymortests/grid.py" line="428" name="test_pickle[&lt;lambda&gt;39]" time="0.00040912628173828125"><skipped message="Suite splitting in effect" type="pytest.skip">src/pymortests/grid.py:428: Suite splitting in effect</skipped></testcase><testcase classname="src.pymortests.grid" file="src/pymortests/grid.py" line="428" name="test_pickle[&lt;lambda&gt;40]" time="0.0004184246063232422"><skipped message="Suite splitting in effect" type="pytest.skip">src/pymortests/grid.py:428: Suite splitting in effect</skipped></testcase><testcase classname="src.pymortests.grid" file="src/pymortests/grid.py" line="428" name="test_pickle[&lt;lambda&gt;41]" time="0.0010378360748291016"><skipped message="Suite splitting in effect" type="pytest.skip">src/pymortests/grid.py:428: Suite splitting in effect</skipped></testcase><testcase classname="src.pymortests.grid" file="src/pymortests/grid.py" line="428" name="test_pickle[&lt;lambda&gt;42]" time="0.0003960132598876953"><skipped message="Suite splitting in effect" type="pytest.skip">src/pymortests/grid.py:428: Suite splitting in effect</skipped></testcase><testcase classname="src.pymortests.grid" file="src/pymortests/grid.py" line="432" name="test_visualize[&lt;lambda&gt;0]" time="0.0004336833953857422"><skipped message="Suite splitting in effect" type="pytest.skip">src/pymortests/grid.py:432: Suite splitting in effect</skipped></testcase><testcase classname="src.pymortests.grid" file="src/pymortests/grid.py" line="432" name="test_visualize[&lt;lambda&gt;1]" time="0.00041365623474121094"><skipped message="Suite splitting in effect" type="pytest.skip">src/pymortests/grid.py:432: Suite splitting in effect</skipped></testcase><testcase classname="src.pymortests.grid" file="src/pymortests/grid.py" line="432" name="test_visualize[&lt;lambda&gt;2]" time="0.0003883838653564453"><skipped message="Suite splitting in effect" type="pytest.skip">src/pymortests/grid.py:432: Suite splitting in effect</skipped></testcase><testcase classname="src.pymortests.grid" file="src/pymortests/grid.py" line="432" name="test_visualize[&lt;lambda&gt;3]" time="0.0003981590270996094"><skipped message="Suite splitting in effect" type="pytest.skip">src/pymortests/grid.py:432: Suite splitting in effect</skipped></testcase><testcase classname="src.pymortests.grid" file="src/pymortests/grid.py" line="432" name="test_visualize[&lt;lambda&gt;4]" time="0.0003960132598876953"><skipped message="Suite splitting in effect" type="pytest.skip">src/pymortests/grid.py:432: Suite splitting in effect</skipped></testcase><testcase classname="src.pymortests.grid" file="src/pymortests/grid.py" line="432" name="test_visualize[&lt;lambda&gt;5]" time="0.0004253387451171875"><skipped message="Suite splitting in effect" type="pytest.skip">src/pymortests/grid.py:432: Suite splitting in effect</skipped></testcase><testcase classname="src.pymortests.grid" file="src/pymortests/grid.py" line="432" name="test_visualize[&lt;lambda&gt;6]" time="0.0007073879241943359"><skipped message="Suite splitting in effect" type="pytest.skip">src/pymortests/grid.py:432: Suite splitting in effect</skipped></testcase><testcase classname="src.pymortests.grid" file="src/pymortests/grid.py" line="432" name="test_visualize[&lt;lambda&gt;7]" time="0.00039124488830566406"><skipped message="Suite splitting in effect" type="pytest.skip">src/pymortests/grid.py:432: Suite splitting in effect</skipped></testcase><testcase classname="src.pymortests.grid" file="src/pymortests/grid.py" line="432" name="test_visualize[&lt;lambda&gt;8]" time="0.0004124641418457031"><skipped message="Suite splitting in effect" type="pytest.skip">src/pymortests/grid.py:432: Suite splitting in effect</skipped></testcase><testcase classname="src.pymortests.grid" file="src/pymortests/grid.py" line="432" name="test_visualize[&lt;lambda&gt;9]" time="0.0003905296325683594"><skipped message="Suite splitting in effect" type="pytest.skip">src/pymortests/grid.py:432: Suite splitting in effect</skipped></testcase><testcase classname="src.pymortests.grid" file="src/pymortests/grid.py" line="432" name="test_visualize[&lt;lambda&gt;10]" time="0.0003955364227294922"><skipped message="Suite splitting in effect" type="pytest.skip">src/pymortests/grid.py:432: Suite splitting in effect</skipped></testcase><testcase classname="src.pymortests.grid" file="src/pymortests/grid.py" line="432" name="test_visualize[&lt;lambda&gt;11]" time="0.002985239028930664"><skipped message="Suite splitting in effect" type="pytest.skip">src/pymortests/grid.py:432: Suite splitting in effect</skipped></testcase><testcase classname="src.pymortests.grid" file="src/pymortests/grid.py" line="432" name="test_visualize[&lt;lambda&gt;12]" time="0.0003979206085205078"><skipped message="Suite splitting in effect" type="pytest.skip">src/pymortests/grid.py:432: Suite splitting in effect</skipped></testcase><testcase classname="src.pymortests.grid" file="src/pymortests/grid.py" line="432" name="test_visualize[&lt;lambda&gt;13]" time="0.0003933906555175781"><skipped message="Suite splitting in effect" type="pytest.skip">src/pymortests/grid.py:432: Suite splitting in effect</skipped></testcase><testcase classname="src.pymortests.grid" file="src/pymortests/grid.py" line="432" name="test_visualize[&lt;lambda&gt;14]" time="0.0007002353668212891"><skipped message="Suite splitting in effect" type="pytest.skip">src/pymortests/grid.py:432: Suite splitting in effect</skipped></testcase><testcase classname="src.pymortests.grid" file="src/pymortests/grid.py" line="432" name="test_visualize[&lt;lambda&gt;15]" time="0.0003883838653564453"><skipped message="Suite splitting in effect" type="pytest.skip">src/pymortests/grid.py:432: Suite splitting in effect</skipped></testcase><testcase classname="src.pymortests.grid" file="src/pymortests/grid.py" line="432" name="test_visualize[&lt;lambda&gt;16]" time="0.0003840923309326172"><skipped message="Suite splitting in effect" type="pytest.skip">src/pymortests/grid.py:432: Suite splitting in effect</skipped></testcase><testcase classname="src.pymortests.grid" file="src/pymortests/grid.py" line="432" name="test_visualize[&lt;lambda&gt;17]" time="0.00038695335388183594"><skipped message="Suite splitting in effect" type="pytest.skip">src/pymortests/grid.py:432: Suite splitting in effect</skipped></testcase><testcase classname="src.pymortests.grid" file="src/pymortests/grid.py" line="432" name="test_visualize[&lt;lambda&gt;18]" time="0.00042057037353515625"><skipped message="Suite splitting in effect" type="pytest.skip">src/pymortests/grid.py:432: Suite splitting in effect</skipped></testcase><testcase classname="src.pymortests.grid" file="src/pymortests/grid.py" line="432" name="test_visualize[&lt;lambda&gt;19]" time="0.00038695335388183594"><skipped message="Suite splitting in effect" type="pytest.skip">src/pymortests/grid.py:432: Suite splitting in effect</skipped></testcase><testcase classname="src.pymortests.grid" file="src/pymortests/grid.py" line="432" name="test_visualize[&lt;lambda&gt;20]" time="0.0004253387451171875"><skipped message="Suite splitting in effect" type="pytest.skip">src/pymortests/grid.py:432: Suite splitting in effect</skipped></testcase><testcase classname="src.pymortests.grid" file="src/pymortests/grid.py" line="432" name="test_visualize[&lt;lambda&gt;21]" time="0.0004124641418457031"><skipped message="Suite splitting in effect" type="pytest.skip">src/pymortests/grid.py:432: Suite splitting in effect</skipped></testcase><testcase classname="src.pymortests.grid" file="src/pymortests/grid.py" line="432" name="test_visualize[&lt;lambda&gt;22]" time="0.0007014274597167969"><skipped message="Suite splitting in effect" type="pytest.skip">src/pymortests/grid.py:432: Suite splitting in effect</skipped></testcase><testcase classname="src.pymortests.grid" file="src/pymortests/grid.py" line="432" name="test_visualize[&lt;lambda&gt;23]" time="0.0004093647003173828"><skipped message="Suite splitting in effect" type="pytest.skip">src/pymortests/grid.py:432: Suite splitting in effect</skipped></testcase><testcase classname="src.pymortests.grid" file="src/pymortests/grid.py" line="432" name="test_visualize[&lt;lambda&gt;24]" time="0.00041866302490234375"><skipped message="Suite splitting in effect" type="pytest.skip">src/pymortests/grid.py:432: Suite splitting in effect</skipped></testcase><testcase classname="src.pymortests.grid" file="src/pymortests/grid.py" line="432" name="test_visualize[&lt;lambda&gt;25]" time="0.00041747093200683594"><skipped message="Suite splitting in effect" type="pytest.skip">src/pymortests/grid.py:432: Suite splitting in effect</skipped></testcase><testcase classname="src.pymortests.grid" file="src/pymortests/grid.py" line="432" name="test_visualize[&lt;lambda&gt;26]" time="0.00039386749267578125"><skipped message="Suite splitting in effect" type="pytest.skip">src/pymortests/grid.py:432: Suite splitting in effect</skipped></testcase><testcase classname="src.pymortests.grid" file="src/pymortests/grid.py" line="432" name="test_visualize[&lt;lambda&gt;27]" time="0.00042176246643066406"><skipped message="Suite splitting in effect" type="pytest.skip">src/pymortests/grid.py:432: Suite splitting in effect</skipped></testcase><testcase classname="src.pymortests.grid" file="src/pymortests/grid.py" line="432" name="test_visualize[&lt;lambda&gt;28]" time="0.0003924369812011719"><skipped message="Suite splitting in effect" type="pytest.skip">src/pymortests/grid.py:432: Suite splitting in effect</skipped></testcase><testcase classname="src.pymortests.grid" file="src/pymortests/grid.py" line="432" name="test_visualize[&lt;lambda&gt;29]" time="0.0003972053527832031"><skipped message="Suite splitting in effect" type="pytest.skip">src/pymortests/grid.py:432: Suite splitting in effect</skipped></testcase><testcase classname="src.pymortests.grid" file="src/pymortests/grid.py" line="432" name="test_visualize[&lt;lambda&gt;30]" time="0.0006780624389648438"><skipped message="Suite splitting in effect" type="pytest.skip">src/pymortests/grid.py:432: Suite splitting in effect</skipped></testcase><testcase classname="src.pymortests.gui" file="src/pymortests/gui.py" line="26" name="test_visualize_patch[backend_gridtype0]" time="0.0004687309265136719"><skipped message="Suite splitting in effect" type="pytest.skip">src/pymortests/gui.py:26: Suite splitting in effect</skipped></testcase><testcase classname="src.pymortests.gui" file="src/pymortests/gui.py" line="26" name="test_visualize_patch[backend_gridtype1]" time="0.0003993511199951172"><skipped message="Suite splitting in effect" type="pytest.skip">src/pymortests/gui.py:26: Suite splitting in effect</skipped></testcase><testcase classname="src.pymortests.gui" file="src/pymortests/gui.py" line="26" name="test_visualize_patch[backend_gridtype2]" time="0.0004134178161621094"><skipped message="Suite splitting in effect" type="pytest.skip">src/pymortests/gui.py:26: Suite splitting in effect</skipped></testcase><testcase classname="src.pymortests.la" file="src/pymortests/la.py" line="13" name="test_induced" time="0.0004703998565673828"><skipped message="Suite splitting in effect" type="pytest.skip">src/pymortests/la.py:13: Suite splitting in effect</skipped></testcase><testcase classname="src.pymortests.lyapunov" file="src/pymortests/lyapunov.py" line="93" name="test_lrcf[scipy-False-False-1-100]" time="0.0004911422729492188"><skipped message="Suite splitting in effect" type="pytest.skip">src/pymortests/lyapunov.py:93: Suite splitting in effect</skipped></testcase><testcase classname="src.pymortests.lyapunov" file="src/pymortests/lyapunov.py" line="93" name="test_lrcf[scipy-False-False-1-200]" time="0.00039768218994140625"><skipped message="Suite splitting in effect" type="pytest.skip">src/pymortests/lyapunov.py:93: Suite splitting in effect</skipped></testcase><testcase classname="src.pymortests.lyapunov" file="src/pymortests/lyapunov.py" line="93" name="test_lrcf[scipy-False-False-2-100]" time="0.0004398822784423828"><skipped message="Suite splitting in effect" type="pytest.skip">src/pymortests/lyapunov.py:93: Suite splitting in effect</skipped></testcase><testcase classname="src.pymortests.lyapunov" file="src/pymortests/lyapunov.py" line="93" name="test_lrcf[scipy-False-False-2-200]" time="0.0007169246673583984"><skipped message="Suite splitting in effect" type="pytest.skip">src/pymortests/lyapunov.py:93: Suite splitting in effect</skipped></testcase><testcase classname="src.pymortests.lyapunov" file="src/pymortests/lyapunov.py" line="93" name="test_lrcf[scipy-False-True-1-100]" time="0.0004458427429199219"><skipped message="Suite splitting in effect" type="pytest.skip">src/pymortests/lyapunov.py:93: Suite splitting in effect</skipped></testcase><testcase classname="src.pymortests.lyapunov" file="src/pymortests/lyapunov.py" line="93" name="test_lrcf[scipy-False-True-1-200]" time="0.0003914833068847656"><skipped message="Suite splitting in effect" type="pytest.skip">src/pymortests/lyapunov.py:93: Suite splitting in effect</skipped></testcase><testcase classname="src.pymortests.lyapunov" file="src/pymortests/lyapunov.py" line="93" name="test_lrcf[scipy-False-True-2-100]" time="0.0004100799560546875"><skipped message="Suite splitting in effect" type="pytest.skip">src/pymortests/lyapunov.py:93: Suite splitting in effect</skipped></testcase><testcase classname="src.pymortests.lyapunov" file="src/pymortests/lyapunov.py" line="93" name="test_lrcf[scipy-False-True-2-200]" time="0.0003917217254638672"><skipped message="Suite splitting in effect" type="pytest.skip">src/pymortests/lyapunov.py:93: Suite splitting in effect</skipped></testcase><testcase classname="src.pymortests.lyapunov" file="src/pymortests/lyapunov.py" line="93" name="test_lrcf[scipy-True-False-1-100]" time="0.0003960132598876953"><skipped message="Suite splitting in effect" type="pytest.skip">src/pymortests/lyapunov.py:93: Suite splitting in effect</skipped></testcase><testcase classname="src.pymortests.lyapunov" file="src/pymortests/lyapunov.py" line="93" name="test_lrcf[scipy-True-False-1-200]" time="0.0004215240478515625"><skipped message="Suite splitting in effect" type="pytest.skip">src/pymortests/lyapunov.py:93: Suite splitting in effect</skipped></testcase><testcase classname="src.pymortests.lyapunov" file="src/pymortests/lyapunov.py" line="93" name="test_lrcf[scipy-True-False-2-100]" time="0.00042319297790527344"><skipped message="Suite splitting in effect" type="pytest.skip">src/pymortests/lyapunov.py:93: Suite splitting in effect</skipped></testcase><testcase classname="src.pymortests.lyapunov" file="src/pymortests/lyapunov.py" line="93" name="test_lrcf[scipy-True-False-2-200]" time="0.0008609294891357422"><skipped message="Suite splitting in effect" type="pytest.skip">src/pymortests/lyapunov.py:93: Suite splitting in effect</skipped></testcase><testcase classname="src.pymortests.lyapunov" file="src/pymortests/lyapunov.py" line="93" name="test_lrcf[scipy-True-True-1-100]" time="0.00039267539978027344"><skipped message="Suite splitting in effect" type="pytest.skip">src/pymortests/lyapunov.py:93: Suite splitting in effect</skipped></testcase><testcase classname="src.pymortests.lyapunov" file="src/pymortests/lyapunov.py" line="93" name="test_lrcf[scipy-True-True-1-200]" time="0.0003943443298339844"><skipped message="Suite splitting in effect" type="pytest.skip">src/pymortests/lyapunov.py:93: Suite splitting in effect</skipped></testcase><testcase classname="src.pymortests.lyapunov" file="src/pymortests/lyapunov.py" line="93" name="test_lrcf[scipy-True-True-2-100]" time="0.00043272972106933594"><skipped message="Suite splitting in effect" type="pytest.skip">src/pymortests/lyapunov.py:93: Suite splitting in effect</skipped></testcase><testcase classname="src.pymortests.lyapunov" file="src/pymortests/lyapunov.py" line="93" name="test_lrcf[scipy-True-True-2-200]" time="0.0004105567932128906"><skipped message="Suite splitting in effect" type="pytest.skip">src/pymortests/lyapunov.py:93: Suite splitting in effect</skipped></testcase><testcase classname="src.pymortests.lyapunov" file="src/pymortests/lyapunov.py" line="93" name="test_lrcf[slycot_bartels-stewart-False-False-1-100]" time="0.0003886222839355469"><skipped message="Suite splitting in effect" type="pytest.skip">src/pymortests/lyapunov.py:93: Suite splitting in effect</skipped></testcase><testcase classname="src.pymortests.lyapunov" file="src/pymortests/lyapunov.py" line="93" name="test_lrcf[slycot_bartels-stewart-False-False-1-200]" time="0.0003998279571533203"><skipped message="Suite splitting in effect" type="pytest.skip">src/pymortests/lyapunov.py:93: Suite splitting in effect</skipped></testcase><testcase classname="src.pymortests.lyapunov" file="src/pymortests/lyapunov.py" line="93" name="test_lrcf[slycot_bartels-stewart-False-False-2-100]" time="0.0003895759582519531"><skipped message="Suite splitting in effect" type="pytest.skip">src/pymortests/lyapunov.py:93: Suite splitting in effect</skipped></testcase><testcase classname="src.pymortests.lyapunov" file="src/pymortests/lyapunov.py" line="93" name="test_lrcf[slycot_bartels-stewart-False-False-2-200]" time="0.0007791519165039062"><skipped message="Suite splitting in effect" type="pytest.skip">src/pymortests/lyapunov.py:93: Suite splitting in effect</skipped></testcase><testcase classname="src.pymortests.lyapunov" file="src/pymortests/lyapunov.py" line="93" name="test_lrcf[slycot_bartels-stewart-False-True-1-100]" time="0.0003972053527832031"><skipped message="Suite splitting in effect" type="pytest.skip">src/pymortests/lyapunov.py:93: Suite splitting in effect</skipped></testcase><testcase classname="src.pymortests.lyapunov" file="src/pymortests/lyapunov.py" line="93" name="test_lrcf[slycot_bartels-stewart-False-True-1-200]" time="0.00039696693420410156"><skipped message="Suite splitting in effect" type="pytest.skip">src/pymortests/lyapunov.py:93: Suite splitting in effect</skipped></testcase><testcase classname="src.pymortests.lyapunov" file="src/pymortests/lyapunov.py" line="93" name="test_lrcf[slycot_bartels-stewart-False-True-2-100]" time="0.0003895759582519531"><skipped message="Suite splitting in effect" type="pytest.skip">src/pymortests/lyapunov.py:93: Suite splitting in effect</skipped></testcase><testcase classname="src.pymortests.lyapunov" file="src/pymortests/lyapunov.py" line="93" name="test_lrcf[slycot_bartels-stewart-False-True-2-200]" time="0.0004248619079589844"><skipped message="Suite splitting in effect" type="pytest.skip">src/pymortests/lyapunov.py:93: Suite splitting in effect</skipped></testcase><testcase classname="src.pymortests.lyapunov" file="src/pymortests/lyapunov.py" line="93" name="test_lrcf[slycot_bartels-stewart-True-False-1-100]" time="0.00042366981506347656"><skipped message="Suite splitting in effect" type="pytest.skip">src/pymortests/lyapunov.py:93: Suite splitting in effect</skipped></testcase><testcase classname="src.pymortests.lyapunov" file="src/pymortests/lyapunov.py" line="93" name="test_lrcf[slycot_bartels-stewart-True-False-1-200]" time="0.0004143714904785156"><skipped message="Suite splitting in effect" type="pytest.skip">src/pymortests/lyapunov.py:93: Suite splitting in effect</skipped></testcase><testcase classname="src.pymortests.lyapunov" file="src/pymortests/lyapunov.py" line="93" name="test_lrcf[slycot_bartels-stewart-True-False-2-100]" time="0.0004143714904785156"><skipped message="Suite splitting in effect" type="pytest.skip">src/pymortests/lyapunov.py:93: Suite splitting in effect</skipped></testcase><testcase classname="src.pymortests.lyapunov" file="src/pymortests/lyapunov.py" line="93" name="test_lrcf[slycot_bartels-stewart-True-False-2-200]" time="0.0006985664367675781"><skipped message="Suite splitting in effect" type="pytest.skip">src/pymortests/lyapunov.py:93: Suite splitting in effect</skipped></testcase><testcase classname="src.pymortests.lyapunov" file="src/pymortests/lyapunov.py" line="93" name="test_lrcf[slycot_bartels-stewart-True-True-1-100]" time="0.0004432201385498047"><skipped message="Suite splitting in effect" type="pytest.skip">src/pymortests/lyapunov.py:93: Suite splitting in effect</skipped></testcase><testcase classname="src.pymortests.lyapunov" file="src/pymortests/lyapunov.py" line="93" name="test_lrcf[slycot_bartels-stewart-True-True-1-200]" time="0.0003867149353027344"><skipped message="Suite splitting in effect" type="pytest.skip">src/pymortests/lyapunov.py:93: Suite splitting in effect</skipped></testcase><testcase classname="src.pymortests.lyapunov" file="src/pymortests/lyapunov.py" line="93" name="test_lrcf[slycot_bartels-stewart-True-True-2-100]" time="0.0004451274871826172"><skipped message="Suite splitting in effect" type="pytest.skip">src/pymortests/lyapunov.py:93: Suite splitting in effect</skipped></testcase><testcase classname="src.pymortests.lyapunov" file="src/pymortests/lyapunov.py" line="93" name="test_lrcf[slycot_bartels-stewart-True-True-2-200]" time="0.00038933753967285156"><skipped message="Suite splitting in effect" type="pytest.skip">src/pymortests/lyapunov.py:93: Suite splitting in effect</skipped></testcase><testcase classname="src.pymortests.lyapunov" file="src/pymortests/lyapunov.py" line="93" name="test_lrcf[pymess_glyap-False-False-1-100]" time="0.0004017353057861328"><skipped message="Suite splitting in effect" type="pytest.skip">src/pymortests/lyapunov.py:93: Suite splitting in effect</skipped></testcase><testcase classname="src.pymortests.lyapunov" file="src/pymortests/lyapunov.py" line="93" name="test_lrcf[pymess_glyap-False-False-1-200]" time="0.000400543212890625"><skipped message="Suite splitting in effect" type="pytest.skip">src/pymortests/lyapunov.py:93: Suite splitting in effect</skipped></testcase><testcase classname="src.pymortests.lyapunov" file="src/pymortests/lyapunov.py" line="93" name="test_lrcf[pymess_glyap-False-False-2-100]" time="0.00042176246643066406"><skipped message="Suite splitting in effect" type="pytest.skip">src/pymortests/lyapunov.py:93: Suite splitting in effect</skipped></testcase><testcase classname="src.pymortests.lyapunov" file="src/pymortests/lyapunov.py" line="93" name="test_lrcf[pymess_glyap-False-False-2-200]" time="0.0006618499755859375"><skipped message="Suite splitting in effect" type="pytest.skip">src/pymortests/lyapunov.py:93: Suite splitting in effect</skipped></testcase><testcase classname="src.pymortests.lyapunov" file="src/pymortests/lyapunov.py" line="93" name="test_lrcf[pymess_glyap-False-True-1-100]" time="0.0004296302795410156"><skipped message="Suite splitting in effect" type="pytest.skip">src/pymortests/lyapunov.py:93: Suite splitting in effect</skipped></testcase><testcase classname="src.pymortests.lyapunov" file="src/pymortests/lyapunov.py" line="93" name="test_lrcf[pymess_glyap-False-True-1-200]" time="0.00044465065002441406"><skipped message="Suite splitting in effect" type="pytest.skip">src/pymortests/lyapunov.py:93: Suite splitting in effect</skipped></testcase><testcase classname="src.pymortests.lyapunov" file="src/pymortests/lyapunov.py" line="93" name="test_lrcf[pymess_glyap-False-True-2-100]" time="0.0004000663757324219"><skipped message="Suite splitting in effect" type="pytest.skip">src/pymortests/lyapunov.py:93: Suite splitting in effect</skipped></testcase><testcase classname="src.pymortests.lyapunov" file="src/pymortests/lyapunov.py" line="93" name="test_lrcf[pymess_glyap-False-True-2-200]" time="0.00041103363037109375"><skipped message="Suite splitting in effect" type="pytest.skip">src/pymortests/lyapunov.py:93: Suite splitting in effect</skipped></testcase><testcase classname="src.pymortests.lyapunov" file="src/pymortests/lyapunov.py" line="93" name="test_lrcf[pymess_glyap-True-False-1-100]" time="0.0003993511199951172"><skipped message="Suite splitting in effect" type="pytest.skip">src/pymortests/lyapunov.py:93: Suite splitting in effect</skipped></testcase><testcase classname="src.pymortests.lyapunov" file="src/pymortests/lyapunov.py" line="93" name="test_lrcf[pymess_glyap-True-False-1-200]" time="0.0004112720489501953"><skipped message="Suite splitting in effect" type="pytest.skip">src/pymortests/lyapunov.py:93: Suite splitting in effect</skipped></testcase><testcase classname="src.pymortests.lyapunov" file="src/pymortests/lyapunov.py" line="93" name="test_lrcf[pymess_glyap-True-False-2-100]" time="0.00041413307189941406"><skipped message="Suite splitting in effect" type="pytest.skip">src/pymortests/lyapunov.py:93: Suite splitting in effect</skipped></testcase><testcase classname="src.pymortests.lyapunov" file="src/pymortests/lyapunov.py" line="93" name="test_lrcf[pymess_glyap-True-False-2-200]" time="0.0006999969482421875"><skipped message="Suite splitting in effect" type="pytest.skip">src/pymortests/lyapunov.py:93: Suite splitting in effect</skipped></testcase><testcase classname="src.pymortests.lyapunov" file="src/pymortests/lyapunov.py" line="93" name="test_lrcf[pymess_glyap-True-True-1-100]" time="0.0003955364227294922"><skipped message="Suite splitting in effect" type="pytest.skip">src/pymortests/lyapunov.py:93: Suite splitting in effect</skipped></testcase><testcase classname="src.pymortests.lyapunov" file="src/pymortests/lyapunov.py" line="93" name="test_lrcf[pymess_glyap-True-True-1-200]" time="0.0004372596740722656"><skipped message="Suite splitting in effect" type="pytest.skip">src/pymortests/lyapunov.py:93: Suite splitting in effect</skipped></testcase><testcase classname="src.pymortests.lyapunov" file="src/pymortests/lyapunov.py" line="93" name="test_lrcf[pymess_glyap-True-True-2-100]" time="0.0003955364227294922"><skipped message="Suite splitting in effect" type="pytest.skip">src/pymortests/lyapunov.py:93: Suite splitting in effect</skipped></testcase><testcase classname="src.pymortests.lyapunov" file="src/pymortests/lyapunov.py" line="93" name="test_lrcf[pymess_glyap-True-True-2-200]" time="0.0004036426544189453"><skipped message="Suite splitting in effect" type="pytest.skip">src/pymortests/lyapunov.py:93: Suite splitting in effect</skipped></testcase><testcase classname="src.pymortests.lyapunov" file="src/pymortests/lyapunov.py" line="93" name="test_lrcf[pymess_lradi-False-False-1-100]" time="0.0004277229309082031"><skipped message="Suite splitting in effect" type="pytest.skip">src/pymortests/lyapunov.py:93: Suite splitting in effect</skipped></testcase><testcase classname="src.pymortests.lyapunov" file="src/pymortests/lyapunov.py" line="93" name="test_lrcf[pymess_lradi-False-False-1-200]" time="0.0004220008850097656"><skipped message="Suite splitting in effect" type="pytest.skip">src/pymortests/lyapunov.py:93: Suite splitting in effect</skipped></testcase><testcase classname="src.pymortests.lyapunov" file="src/pymortests/lyapunov.py" line="93" name="test_lrcf[pymess_lradi-False-False-2-100]" time="0.00044083595275878906"><skipped message="Suite splitting in effect" type="pytest.skip">src/pymortests/lyapunov.py:93: Suite splitting in effect</skipped></testcase><testcase classname="src.pymortests.lyapunov" file="src/pymortests/lyapunov.py" line="93" name="test_lrcf[pymess_lradi-False-False-2-200]" time="0.0006928443908691406"><skipped message="Suite splitting in effect" type="pytest.skip">src/pymortests/lyapunov.py:93: Suite splitting in effect</skipped></testcase><testcase classname="src.pymortests.lyapunov" file="src/pymortests/lyapunov.py" line="93" name="test_lrcf[pymess_lradi-False-True-1-100]" time="0.00040841102600097656"><skipped message="Suite splitting in effect" type="pytest.skip">src/pymortests/lyapunov.py:93: Suite splitting in effect</skipped></testcase><testcase classname="src.pymortests.lyapunov" file="src/pymortests/lyapunov.py" line="93" name="test_lrcf[pymess_lradi-False-True-1-200]" time="0.0004162788391113281"><skipped message="Suite splitting in effect" type="pytest.skip">src/pymortests/lyapunov.py:93: Suite splitting in effect</skipped></testcase><testcase classname="src.pymortests.lyapunov" file="src/pymortests/lyapunov.py" line="93" name="test_lrcf[pymess_lradi-False-True-2-100]" time="0.00041985511779785156"><skipped message="Suite splitting in effect" type="pytest.skip">src/pymortests/lyapunov.py:93: Suite splitting in effect</skipped></testcase><testcase classname="src.pymortests.lyapunov" file="src/pymortests/lyapunov.py" line="93" name="test_lrcf[pymess_lradi-False-True-2-200]" time="0.0004413127899169922"><skipped message="Suite splitting in effect" type="pytest.skip">src/pymortests/lyapunov.py:93: Suite splitting in effect</skipped></testcase><testcase classname="src.pymortests.lyapunov" file="src/pymortests/lyapunov.py" line="93" name="test_lrcf[pymess_lradi-True-False-1-100]" time="0.0004096031188964844"><skipped message="Suite splitting in effect" type="pytest.skip">src/pymortests/lyapunov.py:93: Suite splitting in effect</skipped></testcase><testcase classname="src.pymortests.lyapunov" file="src/pymortests/lyapunov.py" line="93" name="test_lrcf[pymess_lradi-True-False-1-200]" time="0.000408172607421875"><skipped message="Suite splitting in effect" type="pytest.skip">src/pymortests/lyapunov.py:93: Suite splitting in effect</skipped></testcase><testcase classname="src.pymortests.lyapunov" file="src/pymortests/lyapunov.py" line="93" name="test_lrcf[pymess_lradi-True-False-2-100]" time="0.000446319580078125"><skipped message="Suite splitting in effect" type="pytest.skip">src/pymortests/lyapunov.py:93: Suite splitting in effect</skipped></testcase><testcase classname="src.pymortests.lyapunov" file="src/pymortests/lyapunov.py" line="93" name="test_lrcf[pymess_lradi-True-False-2-200]" time="0.0006670951843261719"><skipped message="Suite splitting in effect" type="pytest.skip">src/pymortests/lyapunov.py:93: Suite splitting in effect</skipped></testcase><testcase classname="src.pymortests.lyapunov" file="src/pymortests/lyapunov.py" line="93" name="test_lrcf[pymess_lradi-True-True-1-100]" time="0.00041961669921875"><skipped message="Suite splitting in effect" type="pytest.skip">src/pymortests/lyapunov.py:93: Suite splitting in effect</skipped></testcase><testcase classname="src.pymortests.lyapunov" file="src/pymortests/lyapunov.py" line="93" name="test_lrcf[pymess_lradi-True-True-1-200]" time="0.0003924369812011719"><skipped message="Suite splitting in effect" type="pytest.skip">src/pymortests/lyapunov.py:93: Suite splitting in effect</skipped></testcase><testcase classname="src.pymortests.lyapunov" file="src/pymortests/lyapunov.py" line="93" name="test_lrcf[pymess_lradi-True-True-2-100]" time="0.00039696693420410156"><skipped message="Suite splitting in effect" type="pytest.skip">src/pymortests/lyapunov.py:93: Suite splitting in effect</skipped></testcase><testcase classname="src.pymortests.lyapunov" file="src/pymortests/lyapunov.py" line="93" name="test_lrcf[pymess_lradi-True-True-2-200]" time="0.0003902912139892578"><skipped message="Suite splitting in effect" type="pytest.skip">src/pymortests/lyapunov.py:93: Suite splitting in effect</skipped></testcase><testcase classname="src.pymortests.lyapunov" file="src/pymortests/lyapunov.py" line="93" name="test_lrcf[lradi-False-False-1-100]" time="0.00042366981506347656"><skipped message="Suite splitting in effect" type="pytest.skip">src/pymortests/lyapunov.py:93: Suite splitting in effect</skipped></testcase><testcase classname="src.pymortests.lyapunov" file="src/pymortests/lyapunov.py" line="93" name="test_lrcf[lradi-False-False-1-200]" time="0.0003981590270996094"><skipped message="Suite splitting in effect" type="pytest.skip">src/pymortests/lyapunov.py:93: Suite splitting in effect</skipped></testcase><testcase classname="src.pymortests.lyapunov" file="src/pymortests/lyapunov.py" line="93" name="test_lrcf[lradi-False-False-2-100]" time="0.00044465065002441406"><skipped message="Suite splitting in effect" type="pytest.skip">src/pymortests/lyapunov.py:93: Suite splitting in effect</skipped></testcase><testcase classname="src.pymortests.lyapunov" file="src/pymortests/lyapunov.py" line="93" name="test_lrcf[lradi-False-False-2-200]" time="0.0006554126739501953"><skipped message="Suite splitting in effect" type="pytest.skip">src/pymortests/lyapunov.py:93: Suite splitting in effect</skipped></testcase><testcase classname="src.pymortests.lyapunov" file="src/pymortests/lyapunov.py" line="93" name="test_lrcf[lradi-False-True-1-100]" time="0.00042510032653808594"><skipped message="Suite splitting in effect" type="pytest.skip">src/pymortests/lyapunov.py:93: Suite splitting in effect</skipped></testcase><testcase classname="src.pymortests.lyapunov" file="src/pymortests/lyapunov.py" line="93" name="test_lrcf[lradi-False-True-1-200]" time="0.0004374980926513672"><skipped message="Suite splitting in effect" type="pytest.skip">src/pymortests/lyapunov.py:93: Suite splitting in effect</skipped></testcase><testcase classname="src.pymortests.lyapunov" file="src/pymortests/lyapunov.py" line="93" name="test_lrcf[lradi-False-True-2-100]" time="0.000400543212890625"><skipped message="Suite splitting in effect" type="pytest.skip">src/pymortests/lyapunov.py:93: Suite splitting in effect</skipped></testcase><testcase classname="src.pymortests.lyapunov" file="src/pymortests/lyapunov.py" line="93" name="test_lrcf[lradi-False-True-2-200]" time="0.00044608116149902344"><skipped message="Suite splitting in effect" type="pytest.skip">src/pymortests/lyapunov.py:93: Suite splitting in effect</skipped></testcase><testcase classname="src.pymortests.lyapunov" file="src/pymortests/lyapunov.py" line="93" name="test_lrcf[lradi-True-False-1-100]" time="0.00038886070251464844"><skipped message="Suite splitting in effect" type="pytest.skip">src/pymortests/lyapunov.py:93: Suite splitting in effect</skipped></testcase><testcase classname="src.pymortests.lyapunov" file="src/pymortests/lyapunov.py" line="93" name="test_lrcf[lradi-True-False-1-200]" time="0.0004019737243652344"><skipped message="Suite splitting in effect" type="pytest.skip">src/pymortests/lyapunov.py:93: Suite splitting in effect</skipped></testcase><testcase classname="src.pymortests.lyapunov" file="src/pymortests/lyapunov.py" line="93" name="test_lrcf[lradi-True-False-2-100]" time="0.00040078163146972656"><skipped message="Suite splitting in effect" type="pytest.skip">src/pymortests/lyapunov.py:93: Suite splitting in effect</skipped></testcase><testcase classname="src.pymortests.lyapunov" file="src/pymortests/lyapunov.py" line="93" name="test_lrcf[lradi-True-False-2-200]" time="0.0006730556488037109"><skipped message="Suite splitting in effect" type="pytest.skip">src/pymortests/lyapunov.py:93: Suite splitting in effect</skipped></testcase><testcase classname="src.pymortests.lyapunov" file="src/pymortests/lyapunov.py" line="93" name="test_lrcf[lradi-True-True-1-100]" time="0.0003921985626220703"><skipped message="Suite splitting in effect" type="pytest.skip">src/pymortests/lyapunov.py:93: Suite splitting in effect</skipped></testcase><testcase classname="src.pymortests.lyapunov" file="src/pymortests/lyapunov.py" line="93" name="test_lrcf[lradi-True-True-1-200]" time="0.0004210472106933594"><skipped message="Suite splitting in effect" type="pytest.skip">src/pymortests/lyapunov.py:93: Suite splitting in effect</skipped></testcase><testcase classname="src.pymortests.lyapunov" file="src/pymortests/lyapunov.py" line="93" name="test_lrcf[lradi-True-True-2-100]" time="0.0004239082336425781"><skipped message="Suite splitting in effect" type="pytest.skip">src/pymortests/lyapunov.py:93: Suite splitting in effect</skipped></testcase><testcase classname="src.pymortests.lyapunov" file="src/pymortests/lyapunov.py" line="93" name="test_lrcf[lradi-True-True-2-200]" time="0.0003962516784667969"><skipped message="Suite splitting in effect" type="pytest.skip">src/pymortests/lyapunov.py:93: Suite splitting in effect</skipped></testcase><testcase classname="src.pymortests.lyapunov" file="src/pymortests/lyapunov.py" line="122" name="test_dense[scipy-False-False-1-100]" time="0.00039458274841308594"><skipped message="Suite splitting in effect" type="pytest.skip">src/pymortests/lyapunov.py:122: Suite splitting in effect</skipped></testcase><testcase classname="src.pymortests.lyapunov" file="src/pymortests/lyapunov.py" line="122" name="test_dense[scipy-False-False-1-200]" time="0.00039124488830566406"><skipped message="Suite splitting in effect" type="pytest.skip">src/pymortests/lyapunov.py:122: Suite splitting in effect</skipped></testcase><testcase classname="src.pymortests.lyapunov" file="src/pymortests/lyapunov.py" line="122" name="test_dense[scipy-False-False-2-100]" time="0.00042700767517089844"><skipped message="Suite splitting in effect" type="pytest.skip">src/pymortests/lyapunov.py:122: Suite splitting in effect</skipped></testcase><testcase classname="src.pymortests.lyapunov" file="src/pymortests/lyapunov.py" line="122" name="test_dense[scipy-False-False-2-200]" time="0.0006744861602783203"><skipped message="Suite splitting in effect" type="pytest.skip">src/pymortests/lyapunov.py:122: Suite splitting in effect</skipped></testcase><testcase classname="src.pymortests.lyapunov" file="src/pymortests/lyapunov.py" line="122" name="test_dense[scipy-False-True-1-100]" time="0.0003917217254638672"><skipped message="Suite splitting in effect" type="pytest.skip">src/pymortests/lyapunov.py:122: Suite splitting in effect</skipped></testcase><testcase classname="src.pymortests.lyapunov" file="src/pymortests/lyapunov.py" line="122" name="test_dense[scipy-False-True-1-200]" time="0.00040984153747558594"><skipped message="Suite splitting in effect" type="pytest.skip">src/pymortests/lyapunov.py:122: Suite splitting in effect</skipped></testcase><testcase classname="src.pymortests.lyapunov" file="src/pymortests/lyapunov.py" line="122" name="test_dense[scipy-False-True-2-100]" time="0.0004220008850097656"><skipped message="Suite splitting in effect" type="pytest.skip">src/pymortests/lyapunov.py:122: Suite splitting in effect</skipped></testcase><testcase classname="src.pymortests.lyapunov" file="src/pymortests/lyapunov.py" line="122" name="test_dense[scipy-False-True-2-200]" time="0.0004286766052246094"><skipped message="Suite splitting in effect" type="pytest.skip">src/pymortests/lyapunov.py:122: Suite splitting in effect</skipped></testcase><testcase classname="src.pymortests.lyapunov" file="src/pymortests/lyapunov.py" line="122" name="test_dense[scipy-True-False-1-100]" time="0.0004181861877441406"><skipped message="Suite splitting in effect" type="pytest.skip">src/pymortests/lyapunov.py:122: Suite splitting in effect</skipped></testcase><testcase classname="src.pymortests.lyapunov" file="src/pymortests/lyapunov.py" line="122" name="test_dense[scipy-True-False-1-200]" time="0.0003933906555175781"><skipped message="Suite splitting in effect" type="pytest.skip">src/pymortests/lyapunov.py:122: Suite splitting in effect</skipped></testcase><testcase classname="src.pymortests.lyapunov" file="src/pymortests/lyapunov.py" line="122" name="test_dense[scipy-True-False-2-100]" time="0.0003962516784667969"><skipped message="Suite splitting in effect" type="pytest.skip">src/pymortests/lyapunov.py:122: Suite splitting in effect</skipped></testcase><testcase classname="src.pymortests.lyapunov" file="src/pymortests/lyapunov.py" line="122" name="test_dense[scipy-True-False-2-200]" time="0.0007488727569580078"><skipped message="Suite splitting in effect" type="pytest.skip">src/pymortests/lyapunov.py:122: Suite splitting in effect</skipped></testcase><testcase classname="src.pymortests.lyapunov" file="src/pymortests/lyapunov.py" line="122" name="test_dense[scipy-True-True-1-100]" time="0.00045037269592285156"><skipped message="Suite splitting in effect" type="pytest.skip">src/pymortests/lyapunov.py:122: Suite splitting in effect</skipped></testcase><testcase classname="src.pymortests.lyapunov" file="src/pymortests/lyapunov.py" line="122" name="test_dense[scipy-True-True-1-200]" time="0.00041961669921875"><skipped message="Suite splitting in effect" type="pytest.skip">src/pymortests/lyapunov.py:122: Suite splitting in effect</skipped></testcase><testcase classname="src.pymortests.lyapunov" file="src/pymortests/lyapunov.py" line="122" name="test_dense[scipy-True-True-2-100]" time="0.0004124641418457031"><skipped message="Suite splitting in effect" type="pytest.skip">src/pymortests/lyapunov.py:122: Suite splitting in effect</skipped></testcase><testcase classname="src.pymortests.lyapunov" file="src/pymortests/lyapunov.py" line="122" name="test_dense[scipy-True-True-2-200]" time="0.0005245208740234375"><skipped message="Suite splitting in effect" type="pytest.skip">src/pymortests/lyapunov.py:122: Suite splitting in effect</skipped></testcase><testcase classname="src.pymortests.lyapunov" file="src/pymortests/lyapunov.py" line="122" name="test_dense[slycot_bartels-stewart-False-False-1-100]" time="0.00043082237243652344"><skipped message="Suite splitting in effect" type="pytest.skip">src/pymortests/lyapunov.py:122: Suite splitting in effect</skipped></testcase><testcase classname="src.pymortests.lyapunov" file="src/pymortests/lyapunov.py" line="122" name="test_dense[slycot_bartels-stewart-False-False-1-200]" time="0.0004191398620605469"><skipped message="Suite splitting in effect" type="pytest.skip">src/pymortests/lyapunov.py:122: Suite splitting in effect</skipped></testcase><testcase classname="src.pymortests.lyapunov" file="src/pymortests/lyapunov.py" line="122" name="test_dense[slycot_bartels-stewart-False-False-2-100]" time="0.0004200935363769531"><skipped message="Suite splitting in effect" type="pytest.skip">src/pymortests/lyapunov.py:122: Suite splitting in effect</skipped></testcase><testcase classname="src.pymortests.lyapunov" file="src/pymortests/lyapunov.py" line="122" name="test_dense[slycot_bartels-stewart-False-False-2-200]" time="0.0007410049438476562"><skipped message="Suite splitting in effect" type="pytest.skip">src/pymortests/lyapunov.py:122: Suite splitting in effect</skipped></testcase><testcase classname="src.pymortests.lyapunov" file="src/pymortests/lyapunov.py" line="122" name="test_dense[slycot_bartels-stewart-False-True-1-100]" time="0.0004031658172607422"><skipped message="Suite splitting in effect" type="pytest.skip">src/pymortests/lyapunov.py:122: Suite splitting in effect</skipped></testcase><testcase classname="src.pymortests.lyapunov" file="src/pymortests/lyapunov.py" line="122" name="test_dense[slycot_bartels-stewart-False-True-1-200]" time="0.0004162788391113281"><skipped message="Suite splitting in effect" type="pytest.skip">src/pymortests/lyapunov.py:122: Suite splitting in effect</skipped></testcase><testcase classname="src.pymortests.lyapunov" file="src/pymortests/lyapunov.py" line="122" name="test_dense[slycot_bartels-stewart-False-True-2-100]" time="0.00042438507080078125"><skipped message="Suite splitting in effect" type="pytest.skip">src/pymortests/lyapunov.py:122: Suite splitting in effect</skipped></testcase><testcase classname="src.pymortests.lyapunov" file="src/pymortests/lyapunov.py" line="122" name="test_dense[slycot_bartels-stewart-False-True-2-200]" time="0.0004284381866455078"><skipped message="Suite splitting in effect" type="pytest.skip">src/pymortests/lyapunov.py:122: Suite splitting in effect</skipped></testcase><testcase classname="src.pymortests.lyapunov" file="src/pymortests/lyapunov.py" line="122" name="test_dense[slycot_bartels-stewart-True-False-1-100]" time="0.0004296302795410156"><skipped message="Suite splitting in effect" type="pytest.skip">src/pymortests/lyapunov.py:122: Suite splitting in effect</skipped></testcase><testcase classname="src.pymortests.lyapunov" file="src/pymortests/lyapunov.py" line="122" name="test_dense[slycot_bartels-stewart-True-False-1-200]" time="0.00040078163146972656"><skipped message="Suite splitting in effect" type="pytest.skip">src/pymortests/lyapunov.py:122: Suite splitting in effect</skipped></testcase><testcase classname="src.pymortests.lyapunov" file="src/pymortests/lyapunov.py" line="122" name="test_dense[slycot_bartels-stewart-True-False-2-100]" time="0.0003986358642578125"><skipped message="Suite splitting in effect" type="pytest.skip">src/pymortests/lyapunov.py:122: Suite splitting in effect</skipped></testcase><testcase classname="src.pymortests.lyapunov" file="src/pymortests/lyapunov.py" line="122" name="test_dense[slycot_bartels-stewart-True-False-2-200]" time="0.0008745193481445312"><skipped message="Suite splitting in effect" type="pytest.skip">src/pymortests/lyapunov.py:122: Suite splitting in effect</skipped></testcase><testcase classname="src.pymortests.lyapunov" file="src/pymortests/lyapunov.py" line="122" name="test_dense[slycot_bartels-stewart-True-True-1-100]" time="0.00039696693420410156"><skipped message="Suite splitting in effect" type="pytest.skip">src/pymortests/lyapunov.py:122: Suite splitting in effect</skipped></testcase><testcase classname="src.pymortests.lyapunov" file="src/pymortests/lyapunov.py" line="122" name="test_dense[slycot_bartels-stewart-True-True-1-200]" time="0.0003972053527832031"><skipped message="Suite splitting in effect" type="pytest.skip">src/pymortests/lyapunov.py:122: Suite splitting in effect</skipped></testcase><testcase classname="src.pymortests.lyapunov" file="src/pymortests/lyapunov.py" line="122" name="test_dense[slycot_bartels-stewart-True-True-2-100]" time="0.0004208087921142578"><skipped message="Suite splitting in effect" type="pytest.skip">src/pymortests/lyapunov.py:122: Suite splitting in effect</skipped></testcase><testcase classname="src.pymortests.lyapunov" file="src/pymortests/lyapunov.py" line="122" name="test_dense[slycot_bartels-stewart-True-True-2-200]" time="0.0004220008850097656"><skipped message="Suite splitting in effect" type="pytest.skip">src/pymortests/lyapunov.py:122: Suite splitting in effect</skipped></testcase><testcase classname="src.pymortests.lyapunov" file="src/pymortests/lyapunov.py" line="122" name="test_dense[pymess_glyap-False-False-1-100]" time="0.00043702125549316406"><skipped message="Suite splitting in effect" type="pytest.skip">src/pymortests/lyapunov.py:122: Suite splitting in effect</skipped></testcase><testcase classname="src.pymortests.lyapunov" file="src/pymortests/lyapunov.py" line="122" name="test_dense[pymess_glyap-False-False-1-200]" time="0.0004165172576904297"><skipped message="Suite splitting in effect" type="pytest.skip">src/pymortests/lyapunov.py:122: Suite splitting in effect</skipped></testcase><testcase classname="src.pymortests.lyapunov" file="src/pymortests/lyapunov.py" line="122" name="test_dense[pymess_glyap-False-False-2-100]" time="0.00040435791015625"><skipped message="Suite splitting in effect" type="pytest.skip">src/pymortests/lyapunov.py:122: Suite splitting in effect</skipped></testcase><testcase classname="src.pymortests.lyapunov" file="src/pymortests/lyapunov.py" line="122" name="test_dense[pymess_glyap-False-False-2-200]" time="0.0006961822509765625"><skipped message="Suite splitting in effect" type="pytest.skip">src/pymortests/lyapunov.py:122: Suite splitting in effect</skipped></testcase><testcase classname="src.pymortests.lyapunov" file="src/pymortests/lyapunov.py" line="122" name="test_dense[pymess_glyap-False-True-1-100]" time="0.0004112720489501953"><skipped message="Suite splitting in effect" type="pytest.skip">src/pymortests/lyapunov.py:122: Suite splitting in effect</skipped></testcase><testcase classname="src.pymortests.lyapunov" file="src/pymortests/lyapunov.py" line="122" name="test_dense[pymess_glyap-False-True-1-200]" time="0.000423431396484375"><skipped message="Suite splitting in effect" type="pytest.skip">src/pymortests/lyapunov.py:122: Suite splitting in effect</skipped></testcase><testcase classname="src.pymortests.lyapunov" file="src/pymortests/lyapunov.py" line="122" name="test_dense[pymess_glyap-False-True-2-100]" time="0.00039458274841308594"><skipped message="Suite splitting in effect" type="pytest.skip">src/pymortests/lyapunov.py:122: Suite splitting in effect</skipped></testcase><testcase classname="src.pymortests.lyapunov" file="src/pymortests/lyapunov.py" line="122" name="test_dense[pymess_glyap-False-True-2-200]" time="0.0004172325134277344"><skipped message="Suite splitting in effect" type="pytest.skip">src/pymortests/lyapunov.py:122: Suite splitting in effect</skipped></testcase><testcase classname="src.pymortests.lyapunov" file="src/pymortests/lyapunov.py" line="122" name="test_dense[pymess_glyap-True-False-1-100]" time="0.0003910064697265625"><skipped message="Suite splitting in effect" type="pytest.skip">src/pymortests/lyapunov.py:122: Suite splitting in effect</skipped></testcase><testcase classname="src.pymortests.lyapunov" file="src/pymortests/lyapunov.py" line="122" name="test_dense[pymess_glyap-True-False-1-200]" time="0.00039124488830566406"><skipped message="Suite splitting in effect" type="pytest.skip">src/pymortests/lyapunov.py:122: Suite splitting in effect</skipped></testcase><testcase classname="src.pymortests.lyapunov" file="src/pymortests/lyapunov.py" line="122" name="test_dense[pymess_glyap-True-False-2-100]" time="0.0003943443298339844"><skipped message="Suite splitting in effect" type="pytest.skip">src/pymortests/lyapunov.py:122: Suite splitting in effect</skipped></testcase><testcase classname="src.pymortests.lyapunov" file="src/pymortests/lyapunov.py" line="122" name="test_dense[pymess_glyap-True-False-2-200]" time="0.0007524490356445312"><skipped message="Suite splitting in effect" type="pytest.skip">src/pymortests/lyapunov.py:122: Suite splitting in effect</skipped></testcase><testcase classname="src.pymortests.lyapunov" file="src/pymortests/lyapunov.py" line="122" name="test_dense[pymess_glyap-True-True-1-100]" time="0.0004162788391113281"><skipped message="Suite splitting in effect" type="pytest.skip">src/pymortests/lyapunov.py:122: Suite splitting in effect</skipped></testcase><testcase classname="src.pymortests.lyapunov" file="src/pymortests/lyapunov.py" line="122" name="test_dense[pymess_glyap-True-True-1-200]" time="0.0003962516784667969"><skipped message="Suite splitting in effect" type="pytest.skip">src/pymortests/lyapunov.py:122: Suite splitting in effect</skipped></testcase><testcase classname="src.pymortests.lyapunov" file="src/pymortests/lyapunov.py" line="122" name="test_dense[pymess_glyap-True-True-2-100]" time="0.00043082237243652344"><skipped message="Suite splitting in effect" type="pytest.skip">src/pymortests/lyapunov.py:122: Suite splitting in effect</skipped></testcase><testcase classname="src.pymortests.lyapunov" file="src/pymortests/lyapunov.py" line="122" name="test_dense[pymess_glyap-True-True-2-200]" time="0.0003960132598876953"><skipped message="Suite splitting in effect" type="pytest.skip">src/pymortests/lyapunov.py:122: Suite splitting in effect</skipped></testcase><testcase classname="src.pymortests.model" file="src/pymortests/model.py" line="13" name="test_pickle[&lt;lambda&gt;0]" time="0.0004951953887939453"><skipped message="Suite splitting in effect" type="pytest.skip">src/pymortests/model.py:13: Suite splitting in effect</skipped></testcase><testcase classname="src.pymortests.model" file="src/pymortests/model.py" line="13" name="test_pickle[&lt;lambda&gt;1]" time="0.00039839744567871094"><skipped message="Suite splitting in effect" type="pytest.skip">src/pymortests/model.py:13: Suite splitting in effect</skipped></testcase><testcase classname="src.pymortests.model" file="src/pymortests/model.py" line="13" name="test_pickle[&lt;lambda&gt;2]" time="0.00044417381286621094"><skipped message="Suite splitting in effect" type="pytest.skip">src/pymortests/model.py:13: Suite splitting in effect</skipped></testcase><testcase classname="src.pymortests.model" file="src/pymortests/model.py" line="13" name="test_pickle[&lt;lambda&gt;3]" time="0.0006976127624511719"><skipped message="Suite splitting in effect" type="pytest.skip">src/pymortests/model.py:13: Suite splitting in effect</skipped></testcase><testcase classname="src.pymortests.model" file="src/pymortests/model.py" line="13" name="test_pickle[&lt;lambda&gt;4]" time="0.0003960132598876953"><skipped message="Suite splitting in effect" type="pytest.skip">src/pymortests/model.py:13: Suite splitting in effect</skipped></testcase><testcase classname="src.pymortests.model" file="src/pymortests/model.py" line="13" name="test_pickle[&lt;lambda&gt;5]" time="0.0004169940948486328"><skipped message="Suite splitting in effect" type="pytest.skip">src/pymortests/model.py:13: Suite splitting in effect</skipped></testcase><testcase classname="src.pymortests.model" file="src/pymortests/model.py" line="13" name="test_pickle[&lt;lambda&gt;6]" time="0.00044465065002441406"><skipped message="Suite splitting in effect" type="pytest.skip">src/pymortests/model.py:13: Suite splitting in effect</skipped></testcase><testcase classname="src.pymortests.model" file="src/pymortests/model.py" line="13" name="test_pickle[&lt;lambda&gt;7]" time="0.00041365623474121094"><skipped message="Suite splitting in effect" type="pytest.skip">src/pymortests/model.py:13: Suite splitting in effect</skipped></testcase><testcase classname="src.pymortests.model" file="src/pymortests/model.py" line="13" name="test_pickle[&lt;lambda&gt;8]" time="0.00040984153747558594"><skipped message="Suite splitting in effect" type="pytest.skip">src/pymortests/model.py:13: Suite splitting in effect</skipped></testcase><testcase classname="src.pymortests.model" file="src/pymortests/model.py" line="13" name="test_pickle[&lt;lambda&gt;9]" time="0.00043201446533203125"><skipped message="Suite splitting in effect" type="pytest.skip">src/pymortests/model.py:13: Suite splitting in effect</skipped></testcase><testcase classname="src.pymortests.model" file="src/pymortests/model.py" line="13" name="test_pickle[&lt;lambda&gt;10]" time="0.00039124488830566406"><skipped message="Suite splitting in effect" type="pytest.skip">src/pymortests/model.py:13: Suite splitting in effect</skipped></testcase><testcase classname="src.pymortests.model" file="src/pymortests/model.py" line="13" name="test_pickle[&lt;lambda&gt;11]" time="0.0007112026214599609"><skipped message="Suite splitting in effect" type="pytest.skip">src/pymortests/model.py:13: Suite splitting in effect</skipped></testcase><testcase classname="src.pymortests.model" file="src/pymortests/model.py" line="13" name="test_pickle[&lt;lambda&gt;12]" time="0.0004131793975830078"><skipped message="Suite splitting in effect" type="pytest.skip">src/pymortests/model.py:13: Suite splitting in effect</skipped></testcase><testcase classname="src.pymortests.model" file="src/pymortests/model.py" line="13" name="test_pickle[&lt;lambda&gt;13]" time="0.00042247772216796875"><skipped message="Suite splitting in effect" type="pytest.skip">src/pymortests/model.py:13: Suite splitting in effect</skipped></testcase><testcase classname="src.pymortests.model" file="src/pymortests/model.py" line="13" name="test_pickle[&lt;lambda&gt;14]" time="0.00041794776916503906"><skipped message="Suite splitting in effect" type="pytest.skip">src/pymortests/model.py:13: Suite splitting in effect</skipped></testcase><testcase classname="src.pymortests.model" file="src/pymortests/model.py" line="13" name="test_pickle[&lt;lambda&gt;15]" time="0.00042247772216796875"><skipped message="Suite splitting in effect" type="pytest.skip">src/pymortests/model.py:13: Suite splitting in effect</skipped></testcase><testcase classname="src.pymortests.model" file="src/pymortests/model.py" line="13" name="test_pickle[&lt;lambda&gt;16]" time="0.00038814544677734375"><skipped message="Suite splitting in effect" type="pytest.skip">src/pymortests/model.py:13: Suite splitting in effect</skipped></testcase><testcase classname="src.pymortests.model" file="src/pymortests/model.py" line="13" name="test_pickle[&lt;lambda&gt;17]" time="0.00039005279541015625"><skipped message="Suite splitting in effect" type="pytest.skip">src/pymortests/model.py:13: Suite splitting in effect</skipped></testcase><testcase classname="src.pymortests.model" file="src/pymortests/model.py" line="13" name="test_pickle[&lt;lambda&gt;18]" time="0.0004086494445800781"><skipped message="Suite splitting in effect" type="pytest.skip">src/pymortests/model.py:13: Suite splitting in effect</skipped></testcase><testcase classname="src.pymortests.model" file="src/pymortests/model.py" line="13" name="test_pickle[&lt;lambda&gt;19]" time="0.0007317066192626953"><skipped message="Suite splitting in effect" type="pytest.skip">src/pymortests/model.py:13: Suite splitting in effect</skipped></testcase><testcase classname="src.pymortests.model" file="src/pymortests/model.py" line="13" name="test_pickle[&lt;lambda&gt;20]" time="0.00040531158447265625"><skipped message="Suite splitting in effect" type="pytest.skip">src/pymortests/model.py:13: Suite splitting in effect</skipped></testcase><testcase classname="src.pymortests.model" file="src/pymortests/model.py" line="13" name="test_pickle[&lt;lambda&gt;21]" time="0.00041365623474121094"><skipped message="Suite splitting in effect" type="pytest.skip">src/pymortests/model.py:13: Suite splitting in effect</skipped></testcase><testcase classname="src.pymortests.model" file="src/pymortests/model.py" line="13" name="test_pickle[&lt;lambda&gt;22]" time="0.00040268898010253906"><skipped message="Suite splitting in effect" type="pytest.skip">src/pymortests/model.py:13: Suite splitting in effect</skipped></testcase><testcase classname="src.pymortests.model" file="src/pymortests/model.py" line="13" name="test_pickle[&lt;lambda&gt;23]" time="0.0006680488586425781"><skipped message="Suite splitting in effect" type="pytest.skip">src/pymortests/model.py:13: Suite splitting in effect</skipped></testcase><testcase classname="src.pymortests.model" file="src/pymortests/model.py" line="17" name="test_pickle_without_dumps_function[&lt;lambda&gt;0]" time="0.0004191398620605469"><skipped message="Suite splitting in effect" type="pytest.skip">src/pymortests/model.py:17: Suite splitting in effect</skipped></testcase><testcase classname="src.pymortests.model" file="src/pymortests/model.py" line="17" name="test_pickle_without_dumps_function[&lt;lambda&gt;1]" time="0.0003941059112548828"><skipped message="Suite splitting in effect" type="pytest.skip">src/pymortests/model.py:17: Suite splitting in effect</skipped></testcase><testcase classname="src.pymortests.model" file="src/pymortests/model.py" line="17" name="test_pickle_without_dumps_function[&lt;lambda&gt;2]" time="0.0003914833068847656"><skipped message="Suite splitting in effect" type="pytest.skip">src/pymortests/model.py:17: Suite splitting in effect</skipped></testcase><testcase classname="src.pymortests.model" file="src/pymortests/model.py" line="17" name="test_pickle_without_dumps_function[&lt;lambda&gt;3]" time="0.0007472038269042969"><skipped message="Suite splitting in effect" type="pytest.skip">src/pymortests/model.py:17: Suite splitting in effect</skipped></testcase><testcase classname="src.pymortests.model" file="src/pymortests/model.py" line="17" name="test_pickle_without_dumps_function[&lt;lambda&gt;4]" time="0.00039839744567871094"><skipped message="Suite splitting in effect" type="pytest.skip">src/pymortests/model.py:17: Suite splitting in effect</skipped></testcase><testcase classname="src.pymortests.model" file="src/pymortests/model.py" line="17" name="test_pickle_without_dumps_function[&lt;lambda&gt;5]" time="0.0003910064697265625"><skipped message="Suite splitting in effect" type="pytest.skip">src/pymortests/model.py:17: Suite splitting in effect</skipped></testcase><testcase classname="src.pymortests.model" file="src/pymortests/model.py" line="17" name="test_pickle_without_dumps_function[&lt;lambda&gt;6]" time="0.00039076805114746094"><skipped message="Suite splitting in effect" type="pytest.skip">src/pymortests/model.py:17: Suite splitting in effect</skipped></testcase><testcase classname="src.pymortests.model" file="src/pymortests/model.py" line="17" name="test_pickle_without_dumps_function[&lt;lambda&gt;7]" time="0.0003948211669921875"><skipped message="Suite splitting in effect" type="pytest.skip">src/pymortests/model.py:17: Suite splitting in effect</skipped></testcase><testcase classname="src.pymortests.model" file="src/pymortests/model.py" line="17" name="test_pickle_without_dumps_function[&lt;lambda&gt;8]" time="0.0003962516784667969"><skipped message="Suite splitting in effect" type="pytest.skip">src/pymortests/model.py:17: Suite splitting in effect</skipped></testcase><testcase classname="src.pymortests.model" file="src/pymortests/model.py" line="17" name="test_pickle_without_dumps_function[&lt;lambda&gt;9]" time="0.00042510032653808594"><skipped message="Suite splitting in effect" type="pytest.skip">src/pymortests/model.py:17: Suite splitting in effect</skipped></testcase><testcase classname="src.pymortests.model" file="src/pymortests/model.py" line="17" name="test_pickle_without_dumps_function[&lt;lambda&gt;10]" time="0.00042700767517089844"><skipped message="Suite splitting in effect" type="pytest.skip">src/pymortests/model.py:17: Suite splitting in effect</skipped></testcase><testcase classname="src.pymortests.model" file="src/pymortests/model.py" line="17" name="test_pickle_without_dumps_function[&lt;lambda&gt;11]" time="0.0006985664367675781"><skipped message="Suite splitting in effect" type="pytest.skip">src/pymortests/model.py:17: Suite splitting in effect</skipped></testcase><testcase classname="src.pymortests.model" file="src/pymortests/model.py" line="17" name="test_pickle_without_dumps_function[&lt;lambda&gt;12]" time="0.0003898143768310547"><skipped message="Suite splitting in effect" type="pytest.skip">src/pymortests/model.py:17: Suite splitting in effect</skipped></testcase><testcase classname="src.pymortests.model" file="src/pymortests/model.py" line="17" name="test_pickle_without_dumps_function[&lt;lambda&gt;13]" time="0.0004253387451171875"><skipped message="Suite splitting in effect" type="pytest.skip">src/pymortests/model.py:17: Suite splitting in effect</skipped></testcase><testcase classname="src.pymortests.model" file="src/pymortests/model.py" line="17" name="test_pickle_without_dumps_function[&lt;lambda&gt;14]" time="0.0004611015319824219"><skipped message="Suite splitting in effect" type="pytest.skip">src/pymortests/model.py:17: Suite splitting in effect</skipped></testcase><testcase classname="src.pymortests.model" file="src/pymortests/model.py" line="17" name="test_pickle_without_dumps_function[&lt;lambda&gt;15]" time="0.0004286766052246094"><skipped message="Suite splitting in effect" type="pytest.skip">src/pymortests/model.py:17: Suite splitting in effect</skipped></testcase><testcase classname="src.pymortests.model" file="src/pymortests/model.py" line="17" name="test_pickle_without_dumps_function[&lt;lambda&gt;16]" time="0.0004162788391113281"><skipped message="Suite splitting in effect" type="pytest.skip">src/pymortests/model.py:17: Suite splitting in effect</skipped></testcase><testcase classname="src.pymortests.model" file="src/pymortests/model.py" line="17" name="test_pickle_without_dumps_function[&lt;lambda&gt;17]" time="0.00039458274841308594"><skipped message="Suite splitting in effect" type="pytest.skip">src/pymortests/model.py:17: Suite splitting in effect</skipped></testcase><testcase classname="src.pymortests.model" file="src/pymortests/model.py" line="17" name="test_pickle_without_dumps_function[&lt;lambda&gt;18]" time="0.0003914833068847656"><skipped message="Suite splitting in effect" type="pytest.skip">src/pymortests/model.py:17: Suite splitting in effect</skipped></testcase><testcase classname="src.pymortests.model" file="src/pymortests/model.py" line="17" name="test_pickle_without_dumps_function[&lt;lambda&gt;19]" time="0.0007348060607910156"><skipped message="Suite splitting in effect" type="pytest.skip">src/pymortests/model.py:17: Suite splitting in effect</skipped></testcase><testcase classname="src.pymortests.model" file="src/pymortests/model.py" line="17" name="test_pickle_without_dumps_function[&lt;lambda&gt;20]" time="0.00042176246643066406"><skipped message="Suite splitting in effect" type="pytest.skip">src/pymortests/model.py:17: Suite splitting in effect</skipped></testcase><testcase classname="src.pymortests.model" file="src/pymortests/model.py" line="17" name="test_pickle_without_dumps_function[&lt;lambda&gt;21]" time="0.00042700767517089844"><skipped message="Suite splitting in effect" type="pytest.skip">src/pymortests/model.py:17: Suite splitting in effect</skipped></testcase><testcase classname="src.pymortests.model" file="src/pymortests/model.py" line="21" name="test_pickle_by_solving[&lt;lambda&gt;0]" time="0.00044727325439453125"><skipped message="Suite splitting in effect" type="pytest.skip">src/pymortests/model.py:21: Suite splitting in effect</skipped></testcase><testcase classname="src.pymortests.model" file="src/pymortests/model.py" line="21" name="test_pickle_by_solving[&lt;lambda&gt;1]" time="0.000400543212890625"><skipped message="Suite splitting in effect" type="pytest.skip">src/pymortests/model.py:21: Suite splitting in effect</skipped></testcase><testcase classname="src.pymortests.model" file="src/pymortests/model.py" line="21" name="test_pickle_by_solving[&lt;lambda&gt;2]" time="0.0004429817199707031"><skipped message="Suite splitting in effect" type="pytest.skip">src/pymortests/model.py:21: Suite splitting in effect</skipped></testcase><testcase classname="src.pymortests.model" file="src/pymortests/model.py" line="21" name="test_pickle_by_solving[&lt;lambda&gt;3]" time="0.0004553794860839844"><skipped message="Suite splitting in effect" type="pytest.skip">src/pymortests/model.py:21: Suite splitting in effect</skipped></testcase><testcase classname="src.pymortests.model" file="src/pymortests/model.py" line="21" name="test_pickle_by_solving[&lt;lambda&gt;4]" time="0.0004291534423828125"><skipped message="Suite splitting in effect" type="pytest.skip">src/pymortests/model.py:21: Suite splitting in effect</skipped></testcase><testcase classname="src.pymortests.model" file="src/pymortests/model.py" line="21" name="test_pickle_by_solving[&lt;lambda&gt;5]" time="0.0006892681121826172"><skipped message="Suite splitting in effect" type="pytest.skip">src/pymortests/model.py:21: Suite splitting in effect</skipped></testcase><testcase classname="src.pymortests.model" file="src/pymortests/model.py" line="21" name="test_pickle_by_solving[&lt;lambda&gt;6]" time="0.0003895759582519531"><skipped message="Suite splitting in effect" type="pytest.skip">src/pymortests/model.py:21: Suite splitting in effect</skipped></testcase><testcase classname="src.pymortests.model" file="src/pymortests/model.py" line="21" name="test_pickle_by_solving[&lt;lambda&gt;7]" time="0.0004096031188964844"><skipped message="Suite splitting in effect" type="pytest.skip">src/pymortests/model.py:21: Suite splitting in effect</skipped></testcase><testcase classname="src.pymortests.model" file="src/pymortests/model.py" line="21" name="test_pickle_by_solving[&lt;lambda&gt;8]" time="0.0004394054412841797"><skipped message="Suite splitting in effect" type="pytest.skip">src/pymortests/model.py:21: Suite splitting in effect</skipped></testcase><testcase classname="src.pymortests.model" file="src/pymortests/model.py" line="21" name="test_pickle_by_solving[&lt;lambda&gt;9]" time="0.0003943443298339844"><skipped message="Suite splitting in effect" type="pytest.skip">src/pymortests/model.py:21: Suite splitting in effect</skipped></testcase><testcase classname="src.pymortests.model" file="src/pymortests/model.py" line="21" name="test_pickle_by_solving[&lt;lambda&gt;10]" time="0.00039386749267578125"><skipped message="Suite splitting in effect" type="pytest.skip">src/pymortests/model.py:21: Suite splitting in effect</skipped></testcase><testcase classname="src.pymortests.model" file="src/pymortests/model.py" line="21" name="test_pickle_by_solving[&lt;lambda&gt;11]" time="0.0004000663757324219"><skipped message="Suite splitting in effect" type="pytest.skip">src/pymortests/model.py:21: Suite splitting in effect</skipped></testcase><testcase classname="src.pymortests.model" file="src/pymortests/model.py" line="21" name="test_pickle_by_solving[&lt;lambda&gt;12]" time="0.0003943443298339844"><skipped message="Suite splitting in effect" type="pytest.skip">src/pymortests/model.py:21: Suite splitting in effect</skipped></testcase><testcase classname="src.pymortests.model" file="src/pymortests/model.py" line="21" name="test_pickle_by_solving[&lt;lambda&gt;13]" time="0.0007295608520507812"><skipped message="Suite splitting in effect" type="pytest.skip">src/pymortests/model.py:21: Suite splitting in effect</skipped></testcase><testcase classname="src.pymortests.model" file="src/pymortests/model.py" line="21" name="test_pickle_by_solving[&lt;lambda&gt;14]" time="0.0004169940948486328"><skipped message="Suite splitting in effect" type="pytest.skip">src/pymortests/model.py:21: Suite splitting in effect</skipped></testcase><testcase classname="src.pymortests.model" file="src/pymortests/model.py" line="21" name="test_pickle_by_solving[&lt;lambda&gt;15]" time="0.0003991127014160156"><skipped message="Suite splitting in effect" type="pytest.skip">src/pymortests/model.py:21: Suite splitting in effect</skipped></testcase><testcase classname="src.pymortests.model" file="src/pymortests/model.py" line="21" name="test_pickle_by_solving[&lt;lambda&gt;16]" time="0.0004215240478515625"><skipped message="Suite splitting in effect" type="pytest.skip">src/pymortests/model.py:21: Suite splitting in effect</skipped></testcase><testcase classname="src.pymortests.model" file="src/pymortests/model.py" line="21" name="test_pickle_by_solving[&lt;lambda&gt;17]" time="0.0004239082336425781"><skipped message="Suite splitting in effect" type="pytest.skip">src/pymortests/model.py:21: Suite splitting in effect</skipped></testcase><testcase classname="src.pymortests.model" file="src/pymortests/model.py" line="21" name="test_pickle_by_solving[&lt;lambda&gt;18]" time="0.0003936290740966797"><skipped message="Suite splitting in effect" type="pytest.skip">src/pymortests/model.py:21: Suite splitting in effect</skipped></testcase><testcase classname="src.pymortests.model" file="src/pymortests/model.py" line="21" name="test_pickle_by_solving[&lt;lambda&gt;19]" time="0.00042438507080078125"><skipped message="Suite splitting in effect" type="pytest.skip">src/pymortests/model.py:21: Suite splitting in effect</skipped></testcase><testcase classname="src.pymortests.model" file="src/pymortests/model.py" line="21" name="test_pickle_by_solving[&lt;lambda&gt;20]" time="0.0003943443298339844"><skipped message="Suite splitting in effect" type="pytest.skip">src/pymortests/model.py:21: Suite splitting in effect</skipped></testcase><testcase classname="src.pymortests.model" file="src/pymortests/model.py" line="21" name="test_pickle_by_solving[&lt;lambda&gt;21]" time="0.0007302761077880859"><skipped message="Suite splitting in effect" type="pytest.skip">src/pymortests/model.py:21: Suite splitting in effect</skipped></testcase><testcase classname="src.pymortests.model" file="src/pymortests/model.py" line="21" name="test_pickle_by_solving[&lt;lambda&gt;22]" time="0.0003943443298339844"><skipped message="Suite splitting in effect" type="pytest.skip">src/pymortests/model.py:21: Suite splitting in effect</skipped></testcase><testcase classname="src.pymortests.model" file="src/pymortests/model.py" line="21" name="test_pickle_by_solving[&lt;lambda&gt;23]" time="0.00041294097900390625"><skipped message="Suite splitting in effect" type="pytest.skip">src/pymortests/model.py:21: Suite splitting in effect</skipped></testcase><testcase classname="src.pymortests.operators" file="src/pymortests/operators.py" line="21" name="test_selection_op" time="0.0004971027374267578"><skipped message="Suite splitting in effect" type="pytest.skip">src/pymortests/operators.py:21: Suite splitting in effect</skipped></testcase><testcase classname="src.pymortests.operators" file="src/pymortests/operators.py" line="53" name="test_lincomb_op" time="0.00042057037353515625"><skipped message="Suite splitting in effect" type="pytest.skip">src/pymortests/operators.py:53: Suite splitting in effect</skipped></testcase><testcase classname="src.pymortests.operators" file="src/pymortests/operators.py" line="77" name="test_pickle[&lt;lambda&gt;0]" time="0.0004546642303466797"><skipped message="Suite splitting in effect" type="pytest.skip">src/pymortests/operators.py:77: Suite splitting in effect</skipped></testcase><testcase classname="src.pymortests.operators" file="src/pymortests/operators.py" line="77" name="test_pickle[&lt;lambda&gt;1]" time="0.00043582916259765625"><skipped message="Suite splitting in effect" type="pytest.skip">src/pymortests/operators.py:77: Suite splitting in effect</skipped></testcase><testcase classname="src.pymortests.operators" file="src/pymortests/operators.py" line="77" name="test_pickle[&lt;lambda&gt;2]" time="0.000396728515625"><skipped message="Suite splitting in effect" type="pytest.skip">src/pymortests/operators.py:77: Suite splitting in effect</skipped></testcase><testcase classname="src.pymortests.operators" file="src/pymortests/operators.py" line="77" name="test_pickle[&lt;lambda&gt;3]" time="0.0009722709655761719"><skipped message="Suite splitting in effect" type="pytest.skip">src/pymortests/operators.py:77: Suite splitting in effect</skipped></testcase><testcase classname="src.pymortests.operators" file="src/pymortests/operators.py" line="77" name="test_pickle[&lt;lambda&gt;4]" time="0.000392913818359375"><skipped message="Suite splitting in effect" type="pytest.skip">src/pymortests/operators.py:77: Suite splitting in effect</skipped></testcase><testcase classname="src.pymortests.operators" file="src/pymortests/operators.py" line="77" name="test_pickle[&lt;lambda&gt;5]" time="0.0003960132598876953"><skipped message="Suite splitting in effect" type="pytest.skip">src/pymortests/operators.py:77: Suite splitting in effect</skipped></testcase><testcase classname="src.pymortests.operators" file="src/pymortests/operators.py" line="77" name="test_pickle[&lt;lambda&gt;6]" time="0.00045299530029296875"><skipped message="Suite splitting in effect" type="pytest.skip">src/pymortests/operators.py:77: Suite splitting in effect</skipped></testcase><testcase classname="src.pymortests.operators" file="src/pymortests/operators.py" line="77" name="test_pickle[&lt;lambda&gt;7]" time="0.00040078163146972656"><skipped message="Suite splitting in effect" type="pytest.skip">src/pymortests/operators.py:77: Suite splitting in effect</skipped></testcase><testcase classname="src.pymortests.operators" file="src/pymortests/operators.py" line="77" name="test_pickle[&lt;lambda&gt;8]" time="0.00043272972106933594"><skipped message="Suite splitting in effect" type="pytest.skip">src/pymortests/operators.py:77: Suite splitting in effect</skipped></testcase><testcase classname="src.pymortests.operators" file="src/pymortests/operators.py" line="77" name="test_pickle[&lt;lambda&gt;9]" time="0.0004165172576904297"><skipped message="Suite splitting in effect" type="pytest.skip">src/pymortests/operators.py:77: Suite splitting in effect</skipped></testcase><testcase classname="src.pymortests.operators" file="src/pymortests/operators.py" line="77" name="test_pickle[&lt;lambda&gt;10]" time="0.0003879070281982422"><skipped message="Suite splitting in effect" type="pytest.skip">src/pymortests/operators.py:77: Suite splitting in effect</skipped></testcase><testcase classname="src.pymortests.operators" file="src/pymortests/operators.py" line="77" name="test_pickle[&lt;lambda&gt;11]" time="0.000732421875"><skipped message="Suite splitting in effect" type="pytest.skip">src/pymortests/operators.py:77: Suite splitting in effect</skipped></testcase><testcase classname="src.pymortests.operators" file="src/pymortests/operators.py" line="77" name="test_pickle[&lt;lambda&gt;12]" time="0.00041794776916503906"><skipped message="Suite splitting in effect" type="pytest.skip">src/pymortests/operators.py:77: Suite splitting in effect</skipped></testcase><testcase classname="src.pymortests.operators" file="src/pymortests/operators.py" line="77" name="test_pickle[&lt;lambda&gt;13]" time="0.0003979206085205078"><skipped message="Suite splitting in effect" type="pytest.skip">src/pymortests/operators.py:77: Suite splitting in effect</skipped></testcase><testcase classname="src.pymortests.operators" file="src/pymortests/operators.py" line="77" name="test_pickle[&lt;lambda&gt;14]" time="0.000423431396484375"><skipped message="Suite splitting in effect" type="pytest.skip">src/pymortests/operators.py:77: Suite splitting in effect</skipped></testcase><testcase classname="src.pymortests.operators" file="src/pymortests/operators.py" line="77" name="test_pickle[&lt;lambda&gt;15]" time="0.0004107952117919922"><skipped message="Suite splitting in effect" type="pytest.skip">src/pymortests/operators.py:77: Suite splitting in effect</skipped></testcase><testcase classname="src.pymortests.operators" file="src/pymortests/operators.py" line="77" name="test_pickle[&lt;lambda&gt;16]" time="0.0004305839538574219"><skipped message="Suite splitting in effect" type="pytest.skip">src/pymortests/operators.py:77: Suite splitting in effect</skipped></testcase><testcase classname="src.pymortests.operators" file="src/pymortests/operators.py" line="77" name="test_pickle[&lt;lambda&gt;17]" time="0.0004279613494873047"><skipped message="Suite splitting in effect" type="pytest.skip">src/pymortests/operators.py:77: Suite splitting in effect</skipped></testcase><testcase classname="src.pymortests.operators" file="src/pymortests/operators.py" line="77" name="test_pickle[&lt;lambda&gt;18]" time="0.0003886222839355469"><skipped message="Suite splitting in effect" type="pytest.skip">src/pymortests/operators.py:77: Suite splitting in effect</skipped></testcase><testcase classname="src.pymortests.operators" file="src/pymortests/operators.py" line="77" name="test_pickle[&lt;lambda&gt;19]" time="0.0008647441864013672"><skipped message="Suite splitting in effect" type="pytest.skip">src/pymortests/operators.py:77: Suite splitting in effect</skipped></testcase><testcase classname="src.pymortests.operators" file="src/pymortests/operators.py" line="77" name="test_pickle[&lt;lambda&gt;20]" time="0.00041961669921875"><skipped message="Suite splitting in effect" type="pytest.skip">src/pymortests/operators.py:77: Suite splitting in effect</skipped></testcase><testcase classname="src.pymortests.operators" file="src/pymortests/operators.py" line="77" name="test_pickle[&lt;lambda&gt;21]" time="0.0004303455352783203"><skipped message="Suite splitting in effect" type="pytest.skip">src/pymortests/operators.py:77: Suite splitting in effect</skipped></testcase><testcase classname="src.pymortests.operators" file="src/pymortests/operators.py" line="77" name="test_pickle[&lt;lambda&gt;22]" time="0.00038886070251464844"><skipped message="Suite splitting in effect" type="pytest.skip">src/pymortests/operators.py:77: Suite splitting in effect</skipped></testcase><testcase classname="src.pymortests.operators" file="src/pymortests/operators.py" line="77" name="test_pickle[&lt;lambda&gt;23]" time="0.00042557716369628906"><skipped message="Suite splitting in effect" type="pytest.skip">src/pymortests/operators.py:77: Suite splitting in effect</skipped></testcase><testcase classname="src.pymortests.operators" file="src/pymortests/operators.py" line="77" name="test_pickle[&lt;lambda&gt;24]" time="0.0004181861877441406"><skipped message="Suite splitting in effect" type="pytest.skip">src/pymortests/operators.py:77: Suite splitting in effect</skipped></testcase><testcase classname="src.pymortests.operators" file="src/pymortests/operators.py" line="77" name="test_pickle[&lt;lambda&gt;25]" time="0.00038743019104003906"><skipped message="Suite splitting in effect" type="pytest.skip">src/pymortests/operators.py:77: Suite splitting in effect</skipped></testcase><testcase classname="src.pymortests.operators" file="src/pymortests/operators.py" line="77" name="test_pickle[&lt;lambda&gt;26]" time="0.00043272972106933594"><skipped message="Suite splitting in effect" type="pytest.skip">src/pymortests/operators.py:77: Suite splitting in effect</skipped></testcase><testcase classname="src.pymortests.operators" file="src/pymortests/operators.py" line="77" name="test_pickle[&lt;lambda&gt;27]" time="0.0007271766662597656"><skipped message="Suite splitting in effect" type="pytest.skip">src/pymortests/operators.py:77: Suite splitting in effect</skipped></testcase><testcase classname="src.pymortests.operators" file="src/pymortests/operators.py" line="77" name="test_pickle[&lt;lambda&gt;28]" time="0.0003921985626220703"><skipped message="Suite splitting in effect" type="pytest.skip">src/pymortests/operators.py:77: Suite splitting in effect</skipped></testcase><testcase classname="src.pymortests.operators" file="src/pymortests/operators.py" line="77" name="test_pickle[&lt;lambda&gt;29]" time="0.00043392181396484375"><skipped message="Suite splitting in effect" type="pytest.skip">src/pymortests/operators.py:77: Suite splitting in effect</skipped></testcase><testcase classname="src.pymortests.operators" file="src/pymortests/operators.py" line="77" name="test_pickle[&lt;lambda&gt;30]" time="0.0004112720489501953"><skipped message="Suite splitting in effect" type="pytest.skip">src/pymortests/operators.py:77: Suite splitting in effect</skipped></testcase><testcase classname="src.pymortests.operators" file="src/pymortests/operators.py" line="77" name="test_pickle[&lt;lambda&gt;31]" time="0.00039386749267578125"><skipped message="Suite splitting in effect" type="pytest.skip">src/pymortests/operators.py:77: Suite splitting in effect</skipped></testcase><testcase classname="src.pymortests.operators" file="src/pymortests/operators.py" line="77" name="test_pickle[&lt;lambda&gt;32]" time="0.0004153251647949219"><skipped message="Suite splitting in effect" type="pytest.skip">src/pymortests/operators.py:77: Suite splitting in effect</skipped></testcase><testcase classname="src.pymortests.operators" file="src/pymortests/operators.py" line="77" name="test_pickle[&lt;lambda&gt;33]" time="0.0004146099090576172"><skipped message="Suite splitting in effect" type="pytest.skip">src/pymortests/operators.py:77: Suite splitting in effect</skipped></testcase><testcase classname="src.pymortests.operators" file="src/pymortests/operators.py" line="77" name="test_pickle[&lt;lambda&gt;34]" time="0.0004138946533203125"><skipped message="Suite splitting in effect" type="pytest.skip">src/pymortests/operators.py:77: Suite splitting in effect</skipped></testcase><testcase classname="src.pymortests.operators" file="src/pymortests/operators.py" line="77" name="test_pickle[&lt;lambda&gt;35]" time="0.0007908344268798828"><skipped message="Suite splitting in effect" type="pytest.skip">src/pymortests/operators.py:77: Suite splitting in effect</skipped></testcase><testcase classname="src.pymortests.operators" file="src/pymortests/operators.py" line="77" name="test_pickle[&lt;lambda&gt;36]" time="0.0003886222839355469"><skipped message="Suite splitting in effect" type="pytest.skip">src/pymortests/operators.py:77: Suite splitting in effect</skipped></testcase><testcase classname="src.pymortests.operators" file="src/pymortests/operators.py" line="77" name="test_pickle[&lt;lambda&gt;37]" time="0.00041747093200683594"><skipped message="Suite splitting in effect" type="pytest.skip">src/pymortests/operators.py:77: Suite splitting in effect</skipped></testcase><testcase classname="src.pymortests.operators" file="src/pymortests/operators.py" line="77" name="test_pickle[&lt;lambda&gt;38]" time="0.0004341602325439453"><skipped message="Suite splitting in effect" type="pytest.skip">src/pymortests/operators.py:77: Suite splitting in effect</skipped></testcase><testcase classname="src.pymortests.operators" file="src/pymortests/operators.py" line="77" name="test_pickle[&lt;lambda&gt;39]" time="0.0004024505615234375"><skipped message="Suite splitting in effect" type="pytest.skip">src/pymortests/operators.py:77: Suite splitting in effect</skipped></testcase><testcase classname="src.pymortests.operators" file="src/pymortests/operators.py" line="77" name="test_pickle[&lt;lambda&gt;40]" time="0.00039124488830566406"><skipped message="Suite splitting in effect" type="pytest.skip">src/pymortests/operators.py:77: Suite splitting in effect</skipped></testcase><testcase classname="src.pymortests.operators" file="src/pymortests/operators.py" line="81" name="test_pickle_without_dumps_function[&lt;lambda&gt;0]" time="0.00039005279541015625"><skipped message="Suite splitting in effect" type="pytest.skip">src/pymortests/operators.py:81: Suite splitting in effect</skipped></testcase><testcase classname="src.pymortests.operators" file="src/pymortests/operators.py" line="81" name="test_pickle_without_dumps_function[&lt;lambda&gt;1]" time="0.0004298686981201172"><skipped message="Suite splitting in effect" type="pytest.skip">src/pymortests/operators.py:81: Suite splitting in effect</skipped></testcase><testcase classname="src.pymortests.operators" file="src/pymortests/operators.py" line="81" name="test_pickle_without_dumps_function[&lt;lambda&gt;2]" time="0.0006961822509765625"><skipped message="Suite splitting in effect" type="pytest.skip">src/pymortests/operators.py:81: Suite splitting in effect</skipped></testcase><testcase classname="src.pymortests.operators" file="src/pymortests/operators.py" line="81" name="test_pickle_without_dumps_function[&lt;lambda&gt;3]" time="0.00040078163146972656"><skipped message="Suite splitting in effect" type="pytest.skip">src/pymortests/operators.py:81: Suite splitting in effect</skipped></testcase><testcase classname="src.pymortests.operators" file="src/pymortests/operators.py" line="81" name="test_pickle_without_dumps_function[&lt;lambda&gt;4]" time="0.00038695335388183594"><skipped message="Suite splitting in effect" type="pytest.skip">src/pymortests/operators.py:81: Suite splitting in effect</skipped></testcase><testcase classname="src.pymortests.operators" file="src/pymortests/operators.py" line="81" name="test_pickle_without_dumps_function[&lt;lambda&gt;5]" time="0.0004105567932128906"><skipped message="Suite splitting in effect" type="pytest.skip">src/pymortests/operators.py:81: Suite splitting in effect</skipped></testcase><testcase classname="src.pymortests.operators" file="src/pymortests/operators.py" line="81" name="test_pickle_without_dumps_function[&lt;lambda&gt;6]" time="0.0003921985626220703"><skipped message="Suite splitting in effect" type="pytest.skip">src/pymortests/operators.py:81: Suite splitting in effect</skipped></testcase><testcase classname="src.pymortests.operators" file="src/pymortests/operators.py" line="81" name="test_pickle_without_dumps_function[&lt;lambda&gt;7]" time="0.0003962516784667969"><skipped message="Suite splitting in effect" type="pytest.skip">src/pymortests/operators.py:81: Suite splitting in effect</skipped></testcase><testcase classname="src.pymortests.operators" file="src/pymortests/operators.py" line="81" name="test_pickle_without_dumps_function[&lt;lambda&gt;8]" time="0.0004153251647949219"><skipped message="Suite splitting in effect" type="pytest.skip">src/pymortests/operators.py:81: Suite splitting in effect</skipped></testcase><testcase classname="src.pymortests.operators" file="src/pymortests/operators.py" line="81" name="test_pickle_without_dumps_function[&lt;lambda&gt;9]" time="0.00042748451232910156"><skipped message="Suite splitting in effect" type="pytest.skip">src/pymortests/operators.py:81: Suite splitting in effect</skipped></testcase><testcase classname="src.pymortests.operators" file="src/pymortests/operators.py" line="81" name="test_pickle_without_dumps_function[&lt;lambda&gt;10]" time="0.0007021427154541016"><skipped message="Suite splitting in effect" type="pytest.skip">src/pymortests/operators.py:81: Suite splitting in effect</skipped></testcase><testcase classname="src.pymortests.operators" file="src/pymortests/operators.py" line="81" name="test_pickle_without_dumps_function[&lt;lambda&gt;11]" time="0.00040435791015625"><skipped message="Suite splitting in effect" type="pytest.skip">src/pymortests/operators.py:81: Suite splitting in effect</skipped></testcase><testcase classname="src.pymortests.operators" file="src/pymortests/operators.py" line="81" name="test_pickle_without_dumps_function[&lt;lambda&gt;12]" time="0.0003981590270996094"><skipped message="Suite splitting in effect" type="pytest.skip">src/pymortests/operators.py:81: Suite splitting in effect</skipped></testcase><testcase classname="src.pymortests.operators" file="src/pymortests/operators.py" line="81" name="test_pickle_without_dumps_function[&lt;lambda&gt;13]" time="0.0004012584686279297"><skipped message="Suite splitting in effect" type="pytest.skip">src/pymortests/operators.py:81: Suite splitting in effect</skipped></testcase><testcase classname="src.pymortests.operators" file="src/pymortests/operators.py" line="81" name="test_pickle_without_dumps_function[&lt;lambda&gt;14]" time="0.0003986358642578125"><skipped message="Suite splitting in effect" type="pytest.skip">src/pymortests/operators.py:81: Suite splitting in effect</skipped></testcase><testcase classname="src.pymortests.operators" file="src/pymortests/operators.py" line="81" name="test_pickle_without_dumps_function[&lt;lambda&gt;15]" time="0.00041174888610839844"><skipped message="Suite splitting in effect" type="pytest.skip">src/pymortests/operators.py:81: Suite splitting in effect</skipped></testcase><testcase classname="src.pymortests.operators" file="src/pymortests/operators.py" line="81" name="test_pickle_without_dumps_function[&lt;lambda&gt;16]" time="0.00041794776916503906"><skipped message="Suite splitting in effect" type="pytest.skip">src/pymortests/operators.py:81: Suite splitting in effect</skipped></testcase><testcase classname="src.pymortests.operators" file="src/pymortests/operators.py" line="81" name="test_pickle_without_dumps_function[&lt;lambda&gt;17]" time="0.0004286766052246094"><skipped message="Suite splitting in effect" type="pytest.skip">src/pymortests/operators.py:81: Suite splitting in effect</skipped></testcase><testcase classname="src.pymortests.operators" file="src/pymortests/operators.py" line="81" name="test_pickle_without_dumps_function[&lt;lambda&gt;18]" time="0.00078582763671875"><skipped message="Suite splitting in effect" type="pytest.skip">src/pymortests/operators.py:81: Suite splitting in effect</skipped></testcase><testcase classname="src.pymortests.operators" file="src/pymortests/operators.py" line="81" name="test_pickle_without_dumps_function[&lt;lambda&gt;19]" time="0.00044345855712890625"><skipped message="Suite splitting in effect" type="pytest.skip">src/pymortests/operators.py:81: Suite splitting in effect</skipped></testcase><testcase classname="src.pymortests.operators" file="src/pymortests/operators.py" line="81" name="test_pickle_without_dumps_function[&lt;lambda&gt;20]" time="0.0004138946533203125"><skipped message="Suite splitting in effect" type="pytest.skip">src/pymortests/operators.py:81: Suite splitting in effect</skipped></testcase><testcase classname="src.pymortests.operators" file="src/pymortests/operators.py" line="81" name="test_pickle_without_dumps_function[&lt;lambda&gt;21]" time="0.00042247772216796875"><skipped message="Suite splitting in effect" type="pytest.skip">src/pymortests/operators.py:81: Suite splitting in effect</skipped></testcase><testcase classname="src.pymortests.operators" file="src/pymortests/operators.py" line="81" name="test_pickle_without_dumps_function[&lt;lambda&gt;22]" time="0.0004208087921142578"><skipped message="Suite splitting in effect" type="pytest.skip">src/pymortests/operators.py:81: Suite splitting in effect</skipped></testcase><testcase classname="src.pymortests.operators" file="src/pymortests/operators.py" line="81" name="test_pickle_without_dumps_function[&lt;lambda&gt;23]" time="0.00041556358337402344"><skipped message="Suite splitting in effect" type="pytest.skip">src/pymortests/operators.py:81: Suite splitting in effect</skipped></testcase><testcase classname="src.pymortests.operators" file="src/pymortests/operators.py" line="81" name="test_pickle_without_dumps_function[&lt;lambda&gt;24]" time="0.00039505958557128906"><skipped message="Suite splitting in effect" type="pytest.skip">src/pymortests/operators.py:81: Suite splitting in effect</skipped></testcase><testcase classname="src.pymortests.operators" file="src/pymortests/operators.py" line="81" name="test_pickle_without_dumps_function[&lt;lambda&gt;25]" time="0.0004336833953857422"><skipped message="Suite splitting in effect" type="pytest.skip">src/pymortests/operators.py:81: Suite splitting in effect</skipped></testcase><testcase classname="src.pymortests.operators" file="src/pymortests/operators.py" line="81" name="test_pickle_without_dumps_function[&lt;lambda&gt;26]" time="0.0007708072662353516"><skipped message="Suite splitting in effect" type="pytest.skip">src/pymortests/operators.py:81: Suite splitting in effect</skipped></testcase><testcase classname="src.pymortests.operators" file="src/pymortests/operators.py" line="81" name="test_pickle_without_dumps_function[&lt;lambda&gt;27]" time="0.0004253387451171875"><skipped message="Suite splitting in effect" type="pytest.skip">src/pymortests/operators.py:81: Suite splitting in effect</skipped></testcase><testcase classname="src.pymortests.operators" file="src/pymortests/operators.py" line="81" name="test_pickle_without_dumps_function[&lt;lambda&gt;28]" time="0.00042176246643066406"><skipped message="Suite splitting in effect" type="pytest.skip">src/pymortests/operators.py:81: Suite splitting in effect</skipped></testcase><testcase classname="src.pymortests.operators" file="src/pymortests/operators.py" line="81" name="test_pickle_without_dumps_function[&lt;lambda&gt;29]" time="0.0004298686981201172"><skipped message="Suite splitting in effect" type="pytest.skip">src/pymortests/operators.py:81: Suite splitting in effect</skipped></testcase><testcase classname="src.pymortests.operators" file="src/pymortests/operators.py" line="81" name="test_pickle_without_dumps_function[&lt;lambda&gt;30]" time="0.00041937828063964844"><skipped message="Suite splitting in effect" type="pytest.skip">src/pymortests/operators.py:81: Suite splitting in effect</skipped></testcase><testcase classname="src.pymortests.operators" file="src/pymortests/operators.py" line="81" name="test_pickle_without_dumps_function[&lt;lambda&gt;31]" time="0.00042748451232910156"><skipped message="Suite splitting in effect" type="pytest.skip">src/pymortests/operators.py:81: Suite splitting in effect</skipped></testcase><testcase classname="src.pymortests.operators" file="src/pymortests/operators.py" line="81" name="test_pickle_without_dumps_function[&lt;lambda&gt;32]" time="0.0004208087921142578"><skipped message="Suite splitting in effect" type="pytest.skip">src/pymortests/operators.py:81: Suite splitting in effect</skipped></testcase><testcase classname="src.pymortests.operators" file="src/pymortests/operators.py" line="81" name="test_pickle_without_dumps_function[&lt;lambda&gt;33]" time="0.0004124641418457031"><skipped message="Suite splitting in effect" type="pytest.skip">src/pymortests/operators.py:81: Suite splitting in effect</skipped></testcase><testcase classname="src.pymortests.operators" file="src/pymortests/operators.py" line="81" name="test_pickle_without_dumps_function[&lt;lambda&gt;34]" time="0.0007052421569824219"><skipped message="Suite splitting in effect" type="pytest.skip">src/pymortests/operators.py:81: Suite splitting in effect</skipped></testcase><testcase classname="src.pymortests.operators" file="src/pymortests/operators.py" line="81" name="test_pickle_without_dumps_function[&lt;lambda&gt;35]" time="0.0003981590270996094"><skipped message="Suite splitting in effect" type="pytest.skip">src/pymortests/operators.py:81: Suite splitting in effect</skipped></testcase><testcase classname="src.pymortests.operators" file="src/pymortests/operators.py" line="81" name="test_pickle_without_dumps_function[&lt;lambda&gt;36]" time="0.0004181861877441406"><skipped message="Suite splitting in effect" type="pytest.skip">src/pymortests/operators.py:81: Suite splitting in effect</skipped></testcase><testcase classname="src.pymortests.operators" file="src/pymortests/operators.py" line="81" name="test_pickle_without_dumps_function[&lt;lambda&gt;37]" time="0.0004131793975830078"><skipped message="Suite splitting in effect" type="pytest.skip">src/pymortests/operators.py:81: Suite splitting in effect</skipped></testcase><testcase classname="src.pymortests.operators" file="src/pymortests/operators.py" line="81" name="test_pickle_without_dumps_function[&lt;lambda&gt;38]" time="0.0004169940948486328"><skipped message="Suite splitting in effect" type="pytest.skip">src/pymortests/operators.py:81: Suite splitting in effect</skipped></testcase><testcase classname="src.pymortests.operators" file="src/pymortests/operators.py" line="81" name="test_pickle_without_dumps_function[&lt;lambda&gt;39]" time="0.0004165172576904297"><skipped message="Suite splitting in effect" type="pytest.skip">src/pymortests/operators.py:81: Suite splitting in effect</skipped></testcase><testcase classname="src.pymortests.operators" file="src/pymortests/operators.py" line="85" name="test_apply[&lt;lambda&gt;0]" time="0.0004050731658935547"><skipped message="Suite splitting in effect" type="pytest.skip">src/pymortests/operators.py:85: Suite splitting in effect</skipped></testcase><testcase classname="src.pymortests.operators" file="src/pymortests/operators.py" line="85" name="test_apply[&lt;lambda&gt;1]" time="0.0004169940948486328"><skipped message="Suite splitting in effect" type="pytest.skip">src/pymortests/operators.py:85: Suite splitting in effect</skipped></testcase><testcase classname="src.pymortests.operators" file="src/pymortests/operators.py" line="85" name="test_apply[&lt;lambda&gt;2]" time="0.0007708072662353516"><skipped message="Suite splitting in effect" type="pytest.skip">src/pymortests/operators.py:85: Suite splitting in effect</skipped></testcase><testcase classname="src.pymortests.operators" file="src/pymortests/operators.py" line="85" name="test_apply[&lt;lambda&gt;3]" time="0.00044274330139160156"><skipped message="Suite splitting in effect" type="pytest.skip">src/pymortests/operators.py:85: Suite splitting in effect</skipped></testcase><testcase classname="src.pymortests.operators" file="src/pymortests/operators.py" line="85" name="test_apply[&lt;lambda&gt;4]" time="0.00041961669921875"><skipped message="Suite splitting in effect" type="pytest.skip">src/pymortests/operators.py:85: Suite splitting in effect</skipped></testcase><testcase classname="src.pymortests.operators" file="src/pymortests/operators.py" line="85" name="test_apply[&lt;lambda&gt;5]" time="0.0004513263702392578"><skipped message="Suite splitting in effect" type="pytest.skip">src/pymortests/operators.py:85: Suite splitting in effect</skipped></testcase><testcase classname="src.pymortests.operators" file="src/pymortests/operators.py" line="85" name="test_apply[&lt;lambda&gt;6]" time="0.000396728515625"><skipped message="Suite splitting in effect" type="pytest.skip">src/pymortests/operators.py:85: Suite splitting in effect</skipped></testcase><testcase classname="src.pymortests.operators" file="src/pymortests/operators.py" line="85" name="test_apply[&lt;lambda&gt;7]" time="0.000415802001953125"><skipped message="Suite splitting in effect" type="pytest.skip">src/pymortests/operators.py:85: Suite splitting in effect</skipped></testcase><testcase classname="src.pymortests.operators" file="src/pymortests/operators.py" line="85" name="test_apply[&lt;lambda&gt;8]" time="0.0003910064697265625"><skipped message="Suite splitting in effect" type="pytest.skip">src/pymortests/operators.py:85: Suite splitting in effect</skipped></testcase><testcase classname="src.pymortests.operators" file="src/pymortests/operators.py" line="85" name="test_apply[&lt;lambda&gt;9]" time="0.0003974437713623047"><skipped message="Suite splitting in effect" type="pytest.skip">src/pymortests/operators.py:85: Suite splitting in effect</skipped></testcase><testcase classname="src.pymortests.operators" file="src/pymortests/operators.py" line="85" name="test_apply[&lt;lambda&gt;10]" time="0.0007176399230957031"><skipped message="Suite splitting in effect" type="pytest.skip">src/pymortests/operators.py:85: Suite splitting in effect</skipped></testcase><testcase classname="src.pymortests.operators" file="src/pymortests/operators.py" line="85" name="test_apply[&lt;lambda&gt;11]" time="0.0004093647003173828"><skipped message="Suite splitting in effect" type="pytest.skip">src/pymortests/operators.py:85: Suite splitting in effect</skipped></testcase><testcase classname="src.pymortests.operators" file="src/pymortests/operators.py" line="85" name="test_apply[&lt;lambda&gt;12]" time="0.0003876686096191406"><skipped message="Suite splitting in effect" type="pytest.skip">src/pymortests/operators.py:85: Suite splitting in effect</skipped></testcase><testcase classname="src.pymortests.operators" file="src/pymortests/operators.py" line="85" name="test_apply[&lt;lambda&gt;13]" time="0.00041484832763671875"><skipped message="Suite splitting in effect" type="pytest.skip">src/pymortests/operators.py:85: Suite splitting in effect</skipped></testcase><testcase classname="src.pymortests.operators" file="src/pymortests/operators.py" line="85" name="test_apply[&lt;lambda&gt;14]" time="0.00039267539978027344"><skipped message="Suite splitting in effect" type="pytest.skip">src/pymortests/operators.py:85: Suite splitting in effect</skipped></testcase><testcase classname="src.pymortests.operators" file="src/pymortests/operators.py" line="85" name="test_apply[&lt;lambda&gt;15]" time="0.0004162788391113281"><skipped message="Suite splitting in effect" type="pytest.skip">src/pymortests/operators.py:85: Suite splitting in effect</skipped></testcase><testcase classname="src.pymortests.operators" file="src/pymortests/operators.py" line="85" name="test_apply[&lt;lambda&gt;16]" time="0.00043511390686035156"><skipped message="Suite splitting in effect" type="pytest.skip">src/pymortests/operators.py:85: Suite splitting in effect</skipped></testcase><testcase classname="src.pymortests.operators" file="src/pymortests/operators.py" line="85" name="test_apply[&lt;lambda&gt;17]" time="0.0003883838653564453"><skipped message="Suite splitting in effect" type="pytest.skip">src/pymortests/operators.py:85: Suite splitting in effect</skipped></testcase><testcase classname="src.pymortests.operators" file="src/pymortests/operators.py" line="85" name="test_apply[&lt;lambda&gt;18]" time="0.0008730888366699219"><skipped message="Suite splitting in effect" type="pytest.skip">src/pymortests/operators.py:85: Suite splitting in effect</skipped></testcase><testcase classname="src.pymortests.operators" file="src/pymortests/operators.py" line="85" name="test_apply[&lt;lambda&gt;19]" time="0.00038933753967285156"><skipped message="Suite splitting in effect" type="pytest.skip">src/pymortests/operators.py:85: Suite splitting in effect</skipped></testcase><testcase classname="src.pymortests.operators" file="src/pymortests/operators.py" line="85" name="test_apply[&lt;lambda&gt;20]" time="0.00039005279541015625"><skipped message="Suite splitting in effect" type="pytest.skip">src/pymortests/operators.py:85: Suite splitting in effect</skipped></testcase><testcase classname="src.pymortests.operators" file="src/pymortests/operators.py" line="85" name="test_apply[&lt;lambda&gt;21]" time="0.00041556358337402344"><skipped message="Suite splitting in effect" type="pytest.skip">src/pymortests/operators.py:85: Suite splitting in effect</skipped></testcase><testcase classname="src.pymortests.operators" file="src/pymortests/operators.py" line="85" name="test_apply[&lt;lambda&gt;22]" time="0.0004138946533203125"><skipped message="Suite splitting in effect" type="pytest.skip">src/pymortests/operators.py:85: Suite splitting in effect</skipped></testcase><testcase classname="src.pymortests.operators" file="src/pymortests/operators.py" line="85" name="test_apply[&lt;lambda&gt;23]" time="0.000392913818359375"><skipped message="Suite splitting in effect" type="pytest.skip">src/pymortests/operators.py:85: Suite splitting in effect</skipped></testcase><testcase classname="src.pymortests.operators" file="src/pymortests/operators.py" line="85" name="test_apply[&lt;lambda&gt;24]" time="0.0004086494445800781"><skipped message="Suite splitting in effect" type="pytest.skip">src/pymortests/operators.py:85: Suite splitting in effect</skipped></testcase><testcase classname="src.pymortests.operators" file="src/pymortests/operators.py" line="85" name="test_apply[&lt;lambda&gt;25]" time="0.00040721893310546875"><skipped message="Suite splitting in effect" type="pytest.skip">src/pymortests/operators.py:85: Suite splitting in effect</skipped></testcase><testcase classname="src.pymortests.operators" file="src/pymortests/operators.py" line="85" name="test_apply[&lt;lambda&gt;26]" time="0.0006871223449707031"><skipped message="Suite splitting in effect" type="pytest.skip">src/pymortests/operators.py:85: Suite splitting in effect</skipped></testcase><testcase classname="src.pymortests.operators" file="src/pymortests/operators.py" line="85" name="test_apply[&lt;lambda&gt;27]" time="0.0004343986511230469"><skipped message="Suite splitting in effect" type="pytest.skip">src/pymortests/operators.py:85: Suite splitting in effect</skipped></testcase><testcase classname="src.pymortests.operators" file="src/pymortests/operators.py" line="85" name="test_apply[&lt;lambda&gt;28]" time="0.0004127025604248047"><skipped message="Suite splitting in effect" type="pytest.skip">src/pymortests/operators.py:85: Suite splitting in effect</skipped></testcase><testcase classname="src.pymortests.operators" file="src/pymortests/operators.py" line="85" name="test_apply[&lt;lambda&gt;29]" time="0.00041413307189941406"><skipped message="Suite splitting in effect" type="pytest.skip">src/pymortests/operators.py:85: Suite splitting in effect</skipped></testcase><testcase classname="src.pymortests.operators" file="src/pymortests/operators.py" line="85" name="test_apply[&lt;lambda&gt;30]" time="0.0003886222839355469"><skipped message="Suite splitting in effect" type="pytest.skip">src/pymortests/operators.py:85: Suite splitting in effect</skipped></testcase><testcase classname="src.pymortests.operators" file="src/pymortests/operators.py" line="85" name="test_apply[&lt;lambda&gt;31]" time="0.00039124488830566406"><skipped message="Suite splitting in effect" type="pytest.skip">src/pymortests/operators.py:85: Suite splitting in effect</skipped></testcase><testcase classname="src.pymortests.operators" file="src/pymortests/operators.py" line="85" name="test_apply[&lt;lambda&gt;32]" time="0.0004203319549560547"><skipped message="Suite splitting in effect" type="pytest.skip">src/pymortests/operators.py:85: Suite splitting in effect</skipped></testcase><testcase classname="src.pymortests.operators" file="src/pymortests/operators.py" line="85" name="test_apply[&lt;lambda&gt;33]" time="0.0004086494445800781"><skipped message="Suite splitting in effect" type="pytest.skip">src/pymortests/operators.py:85: Suite splitting in effect</skipped></testcase><testcase classname="src.pymortests.operators" file="src/pymortests/operators.py" line="85" name="test_apply[&lt;lambda&gt;34]" time="0.0007557868957519531"><skipped message="Suite splitting in effect" type="pytest.skip">src/pymortests/operators.py:85: Suite splitting in effect</skipped></testcase><testcase classname="src.pymortests.operators" file="src/pymortests/operators.py" line="85" name="test_apply[&lt;lambda&gt;35]" time="0.0003859996795654297"><skipped message="Suite splitting in effect" type="pytest.skip">src/pymortests/operators.py:85: Suite splitting in effect</skipped></testcase><testcase classname="src.pymortests.operators" file="src/pymortests/operators.py" line="85" name="test_apply[&lt;lambda&gt;36]" time="0.0003936290740966797"><skipped message="Suite splitting in effect" type="pytest.skip">src/pymortests/operators.py:85: Suite splitting in effect</skipped></testcase><testcase classname="src.pymortests.operators" file="src/pymortests/operators.py" line="85" name="test_apply[&lt;lambda&gt;37]" time="0.0004153251647949219"><skipped message="Suite splitting in effect" type="pytest.skip">src/pymortests/operators.py:85: Suite splitting in effect</skipped></testcase><testcase classname="src.pymortests.operators" file="src/pymortests/operators.py" line="85" name="test_apply[&lt;lambda&gt;38]" time="0.0004227161407470703"><skipped message="Suite splitting in effect" type="pytest.skip">src/pymortests/operators.py:85: Suite splitting in effect</skipped></testcase><testcase classname="src.pymortests.operators" file="src/pymortests/operators.py" line="85" name="test_apply[&lt;lambda&gt;39]" time="0.0004169940948486328"><skipped message="Suite splitting in effect" type="pytest.skip">src/pymortests/operators.py:85: Suite splitting in effect</skipped></testcase><testcase classname="src.pymortests.operators" file="src/pymortests/operators.py" line="85" name="test_apply[&lt;lambda&gt;40]" time="0.0004127025604248047"><skipped message="Suite splitting in effect" type="pytest.skip">src/pymortests/operators.py:85: Suite splitting in effect</skipped></testcase><testcase classname="src.pymortests.operators" file="src/pymortests/operators.py" line="96" name="test_mul[&lt;lambda&gt;0]" time="0.00042366981506347656"><skipped message="Suite splitting in effect" type="pytest.skip">src/pymortests/operators.py:96: Suite splitting in effect</skipped></testcase><testcase classname="src.pymortests.operators" file="src/pymortests/operators.py" line="96" name="test_mul[&lt;lambda&gt;1]" time="0.0007081031799316406"><skipped message="Suite splitting in effect" type="pytest.skip">src/pymortests/operators.py:96: Suite splitting in effect</skipped></testcase><testcase classname="src.pymortests.operators" file="src/pymortests/operators.py" line="96" name="test_mul[&lt;lambda&gt;2]" time="0.000408172607421875"><skipped message="Suite splitting in effect" type="pytest.skip">src/pymortests/operators.py:96: Suite splitting in effect</skipped></testcase><testcase classname="src.pymortests.operators" file="src/pymortests/operators.py" line="96" name="test_mul[&lt;lambda&gt;3]" time="0.00042247772216796875"><skipped message="Suite splitting in effect" type="pytest.skip">src/pymortests/operators.py:96: Suite splitting in effect</skipped></testcase><testcase classname="src.pymortests.operators" file="src/pymortests/operators.py" line="96" name="test_mul[&lt;lambda&gt;4]" time="0.00041961669921875"><skipped message="Suite splitting in effect" type="pytest.skip">src/pymortests/operators.py:96: Suite splitting in effect</skipped></testcase><testcase classname="src.pymortests.operators" file="src/pymortests/operators.py" line="96" name="test_mul[&lt;lambda&gt;5]" time="0.0004246234893798828"><skipped message="Suite splitting in effect" type="pytest.skip">src/pymortests/operators.py:96: Suite splitting in effect</skipped></testcase><testcase classname="src.pymortests.operators" file="src/pymortests/operators.py" line="96" name="test_mul[&lt;lambda&gt;6]" time="0.00041222572326660156"><skipped message="Suite splitting in effect" type="pytest.skip">src/pymortests/operators.py:96: Suite splitting in effect</skipped></testcase><testcase classname="src.pymortests.operators" file="src/pymortests/operators.py" line="96" name="test_mul[&lt;lambda&gt;7]" time="0.0004191398620605469"><skipped message="Suite splitting in effect" type="pytest.skip">src/pymortests/operators.py:96: Suite splitting in effect</skipped></testcase><testcase classname="src.pymortests.operators" file="src/pymortests/operators.py" line="96" name="test_mul[&lt;lambda&gt;8]" time="0.0004191398620605469"><skipped message="Suite splitting in effect" type="pytest.skip">src/pymortests/operators.py:96: Suite splitting in effect</skipped></testcase><testcase classname="src.pymortests.operators" file="src/pymortests/operators.py" line="96" name="test_mul[&lt;lambda&gt;9]" time="0.0007100105285644531"><skipped message="Suite splitting in effect" type="pytest.skip">src/pymortests/operators.py:96: Suite splitting in effect</skipped></testcase><testcase classname="src.pymortests.operators" file="src/pymortests/operators.py" line="96" name="test_mul[&lt;lambda&gt;10]" time="0.00042939186096191406"><skipped message="Suite splitting in effect" type="pytest.skip">src/pymortests/operators.py:96: Suite splitting in effect</skipped></testcase><testcase classname="src.pymortests.operators" file="src/pymortests/operators.py" line="96" name="test_mul[&lt;lambda&gt;11]" time="0.0003840923309326172"><skipped message="Suite splitting in effect" type="pytest.skip">src/pymortests/operators.py:96: Suite splitting in effect</skipped></testcase><testcase classname="src.pymortests.operators" file="src/pymortests/operators.py" line="96" name="test_mul[&lt;lambda&gt;12]" time="0.0003886222839355469"><skipped message="Suite splitting in effect" type="pytest.skip">src/pymortests/operators.py:96: Suite splitting in effect</skipped></testcase><testcase classname="src.pymortests.operators" file="src/pymortests/operators.py" line="96" name="test_mul[&lt;lambda&gt;13]" time="0.00039649009704589844"><skipped message="Suite splitting in effect" type="pytest.skip">src/pymortests/operators.py:96: Suite splitting in effect</skipped></testcase><testcase classname="src.pymortests.operators" file="src/pymortests/operators.py" line="96" name="test_mul[&lt;lambda&gt;14]" time="0.00041604042053222656"><skipped message="Suite splitting in effect" type="pytest.skip">src/pymortests/operators.py:96: Suite splitting in effect</skipped></testcase><testcase classname="src.pymortests.operators" file="src/pymortests/operators.py" line="96" name="test_mul[&lt;lambda&gt;15]" time="0.00041365623474121094"><skipped message="Suite splitting in effect" type="pytest.skip">src/pymortests/operators.py:96: Suite splitting in effect</skipped></testcase><testcase classname="src.pymortests.operators" file="src/pymortests/operators.py" line="96" name="test_mul[&lt;lambda&gt;16]" time="0.0003936290740966797"><skipped message="Suite splitting in effect" type="pytest.skip">src/pymortests/operators.py:96: Suite splitting in effect</skipped></testcase><testcase classname="src.pymortests.operators" file="src/pymortests/operators.py" line="96" name="test_mul[&lt;lambda&gt;17]" time="0.0006918907165527344"><skipped message="Suite splitting in effect" type="pytest.skip">src/pymortests/operators.py:96: Suite splitting in effect</skipped></testcase><testcase classname="src.pymortests.operators" file="src/pymortests/operators.py" line="96" name="test_mul[&lt;lambda&gt;18]" time="0.0004107952117919922"><skipped message="Suite splitting in effect" type="pytest.skip">src/pymortests/operators.py:96: Suite splitting in effect</skipped></testcase><testcase classname="src.pymortests.operators" file="src/pymortests/operators.py" line="96" name="test_mul[&lt;lambda&gt;19]" time="0.0004107952117919922"><skipped message="Suite splitting in effect" type="pytest.skip">src/pymortests/operators.py:96: Suite splitting in effect</skipped></testcase><testcase classname="src.pymortests.operators" file="src/pymortests/operators.py" line="96" name="test_mul[&lt;lambda&gt;20]" time="0.0003960132598876953"><skipped message="Suite splitting in effect" type="pytest.skip">src/pymortests/operators.py:96: Suite splitting in effect</skipped></testcase><testcase classname="src.pymortests.operators" file="src/pymortests/operators.py" line="96" name="test_mul[&lt;lambda&gt;21]" time="0.0003886222839355469"><skipped message="Suite splitting in effect" type="pytest.skip">src/pymortests/operators.py:96: Suite splitting in effect</skipped></testcase><testcase classname="src.pymortests.operators" file="src/pymortests/operators.py" line="96" name="test_mul[&lt;lambda&gt;22]" time="0.00038433074951171875"><skipped message="Suite splitting in effect" type="pytest.skip">src/pymortests/operators.py:96: Suite splitting in effect</skipped></testcase><testcase classname="src.pymortests.operators" file="src/pymortests/operators.py" line="96" name="test_mul[&lt;lambda&gt;23]" time="0.0004184246063232422"><skipped message="Suite splitting in effect" type="pytest.skip">src/pymortests/operators.py:96: Suite splitting in effect</skipped></testcase><testcase classname="src.pymortests.operators" file="src/pymortests/operators.py" line="96" name="test_mul[&lt;lambda&gt;24]" time="0.0004401206970214844"><skipped message="Suite splitting in effect" type="pytest.skip">src/pymortests/operators.py:96: Suite splitting in effect</skipped></testcase><testcase classname="src.pymortests.operators" file="src/pymortests/operators.py" line="96" name="test_mul[&lt;lambda&gt;25]" time="0.000675201416015625"><skipped message="Suite splitting in effect" type="pytest.skip">src/pymortests/operators.py:96: Suite splitting in effect</skipped></testcase><testcase classname="src.pymortests.operators" file="src/pymortests/operators.py" line="96" name="test_mul[&lt;lambda&gt;26]" time="0.00038909912109375"><skipped message="Suite splitting in effect" type="pytest.skip">src/pymortests/operators.py:96: Suite splitting in effect</skipped></testcase><testcase classname="src.pymortests.operators" file="src/pymortests/operators.py" line="96" name="test_mul[&lt;lambda&gt;27]" time="0.0004780292510986328"><skipped message="Suite splitting in effect" type="pytest.skip">src/pymortests/operators.py:96: Suite splitting in effect</skipped></testcase><testcase classname="src.pymortests.operators" file="src/pymortests/operators.py" line="96" name="test_mul[&lt;lambda&gt;28]" time="0.0004124641418457031"><skipped message="Suite splitting in effect" type="pytest.skip">src/pymortests/operators.py:96: Suite splitting in effect</skipped></testcase><testcase classname="src.pymortests.operators" file="src/pymortests/operators.py" line="96" name="test_mul[&lt;lambda&gt;29]" time="0.0004150867462158203"><skipped message="Suite splitting in effect" type="pytest.skip">src/pymortests/operators.py:96: Suite splitting in effect</skipped></testcase><testcase classname="src.pymortests.operators" file="src/pymortests/operators.py" line="96" name="test_mul[&lt;lambda&gt;30]" time="0.0004222393035888672"><skipped message="Suite splitting in effect" type="pytest.skip">src/pymortests/operators.py:96: Suite splitting in effect</skipped></testcase><testcase classname="src.pymortests.operators" file="src/pymortests/operators.py" line="96" name="test_mul[&lt;lambda&gt;31]" time="0.00039505958557128906"><skipped message="Suite splitting in effect" type="pytest.skip">src/pymortests/operators.py:96: Suite splitting in effect</skipped></testcase><testcase classname="src.pymortests.operators" file="src/pymortests/operators.py" line="96" name="test_mul[&lt;lambda&gt;32]" time="0.0003917217254638672"><skipped message="Suite splitting in effect" type="pytest.skip">src/pymortests/operators.py:96: Suite splitting in effect</skipped></testcase><testcase classname="src.pymortests.operators" file="src/pymortests/operators.py" line="96" name="test_mul[&lt;lambda&gt;33]" time="0.0006697177886962891"><skipped message="Suite splitting in effect" type="pytest.skip">src/pymortests/operators.py:96: Suite splitting in effect</skipped></testcase><testcase classname="src.pymortests.operators" file="src/pymortests/operators.py" line="96" name="test_mul[&lt;lambda&gt;34]" time="0.0003886222839355469"><skipped message="Suite splitting in effect" type="pytest.skip">src/pymortests/operators.py:96: Suite splitting in effect</skipped></testcase><testcase classname="src.pymortests.operators" file="src/pymortests/operators.py" line="96" name="test_mul[&lt;lambda&gt;35]" time="0.0003936290740966797"><skipped message="Suite splitting in effect" type="pytest.skip">src/pymortests/operators.py:96: Suite splitting in effect</skipped></testcase><testcase classname="src.pymortests.operators" file="src/pymortests/operators.py" line="96" name="test_mul[&lt;lambda&gt;36]" time="0.00038933753967285156"><skipped message="Suite splitting in effect" type="pytest.skip">src/pymortests/operators.py:96: Suite splitting in effect</skipped></testcase><testcase classname="src.pymortests.operators" file="src/pymortests/operators.py" line="96" name="test_mul[&lt;lambda&gt;37]" time="0.00041103363037109375"><skipped message="Suite splitting in effect" type="pytest.skip">src/pymortests/operators.py:96: Suite splitting in effect</skipped></testcase><testcase classname="src.pymortests.operators" file="src/pymortests/operators.py" line="96" name="test_mul[&lt;lambda&gt;38]" time="0.00041222572326660156"><skipped message="Suite splitting in effect" type="pytest.skip">src/pymortests/operators.py:96: Suite splitting in effect</skipped></testcase><testcase classname="src.pymortests.operators" file="src/pymortests/operators.py" line="96" name="test_mul[&lt;lambda&gt;39]" time="0.0004074573516845703"><skipped message="Suite splitting in effect" type="pytest.skip">src/pymortests/operators.py:96: Suite splitting in effect</skipped></testcase><testcase classname="src.pymortests.operators" file="src/pymortests/operators.py" line="96" name="test_mul[&lt;lambda&gt;40]" time="0.000385284423828125"><skipped message="Suite splitting in effect" type="pytest.skip">src/pymortests/operators.py:96: Suite splitting in effect</skipped></testcase><testcase classname="src.pymortests.operators" file="src/pymortests/operators.py" line="103" name="test_rmul[&lt;lambda&gt;0]" time="0.0006892681121826172"><skipped message="Suite splitting in effect" type="pytest.skip">src/pymortests/operators.py:103: Suite splitting in effect</skipped></testcase><testcase classname="src.pymortests.operators" file="src/pymortests/operators.py" line="103" name="test_rmul[&lt;lambda&gt;1]" time="0.0003857612609863281"><skipped message="Suite splitting in effect" type="pytest.skip">src/pymortests/operators.py:103: Suite splitting in effect</skipped></testcase><testcase classname="src.pymortests.operators" file="src/pymortests/operators.py" line="103" name="test_rmul[&lt;lambda&gt;2]" time="0.00041103363037109375"><skipped message="Suite splitting in effect" type="pytest.skip">src/pymortests/operators.py:103: Suite splitting in effect</skipped></testcase><testcase classname="src.pymortests.operators" file="src/pymortests/operators.py" line="103" name="test_rmul[&lt;lambda&gt;3]" time="0.00039124488830566406"><skipped message="Suite splitting in effect" type="pytest.skip">src/pymortests/operators.py:103: Suite splitting in effect</skipped></testcase><testcase classname="src.pymortests.operators" file="src/pymortests/operators.py" line="103" name="test_rmul[&lt;lambda&gt;4]" time="0.00039315223693847656"><skipped message="Suite splitting in effect" type="pytest.skip">src/pymortests/operators.py:103: Suite splitting in effect</skipped></testcase><testcase classname="src.pymortests.operators" file="src/pymortests/operators.py" line="103" name="test_rmul[&lt;lambda&gt;5]" time="0.00041103363037109375"><skipped message="Suite splitting in effect" type="pytest.skip">src/pymortests/operators.py:103: Suite splitting in effect</skipped></testcase><testcase classname="src.pymortests.operators" file="src/pymortests/operators.py" line="103" name="test_rmul[&lt;lambda&gt;6]" time="0.00040984153747558594"><skipped message="Suite splitting in effect" type="pytest.skip">src/pymortests/operators.py:103: Suite splitting in effect</skipped></testcase><testcase classname="src.pymortests.operators" file="src/pymortests/operators.py" line="103" name="test_rmul[&lt;lambda&gt;7]" time="0.00043082237243652344"><skipped message="Suite splitting in effect" type="pytest.skip">src/pymortests/operators.py:103: Suite splitting in effect</skipped></testcase><testcase classname="src.pymortests.operators" file="src/pymortests/operators.py" line="103" name="test_rmul[&lt;lambda&gt;8]" time="0.000728607177734375"><skipped message="Suite splitting in effect" type="pytest.skip">src/pymortests/operators.py:103: Suite splitting in effect</skipped></testcase><testcase classname="src.pymortests.operators" file="src/pymortests/operators.py" line="103" name="test_rmul[&lt;lambda&gt;9]" time="0.0003921985626220703"><skipped message="Suite splitting in effect" type="pytest.skip">src/pymortests/operators.py:103: Suite splitting in effect</skipped></testcase><testcase classname="src.pymortests.operators" file="src/pymortests/operators.py" line="103" name="test_rmul[&lt;lambda&gt;10]" time="0.0004401206970214844"><skipped message="Suite splitting in effect" type="pytest.skip">src/pymortests/operators.py:103: Suite splitting in effect</skipped></testcase><testcase classname="src.pymortests.operators" file="src/pymortests/operators.py" line="103" name="test_rmul[&lt;lambda&gt;11]" time="0.0004086494445800781"><skipped message="Suite splitting in effect" type="pytest.skip">src/pymortests/operators.py:103: Suite splitting in effect</skipped></testcase><testcase classname="src.pymortests.operators" file="src/pymortests/operators.py" line="103" name="test_rmul[&lt;lambda&gt;12]" time="0.0003871917724609375"><skipped message="Suite splitting in effect" type="pytest.skip">src/pymortests/operators.py:103: Suite splitting in effect</skipped></testcase><testcase classname="src.pymortests.operators" file="src/pymortests/operators.py" line="103" name="test_rmul[&lt;lambda&gt;13]" time="0.00039005279541015625"><skipped message="Suite splitting in effect" type="pytest.skip">src/pymortests/operators.py:103: Suite splitting in effect</skipped></testcase><testcase classname="src.pymortests.operators" file="src/pymortests/operators.py" line="103" name="test_rmul[&lt;lambda&gt;14]" time="0.0004069805145263672"><skipped message="Suite splitting in effect" type="pytest.skip">src/pymortests/operators.py:103: Suite splitting in effect</skipped></testcase><testcase classname="src.pymortests.operators" file="src/pymortests/operators.py" line="103" name="test_rmul[&lt;lambda&gt;15]" time="0.0004134178161621094"><skipped message="Suite splitting in effect" type="pytest.skip">src/pymortests/operators.py:103: Suite splitting in effect</skipped></testcase><testcase classname="src.pymortests.operators" file="src/pymortests/operators.py" line="103" name="test_rmul[&lt;lambda&gt;16]" time="0.000701904296875"><skipped message="Suite splitting in effect" type="pytest.skip">src/pymortests/operators.py:103: Suite splitting in effect</skipped></testcase><testcase classname="src.pymortests.operators" file="src/pymortests/operators.py" line="103" name="test_rmul[&lt;lambda&gt;17]" time="0.0003895759582519531"><skipped message="Suite splitting in effect" type="pytest.skip">src/pymortests/operators.py:103: Suite splitting in effect</skipped></testcase><testcase classname="src.pymortests.operators" file="src/pymortests/operators.py" line="103" name="test_rmul[&lt;lambda&gt;18]" time="0.00038886070251464844"><skipped message="Suite splitting in effect" type="pytest.skip">src/pymortests/operators.py:103: Suite splitting in effect</skipped></testcase><testcase classname="src.pymortests.operators" file="src/pymortests/operators.py" line="103" name="test_rmul[&lt;lambda&gt;19]" time="0.0004451274871826172"><skipped message="Suite splitting in effect" type="pytest.skip">src/pymortests/operators.py:103: Suite splitting in effect</skipped></testcase><testcase classname="src.pymortests.operators" file="src/pymortests/operators.py" line="103" name="test_rmul[&lt;lambda&gt;20]" time="0.0003943443298339844"><skipped message="Suite splitting in effect" type="pytest.skip">src/pymortests/operators.py:103: Suite splitting in effect</skipped></testcase><testcase classname="src.pymortests.operators" file="src/pymortests/operators.py" line="103" name="test_rmul[&lt;lambda&gt;21]" time="0.0004520416259765625"><skipped message="Suite splitting in effect" type="pytest.skip">src/pymortests/operators.py:103: Suite splitting in effect</skipped></testcase><testcase classname="src.pymortests.operators" file="src/pymortests/operators.py" line="103" name="test_rmul[&lt;lambda&gt;22]" time="0.0004138946533203125"><skipped message="Suite splitting in effect" type="pytest.skip">src/pymortests/operators.py:103: Suite splitting in effect</skipped></testcase><testcase classname="src.pymortests.operators" file="src/pymortests/operators.py" line="103" name="test_rmul[&lt;lambda&gt;23]" time="0.00042247772216796875"><skipped message="Suite splitting in effect" type="pytest.skip">src/pymortests/operators.py:103: Suite splitting in effect</skipped></testcase><testcase classname="src.pymortests.operators" file="src/pymortests/operators.py" line="103" name="test_rmul[&lt;lambda&gt;24]" time="0.0007007122039794922"><skipped message="Suite splitting in effect" type="pytest.skip">src/pymortests/operators.py:103: Suite splitting in effect</skipped></testcase><testcase classname="src.pymortests.operators" file="src/pymortests/operators.py" line="103" name="test_rmul[&lt;lambda&gt;25]" time="0.00039267539978027344"><skipped message="Suite splitting in effect" type="pytest.skip">src/pymortests/operators.py:103: Suite splitting in effect</skipped></testcase><testcase classname="src.pymortests.operators" file="src/pymortests/operators.py" line="103" name="test_rmul[&lt;lambda&gt;26]" time="0.00040531158447265625"><skipped message="Suite splitting in effect" type="pytest.skip">src/pymortests/operators.py:103: Suite splitting in effect</skipped></testcase><testcase classname="src.pymortests.operators" file="src/pymortests/operators.py" line="103" name="test_rmul[&lt;lambda&gt;27]" time="0.0004200935363769531"><skipped message="Suite splitting in effect" type="pytest.skip">src/pymortests/operators.py:103: Suite splitting in effect</skipped></testcase><testcase classname="src.pymortests.operators" file="src/pymortests/operators.py" line="103" name="test_rmul[&lt;lambda&gt;28]" time="0.0004150867462158203"><skipped message="Suite splitting in effect" type="pytest.skip">src/pymortests/operators.py:103: Suite splitting in effect</skipped></testcase><testcase classname="src.pymortests.operators" file="src/pymortests/operators.py" line="103" name="test_rmul[&lt;lambda&gt;29]" time="0.0004112720489501953"><skipped message="Suite splitting in effect" type="pytest.skip">src/pymortests/operators.py:103: Suite splitting in effect</skipped></testcase><testcase classname="src.pymortests.operators" file="src/pymortests/operators.py" line="103" name="test_rmul[&lt;lambda&gt;30]" time="0.00041413307189941406"><skipped message="Suite splitting in effect" type="pytest.skip">src/pymortests/operators.py:103: Suite splitting in effect</skipped></testcase><testcase classname="src.pymortests.operators" file="src/pymortests/operators.py" line="103" name="test_rmul[&lt;lambda&gt;31]" time="0.0003924369812011719"><skipped message="Suite splitting in effect" type="pytest.skip">src/pymortests/operators.py:103: Suite splitting in effect</skipped></testcase><testcase classname="src.pymortests.operators" file="src/pymortests/operators.py" line="103" name="test_rmul[&lt;lambda&gt;32]" time="0.0008540153503417969"><skipped message="Suite splitting in effect" type="pytest.skip">src/pymortests/operators.py:103: Suite splitting in effect</skipped></testcase><testcase classname="src.pymortests.operators" file="src/pymortests/operators.py" line="103" name="test_rmul[&lt;lambda&gt;33]" time="0.00041174888610839844"><skipped message="Suite splitting in effect" type="pytest.skip">src/pymortests/operators.py:103: Suite splitting in effect</skipped></testcase><testcase classname="src.pymortests.operators" file="src/pymortests/operators.py" line="103" name="test_rmul[&lt;lambda&gt;34]" time="0.0004124641418457031"><skipped message="Suite splitting in effect" type="pytest.skip">src/pymortests/operators.py:103: Suite splitting in effect</skipped></testcase><testcase classname="src.pymortests.operators" file="src/pymortests/operators.py" line="103" name="test_rmul[&lt;lambda&gt;35]" time="0.0003902912139892578"><skipped message="Suite splitting in effect" type="pytest.skip">src/pymortests/operators.py:103: Suite splitting in effect</skipped></testcase><testcase classname="src.pymortests.operators" file="src/pymortests/operators.py" line="103" name="test_rmul[&lt;lambda&gt;36]" time="0.0004165172576904297"><skipped message="Suite splitting in effect" type="pytest.skip">src/pymortests/operators.py:103: Suite splitting in effect</skipped></testcase><testcase classname="src.pymortests.operators" file="src/pymortests/operators.py" line="103" name="test_rmul[&lt;lambda&gt;37]" time="0.0003943443298339844"><skipped message="Suite splitting in effect" type="pytest.skip">src/pymortests/operators.py:103: Suite splitting in effect</skipped></testcase><testcase classname="src.pymortests.operators" file="src/pymortests/operators.py" line="103" name="test_rmul[&lt;lambda&gt;38]" time="0.0003986358642578125"><skipped message="Suite splitting in effect" type="pytest.skip">src/pymortests/operators.py:103: Suite splitting in effect</skipped></testcase><testcase classname="src.pymortests.operators" file="src/pymortests/operators.py" line="103" name="test_rmul[&lt;lambda&gt;39]" time="0.0004544258117675781"><skipped message="Suite splitting in effect" type="pytest.skip">src/pymortests/operators.py:103: Suite splitting in effect</skipped></testcase><testcase classname="src.pymortests.operators" file="src/pymortests/operators.py" line="103" name="test_rmul[&lt;lambda&gt;40]" time="0.0006990432739257812"><skipped message="Suite splitting in effect" type="pytest.skip">src/pymortests/operators.py:103: Suite splitting in effect</skipped></testcase><testcase classname="src.pymortests.operators" file="src/pymortests/operators.py" line="110" name="test_neg[&lt;lambda&gt;0]" time="0.00039124488830566406"><skipped message="Suite splitting in effect" type="pytest.skip">src/pymortests/operators.py:110: Suite splitting in effect</skipped></testcase><testcase classname="src.pymortests.operators" file="src/pymortests/operators.py" line="110" name="test_neg[&lt;lambda&gt;1]" time="0.0003905296325683594"><skipped message="Suite splitting in effect" type="pytest.skip">src/pymortests/operators.py:110: Suite splitting in effect</skipped></testcase><testcase classname="src.pymortests.operators" file="src/pymortests/operators.py" line="110" name="test_neg[&lt;lambda&gt;2]" time="0.00038933753967285156"><skipped message="Suite splitting in effect" type="pytest.skip">src/pymortests/operators.py:110: Suite splitting in effect</skipped></testcase><testcase classname="src.pymortests.operators" file="src/pymortests/operators.py" line="110" name="test_neg[&lt;lambda&gt;3]" time="0.0004146099090576172"><skipped message="Suite splitting in effect" type="pytest.skip">src/pymortests/operators.py:110: Suite splitting in effect</skipped></testcase><testcase classname="src.pymortests.operators" file="src/pymortests/operators.py" line="110" name="test_neg[&lt;lambda&gt;4]" time="0.0005071163177490234"><skipped message="Suite splitting in effect" type="pytest.skip">src/pymortests/operators.py:110: Suite splitting in effect</skipped></testcase><testcase classname="src.pymortests.operators" file="src/pymortests/operators.py" line="110" name="test_neg[&lt;lambda&gt;5]" time="0.00041365623474121094"><skipped message="Suite splitting in effect" type="pytest.skip">src/pymortests/operators.py:110: Suite splitting in effect</skipped></testcase><testcase classname="src.pymortests.operators" file="src/pymortests/operators.py" line="110" name="test_neg[&lt;lambda&gt;6]" time="0.00041484832763671875"><skipped message="Suite splitting in effect" type="pytest.skip">src/pymortests/operators.py:110: Suite splitting in effect</skipped></testcase><testcase classname="src.pymortests.operators" file="src/pymortests/operators.py" line="110" name="test_neg[&lt;lambda&gt;7]" time="0.0006728172302246094"><skipped message="Suite splitting in effect" type="pytest.skip">src/pymortests/operators.py:110: Suite splitting in effect</skipped></testcase><testcase classname="src.pymortests.operators" file="src/pymortests/operators.py" line="110" name="test_neg[&lt;lambda&gt;8]" time="0.00040459632873535156"><skipped message="Suite splitting in effect" type="pytest.skip">src/pymortests/operators.py:110: Suite splitting in effect</skipped></testcase><testcase classname="src.pymortests.operators" file="src/pymortests/operators.py" line="110" name="test_neg[&lt;lambda&gt;9]" time="0.0003867149353027344"><skipped message="Suite splitting in effect" type="pytest.skip">src/pymortests/operators.py:110: Suite splitting in effect</skipped></testcase><testcase classname="src.pymortests.operators" file="src/pymortests/operators.py" line="110" name="test_neg[&lt;lambda&gt;10]" time="0.0003876686096191406"><skipped message="Suite splitting in effect" type="pytest.skip">src/pymortests/operators.py:110: Suite splitting in effect</skipped></testcase><testcase classname="src.pymortests.operators" file="src/pymortests/operators.py" line="110" name="test_neg[&lt;lambda&gt;11]" time="0.00039267539978027344"><skipped message="Suite splitting in effect" type="pytest.skip">src/pymortests/operators.py:110: Suite splitting in effect</skipped></testcase><testcase classname="src.pymortests.operators" file="src/pymortests/operators.py" line="110" name="test_neg[&lt;lambda&gt;12]" time="0.0003848075866699219"><skipped message="Suite splitting in effect" type="pytest.skip">src/pymortests/operators.py:110: Suite splitting in effect</skipped></testcase><testcase classname="src.pymortests.operators" file="src/pymortests/operators.py" line="110" name="test_neg[&lt;lambda&gt;13]" time="0.0004200935363769531"><skipped message="Suite splitting in effect" type="pytest.skip">src/pymortests/operators.py:110: Suite splitting in effect</skipped></testcase><testcase classname="src.pymortests.operators" file="src/pymortests/operators.py" line="110" name="test_neg[&lt;lambda&gt;14]" time="0.0004074573516845703"><skipped message="Suite splitting in effect" type="pytest.skip">src/pymortests/operators.py:110: Suite splitting in effect</skipped></testcase><testcase classname="src.pymortests.operators" file="src/pymortests/operators.py" line="110" name="test_neg[&lt;lambda&gt;15]" time="0.0006575584411621094"><skipped message="Suite splitting in effect" type="pytest.skip">src/pymortests/operators.py:110: Suite splitting in effect</skipped></testcase><testcase classname="src.pymortests.operators" file="src/pymortests/operators.py" line="110" name="test_neg[&lt;lambda&gt;16]" time="0.0004215240478515625"><skipped message="Suite splitting in effect" type="pytest.skip">src/pymortests/operators.py:110: Suite splitting in effect</skipped></testcase><testcase classname="src.pymortests.operators" file="src/pymortests/operators.py" line="110" name="test_neg[&lt;lambda&gt;17]" time="0.00041174888610839844"><skipped message="Suite splitting in effect" type="pytest.skip">src/pymortests/operators.py:110: Suite splitting in effect</skipped></testcase><testcase classname="src.pymortests.operators" file="src/pymortests/operators.py" line="110" name="test_neg[&lt;lambda&gt;18]" time="0.00041174888610839844"><skipped message="Suite splitting in effect" type="pytest.skip">src/pymortests/operators.py:110: Suite splitting in effect</skipped></testcase><testcase classname="src.pymortests.operators" file="src/pymortests/operators.py" line="110" name="test_neg[&lt;lambda&gt;19]" time="0.00038814544677734375"><skipped message="Suite splitting in effect" type="pytest.skip">src/pymortests/operators.py:110: Suite splitting in effect</skipped></testcase><testcase classname="src.pymortests.operators" file="src/pymortests/operators.py" line="110" name="test_neg[&lt;lambda&gt;20]" time="0.0003883838653564453"><skipped message="Suite splitting in effect" type="pytest.skip">src/pymortests/operators.py:110: Suite splitting in effect</skipped></testcase><testcase classname="src.pymortests.operators" file="src/pymortests/operators.py" line="110" name="test_neg[&lt;lambda&gt;21]" time="0.000438690185546875"><skipped message="Suite splitting in effect" type="pytest.skip">src/pymortests/operators.py:110: Suite splitting in effect</skipped></testcase><testcase classname="src.pymortests.operators" file="src/pymortests/operators.py" line="110" name="test_neg[&lt;lambda&gt;22]" time="0.0004038810729980469"><skipped message="Suite splitting in effect" type="pytest.skip">src/pymortests/operators.py:110: Suite splitting in effect</skipped></testcase><testcase classname="src.pymortests.operators" file="src/pymortests/operators.py" line="110" name="test_neg[&lt;lambda&gt;23]" time="0.0006964206695556641"><skipped message="Suite splitting in effect" type="pytest.skip">src/pymortests/operators.py:110: Suite splitting in effect</skipped></testcase><testcase classname="src.pymortests.operators" file="src/pymortests/operators.py" line="110" name="test_neg[&lt;lambda&gt;24]" time="0.0003871917724609375"><skipped message="Suite splitting in effect" type="pytest.skip">src/pymortests/operators.py:110: Suite splitting in effect</skipped></testcase><testcase classname="src.pymortests.operators" file="src/pymortests/operators.py" line="110" name="test_neg[&lt;lambda&gt;25]" time="0.0004220008850097656"><skipped message="Suite splitting in effect" type="pytest.skip">src/pymortests/operators.py:110: Suite splitting in effect</skipped></testcase><testcase classname="src.pymortests.operators" file="src/pymortests/operators.py" line="110" name="test_neg[&lt;lambda&gt;26]" time="0.0004143714904785156"><skipped message="Suite splitting in effect" type="pytest.skip">src/pymortests/operators.py:110: Suite splitting in effect</skipped></testcase><testcase classname="src.pymortests.operators" file="src/pymortests/operators.py" line="110" name="test_neg[&lt;lambda&gt;27]" time="0.00038623809814453125"><skipped message="Suite splitting in effect" type="pytest.skip">src/pymortests/operators.py:110: Suite splitting in effect</skipped></testcase><testcase classname="src.pymortests.operators" file="src/pymortests/operators.py" line="110" name="test_neg[&lt;lambda&gt;28]" time="0.0005099773406982422"><skipped message="Suite splitting in effect" type="pytest.skip">src/pymortests/operators.py:110: Suite splitting in effect</skipped></testcase><testcase classname="src.pymortests.operators" file="src/pymortests/operators.py" line="110" name="test_neg[&lt;lambda&gt;29]" time="0.0004134178161621094"><skipped message="Suite splitting in effect" type="pytest.skip">src/pymortests/operators.py:110: Suite splitting in effect</skipped></testcase><testcase classname="src.pymortests.operators" file="src/pymortests/operators.py" line="110" name="test_neg[&lt;lambda&gt;30]" time="0.000453948974609375"><skipped message="Suite splitting in effect" type="pytest.skip">src/pymortests/operators.py:110: Suite splitting in effect</skipped></testcase><testcase classname="src.pymortests.operators" file="src/pymortests/operators.py" line="110" name="test_neg[&lt;lambda&gt;31]" time="0.0006911754608154297"><skipped message="Suite splitting in effect" type="pytest.skip">src/pymortests/operators.py:110: Suite splitting in effect</skipped></testcase><testcase classname="src.pymortests.operators" file="src/pymortests/operators.py" line="110" name="test_neg[&lt;lambda&gt;32]" time="0.0004303455352783203"><skipped message="Suite splitting in effect" type="pytest.skip">src/pymortests/operators.py:110: Suite splitting in effect</skipped></testcase><testcase classname="src.pymortests.operators" file="src/pymortests/operators.py" line="110" name="test_neg[&lt;lambda&gt;33]" time="0.0004279613494873047"><skipped message="Suite splitting in effect" type="pytest.skip">src/pymortests/operators.py:110: Suite splitting in effect</skipped></testcase><testcase classname="src.pymortests.operators" file="src/pymortests/operators.py" line="110" name="test_neg[&lt;lambda&gt;34]" time="0.0004131793975830078"><skipped message="Suite splitting in effect" type="pytest.skip">src/pymortests/operators.py:110: Suite splitting in effect</skipped></testcase><testcase classname="src.pymortests.operators" file="src/pymortests/operators.py" line="110" name="test_neg[&lt;lambda&gt;35]" time="0.00042176246643066406"><skipped message="Suite splitting in effect" type="pytest.skip">src/pymortests/operators.py:110: Suite splitting in effect</skipped></testcase><testcase classname="src.pymortests.operators" file="src/pymortests/operators.py" line="110" name="test_neg[&lt;lambda&gt;36]" time="0.0004181861877441406"><skipped message="Suite splitting in effect" type="pytest.skip">src/pymortests/operators.py:110: Suite splitting in effect</skipped></testcase><testcase classname="src.pymortests.operators" file="src/pymortests/operators.py" line="110" name="test_neg[&lt;lambda&gt;37]" time="0.00038814544677734375"><skipped message="Suite splitting in effect" type="pytest.skip">src/pymortests/operators.py:110: Suite splitting in effect</skipped></testcase><testcase classname="src.pymortests.operators" file="src/pymortests/operators.py" line="110" name="test_neg[&lt;lambda&gt;38]" time="0.0003948211669921875"><skipped message="Suite splitting in effect" type="pytest.skip">src/pymortests/operators.py:110: Suite splitting in effect</skipped></testcase><testcase classname="src.pymortests.operators" file="src/pymortests/operators.py" line="110" name="test_neg[&lt;lambda&gt;39]" time="0.0006625652313232422"><skipped message="Suite splitting in effect" type="pytest.skip">src/pymortests/operators.py:110: Suite splitting in effect</skipped></testcase><testcase classname="src.pymortests.operators" file="src/pymortests/operators.py" line="110" name="test_neg[&lt;lambda&gt;40]" time="0.0003859996795654297"><skipped message="Suite splitting in effect" type="pytest.skip">src/pymortests/operators.py:110: Suite splitting in effect</skipped></testcase><testcase classname="src.pymortests.operators" file="src/pymortests/operators.py" line="116" name="test_apply2[&lt;lambda&gt;0]" time="0.00038433074951171875"><skipped message="Suite splitting in effect" type="pytest.skip">src/pymortests/operators.py:116: Suite splitting in effect</skipped></testcase><testcase classname="src.pymortests.operators" file="src/pymortests/operators.py" line="116" name="test_apply2[&lt;lambda&gt;1]" time="0.0004115104675292969"><skipped message="Suite splitting in effect" type="pytest.skip">src/pymortests/operators.py:116: Suite splitting in effect</skipped></testcase><testcase classname="src.pymortests.operators" file="src/pymortests/operators.py" line="116" name="test_apply2[&lt;lambda&gt;2]" time="0.0004363059997558594"><skipped message="Suite splitting in effect" type="pytest.skip">src/pymortests/operators.py:116: Suite splitting in effect</skipped></testcase><testcase classname="src.pymortests.operators" file="src/pymortests/operators.py" line="116" name="test_apply2[&lt;lambda&gt;3]" time="0.00039887428283691406"><skipped message="Suite splitting in effect" type="pytest.skip">src/pymortests/operators.py:116: Suite splitting in effect</skipped></testcase><testcase classname="src.pymortests.operators" file="src/pymortests/operators.py" line="116" name="test_apply2[&lt;lambda&gt;4]" time="0.0004169940948486328"><skipped message="Suite splitting in effect" type="pytest.skip">src/pymortests/operators.py:116: Suite splitting in effect</skipped></testcase><testcase classname="src.pymortests.operators" file="src/pymortests/operators.py" line="116" name="test_apply2[&lt;lambda&gt;5]" time="0.0003876686096191406"><skipped message="Suite splitting in effect" type="pytest.skip">src/pymortests/operators.py:116: Suite splitting in effect</skipped></testcase><testcase classname="src.pymortests.operators" file="src/pymortests/operators.py" line="116" name="test_apply2[&lt;lambda&gt;6]" time="0.0006923675537109375"><skipped message="Suite splitting in effect" type="pytest.skip">src/pymortests/operators.py:116: Suite splitting in effect</skipped></testcase><testcase classname="src.pymortests.operators" file="src/pymortests/operators.py" line="116" name="test_apply2[&lt;lambda&gt;7]" time="0.0004107952117919922"><skipped message="Suite splitting in effect" type="pytest.skip">src/pymortests/operators.py:116: Suite splitting in effect</skipped></testcase><testcase classname="src.pymortests.operators" file="src/pymortests/operators.py" line="116" name="test_apply2[&lt;lambda&gt;8]" time="0.0004184246063232422"><skipped message="Suite splitting in effect" type="pytest.skip">src/pymortests/operators.py:116: Suite splitting in effect</skipped></testcase><testcase classname="src.pymortests.operators" file="src/pymortests/operators.py" line="116" name="test_apply2[&lt;lambda&gt;9]" time="0.00038695335388183594"><skipped message="Suite splitting in effect" type="pytest.skip">src/pymortests/operators.py:116: Suite splitting in effect</skipped></testcase><testcase classname="src.pymortests.operators" file="src/pymortests/operators.py" line="116" name="test_apply2[&lt;lambda&gt;10]" time="0.0003898143768310547"><skipped message="Suite splitting in effect" type="pytest.skip">src/pymortests/operators.py:116: Suite splitting in effect</skipped></testcase><testcase classname="src.pymortests.operators" file="src/pymortests/operators.py" line="116" name="test_apply2[&lt;lambda&gt;11]" time="0.0003859996795654297"><skipped message="Suite splitting in effect" type="pytest.skip">src/pymortests/operators.py:116: Suite splitting in effect</skipped></testcase><testcase classname="src.pymortests.operators" file="src/pymortests/operators.py" line="116" name="test_apply2[&lt;lambda&gt;12]" time="0.00041484832763671875"><skipped message="Suite splitting in effect" type="pytest.skip">src/pymortests/operators.py:116: Suite splitting in effect</skipped></testcase><testcase classname="src.pymortests.operators" file="src/pymortests/operators.py" line="116" name="test_apply2[&lt;lambda&gt;13]" time="0.0004210472106933594"><skipped message="Suite splitting in effect" type="pytest.skip">src/pymortests/operators.py:116: Suite splitting in effect</skipped></testcase><testcase classname="src.pymortests.operators" file="src/pymortests/operators.py" line="116" name="test_apply2[&lt;lambda&gt;14]" time="0.0007259845733642578"><skipped message="Suite splitting in effect" type="pytest.skip">src/pymortests/operators.py:116: Suite splitting in effect</skipped></testcase><testcase classname="src.pymortests.operators" file="src/pymortests/operators.py" line="116" name="test_apply2[&lt;lambda&gt;15]" time="0.000385284423828125"><skipped message="Suite splitting in effect" type="pytest.skip">src/pymortests/operators.py:116: Suite splitting in effect</skipped></testcase><testcase classname="src.pymortests.operators" file="src/pymortests/operators.py" line="116" name="test_apply2[&lt;lambda&gt;16]" time="0.00039768218994140625"><skipped message="Suite splitting in effect" type="pytest.skip">src/pymortests/operators.py:116: Suite splitting in effect</skipped></testcase><testcase classname="src.pymortests.operators" file="src/pymortests/operators.py" line="116" name="test_apply2[&lt;lambda&gt;17]" time="0.00041103363037109375"><skipped message="Suite splitting in effect" type="pytest.skip">src/pymortests/operators.py:116: Suite splitting in effect</skipped></testcase><testcase classname="src.pymortests.operators" file="src/pymortests/operators.py" line="116" name="test_apply2[&lt;lambda&gt;18]" time="0.0004220008850097656"><skipped message="Suite splitting in effect" type="pytest.skip">src/pymortests/operators.py:116: Suite splitting in effect</skipped></testcase><testcase classname="src.pymortests.operators" file="src/pymortests/operators.py" line="116" name="test_apply2[&lt;lambda&gt;19]" time="0.00041747093200683594"><skipped message="Suite splitting in effect" type="pytest.skip">src/pymortests/operators.py:116: Suite splitting in effect</skipped></testcase><testcase classname="src.pymortests.operators" file="src/pymortests/operators.py" line="116" name="test_apply2[&lt;lambda&gt;20]" time="0.0003857612609863281"><skipped message="Suite splitting in effect" type="pytest.skip">src/pymortests/operators.py:116: Suite splitting in effect</skipped></testcase><testcase classname="src.pymortests.operators" file="src/pymortests/operators.py" line="116" name="test_apply2[&lt;lambda&gt;21]" time="0.0004253387451171875"><skipped message="Suite splitting in effect" type="pytest.skip">src/pymortests/operators.py:116: Suite splitting in effect</skipped></testcase><testcase classname="src.pymortests.operators" file="src/pymortests/operators.py" line="116" name="test_apply2[&lt;lambda&gt;22]" time="0.0006999969482421875"><skipped message="Suite splitting in effect" type="pytest.skip">src/pymortests/operators.py:116: Suite splitting in effect</skipped></testcase><testcase classname="src.pymortests.operators" file="src/pymortests/operators.py" line="116" name="test_apply2[&lt;lambda&gt;23]" time="0.0004112720489501953"><skipped message="Suite splitting in effect" type="pytest.skip">src/pymortests/operators.py:116: Suite splitting in effect</skipped></testcase><testcase classname="src.pymortests.operators" file="src/pymortests/operators.py" line="116" name="test_apply2[&lt;lambda&gt;24]" time="0.0004143714904785156"><skipped message="Suite splitting in effect" type="pytest.skip">src/pymortests/operators.py:116: Suite splitting in effect</skipped></testcase><testcase classname="src.pymortests.operators" file="src/pymortests/operators.py" line="116" name="test_apply2[&lt;lambda&gt;25]" time="0.00041985511779785156"><skipped message="Suite splitting in effect" type="pytest.skip">src/pymortests/operators.py:116: Suite splitting in effect</skipped></testcase><testcase classname="src.pymortests.operators" file="src/pymortests/operators.py" line="116" name="test_apply2[&lt;lambda&gt;26]" time="0.0003905296325683594"><skipped message="Suite splitting in effect" type="pytest.skip">src/pymortests/operators.py:116: Suite splitting in effect</skipped></testcase><testcase classname="src.pymortests.operators" file="src/pymortests/operators.py" line="116" name="test_apply2[&lt;lambda&gt;27]" time="0.0003905296325683594"><skipped message="Suite splitting in effect" type="pytest.skip">src/pymortests/operators.py:116: Suite splitting in effect</skipped></testcase><testcase classname="src.pymortests.operators" file="src/pymortests/operators.py" line="116" name="test_apply2[&lt;lambda&gt;28]" time="0.0004105567932128906"><skipped message="Suite splitting in effect" type="pytest.skip">src/pymortests/operators.py:116: Suite splitting in effect</skipped></testcase><testcase classname="src.pymortests.operators" file="src/pymortests/operators.py" line="116" name="test_apply2[&lt;lambda&gt;29]" time="0.000438690185546875"><skipped message="Suite splitting in effect" type="pytest.skip">src/pymortests/operators.py:116: Suite splitting in effect</skipped></testcase><testcase classname="src.pymortests.operators" file="src/pymortests/operators.py" line="116" name="test_apply2[&lt;lambda&gt;30]" time="0.0006759166717529297"><skipped message="Suite splitting in effect" type="pytest.skip">src/pymortests/operators.py:116: Suite splitting in effect</skipped></testcase><testcase classname="src.pymortests.operators" file="src/pymortests/operators.py" line="116" name="test_apply2[&lt;lambda&gt;31]" time="0.0003895759582519531"><skipped message="Suite splitting in effect" type="pytest.skip">src/pymortests/operators.py:116: Suite splitting in effect</skipped></testcase><testcase classname="src.pymortests.operators" file="src/pymortests/operators.py" line="116" name="test_apply2[&lt;lambda&gt;32]" time="0.0003886222839355469"><skipped message="Suite splitting in effect" type="pytest.skip">src/pymortests/operators.py:116: Suite splitting in effect</skipped></testcase><testcase classname="src.pymortests.operators" file="src/pymortests/operators.py" line="116" name="test_apply2[&lt;lambda&gt;33]" time="0.00042319297790527344"><skipped message="Suite splitting in effect" type="pytest.skip">src/pymortests/operators.py:116: Suite splitting in effect</skipped></testcase><testcase classname="src.pymortests.operators" file="src/pymortests/operators.py" line="116" name="test_apply2[&lt;lambda&gt;34]" time="0.00044846534729003906"><skipped message="Suite splitting in effect" type="pytest.skip">src/pymortests/operators.py:116: Suite splitting in effect</skipped></testcase><testcase classname="src.pymortests.operators" file="src/pymortests/operators.py" line="116" name="test_apply2[&lt;lambda&gt;35]" time="0.0004329681396484375"><skipped message="Suite splitting in effect" type="pytest.skip">src/pymortests/operators.py:116: Suite splitting in effect</skipped></testcase><testcase classname="src.pymortests.operators" file="src/pymortests/operators.py" line="116" name="test_apply2[&lt;lambda&gt;36]" time="0.00041556358337402344"><skipped message="Suite splitting in effect" type="pytest.skip">src/pymortests/operators.py:116: Suite splitting in effect</skipped></testcase><testcase classname="src.pymortests.operators" file="src/pymortests/operators.py" line="116" name="test_apply2[&lt;lambda&gt;37]" time="0.0003941059112548828"><skipped message="Suite splitting in effect" type="pytest.skip">src/pymortests/operators.py:116: Suite splitting in effect</skipped></testcase><testcase classname="src.pymortests.operators" file="src/pymortests/operators.py" line="116" name="test_apply2[&lt;lambda&gt;38]" time="0.0006806850433349609"><skipped message="Suite splitting in effect" type="pytest.skip">src/pymortests/operators.py:116: Suite splitting in effect</skipped></testcase><testcase classname="src.pymortests.operators" file="src/pymortests/operators.py" line="116" name="test_apply2[&lt;lambda&gt;39]" time="0.0003933906555175781"><skipped message="Suite splitting in effect" type="pytest.skip">src/pymortests/operators.py:116: Suite splitting in effect</skipped></testcase><testcase classname="src.pymortests.operators" file="src/pymortests/operators.py" line="116" name="test_apply2[&lt;lambda&gt;40]" time="0.00041222572326660156"><skipped message="Suite splitting in effect" type="pytest.skip">src/pymortests/operators.py:116: Suite splitting in effect</skipped></testcase><testcase classname="src.pymortests.operators" file="src/pymortests/operators.py" line="126" name="test_pairwise_apply2[&lt;lambda&gt;0]" time="0.00039124488830566406"><skipped message="Suite splitting in effect" type="pytest.skip">src/pymortests/operators.py:126: Suite splitting in effect</skipped></testcase><testcase classname="src.pymortests.operators" file="src/pymortests/operators.py" line="126" name="test_pairwise_apply2[&lt;lambda&gt;1]" time="0.0003886222839355469"><skipped message="Suite splitting in effect" type="pytest.skip">src/pymortests/operators.py:126: Suite splitting in effect</skipped></testcase><testcase classname="src.pymortests.operators" file="src/pymortests/operators.py" line="126" name="test_pairwise_apply2[&lt;lambda&gt;2]" time="0.0004146099090576172"><skipped message="Suite splitting in effect" type="pytest.skip">src/pymortests/operators.py:126: Suite splitting in effect</skipped></testcase><testcase classname="src.pymortests.operators" file="src/pymortests/operators.py" line="126" name="test_pairwise_apply2[&lt;lambda&gt;3]" time="0.00041675567626953125"><skipped message="Suite splitting in effect" type="pytest.skip">src/pymortests/operators.py:126: Suite splitting in effect</skipped></testcase><testcase classname="src.pymortests.operators" file="src/pymortests/operators.py" line="126" name="test_pairwise_apply2[&lt;lambda&gt;4]" time="0.0004105567932128906"><skipped message="Suite splitting in effect" type="pytest.skip">src/pymortests/operators.py:126: Suite splitting in effect</skipped></testcase><testcase classname="src.pymortests.operators" file="src/pymortests/operators.py" line="126" name="test_pairwise_apply2[&lt;lambda&gt;5]" time="0.0008533000946044922"><skipped message="Suite splitting in effect" type="pytest.skip">src/pymortests/operators.py:126: Suite splitting in effect</skipped></testcase><testcase classname="src.pymortests.operators" file="src/pymortests/operators.py" line="126" name="test_pairwise_apply2[&lt;lambda&gt;6]" time="0.0003883838653564453"><skipped message="Suite splitting in effect" type="pytest.skip">src/pymortests/operators.py:126: Suite splitting in effect</skipped></testcase><testcase classname="src.pymortests.operators" file="src/pymortests/operators.py" line="126" name="test_pairwise_apply2[&lt;lambda&gt;7]" time="0.00043010711669921875"><skipped message="Suite splitting in effect" type="pytest.skip">src/pymortests/operators.py:126: Suite splitting in effect</skipped></testcase><testcase classname="src.pymortests.operators" file="src/pymortests/operators.py" line="126" name="test_pairwise_apply2[&lt;lambda&gt;8]" time="0.0004394054412841797"><skipped message="Suite splitting in effect" type="pytest.skip">src/pymortests/operators.py:126: Suite splitting in effect</skipped></testcase><testcase classname="src.pymortests.operators" file="src/pymortests/operators.py" line="126" name="test_pairwise_apply2[&lt;lambda&gt;9]" time="0.00039458274841308594"><skipped message="Suite splitting in effect" type="pytest.skip">src/pymortests/operators.py:126: Suite splitting in effect</skipped></testcase><testcase classname="src.pymortests.operators" file="src/pymortests/operators.py" line="126" name="test_pairwise_apply2[&lt;lambda&gt;10]" time="0.0004143714904785156"><skipped message="Suite splitting in effect" type="pytest.skip">src/pymortests/operators.py:126: Suite splitting in effect</skipped></testcase><testcase classname="src.pymortests.operators" file="src/pymortests/operators.py" line="126" name="test_pairwise_apply2[&lt;lambda&gt;11]" time="0.000392913818359375"><skipped message="Suite splitting in effect" type="pytest.skip">src/pymortests/operators.py:126: Suite splitting in effect</skipped></testcase><testcase classname="src.pymortests.operators" file="src/pymortests/operators.py" line="126" name="test_pairwise_apply2[&lt;lambda&gt;12]" time="0.00039505958557128906"><skipped message="Suite splitting in effect" type="pytest.skip">src/pymortests/operators.py:126: Suite splitting in effect</skipped></testcase><testcase classname="src.pymortests.operators" file="src/pymortests/operators.py" line="126" name="test_pairwise_apply2[&lt;lambda&gt;13]" time="0.0006570816040039062"><skipped message="Suite splitting in effect" type="pytest.skip">src/pymortests/operators.py:126: Suite splitting in effect</skipped></testcase><testcase classname="src.pymortests.operators" file="src/pymortests/operators.py" line="126" name="test_pairwise_apply2[&lt;lambda&gt;14]" time="0.0004088878631591797"><skipped message="Suite splitting in effect" type="pytest.skip">src/pymortests/operators.py:126: Suite splitting in effect</skipped></testcase><testcase classname="src.pymortests.operators" file="src/pymortests/operators.py" line="126" name="test_pairwise_apply2[&lt;lambda&gt;15]" time="0.0003936290740966797"><skipped message="Suite splitting in effect" type="pytest.skip">src/pymortests/operators.py:126: Suite splitting in effect</skipped></testcase><testcase classname="src.pymortests.operators" file="src/pymortests/operators.py" line="126" name="test_pairwise_apply2[&lt;lambda&gt;16]" time="0.00041794776916503906"><skipped message="Suite splitting in effect" type="pytest.skip">src/pymortests/operators.py:126: Suite splitting in effect</skipped></testcase><testcase classname="src.pymortests.operators" file="src/pymortests/operators.py" line="126" name="test_pairwise_apply2[&lt;lambda&gt;17]" time="0.0004088878631591797"><skipped message="Suite splitting in effect" type="pytest.skip">src/pymortests/operators.py:126: Suite splitting in effect</skipped></testcase><testcase classname="src.pymortests.operators" file="src/pymortests/operators.py" line="126" name="test_pairwise_apply2[&lt;lambda&gt;18]" time="0.000415802001953125"><skipped message="Suite splitting in effect" type="pytest.skip">src/pymortests/operators.py:126: Suite splitting in effect</skipped></testcase><testcase classname="src.pymortests.operators" file="src/pymortests/operators.py" line="126" name="test_pairwise_apply2[&lt;lambda&gt;19]" time="0.0004112720489501953"><skipped message="Suite splitting in effect" type="pytest.skip">src/pymortests/operators.py:126: Suite splitting in effect</skipped></testcase><testcase classname="src.pymortests.operators" file="src/pymortests/operators.py" line="126" name="test_pairwise_apply2[&lt;lambda&gt;20]" time="0.0003924369812011719"><skipped message="Suite splitting in effect" type="pytest.skip">src/pymortests/operators.py:126: Suite splitting in effect</skipped></testcase><testcase classname="src.pymortests.operators" file="src/pymortests/operators.py" line="126" name="test_pairwise_apply2[&lt;lambda&gt;21]" time="0.00069427490234375"><skipped message="Suite splitting in effect" type="pytest.skip">src/pymortests/operators.py:126: Suite splitting in effect</skipped></testcase><testcase classname="src.pymortests.operators" file="src/pymortests/operators.py" line="126" name="test_pairwise_apply2[&lt;lambda&gt;22]" time="0.00042128562927246094"><skipped message="Suite splitting in effect" type="pytest.skip">src/pymortests/operators.py:126: Suite splitting in effect</skipped></testcase><testcase classname="src.pymortests.operators" file="src/pymortests/operators.py" line="126" name="test_pairwise_apply2[&lt;lambda&gt;23]" time="0.0004105567932128906"><skipped message="Suite splitting in effect" type="pytest.skip">src/pymortests/operators.py:126: Suite splitting in effect</skipped></testcase><testcase classname="src.pymortests.operators" file="src/pymortests/operators.py" line="126" name="test_pairwise_apply2[&lt;lambda&gt;24]" time="0.0004105567932128906"><skipped message="Suite splitting in effect" type="pytest.skip">src/pymortests/operators.py:126: Suite splitting in effect</skipped></testcase><testcase classname="src.pymortests.operators" file="src/pymortests/operators.py" line="126" name="test_pairwise_apply2[&lt;lambda&gt;25]" time="0.0004138946533203125"><skipped message="Suite splitting in effect" type="pytest.skip">src/pymortests/operators.py:126: Suite splitting in effect</skipped></testcase><testcase classname="src.pymortests.operators" file="src/pymortests/operators.py" line="126" name="test_pairwise_apply2[&lt;lambda&gt;26]" time="0.00042724609375"><skipped message="Suite splitting in effect" type="pytest.skip">src/pymortests/operators.py:126: Suite splitting in effect</skipped></testcase><testcase classname="src.pymortests.operators" file="src/pymortests/operators.py" line="126" name="test_pairwise_apply2[&lt;lambda&gt;27]" time="0.00040721893310546875"><skipped message="Suite splitting in effect" type="pytest.skip">src/pymortests/operators.py:126: Suite splitting in effect</skipped></testcase><testcase classname="src.pymortests.operators" file="src/pymortests/operators.py" line="126" name="test_pairwise_apply2[&lt;lambda&gt;28]" time="0.00038242340087890625"><skipped message="Suite splitting in effect" type="pytest.skip">src/pymortests/operators.py:126: Suite splitting in effect</skipped></testcase><testcase classname="src.pymortests.operators" file="src/pymortests/operators.py" line="126" name="test_pairwise_apply2[&lt;lambda&gt;29]" time="0.0006868839263916016"><skipped message="Suite splitting in effect" type="pytest.skip">src/pymortests/operators.py:126: Suite splitting in effect</skipped></testcase><testcase classname="src.pymortests.operators" file="src/pymortests/operators.py" line="126" name="test_pairwise_apply2[&lt;lambda&gt;30]" time="0.0004227161407470703"><skipped message="Suite splitting in effect" type="pytest.skip">src/pymortests/operators.py:126: Suite splitting in effect</skipped></testcase><testcase classname="src.pymortests.operators" file="src/pymortests/operators.py" line="126" name="test_pairwise_apply2[&lt;lambda&gt;31]" time="0.0004127025604248047"><skipped message="Suite splitting in effect" type="pytest.skip">src/pymortests/operators.py:126: Suite splitting in effect</skipped></testcase><testcase classname="src.pymortests.operators" file="src/pymortests/operators.py" line="126" name="test_pairwise_apply2[&lt;lambda&gt;32]" time="0.00039005279541015625"><skipped message="Suite splitting in effect" type="pytest.skip">src/pymortests/operators.py:126: Suite splitting in effect</skipped></testcase><testcase classname="src.pymortests.operators" file="src/pymortests/operators.py" line="126" name="test_pairwise_apply2[&lt;lambda&gt;33]" time="0.0003895759582519531"><skipped message="Suite splitting in effect" type="pytest.skip">src/pymortests/operators.py:126: Suite splitting in effect</skipped></testcase><testcase classname="src.pymortests.operators" file="src/pymortests/operators.py" line="126" name="test_pairwise_apply2[&lt;lambda&gt;34]" time="0.0003955364227294922"><skipped message="Suite splitting in effect" type="pytest.skip">src/pymortests/operators.py:126: Suite splitting in effect</skipped></testcase><testcase classname="src.pymortests.operators" file="src/pymortests/operators.py" line="126" name="test_pairwise_apply2[&lt;lambda&gt;35]" time="0.0004172325134277344"><skipped message="Suite splitting in effect" type="pytest.skip">src/pymortests/operators.py:126: Suite splitting in effect</skipped></testcase><testcase classname="src.pymortests.operators" file="src/pymortests/operators.py" line="126" name="test_pairwise_apply2[&lt;lambda&gt;36]" time="0.00039076805114746094"><skipped message="Suite splitting in effect" type="pytest.skip">src/pymortests/operators.py:126: Suite splitting in effect</skipped></testcase><testcase classname="src.pymortests.operators" file="src/pymortests/operators.py" line="126" name="test_pairwise_apply2[&lt;lambda&gt;37]" time="0.0007085800170898438"><skipped message="Suite splitting in effect" type="pytest.skip">src/pymortests/operators.py:126: Suite splitting in effect</skipped></testcase><testcase classname="src.pymortests.operators" file="src/pymortests/operators.py" line="126" name="test_pairwise_apply2[&lt;lambda&gt;38]" time="0.00038933753967285156"><skipped message="Suite splitting in effect" type="pytest.skip">src/pymortests/operators.py:126: Suite splitting in effect</skipped></testcase><testcase classname="src.pymortests.operators" file="src/pymortests/operators.py" line="126" name="test_pairwise_apply2[&lt;lambda&gt;39]" time="0.00039124488830566406"><skipped message="Suite splitting in effect" type="pytest.skip">src/pymortests/operators.py:126: Suite splitting in effect</skipped></testcase><testcase classname="src.pymortests.operators" file="src/pymortests/operators.py" line="126" name="test_pairwise_apply2[&lt;lambda&gt;40]" time="0.0004146099090576172"><skipped message="Suite splitting in effect" type="pytest.skip">src/pymortests/operators.py:126: Suite splitting in effect</skipped></testcase><testcase classname="src.pymortests.operators" file="src/pymortests/operators.py" line="135" name="test_apply_adjoint[&lt;lambda&gt;0]" time="0.00040984153747558594"><skipped message="Suite splitting in effect" type="pytest.skip">src/pymortests/operators.py:135: Suite splitting in effect</skipped></testcase><testcase classname="src.pymortests.operators" file="src/pymortests/operators.py" line="135" name="test_apply_adjoint[&lt;lambda&gt;1]" time="0.0004284381866455078"><skipped message="Suite splitting in effect" type="pytest.skip">src/pymortests/operators.py:135: Suite splitting in effect</skipped></testcase><testcase classname="src.pymortests.operators" file="src/pymortests/operators.py" line="135" name="test_apply_adjoint[&lt;lambda&gt;2]" time="0.00039005279541015625"><skipped message="Suite splitting in effect" type="pytest.skip">src/pymortests/operators.py:135: Suite splitting in effect</skipped></testcase><testcase classname="src.pymortests.operators" file="src/pymortests/operators.py" line="135" name="test_apply_adjoint[&lt;lambda&gt;3]" time="0.00042748451232910156"><skipped message="Suite splitting in effect" type="pytest.skip">src/pymortests/operators.py:135: Suite splitting in effect</skipped></testcase><testcase classname="src.pymortests.operators" file="src/pymortests/operators.py" line="135" name="test_apply_adjoint[&lt;lambda&gt;4]" time="0.0007035732269287109"><skipped message="Suite splitting in effect" type="pytest.skip">src/pymortests/operators.py:135: Suite splitting in effect</skipped></testcase><testcase classname="src.pymortests.operators" file="src/pymortests/operators.py" line="135" name="test_apply_adjoint[&lt;lambda&gt;5]" time="0.00044155120849609375"><skipped message="Suite splitting in effect" type="pytest.skip">src/pymortests/operators.py:135: Suite splitting in effect</skipped></testcase><testcase classname="src.pymortests.operators" file="src/pymortests/operators.py" line="135" name="test_apply_adjoint[&lt;lambda&gt;6]" time="0.0004248619079589844"><skipped message="Suite splitting in effect" type="pytest.skip">src/pymortests/operators.py:135: Suite splitting in effect</skipped></testcase><testcase classname="src.pymortests.operators" file="src/pymortests/operators.py" line="135" name="test_apply_adjoint[&lt;lambda&gt;7]" time="0.0004107952117919922"><skipped message="Suite splitting in effect" type="pytest.skip">src/pymortests/operators.py:135: Suite splitting in effect</skipped></testcase><testcase classname="src.pymortests.operators" file="src/pymortests/operators.py" line="135" name="test_apply_adjoint[&lt;lambda&gt;8]" time="0.0004971027374267578"><skipped message="Suite splitting in effect" type="pytest.skip">src/pymortests/operators.py:135: Suite splitting in effect</skipped></testcase><testcase classname="src.pymortests.operators" file="src/pymortests/operators.py" line="135" name="test_apply_adjoint[&lt;lambda&gt;9]" time="0.0004220008850097656"><skipped message="Suite splitting in effect" type="pytest.skip">src/pymortests/operators.py:135: Suite splitting in effect</skipped></testcase><testcase classname="src.pymortests.operators" file="src/pymortests/operators.py" line="135" name="test_apply_adjoint[&lt;lambda&gt;10]" time="0.00038933753967285156"><skipped message="Suite splitting in effect" type="pytest.skip">src/pymortests/operators.py:135: Suite splitting in effect</skipped></testcase><testcase classname="src.pymortests.operators" file="src/pymortests/operators.py" line="135" name="test_apply_adjoint[&lt;lambda&gt;11]" time="0.000385284423828125"><skipped message="Suite splitting in effect" type="pytest.skip">src/pymortests/operators.py:135: Suite splitting in effect</skipped></testcase><testcase classname="src.pymortests.operators" file="src/pymortests/operators.py" line="135" name="test_apply_adjoint[&lt;lambda&gt;12]" time="0.0007634162902832031"><skipped message="Suite splitting in effect" type="pytest.skip">src/pymortests/operators.py:135: Suite splitting in effect</skipped></testcase><testcase classname="src.pymortests.operators" file="src/pymortests/operators.py" line="135" name="test_apply_adjoint[&lt;lambda&gt;13]" time="0.00041294097900390625"><skipped message="Suite splitting in effect" type="pytest.skip">src/pymortests/operators.py:135: Suite splitting in effect</skipped></testcase><testcase classname="src.pymortests.operators" file="src/pymortests/operators.py" line="135" name="test_apply_adjoint[&lt;lambda&gt;14]" time="0.0003867149353027344"><skipped message="Suite splitting in effect" type="pytest.skip">src/pymortests/operators.py:135: Suite splitting in effect</skipped></testcase><testcase classname="src.pymortests.operators" file="src/pymortests/operators.py" line="135" name="test_apply_adjoint[&lt;lambda&gt;15]" time="0.0004177093505859375"><skipped message="Suite splitting in effect" type="pytest.skip">src/pymortests/operators.py:135: Suite splitting in effect</skipped></testcase><testcase classname="src.pymortests.operators" file="src/pymortests/operators.py" line="135" name="test_apply_adjoint[&lt;lambda&gt;16]" time="0.0003867149353027344"><skipped message="Suite splitting in effect" type="pytest.skip">src/pymortests/operators.py:135: Suite splitting in effect</skipped></testcase><testcase classname="src.pymortests.operators" file="src/pymortests/operators.py" line="135" name="test_apply_adjoint[&lt;lambda&gt;17]" time="0.0004105567932128906"><skipped message="Suite splitting in effect" type="pytest.skip">src/pymortests/operators.py:135: Suite splitting in effect</skipped></testcase><testcase classname="src.pymortests.operators" file="src/pymortests/operators.py" line="135" name="test_apply_adjoint[&lt;lambda&gt;18]" time="0.0004398822784423828"><skipped message="Suite splitting in effect" type="pytest.skip">src/pymortests/operators.py:135: Suite splitting in effect</skipped></testcase><testcase classname="src.pymortests.operators" file="src/pymortests/operators.py" line="135" name="test_apply_adjoint[&lt;lambda&gt;19]" time="0.00041294097900390625"><skipped message="Suite splitting in effect" type="pytest.skip">src/pymortests/operators.py:135: Suite splitting in effect</skipped></testcase><testcase classname="src.pymortests.operators" file="src/pymortests/operators.py" line="135" name="test_apply_adjoint[&lt;lambda&gt;20]" time="0.0006585121154785156"><skipped message="Suite splitting in effect" type="pytest.skip">src/pymortests/operators.py:135: Suite splitting in effect</skipped></testcase><testcase classname="src.pymortests.operators" file="src/pymortests/operators.py" line="135" name="test_apply_adjoint[&lt;lambda&gt;21]" time="0.0004119873046875"><skipped message="Suite splitting in effect" type="pytest.skip">src/pymortests/operators.py:135: Suite splitting in effect</skipped></testcase><testcase classname="src.pymortests.operators" file="src/pymortests/operators.py" line="135" name="test_apply_adjoint[&lt;lambda&gt;22]" time="0.00041866302490234375"><skipped message="Suite splitting in effect" type="pytest.skip">src/pymortests/operators.py:135: Suite splitting in effect</skipped></testcase><testcase classname="src.pymortests.operators" file="src/pymortests/operators.py" line="135" name="test_apply_adjoint[&lt;lambda&gt;23]" time="0.00043463706970214844"><skipped message="Suite splitting in effect" type="pytest.skip">src/pymortests/operators.py:135: Suite splitting in effect</skipped></testcase><testcase classname="src.pymortests.operators" file="src/pymortests/operators.py" line="135" name="test_apply_adjoint[&lt;lambda&gt;24]" time="0.00040650367736816406"><skipped message="Suite splitting in effect" type="pytest.skip">src/pymortests/operators.py:135: Suite splitting in effect</skipped></testcase><testcase classname="src.pymortests.operators" file="src/pymortests/operators.py" line="135" name="test_apply_adjoint[&lt;lambda&gt;25]" time="0.0004112720489501953"><skipped message="Suite splitting in effect" type="pytest.skip">src/pymortests/operators.py:135: Suite splitting in effect</skipped></testcase><testcase classname="src.pymortests.operators" file="src/pymortests/operators.py" line="135" name="test_apply_adjoint[&lt;lambda&gt;26]" time="0.0004189014434814453"><skipped message="Suite splitting in effect" type="pytest.skip">src/pymortests/operators.py:135: Suite splitting in effect</skipped></testcase><testcase classname="src.pymortests.operators" file="src/pymortests/operators.py" line="135" name="test_apply_adjoint[&lt;lambda&gt;27]" time="0.0004367828369140625"><skipped message="Suite splitting in effect" type="pytest.skip">src/pymortests/operators.py:135: Suite splitting in effect</skipped></testcase><testcase classname="src.pymortests.operators" file="src/pymortests/operators.py" line="135" name="test_apply_adjoint[&lt;lambda&gt;28]" time="0.000690460205078125"><skipped message="Suite splitting in effect" type="pytest.skip">src/pymortests/operators.py:135: Suite splitting in effect</skipped></testcase><testcase classname="src.pymortests.operators" file="src/pymortests/operators.py" line="135" name="test_apply_adjoint[&lt;lambda&gt;29]" time="0.0003848075866699219"><skipped message="Suite splitting in effect" type="pytest.skip">src/pymortests/operators.py:135: Suite splitting in effect</skipped></testcase><testcase classname="src.pymortests.operators" file="src/pymortests/operators.py" line="135" name="test_apply_adjoint[&lt;lambda&gt;30]" time="0.0004105567932128906"><skipped message="Suite splitting in effect" type="pytest.skip">src/pymortests/operators.py:135: Suite splitting in effect</skipped></testcase><testcase classname="src.pymortests.operators" file="src/pymortests/operators.py" line="135" name="test_apply_adjoint[&lt;lambda&gt;31]" time="0.00040721893310546875"><skipped message="Suite splitting in effect" type="pytest.skip">src/pymortests/operators.py:135: Suite splitting in effect</skipped></testcase><testcase classname="src.pymortests.operators" file="src/pymortests/operators.py" line="135" name="test_apply_adjoint[&lt;lambda&gt;32]" time="0.00042247772216796875"><skipped message="Suite splitting in effect" type="pytest.skip">src/pymortests/operators.py:135: Suite splitting in effect</skipped></testcase><testcase classname="src.pymortests.operators" file="src/pymortests/operators.py" line="135" name="test_apply_adjoint[&lt;lambda&gt;33]" time="0.00038695335388183594"><skipped message="Suite splitting in effect" type="pytest.skip">src/pymortests/operators.py:135: Suite splitting in effect</skipped></testcase><testcase classname="src.pymortests.operators" file="src/pymortests/operators.py" line="135" name="test_apply_adjoint[&lt;lambda&gt;34]" time="0.00044274330139160156"><skipped message="Suite splitting in effect" type="pytest.skip">src/pymortests/operators.py:135: Suite splitting in effect</skipped></testcase><testcase classname="src.pymortests.operators" file="src/pymortests/operators.py" line="135" name="test_apply_adjoint[&lt;lambda&gt;35]" time="0.0004100799560546875"><skipped message="Suite splitting in effect" type="pytest.skip">src/pymortests/operators.py:135: Suite splitting in effect</skipped></testcase><testcase classname="src.pymortests.operators" file="src/pymortests/operators.py" line="135" name="test_apply_adjoint[&lt;lambda&gt;36]" time="0.000667572021484375"><skipped message="Suite splitting in effect" type="pytest.skip">src/pymortests/operators.py:135: Suite splitting in effect</skipped></testcase><testcase classname="src.pymortests.operators" file="src/pymortests/operators.py" line="135" name="test_apply_adjoint[&lt;lambda&gt;37]" time="0.00040435791015625"><skipped message="Suite splitting in effect" type="pytest.skip">src/pymortests/operators.py:135: Suite splitting in effect</skipped></testcase><testcase classname="src.pymortests.operators" file="src/pymortests/operators.py" line="135" name="test_apply_adjoint[&lt;lambda&gt;38]" time="0.0003821849822998047"><skipped message="Suite splitting in effect" type="pytest.skip">src/pymortests/operators.py:135: Suite splitting in effect</skipped></testcase><testcase classname="src.pymortests.operators" file="src/pymortests/operators.py" line="135" name="test_apply_adjoint[&lt;lambda&gt;39]" time="0.0003857612609863281"><skipped message="Suite splitting in effect" type="pytest.skip">src/pymortests/operators.py:135: Suite splitting in effect</skipped></testcase><testcase classname="src.pymortests.operators" file="src/pymortests/operators.py" line="135" name="test_apply_adjoint[&lt;lambda&gt;40]" time="0.0003864765167236328"><skipped message="Suite splitting in effect" type="pytest.skip">src/pymortests/operators.py:135: Suite splitting in effect</skipped></testcase><testcase classname="src.pymortests.operators" file="src/pymortests/operators.py" line="151" name="test_apply_adjoint_2[&lt;lambda&gt;0]" time="0.00042176246643066406"><skipped message="Suite splitting in effect" type="pytest.skip">src/pymortests/operators.py:151: Suite splitting in effect</skipped></testcase><testcase classname="src.pymortests.operators" file="src/pymortests/operators.py" line="151" name="test_apply_adjoint_2[&lt;lambda&gt;1]" time="0.00041365623474121094"><skipped message="Suite splitting in effect" type="pytest.skip">src/pymortests/operators.py:151: Suite splitting in effect</skipped></testcase><testcase classname="src.pymortests.operators" file="src/pymortests/operators.py" line="151" name="test_apply_adjoint_2[&lt;lambda&gt;2]" time="0.0004115104675292969"><skipped message="Suite splitting in effect" type="pytest.skip">src/pymortests/operators.py:151: Suite splitting in effect</skipped></testcase><testcase classname="src.pymortests.operators" file="src/pymortests/operators.py" line="151" name="test_apply_adjoint_2[&lt;lambda&gt;3]" time="0.0006585121154785156"><skipped message="Suite splitting in effect" type="pytest.skip">src/pymortests/operators.py:151: Suite splitting in effect</skipped></testcase><testcase classname="src.pymortests.operators" file="src/pymortests/operators.py" line="151" name="test_apply_adjoint_2[&lt;lambda&gt;4]" time="0.00041985511779785156"><skipped message="Suite splitting in effect" type="pytest.skip">src/pymortests/operators.py:151: Suite splitting in effect</skipped></testcase><testcase classname="src.pymortests.operators" file="src/pymortests/operators.py" line="151" name="test_apply_adjoint_2[&lt;lambda&gt;5]" time="0.00042057037353515625"><skipped message="Suite splitting in effect" type="pytest.skip">src/pymortests/operators.py:151: Suite splitting in effect</skipped></testcase><testcase classname="src.pymortests.operators" file="src/pymortests/operators.py" line="151" name="test_apply_adjoint_2[&lt;lambda&gt;6]" time="0.0003924369812011719"><skipped message="Suite splitting in effect" type="pytest.skip">src/pymortests/operators.py:151: Suite splitting in effect</skipped></testcase><testcase classname="src.pymortests.operators" file="src/pymortests/operators.py" line="151" name="test_apply_adjoint_2[&lt;lambda&gt;7]" time="0.0003962516784667969"><skipped message="Suite splitting in effect" type="pytest.skip">src/pymortests/operators.py:151: Suite splitting in effect</skipped></testcase><testcase classname="src.pymortests.operators" file="src/pymortests/operators.py" line="151" name="test_apply_adjoint_2[&lt;lambda&gt;8]" time="0.00038695335388183594"><skipped message="Suite splitting in effect" type="pytest.skip">src/pymortests/operators.py:151: Suite splitting in effect</skipped></testcase><testcase classname="src.pymortests.operators" file="src/pymortests/operators.py" line="151" name="test_apply_adjoint_2[&lt;lambda&gt;9]" time="0.0004239082336425781"><skipped message="Suite splitting in effect" type="pytest.skip">src/pymortests/operators.py:151: Suite splitting in effect</skipped></testcase><testcase classname="src.pymortests.operators" file="src/pymortests/operators.py" line="151" name="test_apply_adjoint_2[&lt;lambda&gt;10]" time="0.0004169940948486328"><skipped message="Suite splitting in effect" type="pytest.skip">src/pymortests/operators.py:151: Suite splitting in effect</skipped></testcase><testcase classname="src.pymortests.operators" file="src/pymortests/operators.py" line="151" name="test_apply_adjoint_2[&lt;lambda&gt;11]" time="0.0006608963012695312"><skipped message="Suite splitting in effect" type="pytest.skip">src/pymortests/operators.py:151: Suite splitting in effect</skipped></testcase><testcase classname="src.pymortests.operators" file="src/pymortests/operators.py" line="151" name="test_apply_adjoint_2[&lt;lambda&gt;12]" time="0.00039577484130859375"><skipped message="Suite splitting in effect" type="pytest.skip">src/pymortests/operators.py:151: Suite splitting in effect</skipped></testcase><testcase classname="src.pymortests.operators" file="src/pymortests/operators.py" line="151" name="test_apply_adjoint_2[&lt;lambda&gt;13]" time="0.0005388259887695312"><skipped message="Suite splitting in effect" type="pytest.skip">src/pymortests/operators.py:151: Suite splitting in effect</skipped></testcase><testcase classname="src.pymortests.operators" file="src/pymortests/operators.py" line="151" name="test_apply_adjoint_2[&lt;lambda&gt;14]" time="0.0004138946533203125"><skipped message="Suite splitting in effect" type="pytest.skip">src/pymortests/operators.py:151: Suite splitting in effect</skipped></testcase><testcase classname="src.pymortests.operators" file="src/pymortests/operators.py" line="151" name="test_apply_adjoint_2[&lt;lambda&gt;15]" time="0.0003914833068847656"><skipped message="Suite splitting in effect" type="pytest.skip">src/pymortests/operators.py:151: Suite splitting in effect</skipped></testcase><testcase classname="src.pymortests.operators" file="src/pymortests/operators.py" line="151" name="test_apply_adjoint_2[&lt;lambda&gt;16]" time="0.0004119873046875"><skipped message="Suite splitting in effect" type="pytest.skip">src/pymortests/operators.py:151: Suite splitting in effect</skipped></testcase><testcase classname="src.pymortests.operators" file="src/pymortests/operators.py" line="151" name="test_apply_adjoint_2[&lt;lambda&gt;17]" time="0.00038504600524902344"><skipped message="Suite splitting in effect" type="pytest.skip">src/pymortests/operators.py:151: Suite splitting in effect</skipped></testcase><testcase classname="src.pymortests.operators" file="src/pymortests/operators.py" line="151" name="test_apply_adjoint_2[&lt;lambda&gt;18]" time="0.00040912628173828125"><skipped message="Suite splitting in effect" type="pytest.skip">src/pymortests/operators.py:151: Suite splitting in effect</skipped></testcase><testcase classname="src.pymortests.operators" file="src/pymortests/operators.py" line="151" name="test_apply_adjoint_2[&lt;lambda&gt;19]" time="0.0008983612060546875"><skipped message="Suite splitting in effect" type="pytest.skip">src/pymortests/operators.py:151: Suite splitting in effect</skipped></testcase><testcase classname="src.pymortests.operators" file="src/pymortests/operators.py" line="151" name="test_apply_adjoint_2[&lt;lambda&gt;20]" time="0.0004277229309082031"><skipped message="Suite splitting in effect" type="pytest.skip">src/pymortests/operators.py:151: Suite splitting in effect</skipped></testcase><testcase classname="src.pymortests.operators" file="src/pymortests/operators.py" line="151" name="test_apply_adjoint_2[&lt;lambda&gt;21]" time="0.0004150867462158203"><skipped message="Suite splitting in effect" type="pytest.skip">src/pymortests/operators.py:151: Suite splitting in effect</skipped></testcase><testcase classname="src.pymortests.operators" file="src/pymortests/operators.py" line="151" name="test_apply_adjoint_2[&lt;lambda&gt;22]" time="0.0003879070281982422"><skipped message="Suite splitting in effect" type="pytest.skip">src/pymortests/operators.py:151: Suite splitting in effect</skipped></testcase><testcase classname="src.pymortests.operators" file="src/pymortests/operators.py" line="151" name="test_apply_adjoint_2[&lt;lambda&gt;23]" time="0.0003883838653564453"><skipped message="Suite splitting in effect" type="pytest.skip">src/pymortests/operators.py:151: Suite splitting in effect</skipped></testcase><testcase classname="src.pymortests.operators" file="src/pymortests/operators.py" line="151" name="test_apply_adjoint_2[&lt;lambda&gt;24]" time="0.000423431396484375"><skipped message="Suite splitting in effect" type="pytest.skip">src/pymortests/operators.py:151: Suite splitting in effect</skipped></testcase><testcase classname="src.pymortests.operators" file="src/pymortests/operators.py" line="151" name="test_apply_adjoint_2[&lt;lambda&gt;25]" time="0.0004246234893798828"><skipped message="Suite splitting in effect" type="pytest.skip">src/pymortests/operators.py:151: Suite splitting in effect</skipped></testcase><testcase classname="src.pymortests.operators" file="src/pymortests/operators.py" line="151" name="test_apply_adjoint_2[&lt;lambda&gt;26]" time="0.0004010200500488281"><skipped message="Suite splitting in effect" type="pytest.skip">src/pymortests/operators.py:151: Suite splitting in effect</skipped></testcase><testcase classname="src.pymortests.operators" file="src/pymortests/operators.py" line="151" name="test_apply_adjoint_2[&lt;lambda&gt;27]" time="0.0006918907165527344"><skipped message="Suite splitting in effect" type="pytest.skip">src/pymortests/operators.py:151: Suite splitting in effect</skipped></testcase><testcase classname="src.pymortests.operators" file="src/pymortests/operators.py" line="151" name="test_apply_adjoint_2[&lt;lambda&gt;28]" time="0.0004143714904785156"><skipped message="Suite splitting in effect" type="pytest.skip">src/pymortests/operators.py:151: Suite splitting in effect</skipped></testcase><testcase classname="src.pymortests.operators" file="src/pymortests/operators.py" line="151" name="test_apply_adjoint_2[&lt;lambda&gt;29]" time="0.0004153251647949219"><skipped message="Suite splitting in effect" type="pytest.skip">src/pymortests/operators.py:151: Suite splitting in effect</skipped></testcase><testcase classname="src.pymortests.operators" file="src/pymortests/operators.py" line="151" name="test_apply_adjoint_2[&lt;lambda&gt;30]" time="0.00039386749267578125"><skipped message="Suite splitting in effect" type="pytest.skip">src/pymortests/operators.py:151: Suite splitting in effect</skipped></testcase><testcase classname="src.pymortests.operators" file="src/pymortests/operators.py" line="151" name="test_apply_adjoint_2[&lt;lambda&gt;31]" time="0.00041174888610839844"><skipped message="Suite splitting in effect" type="pytest.skip">src/pymortests/operators.py:151: Suite splitting in effect</skipped></testcase><testcase classname="src.pymortests.operators" file="src/pymortests/operators.py" line="151" name="test_apply_adjoint_2[&lt;lambda&gt;32]" time="0.0003936290740966797"><skipped message="Suite splitting in effect" type="pytest.skip">src/pymortests/operators.py:151: Suite splitting in effect</skipped></testcase><testcase classname="src.pymortests.operators" file="src/pymortests/operators.py" line="151" name="test_apply_adjoint_2[&lt;lambda&gt;33]" time="0.0003871917724609375"><skipped message="Suite splitting in effect" type="pytest.skip">src/pymortests/operators.py:151: Suite splitting in effect</skipped></testcase><testcase classname="src.pymortests.operators" file="src/pymortests/operators.py" line="151" name="test_apply_adjoint_2[&lt;lambda&gt;34]" time="0.0003924369812011719"><skipped message="Suite splitting in effect" type="pytest.skip">src/pymortests/operators.py:151: Suite splitting in effect</skipped></testcase><testcase classname="src.pymortests.operators" file="src/pymortests/operators.py" line="151" name="test_apply_adjoint_2[&lt;lambda&gt;35]" time="0.0006763935089111328"><skipped message="Suite splitting in effect" type="pytest.skip">src/pymortests/operators.py:151: Suite splitting in effect</skipped></testcase><testcase classname="src.pymortests.operators" file="src/pymortests/operators.py" line="151" name="test_apply_adjoint_2[&lt;lambda&gt;36]" time="0.0003936290740966797"><skipped message="Suite splitting in effect" type="pytest.skip">src/pymortests/operators.py:151: Suite splitting in effect</skipped></testcase><testcase classname="src.pymortests.operators" file="src/pymortests/operators.py" line="151" name="test_apply_adjoint_2[&lt;lambda&gt;37]" time="0.0003879070281982422"><skipped message="Suite splitting in effect" type="pytest.skip">src/pymortests/operators.py:151: Suite splitting in effect</skipped></testcase><testcase classname="src.pymortests.operators" file="src/pymortests/operators.py" line="151" name="test_apply_adjoint_2[&lt;lambda&gt;38]" time="0.0004284381866455078"><skipped message="Suite splitting in effect" type="pytest.skip">src/pymortests/operators.py:151: Suite splitting in effect</skipped></testcase><testcase classname="src.pymortests.operators" file="src/pymortests/operators.py" line="151" name="test_apply_adjoint_2[&lt;lambda&gt;39]" time="0.00043773651123046875"><skipped message="Suite splitting in effect" type="pytest.skip">src/pymortests/operators.py:151: Suite splitting in effect</skipped></testcase><testcase classname="src.pymortests.operators" file="src/pymortests/operators.py" line="151" name="test_apply_adjoint_2[&lt;lambda&gt;40]" time="0.00043320655822753906"><skipped message="Suite splitting in effect" type="pytest.skip">src/pymortests/operators.py:151: Suite splitting in effect</skipped></testcase><testcase classname="src.pymortests.operators" file="src/pymortests/operators.py" line="162" name="test_H[&lt;lambda&gt;0]" time="0.00047016143798828125"><skipped message="Suite splitting in effect" type="pytest.skip">src/pymortests/operators.py:162: Suite splitting in effect</skipped></testcase><testcase classname="src.pymortests.operators" file="src/pymortests/operators.py" line="162" name="test_H[&lt;lambda&gt;1]" time="0.0004172325134277344"><skipped message="Suite splitting in effect" type="pytest.skip">src/pymortests/operators.py:162: Suite splitting in effect</skipped></testcase><testcase classname="src.pymortests.operators" file="src/pymortests/operators.py" line="162" name="test_H[&lt;lambda&gt;2]" time="0.0006792545318603516"><skipped message="Suite splitting in effect" type="pytest.skip">src/pymortests/operators.py:162: Suite splitting in effect</skipped></testcase><testcase classname="src.pymortests.operators" file="src/pymortests/operators.py" line="162" name="test_H[&lt;lambda&gt;3]" time="0.0003883838653564453"><skipped message="Suite splitting in effect" type="pytest.skip">src/pymortests/operators.py:162: Suite splitting in effect</skipped></testcase><testcase classname="src.pymortests.operators" file="src/pymortests/operators.py" line="162" name="test_H[&lt;lambda&gt;4]" time="0.0004169940948486328"><skipped message="Suite splitting in effect" type="pytest.skip">src/pymortests/operators.py:162: Suite splitting in effect</skipped></testcase><testcase classname="src.pymortests.operators" file="src/pymortests/operators.py" line="162" name="test_H[&lt;lambda&gt;5]" time="0.0004096031188964844"><skipped message="Suite splitting in effect" type="pytest.skip">src/pymortests/operators.py:162: Suite splitting in effect</skipped></testcase><testcase classname="src.pymortests.operators" file="src/pymortests/operators.py" line="162" name="test_H[&lt;lambda&gt;6]" time="0.00038933753967285156"><skipped message="Suite splitting in effect" type="pytest.skip">src/pymortests/operators.py:162: Suite splitting in effect</skipped></testcase><testcase classname="src.pymortests.operators" file="src/pymortests/operators.py" line="162" name="test_H[&lt;lambda&gt;7]" time="0.0004143714904785156"><skipped message="Suite splitting in effect" type="pytest.skip">src/pymortests/operators.py:162: Suite splitting in effect</skipped></testcase><testcase classname="src.pymortests.operators" file="src/pymortests/operators.py" line="162" name="test_H[&lt;lambda&gt;8]" time="0.0004024505615234375"><skipped message="Suite splitting in effect" type="pytest.skip">src/pymortests/operators.py:162: Suite splitting in effect</skipped></testcase><testcase classname="src.pymortests.operators" file="src/pymortests/operators.py" line="162" name="test_H[&lt;lambda&gt;9]" time="0.00039577484130859375"><skipped message="Suite splitting in effect" type="pytest.skip">src/pymortests/operators.py:162: Suite splitting in effect</skipped></testcase><testcase classname="src.pymortests.operators" file="src/pymortests/operators.py" line="162" name="test_H[&lt;lambda&gt;10]" time="0.0008296966552734375"><skipped message="Suite splitting in effect" type="pytest.skip">src/pymortests/operators.py:162: Suite splitting in effect</skipped></testcase><testcase classname="src.pymortests.operators" file="src/pymortests/operators.py" line="162" name="test_H[&lt;lambda&gt;11]" time="0.00041031837463378906"><skipped message="Suite splitting in effect" type="pytest.skip">src/pymortests/operators.py:162: Suite splitting in effect</skipped></testcase><testcase classname="src.pymortests.operators" file="src/pymortests/operators.py" line="162" name="test_H[&lt;lambda&gt;12]" time="0.0004169940948486328"><skipped message="Suite splitting in effect" type="pytest.skip">src/pymortests/operators.py:162: Suite splitting in effect</skipped></testcase><testcase classname="src.pymortests.operators" file="src/pymortests/operators.py" line="162" name="test_H[&lt;lambda&gt;13]" time="0.0011680126190185547"><skipped message="Suite splitting in effect" type="pytest.skip">src/pymortests/operators.py:162: Suite splitting in effect</skipped></testcase><testcase classname="src.pymortests.operators" file="src/pymortests/operators.py" line="162" name="test_H[&lt;lambda&gt;14]" time="0.0003948211669921875"><skipped message="Suite splitting in effect" type="pytest.skip">src/pymortests/operators.py:162: Suite splitting in effect</skipped></testcase><testcase classname="src.pymortests.operators" file="src/pymortests/operators.py" line="162" name="test_H[&lt;lambda&gt;15]" time="0.0005092620849609375"><skipped message="Suite splitting in effect" type="pytest.skip">src/pymortests/operators.py:162: Suite splitting in effect</skipped></testcase><testcase classname="src.pymortests.operators" file="src/pymortests/operators.py" line="162" name="test_H[&lt;lambda&gt;16]" time="0.00040650367736816406"><skipped message="Suite splitting in effect" type="pytest.skip">src/pymortests/operators.py:162: Suite splitting in effect</skipped></testcase><testcase classname="src.pymortests.operators" file="src/pymortests/operators.py" line="162" name="test_H[&lt;lambda&gt;17]" time="0.0004181861877441406"><skipped message="Suite splitting in effect" type="pytest.skip">src/pymortests/operators.py:162: Suite splitting in effect</skipped></testcase><testcase classname="src.pymortests.operators" file="src/pymortests/operators.py" line="162" name="test_H[&lt;lambda&gt;18]" time="0.0006842613220214844"><skipped message="Suite splitting in effect" type="pytest.skip">src/pymortests/operators.py:162: Suite splitting in effect</skipped></testcase><testcase classname="src.pymortests.operators" file="src/pymortests/operators.py" line="162" name="test_H[&lt;lambda&gt;19]" time="0.00038933753967285156"><skipped message="Suite splitting in effect" type="pytest.skip">src/pymortests/operators.py:162: Suite splitting in effect</skipped></testcase><testcase classname="src.pymortests.operators" file="src/pymortests/operators.py" line="162" name="test_H[&lt;lambda&gt;20]" time="0.00041103363037109375"><skipped message="Suite splitting in effect" type="pytest.skip">src/pymortests/operators.py:162: Suite splitting in effect</skipped></testcase><testcase classname="src.pymortests.operators" file="src/pymortests/operators.py" line="162" name="test_H[&lt;lambda&gt;21]" time="0.00044274330139160156"><skipped message="Suite splitting in effect" type="pytest.skip">src/pymortests/operators.py:162: Suite splitting in effect</skipped></testcase><testcase classname="src.pymortests.operators" file="src/pymortests/operators.py" line="162" name="test_H[&lt;lambda&gt;22]" time="0.00041413307189941406"><skipped message="Suite splitting in effect" type="pytest.skip">src/pymortests/operators.py:162: Suite splitting in effect</skipped></testcase><testcase classname="src.pymortests.operators" file="src/pymortests/operators.py" line="162" name="test_H[&lt;lambda&gt;23]" time="0.0004153251647949219"><skipped message="Suite splitting in effect" type="pytest.skip">src/pymortests/operators.py:162: Suite splitting in effect</skipped></testcase><testcase classname="src.pymortests.operators" file="src/pymortests/operators.py" line="162" name="test_H[&lt;lambda&gt;24]" time="0.0004100799560546875"><skipped message="Suite splitting in effect" type="pytest.skip">src/pymortests/operators.py:162: Suite splitting in effect</skipped></testcase><testcase classname="src.pymortests.operators" file="src/pymortests/operators.py" line="162" name="test_H[&lt;lambda&gt;25]" time="0.00041556358337402344"><skipped message="Suite splitting in effect" type="pytest.skip">src/pymortests/operators.py:162: Suite splitting in effect</skipped></testcase><testcase classname="src.pymortests.operators" file="src/pymortests/operators.py" line="162" name="test_H[&lt;lambda&gt;26]" time="0.0006761550903320312"><skipped message="Suite splitting in effect" type="pytest.skip">src/pymortests/operators.py:162: Suite splitting in effect</skipped></testcase><testcase classname="src.pymortests.operators" file="src/pymortests/operators.py" line="162" name="test_H[&lt;lambda&gt;27]" time="0.0004093647003173828"><skipped message="Suite splitting in effect" type="pytest.skip">src/pymortests/operators.py:162: Suite splitting in effect</skipped></testcase><testcase classname="src.pymortests.operators" file="src/pymortests/operators.py" line="162" name="test_H[&lt;lambda&gt;28]" time="0.0004162788391113281"><skipped message="Suite splitting in effect" type="pytest.skip">src/pymortests/operators.py:162: Suite splitting in effect</skipped></testcase><testcase classname="src.pymortests.operators" file="src/pymortests/operators.py" line="162" name="test_H[&lt;lambda&gt;29]" time="0.0003879070281982422"><skipped message="Suite splitting in effect" type="pytest.skip">src/pymortests/operators.py:162: Suite splitting in effect</skipped></testcase><testcase classname="src.pymortests.operators" file="src/pymortests/operators.py" line="162" name="test_H[&lt;lambda&gt;30]" time="0.00041365623474121094"><skipped message="Suite splitting in effect" type="pytest.skip">src/pymortests/operators.py:162: Suite splitting in effect</skipped></testcase><testcase classname="src.pymortests.operators" file="src/pymortests/operators.py" line="162" name="test_H[&lt;lambda&gt;31]" time="0.0003902912139892578"><skipped message="Suite splitting in effect" type="pytest.skip">src/pymortests/operators.py:162: Suite splitting in effect</skipped></testcase><testcase classname="src.pymortests.operators" file="src/pymortests/operators.py" line="162" name="test_H[&lt;lambda&gt;32]" time="0.00041866302490234375"><skipped message="Suite splitting in effect" type="pytest.skip">src/pymortests/operators.py:162: Suite splitting in effect</skipped></testcase><testcase classname="src.pymortests.operators" file="src/pymortests/operators.py" line="162" name="test_H[&lt;lambda&gt;33]" time="0.00041866302490234375"><skipped message="Suite splitting in effect" type="pytest.skip">src/pymortests/operators.py:162: Suite splitting in effect</skipped></testcase><testcase classname="src.pymortests.operators" file="src/pymortests/operators.py" line="162" name="test_H[&lt;lambda&gt;34]" time="0.0006852149963378906"><skipped message="Suite splitting in effect" type="pytest.skip">src/pymortests/operators.py:162: Suite splitting in effect</skipped></testcase><testcase classname="src.pymortests.operators" file="src/pymortests/operators.py" line="162" name="test_H[&lt;lambda&gt;35]" time="0.0003962516784667969"><skipped message="Suite splitting in effect" type="pytest.skip">src/pymortests/operators.py:162: Suite splitting in effect</skipped></testcase><testcase classname="src.pymortests.operators" file="src/pymortests/operators.py" line="162" name="test_H[&lt;lambda&gt;36]" time="0.0004253387451171875"><skipped message="Suite splitting in effect" type="pytest.skip">src/pymortests/operators.py:162: Suite splitting in effect</skipped></testcase><testcase classname="src.pymortests.operators" file="src/pymortests/operators.py" line="162" name="test_H[&lt;lambda&gt;37]" time="0.0004296302795410156"><skipped message="Suite splitting in effect" type="pytest.skip">src/pymortests/operators.py:162: Suite splitting in effect</skipped></testcase><testcase classname="src.pymortests.operators" file="src/pymortests/operators.py" line="162" name="test_H[&lt;lambda&gt;38]" time="0.00042128562927246094"><skipped message="Suite splitting in effect" type="pytest.skip">src/pymortests/operators.py:162: Suite splitting in effect</skipped></testcase><testcase classname="src.pymortests.operators" file="src/pymortests/operators.py" line="162" name="test_H[&lt;lambda&gt;39]" time="0.00043582916259765625"><skipped message="Suite splitting in effect" type="pytest.skip">src/pymortests/operators.py:162: Suite splitting in effect</skipped></testcase><testcase classname="src.pymortests.operators" file="src/pymortests/operators.py" line="162" name="test_H[&lt;lambda&gt;40]" time="0.00039577484130859375"><skipped message="Suite splitting in effect" type="pytest.skip">src/pymortests/operators.py:162: Suite splitting in effect</skipped></testcase><testcase classname="src.pymortests.operators" file="src/pymortests/operators.py" line="173" name="test_apply_inverse[&lt;lambda&gt;0]" time="0.0003972053527832031"><skipped message="Suite splitting in effect" type="pytest.skip">src/pymortests/operators.py:173: Suite splitting in effect</skipped></testcase><testcase classname="src.pymortests.operators" file="src/pymortests/operators.py" line="173" name="test_apply_inverse[&lt;lambda&gt;1]" time="0.0007216930389404297"><skipped message="Suite splitting in effect" type="pytest.skip">src/pymortests/operators.py:173: Suite splitting in effect</skipped></testcase><testcase classname="src.pymortests.operators" file="src/pymortests/operators.py" line="173" name="test_apply_inverse[&lt;lambda&gt;2]" time="0.0004189014434814453"><skipped message="Suite splitting in effect" type="pytest.skip">src/pymortests/operators.py:173: Suite splitting in effect</skipped></testcase><testcase classname="src.pymortests.operators" file="src/pymortests/operators.py" line="173" name="test_apply_inverse[&lt;lambda&gt;3]" time="0.00038886070251464844"><skipped message="Suite splitting in effect" type="pytest.skip">src/pymortests/operators.py:173: Suite splitting in effect</skipped></testcase><testcase classname="src.pymortests.operators" file="src/pymortests/operators.py" line="173" name="test_apply_inverse[&lt;lambda&gt;4]" time="0.00041174888610839844"><skipped message="Suite splitting in effect" type="pytest.skip">src/pymortests/operators.py:173: Suite splitting in effect</skipped></testcase><testcase classname="src.pymortests.operators" file="src/pymortests/operators.py" line="173" name="test_apply_inverse[&lt;lambda&gt;5]" time="0.0003833770751953125"><skipped message="Suite splitting in effect" type="pytest.skip">src/pymortests/operators.py:173: Suite splitting in effect</skipped></testcase><testcase classname="src.pymortests.operators" file="src/pymortests/operators.py" line="173" name="test_apply_inverse[&lt;lambda&gt;6]" time="0.0004131793975830078"><skipped message="Suite splitting in effect" type="pytest.skip">src/pymortests/operators.py:173: Suite splitting in effect</skipped></testcase><testcase classname="src.pymortests.operators" file="src/pymortests/operators.py" line="173" name="test_apply_inverse[&lt;lambda&gt;7]" time="0.00040984153747558594"><skipped message="Suite splitting in effect" type="pytest.skip">src/pymortests/operators.py:173: Suite splitting in effect</skipped></testcase><testcase classname="src.pymortests.operators" file="src/pymortests/operators.py" line="173" name="test_apply_inverse[&lt;lambda&gt;8]" time="0.0004215240478515625"><skipped message="Suite splitting in effect" type="pytest.skip">src/pymortests/operators.py:173: Suite splitting in effect</skipped></testcase><testcase classname="src.pymortests.operators" file="src/pymortests/operators.py" line="173" name="test_apply_inverse[&lt;lambda&gt;9]" time="0.0006697177886962891"><skipped message="Suite splitting in effect" type="pytest.skip">src/pymortests/operators.py:173: Suite splitting in effect</skipped></testcase><testcase classname="src.pymortests.operators" file="src/pymortests/operators.py" line="173" name="test_apply_inverse[&lt;lambda&gt;10]" time="0.00039124488830566406"><skipped message="Suite splitting in effect" type="pytest.skip">src/pymortests/operators.py:173: Suite splitting in effect</skipped></testcase><testcase classname="src.pymortests.operators" file="src/pymortests/operators.py" line="173" name="test_apply_inverse[&lt;lambda&gt;11]" time="0.0004138946533203125"><skipped message="Suite splitting in effect" type="pytest.skip">src/pymortests/operators.py:173: Suite splitting in effect</skipped></testcase><testcase classname="src.pymortests.operators" file="src/pymortests/operators.py" line="173" name="test_apply_inverse[&lt;lambda&gt;12]" time="0.0004165172576904297"><skipped message="Suite splitting in effect" type="pytest.skip">src/pymortests/operators.py:173: Suite splitting in effect</skipped></testcase><testcase classname="src.pymortests.operators" file="src/pymortests/operators.py" line="173" name="test_apply_inverse[&lt;lambda&gt;13]" time="0.0004153251647949219"><skipped message="Suite splitting in effect" type="pytest.skip">src/pymortests/operators.py:173: Suite splitting in effect</skipped></testcase><testcase classname="src.pymortests.operators" file="src/pymortests/operators.py" line="173" name="test_apply_inverse[&lt;lambda&gt;14]" time="0.0003936290740966797"><skipped message="Suite splitting in effect" type="pytest.skip">src/pymortests/operators.py:173: Suite splitting in effect</skipped></testcase><testcase classname="src.pymortests.operators" file="src/pymortests/operators.py" line="173" name="test_apply_inverse[&lt;lambda&gt;15]" time="0.00040030479431152344"><skipped message="Suite splitting in effect" type="pytest.skip">src/pymortests/operators.py:173: Suite splitting in effect</skipped></testcase><testcase classname="src.pymortests.operators" file="src/pymortests/operators.py" line="173" name="test_apply_inverse[&lt;lambda&gt;16]" time="0.0003936290740966797"><skipped message="Suite splitting in effect" type="pytest.skip">src/pymortests/operators.py:173: Suite splitting in effect</skipped></testcase><testcase classname="src.pymortests.operators" file="src/pymortests/operators.py" line="173" name="test_apply_inverse[&lt;lambda&gt;17]" time="0.0007975101470947266"><skipped message="Suite splitting in effect" type="pytest.skip">src/pymortests/operators.py:173: Suite splitting in effect</skipped></testcase><testcase classname="src.pymortests.operators" file="src/pymortests/operators.py" line="173" name="test_apply_inverse[&lt;lambda&gt;18]" time="0.0003933906555175781"><skipped message="Suite splitting in effect" type="pytest.skip">src/pymortests/operators.py:173: Suite splitting in effect</skipped></testcase><testcase classname="src.pymortests.operators" file="src/pymortests/operators.py" line="173" name="test_apply_inverse[&lt;lambda&gt;19]" time="0.00040984153747558594"><skipped message="Suite splitting in effect" type="pytest.skip">src/pymortests/operators.py:173: Suite splitting in effect</skipped></testcase><testcase classname="src.pymortests.operators" file="src/pymortests/operators.py" line="173" name="test_apply_inverse[&lt;lambda&gt;20]" time="0.00039076805114746094"><skipped message="Suite splitting in effect" type="pytest.skip">src/pymortests/operators.py:173: Suite splitting in effect</skipped></testcase><testcase classname="src.pymortests.operators" file="src/pymortests/operators.py" line="173" name="test_apply_inverse[&lt;lambda&gt;21]" time="0.0004208087921142578"><skipped message="Suite splitting in effect" type="pytest.skip">src/pymortests/operators.py:173: Suite splitting in effect</skipped></testcase><testcase classname="src.pymortests.operators" file="src/pymortests/operators.py" line="173" name="test_apply_inverse[&lt;lambda&gt;22]" time="0.000392913818359375"><skipped message="Suite splitting in effect" type="pytest.skip">src/pymortests/operators.py:173: Suite splitting in effect</skipped></testcase><testcase classname="src.pymortests.operators" file="src/pymortests/operators.py" line="173" name="test_apply_inverse[&lt;lambda&gt;23]" time="0.0004177093505859375"><skipped message="Suite splitting in effect" type="pytest.skip">src/pymortests/operators.py:173: Suite splitting in effect</skipped></testcase><testcase classname="src.pymortests.operators" file="src/pymortests/operators.py" line="173" name="test_apply_inverse[&lt;lambda&gt;24]" time="0.0004181861877441406"><skipped message="Suite splitting in effect" type="pytest.skip">src/pymortests/operators.py:173: Suite splitting in effect</skipped></testcase><testcase classname="src.pymortests.operators" file="src/pymortests/operators.py" line="173" name="test_apply_inverse[&lt;lambda&gt;25]" time="0.0007164478302001953"><skipped message="Suite splitting in effect" type="pytest.skip">src/pymortests/operators.py:173: Suite splitting in effect</skipped></testcase><testcase classname="src.pymortests.operators" file="src/pymortests/operators.py" line="173" name="test_apply_inverse[&lt;lambda&gt;26]" time="0.00038504600524902344"><skipped message="Suite splitting in effect" type="pytest.skip">src/pymortests/operators.py:173: Suite splitting in effect</skipped></testcase><testcase classname="src.pymortests.operators" file="src/pymortests/operators.py" line="173" name="test_apply_inverse[&lt;lambda&gt;27]" time="0.00040268898010253906"><skipped message="Suite splitting in effect" type="pytest.skip">src/pymortests/operators.py:173: Suite splitting in effect</skipped></testcase><testcase classname="src.pymortests.operators" file="src/pymortests/operators.py" line="173" name="test_apply_inverse[&lt;lambda&gt;28]" time="0.0003838539123535156"><skipped message="Suite splitting in effect" type="pytest.skip">src/pymortests/operators.py:173: Suite splitting in effect</skipped></testcase><testcase classname="src.pymortests.operators" file="src/pymortests/operators.py" line="173" name="test_apply_inverse[&lt;lambda&gt;29]" time="0.00041103363037109375"><skipped message="Suite splitting in effect" type="pytest.skip">src/pymortests/operators.py:173: Suite splitting in effect</skipped></testcase><testcase classname="src.pymortests.operators" file="src/pymortests/operators.py" line="173" name="test_apply_inverse[&lt;lambda&gt;30]" time="0.00040793418884277344"><skipped message="Suite splitting in effect" type="pytest.skip">src/pymortests/operators.py:173: Suite splitting in effect</skipped></testcase><testcase classname="src.pymortests.operators" file="src/pymortests/operators.py" line="173" name="test_apply_inverse[&lt;lambda&gt;31]" time="0.00041174888610839844"><skipped message="Suite splitting in effect" type="pytest.skip">src/pymortests/operators.py:173: Suite splitting in effect</skipped></testcase><testcase classname="src.pymortests.operators" file="src/pymortests/operators.py" line="173" name="test_apply_inverse[&lt;lambda&gt;32]" time="0.00038433074951171875"><skipped message="Suite splitting in effect" type="pytest.skip">src/pymortests/operators.py:173: Suite splitting in effect</skipped></testcase><testcase classname="src.pymortests.operators" file="src/pymortests/operators.py" line="173" name="test_apply_inverse[&lt;lambda&gt;33]" time="0.0008263587951660156"><skipped message="Suite splitting in effect" type="pytest.skip">src/pymortests/operators.py:173: Suite splitting in effect</skipped></testcase><testcase classname="src.pymortests.operators" file="src/pymortests/operators.py" line="173" name="test_apply_inverse[&lt;lambda&gt;34]" time="0.0004150867462158203"><skipped message="Suite splitting in effect" type="pytest.skip">src/pymortests/operators.py:173: Suite splitting in effect</skipped></testcase><testcase classname="src.pymortests.operators" file="src/pymortests/operators.py" line="173" name="test_apply_inverse[&lt;lambda&gt;35]" time="0.0004150867462158203"><skipped message="Suite splitting in effect" type="pytest.skip">src/pymortests/operators.py:173: Suite splitting in effect</skipped></testcase><testcase classname="src.pymortests.operators" file="src/pymortests/operators.py" line="173" name="test_apply_inverse[&lt;lambda&gt;36]" time="0.00041484832763671875"><skipped message="Suite splitting in effect" type="pytest.skip">src/pymortests/operators.py:173: Suite splitting in effect</skipped></testcase><testcase classname="src.pymortests.operators" file="src/pymortests/operators.py" line="173" name="test_apply_inverse[&lt;lambda&gt;37]" time="0.0004048347473144531"><skipped message="Suite splitting in effect" type="pytest.skip">src/pymortests/operators.py:173: Suite splitting in effect</skipped></testcase><testcase classname="src.pymortests.operators" file="src/pymortests/operators.py" line="173" name="test_apply_inverse[&lt;lambda&gt;38]" time="0.0004227161407470703"><skipped message="Suite splitting in effect" type="pytest.skip">src/pymortests/operators.py:173: Suite splitting in effect</skipped></testcase><testcase classname="src.pymortests.operators" file="src/pymortests/operators.py" line="173" name="test_apply_inverse[&lt;lambda&gt;39]" time="0.0004096031188964844"><skipped message="Suite splitting in effect" type="pytest.skip">src/pymortests/operators.py:173: Suite splitting in effect</skipped></testcase><testcase classname="src.pymortests.operators" file="src/pymortests/operators.py" line="173" name="test_apply_inverse[&lt;lambda&gt;40]" time="0.000408172607421875"><skipped message="Suite splitting in effect" type="pytest.skip">src/pymortests/operators.py:173: Suite splitting in effect</skipped></testcase><testcase classname="src.pymortests.operators" file="src/pymortests/operators.py" line="186" name="test_apply_inverse_adjoint[&lt;lambda&gt;0]" time="0.0006778240203857422"><skipped message="Suite splitting in effect" type="pytest.skip">src/pymortests/operators.py:186: Suite splitting in effect</skipped></testcase><testcase classname="src.pymortests.operators" file="src/pymortests/operators.py" line="186" name="test_apply_inverse_adjoint[&lt;lambda&gt;1]" time="0.0004115104675292969"><skipped message="Suite splitting in effect" type="pytest.skip">src/pymortests/operators.py:186: Suite splitting in effect</skipped></testcase><testcase classname="src.pymortests.operators" file="src/pymortests/operators.py" line="186" name="test_apply_inverse_adjoint[&lt;lambda&gt;2]" time="0.0003867149353027344"><skipped message="Suite splitting in effect" type="pytest.skip">src/pymortests/operators.py:186: Suite splitting in effect</skipped></testcase><testcase classname="src.pymortests.operators" file="src/pymortests/operators.py" line="186" name="test_apply_inverse_adjoint[&lt;lambda&gt;3]" time="0.0003914833068847656"><skipped message="Suite splitting in effect" type="pytest.skip">src/pymortests/operators.py:186: Suite splitting in effect</skipped></testcase><testcase classname="src.pymortests.operators" file="src/pymortests/operators.py" line="186" name="test_apply_inverse_adjoint[&lt;lambda&gt;4]" time="0.0004248619079589844"><skipped message="Suite splitting in effect" type="pytest.skip">src/pymortests/operators.py:186: Suite splitting in effect</skipped></testcase><testcase classname="src.pymortests.operators" file="src/pymortests/operators.py" line="186" name="test_apply_inverse_adjoint[&lt;lambda&gt;5]" time="0.0003914833068847656"><skipped message="Suite splitting in effect" type="pytest.skip">src/pymortests/operators.py:186: Suite splitting in effect</skipped></testcase><testcase classname="src.pymortests.operators" file="src/pymortests/operators.py" line="186" name="test_apply_inverse_adjoint[&lt;lambda&gt;6]" time="0.0004112720489501953"><skipped message="Suite splitting in effect" type="pytest.skip">src/pymortests/operators.py:186: Suite splitting in effect</skipped></testcase><testcase classname="src.pymortests.operators" file="src/pymortests/operators.py" line="186" name="test_apply_inverse_adjoint[&lt;lambda&gt;7]" time="0.0004112720489501953"><skipped message="Suite splitting in effect" type="pytest.skip">src/pymortests/operators.py:186: Suite splitting in effect</skipped></testcase><testcase classname="src.pymortests.operators" file="src/pymortests/operators.py" line="186" name="test_apply_inverse_adjoint[&lt;lambda&gt;8]" time="0.0009920597076416016"><skipped message="Suite splitting in effect" type="pytest.skip">src/pymortests/operators.py:186: Suite splitting in effect</skipped></testcase><testcase classname="src.pymortests.operators" file="src/pymortests/operators.py" line="186" name="test_apply_inverse_adjoint[&lt;lambda&gt;9]" time="0.0003941059112548828"><skipped message="Suite splitting in effect" type="pytest.skip">src/pymortests/operators.py:186: Suite splitting in effect</skipped></testcase><testcase classname="src.pymortests.operators" file="src/pymortests/operators.py" line="186" name="test_apply_inverse_adjoint[&lt;lambda&gt;10]" time="0.0004115104675292969"><skipped message="Suite splitting in effect" type="pytest.skip">src/pymortests/operators.py:186: Suite splitting in effect</skipped></testcase><testcase classname="src.pymortests.operators" file="src/pymortests/operators.py" line="186" name="test_apply_inverse_adjoint[&lt;lambda&gt;11]" time="0.00041103363037109375"><skipped message="Suite splitting in effect" type="pytest.skip">src/pymortests/operators.py:186: Suite splitting in effect</skipped></testcase><testcase classname="src.pymortests.operators" file="src/pymortests/operators.py" line="186" name="test_apply_inverse_adjoint[&lt;lambda&gt;12]" time="0.0003955364227294922"><skipped message="Suite splitting in effect" type="pytest.skip">src/pymortests/operators.py:186: Suite splitting in effect</skipped></testcase><testcase classname="src.pymortests.operators" file="src/pymortests/operators.py" line="186" name="test_apply_inverse_adjoint[&lt;lambda&gt;13]" time="0.0004532337188720703"><skipped message="Suite splitting in effect" type="pytest.skip">src/pymortests/operators.py:186: Suite splitting in effect</skipped></testcase><testcase classname="src.pymortests.operators" file="src/pymortests/operators.py" line="186" name="test_apply_inverse_adjoint[&lt;lambda&gt;14]" time="0.00038909912109375"><skipped message="Suite splitting in effect" type="pytest.skip">src/pymortests/operators.py:186: Suite splitting in effect</skipped></testcase><testcase classname="src.pymortests.operators" file="src/pymortests/operators.py" line="186" name="test_apply_inverse_adjoint[&lt;lambda&gt;15]" time="0.0003886222839355469"><skipped message="Suite splitting in effect" type="pytest.skip">src/pymortests/operators.py:186: Suite splitting in effect</skipped></testcase><testcase classname="src.pymortests.operators" file="src/pymortests/operators.py" line="186" name="test_apply_inverse_adjoint[&lt;lambda&gt;16]" time="0.000682830810546875"><skipped message="Suite splitting in effect" type="pytest.skip">src/pymortests/operators.py:186: Suite splitting in effect</skipped></testcase><testcase classname="src.pymortests.operators" file="src/pymortests/operators.py" line="186" name="test_apply_inverse_adjoint[&lt;lambda&gt;17]" time="0.00043892860412597656"><skipped message="Suite splitting in effect" type="pytest.skip">src/pymortests/operators.py:186: Suite splitting in effect</skipped></testcase><testcase classname="src.pymortests.operators" file="src/pymortests/operators.py" line="186" name="test_apply_inverse_adjoint[&lt;lambda&gt;18]" time="0.0003972053527832031"><skipped message="Suite splitting in effect" type="pytest.skip">src/pymortests/operators.py:186: Suite splitting in effect</skipped></testcase><testcase classname="src.pymortests.operators" file="src/pymortests/operators.py" line="186" name="test_apply_inverse_adjoint[&lt;lambda&gt;19]" time="0.00039458274841308594"><skipped message="Suite splitting in effect" type="pytest.skip">src/pymortests/operators.py:186: Suite splitting in effect</skipped></testcase><testcase classname="src.pymortests.operators" file="src/pymortests/operators.py" line="186" name="test_apply_inverse_adjoint[&lt;lambda&gt;20]" time="0.00043463706970214844"><skipped message="Suite splitting in effect" type="pytest.skip">src/pymortests/operators.py:186: Suite splitting in effect</skipped></testcase><testcase classname="src.pymortests.operators" file="src/pymortests/operators.py" line="186" name="test_apply_inverse_adjoint[&lt;lambda&gt;21]" time="0.0004222393035888672"><skipped message="Suite splitting in effect" type="pytest.skip">src/pymortests/operators.py:186: Suite splitting in effect</skipped></testcase><testcase classname="src.pymortests.operators" file="src/pymortests/operators.py" line="186" name="test_apply_inverse_adjoint[&lt;lambda&gt;22]" time="0.0004773139953613281"><skipped message="Suite splitting in effect" type="pytest.skip">src/pymortests/operators.py:186: Suite splitting in effect</skipped></testcase><testcase classname="src.pymortests.operators" file="src/pymortests/operators.py" line="186" name="test_apply_inverse_adjoint[&lt;lambda&gt;23]" time="0.0004115104675292969"><skipped message="Suite splitting in effect" type="pytest.skip">src/pymortests/operators.py:186: Suite splitting in effect</skipped></testcase><testcase classname="src.pymortests.operators" file="src/pymortests/operators.py" line="186" name="test_apply_inverse_adjoint[&lt;lambda&gt;24]" time="0.0007185935974121094"><skipped message="Suite splitting in effect" type="pytest.skip">src/pymortests/operators.py:186: Suite splitting in effect</skipped></testcase><testcase classname="src.pymortests.operators" file="src/pymortests/operators.py" line="186" name="test_apply_inverse_adjoint[&lt;lambda&gt;25]" time="0.00038909912109375"><skipped message="Suite splitting in effect" type="pytest.skip">src/pymortests/operators.py:186: Suite splitting in effect</skipped></testcase><testcase classname="src.pymortests.operators" file="src/pymortests/operators.py" line="186" name="test_apply_inverse_adjoint[&lt;lambda&gt;26]" time="0.00042176246643066406"><skipped message="Suite splitting in effect" type="pytest.skip">src/pymortests/operators.py:186: Suite splitting in effect</skipped></testcase><testcase classname="src.pymortests.operators" file="src/pymortests/operators.py" line="186" name="test_apply_inverse_adjoint[&lt;lambda&gt;27]" time="0.00039196014404296875"><skipped message="Suite splitting in effect" type="pytest.skip">src/pymortests/operators.py:186: Suite splitting in effect</skipped></testcase><testcase classname="src.pymortests.operators" file="src/pymortests/operators.py" line="186" name="test_apply_inverse_adjoint[&lt;lambda&gt;28]" time="0.0004363059997558594"><skipped message="Suite splitting in effect" type="pytest.skip">src/pymortests/operators.py:186: Suite splitting in effect</skipped></testcase><testcase classname="src.pymortests.operators" file="src/pymortests/operators.py" line="186" name="test_apply_inverse_adjoint[&lt;lambda&gt;29]" time="0.0004210472106933594"><skipped message="Suite splitting in effect" type="pytest.skip">src/pymortests/operators.py:186: Suite splitting in effect</skipped></testcase><testcase classname="src.pymortests.operators" file="src/pymortests/operators.py" line="186" name="test_apply_inverse_adjoint[&lt;lambda&gt;30]" time="0.0003921985626220703"><skipped message="Suite splitting in effect" type="pytest.skip">src/pymortests/operators.py:186: Suite splitting in effect</skipped></testcase><testcase classname="src.pymortests.operators" file="src/pymortests/operators.py" line="186" name="test_apply_inverse_adjoint[&lt;lambda&gt;31]" time="0.0004127025604248047"><skipped message="Suite splitting in effect" type="pytest.skip">src/pymortests/operators.py:186: Suite splitting in effect</skipped></testcase><testcase classname="src.pymortests.operators" file="src/pymortests/operators.py" line="186" name="test_apply_inverse_adjoint[&lt;lambda&gt;32]" time="0.0007028579711914062"><skipped message="Suite splitting in effect" type="pytest.skip">src/pymortests/operators.py:186: Suite splitting in effect</skipped></testcase><testcase classname="src.pymortests.operators" file="src/pymortests/operators.py" line="186" name="test_apply_inverse_adjoint[&lt;lambda&gt;33]" time="0.0003972053527832031"><skipped message="Suite splitting in effect" type="pytest.skip">src/pymortests/operators.py:186: Suite splitting in effect</skipped></testcase><testcase classname="src.pymortests.operators" file="src/pymortests/operators.py" line="186" name="test_apply_inverse_adjoint[&lt;lambda&gt;34]" time="0.00044155120849609375"><skipped message="Suite splitting in effect" type="pytest.skip">src/pymortests/operators.py:186: Suite splitting in effect</skipped></testcase><testcase classname="src.pymortests.operators" file="src/pymortests/operators.py" line="186" name="test_apply_inverse_adjoint[&lt;lambda&gt;35]" time="0.00039124488830566406"><skipped message="Suite splitting in effect" type="pytest.skip">src/pymortests/operators.py:186: Suite splitting in effect</skipped></testcase><testcase classname="src.pymortests.operators" file="src/pymortests/operators.py" line="186" name="test_apply_inverse_adjoint[&lt;lambda&gt;36]" time="0.00041484832763671875"><skipped message="Suite splitting in effect" type="pytest.skip">src/pymortests/operators.py:186: Suite splitting in effect</skipped></testcase><testcase classname="src.pymortests.operators" file="src/pymortests/operators.py" line="186" name="test_apply_inverse_adjoint[&lt;lambda&gt;37]" time="0.0004298686981201172"><skipped message="Suite splitting in effect" type="pytest.skip">src/pymortests/operators.py:186: Suite splitting in effect</skipped></testcase><testcase classname="src.pymortests.operators" file="src/pymortests/operators.py" line="186" name="test_apply_inverse_adjoint[&lt;lambda&gt;38]" time="0.0004153251647949219"><skipped message="Suite splitting in effect" type="pytest.skip">src/pymortests/operators.py:186: Suite splitting in effect</skipped></testcase><testcase classname="src.pymortests.operators" file="src/pymortests/operators.py" line="186" name="test_apply_inverse_adjoint[&lt;lambda&gt;39]" time="0.0004506111145019531"><skipped message="Suite splitting in effect" type="pytest.skip">src/pymortests/operators.py:186: Suite splitting in effect</skipped></testcase><testcase classname="src.pymortests.operators" file="src/pymortests/operators.py" line="186" name="test_apply_inverse_adjoint[&lt;lambda&gt;40]" time="0.0007033348083496094"><skipped message="Suite splitting in effect" type="pytest.skip">src/pymortests/operators.py:186: Suite splitting in effect</skipped></testcase><testcase classname="src.pymortests.operators" file="src/pymortests/operators.py" line="204" name="test_project[&lt;lambda&gt;0]" time="0.0003924369812011719"><skipped message="Suite splitting in effect" type="pytest.skip">src/pymortests/operators.py:204: Suite splitting in effect</skipped></testcase><testcase classname="src.pymortests.operators" file="src/pymortests/operators.py" line="204" name="test_project[&lt;lambda&gt;1]" time="0.00039076805114746094"><skipped message="Suite splitting in effect" type="pytest.skip">src/pymortests/operators.py:204: Suite splitting in effect</skipped></testcase><testcase classname="src.pymortests.operators" file="src/pymortests/operators.py" line="204" name="test_project[&lt;lambda&gt;2]" time="0.00043129920959472656"><skipped message="Suite splitting in effect" type="pytest.skip">src/pymortests/operators.py:204: Suite splitting in effect</skipped></testcase><testcase classname="src.pymortests.operators" file="src/pymortests/operators.py" line="204" name="test_project[&lt;lambda&gt;3]" time="0.00039124488830566406"><skipped message="Suite splitting in effect" type="pytest.skip">src/pymortests/operators.py:204: Suite splitting in effect</skipped></testcase><testcase classname="src.pymortests.operators" file="src/pymortests/operators.py" line="204" name="test_project[&lt;lambda&gt;4]" time="0.00041365623474121094"><skipped message="Suite splitting in effect" type="pytest.skip">src/pymortests/operators.py:204: Suite splitting in effect</skipped></testcase><testcase classname="src.pymortests.operators" file="src/pymortests/operators.py" line="204" name="test_project[&lt;lambda&gt;5]" time="0.00043964385986328125"><skipped message="Suite splitting in effect" type="pytest.skip">src/pymortests/operators.py:204: Suite splitting in effect</skipped></testcase><testcase classname="src.pymortests.operators" file="src/pymortests/operators.py" line="204" name="test_project[&lt;lambda&gt;6]" time="0.00042748451232910156"><skipped message="Suite splitting in effect" type="pytest.skip">src/pymortests/operators.py:204: Suite splitting in effect</skipped></testcase><testcase classname="src.pymortests.operators" file="src/pymortests/operators.py" line="204" name="test_project[&lt;lambda&gt;7]" time="0.0007536411285400391"><skipped message="Suite splitting in effect" type="pytest.skip">src/pymortests/operators.py:204: Suite splitting in effect</skipped></testcase><testcase classname="src.pymortests.operators" file="src/pymortests/operators.py" line="204" name="test_project[&lt;lambda&gt;8]" time="0.00039458274841308594"><skipped message="Suite splitting in effect" type="pytest.skip">src/pymortests/operators.py:204: Suite splitting in effect</skipped></testcase><testcase classname="src.pymortests.operators" file="src/pymortests/operators.py" line="204" name="test_project[&lt;lambda&gt;9]" time="0.000423431396484375"><skipped message="Suite splitting in effect" type="pytest.skip">src/pymortests/operators.py:204: Suite splitting in effect</skipped></testcase><testcase classname="src.pymortests.operators" file="src/pymortests/operators.py" line="204" name="test_project[&lt;lambda&gt;10]" time="0.00039124488830566406"><skipped message="Suite splitting in effect" type="pytest.skip">src/pymortests/operators.py:204: Suite splitting in effect</skipped></testcase><testcase classname="src.pymortests.operators" file="src/pymortests/operators.py" line="204" name="test_project[&lt;lambda&gt;11]" time="0.0004131793975830078"><skipped message="Suite splitting in effect" type="pytest.skip">src/pymortests/operators.py:204: Suite splitting in effect</skipped></testcase><testcase classname="src.pymortests.operators" file="src/pymortests/operators.py" line="204" name="test_project[&lt;lambda&gt;12]" time="0.0004150867462158203"><skipped message="Suite splitting in effect" type="pytest.skip">src/pymortests/operators.py:204: Suite splitting in effect</skipped></testcase><testcase classname="src.pymortests.operators" file="src/pymortests/operators.py" line="204" name="test_project[&lt;lambda&gt;13]" time="0.0004100799560546875"><skipped message="Suite splitting in effect" type="pytest.skip">src/pymortests/operators.py:204: Suite splitting in effect</skipped></testcase><testcase classname="src.pymortests.operators" file="src/pymortests/operators.py" line="204" name="test_project[&lt;lambda&gt;14]" time="0.00043082237243652344"><skipped message="Suite splitting in effect" type="pytest.skip">src/pymortests/operators.py:204: Suite splitting in effect</skipped></testcase><testcase classname="src.pymortests.operators" file="src/pymortests/operators.py" line="204" name="test_project[&lt;lambda&gt;15]" time="0.0006754398345947266"><skipped message="Suite splitting in effect" type="pytest.skip">src/pymortests/operators.py:204: Suite splitting in effect</skipped></testcase><testcase classname="src.pymortests.operators" file="src/pymortests/operators.py" line="204" name="test_project[&lt;lambda&gt;16]" time="0.00043201446533203125"><skipped message="Suite splitting in effect" type="pytest.skip">src/pymortests/operators.py:204: Suite splitting in effect</skipped></testcase><testcase classname="src.pymortests.operators" file="src/pymortests/operators.py" line="204" name="test_project[&lt;lambda&gt;17]" time="0.0004341602325439453"><skipped message="Suite splitting in effect" type="pytest.skip">src/pymortests/operators.py:204: Suite splitting in effect</skipped></testcase><testcase classname="src.pymortests.operators" file="src/pymortests/operators.py" line="204" name="test_project[&lt;lambda&gt;18]" time="0.0004100799560546875"><skipped message="Suite splitting in effect" type="pytest.skip">src/pymortests/operators.py:204: Suite splitting in effect</skipped></testcase><testcase classname="src.pymortests.operators" file="src/pymortests/operators.py" line="204" name="test_project[&lt;lambda&gt;19]" time="0.0003876686096191406"><skipped message="Suite splitting in effect" type="pytest.skip">src/pymortests/operators.py:204: Suite splitting in effect</skipped></testcase><testcase classname="src.pymortests.operators" file="src/pymortests/operators.py" line="204" name="test_project[&lt;lambda&gt;20]" time="0.00039458274841308594"><skipped message="Suite splitting in effect" type="pytest.skip">src/pymortests/operators.py:204: Suite splitting in effect</skipped></testcase><testcase classname="src.pymortests.operators" file="src/pymortests/operators.py" line="204" name="test_project[&lt;lambda&gt;21]" time="0.00038433074951171875"><skipped message="Suite splitting in effect" type="pytest.skip">src/pymortests/operators.py:204: Suite splitting in effect</skipped></testcase><testcase classname="src.pymortests.operators" file="src/pymortests/operators.py" line="204" name="test_project[&lt;lambda&gt;22]" time="0.0003867149353027344"><skipped message="Suite splitting in effect" type="pytest.skip">src/pymortests/operators.py:204: Suite splitting in effect</skipped></testcase><testcase classname="src.pymortests.operators" file="src/pymortests/operators.py" line="204" name="test_project[&lt;lambda&gt;23]" time="0.0006625652313232422"><skipped message="Suite splitting in effect" type="pytest.skip">src/pymortests/operators.py:204: Suite splitting in effect</skipped></testcase><testcase classname="src.pymortests.operators" file="src/pymortests/operators.py" line="204" name="test_project[&lt;lambda&gt;24]" time="0.0003819465637207031"><skipped message="Suite splitting in effect" type="pytest.skip">src/pymortests/operators.py:204: Suite splitting in effect</skipped></testcase><testcase classname="src.pymortests.operators" file="src/pymortests/operators.py" line="204" name="test_project[&lt;lambda&gt;25]" time="0.00038242340087890625"><skipped message="Suite splitting in effect" type="pytest.skip">src/pymortests/operators.py:204: Suite splitting in effect</skipped></testcase><testcase classname="src.pymortests.operators" file="src/pymortests/operators.py" line="204" name="test_project[&lt;lambda&gt;26]" time="0.0004343986511230469"><skipped message="Suite splitting in effect" type="pytest.skip">src/pymortests/operators.py:204: Suite splitting in effect</skipped></testcase><testcase classname="src.pymortests.operators" file="src/pymortests/operators.py" line="204" name="test_project[&lt;lambda&gt;27]" time="0.00043201446533203125"><skipped message="Suite splitting in effect" type="pytest.skip">src/pymortests/operators.py:204: Suite splitting in effect</skipped></testcase><testcase classname="src.pymortests.operators" file="src/pymortests/operators.py" line="204" name="test_project[&lt;lambda&gt;28]" time="0.00042819976806640625"><skipped message="Suite splitting in effect" type="pytest.skip">src/pymortests/operators.py:204: Suite splitting in effect</skipped></testcase><testcase classname="src.pymortests.operators" file="src/pymortests/operators.py" line="204" name="test_project[&lt;lambda&gt;29]" time="0.0004124641418457031"><skipped message="Suite splitting in effect" type="pytest.skip">src/pymortests/operators.py:204: Suite splitting in effect</skipped></testcase><testcase classname="src.pymortests.operators" file="src/pymortests/operators.py" line="204" name="test_project[&lt;lambda&gt;30]" time="0.00041365623474121094"><skipped message="Suite splitting in effect" type="pytest.skip">src/pymortests/operators.py:204: Suite splitting in effect</skipped></testcase><testcase classname="src.pymortests.operators" file="src/pymortests/operators.py" line="204" name="test_project[&lt;lambda&gt;31]" time="0.0006515979766845703"><skipped message="Suite splitting in effect" type="pytest.skip">src/pymortests/operators.py:204: Suite splitting in effect</skipped></testcase><testcase classname="src.pymortests.operators" file="src/pymortests/operators.py" line="204" name="test_project[&lt;lambda&gt;32]" time="0.00043463706970214844"><skipped message="Suite splitting in effect" type="pytest.skip">src/pymortests/operators.py:204: Suite splitting in effect</skipped></testcase><testcase classname="src.pymortests.operators" file="src/pymortests/operators.py" line="204" name="test_project[&lt;lambda&gt;33]" time="0.0004203319549560547"><skipped message="Suite splitting in effect" type="pytest.skip">src/pymortests/operators.py:204: Suite splitting in effect</skipped></testcase><testcase classname="src.pymortests.operators" file="src/pymortests/operators.py" line="204" name="test_project[&lt;lambda&gt;34]" time="0.0003936290740966797"><skipped message="Suite splitting in effect" type="pytest.skip">src/pymortests/operators.py:204: Suite splitting in effect</skipped></testcase><testcase classname="src.pymortests.operators" file="src/pymortests/operators.py" line="204" name="test_project[&lt;lambda&gt;35]" time="0.00039958953857421875"><skipped message="Suite splitting in effect" type="pytest.skip">src/pymortests/operators.py:204: Suite splitting in effect</skipped></testcase><testcase classname="src.pymortests.operators" file="src/pymortests/operators.py" line="204" name="test_project[&lt;lambda&gt;36]" time="0.0003871917724609375"><skipped message="Suite splitting in effect" type="pytest.skip">src/pymortests/operators.py:204: Suite splitting in effect</skipped></testcase><testcase classname="src.pymortests.operators" file="src/pymortests/operators.py" line="204" name="test_project[&lt;lambda&gt;37]" time="0.0004620552062988281"><skipped message="Suite splitting in effect" type="pytest.skip">src/pymortests/operators.py:204: Suite splitting in effect</skipped></testcase><testcase classname="src.pymortests.operators" file="src/pymortests/operators.py" line="204" name="test_project[&lt;lambda&gt;38]" time="0.0003948211669921875"><skipped message="Suite splitting in effect" type="pytest.skip">src/pymortests/operators.py:204: Suite splitting in effect</skipped></testcase><testcase classname="src.pymortests.operators" file="src/pymortests/operators.py" line="204" name="test_project[&lt;lambda&gt;39]" time="0.0007083415985107422"><skipped message="Suite splitting in effect" type="pytest.skip">src/pymortests/operators.py:204: Suite splitting in effect</skipped></testcase><testcase classname="src.pymortests.operators" file="src/pymortests/operators.py" line="204" name="test_project[&lt;lambda&gt;40]" time="0.0004551410675048828"><skipped message="Suite splitting in effect" type="pytest.skip">src/pymortests/operators.py:204: Suite splitting in effect</skipped></testcase><testcase classname="src.pymortests.operators" file="src/pymortests/operators.py" line="214" name="test_project_2[&lt;lambda&gt;0]" time="0.0004112720489501953"><skipped message="Suite splitting in effect" type="pytest.skip">src/pymortests/operators.py:214: Suite splitting in effect</skipped></testcase><testcase classname="src.pymortests.operators" file="src/pymortests/operators.py" line="214" name="test_project_2[&lt;lambda&gt;1]" time="0.00038886070251464844"><skipped message="Suite splitting in effect" type="pytest.skip">src/pymortests/operators.py:214: Suite splitting in effect</skipped></testcase><testcase classname="src.pymortests.operators" file="src/pymortests/operators.py" line="214" name="test_project_2[&lt;lambda&gt;2]" time="0.0003883838653564453"><skipped message="Suite splitting in effect" type="pytest.skip">src/pymortests/operators.py:214: Suite splitting in effect</skipped></testcase><testcase classname="src.pymortests.operators" file="src/pymortests/operators.py" line="214" name="test_project_2[&lt;lambda&gt;3]" time="0.00041556358337402344"><skipped message="Suite splitting in effect" type="pytest.skip">src/pymortests/operators.py:214: Suite splitting in effect</skipped></testcase><testcase classname="src.pymortests.operators" file="src/pymortests/operators.py" line="214" name="test_project_2[&lt;lambda&gt;4]" time="0.0003917217254638672"><skipped message="Suite splitting in effect" type="pytest.skip">src/pymortests/operators.py:214: Suite splitting in effect</skipped></testcase><testcase classname="src.pymortests.operators" file="src/pymortests/operators.py" line="214" name="test_project_2[&lt;lambda&gt;5]" time="0.0004367828369140625"><skipped message="Suite splitting in effect" type="pytest.skip">src/pymortests/operators.py:214: Suite splitting in effect</skipped></testcase><testcase classname="src.pymortests.operators" file="src/pymortests/operators.py" line="214" name="test_project_2[&lt;lambda&gt;6]" time="0.0008647441864013672"><skipped message="Suite splitting in effect" type="pytest.skip">src/pymortests/operators.py:214: Suite splitting in effect</skipped></testcase><testcase classname="src.pymortests.operators" file="src/pymortests/operators.py" line="214" name="test_project_2[&lt;lambda&gt;7]" time="0.00043082237243652344"><skipped message="Suite splitting in effect" type="pytest.skip">src/pymortests/operators.py:214: Suite splitting in effect</skipped></testcase><testcase classname="src.pymortests.operators" file="src/pymortests/operators.py" line="214" name="test_project_2[&lt;lambda&gt;8]" time="0.0004069805145263672"><skipped message="Suite splitting in effect" type="pytest.skip">src/pymortests/operators.py:214: Suite splitting in effect</skipped></testcase><testcase classname="src.pymortests.operators" file="src/pymortests/operators.py" line="214" name="test_project_2[&lt;lambda&gt;9]" time="0.0003895759582519531"><skipped message="Suite splitting in effect" type="pytest.skip">src/pymortests/operators.py:214: Suite splitting in effect</skipped></testcase><testcase classname="src.pymortests.operators" file="src/pymortests/operators.py" line="214" name="test_project_2[&lt;lambda&gt;10]" time="0.00038933753967285156"><skipped message="Suite splitting in effect" type="pytest.skip">src/pymortests/operators.py:214: Suite splitting in effect</skipped></testcase><testcase classname="src.pymortests.operators" file="src/pymortests/operators.py" line="214" name="test_project_2[&lt;lambda&gt;11]" time="0.0003848075866699219"><skipped message="Suite splitting in effect" type="pytest.skip">src/pymortests/operators.py:214: Suite splitting in effect</skipped></testcase><testcase classname="src.pymortests.operators" file="src/pymortests/operators.py" line="214" name="test_project_2[&lt;lambda&gt;12]" time="0.00043511390686035156"><skipped message="Suite splitting in effect" type="pytest.skip">src/pymortests/operators.py:214: Suite splitting in effect</skipped></testcase><testcase classname="src.pymortests.operators" file="src/pymortests/operators.py" line="214" name="test_project_2[&lt;lambda&gt;13]" time="0.000431060791015625"><skipped message="Suite splitting in effect" type="pytest.skip">src/pymortests/operators.py:214: Suite splitting in effect</skipped></testcase><testcase classname="src.pymortests.operators" file="src/pymortests/operators.py" line="214" name="test_project_2[&lt;lambda&gt;14]" time="0.0006723403930664062"><skipped message="Suite splitting in effect" type="pytest.skip">src/pymortests/operators.py:214: Suite splitting in effect</skipped></testcase><testcase classname="src.pymortests.operators" file="src/pymortests/operators.py" line="214" name="test_project_2[&lt;lambda&gt;15]" time="0.00039768218994140625"><skipped message="Suite splitting in effect" type="pytest.skip">src/pymortests/operators.py:214: Suite splitting in effect</skipped></testcase><testcase classname="src.pymortests.operators" file="src/pymortests/operators.py" line="214" name="test_project_2[&lt;lambda&gt;16]" time="0.0004143714904785156"><skipped message="Suite splitting in effect" type="pytest.skip">src/pymortests/operators.py:214: Suite splitting in effect</skipped></testcase><testcase classname="src.pymortests.operators" file="src/pymortests/operators.py" line="214" name="test_project_2[&lt;lambda&gt;17]" time="0.0004165172576904297"><skipped message="Suite splitting in effect" type="pytest.skip">src/pymortests/operators.py:214: Suite splitting in effect</skipped></testcase><testcase classname="src.pymortests.operators" file="src/pymortests/operators.py" line="214" name="test_project_2[&lt;lambda&gt;18]" time="0.00038886070251464844"><skipped message="Suite splitting in effect" type="pytest.skip">src/pymortests/operators.py:214: Suite splitting in effect</skipped></testcase><testcase classname="src.pymortests.operators" file="src/pymortests/operators.py" line="214" name="test_project_2[&lt;lambda&gt;19]" time="0.0003871917724609375"><skipped message="Suite splitting in effect" type="pytest.skip">src/pymortests/operators.py:214: Suite splitting in effect</skipped></testcase><testcase classname="src.pymortests.operators" file="src/pymortests/operators.py" line="214" name="test_project_2[&lt;lambda&gt;20]" time="0.00038695335388183594"><skipped message="Suite splitting in effect" type="pytest.skip">src/pymortests/operators.py:214: Suite splitting in effect</skipped></testcase><testcase classname="src.pymortests.operators" file="src/pymortests/operators.py" line="214" name="test_project_2[&lt;lambda&gt;21]" time="0.0004119873046875"><skipped message="Suite splitting in effect" type="pytest.skip">src/pymortests/operators.py:214: Suite splitting in effect</skipped></testcase><testcase classname="src.pymortests.operators" file="src/pymortests/operators.py" line="214" name="test_project_2[&lt;lambda&gt;22]" time="0.0006780624389648438"><skipped message="Suite splitting in effect" type="pytest.skip">src/pymortests/operators.py:214: Suite splitting in effect</skipped></testcase><testcase classname="src.pymortests.operators" file="src/pymortests/operators.py" line="214" name="test_project_2[&lt;lambda&gt;23]" time="0.00038743019104003906"><skipped message="Suite splitting in effect" type="pytest.skip">src/pymortests/operators.py:214: Suite splitting in effect</skipped></testcase><testcase classname="src.pymortests.operators" file="src/pymortests/operators.py" line="214" name="test_project_2[&lt;lambda&gt;24]" time="0.00038623809814453125"><skipped message="Suite splitting in effect" type="pytest.skip">src/pymortests/operators.py:214: Suite splitting in effect</skipped></testcase><testcase classname="src.pymortests.operators" file="src/pymortests/operators.py" line="214" name="test_project_2[&lt;lambda&gt;25]" time="0.0004215240478515625"><skipped message="Suite splitting in effect" type="pytest.skip">src/pymortests/operators.py:214: Suite splitting in effect</skipped></testcase><testcase classname="src.pymortests.operators" file="src/pymortests/operators.py" line="214" name="test_project_2[&lt;lambda&gt;26]" time="0.0004138946533203125"><skipped message="Suite splitting in effect" type="pytest.skip">src/pymortests/operators.py:214: Suite splitting in effect</skipped></testcase><testcase classname="src.pymortests.operators" file="src/pymortests/operators.py" line="214" name="test_project_2[&lt;lambda&gt;27]" time="0.00041484832763671875"><skipped message="Suite splitting in effect" type="pytest.skip">src/pymortests/operators.py:214: Suite splitting in effect</skipped></testcase><testcase classname="src.pymortests.operators" file="src/pymortests/operators.py" line="214" name="test_project_2[&lt;lambda&gt;28]" time="0.00041294097900390625"><skipped message="Suite splitting in effect" type="pytest.skip">src/pymortests/operators.py:214: Suite splitting in effect</skipped></testcase><testcase classname="src.pymortests.operators" file="src/pymortests/operators.py" line="214" name="test_project_2[&lt;lambda&gt;29]" time="0.0004172325134277344"><skipped message="Suite splitting in effect" type="pytest.skip">src/pymortests/operators.py:214: Suite splitting in effect</skipped></testcase><testcase classname="src.pymortests.operators" file="src/pymortests/operators.py" line="214" name="test_project_2[&lt;lambda&gt;30]" time="0.0006856918334960938"><skipped message="Suite splitting in effect" type="pytest.skip">src/pymortests/operators.py:214: Suite splitting in effect</skipped></testcase><testcase classname="src.pymortests.operators" file="src/pymortests/operators.py" line="214" name="test_project_2[&lt;lambda&gt;31]" time="0.00042057037353515625"><skipped message="Suite splitting in effect" type="pytest.skip">src/pymortests/operators.py:214: Suite splitting in effect</skipped></testcase><testcase classname="src.pymortests.operators" file="src/pymortests/operators.py" line="214" name="test_project_2[&lt;lambda&gt;32]" time="0.0004363059997558594"><skipped message="Suite splitting in effect" type="pytest.skip">src/pymortests/operators.py:214: Suite splitting in effect</skipped></testcase><testcase classname="src.pymortests.operators" file="src/pymortests/operators.py" line="214" name="test_project_2[&lt;lambda&gt;33]" time="0.0004093647003173828"><skipped message="Suite splitting in effect" type="pytest.skip">src/pymortests/operators.py:214: Suite splitting in effect</skipped></testcase><testcase classname="src.pymortests.operators" file="src/pymortests/operators.py" line="214" name="test_project_2[&lt;lambda&gt;34]" time="0.00041484832763671875"><skipped message="Suite splitting in effect" type="pytest.skip">src/pymortests/operators.py:214: Suite splitting in effect</skipped></testcase><testcase classname="src.pymortests.operators" file="src/pymortests/operators.py" line="214" name="test_project_2[&lt;lambda&gt;35]" time="0.0003941059112548828"><skipped message="Suite splitting in effect" type="pytest.skip">src/pymortests/operators.py:214: Suite splitting in effect</skipped></testcase><testcase classname="src.pymortests.operators" file="src/pymortests/operators.py" line="214" name="test_project_2[&lt;lambda&gt;36]" time="0.00040149688720703125"><skipped message="Suite splitting in effect" type="pytest.skip">src/pymortests/operators.py:214: Suite splitting in effect</skipped></testcase><testcase classname="src.pymortests.operators" file="src/pymortests/operators.py" line="214" name="test_project_2[&lt;lambda&gt;37]" time="0.00039005279541015625"><skipped message="Suite splitting in effect" type="pytest.skip">src/pymortests/operators.py:214: Suite splitting in effect</skipped></testcase><testcase classname="src.pymortests.operators" file="src/pymortests/operators.py" line="214" name="test_project_2[&lt;lambda&gt;38]" time="0.0006787776947021484"><skipped message="Suite splitting in effect" type="pytest.skip">src/pymortests/operators.py:214: Suite splitting in effect</skipped></testcase><testcase classname="src.pymortests.operators" file="src/pymortests/operators.py" line="214" name="test_project_2[&lt;lambda&gt;39]" time="0.0003867149353027344"><skipped message="Suite splitting in effect" type="pytest.skip">src/pymortests/operators.py:214: Suite splitting in effect</skipped></testcase><testcase classname="src.pymortests.operators" file="src/pymortests/operators.py" line="214" name="test_project_2[&lt;lambda&gt;40]" time="0.00041484832763671875"><skipped message="Suite splitting in effect" type="pytest.skip">src/pymortests/operators.py:214: Suite splitting in effect</skipped></testcase><testcase classname="src.pymortests.operators" file="src/pymortests/operators.py" line="230" name="test_project_with_product[&lt;lambda&gt;0]" time="0.0004210472106933594"><skipped message="Suite splitting in effect" type="pytest.skip">src/pymortests/operators.py:230: Suite splitting in effect</skipped></testcase><testcase classname="src.pymortests.operators" file="src/pymortests/operators.py" line="230" name="test_project_with_product[&lt;lambda&gt;1]" time="0.00041985511779785156"><skipped message="Suite splitting in effect" type="pytest.skip">src/pymortests/operators.py:230: Suite splitting in effect</skipped></testcase><testcase classname="src.pymortests.operators" file="src/pymortests/operators.py" line="230" name="test_project_with_product[&lt;lambda&gt;2]" time="0.00043582916259765625"><skipped message="Suite splitting in effect" type="pytest.skip">src/pymortests/operators.py:230: Suite splitting in effect</skipped></testcase><testcase classname="src.pymortests.operators" file="src/pymortests/operators.py" line="230" name="test_project_with_product[&lt;lambda&gt;3]" time="0.0004191398620605469"><skipped message="Suite splitting in effect" type="pytest.skip">src/pymortests/operators.py:230: Suite splitting in effect</skipped></testcase><testcase classname="src.pymortests.operators" file="src/pymortests/operators.py" line="230" name="test_project_with_product[&lt;lambda&gt;4]" time="0.0004100799560546875"><skipped message="Suite splitting in effect" type="pytest.skip">src/pymortests/operators.py:230: Suite splitting in effect</skipped></testcase><testcase classname="src.pymortests.operators" file="src/pymortests/operators.py" line="230" name="test_project_with_product[&lt;lambda&gt;5]" time="0.0007045269012451172"><skipped message="Suite splitting in effect" type="pytest.skip">src/pymortests/operators.py:230: Suite splitting in effect</skipped></testcase><testcase classname="src.pymortests.operators" file="src/pymortests/operators.py" line="230" name="test_project_with_product[&lt;lambda&gt;6]" time="0.0003955364227294922"><skipped message="Suite splitting in effect" type="pytest.skip">src/pymortests/operators.py:230: Suite splitting in effect</skipped></testcase><testcase classname="src.pymortests.operators" file="src/pymortests/operators.py" line="230" name="test_project_with_product[&lt;lambda&gt;7]" time="0.00039267539978027344"><skipped message="Suite splitting in effect" type="pytest.skip">src/pymortests/operators.py:230: Suite splitting in effect</skipped></testcase><testcase classname="src.pymortests.operators" file="src/pymortests/operators.py" line="230" name="test_project_with_product[&lt;lambda&gt;8]" time="0.0004086494445800781"><skipped message="Suite splitting in effect" type="pytest.skip">src/pymortests/operators.py:230: Suite splitting in effect</skipped></testcase><testcase classname="src.pymortests.operators" file="src/pymortests/operators.py" line="230" name="test_project_with_product[&lt;lambda&gt;9]" time="0.0004208087921142578"><skipped message="Suite splitting in effect" type="pytest.skip">src/pymortests/operators.py:230: Suite splitting in effect</skipped></testcase><testcase classname="src.pymortests.operators" file="src/pymortests/operators.py" line="230" name="test_project_with_product[&lt;lambda&gt;10]" time="0.00041222572326660156"><skipped message="Suite splitting in effect" type="pytest.skip">src/pymortests/operators.py:230: Suite splitting in effect</skipped></testcase><testcase classname="src.pymortests.operators" file="src/pymortests/operators.py" line="230" name="test_project_with_product[&lt;lambda&gt;11]" time="0.000392913818359375"><skipped message="Suite splitting in effect" type="pytest.skip">src/pymortests/operators.py:230: Suite splitting in effect</skipped></testcase><testcase classname="src.pymortests.operators" file="src/pymortests/operators.py" line="230" name="test_project_with_product[&lt;lambda&gt;12]" time="0.0004143714904785156"><skipped message="Suite splitting in effect" type="pytest.skip">src/pymortests/operators.py:230: Suite splitting in effect</skipped></testcase><testcase classname="src.pymortests.operators" file="src/pymortests/operators.py" line="230" name="test_project_with_product[&lt;lambda&gt;13]" time="0.0006852149963378906"><skipped message="Suite splitting in effect" type="pytest.skip">src/pymortests/operators.py:230: Suite splitting in effect</skipped></testcase><testcase classname="src.pymortests.operators" file="src/pymortests/operators.py" line="230" name="test_project_with_product[&lt;lambda&gt;14]" time="0.000415802001953125"><skipped message="Suite splitting in effect" type="pytest.skip">src/pymortests/operators.py:230: Suite splitting in effect</skipped></testcase><testcase classname="src.pymortests.operators" file="src/pymortests/operators.py" line="230" name="test_project_with_product[&lt;lambda&gt;15]" time="0.0004138946533203125"><skipped message="Suite splitting in effect" type="pytest.skip">src/pymortests/operators.py:230: Suite splitting in effect</skipped></testcase><testcase classname="src.pymortests.operators" file="src/pymortests/operators.py" line="230" name="test_project_with_product[&lt;lambda&gt;16]" time="0.0004119873046875"><skipped message="Suite splitting in effect" type="pytest.skip">src/pymortests/operators.py:230: Suite splitting in effect</skipped></testcase><testcase classname="src.pymortests.operators" file="src/pymortests/operators.py" line="230" name="test_project_with_product[&lt;lambda&gt;17]" time="0.0003948211669921875"><skipped message="Suite splitting in effect" type="pytest.skip">src/pymortests/operators.py:230: Suite splitting in effect</skipped></testcase><testcase classname="src.pymortests.operators" file="src/pymortests/operators.py" line="230" name="test_project_with_product[&lt;lambda&gt;18]" time="0.0003895759582519531"><skipped message="Suite splitting in effect" type="pytest.skip">src/pymortests/operators.py:230: Suite splitting in effect</skipped></testcase><testcase classname="src.pymortests.operators" file="src/pymortests/operators.py" line="230" name="test_project_with_product[&lt;lambda&gt;19]" time="0.00043487548828125"><skipped message="Suite splitting in effect" type="pytest.skip">src/pymortests/operators.py:230: Suite splitting in effect</skipped></testcase><testcase classname="src.pymortests.operators" file="src/pymortests/operators.py" line="230" name="test_project_with_product[&lt;lambda&gt;20]" time="0.0004220008850097656"><skipped message="Suite splitting in effect" type="pytest.skip">src/pymortests/operators.py:230: Suite splitting in effect</skipped></testcase><testcase classname="src.pymortests.operators" file="src/pymortests/operators.py" line="230" name="test_project_with_product[&lt;lambda&gt;21]" time="0.0006639957427978516"><skipped message="Suite splitting in effect" type="pytest.skip">src/pymortests/operators.py:230: Suite splitting in effect</skipped></testcase><testcase classname="src.pymortests.operators" file="src/pymortests/operators.py" line="230" name="test_project_with_product[&lt;lambda&gt;22]" time="0.0004267692565917969"><skipped message="Suite splitting in effect" type="pytest.skip">src/pymortests/operators.py:230: Suite splitting in effect</skipped></testcase><testcase classname="src.pymortests.operators" file="src/pymortests/operators.py" line="230" name="test_project_with_product[&lt;lambda&gt;23]" time="0.0004246234893798828"><skipped message="Suite splitting in effect" type="pytest.skip">src/pymortests/operators.py:230: Suite splitting in effect</skipped></testcase><testcase classname="src.pymortests.operators" file="src/pymortests/operators.py" line="230" name="test_project_with_product[&lt;lambda&gt;24]" time="0.00044727325439453125"><skipped message="Suite splitting in effect" type="pytest.skip">src/pymortests/operators.py:230: Suite splitting in effect</skipped></testcase><testcase classname="src.pymortests.operators" file="src/pymortests/operators.py" line="230" name="test_project_with_product[&lt;lambda&gt;25]" time="0.0004189014434814453"><skipped message="Suite splitting in effect" type="pytest.skip">src/pymortests/operators.py:230: Suite splitting in effect</skipped></testcase><testcase classname="src.pymortests.operators" file="src/pymortests/operators.py" line="230" name="test_project_with_product[&lt;lambda&gt;26]" time="0.0004239082336425781"><skipped message="Suite splitting in effect" type="pytest.skip">src/pymortests/operators.py:230: Suite splitting in effect</skipped></testcase><testcase classname="src.pymortests.operators" file="src/pymortests/operators.py" line="230" name="test_project_with_product[&lt;lambda&gt;27]" time="0.0004296302795410156"><skipped message="Suite splitting in effect" type="pytest.skip">src/pymortests/operators.py:230: Suite splitting in effect</skipped></testcase><testcase classname="src.pymortests.operators" file="src/pymortests/operators.py" line="230" name="test_project_with_product[&lt;lambda&gt;28]" time="0.0003955364227294922"><skipped message="Suite splitting in effect" type="pytest.skip">src/pymortests/operators.py:230: Suite splitting in effect</skipped></testcase><testcase classname="src.pymortests.operators" file="src/pymortests/operators.py" line="230" name="test_project_with_product[&lt;lambda&gt;29]" time="0.0006771087646484375"><skipped message="Suite splitting in effect" type="pytest.skip">src/pymortests/operators.py:230: Suite splitting in effect</skipped></testcase><testcase classname="src.pymortests.operators" file="src/pymortests/operators.py" line="230" name="test_project_with_product[&lt;lambda&gt;30]" time="0.00041604042053222656"><skipped message="Suite splitting in effect" type="pytest.skip">src/pymortests/operators.py:230: Suite splitting in effect</skipped></testcase><testcase classname="src.pymortests.operators" file="src/pymortests/operators.py" line="230" name="test_project_with_product[&lt;lambda&gt;31]" time="0.00040984153747558594"><skipped message="Suite splitting in effect" type="pytest.skip">src/pymortests/operators.py:230: Suite splitting in effect</skipped></testcase><testcase classname="src.pymortests.operators" file="src/pymortests/operators.py" line="230" name="test_project_with_product[&lt;lambda&gt;32]" time="0.00038361549377441406"><skipped message="Suite splitting in effect" type="pytest.skip">src/pymortests/operators.py:230: Suite splitting in effect</skipped></testcase><testcase classname="src.pymortests.operators" file="src/pymortests/operators.py" line="230" name="test_project_with_product[&lt;lambda&gt;33]" time="0.0003921985626220703"><skipped message="Suite splitting in effect" type="pytest.skip">src/pymortests/operators.py:230: Suite splitting in effect</skipped></testcase><testcase classname="src.pymortests.operators" file="src/pymortests/operators.py" line="230" name="test_project_with_product[&lt;lambda&gt;34]" time="0.0003871917724609375"><skipped message="Suite splitting in effect" type="pytest.skip">src/pymortests/operators.py:230: Suite splitting in effect</skipped></testcase><testcase classname="src.pymortests.operators" file="src/pymortests/operators.py" line="230" name="test_project_with_product[&lt;lambda&gt;35]" time="0.0004100799560546875"><skipped message="Suite splitting in effect" type="pytest.skip">src/pymortests/operators.py:230: Suite splitting in effect</skipped></testcase><testcase classname="src.pymortests.operators" file="src/pymortests/operators.py" line="230" name="test_project_with_product[&lt;lambda&gt;36]" time="0.0004127025604248047"><skipped message="Suite splitting in effect" type="pytest.skip">src/pymortests/operators.py:230: Suite splitting in effect</skipped></testcase><testcase classname="src.pymortests.operators" file="src/pymortests/operators.py" line="240" name="test_project_with_product_2[&lt;lambda&gt;0]" time="0.0006718635559082031"><skipped message="Suite splitting in effect" type="pytest.skip">src/pymortests/operators.py:240: Suite splitting in effect</skipped></testcase><testcase classname="src.pymortests.operators" file="src/pymortests/operators.py" line="240" name="test_project_with_product_2[&lt;lambda&gt;1]" time="0.0004093647003173828"><skipped message="Suite splitting in effect" type="pytest.skip">src/pymortests/operators.py:240: Suite splitting in effect</skipped></testcase><testcase classname="src.pymortests.operators" file="src/pymortests/operators.py" line="240" name="test_project_with_product_2[&lt;lambda&gt;2]" time="0.00038552284240722656"><skipped message="Suite splitting in effect" type="pytest.skip">src/pymortests/operators.py:240: Suite splitting in effect</skipped></testcase><testcase classname="src.pymortests.operators" file="src/pymortests/operators.py" line="240" name="test_project_with_product_2[&lt;lambda&gt;3]" time="0.000408172607421875"><skipped message="Suite splitting in effect" type="pytest.skip">src/pymortests/operators.py:240: Suite splitting in effect</skipped></testcase><testcase classname="src.pymortests.operators" file="src/pymortests/operators.py" line="240" name="test_project_with_product_2[&lt;lambda&gt;4]" time="0.00041556358337402344"><skipped message="Suite splitting in effect" type="pytest.skip">src/pymortests/operators.py:240: Suite splitting in effect</skipped></testcase><testcase classname="src.pymortests.operators" file="src/pymortests/operators.py" line="240" name="test_project_with_product_2[&lt;lambda&gt;5]" time="0.00038886070251464844"><skipped message="Suite splitting in effect" type="pytest.skip">src/pymortests/operators.py:240: Suite splitting in effect</skipped></testcase><testcase classname="src.pymortests.operators" file="src/pymortests/operators.py" line="240" name="test_project_with_product_2[&lt;lambda&gt;6]" time="0.0003914833068847656"><skipped message="Suite splitting in effect" type="pytest.skip">src/pymortests/operators.py:240: Suite splitting in effect</skipped></testcase><testcase classname="src.pymortests.operators" file="src/pymortests/operators.py" line="240" name="test_project_with_product_2[&lt;lambda&gt;7]" time="0.0004215240478515625"><skipped message="Suite splitting in effect" type="pytest.skip">src/pymortests/operators.py:240: Suite splitting in effect</skipped></testcase><testcase classname="src.pymortests.operators" file="src/pymortests/operators.py" line="240" name="test_project_with_product_2[&lt;lambda&gt;8]" time="0.0006520748138427734"><skipped message="Suite splitting in effect" type="pytest.skip">src/pymortests/operators.py:240: Suite splitting in effect</skipped></testcase><testcase classname="src.pymortests.operators" file="src/pymortests/operators.py" line="240" name="test_project_with_product_2[&lt;lambda&gt;9]" time="0.0003883838653564453"><skipped message="Suite splitting in effect" type="pytest.skip">src/pymortests/operators.py:240: Suite splitting in effect</skipped></testcase><testcase classname="src.pymortests.operators" file="src/pymortests/operators.py" line="240" name="test_project_with_product_2[&lt;lambda&gt;10]" time="0.0004429817199707031"><skipped message="Suite splitting in effect" type="pytest.skip">src/pymortests/operators.py:240: Suite splitting in effect</skipped></testcase><testcase classname="src.pymortests.operators" file="src/pymortests/operators.py" line="240" name="test_project_with_product_2[&lt;lambda&gt;11]" time="0.0004169940948486328"><skipped message="Suite splitting in effect" type="pytest.skip">src/pymortests/operators.py:240: Suite splitting in effect</skipped></testcase><testcase classname="src.pymortests.operators" file="src/pymortests/operators.py" line="240" name="test_project_with_product_2[&lt;lambda&gt;12]" time="0.0004172325134277344"><skipped message="Suite splitting in effect" type="pytest.skip">src/pymortests/operators.py:240: Suite splitting in effect</skipped></testcase><testcase classname="src.pymortests.operators" file="src/pymortests/operators.py" line="240" name="test_project_with_product_2[&lt;lambda&gt;13]" time="0.0003905296325683594"><skipped message="Suite splitting in effect" type="pytest.skip">src/pymortests/operators.py:240: Suite splitting in effect</skipped></testcase><testcase classname="src.pymortests.operators" file="src/pymortests/operators.py" line="240" name="test_project_with_product_2[&lt;lambda&gt;14]" time="0.00040793418884277344"><skipped message="Suite splitting in effect" type="pytest.skip">src/pymortests/operators.py:240: Suite splitting in effect</skipped></testcase><testcase classname="src.pymortests.operators" file="src/pymortests/operators.py" line="240" name="test_project_with_product_2[&lt;lambda&gt;15]" time="0.0003914833068847656"><skipped message="Suite splitting in effect" type="pytest.skip">src/pymortests/operators.py:240: Suite splitting in effect</skipped></testcase><testcase classname="src.pymortests.operators" file="src/pymortests/operators.py" line="240" name="test_project_with_product_2[&lt;lambda&gt;16]" time="0.0006842613220214844"><skipped message="Suite splitting in effect" type="pytest.skip">src/pymortests/operators.py:240: Suite splitting in effect</skipped></testcase><testcase classname="src.pymortests.operators" file="src/pymortests/operators.py" line="240" name="test_project_with_product_2[&lt;lambda&gt;17]" time="0.0004189014434814453"><skipped message="Suite splitting in effect" type="pytest.skip">src/pymortests/operators.py:240: Suite splitting in effect</skipped></testcase><testcase classname="src.pymortests.operators" file="src/pymortests/operators.py" line="240" name="test_project_with_product_2[&lt;lambda&gt;18]" time="0.00039124488830566406"><skipped message="Suite splitting in effect" type="pytest.skip">src/pymortests/operators.py:240: Suite splitting in effect</skipped></testcase><testcase classname="src.pymortests.operators" file="src/pymortests/operators.py" line="240" name="test_project_with_product_2[&lt;lambda&gt;19]" time="0.00040149688720703125"><skipped message="Suite splitting in effect" type="pytest.skip">src/pymortests/operators.py:240: Suite splitting in effect</skipped></testcase><testcase classname="src.pymortests.operators" file="src/pymortests/operators.py" line="240" name="test_project_with_product_2[&lt;lambda&gt;20]" time="0.0003936290740966797"><skipped message="Suite splitting in effect" type="pytest.skip">src/pymortests/operators.py:240: Suite splitting in effect</skipped></testcase><testcase classname="src.pymortests.operators" file="src/pymortests/operators.py" line="240" name="test_project_with_product_2[&lt;lambda&gt;21]" time="0.0004017353057861328"><skipped message="Suite splitting in effect" type="pytest.skip">src/pymortests/operators.py:240: Suite splitting in effect</skipped></testcase><testcase classname="src.pymortests.operators" file="src/pymortests/operators.py" line="240" name="test_project_with_product_2[&lt;lambda&gt;22]" time="0.0004477500915527344"><skipped message="Suite splitting in effect" type="pytest.skip">src/pymortests/operators.py:240: Suite splitting in effect</skipped></testcase><testcase classname="src.pymortests.operators" file="src/pymortests/operators.py" line="240" name="test_project_with_product_2[&lt;lambda&gt;23]" time="0.00042319297790527344"><skipped message="Suite splitting in effect" type="pytest.skip">src/pymortests/operators.py:240: Suite splitting in effect</skipped></testcase><testcase classname="src.pymortests.operators" file="src/pymortests/operators.py" line="240" name="test_project_with_product_2[&lt;lambda&gt;24]" time="0.0008530616760253906"><skipped message="Suite splitting in effect" type="pytest.skip">src/pymortests/operators.py:240: Suite splitting in effect</skipped></testcase><testcase classname="src.pymortests.operators" file="src/pymortests/operators.py" line="240" name="test_project_with_product_2[&lt;lambda&gt;25]" time="0.0003910064697265625"><skipped message="Suite splitting in effect" type="pytest.skip">src/pymortests/operators.py:240: Suite splitting in effect</skipped></testcase><testcase classname="src.pymortests.operators" file="src/pymortests/operators.py" line="240" name="test_project_with_product_2[&lt;lambda&gt;26]" time="0.0004119873046875"><skipped message="Suite splitting in effect" type="pytest.skip">src/pymortests/operators.py:240: Suite splitting in effect</skipped></testcase><testcase classname="src.pymortests.operators" file="src/pymortests/operators.py" line="240" name="test_project_with_product_2[&lt;lambda&gt;27]" time="0.00039196014404296875"><skipped message="Suite splitting in effect" type="pytest.skip">src/pymortests/operators.py:240: Suite splitting in effect</skipped></testcase><testcase classname="src.pymortests.operators" file="src/pymortests/operators.py" line="240" name="test_project_with_product_2[&lt;lambda&gt;28]" time="0.0003902912139892578"><skipped message="Suite splitting in effect" type="pytest.skip">src/pymortests/operators.py:240: Suite splitting in effect</skipped></testcase><testcase classname="src.pymortests.operators" file="src/pymortests/operators.py" line="240" name="test_project_with_product_2[&lt;lambda&gt;29]" time="0.0004096031188964844"><skipped message="Suite splitting in effect" type="pytest.skip">src/pymortests/operators.py:240: Suite splitting in effect</skipped></testcase><testcase classname="src.pymortests.operators" file="src/pymortests/operators.py" line="240" name="test_project_with_product_2[&lt;lambda&gt;30]" time="0.0004229545593261719"><skipped message="Suite splitting in effect" type="pytest.skip">src/pymortests/operators.py:240: Suite splitting in effect</skipped></testcase><testcase classname="src.pymortests.operators" file="src/pymortests/operators.py" line="240" name="test_project_with_product_2[&lt;lambda&gt;31]" time="0.0004177093505859375"><skipped message="Suite splitting in effect" type="pytest.skip">src/pymortests/operators.py:240: Suite splitting in effect</skipped></testcase><testcase classname="src.pymortests.operators" file="src/pymortests/operators.py" line="240" name="test_project_with_product_2[&lt;lambda&gt;32]" time="0.0006582736968994141"><skipped message="Suite splitting in effect" type="pytest.skip">src/pymortests/operators.py:240: Suite splitting in effect</skipped></testcase><testcase classname="src.pymortests.operators" file="src/pymortests/operators.py" line="240" name="test_project_with_product_2[&lt;lambda&gt;33]" time="0.00041413307189941406"><skipped message="Suite splitting in effect" type="pytest.skip">src/pymortests/operators.py:240: Suite splitting in effect</skipped></testcase><testcase classname="src.pymortests.operators" file="src/pymortests/operators.py" line="240" name="test_project_with_product_2[&lt;lambda&gt;34]" time="0.00041484832763671875"><skipped message="Suite splitting in effect" type="pytest.skip">src/pymortests/operators.py:240: Suite splitting in effect</skipped></testcase><testcase classname="src.pymortests.operators" file="src/pymortests/operators.py" line="240" name="test_project_with_product_2[&lt;lambda&gt;35]" time="0.00041365623474121094"><skipped message="Suite splitting in effect" type="pytest.skip">src/pymortests/operators.py:240: Suite splitting in effect</skipped></testcase><testcase classname="src.pymortests.operators" file="src/pymortests/operators.py" line="240" name="test_project_with_product_2[&lt;lambda&gt;36]" time="0.0004131793975830078"><skipped message="Suite splitting in effect" type="pytest.skip">src/pymortests/operators.py:240: Suite splitting in effect</skipped></testcase><testcase classname="src.pymortests.operators" file="src/pymortests/operators.py" line="256" name="test_jacobian[&lt;lambda&gt;0]" time="0.0004889965057373047"><skipped message="Suite splitting in effect" type="pytest.skip">src/pymortests/operators.py:256: Suite splitting in effect</skipped></testcase><testcase classname="src.pymortests.operators" file="src/pymortests/operators.py" line="256" name="test_jacobian[&lt;lambda&gt;1]" time="0.0003905296325683594"><skipped message="Suite splitting in effect" type="pytest.skip">src/pymortests/operators.py:256: Suite splitting in effect</skipped></testcase><testcase classname="src.pymortests.operators" file="src/pymortests/operators.py" line="256" name="test_jacobian[&lt;lambda&gt;2]" time="0.00041484832763671875"><skipped message="Suite splitting in effect" type="pytest.skip">src/pymortests/operators.py:256: Suite splitting in effect</skipped></testcase><testcase classname="src.pymortests.operators" file="src/pymortests/operators.py" line="256" name="test_jacobian[&lt;lambda&gt;3]" time="0.0006566047668457031"><skipped message="Suite splitting in effect" type="pytest.skip">src/pymortests/operators.py:256: Suite splitting in effect</skipped></testcase><testcase classname="src.pymortests.operators" file="src/pymortests/operators.py" line="256" name="test_jacobian[&lt;lambda&gt;4]" time="0.0004208087921142578"><skipped message="Suite splitting in effect" type="pytest.skip">src/pymortests/operators.py:256: Suite splitting in effect</skipped></testcase><testcase classname="src.pymortests.operators" file="src/pymortests/operators.py" line="256" name="test_jacobian[&lt;lambda&gt;5]" time="0.0003879070281982422"><skipped message="Suite splitting in effect" type="pytest.skip">src/pymortests/operators.py:256: Suite splitting in effect</skipped></testcase><testcase classname="src.pymortests.operators" file="src/pymortests/operators.py" line="256" name="test_jacobian[&lt;lambda&gt;6]" time="0.00040531158447265625"><skipped message="Suite splitting in effect" type="pytest.skip">src/pymortests/operators.py:256: Suite splitting in effect</skipped></testcase><testcase classname="src.pymortests.operators" file="src/pymortests/operators.py" line="256" name="test_jacobian[&lt;lambda&gt;7]" time="0.0004229545593261719"><skipped message="Suite splitting in effect" type="pytest.skip">src/pymortests/operators.py:256: Suite splitting in effect</skipped></testcase><testcase classname="src.pymortests.operators" file="src/pymortests/operators.py" line="256" name="test_jacobian[&lt;lambda&gt;8]" time="0.00042438507080078125"><skipped message="Suite splitting in effect" type="pytest.skip">src/pymortests/operators.py:256: Suite splitting in effect</skipped></testcase><testcase classname="src.pymortests.operators" file="src/pymortests/operators.py" line="256" name="test_jacobian[&lt;lambda&gt;9]" time="0.0004093647003173828"><skipped message="Suite splitting in effect" type="pytest.skip">src/pymortests/operators.py:256: Suite splitting in effect</skipped></testcase><testcase classname="src.pymortests.operators" file="src/pymortests/operators.py" line="256" name="test_jacobian[&lt;lambda&gt;10]" time="0.0004222393035888672"><skipped message="Suite splitting in effect" type="pytest.skip">src/pymortests/operators.py:256: Suite splitting in effect</skipped></testcase><testcase classname="src.pymortests.operators" file="src/pymortests/operators.py" line="256" name="test_jacobian[&lt;lambda&gt;11]" time="0.0006537437438964844"><skipped message="Suite splitting in effect" type="pytest.skip">src/pymortests/operators.py:256: Suite splitting in effect</skipped></testcase><testcase classname="src.pymortests.operators" file="src/pymortests/operators.py" line="256" name="test_jacobian[&lt;lambda&gt;12]" time="0.0004341602325439453"><skipped message="Suite splitting in effect" type="pytest.skip">src/pymortests/operators.py:256: Suite splitting in effect</skipped></testcase><testcase classname="src.pymortests.operators" file="src/pymortests/operators.py" line="256" name="test_jacobian[&lt;lambda&gt;13]" time="0.00040602684020996094"><skipped message="Suite splitting in effect" type="pytest.skip">src/pymortests/operators.py:256: Suite splitting in effect</skipped></testcase><testcase classname="src.pymortests.operators" file="src/pymortests/operators.py" line="256" name="test_jacobian[&lt;lambda&gt;14]" time="0.0003809928894042969"><skipped message="Suite splitting in effect" type="pytest.skip">src/pymortests/operators.py:256: Suite splitting in effect</skipped></testcase><testcase classname="src.pymortests.operators" file="src/pymortests/operators.py" line="256" name="test_jacobian[&lt;lambda&gt;15]" time="0.0003833770751953125"><skipped message="Suite splitting in effect" type="pytest.skip">src/pymortests/operators.py:256: Suite splitting in effect</skipped></testcase><testcase classname="src.pymortests.operators" file="src/pymortests/operators.py" line="256" name="test_jacobian[&lt;lambda&gt;16]" time="0.0004010200500488281"><skipped message="Suite splitting in effect" type="pytest.skip">src/pymortests/operators.py:256: Suite splitting in effect</skipped></testcase><testcase classname="src.pymortests.operators" file="src/pymortests/operators.py" line="256" name="test_jacobian[&lt;lambda&gt;17]" time="0.000415802001953125"><skipped message="Suite splitting in effect" type="pytest.skip">src/pymortests/operators.py:256: Suite splitting in effect</skipped></testcase><testcase classname="src.pymortests.operators" file="src/pymortests/operators.py" line="256" name="test_jacobian[&lt;lambda&gt;18]" time="0.00040984153747558594"><skipped message="Suite splitting in effect" type="pytest.skip">src/pymortests/operators.py:256: Suite splitting in effect</skipped></testcase><testcase classname="src.pymortests.operators" file="src/pymortests/operators.py" line="256" name="test_jacobian[&lt;lambda&gt;19]" time="0.0006546974182128906"><skipped message="Suite splitting in effect" type="pytest.skip">src/pymortests/operators.py:256: Suite splitting in effect</skipped></testcase><testcase classname="src.pymortests.operators" file="src/pymortests/operators.py" line="256" name="test_jacobian[&lt;lambda&gt;20]" time="0.0004010200500488281"><skipped message="Suite splitting in effect" type="pytest.skip">src/pymortests/operators.py:256: Suite splitting in effect</skipped></testcase><testcase classname="src.pymortests.operators" file="src/pymortests/operators.py" line="256" name="test_jacobian[&lt;lambda&gt;21]" time="0.0004153251647949219"><skipped message="Suite splitting in effect" type="pytest.skip">src/pymortests/operators.py:256: Suite splitting in effect</skipped></testcase><testcase classname="src.pymortests.operators" file="src/pymortests/operators.py" line="256" name="test_jacobian[&lt;lambda&gt;22]" time="0.0004127025604248047"><skipped message="Suite splitting in effect" type="pytest.skip">src/pymortests/operators.py:256: Suite splitting in effect</skipped></testcase><testcase classname="src.pymortests.operators" file="src/pymortests/operators.py" line="256" name="test_jacobian[&lt;lambda&gt;23]" time="0.0003910064697265625"><skipped message="Suite splitting in effect" type="pytest.skip">src/pymortests/operators.py:256: Suite splitting in effect</skipped></testcase><testcase classname="src.pymortests.operators" file="src/pymortests/operators.py" line="256" name="test_jacobian[&lt;lambda&gt;24]" time="0.0004229545593261719"><skipped message="Suite splitting in effect" type="pytest.skip">src/pymortests/operators.py:256: Suite splitting in effect</skipped></testcase><testcase classname="src.pymortests.operators" file="src/pymortests/operators.py" line="256" name="test_jacobian[&lt;lambda&gt;25]" time="0.0003864765167236328"><skipped message="Suite splitting in effect" type="pytest.skip">src/pymortests/operators.py:256: Suite splitting in effect</skipped></testcase><testcase classname="src.pymortests.operators" file="src/pymortests/operators.py" line="256" name="test_jacobian[&lt;lambda&gt;26]" time="0.00046133995056152344"><skipped message="Suite splitting in effect" type="pytest.skip">src/pymortests/operators.py:256: Suite splitting in effect</skipped></testcase><testcase classname="src.pymortests.operators" file="src/pymortests/operators.py" line="256" name="test_jacobian[&lt;lambda&gt;27]" time="0.0006504058837890625"><skipped message="Suite splitting in effect" type="pytest.skip">src/pymortests/operators.py:256: Suite splitting in effect</skipped></testcase><testcase classname="src.pymortests.operators" file="src/pymortests/operators.py" line="256" name="test_jacobian[&lt;lambda&gt;28]" time="0.0004115104675292969"><skipped message="Suite splitting in effect" type="pytest.skip">src/pymortests/operators.py:256: Suite splitting in effect</skipped></testcase><testcase classname="src.pymortests.operators" file="src/pymortests/operators.py" line="256" name="test_jacobian[&lt;lambda&gt;29]" time="0.0003979206085205078"><skipped message="Suite splitting in effect" type="pytest.skip">src/pymortests/operators.py:256: Suite splitting in effect</skipped></testcase><testcase classname="src.pymortests.operators" file="src/pymortests/operators.py" line="256" name="test_jacobian[&lt;lambda&gt;30]" time="0.00042176246643066406"><skipped message="Suite splitting in effect" type="pytest.skip">src/pymortests/operators.py:256: Suite splitting in effect</skipped></testcase><testcase classname="src.pymortests.operators" file="src/pymortests/operators.py" line="256" name="test_jacobian[&lt;lambda&gt;31]" time="0.0004229545593261719"><skipped message="Suite splitting in effect" type="pytest.skip">src/pymortests/operators.py:256: Suite splitting in effect</skipped></testcase><testcase classname="src.pymortests.operators" file="src/pymortests/operators.py" line="256" name="test_jacobian[&lt;lambda&gt;32]" time="0.0003910064697265625"><skipped message="Suite splitting in effect" type="pytest.skip">src/pymortests/operators.py:256: Suite splitting in effect</skipped></testcase><testcase classname="src.pymortests.operators" file="src/pymortests/operators.py" line="256" name="test_jacobian[&lt;lambda&gt;33]" time="0.00040721893310546875"><skipped message="Suite splitting in effect" type="pytest.skip">src/pymortests/operators.py:256: Suite splitting in effect</skipped></testcase><testcase classname="src.pymortests.operators" file="src/pymortests/operators.py" line="256" name="test_jacobian[&lt;lambda&gt;34]" time="0.0004222393035888672"><skipped message="Suite splitting in effect" type="pytest.skip">src/pymortests/operators.py:256: Suite splitting in effect</skipped></testcase><testcase classname="src.pymortests.operators" file="src/pymortests/operators.py" line="256" name="test_jacobian[&lt;lambda&gt;35]" time="0.0006821155548095703"><skipped message="Suite splitting in effect" type="pytest.skip">src/pymortests/operators.py:256: Suite splitting in effect</skipped></testcase><testcase classname="src.pymortests.operators" file="src/pymortests/operators.py" line="256" name="test_jacobian[&lt;lambda&gt;36]" time="0.0004150867462158203"><skipped message="Suite splitting in effect" type="pytest.skip">src/pymortests/operators.py:256: Suite splitting in effect</skipped></testcase><testcase classname="src.pymortests.operators" file="src/pymortests/operators.py" line="256" name="test_jacobian[&lt;lambda&gt;37]" time="0.00041413307189941406"><skipped message="Suite splitting in effect" type="pytest.skip">src/pymortests/operators.py:256: Suite splitting in effect</skipped></testcase><testcase classname="src.pymortests.operators" file="src/pymortests/operators.py" line="256" name="test_jacobian[&lt;lambda&gt;38]" time="0.0003902912139892578"><skipped message="Suite splitting in effect" type="pytest.skip">src/pymortests/operators.py:256: Suite splitting in effect</skipped></testcase><testcase classname="src.pymortests.operators" file="src/pymortests/operators.py" line="256" name="test_jacobian[&lt;lambda&gt;39]" time="0.0003986358642578125"><skipped message="Suite splitting in effect" type="pytest.skip">src/pymortests/operators.py:256: Suite splitting in effect</skipped></testcase><testcase classname="src.pymortests.operators" file="src/pymortests/operators.py" line="256" name="test_jacobian[&lt;lambda&gt;40]" time="0.0004119873046875"><skipped message="Suite splitting in effect" type="pytest.skip">src/pymortests/operators.py:256: Suite splitting in effect</skipped></testcase><testcase classname="src.pymortests.operators" file="src/pymortests/operators.py" line="269" name="test_assemble[&lt;lambda&gt;0]" time="0.00042319297790527344"><skipped message="Suite splitting in effect" type="pytest.skip">src/pymortests/operators.py:269: Suite splitting in effect</skipped></testcase><testcase classname="src.pymortests.operators" file="src/pymortests/operators.py" line="269" name="test_assemble[&lt;lambda&gt;1]" time="0.0004432201385498047"><skipped message="Suite splitting in effect" type="pytest.skip">src/pymortests/operators.py:269: Suite splitting in effect</skipped></testcase><testcase classname="src.pymortests.operators" file="src/pymortests/operators.py" line="269" name="test_assemble[&lt;lambda&gt;2]" time="0.0006587505340576172"><skipped message="Suite splitting in effect" type="pytest.skip">src/pymortests/operators.py:269: Suite splitting in effect</skipped></testcase><testcase classname="src.pymortests.operators" file="src/pymortests/operators.py" line="269" name="test_assemble[&lt;lambda&gt;3]" time="0.00038743019104003906"><skipped message="Suite splitting in effect" type="pytest.skip">src/pymortests/operators.py:269: Suite splitting in effect</skipped></testcase><testcase classname="src.pymortests.operators" file="src/pymortests/operators.py" line="269" name="test_assemble[&lt;lambda&gt;4]" time="0.0004475116729736328"><skipped message="Suite splitting in effect" type="pytest.skip">src/pymortests/operators.py:269: Suite splitting in effect</skipped></testcase><testcase classname="src.pymortests.operators" file="src/pymortests/operators.py" line="269" name="test_assemble[&lt;lambda&gt;5]" time="0.0004062652587890625"><skipped message="Suite splitting in effect" type="pytest.skip">src/pymortests/operators.py:269: Suite splitting in effect</skipped></testcase><testcase classname="src.pymortests.operators" file="src/pymortests/operators.py" line="269" name="test_assemble[&lt;lambda&gt;6]" time="0.0003921985626220703"><skipped message="Suite splitting in effect" type="pytest.skip">src/pymortests/operators.py:269: Suite splitting in effect</skipped></testcase><testcase classname="src.pymortests.operators" file="src/pymortests/operators.py" line="269" name="test_assemble[&lt;lambda&gt;7]" time="0.00038242340087890625"><skipped message="Suite splitting in effect" type="pytest.skip">src/pymortests/operators.py:269: Suite splitting in effect</skipped></testcase><testcase classname="src.pymortests.operators" file="src/pymortests/operators.py" line="269" name="test_assemble[&lt;lambda&gt;8]" time="0.0004172325134277344"><skipped message="Suite splitting in effect" type="pytest.skip">src/pymortests/operators.py:269: Suite splitting in effect</skipped></testcase><testcase classname="src.pymortests.operators" file="src/pymortests/operators.py" line="269" name="test_assemble[&lt;lambda&gt;9]" time="0.00041484832763671875"><skipped message="Suite splitting in effect" type="pytest.skip">src/pymortests/operators.py:269: Suite splitting in effect</skipped></testcase><testcase classname="src.pymortests.operators" file="src/pymortests/operators.py" line="269" name="test_assemble[&lt;lambda&gt;10]" time="0.000659942626953125"><skipped message="Suite splitting in effect" type="pytest.skip">src/pymortests/operators.py:269: Suite splitting in effect</skipped></testcase><testcase classname="src.pymortests.operators" file="src/pymortests/operators.py" line="269" name="test_assemble[&lt;lambda&gt;11]" time="0.00039505958557128906"><skipped message="Suite splitting in effect" type="pytest.skip">src/pymortests/operators.py:269: Suite splitting in effect</skipped></testcase><testcase classname="src.pymortests.operators" file="src/pymortests/operators.py" line="269" name="test_assemble[&lt;lambda&gt;12]" time="0.0003886222839355469"><skipped message="Suite splitting in effect" type="pytest.skip">src/pymortests/operators.py:269: Suite splitting in effect</skipped></testcase><testcase classname="src.pymortests.operators" file="src/pymortests/operators.py" line="269" name="test_assemble[&lt;lambda&gt;13]" time="0.0004119873046875"><skipped message="Suite splitting in effect" type="pytest.skip">src/pymortests/operators.py:269: Suite splitting in effect</skipped></testcase><testcase classname="src.pymortests.operators" file="src/pymortests/operators.py" line="269" name="test_assemble[&lt;lambda&gt;14]" time="0.00041747093200683594"><skipped message="Suite splitting in effect" type="pytest.skip">src/pymortests/operators.py:269: Suite splitting in effect</skipped></testcase><testcase classname="src.pymortests.operators" file="src/pymortests/operators.py" line="269" name="test_assemble[&lt;lambda&gt;15]" time="0.0004062652587890625"><skipped message="Suite splitting in effect" type="pytest.skip">src/pymortests/operators.py:269: Suite splitting in effect</skipped></testcase><testcase classname="src.pymortests.operators" file="src/pymortests/operators.py" line="269" name="test_assemble[&lt;lambda&gt;16]" time="0.0003848075866699219"><skipped message="Suite splitting in effect" type="pytest.skip">src/pymortests/operators.py:269: Suite splitting in effect</skipped></testcase><testcase classname="src.pymortests.operators" file="src/pymortests/operators.py" line="269" name="test_assemble[&lt;lambda&gt;17]" time="0.0003952980041503906"><skipped message="Suite splitting in effect" type="pytest.skip">src/pymortests/operators.py:269: Suite splitting in effect</skipped></testcase><testcase classname="src.pymortests.operators" file="src/pymortests/operators.py" line="269" name="test_assemble[&lt;lambda&gt;18]" time="0.0006711483001708984"><skipped message="Suite splitting in effect" type="pytest.skip">src/pymortests/operators.py:269: Suite splitting in effect</skipped></testcase><testcase classname="src.pymortests.operators" file="src/pymortests/operators.py" line="269" name="test_assemble[&lt;lambda&gt;19]" time="0.0003840923309326172"><skipped message="Suite splitting in effect" type="pytest.skip">src/pymortests/operators.py:269: Suite splitting in effect</skipped></testcase><testcase classname="src.pymortests.operators" file="src/pymortests/operators.py" line="269" name="test_assemble[&lt;lambda&gt;20]" time="0.0003864765167236328"><skipped message="Suite splitting in effect" type="pytest.skip">src/pymortests/operators.py:269: Suite splitting in effect</skipped></testcase><testcase classname="src.pymortests.operators" file="src/pymortests/operators.py" line="269" name="test_assemble[&lt;lambda&gt;21]" time="0.00043082237243652344"><skipped message="Suite splitting in effect" type="pytest.skip">src/pymortests/operators.py:269: Suite splitting in effect</skipped></testcase><testcase classname="src.pymortests.operators" file="src/pymortests/operators.py" line="269" name="test_assemble[&lt;lambda&gt;22]" time="0.00042819976806640625"><skipped message="Suite splitting in effect" type="pytest.skip">src/pymortests/operators.py:269: Suite splitting in effect</skipped></testcase><testcase classname="src.pymortests.operators" file="src/pymortests/operators.py" line="269" name="test_assemble[&lt;lambda&gt;23]" time="0.0004100799560546875"><skipped message="Suite splitting in effect" type="pytest.skip">src/pymortests/operators.py:269: Suite splitting in effect</skipped></testcase><testcase classname="src.pymortests.operators" file="src/pymortests/operators.py" line="269" name="test_assemble[&lt;lambda&gt;24]" time="0.0003960132598876953"><skipped message="Suite splitting in effect" type="pytest.skip">src/pymortests/operators.py:269: Suite splitting in effect</skipped></testcase><testcase classname="src.pymortests.operators" file="src/pymortests/operators.py" line="269" name="test_assemble[&lt;lambda&gt;25]" time="0.0003941059112548828"><skipped message="Suite splitting in effect" type="pytest.skip">src/pymortests/operators.py:269: Suite splitting in effect</skipped></testcase><testcase classname="src.pymortests.operators" file="src/pymortests/operators.py" line="269" name="test_assemble[&lt;lambda&gt;26]" time="0.0011196136474609375"><skipped message="Suite splitting in effect" type="pytest.skip">src/pymortests/operators.py:269: Suite splitting in effect</skipped></testcase><testcase classname="src.pymortests.operators" file="src/pymortests/operators.py" line="269" name="test_assemble[&lt;lambda&gt;27]" time="0.0003902912139892578"><skipped message="Suite splitting in effect" type="pytest.skip">src/pymortests/operators.py:269: Suite splitting in effect</skipped></testcase><testcase classname="src.pymortests.operators" file="src/pymortests/operators.py" line="269" name="test_assemble[&lt;lambda&gt;28]" time="0.0004119873046875"><skipped message="Suite splitting in effect" type="pytest.skip">src/pymortests/operators.py:269: Suite splitting in effect</skipped></testcase><testcase classname="src.pymortests.operators" file="src/pymortests/operators.py" line="269" name="test_assemble[&lt;lambda&gt;29]" time="0.00039267539978027344"><skipped message="Suite splitting in effect" type="pytest.skip">src/pymortests/operators.py:269: Suite splitting in effect</skipped></testcase><testcase classname="src.pymortests.operators" file="src/pymortests/operators.py" line="269" name="test_assemble[&lt;lambda&gt;30]" time="0.0004200935363769531"><skipped message="Suite splitting in effect" type="pytest.skip">src/pymortests/operators.py:269: Suite splitting in effect</skipped></testcase><testcase classname="src.pymortests.operators" file="src/pymortests/operators.py" line="269" name="test_assemble[&lt;lambda&gt;31]" time="0.000423431396484375"><skipped message="Suite splitting in effect" type="pytest.skip">src/pymortests/operators.py:269: Suite splitting in effect</skipped></testcase><testcase classname="src.pymortests.operators" file="src/pymortests/operators.py" line="269" name="test_assemble[&lt;lambda&gt;32]" time="0.0003905296325683594"><skipped message="Suite splitting in effect" type="pytest.skip">src/pymortests/operators.py:269: Suite splitting in effect</skipped></testcase><testcase classname="src.pymortests.operators" file="src/pymortests/operators.py" line="269" name="test_assemble[&lt;lambda&gt;33]" time="0.0004165172576904297"><skipped message="Suite splitting in effect" type="pytest.skip">src/pymortests/operators.py:269: Suite splitting in effect</skipped></testcase><testcase classname="src.pymortests.operators" file="src/pymortests/operators.py" line="269" name="test_assemble[&lt;lambda&gt;34]" time="0.0006668567657470703"><skipped message="Suite splitting in effect" type="pytest.skip">src/pymortests/operators.py:269: Suite splitting in effect</skipped></testcase><testcase classname="src.pymortests.operators" file="src/pymortests/operators.py" line="269" name="test_assemble[&lt;lambda&gt;35]" time="0.0004029273986816406"><skipped message="Suite splitting in effect" type="pytest.skip">src/pymortests/operators.py:269: Suite splitting in effect</skipped></testcase><testcase classname="src.pymortests.operators" file="src/pymortests/operators.py" line="269" name="test_assemble[&lt;lambda&gt;36]" time="0.00041556358337402344"><skipped message="Suite splitting in effect" type="pytest.skip">src/pymortests/operators.py:269: Suite splitting in effect</skipped></testcase><testcase classname="src.pymortests.operators" file="src/pymortests/operators.py" line="269" name="test_assemble[&lt;lambda&gt;37]" time="0.0004360675811767578"><skipped message="Suite splitting in effect" type="pytest.skip">src/pymortests/operators.py:269: Suite splitting in effect</skipped></testcase><testcase classname="src.pymortests.operators" file="src/pymortests/operators.py" line="269" name="test_assemble[&lt;lambda&gt;38]" time="0.00041103363037109375"><skipped message="Suite splitting in effect" type="pytest.skip">src/pymortests/operators.py:269: Suite splitting in effect</skipped></testcase><testcase classname="src.pymortests.operators" file="src/pymortests/operators.py" line="269" name="test_assemble[&lt;lambda&gt;39]" time="0.0003948211669921875"><skipped message="Suite splitting in effect" type="pytest.skip">src/pymortests/operators.py:269: Suite splitting in effect</skipped></testcase><testcase classname="src.pymortests.operators" file="src/pymortests/operators.py" line="269" name="test_assemble[&lt;lambda&gt;40]" time="0.0004050731658935547"><skipped message="Suite splitting in effect" type="pytest.skip">src/pymortests/operators.py:269: Suite splitting in effect</skipped></testcase><testcase classname="src.pymortests.operators" file="src/pymortests/operators.py" line="298" name="test_restricted[&lt;lambda&gt;0]" time="0.0003955364227294922"><skipped message="Suite splitting in effect" type="pytest.skip">src/pymortests/operators.py:298: Suite splitting in effect</skipped></testcase><testcase classname="src.pymortests.operators" file="src/pymortests/operators.py" line="298" name="test_restricted[&lt;lambda&gt;1]" time="0.0009365081787109375"><skipped message="Suite splitting in effect" type="pytest.skip">src/pymortests/operators.py:298: Suite splitting in effect</skipped></testcase><testcase classname="src.pymortests.operators" file="src/pymortests/operators.py" line="298" name="test_restricted[&lt;lambda&gt;2]" time="0.0003955364227294922"><skipped message="Suite splitting in effect" type="pytest.skip">src/pymortests/operators.py:298: Suite splitting in effect</skipped></testcase><testcase classname="src.pymortests.operators" file="src/pymortests/operators.py" line="298" name="test_restricted[&lt;lambda&gt;3]" time="0.00041747093200683594"><skipped message="Suite splitting in effect" type="pytest.skip">src/pymortests/operators.py:298: Suite splitting in effect</skipped></testcase><testcase classname="src.pymortests.operators" file="src/pymortests/operators.py" line="298" name="test_restricted[&lt;lambda&gt;4]" time="0.00041985511779785156"><skipped message="Suite splitting in effect" type="pytest.skip">src/pymortests/operators.py:298: Suite splitting in effect</skipped></testcase><testcase classname="src.pymortests.operators" file="src/pymortests/operators.py" line="298" name="test_restricted[&lt;lambda&gt;5]" time="0.0004000663757324219"><skipped message="Suite splitting in effect" type="pytest.skip">src/pymortests/operators.py:298: Suite splitting in effect</skipped></testcase><testcase classname="src.pymortests.operators" file="src/pymortests/operators.py" line="298" name="test_restricted[&lt;lambda&gt;6]" time="0.00042819976806640625"><skipped message="Suite splitting in effect" type="pytest.skip">src/pymortests/operators.py:298: Suite splitting in effect</skipped></testcase><testcase classname="src.pymortests.operators" file="src/pymortests/operators.py" line="298" name="test_restricted[&lt;lambda&gt;7]" time="0.0003848075866699219"><skipped message="Suite splitting in effect" type="pytest.skip">src/pymortests/operators.py:298: Suite splitting in effect</skipped></testcase><testcase classname="src.pymortests.operators" file="src/pymortests/operators.py" line="298" name="test_restricted[&lt;lambda&gt;8]" time="0.00041675567626953125"><skipped message="Suite splitting in effect" type="pytest.skip">src/pymortests/operators.py:298: Suite splitting in effect</skipped></testcase><testcase classname="src.pymortests.operators" file="src/pymortests/operators.py" line="298" name="test_restricted[&lt;lambda&gt;9]" time="0.0006647109985351562"><skipped message="Suite splitting in effect" type="pytest.skip">src/pymortests/operators.py:298: Suite splitting in effect</skipped></testcase><testcase classname="src.pymortests.operators" file="src/pymortests/operators.py" line="298" name="test_restricted[&lt;lambda&gt;10]" time="0.0004067420959472656"><skipped message="Suite splitting in effect" type="pytest.skip">src/pymortests/operators.py:298: Suite splitting in effect</skipped></testcase><testcase classname="src.pymortests.operators" file="src/pymortests/operators.py" line="298" name="test_restricted[&lt;lambda&gt;11]" time="0.0003859996795654297"><skipped message="Suite splitting in effect" type="pytest.skip">src/pymortests/operators.py:298: Suite splitting in effect</skipped></testcase><testcase classname="src.pymortests.operators" file="src/pymortests/operators.py" line="298" name="test_restricted[&lt;lambda&gt;12]" time="0.00042438507080078125"><skipped message="Suite splitting in effect" type="pytest.skip">src/pymortests/operators.py:298: Suite splitting in effect</skipped></testcase><testcase classname="src.pymortests.operators" file="src/pymortests/operators.py" line="298" name="test_restricted[&lt;lambda&gt;13]" time="0.00039577484130859375"><skipped message="Suite splitting in effect" type="pytest.skip">src/pymortests/operators.py:298: Suite splitting in effect</skipped></testcase><testcase classname="src.pymortests.operators" file="src/pymortests/operators.py" line="298" name="test_restricted[&lt;lambda&gt;14]" time="0.0003867149353027344"><skipped message="Suite splitting in effect" type="pytest.skip">src/pymortests/operators.py:298: Suite splitting in effect</skipped></testcase><testcase classname="src.pymortests.operators" file="src/pymortests/operators.py" line="298" name="test_restricted[&lt;lambda&gt;15]" time="0.0004315376281738281"><skipped message="Suite splitting in effect" type="pytest.skip">src/pymortests/operators.py:298: Suite splitting in effect</skipped></testcase><testcase classname="src.pymortests.operators" file="src/pymortests/operators.py" line="298" name="test_restricted[&lt;lambda&gt;16]" time="0.00039386749267578125"><skipped message="Suite splitting in effect" type="pytest.skip">src/pymortests/operators.py:298: Suite splitting in effect</skipped></testcase><testcase classname="src.pymortests.operators" file="src/pymortests/operators.py" line="298" name="test_restricted[&lt;lambda&gt;17]" time="0.0006716251373291016"><skipped message="Suite splitting in effect" type="pytest.skip">src/pymortests/operators.py:298: Suite splitting in effect</skipped></testcase><testcase classname="src.pymortests.operators" file="src/pymortests/operators.py" line="298" name="test_restricted[&lt;lambda&gt;18]" time="0.00038933753967285156"><skipped message="Suite splitting in effect" type="pytest.skip">src/pymortests/operators.py:298: Suite splitting in effect</skipped></testcase><testcase classname="src.pymortests.operators" file="src/pymortests/operators.py" line="298" name="test_restricted[&lt;lambda&gt;19]" time="0.00039005279541015625"><skipped message="Suite splitting in effect" type="pytest.skip">src/pymortests/operators.py:298: Suite splitting in effect</skipped></testcase><testcase classname="src.pymortests.operators" file="src/pymortests/operators.py" line="298" name="test_restricted[&lt;lambda&gt;20]" time="0.0003845691680908203"><skipped message="Suite splitting in effect" type="pytest.skip">src/pymortests/operators.py:298: Suite splitting in effect</skipped></testcase><testcase classname="src.pymortests.operators" file="src/pymortests/operators.py" line="298" name="test_restricted[&lt;lambda&gt;21]" time="0.00038909912109375"><skipped message="Suite splitting in effect" type="pytest.skip">src/pymortests/operators.py:298: Suite splitting in effect</skipped></testcase><testcase classname="src.pymortests.operators" file="src/pymortests/operators.py" line="298" name="test_restricted[&lt;lambda&gt;22]" time="0.0004062652587890625"><skipped message="Suite splitting in effect" type="pytest.skip">src/pymortests/operators.py:298: Suite splitting in effect</skipped></testcase><testcase classname="src.pymortests.operators" file="src/pymortests/operators.py" line="298" name="test_restricted[&lt;lambda&gt;23]" time="0.00041031837463378906"><skipped message="Suite splitting in effect" type="pytest.skip">src/pymortests/operators.py:298: Suite splitting in effect</skipped></testcase><testcase classname="src.pymortests.operators" file="src/pymortests/operators.py" line="298" name="test_restricted[&lt;lambda&gt;24]" time="0.0004055500030517578"><skipped message="Suite splitting in effect" type="pytest.skip">src/pymortests/operators.py:298: Suite splitting in effect</skipped></testcase><testcase classname="src.pymortests.operators" file="src/pymortests/operators.py" line="298" name="test_restricted[&lt;lambda&gt;25]" time="0.000659942626953125"><skipped message="Suite splitting in effect" type="pytest.skip">src/pymortests/operators.py:298: Suite splitting in effect</skipped></testcase><testcase classname="src.pymortests.operators" file="src/pymortests/operators.py" line="298" name="test_restricted[&lt;lambda&gt;26]" time="0.0004048347473144531"><skipped message="Suite splitting in effect" type="pytest.skip">src/pymortests/operators.py:298: Suite splitting in effect</skipped></testcase><testcase classname="src.pymortests.operators" file="src/pymortests/operators.py" line="298" name="test_restricted[&lt;lambda&gt;27]" time="0.0003936290740966797"><skipped message="Suite splitting in effect" type="pytest.skip">src/pymortests/operators.py:298: Suite splitting in effect</skipped></testcase><testcase classname="src.pymortests.operators" file="src/pymortests/operators.py" line="298" name="test_restricted[&lt;lambda&gt;28]" time="0.00040841102600097656"><skipped message="Suite splitting in effect" type="pytest.skip">src/pymortests/operators.py:298: Suite splitting in effect</skipped></testcase><testcase classname="src.pymortests.operators" file="src/pymortests/operators.py" line="298" name="test_restricted[&lt;lambda&gt;29]" time="0.00038909912109375"><skipped message="Suite splitting in effect" type="pytest.skip">src/pymortests/operators.py:298: Suite splitting in effect</skipped></testcase><testcase classname="src.pymortests.operators" file="src/pymortests/operators.py" line="298" name="test_restricted[&lt;lambda&gt;30]" time="0.0003898143768310547"><skipped message="Suite splitting in effect" type="pytest.skip">src/pymortests/operators.py:298: Suite splitting in effect</skipped></testcase><testcase classname="src.pymortests.operators" file="src/pymortests/operators.py" line="298" name="test_restricted[&lt;lambda&gt;31]" time="0.00041747093200683594"><skipped message="Suite splitting in effect" type="pytest.skip">src/pymortests/operators.py:298: Suite splitting in effect</skipped></testcase><testcase classname="src.pymortests.operators" file="src/pymortests/operators.py" line="298" name="test_restricted[&lt;lambda&gt;32]" time="0.00041413307189941406"><skipped message="Suite splitting in effect" type="pytest.skip">src/pymortests/operators.py:298: Suite splitting in effect</skipped></testcase><testcase classname="src.pymortests.operators" file="src/pymortests/operators.py" line="298" name="test_restricted[&lt;lambda&gt;33]" time="0.0006389617919921875"><skipped message="Suite splitting in effect" type="pytest.skip">src/pymortests/operators.py:298: Suite splitting in effect</skipped></testcase><testcase classname="src.pymortests.operators" file="src/pymortests/operators.py" line="298" name="test_restricted[&lt;lambda&gt;34]" time="0.00043964385986328125"><skipped message="Suite splitting in effect" type="pytest.skip">src/pymortests/operators.py:298: Suite splitting in effect</skipped></testcase><testcase classname="src.pymortests.operators" file="src/pymortests/operators.py" line="298" name="test_restricted[&lt;lambda&gt;35]" time="0.00040912628173828125"><skipped message="Suite splitting in effect" type="pytest.skip">src/pymortests/operators.py:298: Suite splitting in effect</skipped></testcase><testcase classname="src.pymortests.operators" file="src/pymortests/operators.py" line="298" name="test_restricted[&lt;lambda&gt;36]" time="0.00040030479431152344"><skipped message="Suite splitting in effect" type="pytest.skip">src/pymortests/operators.py:298: Suite splitting in effect</skipped></testcase><testcase classname="src.pymortests.operators" file="src/pymortests/operators.py" line="298" name="test_restricted[&lt;lambda&gt;37]" time="0.00038886070251464844"><skipped message="Suite splitting in effect" type="pytest.skip">src/pymortests/operators.py:298: Suite splitting in effect</skipped></testcase><testcase classname="src.pymortests.operators" file="src/pymortests/operators.py" line="298" name="test_restricted[&lt;lambda&gt;38]" time="0.0003864765167236328"><skipped message="Suite splitting in effect" type="pytest.skip">src/pymortests/operators.py:298: Suite splitting in effect</skipped></testcase><testcase classname="src.pymortests.operators" file="src/pymortests/operators.py" line="298" name="test_restricted[&lt;lambda&gt;39]" time="0.0004124641418457031"><skipped message="Suite splitting in effect" type="pytest.skip">src/pymortests/operators.py:298: Suite splitting in effect</skipped></testcase><testcase classname="src.pymortests.operators" file="src/pymortests/operators.py" line="298" name="test_restricted[&lt;lambda&gt;40]" time="0.0004329681396484375"><skipped message="Suite splitting in effect" type="pytest.skip">src/pymortests/operators.py:298: Suite splitting in effect</skipped></testcase><testcase classname="src.pymortests.operators" file="src/pymortests/operators.py" line="314" name="test_InverseOperator[&lt;lambda&gt;0]" time="0.0006644725799560547"><skipped message="Suite splitting in effect" type="pytest.skip">src/pymortests/operators.py:314: Suite splitting in effect</skipped></testcase><testcase classname="src.pymortests.operators" file="src/pymortests/operators.py" line="314" name="test_InverseOperator[&lt;lambda&gt;1]" time="0.0003914833068847656"><skipped message="Suite splitting in effect" type="pytest.skip">src/pymortests/operators.py:314: Suite splitting in effect</skipped></testcase><testcase classname="src.pymortests.operators" file="src/pymortests/operators.py" line="314" name="test_InverseOperator[&lt;lambda&gt;2]" time="0.00041675567626953125"><skipped message="Suite splitting in effect" type="pytest.skip">src/pymortests/operators.py:314: Suite splitting in effect</skipped></testcase><testcase classname="src.pymortests.operators" file="src/pymortests/operators.py" line="314" name="test_InverseOperator[&lt;lambda&gt;3]" time="0.0004112720489501953"><skipped message="Suite splitting in effect" type="pytest.skip">src/pymortests/operators.py:314: Suite splitting in effect</skipped></testcase><testcase classname="src.pymortests.operators" file="src/pymortests/operators.py" line="314" name="test_InverseOperator[&lt;lambda&gt;4]" time="0.00041556358337402344"><skipped message="Suite splitting in effect" type="pytest.skip">src/pymortests/operators.py:314: Suite splitting in effect</skipped></testcase><testcase classname="src.pymortests.operators" file="src/pymortests/operators.py" line="314" name="test_InverseOperator[&lt;lambda&gt;5]" time="0.0004096031188964844"><skipped message="Suite splitting in effect" type="pytest.skip">src/pymortests/operators.py:314: Suite splitting in effect</skipped></testcase><testcase classname="src.pymortests.operators" file="src/pymortests/operators.py" line="314" name="test_InverseOperator[&lt;lambda&gt;6]" time="0.0003838539123535156"><skipped message="Suite splitting in effect" type="pytest.skip">src/pymortests/operators.py:314: Suite splitting in effect</skipped></testcase><testcase classname="src.pymortests.operators" file="src/pymortests/operators.py" line="314" name="test_InverseOperator[&lt;lambda&gt;7]" time="0.0003974437713623047"><skipped message="Suite splitting in effect" type="pytest.skip">src/pymortests/operators.py:314: Suite splitting in effect</skipped></testcase><testcase classname="src.pymortests.operators" file="src/pymortests/operators.py" line="314" name="test_InverseOperator[&lt;lambda&gt;8]" time="0.000659942626953125"><skipped message="Suite splitting in effect" type="pytest.skip">src/pymortests/operators.py:314: Suite splitting in effect</skipped></testcase><testcase classname="src.pymortests.operators" file="src/pymortests/operators.py" line="314" name="test_InverseOperator[&lt;lambda&gt;9]" time="0.0003898143768310547"><skipped message="Suite splitting in effect" type="pytest.skip">src/pymortests/operators.py:314: Suite splitting in effect</skipped></testcase><testcase classname="src.pymortests.operators" file="src/pymortests/operators.py" line="314" name="test_InverseOperator[&lt;lambda&gt;10]" time="0.0003921985626220703"><skipped message="Suite splitting in effect" type="pytest.skip">src/pymortests/operators.py:314: Suite splitting in effect</skipped></testcase><testcase classname="src.pymortests.operators" file="src/pymortests/operators.py" line="314" name="test_InverseOperator[&lt;lambda&gt;11]" time="0.0003921985626220703"><skipped message="Suite splitting in effect" type="pytest.skip">src/pymortests/operators.py:314: Suite splitting in effect</skipped></testcase><testcase classname="src.pymortests.operators" file="src/pymortests/operators.py" line="314" name="test_InverseOperator[&lt;lambda&gt;12]" time="0.0004069805145263672"><skipped message="Suite splitting in effect" type="pytest.skip">src/pymortests/operators.py:314: Suite splitting in effect</skipped></testcase><testcase classname="src.pymortests.operators" file="src/pymortests/operators.py" line="314" name="test_InverseOperator[&lt;lambda&gt;13]" time="0.00041031837463378906"><skipped message="Suite splitting in effect" type="pytest.skip">src/pymortests/operators.py:314: Suite splitting in effect</skipped></testcase><testcase classname="src.pymortests.operators" file="src/pymortests/operators.py" line="314" name="test_InverseOperator[&lt;lambda&gt;14]" time="0.00040721893310546875"><skipped message="Suite splitting in effect" type="pytest.skip">src/pymortests/operators.py:314: Suite splitting in effect</skipped></testcase><testcase classname="src.pymortests.operators" file="src/pymortests/operators.py" line="314" name="test_InverseOperator[&lt;lambda&gt;15]" time="0.0003991127014160156"><skipped message="Suite splitting in effect" type="pytest.skip">src/pymortests/operators.py:314: Suite splitting in effect</skipped></testcase><testcase classname="src.pymortests.operators" file="src/pymortests/operators.py" line="314" name="test_InverseOperator[&lt;lambda&gt;16]" time="0.0006740093231201172"><skipped message="Suite splitting in effect" type="pytest.skip">src/pymortests/operators.py:314: Suite splitting in effect</skipped></testcase><testcase classname="src.pymortests.operators" file="src/pymortests/operators.py" line="314" name="test_InverseOperator[&lt;lambda&gt;17]" time="0.0004203319549560547"><skipped message="Suite splitting in effect" type="pytest.skip">src/pymortests/operators.py:314: Suite splitting in effect</skipped></testcase><testcase classname="src.pymortests.operators" file="src/pymortests/operators.py" line="314" name="test_InverseOperator[&lt;lambda&gt;18]" time="0.00040912628173828125"><skipped message="Suite splitting in effect" type="pytest.skip">src/pymortests/operators.py:314: Suite splitting in effect</skipped></testcase><testcase classname="src.pymortests.operators" file="src/pymortests/operators.py" line="314" name="test_InverseOperator[&lt;lambda&gt;19]" time="0.0003952980041503906"><skipped message="Suite splitting in effect" type="pytest.skip">src/pymortests/operators.py:314: Suite splitting in effect</skipped></testcase><testcase classname="src.pymortests.operators" file="src/pymortests/operators.py" line="314" name="test_InverseOperator[&lt;lambda&gt;20]" time="0.0003936290740966797"><skipped message="Suite splitting in effect" type="pytest.skip">src/pymortests/operators.py:314: Suite splitting in effect</skipped></testcase><testcase classname="src.pymortests.operators" file="src/pymortests/operators.py" line="314" name="test_InverseOperator[&lt;lambda&gt;21]" time="0.0004069805145263672"><skipped message="Suite splitting in effect" type="pytest.skip">src/pymortests/operators.py:314: Suite splitting in effect</skipped></testcase><testcase classname="src.pymortests.operators" file="src/pymortests/operators.py" line="314" name="test_InverseOperator[&lt;lambda&gt;22]" time="0.0004189014434814453"><skipped message="Suite splitting in effect" type="pytest.skip">src/pymortests/operators.py:314: Suite splitting in effect</skipped></testcase><testcase classname="src.pymortests.operators" file="src/pymortests/operators.py" line="314" name="test_InverseOperator[&lt;lambda&gt;23]" time="0.00039768218994140625"><skipped message="Suite splitting in effect" type="pytest.skip">src/pymortests/operators.py:314: Suite splitting in effect</skipped></testcase><testcase classname="src.pymortests.operators" file="src/pymortests/operators.py" line="314" name="test_InverseOperator[&lt;lambda&gt;24]" time="0.0007143020629882812"><skipped message="Suite splitting in effect" type="pytest.skip">src/pymortests/operators.py:314: Suite splitting in effect</skipped></testcase><testcase classname="src.pymortests.operators" file="src/pymortests/operators.py" line="314" name="test_InverseOperator[&lt;lambda&gt;25]" time="0.0003902912139892578"><skipped message="Suite splitting in effect" type="pytest.skip">src/pymortests/operators.py:314: Suite splitting in effect</skipped></testcase><testcase classname="src.pymortests.operators" file="src/pymortests/operators.py" line="314" name="test_InverseOperator[&lt;lambda&gt;26]" time="0.000396728515625"><skipped message="Suite splitting in effect" type="pytest.skip">src/pymortests/operators.py:314: Suite splitting in effect</skipped></testcase><testcase classname="src.pymortests.operators" file="src/pymortests/operators.py" line="314" name="test_InverseOperator[&lt;lambda&gt;27]" time="0.0003864765167236328"><skipped message="Suite splitting in effect" type="pytest.skip">src/pymortests/operators.py:314: Suite splitting in effect</skipped></testcase><testcase classname="src.pymortests.operators" file="src/pymortests/operators.py" line="314" name="test_InverseOperator[&lt;lambda&gt;28]" time="0.00041985511779785156"><skipped message="Suite splitting in effect" type="pytest.skip">src/pymortests/operators.py:314: Suite splitting in effect</skipped></testcase><testcase classname="src.pymortests.operators" file="src/pymortests/operators.py" line="314" name="test_InverseOperator[&lt;lambda&gt;29]" time="0.00043320655822753906"><skipped message="Suite splitting in effect" type="pytest.skip">src/pymortests/operators.py:314: Suite splitting in effect</skipped></testcase><testcase classname="src.pymortests.operators" file="src/pymortests/operators.py" line="314" name="test_InverseOperator[&lt;lambda&gt;30]" time="0.0003902912139892578"><skipped message="Suite splitting in effect" type="pytest.skip">src/pymortests/operators.py:314: Suite splitting in effect</skipped></testcase><testcase classname="src.pymortests.operators" file="src/pymortests/operators.py" line="314" name="test_InverseOperator[&lt;lambda&gt;31]" time="0.00040268898010253906"><skipped message="Suite splitting in effect" type="pytest.skip">src/pymortests/operators.py:314: Suite splitting in effect</skipped></testcase><testcase classname="src.pymortests.operators" file="src/pymortests/operators.py" line="314" name="test_InverseOperator[&lt;lambda&gt;32]" time="0.0007143020629882812"><skipped message="Suite splitting in effect" type="pytest.skip">src/pymortests/operators.py:314: Suite splitting in effect</skipped></testcase><testcase classname="src.pymortests.operators" file="src/pymortests/operators.py" line="314" name="test_InverseOperator[&lt;lambda&gt;33]" time="0.0004105567932128906"><skipped message="Suite splitting in effect" type="pytest.skip">src/pymortests/operators.py:314: Suite splitting in effect</skipped></testcase><testcase classname="src.pymortests.operators" file="src/pymortests/operators.py" line="314" name="test_InverseOperator[&lt;lambda&gt;34]" time="0.0003948211669921875"><skipped message="Suite splitting in effect" type="pytest.skip">src/pymortests/operators.py:314: Suite splitting in effect</skipped></testcase><testcase classname="src.pymortests.operators" file="src/pymortests/operators.py" line="314" name="test_InverseOperator[&lt;lambda&gt;35]" time="0.0003876686096191406"><skipped message="Suite splitting in effect" type="pytest.skip">src/pymortests/operators.py:314: Suite splitting in effect</skipped></testcase><testcase classname="src.pymortests.operators" file="src/pymortests/operators.py" line="314" name="test_InverseOperator[&lt;lambda&gt;36]" time="0.00038933753967285156"><skipped message="Suite splitting in effect" type="pytest.skip">src/pymortests/operators.py:314: Suite splitting in effect</skipped></testcase><testcase classname="src.pymortests.operators" file="src/pymortests/operators.py" line="314" name="test_InverseOperator[&lt;lambda&gt;37]" time="0.00043845176696777344"><skipped message="Suite splitting in effect" type="pytest.skip">src/pymortests/operators.py:314: Suite splitting in effect</skipped></testcase><testcase classname="src.pymortests.operators" file="src/pymortests/operators.py" line="314" name="test_InverseOperator[&lt;lambda&gt;38]" time="0.0004134178161621094"><skipped message="Suite splitting in effect" type="pytest.skip">src/pymortests/operators.py:314: Suite splitting in effect</skipped></testcase><testcase classname="src.pymortests.operators" file="src/pymortests/operators.py" line="314" name="test_InverseOperator[&lt;lambda&gt;39]" time="0.0003952980041503906"><skipped message="Suite splitting in effect" type="pytest.skip">src/pymortests/operators.py:314: Suite splitting in effect</skipped></testcase><testcase classname="src.pymortests.operators" file="src/pymortests/operators.py" line="314" name="test_InverseOperator[&lt;lambda&gt;40]" time="0.0007002353668212891"><skipped message="Suite splitting in effect" type="pytest.skip">src/pymortests/operators.py:314: Suite splitting in effect</skipped></testcase><testcase classname="src.pymortests.operators" file="src/pymortests/operators.py" line="339" name="test_InverseAdjointOperator[&lt;lambda&gt;0]" time="0.0004153251647949219"><skipped message="Suite splitting in effect" type="pytest.skip">src/pymortests/operators.py:339: Suite splitting in effect</skipped></testcase><testcase classname="src.pymortests.operators" file="src/pymortests/operators.py" line="339" name="test_InverseAdjointOperator[&lt;lambda&gt;1]" time="0.0004222393035888672"><skipped message="Suite splitting in effect" type="pytest.skip">src/pymortests/operators.py:339: Suite splitting in effect</skipped></testcase><testcase classname="src.pymortests.operators" file="src/pymortests/operators.py" line="339" name="test_InverseAdjointOperator[&lt;lambda&gt;2]" time="0.0003883838653564453"><skipped message="Suite splitting in effect" type="pytest.skip">src/pymortests/operators.py:339: Suite splitting in effect</skipped></testcase><testcase classname="src.pymortests.operators" file="src/pymortests/operators.py" line="339" name="test_InverseAdjointOperator[&lt;lambda&gt;3]" time="0.0004189014434814453"><skipped message="Suite splitting in effect" type="pytest.skip">src/pymortests/operators.py:339: Suite splitting in effect</skipped></testcase><testcase classname="src.pymortests.operators" file="src/pymortests/operators.py" line="339" name="test_InverseAdjointOperator[&lt;lambda&gt;4]" time="0.00039458274841308594"><skipped message="Suite splitting in effect" type="pytest.skip">src/pymortests/operators.py:339: Suite splitting in effect</skipped></testcase><testcase classname="src.pymortests.operators" file="src/pymortests/operators.py" line="339" name="test_InverseAdjointOperator[&lt;lambda&gt;5]" time="0.0003910064697265625"><skipped message="Suite splitting in effect" type="pytest.skip">src/pymortests/operators.py:339: Suite splitting in effect</skipped></testcase><testcase classname="src.pymortests.operators" file="src/pymortests/operators.py" line="339" name="test_InverseAdjointOperator[&lt;lambda&gt;6]" time="0.00039386749267578125"><skipped message="Suite splitting in effect" type="pytest.skip">src/pymortests/operators.py:339: Suite splitting in effect</skipped></testcase><testcase classname="src.pymortests.operators" file="src/pymortests/operators.py" line="339" name="test_InverseAdjointOperator[&lt;lambda&gt;7]" time="0.0008127689361572266"><skipped message="Suite splitting in effect" type="pytest.skip">src/pymortests/operators.py:339: Suite splitting in effect</skipped></testcase><testcase classname="src.pymortests.operators" file="src/pymortests/operators.py" line="339" name="test_InverseAdjointOperator[&lt;lambda&gt;8]" time="0.0004074573516845703"><skipped message="Suite splitting in effect" type="pytest.skip">src/pymortests/operators.py:339: Suite splitting in effect</skipped></testcase><testcase classname="src.pymortests.operators" file="src/pymortests/operators.py" line="339" name="test_InverseAdjointOperator[&lt;lambda&gt;9]" time="0.0004558563232421875"><skipped message="Suite splitting in effect" type="pytest.skip">src/pymortests/operators.py:339: Suite splitting in effect</skipped></testcase><testcase classname="src.pymortests.operators" file="src/pymortests/operators.py" line="339" name="test_InverseAdjointOperator[&lt;lambda&gt;10]" time="0.0003876686096191406"><skipped message="Suite splitting in effect" type="pytest.skip">src/pymortests/operators.py:339: Suite splitting in effect</skipped></testcase><testcase classname="src.pymortests.operators" file="src/pymortests/operators.py" line="339" name="test_InverseAdjointOperator[&lt;lambda&gt;11]" time="0.0003936290740966797"><skipped message="Suite splitting in effect" type="pytest.skip">src/pymortests/operators.py:339: Suite splitting in effect</skipped></testcase><testcase classname="src.pymortests.operators" file="src/pymortests/operators.py" line="339" name="test_InverseAdjointOperator[&lt;lambda&gt;12]" time="0.00038743019104003906"><skipped message="Suite splitting in effect" type="pytest.skip">src/pymortests/operators.py:339: Suite splitting in effect</skipped></testcase><testcase classname="src.pymortests.operators" file="src/pymortests/operators.py" line="339" name="test_InverseAdjointOperator[&lt;lambda&gt;13]" time="0.0004150867462158203"><skipped message="Suite splitting in effect" type="pytest.skip">src/pymortests/operators.py:339: Suite splitting in effect</skipped></testcase><testcase classname="src.pymortests.operators" file="src/pymortests/operators.py" line="339" name="test_InverseAdjointOperator[&lt;lambda&gt;14]" time="0.0003986358642578125"><skipped message="Suite splitting in effect" type="pytest.skip">src/pymortests/operators.py:339: Suite splitting in effect</skipped></testcase><testcase classname="src.pymortests.operators" file="src/pymortests/operators.py" line="339" name="test_InverseAdjointOperator[&lt;lambda&gt;15]" time="0.0009467601776123047"><skipped message="Suite splitting in effect" type="pytest.skip">src/pymortests/operators.py:339: Suite splitting in effect</skipped></testcase><testcase classname="src.pymortests.operators" file="src/pymortests/operators.py" line="339" name="test_InverseAdjointOperator[&lt;lambda&gt;16]" time="0.00041365623474121094"><skipped message="Suite splitting in effect" type="pytest.skip">src/pymortests/operators.py:339: Suite splitting in effect</skipped></testcase><testcase classname="src.pymortests.operators" file="src/pymortests/operators.py" line="339" name="test_InverseAdjointOperator[&lt;lambda&gt;17]" time="0.0003960132598876953"><skipped message="Suite splitting in effect" type="pytest.skip">src/pymortests/operators.py:339: Suite splitting in effect</skipped></testcase><testcase classname="src.pymortests.operators" file="src/pymortests/operators.py" line="339" name="test_InverseAdjointOperator[&lt;lambda&gt;18]" time="0.0003879070281982422"><skipped message="Suite splitting in effect" type="pytest.skip">src/pymortests/operators.py:339: Suite splitting in effect</skipped></testcase><testcase classname="src.pymortests.operators" file="src/pymortests/operators.py" line="339" name="test_InverseAdjointOperator[&lt;lambda&gt;19]" time="0.00039196014404296875"><skipped message="Suite splitting in effect" type="pytest.skip">src/pymortests/operators.py:339: Suite splitting in effect</skipped></testcase><testcase classname="src.pymortests.operators" file="src/pymortests/operators.py" line="339" name="test_InverseAdjointOperator[&lt;lambda&gt;20]" time="0.000457763671875"><skipped message="Suite splitting in effect" type="pytest.skip">src/pymortests/operators.py:339: Suite splitting in effect</skipped></testcase><testcase classname="src.pymortests.operators" file="src/pymortests/operators.py" line="339" name="test_InverseAdjointOperator[&lt;lambda&gt;21]" time="0.0004112720489501953"><skipped message="Suite splitting in effect" type="pytest.skip">src/pymortests/operators.py:339: Suite splitting in effect</skipped></testcase><testcase classname="src.pymortests.operators" file="src/pymortests/operators.py" line="339" name="test_InverseAdjointOperator[&lt;lambda&gt;22]" time="0.0003993511199951172"><skipped message="Suite splitting in effect" type="pytest.skip">src/pymortests/operators.py:339: Suite splitting in effect</skipped></testcase><testcase classname="src.pymortests.operators" file="src/pymortests/operators.py" line="339" name="test_InverseAdjointOperator[&lt;lambda&gt;23]" time="0.0006809234619140625"><skipped message="Suite splitting in effect" type="pytest.skip">src/pymortests/operators.py:339: Suite splitting in effect</skipped></testcase><testcase classname="src.pymortests.operators" file="src/pymortests/operators.py" line="339" name="test_InverseAdjointOperator[&lt;lambda&gt;24]" time="0.0004088878631591797"><skipped message="Suite splitting in effect" type="pytest.skip">src/pymortests/operators.py:339: Suite splitting in effect</skipped></testcase><testcase classname="src.pymortests.operators" file="src/pymortests/operators.py" line="339" name="test_InverseAdjointOperator[&lt;lambda&gt;25]" time="0.0004050731658935547"><skipped message="Suite splitting in effect" type="pytest.skip">src/pymortests/operators.py:339: Suite splitting in effect</skipped></testcase><testcase classname="src.pymortests.operators" file="src/pymortests/operators.py" line="339" name="test_InverseAdjointOperator[&lt;lambda&gt;26]" time="0.00038933753967285156"><skipped message="Suite splitting in effect" type="pytest.skip">src/pymortests/operators.py:339: Suite splitting in effect</skipped></testcase><testcase classname="src.pymortests.operators" file="src/pymortests/operators.py" line="339" name="test_InverseAdjointOperator[&lt;lambda&gt;27]" time="0.00039076805114746094"><skipped message="Suite splitting in effect" type="pytest.skip">src/pymortests/operators.py:339: Suite splitting in effect</skipped></testcase><testcase classname="src.pymortests.operators" file="src/pymortests/operators.py" line="339" name="test_InverseAdjointOperator[&lt;lambda&gt;28]" time="0.0003879070281982422"><skipped message="Suite splitting in effect" type="pytest.skip">src/pymortests/operators.py:339: Suite splitting in effect</skipped></testcase><testcase classname="src.pymortests.operators" file="src/pymortests/operators.py" line="339" name="test_InverseAdjointOperator[&lt;lambda&gt;29]" time="0.000392913818359375"><skipped message="Suite splitting in effect" type="pytest.skip">src/pymortests/operators.py:339: Suite splitting in effect</skipped></testcase><testcase classname="src.pymortests.operators" file="src/pymortests/operators.py" line="339" name="test_InverseAdjointOperator[&lt;lambda&gt;30]" time="0.00041747093200683594"><skipped message="Suite splitting in effect" type="pytest.skip">src/pymortests/operators.py:339: Suite splitting in effect</skipped></testcase><testcase classname="src.pymortests.operators" file="src/pymortests/operators.py" line="339" name="test_InverseAdjointOperator[&lt;lambda&gt;31]" time="0.0006787776947021484"><skipped message="Suite splitting in effect" type="pytest.skip">src/pymortests/operators.py:339: Suite splitting in effect</skipped></testcase><testcase classname="src.pymortests.operators" file="src/pymortests/operators.py" line="339" name="test_InverseAdjointOperator[&lt;lambda&gt;32]" time="0.0003998279571533203"><skipped message="Suite splitting in effect" type="pytest.skip">src/pymortests/operators.py:339: Suite splitting in effect</skipped></testcase><testcase classname="src.pymortests.operators" file="src/pymortests/operators.py" line="339" name="test_InverseAdjointOperator[&lt;lambda&gt;33]" time="0.0004172325134277344"><skipped message="Suite splitting in effect" type="pytest.skip">src/pymortests/operators.py:339: Suite splitting in effect</skipped></testcase><testcase classname="src.pymortests.operators" file="src/pymortests/operators.py" line="339" name="test_InverseAdjointOperator[&lt;lambda&gt;34]" time="0.000415802001953125"><skipped message="Suite splitting in effect" type="pytest.skip">src/pymortests/operators.py:339: Suite splitting in effect</skipped></testcase><testcase classname="src.pymortests.operators" file="src/pymortests/operators.py" line="339" name="test_InverseAdjointOperator[&lt;lambda&gt;35]" time="0.0003917217254638672"><skipped message="Suite splitting in effect" type="pytest.skip">src/pymortests/operators.py:339: Suite splitting in effect</skipped></testcase><testcase classname="src.pymortests.operators" file="src/pymortests/operators.py" line="339" name="test_InverseAdjointOperator[&lt;lambda&gt;36]" time="0.00040721893310546875"><skipped message="Suite splitting in effect" type="pytest.skip">src/pymortests/operators.py:339: Suite splitting in effect</skipped></testcase><testcase classname="src.pymortests.operators" file="src/pymortests/operators.py" line="339" name="test_InverseAdjointOperator[&lt;lambda&gt;37]" time="0.0003898143768310547"><skipped message="Suite splitting in effect" type="pytest.skip">src/pymortests/operators.py:339: Suite splitting in effect</skipped></testcase><testcase classname="src.pymortests.operators" file="src/pymortests/operators.py" line="339" name="test_InverseAdjointOperator[&lt;lambda&gt;38]" time="0.0004050731658935547"><skipped message="Suite splitting in effect" type="pytest.skip">src/pymortests/operators.py:339: Suite splitting in effect</skipped></testcase><testcase classname="src.pymortests.operators" file="src/pymortests/operators.py" line="339" name="test_InverseAdjointOperator[&lt;lambda&gt;39]" time="0.0006792545318603516"><skipped message="Suite splitting in effect" type="pytest.skip">src/pymortests/operators.py:339: Suite splitting in effect</skipped></testcase><testcase classname="src.pymortests.operators" file="src/pymortests/operators.py" line="339" name="test_InverseAdjointOperator[&lt;lambda&gt;40]" time="0.00038909912109375"><skipped message="Suite splitting in effect" type="pytest.skip">src/pymortests/operators.py:339: Suite splitting in effect</skipped></testcase><testcase classname="src.pymortests.parameters" file="src/pymortests/parameters.py" line="18" name="test_uniform" time="0.0004782676696777344"><skipped message="Suite splitting in effect" type="pytest.skip">src/pymortests/parameters.py:18: Suite splitting in effect</skipped></testcase><testcase classname="src.pymortests.parameters" file="src/pymortests/parameters.py" line="25" name="test_randomly" time="0.0004317760467529297"><skipped message="Suite splitting in effect" type="pytest.skip">src/pymortests/parameters.py:25: Suite splitting in effect</skipped></testcase><testcase classname="src.pymortests.playground" file="src/pymortests/playground.py" line="12" name="test_eval" time="0.0004928112030029297"><skipped message="Suite splitting in effect" type="pytest.skip">src/pymortests/playground.py:12: Suite splitting in effect</skipped></testcase><testcase classname="src.pymortests.riccati" file="src/pymortests/riccati.py" line="60" name="test_ricc_lrcf[10-scipy-False-False-False-False-1-1]" time="0.00047659873962402344"><skipped message="Suite splitting in effect" type="pytest.skip">src/pymortests/riccati.py:60: Suite splitting in effect</skipped></testcase><testcase classname="src.pymortests.riccati" file="src/pymortests/riccati.py" line="60" name="test_ricc_lrcf[10-scipy-False-False-False-False-1-2]" time="0.0003864765167236328"><skipped message="Suite splitting in effect" type="pytest.skip">src/pymortests/riccati.py:60: Suite splitting in effect</skipped></testcase><testcase classname="src.pymortests.riccati" file="src/pymortests/riccati.py" line="60" name="test_ricc_lrcf[10-scipy-False-False-False-False-2-1]" time="0.0003991127014160156"><skipped message="Suite splitting in effect" type="pytest.skip">src/pymortests/riccati.py:60: Suite splitting in effect</skipped></testcase><testcase classname="src.pymortests.riccati" file="src/pymortests/riccati.py" line="60" name="test_ricc_lrcf[10-scipy-False-False-False-False-2-2]" time="0.0006768703460693359"><skipped message="Suite splitting in effect" type="pytest.skip">src/pymortests/riccati.py:60: Suite splitting in effect</skipped></testcase><testcase classname="src.pymortests.riccati" file="src/pymortests/riccati.py" line="60" name="test_ricc_lrcf[10-scipy-False-False-False-True-1-1]" time="0.00038623809814453125"><skipped message="Suite splitting in effect" type="pytest.skip">src/pymortests/riccati.py:60: Suite splitting in effect</skipped></testcase><testcase classname="src.pymortests.riccati" file="src/pymortests/riccati.py" line="60" name="test_ricc_lrcf[10-scipy-False-False-False-True-1-2]" time="0.0003960132598876953"><skipped message="Suite splitting in effect" type="pytest.skip">src/pymortests/riccati.py:60: Suite splitting in effect</skipped></testcase><testcase classname="src.pymortests.riccati" file="src/pymortests/riccati.py" line="60" name="test_ricc_lrcf[10-scipy-False-False-False-True-2-1]" time="0.0004024505615234375"><skipped message="Suite splitting in effect" type="pytest.skip">src/pymortests/riccati.py:60: Suite splitting in effect</skipped></testcase><testcase classname="src.pymortests.riccati" file="src/pymortests/riccati.py" line="60" name="test_ricc_lrcf[10-scipy-False-False-False-True-2-2]" time="0.0003902912139892578"><skipped message="Suite splitting in effect" type="pytest.skip">src/pymortests/riccati.py:60: Suite splitting in effect</skipped></testcase><testcase classname="src.pymortests.riccati" file="src/pymortests/riccati.py" line="60" name="test_ricc_lrcf[10-scipy-False-True-False-False-1-1]" time="0.0004429817199707031"><skipped message="Suite splitting in effect" type="pytest.skip">src/pymortests/riccati.py:60: Suite splitting in effect</skipped></testcase><testcase classname="src.pymortests.riccati" file="src/pymortests/riccati.py" line="60" name="test_ricc_lrcf[10-scipy-False-True-False-False-1-2]" time="0.00041604042053222656"><skipped message="Suite splitting in effect" type="pytest.skip">src/pymortests/riccati.py:60: Suite splitting in effect</skipped></testcase><testcase classname="src.pymortests.riccati" file="src/pymortests/riccati.py" line="60" name="test_ricc_lrcf[10-scipy-False-True-False-False-2-1]" time="0.0003905296325683594"><skipped message="Suite splitting in effect" type="pytest.skip">src/pymortests/riccati.py:60: Suite splitting in effect</skipped></testcase><testcase classname="src.pymortests.riccati" file="src/pymortests/riccati.py" line="60" name="test_ricc_lrcf[10-scipy-False-True-False-False-2-2]" time="0.0006780624389648438"><skipped message="Suite splitting in effect" type="pytest.skip">src/pymortests/riccati.py:60: Suite splitting in effect</skipped></testcase><testcase classname="src.pymortests.riccati" file="src/pymortests/riccati.py" line="60" name="test_ricc_lrcf[10-scipy-False-True-False-True-1-1]" time="0.0004391670227050781"><skipped message="Suite splitting in effect" type="pytest.skip">src/pymortests/riccati.py:60: Suite splitting in effect</skipped></testcase><testcase classname="src.pymortests.riccati" file="src/pymortests/riccati.py" line="60" name="test_ricc_lrcf[10-scipy-False-True-False-True-1-2]" time="0.0004119873046875"><skipped message="Suite splitting in effect" type="pytest.skip">src/pymortests/riccati.py:60: Suite splitting in effect</skipped></testcase><testcase classname="src.pymortests.riccati" file="src/pymortests/riccati.py" line="60" name="test_ricc_lrcf[10-scipy-False-True-False-True-2-1]" time="0.0004215240478515625"><skipped message="Suite splitting in effect" type="pytest.skip">src/pymortests/riccati.py:60: Suite splitting in effect</skipped></testcase><testcase classname="src.pymortests.riccati" file="src/pymortests/riccati.py" line="60" name="test_ricc_lrcf[10-scipy-False-True-False-True-2-2]" time="0.0004169940948486328"><skipped message="Suite splitting in effect" type="pytest.skip">src/pymortests/riccati.py:60: Suite splitting in effect</skipped></testcase><testcase classname="src.pymortests.riccati" file="src/pymortests/riccati.py" line="60" name="test_ricc_lrcf[10-scipy-False-True-True-False-1-1]" time="0.0003936290740966797"><skipped message="Suite splitting in effect" type="pytest.skip">src/pymortests/riccati.py:60: Suite splitting in effect</skipped></testcase><testcase classname="src.pymortests.riccati" file="src/pymortests/riccati.py" line="60" name="test_ricc_lrcf[10-scipy-False-True-True-False-1-2]" time="0.00039124488830566406"><skipped message="Suite splitting in effect" type="pytest.skip">src/pymortests/riccati.py:60: Suite splitting in effect</skipped></testcase><testcase classname="src.pymortests.riccati" file="src/pymortests/riccati.py" line="60" name="test_ricc_lrcf[10-scipy-False-True-True-False-2-1]" time="0.0003886222839355469"><skipped message="Suite splitting in effect" type="pytest.skip">src/pymortests/riccati.py:60: Suite splitting in effect</skipped></testcase><testcase classname="src.pymortests.riccati" file="src/pymortests/riccati.py" line="60" name="test_ricc_lrcf[10-scipy-False-True-True-False-2-2]" time="0.0007410049438476562"><skipped message="Suite splitting in effect" type="pytest.skip">src/pymortests/riccati.py:60: Suite splitting in effect</skipped></testcase><testcase classname="src.pymortests.riccati" file="src/pymortests/riccati.py" line="60" name="test_ricc_lrcf[10-scipy-False-True-True-True-1-1]" time="0.0003955364227294922"><skipped message="Suite splitting in effect" type="pytest.skip">src/pymortests/riccati.py:60: Suite splitting in effect</skipped></testcase><testcase classname="src.pymortests.riccati" file="src/pymortests/riccati.py" line="60" name="test_ricc_lrcf[10-scipy-False-True-True-True-1-2]" time="0.0003902912139892578"><skipped message="Suite splitting in effect" type="pytest.skip">src/pymortests/riccati.py:60: Suite splitting in effect</skipped></testcase><testcase classname="src.pymortests.riccati" file="src/pymortests/riccati.py" line="60" name="test_ricc_lrcf[10-scipy-False-True-True-True-2-1]" time="0.0004329681396484375"><skipped message="Suite splitting in effect" type="pytest.skip">src/pymortests/riccati.py:60: Suite splitting in effect</skipped></testcase><testcase classname="src.pymortests.riccati" file="src/pymortests/riccati.py" line="60" name="test_ricc_lrcf[10-scipy-False-True-True-True-2-2]" time="0.0003998279571533203"><skipped message="Suite splitting in effect" type="pytest.skip">src/pymortests/riccati.py:60: Suite splitting in effect</skipped></testcase><testcase classname="src.pymortests.riccati" file="src/pymortests/riccati.py" line="60" name="test_ricc_lrcf[10-scipy-True-False-False-False-1-1]" time="0.000423431396484375"><skipped message="Suite splitting in effect" type="pytest.skip">src/pymortests/riccati.py:60: Suite splitting in effect</skipped></testcase><testcase classname="src.pymortests.riccati" file="src/pymortests/riccati.py" line="60" name="test_ricc_lrcf[10-scipy-True-False-False-False-1-2]" time="0.00039124488830566406"><skipped message="Suite splitting in effect" type="pytest.skip">src/pymortests/riccati.py:60: Suite splitting in effect</skipped></testcase><testcase classname="src.pymortests.riccati" file="src/pymortests/riccati.py" line="60" name="test_ricc_lrcf[10-scipy-True-False-False-False-2-1]" time="0.0004086494445800781"><skipped message="Suite splitting in effect" type="pytest.skip">src/pymortests/riccati.py:60: Suite splitting in effect</skipped></testcase><testcase classname="src.pymortests.riccati" file="src/pymortests/riccati.py" line="60" name="test_ricc_lrcf[10-scipy-True-False-False-False-2-2]" time="0.0006506443023681641"><skipped message="Suite splitting in effect" type="pytest.skip">src/pymortests/riccati.py:60: Suite splitting in effect</skipped></testcase><testcase classname="src.pymortests.riccati" file="src/pymortests/riccati.py" line="60" name="test_ricc_lrcf[10-scipy-True-False-False-True-1-1]" time="0.00039196014404296875"><skipped message="Suite splitting in effect" type="pytest.skip">src/pymortests/riccati.py:60: Suite splitting in effect</skipped></testcase><testcase classname="src.pymortests.riccati" file="src/pymortests/riccati.py" line="60" name="test_ricc_lrcf[10-scipy-True-False-False-True-1-2]" time="0.00039386749267578125"><skipped message="Suite splitting in effect" type="pytest.skip">src/pymortests/riccati.py:60: Suite splitting in effect</skipped></testcase><testcase classname="src.pymortests.riccati" file="src/pymortests/riccati.py" line="60" name="test_ricc_lrcf[10-scipy-True-False-False-True-2-1]" time="0.0004456043243408203"><skipped message="Suite splitting in effect" type="pytest.skip">src/pymortests/riccati.py:60: Suite splitting in effect</skipped></testcase><testcase classname="src.pymortests.riccati" file="src/pymortests/riccati.py" line="60" name="test_ricc_lrcf[10-scipy-True-False-False-True-2-2]" time="0.0004165172576904297"><skipped message="Suite splitting in effect" type="pytest.skip">src/pymortests/riccati.py:60: Suite splitting in effect</skipped></testcase><testcase classname="src.pymortests.riccati" file="src/pymortests/riccati.py" line="60" name="test_ricc_lrcf[10-scipy-True-True-False-False-1-1]" time="0.0003905296325683594"><skipped message="Suite splitting in effect" type="pytest.skip">src/pymortests/riccati.py:60: Suite splitting in effect</skipped></testcase><testcase classname="src.pymortests.riccati" file="src/pymortests/riccati.py" line="60" name="test_ricc_lrcf[10-scipy-True-True-False-False-1-2]" time="0.0004260540008544922"><skipped message="Suite splitting in effect" type="pytest.skip">src/pymortests/riccati.py:60: Suite splitting in effect</skipped></testcase><testcase classname="src.pymortests.riccati" file="src/pymortests/riccati.py" line="60" name="test_ricc_lrcf[10-scipy-True-True-False-False-2-1]" time="0.000400543212890625"><skipped message="Suite splitting in effect" type="pytest.skip">src/pymortests/riccati.py:60: Suite splitting in effect</skipped></testcase><testcase classname="src.pymortests.riccati" file="src/pymortests/riccati.py" line="60" name="test_ricc_lrcf[10-scipy-True-True-False-False-2-2]" time="0.0006911754608154297"><skipped message="Suite splitting in effect" type="pytest.skip">src/pymortests/riccati.py:60: Suite splitting in effect</skipped></testcase><testcase classname="src.pymortests.riccati" file="src/pymortests/riccati.py" line="60" name="test_ricc_lrcf[10-scipy-True-True-False-True-1-1]" time="0.00039267539978027344"><skipped message="Suite splitting in effect" type="pytest.skip">src/pymortests/riccati.py:60: Suite splitting in effect</skipped></testcase><testcase classname="src.pymortests.riccati" file="src/pymortests/riccati.py" line="60" name="test_ricc_lrcf[10-scipy-True-True-False-True-1-2]" time="0.0004100799560546875"><skipped message="Suite splitting in effect" type="pytest.skip">src/pymortests/riccati.py:60: Suite splitting in effect</skipped></testcase><testcase classname="src.pymortests.riccati" file="src/pymortests/riccati.py" line="60" name="test_ricc_lrcf[10-scipy-True-True-False-True-2-1]" time="0.00040030479431152344"><skipped message="Suite splitting in effect" type="pytest.skip">src/pymortests/riccati.py:60: Suite splitting in effect</skipped></testcase><testcase classname="src.pymortests.riccati" file="src/pymortests/riccati.py" line="60" name="test_ricc_lrcf[10-scipy-True-True-False-True-2-2]" time="0.0003941059112548828"><skipped message="Suite splitting in effect" type="pytest.skip">src/pymortests/riccati.py:60: Suite splitting in effect</skipped></testcase><testcase classname="src.pymortests.riccati" file="src/pymortests/riccati.py" line="60" name="test_ricc_lrcf[10-scipy-True-True-True-False-1-1]" time="0.000400543212890625"><skipped message="Suite splitting in effect" type="pytest.skip">src/pymortests/riccati.py:60: Suite splitting in effect</skipped></testcase><testcase classname="src.pymortests.riccati" file="src/pymortests/riccati.py" line="60" name="test_ricc_lrcf[10-scipy-True-True-True-False-1-2]" time="0.00044918060302734375"><skipped message="Suite splitting in effect" type="pytest.skip">src/pymortests/riccati.py:60: Suite splitting in effect</skipped></testcase><testcase classname="src.pymortests.riccati" file="src/pymortests/riccati.py" line="60" name="test_ricc_lrcf[10-scipy-True-True-True-False-2-1]" time="0.00041985511779785156"><skipped message="Suite splitting in effect" type="pytest.skip">src/pymortests/riccati.py:60: Suite splitting in effect</skipped></testcase><testcase classname="src.pymortests.riccati" file="src/pymortests/riccati.py" line="60" name="test_ricc_lrcf[10-scipy-True-True-True-False-2-2]" time="0.0006728172302246094"><skipped message="Suite splitting in effect" type="pytest.skip">src/pymortests/riccati.py:60: Suite splitting in effect</skipped></testcase><testcase classname="src.pymortests.riccati" file="src/pymortests/riccati.py" line="60" name="test_ricc_lrcf[10-scipy-True-True-True-True-1-1]" time="0.0004143714904785156"><skipped message="Suite splitting in effect" type="pytest.skip">src/pymortests/riccati.py:60: Suite splitting in effect</skipped></testcase><testcase classname="src.pymortests.riccati" file="src/pymortests/riccati.py" line="60" name="test_ricc_lrcf[10-scipy-True-True-True-True-1-2]" time="0.000392913818359375"><skipped message="Suite splitting in effect" type="pytest.skip">src/pymortests/riccati.py:60: Suite splitting in effect</skipped></testcase><testcase classname="src.pymortests.riccati" file="src/pymortests/riccati.py" line="60" name="test_ricc_lrcf[10-scipy-True-True-True-True-2-1]" time="0.0004246234893798828"><skipped message="Suite splitting in effect" type="pytest.skip">src/pymortests/riccati.py:60: Suite splitting in effect</skipped></testcase><testcase classname="src.pymortests.riccati" file="src/pymortests/riccati.py" line="60" name="test_ricc_lrcf[10-scipy-True-True-True-True-2-2]" time="0.0004379749298095703"><skipped message="Suite splitting in effect" type="pytest.skip">src/pymortests/riccati.py:60: Suite splitting in effect</skipped></testcase><testcase classname="src.pymortests.riccati" file="src/pymortests/riccati.py" line="60" name="test_ricc_lrcf[10-slycot-False-False-False-False-1-1]" time="0.000415802001953125"><skipped message="Suite splitting in effect" type="pytest.skip">src/pymortests/riccati.py:60: Suite splitting in effect</skipped></testcase><testcase classname="src.pymortests.riccati" file="src/pymortests/riccati.py" line="60" name="test_ricc_lrcf[10-slycot-False-False-False-False-1-2]" time="0.00040602684020996094"><skipped message="Suite splitting in effect" type="pytest.skip">src/pymortests/riccati.py:60: Suite splitting in effect</skipped></testcase><testcase classname="src.pymortests.riccati" file="src/pymortests/riccati.py" line="60" name="test_ricc_lrcf[10-slycot-False-False-False-False-2-1]" time="0.0004017353057861328"><skipped message="Suite splitting in effect" type="pytest.skip">src/pymortests/riccati.py:60: Suite splitting in effect</skipped></testcase><testcase classname="src.pymortests.riccati" file="src/pymortests/riccati.py" line="60" name="test_ricc_lrcf[10-slycot-False-False-False-False-2-2]" time="0.0006992816925048828"><skipped message="Suite splitting in effect" type="pytest.skip">src/pymortests/riccati.py:60: Suite splitting in effect</skipped></testcase><testcase classname="src.pymortests.riccati" file="src/pymortests/riccati.py" line="60" name="test_ricc_lrcf[10-slycot-False-False-False-True-1-1]" time="0.00041413307189941406"><skipped message="Suite splitting in effect" type="pytest.skip">src/pymortests/riccati.py:60: Suite splitting in effect</skipped></testcase><testcase classname="src.pymortests.riccati" file="src/pymortests/riccati.py" line="60" name="test_ricc_lrcf[10-slycot-False-False-False-True-1-2]" time="0.0004417896270751953"><skipped message="Suite splitting in effect" type="pytest.skip">src/pymortests/riccati.py:60: Suite splitting in effect</skipped></testcase><testcase classname="src.pymortests.riccati" file="src/pymortests/riccati.py" line="60" name="test_ricc_lrcf[10-slycot-False-False-False-True-2-1]" time="0.0004169940948486328"><skipped message="Suite splitting in effect" type="pytest.skip">src/pymortests/riccati.py:60: Suite splitting in effect</skipped></testcase><testcase classname="src.pymortests.riccati" file="src/pymortests/riccati.py" line="60" name="test_ricc_lrcf[10-slycot-False-False-False-True-2-2]" time="0.0004284381866455078"><skipped message="Suite splitting in effect" type="pytest.skip">src/pymortests/riccati.py:60: Suite splitting in effect</skipped></testcase><testcase classname="src.pymortests.riccati" file="src/pymortests/riccati.py" line="60" name="test_ricc_lrcf[10-slycot-False-True-False-False-1-1]" time="0.00041961669921875"><skipped message="Suite splitting in effect" type="pytest.skip">src/pymortests/riccati.py:60: Suite splitting in effect</skipped></testcase><testcase classname="src.pymortests.riccati" file="src/pymortests/riccati.py" line="60" name="test_ricc_lrcf[10-slycot-False-True-False-False-1-2]" time="0.0004010200500488281"><skipped message="Suite splitting in effect" type="pytest.skip">src/pymortests/riccati.py:60: Suite splitting in effect</skipped></testcase><testcase classname="src.pymortests.riccati" file="src/pymortests/riccati.py" line="60" name="test_ricc_lrcf[10-slycot-False-True-False-False-2-1]" time="0.00039768218994140625"><skipped message="Suite splitting in effect" type="pytest.skip">src/pymortests/riccati.py:60: Suite splitting in effect</skipped></testcase><testcase classname="src.pymortests.riccati" file="src/pymortests/riccati.py" line="60" name="test_ricc_lrcf[10-slycot-False-True-False-False-2-2]" time="0.0006620883941650391"><skipped message="Suite splitting in effect" type="pytest.skip">src/pymortests/riccati.py:60: Suite splitting in effect</skipped></testcase><testcase classname="src.pymortests.riccati" file="src/pymortests/riccati.py" line="60" name="test_ricc_lrcf[10-slycot-False-True-False-True-1-1]" time="0.0004131793975830078"><skipped message="Suite splitting in effect" type="pytest.skip">src/pymortests/riccati.py:60: Suite splitting in effect</skipped></testcase><testcase classname="src.pymortests.riccati" file="src/pymortests/riccati.py" line="60" name="test_ricc_lrcf[10-slycot-False-True-False-True-1-2]" time="0.0003914833068847656"><skipped message="Suite splitting in effect" type="pytest.skip">src/pymortests/riccati.py:60: Suite splitting in effect</skipped></testcase><testcase classname="src.pymortests.riccati" file="src/pymortests/riccati.py" line="60" name="test_ricc_lrcf[10-slycot-False-True-False-True-2-1]" time="0.00041866302490234375"><skipped message="Suite splitting in effect" type="pytest.skip">src/pymortests/riccati.py:60: Suite splitting in effect</skipped></testcase><testcase classname="src.pymortests.riccati" file="src/pymortests/riccati.py" line="60" name="test_ricc_lrcf[10-slycot-False-True-False-True-2-2]" time="0.0004153251647949219"><skipped message="Suite splitting in effect" type="pytest.skip">src/pymortests/riccati.py:60: Suite splitting in effect</skipped></testcase><testcase classname="src.pymortests.riccati" file="src/pymortests/riccati.py" line="60" name="test_ricc_lrcf[10-slycot-False-True-True-False-1-1]" time="0.00039887428283691406"><skipped message="Suite splitting in effect" type="pytest.skip">src/pymortests/riccati.py:60: Suite splitting in effect</skipped></testcase><testcase classname="src.pymortests.riccati" file="src/pymortests/riccati.py" line="60" name="test_ricc_lrcf[10-slycot-False-True-True-False-1-2]" time="0.00041961669921875"><skipped message="Suite splitting in effect" type="pytest.skip">src/pymortests/riccati.py:60: Suite splitting in effect</skipped></testcase><testcase classname="src.pymortests.riccati" file="src/pymortests/riccati.py" line="60" name="test_ricc_lrcf[10-slycot-False-True-True-False-2-1]" time="0.0003941059112548828"><skipped message="Suite splitting in effect" type="pytest.skip">src/pymortests/riccati.py:60: Suite splitting in effect</skipped></testcase><testcase classname="src.pymortests.riccati" file="src/pymortests/riccati.py" line="60" name="test_ricc_lrcf[10-slycot-False-True-True-False-2-2]" time="0.0008945465087890625"><skipped message="Suite splitting in effect" type="pytest.skip">src/pymortests/riccati.py:60: Suite splitting in effect</skipped></testcase><testcase classname="src.pymortests.riccati" file="src/pymortests/riccati.py" line="60" name="test_ricc_lrcf[10-slycot-False-True-True-True-1-1]" time="0.0004439353942871094"><skipped message="Suite splitting in effect" type="pytest.skip">src/pymortests/riccati.py:60: Suite splitting in effect</skipped></testcase><testcase classname="src.pymortests.riccati" file="src/pymortests/riccati.py" line="60" name="test_ricc_lrcf[10-slycot-False-True-True-True-1-2]" time="0.00041747093200683594"><skipped message="Suite splitting in effect" type="pytest.skip">src/pymortests/riccati.py:60: Suite splitting in effect</skipped></testcase><testcase classname="src.pymortests.riccati" file="src/pymortests/riccati.py" line="60" name="test_ricc_lrcf[10-slycot-False-True-True-True-2-1]" time="0.000396728515625"><skipped message="Suite splitting in effect" type="pytest.skip">src/pymortests/riccati.py:60: Suite splitting in effect</skipped></testcase><testcase classname="src.pymortests.riccati" file="src/pymortests/riccati.py" line="60" name="test_ricc_lrcf[10-slycot-False-True-True-True-2-2]" time="0.00041675567626953125"><skipped message="Suite splitting in effect" type="pytest.skip">src/pymortests/riccati.py:60: Suite splitting in effect</skipped></testcase><testcase classname="src.pymortests.riccati" file="src/pymortests/riccati.py" line="60" name="test_ricc_lrcf[10-slycot-True-False-False-False-1-1]" time="0.00040268898010253906"><skipped message="Suite splitting in effect" type="pytest.skip">src/pymortests/riccati.py:60: Suite splitting in effect</skipped></testcase><testcase classname="src.pymortests.riccati" file="src/pymortests/riccati.py" line="60" name="test_ricc_lrcf[10-slycot-True-False-False-False-1-2]" time="0.0004076957702636719"><skipped message="Suite splitting in effect" type="pytest.skip">src/pymortests/riccati.py:60: Suite splitting in effect</skipped></testcase><testcase classname="src.pymortests.riccati" file="src/pymortests/riccati.py" line="60" name="test_ricc_lrcf[10-slycot-True-False-False-False-2-1]" time="0.0004363059997558594"><skipped message="Suite splitting in effect" type="pytest.skip">src/pymortests/riccati.py:60: Suite splitting in effect</skipped></testcase><testcase classname="src.pymortests.riccati" file="src/pymortests/riccati.py" line="60" name="test_ricc_lrcf[10-slycot-True-False-False-False-2-2]" time="0.0007088184356689453"><skipped message="Suite splitting in effect" type="pytest.skip">src/pymortests/riccati.py:60: Suite splitting in effect</skipped></testcase><testcase classname="src.pymortests.riccati" file="src/pymortests/riccati.py" line="60" name="test_ricc_lrcf[10-slycot-True-False-False-True-1-1]" time="0.0003921985626220703"><skipped message="Suite splitting in effect" type="pytest.skip">src/pymortests/riccati.py:60: Suite splitting in effect</skipped></testcase><testcase classname="src.pymortests.riccati" file="src/pymortests/riccati.py" line="60" name="test_ricc_lrcf[10-slycot-True-False-False-True-1-2]" time="0.00042319297790527344"><skipped message="Suite splitting in effect" type="pytest.skip">src/pymortests/riccati.py:60: Suite splitting in effect</skipped></testcase><testcase classname="src.pymortests.riccati" file="src/pymortests/riccati.py" line="60" name="test_ricc_lrcf[10-slycot-True-False-False-True-2-1]" time="0.0003998279571533203"><skipped message="Suite splitting in effect" type="pytest.skip">src/pymortests/riccati.py:60: Suite splitting in effect</skipped></testcase><testcase classname="src.pymortests.riccati" file="src/pymortests/riccati.py" line="60" name="test_ricc_lrcf[10-slycot-True-False-False-True-2-2]" time="0.0004429817199707031"><skipped message="Suite splitting in effect" type="pytest.skip">src/pymortests/riccati.py:60: Suite splitting in effect</skipped></testcase><testcase classname="src.pymortests.riccati" file="src/pymortests/riccati.py" line="60" name="test_ricc_lrcf[10-slycot-True-True-False-False-1-1]" time="0.00041985511779785156"><skipped message="Suite splitting in effect" type="pytest.skip">src/pymortests/riccati.py:60: Suite splitting in effect</skipped></testcase><testcase classname="src.pymortests.riccati" file="src/pymortests/riccati.py" line="60" name="test_ricc_lrcf[10-slycot-True-True-False-False-1-2]" time="0.0004322528839111328"><skipped message="Suite splitting in effect" type="pytest.skip">src/pymortests/riccati.py:60: Suite splitting in effect</skipped></testcase><testcase classname="src.pymortests.riccati" file="src/pymortests/riccati.py" line="60" name="test_ricc_lrcf[10-slycot-True-True-False-False-2-1]" time="0.0003936290740966797"><skipped message="Suite splitting in effect" type="pytest.skip">src/pymortests/riccati.py:60: Suite splitting in effect</skipped></testcase><testcase classname="src.pymortests.riccati" file="src/pymortests/riccati.py" line="60" name="test_ricc_lrcf[10-slycot-True-True-False-False-2-2]" time="0.0006880760192871094"><skipped message="Suite splitting in effect" type="pytest.skip">src/pymortests/riccati.py:60: Suite splitting in effect</skipped></testcase><testcase classname="src.pymortests.riccati" file="src/pymortests/riccati.py" line="60" name="test_ricc_lrcf[10-slycot-True-True-False-True-1-1]" time="0.0004203319549560547"><skipped message="Suite splitting in effect" type="pytest.skip">src/pymortests/riccati.py:60: Suite splitting in effect</skipped></testcase><testcase classname="src.pymortests.riccati" file="src/pymortests/riccati.py" line="60" name="test_ricc_lrcf[10-slycot-True-True-False-True-1-2]" time="0.0003917217254638672"><skipped message="Suite splitting in effect" type="pytest.skip">src/pymortests/riccati.py:60: Suite splitting in effect</skipped></testcase><testcase classname="src.pymortests.riccati" file="src/pymortests/riccati.py" line="60" name="test_ricc_lrcf[10-slycot-True-True-False-True-2-1]" time="0.0004076957702636719"><skipped message="Suite splitting in effect" type="pytest.skip">src/pymortests/riccati.py:60: Suite splitting in effect</skipped></testcase><testcase classname="src.pymortests.riccati" file="src/pymortests/riccati.py" line="60" name="test_ricc_lrcf[10-slycot-True-True-False-True-2-2]" time="0.0003972053527832031"><skipped message="Suite splitting in effect" type="pytest.skip">src/pymortests/riccati.py:60: Suite splitting in effect</skipped></testcase><testcase classname="src.pymortests.riccati" file="src/pymortests/riccati.py" line="60" name="test_ricc_lrcf[10-slycot-True-True-True-False-1-1]" time="0.0004420280456542969"><skipped message="Suite splitting in effect" type="pytest.skip">src/pymortests/riccati.py:60: Suite splitting in effect</skipped></testcase><testcase classname="src.pymortests.riccati" file="src/pymortests/riccati.py" line="60" name="test_ricc_lrcf[10-slycot-True-True-True-False-1-2]" time="0.0004258155822753906"><skipped message="Suite splitting in effect" type="pytest.skip">src/pymortests/riccati.py:60: Suite splitting in effect</skipped></testcase><testcase classname="src.pymortests.riccati" file="src/pymortests/riccati.py" line="60" name="test_ricc_lrcf[10-slycot-True-True-True-False-2-1]" time="0.0004127025604248047"><skipped message="Suite splitting in effect" type="pytest.skip">src/pymortests/riccati.py:60: Suite splitting in effect</skipped></testcase><testcase classname="src.pymortests.riccati" file="src/pymortests/riccati.py" line="60" name="test_ricc_lrcf[10-slycot-True-True-True-False-2-2]" time="0.0006434917449951172"><skipped message="Suite splitting in effect" type="pytest.skip">src/pymortests/riccati.py:60: Suite splitting in effect</skipped></testcase><testcase classname="src.pymortests.riccati" file="src/pymortests/riccati.py" line="60" name="test_ricc_lrcf[10-slycot-True-True-True-True-1-1]" time="0.00042939186096191406"><skipped message="Suite splitting in effect" type="pytest.skip">src/pymortests/riccati.py:60: Suite splitting in effect</skipped></testcase><testcase classname="src.pymortests.riccati" file="src/pymortests/riccati.py" line="60" name="test_ricc_lrcf[10-slycot-True-True-True-True-1-2]" time="0.0004131793975830078"><skipped message="Suite splitting in effect" type="pytest.skip">src/pymortests/riccati.py:60: Suite splitting in effect</skipped></testcase><testcase classname="src.pymortests.riccati" file="src/pymortests/riccati.py" line="60" name="test_ricc_lrcf[10-slycot-True-True-True-True-2-1]" time="0.00040030479431152344"><skipped message="Suite splitting in effect" type="pytest.skip">src/pymortests/riccati.py:60: Suite splitting in effect</skipped></testcase><testcase classname="src.pymortests.riccati" file="src/pymortests/riccati.py" line="60" name="test_ricc_lrcf[10-slycot-True-True-True-True-2-2]" time="0.00042319297790527344"><skipped message="Suite splitting in effect" type="pytest.skip">src/pymortests/riccati.py:60: Suite splitting in effect</skipped></testcase><testcase classname="src.pymortests.riccati" file="src/pymortests/riccati.py" line="60" name="test_ricc_lrcf[10-pymess_dense_nm_gmpcare-False-False-False-False-1-1]" time="0.0004019737243652344"><skipped message="Suite splitting in effect" type="pytest.skip">src/pymortests/riccati.py:60: Suite splitting in effect</skipped></testcase><testcase classname="src.pymortests.riccati" file="src/pymortests/riccati.py" line="60" name="test_ricc_lrcf[10-pymess_dense_nm_gmpcare-False-False-False-False-1-2]" time="0.000400543212890625"><skipped message="Suite splitting in effect" type="pytest.skip">src/pymortests/riccati.py:60: Suite splitting in effect</skipped></testcase><testcase classname="src.pymortests.riccati" file="src/pymortests/riccati.py" line="60" name="test_ricc_lrcf[10-pymess_dense_nm_gmpcare-False-False-False-False-2-1]" time="0.0003933906555175781"><skipped message="Suite splitting in effect" type="pytest.skip">src/pymortests/riccati.py:60: Suite splitting in effect</skipped></testcase><testcase classname="src.pymortests.riccati" file="src/pymortests/riccati.py" line="60" name="test_ricc_lrcf[10-pymess_dense_nm_gmpcare-False-False-False-False-2-2]" time="0.0006668567657470703"><skipped message="Suite splitting in effect" type="pytest.skip">src/pymortests/riccati.py:60: Suite splitting in effect</skipped></testcase><testcase classname="src.pymortests.riccati" file="src/pymortests/riccati.py" line="60" name="test_ricc_lrcf[10-pymess_dense_nm_gmpcare-False-False-False-True-1-1]" time="0.0003876686096191406"><skipped message="Suite splitting in effect" type="pytest.skip">src/pymortests/riccati.py:60: Suite splitting in effect</skipped></testcase><testcase classname="src.pymortests.riccati" file="src/pymortests/riccati.py" line="60" name="test_ricc_lrcf[10-pymess_dense_nm_gmpcare-False-False-False-True-1-2]" time="0.0004444122314453125"><skipped message="Suite splitting in effect" type="pytest.skip">src/pymortests/riccati.py:60: Suite splitting in effect</skipped></testcase><testcase classname="src.pymortests.riccati" file="src/pymortests/riccati.py" line="60" name="test_ricc_lrcf[10-pymess_dense_nm_gmpcare-False-False-False-True-2-1]" time="0.0004162788391113281"><skipped message="Suite splitting in effect" type="pytest.skip">src/pymortests/riccati.py:60: Suite splitting in effect</skipped></testcase><testcase classname="src.pymortests.riccati" file="src/pymortests/riccati.py" line="60" name="test_ricc_lrcf[10-pymess_dense_nm_gmpcare-False-False-False-True-2-2]" time="0.0004000663757324219"><skipped message="Suite splitting in effect" type="pytest.skip">src/pymortests/riccati.py:60: Suite splitting in effect</skipped></testcase><testcase classname="src.pymortests.riccati" file="src/pymortests/riccati.py" line="60" name="test_ricc_lrcf[10-pymess_dense_nm_gmpcare-False-True-False-False-1-1]" time="0.0004208087921142578"><skipped message="Suite splitting in effect" type="pytest.skip">src/pymortests/riccati.py:60: Suite splitting in effect</skipped></testcase><testcase classname="src.pymortests.riccati" file="src/pymortests/riccati.py" line="60" name="test_ricc_lrcf[10-pymess_dense_nm_gmpcare-False-True-False-False-1-2]" time="0.0003986358642578125"><skipped message="Suite splitting in effect" type="pytest.skip">src/pymortests/riccati.py:60: Suite splitting in effect</skipped></testcase><testcase classname="src.pymortests.riccati" file="src/pymortests/riccati.py" line="60" name="test_ricc_lrcf[10-pymess_dense_nm_gmpcare-False-True-False-False-2-1]" time="0.0004153251647949219"><skipped message="Suite splitting in effect" type="pytest.skip">src/pymortests/riccati.py:60: Suite splitting in effect</skipped></testcase><testcase classname="src.pymortests.riccati" file="src/pymortests/riccati.py" line="60" name="test_ricc_lrcf[10-pymess_dense_nm_gmpcare-False-True-False-False-2-2]" time="0.0006771087646484375"><skipped message="Suite splitting in effect" type="pytest.skip">src/pymortests/riccati.py:60: Suite splitting in effect</skipped></testcase><testcase classname="src.pymortests.riccati" file="src/pymortests/riccati.py" line="60" name="test_ricc_lrcf[10-pymess_dense_nm_gmpcare-False-True-False-True-1-1]" time="0.00039839744567871094"><skipped message="Suite splitting in effect" type="pytest.skip">src/pymortests/riccati.py:60: Suite splitting in effect</skipped></testcase><testcase classname="src.pymortests.riccati" file="src/pymortests/riccati.py" line="60" name="test_ricc_lrcf[10-pymess_dense_nm_gmpcare-False-True-False-True-1-2]" time="0.0004012584686279297"><skipped message="Suite splitting in effect" type="pytest.skip">src/pymortests/riccati.py:60: Suite splitting in effect</skipped></testcase><testcase classname="src.pymortests.riccati" file="src/pymortests/riccati.py" line="60" name="test_ricc_lrcf[10-pymess_dense_nm_gmpcare-False-True-False-True-2-1]" time="0.0003917217254638672"><skipped message="Suite splitting in effect" type="pytest.skip">src/pymortests/riccati.py:60: Suite splitting in effect</skipped></testcase><testcase classname="src.pymortests.riccati" file="src/pymortests/riccati.py" line="60" name="test_ricc_lrcf[10-pymess_dense_nm_gmpcare-False-True-False-True-2-2]" time="0.00040030479431152344"><skipped message="Suite splitting in effect" type="pytest.skip">src/pymortests/riccati.py:60: Suite splitting in effect</skipped></testcase><testcase classname="src.pymortests.riccati" file="src/pymortests/riccati.py" line="60" name="test_ricc_lrcf[10-pymess_dense_nm_gmpcare-False-True-True-False-1-1]" time="0.0004382133483886719"><skipped message="Suite splitting in effect" type="pytest.skip">src/pymortests/riccati.py:60: Suite splitting in effect</skipped></testcase><testcase classname="src.pymortests.riccati" file="src/pymortests/riccati.py" line="60" name="test_ricc_lrcf[10-pymess_dense_nm_gmpcare-False-True-True-False-1-2]" time="0.00041031837463378906"><skipped message="Suite splitting in effect" type="pytest.skip">src/pymortests/riccati.py:60: Suite splitting in effect</skipped></testcase><testcase classname="src.pymortests.riccati" file="src/pymortests/riccati.py" line="60" name="test_ricc_lrcf[10-pymess_dense_nm_gmpcare-False-True-True-False-2-1]" time="0.0004165172576904297"><skipped message="Suite splitting in effect" type="pytest.skip">src/pymortests/riccati.py:60: Suite splitting in effect</skipped></testcase><testcase classname="src.pymortests.riccati" file="src/pymortests/riccati.py" line="60" name="test_ricc_lrcf[10-pymess_dense_nm_gmpcare-False-True-True-False-2-2]" time="0.0006568431854248047"><skipped message="Suite splitting in effect" type="pytest.skip">src/pymortests/riccati.py:60: Suite splitting in effect</skipped></testcase><testcase classname="src.pymortests.riccati" file="src/pymortests/riccati.py" line="60" name="test_ricc_lrcf[10-pymess_dense_nm_gmpcare-False-True-True-True-1-1]" time="0.00042319297790527344"><skipped message="Suite splitting in effect" type="pytest.skip">src/pymortests/riccati.py:60: Suite splitting in effect</skipped></testcase><testcase classname="src.pymortests.riccati" file="src/pymortests/riccati.py" line="60" name="test_ricc_lrcf[10-pymess_dense_nm_gmpcare-False-True-True-True-1-2]" time="0.00042366981506347656"><skipped message="Suite splitting in effect" type="pytest.skip">src/pymortests/riccati.py:60: Suite splitting in effect</skipped></testcase><testcase classname="src.pymortests.riccati" file="src/pymortests/riccati.py" line="60" name="test_ricc_lrcf[10-pymess_dense_nm_gmpcare-False-True-True-True-2-1]" time="0.00042057037353515625"><skipped message="Suite splitting in effect" type="pytest.skip">src/pymortests/riccati.py:60: Suite splitting in effect</skipped></testcase><testcase classname="src.pymortests.riccati" file="src/pymortests/riccati.py" line="60" name="test_ricc_lrcf[10-pymess_dense_nm_gmpcare-False-True-True-True-2-2]" time="0.00041961669921875"><skipped message="Suite splitting in effect" type="pytest.skip">src/pymortests/riccati.py:60: Suite splitting in effect</skipped></testcase><testcase classname="src.pymortests.riccati" file="src/pymortests/riccati.py" line="60" name="test_ricc_lrcf[10-pymess_dense_nm_gmpcare-True-False-False-False-1-1]" time="0.00044417381286621094"><skipped message="Suite splitting in effect" type="pytest.skip">src/pymortests/riccati.py:60: Suite splitting in effect</skipped></testcase><testcase classname="src.pymortests.riccati" file="src/pymortests/riccati.py" line="60" name="test_ricc_lrcf[10-pymess_dense_nm_gmpcare-True-False-False-False-1-2]" time="0.0004088878631591797"><skipped message="Suite splitting in effect" type="pytest.skip">src/pymortests/riccati.py:60: Suite splitting in effect</skipped></testcase><testcase classname="src.pymortests.riccati" file="src/pymortests/riccati.py" line="60" name="test_ricc_lrcf[10-pymess_dense_nm_gmpcare-True-False-False-False-2-1]" time="0.0004239082336425781"><skipped message="Suite splitting in effect" type="pytest.skip">src/pymortests/riccati.py:60: Suite splitting in effect</skipped></testcase><testcase classname="src.pymortests.riccati" file="src/pymortests/riccati.py" line="60" name="test_ricc_lrcf[10-pymess_dense_nm_gmpcare-True-False-False-False-2-2]" time="0.0006642341613769531"><skipped message="Suite splitting in effect" type="pytest.skip">src/pymortests/riccati.py:60: Suite splitting in effect</skipped></testcase><testcase classname="src.pymortests.riccati" file="src/pymortests/riccati.py" line="60" name="test_ricc_lrcf[10-pymess_dense_nm_gmpcare-True-False-False-True-1-1]" time="0.0003933906555175781"><skipped message="Suite splitting in effect" type="pytest.skip">src/pymortests/riccati.py:60: Suite splitting in effect</skipped></testcase><testcase classname="src.pymortests.riccati" file="src/pymortests/riccati.py" line="60" name="test_ricc_lrcf[10-pymess_dense_nm_gmpcare-True-False-False-True-1-2]" time="0.00041604042053222656"><skipped message="Suite splitting in effect" type="pytest.skip">src/pymortests/riccati.py:60: Suite splitting in effect</skipped></testcase><testcase classname="src.pymortests.riccati" file="src/pymortests/riccati.py" line="60" name="test_ricc_lrcf[10-pymess_dense_nm_gmpcare-True-False-False-True-2-1]" time="0.0003960132598876953"><skipped message="Suite splitting in effect" type="pytest.skip">src/pymortests/riccati.py:60: Suite splitting in effect</skipped></testcase><testcase classname="src.pymortests.riccati" file="src/pymortests/riccati.py" line="60" name="test_ricc_lrcf[10-pymess_dense_nm_gmpcare-True-False-False-True-2-2]" time="0.0004000663757324219"><skipped message="Suite splitting in effect" type="pytest.skip">src/pymortests/riccati.py:60: Suite splitting in effect</skipped></testcase><testcase classname="src.pymortests.riccati" file="src/pymortests/riccati.py" line="60" name="test_ricc_lrcf[10-pymess_dense_nm_gmpcare-True-True-False-False-1-1]" time="0.00039839744567871094"><skipped message="Suite splitting in effect" type="pytest.skip">src/pymortests/riccati.py:60: Suite splitting in effect</skipped></testcase><testcase classname="src.pymortests.riccati" file="src/pymortests/riccati.py" line="60" name="test_ricc_lrcf[10-pymess_dense_nm_gmpcare-True-True-False-False-1-2]" time="0.00044274330139160156"><skipped message="Suite splitting in effect" type="pytest.skip">src/pymortests/riccati.py:60: Suite splitting in effect</skipped></testcase><testcase classname="src.pymortests.riccati" file="src/pymortests/riccati.py" line="60" name="test_ricc_lrcf[10-pymess_dense_nm_gmpcare-True-True-False-False-2-1]" time="0.00041675567626953125"><skipped message="Suite splitting in effect" type="pytest.skip">src/pymortests/riccati.py:60: Suite splitting in effect</skipped></testcase><testcase classname="src.pymortests.riccati" file="src/pymortests/riccati.py" line="60" name="test_ricc_lrcf[10-pymess_dense_nm_gmpcare-True-True-False-False-2-2]" time="0.0007061958312988281"><skipped message="Suite splitting in effect" type="pytest.skip">src/pymortests/riccati.py:60: Suite splitting in effect</skipped></testcase><testcase classname="src.pymortests.riccati" file="src/pymortests/riccati.py" line="60" name="test_ricc_lrcf[10-pymess_dense_nm_gmpcare-True-True-False-True-1-1]" time="0.0004119873046875"><skipped message="Suite splitting in effect" type="pytest.skip">src/pymortests/riccati.py:60: Suite splitting in effect</skipped></testcase><testcase classname="src.pymortests.riccati" file="src/pymortests/riccati.py" line="60" name="test_ricc_lrcf[10-pymess_dense_nm_gmpcare-True-True-False-True-1-2]" time="0.0003902912139892578"><skipped message="Suite splitting in effect" type="pytest.skip">src/pymortests/riccati.py:60: Suite splitting in effect</skipped></testcase><testcase classname="src.pymortests.riccati" file="src/pymortests/riccati.py" line="60" name="test_ricc_lrcf[10-pymess_dense_nm_gmpcare-True-True-False-True-2-1]" time="0.0003924369812011719"><skipped message="Suite splitting in effect" type="pytest.skip">src/pymortests/riccati.py:60: Suite splitting in effect</skipped></testcase><testcase classname="src.pymortests.riccati" file="src/pymortests/riccati.py" line="60" name="test_ricc_lrcf[10-pymess_dense_nm_gmpcare-True-True-False-True-2-2]" time="0.0003910064697265625"><skipped message="Suite splitting in effect" type="pytest.skip">src/pymortests/riccati.py:60: Suite splitting in effect</skipped></testcase><testcase classname="src.pymortests.riccati" file="src/pymortests/riccati.py" line="60" name="test_ricc_lrcf[10-pymess_dense_nm_gmpcare-True-True-True-False-1-1]" time="0.0004317760467529297"><skipped message="Suite splitting in effect" type="pytest.skip">src/pymortests/riccati.py:60: Suite splitting in effect</skipped></testcase><testcase classname="src.pymortests.riccati" file="src/pymortests/riccati.py" line="60" name="test_ricc_lrcf[10-pymess_dense_nm_gmpcare-True-True-True-False-1-2]" time="0.00043773651123046875"><skipped message="Suite splitting in effect" type="pytest.skip">src/pymortests/riccati.py:60: Suite splitting in effect</skipped></testcase><testcase classname="src.pymortests.riccati" file="src/pymortests/riccati.py" line="60" name="test_ricc_lrcf[10-pymess_dense_nm_gmpcare-True-True-True-False-2-1]" time="0.00044083595275878906"><skipped message="Suite splitting in effect" type="pytest.skip">src/pymortests/riccati.py:60: Suite splitting in effect</skipped></testcase><testcase classname="src.pymortests.riccati" file="src/pymortests/riccati.py" line="60" name="test_ricc_lrcf[10-pymess_dense_nm_gmpcare-True-True-True-False-2-2]" time="0.0006875991821289062"><skipped message="Suite splitting in effect" type="pytest.skip">src/pymortests/riccati.py:60: Suite splitting in effect</skipped></testcase><testcase classname="src.pymortests.riccati" file="src/pymortests/riccati.py" line="60" name="test_ricc_lrcf[10-pymess_dense_nm_gmpcare-True-True-True-True-1-1]" time="0.0004000663757324219"><skipped message="Suite splitting in effect" type="pytest.skip">src/pymortests/riccati.py:60: Suite splitting in effect</skipped></testcase><testcase classname="src.pymortests.riccati" file="src/pymortests/riccati.py" line="60" name="test_ricc_lrcf[10-pymess_dense_nm_gmpcare-True-True-True-True-1-2]" time="0.00041103363037109375"><skipped message="Suite splitting in effect" type="pytest.skip">src/pymortests/riccati.py:60: Suite splitting in effect</skipped></testcase><testcase classname="src.pymortests.riccati" file="src/pymortests/riccati.py" line="60" name="test_ricc_lrcf[10-pymess_dense_nm_gmpcare-True-True-True-True-2-1]" time="0.0004456043243408203"><skipped message="Suite splitting in effect" type="pytest.skip">src/pymortests/riccati.py:60: Suite splitting in effect</skipped></testcase><testcase classname="src.pymortests.riccati" file="src/pymortests/riccati.py" line="60" name="test_ricc_lrcf[10-pymess_dense_nm_gmpcare-True-True-True-True-2-2]" time="0.0004291534423828125"><skipped message="Suite splitting in effect" type="pytest.skip">src/pymortests/riccati.py:60: Suite splitting in effect</skipped></testcase><testcase classname="src.pymortests.riccati" file="src/pymortests/riccati.py" line="60" name="test_ricc_lrcf[20-scipy-False-False-False-False-1-1]" time="0.00043082237243652344"><skipped message="Suite splitting in effect" type="pytest.skip">src/pymortests/riccati.py:60: Suite splitting in effect</skipped></testcase><testcase classname="src.pymortests.riccati" file="src/pymortests/riccati.py" line="60" name="test_ricc_lrcf[20-scipy-False-False-False-False-1-2]" time="0.0004169940948486328"><skipped message="Suite splitting in effect" type="pytest.skip">src/pymortests/riccati.py:60: Suite splitting in effect</skipped></testcase><testcase classname="src.pymortests.riccati" file="src/pymortests/riccati.py" line="60" name="test_ricc_lrcf[20-scipy-False-False-False-False-2-1]" time="0.0003955364227294922"><skipped message="Suite splitting in effect" type="pytest.skip">src/pymortests/riccati.py:60: Suite splitting in effect</skipped></testcase><testcase classname="src.pymortests.riccati" file="src/pymortests/riccati.py" line="60" name="test_ricc_lrcf[20-scipy-False-False-False-False-2-2]" time="0.0007002353668212891"><skipped message="Suite splitting in effect" type="pytest.skip">src/pymortests/riccati.py:60: Suite splitting in effect</skipped></testcase><testcase classname="src.pymortests.riccati" file="src/pymortests/riccati.py" line="60" name="test_ricc_lrcf[20-scipy-False-False-False-True-1-1]" time="0.00041794776916503906"><skipped message="Suite splitting in effect" type="pytest.skip">src/pymortests/riccati.py:60: Suite splitting in effect</skipped></testcase><testcase classname="src.pymortests.riccati" file="src/pymortests/riccati.py" line="60" name="test_ricc_lrcf[20-scipy-False-False-False-True-1-2]" time="0.0004165172576904297"><skipped message="Suite splitting in effect" type="pytest.skip">src/pymortests/riccati.py:60: Suite splitting in effect</skipped></testcase><testcase classname="src.pymortests.riccati" file="src/pymortests/riccati.py" line="60" name="test_ricc_lrcf[20-scipy-False-False-False-True-2-1]" time="0.0004792213439941406"><skipped message="Suite splitting in effect" type="pytest.skip">src/pymortests/riccati.py:60: Suite splitting in effect</skipped></testcase><testcase classname="src.pymortests.riccati" file="src/pymortests/riccati.py" line="60" name="test_ricc_lrcf[20-scipy-False-False-False-True-2-2]" time="0.0004291534423828125"><skipped message="Suite splitting in effect" type="pytest.skip">src/pymortests/riccati.py:60: Suite splitting in effect</skipped></testcase><testcase classname="src.pymortests.riccati" file="src/pymortests/riccati.py" line="60" name="test_ricc_lrcf[20-scipy-False-True-False-False-1-1]" time="0.0004124641418457031"><skipped message="Suite splitting in effect" type="pytest.skip">src/pymortests/riccati.py:60: Suite splitting in effect</skipped></testcase><testcase classname="src.pymortests.riccati" file="src/pymortests/riccati.py" line="60" name="test_ricc_lrcf[20-scipy-False-True-False-False-1-2]" time="0.00042438507080078125"><skipped message="Suite splitting in effect" type="pytest.skip">src/pymortests/riccati.py:60: Suite splitting in effect</skipped></testcase><testcase classname="src.pymortests.riccati" file="src/pymortests/riccati.py" line="60" name="test_ricc_lrcf[20-scipy-False-True-False-False-2-1]" time="0.00040030479431152344"><skipped message="Suite splitting in effect" type="pytest.skip">src/pymortests/riccati.py:60: Suite splitting in effect</skipped></testcase><testcase classname="src.pymortests.riccati" file="src/pymortests/riccati.py" line="60" name="test_ricc_lrcf[20-scipy-False-True-False-False-2-2]" time="0.0006966590881347656"><skipped message="Suite splitting in effect" type="pytest.skip">src/pymortests/riccati.py:60: Suite splitting in effect</skipped></testcase><testcase classname="src.pymortests.riccati" file="src/pymortests/riccati.py" line="60" name="test_ricc_lrcf[20-scipy-False-True-False-True-1-1]" time="0.00039315223693847656"><skipped message="Suite splitting in effect" type="pytest.skip">src/pymortests/riccati.py:60: Suite splitting in effect</skipped></testcase><testcase classname="src.pymortests.riccati" file="src/pymortests/riccati.py" line="60" name="test_ricc_lrcf[20-scipy-False-True-False-True-1-2]" time="0.0004241466522216797"><skipped message="Suite splitting in effect" type="pytest.skip">src/pymortests/riccati.py:60: Suite splitting in effect</skipped></testcase><testcase classname="src.pymortests.riccati" file="src/pymortests/riccati.py" line="60" name="test_ricc_lrcf[20-scipy-False-True-False-True-2-1]" time="0.0003948211669921875"><skipped message="Suite splitting in effect" type="pytest.skip">src/pymortests/riccati.py:60: Suite splitting in effect</skipped></testcase><testcase classname="src.pymortests.riccati" file="src/pymortests/riccati.py" line="60" name="test_ricc_lrcf[20-scipy-False-True-False-True-2-2]" time="0.0004024505615234375"><skipped message="Suite splitting in effect" type="pytest.skip">src/pymortests/riccati.py:60: Suite splitting in effect</skipped></testcase><testcase classname="src.pymortests.riccati" file="src/pymortests/riccati.py" line="60" name="test_ricc_lrcf[20-scipy-False-True-True-False-1-1]" time="0.00040459632873535156"><skipped message="Suite splitting in effect" type="pytest.skip">src/pymortests/riccati.py:60: Suite splitting in effect</skipped></testcase><testcase classname="src.pymortests.riccati" file="src/pymortests/riccati.py" line="60" name="test_ricc_lrcf[20-scipy-False-True-True-False-1-2]" time="0.0004436969757080078"><skipped message="Suite splitting in effect" type="pytest.skip">src/pymortests/riccati.py:60: Suite splitting in effect</skipped></testcase><testcase classname="src.pymortests.riccati" file="src/pymortests/riccati.py" line="60" name="test_ricc_lrcf[20-scipy-False-True-True-False-2-1]" time="0.00041365623474121094"><skipped message="Suite splitting in effect" type="pytest.skip">src/pymortests/riccati.py:60: Suite splitting in effect</skipped></testcase><testcase classname="src.pymortests.riccati" file="src/pymortests/riccati.py" line="60" name="test_ricc_lrcf[20-scipy-False-True-True-False-2-2]" time="0.0009028911590576172"><skipped message="Suite splitting in effect" type="pytest.skip">src/pymortests/riccati.py:60: Suite splitting in effect</skipped></testcase><testcase classname="src.pymortests.riccati" file="src/pymortests/riccati.py" line="60" name="test_ricc_lrcf[20-scipy-False-True-True-True-1-1]" time="0.00039577484130859375"><skipped message="Suite splitting in effect" type="pytest.skip">src/pymortests/riccati.py:60: Suite splitting in effect</skipped></testcase><testcase classname="src.pymortests.riccati" file="src/pymortests/riccati.py" line="60" name="test_ricc_lrcf[20-scipy-False-True-True-True-1-2]" time="0.0004260540008544922"><skipped message="Suite splitting in effect" type="pytest.skip">src/pymortests/riccati.py:60: Suite splitting in effect</skipped></testcase><testcase classname="src.pymortests.riccati" file="src/pymortests/riccati.py" line="60" name="test_ricc_lrcf[20-scipy-False-True-True-True-2-1]" time="0.00042819976806640625"><skipped message="Suite splitting in effect" type="pytest.skip">src/pymortests/riccati.py:60: Suite splitting in effect</skipped></testcase><testcase classname="src.pymortests.riccati" file="src/pymortests/riccati.py" line="60" name="test_ricc_lrcf[20-scipy-False-True-True-True-2-2]" time="0.0003960132598876953"><skipped message="Suite splitting in effect" type="pytest.skip">src/pymortests/riccati.py:60: Suite splitting in effect</skipped></testcase><testcase classname="src.pymortests.riccati" file="src/pymortests/riccati.py" line="60" name="test_ricc_lrcf[20-scipy-True-False-False-False-1-1]" time="0.00040650367736816406"><skipped message="Suite splitting in effect" type="pytest.skip">src/pymortests/riccati.py:60: Suite splitting in effect</skipped></testcase><testcase classname="src.pymortests.riccati" file="src/pymortests/riccati.py" line="60" name="test_ricc_lrcf[20-scipy-True-False-False-False-1-2]" time="0.0004661083221435547"><skipped message="Suite splitting in effect" type="pytest.skip">src/pymortests/riccati.py:60: Suite splitting in effect</skipped></testcase><testcase classname="src.pymortests.riccati" file="src/pymortests/riccati.py" line="60" name="test_ricc_lrcf[20-scipy-True-False-False-False-2-1]" time="0.00044155120849609375"><skipped message="Suite splitting in effect" type="pytest.skip">src/pymortests/riccati.py:60: Suite splitting in effect</skipped></testcase><testcase classname="src.pymortests.riccati" file="src/pymortests/riccati.py" line="60" name="test_ricc_lrcf[20-scipy-True-False-False-False-2-2]" time="0.0007030963897705078"><skipped message="Suite splitting in effect" type="pytest.skip">src/pymortests/riccati.py:60: Suite splitting in effect</skipped></testcase><testcase classname="src.pymortests.riccati" file="src/pymortests/riccati.py" line="60" name="test_ricc_lrcf[20-scipy-True-False-False-True-1-1]" time="0.0004169940948486328"><skipped message="Suite splitting in effect" type="pytest.skip">src/pymortests/riccati.py:60: Suite splitting in effect</skipped></testcase><testcase classname="src.pymortests.riccati" file="src/pymortests/riccati.py" line="60" name="test_ricc_lrcf[20-scipy-True-False-False-True-1-2]" time="0.0004215240478515625"><skipped message="Suite splitting in effect" type="pytest.skip">src/pymortests/riccati.py:60: Suite splitting in effect</skipped></testcase><testcase classname="src.pymortests.riccati" file="src/pymortests/riccati.py" line="60" name="test_ricc_lrcf[20-scipy-True-False-False-True-2-1]" time="0.00044155120849609375"><skipped message="Suite splitting in effect" type="pytest.skip">src/pymortests/riccati.py:60: Suite splitting in effect</skipped></testcase><testcase classname="src.pymortests.riccati" file="src/pymortests/riccati.py" line="60" name="test_ricc_lrcf[20-scipy-True-False-False-True-2-2]" time="0.0004291534423828125"><skipped message="Suite splitting in effect" type="pytest.skip">src/pymortests/riccati.py:60: Suite splitting in effect</skipped></testcase><testcase classname="src.pymortests.riccati" file="src/pymortests/riccati.py" line="60" name="test_ricc_lrcf[20-scipy-True-True-False-False-1-1]" time="0.0004477500915527344"><skipped message="Suite splitting in effect" type="pytest.skip">src/pymortests/riccati.py:60: Suite splitting in effect</skipped></testcase><testcase classname="src.pymortests.riccati" file="src/pymortests/riccati.py" line="60" name="test_ricc_lrcf[20-scipy-True-True-False-False-1-2]" time="0.00043964385986328125"><skipped message="Suite splitting in effect" type="pytest.skip">src/pymortests/riccati.py:60: Suite splitting in effect</skipped></testcase><testcase classname="src.pymortests.riccati" file="src/pymortests/riccati.py" line="60" name="test_ricc_lrcf[20-scipy-True-True-False-False-2-1]" time="0.0004284381866455078"><skipped message="Suite splitting in effect" type="pytest.skip">src/pymortests/riccati.py:60: Suite splitting in effect</skipped></testcase><testcase classname="src.pymortests.riccati" file="src/pymortests/riccati.py" line="60" name="test_ricc_lrcf[20-scipy-True-True-False-False-2-2]" time="0.0007078647613525391"><skipped message="Suite splitting in effect" type="pytest.skip">src/pymortests/riccati.py:60: Suite splitting in effect</skipped></testcase><testcase classname="src.pymortests.riccati" file="src/pymortests/riccati.py" line="60" name="test_ricc_lrcf[20-scipy-True-True-False-True-1-1]" time="0.0003991127014160156"><skipped message="Suite splitting in effect" type="pytest.skip">src/pymortests/riccati.py:60: Suite splitting in effect</skipped></testcase><testcase classname="src.pymortests.riccati" file="src/pymortests/riccati.py" line="60" name="test_ricc_lrcf[20-scipy-True-True-False-True-1-2]" time="0.0004258155822753906"><skipped message="Suite splitting in effect" type="pytest.skip">src/pymortests/riccati.py:60: Suite splitting in effect</skipped></testcase><testcase classname="src.pymortests.riccati" file="src/pymortests/riccati.py" line="60" name="test_ricc_lrcf[20-scipy-True-True-False-True-2-1]" time="0.0004291534423828125"><skipped message="Suite splitting in effect" type="pytest.skip">src/pymortests/riccati.py:60: Suite splitting in effect</skipped></testcase><testcase classname="src.pymortests.riccati" file="src/pymortests/riccati.py" line="60" name="test_ricc_lrcf[20-scipy-True-True-False-True-2-2]" time="0.0004162788391113281"><skipped message="Suite splitting in effect" type="pytest.skip">src/pymortests/riccati.py:60: Suite splitting in effect</skipped></testcase><testcase classname="src.pymortests.riccati" file="src/pymortests/riccati.py" line="60" name="test_ricc_lrcf[20-scipy-True-True-True-False-1-1]" time="0.00044846534729003906"><skipped message="Suite splitting in effect" type="pytest.skip">src/pymortests/riccati.py:60: Suite splitting in effect</skipped></testcase><testcase classname="src.pymortests.riccati" file="src/pymortests/riccati.py" line="60" name="test_ricc_lrcf[20-scipy-True-True-True-False-1-2]" time="0.0004057884216308594"><skipped message="Suite splitting in effect" type="pytest.skip">src/pymortests/riccati.py:60: Suite splitting in effect</skipped></testcase><testcase classname="src.pymortests.riccati" file="src/pymortests/riccati.py" line="60" name="test_ricc_lrcf[20-scipy-True-True-True-False-2-1]" time="0.00045180320739746094"><skipped message="Suite splitting in effect" type="pytest.skip">src/pymortests/riccati.py:60: Suite splitting in effect</skipped></testcase><testcase classname="src.pymortests.riccati" file="src/pymortests/riccati.py" line="60" name="test_ricc_lrcf[20-scipy-True-True-True-False-2-2]" time="0.0007677078247070312"><skipped message="Suite splitting in effect" type="pytest.skip">src/pymortests/riccati.py:60: Suite splitting in effect</skipped></testcase><testcase classname="src.pymortests.riccati" file="src/pymortests/riccati.py" line="60" name="test_ricc_lrcf[20-scipy-True-True-True-True-1-1]" time="0.00042819976806640625"><skipped message="Suite splitting in effect" type="pytest.skip">src/pymortests/riccati.py:60: Suite splitting in effect</skipped></testcase><testcase classname="src.pymortests.riccati" file="src/pymortests/riccati.py" line="60" name="test_ricc_lrcf[20-scipy-True-True-True-True-1-2]" time="0.00044465065002441406"><skipped message="Suite splitting in effect" type="pytest.skip">src/pymortests/riccati.py:60: Suite splitting in effect</skipped></testcase><testcase classname="src.pymortests.riccati" file="src/pymortests/riccati.py" line="60" name="test_ricc_lrcf[20-scipy-True-True-True-True-2-1]" time="0.0005009174346923828"><skipped message="Suite splitting in effect" type="pytest.skip">src/pymortests/riccati.py:60: Suite splitting in effect</skipped></testcase><testcase classname="src.pymortests.riccati" file="src/pymortests/riccati.py" line="60" name="test_ricc_lrcf[20-scipy-True-True-True-True-2-2]" time="0.00046372413635253906"><skipped message="Suite splitting in effect" type="pytest.skip">src/pymortests/riccati.py:60: Suite splitting in effect</skipped></testcase><testcase classname="src.pymortests.riccati" file="src/pymortests/riccati.py" line="60" name="test_ricc_lrcf[20-slycot-False-False-False-False-1-1]" time="0.00042557716369628906"><skipped message="Suite splitting in effect" type="pytest.skip">src/pymortests/riccati.py:60: Suite splitting in effect</skipped></testcase><testcase classname="src.pymortests.riccati" file="src/pymortests/riccati.py" line="60" name="test_ricc_lrcf[20-slycot-False-False-False-False-1-2]" time="0.0004360675811767578"><skipped message="Suite splitting in effect" type="pytest.skip">src/pymortests/riccati.py:60: Suite splitting in effect</skipped></testcase><testcase classname="src.pymortests.riccati" file="src/pymortests/riccati.py" line="60" name="test_ricc_lrcf[20-slycot-False-False-False-False-2-1]" time="0.00043392181396484375"><skipped message="Suite splitting in effect" type="pytest.skip">src/pymortests/riccati.py:60: Suite splitting in effect</skipped></testcase><testcase classname="src.pymortests.riccati" file="src/pymortests/riccati.py" line="60" name="test_ricc_lrcf[20-slycot-False-False-False-False-2-2]" time="0.0007462501525878906"><skipped message="Suite splitting in effect" type="pytest.skip">src/pymortests/riccati.py:60: Suite splitting in effect</skipped></testcase><testcase classname="src.pymortests.riccati" file="src/pymortests/riccati.py" line="60" name="test_ricc_lrcf[20-slycot-False-False-False-True-1-1]" time="0.00046515464782714844"><skipped message="Suite splitting in effect" type="pytest.skip">src/pymortests/riccati.py:60: Suite splitting in effect</skipped></testcase><testcase classname="src.pymortests.riccati" file="src/pymortests/riccati.py" line="60" name="test_ricc_lrcf[20-slycot-False-False-False-True-1-2]" time="0.0004458427429199219"><skipped message="Suite splitting in effect" type="pytest.skip">src/pymortests/riccati.py:60: Suite splitting in effect</skipped></testcase><testcase classname="src.pymortests.riccati" file="src/pymortests/riccati.py" line="60" name="test_ricc_lrcf[20-slycot-False-False-False-True-2-1]" time="0.0004057884216308594"><skipped message="Suite splitting in effect" type="pytest.skip">src/pymortests/riccati.py:60: Suite splitting in effect</skipped></testcase><testcase classname="src.pymortests.riccati" file="src/pymortests/riccati.py" line="60" name="test_ricc_lrcf[20-slycot-False-False-False-True-2-2]" time="0.0004177093505859375"><skipped message="Suite splitting in effect" type="pytest.skip">src/pymortests/riccati.py:60: Suite splitting in effect</skipped></testcase><testcase classname="src.pymortests.riccati" file="src/pymortests/riccati.py" line="60" name="test_ricc_lrcf[20-slycot-False-True-False-False-1-1]" time="0.000396728515625"><skipped message="Suite splitting in effect" type="pytest.skip">src/pymortests/riccati.py:60: Suite splitting in effect</skipped></testcase><testcase classname="src.pymortests.riccati" file="src/pymortests/riccati.py" line="60" name="test_ricc_lrcf[20-slycot-False-True-False-False-1-2]" time="0.0004432201385498047"><skipped message="Suite splitting in effect" type="pytest.skip">src/pymortests/riccati.py:60: Suite splitting in effect</skipped></testcase><testcase classname="src.pymortests.riccati" file="src/pymortests/riccati.py" line="60" name="test_ricc_lrcf[20-slycot-False-True-False-False-2-1]" time="0.0004074573516845703"><skipped message="Suite splitting in effect" type="pytest.skip">src/pymortests/riccati.py:60: Suite splitting in effect</skipped></testcase><testcase classname="src.pymortests.riccati" file="src/pymortests/riccati.py" line="60" name="test_ricc_lrcf[20-slycot-False-True-False-False-2-2]" time="0.0007371902465820312"><skipped message="Suite splitting in effect" type="pytest.skip">src/pymortests/riccati.py:60: Suite splitting in effect</skipped></testcase><testcase classname="src.pymortests.riccati" file="src/pymortests/riccati.py" line="60" name="test_ricc_lrcf[20-slycot-False-True-False-True-1-1]" time="0.0004520416259765625"><skipped message="Suite splitting in effect" type="pytest.skip">src/pymortests/riccati.py:60: Suite splitting in effect</skipped></testcase><testcase classname="src.pymortests.riccati" file="src/pymortests/riccati.py" line="60" name="test_ricc_lrcf[20-slycot-False-True-False-True-1-2]" time="0.00041985511779785156"><skipped message="Suite splitting in effect" type="pytest.skip">src/pymortests/riccati.py:60: Suite splitting in effect</skipped></testcase><testcase classname="src.pymortests.riccati" file="src/pymortests/riccati.py" line="60" name="test_ricc_lrcf[20-slycot-False-True-False-True-2-1]" time="0.0004000663757324219"><skipped message="Suite splitting in effect" type="pytest.skip">src/pymortests/riccati.py:60: Suite splitting in effect</skipped></testcase><testcase classname="src.pymortests.riccati" file="src/pymortests/riccati.py" line="60" name="test_ricc_lrcf[20-slycot-False-True-False-True-2-2]" time="0.00043654441833496094"><skipped message="Suite splitting in effect" type="pytest.skip">src/pymortests/riccati.py:60: Suite splitting in effect</skipped></testcase><testcase classname="src.pymortests.riccati" file="src/pymortests/riccati.py" line="60" name="test_ricc_lrcf[20-slycot-False-True-True-False-1-1]" time="0.00043892860412597656"><skipped message="Suite splitting in effect" type="pytest.skip">src/pymortests/riccati.py:60: Suite splitting in effect</skipped></testcase><testcase classname="src.pymortests.riccati" file="src/pymortests/riccati.py" line="60" name="test_ricc_lrcf[20-slycot-False-True-True-False-1-2]" time="0.0003991127014160156"><skipped message="Suite splitting in effect" type="pytest.skip">src/pymortests/riccati.py:60: Suite splitting in effect</skipped></testcase><testcase classname="src.pymortests.riccati" file="src/pymortests/riccati.py" line="60" name="test_ricc_lrcf[20-slycot-False-True-True-False-2-1]" time="0.0004303455352783203"><skipped message="Suite splitting in effect" type="pytest.skip">src/pymortests/riccati.py:60: Suite splitting in effect</skipped></testcase><testcase classname="src.pymortests.riccati" file="src/pymortests/riccati.py" line="60" name="test_ricc_lrcf[20-slycot-False-True-True-False-2-2]" time="0.0007045269012451172"><skipped message="Suite splitting in effect" type="pytest.skip">src/pymortests/riccati.py:60: Suite splitting in effect</skipped></testcase><testcase classname="src.pymortests.riccati" file="src/pymortests/riccati.py" line="60" name="test_ricc_lrcf[20-slycot-False-True-True-True-1-1]" time="0.0004048347473144531"><skipped message="Suite splitting in effect" type="pytest.skip">src/pymortests/riccati.py:60: Suite splitting in effect</skipped></testcase><testcase classname="src.pymortests.riccati" file="src/pymortests/riccati.py" line="60" name="test_ricc_lrcf[20-slycot-False-True-True-True-1-2]" time="0.0003895759582519531"><skipped message="Suite splitting in effect" type="pytest.skip">src/pymortests/riccati.py:60: Suite splitting in effect</skipped></testcase><testcase classname="src.pymortests.riccati" file="src/pymortests/riccati.py" line="60" name="test_ricc_lrcf[20-slycot-False-True-True-True-2-1]" time="0.0003955364227294922"><skipped message="Suite splitting in effect" type="pytest.skip">src/pymortests/riccati.py:60: Suite splitting in effect</skipped></testcase><testcase classname="src.pymortests.riccati" file="src/pymortests/riccati.py" line="60" name="test_ricc_lrcf[20-slycot-False-True-True-True-2-2]" time="0.0003979206085205078"><skipped message="Suite splitting in effect" type="pytest.skip">src/pymortests/riccati.py:60: Suite splitting in effect</skipped></testcase><testcase classname="src.pymortests.riccati" file="src/pymortests/riccati.py" line="60" name="test_ricc_lrcf[20-slycot-True-False-False-False-1-1]" time="0.0004203319549560547"><skipped message="Suite splitting in effect" type="pytest.skip">src/pymortests/riccati.py:60: Suite splitting in effect</skipped></testcase><testcase classname="src.pymortests.riccati" file="src/pymortests/riccati.py" line="60" name="test_ricc_lrcf[20-slycot-True-False-False-False-1-2]" time="0.0004253387451171875"><skipped message="Suite splitting in effect" type="pytest.skip">src/pymortests/riccati.py:60: Suite splitting in effect</skipped></testcase><testcase classname="src.pymortests.riccati" file="src/pymortests/riccati.py" line="60" name="test_ricc_lrcf[20-slycot-True-False-False-False-2-1]" time="0.0004200935363769531"><skipped message="Suite splitting in effect" type="pytest.skip">src/pymortests/riccati.py:60: Suite splitting in effect</skipped></testcase><testcase classname="src.pymortests.riccati" file="src/pymortests/riccati.py" line="60" name="test_ricc_lrcf[20-slycot-True-False-False-False-2-2]" time="0.0007052421569824219"><skipped message="Suite splitting in effect" type="pytest.skip">src/pymortests/riccati.py:60: Suite splitting in effect</skipped></testcase><testcase classname="src.pymortests.riccati" file="src/pymortests/riccati.py" line="60" name="test_ricc_lrcf[20-slycot-True-False-False-True-1-1]" time="0.0004169940948486328"><skipped message="Suite splitting in effect" type="pytest.skip">src/pymortests/riccati.py:60: Suite splitting in effect</skipped></testcase><testcase classname="src.pymortests.riccati" file="src/pymortests/riccati.py" line="60" name="test_ricc_lrcf[20-slycot-True-False-False-True-1-2]" time="0.0004258155822753906"><skipped message="Suite splitting in effect" type="pytest.skip">src/pymortests/riccati.py:60: Suite splitting in effect</skipped></testcase><testcase classname="src.pymortests.riccati" file="src/pymortests/riccati.py" line="60" name="test_ricc_lrcf[20-slycot-True-False-False-True-2-1]" time="0.00042176246643066406"><skipped message="Suite splitting in effect" type="pytest.skip">src/pymortests/riccati.py:60: Suite splitting in effect</skipped></testcase><testcase classname="src.pymortests.riccati" file="src/pymortests/riccati.py" line="60" name="test_ricc_lrcf[20-slycot-True-False-False-True-2-2]" time="0.0003941059112548828"><skipped message="Suite splitting in effect" type="pytest.skip">src/pymortests/riccati.py:60: Suite splitting in effect</skipped></testcase><testcase classname="src.pymortests.riccati" file="src/pymortests/riccati.py" line="60" name="test_ricc_lrcf[20-slycot-True-True-False-False-1-1]" time="0.00043845176696777344"><skipped message="Suite splitting in effect" type="pytest.skip">src/pymortests/riccati.py:60: Suite splitting in effect</skipped></testcase><testcase classname="src.pymortests.riccati" file="src/pymortests/riccati.py" line="60" name="test_ricc_lrcf[20-slycot-True-True-False-False-1-2]" time="0.0004029273986816406"><skipped message="Suite splitting in effect" type="pytest.skip">src/pymortests/riccati.py:60: Suite splitting in effect</skipped></testcase><testcase classname="src.pymortests.riccati" file="src/pymortests/riccati.py" line="60" name="test_ricc_lrcf[20-slycot-True-True-False-False-2-1]" time="0.0003981590270996094"><skipped message="Suite splitting in effect" type="pytest.skip">src/pymortests/riccati.py:60: Suite splitting in effect</skipped></testcase><testcase classname="src.pymortests.riccati" file="src/pymortests/riccati.py" line="60" name="test_ricc_lrcf[20-slycot-True-True-False-False-2-2]" time="0.0006892681121826172"><skipped message="Suite splitting in effect" type="pytest.skip">src/pymortests/riccati.py:60: Suite splitting in effect</skipped></testcase><testcase classname="src.pymortests.riccati" file="src/pymortests/riccati.py" line="60" name="test_ricc_lrcf[20-slycot-True-True-False-True-1-1]" time="0.0004107952117919922"><skipped message="Suite splitting in effect" type="pytest.skip">src/pymortests/riccati.py:60: Suite splitting in effect</skipped></testcase><testcase classname="src.pymortests.riccati" file="src/pymortests/riccati.py" line="60" name="test_ricc_lrcf[20-slycot-True-True-False-True-1-2]" time="0.0003943443298339844"><skipped message="Suite splitting in effect" type="pytest.skip">src/pymortests/riccati.py:60: Suite splitting in effect</skipped></testcase><testcase classname="src.pymortests.riccati" file="src/pymortests/riccati.py" line="60" name="test_ricc_lrcf[20-slycot-True-True-False-True-2-1]" time="0.0005779266357421875"><skipped message="Suite splitting in effect" type="pytest.skip">src/pymortests/riccati.py:60: Suite splitting in effect</skipped></testcase><testcase classname="src.pymortests.riccati" file="src/pymortests/riccati.py" line="60" name="test_ricc_lrcf[20-slycot-True-True-False-True-2-2]" time="0.0004177093505859375"><skipped message="Suite splitting in effect" type="pytest.skip">src/pymortests/riccati.py:60: Suite splitting in effect</skipped></testcase><testcase classname="src.pymortests.riccati" file="src/pymortests/riccati.py" line="60" name="test_ricc_lrcf[20-slycot-True-True-True-False-1-1]" time="0.0003986358642578125"><skipped message="Suite splitting in effect" type="pytest.skip">src/pymortests/riccati.py:60: Suite splitting in effect</skipped></testcase><testcase classname="src.pymortests.riccati" file="src/pymortests/riccati.py" line="60" name="test_ricc_lrcf[20-slycot-True-True-True-False-1-2]" time="0.00039505958557128906"><skipped message="Suite splitting in effect" type="pytest.skip">src/pymortests/riccati.py:60: Suite splitting in effect</skipped></testcase><testcase classname="src.pymortests.riccati" file="src/pymortests/riccati.py" line="60" name="test_ricc_lrcf[20-slycot-True-True-True-False-2-1]" time="0.00041747093200683594"><skipped message="Suite splitting in effect" type="pytest.skip">src/pymortests/riccati.py:60: Suite splitting in effect</skipped></testcase><testcase classname="src.pymortests.riccati" file="src/pymortests/riccati.py" line="60" name="test_ricc_lrcf[20-slycot-True-True-True-False-2-2]" time="0.0007088184356689453"><skipped message="Suite splitting in effect" type="pytest.skip">src/pymortests/riccati.py:60: Suite splitting in effect</skipped></testcase><testcase classname="src.pymortests.riccati" file="src/pymortests/riccati.py" line="60" name="test_ricc_lrcf[20-slycot-True-True-True-True-1-1]" time="0.00039315223693847656"><skipped message="Suite splitting in effect" type="pytest.skip">src/pymortests/riccati.py:60: Suite splitting in effect</skipped></testcase><testcase classname="src.pymortests.riccati" file="src/pymortests/riccati.py" line="60" name="test_ricc_lrcf[20-slycot-True-True-True-True-1-2]" time="0.00039696693420410156"><skipped message="Suite splitting in effect" type="pytest.skip">src/pymortests/riccati.py:60: Suite splitting in effect</skipped></testcase><testcase classname="src.pymortests.riccati" file="src/pymortests/riccati.py" line="60" name="test_ricc_lrcf[20-slycot-True-True-True-True-2-1]" time="0.0003972053527832031"><skipped message="Suite splitting in effect" type="pytest.skip">src/pymortests/riccati.py:60: Suite splitting in effect</skipped></testcase><testcase classname="src.pymortests.riccati" file="src/pymortests/riccati.py" line="60" name="test_ricc_lrcf[20-slycot-True-True-True-True-2-2]" time="0.0004496574401855469"><skipped message="Suite splitting in effect" type="pytest.skip">src/pymortests/riccati.py:60: Suite splitting in effect</skipped></testcase><testcase classname="src.pymortests.riccati" file="src/pymortests/riccati.py" line="60" name="test_ricc_lrcf[20-pymess_dense_nm_gmpcare-False-False-False-False-1-1]" time="0.0004143714904785156"><skipped message="Suite splitting in effect" type="pytest.skip">src/pymortests/riccati.py:60: Suite splitting in effect</skipped></testcase><testcase classname="src.pymortests.riccati" file="src/pymortests/riccati.py" line="60" name="test_ricc_lrcf[20-pymess_dense_nm_gmpcare-False-False-False-False-1-2]" time="0.0003974437713623047"><skipped message="Suite splitting in effect" type="pytest.skip">src/pymortests/riccati.py:60: Suite splitting in effect</skipped></testcase><testcase classname="src.pymortests.riccati" file="src/pymortests/riccati.py" line="60" name="test_ricc_lrcf[20-pymess_dense_nm_gmpcare-False-False-False-False-2-1]" time="0.000400543212890625"><skipped message="Suite splitting in effect" type="pytest.skip">src/pymortests/riccati.py:60: Suite splitting in effect</skipped></testcase><testcase classname="src.pymortests.riccati" file="src/pymortests/riccati.py" line="60" name="test_ricc_lrcf[20-pymess_dense_nm_gmpcare-False-False-False-False-2-2]" time="0.0006492137908935547"><skipped message="Suite splitting in effect" type="pytest.skip">src/pymortests/riccati.py:60: Suite splitting in effect</skipped></testcase><testcase classname="src.pymortests.riccati" file="src/pymortests/riccati.py" line="60" name="test_ricc_lrcf[20-pymess_dense_nm_gmpcare-False-False-False-True-1-1]" time="0.00042319297790527344"><skipped message="Suite splitting in effect" type="pytest.skip">src/pymortests/riccati.py:60: Suite splitting in effect</skipped></testcase><testcase classname="src.pymortests.riccati" file="src/pymortests/riccati.py" line="60" name="test_ricc_lrcf[20-pymess_dense_nm_gmpcare-False-False-False-True-1-2]" time="0.0003955364227294922"><skipped message="Suite splitting in effect" type="pytest.skip">src/pymortests/riccati.py:60: Suite splitting in effect</skipped></testcase><testcase classname="src.pymortests.riccati" file="src/pymortests/riccati.py" line="60" name="test_ricc_lrcf[20-pymess_dense_nm_gmpcare-False-False-False-True-2-1]" time="0.00040793418884277344"><skipped message="Suite splitting in effect" type="pytest.skip">src/pymortests/riccati.py:60: Suite splitting in effect</skipped></testcase><testcase classname="src.pymortests.riccati" file="src/pymortests/riccati.py" line="60" name="test_ricc_lrcf[20-pymess_dense_nm_gmpcare-False-False-False-True-2-2]" time="0.00040149688720703125"><skipped message="Suite splitting in effect" type="pytest.skip">src/pymortests/riccati.py:60: Suite splitting in effect</skipped></testcase><testcase classname="src.pymortests.riccati" file="src/pymortests/riccati.py" line="60" name="test_ricc_lrcf[20-pymess_dense_nm_gmpcare-False-True-False-False-1-1]" time="0.0004477500915527344"><skipped message="Suite splitting in effect" type="pytest.skip">src/pymortests/riccati.py:60: Suite splitting in effect</skipped></testcase><testcase classname="src.pymortests.riccati" file="src/pymortests/riccati.py" line="60" name="test_ricc_lrcf[20-pymess_dense_nm_gmpcare-False-True-False-False-1-2]" time="0.0004265308380126953"><skipped message="Suite splitting in effect" type="pytest.skip">src/pymortests/riccati.py:60: Suite splitting in effect</skipped></testcase><testcase classname="src.pymortests.riccati" file="src/pymortests/riccati.py" line="60" name="test_ricc_lrcf[20-pymess_dense_nm_gmpcare-False-True-False-False-2-1]" time="0.0004210472106933594"><skipped message="Suite splitting in effect" type="pytest.skip">src/pymortests/riccati.py:60: Suite splitting in effect</skipped></testcase><testcase classname="src.pymortests.riccati" file="src/pymortests/riccati.py" line="60" name="test_ricc_lrcf[20-pymess_dense_nm_gmpcare-False-True-False-False-2-2]" time="0.000659942626953125"><skipped message="Suite splitting in effect" type="pytest.skip">src/pymortests/riccati.py:60: Suite splitting in effect</skipped></testcase><testcase classname="src.pymortests.riccati" file="src/pymortests/riccati.py" line="60" name="test_ricc_lrcf[20-pymess_dense_nm_gmpcare-False-True-False-True-1-1]" time="0.000423431396484375"><skipped message="Suite splitting in effect" type="pytest.skip">src/pymortests/riccati.py:60: Suite splitting in effect</skipped></testcase><testcase classname="src.pymortests.riccati" file="src/pymortests/riccati.py" line="60" name="test_ricc_lrcf[20-pymess_dense_nm_gmpcare-False-True-False-True-1-2]" time="0.0004220008850097656"><skipped message="Suite splitting in effect" type="pytest.skip">src/pymortests/riccati.py:60: Suite splitting in effect</skipped></testcase><testcase classname="src.pymortests.riccati" file="src/pymortests/riccati.py" line="60" name="test_ricc_lrcf[20-pymess_dense_nm_gmpcare-False-True-False-True-2-1]" time="0.0003993511199951172"><skipped message="Suite splitting in effect" type="pytest.skip">src/pymortests/riccati.py:60: Suite splitting in effect</skipped></testcase><testcase classname="src.pymortests.riccati" file="src/pymortests/riccati.py" line="60" name="test_ricc_lrcf[20-pymess_dense_nm_gmpcare-False-True-False-True-2-2]" time="0.00038909912109375"><skipped message="Suite splitting in effect" type="pytest.skip">src/pymortests/riccati.py:60: Suite splitting in effect</skipped></testcase><testcase classname="src.pymortests.riccati" file="src/pymortests/riccati.py" line="60" name="test_ricc_lrcf[20-pymess_dense_nm_gmpcare-False-True-True-False-1-1]" time="0.0004124641418457031"><skipped message="Suite splitting in effect" type="pytest.skip">src/pymortests/riccati.py:60: Suite splitting in effect</skipped></testcase><testcase classname="src.pymortests.riccati" file="src/pymortests/riccati.py" line="60" name="test_ricc_lrcf[20-pymess_dense_nm_gmpcare-False-True-True-False-1-2]" time="0.0004220008850097656"><skipped message="Suite splitting in effect" type="pytest.skip">src/pymortests/riccati.py:60: Suite splitting in effect</skipped></testcase><testcase classname="src.pymortests.riccati" file="src/pymortests/riccati.py" line="60" name="test_ricc_lrcf[20-pymess_dense_nm_gmpcare-False-True-True-False-2-1]" time="0.00042366981506347656"><skipped message="Suite splitting in effect" type="pytest.skip">src/pymortests/riccati.py:60: Suite splitting in effect</skipped></testcase><testcase classname="src.pymortests.riccati" file="src/pymortests/riccati.py" line="60" name="test_ricc_lrcf[20-pymess_dense_nm_gmpcare-False-True-True-False-2-2]" time="0.000858306884765625"><skipped message="Suite splitting in effect" type="pytest.skip">src/pymortests/riccati.py:60: Suite splitting in effect</skipped></testcase><testcase classname="src.pymortests.riccati" file="src/pymortests/riccati.py" line="60" name="test_ricc_lrcf[20-pymess_dense_nm_gmpcare-False-True-True-True-1-1]" time="0.00039124488830566406"><skipped message="Suite splitting in effect" type="pytest.skip">src/pymortests/riccati.py:60: Suite splitting in effect</skipped></testcase><testcase classname="src.pymortests.riccati" file="src/pymortests/riccati.py" line="60" name="test_ricc_lrcf[20-pymess_dense_nm_gmpcare-False-True-True-True-1-2]" time="0.0003883838653564453"><skipped message="Suite splitting in effect" type="pytest.skip">src/pymortests/riccati.py:60: Suite splitting in effect</skipped></testcase><testcase classname="src.pymortests.riccati" file="src/pymortests/riccati.py" line="60" name="test_ricc_lrcf[20-pymess_dense_nm_gmpcare-False-True-True-True-2-1]" time="0.00040149688720703125"><skipped message="Suite splitting in effect" type="pytest.skip">src/pymortests/riccati.py:60: Suite splitting in effect</skipped></testcase><testcase classname="src.pymortests.riccati" file="src/pymortests/riccati.py" line="60" name="test_ricc_lrcf[20-pymess_dense_nm_gmpcare-False-True-True-True-2-2]" time="0.00039076805114746094"><skipped message="Suite splitting in effect" type="pytest.skip">src/pymortests/riccati.py:60: Suite splitting in effect</skipped></testcase><testcase classname="src.pymortests.riccati" file="src/pymortests/riccati.py" line="60" name="test_ricc_lrcf[20-pymess_dense_nm_gmpcare-True-False-False-False-1-1]" time="0.0004220008850097656"><skipped message="Suite splitting in effect" type="pytest.skip">src/pymortests/riccati.py:60: Suite splitting in effect</skipped></testcase><testcase classname="src.pymortests.riccati" file="src/pymortests/riccati.py" line="60" name="test_ricc_lrcf[20-pymess_dense_nm_gmpcare-True-False-False-False-1-2]" time="0.0003924369812011719"><skipped message="Suite splitting in effect" type="pytest.skip">src/pymortests/riccati.py:60: Suite splitting in effect</skipped></testcase><testcase classname="src.pymortests.riccati" file="src/pymortests/riccati.py" line="60" name="test_ricc_lrcf[20-pymess_dense_nm_gmpcare-True-False-False-False-2-1]" time="0.00040411949157714844"><skipped message="Suite splitting in effect" type="pytest.skip">src/pymortests/riccati.py:60: Suite splitting in effect</skipped></testcase><testcase classname="src.pymortests.riccati" file="src/pymortests/riccati.py" line="60" name="test_ricc_lrcf[20-pymess_dense_nm_gmpcare-True-False-False-False-2-2]" time="0.0006716251373291016"><skipped message="Suite splitting in effect" type="pytest.skip">src/pymortests/riccati.py:60: Suite splitting in effect</skipped></testcase><testcase classname="src.pymortests.riccati" file="src/pymortests/riccati.py" line="60" name="test_ricc_lrcf[20-pymess_dense_nm_gmpcare-True-False-False-True-1-1]" time="0.0003921985626220703"><skipped message="Suite splitting in effect" type="pytest.skip">src/pymortests/riccati.py:60: Suite splitting in effect</skipped></testcase><testcase classname="src.pymortests.riccati" file="src/pymortests/riccati.py" line="60" name="test_ricc_lrcf[20-pymess_dense_nm_gmpcare-True-False-False-True-1-2]" time="0.0004353523254394531"><skipped message="Suite splitting in effect" type="pytest.skip">src/pymortests/riccati.py:60: Suite splitting in effect</skipped></testcase><testcase classname="src.pymortests.riccati" file="src/pymortests/riccati.py" line="60" name="test_ricc_lrcf[20-pymess_dense_nm_gmpcare-True-False-False-True-2-1]" time="0.0004279613494873047"><skipped message="Suite splitting in effect" type="pytest.skip">src/pymortests/riccati.py:60: Suite splitting in effect</skipped></testcase><testcase classname="src.pymortests.riccati" file="src/pymortests/riccati.py" line="60" name="test_ricc_lrcf[20-pymess_dense_nm_gmpcare-True-False-False-True-2-2]" time="0.00039315223693847656"><skipped message="Suite splitting in effect" type="pytest.skip">src/pymortests/riccati.py:60: Suite splitting in effect</skipped></testcase><testcase classname="src.pymortests.riccati" file="src/pymortests/riccati.py" line="60" name="test_ricc_lrcf[20-pymess_dense_nm_gmpcare-True-True-False-False-1-1]" time="0.0004172325134277344"><skipped message="Suite splitting in effect" type="pytest.skip">src/pymortests/riccati.py:60: Suite splitting in effect</skipped></testcase><testcase classname="src.pymortests.riccati" file="src/pymortests/riccati.py" line="60" name="test_ricc_lrcf[20-pymess_dense_nm_gmpcare-True-True-False-False-1-2]" time="0.0003898143768310547"><skipped message="Suite splitting in effect" type="pytest.skip">src/pymortests/riccati.py:60: Suite splitting in effect</skipped></testcase><testcase classname="src.pymortests.riccati" file="src/pymortests/riccati.py" line="60" name="test_ricc_lrcf[20-pymess_dense_nm_gmpcare-True-True-False-False-2-1]" time="0.0003974437713623047"><skipped message="Suite splitting in effect" type="pytest.skip">src/pymortests/riccati.py:60: Suite splitting in effect</skipped></testcase><testcase classname="src.pymortests.riccati" file="src/pymortests/riccati.py" line="60" name="test_ricc_lrcf[20-pymess_dense_nm_gmpcare-True-True-False-False-2-2]" time="0.0006978511810302734"><skipped message="Suite splitting in effect" type="pytest.skip">src/pymortests/riccati.py:60: Suite splitting in effect</skipped></testcase><testcase classname="src.pymortests.riccati" file="src/pymortests/riccati.py" line="60" name="test_ricc_lrcf[20-pymess_dense_nm_gmpcare-True-True-False-True-1-1]" time="0.00038743019104003906"><skipped message="Suite splitting in effect" type="pytest.skip">src/pymortests/riccati.py:60: Suite splitting in effect</skipped></testcase><testcase classname="src.pymortests.riccati" file="src/pymortests/riccati.py" line="60" name="test_ricc_lrcf[20-pymess_dense_nm_gmpcare-True-True-False-True-1-2]" time="0.0003867149353027344"><skipped message="Suite splitting in effect" type="pytest.skip">src/pymortests/riccati.py:60: Suite splitting in effect</skipped></testcase><testcase classname="src.pymortests.riccati" file="src/pymortests/riccati.py" line="60" name="test_ricc_lrcf[20-pymess_dense_nm_gmpcare-True-True-False-True-2-1]" time="0.0004181861877441406"><skipped message="Suite splitting in effect" type="pytest.skip">src/pymortests/riccati.py:60: Suite splitting in effect</skipped></testcase><testcase classname="src.pymortests.riccati" file="src/pymortests/riccati.py" line="60" name="test_ricc_lrcf[20-pymess_dense_nm_gmpcare-True-True-False-True-2-2]" time="0.0004162788391113281"><skipped message="Suite splitting in effect" type="pytest.skip">src/pymortests/riccati.py:60: Suite splitting in effect</skipped></testcase><testcase classname="src.pymortests.riccati" file="src/pymortests/riccati.py" line="60" name="test_ricc_lrcf[20-pymess_dense_nm_gmpcare-True-True-True-False-1-1]" time="0.0004107952117919922"><skipped message="Suite splitting in effect" type="pytest.skip">src/pymortests/riccati.py:60: Suite splitting in effect</skipped></testcase><testcase classname="src.pymortests.riccati" file="src/pymortests/riccati.py" line="60" name="test_ricc_lrcf[20-pymess_dense_nm_gmpcare-True-True-True-False-1-2]" time="0.00041413307189941406"><skipped message="Suite splitting in effect" type="pytest.skip">src/pymortests/riccati.py:60: Suite splitting in effect</skipped></testcase><testcase classname="src.pymortests.riccati" file="src/pymortests/riccati.py" line="60" name="test_ricc_lrcf[20-pymess_dense_nm_gmpcare-True-True-True-False-2-1]" time="0.0003902912139892578"><skipped message="Suite splitting in effect" type="pytest.skip">src/pymortests/riccati.py:60: Suite splitting in effect</skipped></testcase><testcase classname="src.pymortests.riccati" file="src/pymortests/riccati.py" line="60" name="test_ricc_lrcf[20-pymess_dense_nm_gmpcare-True-True-True-False-2-2]" time="0.0006763935089111328"><skipped message="Suite splitting in effect" type="pytest.skip">src/pymortests/riccati.py:60: Suite splitting in effect</skipped></testcase><testcase classname="src.pymortests.riccati" file="src/pymortests/riccati.py" line="60" name="test_ricc_lrcf[20-pymess_dense_nm_gmpcare-True-True-True-True-1-1]" time="0.0003867149353027344"><skipped message="Suite splitting in effect" type="pytest.skip">src/pymortests/riccati.py:60: Suite splitting in effect</skipped></testcase><testcase classname="src.pymortests.riccati" file="src/pymortests/riccati.py" line="60" name="test_ricc_lrcf[20-pymess_dense_nm_gmpcare-True-True-True-True-1-2]" time="0.00039458274841308594"><skipped message="Suite splitting in effect" type="pytest.skip">src/pymortests/riccati.py:60: Suite splitting in effect</skipped></testcase><testcase classname="src.pymortests.riccati" file="src/pymortests/riccati.py" line="60" name="test_ricc_lrcf[20-pymess_dense_nm_gmpcare-True-True-True-True-2-1]" time="0.00041604042053222656"><skipped message="Suite splitting in effect" type="pytest.skip">src/pymortests/riccati.py:60: Suite splitting in effect</skipped></testcase><testcase classname="src.pymortests.riccati" file="src/pymortests/riccati.py" line="60" name="test_ricc_lrcf[20-pymess_dense_nm_gmpcare-True-True-True-True-2-2]" time="0.0004303455352783203"><skipped message="Suite splitting in effect" type="pytest.skip">src/pymortests/riccati.py:60: Suite splitting in effect</skipped></testcase><testcase classname="src.pymortests.riccati" file="src/pymortests/riccati.py" line="60" name="test_ricc_lrcf[200-pymess_lrnm-False-False-False-False-1-1]" time="0.00042557716369628906"><skipped message="Suite splitting in effect" type="pytest.skip">src/pymortests/riccati.py:60: Suite splitting in effect</skipped></testcase><testcase classname="src.pymortests.riccati" file="src/pymortests/riccati.py" line="60" name="test_ricc_lrcf[200-pymess_lrnm-False-False-False-False-1-2]" time="0.0003960132598876953"><skipped message="Suite splitting in effect" type="pytest.skip">src/pymortests/riccati.py:60: Suite splitting in effect</skipped></testcase><testcase classname="src.pymortests.riccati" file="src/pymortests/riccati.py" line="60" name="test_ricc_lrcf[200-pymess_lrnm-False-False-False-False-2-1]" time="0.0003955364227294922"><skipped message="Suite splitting in effect" type="pytest.skip">src/pymortests/riccati.py:60: Suite splitting in effect</skipped></testcase><testcase classname="src.pymortests.riccati" file="src/pymortests/riccati.py" line="60" name="test_ricc_lrcf[200-pymess_lrnm-False-False-False-False-2-2]" time="0.0006918907165527344"><skipped message="Suite splitting in effect" type="pytest.skip">src/pymortests/riccati.py:60: Suite splitting in effect</skipped></testcase><testcase classname="src.pymortests.riccati" file="src/pymortests/riccati.py" line="60" name="test_ricc_lrcf[200-pymess_lrnm-False-False-False-True-1-1]" time="0.0004444122314453125"><skipped message="Suite splitting in effect" type="pytest.skip">src/pymortests/riccati.py:60: Suite splitting in effect</skipped></testcase><testcase classname="src.pymortests.riccati" file="src/pymortests/riccati.py" line="60" name="test_ricc_lrcf[200-pymess_lrnm-False-False-False-True-1-2]" time="0.00039887428283691406"><skipped message="Suite splitting in effect" type="pytest.skip">src/pymortests/riccati.py:60: Suite splitting in effect</skipped></testcase><testcase classname="src.pymortests.riccati" file="src/pymortests/riccati.py" line="60" name="test_ricc_lrcf[200-pymess_lrnm-False-False-False-True-2-1]" time="0.0004062652587890625"><skipped message="Suite splitting in effect" type="pytest.skip">src/pymortests/riccati.py:60: Suite splitting in effect</skipped></testcase><testcase classname="src.pymortests.riccati" file="src/pymortests/riccati.py" line="60" name="test_ricc_lrcf[200-pymess_lrnm-False-False-False-True-2-2]" time="0.00039124488830566406"><skipped message="Suite splitting in effect" type="pytest.skip">src/pymortests/riccati.py:60: Suite splitting in effect</skipped></testcase><testcase classname="src.pymortests.riccati" file="src/pymortests/riccati.py" line="60" name="test_ricc_lrcf[200-pymess_lrnm-False-True-False-False-1-1]" time="0.00042700767517089844"><skipped message="Suite splitting in effect" type="pytest.skip">src/pymortests/riccati.py:60: Suite splitting in effect</skipped></testcase><testcase classname="src.pymortests.riccati" file="src/pymortests/riccati.py" line="60" name="test_ricc_lrcf[200-pymess_lrnm-False-True-False-False-1-2]" time="0.0004189014434814453"><skipped message="Suite splitting in effect" type="pytest.skip">src/pymortests/riccati.py:60: Suite splitting in effect</skipped></testcase><testcase classname="src.pymortests.riccati" file="src/pymortests/riccati.py" line="60" name="test_ricc_lrcf[200-pymess_lrnm-False-True-False-False-2-1]" time="0.0003979206085205078"><skipped message="Suite splitting in effect" type="pytest.skip">src/pymortests/riccati.py:60: Suite splitting in effect</skipped></testcase><testcase classname="src.pymortests.riccati" file="src/pymortests/riccati.py" line="60" name="test_ricc_lrcf[200-pymess_lrnm-False-True-False-False-2-2]" time="0.0006873607635498047"><skipped message="Suite splitting in effect" type="pytest.skip">src/pymortests/riccati.py:60: Suite splitting in effect</skipped></testcase><testcase classname="src.pymortests.riccati" file="src/pymortests/riccati.py" line="60" name="test_ricc_lrcf[200-pymess_lrnm-False-True-False-True-1-1]" time="0.0004208087921142578"><skipped message="Suite splitting in effect" type="pytest.skip">src/pymortests/riccati.py:60: Suite splitting in effect</skipped></testcase><testcase classname="src.pymortests.riccati" file="src/pymortests/riccati.py" line="60" name="test_ricc_lrcf[200-pymess_lrnm-False-True-False-True-1-2]" time="0.0004177093505859375"><skipped message="Suite splitting in effect" type="pytest.skip">src/pymortests/riccati.py:60: Suite splitting in effect</skipped></testcase><testcase classname="src.pymortests.riccati" file="src/pymortests/riccati.py" line="60" name="test_ricc_lrcf[200-pymess_lrnm-False-True-False-True-2-1]" time="0.00041556358337402344"><skipped message="Suite splitting in effect" type="pytest.skip">src/pymortests/riccati.py:60: Suite splitting in effect</skipped></testcase><testcase classname="src.pymortests.riccati" file="src/pymortests/riccati.py" line="60" name="test_ricc_lrcf[200-pymess_lrnm-False-True-False-True-2-2]" time="0.00041937828063964844"><skipped message="Suite splitting in effect" type="pytest.skip">src/pymortests/riccati.py:60: Suite splitting in effect</skipped></testcase><testcase classname="src.pymortests.riccati" file="src/pymortests/riccati.py" line="60" name="test_ricc_lrcf[200-pymess_lrnm-False-True-True-False-1-1]" time="0.0003991127014160156"><skipped message="Suite splitting in effect" type="pytest.skip">src/pymortests/riccati.py:60: Suite splitting in effect</skipped></testcase><testcase classname="src.pymortests.riccati" file="src/pymortests/riccati.py" line="60" name="test_ricc_lrcf[200-pymess_lrnm-False-True-True-False-1-2]" time="0.00040602684020996094"><skipped message="Suite splitting in effect" type="pytest.skip">src/pymortests/riccati.py:60: Suite splitting in effect</skipped></testcase><testcase classname="src.pymortests.riccati" file="src/pymortests/riccati.py" line="60" name="test_ricc_lrcf[200-pymess_lrnm-False-True-True-False-2-1]" time="0.0004405975341796875"><skipped message="Suite splitting in effect" type="pytest.skip">src/pymortests/riccati.py:60: Suite splitting in effect</skipped></testcase><testcase classname="src.pymortests.riccati" file="src/pymortests/riccati.py" line="60" name="test_ricc_lrcf[200-pymess_lrnm-False-True-True-False-2-2]" time="0.0007851123809814453"><skipped message="Suite splitting in effect" type="pytest.skip">src/pymortests/riccati.py:60: Suite splitting in effect</skipped></testcase><testcase classname="src.pymortests.riccati" file="src/pymortests/riccati.py" line="60" name="test_ricc_lrcf[200-pymess_lrnm-False-True-True-True-1-1]" time="0.0004012584686279297"><skipped message="Suite splitting in effect" type="pytest.skip">src/pymortests/riccati.py:60: Suite splitting in effect</skipped></testcase><testcase classname="src.pymortests.riccati" file="src/pymortests/riccati.py" line="60" name="test_ricc_lrcf[200-pymess_lrnm-False-True-True-True-1-2]" time="0.00040531158447265625"><skipped message="Suite splitting in effect" type="pytest.skip">src/pymortests/riccati.py:60: Suite splitting in effect</skipped></testcase><testcase classname="src.pymortests.riccati" file="src/pymortests/riccati.py" line="60" name="test_ricc_lrcf[200-pymess_lrnm-False-True-True-True-2-1]" time="0.0004100799560546875"><skipped message="Suite splitting in effect" type="pytest.skip">src/pymortests/riccati.py:60: Suite splitting in effect</skipped></testcase><testcase classname="src.pymortests.riccati" file="src/pymortests/riccati.py" line="60" name="test_ricc_lrcf[200-pymess_lrnm-False-True-True-True-2-2]" time="0.00043010711669921875"><skipped message="Suite splitting in effect" type="pytest.skip">src/pymortests/riccati.py:60: Suite splitting in effect</skipped></testcase><testcase classname="src.pymortests.riccati" file="src/pymortests/riccati.py" line="60" name="test_ricc_lrcf[200-pymess_lrnm-True-False-False-False-1-1]" time="0.00041985511779785156"><skipped message="Suite splitting in effect" type="pytest.skip">src/pymortests/riccati.py:60: Suite splitting in effect</skipped></testcase><testcase classname="src.pymortests.riccati" file="src/pymortests/riccati.py" line="60" name="test_ricc_lrcf[200-pymess_lrnm-True-False-False-False-1-2]" time="0.0004436969757080078"><skipped message="Suite splitting in effect" type="pytest.skip">src/pymortests/riccati.py:60: Suite splitting in effect</skipped></testcase><testcase classname="src.pymortests.riccati" file="src/pymortests/riccati.py" line="60" name="test_ricc_lrcf[200-pymess_lrnm-True-False-False-False-2-1]" time="0.0004627704620361328"><skipped message="Suite splitting in effect" type="pytest.skip">src/pymortests/riccati.py:60: Suite splitting in effect</skipped></testcase><testcase classname="src.pymortests.riccati" file="src/pymortests/riccati.py" line="60" name="test_ricc_lrcf[200-pymess_lrnm-True-False-False-False-2-2]" time="0.0007145404815673828"><skipped message="Suite splitting in effect" type="pytest.skip">src/pymortests/riccati.py:60: Suite splitting in effect</skipped></testcase><testcase classname="src.pymortests.riccati" file="src/pymortests/riccati.py" line="60" name="test_ricc_lrcf[200-pymess_lrnm-True-False-False-True-1-1]" time="0.0004036426544189453"><skipped message="Suite splitting in effect" type="pytest.skip">src/pymortests/riccati.py:60: Suite splitting in effect</skipped></testcase><testcase classname="src.pymortests.riccati" file="src/pymortests/riccati.py" line="60" name="test_ricc_lrcf[200-pymess_lrnm-True-False-False-True-1-2]" time="0.00042510032653808594"><skipped message="Suite splitting in effect" type="pytest.skip">src/pymortests/riccati.py:60: Suite splitting in effect</skipped></testcase><testcase classname="src.pymortests.riccati" file="src/pymortests/riccati.py" line="60" name="test_ricc_lrcf[200-pymess_lrnm-True-False-False-True-2-1]" time="0.0004153251647949219"><skipped message="Suite splitting in effect" type="pytest.skip">src/pymortests/riccati.py:60: Suite splitting in effect</skipped></testcase><testcase classname="src.pymortests.riccati" file="src/pymortests/riccati.py" line="60" name="test_ricc_lrcf[200-pymess_lrnm-True-False-False-True-2-2]" time="0.000431060791015625"><skipped message="Suite splitting in effect" type="pytest.skip">src/pymortests/riccati.py:60: Suite splitting in effect</skipped></testcase><testcase classname="src.pymortests.riccati" file="src/pymortests/riccati.py" line="60" name="test_ricc_lrcf[200-pymess_lrnm-True-True-False-False-1-1]" time="0.00040793418884277344"><skipped message="Suite splitting in effect" type="pytest.skip">src/pymortests/riccati.py:60: Suite splitting in effect</skipped></testcase><testcase classname="src.pymortests.riccati" file="src/pymortests/riccati.py" line="60" name="test_ricc_lrcf[200-pymess_lrnm-True-True-False-False-1-2]" time="0.0004074573516845703"><skipped message="Suite splitting in effect" type="pytest.skip">src/pymortests/riccati.py:60: Suite splitting in effect</skipped></testcase><testcase classname="src.pymortests.riccati" file="src/pymortests/riccati.py" line="60" name="test_ricc_lrcf[200-pymess_lrnm-True-True-False-False-2-1]" time="0.0004150867462158203"><skipped message="Suite splitting in effect" type="pytest.skip">src/pymortests/riccati.py:60: Suite splitting in effect</skipped></testcase><testcase classname="src.pymortests.riccati" file="src/pymortests/riccati.py" line="60" name="test_ricc_lrcf[200-pymess_lrnm-True-True-False-False-2-2]" time="0.0007283687591552734"><skipped message="Suite splitting in effect" type="pytest.skip">src/pymortests/riccati.py:60: Suite splitting in effect</skipped></testcase><testcase classname="src.pymortests.riccati" file="src/pymortests/riccati.py" line="60" name="test_ricc_lrcf[200-pymess_lrnm-True-True-False-True-1-1]" time="0.0004138946533203125"><skipped message="Suite splitting in effect" type="pytest.skip">src/pymortests/riccati.py:60: Suite splitting in effect</skipped></testcase><testcase classname="src.pymortests.riccati" file="src/pymortests/riccati.py" line="60" name="test_ricc_lrcf[200-pymess_lrnm-True-True-False-True-1-2]" time="0.0003974437713623047"><skipped message="Suite splitting in effect" type="pytest.skip">src/pymortests/riccati.py:60: Suite splitting in effect</skipped></testcase><testcase classname="src.pymortests.riccati" file="src/pymortests/riccati.py" line="60" name="test_ricc_lrcf[200-pymess_lrnm-True-True-False-True-2-1]" time="0.00040268898010253906"><skipped message="Suite splitting in effect" type="pytest.skip">src/pymortests/riccati.py:60: Suite splitting in effect</skipped></testcase><testcase classname="src.pymortests.riccati" file="src/pymortests/riccati.py" line="60" name="test_ricc_lrcf[200-pymess_lrnm-True-True-False-True-2-2]" time="0.0004165172576904297"><skipped message="Suite splitting in effect" type="pytest.skip">src/pymortests/riccati.py:60: Suite splitting in effect</skipped></testcase><testcase classname="src.pymortests.riccati" file="src/pymortests/riccati.py" line="60" name="test_ricc_lrcf[200-pymess_lrnm-True-True-True-False-1-1]" time="0.00039196014404296875"><skipped message="Suite splitting in effect" type="pytest.skip">src/pymortests/riccati.py:60: Suite splitting in effect</skipped></testcase><testcase classname="src.pymortests.riccati" file="src/pymortests/riccati.py" line="60" name="test_ricc_lrcf[200-pymess_lrnm-True-True-True-False-1-2]" time="0.0004429817199707031"><skipped message="Suite splitting in effect" type="pytest.skip">src/pymortests/riccati.py:60: Suite splitting in effect</skipped></testcase><testcase classname="src.pymortests.riccati" file="src/pymortests/riccati.py" line="60" name="test_ricc_lrcf[200-pymess_lrnm-True-True-True-False-2-1]" time="0.00041556358337402344"><skipped message="Suite splitting in effect" type="pytest.skip">src/pymortests/riccati.py:60: Suite splitting in effect</skipped></testcase><testcase classname="src.pymortests.riccati" file="src/pymortests/riccati.py" line="60" name="test_ricc_lrcf[200-pymess_lrnm-True-True-True-False-2-2]" time="0.000701904296875"><skipped message="Suite splitting in effect" type="pytest.skip">src/pymortests/riccati.py:60: Suite splitting in effect</skipped></testcase><testcase classname="src.pymortests.riccati" file="src/pymortests/riccati.py" line="60" name="test_ricc_lrcf[200-pymess_lrnm-True-True-True-True-1-1]" time="0.0004057884216308594"><skipped message="Suite splitting in effect" type="pytest.skip">src/pymortests/riccati.py:60: Suite splitting in effect</skipped></testcase><testcase classname="src.pymortests.riccati" file="src/pymortests/riccati.py" line="60" name="test_ricc_lrcf[200-pymess_lrnm-True-True-True-True-1-2]" time="0.00040221214294433594"><skipped message="Suite splitting in effect" type="pytest.skip">src/pymortests/riccati.py:60: Suite splitting in effect</skipped></testcase><testcase classname="src.pymortests.riccati" file="src/pymortests/riccati.py" line="60" name="test_ricc_lrcf[200-pymess_lrnm-True-True-True-True-2-1]" time="0.0003993511199951172"><skipped message="Suite splitting in effect" type="pytest.skip">src/pymortests/riccati.py:60: Suite splitting in effect</skipped></testcase><testcase classname="src.pymortests.riccati" file="src/pymortests/riccati.py" line="60" name="test_ricc_lrcf[200-pymess_lrnm-True-True-True-True-2-2]" time="0.0004031658172607422"><skipped message="Suite splitting in effect" type="pytest.skip">src/pymortests/riccati.py:60: Suite splitting in effect</skipped></testcase><testcase classname="src.pymortests.riccati" file="src/pymortests/riccati.py" line="60" name="test_ricc_lrcf[300-pymess_lrnm-False-False-False-False-1-1]" time="0.0003955364227294922"><skipped message="Suite splitting in effect" type="pytest.skip">src/pymortests/riccati.py:60: Suite splitting in effect</skipped></testcase><testcase classname="src.pymortests.riccati" file="src/pymortests/riccati.py" line="60" name="test_ricc_lrcf[300-pymess_lrnm-False-False-False-False-1-2]" time="0.000438690185546875"><skipped message="Suite splitting in effect" type="pytest.skip">src/pymortests/riccati.py:60: Suite splitting in effect</skipped></testcase><testcase classname="src.pymortests.riccati" file="src/pymortests/riccati.py" line="60" name="test_ricc_lrcf[300-pymess_lrnm-False-False-False-False-2-1]" time="0.0004172325134277344"><skipped message="Suite splitting in effect" type="pytest.skip">src/pymortests/riccati.py:60: Suite splitting in effect</skipped></testcase><testcase classname="src.pymortests.riccati" file="src/pymortests/riccati.py" line="60" name="test_ricc_lrcf[300-pymess_lrnm-False-False-False-False-2-2]" time="0.0006866455078125"><skipped message="Suite splitting in effect" type="pytest.skip">src/pymortests/riccati.py:60: Suite splitting in effect</skipped></testcase><testcase classname="src.pymortests.riccati" file="src/pymortests/riccati.py" line="60" name="test_ricc_lrcf[300-pymess_lrnm-False-False-False-True-1-1]" time="0.0004169940948486328"><skipped message="Suite splitting in effect" type="pytest.skip">src/pymortests/riccati.py:60: Suite splitting in effect</skipped></testcase><testcase classname="src.pymortests.riccati" file="src/pymortests/riccati.py" line="60" name="test_ricc_lrcf[300-pymess_lrnm-False-False-False-True-1-2]" time="0.0004184246063232422"><skipped message="Suite splitting in effect" type="pytest.skip">src/pymortests/riccati.py:60: Suite splitting in effect</skipped></testcase><testcase classname="src.pymortests.riccati" file="src/pymortests/riccati.py" line="60" name="test_ricc_lrcf[300-pymess_lrnm-False-False-False-True-2-1]" time="0.0004203319549560547"><skipped message="Suite splitting in effect" type="pytest.skip">src/pymortests/riccati.py:60: Suite splitting in effect</skipped></testcase><testcase classname="src.pymortests.riccati" file="src/pymortests/riccati.py" line="60" name="test_ricc_lrcf[300-pymess_lrnm-False-False-False-True-2-2]" time="0.0004029273986816406"><skipped message="Suite splitting in effect" type="pytest.skip">src/pymortests/riccati.py:60: Suite splitting in effect</skipped></testcase><testcase classname="src.pymortests.riccati" file="src/pymortests/riccati.py" line="60" name="test_ricc_lrcf[300-pymess_lrnm-False-True-False-False-1-1]" time="0.0004227161407470703"><skipped message="Suite splitting in effect" type="pytest.skip">src/pymortests/riccati.py:60: Suite splitting in effect</skipped></testcase><testcase classname="src.pymortests.riccati" file="src/pymortests/riccati.py" line="60" name="test_ricc_lrcf[300-pymess_lrnm-False-True-False-False-1-2]" time="0.0004096031188964844"><skipped message="Suite splitting in effect" type="pytest.skip">src/pymortests/riccati.py:60: Suite splitting in effect</skipped></testcase><testcase classname="src.pymortests.riccati" file="src/pymortests/riccati.py" line="60" name="test_ricc_lrcf[300-pymess_lrnm-False-True-False-False-2-1]" time="0.00040411949157714844"><skipped message="Suite splitting in effect" type="pytest.skip">src/pymortests/riccati.py:60: Suite splitting in effect</skipped></testcase><testcase classname="src.pymortests.riccati" file="src/pymortests/riccati.py" line="60" name="test_ricc_lrcf[300-pymess_lrnm-False-True-False-False-2-2]" time="0.0007183551788330078"><skipped message="Suite splitting in effect" type="pytest.skip">src/pymortests/riccati.py:60: Suite splitting in effect</skipped></testcase><testcase classname="src.pymortests.riccati" file="src/pymortests/riccati.py" line="60" name="test_ricc_lrcf[300-pymess_lrnm-False-True-False-True-1-1]" time="0.00041556358337402344"><skipped message="Suite splitting in effect" type="pytest.skip">src/pymortests/riccati.py:60: Suite splitting in effect</skipped></testcase><testcase classname="src.pymortests.riccati" file="src/pymortests/riccati.py" line="60" name="test_ricc_lrcf[300-pymess_lrnm-False-True-False-True-1-2]" time="0.0004451274871826172"><skipped message="Suite splitting in effect" type="pytest.skip">src/pymortests/riccati.py:60: Suite splitting in effect</skipped></testcase><testcase classname="src.pymortests.riccati" file="src/pymortests/riccati.py" line="60" name="test_ricc_lrcf[300-pymess_lrnm-False-True-False-True-2-1]" time="0.0005593299865722656"><skipped message="Suite splitting in effect" type="pytest.skip">src/pymortests/riccati.py:60: Suite splitting in effect</skipped></testcase><testcase classname="src.pymortests.riccati" file="src/pymortests/riccati.py" line="60" name="test_ricc_lrcf[300-pymess_lrnm-False-True-False-True-2-2]" time="0.000415802001953125"><skipped message="Suite splitting in effect" type="pytest.skip">src/pymortests/riccati.py:60: Suite splitting in effect</skipped></testcase><testcase classname="src.pymortests.riccati" file="src/pymortests/riccati.py" line="60" name="test_ricc_lrcf[300-pymess_lrnm-False-True-True-False-1-1]" time="0.00041961669921875"><skipped message="Suite splitting in effect" type="pytest.skip">src/pymortests/riccati.py:60: Suite splitting in effect</skipped></testcase><testcase classname="src.pymortests.riccati" file="src/pymortests/riccati.py" line="60" name="test_ricc_lrcf[300-pymess_lrnm-False-True-True-False-1-2]" time="0.00044655799865722656"><skipped message="Suite splitting in effect" type="pytest.skip">src/pymortests/riccati.py:60: Suite splitting in effect</skipped></testcase><testcase classname="src.pymortests.riccati" file="src/pymortests/riccati.py" line="60" name="test_ricc_lrcf[300-pymess_lrnm-False-True-True-False-2-1]" time="0.0004189014434814453"><skipped message="Suite splitting in effect" type="pytest.skip">src/pymortests/riccati.py:60: Suite splitting in effect</skipped></testcase><testcase classname="src.pymortests.riccati" file="src/pymortests/riccati.py" line="60" name="test_ricc_lrcf[300-pymess_lrnm-False-True-True-False-2-2]" time="0.0008575916290283203"><skipped message="Suite splitting in effect" type="pytest.skip">src/pymortests/riccati.py:60: Suite splitting in effect</skipped></testcase><testcase classname="src.pymortests.riccati" file="src/pymortests/riccati.py" line="60" name="test_ricc_lrcf[300-pymess_lrnm-False-True-True-True-1-1]" time="0.00046539306640625"><skipped message="Suite splitting in effect" type="pytest.skip">src/pymortests/riccati.py:60: Suite splitting in effect</skipped></testcase><testcase classname="src.pymortests.riccati" file="src/pymortests/riccati.py" line="60" name="test_ricc_lrcf[300-pymess_lrnm-False-True-True-True-1-2]" time="0.00039958953857421875"><skipped message="Suite splitting in effect" type="pytest.skip">src/pymortests/riccati.py:60: Suite splitting in effect</skipped></testcase><testcase classname="src.pymortests.riccati" file="src/pymortests/riccati.py" line="60" name="test_ricc_lrcf[300-pymess_lrnm-False-True-True-True-2-1]" time="0.0004222393035888672"><skipped message="Suite splitting in effect" type="pytest.skip">src/pymortests/riccati.py:60: Suite splitting in effect</skipped></testcase><testcase classname="src.pymortests.riccati" file="src/pymortests/riccati.py" line="60" name="test_ricc_lrcf[300-pymess_lrnm-False-True-True-True-2-2]" time="0.00041866302490234375"><skipped message="Suite splitting in effect" type="pytest.skip">src/pymortests/riccati.py:60: Suite splitting in effect</skipped></testcase><testcase classname="src.pymortests.riccati" file="src/pymortests/riccati.py" line="60" name="test_ricc_lrcf[300-pymess_lrnm-True-False-False-False-1-1]" time="0.0004107952117919922"><skipped message="Suite splitting in effect" type="pytest.skip">src/pymortests/riccati.py:60: Suite splitting in effect</skipped></testcase><testcase classname="src.pymortests.riccati" file="src/pymortests/riccati.py" line="60" name="test_ricc_lrcf[300-pymess_lrnm-True-False-False-False-1-2]" time="0.00043845176696777344"><skipped message="Suite splitting in effect" type="pytest.skip">src/pymortests/riccati.py:60: Suite splitting in effect</skipped></testcase><testcase classname="src.pymortests.riccati" file="src/pymortests/riccati.py" line="60" name="test_ricc_lrcf[300-pymess_lrnm-True-False-False-False-2-1]" time="0.00042510032653808594"><skipped message="Suite splitting in effect" type="pytest.skip">src/pymortests/riccati.py:60: Suite splitting in effect</skipped></testcase><testcase classname="src.pymortests.riccati" file="src/pymortests/riccati.py" line="60" name="test_ricc_lrcf[300-pymess_lrnm-True-False-False-False-2-2]" time="0.0009734630584716797"><skipped message="Suite splitting in effect" type="pytest.skip">src/pymortests/riccati.py:60: Suite splitting in effect</skipped></testcase><testcase classname="src.pymortests.riccati" file="src/pymortests/riccati.py" line="60" name="test_ricc_lrcf[300-pymess_lrnm-True-False-False-True-1-1]" time="0.0004456043243408203"><skipped message="Suite splitting in effect" type="pytest.skip">src/pymortests/riccati.py:60: Suite splitting in effect</skipped></testcase><testcase classname="src.pymortests.riccati" file="src/pymortests/riccati.py" line="60" name="test_ricc_lrcf[300-pymess_lrnm-True-False-False-True-1-2]" time="0.0004169940948486328"><skipped message="Suite splitting in effect" type="pytest.skip">src/pymortests/riccati.py:60: Suite splitting in effect</skipped></testcase><testcase classname="src.pymortests.riccati" file="src/pymortests/riccati.py" line="60" name="test_ricc_lrcf[300-pymess_lrnm-True-False-False-True-2-1]" time="0.0004394054412841797"><skipped message="Suite splitting in effect" type="pytest.skip">src/pymortests/riccati.py:60: Suite splitting in effect</skipped></testcase><testcase classname="src.pymortests.riccati" file="src/pymortests/riccati.py" line="60" name="test_ricc_lrcf[300-pymess_lrnm-True-False-False-True-2-2]" time="0.0004200935363769531"><skipped message="Suite splitting in effect" type="pytest.skip">src/pymortests/riccati.py:60: Suite splitting in effect</skipped></testcase><testcase classname="src.pymortests.riccati" file="src/pymortests/riccati.py" line="60" name="test_ricc_lrcf[300-pymess_lrnm-True-True-False-False-1-1]" time="0.0004143714904785156"><skipped message="Suite splitting in effect" type="pytest.skip">src/pymortests/riccati.py:60: Suite splitting in effect</skipped></testcase><testcase classname="src.pymortests.riccati" file="src/pymortests/riccati.py" line="60" name="test_ricc_lrcf[300-pymess_lrnm-True-True-False-False-1-2]" time="0.0004200935363769531"><skipped message="Suite splitting in effect" type="pytest.skip">src/pymortests/riccati.py:60: Suite splitting in effect</skipped></testcase><testcase classname="src.pymortests.riccati" file="src/pymortests/riccati.py" line="60" name="test_ricc_lrcf[300-pymess_lrnm-True-True-False-False-2-1]" time="0.00042748451232910156"><skipped message="Suite splitting in effect" type="pytest.skip">src/pymortests/riccati.py:60: Suite splitting in effect</skipped></testcase><testcase classname="src.pymortests.riccati" file="src/pymortests/riccati.py" line="60" name="test_ricc_lrcf[300-pymess_lrnm-True-True-False-False-2-2]" time="0.0007054805755615234"><skipped message="Suite splitting in effect" type="pytest.skip">src/pymortests/riccati.py:60: Suite splitting in effect</skipped></testcase><testcase classname="src.pymortests.riccati" file="src/pymortests/riccati.py" line="60" name="test_ricc_lrcf[300-pymess_lrnm-True-True-False-True-1-1]" time="0.0003962516784667969"><skipped message="Suite splitting in effect" type="pytest.skip">src/pymortests/riccati.py:60: Suite splitting in effect</skipped></testcase><testcase classname="src.pymortests.riccati" file="src/pymortests/riccati.py" line="60" name="test_ricc_lrcf[300-pymess_lrnm-True-True-False-True-1-2]" time="0.0004229545593261719"><skipped message="Suite splitting in effect" type="pytest.skip">src/pymortests/riccati.py:60: Suite splitting in effect</skipped></testcase><testcase classname="src.pymortests.riccati" file="src/pymortests/riccati.py" line="60" name="test_ricc_lrcf[300-pymess_lrnm-True-True-False-True-2-1]" time="0.0004153251647949219"><skipped message="Suite splitting in effect" type="pytest.skip">src/pymortests/riccati.py:60: Suite splitting in effect</skipped></testcase><testcase classname="src.pymortests.riccati" file="src/pymortests/riccati.py" line="60" name="test_ricc_lrcf[300-pymess_lrnm-True-True-False-True-2-2]" time="0.0004229545593261719"><skipped message="Suite splitting in effect" type="pytest.skip">src/pymortests/riccati.py:60: Suite splitting in effect</skipped></testcase><testcase classname="src.pymortests.riccati" file="src/pymortests/riccati.py" line="60" name="test_ricc_lrcf[300-pymess_lrnm-True-True-True-False-1-1]" time="0.0003914833068847656"><skipped message="Suite splitting in effect" type="pytest.skip">src/pymortests/riccati.py:60: Suite splitting in effect</skipped></testcase><testcase classname="src.pymortests.riccati" file="src/pymortests/riccati.py" line="60" name="test_ricc_lrcf[300-pymess_lrnm-True-True-True-False-1-2]" time="0.0004596710205078125"><skipped message="Suite splitting in effect" type="pytest.skip">src/pymortests/riccati.py:60: Suite splitting in effect</skipped></testcase><testcase classname="src.pymortests.riccati" file="src/pymortests/riccati.py" line="60" name="test_ricc_lrcf[300-pymess_lrnm-True-True-True-False-2-1]" time="0.0004067420959472656"><skipped message="Suite splitting in effect" type="pytest.skip">src/pymortests/riccati.py:60: Suite splitting in effect</skipped></testcase><testcase classname="src.pymortests.riccati" file="src/pymortests/riccati.py" line="60" name="test_ricc_lrcf[300-pymess_lrnm-True-True-True-False-2-2]" time="0.0007414817810058594"><skipped message="Suite splitting in effect" type="pytest.skip">src/pymortests/riccati.py:60: Suite splitting in effect</skipped></testcase><testcase classname="src.pymortests.riccati" file="src/pymortests/riccati.py" line="60" name="test_ricc_lrcf[300-pymess_lrnm-True-True-True-True-1-1]" time="0.0004200935363769531"><skipped message="Suite splitting in effect" type="pytest.skip">src/pymortests/riccati.py:60: Suite splitting in effect</skipped></testcase><testcase classname="src.pymortests.riccati" file="src/pymortests/riccati.py" line="60" name="test_ricc_lrcf[300-pymess_lrnm-True-True-True-True-1-2]" time="0.0004248619079589844"><skipped message="Suite splitting in effect" type="pytest.skip">src/pymortests/riccati.py:60: Suite splitting in effect</skipped></testcase><testcase classname="src.pymortests.riccati" file="src/pymortests/riccati.py" line="60" name="test_ricc_lrcf[300-pymess_lrnm-True-True-True-True-2-1]" time="0.0004227161407470703"><skipped message="Suite splitting in effect" type="pytest.skip">src/pymortests/riccati.py:60: Suite splitting in effect</skipped></testcase><testcase classname="src.pymortests.riccati" file="src/pymortests/riccati.py" line="60" name="test_ricc_lrcf[300-pymess_lrnm-True-True-True-True-2-2]" time="0.0003936290740966797"><skipped message="Suite splitting in effect" type="pytest.skip">src/pymortests/riccati.py:60: Suite splitting in effect</skipped></testcase><testcase classname="src.pymortests.riccati" file="src/pymortests/riccati.py" line="105" name="test_pos_ricc_lrcf[scipy-False-False-False-False-1-1-10]" time="0.00040793418884277344"><skipped message="Suite splitting in effect" type="pytest.skip">src/pymortests/riccati.py:105: Suite splitting in effect</skipped></testcase><testcase classname="src.pymortests.riccati" file="src/pymortests/riccati.py" line="105" name="test_pos_ricc_lrcf[scipy-False-False-False-False-1-1-20]" time="0.00043773651123046875"><skipped message="Suite splitting in effect" type="pytest.skip">src/pymortests/riccati.py:105: Suite splitting in effect</skipped></testcase><testcase classname="src.pymortests.riccati" file="src/pymortests/riccati.py" line="105" name="test_pos_ricc_lrcf[scipy-False-False-False-False-1-2-10]" time="0.0004024505615234375"><skipped message="Suite splitting in effect" type="pytest.skip">src/pymortests/riccati.py:105: Suite splitting in effect</skipped></testcase><testcase classname="src.pymortests.riccati" file="src/pymortests/riccati.py" line="105" name="test_pos_ricc_lrcf[scipy-False-False-False-False-1-2-20]" time="0.0006940364837646484"><skipped message="Suite splitting in effect" type="pytest.skip">src/pymortests/riccati.py:105: Suite splitting in effect</skipped></testcase><testcase classname="src.pymortests.riccati" file="src/pymortests/riccati.py" line="105" name="test_pos_ricc_lrcf[scipy-False-False-False-False-2-1-10]" time="0.00041747093200683594"><skipped message="Suite splitting in effect" type="pytest.skip">src/pymortests/riccati.py:105: Suite splitting in effect</skipped></testcase><testcase classname="src.pymortests.riccati" file="src/pymortests/riccati.py" line="105" name="test_pos_ricc_lrcf[scipy-False-False-False-False-2-1-20]" time="0.00039076805114746094"><skipped message="Suite splitting in effect" type="pytest.skip">src/pymortests/riccati.py:105: Suite splitting in effect</skipped></testcase><testcase classname="src.pymortests.riccati" file="src/pymortests/riccati.py" line="105" name="test_pos_ricc_lrcf[scipy-False-False-False-False-2-2-10]" time="0.00040078163146972656"><skipped message="Suite splitting in effect" type="pytest.skip">src/pymortests/riccati.py:105: Suite splitting in effect</skipped></testcase><testcase classname="src.pymortests.riccati" file="src/pymortests/riccati.py" line="105" name="test_pos_ricc_lrcf[scipy-False-False-False-False-2-2-20]" time="0.0003952980041503906"><skipped message="Suite splitting in effect" type="pytest.skip">src/pymortests/riccati.py:105: Suite splitting in effect</skipped></testcase><testcase classname="src.pymortests.riccati" file="src/pymortests/riccati.py" line="105" name="test_pos_ricc_lrcf[scipy-False-False-False-True-1-1-10]" time="0.0004227161407470703"><skipped message="Suite splitting in effect" type="pytest.skip">src/pymortests/riccati.py:105: Suite splitting in effect</skipped></testcase><testcase classname="src.pymortests.riccati" file="src/pymortests/riccati.py" line="105" name="test_pos_ricc_lrcf[scipy-False-False-False-True-1-1-20]" time="0.00042891502380371094"><skipped message="Suite splitting in effect" type="pytest.skip">src/pymortests/riccati.py:105: Suite splitting in effect</skipped></testcase><testcase classname="src.pymortests.riccati" file="src/pymortests/riccati.py" line="105" name="test_pos_ricc_lrcf[scipy-False-False-False-True-1-2-10]" time="0.0003960132598876953"><skipped message="Suite splitting in effect" type="pytest.skip">src/pymortests/riccati.py:105: Suite splitting in effect</skipped></testcase><testcase classname="src.pymortests.riccati" file="src/pymortests/riccati.py" line="105" name="test_pos_ricc_lrcf[scipy-False-False-False-True-1-2-20]" time="0.0006766319274902344"><skipped message="Suite splitting in effect" type="pytest.skip">src/pymortests/riccati.py:105: Suite splitting in effect</skipped></testcase><testcase classname="src.pymortests.riccati" file="src/pymortests/riccati.py" line="105" name="test_pos_ricc_lrcf[scipy-False-False-False-True-2-1-10]" time="0.0004177093505859375"><skipped message="Suite splitting in effect" type="pytest.skip">src/pymortests/riccati.py:105: Suite splitting in effect</skipped></testcase><testcase classname="src.pymortests.riccati" file="src/pymortests/riccati.py" line="105" name="test_pos_ricc_lrcf[scipy-False-False-False-True-2-1-20]" time="0.00041747093200683594"><skipped message="Suite splitting in effect" type="pytest.skip">src/pymortests/riccati.py:105: Suite splitting in effect</skipped></testcase><testcase classname="src.pymortests.riccati" file="src/pymortests/riccati.py" line="105" name="test_pos_ricc_lrcf[scipy-False-False-False-True-2-2-10]" time="0.00039887428283691406"><skipped message="Suite splitting in effect" type="pytest.skip">src/pymortests/riccati.py:105: Suite splitting in effect</skipped></testcase><testcase classname="src.pymortests.riccati" file="src/pymortests/riccati.py" line="105" name="test_pos_ricc_lrcf[scipy-False-False-False-True-2-2-20]" time="0.00039386749267578125"><skipped message="Suite splitting in effect" type="pytest.skip">src/pymortests/riccati.py:105: Suite splitting in effect</skipped></testcase><testcase classname="src.pymortests.riccati" file="src/pymortests/riccati.py" line="105" name="test_pos_ricc_lrcf[scipy-False-True-False-False-1-1-10]" time="0.00039005279541015625"><skipped message="Suite splitting in effect" type="pytest.skip">src/pymortests/riccati.py:105: Suite splitting in effect</skipped></testcase><testcase classname="src.pymortests.riccati" file="src/pymortests/riccati.py" line="105" name="test_pos_ricc_lrcf[scipy-False-True-False-False-1-1-20]" time="0.0004241466522216797"><skipped message="Suite splitting in effect" type="pytest.skip">src/pymortests/riccati.py:105: Suite splitting in effect</skipped></testcase><testcase classname="src.pymortests.riccati" file="src/pymortests/riccati.py" line="105" name="test_pos_ricc_lrcf[scipy-False-True-False-False-1-2-10]" time="0.000396728515625"><skipped message="Suite splitting in effect" type="pytest.skip">src/pymortests/riccati.py:105: Suite splitting in effect</skipped></testcase><testcase classname="src.pymortests.riccati" file="src/pymortests/riccati.py" line="105" name="test_pos_ricc_lrcf[scipy-False-True-False-False-1-2-20]" time="0.0006725788116455078"><skipped message="Suite splitting in effect" type="pytest.skip">src/pymortests/riccati.py:105: Suite splitting in effect</skipped></testcase><testcase classname="src.pymortests.riccati" file="src/pymortests/riccati.py" line="105" name="test_pos_ricc_lrcf[scipy-False-True-False-False-2-1-10]" time="0.0004131793975830078"><skipped message="Suite splitting in effect" type="pytest.skip">src/pymortests/riccati.py:105: Suite splitting in effect</skipped></testcase><testcase classname="src.pymortests.riccati" file="src/pymortests/riccati.py" line="105" name="test_pos_ricc_lrcf[scipy-False-True-False-False-2-1-20]" time="0.0006203651428222656"><skipped message="Suite splitting in effect" type="pytest.skip">src/pymortests/riccati.py:105: Suite splitting in effect</skipped></testcase><testcase classname="src.pymortests.riccati" file="src/pymortests/riccati.py" line="105" name="test_pos_ricc_lrcf[scipy-False-True-False-False-2-2-10]" time="0.0004069805145263672"><skipped message="Suite splitting in effect" type="pytest.skip">src/pymortests/riccati.py:105: Suite splitting in effect</skipped></testcase><testcase classname="src.pymortests.riccati" file="src/pymortests/riccati.py" line="105" name="test_pos_ricc_lrcf[scipy-False-True-False-False-2-2-20]" time="0.000400543212890625"><skipped message="Suite splitting in effect" type="pytest.skip">src/pymortests/riccati.py:105: Suite splitting in effect</skipped></testcase><testcase classname="src.pymortests.riccati" file="src/pymortests/riccati.py" line="105" name="test_pos_ricc_lrcf[scipy-False-True-False-True-1-1-10]" time="0.000392913818359375"><skipped message="Suite splitting in effect" type="pytest.skip">src/pymortests/riccati.py:105: Suite splitting in effect</skipped></testcase><testcase classname="src.pymortests.riccati" file="src/pymortests/riccati.py" line="105" name="test_pos_ricc_lrcf[scipy-False-True-False-True-1-1-20]" time="0.0004515647888183594"><skipped message="Suite splitting in effect" type="pytest.skip">src/pymortests/riccati.py:105: Suite splitting in effect</skipped></testcase><testcase classname="src.pymortests.riccati" file="src/pymortests/riccati.py" line="105" name="test_pos_ricc_lrcf[scipy-False-True-False-True-1-2-10]" time="0.00041675567626953125"><skipped message="Suite splitting in effect" type="pytest.skip">src/pymortests/riccati.py:105: Suite splitting in effect</skipped></testcase><testcase classname="src.pymortests.riccati" file="src/pymortests/riccati.py" line="105" name="test_pos_ricc_lrcf[scipy-False-True-False-True-1-2-20]" time="0.0007038116455078125"><skipped message="Suite splitting in effect" type="pytest.skip">src/pymortests/riccati.py:105: Suite splitting in effect</skipped></testcase><testcase classname="src.pymortests.riccati" file="src/pymortests/riccati.py" line="105" name="test_pos_ricc_lrcf[scipy-False-True-False-True-2-1-10]" time="0.00039267539978027344"><skipped message="Suite splitting in effect" type="pytest.skip">src/pymortests/riccati.py:105: Suite splitting in effect</skipped></testcase><testcase classname="src.pymortests.riccati" file="src/pymortests/riccati.py" line="105" name="test_pos_ricc_lrcf[scipy-False-True-False-True-2-1-20]" time="0.0003936290740966797"><skipped message="Suite splitting in effect" type="pytest.skip">src/pymortests/riccati.py:105: Suite splitting in effect</skipped></testcase><testcase classname="src.pymortests.riccati" file="src/pymortests/riccati.py" line="105" name="test_pos_ricc_lrcf[scipy-False-True-False-True-2-2-10]" time="0.0004000663757324219"><skipped message="Suite splitting in effect" type="pytest.skip">src/pymortests/riccati.py:105: Suite splitting in effect</skipped></testcase><testcase classname="src.pymortests.riccati" file="src/pymortests/riccati.py" line="105" name="test_pos_ricc_lrcf[scipy-False-True-False-True-2-2-20]" time="0.00042128562927246094"><skipped message="Suite splitting in effect" type="pytest.skip">src/pymortests/riccati.py:105: Suite splitting in effect</skipped></testcase><testcase classname="src.pymortests.riccati" file="src/pymortests/riccati.py" line="105" name="test_pos_ricc_lrcf[scipy-False-True-True-False-1-1-10]" time="0.00042128562927246094"><skipped message="Suite splitting in effect" type="pytest.skip">src/pymortests/riccati.py:105: Suite splitting in effect</skipped></testcase><testcase classname="src.pymortests.riccati" file="src/pymortests/riccati.py" line="105" name="test_pos_ricc_lrcf[scipy-False-True-True-False-1-1-20]" time="0.00039577484130859375"><skipped message="Suite splitting in effect" type="pytest.skip">src/pymortests/riccati.py:105: Suite splitting in effect</skipped></testcase><testcase classname="src.pymortests.riccati" file="src/pymortests/riccati.py" line="105" name="test_pos_ricc_lrcf[scipy-False-True-True-False-1-2-10]" time="0.0003955364227294922"><skipped message="Suite splitting in effect" type="pytest.skip">src/pymortests/riccati.py:105: Suite splitting in effect</skipped></testcase><testcase classname="src.pymortests.riccati" file="src/pymortests/riccati.py" line="105" name="test_pos_ricc_lrcf[scipy-False-True-True-False-1-2-20]" time="0.0006587505340576172"><skipped message="Suite splitting in effect" type="pytest.skip">src/pymortests/riccati.py:105: Suite splitting in effect</skipped></testcase><testcase classname="src.pymortests.riccati" file="src/pymortests/riccati.py" line="105" name="test_pos_ricc_lrcf[scipy-False-True-True-False-2-1-10]" time="0.0003936290740966797"><skipped message="Suite splitting in effect" type="pytest.skip">src/pymortests/riccati.py:105: Suite splitting in effect</skipped></testcase><testcase classname="src.pymortests.riccati" file="src/pymortests/riccati.py" line="105" name="test_pos_ricc_lrcf[scipy-False-True-True-False-2-1-20]" time="0.00040078163146972656"><skipped message="Suite splitting in effect" type="pytest.skip">src/pymortests/riccati.py:105: Suite splitting in effect</skipped></testcase><testcase classname="src.pymortests.riccati" file="src/pymortests/riccati.py" line="105" name="test_pos_ricc_lrcf[scipy-False-True-True-False-2-2-10]" time="0.0003941059112548828"><skipped message="Suite splitting in effect" type="pytest.skip">src/pymortests/riccati.py:105: Suite splitting in effect</skipped></testcase><testcase classname="src.pymortests.riccati" file="src/pymortests/riccati.py" line="105" name="test_pos_ricc_lrcf[scipy-False-True-True-False-2-2-20]" time="0.0003981590270996094"><skipped message="Suite splitting in effect" type="pytest.skip">src/pymortests/riccati.py:105: Suite splitting in effect</skipped></testcase><testcase classname="src.pymortests.riccati" file="src/pymortests/riccati.py" line="105" name="test_pos_ricc_lrcf[scipy-False-True-True-True-1-1-10]" time="0.00041866302490234375"><skipped message="Suite splitting in effect" type="pytest.skip">src/pymortests/riccati.py:105: Suite splitting in effect</skipped></testcase><testcase classname="src.pymortests.riccati" file="src/pymortests/riccati.py" line="105" name="test_pos_ricc_lrcf[scipy-False-True-True-True-1-1-20]" time="0.0004208087921142578"><skipped message="Suite splitting in effect" type="pytest.skip">src/pymortests/riccati.py:105: Suite splitting in effect</skipped></testcase><testcase classname="src.pymortests.riccati" file="src/pymortests/riccati.py" line="105" name="test_pos_ricc_lrcf[scipy-False-True-True-True-1-2-10]" time="0.0003941059112548828"><skipped message="Suite splitting in effect" type="pytest.skip">src/pymortests/riccati.py:105: Suite splitting in effect</skipped></testcase><testcase classname="src.pymortests.riccati" file="src/pymortests/riccati.py" line="105" name="test_pos_ricc_lrcf[scipy-False-True-True-True-1-2-20]" time="0.0006711483001708984"><skipped message="Suite splitting in effect" type="pytest.skip">src/pymortests/riccati.py:105: Suite splitting in effect</skipped></testcase><testcase classname="src.pymortests.riccati" file="src/pymortests/riccati.py" line="105" name="test_pos_ricc_lrcf[scipy-False-True-True-True-2-1-10]" time="0.0003960132598876953"><skipped message="Suite splitting in effect" type="pytest.skip">src/pymortests/riccati.py:105: Suite splitting in effect</skipped></testcase><testcase classname="src.pymortests.riccati" file="src/pymortests/riccati.py" line="105" name="test_pos_ricc_lrcf[scipy-False-True-True-True-2-1-20]" time="0.00039839744567871094"><skipped message="Suite splitting in effect" type="pytest.skip">src/pymortests/riccati.py:105: Suite splitting in effect</skipped></testcase><testcase classname="src.pymortests.riccati" file="src/pymortests/riccati.py" line="105" name="test_pos_ricc_lrcf[scipy-False-True-True-True-2-2-10]" time="0.0003921985626220703"><skipped message="Suite splitting in effect" type="pytest.skip">src/pymortests/riccati.py:105: Suite splitting in effect</skipped></testcase><testcase classname="src.pymortests.riccati" file="src/pymortests/riccati.py" line="105" name="test_pos_ricc_lrcf[scipy-False-True-True-True-2-2-20]" time="0.0004451274871826172"><skipped message="Suite splitting in effect" type="pytest.skip">src/pymortests/riccati.py:105: Suite splitting in effect</skipped></testcase><testcase classname="src.pymortests.riccati" file="src/pymortests/riccati.py" line="105" name="test_pos_ricc_lrcf[scipy-True-False-False-False-1-1-10]" time="0.0004162788391113281"><skipped message="Suite splitting in effect" type="pytest.skip">src/pymortests/riccati.py:105: Suite splitting in effect</skipped></testcase><testcase classname="src.pymortests.riccati" file="src/pymortests/riccati.py" line="105" name="test_pos_ricc_lrcf[scipy-True-False-False-False-1-1-20]" time="0.00039839744567871094"><skipped message="Suite splitting in effect" type="pytest.skip">src/pymortests/riccati.py:105: Suite splitting in effect</skipped></testcase><testcase classname="src.pymortests.riccati" file="src/pymortests/riccati.py" line="105" name="test_pos_ricc_lrcf[scipy-True-False-False-False-1-2-10]" time="0.00041985511779785156"><skipped message="Suite splitting in effect" type="pytest.skip">src/pymortests/riccati.py:105: Suite splitting in effect</skipped></testcase><testcase classname="src.pymortests.riccati" file="src/pymortests/riccati.py" line="105" name="test_pos_ricc_lrcf[scipy-True-False-False-False-1-2-20]" time="0.0006880760192871094"><skipped message="Suite splitting in effect" type="pytest.skip">src/pymortests/riccati.py:105: Suite splitting in effect</skipped></testcase><testcase classname="src.pymortests.riccati" file="src/pymortests/riccati.py" line="105" name="test_pos_ricc_lrcf[scipy-True-False-False-False-2-1-10]" time="0.0005047321319580078"><skipped message="Suite splitting in effect" type="pytest.skip">src/pymortests/riccati.py:105: Suite splitting in effect</skipped></testcase><testcase classname="src.pymortests.riccati" file="src/pymortests/riccati.py" line="105" name="test_pos_ricc_lrcf[scipy-True-False-False-False-2-1-20]" time="0.00041747093200683594"><skipped message="Suite splitting in effect" type="pytest.skip">src/pymortests/riccati.py:105: Suite splitting in effect</skipped></testcase><testcase classname="src.pymortests.riccati" file="src/pymortests/riccati.py" line="105" name="test_pos_ricc_lrcf[scipy-True-False-False-False-2-2-10]" time="0.00042366981506347656"><skipped message="Suite splitting in effect" type="pytest.skip">src/pymortests/riccati.py:105: Suite splitting in effect</skipped></testcase><testcase classname="src.pymortests.riccati" file="src/pymortests/riccati.py" line="105" name="test_pos_ricc_lrcf[scipy-True-False-False-False-2-2-20]" time="0.00039577484130859375"><skipped message="Suite splitting in effect" type="pytest.skip">src/pymortests/riccati.py:105: Suite splitting in effect</skipped></testcase><testcase classname="src.pymortests.riccati" file="src/pymortests/riccati.py" line="105" name="test_pos_ricc_lrcf[scipy-True-False-False-True-1-1-10]" time="0.0003941059112548828"><skipped message="Suite splitting in effect" type="pytest.skip">src/pymortests/riccati.py:105: Suite splitting in effect</skipped></testcase><testcase classname="src.pymortests.riccati" file="src/pymortests/riccati.py" line="105" name="test_pos_ricc_lrcf[scipy-True-False-False-True-1-1-20]" time="0.0004112720489501953"><skipped message="Suite splitting in effect" type="pytest.skip">src/pymortests/riccati.py:105: Suite splitting in effect</skipped></testcase><testcase classname="src.pymortests.riccati" file="src/pymortests/riccati.py" line="105" name="test_pos_ricc_lrcf[scipy-True-False-False-True-1-2-10]" time="0.00044226646423339844"><skipped message="Suite splitting in effect" type="pytest.skip">src/pymortests/riccati.py:105: Suite splitting in effect</skipped></testcase><testcase classname="src.pymortests.riccati" file="src/pymortests/riccati.py" line="105" name="test_pos_ricc_lrcf[scipy-True-False-False-True-1-2-20]" time="0.0006854534149169922"><skipped message="Suite splitting in effect" type="pytest.skip">src/pymortests/riccati.py:105: Suite splitting in effect</skipped></testcase><testcase classname="src.pymortests.riccati" file="src/pymortests/riccati.py" line="105" name="test_pos_ricc_lrcf[scipy-True-False-False-True-2-1-10]" time="0.00040340423583984375"><skipped message="Suite splitting in effect" type="pytest.skip">src/pymortests/riccati.py:105: Suite splitting in effect</skipped></testcase><testcase classname="src.pymortests.riccati" file="src/pymortests/riccati.py" line="105" name="test_pos_ricc_lrcf[scipy-True-False-False-True-2-1-20]" time="0.0004279613494873047"><skipped message="Suite splitting in effect" type="pytest.skip">src/pymortests/riccati.py:105: Suite splitting in effect</skipped></testcase><testcase classname="src.pymortests.riccati" file="src/pymortests/riccati.py" line="105" name="test_pos_ricc_lrcf[scipy-True-False-False-True-2-2-10]" time="0.0004246234893798828"><skipped message="Suite splitting in effect" type="pytest.skip">src/pymortests/riccati.py:105: Suite splitting in effect</skipped></testcase><testcase classname="src.pymortests.riccati" file="src/pymortests/riccati.py" line="105" name="test_pos_ricc_lrcf[scipy-True-False-False-True-2-2-20]" time="0.00042700767517089844"><skipped message="Suite splitting in effect" type="pytest.skip">src/pymortests/riccati.py:105: Suite splitting in effect</skipped></testcase><testcase classname="src.pymortests.riccati" file="src/pymortests/riccati.py" line="105" name="test_pos_ricc_lrcf[scipy-True-True-False-False-1-1-10]" time="0.00041604042053222656"><skipped message="Suite splitting in effect" type="pytest.skip">src/pymortests/riccati.py:105: Suite splitting in effect</skipped></testcase><testcase classname="src.pymortests.riccati" file="src/pymortests/riccati.py" line="105" name="test_pos_ricc_lrcf[scipy-True-True-False-False-1-1-20]" time="0.00041365623474121094"><skipped message="Suite splitting in effect" type="pytest.skip">src/pymortests/riccati.py:105: Suite splitting in effect</skipped></testcase><testcase classname="src.pymortests.riccati" file="src/pymortests/riccati.py" line="105" name="test_pos_ricc_lrcf[scipy-True-True-False-False-1-2-10]" time="0.00041031837463378906"><skipped message="Suite splitting in effect" type="pytest.skip">src/pymortests/riccati.py:105: Suite splitting in effect</skipped></testcase><testcase classname="src.pymortests.riccati" file="src/pymortests/riccati.py" line="105" name="test_pos_ricc_lrcf[scipy-True-True-False-False-1-2-20]" time="0.0008127689361572266"><skipped message="Suite splitting in effect" type="pytest.skip">src/pymortests/riccati.py:105: Suite splitting in effect</skipped></testcase><testcase classname="src.pymortests.riccati" file="src/pymortests/riccati.py" line="105" name="test_pos_ricc_lrcf[scipy-True-True-False-False-2-1-10]" time="0.0004165172576904297"><skipped message="Suite splitting in effect" type="pytest.skip">src/pymortests/riccati.py:105: Suite splitting in effect</skipped></testcase><testcase classname="src.pymortests.riccati" file="src/pymortests/riccati.py" line="105" name="test_pos_ricc_lrcf[scipy-True-True-False-False-2-1-20]" time="0.0004425048828125"><skipped message="Suite splitting in effect" type="pytest.skip">src/pymortests/riccati.py:105: Suite splitting in effect</skipped></testcase><testcase classname="src.pymortests.riccati" file="src/pymortests/riccati.py" line="105" name="test_pos_ricc_lrcf[scipy-True-True-False-False-2-2-10]" time="0.0003955364227294922"><skipped message="Suite splitting in effect" type="pytest.skip">src/pymortests/riccati.py:105: Suite splitting in effect</skipped></testcase><testcase classname="src.pymortests.riccati" file="src/pymortests/riccati.py" line="105" name="test_pos_ricc_lrcf[scipy-True-True-False-False-2-2-20]" time="0.0004324913024902344"><skipped message="Suite splitting in effect" type="pytest.skip">src/pymortests/riccati.py:105: Suite splitting in effect</skipped></testcase><testcase classname="src.pymortests.riccati" file="src/pymortests/riccati.py" line="105" name="test_pos_ricc_lrcf[scipy-True-True-False-True-1-1-10]" time="0.000396728515625"><skipped message="Suite splitting in effect" type="pytest.skip">src/pymortests/riccati.py:105: Suite splitting in effect</skipped></testcase><testcase classname="src.pymortests.riccati" file="src/pymortests/riccati.py" line="105" name="test_pos_ricc_lrcf[scipy-True-True-False-True-1-1-20]" time="0.0004038810729980469"><skipped message="Suite splitting in effect" type="pytest.skip">src/pymortests/riccati.py:105: Suite splitting in effect</skipped></testcase><testcase classname="src.pymortests.riccati" file="src/pymortests/riccati.py" line="105" name="test_pos_ricc_lrcf[scipy-True-True-False-True-1-2-10]" time="0.00041294097900390625"><skipped message="Suite splitting in effect" type="pytest.skip">src/pymortests/riccati.py:105: Suite splitting in effect</skipped></testcase><testcase classname="src.pymortests.riccati" file="src/pymortests/riccati.py" line="105" name="test_pos_ricc_lrcf[scipy-True-True-False-True-1-2-20]" time="0.0006670951843261719"><skipped message="Suite splitting in effect" type="pytest.skip">src/pymortests/riccati.py:105: Suite splitting in effect</skipped></testcase><testcase classname="src.pymortests.riccati" file="src/pymortests/riccati.py" line="105" name="test_pos_ricc_lrcf[scipy-True-True-False-True-2-1-10]" time="0.00038361549377441406"><skipped message="Suite splitting in effect" type="pytest.skip">src/pymortests/riccati.py:105: Suite splitting in effect</skipped></testcase><testcase classname="src.pymortests.riccati" file="src/pymortests/riccati.py" line="105" name="test_pos_ricc_lrcf[scipy-True-True-False-True-2-1-20]" time="0.0004570484161376953"><skipped message="Suite splitting in effect" type="pytest.skip">src/pymortests/riccati.py:105: Suite splitting in effect</skipped></testcase><testcase classname="src.pymortests.riccati" file="src/pymortests/riccati.py" line="105" name="test_pos_ricc_lrcf[scipy-True-True-False-True-2-2-10]" time="0.00040912628173828125"><skipped message="Suite splitting in effect" type="pytest.skip">src/pymortests/riccati.py:105: Suite splitting in effect</skipped></testcase><testcase classname="src.pymortests.riccati" file="src/pymortests/riccati.py" line="105" name="test_pos_ricc_lrcf[scipy-True-True-False-True-2-2-20]" time="0.000423431396484375"><skipped message="Suite splitting in effect" type="pytest.skip">src/pymortests/riccati.py:105: Suite splitting in effect</skipped></testcase><testcase classname="src.pymortests.riccati" file="src/pymortests/riccati.py" line="105" name="test_pos_ricc_lrcf[scipy-True-True-True-False-1-1-10]" time="0.0004169940948486328"><skipped message="Suite splitting in effect" type="pytest.skip">src/pymortests/riccati.py:105: Suite splitting in effect</skipped></testcase><testcase classname="src.pymortests.riccati" file="src/pymortests/riccati.py" line="105" name="test_pos_ricc_lrcf[scipy-True-True-True-False-1-1-20]" time="0.00039887428283691406"><skipped message="Suite splitting in effect" type="pytest.skip">src/pymortests/riccati.py:105: Suite splitting in effect</skipped></testcase><testcase classname="src.pymortests.riccati" file="src/pymortests/riccati.py" line="105" name="test_pos_ricc_lrcf[scipy-True-True-True-False-1-2-10]" time="0.00040221214294433594"><skipped message="Suite splitting in effect" type="pytest.skip">src/pymortests/riccati.py:105: Suite splitting in effect</skipped></testcase><testcase classname="src.pymortests.riccati" file="src/pymortests/riccati.py" line="105" name="test_pos_ricc_lrcf[scipy-True-True-True-False-1-2-20]" time="0.0006976127624511719"><skipped message="Suite splitting in effect" type="pytest.skip">src/pymortests/riccati.py:105: Suite splitting in effect</skipped></testcase><testcase classname="src.pymortests.riccati" file="src/pymortests/riccati.py" line="105" name="test_pos_ricc_lrcf[scipy-True-True-True-False-2-1-10]" time="0.00041222572326660156"><skipped message="Suite splitting in effect" type="pytest.skip">src/pymortests/riccati.py:105: Suite splitting in effect</skipped></testcase><testcase classname="src.pymortests.riccati" file="src/pymortests/riccati.py" line="105" name="test_pos_ricc_lrcf[scipy-True-True-True-False-2-1-20]" time="0.0003914833068847656"><skipped message="Suite splitting in effect" type="pytest.skip">src/pymortests/riccati.py:105: Suite splitting in effect</skipped></testcase><testcase classname="src.pymortests.riccati" file="src/pymortests/riccati.py" line="105" name="test_pos_ricc_lrcf[scipy-True-True-True-False-2-2-10]" time="0.00040268898010253906"><skipped message="Suite splitting in effect" type="pytest.skip">src/pymortests/riccati.py:105: Suite splitting in effect</skipped></testcase><testcase classname="src.pymortests.riccati" file="src/pymortests/riccati.py" line="105" name="test_pos_ricc_lrcf[scipy-True-True-True-False-2-2-20]" time="0.00039458274841308594"><skipped message="Suite splitting in effect" type="pytest.skip">src/pymortests/riccati.py:105: Suite splitting in effect</skipped></testcase><testcase classname="src.pymortests.riccati" file="src/pymortests/riccati.py" line="105" name="test_pos_ricc_lrcf[scipy-True-True-True-True-1-1-10]" time="0.00044608116149902344"><skipped message="Suite splitting in effect" type="pytest.skip">src/pymortests/riccati.py:105: Suite splitting in effect</skipped></testcase><testcase classname="src.pymortests.riccati" file="src/pymortests/riccati.py" line="105" name="test_pos_ricc_lrcf[scipy-True-True-True-True-1-1-20]" time="0.00041556358337402344"><skipped message="Suite splitting in effect" type="pytest.skip">src/pymortests/riccati.py:105: Suite splitting in effect</skipped></testcase><testcase classname="src.pymortests.riccati" file="src/pymortests/riccati.py" line="105" name="test_pos_ricc_lrcf[scipy-True-True-True-True-1-2-10]" time="0.0003924369812011719"><skipped message="Suite splitting in effect" type="pytest.skip">src/pymortests/riccati.py:105: Suite splitting in effect</skipped></testcase><testcase classname="src.pymortests.riccati" file="src/pymortests/riccati.py" line="105" name="test_pos_ricc_lrcf[scipy-True-True-True-True-1-2-20]" time="0.0006654262542724609"><skipped message="Suite splitting in effect" type="pytest.skip">src/pymortests/riccati.py:105: Suite splitting in effect</skipped></testcase><testcase classname="src.pymortests.riccati" file="src/pymortests/riccati.py" line="105" name="test_pos_ricc_lrcf[scipy-True-True-True-True-2-1-10]" time="0.00038814544677734375"><skipped message="Suite splitting in effect" type="pytest.skip">src/pymortests/riccati.py:105: Suite splitting in effect</skipped></testcase><testcase classname="src.pymortests.riccati" file="src/pymortests/riccati.py" line="105" name="test_pos_ricc_lrcf[scipy-True-True-True-True-2-1-20]" time="0.00038623809814453125"><skipped message="Suite splitting in effect" type="pytest.skip">src/pymortests/riccati.py:105: Suite splitting in effect</skipped></testcase><testcase classname="src.pymortests.riccati" file="src/pymortests/riccati.py" line="105" name="test_pos_ricc_lrcf[scipy-True-True-True-True-2-2-10]" time="0.0004093647003173828"><skipped message="Suite splitting in effect" type="pytest.skip">src/pymortests/riccati.py:105: Suite splitting in effect</skipped></testcase><testcase classname="src.pymortests.riccati" file="src/pymortests/riccati.py" line="105" name="test_pos_ricc_lrcf[scipy-True-True-True-True-2-2-20]" time="0.0003991127014160156"><skipped message="Suite splitting in effect" type="pytest.skip">src/pymortests/riccati.py:105: Suite splitting in effect</skipped></testcase><testcase classname="src.pymortests.riccati" file="src/pymortests/riccati.py" line="105" name="test_pos_ricc_lrcf[slycot-False-False-False-False-1-1-10]" time="0.00038814544677734375"><skipped message="Suite splitting in effect" type="pytest.skip">src/pymortests/riccati.py:105: Suite splitting in effect</skipped></testcase><testcase classname="src.pymortests.riccati" file="src/pymortests/riccati.py" line="105" name="test_pos_ricc_lrcf[slycot-False-False-False-False-1-1-20]" time="0.0003986358642578125"><skipped message="Suite splitting in effect" type="pytest.skip">src/pymortests/riccati.py:105: Suite splitting in effect</skipped></testcase><testcase classname="src.pymortests.riccati" file="src/pymortests/riccati.py" line="105" name="test_pos_ricc_lrcf[slycot-False-False-False-False-1-2-10]" time="0.0003993511199951172"><skipped message="Suite splitting in effect" type="pytest.skip">src/pymortests/riccati.py:105: Suite splitting in effect</skipped></testcase><testcase classname="src.pymortests.riccati" file="src/pymortests/riccati.py" line="105" name="test_pos_ricc_lrcf[slycot-False-False-False-False-1-2-20]" time="0.0007452964782714844"><skipped message="Suite splitting in effect" type="pytest.skip">src/pymortests/riccati.py:105: Suite splitting in effect</skipped></testcase><testcase classname="src.pymortests.riccati" file="src/pymortests/riccati.py" line="105" name="test_pos_ricc_lrcf[slycot-False-False-False-False-2-1-10]" time="0.00039124488830566406"><skipped message="Suite splitting in effect" type="pytest.skip">src/pymortests/riccati.py:105: Suite splitting in effect</skipped></testcase><testcase classname="src.pymortests.riccati" file="src/pymortests/riccati.py" line="105" name="test_pos_ricc_lrcf[slycot-False-False-False-False-2-1-20]" time="0.0003917217254638672"><skipped message="Suite splitting in effect" type="pytest.skip">src/pymortests/riccati.py:105: Suite splitting in effect</skipped></testcase><testcase classname="src.pymortests.riccati" file="src/pymortests/riccati.py" line="105" name="test_pos_ricc_lrcf[slycot-False-False-False-False-2-2-10]" time="0.00040411949157714844"><skipped message="Suite splitting in effect" type="pytest.skip">src/pymortests/riccati.py:105: Suite splitting in effect</skipped></testcase><testcase classname="src.pymortests.riccati" file="src/pymortests/riccati.py" line="105" name="test_pos_ricc_lrcf[slycot-False-False-False-False-2-2-20]" time="0.0004210472106933594"><skipped message="Suite splitting in effect" type="pytest.skip">src/pymortests/riccati.py:105: Suite splitting in effect</skipped></testcase><testcase classname="src.pymortests.riccati" file="src/pymortests/riccati.py" line="105" name="test_pos_ricc_lrcf[slycot-False-False-False-True-1-1-10]" time="0.00041747093200683594"><skipped message="Suite splitting in effect" type="pytest.skip">src/pymortests/riccati.py:105: Suite splitting in effect</skipped></testcase><testcase classname="src.pymortests.riccati" file="src/pymortests/riccati.py" line="105" name="test_pos_ricc_lrcf[slycot-False-False-False-True-1-1-20]" time="0.0004131793975830078"><skipped message="Suite splitting in effect" type="pytest.skip">src/pymortests/riccati.py:105: Suite splitting in effect</skipped></testcase><testcase classname="src.pymortests.riccati" file="src/pymortests/riccati.py" line="105" name="test_pos_ricc_lrcf[slycot-False-False-False-True-1-2-10]" time="0.0004258155822753906"><skipped message="Suite splitting in effect" type="pytest.skip">src/pymortests/riccati.py:105: Suite splitting in effect</skipped></testcase><testcase classname="src.pymortests.riccati" file="src/pymortests/riccati.py" line="105" name="test_pos_ricc_lrcf[slycot-False-False-False-True-1-2-20]" time="0.0007219314575195312"><skipped message="Suite splitting in effect" type="pytest.skip">src/pymortests/riccati.py:105: Suite splitting in effect</skipped></testcase><testcase classname="src.pymortests.riccati" file="src/pymortests/riccati.py" line="105" name="test_pos_ricc_lrcf[slycot-False-False-False-True-2-1-10]" time="0.0004146099090576172"><skipped message="Suite splitting in effect" type="pytest.skip">src/pymortests/riccati.py:105: Suite splitting in effect</skipped></testcase><testcase classname="src.pymortests.riccati" file="src/pymortests/riccati.py" line="105" name="test_pos_ricc_lrcf[slycot-False-False-False-True-2-1-20]" time="0.00039315223693847656"><skipped message="Suite splitting in effect" type="pytest.skip">src/pymortests/riccati.py:105: Suite splitting in effect</skipped></testcase><testcase classname="src.pymortests.riccati" file="src/pymortests/riccati.py" line="105" name="test_pos_ricc_lrcf[slycot-False-False-False-True-2-2-10]" time="0.00041985511779785156"><skipped message="Suite splitting in effect" type="pytest.skip">src/pymortests/riccati.py:105: Suite splitting in effect</skipped></testcase><testcase classname="src.pymortests.riccati" file="src/pymortests/riccati.py" line="105" name="test_pos_ricc_lrcf[slycot-False-False-False-True-2-2-20]" time="0.0003941059112548828"><skipped message="Suite splitting in effect" type="pytest.skip">src/pymortests/riccati.py:105: Suite splitting in effect</skipped></testcase><testcase classname="src.pymortests.riccati" file="src/pymortests/riccati.py" line="105" name="test_pos_ricc_lrcf[slycot-False-True-False-False-1-1-10]" time="0.0004131793975830078"><skipped message="Suite splitting in effect" type="pytest.skip">src/pymortests/riccati.py:105: Suite splitting in effect</skipped></testcase><testcase classname="src.pymortests.riccati" file="src/pymortests/riccati.py" line="105" name="test_pos_ricc_lrcf[slycot-False-True-False-False-1-1-20]" time="0.0004189014434814453"><skipped message="Suite splitting in effect" type="pytest.skip">src/pymortests/riccati.py:105: Suite splitting in effect</skipped></testcase><testcase classname="src.pymortests.riccati" file="src/pymortests/riccati.py" line="105" name="test_pos_ricc_lrcf[slycot-False-True-False-False-1-2-10]" time="0.0004241466522216797"><skipped message="Suite splitting in effect" type="pytest.skip">src/pymortests/riccati.py:105: Suite splitting in effect</skipped></testcase><testcase classname="src.pymortests.riccati" file="src/pymortests/riccati.py" line="105" name="test_pos_ricc_lrcf[slycot-False-True-False-False-1-2-20]" time="0.00066375732421875"><skipped message="Suite splitting in effect" type="pytest.skip">src/pymortests/riccati.py:105: Suite splitting in effect</skipped></testcase><testcase classname="src.pymortests.riccati" file="src/pymortests/riccati.py" line="105" name="test_pos_ricc_lrcf[slycot-False-True-False-False-2-1-10]" time="0.00039958953857421875"><skipped message="Suite splitting in effect" type="pytest.skip">src/pymortests/riccati.py:105: Suite splitting in effect</skipped></testcase><testcase classname="src.pymortests.riccati" file="src/pymortests/riccati.py" line="105" name="test_pos_ricc_lrcf[slycot-False-True-False-False-2-1-20]" time="0.0004012584686279297"><skipped message="Suite splitting in effect" type="pytest.skip">src/pymortests/riccati.py:105: Suite splitting in effect</skipped></testcase><testcase classname="src.pymortests.riccati" file="src/pymortests/riccati.py" line="105" name="test_pos_ricc_lrcf[slycot-False-True-False-False-2-2-10]" time="0.0003962516784667969"><skipped message="Suite splitting in effect" type="pytest.skip">src/pymortests/riccati.py:105: Suite splitting in effect</skipped></testcase><testcase classname="src.pymortests.riccati" file="src/pymortests/riccati.py" line="105" name="test_pos_ricc_lrcf[slycot-False-True-False-False-2-2-20]" time="0.0004169940948486328"><skipped message="Suite splitting in effect" type="pytest.skip">src/pymortests/riccati.py:105: Suite splitting in effect</skipped></testcase><testcase classname="src.pymortests.riccati" file="src/pymortests/riccati.py" line="105" name="test_pos_ricc_lrcf[slycot-False-True-False-True-1-1-10]" time="0.0004012584686279297"><skipped message="Suite splitting in effect" type="pytest.skip">src/pymortests/riccati.py:105: Suite splitting in effect</skipped></testcase><testcase classname="src.pymortests.riccati" file="src/pymortests/riccati.py" line="105" name="test_pos_ricc_lrcf[slycot-False-True-False-True-1-1-20]" time="0.0003974437713623047"><skipped message="Suite splitting in effect" type="pytest.skip">src/pymortests/riccati.py:105: Suite splitting in effect</skipped></testcase><testcase classname="src.pymortests.riccati" file="src/pymortests/riccati.py" line="105" name="test_pos_ricc_lrcf[slycot-False-True-False-True-1-2-10]" time="0.0003917217254638672"><skipped message="Suite splitting in effect" type="pytest.skip">src/pymortests/riccati.py:105: Suite splitting in effect</skipped></testcase><testcase classname="src.pymortests.riccati" file="src/pymortests/riccati.py" line="105" name="test_pos_ricc_lrcf[slycot-False-True-False-True-1-2-20]" time="0.0006811618804931641"><skipped message="Suite splitting in effect" type="pytest.skip">src/pymortests/riccati.py:105: Suite splitting in effect</skipped></testcase><testcase classname="src.pymortests.riccati" file="src/pymortests/riccati.py" line="105" name="test_pos_ricc_lrcf[slycot-False-True-False-True-2-1-10]" time="0.0004162788391113281"><skipped message="Suite splitting in effect" type="pytest.skip">src/pymortests/riccati.py:105: Suite splitting in effect</skipped></testcase><testcase classname="src.pymortests.riccati" file="src/pymortests/riccati.py" line="105" name="test_pos_ricc_lrcf[slycot-False-True-False-True-2-1-20]" time="0.00039196014404296875"><skipped message="Suite splitting in effect" type="pytest.skip">src/pymortests/riccati.py:105: Suite splitting in effect</skipped></testcase><testcase classname="src.pymortests.riccati" file="src/pymortests/riccati.py" line="105" name="test_pos_ricc_lrcf[slycot-False-True-False-True-2-2-10]" time="0.00041556358337402344"><skipped message="Suite splitting in effect" type="pytest.skip">src/pymortests/riccati.py:105: Suite splitting in effect</skipped></testcase><testcase classname="src.pymortests.riccati" file="src/pymortests/riccati.py" line="105" name="test_pos_ricc_lrcf[slycot-False-True-False-True-2-2-20]" time="0.00043511390686035156"><skipped message="Suite splitting in effect" type="pytest.skip">src/pymortests/riccati.py:105: Suite splitting in effect</skipped></testcase><testcase classname="src.pymortests.riccati" file="src/pymortests/riccati.py" line="105" name="test_pos_ricc_lrcf[slycot-False-True-True-False-1-1-10]" time="0.0004336833953857422"><skipped message="Suite splitting in effect" type="pytest.skip">src/pymortests/riccati.py:105: Suite splitting in effect</skipped></testcase><testcase classname="src.pymortests.riccati" file="src/pymortests/riccati.py" line="105" name="test_pos_ricc_lrcf[slycot-False-True-True-False-1-1-20]" time="0.00040459632873535156"><skipped message="Suite splitting in effect" type="pytest.skip">src/pymortests/riccati.py:105: Suite splitting in effect</skipped></testcase><testcase classname="src.pymortests.riccati" file="src/pymortests/riccati.py" line="105" name="test_pos_ricc_lrcf[slycot-False-True-True-False-1-2-10]" time="0.00039505958557128906"><skipped message="Suite splitting in effect" type="pytest.skip">src/pymortests/riccati.py:105: Suite splitting in effect</skipped></testcase><testcase classname="src.pymortests.riccati" file="src/pymortests/riccati.py" line="105" name="test_pos_ricc_lrcf[slycot-False-True-True-False-1-2-20]" time="0.0006880760192871094"><skipped message="Suite splitting in effect" type="pytest.skip">src/pymortests/riccati.py:105: Suite splitting in effect</skipped></testcase><testcase classname="src.pymortests.riccati" file="src/pymortests/riccati.py" line="105" name="test_pos_ricc_lrcf[slycot-False-True-True-False-2-1-10]" time="0.0004169940948486328"><skipped message="Suite splitting in effect" type="pytest.skip">src/pymortests/riccati.py:105: Suite splitting in effect</skipped></testcase><testcase classname="src.pymortests.riccati" file="src/pymortests/riccati.py" line="105" name="test_pos_ricc_lrcf[slycot-False-True-True-False-2-1-20]" time="0.0003879070281982422"><skipped message="Suite splitting in effect" type="pytest.skip">src/pymortests/riccati.py:105: Suite splitting in effect</skipped></testcase><testcase classname="src.pymortests.riccati" file="src/pymortests/riccati.py" line="105" name="test_pos_ricc_lrcf[slycot-False-True-True-False-2-2-10]" time="0.00041103363037109375"><skipped message="Suite splitting in effect" type="pytest.skip">src/pymortests/riccati.py:105: Suite splitting in effect</skipped></testcase><testcase classname="src.pymortests.riccati" file="src/pymortests/riccati.py" line="105" name="test_pos_ricc_lrcf[slycot-False-True-True-False-2-2-20]" time="0.00041866302490234375"><skipped message="Suite splitting in effect" type="pytest.skip">src/pymortests/riccati.py:105: Suite splitting in effect</skipped></testcase><testcase classname="src.pymortests.riccati" file="src/pymortests/riccati.py" line="105" name="test_pos_ricc_lrcf[slycot-False-True-True-True-1-1-10]" time="0.0004222393035888672"><skipped message="Suite splitting in effect" type="pytest.skip">src/pymortests/riccati.py:105: Suite splitting in effect</skipped></testcase><testcase classname="src.pymortests.riccati" file="src/pymortests/riccati.py" line="105" name="test_pos_ricc_lrcf[slycot-False-True-True-True-1-1-20]" time="0.00042176246643066406"><skipped message="Suite splitting in effect" type="pytest.skip">src/pymortests/riccati.py:105: Suite splitting in effect</skipped></testcase><testcase classname="src.pymortests.riccati" file="src/pymortests/riccati.py" line="105" name="test_pos_ricc_lrcf[slycot-False-True-True-True-1-2-10]" time="0.00039196014404296875"><skipped message="Suite splitting in effect" type="pytest.skip">src/pymortests/riccati.py:105: Suite splitting in effect</skipped></testcase><testcase classname="src.pymortests.riccati" file="src/pymortests/riccati.py" line="105" name="test_pos_ricc_lrcf[slycot-False-True-True-True-1-2-20]" time="0.0006639957427978516"><skipped message="Suite splitting in effect" type="pytest.skip">src/pymortests/riccati.py:105: Suite splitting in effect</skipped></testcase><testcase classname="src.pymortests.riccati" file="src/pymortests/riccati.py" line="105" name="test_pos_ricc_lrcf[slycot-False-True-True-True-2-1-10]" time="0.0005445480346679688"><skipped message="Suite splitting in effect" type="pytest.skip">src/pymortests/riccati.py:105: Suite splitting in effect</skipped></testcase><testcase classname="src.pymortests.riccati" file="src/pymortests/riccati.py" line="105" name="test_pos_ricc_lrcf[slycot-False-True-True-True-2-1-20]" time="0.00041675567626953125"><skipped message="Suite splitting in effect" type="pytest.skip">src/pymortests/riccati.py:105: Suite splitting in effect</skipped></testcase><testcase classname="src.pymortests.riccati" file="src/pymortests/riccati.py" line="105" name="test_pos_ricc_lrcf[slycot-False-True-True-True-2-2-10]" time="0.0003914833068847656"><skipped message="Suite splitting in effect" type="pytest.skip">src/pymortests/riccati.py:105: Suite splitting in effect</skipped></testcase><testcase classname="src.pymortests.riccati" file="src/pymortests/riccati.py" line="105" name="test_pos_ricc_lrcf[slycot-False-True-True-True-2-2-20]" time="0.00045037269592285156"><skipped message="Suite splitting in effect" type="pytest.skip">src/pymortests/riccati.py:105: Suite splitting in effect</skipped></testcase><testcase classname="src.pymortests.riccati" file="src/pymortests/riccati.py" line="105" name="test_pos_ricc_lrcf[slycot-True-False-False-False-1-1-10]" time="0.00040650367736816406"><skipped message="Suite splitting in effect" type="pytest.skip">src/pymortests/riccati.py:105: Suite splitting in effect</skipped></testcase><testcase classname="src.pymortests.riccati" file="src/pymortests/riccati.py" line="105" name="test_pos_ricc_lrcf[slycot-True-False-False-False-1-1-20]" time="0.0003936290740966797"><skipped message="Suite splitting in effect" type="pytest.skip">src/pymortests/riccati.py:105: Suite splitting in effect</skipped></testcase><testcase classname="src.pymortests.riccati" file="src/pymortests/riccati.py" line="105" name="test_pos_ricc_lrcf[slycot-True-False-False-False-1-2-10]" time="0.0004153251647949219"><skipped message="Suite splitting in effect" type="pytest.skip">src/pymortests/riccati.py:105: Suite splitting in effect</skipped></testcase><testcase classname="src.pymortests.riccati" file="src/pymortests/riccati.py" line="105" name="test_pos_ricc_lrcf[slycot-True-False-False-False-1-2-20]" time="0.0007402896881103516"><skipped message="Suite splitting in effect" type="pytest.skip">src/pymortests/riccati.py:105: Suite splitting in effect</skipped></testcase><testcase classname="src.pymortests.riccati" file="src/pymortests/riccati.py" line="105" name="test_pos_ricc_lrcf[slycot-True-False-False-False-2-1-10]" time="0.0003917217254638672"><skipped message="Suite splitting in effect" type="pytest.skip">src/pymortests/riccati.py:105: Suite splitting in effect</skipped></testcase><testcase classname="src.pymortests.riccati" file="src/pymortests/riccati.py" line="105" name="test_pos_ricc_lrcf[slycot-True-False-False-False-2-1-20]" time="0.0003943443298339844"><skipped message="Suite splitting in effect" type="pytest.skip">src/pymortests/riccati.py:105: Suite splitting in effect</skipped></testcase><testcase classname="src.pymortests.riccati" file="src/pymortests/riccati.py" line="105" name="test_pos_ricc_lrcf[slycot-True-False-False-False-2-2-10]" time="0.0004036426544189453"><skipped message="Suite splitting in effect" type="pytest.skip">src/pymortests/riccati.py:105: Suite splitting in effect</skipped></testcase><testcase classname="src.pymortests.riccati" file="src/pymortests/riccati.py" line="105" name="test_pos_ricc_lrcf[slycot-True-False-False-False-2-2-20]" time="0.0004372596740722656"><skipped message="Suite splitting in effect" type="pytest.skip">src/pymortests/riccati.py:105: Suite splitting in effect</skipped></testcase><testcase classname="src.pymortests.riccati" file="src/pymortests/riccati.py" line="105" name="test_pos_ricc_lrcf[slycot-True-False-False-True-1-1-10]" time="0.0004200935363769531"><skipped message="Suite splitting in effect" type="pytest.skip">src/pymortests/riccati.py:105: Suite splitting in effect</skipped></testcase><testcase classname="src.pymortests.riccati" file="src/pymortests/riccati.py" line="105" name="test_pos_ricc_lrcf[slycot-True-False-False-True-1-1-20]" time="0.0004012584686279297"><skipped message="Suite splitting in effect" type="pytest.skip">src/pymortests/riccati.py:105: Suite splitting in effect</skipped></testcase><testcase classname="src.pymortests.riccati" file="src/pymortests/riccati.py" line="105" name="test_pos_ricc_lrcf[slycot-True-False-False-True-1-2-10]" time="0.00044989585876464844"><skipped message="Suite splitting in effect" type="pytest.skip">src/pymortests/riccati.py:105: Suite splitting in effect</skipped></testcase><testcase classname="src.pymortests.riccati" file="src/pymortests/riccati.py" line="105" name="test_pos_ricc_lrcf[slycot-True-False-False-True-1-2-20]" time="0.0006875991821289062"><skipped message="Suite splitting in effect" type="pytest.skip">src/pymortests/riccati.py:105: Suite splitting in effect</skipped></testcase><testcase classname="src.pymortests.riccati" file="src/pymortests/riccati.py" line="105" name="test_pos_ricc_lrcf[slycot-True-False-False-True-2-1-10]" time="0.00041675567626953125"><skipped message="Suite splitting in effect" type="pytest.skip">src/pymortests/riccati.py:105: Suite splitting in effect</skipped></testcase><testcase classname="src.pymortests.riccati" file="src/pymortests/riccati.py" line="105" name="test_pos_ricc_lrcf[slycot-True-False-False-True-2-1-20]" time="0.0003933906555175781"><skipped message="Suite splitting in effect" type="pytest.skip">src/pymortests/riccati.py:105: Suite splitting in effect</skipped></testcase><testcase classname="src.pymortests.riccati" file="src/pymortests/riccati.py" line="105" name="test_pos_ricc_lrcf[slycot-True-False-False-True-2-2-10]" time="0.000392913818359375"><skipped message="Suite splitting in effect" type="pytest.skip">src/pymortests/riccati.py:105: Suite splitting in effect</skipped></testcase><testcase classname="src.pymortests.riccati" file="src/pymortests/riccati.py" line="105" name="test_pos_ricc_lrcf[slycot-True-False-False-True-2-2-20]" time="0.0003924369812011719"><skipped message="Suite splitting in effect" type="pytest.skip">src/pymortests/riccati.py:105: Suite splitting in effect</skipped></testcase><testcase classname="src.pymortests.riccati" file="src/pymortests/riccati.py" line="105" name="test_pos_ricc_lrcf[slycot-True-True-False-False-1-1-10]" time="0.00042128562927246094"><skipped message="Suite splitting in effect" type="pytest.skip">src/pymortests/riccati.py:105: Suite splitting in effect</skipped></testcase><testcase classname="src.pymortests.riccati" file="src/pymortests/riccati.py" line="105" name="test_pos_ricc_lrcf[slycot-True-True-False-False-1-1-20]" time="0.0004169940948486328"><skipped message="Suite splitting in effect" type="pytest.skip">src/pymortests/riccati.py:105: Suite splitting in effect</skipped></testcase><testcase classname="src.pymortests.riccati" file="src/pymortests/riccati.py" line="105" name="test_pos_ricc_lrcf[slycot-True-True-False-False-1-2-10]" time="0.0003924369812011719"><skipped message="Suite splitting in effect" type="pytest.skip">src/pymortests/riccati.py:105: Suite splitting in effect</skipped></testcase><testcase classname="src.pymortests.riccati" file="src/pymortests/riccati.py" line="105" name="test_pos_ricc_lrcf[slycot-True-True-False-False-1-2-20]" time="0.0008182525634765625"><skipped message="Suite splitting in effect" type="pytest.skip">src/pymortests/riccati.py:105: Suite splitting in effect</skipped></testcase><testcase classname="src.pymortests.riccati" file="src/pymortests/riccati.py" line="105" name="test_pos_ricc_lrcf[slycot-True-True-False-False-2-1-10]" time="0.00041604042053222656"><skipped message="Suite splitting in effect" type="pytest.skip">src/pymortests/riccati.py:105: Suite splitting in effect</skipped></testcase><testcase classname="src.pymortests.riccati" file="src/pymortests/riccati.py" line="105" name="test_pos_ricc_lrcf[slycot-True-True-False-False-2-1-20]" time="0.0003974437713623047"><skipped message="Suite splitting in effect" type="pytest.skip">src/pymortests/riccati.py:105: Suite splitting in effect</skipped></testcase><testcase classname="src.pymortests.riccati" file="src/pymortests/riccati.py" line="105" name="test_pos_ricc_lrcf[slycot-True-True-False-False-2-2-10]" time="0.00040531158447265625"><skipped message="Suite splitting in effect" type="pytest.skip">src/pymortests/riccati.py:105: Suite splitting in effect</skipped></testcase><testcase classname="src.pymortests.riccati" file="src/pymortests/riccati.py" line="105" name="test_pos_ricc_lrcf[slycot-True-True-False-False-2-2-20]" time="0.00039887428283691406"><skipped message="Suite splitting in effect" type="pytest.skip">src/pymortests/riccati.py:105: Suite splitting in effect</skipped></testcase><testcase classname="src.pymortests.riccati" file="src/pymortests/riccati.py" line="105" name="test_pos_ricc_lrcf[slycot-True-True-False-True-1-1-10]" time="0.00048041343688964844"><skipped message="Suite splitting in effect" type="pytest.skip">src/pymortests/riccati.py:105: Suite splitting in effect</skipped></testcase><testcase classname="src.pymortests.riccati" file="src/pymortests/riccati.py" line="105" name="test_pos_ricc_lrcf[slycot-True-True-False-True-1-1-20]" time="0.0004317760467529297"><skipped message="Suite splitting in effect" type="pytest.skip">src/pymortests/riccati.py:105: Suite splitting in effect</skipped></testcase><testcase classname="src.pymortests.riccati" file="src/pymortests/riccati.py" line="105" name="test_pos_ricc_lrcf[slycot-True-True-False-True-1-2-10]" time="0.000400543212890625"><skipped message="Suite splitting in effect" type="pytest.skip">src/pymortests/riccati.py:105: Suite splitting in effect</skipped></testcase><testcase classname="src.pymortests.riccati" file="src/pymortests/riccati.py" line="105" name="test_pos_ricc_lrcf[slycot-True-True-False-True-1-2-20]" time="0.0006592273712158203"><skipped message="Suite splitting in effect" type="pytest.skip">src/pymortests/riccati.py:105: Suite splitting in effect</skipped></testcase><testcase classname="src.pymortests.riccati" file="src/pymortests/riccati.py" line="105" name="test_pos_ricc_lrcf[slycot-True-True-False-True-2-1-10]" time="0.0004200935363769531"><skipped message="Suite splitting in effect" type="pytest.skip">src/pymortests/riccati.py:105: Suite splitting in effect</skipped></testcase><testcase classname="src.pymortests.riccati" file="src/pymortests/riccati.py" line="105" name="test_pos_ricc_lrcf[slycot-True-True-False-True-2-1-20]" time="0.0004265308380126953"><skipped message="Suite splitting in effect" type="pytest.skip">src/pymortests/riccati.py:105: Suite splitting in effect</skipped></testcase><testcase classname="src.pymortests.riccati" file="src/pymortests/riccati.py" line="105" name="test_pos_ricc_lrcf[slycot-True-True-False-True-2-2-10]" time="0.0004241466522216797"><skipped message="Suite splitting in effect" type="pytest.skip">src/pymortests/riccati.py:105: Suite splitting in effect</skipped></testcase><testcase classname="src.pymortests.riccati" file="src/pymortests/riccati.py" line="105" name="test_pos_ricc_lrcf[slycot-True-True-False-True-2-2-20]" time="0.00041794776916503906"><skipped message="Suite splitting in effect" type="pytest.skip">src/pymortests/riccati.py:105: Suite splitting in effect</skipped></testcase><testcase classname="src.pymortests.riccati" file="src/pymortests/riccati.py" line="105" name="test_pos_ricc_lrcf[slycot-True-True-True-False-1-1-10]" time="0.000423431396484375"><skipped message="Suite splitting in effect" type="pytest.skip">src/pymortests/riccati.py:105: Suite splitting in effect</skipped></testcase><testcase classname="src.pymortests.riccati" file="src/pymortests/riccati.py" line="105" name="test_pos_ricc_lrcf[slycot-True-True-True-False-1-1-20]" time="0.0004265308380126953"><skipped message="Suite splitting in effect" type="pytest.skip">src/pymortests/riccati.py:105: Suite splitting in effect</skipped></testcase><testcase classname="src.pymortests.riccati" file="src/pymortests/riccati.py" line="105" name="test_pos_ricc_lrcf[slycot-True-True-True-False-1-2-10]" time="0.00040435791015625"><skipped message="Suite splitting in effect" type="pytest.skip">src/pymortests/riccati.py:105: Suite splitting in effect</skipped></testcase><testcase classname="src.pymortests.riccati" file="src/pymortests/riccati.py" line="105" name="test_pos_ricc_lrcf[slycot-True-True-True-False-1-2-20]" time="0.0006830692291259766"><skipped message="Suite splitting in effect" type="pytest.skip">src/pymortests/riccati.py:105: Suite splitting in effect</skipped></testcase><testcase classname="src.pymortests.riccati" file="src/pymortests/riccati.py" line="105" name="test_pos_ricc_lrcf[slycot-True-True-True-False-2-1-10]" time="0.00042438507080078125"><skipped message="Suite splitting in effect" type="pytest.skip">src/pymortests/riccati.py:105: Suite splitting in effect</skipped></testcase><testcase classname="src.pymortests.riccati" file="src/pymortests/riccati.py" line="105" name="test_pos_ricc_lrcf[slycot-True-True-True-False-2-1-20]" time="0.0004107952117919922"><skipped message="Suite splitting in effect" type="pytest.skip">src/pymortests/riccati.py:105: Suite splitting in effect</skipped></testcase><testcase classname="src.pymortests.riccati" file="src/pymortests/riccati.py" line="105" name="test_pos_ricc_lrcf[slycot-True-True-True-False-2-2-10]" time="0.0004038810729980469"><skipped message="Suite splitting in effect" type="pytest.skip">src/pymortests/riccati.py:105: Suite splitting in effect</skipped></testcase><testcase classname="src.pymortests.riccati" file="src/pymortests/riccati.py" line="105" name="test_pos_ricc_lrcf[slycot-True-True-True-False-2-2-20]" time="0.0003883838653564453"><skipped message="Suite splitting in effect" type="pytest.skip">src/pymortests/riccati.py:105: Suite splitting in effect</skipped></testcase><testcase classname="src.pymortests.riccati" file="src/pymortests/riccati.py" line="105" name="test_pos_ricc_lrcf[slycot-True-True-True-True-1-1-10]" time="0.00039958953857421875"><skipped message="Suite splitting in effect" type="pytest.skip">src/pymortests/riccati.py:105: Suite splitting in effect</skipped></testcase><testcase classname="src.pymortests.riccati" file="src/pymortests/riccati.py" line="105" name="test_pos_ricc_lrcf[slycot-True-True-True-True-1-1-20]" time="0.0004024505615234375"><skipped message="Suite splitting in effect" type="pytest.skip">src/pymortests/riccati.py:105: Suite splitting in effect</skipped></testcase><testcase classname="src.pymortests.riccati" file="src/pymortests/riccati.py" line="105" name="test_pos_ricc_lrcf[slycot-True-True-True-True-1-2-10]" time="0.0003943443298339844"><skipped message="Suite splitting in effect" type="pytest.skip">src/pymortests/riccati.py:105: Suite splitting in effect</skipped></testcase><testcase classname="src.pymortests.riccati" file="src/pymortests/riccati.py" line="105" name="test_pos_ricc_lrcf[slycot-True-True-True-True-1-2-20]" time="0.0007061958312988281"><skipped message="Suite splitting in effect" type="pytest.skip">src/pymortests/riccati.py:105: Suite splitting in effect</skipped></testcase><testcase classname="src.pymortests.riccati" file="src/pymortests/riccati.py" line="105" name="test_pos_ricc_lrcf[slycot-True-True-True-True-2-1-10]" time="0.0004143714904785156"><skipped message="Suite splitting in effect" type="pytest.skip">src/pymortests/riccati.py:105: Suite splitting in effect</skipped></testcase><testcase classname="src.pymortests.riccati" file="src/pymortests/riccati.py" line="105" name="test_pos_ricc_lrcf[slycot-True-True-True-True-2-1-20]" time="0.0004405975341796875"><skipped message="Suite splitting in effect" type="pytest.skip">src/pymortests/riccati.py:105: Suite splitting in effect</skipped></testcase><testcase classname="src.pymortests.riccati" file="src/pymortests/riccati.py" line="105" name="test_pos_ricc_lrcf[slycot-True-True-True-True-2-2-10]" time="0.0004165172576904297"><skipped message="Suite splitting in effect" type="pytest.skip">src/pymortests/riccati.py:105: Suite splitting in effect</skipped></testcase><testcase classname="src.pymortests.riccati" file="src/pymortests/riccati.py" line="105" name="test_pos_ricc_lrcf[slycot-True-True-True-True-2-2-20]" time="0.0004489421844482422"><skipped message="Suite splitting in effect" type="pytest.skip">src/pymortests/riccati.py:105: Suite splitting in effect</skipped></testcase><testcase classname="src.pymortests.riccati" file="src/pymortests/riccati.py" line="105" name="test_pos_ricc_lrcf[pymess_dense_nm_gmpcare-False-False-False-False-1-1-10]" time="0.00042366981506347656"><skipped message="Suite splitting in effect" type="pytest.skip">src/pymortests/riccati.py:105: Suite splitting in effect</skipped></testcase><testcase classname="src.pymortests.riccati" file="src/pymortests/riccati.py" line="105" name="test_pos_ricc_lrcf[pymess_dense_nm_gmpcare-False-False-False-False-1-1-20]" time="0.0004210472106933594"><skipped message="Suite splitting in effect" type="pytest.skip">src/pymortests/riccati.py:105: Suite splitting in effect</skipped></testcase><testcase classname="src.pymortests.riccati" file="src/pymortests/riccati.py" line="105" name="test_pos_ricc_lrcf[pymess_dense_nm_gmpcare-False-False-False-False-1-2-10]" time="0.00044083595275878906"><skipped message="Suite splitting in effect" type="pytest.skip">src/pymortests/riccati.py:105: Suite splitting in effect</skipped></testcase><testcase classname="src.pymortests.riccati" file="src/pymortests/riccati.py" line="105" name="test_pos_ricc_lrcf[pymess_dense_nm_gmpcare-False-False-False-False-1-2-20]" time="0.0006833076477050781"><skipped message="Suite splitting in effect" type="pytest.skip">src/pymortests/riccati.py:105: Suite splitting in effect</skipped></testcase><testcase classname="src.pymortests.riccati" file="src/pymortests/riccati.py" line="105" name="test_pos_ricc_lrcf[pymess_dense_nm_gmpcare-False-False-False-False-2-1-10]" time="0.0003972053527832031"><skipped message="Suite splitting in effect" type="pytest.skip">src/pymortests/riccati.py:105: Suite splitting in effect</skipped></testcase><testcase classname="src.pymortests.riccati" file="src/pymortests/riccati.py" line="105" name="test_pos_ricc_lrcf[pymess_dense_nm_gmpcare-False-False-False-False-2-1-20]" time="0.00043702125549316406"><skipped message="Suite splitting in effect" type="pytest.skip">src/pymortests/riccati.py:105: Suite splitting in effect</skipped></testcase><testcase classname="src.pymortests.riccati" file="src/pymortests/riccati.py" line="105" name="test_pos_ricc_lrcf[pymess_dense_nm_gmpcare-False-False-False-False-2-2-10]" time="0.0004191398620605469"><skipped message="Suite splitting in effect" type="pytest.skip">src/pymortests/riccati.py:105: Suite splitting in effect</skipped></testcase><testcase classname="src.pymortests.riccati" file="src/pymortests/riccati.py" line="105" name="test_pos_ricc_lrcf[pymess_dense_nm_gmpcare-False-False-False-False-2-2-20]" time="0.0003914833068847656"><skipped message="Suite splitting in effect" type="pytest.skip">src/pymortests/riccati.py:105: Suite splitting in effect</skipped></testcase><testcase classname="src.pymortests.riccati" file="src/pymortests/riccati.py" line="105" name="test_pos_ricc_lrcf[pymess_dense_nm_gmpcare-False-False-False-True-1-1-10]" time="0.0003991127014160156"><skipped message="Suite splitting in effect" type="pytest.skip">src/pymortests/riccati.py:105: Suite splitting in effect</skipped></testcase><testcase classname="src.pymortests.riccati" file="src/pymortests/riccati.py" line="105" name="test_pos_ricc_lrcf[pymess_dense_nm_gmpcare-False-False-False-True-1-1-20]" time="0.0004124641418457031"><skipped message="Suite splitting in effect" type="pytest.skip">src/pymortests/riccati.py:105: Suite splitting in effect</skipped></testcase><testcase classname="src.pymortests.riccati" file="src/pymortests/riccati.py" line="105" name="test_pos_ricc_lrcf[pymess_dense_nm_gmpcare-False-False-False-True-1-2-10]" time="0.0004413127899169922"><skipped message="Suite splitting in effect" type="pytest.skip">src/pymortests/riccati.py:105: Suite splitting in effect</skipped></testcase><testcase classname="src.pymortests.riccati" file="src/pymortests/riccati.py" line="105" name="test_pos_ricc_lrcf[pymess_dense_nm_gmpcare-False-False-False-True-1-2-20]" time="0.0007026195526123047"><skipped message="Suite splitting in effect" type="pytest.skip">src/pymortests/riccati.py:105: Suite splitting in effect</skipped></testcase><testcase classname="src.pymortests.riccati" file="src/pymortests/riccati.py" line="105" name="test_pos_ricc_lrcf[pymess_dense_nm_gmpcare-False-False-False-True-2-1-10]" time="0.0004353523254394531"><skipped message="Suite splitting in effect" type="pytest.skip">src/pymortests/riccati.py:105: Suite splitting in effect</skipped></testcase><testcase classname="src.pymortests.riccati" file="src/pymortests/riccati.py" line="105" name="test_pos_ricc_lrcf[pymess_dense_nm_gmpcare-False-False-False-True-2-1-20]" time="0.00039887428283691406"><skipped message="Suite splitting in effect" type="pytest.skip">src/pymortests/riccati.py:105: Suite splitting in effect</skipped></testcase><testcase classname="src.pymortests.riccati" file="src/pymortests/riccati.py" line="105" name="test_pos_ricc_lrcf[pymess_dense_nm_gmpcare-False-False-False-True-2-2-10]" time="0.000408172607421875"><skipped message="Suite splitting in effect" type="pytest.skip">src/pymortests/riccati.py:105: Suite splitting in effect</skipped></testcase><testcase classname="src.pymortests.riccati" file="src/pymortests/riccati.py" line="105" name="test_pos_ricc_lrcf[pymess_dense_nm_gmpcare-False-False-False-True-2-2-20]" time="0.00039696693420410156"><skipped message="Suite splitting in effect" type="pytest.skip">src/pymortests/riccati.py:105: Suite splitting in effect</skipped></testcase><testcase classname="src.pymortests.riccati" file="src/pymortests/riccati.py" line="105" name="test_pos_ricc_lrcf[pymess_dense_nm_gmpcare-False-True-False-False-1-1-10]" time="0.00042128562927246094"><skipped message="Suite splitting in effect" type="pytest.skip">src/pymortests/riccati.py:105: Suite splitting in effect</skipped></testcase><testcase classname="src.pymortests.riccati" file="src/pymortests/riccati.py" line="105" name="test_pos_ricc_lrcf[pymess_dense_nm_gmpcare-False-True-False-False-1-1-20]" time="0.00042748451232910156"><skipped message="Suite splitting in effect" type="pytest.skip">src/pymortests/riccati.py:105: Suite splitting in effect</skipped></testcase><testcase classname="src.pymortests.riccati" file="src/pymortests/riccati.py" line="105" name="test_pos_ricc_lrcf[pymess_dense_nm_gmpcare-False-True-False-False-1-2-10]" time="0.0004239082336425781"><skipped message="Suite splitting in effect" type="pytest.skip">src/pymortests/riccati.py:105: Suite splitting in effect</skipped></testcase><testcase classname="src.pymortests.riccati" file="src/pymortests/riccati.py" line="105" name="test_pos_ricc_lrcf[pymess_dense_nm_gmpcare-False-True-False-False-1-2-20]" time="0.0006844997406005859"><skipped message="Suite splitting in effect" type="pytest.skip">src/pymortests/riccati.py:105: Suite splitting in effect</skipped></testcase><testcase classname="src.pymortests.riccati" file="src/pymortests/riccati.py" line="105" name="test_pos_ricc_lrcf[pymess_dense_nm_gmpcare-False-True-False-False-2-1-10]" time="0.0004220008850097656"><skipped message="Suite splitting in effect" type="pytest.skip">src/pymortests/riccati.py:105: Suite splitting in effect</skipped></testcase><testcase classname="src.pymortests.riccati" file="src/pymortests/riccati.py" line="105" name="test_pos_ricc_lrcf[pymess_dense_nm_gmpcare-False-True-False-False-2-1-20]" time="0.00039696693420410156"><skipped message="Suite splitting in effect" type="pytest.skip">src/pymortests/riccati.py:105: Suite splitting in effect</skipped></testcase><testcase classname="src.pymortests.riccati" file="src/pymortests/riccati.py" line="105" name="test_pos_ricc_lrcf[pymess_dense_nm_gmpcare-False-True-False-False-2-2-10]" time="0.00042366981506347656"><skipped message="Suite splitting in effect" type="pytest.skip">src/pymortests/riccati.py:105: Suite splitting in effect</skipped></testcase><testcase classname="src.pymortests.riccati" file="src/pymortests/riccati.py" line="105" name="test_pos_ricc_lrcf[pymess_dense_nm_gmpcare-False-True-False-False-2-2-20]" time="0.00039649009704589844"><skipped message="Suite splitting in effect" type="pytest.skip">src/pymortests/riccati.py:105: Suite splitting in effect</skipped></testcase><testcase classname="src.pymortests.riccati" file="src/pymortests/riccati.py" line="105" name="test_pos_ricc_lrcf[pymess_dense_nm_gmpcare-False-True-False-True-1-1-10]" time="0.00044655799865722656"><skipped message="Suite splitting in effect" type="pytest.skip">src/pymortests/riccati.py:105: Suite splitting in effect</skipped></testcase><testcase classname="src.pymortests.riccati" file="src/pymortests/riccati.py" line="105" name="test_pos_ricc_lrcf[pymess_dense_nm_gmpcare-False-True-False-True-1-1-20]" time="0.0004391670227050781"><skipped message="Suite splitting in effect" type="pytest.skip">src/pymortests/riccati.py:105: Suite splitting in effect</skipped></testcase><testcase classname="src.pymortests.riccati" file="src/pymortests/riccati.py" line="105" name="test_pos_ricc_lrcf[pymess_dense_nm_gmpcare-False-True-False-True-1-2-10]" time="0.0003986358642578125"><skipped message="Suite splitting in effect" type="pytest.skip">src/pymortests/riccati.py:105: Suite splitting in effect</skipped></testcase><testcase classname="src.pymortests.riccati" file="src/pymortests/riccati.py" line="105" name="test_pos_ricc_lrcf[pymess_dense_nm_gmpcare-False-True-False-True-1-2-20]" time="0.0007109642028808594"><skipped message="Suite splitting in effect" type="pytest.skip">src/pymortests/riccati.py:105: Suite splitting in effect</skipped></testcase><testcase classname="src.pymortests.riccati" file="src/pymortests/riccati.py" line="105" name="test_pos_ricc_lrcf[pymess_dense_nm_gmpcare-False-True-False-True-2-1-10]" time="0.00043582916259765625"><skipped message="Suite splitting in effect" type="pytest.skip">src/pymortests/riccati.py:105: Suite splitting in effect</skipped></testcase><testcase classname="src.pymortests.riccati" file="src/pymortests/riccati.py" line="105" name="test_pos_ricc_lrcf[pymess_dense_nm_gmpcare-False-True-False-True-2-1-20]" time="0.00041937828063964844"><skipped message="Suite splitting in effect" type="pytest.skip">src/pymortests/riccati.py:105: Suite splitting in effect</skipped></testcase><testcase classname="src.pymortests.riccati" file="src/pymortests/riccati.py" line="105" name="test_pos_ricc_lrcf[pymess_dense_nm_gmpcare-False-True-False-True-2-2-10]" time="0.00039196014404296875"><skipped message="Suite splitting in effect" type="pytest.skip">src/pymortests/riccati.py:105: Suite splitting in effect</skipped></testcase><testcase classname="src.pymortests.riccati" file="src/pymortests/riccati.py" line="105" name="test_pos_ricc_lrcf[pymess_dense_nm_gmpcare-False-True-False-True-2-2-20]" time="0.00042700767517089844"><skipped message="Suite splitting in effect" type="pytest.skip">src/pymortests/riccati.py:105: Suite splitting in effect</skipped></testcase><testcase classname="src.pymortests.riccati" file="src/pymortests/riccati.py" line="105" name="test_pos_ricc_lrcf[pymess_dense_nm_gmpcare-False-True-True-False-1-1-10]" time="0.00039124488830566406"><skipped message="Suite splitting in effect" type="pytest.skip">src/pymortests/riccati.py:105: Suite splitting in effect</skipped></testcase><testcase classname="src.pymortests.riccati" file="src/pymortests/riccati.py" line="105" name="test_pos_ricc_lrcf[pymess_dense_nm_gmpcare-False-True-True-False-1-1-20]" time="0.00039649009704589844"><skipped message="Suite splitting in effect" type="pytest.skip">src/pymortests/riccati.py:105: Suite splitting in effect</skipped></testcase><testcase classname="src.pymortests.riccati" file="src/pymortests/riccati.py" line="105" name="test_pos_ricc_lrcf[pymess_dense_nm_gmpcare-False-True-True-False-1-2-10]" time="0.00039887428283691406"><skipped message="Suite splitting in effect" type="pytest.skip">src/pymortests/riccati.py:105: Suite splitting in effect</skipped></testcase><testcase classname="src.pymortests.riccati" file="src/pymortests/riccati.py" line="105" name="test_pos_ricc_lrcf[pymess_dense_nm_gmpcare-False-True-True-False-1-2-20]" time="0.0007016658782958984"><skipped message="Suite splitting in effect" type="pytest.skip">src/pymortests/riccati.py:105: Suite splitting in effect</skipped></testcase><testcase classname="src.pymortests.riccati" file="src/pymortests/riccati.py" line="105" name="test_pos_ricc_lrcf[pymess_dense_nm_gmpcare-False-True-True-False-2-1-10]" time="0.00040721893310546875"><skipped message="Suite splitting in effect" type="pytest.skip">src/pymortests/riccati.py:105: Suite splitting in effect</skipped></testcase><testcase classname="src.pymortests.riccati" file="src/pymortests/riccati.py" line="105" name="test_pos_ricc_lrcf[pymess_dense_nm_gmpcare-False-True-True-False-2-1-20]" time="0.00042438507080078125"><skipped message="Suite splitting in effect" type="pytest.skip">src/pymortests/riccati.py:105: Suite splitting in effect</skipped></testcase><testcase classname="src.pymortests.riccati" file="src/pymortests/riccati.py" line="105" name="test_pos_ricc_lrcf[pymess_dense_nm_gmpcare-False-True-True-False-2-2-10]" time="0.0004191398620605469"><skipped message="Suite splitting in effect" type="pytest.skip">src/pymortests/riccati.py:105: Suite splitting in effect</skipped></testcase><testcase classname="src.pymortests.riccati" file="src/pymortests/riccati.py" line="105" name="test_pos_ricc_lrcf[pymess_dense_nm_gmpcare-False-True-True-False-2-2-20]" time="0.0004096031188964844"><skipped message="Suite splitting in effect" type="pytest.skip">src/pymortests/riccati.py:105: Suite splitting in effect</skipped></testcase><testcase classname="src.pymortests.riccati" file="src/pymortests/riccati.py" line="105" name="test_pos_ricc_lrcf[pymess_dense_nm_gmpcare-False-True-True-True-1-1-10]" time="0.0004355907440185547"><skipped message="Suite splitting in effect" type="pytest.skip">src/pymortests/riccati.py:105: Suite splitting in effect</skipped></testcase><testcase classname="src.pymortests.riccati" file="src/pymortests/riccati.py" line="105" name="test_pos_ricc_lrcf[pymess_dense_nm_gmpcare-False-True-True-True-1-1-20]" time="0.0004405975341796875"><skipped message="Suite splitting in effect" type="pytest.skip">src/pymortests/riccati.py:105: Suite splitting in effect</skipped></testcase><testcase classname="src.pymortests.riccati" file="src/pymortests/riccati.py" line="105" name="test_pos_ricc_lrcf[pymess_dense_nm_gmpcare-False-True-True-True-1-2-10]" time="0.00040268898010253906"><skipped message="Suite splitting in effect" type="pytest.skip">src/pymortests/riccati.py:105: Suite splitting in effect</skipped></testcase><testcase classname="src.pymortests.riccati" file="src/pymortests/riccati.py" line="105" name="test_pos_ricc_lrcf[pymess_dense_nm_gmpcare-False-True-True-True-1-2-20]" time="0.000720977783203125"><skipped message="Suite splitting in effect" type="pytest.skip">src/pymortests/riccati.py:105: Suite splitting in effect</skipped></testcase><testcase classname="src.pymortests.riccati" file="src/pymortests/riccati.py" line="105" name="test_pos_ricc_lrcf[pymess_dense_nm_gmpcare-False-True-True-True-2-1-10]" time="0.00040078163146972656"><skipped message="Suite splitting in effect" type="pytest.skip">src/pymortests/riccati.py:105: Suite splitting in effect</skipped></testcase><testcase classname="src.pymortests.riccati" file="src/pymortests/riccati.py" line="105" name="test_pos_ricc_lrcf[pymess_dense_nm_gmpcare-False-True-True-True-2-1-20]" time="0.0003974437713623047"><skipped message="Suite splitting in effect" type="pytest.skip">src/pymortests/riccati.py:105: Suite splitting in effect</skipped></testcase><testcase classname="src.pymortests.riccati" file="src/pymortests/riccati.py" line="105" name="test_pos_ricc_lrcf[pymess_dense_nm_gmpcare-False-True-True-True-2-2-10]" time="0.00041103363037109375"><skipped message="Suite splitting in effect" type="pytest.skip">src/pymortests/riccati.py:105: Suite splitting in effect</skipped></testcase><testcase classname="src.pymortests.riccati" file="src/pymortests/riccati.py" line="105" name="test_pos_ricc_lrcf[pymess_dense_nm_gmpcare-False-True-True-True-2-2-20]" time="0.00041961669921875"><skipped message="Suite splitting in effect" type="pytest.skip">src/pymortests/riccati.py:105: Suite splitting in effect</skipped></testcase><testcase classname="src.pymortests.riccati" file="src/pymortests/riccati.py" line="105" name="test_pos_ricc_lrcf[pymess_dense_nm_gmpcare-True-False-False-False-1-1-10]" time="0.0004096031188964844"><skipped message="Suite splitting in effect" type="pytest.skip">src/pymortests/riccati.py:105: Suite splitting in effect</skipped></testcase><testcase classname="src.pymortests.riccati" file="src/pymortests/riccati.py" line="105" name="test_pos_ricc_lrcf[pymess_dense_nm_gmpcare-True-False-False-False-1-1-20]" time="0.00043463706970214844"><skipped message="Suite splitting in effect" type="pytest.skip">src/pymortests/riccati.py:105: Suite splitting in effect</skipped></testcase><testcase classname="src.pymortests.riccati" file="src/pymortests/riccati.py" line="105" name="test_pos_ricc_lrcf[pymess_dense_nm_gmpcare-True-False-False-False-1-2-10]" time="0.000469207763671875"><skipped message="Suite splitting in effect" type="pytest.skip">src/pymortests/riccati.py:105: Suite splitting in effect</skipped></testcase><testcase classname="src.pymortests.riccati" file="src/pymortests/riccati.py" line="105" name="test_pos_ricc_lrcf[pymess_dense_nm_gmpcare-True-False-False-False-1-2-20]" time="0.0007128715515136719"><skipped message="Suite splitting in effect" type="pytest.skip">src/pymortests/riccati.py:105: Suite splitting in effect</skipped></testcase><testcase classname="src.pymortests.riccati" file="src/pymortests/riccati.py" line="105" name="test_pos_ricc_lrcf[pymess_dense_nm_gmpcare-True-False-False-False-2-1-10]" time="0.00042819976806640625"><skipped message="Suite splitting in effect" type="pytest.skip">src/pymortests/riccati.py:105: Suite splitting in effect</skipped></testcase><testcase classname="src.pymortests.riccati" file="src/pymortests/riccati.py" line="105" name="test_pos_ricc_lrcf[pymess_dense_nm_gmpcare-True-False-False-False-2-1-20]" time="0.00041961669921875"><skipped message="Suite splitting in effect" type="pytest.skip">src/pymortests/riccati.py:105: Suite splitting in effect</skipped></testcase><testcase classname="src.pymortests.riccati" file="src/pymortests/riccati.py" line="105" name="test_pos_ricc_lrcf[pymess_dense_nm_gmpcare-True-False-False-False-2-2-10]" time="0.00039696693420410156"><skipped message="Suite splitting in effect" type="pytest.skip">src/pymortests/riccati.py:105: Suite splitting in effect</skipped></testcase><testcase classname="src.pymortests.riccati" file="src/pymortests/riccati.py" line="105" name="test_pos_ricc_lrcf[pymess_dense_nm_gmpcare-True-False-False-False-2-2-20]" time="0.0004260540008544922"><skipped message="Suite splitting in effect" type="pytest.skip">src/pymortests/riccati.py:105: Suite splitting in effect</skipped></testcase><testcase classname="src.pymortests.riccati" file="src/pymortests/riccati.py" line="105" name="test_pos_ricc_lrcf[pymess_dense_nm_gmpcare-True-False-False-True-1-1-10]" time="0.0004127025604248047"><skipped message="Suite splitting in effect" type="pytest.skip">src/pymortests/riccati.py:105: Suite splitting in effect</skipped></testcase><testcase classname="src.pymortests.riccati" file="src/pymortests/riccati.py" line="105" name="test_pos_ricc_lrcf[pymess_dense_nm_gmpcare-True-False-False-True-1-1-20]" time="0.0004134178161621094"><skipped message="Suite splitting in effect" type="pytest.skip">src/pymortests/riccati.py:105: Suite splitting in effect</skipped></testcase><testcase classname="src.pymortests.riccati" file="src/pymortests/riccati.py" line="105" name="test_pos_ricc_lrcf[pymess_dense_nm_gmpcare-True-False-False-True-1-2-10]" time="0.0004038810729980469"><skipped message="Suite splitting in effect" type="pytest.skip">src/pymortests/riccati.py:105: Suite splitting in effect</skipped></testcase><testcase classname="src.pymortests.riccati" file="src/pymortests/riccati.py" line="105" name="test_pos_ricc_lrcf[pymess_dense_nm_gmpcare-True-False-False-True-1-2-20]" time="0.0007221698760986328"><skipped message="Suite splitting in effect" type="pytest.skip">src/pymortests/riccati.py:105: Suite splitting in effect</skipped></testcase><testcase classname="src.pymortests.riccati" file="src/pymortests/riccati.py" line="105" name="test_pos_ricc_lrcf[pymess_dense_nm_gmpcare-True-False-False-True-2-1-10]" time="0.00042319297790527344"><skipped message="Suite splitting in effect" type="pytest.skip">src/pymortests/riccati.py:105: Suite splitting in effect</skipped></testcase><testcase classname="src.pymortests.riccati" file="src/pymortests/riccati.py" line="105" name="test_pos_ricc_lrcf[pymess_dense_nm_gmpcare-True-False-False-True-2-1-20]" time="0.0004267692565917969"><skipped message="Suite splitting in effect" type="pytest.skip">src/pymortests/riccati.py:105: Suite splitting in effect</skipped></testcase><testcase classname="src.pymortests.riccati" file="src/pymortests/riccati.py" line="105" name="test_pos_ricc_lrcf[pymess_dense_nm_gmpcare-True-False-False-True-2-2-10]" time="0.0004012584686279297"><skipped message="Suite splitting in effect" type="pytest.skip">src/pymortests/riccati.py:105: Suite splitting in effect</skipped></testcase><testcase classname="src.pymortests.riccati" file="src/pymortests/riccati.py" line="105" name="test_pos_ricc_lrcf[pymess_dense_nm_gmpcare-True-False-False-True-2-2-20]" time="0.0004215240478515625"><skipped message="Suite splitting in effect" type="pytest.skip">src/pymortests/riccati.py:105: Suite splitting in effect</skipped></testcase><testcase classname="src.pymortests.riccati" file="src/pymortests/riccati.py" line="105" name="test_pos_ricc_lrcf[pymess_dense_nm_gmpcare-True-True-False-False-1-1-10]" time="0.0003998279571533203"><skipped message="Suite splitting in effect" type="pytest.skip">src/pymortests/riccati.py:105: Suite splitting in effect</skipped></testcase><testcase classname="src.pymortests.riccati" file="src/pymortests/riccati.py" line="105" name="test_pos_ricc_lrcf[pymess_dense_nm_gmpcare-True-True-False-False-1-1-20]" time="0.00040030479431152344"><skipped message="Suite splitting in effect" type="pytest.skip">src/pymortests/riccati.py:105: Suite splitting in effect</skipped></testcase><testcase classname="src.pymortests.riccati" file="src/pymortests/riccati.py" line="105" name="test_pos_ricc_lrcf[pymess_dense_nm_gmpcare-True-True-False-False-1-2-10]" time="0.0004036426544189453"><skipped message="Suite splitting in effect" type="pytest.skip">src/pymortests/riccati.py:105: Suite splitting in effect</skipped></testcase><testcase classname="src.pymortests.riccati" file="src/pymortests/riccati.py" line="105" name="test_pos_ricc_lrcf[pymess_dense_nm_gmpcare-True-True-False-False-1-2-20]" time="0.0008699893951416016"><skipped message="Suite splitting in effect" type="pytest.skip">src/pymortests/riccati.py:105: Suite splitting in effect</skipped></testcase><testcase classname="src.pymortests.riccati" file="src/pymortests/riccati.py" line="105" name="test_pos_ricc_lrcf[pymess_dense_nm_gmpcare-True-True-False-False-2-1-10]" time="0.00040221214294433594"><skipped message="Suite splitting in effect" type="pytest.skip">src/pymortests/riccati.py:105: Suite splitting in effect</skipped></testcase><testcase classname="src.pymortests.riccati" file="src/pymortests/riccati.py" line="105" name="test_pos_ricc_lrcf[pymess_dense_nm_gmpcare-True-True-False-False-2-1-20]" time="0.0003895759582519531"><skipped message="Suite splitting in effect" type="pytest.skip">src/pymortests/riccati.py:105: Suite splitting in effect</skipped></testcase><testcase classname="src.pymortests.riccati" file="src/pymortests/riccati.py" line="105" name="test_pos_ricc_lrcf[pymess_dense_nm_gmpcare-True-True-False-False-2-2-10]" time="0.0004134178161621094"><skipped message="Suite splitting in effect" type="pytest.skip">src/pymortests/riccati.py:105: Suite splitting in effect</skipped></testcase><testcase classname="src.pymortests.riccati" file="src/pymortests/riccati.py" line="105" name="test_pos_ricc_lrcf[pymess_dense_nm_gmpcare-True-True-False-False-2-2-20]" time="0.00041556358337402344"><skipped message="Suite splitting in effect" type="pytest.skip">src/pymortests/riccati.py:105: Suite splitting in effect</skipped></testcase><testcase classname="src.pymortests.riccati" file="src/pymortests/riccati.py" line="105" name="test_pos_ricc_lrcf[pymess_dense_nm_gmpcare-True-True-False-True-1-1-10]" time="0.0004298686981201172"><skipped message="Suite splitting in effect" type="pytest.skip">src/pymortests/riccati.py:105: Suite splitting in effect</skipped></testcase><testcase classname="src.pymortests.riccati" file="src/pymortests/riccati.py" line="105" name="test_pos_ricc_lrcf[pymess_dense_nm_gmpcare-True-True-False-True-1-1-20]" time="0.0004189014434814453"><skipped message="Suite splitting in effect" type="pytest.skip">src/pymortests/riccati.py:105: Suite splitting in effect</skipped></testcase><testcase classname="src.pymortests.riccati" file="src/pymortests/riccati.py" line="105" name="test_pos_ricc_lrcf[pymess_dense_nm_gmpcare-True-True-False-True-1-2-10]" time="0.0004208087921142578"><skipped message="Suite splitting in effect" type="pytest.skip">src/pymortests/riccati.py:105: Suite splitting in effect</skipped></testcase><testcase classname="src.pymortests.riccati" file="src/pymortests/riccati.py" line="105" name="test_pos_ricc_lrcf[pymess_dense_nm_gmpcare-True-True-False-True-1-2-20]" time="0.0006976127624511719"><skipped message="Suite splitting in effect" type="pytest.skip">src/pymortests/riccati.py:105: Suite splitting in effect</skipped></testcase><testcase classname="src.pymortests.riccati" file="src/pymortests/riccati.py" line="105" name="test_pos_ricc_lrcf[pymess_dense_nm_gmpcare-True-True-False-True-2-1-10]" time="0.0004019737243652344"><skipped message="Suite splitting in effect" type="pytest.skip">src/pymortests/riccati.py:105: Suite splitting in effect</skipped></testcase><testcase classname="src.pymortests.riccati" file="src/pymortests/riccati.py" line="105" name="test_pos_ricc_lrcf[pymess_dense_nm_gmpcare-True-True-False-True-2-1-20]" time="0.00041985511779785156"><skipped message="Suite splitting in effect" type="pytest.skip">src/pymortests/riccati.py:105: Suite splitting in effect</skipped></testcase><testcase classname="src.pymortests.riccati" file="src/pymortests/riccati.py" line="105" name="test_pos_ricc_lrcf[pymess_dense_nm_gmpcare-True-True-False-True-2-2-10]" time="0.0004303455352783203"><skipped message="Suite splitting in effect" type="pytest.skip">src/pymortests/riccati.py:105: Suite splitting in effect</skipped></testcase><testcase classname="src.pymortests.riccati" file="src/pymortests/riccati.py" line="105" name="test_pos_ricc_lrcf[pymess_dense_nm_gmpcare-True-True-False-True-2-2-20]" time="0.0003910064697265625"><skipped message="Suite splitting in effect" type="pytest.skip">src/pymortests/riccati.py:105: Suite splitting in effect</skipped></testcase><testcase classname="src.pymortests.riccati" file="src/pymortests/riccati.py" line="105" name="test_pos_ricc_lrcf[pymess_dense_nm_gmpcare-True-True-True-False-1-1-10]" time="0.0004343986511230469"><skipped message="Suite splitting in effect" type="pytest.skip">src/pymortests/riccati.py:105: Suite splitting in effect</skipped></testcase><testcase classname="src.pymortests.riccati" file="src/pymortests/riccati.py" line="105" name="test_pos_ricc_lrcf[pymess_dense_nm_gmpcare-True-True-True-False-1-1-20]" time="0.0004162788391113281"><skipped message="Suite splitting in effect" type="pytest.skip">src/pymortests/riccati.py:105: Suite splitting in effect</skipped></testcase><testcase classname="src.pymortests.riccati" file="src/pymortests/riccati.py" line="105" name="test_pos_ricc_lrcf[pymess_dense_nm_gmpcare-True-True-True-False-1-2-10]" time="0.0003972053527832031"><skipped message="Suite splitting in effect" type="pytest.skip">src/pymortests/riccati.py:105: Suite splitting in effect</skipped></testcase><testcase classname="src.pymortests.riccati" file="src/pymortests/riccati.py" line="105" name="test_pos_ricc_lrcf[pymess_dense_nm_gmpcare-True-True-True-False-1-2-20]" time="0.0010118484497070312"><skipped message="Suite splitting in effect" type="pytest.skip">src/pymortests/riccati.py:105: Suite splitting in effect</skipped></testcase><testcase classname="src.pymortests.riccati" file="src/pymortests/riccati.py" line="105" name="test_pos_ricc_lrcf[pymess_dense_nm_gmpcare-True-True-True-False-2-1-10]" time="0.0003941059112548828"><skipped message="Suite splitting in effect" type="pytest.skip">src/pymortests/riccati.py:105: Suite splitting in effect</skipped></testcase><testcase classname="src.pymortests.riccati" file="src/pymortests/riccati.py" line="105" name="test_pos_ricc_lrcf[pymess_dense_nm_gmpcare-True-True-True-False-2-1-20]" time="0.00039505958557128906"><skipped message="Suite splitting in effect" type="pytest.skip">src/pymortests/riccati.py:105: Suite splitting in effect</skipped></testcase><testcase classname="src.pymortests.riccati" file="src/pymortests/riccati.py" line="105" name="test_pos_ricc_lrcf[pymess_dense_nm_gmpcare-True-True-True-False-2-2-10]" time="0.0003924369812011719"><skipped message="Suite splitting in effect" type="pytest.skip">src/pymortests/riccati.py:105: Suite splitting in effect</skipped></testcase><testcase classname="src.pymortests.riccati" file="src/pymortests/riccati.py" line="105" name="test_pos_ricc_lrcf[pymess_dense_nm_gmpcare-True-True-True-False-2-2-20]" time="0.0004165172576904297"><skipped message="Suite splitting in effect" type="pytest.skip">src/pymortests/riccati.py:105: Suite splitting in effect</skipped></testcase><testcase classname="src.pymortests.riccati" file="src/pymortests/riccati.py" line="105" name="test_pos_ricc_lrcf[pymess_dense_nm_gmpcare-True-True-True-True-1-1-10]" time="0.00042176246643066406"><skipped message="Suite splitting in effect" type="pytest.skip">src/pymortests/riccati.py:105: Suite splitting in effect</skipped></testcase><testcase classname="src.pymortests.riccati" file="src/pymortests/riccati.py" line="105" name="test_pos_ricc_lrcf[pymess_dense_nm_gmpcare-True-True-True-True-1-1-20]" time="0.0004169940948486328"><skipped message="Suite splitting in effect" type="pytest.skip">src/pymortests/riccati.py:105: Suite splitting in effect</skipped></testcase><testcase classname="src.pymortests.riccati" file="src/pymortests/riccati.py" line="105" name="test_pos_ricc_lrcf[pymess_dense_nm_gmpcare-True-True-True-True-1-2-10]" time="0.0003962516784667969"><skipped message="Suite splitting in effect" type="pytest.skip">src/pymortests/riccati.py:105: Suite splitting in effect</skipped></testcase><testcase classname="src.pymortests.riccati" file="src/pymortests/riccati.py" line="105" name="test_pos_ricc_lrcf[pymess_dense_nm_gmpcare-True-True-True-True-1-2-20]" time="0.0006606578826904297"><skipped message="Suite splitting in effect" type="pytest.skip">src/pymortests/riccati.py:105: Suite splitting in effect</skipped></testcase><testcase classname="src.pymortests.riccati" file="src/pymortests/riccati.py" line="105" name="test_pos_ricc_lrcf[pymess_dense_nm_gmpcare-True-True-True-True-2-1-10]" time="0.0003910064697265625"><skipped message="Suite splitting in effect" type="pytest.skip">src/pymortests/riccati.py:105: Suite splitting in effect</skipped></testcase><testcase classname="src.pymortests.riccati" file="src/pymortests/riccati.py" line="105" name="test_pos_ricc_lrcf[pymess_dense_nm_gmpcare-True-True-True-True-2-1-20]" time="0.00038814544677734375"><skipped message="Suite splitting in effect" type="pytest.skip">src/pymortests/riccati.py:105: Suite splitting in effect</skipped></testcase><testcase classname="src.pymortests.riccati" file="src/pymortests/riccati.py" line="105" name="test_pos_ricc_lrcf[pymess_dense_nm_gmpcare-True-True-True-True-2-2-10]" time="0.0004425048828125"><skipped message="Suite splitting in effect" type="pytest.skip">src/pymortests/riccati.py:105: Suite splitting in effect</skipped></testcase><testcase classname="src.pymortests.riccati" file="src/pymortests/riccati.py" line="105" name="test_pos_ricc_lrcf[pymess_dense_nm_gmpcare-True-True-True-True-2-2-20]" time="0.0004329681396484375"><skipped message="Suite splitting in effect" type="pytest.skip">src/pymortests/riccati.py:105: Suite splitting in effect</skipped></testcase><testcase classname="src.pymortests.solver" file="src/pymortests/solver.py" line="48" name="test_generic_solvers[generic_lgmres]" time="0.00047659873962402344"><skipped message="Suite splitting in effect" type="pytest.skip">src/pymortests/solver.py:48: Suite splitting in effect</skipped></testcase><testcase classname="src.pymortests.solver" file="src/pymortests/solver.py" line="48" name="test_generic_solvers[generic_least_squares_lsmr]" time="0.00039649009704589844"><skipped message="Suite splitting in effect" type="pytest.skip">src/pymortests/solver.py:48: Suite splitting in effect</skipped></testcase><testcase classname="src.pymortests.solver" file="src/pymortests/solver.py" line="48" name="test_generic_solvers[generic_least_squares_lsqr]" time="0.00043964385986328125"><skipped message="Suite splitting in effect" type="pytest.skip">src/pymortests/solver.py:48: Suite splitting in effect</skipped></testcase><testcase classname="src.pymortests.solver" file="src/pymortests/solver.py" line="55" name="test_numpy_dense_solvers" time="0.0006990432739257812"><skipped message="Suite splitting in effect" type="pytest.skip">src/pymortests/solver.py:55: Suite splitting in effect</skipped></testcase><testcase classname="src.pymortests.solver" file="src/pymortests/solver.py" line="62" name="test_numpy_sparse_solvers[generic_least_squares_lsqr]" time="0.00041222572326660156"><skipped message="Suite splitting in effect" type="pytest.skip">src/pymortests/solver.py:62: Suite splitting in effect</skipped></testcase><testcase classname="src.pymortests.solver" file="src/pymortests/solver.py" line="62" name="test_numpy_sparse_solvers[scipy_spsolve]" time="0.00040459632873535156"><skipped message="Suite splitting in effect" type="pytest.skip">src/pymortests/solver.py:62: Suite splitting in effect</skipped></testcase><testcase classname="src.pymortests.solver" file="src/pymortests/solver.py" line="62" name="test_numpy_sparse_solvers[scipy_lgmres]" time="0.00039315223693847656"><skipped message="Suite splitting in effect" type="pytest.skip">src/pymortests/solver.py:62: Suite splitting in effect</skipped></testcase><testcase classname="src.pymortests.solver" file="src/pymortests/solver.py" line="62" name="test_numpy_sparse_solvers[scipy_least_squares_lsmr]" time="0.00040602684020996094"><skipped message="Suite splitting in effect" type="pytest.skip">src/pymortests/solver.py:62: Suite splitting in effect</skipped></testcase><testcase classname="src.pymortests.solver" file="src/pymortests/solver.py" line="62" name="test_numpy_sparse_solvers[scipy_bicgstab_spilu]" time="0.0004172325134277344"><skipped message="Suite splitting in effect" type="pytest.skip">src/pymortests/solver.py:62: Suite splitting in effect</skipped></testcase><testcase classname="src.pymortests.solver" file="src/pymortests/solver.py" line="62" name="test_numpy_sparse_solvers[scipy_least_squares_lsqr]" time="0.000408172607421875"><skipped message="Suite splitting in effect" type="pytest.skip">src/pymortests/solver.py:62: Suite splitting in effect</skipped></testcase><testcase classname="src.pymortests.solver" file="src/pymortests/solver.py" line="62" name="test_numpy_sparse_solvers[pyamg_rs]" time="0.0003960132598876953"><skipped message="Suite splitting in effect" type="pytest.skip">src/pymortests/solver.py:62: Suite splitting in effect</skipped></testcase><testcase classname="src.pymortests.solver" file="src/pymortests/solver.py" line="62" name="test_numpy_sparse_solvers[pyamg_solve]" time="0.0006740093231201172"><skipped message="Suite splitting in effect" type="pytest.skip">src/pymortests/solver.py:62: Suite splitting in effect</skipped></testcase><testcase classname="src.pymortests.solver" file="src/pymortests/solver.py" line="62" name="test_numpy_sparse_solvers[generic_lgmres]" time="0.00041604042053222656"><skipped message="Suite splitting in effect" type="pytest.skip">src/pymortests/solver.py:62: Suite splitting in effect</skipped></testcase><testcase classname="src.pymortests.solver" file="src/pymortests/solver.py" line="62" name="test_numpy_sparse_solvers[generic_least_squares_lsmr]" time="0.00041985511779785156"><skipped message="Suite splitting in effect" type="pytest.skip">src/pymortests/solver.py:62: Suite splitting in effect</skipped></testcase><testcase classname="src.pymortests.solver" file="src/pymortests/solver.py" line="62" name="test_numpy_sparse_solvers[pyamg_sa]" time="0.0004208087921142578"><skipped message="Suite splitting in effect" type="pytest.skip">src/pymortests/solver.py:62: Suite splitting in effect</skipped></testcase><testcase classname="src.pymortests.solver" file="src/pymortests/solver.py" line="62" name="test_numpy_sparse_solvers[scipy_bicgstab]" time="0.0004124641418457031"><skipped message="Suite splitting in effect" type="pytest.skip">src/pymortests/solver.py:62: Suite splitting in effect</skipped></testcase><testcase classname="src.pymortests.sylvester" file="src/pymortests/sylvester.py" line="47" name="test_sylv_schur_V[1-1-100]" time="0.0005354881286621094"><skipped message="Suite splitting in effect" type="pytest.skip">src/pymortests/sylvester.py:47: Suite splitting in effect</skipped></testcase><testcase classname="src.pymortests.sylvester" file="src/pymortests/sylvester.py" line="47" name="test_sylv_schur_V[1-1-1000]" time="0.0003993511199951172"><skipped message="Suite splitting in effect" type="pytest.skip">src/pymortests/sylvester.py:47: Suite splitting in effect</skipped></testcase><testcase classname="src.pymortests.sylvester" file="src/pymortests/sylvester.py" line="47" name="test_sylv_schur_V[1-10-100]" time="0.00040984153747558594"><skipped message="Suite splitting in effect" type="pytest.skip">src/pymortests/sylvester.py:47: Suite splitting in effect</skipped></testcase><testcase classname="src.pymortests.sylvester" file="src/pymortests/sylvester.py" line="47" name="test_sylv_schur_V[1-10-1000]" time="0.0007107257843017578"><skipped message="Suite splitting in effect" type="pytest.skip">src/pymortests/sylvester.py:47: Suite splitting in effect</skipped></testcase><testcase classname="src.pymortests.sylvester" file="src/pymortests/sylvester.py" line="47" name="test_sylv_schur_V[1-20-100]" time="0.0004131793975830078"><skipped message="Suite splitting in effect" type="pytest.skip">src/pymortests/sylvester.py:47: Suite splitting in effect</skipped></testcase><testcase classname="src.pymortests.sylvester" file="src/pymortests/sylvester.py" line="47" name="test_sylv_schur_V[1-20-1000]" time="0.0003921985626220703"><skipped message="Suite splitting in effect" type="pytest.skip">src/pymortests/sylvester.py:47: Suite splitting in effect</skipped></testcase><testcase classname="src.pymortests.sylvester" file="src/pymortests/sylvester.py" line="47" name="test_sylv_schur_V[2-1-100]" time="0.0004107952117919922"><skipped message="Suite splitting in effect" type="pytest.skip">src/pymortests/sylvester.py:47: Suite splitting in effect</skipped></testcase><testcase classname="src.pymortests.sylvester" file="src/pymortests/sylvester.py" line="47" name="test_sylv_schur_V[2-1-1000]" time="0.00038909912109375"><skipped message="Suite splitting in effect" type="pytest.skip">src/pymortests/sylvester.py:47: Suite splitting in effect</skipped></testcase><testcase classname="src.pymortests.sylvester" file="src/pymortests/sylvester.py" line="47" name="test_sylv_schur_V[2-10-100]" time="0.00042939186096191406"><skipped message="Suite splitting in effect" type="pytest.skip">src/pymortests/sylvester.py:47: Suite splitting in effect</skipped></testcase><testcase classname="src.pymortests.sylvester" file="src/pymortests/sylvester.py" line="47" name="test_sylv_schur_V[2-10-1000]" time="0.00040221214294433594"><skipped message="Suite splitting in effect" type="pytest.skip">src/pymortests/sylvester.py:47: Suite splitting in effect</skipped></testcase><testcase classname="src.pymortests.sylvester" file="src/pymortests/sylvester.py" line="47" name="test_sylv_schur_V[2-20-100]" time="0.0004267692565917969"><skipped message="Suite splitting in effect" type="pytest.skip">src/pymortests/sylvester.py:47: Suite splitting in effect</skipped></testcase><testcase classname="src.pymortests.sylvester" file="src/pymortests/sylvester.py" line="47" name="test_sylv_schur_V[2-20-1000]" time="0.0006437301635742188"><skipped message="Suite splitting in effect" type="pytest.skip">src/pymortests/sylvester.py:47: Suite splitting in effect</skipped></testcase><testcase classname="src.pymortests.sylvester" file="src/pymortests/sylvester.py" line="75" name="test_sylv_schur_V_E[1-1-100]" time="0.0004150867462158203"><skipped message="Suite splitting in effect" type="pytest.skip">src/pymortests/sylvester.py:75: Suite splitting in effect</skipped></testcase><testcase classname="src.pymortests.sylvester" file="src/pymortests/sylvester.py" line="75" name="test_sylv_schur_V_E[1-1-1000]" time="0.0003993511199951172"><skipped message="Suite splitting in effect" type="pytest.skip">src/pymortests/sylvester.py:75: Suite splitting in effect</skipped></testcase><testcase classname="src.pymortests.sylvester" file="src/pymortests/sylvester.py" line="75" name="test_sylv_schur_V_E[1-10-100]" time="0.00044035911560058594"><skipped message="Suite splitting in effect" type="pytest.skip">src/pymortests/sylvester.py:75: Suite splitting in effect</skipped></testcase><testcase classname="src.pymortests.sylvester" file="src/pymortests/sylvester.py" line="75" name="test_sylv_schur_V_E[1-10-1000]" time="0.00041985511779785156"><skipped message="Suite splitting in effect" type="pytest.skip">src/pymortests/sylvester.py:75: Suite splitting in effect</skipped></testcase><testcase classname="src.pymortests.sylvester" file="src/pymortests/sylvester.py" line="75" name="test_sylv_schur_V_E[1-20-100]" time="0.00039649009704589844"><skipped message="Suite splitting in effect" type="pytest.skip">src/pymortests/sylvester.py:75: Suite splitting in effect</skipped></testcase><testcase classname="src.pymortests.sylvester" file="src/pymortests/sylvester.py" line="75" name="test_sylv_schur_V_E[1-20-1000]" time="0.0003960132598876953"><skipped message="Suite splitting in effect" type="pytest.skip">src/pymortests/sylvester.py:75: Suite splitting in effect</skipped></testcase><testcase classname="src.pymortests.sylvester" file="src/pymortests/sylvester.py" line="75" name="test_sylv_schur_V_E[2-1-100]" time="0.0004131793975830078"><skipped message="Suite splitting in effect" type="pytest.skip">src/pymortests/sylvester.py:75: Suite splitting in effect</skipped></testcase><testcase classname="src.pymortests.sylvester" file="src/pymortests/sylvester.py" line="75" name="test_sylv_schur_V_E[2-1-1000]" time="0.0007116794586181641"><skipped message="Suite splitting in effect" type="pytest.skip">src/pymortests/sylvester.py:75: Suite splitting in effect</skipped></testcase><testcase classname="src.pymortests.sylvester" file="src/pymortests/sylvester.py" line="75" name="test_sylv_schur_V_E[2-10-100]" time="0.0004150867462158203"><skipped message="Suite splitting in effect" type="pytest.skip">src/pymortests/sylvester.py:75: Suite splitting in effect</skipped></testcase><testcase classname="src.pymortests.sylvester" file="src/pymortests/sylvester.py" line="75" name="test_sylv_schur_V_E[2-10-1000]" time="0.00039315223693847656"><skipped message="Suite splitting in effect" type="pytest.skip">src/pymortests/sylvester.py:75: Suite splitting in effect</skipped></testcase><testcase classname="src.pymortests.sylvester" file="src/pymortests/sylvester.py" line="75" name="test_sylv_schur_V_E[2-20-100]" time="0.00039696693420410156"><skipped message="Suite splitting in effect" type="pytest.skip">src/pymortests/sylvester.py:75: Suite splitting in effect</skipped></testcase><testcase classname="src.pymortests.sylvester" file="src/pymortests/sylvester.py" line="75" name="test_sylv_schur_V_E[2-20-1000]" time="0.0004413127899169922"><skipped message="Suite splitting in effect" type="pytest.skip">src/pymortests/sylvester.py:75: Suite splitting in effect</skipped></testcase><testcase classname="src.pymortests.sylvester" file="src/pymortests/sylvester.py" line="108" name="test_sylv_schur_W[1-1-100]" time="0.0004191398620605469"><skipped message="Suite splitting in effect" type="pytest.skip">src/pymortests/sylvester.py:108: Suite splitting in effect</skipped></testcase><testcase classname="src.pymortests.sylvester" file="src/pymortests/sylvester.py" line="108" name="test_sylv_schur_W[1-1-1000]" time="0.0004241466522216797"><skipped message="Suite splitting in effect" type="pytest.skip">src/pymortests/sylvester.py:108: Suite splitting in effect</skipped></testcase><testcase classname="src.pymortests.sylvester" file="src/pymortests/sylvester.py" line="108" name="test_sylv_schur_W[1-10-100]" time="0.0004150867462158203"><skipped message="Suite splitting in effect" type="pytest.skip">src/pymortests/sylvester.py:108: Suite splitting in effect</skipped></testcase><testcase classname="src.pymortests.sylvester" file="src/pymortests/sylvester.py" line="108" name="test_sylv_schur_W[1-10-1000]" time="0.0006678104400634766"><skipped message="Suite splitting in effect" type="pytest.skip">src/pymortests/sylvester.py:108: Suite splitting in effect</skipped></testcase><testcase classname="src.pymortests.sylvester" file="src/pymortests/sylvester.py" line="108" name="test_sylv_schur_W[1-20-100]" time="0.00041556358337402344"><skipped message="Suite splitting in effect" type="pytest.skip">src/pymortests/sylvester.py:108: Suite splitting in effect</skipped></testcase><testcase classname="src.pymortests.sylvester" file="src/pymortests/sylvester.py" line="108" name="test_sylv_schur_W[1-20-1000]" time="0.00038695335388183594"><skipped message="Suite splitting in effect" type="pytest.skip">src/pymortests/sylvester.py:108: Suite splitting in effect</skipped></testcase><testcase classname="src.pymortests.sylvester" file="src/pymortests/sylvester.py" line="108" name="test_sylv_schur_W[2-1-100]" time="0.0003991127014160156"><skipped message="Suite splitting in effect" type="pytest.skip">src/pymortests/sylvester.py:108: Suite splitting in effect</skipped></testcase><testcase classname="src.pymortests.sylvester" file="src/pymortests/sylvester.py" line="108" name="test_sylv_schur_W[2-1-1000]" time="0.0004096031188964844"><skipped message="Suite splitting in effect" type="pytest.skip">src/pymortests/sylvester.py:108: Suite splitting in effect</skipped></testcase><testcase classname="src.pymortests.sylvester" file="src/pymortests/sylvester.py" line="108" name="test_sylv_schur_W[2-10-100]" time="0.0004379749298095703"><skipped message="Suite splitting in effect" type="pytest.skip">src/pymortests/sylvester.py:108: Suite splitting in effect</skipped></testcase><testcase classname="src.pymortests.sylvester" file="src/pymortests/sylvester.py" line="108" name="test_sylv_schur_W[2-10-1000]" time="0.0004100799560546875"><skipped message="Suite splitting in effect" type="pytest.skip">src/pymortests/sylvester.py:108: Suite splitting in effect</skipped></testcase><testcase classname="src.pymortests.sylvester" file="src/pymortests/sylvester.py" line="108" name="test_sylv_schur_W[2-20-100]" time="0.00041985511779785156"><skipped message="Suite splitting in effect" type="pytest.skip">src/pymortests/sylvester.py:108: Suite splitting in effect</skipped></testcase><testcase classname="src.pymortests.sylvester" file="src/pymortests/sylvester.py" line="108" name="test_sylv_schur_W[2-20-1000]" time="0.0006787776947021484"><skipped message="Suite splitting in effect" type="pytest.skip">src/pymortests/sylvester.py:108: Suite splitting in effect</skipped></testcase><testcase classname="src.pymortests.sylvester" file="src/pymortests/sylvester.py" line="136" name="test_sylv_schur_W_E[1-1-100]" time="0.0004172325134277344"><skipped message="Suite splitting in effect" type="pytest.skip">src/pymortests/sylvester.py:136: Suite splitting in effect</skipped></testcase><testcase classname="src.pymortests.sylvester" file="src/pymortests/sylvester.py" line="136" name="test_sylv_schur_W_E[1-1-1000]" time="0.00042510032653808594"><skipped message="Suite splitting in effect" type="pytest.skip">src/pymortests/sylvester.py:136: Suite splitting in effect</skipped></testcase><testcase classname="src.pymortests.sylvester" file="src/pymortests/sylvester.py" line="136" name="test_sylv_schur_W_E[1-10-100]" time="0.00042176246643066406"><skipped message="Suite splitting in effect" type="pytest.skip">src/pymortests/sylvester.py:136: Suite splitting in effect</skipped></testcase><testcase classname="src.pymortests.sylvester" file="src/pymortests/sylvester.py" line="136" name="test_sylv_schur_W_E[1-10-1000]" time="0.000415802001953125"><skipped message="Suite splitting in effect" type="pytest.skip">src/pymortests/sylvester.py:136: Suite splitting in effect</skipped></testcase><testcase classname="src.pymortests.sylvester" file="src/pymortests/sylvester.py" line="136" name="test_sylv_schur_W_E[1-20-100]" time="0.0004074573516845703"><skipped message="Suite splitting in effect" type="pytest.skip">src/pymortests/sylvester.py:136: Suite splitting in effect</skipped></testcase><testcase classname="src.pymortests.sylvester" file="src/pymortests/sylvester.py" line="136" name="test_sylv_schur_W_E[1-20-1000]" time="0.00044989585876464844"><skipped message="Suite splitting in effect" type="pytest.skip">src/pymortests/sylvester.py:136: Suite splitting in effect</skipped></testcase><testcase classname="src.pymortests.sylvester" file="src/pymortests/sylvester.py" line="136" name="test_sylv_schur_W_E[2-1-100]" time="0.0004119873046875"><skipped message="Suite splitting in effect" type="pytest.skip">src/pymortests/sylvester.py:136: Suite splitting in effect</skipped></testcase><testcase classname="src.pymortests.sylvester" file="src/pymortests/sylvester.py" line="136" name="test_sylv_schur_W_E[2-1-1000]" time="0.0006895065307617188"><skipped message="Suite splitting in effect" type="pytest.skip">src/pymortests/sylvester.py:136: Suite splitting in effect</skipped></testcase><testcase classname="src.pymortests.sylvester" file="src/pymortests/sylvester.py" line="136" name="test_sylv_schur_W_E[2-10-100]" time="0.00043702125549316406"><skipped message="Suite splitting in effect" type="pytest.skip">src/pymortests/sylvester.py:136: Suite splitting in effect</skipped></testcase><testcase classname="src.pymortests.sylvester" file="src/pymortests/sylvester.py" line="136" name="test_sylv_schur_W_E[2-10-1000]" time="0.00040984153747558594"><skipped message="Suite splitting in effect" type="pytest.skip">src/pymortests/sylvester.py:136: Suite splitting in effect</skipped></testcase><testcase classname="src.pymortests.sylvester" file="src/pymortests/sylvester.py" line="136" name="test_sylv_schur_W_E[2-20-100]" time="0.0004322528839111328"><skipped message="Suite splitting in effect" type="pytest.skip">src/pymortests/sylvester.py:136: Suite splitting in effect</skipped></testcase><testcase classname="src.pymortests.sylvester" file="src/pymortests/sylvester.py" line="136" name="test_sylv_schur_W_E[2-20-1000]" time="0.0004181861877441406"><skipped message="Suite splitting in effect" type="pytest.skip">src/pymortests/sylvester.py:136: Suite splitting in effect</skipped></testcase><testcase classname="src.pymortests.to_matrix" file="src/pymortests/to_matrix.py" line="34" name="test_to_matrix_NumpyMatrixOperator" time="0.0004756450653076172"><skipped message="Suite splitting in effect" type="pytest.skip">src/pymortests/to_matrix.py:34: Suite splitting in effect</skipped></testcase><testcase classname="src.pymortests.to_matrix" file="src/pymortests/to_matrix.py" line="45" name="test_to_matrix_BlockOperator" time="0.0004239082336425781"><skipped message="Suite splitting in effect" type="pytest.skip">src/pymortests/to_matrix.py:45: Suite splitting in effect</skipped></testcase><testcase classname="src.pymortests.to_matrix" file="src/pymortests/to_matrix.py" line="68" name="test_to_matrix_BlockDiagonalOperator" time="0.0004215240478515625"><skipped message="Suite splitting in effect" type="pytest.skip">src/pymortests/to_matrix.py:68: Suite splitting in effect</skipped></testcase><testcase classname="src.pymortests.to_matrix" file="src/pymortests/to_matrix.py" line="86" name="test_to_matrix_AdjointOperator" time="0.0008449554443359375"><skipped message="Suite splitting in effect" type="pytest.skip">src/pymortests/to_matrix.py:86: Suite splitting in effect</skipped></testcase><testcase classname="src.pymortests.to_matrix" file="src/pymortests/to_matrix.py" line="127" name="test_to_matrix_ComponentProjection" time="0.0004210472106933594"><skipped message="Suite splitting in effect" type="pytest.skip">src/pymortests/to_matrix.py:127: Suite splitting in effect</skipped></testcase><testcase classname="src.pymortests.to_matrix" file="src/pymortests/to_matrix.py" line="138" name="test_to_matrix_Concatenation" time="0.0004246234893798828"><skipped message="Suite splitting in effect" type="pytest.skip">src/pymortests/to_matrix.py:138: Suite splitting in effect</skipped></testcase><testcase classname="src.pymortests.to_matrix" file="src/pymortests/to_matrix.py" line="165" name="test_to_matrix_IdentityOperator" time="0.00044035911560058594"><skipped message="Suite splitting in effect" type="pytest.skip">src/pymortests/to_matrix.py:165: Suite splitting in effect</skipped></testcase><testcase classname="src.pymortests.to_matrix" file="src/pymortests/to_matrix.py" line="173" name="test_to_matrix_LincombOperator" time="0.00043082237243652344"><skipped message="Suite splitting in effect" type="pytest.skip">src/pymortests/to_matrix.py:173: Suite splitting in effect</skipped></testcase><testcase classname="src.pymortests.to_matrix" file="src/pymortests/to_matrix.py" line="202" name="test_to_matrix_VectorArrayOperator" time="0.00041961669921875"><skipped message="Suite splitting in effect" type="pytest.skip">src/pymortests/to_matrix.py:202: Suite splitting in effect</skipped></testcase><testcase classname="src.pymortests.to_matrix" file="src/pymortests/to_matrix.py" line="214" name="test_to_matrix_ZeroOperator" time="0.00039386749267578125"><skipped message="Suite splitting in effect" type="pytest.skip">src/pymortests/to_matrix.py:214: Suite splitting in effect</skipped></testcase><testcase classname="src.pymortests.tools.TestGaussQuadrature" file="src/pymortests/tools.py" line="27" name="test_polynomials" time="0.0004937648773193359"><skipped message="Suite splitting in effect" type="pytest.skip">src/pymortests/tools.py:27: Suite splitting in effect</skipped></testcase><testcase classname="src.pymortests.tools.TestGaussQuadrature" file="src/pymortests/tools.py" line="38" name="test_other_functions" time="0.0007090568542480469"><skipped message="Suite splitting in effect" type="pytest.skip">src/pymortests/tools.py:38: Suite splitting in effect</skipped></testcase><testcase classname="src.pymortests.tools.TestGaussQuadrature" file="src/pymortests/tools.py" line="46" name="test_weights" time="0.0004127025604248047"><skipped message="Suite splitting in effect" type="pytest.skip">src/pymortests/tools.py:46: Suite splitting in effect</skipped></testcase><testcase classname="src.pymortests.tools.TestGaussQuadrature" file="src/pymortests/tools.py" line="51" name="test_points" time="0.0003952980041503906"><skipped message="Suite splitting in effect" type="pytest.skip">src/pymortests/tools.py:51: Suite splitting in effect</skipped></testcase><testcase classname="src.pymortests.tools.TestCmp" file="src/pymortests/tools.py" line="61" name="test_props" time="0.0004382133483886719"><skipped message="Suite splitting in effect" type="pytest.skip">src/pymortests/tools.py:61: Suite splitting in effect</skipped></testcase><testcase classname="src.pymortests.tools" file="src/pymortests/tools.py" line="87" name="test_vtkio[&lt;lambda&gt;0]" time="0.0004324913024902344"><skipped message="Suite splitting in effect" type="pytest.skip">src/pymortests/tools.py:87: Suite splitting in effect</skipped></testcase><testcase classname="src.pymortests.tools" file="src/pymortests/tools.py" line="87" name="test_vtkio[&lt;lambda&gt;1]" time="0.00040721893310546875"><skipped message="Suite splitting in effect" type="pytest.skip">src/pymortests/tools.py:87: Suite splitting in effect</skipped></testcase><testcase classname="src.pymortests.tools" file="src/pymortests/tools.py" line="87" name="test_vtkio[&lt;lambda&gt;2]" time="0.00042510032653808594"><skipped message="Suite splitting in effect" type="pytest.skip">src/pymortests/tools.py:87: Suite splitting in effect</skipped></testcase><testcase classname="src.pymortests.tools" file="src/pymortests/tools.py" line="87" name="test_vtkio[&lt;lambda&gt;3]" time="0.0003848075866699219"><skipped message="Suite splitting in effect" type="pytest.skip">src/pymortests/tools.py:87: Suite splitting in effect</skipped></testcase><testcase classname="src.pymortests.tools" file="src/pymortests/tools.py" line="87" name="test_vtkio[&lt;lambda&gt;4]" time="0.0006749629974365234"><skipped message="Suite splitting in effect" type="pytest.skip">src/pymortests/tools.py:87: Suite splitting in effect</skipped></testcase><testcase classname="src.pymortests.tools" file="src/pymortests/tools.py" line="87" name="test_vtkio[&lt;lambda&gt;5]" time="0.0003914833068847656"><skipped message="Suite splitting in effect" type="pytest.skip">src/pymortests/tools.py:87: Suite splitting in effect</skipped></testcase><testcase classname="src.pymortests.tools" file="src/pymortests/tools.py" line="87" name="test_vtkio[&lt;lambda&gt;6]" time="0.00040793418884277344"><skipped message="Suite splitting in effect" type="pytest.skip">src/pymortests/tools.py:87: Suite splitting in effect</skipped></testcase><testcase classname="src.pymortests.tools" file="src/pymortests/tools.py" line="87" name="test_vtkio[&lt;lambda&gt;7]" time="0.00039124488830566406"><skipped message="Suite splitting in effect" type="pytest.skip">src/pymortests/tools.py:87: Suite splitting in effect</skipped></testcase><testcase classname="src.pymortests.tools" file="src/pymortests/tools.py" line="87" name="test_vtkio[&lt;lambda&gt;8]" time="0.0003955364227294922"><skipped message="Suite splitting in effect" type="pytest.skip">src/pymortests/tools.py:87: Suite splitting in effect</skipped></testcase><testcase classname="src.pymortests.tools" file="src/pymortests/tools.py" line="87" name="test_vtkio[&lt;lambda&gt;9]" time="0.00039839744567871094"><skipped message="Suite splitting in effect" type="pytest.skip">src/pymortests/tools.py:87: Suite splitting in effect</skipped></testcase><testcase classname="src.pymortests.tools" file="src/pymortests/tools.py" line="87" name="test_vtkio[&lt;lambda&gt;10]" time="0.00039124488830566406"><skipped message="Suite splitting in effect" type="pytest.skip">src/pymortests/tools.py:87: Suite splitting in effect</skipped></testcase><testcase classname="src.pymortests.tools" file="src/pymortests/tools.py" line="87" name="test_vtkio[&lt;lambda&gt;11]" time="0.0004119873046875"><skipped message="Suite splitting in effect" type="pytest.skip">src/pymortests/tools.py:87: Suite splitting in effect</skipped></testcase><testcase classname="src.pymortests.tools" file="src/pymortests/tools.py" line="87" name="test_vtkio[&lt;lambda&gt;12]" time="0.0006871223449707031"><skipped message="Suite splitting in effect" type="pytest.skip">src/pymortests/tools.py:87: Suite splitting in effect</skipped></testcase><testcase classname="src.pymortests.tools" file="src/pymortests/tools.py" line="87" name="test_vtkio[&lt;lambda&gt;13]" time="0.0004119873046875"><skipped message="Suite splitting in effect" type="pytest.skip">src/pymortests/tools.py:87: Suite splitting in effect</skipped></testcase><testcase classname="src.pymortests.tools" file="src/pymortests/tools.py" line="87" name="test_vtkio[&lt;lambda&gt;14]" time="0.00038909912109375"><skipped message="Suite splitting in effect" type="pytest.skip">src/pymortests/tools.py:87: Suite splitting in effect</skipped></testcase><testcase classname="src.pymortests.tools" file="src/pymortests/tools.py" line="87" name="test_vtkio[&lt;lambda&gt;15]" time="0.00038886070251464844"><skipped message="Suite splitting in effect" type="pytest.skip">src/pymortests/tools.py:87: Suite splitting in effect</skipped></testcase><testcase classname="src.pymortests.tools" file="src/pymortests/tools.py" line="87" name="test_vtkio[&lt;lambda&gt;16]" time="0.00041794776916503906"><skipped message="Suite splitting in effect" type="pytest.skip">src/pymortests/tools.py:87: Suite splitting in effect</skipped></testcase><testcase classname="src.pymortests.tools" file="src/pymortests/tools.py" line="87" name="test_vtkio[&lt;lambda&gt;17]" time="0.0003902912139892578"><skipped message="Suite splitting in effect" type="pytest.skip">src/pymortests/tools.py:87: Suite splitting in effect</skipped></testcase><testcase classname="src.pymortests.tools" file="src/pymortests/tools.py" line="87" name="test_vtkio[&lt;lambda&gt;18]" time="0.0004184246063232422"><skipped message="Suite splitting in effect" type="pytest.skip">src/pymortests/tools.py:87: Suite splitting in effect</skipped></testcase><testcase classname="src.pymortests.tools" file="src/pymortests/tools.py" line="87" name="test_vtkio[&lt;lambda&gt;19]" time="0.00042128562927246094"><skipped message="Suite splitting in effect" type="pytest.skip">src/pymortests/tools.py:87: Suite splitting in effect</skipped></testcase><testcase classname="src.pymortests.tools" file="src/pymortests/tools.py" line="87" name="test_vtkio[&lt;lambda&gt;20]" time="0.0006558895111083984"><skipped message="Suite splitting in effect" type="pytest.skip">src/pymortests/tools.py:87: Suite splitting in effect</skipped></testcase><testcase classname="src.pymortests.tools" file="src/pymortests/tools.py" line="87" name="test_vtkio[&lt;lambda&gt;21]" time="0.0004324913024902344"><skipped message="Suite splitting in effect" type="pytest.skip">src/pymortests/tools.py:87: Suite splitting in effect</skipped></testcase><testcase classname="src.pymortests.tools" file="src/pymortests/tools.py" line="87" name="test_vtkio[&lt;lambda&gt;22]" time="0.00041222572326660156"><skipped message="Suite splitting in effect" type="pytest.skip">src/pymortests/tools.py:87: Suite splitting in effect</skipped></testcase><testcase classname="src.pymortests.tools" file="src/pymortests/tools.py" line="87" name="test_vtkio[&lt;lambda&gt;23]" time="0.00039124488830566406"><skipped message="Suite splitting in effect" type="pytest.skip">src/pymortests/tools.py:87: Suite splitting in effect</skipped></testcase><testcase classname="src.pymortests.tools.TestTiming" file="src/pymortests/tools.py" line="103" name="testTimingContext" time="0.00042366981506347656"><skipped message="Suite splitting in effect" type="pytest.skip">src/pymortests/tools.py:103: Suite splitting in effect</skipped></testcase><testcase classname="src.pymortests.tools.TestTiming" file="src/pymortests/tools.py" line="113" name="testTimingDecorator" time="0.00039386749267578125"><skipped message="Suite splitting in effect" type="pytest.skip">src/pymortests/tools.py:113: Suite splitting in effect</skipped></testcase><testcase classname="src.pymortests.tools.TestTiming" file="src/pymortests/tools.py" line="116" name="testTiming" time="0.00040602684020996094"><skipped message="Suite splitting in effect" type="pytest.skip">src/pymortests/tools.py:116: Suite splitting in effect</skipped></testcase><testcase classname="src.pymortests.tools" file="src/pymortests/tools.py" line="124" name="testDeprecated" time="0.0003905296325683594"><skipped message="Suite splitting in effect" type="pytest.skip">src/pymortests/tools.py:124: Suite splitting in effect</skipped></testcase><testcase classname="src.pymortests.vectorarray" file="src/pymortests/vectorarray.py" line="152" name="test_empty[0-&lt;lambda&gt;0]" time="0.0007174015045166016"><skipped message="Suite splitting in effect" type="pytest.skip">src/pymortests/vectorarray.py:152: Suite splitting in effect</skipped></testcase><testcase classname="src.pymortests.vectorarray" file="src/pymortests/vectorarray.py" line="152" name="test_empty[0-&lt;lambda&gt;1]" time="0.000408172607421875"><skipped message="Suite splitting in effect" type="pytest.skip">src/pymortests/vectorarray.py:152: Suite splitting in effect</skipped></testcase><testcase classname="src.pymortests.vectorarray" file="src/pymortests/vectorarray.py" line="152" name="test_empty[0-&lt;lambda&gt;2]" time="0.00039649009704589844"><skipped message="Suite splitting in effect" type="pytest.skip">src/pymortests/vectorarray.py:152: Suite splitting in effect</skipped></testcase><testcase classname="src.pymortests.vectorarray" file="src/pymortests/vectorarray.py" line="152" name="test_empty[0-&lt;lambda&gt;3]" time="0.0004029273986816406"><skipped message="Suite splitting in effect" type="pytest.skip">src/pymortests/vectorarray.py:152: Suite splitting in effect</skipped></testcase><testcase classname="src.pymortests.vectorarray" file="src/pymortests/vectorarray.py" line="152" name="test_empty[0-&lt;lambda&gt;4]" time="0.00041937828063964844"><skipped message="Suite splitting in effect" type="pytest.skip">src/pymortests/vectorarray.py:152: Suite splitting in effect</skipped></testcase><testcase classname="src.pymortests.vectorarray" file="src/pymortests/vectorarray.py" line="152" name="test_empty[0-&lt;lambda&gt;5]" time="0.0003998279571533203"><skipped message="Suite splitting in effect" type="pytest.skip">src/pymortests/vectorarray.py:152: Suite splitting in effect</skipped></testcase><testcase classname="src.pymortests.vectorarray" file="src/pymortests/vectorarray.py" line="152" name="test_empty[0-&lt;lambda&gt;6]" time="0.0003879070281982422"><skipped message="Suite splitting in effect" type="pytest.skip">src/pymortests/vectorarray.py:152: Suite splitting in effect</skipped></testcase><testcase classname="src.pymortests.vectorarray" file="src/pymortests/vectorarray.py" line="152" name="test_empty[0-&lt;lambda&gt;7]" time="0.00040984153747558594"><skipped message="Suite splitting in effect" type="pytest.skip">src/pymortests/vectorarray.py:152: Suite splitting in effect</skipped></testcase><testcase classname="src.pymortests.vectorarray" file="src/pymortests/vectorarray.py" line="152" name="test_empty[0-&lt;lambda&gt;8]" time="0.0006895065307617188"><skipped message="Suite splitting in effect" type="pytest.skip">src/pymortests/vectorarray.py:152: Suite splitting in effect</skipped></testcase><testcase classname="src.pymortests.vectorarray" file="src/pymortests/vectorarray.py" line="152" name="test_empty[0-&lt;lambda&gt;9]" time="0.00039958953857421875"><skipped message="Suite splitting in effect" type="pytest.skip">src/pymortests/vectorarray.py:152: Suite splitting in effect</skipped></testcase><testcase classname="src.pymortests.vectorarray" file="src/pymortests/vectorarray.py" line="152" name="test_empty[0-&lt;lambda&gt;10]" time="0.0004150867462158203"><skipped message="Suite splitting in effect" type="pytest.skip">src/pymortests/vectorarray.py:152: Suite splitting in effect</skipped></testcase><testcase classname="src.pymortests.vectorarray" file="src/pymortests/vectorarray.py" line="152" name="test_empty[0-&lt;lambda&gt;11]" time="0.0003914833068847656"><skipped message="Suite splitting in effect" type="pytest.skip">src/pymortests/vectorarray.py:152: Suite splitting in effect</skipped></testcase><testcase classname="src.pymortests.vectorarray" file="src/pymortests/vectorarray.py" line="152" name="test_empty[0-&lt;lambda&gt;12]" time="0.0004165172576904297"><skipped message="Suite splitting in effect" type="pytest.skip">src/pymortests/vectorarray.py:152: Suite splitting in effect</skipped></testcase><testcase classname="src.pymortests.vectorarray" file="src/pymortests/vectorarray.py" line="152" name="test_empty[0-&lt;lambda&gt;13]" time="0.0004067420959472656"><skipped message="Suite splitting in effect" type="pytest.skip">src/pymortests/vectorarray.py:152: Suite splitting in effect</skipped></testcase><testcase classname="src.pymortests.vectorarray" file="src/pymortests/vectorarray.py" line="152" name="test_empty[0-&lt;lambda&gt;14]" time="0.00042819976806640625"><skipped message="Suite splitting in effect" type="pytest.skip">src/pymortests/vectorarray.py:152: Suite splitting in effect</skipped></testcase><testcase classname="src.pymortests.vectorarray" file="src/pymortests/vectorarray.py" line="152" name="test_empty[0-&lt;lambda&gt;15]" time="0.0004138946533203125"><skipped message="Suite splitting in effect" type="pytest.skip">src/pymortests/vectorarray.py:152: Suite splitting in effect</skipped></testcase><testcase classname="src.pymortests.vectorarray" file="src/pymortests/vectorarray.py" line="152" name="test_empty[0-&lt;lambda&gt;16]" time="0.0006940364837646484"><skipped message="Suite splitting in effect" type="pytest.skip">src/pymortests/vectorarray.py:152: Suite splitting in effect</skipped></testcase><testcase classname="src.pymortests.vectorarray" file="src/pymortests/vectorarray.py" line="152" name="test_empty[0-&lt;lambda&gt;17]" time="0.00042057037353515625"><skipped message="Suite splitting in effect" type="pytest.skip">src/pymortests/vectorarray.py:152: Suite splitting in effect</skipped></testcase><testcase classname="src.pymortests.vectorarray" file="src/pymortests/vectorarray.py" line="152" name="test_empty[0-&lt;lambda&gt;18]" time="0.00041413307189941406"><skipped message="Suite splitting in effect" type="pytest.skip">src/pymortests/vectorarray.py:152: Suite splitting in effect</skipped></testcase><testcase classname="src.pymortests.vectorarray" file="src/pymortests/vectorarray.py" line="152" name="test_empty[0-&lt;lambda&gt;19]" time="0.00039315223693847656"><skipped message="Suite splitting in effect" type="pytest.skip">src/pymortests/vectorarray.py:152: Suite splitting in effect</skipped></testcase><testcase classname="src.pymortests.vectorarray" file="src/pymortests/vectorarray.py" line="152" name="test_empty[0-&lt;lambda&gt;20]" time="0.0004658699035644531"><skipped message="Suite splitting in effect" type="pytest.skip">src/pymortests/vectorarray.py:152: Suite splitting in effect</skipped></testcase><testcase classname="src.pymortests.vectorarray" file="src/pymortests/vectorarray.py" line="152" name="test_empty[0-&lt;lambda&gt;21]" time="0.0004458427429199219"><skipped message="Suite splitting in effect" type="pytest.skip">src/pymortests/vectorarray.py:152: Suite splitting in effect</skipped></testcase><testcase classname="src.pymortests.vectorarray" file="src/pymortests/vectorarray.py" line="152" name="test_empty[0-&lt;lambda&gt;22]" time="0.0004200935363769531"><skipped message="Suite splitting in effect" type="pytest.skip">src/pymortests/vectorarray.py:152: Suite splitting in effect</skipped></testcase><testcase classname="src.pymortests.vectorarray" file="src/pymortests/vectorarray.py" line="152" name="test_empty[0-&lt;lambda&gt;23]" time="0.00042438507080078125"><skipped message="Suite splitting in effect" type="pytest.skip">src/pymortests/vectorarray.py:152: Suite splitting in effect</skipped></testcase><testcase classname="src.pymortests.vectorarray" file="src/pymortests/vectorarray.py" line="152" name="test_empty[0-&lt;lambda&gt;24]" time="0.0006883144378662109"><skipped message="Suite splitting in effect" type="pytest.skip">src/pymortests/vectorarray.py:152: Suite splitting in effect</skipped></testcase><testcase classname="src.pymortests.vectorarray" file="src/pymortests/vectorarray.py" line="152" name="test_empty[0-&lt;lambda&gt;25]" time="0.0003910064697265625"><skipped message="Suite splitting in effect" type="pytest.skip">src/pymortests/vectorarray.py:152: Suite splitting in effect</skipped></testcase><testcase classname="src.pymortests.vectorarray" file="src/pymortests/vectorarray.py" line="152" name="test_empty[0-&lt;lambda&gt;26]" time="0.00041294097900390625"><skipped message="Suite splitting in effect" type="pytest.skip">src/pymortests/vectorarray.py:152: Suite splitting in effect</skipped></testcase><testcase classname="src.pymortests.vectorarray" file="src/pymortests/vectorarray.py" line="152" name="test_empty[1-&lt;lambda&gt;0]" time="0.00041985511779785156"><skipped message="Suite splitting in effect" type="pytest.skip">src/pymortests/vectorarray.py:152: Suite splitting in effect</skipped></testcase><testcase classname="src.pymortests.vectorarray" file="src/pymortests/vectorarray.py" line="152" name="test_empty[1-&lt;lambda&gt;1]" time="0.0003871917724609375"><skipped message="Suite splitting in effect" type="pytest.skip">src/pymortests/vectorarray.py:152: Suite splitting in effect</skipped></testcase><testcase classname="src.pymortests.vectorarray" file="src/pymortests/vectorarray.py" line="152" name="test_empty[1-&lt;lambda&gt;2]" time="0.0004227161407470703"><skipped message="Suite splitting in effect" type="pytest.skip">src/pymortests/vectorarray.py:152: Suite splitting in effect</skipped></testcase><testcase classname="src.pymortests.vectorarray" file="src/pymortests/vectorarray.py" line="152" name="test_empty[1-&lt;lambda&gt;3]" time="0.0003902912139892578"><skipped message="Suite splitting in effect" type="pytest.skip">src/pymortests/vectorarray.py:152: Suite splitting in effect</skipped></testcase><testcase classname="src.pymortests.vectorarray" file="src/pymortests/vectorarray.py" line="152" name="test_empty[1-&lt;lambda&gt;4]" time="0.00039005279541015625"><skipped message="Suite splitting in effect" type="pytest.skip">src/pymortests/vectorarray.py:152: Suite splitting in effect</skipped></testcase><testcase classname="src.pymortests.vectorarray" file="src/pymortests/vectorarray.py" line="152" name="test_empty[1-&lt;lambda&gt;5]" time="0.0006656646728515625"><skipped message="Suite splitting in effect" type="pytest.skip">src/pymortests/vectorarray.py:152: Suite splitting in effect</skipped></testcase><testcase classname="src.pymortests.vectorarray" file="src/pymortests/vectorarray.py" line="152" name="test_empty[1-&lt;lambda&gt;6]" time="0.0004131793975830078"><skipped message="Suite splitting in effect" type="pytest.skip">src/pymortests/vectorarray.py:152: Suite splitting in effect</skipped></testcase><testcase classname="src.pymortests.vectorarray" file="src/pymortests/vectorarray.py" line="152" name="test_empty[1-&lt;lambda&gt;7]" time="0.0004105567932128906"><skipped message="Suite splitting in effect" type="pytest.skip">src/pymortests/vectorarray.py:152: Suite splitting in effect</skipped></testcase><testcase classname="src.pymortests.vectorarray" file="src/pymortests/vectorarray.py" line="152" name="test_empty[1-&lt;lambda&gt;8]" time="0.0003952980041503906"><skipped message="Suite splitting in effect" type="pytest.skip">src/pymortests/vectorarray.py:152: Suite splitting in effect</skipped></testcase><testcase classname="src.pymortests.vectorarray" file="src/pymortests/vectorarray.py" line="152" name="test_empty[1-&lt;lambda&gt;9]" time="0.00038814544677734375"><skipped message="Suite splitting in effect" type="pytest.skip">src/pymortests/vectorarray.py:152: Suite splitting in effect</skipped></testcase><testcase classname="src.pymortests.vectorarray" file="src/pymortests/vectorarray.py" line="152" name="test_empty[1-&lt;lambda&gt;10]" time="0.0004448890686035156"><skipped message="Suite splitting in effect" type="pytest.skip">src/pymortests/vectorarray.py:152: Suite splitting in effect</skipped></testcase><testcase classname="src.pymortests.vectorarray" file="src/pymortests/vectorarray.py" line="152" name="test_empty[1-&lt;lambda&gt;11]" time="0.0004401206970214844"><skipped message="Suite splitting in effect" type="pytest.skip">src/pymortests/vectorarray.py:152: Suite splitting in effect</skipped></testcase><testcase classname="src.pymortests.vectorarray" file="src/pymortests/vectorarray.py" line="152" name="test_empty[1-&lt;lambda&gt;12]" time="0.0004525184631347656"><skipped message="Suite splitting in effect" type="pytest.skip">src/pymortests/vectorarray.py:152: Suite splitting in effect</skipped></testcase><testcase classname="src.pymortests.vectorarray" file="src/pymortests/vectorarray.py" line="152" name="test_empty[1-&lt;lambda&gt;13]" time="0.0006506443023681641"><skipped message="Suite splitting in effect" type="pytest.skip">src/pymortests/vectorarray.py:152: Suite splitting in effect</skipped></testcase><testcase classname="src.pymortests.vectorarray" file="src/pymortests/vectorarray.py" line="152" name="test_empty[1-&lt;lambda&gt;14]" time="0.0004134178161621094"><skipped message="Suite splitting in effect" type="pytest.skip">src/pymortests/vectorarray.py:152: Suite splitting in effect</skipped></testcase><testcase classname="src.pymortests.vectorarray" file="src/pymortests/vectorarray.py" line="152" name="test_empty[1-&lt;lambda&gt;15]" time="0.0004150867462158203"><skipped message="Suite splitting in effect" type="pytest.skip">src/pymortests/vectorarray.py:152: Suite splitting in effect</skipped></testcase><testcase classname="src.pymortests.vectorarray" file="src/pymortests/vectorarray.py" line="152" name="test_empty[1-&lt;lambda&gt;16]" time="0.00040984153747558594"><skipped message="Suite splitting in effect" type="pytest.skip">src/pymortests/vectorarray.py:152: Suite splitting in effect</skipped></testcase><testcase classname="src.pymortests.vectorarray" file="src/pymortests/vectorarray.py" line="152" name="test_empty[1-&lt;lambda&gt;17]" time="0.0004138946533203125"><skipped message="Suite splitting in effect" type="pytest.skip">src/pymortests/vectorarray.py:152: Suite splitting in effect</skipped></testcase><testcase classname="src.pymortests.vectorarray" file="src/pymortests/vectorarray.py" line="152" name="test_empty[1-&lt;lambda&gt;18]" time="0.0004012584686279297"><skipped message="Suite splitting in effect" type="pytest.skip">src/pymortests/vectorarray.py:152: Suite splitting in effect</skipped></testcase><testcase classname="src.pymortests.vectorarray" file="src/pymortests/vectorarray.py" line="152" name="test_empty[1-&lt;lambda&gt;19]" time="0.0004153251647949219"><skipped message="Suite splitting in effect" type="pytest.skip">src/pymortests/vectorarray.py:152: Suite splitting in effect</skipped></testcase><testcase classname="src.pymortests.vectorarray" file="src/pymortests/vectorarray.py" line="152" name="test_empty[1-&lt;lambda&gt;20]" time="0.000392913818359375"><skipped message="Suite splitting in effect" type="pytest.skip">src/pymortests/vectorarray.py:152: Suite splitting in effect</skipped></testcase><testcase classname="src.pymortests.vectorarray" file="src/pymortests/vectorarray.py" line="152" name="test_empty[1-&lt;lambda&gt;21]" time="0.0006549358367919922"><skipped message="Suite splitting in effect" type="pytest.skip">src/pymortests/vectorarray.py:152: Suite splitting in effect</skipped></testcase><testcase classname="src.pymortests.vectorarray" file="src/pymortests/vectorarray.py" line="152" name="test_empty[1-&lt;lambda&gt;22]" time="0.0004162788391113281"><skipped message="Suite splitting in effect" type="pytest.skip">src/pymortests/vectorarray.py:152: Suite splitting in effect</skipped></testcase><testcase classname="src.pymortests.vectorarray" file="src/pymortests/vectorarray.py" line="152" name="test_empty[1-&lt;lambda&gt;23]" time="0.0004127025604248047"><skipped message="Suite splitting in effect" type="pytest.skip">src/pymortests/vectorarray.py:152: Suite splitting in effect</skipped></testcase><testcase classname="src.pymortests.vectorarray" file="src/pymortests/vectorarray.py" line="152" name="test_empty[1-&lt;lambda&gt;24]" time="0.0003876686096191406"><skipped message="Suite splitting in effect" type="pytest.skip">src/pymortests/vectorarray.py:152: Suite splitting in effect</skipped></testcase><testcase classname="src.pymortests.vectorarray" file="src/pymortests/vectorarray.py" line="152" name="test_empty[1-&lt;lambda&gt;25]" time="0.0004177093505859375"><skipped message="Suite splitting in effect" type="pytest.skip">src/pymortests/vectorarray.py:152: Suite splitting in effect</skipped></testcase><testcase classname="src.pymortests.vectorarray" file="src/pymortests/vectorarray.py" line="152" name="test_empty[1-&lt;lambda&gt;26]" time="0.00039458274841308594"><skipped message="Suite splitting in effect" type="pytest.skip">src/pymortests/vectorarray.py:152: Suite splitting in effect</skipped></testcase><testcase classname="src.pymortests.vectorarray" file="src/pymortests/vectorarray.py" line="152" name="test_empty[2-&lt;lambda&gt;0]" time="0.00041031837463378906"><skipped message="Suite splitting in effect" type="pytest.skip">src/pymortests/vectorarray.py:152: Suite splitting in effect</skipped></testcase><testcase classname="src.pymortests.vectorarray" file="src/pymortests/vectorarray.py" line="152" name="test_empty[2-&lt;lambda&gt;1]" time="0.00039696693420410156"><skipped message="Suite splitting in effect" type="pytest.skip">src/pymortests/vectorarray.py:152: Suite splitting in effect</skipped></testcase><testcase classname="src.pymortests.vectorarray" file="src/pymortests/vectorarray.py" line="152" name="test_empty[2-&lt;lambda&gt;2]" time="0.0008525848388671875"><skipped message="Suite splitting in effect" type="pytest.skip">src/pymortests/vectorarray.py:152: Suite splitting in effect</skipped></testcase><testcase classname="src.pymortests.vectorarray" file="src/pymortests/vectorarray.py" line="152" name="test_empty[2-&lt;lambda&gt;3]" time="0.0004162788391113281"><skipped message="Suite splitting in effect" type="pytest.skip">src/pymortests/vectorarray.py:152: Suite splitting in effect</skipped></testcase><testcase classname="src.pymortests.vectorarray" file="src/pymortests/vectorarray.py" line="152" name="test_empty[2-&lt;lambda&gt;4]" time="0.00042557716369628906"><skipped message="Suite splitting in effect" type="pytest.skip">src/pymortests/vectorarray.py:152: Suite splitting in effect</skipped></testcase><testcase classname="src.pymortests.vectorarray" file="src/pymortests/vectorarray.py" line="152" name="test_empty[2-&lt;lambda&gt;5]" time="0.0003936290740966797"><skipped message="Suite splitting in effect" type="pytest.skip">src/pymortests/vectorarray.py:152: Suite splitting in effect</skipped></testcase><testcase classname="src.pymortests.vectorarray" file="src/pymortests/vectorarray.py" line="152" name="test_empty[2-&lt;lambda&gt;6]" time="0.0003871917724609375"><skipped message="Suite splitting in effect" type="pytest.skip">src/pymortests/vectorarray.py:152: Suite splitting in effect</skipped></testcase><testcase classname="src.pymortests.vectorarray" file="src/pymortests/vectorarray.py" line="152" name="test_empty[2-&lt;lambda&gt;7]" time="0.0004096031188964844"><skipped message="Suite splitting in effect" type="pytest.skip">src/pymortests/vectorarray.py:152: Suite splitting in effect</skipped></testcase><testcase classname="src.pymortests.vectorarray" file="src/pymortests/vectorarray.py" line="152" name="test_empty[2-&lt;lambda&gt;8]" time="0.0003879070281982422"><skipped message="Suite splitting in effect" type="pytest.skip">src/pymortests/vectorarray.py:152: Suite splitting in effect</skipped></testcase><testcase classname="src.pymortests.vectorarray" file="src/pymortests/vectorarray.py" line="152" name="test_empty[2-&lt;lambda&gt;9]" time="0.0004181861877441406"><skipped message="Suite splitting in effect" type="pytest.skip">src/pymortests/vectorarray.py:152: Suite splitting in effect</skipped></testcase><testcase classname="src.pymortests.vectorarray" file="src/pymortests/vectorarray.py" line="152" name="test_empty[2-&lt;lambda&gt;10]" time="0.0006768703460693359"><skipped message="Suite splitting in effect" type="pytest.skip">src/pymortests/vectorarray.py:152: Suite splitting in effect</skipped></testcase><testcase classname="src.pymortests.vectorarray" file="src/pymortests/vectorarray.py" line="152" name="test_empty[2-&lt;lambda&gt;11]" time="0.00038361549377441406"><skipped message="Suite splitting in effect" type="pytest.skip">src/pymortests/vectorarray.py:152: Suite splitting in effect</skipped></testcase><testcase classname="src.pymortests.vectorarray" file="src/pymortests/vectorarray.py" line="152" name="test_empty[2-&lt;lambda&gt;12]" time="0.00043845176696777344"><skipped message="Suite splitting in effect" type="pytest.skip">src/pymortests/vectorarray.py:152: Suite splitting in effect</skipped></testcase><testcase classname="src.pymortests.vectorarray" file="src/pymortests/vectorarray.py" line="152" name="test_empty[2-&lt;lambda&gt;13]" time="0.0004153251647949219"><skipped message="Suite splitting in effect" type="pytest.skip">src/pymortests/vectorarray.py:152: Suite splitting in effect</skipped></testcase><testcase classname="src.pymortests.vectorarray" file="src/pymortests/vectorarray.py" line="152" name="test_empty[2-&lt;lambda&gt;14]" time="0.00038623809814453125"><skipped message="Suite splitting in effect" type="pytest.skip">src/pymortests/vectorarray.py:152: Suite splitting in effect</skipped></testcase><testcase classname="src.pymortests.vectorarray" file="src/pymortests/vectorarray.py" line="152" name="test_empty[2-&lt;lambda&gt;15]" time="0.0003859996795654297"><skipped message="Suite splitting in effect" type="pytest.skip">src/pymortests/vectorarray.py:152: Suite splitting in effect</skipped></testcase><testcase classname="src.pymortests.vectorarray" file="src/pymortests/vectorarray.py" line="152" name="test_empty[2-&lt;lambda&gt;16]" time="0.0003864765167236328"><skipped message="Suite splitting in effect" type="pytest.skip">src/pymortests/vectorarray.py:152: Suite splitting in effect</skipped></testcase><testcase classname="src.pymortests.vectorarray" file="src/pymortests/vectorarray.py" line="152" name="test_empty[2-&lt;lambda&gt;17]" time="0.0004169940948486328"><skipped message="Suite splitting in effect" type="pytest.skip">src/pymortests/vectorarray.py:152: Suite splitting in effect</skipped></testcase><testcase classname="src.pymortests.vectorarray" file="src/pymortests/vectorarray.py" line="152" name="test_empty[2-&lt;lambda&gt;18]" time="0.0006673336029052734"><skipped message="Suite splitting in effect" type="pytest.skip">src/pymortests/vectorarray.py:152: Suite splitting in effect</skipped></testcase><testcase classname="src.pymortests.vectorarray" file="src/pymortests/vectorarray.py" line="152" name="test_empty[2-&lt;lambda&gt;19]" time="0.00038814544677734375"><skipped message="Suite splitting in effect" type="pytest.skip">src/pymortests/vectorarray.py:152: Suite splitting in effect</skipped></testcase><testcase classname="src.pymortests.vectorarray" file="src/pymortests/vectorarray.py" line="152" name="test_empty[2-&lt;lambda&gt;20]" time="0.00039505958557128906"><skipped message="Suite splitting in effect" type="pytest.skip">src/pymortests/vectorarray.py:152: Suite splitting in effect</skipped></testcase><testcase classname="src.pymortests.vectorarray" file="src/pymortests/vectorarray.py" line="152" name="test_empty[2-&lt;lambda&gt;21]" time="0.00044918060302734375"><skipped message="Suite splitting in effect" type="pytest.skip">src/pymortests/vectorarray.py:152: Suite splitting in effect</skipped></testcase><testcase classname="src.pymortests.vectorarray" file="src/pymortests/vectorarray.py" line="152" name="test_empty[2-&lt;lambda&gt;22]" time="0.0004127025604248047"><skipped message="Suite splitting in effect" type="pytest.skip">src/pymortests/vectorarray.py:152: Suite splitting in effect</skipped></testcase><testcase classname="src.pymortests.vectorarray" file="src/pymortests/vectorarray.py" line="152" name="test_empty[2-&lt;lambda&gt;23]" time="0.00039768218994140625"><skipped message="Suite splitting in effect" type="pytest.skip">src/pymortests/vectorarray.py:152: Suite splitting in effect</skipped></testcase><testcase classname="src.pymortests.vectorarray" file="src/pymortests/vectorarray.py" line="152" name="test_empty[2-&lt;lambda&gt;24]" time="0.0003864765167236328"><skipped message="Suite splitting in effect" type="pytest.skip">src/pymortests/vectorarray.py:152: Suite splitting in effect</skipped></testcase><testcase classname="src.pymortests.vectorarray" file="src/pymortests/vectorarray.py" line="152" name="test_empty[2-&lt;lambda&gt;25]" time="0.00039768218994140625"><skipped message="Suite splitting in effect" type="pytest.skip">src/pymortests/vectorarray.py:152: Suite splitting in effect</skipped></testcase><testcase classname="src.pymortests.vectorarray" file="src/pymortests/vectorarray.py" line="152" name="test_empty[2-&lt;lambda&gt;26]" time="0.0006966590881347656"><skipped message="Suite splitting in effect" type="pytest.skip">src/pymortests/vectorarray.py:152: Suite splitting in effect</skipped></testcase><testcase classname="src.pymortests.vectorarray" file="src/pymortests/vectorarray.py" line="165" name="test_zeros[0-&lt;lambda&gt;0]" time="0.0003905296325683594"><skipped message="Suite splitting in effect" type="pytest.skip">src/pymortests/vectorarray.py:165: Suite splitting in effect</skipped></testcase><testcase classname="src.pymortests.vectorarray" file="src/pymortests/vectorarray.py" line="165" name="test_zeros[0-&lt;lambda&gt;1]" time="0.00039267539978027344"><skipped message="Suite splitting in effect" type="pytest.skip">src/pymortests/vectorarray.py:165: Suite splitting in effect</skipped></testcase><testcase classname="src.pymortests.vectorarray" file="src/pymortests/vectorarray.py" line="165" name="test_zeros[0-&lt;lambda&gt;2]" time="0.00038909912109375"><skipped message="Suite splitting in effect" type="pytest.skip">src/pymortests/vectorarray.py:165: Suite splitting in effect</skipped></testcase><testcase classname="src.pymortests.vectorarray" file="src/pymortests/vectorarray.py" line="165" name="test_zeros[0-&lt;lambda&gt;3]" time="0.0004279613494873047"><skipped message="Suite splitting in effect" type="pytest.skip">src/pymortests/vectorarray.py:165: Suite splitting in effect</skipped></testcase><testcase classname="src.pymortests.vectorarray" file="src/pymortests/vectorarray.py" line="165" name="test_zeros[0-&lt;lambda&gt;4]" time="0.00041747093200683594"><skipped message="Suite splitting in effect" type="pytest.skip">src/pymortests/vectorarray.py:165: Suite splitting in effect</skipped></testcase><testcase classname="src.pymortests.vectorarray" file="src/pymortests/vectorarray.py" line="165" name="test_zeros[0-&lt;lambda&gt;5]" time="0.0003986358642578125"><skipped message="Suite splitting in effect" type="pytest.skip">src/pymortests/vectorarray.py:165: Suite splitting in effect</skipped></testcase><testcase classname="src.pymortests.vectorarray" file="src/pymortests/vectorarray.py" line="165" name="test_zeros[0-&lt;lambda&gt;6]" time="0.0003986358642578125"><skipped message="Suite splitting in effect" type="pytest.skip">src/pymortests/vectorarray.py:165: Suite splitting in effect</skipped></testcase><testcase classname="src.pymortests.vectorarray" file="src/pymortests/vectorarray.py" line="165" name="test_zeros[0-&lt;lambda&gt;7]" time="0.0006430149078369141"><skipped message="Suite splitting in effect" type="pytest.skip">src/pymortests/vectorarray.py:165: Suite splitting in effect</skipped></testcase><testcase classname="src.pymortests.vectorarray" file="src/pymortests/vectorarray.py" line="165" name="test_zeros[0-&lt;lambda&gt;8]" time="0.0004296302795410156"><skipped message="Suite splitting in effect" type="pytest.skip">src/pymortests/vectorarray.py:165: Suite splitting in effect</skipped></testcase><testcase classname="src.pymortests.vectorarray" file="src/pymortests/vectorarray.py" line="165" name="test_zeros[0-&lt;lambda&gt;9]" time="0.000385284423828125"><skipped message="Suite splitting in effect" type="pytest.skip">src/pymortests/vectorarray.py:165: Suite splitting in effect</skipped></testcase><testcase classname="src.pymortests.vectorarray" file="src/pymortests/vectorarray.py" line="165" name="test_zeros[0-&lt;lambda&gt;10]" time="0.0004165172576904297"><skipped message="Suite splitting in effect" type="pytest.skip">src/pymortests/vectorarray.py:165: Suite splitting in effect</skipped></testcase><testcase classname="src.pymortests.vectorarray" file="src/pymortests/vectorarray.py" line="165" name="test_zeros[0-&lt;lambda&gt;11]" time="0.0003895759582519531"><skipped message="Suite splitting in effect" type="pytest.skip">src/pymortests/vectorarray.py:165: Suite splitting in effect</skipped></testcase><testcase classname="src.pymortests.vectorarray" file="src/pymortests/vectorarray.py" line="165" name="test_zeros[0-&lt;lambda&gt;12]" time="0.00039005279541015625"><skipped message="Suite splitting in effect" type="pytest.skip">src/pymortests/vectorarray.py:165: Suite splitting in effect</skipped></testcase><testcase classname="src.pymortests.vectorarray" file="src/pymortests/vectorarray.py" line="165" name="test_zeros[0-&lt;lambda&gt;13]" time="0.00038933753967285156"><skipped message="Suite splitting in effect" type="pytest.skip">src/pymortests/vectorarray.py:165: Suite splitting in effect</skipped></testcase><testcase classname="src.pymortests.vectorarray" file="src/pymortests/vectorarray.py" line="165" name="test_zeros[0-&lt;lambda&gt;14]" time="0.0004329681396484375"><skipped message="Suite splitting in effect" type="pytest.skip">src/pymortests/vectorarray.py:165: Suite splitting in effect</skipped></testcase><testcase classname="src.pymortests.vectorarray" file="src/pymortests/vectorarray.py" line="165" name="test_zeros[0-&lt;lambda&gt;15]" time="0.0006527900695800781"><skipped message="Suite splitting in effect" type="pytest.skip">src/pymortests/vectorarray.py:165: Suite splitting in effect</skipped></testcase><testcase classname="src.pymortests.vectorarray" file="src/pymortests/vectorarray.py" line="165" name="test_zeros[0-&lt;lambda&gt;16]" time="0.0004334449768066406"><skipped message="Suite splitting in effect" type="pytest.skip">src/pymortests/vectorarray.py:165: Suite splitting in effect</skipped></testcase><testcase classname="src.pymortests.vectorarray" file="src/pymortests/vectorarray.py" line="165" name="test_zeros[0-&lt;lambda&gt;17]" time="0.00039267539978027344"><skipped message="Suite splitting in effect" type="pytest.skip">src/pymortests/vectorarray.py:165: Suite splitting in effect</skipped></testcase><testcase classname="src.pymortests.vectorarray" file="src/pymortests/vectorarray.py" line="165" name="test_zeros[0-&lt;lambda&gt;18]" time="0.00042247772216796875"><skipped message="Suite splitting in effect" type="pytest.skip">src/pymortests/vectorarray.py:165: Suite splitting in effect</skipped></testcase><testcase classname="src.pymortests.vectorarray" file="src/pymortests/vectorarray.py" line="165" name="test_zeros[0-&lt;lambda&gt;19]" time="0.0004410743713378906"><skipped message="Suite splitting in effect" type="pytest.skip">src/pymortests/vectorarray.py:165: Suite splitting in effect</skipped></testcase><testcase classname="src.pymortests.vectorarray" file="src/pymortests/vectorarray.py" line="165" name="test_zeros[0-&lt;lambda&gt;20]" time="0.00039649009704589844"><skipped message="Suite splitting in effect" type="pytest.skip">src/pymortests/vectorarray.py:165: Suite splitting in effect</skipped></testcase><testcase classname="src.pymortests.vectorarray" file="src/pymortests/vectorarray.py" line="165" name="test_zeros[0-&lt;lambda&gt;21]" time="0.00039196014404296875"><skipped message="Suite splitting in effect" type="pytest.skip">src/pymortests/vectorarray.py:165: Suite splitting in effect</skipped></testcase><testcase classname="src.pymortests.vectorarray" file="src/pymortests/vectorarray.py" line="165" name="test_zeros[0-&lt;lambda&gt;22]" time="0.0003936290740966797"><skipped message="Suite splitting in effect" type="pytest.skip">src/pymortests/vectorarray.py:165: Suite splitting in effect</skipped></testcase><testcase classname="src.pymortests.vectorarray" file="src/pymortests/vectorarray.py" line="165" name="test_zeros[0-&lt;lambda&gt;23]" time="0.0006906986236572266"><skipped message="Suite splitting in effect" type="pytest.skip">src/pymortests/vectorarray.py:165: Suite splitting in effect</skipped></testcase><testcase classname="src.pymortests.vectorarray" file="src/pymortests/vectorarray.py" line="165" name="test_zeros[0-&lt;lambda&gt;24]" time="0.00040602684020996094"><skipped message="Suite splitting in effect" type="pytest.skip">src/pymortests/vectorarray.py:165: Suite splitting in effect</skipped></testcase><testcase classname="src.pymortests.vectorarray" file="src/pymortests/vectorarray.py" line="165" name="test_zeros[0-&lt;lambda&gt;25]" time="0.0003864765167236328"><skipped message="Suite splitting in effect" type="pytest.skip">src/pymortests/vectorarray.py:165: Suite splitting in effect</skipped></testcase><testcase classname="src.pymortests.vectorarray" file="src/pymortests/vectorarray.py" line="165" name="test_zeros[0-&lt;lambda&gt;26]" time="0.0004229545593261719"><skipped message="Suite splitting in effect" type="pytest.skip">src/pymortests/vectorarray.py:165: Suite splitting in effect</skipped></testcase><testcase classname="src.pymortests.vectorarray" file="src/pymortests/vectorarray.py" line="165" name="test_zeros[1-&lt;lambda&gt;0]" time="0.0004172325134277344"><skipped message="Suite splitting in effect" type="pytest.skip">src/pymortests/vectorarray.py:165: Suite splitting in effect</skipped></testcase><testcase classname="src.pymortests.vectorarray" file="src/pymortests/vectorarray.py" line="165" name="test_zeros[1-&lt;lambda&gt;1]" time="0.00041747093200683594"><skipped message="Suite splitting in effect" type="pytest.skip">src/pymortests/vectorarray.py:165: Suite splitting in effect</skipped></testcase><testcase classname="src.pymortests.vectorarray" file="src/pymortests/vectorarray.py" line="165" name="test_zeros[1-&lt;lambda&gt;2]" time="0.0003871917724609375"><skipped message="Suite splitting in effect" type="pytest.skip">src/pymortests/vectorarray.py:165: Suite splitting in effect</skipped></testcase><testcase classname="src.pymortests.vectorarray" file="src/pymortests/vectorarray.py" line="165" name="test_zeros[1-&lt;lambda&gt;3]" time="0.00038743019104003906"><skipped message="Suite splitting in effect" type="pytest.skip">src/pymortests/vectorarray.py:165: Suite splitting in effect</skipped></testcase><testcase classname="src.pymortests.vectorarray" file="src/pymortests/vectorarray.py" line="165" name="test_zeros[1-&lt;lambda&gt;4]" time="0.0006449222564697266"><skipped message="Suite splitting in effect" type="pytest.skip">src/pymortests/vectorarray.py:165: Suite splitting in effect</skipped></testcase><testcase classname="src.pymortests.vectorarray" file="src/pymortests/vectorarray.py" line="165" name="test_zeros[1-&lt;lambda&gt;5]" time="0.0004227161407470703"><skipped message="Suite splitting in effect" type="pytest.skip">src/pymortests/vectorarray.py:165: Suite splitting in effect</skipped></testcase><testcase classname="src.pymortests.vectorarray" file="src/pymortests/vectorarray.py" line="165" name="test_zeros[1-&lt;lambda&gt;6]" time="0.0003948211669921875"><skipped message="Suite splitting in effect" type="pytest.skip">src/pymortests/vectorarray.py:165: Suite splitting in effect</skipped></testcase><testcase classname="src.pymortests.vectorarray" file="src/pymortests/vectorarray.py" line="165" name="test_zeros[1-&lt;lambda&gt;7]" time="0.0003871917724609375"><skipped message="Suite splitting in effect" type="pytest.skip">src/pymortests/vectorarray.py:165: Suite splitting in effect</skipped></testcase><testcase classname="src.pymortests.vectorarray" file="src/pymortests/vectorarray.py" line="165" name="test_zeros[1-&lt;lambda&gt;8]" time="0.0004165172576904297"><skipped message="Suite splitting in effect" type="pytest.skip">src/pymortests/vectorarray.py:165: Suite splitting in effect</skipped></testcase><testcase classname="src.pymortests.vectorarray" file="src/pymortests/vectorarray.py" line="165" name="test_zeros[1-&lt;lambda&gt;9]" time="0.0004162788391113281"><skipped message="Suite splitting in effect" type="pytest.skip">src/pymortests/vectorarray.py:165: Suite splitting in effect</skipped></testcase><testcase classname="src.pymortests.vectorarray" file="src/pymortests/vectorarray.py" line="165" name="test_zeros[1-&lt;lambda&gt;10]" time="0.00041484832763671875"><skipped message="Suite splitting in effect" type="pytest.skip">src/pymortests/vectorarray.py:165: Suite splitting in effect</skipped></testcase><testcase classname="src.pymortests.vectorarray" file="src/pymortests/vectorarray.py" line="165" name="test_zeros[1-&lt;lambda&gt;11]" time="0.000453948974609375"><skipped message="Suite splitting in effect" type="pytest.skip">src/pymortests/vectorarray.py:165: Suite splitting in effect</skipped></testcase><testcase classname="src.pymortests.vectorarray" file="src/pymortests/vectorarray.py" line="165" name="test_zeros[1-&lt;lambda&gt;12]" time="0.0006687641143798828"><skipped message="Suite splitting in effect" type="pytest.skip">src/pymortests/vectorarray.py:165: Suite splitting in effect</skipped></testcase><testcase classname="src.pymortests.vectorarray" file="src/pymortests/vectorarray.py" line="165" name="test_zeros[1-&lt;lambda&gt;13]" time="0.00039005279541015625"><skipped message="Suite splitting in effect" type="pytest.skip">src/pymortests/vectorarray.py:165: Suite splitting in effect</skipped></testcase><testcase classname="src.pymortests.vectorarray" file="src/pymortests/vectorarray.py" line="165" name="test_zeros[1-&lt;lambda&gt;14]" time="0.0003886222839355469"><skipped message="Suite splitting in effect" type="pytest.skip">src/pymortests/vectorarray.py:165: Suite splitting in effect</skipped></testcase><testcase classname="src.pymortests.vectorarray" file="src/pymortests/vectorarray.py" line="165" name="test_zeros[1-&lt;lambda&gt;15]" time="0.00042366981506347656"><skipped message="Suite splitting in effect" type="pytest.skip">src/pymortests/vectorarray.py:165: Suite splitting in effect</skipped></testcase><testcase classname="src.pymortests.vectorarray" file="src/pymortests/vectorarray.py" line="165" name="test_zeros[1-&lt;lambda&gt;16]" time="0.0003962516784667969"><skipped message="Suite splitting in effect" type="pytest.skip">src/pymortests/vectorarray.py:165: Suite splitting in effect</skipped></testcase><testcase classname="src.pymortests.vectorarray" file="src/pymortests/vectorarray.py" line="165" name="test_zeros[1-&lt;lambda&gt;17]" time="0.00041294097900390625"><skipped message="Suite splitting in effect" type="pytest.skip">src/pymortests/vectorarray.py:165: Suite splitting in effect</skipped></testcase><testcase classname="src.pymortests.vectorarray" file="src/pymortests/vectorarray.py" line="165" name="test_zeros[1-&lt;lambda&gt;18]" time="0.0004405975341796875"><skipped message="Suite splitting in effect" type="pytest.skip">src/pymortests/vectorarray.py:165: Suite splitting in effect</skipped></testcase><testcase classname="src.pymortests.vectorarray" file="src/pymortests/vectorarray.py" line="165" name="test_zeros[1-&lt;lambda&gt;19]" time="0.0003924369812011719"><skipped message="Suite splitting in effect" type="pytest.skip">src/pymortests/vectorarray.py:165: Suite splitting in effect</skipped></testcase><testcase classname="src.pymortests.vectorarray" file="src/pymortests/vectorarray.py" line="165" name="test_zeros[1-&lt;lambda&gt;20]" time="0.000667572021484375"><skipped message="Suite splitting in effect" type="pytest.skip">src/pymortests/vectorarray.py:165: Suite splitting in effect</skipped></testcase><testcase classname="src.pymortests.vectorarray" file="src/pymortests/vectorarray.py" line="165" name="test_zeros[1-&lt;lambda&gt;21]" time="0.00044226646423339844"><skipped message="Suite splitting in effect" type="pytest.skip">src/pymortests/vectorarray.py:165: Suite splitting in effect</skipped></testcase><testcase classname="src.pymortests.vectorarray" file="src/pymortests/vectorarray.py" line="165" name="test_zeros[1-&lt;lambda&gt;22]" time="0.00040721893310546875"><skipped message="Suite splitting in effect" type="pytest.skip">src/pymortests/vectorarray.py:165: Suite splitting in effect</skipped></testcase><testcase classname="src.pymortests.vectorarray" file="src/pymortests/vectorarray.py" line="165" name="test_zeros[1-&lt;lambda&gt;23]" time="0.00038933753967285156"><skipped message="Suite splitting in effect" type="pytest.skip">src/pymortests/vectorarray.py:165: Suite splitting in effect</skipped></testcase><testcase classname="src.pymortests.vectorarray" file="src/pymortests/vectorarray.py" line="165" name="test_zeros[1-&lt;lambda&gt;24]" time="0.000392913818359375"><skipped message="Suite splitting in effect" type="pytest.skip">src/pymortests/vectorarray.py:165: Suite splitting in effect</skipped></testcase><testcase classname="src.pymortests.vectorarray" file="src/pymortests/vectorarray.py" line="165" name="test_zeros[1-&lt;lambda&gt;25]" time="0.00038743019104003906"><skipped message="Suite splitting in effect" type="pytest.skip">src/pymortests/vectorarray.py:165: Suite splitting in effect</skipped></testcase><testcase classname="src.pymortests.vectorarray" file="src/pymortests/vectorarray.py" line="165" name="test_zeros[1-&lt;lambda&gt;26]" time="0.00041103363037109375"><skipped message="Suite splitting in effect" type="pytest.skip">src/pymortests/vectorarray.py:165: Suite splitting in effect</skipped></testcase><testcase classname="src.pymortests.vectorarray" file="src/pymortests/vectorarray.py" line="165" name="test_zeros[2-&lt;lambda&gt;0]" time="0.0011820793151855469"><skipped message="Suite splitting in effect" type="pytest.skip">src/pymortests/vectorarray.py:165: Suite splitting in effect</skipped></testcase><testcase classname="src.pymortests.vectorarray" file="src/pymortests/vectorarray.py" line="165" name="test_zeros[2-&lt;lambda&gt;1]" time="0.0007050037384033203"><skipped message="Suite splitting in effect" type="pytest.skip">src/pymortests/vectorarray.py:165: Suite splitting in effect</skipped></testcase><testcase classname="src.pymortests.vectorarray" file="src/pymortests/vectorarray.py" line="165" name="test_zeros[2-&lt;lambda&gt;2]" time="0.00041556358337402344"><skipped message="Suite splitting in effect" type="pytest.skip">src/pymortests/vectorarray.py:165: Suite splitting in effect</skipped></testcase><testcase classname="src.pymortests.vectorarray" file="src/pymortests/vectorarray.py" line="165" name="test_zeros[2-&lt;lambda&gt;3]" time="0.00039386749267578125"><skipped message="Suite splitting in effect" type="pytest.skip">src/pymortests/vectorarray.py:165: Suite splitting in effect</skipped></testcase><testcase classname="src.pymortests.vectorarray" file="src/pymortests/vectorarray.py" line="165" name="test_zeros[2-&lt;lambda&gt;4]" time="0.00041556358337402344"><skipped message="Suite splitting in effect" type="pytest.skip">src/pymortests/vectorarray.py:165: Suite splitting in effect</skipped></testcase><testcase classname="src.pymortests.vectorarray" file="src/pymortests/vectorarray.py" line="165" name="test_zeros[2-&lt;lambda&gt;5]" time="0.0004153251647949219"><skipped message="Suite splitting in effect" type="pytest.skip">src/pymortests/vectorarray.py:165: Suite splitting in effect</skipped></testcase><testcase classname="src.pymortests.vectorarray" file="src/pymortests/vectorarray.py" line="165" name="test_zeros[2-&lt;lambda&gt;6]" time="0.00039196014404296875"><skipped message="Suite splitting in effect" type="pytest.skip">src/pymortests/vectorarray.py:165: Suite splitting in effect</skipped></testcase><testcase classname="src.pymortests.vectorarray" file="src/pymortests/vectorarray.py" line="165" name="test_zeros[2-&lt;lambda&gt;7]" time="0.000392913818359375"><skipped message="Suite splitting in effect" type="pytest.skip">src/pymortests/vectorarray.py:165: Suite splitting in effect</skipped></testcase><testcase classname="src.pymortests.vectorarray" file="src/pymortests/vectorarray.py" line="165" name="test_zeros[2-&lt;lambda&gt;8]" time="0.0004420280456542969"><skipped message="Suite splitting in effect" type="pytest.skip">src/pymortests/vectorarray.py:165: Suite splitting in effect</skipped></testcase><testcase classname="src.pymortests.vectorarray" file="src/pymortests/vectorarray.py" line="165" name="test_zeros[2-&lt;lambda&gt;9]" time="0.0007421970367431641"><skipped message="Suite splitting in effect" type="pytest.skip">src/pymortests/vectorarray.py:165: Suite splitting in effect</skipped></testcase><testcase classname="src.pymortests.vectorarray" file="src/pymortests/vectorarray.py" line="165" name="test_zeros[2-&lt;lambda&gt;10]" time="0.00041604042053222656"><skipped message="Suite splitting in effect" type="pytest.skip">src/pymortests/vectorarray.py:165: Suite splitting in effect</skipped></testcase><testcase classname="src.pymortests.vectorarray" file="src/pymortests/vectorarray.py" line="165" name="test_zeros[2-&lt;lambda&gt;11]" time="0.00040149688720703125"><skipped message="Suite splitting in effect" type="pytest.skip">src/pymortests/vectorarray.py:165: Suite splitting in effect</skipped></testcase><testcase classname="src.pymortests.vectorarray" file="src/pymortests/vectorarray.py" line="165" name="test_zeros[2-&lt;lambda&gt;12]" time="0.00040459632873535156"><skipped message="Suite splitting in effect" type="pytest.skip">src/pymortests/vectorarray.py:165: Suite splitting in effect</skipped></testcase><testcase classname="src.pymortests.vectorarray" file="src/pymortests/vectorarray.py" line="165" name="test_zeros[2-&lt;lambda&gt;13]" time="0.00041937828063964844"><skipped message="Suite splitting in effect" type="pytest.skip">src/pymortests/vectorarray.py:165: Suite splitting in effect</skipped></testcase><testcase classname="src.pymortests.vectorarray" file="src/pymortests/vectorarray.py" line="165" name="test_zeros[2-&lt;lambda&gt;14]" time="0.0003917217254638672"><skipped message="Suite splitting in effect" type="pytest.skip">src/pymortests/vectorarray.py:165: Suite splitting in effect</skipped></testcase><testcase classname="src.pymortests.vectorarray" file="src/pymortests/vectorarray.py" line="165" name="test_zeros[2-&lt;lambda&gt;15]" time="0.00041961669921875"><skipped message="Suite splitting in effect" type="pytest.skip">src/pymortests/vectorarray.py:165: Suite splitting in effect</skipped></testcase><testcase classname="src.pymortests.vectorarray" file="src/pymortests/vectorarray.py" line="165" name="test_zeros[2-&lt;lambda&gt;16]" time="0.0004181861877441406"><skipped message="Suite splitting in effect" type="pytest.skip">src/pymortests/vectorarray.py:165: Suite splitting in effect</skipped></testcase><testcase classname="src.pymortests.vectorarray" file="src/pymortests/vectorarray.py" line="165" name="test_zeros[2-&lt;lambda&gt;17]" time="0.0008425712585449219"><skipped message="Suite splitting in effect" type="pytest.skip">src/pymortests/vectorarray.py:165: Suite splitting in effect</skipped></testcase><testcase classname="src.pymortests.vectorarray" file="src/pymortests/vectorarray.py" line="165" name="test_zeros[2-&lt;lambda&gt;18]" time="0.0003857612609863281"><skipped message="Suite splitting in effect" type="pytest.skip">src/pymortests/vectorarray.py:165: Suite splitting in effect</skipped></testcase><testcase classname="src.pymortests.vectorarray" file="src/pymortests/vectorarray.py" line="165" name="test_zeros[2-&lt;lambda&gt;19]" time="0.0003895759582519531"><skipped message="Suite splitting in effect" type="pytest.skip">src/pymortests/vectorarray.py:165: Suite splitting in effect</skipped></testcase><testcase classname="src.pymortests.vectorarray" file="src/pymortests/vectorarray.py" line="165" name="test_zeros[2-&lt;lambda&gt;20]" time="0.0004138946533203125"><skipped message="Suite splitting in effect" type="pytest.skip">src/pymortests/vectorarray.py:165: Suite splitting in effect</skipped></testcase><testcase classname="src.pymortests.vectorarray" file="src/pymortests/vectorarray.py" line="165" name="test_zeros[2-&lt;lambda&gt;21]" time="0.0004112720489501953"><skipped message="Suite splitting in effect" type="pytest.skip">src/pymortests/vectorarray.py:165: Suite splitting in effect</skipped></testcase><testcase classname="src.pymortests.vectorarray" file="src/pymortests/vectorarray.py" line="165" name="test_zeros[2-&lt;lambda&gt;22]" time="0.00039839744567871094"><skipped message="Suite splitting in effect" type="pytest.skip">src/pymortests/vectorarray.py:165: Suite splitting in effect</skipped></testcase><testcase classname="src.pymortests.vectorarray" file="src/pymortests/vectorarray.py" line="165" name="test_zeros[2-&lt;lambda&gt;23]" time="0.0003917217254638672"><skipped message="Suite splitting in effect" type="pytest.skip">src/pymortests/vectorarray.py:165: Suite splitting in effect</skipped></testcase><testcase classname="src.pymortests.vectorarray" file="src/pymortests/vectorarray.py" line="165" name="test_zeros[2-&lt;lambda&gt;24]" time="0.0004367828369140625"><skipped message="Suite splitting in effect" type="pytest.skip">src/pymortests/vectorarray.py:165: Suite splitting in effect</skipped></testcase><testcase classname="src.pymortests.vectorarray" file="src/pymortests/vectorarray.py" line="165" name="test_zeros[2-&lt;lambda&gt;25]" time="0.00069427490234375"><skipped message="Suite splitting in effect" type="pytest.skip">src/pymortests/vectorarray.py:165: Suite splitting in effect</skipped></testcase><testcase classname="src.pymortests.vectorarray" file="src/pymortests/vectorarray.py" line="165" name="test_zeros[2-&lt;lambda&gt;26]" time="0.00039887428283691406"><skipped message="Suite splitting in effect" type="pytest.skip">src/pymortests/vectorarray.py:165: Suite splitting in effect</skipped></testcase><testcase classname="src.pymortests.vectorarray" file="src/pymortests/vectorarray.py" line="182" name="test_from_numpy[0-&lt;lambda&gt;0]" time="0.0004093647003173828"><skipped message="Suite splitting in effect" type="pytest.skip">src/pymortests/vectorarray.py:182: Suite splitting in effect</skipped></testcase><testcase classname="src.pymortests.vectorarray" file="src/pymortests/vectorarray.py" line="182" name="test_from_numpy[0-&lt;lambda&gt;1]" time="0.0003936290740966797"><skipped message="Suite splitting in effect" type="pytest.skip">src/pymortests/vectorarray.py:182: Suite splitting in effect</skipped></testcase><testcase classname="src.pymortests.vectorarray" file="src/pymortests/vectorarray.py" line="182" name="test_from_numpy[0-&lt;lambda&gt;2]" time="0.0004138946533203125"><skipped message="Suite splitting in effect" type="pytest.skip">src/pymortests/vectorarray.py:182: Suite splitting in effect</skipped></testcase><testcase classname="src.pymortests.vectorarray" file="src/pymortests/vectorarray.py" line="182" name="test_from_numpy[0-&lt;lambda&gt;3]" time="0.00040459632873535156"><skipped message="Suite splitting in effect" type="pytest.skip">src/pymortests/vectorarray.py:182: Suite splitting in effect</skipped></testcase><testcase classname="src.pymortests.vectorarray" file="src/pymortests/vectorarray.py" line="182" name="test_from_numpy[0-&lt;lambda&gt;4]" time="0.00042057037353515625"><skipped message="Suite splitting in effect" type="pytest.skip">src/pymortests/vectorarray.py:182: Suite splitting in effect</skipped></testcase><testcase classname="src.pymortests.vectorarray" file="src/pymortests/vectorarray.py" line="182" name="test_from_numpy[0-&lt;lambda&gt;5]" time="0.00041222572326660156"><skipped message="Suite splitting in effect" type="pytest.skip">src/pymortests/vectorarray.py:182: Suite splitting in effect</skipped></testcase><testcase classname="src.pymortests.vectorarray" file="src/pymortests/vectorarray.py" line="182" name="test_from_numpy[0-&lt;lambda&gt;6]" time="0.0007462501525878906"><skipped message="Suite splitting in effect" type="pytest.skip">src/pymortests/vectorarray.py:182: Suite splitting in effect</skipped></testcase><testcase classname="src.pymortests.vectorarray" file="src/pymortests/vectorarray.py" line="182" name="test_from_numpy[0-&lt;lambda&gt;7]" time="0.0004146099090576172"><skipped message="Suite splitting in effect" type="pytest.skip">src/pymortests/vectorarray.py:182: Suite splitting in effect</skipped></testcase><testcase classname="src.pymortests.vectorarray" file="src/pymortests/vectorarray.py" line="182" name="test_from_numpy[0-&lt;lambda&gt;8]" time="0.0004119873046875"><skipped message="Suite splitting in effect" type="pytest.skip">src/pymortests/vectorarray.py:182: Suite splitting in effect</skipped></testcase><testcase classname="src.pymortests.vectorarray" file="src/pymortests/vectorarray.py" line="182" name="test_from_numpy[0-&lt;lambda&gt;9]" time="0.0003941059112548828"><skipped message="Suite splitting in effect" type="pytest.skip">src/pymortests/vectorarray.py:182: Suite splitting in effect</skipped></testcase><testcase classname="src.pymortests.vectorarray" file="src/pymortests/vectorarray.py" line="182" name="test_from_numpy[0-&lt;lambda&gt;10]" time="0.00043010711669921875"><skipped message="Suite splitting in effect" type="pytest.skip">src/pymortests/vectorarray.py:182: Suite splitting in effect</skipped></testcase><testcase classname="src.pymortests.vectorarray" file="src/pymortests/vectorarray.py" line="182" name="test_from_numpy[0-&lt;lambda&gt;11]" time="0.0004162788391113281"><skipped message="Suite splitting in effect" type="pytest.skip">src/pymortests/vectorarray.py:182: Suite splitting in effect</skipped></testcase><testcase classname="src.pymortests.vectorarray" file="src/pymortests/vectorarray.py" line="182" name="test_from_numpy[0-&lt;lambda&gt;12]" time="0.0004153251647949219"><skipped message="Suite splitting in effect" type="pytest.skip">src/pymortests/vectorarray.py:182: Suite splitting in effect</skipped></testcase><testcase classname="src.pymortests.vectorarray" file="src/pymortests/vectorarray.py" line="182" name="test_from_numpy[0-&lt;lambda&gt;13]" time="0.0004189014434814453"><skipped message="Suite splitting in effect" type="pytest.skip">src/pymortests/vectorarray.py:182: Suite splitting in effect</skipped></testcase><testcase classname="src.pymortests.vectorarray" file="src/pymortests/vectorarray.py" line="182" name="test_from_numpy[0-&lt;lambda&gt;14]" time="0.0006806850433349609"><skipped message="Suite splitting in effect" type="pytest.skip">src/pymortests/vectorarray.py:182: Suite splitting in effect</skipped></testcase><testcase classname="src.pymortests.vectorarray" file="src/pymortests/vectorarray.py" line="182" name="test_from_numpy[0-&lt;lambda&gt;15]" time="0.0003871917724609375"><skipped message="Suite splitting in effect" type="pytest.skip">src/pymortests/vectorarray.py:182: Suite splitting in effect</skipped></testcase><testcase classname="src.pymortests.vectorarray" file="src/pymortests/vectorarray.py" line="182" name="test_from_numpy[0-&lt;lambda&gt;16]" time="0.0003917217254638672"><skipped message="Suite splitting in effect" type="pytest.skip">src/pymortests/vectorarray.py:182: Suite splitting in effect</skipped></testcase><testcase classname="src.pymortests.vectorarray" file="src/pymortests/vectorarray.py" line="182" name="test_from_numpy[0-&lt;lambda&gt;17]" time="0.0003895759582519531"><skipped message="Suite splitting in effect" type="pytest.skip">src/pymortests/vectorarray.py:182: Suite splitting in effect</skipped></testcase><testcase classname="src.pymortests.vectorarray" file="src/pymortests/vectorarray.py" line="182" name="test_from_numpy[0-&lt;lambda&gt;18]" time="0.00044155120849609375"><skipped message="Suite splitting in effect" type="pytest.skip">src/pymortests/vectorarray.py:182: Suite splitting in effect</skipped></testcase><testcase classname="src.pymortests.vectorarray" file="src/pymortests/vectorarray.py" line="182" name="test_from_numpy[0-&lt;lambda&gt;19]" time="0.00041031837463378906"><skipped message="Suite splitting in effect" type="pytest.skip">src/pymortests/vectorarray.py:182: Suite splitting in effect</skipped></testcase><testcase classname="src.pymortests.vectorarray" file="src/pymortests/vectorarray.py" line="182" name="test_from_numpy[0-&lt;lambda&gt;20]" time="0.00041961669921875"><skipped message="Suite splitting in effect" type="pytest.skip">src/pymortests/vectorarray.py:182: Suite splitting in effect</skipped></testcase><testcase classname="src.pymortests.vectorarray" file="src/pymortests/vectorarray.py" line="182" name="test_from_numpy[0-&lt;lambda&gt;21]" time="0.0004146099090576172"><skipped message="Suite splitting in effect" type="pytest.skip">src/pymortests/vectorarray.py:182: Suite splitting in effect</skipped></testcase><testcase classname="src.pymortests.vectorarray" file="src/pymortests/vectorarray.py" line="182" name="test_from_numpy[0-&lt;lambda&gt;22]" time="0.0006716251373291016"><skipped message="Suite splitting in effect" type="pytest.skip">src/pymortests/vectorarray.py:182: Suite splitting in effect</skipped></testcase><testcase classname="src.pymortests.vectorarray" file="src/pymortests/vectorarray.py" line="182" name="test_from_numpy[0-&lt;lambda&gt;23]" time="0.0003905296325683594"><skipped message="Suite splitting in effect" type="pytest.skip">src/pymortests/vectorarray.py:182: Suite splitting in effect</skipped></testcase><testcase classname="src.pymortests.vectorarray" file="src/pymortests/vectorarray.py" line="182" name="test_from_numpy[0-&lt;lambda&gt;24]" time="0.00039315223693847656"><skipped message="Suite splitting in effect" type="pytest.skip">src/pymortests/vectorarray.py:182: Suite splitting in effect</skipped></testcase><testcase classname="src.pymortests.vectorarray" file="src/pymortests/vectorarray.py" line="182" name="test_from_numpy[0-&lt;lambda&gt;25]" time="0.0004112720489501953"><skipped message="Suite splitting in effect" type="pytest.skip">src/pymortests/vectorarray.py:182: Suite splitting in effect</skipped></testcase><testcase classname="src.pymortests.vectorarray" file="src/pymortests/vectorarray.py" line="182" name="test_from_numpy[0-&lt;lambda&gt;26]" time="0.0004107952117919922"><skipped message="Suite splitting in effect" type="pytest.skip">src/pymortests/vectorarray.py:182: Suite splitting in effect</skipped></testcase><testcase classname="src.pymortests.vectorarray" file="src/pymortests/vectorarray.py" line="182" name="test_from_numpy[1-&lt;lambda&gt;0]" time="0.000408172607421875"><skipped message="Suite splitting in effect" type="pytest.skip">src/pymortests/vectorarray.py:182: Suite splitting in effect</skipped></testcase><testcase classname="src.pymortests.vectorarray" file="src/pymortests/vectorarray.py" line="182" name="test_from_numpy[1-&lt;lambda&gt;1]" time="0.0003864765167236328"><skipped message="Suite splitting in effect" type="pytest.skip">src/pymortests/vectorarray.py:182: Suite splitting in effect</skipped></testcase><testcase classname="src.pymortests.vectorarray" file="src/pymortests/vectorarray.py" line="182" name="test_from_numpy[1-&lt;lambda&gt;2]" time="0.00041222572326660156"><skipped message="Suite splitting in effect" type="pytest.skip">src/pymortests/vectorarray.py:182: Suite splitting in effect</skipped></testcase><testcase classname="src.pymortests.vectorarray" file="src/pymortests/vectorarray.py" line="182" name="test_from_numpy[1-&lt;lambda&gt;3]" time="0.0006844997406005859"><skipped message="Suite splitting in effect" type="pytest.skip">src/pymortests/vectorarray.py:182: Suite splitting in effect</skipped></testcase><testcase classname="src.pymortests.vectorarray" file="src/pymortests/vectorarray.py" line="182" name="test_from_numpy[1-&lt;lambda&gt;4]" time="0.0004162788391113281"><skipped message="Suite splitting in effect" type="pytest.skip">src/pymortests/vectorarray.py:182: Suite splitting in effect</skipped></testcase><testcase classname="src.pymortests.vectorarray" file="src/pymortests/vectorarray.py" line="182" name="test_from_numpy[1-&lt;lambda&gt;5]" time="0.00040721893310546875"><skipped message="Suite splitting in effect" type="pytest.skip">src/pymortests/vectorarray.py:182: Suite splitting in effect</skipped></testcase><testcase classname="src.pymortests.vectorarray" file="src/pymortests/vectorarray.py" line="182" name="test_from_numpy[1-&lt;lambda&gt;6]" time="0.00041294097900390625"><skipped message="Suite splitting in effect" type="pytest.skip">src/pymortests/vectorarray.py:182: Suite splitting in effect</skipped></testcase><testcase classname="src.pymortests.vectorarray" file="src/pymortests/vectorarray.py" line="182" name="test_from_numpy[1-&lt;lambda&gt;7]" time="0.0003948211669921875"><skipped message="Suite splitting in effect" type="pytest.skip">src/pymortests/vectorarray.py:182: Suite splitting in effect</skipped></testcase><testcase classname="src.pymortests.vectorarray" file="src/pymortests/vectorarray.py" line="182" name="test_from_numpy[1-&lt;lambda&gt;8]" time="0.00041365623474121094"><skipped message="Suite splitting in effect" type="pytest.skip">src/pymortests/vectorarray.py:182: Suite splitting in effect</skipped></testcase><testcase classname="src.pymortests.vectorarray" file="src/pymortests/vectorarray.py" line="182" name="test_from_numpy[1-&lt;lambda&gt;9]" time="0.00042748451232910156"><skipped message="Suite splitting in effect" type="pytest.skip">src/pymortests/vectorarray.py:182: Suite splitting in effect</skipped></testcase><testcase classname="src.pymortests.vectorarray" file="src/pymortests/vectorarray.py" line="182" name="test_from_numpy[1-&lt;lambda&gt;10]" time="0.00039958953857421875"><skipped message="Suite splitting in effect" type="pytest.skip">src/pymortests/vectorarray.py:182: Suite splitting in effect</skipped></testcase><testcase classname="src.pymortests.vectorarray" file="src/pymortests/vectorarray.py" line="182" name="test_from_numpy[1-&lt;lambda&gt;11]" time="0.0006625652313232422"><skipped message="Suite splitting in effect" type="pytest.skip">src/pymortests/vectorarray.py:182: Suite splitting in effect</skipped></testcase><testcase classname="src.pymortests.vectorarray" file="src/pymortests/vectorarray.py" line="182" name="test_from_numpy[1-&lt;lambda&gt;12]" time="0.00039458274841308594"><skipped message="Suite splitting in effect" type="pytest.skip">src/pymortests/vectorarray.py:182: Suite splitting in effect</skipped></testcase><testcase classname="src.pymortests.vectorarray" file="src/pymortests/vectorarray.py" line="182" name="test_from_numpy[1-&lt;lambda&gt;13]" time="0.00042128562927246094"><skipped message="Suite splitting in effect" type="pytest.skip">src/pymortests/vectorarray.py:182: Suite splitting in effect</skipped></testcase><testcase classname="src.pymortests.vectorarray" file="src/pymortests/vectorarray.py" line="182" name="test_from_numpy[1-&lt;lambda&gt;14]" time="0.0005807876586914062"><skipped message="Suite splitting in effect" type="pytest.skip">src/pymortests/vectorarray.py:182: Suite splitting in effect</skipped></testcase><testcase classname="src.pymortests.vectorarray" file="src/pymortests/vectorarray.py" line="182" name="test_from_numpy[1-&lt;lambda&gt;15]" time="0.0004153251647949219"><skipped message="Suite splitting in effect" type="pytest.skip">src/pymortests/vectorarray.py:182: Suite splitting in effect</skipped></testcase><testcase classname="src.pymortests.vectorarray" file="src/pymortests/vectorarray.py" line="182" name="test_from_numpy[1-&lt;lambda&gt;16]" time="0.0004143714904785156"><skipped message="Suite splitting in effect" type="pytest.skip">src/pymortests/vectorarray.py:182: Suite splitting in effect</skipped></testcase><testcase classname="src.pymortests.vectorarray" file="src/pymortests/vectorarray.py" line="182" name="test_from_numpy[1-&lt;lambda&gt;17]" time="0.0003986358642578125"><skipped message="Suite splitting in effect" type="pytest.skip">src/pymortests/vectorarray.py:182: Suite splitting in effect</skipped></testcase><testcase classname="src.pymortests.vectorarray" file="src/pymortests/vectorarray.py" line="182" name="test_from_numpy[1-&lt;lambda&gt;18]" time="0.0003871917724609375"><skipped message="Suite splitting in effect" type="pytest.skip">src/pymortests/vectorarray.py:182: Suite splitting in effect</skipped></testcase><testcase classname="src.pymortests.vectorarray" file="src/pymortests/vectorarray.py" line="182" name="test_from_numpy[1-&lt;lambda&gt;19]" time="0.0006489753723144531"><skipped message="Suite splitting in effect" type="pytest.skip">src/pymortests/vectorarray.py:182: Suite splitting in effect</skipped></testcase><testcase classname="src.pymortests.vectorarray" file="src/pymortests/vectorarray.py" line="182" name="test_from_numpy[1-&lt;lambda&gt;20]" time="0.0003845691680908203"><skipped message="Suite splitting in effect" type="pytest.skip">src/pymortests/vectorarray.py:182: Suite splitting in effect</skipped></testcase><testcase classname="src.pymortests.vectorarray" file="src/pymortests/vectorarray.py" line="182" name="test_from_numpy[1-&lt;lambda&gt;21]" time="0.00043845176696777344"><skipped message="Suite splitting in effect" type="pytest.skip">src/pymortests/vectorarray.py:182: Suite splitting in effect</skipped></testcase><testcase classname="src.pymortests.vectorarray" file="src/pymortests/vectorarray.py" line="182" name="test_from_numpy[1-&lt;lambda&gt;22]" time="0.0004138946533203125"><skipped message="Suite splitting in effect" type="pytest.skip">src/pymortests/vectorarray.py:182: Suite splitting in effect</skipped></testcase><testcase classname="src.pymortests.vectorarray" file="src/pymortests/vectorarray.py" line="182" name="test_from_numpy[1-&lt;lambda&gt;23]" time="0.0003936290740966797"><skipped message="Suite splitting in effect" type="pytest.skip">src/pymortests/vectorarray.py:182: Suite splitting in effect</skipped></testcase><testcase classname="src.pymortests.vectorarray" file="src/pymortests/vectorarray.py" line="182" name="test_from_numpy[1-&lt;lambda&gt;24]" time="0.00042366981506347656"><skipped message="Suite splitting in effect" type="pytest.skip">src/pymortests/vectorarray.py:182: Suite splitting in effect</skipped></testcase><testcase classname="src.pymortests.vectorarray" file="src/pymortests/vectorarray.py" line="182" name="test_from_numpy[1-&lt;lambda&gt;25]" time="0.0003955364227294922"><skipped message="Suite splitting in effect" type="pytest.skip">src/pymortests/vectorarray.py:182: Suite splitting in effect</skipped></testcase><testcase classname="src.pymortests.vectorarray" file="src/pymortests/vectorarray.py" line="182" name="test_from_numpy[1-&lt;lambda&gt;26]" time="0.0003876686096191406"><skipped message="Suite splitting in effect" type="pytest.skip">src/pymortests/vectorarray.py:182: Suite splitting in effect</skipped></testcase><testcase classname="src.pymortests.vectorarray" file="src/pymortests/vectorarray.py" line="182" name="test_from_numpy[2-&lt;lambda&gt;0]" time="0.0006783008575439453"><skipped message="Suite splitting in effect" type="pytest.skip">src/pymortests/vectorarray.py:182: Suite splitting in effect</skipped></testcase><testcase classname="src.pymortests.vectorarray" file="src/pymortests/vectorarray.py" line="182" name="test_from_numpy[2-&lt;lambda&gt;1]" time="0.0003840923309326172"><skipped message="Suite splitting in effect" type="pytest.skip">src/pymortests/vectorarray.py:182: Suite splitting in effect</skipped></testcase><testcase classname="src.pymortests.vectorarray" file="src/pymortests/vectorarray.py" line="182" name="test_from_numpy[2-&lt;lambda&gt;2]" time="0.0003864765167236328"><skipped message="Suite splitting in effect" type="pytest.skip">src/pymortests/vectorarray.py:182: Suite splitting in effect</skipped></testcase><testcase classname="src.pymortests.vectorarray" file="src/pymortests/vectorarray.py" line="182" name="test_from_numpy[2-&lt;lambda&gt;3]" time="0.00041031837463378906"><skipped message="Suite splitting in effect" type="pytest.skip">src/pymortests/vectorarray.py:182: Suite splitting in effect</skipped></testcase><testcase classname="src.pymortests.vectorarray" file="src/pymortests/vectorarray.py" line="182" name="test_from_numpy[2-&lt;lambda&gt;4]" time="0.0004181861877441406"><skipped message="Suite splitting in effect" type="pytest.skip">src/pymortests/vectorarray.py:182: Suite splitting in effect</skipped></testcase><testcase classname="src.pymortests.vectorarray" file="src/pymortests/vectorarray.py" line="182" name="test_from_numpy[2-&lt;lambda&gt;5]" time="0.0003952980041503906"><skipped message="Suite splitting in effect" type="pytest.skip">src/pymortests/vectorarray.py:182: Suite splitting in effect</skipped></testcase><testcase classname="src.pymortests.vectorarray" file="src/pymortests/vectorarray.py" line="182" name="test_from_numpy[2-&lt;lambda&gt;6]" time="0.00041222572326660156"><skipped message="Suite splitting in effect" type="pytest.skip">src/pymortests/vectorarray.py:182: Suite splitting in effect</skipped></testcase><testcase classname="src.pymortests.vectorarray" file="src/pymortests/vectorarray.py" line="182" name="test_from_numpy[2-&lt;lambda&gt;7]" time="0.0003859996795654297"><skipped message="Suite splitting in effect" type="pytest.skip">src/pymortests/vectorarray.py:182: Suite splitting in effect</skipped></testcase><testcase classname="src.pymortests.vectorarray" file="src/pymortests/vectorarray.py" line="182" name="test_from_numpy[2-&lt;lambda&gt;8]" time="0.0006616115570068359"><skipped message="Suite splitting in effect" type="pytest.skip">src/pymortests/vectorarray.py:182: Suite splitting in effect</skipped></testcase><testcase classname="src.pymortests.vectorarray" file="src/pymortests/vectorarray.py" line="182" name="test_from_numpy[2-&lt;lambda&gt;9]" time="0.0003898143768310547"><skipped message="Suite splitting in effect" type="pytest.skip">src/pymortests/vectorarray.py:182: Suite splitting in effect</skipped></testcase><testcase classname="src.pymortests.vectorarray" file="src/pymortests/vectorarray.py" line="182" name="test_from_numpy[2-&lt;lambda&gt;10]" time="0.0004086494445800781"><skipped message="Suite splitting in effect" type="pytest.skip">src/pymortests/vectorarray.py:182: Suite splitting in effect</skipped></testcase><testcase classname="src.pymortests.vectorarray" file="src/pymortests/vectorarray.py" line="182" name="test_from_numpy[2-&lt;lambda&gt;11]" time="0.0004055500030517578"><skipped message="Suite splitting in effect" type="pytest.skip">src/pymortests/vectorarray.py:182: Suite splitting in effect</skipped></testcase><testcase classname="src.pymortests.vectorarray" file="src/pymortests/vectorarray.py" line="182" name="test_from_numpy[2-&lt;lambda&gt;12]" time="0.0003974437713623047"><skipped message="Suite splitting in effect" type="pytest.skip">src/pymortests/vectorarray.py:182: Suite splitting in effect</skipped></testcase><testcase classname="src.pymortests.vectorarray" file="src/pymortests/vectorarray.py" line="182" name="test_from_numpy[2-&lt;lambda&gt;13]" time="0.0003848075866699219"><skipped message="Suite splitting in effect" type="pytest.skip">src/pymortests/vectorarray.py:182: Suite splitting in effect</skipped></testcase><testcase classname="src.pymortests.vectorarray" file="src/pymortests/vectorarray.py" line="182" name="test_from_numpy[2-&lt;lambda&gt;14]" time="0.0004203319549560547"><skipped message="Suite splitting in effect" type="pytest.skip">src/pymortests/vectorarray.py:182: Suite splitting in effect</skipped></testcase><testcase classname="src.pymortests.vectorarray" file="src/pymortests/vectorarray.py" line="182" name="test_from_numpy[2-&lt;lambda&gt;15]" time="0.0004112720489501953"><skipped message="Suite splitting in effect" type="pytest.skip">src/pymortests/vectorarray.py:182: Suite splitting in effect</skipped></testcase><testcase classname="src.pymortests.vectorarray" file="src/pymortests/vectorarray.py" line="182" name="test_from_numpy[2-&lt;lambda&gt;16]" time="0.0006823539733886719"><skipped message="Suite splitting in effect" type="pytest.skip">src/pymortests/vectorarray.py:182: Suite splitting in effect</skipped></testcase><testcase classname="src.pymortests.vectorarray" file="src/pymortests/vectorarray.py" line="182" name="test_from_numpy[2-&lt;lambda&gt;17]" time="0.0004119873046875"><skipped message="Suite splitting in effect" type="pytest.skip">src/pymortests/vectorarray.py:182: Suite splitting in effect</skipped></testcase><testcase classname="src.pymortests.vectorarray" file="src/pymortests/vectorarray.py" line="182" name="test_from_numpy[2-&lt;lambda&gt;18]" time="0.0003955364227294922"><skipped message="Suite splitting in effect" type="pytest.skip">src/pymortests/vectorarray.py:182: Suite splitting in effect</skipped></testcase><testcase classname="src.pymortests.vectorarray" file="src/pymortests/vectorarray.py" line="182" name="test_from_numpy[2-&lt;lambda&gt;19]" time="0.00042176246643066406"><skipped message="Suite splitting in effect" type="pytest.skip">src/pymortests/vectorarray.py:182: Suite splitting in effect</skipped></testcase><testcase classname="src.pymortests.vectorarray" file="src/pymortests/vectorarray.py" line="182" name="test_from_numpy[2-&lt;lambda&gt;20]" time="0.0003859996795654297"><skipped message="Suite splitting in effect" type="pytest.skip">src/pymortests/vectorarray.py:182: Suite splitting in effect</skipped></testcase><testcase classname="src.pymortests.vectorarray" file="src/pymortests/vectorarray.py" line="182" name="test_from_numpy[2-&lt;lambda&gt;21]" time="0.00040078163146972656"><skipped message="Suite splitting in effect" type="pytest.skip">src/pymortests/vectorarray.py:182: Suite splitting in effect</skipped></testcase><testcase classname="src.pymortests.vectorarray" file="src/pymortests/vectorarray.py" line="182" name="test_from_numpy[2-&lt;lambda&gt;22]" time="0.00039124488830566406"><skipped message="Suite splitting in effect" type="pytest.skip">src/pymortests/vectorarray.py:182: Suite splitting in effect</skipped></testcase><testcase classname="src.pymortests.vectorarray" file="src/pymortests/vectorarray.py" line="182" name="test_from_numpy[2-&lt;lambda&gt;23]" time="0.0004200935363769531"><skipped message="Suite splitting in effect" type="pytest.skip">src/pymortests/vectorarray.py:182: Suite splitting in effect</skipped></testcase><testcase classname="src.pymortests.vectorarray" file="src/pymortests/vectorarray.py" line="182" name="test_from_numpy[2-&lt;lambda&gt;24]" time="0.0006303787231445312"><skipped message="Suite splitting in effect" type="pytest.skip">src/pymortests/vectorarray.py:182: Suite splitting in effect</skipped></testcase><testcase classname="src.pymortests.vectorarray" file="src/pymortests/vectorarray.py" line="182" name="test_from_numpy[2-&lt;lambda&gt;25]" time="0.00041937828063964844"><skipped message="Suite splitting in effect" type="pytest.skip">src/pymortests/vectorarray.py:182: Suite splitting in effect</skipped></testcase><testcase classname="src.pymortests.vectorarray" file="src/pymortests/vectorarray.py" line="182" name="test_from_numpy[2-&lt;lambda&gt;26]" time="0.0004172325134277344"><skipped message="Suite splitting in effect" type="pytest.skip">src/pymortests/vectorarray.py:182: Suite splitting in effect</skipped></testcase><testcase classname="src.pymortests.vectorarray" file="src/pymortests/vectorarray.py" line="194" name="test_shape[0-&lt;lambda&gt;0]" time="0.0004038810729980469"><skipped message="Suite splitting in effect" type="pytest.skip">src/pymortests/vectorarray.py:194: Suite splitting in effect</skipped></testcase><testcase classname="src.pymortests.vectorarray" file="src/pymortests/vectorarray.py" line="194" name="test_shape[0-&lt;lambda&gt;1]" time="0.0004482269287109375"><skipped message="Suite splitting in effect" type="pytest.skip">src/pymortests/vectorarray.py:194: Suite splitting in effect</skipped></testcase><testcase classname="src.pymortests.vectorarray" file="src/pymortests/vectorarray.py" line="194" name="test_shape[0-&lt;lambda&gt;2]" time="0.0003883838653564453"><skipped message="Suite splitting in effect" type="pytest.skip">src/pymortests/vectorarray.py:194: Suite splitting in effect</skipped></testcase><testcase classname="src.pymortests.vectorarray" file="src/pymortests/vectorarray.py" line="194" name="test_shape[0-&lt;lambda&gt;3]" time="0.00040721893310546875"><skipped message="Suite splitting in effect" type="pytest.skip">src/pymortests/vectorarray.py:194: Suite splitting in effect</skipped></testcase><testcase classname="src.pymortests.vectorarray" file="src/pymortests/vectorarray.py" line="194" name="test_shape[0-&lt;lambda&gt;4]" time="0.00038886070251464844"><skipped message="Suite splitting in effect" type="pytest.skip">src/pymortests/vectorarray.py:194: Suite splitting in effect</skipped></testcase><testcase classname="src.pymortests.vectorarray" file="src/pymortests/vectorarray.py" line="194" name="test_shape[0-&lt;lambda&gt;5]" time="0.001003265380859375"><skipped message="Suite splitting in effect" type="pytest.skip">src/pymortests/vectorarray.py:194: Suite splitting in effect</skipped></testcase><testcase classname="src.pymortests.vectorarray" file="src/pymortests/vectorarray.py" line="194" name="test_shape[0-&lt;lambda&gt;6]" time="0.00044536590576171875"><skipped message="Suite splitting in effect" type="pytest.skip">src/pymortests/vectorarray.py:194: Suite splitting in effect</skipped></testcase><testcase classname="src.pymortests.vectorarray" file="src/pymortests/vectorarray.py" line="194" name="test_shape[0-&lt;lambda&gt;7]" time="0.0004131793975830078"><skipped message="Suite splitting in effect" type="pytest.skip">src/pymortests/vectorarray.py:194: Suite splitting in effect</skipped></testcase><testcase classname="src.pymortests.vectorarray" file="src/pymortests/vectorarray.py" line="194" name="test_shape[0-&lt;lambda&gt;8]" time="0.0003914833068847656"><skipped message="Suite splitting in effect" type="pytest.skip">src/pymortests/vectorarray.py:194: Suite splitting in effect</skipped></testcase><testcase classname="src.pymortests.vectorarray" file="src/pymortests/vectorarray.py" line="194" name="test_shape[0-&lt;lambda&gt;9]" time="0.00039124488830566406"><skipped message="Suite splitting in effect" type="pytest.skip">src/pymortests/vectorarray.py:194: Suite splitting in effect</skipped></testcase><testcase classname="src.pymortests.vectorarray" file="src/pymortests/vectorarray.py" line="194" name="test_shape[0-&lt;lambda&gt;10]" time="0.00038504600524902344"><skipped message="Suite splitting in effect" type="pytest.skip">src/pymortests/vectorarray.py:194: Suite splitting in effect</skipped></testcase><testcase classname="src.pymortests.vectorarray" file="src/pymortests/vectorarray.py" line="194" name="test_shape[0-&lt;lambda&gt;11]" time="0.0004382133483886719"><skipped message="Suite splitting in effect" type="pytest.skip">src/pymortests/vectorarray.py:194: Suite splitting in effect</skipped></testcase><testcase classname="src.pymortests.vectorarray" file="src/pymortests/vectorarray.py" line="194" name="test_shape[0-&lt;lambda&gt;12]" time="0.0004124641418457031"><skipped message="Suite splitting in effect" type="pytest.skip">src/pymortests/vectorarray.py:194: Suite splitting in effect</skipped></testcase><testcase classname="src.pymortests.vectorarray" file="src/pymortests/vectorarray.py" line="194" name="test_shape[0-&lt;lambda&gt;13]" time="0.0006875991821289062"><skipped message="Suite splitting in effect" type="pytest.skip">src/pymortests/vectorarray.py:194: Suite splitting in effect</skipped></testcase><testcase classname="src.pymortests.vectorarray" file="src/pymortests/vectorarray.py" line="194" name="test_shape[0-&lt;lambda&gt;14]" time="0.00040721893310546875"><skipped message="Suite splitting in effect" type="pytest.skip">src/pymortests/vectorarray.py:194: Suite splitting in effect</skipped></testcase><testcase classname="src.pymortests.vectorarray" file="src/pymortests/vectorarray.py" line="194" name="test_shape[0-&lt;lambda&gt;15]" time="0.0003955364227294922"><skipped message="Suite splitting in effect" type="pytest.skip">src/pymortests/vectorarray.py:194: Suite splitting in effect</skipped></testcase><testcase classname="src.pymortests.vectorarray" file="src/pymortests/vectorarray.py" line="194" name="test_shape[0-&lt;lambda&gt;16]" time="0.0003924369812011719"><skipped message="Suite splitting in effect" type="pytest.skip">src/pymortests/vectorarray.py:194: Suite splitting in effect</skipped></testcase><testcase classname="src.pymortests.vectorarray" file="src/pymortests/vectorarray.py" line="194" name="test_shape[0-&lt;lambda&gt;17]" time="0.0004153251647949219"><skipped message="Suite splitting in effect" type="pytest.skip">src/pymortests/vectorarray.py:194: Suite splitting in effect</skipped></testcase><testcase classname="src.pymortests.vectorarray" file="src/pymortests/vectorarray.py" line="194" name="test_shape[0-&lt;lambda&gt;18]" time="0.0004169940948486328"><skipped message="Suite splitting in effect" type="pytest.skip">src/pymortests/vectorarray.py:194: Suite splitting in effect</skipped></testcase><testcase classname="src.pymortests.vectorarray" file="src/pymortests/vectorarray.py" line="194" name="test_shape[0-&lt;lambda&gt;19]" time="0.00039505958557128906"><skipped message="Suite splitting in effect" type="pytest.skip">src/pymortests/vectorarray.py:194: Suite splitting in effect</skipped></testcase><testcase classname="src.pymortests.vectorarray" file="src/pymortests/vectorarray.py" line="194" name="test_shape[0-&lt;lambda&gt;20]" time="0.0004146099090576172"><skipped message="Suite splitting in effect" type="pytest.skip">src/pymortests/vectorarray.py:194: Suite splitting in effect</skipped></testcase><testcase classname="src.pymortests.vectorarray" file="src/pymortests/vectorarray.py" line="194" name="test_shape[0-&lt;lambda&gt;21]" time="0.0007083415985107422"><skipped message="Suite splitting in effect" type="pytest.skip">src/pymortests/vectorarray.py:194: Suite splitting in effect</skipped></testcase><testcase classname="src.pymortests.vectorarray" file="src/pymortests/vectorarray.py" line="194" name="test_shape[0-&lt;lambda&gt;22]" time="0.0004134178161621094"><skipped message="Suite splitting in effect" type="pytest.skip">src/pymortests/vectorarray.py:194: Suite splitting in effect</skipped></testcase><testcase classname="src.pymortests.vectorarray" file="src/pymortests/vectorarray.py" line="194" name="test_shape[0-&lt;lambda&gt;23]" time="0.00044345855712890625"><skipped message="Suite splitting in effect" type="pytest.skip">src/pymortests/vectorarray.py:194: Suite splitting in effect</skipped></testcase><testcase classname="src.pymortests.vectorarray" file="src/pymortests/vectorarray.py" line="194" name="test_shape[0-&lt;lambda&gt;24]" time="0.00041604042053222656"><skipped message="Suite splitting in effect" type="pytest.skip">src/pymortests/vectorarray.py:194: Suite splitting in effect</skipped></testcase><testcase classname="src.pymortests.vectorarray" file="src/pymortests/vectorarray.py" line="194" name="test_shape[0-&lt;lambda&gt;25]" time="0.00041294097900390625"><skipped message="Suite splitting in effect" type="pytest.skip">src/pymortests/vectorarray.py:194: Suite splitting in effect</skipped></testcase><testcase classname="src.pymortests.vectorarray" file="src/pymortests/vectorarray.py" line="194" name="test_shape[0-&lt;lambda&gt;26]" time="0.00040841102600097656"><skipped message="Suite splitting in effect" type="pytest.skip">src/pymortests/vectorarray.py:194: Suite splitting in effect</skipped></testcase><testcase classname="src.pymortests.vectorarray" file="src/pymortests/vectorarray.py" line="194" name="test_shape[1-&lt;lambda&gt;0]" time="0.00039267539978027344"><skipped message="Suite splitting in effect" type="pytest.skip">src/pymortests/vectorarray.py:194: Suite splitting in effect</skipped></testcase><testcase classname="src.pymortests.vectorarray" file="src/pymortests/vectorarray.py" line="194" name="test_shape[1-&lt;lambda&gt;1]" time="0.00043845176696777344"><skipped message="Suite splitting in effect" type="pytest.skip">src/pymortests/vectorarray.py:194: Suite splitting in effect</skipped></testcase><testcase classname="src.pymortests.vectorarray" file="src/pymortests/vectorarray.py" line="194" name="test_shape[1-&lt;lambda&gt;2]" time="0.0006933212280273438"><skipped message="Suite splitting in effect" type="pytest.skip">src/pymortests/vectorarray.py:194: Suite splitting in effect</skipped></testcase><testcase classname="src.pymortests.vectorarray" file="src/pymortests/vectorarray.py" line="194" name="test_shape[1-&lt;lambda&gt;3]" time="0.00041747093200683594"><skipped message="Suite splitting in effect" type="pytest.skip">src/pymortests/vectorarray.py:194: Suite splitting in effect</skipped></testcase><testcase classname="src.pymortests.vectorarray" file="src/pymortests/vectorarray.py" line="194" name="test_shape[1-&lt;lambda&gt;4]" time="0.0003879070281982422"><skipped message="Suite splitting in effect" type="pytest.skip">src/pymortests/vectorarray.py:194: Suite splitting in effect</skipped></testcase><testcase classname="src.pymortests.vectorarray" file="src/pymortests/vectorarray.py" line="194" name="test_shape[1-&lt;lambda&gt;5]" time="0.00039577484130859375"><skipped message="Suite splitting in effect" type="pytest.skip">src/pymortests/vectorarray.py:194: Suite splitting in effect</skipped></testcase><testcase classname="src.pymortests.vectorarray" file="src/pymortests/vectorarray.py" line="194" name="test_shape[1-&lt;lambda&gt;6]" time="0.0004057884216308594"><skipped message="Suite splitting in effect" type="pytest.skip">src/pymortests/vectorarray.py:194: Suite splitting in effect</skipped></testcase><testcase classname="src.pymortests.vectorarray" file="src/pymortests/vectorarray.py" line="194" name="test_shape[1-&lt;lambda&gt;7]" time="0.0004203319549560547"><skipped message="Suite splitting in effect" type="pytest.skip">src/pymortests/vectorarray.py:194: Suite splitting in effect</skipped></testcase><testcase classname="src.pymortests.vectorarray" file="src/pymortests/vectorarray.py" line="194" name="test_shape[1-&lt;lambda&gt;8]" time="0.00040650367736816406"><skipped message="Suite splitting in effect" type="pytest.skip">src/pymortests/vectorarray.py:194: Suite splitting in effect</skipped></testcase><testcase classname="src.pymortests.vectorarray" file="src/pymortests/vectorarray.py" line="194" name="test_shape[1-&lt;lambda&gt;9]" time="0.0003972053527832031"><skipped message="Suite splitting in effect" type="pytest.skip">src/pymortests/vectorarray.py:194: Suite splitting in effect</skipped></testcase><testcase classname="src.pymortests.vectorarray" file="src/pymortests/vectorarray.py" line="194" name="test_shape[1-&lt;lambda&gt;10]" time="0.0006494522094726562"><skipped message="Suite splitting in effect" type="pytest.skip">src/pymortests/vectorarray.py:194: Suite splitting in effect</skipped></testcase><testcase classname="src.pymortests.vectorarray" file="src/pymortests/vectorarray.py" line="194" name="test_shape[1-&lt;lambda&gt;11]" time="0.00041413307189941406"><skipped message="Suite splitting in effect" type="pytest.skip">src/pymortests/vectorarray.py:194: Suite splitting in effect</skipped></testcase><testcase classname="src.pymortests.vectorarray" file="src/pymortests/vectorarray.py" line="194" name="test_shape[1-&lt;lambda&gt;12]" time="0.00041031837463378906"><skipped message="Suite splitting in effect" type="pytest.skip">src/pymortests/vectorarray.py:194: Suite splitting in effect</skipped></testcase><testcase classname="src.pymortests.vectorarray" file="src/pymortests/vectorarray.py" line="194" name="test_shape[1-&lt;lambda&gt;13]" time="0.0003905296325683594"><skipped message="Suite splitting in effect" type="pytest.skip">src/pymortests/vectorarray.py:194: Suite splitting in effect</skipped></testcase><testcase classname="src.pymortests.vectorarray" file="src/pymortests/vectorarray.py" line="194" name="test_shape[1-&lt;lambda&gt;14]" time="0.0004062652587890625"><skipped message="Suite splitting in effect" type="pytest.skip">src/pymortests/vectorarray.py:194: Suite splitting in effect</skipped></testcase><testcase classname="src.pymortests.vectorarray" file="src/pymortests/vectorarray.py" line="194" name="test_shape[1-&lt;lambda&gt;15]" time="0.0004138946533203125"><skipped message="Suite splitting in effect" type="pytest.skip">src/pymortests/vectorarray.py:194: Suite splitting in effect</skipped></testcase><testcase classname="src.pymortests.vectorarray" file="src/pymortests/vectorarray.py" line="194" name="test_shape[1-&lt;lambda&gt;16]" time="0.00038504600524902344"><skipped message="Suite splitting in effect" type="pytest.skip">src/pymortests/vectorarray.py:194: Suite splitting in effect</skipped></testcase><testcase classname="src.pymortests.vectorarray" file="src/pymortests/vectorarray.py" line="194" name="test_shape[1-&lt;lambda&gt;17]" time="0.0004019737243652344"><skipped message="Suite splitting in effect" type="pytest.skip">src/pymortests/vectorarray.py:194: Suite splitting in effect</skipped></testcase><testcase classname="src.pymortests.vectorarray" file="src/pymortests/vectorarray.py" line="194" name="test_shape[1-&lt;lambda&gt;18]" time="0.0006902217864990234"><skipped message="Suite splitting in effect" type="pytest.skip">src/pymortests/vectorarray.py:194: Suite splitting in effect</skipped></testcase><testcase classname="src.pymortests.vectorarray" file="src/pymortests/vectorarray.py" line="194" name="test_shape[1-&lt;lambda&gt;19]" time="0.0003883838653564453"><skipped message="Suite splitting in effect" type="pytest.skip">src/pymortests/vectorarray.py:194: Suite splitting in effect</skipped></testcase><testcase classname="src.pymortests.vectorarray" file="src/pymortests/vectorarray.py" line="194" name="test_shape[1-&lt;lambda&gt;20]" time="0.00038504600524902344"><skipped message="Suite splitting in effect" type="pytest.skip">src/pymortests/vectorarray.py:194: Suite splitting in effect</skipped></testcase><testcase classname="src.pymortests.vectorarray" file="src/pymortests/vectorarray.py" line="194" name="test_shape[1-&lt;lambda&gt;21]" time="0.00041294097900390625"><skipped message="Suite splitting in effect" type="pytest.skip">src/pymortests/vectorarray.py:194: Suite splitting in effect</skipped></testcase><testcase classname="src.pymortests.vectorarray" file="src/pymortests/vectorarray.py" line="194" name="test_shape[1-&lt;lambda&gt;22]" time="0.00042748451232910156"><skipped message="Suite splitting in effect" type="pytest.skip">src/pymortests/vectorarray.py:194: Suite splitting in effect</skipped></testcase><testcase classname="src.pymortests.vectorarray" file="src/pymortests/vectorarray.py" line="194" name="test_shape[1-&lt;lambda&gt;23]" time="0.0004138946533203125"><skipped message="Suite splitting in effect" type="pytest.skip">src/pymortests/vectorarray.py:194: Suite splitting in effect</skipped></testcase><testcase classname="src.pymortests.vectorarray" file="src/pymortests/vectorarray.py" line="194" name="test_shape[1-&lt;lambda&gt;24]" time="0.0003848075866699219"><skipped message="Suite splitting in effect" type="pytest.skip">src/pymortests/vectorarray.py:194: Suite splitting in effect</skipped></testcase><testcase classname="src.pymortests.vectorarray" file="src/pymortests/vectorarray.py" line="194" name="test_shape[1-&lt;lambda&gt;25]" time="0.0004115104675292969"><skipped message="Suite splitting in effect" type="pytest.skip">src/pymortests/vectorarray.py:194: Suite splitting in effect</skipped></testcase><testcase classname="src.pymortests.vectorarray" file="src/pymortests/vectorarray.py" line="194" name="test_shape[1-&lt;lambda&gt;26]" time="0.0006437301635742188"><skipped message="Suite splitting in effect" type="pytest.skip">src/pymortests/vectorarray.py:194: Suite splitting in effect</skipped></testcase><testcase classname="src.pymortests.vectorarray" file="src/pymortests/vectorarray.py" line="194" name="test_shape[2-&lt;lambda&gt;0]" time="0.0004036426544189453"><skipped message="Suite splitting in effect" type="pytest.skip">src/pymortests/vectorarray.py:194: Suite splitting in effect</skipped></testcase><testcase classname="src.pymortests.vectorarray" file="src/pymortests/vectorarray.py" line="194" name="test_shape[2-&lt;lambda&gt;1]" time="0.00040984153747558594"><skipped message="Suite splitting in effect" type="pytest.skip">src/pymortests/vectorarray.py:194: Suite splitting in effect</skipped></testcase><testcase classname="src.pymortests.vectorarray" file="src/pymortests/vectorarray.py" line="194" name="test_shape[2-&lt;lambda&gt;2]" time="0.000423431396484375"><skipped message="Suite splitting in effect" type="pytest.skip">src/pymortests/vectorarray.py:194: Suite splitting in effect</skipped></testcase><testcase classname="src.pymortests.vectorarray" file="src/pymortests/vectorarray.py" line="194" name="test_shape[2-&lt;lambda&gt;3]" time="0.0003952980041503906"><skipped message="Suite splitting in effect" type="pytest.skip">src/pymortests/vectorarray.py:194: Suite splitting in effect</skipped></testcase><testcase classname="src.pymortests.vectorarray" file="src/pymortests/vectorarray.py" line="194" name="test_shape[2-&lt;lambda&gt;4]" time="0.00041604042053222656"><skipped message="Suite splitting in effect" type="pytest.skip">src/pymortests/vectorarray.py:194: Suite splitting in effect</skipped></testcase><testcase classname="src.pymortests.vectorarray" file="src/pymortests/vectorarray.py" line="194" name="test_shape[2-&lt;lambda&gt;5]" time="0.0004162788391113281"><skipped message="Suite splitting in effect" type="pytest.skip">src/pymortests/vectorarray.py:194: Suite splitting in effect</skipped></testcase><testcase classname="src.pymortests.vectorarray" file="src/pymortests/vectorarray.py" line="194" name="test_shape[2-&lt;lambda&gt;6]" time="0.00039076805114746094"><skipped message="Suite splitting in effect" type="pytest.skip">src/pymortests/vectorarray.py:194: Suite splitting in effect</skipped></testcase><testcase classname="src.pymortests.vectorarray" file="src/pymortests/vectorarray.py" line="194" name="test_shape[2-&lt;lambda&gt;7]" time="0.0006620883941650391"><skipped message="Suite splitting in effect" type="pytest.skip">src/pymortests/vectorarray.py:194: Suite splitting in effect</skipped></testcase><testcase classname="src.pymortests.vectorarray" file="src/pymortests/vectorarray.py" line="194" name="test_shape[2-&lt;lambda&gt;8]" time="0.00041103363037109375"><skipped message="Suite splitting in effect" type="pytest.skip">src/pymortests/vectorarray.py:194: Suite splitting in effect</skipped></testcase><testcase classname="src.pymortests.vectorarray" file="src/pymortests/vectorarray.py" line="194" name="test_shape[2-&lt;lambda&gt;9]" time="0.0004100799560546875"><skipped message="Suite splitting in effect" type="pytest.skip">src/pymortests/vectorarray.py:194: Suite splitting in effect</skipped></testcase><testcase classname="src.pymortests.vectorarray" file="src/pymortests/vectorarray.py" line="194" name="test_shape[2-&lt;lambda&gt;10]" time="0.0003910064697265625"><skipped message="Suite splitting in effect" type="pytest.skip">src/pymortests/vectorarray.py:194: Suite splitting in effect</skipped></testcase><testcase classname="src.pymortests.vectorarray" file="src/pymortests/vectorarray.py" line="194" name="test_shape[2-&lt;lambda&gt;11]" time="0.0003943443298339844"><skipped message="Suite splitting in effect" type="pytest.skip">src/pymortests/vectorarray.py:194: Suite splitting in effect</skipped></testcase><testcase classname="src.pymortests.vectorarray" file="src/pymortests/vectorarray.py" line="194" name="test_shape[2-&lt;lambda&gt;12]" time="0.0003952980041503906"><skipped message="Suite splitting in effect" type="pytest.skip">src/pymortests/vectorarray.py:194: Suite splitting in effect</skipped></testcase><testcase classname="src.pymortests.vectorarray" file="src/pymortests/vectorarray.py" line="194" name="test_shape[2-&lt;lambda&gt;13]" time="0.00046634674072265625"><skipped message="Suite splitting in effect" type="pytest.skip">src/pymortests/vectorarray.py:194: Suite splitting in effect</skipped></testcase><testcase classname="src.pymortests.vectorarray" file="src/pymortests/vectorarray.py" line="194" name="test_shape[2-&lt;lambda&gt;14]" time="0.00039958953857421875"><skipped message="Suite splitting in effect" type="pytest.skip">src/pymortests/vectorarray.py:194: Suite splitting in effect</skipped></testcase><testcase classname="src.pymortests.vectorarray" file="src/pymortests/vectorarray.py" line="194" name="test_shape[2-&lt;lambda&gt;15]" time="0.0006582736968994141"><skipped message="Suite splitting in effect" type="pytest.skip">src/pymortests/vectorarray.py:194: Suite splitting in effect</skipped></testcase><testcase classname="src.pymortests.vectorarray" file="src/pymortests/vectorarray.py" line="194" name="test_shape[2-&lt;lambda&gt;16]" time="0.0004181861877441406"><skipped message="Suite splitting in effect" type="pytest.skip">src/pymortests/vectorarray.py:194: Suite splitting in effect</skipped></testcase><testcase classname="src.pymortests.vectorarray" file="src/pymortests/vectorarray.py" line="194" name="test_shape[2-&lt;lambda&gt;17]" time="0.0004208087921142578"><skipped message="Suite splitting in effect" type="pytest.skip">src/pymortests/vectorarray.py:194: Suite splitting in effect</skipped></testcase><testcase classname="src.pymortests.vectorarray" file="src/pymortests/vectorarray.py" line="194" name="test_shape[2-&lt;lambda&gt;18]" time="0.00039505958557128906"><skipped message="Suite splitting in effect" type="pytest.skip">src/pymortests/vectorarray.py:194: Suite splitting in effect</skipped></testcase><testcase classname="src.pymortests.vectorarray" file="src/pymortests/vectorarray.py" line="194" name="test_shape[2-&lt;lambda&gt;19]" time="0.000396728515625"><skipped message="Suite splitting in effect" type="pytest.skip">src/pymortests/vectorarray.py:194: Suite splitting in effect</skipped></testcase><testcase classname="src.pymortests.vectorarray" file="src/pymortests/vectorarray.py" line="194" name="test_shape[2-&lt;lambda&gt;20]" time="0.00040793418884277344"><skipped message="Suite splitting in effect" type="pytest.skip">src/pymortests/vectorarray.py:194: Suite splitting in effect</skipped></testcase><testcase classname="src.pymortests.vectorarray" file="src/pymortests/vectorarray.py" line="194" name="test_shape[2-&lt;lambda&gt;21]" time="0.0004177093505859375"><skipped message="Suite splitting in effect" type="pytest.skip">src/pymortests/vectorarray.py:194: Suite splitting in effect</skipped></testcase><testcase classname="src.pymortests.vectorarray" file="src/pymortests/vectorarray.py" line="194" name="test_shape[2-&lt;lambda&gt;22]" time="0.0004107952117919922"><skipped message="Suite splitting in effect" type="pytest.skip">src/pymortests/vectorarray.py:194: Suite splitting in effect</skipped></testcase><testcase classname="src.pymortests.vectorarray" file="src/pymortests/vectorarray.py" line="194" name="test_shape[2-&lt;lambda&gt;23]" time="0.0006635189056396484"><skipped message="Suite splitting in effect" type="pytest.skip">src/pymortests/vectorarray.py:194: Suite splitting in effect</skipped></testcase><testcase classname="src.pymortests.vectorarray" file="src/pymortests/vectorarray.py" line="194" name="test_shape[2-&lt;lambda&gt;24]" time="0.0003921985626220703"><skipped message="Suite splitting in effect" type="pytest.skip">src/pymortests/vectorarray.py:194: Suite splitting in effect</skipped></testcase><testcase classname="src.pymortests.vectorarray" file="src/pymortests/vectorarray.py" line="194" name="test_shape[2-&lt;lambda&gt;25]" time="0.0004143714904785156"><skipped message="Suite splitting in effect" type="pytest.skip">src/pymortests/vectorarray.py:194: Suite splitting in effect</skipped></testcase><testcase classname="src.pymortests.vectorarray" file="src/pymortests/vectorarray.py" line="194" name="test_shape[2-&lt;lambda&gt;26]" time="0.00041294097900390625"><skipped message="Suite splitting in effect" type="pytest.skip">src/pymortests/vectorarray.py:194: Suite splitting in effect</skipped></testcase><testcase classname="src.pymortests.vectorarray" file="src/pymortests/vectorarray.py" line="204" name="test_space[0-&lt;lambda&gt;0]" time="0.00039267539978027344"><skipped message="Suite splitting in effect" type="pytest.skip">src/pymortests/vectorarray.py:204: Suite splitting in effect</skipped></testcase><testcase classname="src.pymortests.vectorarray" file="src/pymortests/vectorarray.py" line="204" name="test_space[0-&lt;lambda&gt;1]" time="0.0004172325134277344"><skipped message="Suite splitting in effect" type="pytest.skip">src/pymortests/vectorarray.py:204: Suite splitting in effect</skipped></testcase><testcase classname="src.pymortests.vectorarray" file="src/pymortests/vectorarray.py" line="204" name="test_space[0-&lt;lambda&gt;2]" time="0.0003871917724609375"><skipped message="Suite splitting in effect" type="pytest.skip">src/pymortests/vectorarray.py:204: Suite splitting in effect</skipped></testcase><testcase classname="src.pymortests.vectorarray" file="src/pymortests/vectorarray.py" line="204" name="test_space[0-&lt;lambda&gt;3]" time="0.0004222393035888672"><skipped message="Suite splitting in effect" type="pytest.skip">src/pymortests/vectorarray.py:204: Suite splitting in effect</skipped></testcase><testcase classname="src.pymortests.vectorarray" file="src/pymortests/vectorarray.py" line="204" name="test_space[0-&lt;lambda&gt;4]" time="0.0006651878356933594"><skipped message="Suite splitting in effect" type="pytest.skip">src/pymortests/vectorarray.py:204: Suite splitting in effect</skipped></testcase><testcase classname="src.pymortests.vectorarray" file="src/pymortests/vectorarray.py" line="204" name="test_space[0-&lt;lambda&gt;5]" time="0.0003848075866699219"><skipped message="Suite splitting in effect" type="pytest.skip">src/pymortests/vectorarray.py:204: Suite splitting in effect</skipped></testcase><testcase classname="src.pymortests.vectorarray" file="src/pymortests/vectorarray.py" line="204" name="test_space[0-&lt;lambda&gt;6]" time="0.00039196014404296875"><skipped message="Suite splitting in effect" type="pytest.skip">src/pymortests/vectorarray.py:204: Suite splitting in effect</skipped></testcase><testcase classname="src.pymortests.vectorarray" file="src/pymortests/vectorarray.py" line="204" name="test_space[0-&lt;lambda&gt;7]" time="0.0004143714904785156"><skipped message="Suite splitting in effect" type="pytest.skip">src/pymortests/vectorarray.py:204: Suite splitting in effect</skipped></testcase><testcase classname="src.pymortests.vectorarray" file="src/pymortests/vectorarray.py" line="204" name="test_space[0-&lt;lambda&gt;8]" time="0.00041174888610839844"><skipped message="Suite splitting in effect" type="pytest.skip">src/pymortests/vectorarray.py:204: Suite splitting in effect</skipped></testcase><testcase classname="src.pymortests.vectorarray" file="src/pymortests/vectorarray.py" line="204" name="test_space[0-&lt;lambda&gt;9]" time="0.00041747093200683594"><skipped message="Suite splitting in effect" type="pytest.skip">src/pymortests/vectorarray.py:204: Suite splitting in effect</skipped></testcase><testcase classname="src.pymortests.vectorarray" file="src/pymortests/vectorarray.py" line="204" name="test_space[0-&lt;lambda&gt;10]" time="0.000545501708984375"><skipped message="Suite splitting in effect" type="pytest.skip">src/pymortests/vectorarray.py:204: Suite splitting in effect</skipped></testcase><testcase classname="src.pymortests.vectorarray" file="src/pymortests/vectorarray.py" line="204" name="test_space[0-&lt;lambda&gt;11]" time="0.0005183219909667969"><skipped message="Suite splitting in effect" type="pytest.skip">src/pymortests/vectorarray.py:204: Suite splitting in effect</skipped></testcase><testcase classname="src.pymortests.vectorarray" file="src/pymortests/vectorarray.py" line="204" name="test_space[0-&lt;lambda&gt;12]" time="0.0009534358978271484"><skipped message="Suite splitting in effect" type="pytest.skip">src/pymortests/vectorarray.py:204: Suite splitting in effect</skipped></testcase><testcase classname="src.pymortests.vectorarray" file="src/pymortests/vectorarray.py" line="204" name="test_space[0-&lt;lambda&gt;13]" time="0.0003910064697265625"><skipped message="Suite splitting in effect" type="pytest.skip">src/pymortests/vectorarray.py:204: Suite splitting in effect</skipped></testcase><testcase classname="src.pymortests.vectorarray" file="src/pymortests/vectorarray.py" line="204" name="test_space[0-&lt;lambda&gt;14]" time="0.0004019737243652344"><skipped message="Suite splitting in effect" type="pytest.skip">src/pymortests/vectorarray.py:204: Suite splitting in effect</skipped></testcase><testcase classname="src.pymortests.vectorarray" file="src/pymortests/vectorarray.py" line="204" name="test_space[0-&lt;lambda&gt;15]" time="0.0003941059112548828"><skipped message="Suite splitting in effect" type="pytest.skip">src/pymortests/vectorarray.py:204: Suite splitting in effect</skipped></testcase><testcase classname="src.pymortests.vectorarray" file="src/pymortests/vectorarray.py" line="204" name="test_space[0-&lt;lambda&gt;16]" time="0.00041413307189941406"><skipped message="Suite splitting in effect" type="pytest.skip">src/pymortests/vectorarray.py:204: Suite splitting in effect</skipped></testcase><testcase classname="src.pymortests.vectorarray" file="src/pymortests/vectorarray.py" line="204" name="test_space[0-&lt;lambda&gt;17]" time="0.0004096031188964844"><skipped message="Suite splitting in effect" type="pytest.skip">src/pymortests/vectorarray.py:204: Suite splitting in effect</skipped></testcase><testcase classname="src.pymortests.vectorarray" file="src/pymortests/vectorarray.py" line="204" name="test_space[0-&lt;lambda&gt;18]" time="0.00038743019104003906"><skipped message="Suite splitting in effect" type="pytest.skip">src/pymortests/vectorarray.py:204: Suite splitting in effect</skipped></testcase><testcase classname="src.pymortests.vectorarray" file="src/pymortests/vectorarray.py" line="204" name="test_space[0-&lt;lambda&gt;19]" time="0.00042819976806640625"><skipped message="Suite splitting in effect" type="pytest.skip">src/pymortests/vectorarray.py:204: Suite splitting in effect</skipped></testcase><testcase classname="src.pymortests.vectorarray" file="src/pymortests/vectorarray.py" line="204" name="test_space[0-&lt;lambda&gt;20]" time="0.0008654594421386719"><skipped message="Suite splitting in effect" type="pytest.skip">src/pymortests/vectorarray.py:204: Suite splitting in effect</skipped></testcase><testcase classname="src.pymortests.vectorarray" file="src/pymortests/vectorarray.py" line="204" name="test_space[0-&lt;lambda&gt;21]" time="0.00040793418884277344"><skipped message="Suite splitting in effect" type="pytest.skip">src/pymortests/vectorarray.py:204: Suite splitting in effect</skipped></testcase><testcase classname="src.pymortests.vectorarray" file="src/pymortests/vectorarray.py" line="204" name="test_space[0-&lt;lambda&gt;22]" time="0.00041413307189941406"><skipped message="Suite splitting in effect" type="pytest.skip">src/pymortests/vectorarray.py:204: Suite splitting in effect</skipped></testcase><testcase classname="src.pymortests.vectorarray" file="src/pymortests/vectorarray.py" line="204" name="test_space[0-&lt;lambda&gt;23]" time="0.0004093647003173828"><skipped message="Suite splitting in effect" type="pytest.skip">src/pymortests/vectorarray.py:204: Suite splitting in effect</skipped></testcase><testcase classname="src.pymortests.vectorarray" file="src/pymortests/vectorarray.py" line="204" name="test_space[0-&lt;lambda&gt;24]" time="0.0003921985626220703"><skipped message="Suite splitting in effect" type="pytest.skip">src/pymortests/vectorarray.py:204: Suite splitting in effect</skipped></testcase><testcase classname="src.pymortests.vectorarray" file="src/pymortests/vectorarray.py" line="204" name="test_space[0-&lt;lambda&gt;25]" time="0.00038743019104003906"><skipped message="Suite splitting in effect" type="pytest.skip">src/pymortests/vectorarray.py:204: Suite splitting in effect</skipped></testcase><testcase classname="src.pymortests.vectorarray" file="src/pymortests/vectorarray.py" line="204" name="test_space[0-&lt;lambda&gt;26]" time="0.00040340423583984375"><skipped message="Suite splitting in effect" type="pytest.skip">src/pymortests/vectorarray.py:204: Suite splitting in effect</skipped></testcase><testcase classname="src.pymortests.vectorarray" file="src/pymortests/vectorarray.py" line="204" name="test_space[1-&lt;lambda&gt;0]" time="0.0005319118499755859"><skipped message="Suite splitting in effect" type="pytest.skip">src/pymortests/vectorarray.py:204: Suite splitting in effect</skipped></testcase><testcase classname="src.pymortests.vectorarray" file="src/pymortests/vectorarray.py" line="204" name="test_space[1-&lt;lambda&gt;1]" time="0.0006375312805175781"><skipped message="Suite splitting in effect" type="pytest.skip">src/pymortests/vectorarray.py:204: Suite splitting in effect</skipped></testcase><testcase classname="src.pymortests.vectorarray" file="src/pymortests/vectorarray.py" line="204" name="test_space[1-&lt;lambda&gt;2]" time="0.00039267539978027344"><skipped message="Suite splitting in effect" type="pytest.skip">src/pymortests/vectorarray.py:204: Suite splitting in effect</skipped></testcase><testcase classname="src.pymortests.vectorarray" file="src/pymortests/vectorarray.py" line="204" name="test_space[1-&lt;lambda&gt;3]" time="0.00040602684020996094"><skipped message="Suite splitting in effect" type="pytest.skip">src/pymortests/vectorarray.py:204: Suite splitting in effect</skipped></testcase><testcase classname="src.pymortests.vectorarray" file="src/pymortests/vectorarray.py" line="204" name="test_space[1-&lt;lambda&gt;4]" time="0.00041604042053222656"><skipped message="Suite splitting in effect" type="pytest.skip">src/pymortests/vectorarray.py:204: Suite splitting in effect</skipped></testcase><testcase classname="src.pymortests.vectorarray" file="src/pymortests/vectorarray.py" line="204" name="test_space[1-&lt;lambda&gt;5]" time="0.0004150867462158203"><skipped message="Suite splitting in effect" type="pytest.skip">src/pymortests/vectorarray.py:204: Suite splitting in effect</skipped></testcase><testcase classname="src.pymortests.vectorarray" file="src/pymortests/vectorarray.py" line="204" name="test_space[1-&lt;lambda&gt;6]" time="0.0004315376281738281"><skipped message="Suite splitting in effect" type="pytest.skip">src/pymortests/vectorarray.py:204: Suite splitting in effect</skipped></testcase><testcase classname="src.pymortests.vectorarray" file="src/pymortests/vectorarray.py" line="204" name="test_space[1-&lt;lambda&gt;7]" time="0.0004229545593261719"><skipped message="Suite splitting in effect" type="pytest.skip">src/pymortests/vectorarray.py:204: Suite splitting in effect</skipped></testcase><testcase classname="src.pymortests.vectorarray" file="src/pymortests/vectorarray.py" line="204" name="test_space[1-&lt;lambda&gt;8]" time="0.0003960132598876953"><skipped message="Suite splitting in effect" type="pytest.skip">src/pymortests/vectorarray.py:204: Suite splitting in effect</skipped></testcase><testcase classname="src.pymortests.vectorarray" file="src/pymortests/vectorarray.py" line="204" name="test_space[1-&lt;lambda&gt;9]" time="0.0006563663482666016"><skipped message="Suite splitting in effect" type="pytest.skip">src/pymortests/vectorarray.py:204: Suite splitting in effect</skipped></testcase><testcase classname="src.pymortests.vectorarray" file="src/pymortests/vectorarray.py" line="204" name="test_space[1-&lt;lambda&gt;10]" time="0.00039076805114746094"><skipped message="Suite splitting in effect" type="pytest.skip">src/pymortests/vectorarray.py:204: Suite splitting in effect</skipped></testcase><testcase classname="src.pymortests.vectorarray" file="src/pymortests/vectorarray.py" line="204" name="test_space[1-&lt;lambda&gt;11]" time="0.00040650367736816406"><skipped message="Suite splitting in effect" type="pytest.skip">src/pymortests/vectorarray.py:204: Suite splitting in effect</skipped></testcase><testcase classname="src.pymortests.vectorarray" file="src/pymortests/vectorarray.py" line="204" name="test_space[1-&lt;lambda&gt;12]" time="0.0003859996795654297"><skipped message="Suite splitting in effect" type="pytest.skip">src/pymortests/vectorarray.py:204: Suite splitting in effect</skipped></testcase><testcase classname="src.pymortests.vectorarray" file="src/pymortests/vectorarray.py" line="204" name="test_space[1-&lt;lambda&gt;13]" time="0.00041604042053222656"><skipped message="Suite splitting in effect" type="pytest.skip">src/pymortests/vectorarray.py:204: Suite splitting in effect</skipped></testcase><testcase classname="src.pymortests.vectorarray" file="src/pymortests/vectorarray.py" line="204" name="test_space[1-&lt;lambda&gt;14]" time="0.00042819976806640625"><skipped message="Suite splitting in effect" type="pytest.skip">src/pymortests/vectorarray.py:204: Suite splitting in effect</skipped></testcase><testcase classname="src.pymortests.vectorarray" file="src/pymortests/vectorarray.py" line="204" name="test_space[1-&lt;lambda&gt;15]" time="0.00041294097900390625"><skipped message="Suite splitting in effect" type="pytest.skip">src/pymortests/vectorarray.py:204: Suite splitting in effect</skipped></testcase><testcase classname="src.pymortests.vectorarray" file="src/pymortests/vectorarray.py" line="204" name="test_space[1-&lt;lambda&gt;16]" time="0.0004229545593261719"><skipped message="Suite splitting in effect" type="pytest.skip">src/pymortests/vectorarray.py:204: Suite splitting in effect</skipped></testcase><testcase classname="src.pymortests.vectorarray" file="src/pymortests/vectorarray.py" line="204" name="test_space[1-&lt;lambda&gt;17]" time="0.0007054805755615234"><skipped message="Suite splitting in effect" type="pytest.skip">src/pymortests/vectorarray.py:204: Suite splitting in effect</skipped></testcase><testcase classname="src.pymortests.vectorarray" file="src/pymortests/vectorarray.py" line="204" name="test_space[1-&lt;lambda&gt;18]" time="0.0003933906555175781"><skipped message="Suite splitting in effect" type="pytest.skip">src/pymortests/vectorarray.py:204: Suite splitting in effect</skipped></testcase><testcase classname="src.pymortests.vectorarray" file="src/pymortests/vectorarray.py" line="204" name="test_space[1-&lt;lambda&gt;19]" time="0.0003829002380371094"><skipped message="Suite splitting in effect" type="pytest.skip">src/pymortests/vectorarray.py:204: Suite splitting in effect</skipped></testcase><testcase classname="src.pymortests.vectorarray" file="src/pymortests/vectorarray.py" line="204" name="test_space[1-&lt;lambda&gt;20]" time="0.00038504600524902344"><skipped message="Suite splitting in effect" type="pytest.skip">src/pymortests/vectorarray.py:204: Suite splitting in effect</skipped></testcase><testcase classname="src.pymortests.vectorarray" file="src/pymortests/vectorarray.py" line="204" name="test_space[1-&lt;lambda&gt;21]" time="0.0004146099090576172"><skipped message="Suite splitting in effect" type="pytest.skip">src/pymortests/vectorarray.py:204: Suite splitting in effect</skipped></testcase><testcase classname="src.pymortests.vectorarray" file="src/pymortests/vectorarray.py" line="204" name="test_space[1-&lt;lambda&gt;22]" time="0.0004336833953857422"><skipped message="Suite splitting in effect" type="pytest.skip">src/pymortests/vectorarray.py:204: Suite splitting in effect</skipped></testcase><testcase classname="src.pymortests.vectorarray" file="src/pymortests/vectorarray.py" line="204" name="test_space[1-&lt;lambda&gt;23]" time="0.0003924369812011719"><skipped message="Suite splitting in effect" type="pytest.skip">src/pymortests/vectorarray.py:204: Suite splitting in effect</skipped></testcase><testcase classname="src.pymortests.vectorarray" file="src/pymortests/vectorarray.py" line="204" name="test_space[1-&lt;lambda&gt;24]" time="0.0004100799560546875"><skipped message="Suite splitting in effect" type="pytest.skip">src/pymortests/vectorarray.py:204: Suite splitting in effect</skipped></testcase><testcase classname="src.pymortests.vectorarray" file="src/pymortests/vectorarray.py" line="204" name="test_space[1-&lt;lambda&gt;25]" time="0.0007150173187255859"><skipped message="Suite splitting in effect" type="pytest.skip">src/pymortests/vectorarray.py:204: Suite splitting in effect</skipped></testcase><testcase classname="src.pymortests.vectorarray" file="src/pymortests/vectorarray.py" line="204" name="test_space[1-&lt;lambda&gt;26]" time="0.000408172607421875"><skipped message="Suite splitting in effect" type="pytest.skip">src/pymortests/vectorarray.py:204: Suite splitting in effect</skipped></testcase><testcase classname="src.pymortests.vectorarray" file="src/pymortests/vectorarray.py" line="204" name="test_space[2-&lt;lambda&gt;0]" time="0.0003867149353027344"><skipped message="Suite splitting in effect" type="pytest.skip">src/pymortests/vectorarray.py:204: Suite splitting in effect</skipped></testcase><testcase classname="src.pymortests.vectorarray" file="src/pymortests/vectorarray.py" line="204" name="test_space[2-&lt;lambda&gt;1]" time="0.00040793418884277344"><skipped message="Suite splitting in effect" type="pytest.skip">src/pymortests/vectorarray.py:204: Suite splitting in effect</skipped></testcase><testcase classname="src.pymortests.vectorarray" file="src/pymortests/vectorarray.py" line="204" name="test_space[2-&lt;lambda&gt;2]" time="0.0004050731658935547"><skipped message="Suite splitting in effect" type="pytest.skip">src/pymortests/vectorarray.py:204: Suite splitting in effect</skipped></testcase><testcase classname="src.pymortests.vectorarray" file="src/pymortests/vectorarray.py" line="204" name="test_space[2-&lt;lambda&gt;3]" time="0.00042247772216796875"><skipped message="Suite splitting in effect" type="pytest.skip">src/pymortests/vectorarray.py:204: Suite splitting in effect</skipped></testcase><testcase classname="src.pymortests.vectorarray" file="src/pymortests/vectorarray.py" line="204" name="test_space[2-&lt;lambda&gt;4]" time="0.0003948211669921875"><skipped message="Suite splitting in effect" type="pytest.skip">src/pymortests/vectorarray.py:204: Suite splitting in effect</skipped></testcase><testcase classname="src.pymortests.vectorarray" file="src/pymortests/vectorarray.py" line="204" name="test_space[2-&lt;lambda&gt;5]" time="0.00041413307189941406"><skipped message="Suite splitting in effect" type="pytest.skip">src/pymortests/vectorarray.py:204: Suite splitting in effect</skipped></testcase><testcase classname="src.pymortests.vectorarray" file="src/pymortests/vectorarray.py" line="204" name="test_space[2-&lt;lambda&gt;6]" time="0.0006353855133056641"><skipped message="Suite splitting in effect" type="pytest.skip">src/pymortests/vectorarray.py:204: Suite splitting in effect</skipped></testcase><testcase classname="src.pymortests.vectorarray" file="src/pymortests/vectorarray.py" line="204" name="test_space[2-&lt;lambda&gt;7]" time="0.0004208087921142578"><skipped message="Suite splitting in effect" type="pytest.skip">src/pymortests/vectorarray.py:204: Suite splitting in effect</skipped></testcase><testcase classname="src.pymortests.vectorarray" file="src/pymortests/vectorarray.py" line="204" name="test_space[2-&lt;lambda&gt;8]" time="0.0004165172576904297"><skipped message="Suite splitting in effect" type="pytest.skip">src/pymortests/vectorarray.py:204: Suite splitting in effect</skipped></testcase><testcase classname="src.pymortests.vectorarray" file="src/pymortests/vectorarray.py" line="204" name="test_space[2-&lt;lambda&gt;9]" time="0.00040721893310546875"><skipped message="Suite splitting in effect" type="pytest.skip">src/pymortests/vectorarray.py:204: Suite splitting in effect</skipped></testcase><testcase classname="src.pymortests.vectorarray" file="src/pymortests/vectorarray.py" line="204" name="test_space[2-&lt;lambda&gt;10]" time="0.0003936290740966797"><skipped message="Suite splitting in effect" type="pytest.skip">src/pymortests/vectorarray.py:204: Suite splitting in effect</skipped></testcase><testcase classname="src.pymortests.vectorarray" file="src/pymortests/vectorarray.py" line="204" name="test_space[2-&lt;lambda&gt;11]" time="0.0003905296325683594"><skipped message="Suite splitting in effect" type="pytest.skip">src/pymortests/vectorarray.py:204: Suite splitting in effect</skipped></testcase><testcase classname="src.pymortests.vectorarray" file="src/pymortests/vectorarray.py" line="204" name="test_space[2-&lt;lambda&gt;12]" time="0.00039076805114746094"><skipped message="Suite splitting in effect" type="pytest.skip">src/pymortests/vectorarray.py:204: Suite splitting in effect</skipped></testcase><testcase classname="src.pymortests.vectorarray" file="src/pymortests/vectorarray.py" line="204" name="test_space[2-&lt;lambda&gt;13]" time="0.00041103363037109375"><skipped message="Suite splitting in effect" type="pytest.skip">src/pymortests/vectorarray.py:204: Suite splitting in effect</skipped></testcase><testcase classname="src.pymortests.vectorarray" file="src/pymortests/vectorarray.py" line="204" name="test_space[2-&lt;lambda&gt;14]" time="0.0006940364837646484"><skipped message="Suite splitting in effect" type="pytest.skip">src/pymortests/vectorarray.py:204: Suite splitting in effect</skipped></testcase><testcase classname="src.pymortests.vectorarray" file="src/pymortests/vectorarray.py" line="204" name="test_space[2-&lt;lambda&gt;15]" time="0.0004169940948486328"><skipped message="Suite splitting in effect" type="pytest.skip">src/pymortests/vectorarray.py:204: Suite splitting in effect</skipped></testcase><testcase classname="src.pymortests.vectorarray" file="src/pymortests/vectorarray.py" line="204" name="test_space[2-&lt;lambda&gt;16]" time="0.0004134178161621094"><skipped message="Suite splitting in effect" type="pytest.skip">src/pymortests/vectorarray.py:204: Suite splitting in effect</skipped></testcase><testcase classname="src.pymortests.vectorarray" file="src/pymortests/vectorarray.py" line="204" name="test_space[2-&lt;lambda&gt;17]" time="0.00041222572326660156"><skipped message="Suite splitting in effect" type="pytest.skip">src/pymortests/vectorarray.py:204: Suite splitting in effect</skipped></testcase><testcase classname="src.pymortests.vectorarray" file="src/pymortests/vectorarray.py" line="204" name="test_space[2-&lt;lambda&gt;18]" time="0.00041604042053222656"><skipped message="Suite splitting in effect" type="pytest.skip">src/pymortests/vectorarray.py:204: Suite splitting in effect</skipped></testcase><testcase classname="src.pymortests.vectorarray" file="src/pymortests/vectorarray.py" line="204" name="test_space[2-&lt;lambda&gt;19]" time="0.00040793418884277344"><skipped message="Suite splitting in effect" type="pytest.skip">src/pymortests/vectorarray.py:204: Suite splitting in effect</skipped></testcase><testcase classname="src.pymortests.vectorarray" file="src/pymortests/vectorarray.py" line="204" name="test_space[2-&lt;lambda&gt;20]" time="0.0003921985626220703"><skipped message="Suite splitting in effect" type="pytest.skip">src/pymortests/vectorarray.py:204: Suite splitting in effect</skipped></testcase><testcase classname="src.pymortests.vectorarray" file="src/pymortests/vectorarray.py" line="204" name="test_space[2-&lt;lambda&gt;21]" time="0.0003943443298339844"><skipped message="Suite splitting in effect" type="pytest.skip">src/pymortests/vectorarray.py:204: Suite splitting in effect</skipped></testcase><testcase classname="src.pymortests.vectorarray" file="src/pymortests/vectorarray.py" line="204" name="test_space[2-&lt;lambda&gt;22]" time="0.0007009506225585938"><skipped message="Suite splitting in effect" type="pytest.skip">src/pymortests/vectorarray.py:204: Suite splitting in effect</skipped></testcase><testcase classname="src.pymortests.vectorarray" file="src/pymortests/vectorarray.py" line="204" name="test_space[2-&lt;lambda&gt;23]" time="0.00043892860412597656"><skipped message="Suite splitting in effect" type="pytest.skip">src/pymortests/vectorarray.py:204: Suite splitting in effect</skipped></testcase><testcase classname="src.pymortests.vectorarray" file="src/pymortests/vectorarray.py" line="204" name="test_space[2-&lt;lambda&gt;24]" time="0.00042700767517089844"><skipped message="Suite splitting in effect" type="pytest.skip">src/pymortests/vectorarray.py:204: Suite splitting in effect</skipped></testcase><testcase classname="src.pymortests.vectorarray" file="src/pymortests/vectorarray.py" line="204" name="test_space[2-&lt;lambda&gt;25]" time="0.0004134178161621094"><skipped message="Suite splitting in effect" type="pytest.skip">src/pymortests/vectorarray.py:204: Suite splitting in effect</skipped></testcase><testcase classname="src.pymortests.vectorarray" file="src/pymortests/vectorarray.py" line="204" name="test_space[2-&lt;lambda&gt;26]" time="0.0003991127014160156"><skipped message="Suite splitting in effect" type="pytest.skip">src/pymortests/vectorarray.py:204: Suite splitting in effect</skipped></testcase><testcase classname="src.pymortests.vectorarray" file="src/pymortests/vectorarray.py" line="210" name="test_getitem_repeated[0-&lt;lambda&gt;0]" time="0.00041937828063964844"><skipped message="Suite splitting in effect" type="pytest.skip">src/pymortests/vectorarray.py:210: Suite splitting in effect</skipped></testcase><testcase classname="src.pymortests.vectorarray" file="src/pymortests/vectorarray.py" line="210" name="test_getitem_repeated[0-&lt;lambda&gt;1]" time="0.000408172607421875"><skipped message="Suite splitting in effect" type="pytest.skip">src/pymortests/vectorarray.py:210: Suite splitting in effect</skipped></testcase><testcase classname="src.pymortests.vectorarray" file="src/pymortests/vectorarray.py" line="210" name="test_getitem_repeated[0-&lt;lambda&gt;2]" time="0.00039386749267578125"><skipped message="Suite splitting in effect" type="pytest.skip">src/pymortests/vectorarray.py:210: Suite splitting in effect</skipped></testcase><testcase classname="src.pymortests.vectorarray" file="src/pymortests/vectorarray.py" line="210" name="test_getitem_repeated[0-&lt;lambda&gt;3]" time="0.0006847381591796875"><skipped message="Suite splitting in effect" type="pytest.skip">src/pymortests/vectorarray.py:210: Suite splitting in effect</skipped></testcase><testcase classname="src.pymortests.vectorarray" file="src/pymortests/vectorarray.py" line="210" name="test_getitem_repeated[0-&lt;lambda&gt;4]" time="0.0004093647003173828"><skipped message="Suite splitting in effect" type="pytest.skip">src/pymortests/vectorarray.py:210: Suite splitting in effect</skipped></testcase><testcase classname="src.pymortests.vectorarray" file="src/pymortests/vectorarray.py" line="210" name="test_getitem_repeated[0-&lt;lambda&gt;5]" time="0.0003917217254638672"><skipped message="Suite splitting in effect" type="pytest.skip">src/pymortests/vectorarray.py:210: Suite splitting in effect</skipped></testcase><testcase classname="src.pymortests.vectorarray" file="src/pymortests/vectorarray.py" line="210" name="test_getitem_repeated[0-&lt;lambda&gt;6]" time="0.00040602684020996094"><skipped message="Suite splitting in effect" type="pytest.skip">src/pymortests/vectorarray.py:210: Suite splitting in effect</skipped></testcase><testcase classname="src.pymortests.vectorarray" file="src/pymortests/vectorarray.py" line="210" name="test_getitem_repeated[0-&lt;lambda&gt;7]" time="0.0003876686096191406"><skipped message="Suite splitting in effect" type="pytest.skip">src/pymortests/vectorarray.py:210: Suite splitting in effect</skipped></testcase><testcase classname="src.pymortests.vectorarray" file="src/pymortests/vectorarray.py" line="210" name="test_getitem_repeated[0-&lt;lambda&gt;8]" time="0.0004177093505859375"><skipped message="Suite splitting in effect" type="pytest.skip">src/pymortests/vectorarray.py:210: Suite splitting in effect</skipped></testcase><testcase classname="src.pymortests.vectorarray" file="src/pymortests/vectorarray.py" line="210" name="test_getitem_repeated[0-&lt;lambda&gt;9]" time="0.00041747093200683594"><skipped message="Suite splitting in effect" type="pytest.skip">src/pymortests/vectorarray.py:210: Suite splitting in effect</skipped></testcase><testcase classname="src.pymortests.vectorarray" file="src/pymortests/vectorarray.py" line="210" name="test_getitem_repeated[0-&lt;lambda&gt;10]" time="0.0004143714904785156"><skipped message="Suite splitting in effect" type="pytest.skip">src/pymortests/vectorarray.py:210: Suite splitting in effect</skipped></testcase><testcase classname="src.pymortests.vectorarray" file="src/pymortests/vectorarray.py" line="210" name="test_getitem_repeated[0-&lt;lambda&gt;11]" time="0.0006732940673828125"><skipped message="Suite splitting in effect" type="pytest.skip">src/pymortests/vectorarray.py:210: Suite splitting in effect</skipped></testcase><testcase classname="src.pymortests.vectorarray" file="src/pymortests/vectorarray.py" line="210" name="test_getitem_repeated[0-&lt;lambda&gt;12]" time="0.00039005279541015625"><skipped message="Suite splitting in effect" type="pytest.skip">src/pymortests/vectorarray.py:210: Suite splitting in effect</skipped></testcase><testcase classname="src.pymortests.vectorarray" file="src/pymortests/vectorarray.py" line="210" name="test_getitem_repeated[0-&lt;lambda&gt;13]" time="0.0004177093505859375"><skipped message="Suite splitting in effect" type="pytest.skip">src/pymortests/vectorarray.py:210: Suite splitting in effect</skipped></testcase><testcase classname="src.pymortests.vectorarray" file="src/pymortests/vectorarray.py" line="210" name="test_getitem_repeated[0-&lt;lambda&gt;14]" time="0.000396728515625"><skipped message="Suite splitting in effect" type="pytest.skip">src/pymortests/vectorarray.py:210: Suite splitting in effect</skipped></testcase><testcase classname="src.pymortests.vectorarray" file="src/pymortests/vectorarray.py" line="210" name="test_getitem_repeated[0-&lt;lambda&gt;15]" time="0.00039768218994140625"><skipped message="Suite splitting in effect" type="pytest.skip">src/pymortests/vectorarray.py:210: Suite splitting in effect</skipped></testcase><testcase classname="src.pymortests.vectorarray" file="src/pymortests/vectorarray.py" line="210" name="test_getitem_repeated[0-&lt;lambda&gt;16]" time="0.00039124488830566406"><skipped message="Suite splitting in effect" type="pytest.skip">src/pymortests/vectorarray.py:210: Suite splitting in effect</skipped></testcase><testcase classname="src.pymortests.vectorarray" file="src/pymortests/vectorarray.py" line="210" name="test_getitem_repeated[0-&lt;lambda&gt;17]" time="0.0004432201385498047"><skipped message="Suite splitting in effect" type="pytest.skip">src/pymortests/vectorarray.py:210: Suite splitting in effect</skipped></testcase><testcase classname="src.pymortests.vectorarray" file="src/pymortests/vectorarray.py" line="210" name="test_getitem_repeated[0-&lt;lambda&gt;18]" time="0.00041294097900390625"><skipped message="Suite splitting in effect" type="pytest.skip">src/pymortests/vectorarray.py:210: Suite splitting in effect</skipped></testcase><testcase classname="src.pymortests.vectorarray" file="src/pymortests/vectorarray.py" line="210" name="test_getitem_repeated[0-&lt;lambda&gt;19]" time="0.0006723403930664062"><skipped message="Suite splitting in effect" type="pytest.skip">src/pymortests/vectorarray.py:210: Suite splitting in effect</skipped></testcase><testcase classname="src.pymortests.vectorarray" file="src/pymortests/vectorarray.py" line="210" name="test_getitem_repeated[0-&lt;lambda&gt;20]" time="0.00038886070251464844"><skipped message="Suite splitting in effect" type="pytest.skip">src/pymortests/vectorarray.py:210: Suite splitting in effect</skipped></testcase><testcase classname="src.pymortests.vectorarray" file="src/pymortests/vectorarray.py" line="210" name="test_getitem_repeated[0-&lt;lambda&gt;21]" time="0.00041604042053222656"><skipped message="Suite splitting in effect" type="pytest.skip">src/pymortests/vectorarray.py:210: Suite splitting in effect</skipped></testcase><testcase classname="src.pymortests.vectorarray" file="src/pymortests/vectorarray.py" line="210" name="test_getitem_repeated[0-&lt;lambda&gt;22]" time="0.0004127025604248047"><skipped message="Suite splitting in effect" type="pytest.skip">src/pymortests/vectorarray.py:210: Suite splitting in effect</skipped></testcase><testcase classname="src.pymortests.vectorarray" file="src/pymortests/vectorarray.py" line="210" name="test_getitem_repeated[0-&lt;lambda&gt;23]" time="0.0004119873046875"><skipped message="Suite splitting in effect" type="pytest.skip">src/pymortests/vectorarray.py:210: Suite splitting in effect</skipped></testcase><testcase classname="src.pymortests.vectorarray" file="src/pymortests/vectorarray.py" line="210" name="test_getitem_repeated[0-&lt;lambda&gt;24]" time="0.00039124488830566406"><skipped message="Suite splitting in effect" type="pytest.skip">src/pymortests/vectorarray.py:210: Suite splitting in effect</skipped></testcase><testcase classname="src.pymortests.vectorarray" file="src/pymortests/vectorarray.py" line="210" name="test_getitem_repeated[0-&lt;lambda&gt;25]" time="0.00038933753967285156"><skipped message="Suite splitting in effect" type="pytest.skip">src/pymortests/vectorarray.py:210: Suite splitting in effect</skipped></testcase><testcase classname="src.pymortests.vectorarray" file="src/pymortests/vectorarray.py" line="210" name="test_getitem_repeated[0-&lt;lambda&gt;26]" time="0.0003972053527832031"><skipped message="Suite splitting in effect" type="pytest.skip">src/pymortests/vectorarray.py:210: Suite splitting in effect</skipped></testcase><testcase classname="src.pymortests.vectorarray" file="src/pymortests/vectorarray.py" line="210" name="test_getitem_repeated[1-&lt;lambda&gt;0]" time="0.0006601810455322266"><skipped message="Suite splitting in effect" type="pytest.skip">src/pymortests/vectorarray.py:210: Suite splitting in effect</skipped></testcase><testcase classname="src.pymortests.vectorarray" file="src/pymortests/vectorarray.py" line="210" name="test_getitem_repeated[1-&lt;lambda&gt;1]" time="0.00040531158447265625"><skipped message="Suite splitting in effect" type="pytest.skip">src/pymortests/vectorarray.py:210: Suite splitting in effect</skipped></testcase><testcase classname="src.pymortests.vectorarray" file="src/pymortests/vectorarray.py" line="210" name="test_getitem_repeated[1-&lt;lambda&gt;2]" time="0.0003879070281982422"><skipped message="Suite splitting in effect" type="pytest.skip">src/pymortests/vectorarray.py:210: Suite splitting in effect</skipped></testcase><testcase classname="src.pymortests.vectorarray" file="src/pymortests/vectorarray.py" line="210" name="test_getitem_repeated[1-&lt;lambda&gt;3]" time="0.00039124488830566406"><skipped message="Suite splitting in effect" type="pytest.skip">src/pymortests/vectorarray.py:210: Suite splitting in effect</skipped></testcase><testcase classname="src.pymortests.vectorarray" file="src/pymortests/vectorarray.py" line="210" name="test_getitem_repeated[1-&lt;lambda&gt;4]" time="0.0003876686096191406"><skipped message="Suite splitting in effect" type="pytest.skip">src/pymortests/vectorarray.py:210: Suite splitting in effect</skipped></testcase><testcase classname="src.pymortests.vectorarray" file="src/pymortests/vectorarray.py" line="210" name="test_getitem_repeated[1-&lt;lambda&gt;5]" time="0.00041866302490234375"><skipped message="Suite splitting in effect" type="pytest.skip">src/pymortests/vectorarray.py:210: Suite splitting in effect</skipped></testcase><testcase classname="src.pymortests.vectorarray" file="src/pymortests/vectorarray.py" line="210" name="test_getitem_repeated[1-&lt;lambda&gt;6]" time="0.0004999637603759766"><skipped message="Suite splitting in effect" type="pytest.skip">src/pymortests/vectorarray.py:210: Suite splitting in effect</skipped></testcase><testcase classname="src.pymortests.vectorarray" file="src/pymortests/vectorarray.py" line="210" name="test_getitem_repeated[1-&lt;lambda&gt;7]" time="0.0004172325134277344"><skipped message="Suite splitting in effect" type="pytest.skip">src/pymortests/vectorarray.py:210: Suite splitting in effect</skipped></testcase><testcase classname="src.pymortests.vectorarray" file="src/pymortests/vectorarray.py" line="210" name="test_getitem_repeated[1-&lt;lambda&gt;8]" time="0.0008614063262939453"><skipped message="Suite splitting in effect" type="pytest.skip">src/pymortests/vectorarray.py:210: Suite splitting in effect</skipped></testcase><testcase classname="src.pymortests.vectorarray" file="src/pymortests/vectorarray.py" line="210" name="test_getitem_repeated[1-&lt;lambda&gt;9]" time="0.0004067420959472656"><skipped message="Suite splitting in effect" type="pytest.skip">src/pymortests/vectorarray.py:210: Suite splitting in effect</skipped></testcase><testcase classname="src.pymortests.vectorarray" file="src/pymortests/vectorarray.py" line="210" name="test_getitem_repeated[1-&lt;lambda&gt;10]" time="0.0004048347473144531"><skipped message="Suite splitting in effect" type="pytest.skip">src/pymortests/vectorarray.py:210: Suite splitting in effect</skipped></testcase><testcase classname="src.pymortests.vectorarray" file="src/pymortests/vectorarray.py" line="210" name="test_getitem_repeated[1-&lt;lambda&gt;11]" time="0.0003859996795654297"><skipped message="Suite splitting in effect" type="pytest.skip">src/pymortests/vectorarray.py:210: Suite splitting in effect</skipped></testcase><testcase classname="src.pymortests.vectorarray" file="src/pymortests/vectorarray.py" line="210" name="test_getitem_repeated[1-&lt;lambda&gt;12]" time="0.00039386749267578125"><skipped message="Suite splitting in effect" type="pytest.skip">src/pymortests/vectorarray.py:210: Suite splitting in effect</skipped></testcase><testcase classname="src.pymortests.vectorarray" file="src/pymortests/vectorarray.py" line="210" name="test_getitem_repeated[1-&lt;lambda&gt;13]" time="0.00041747093200683594"><skipped message="Suite splitting in effect" type="pytest.skip">src/pymortests/vectorarray.py:210: Suite splitting in effect</skipped></testcase><testcase classname="src.pymortests.vectorarray" file="src/pymortests/vectorarray.py" line="210" name="test_getitem_repeated[1-&lt;lambda&gt;14]" time="0.0004115104675292969"><skipped message="Suite splitting in effect" type="pytest.skip">src/pymortests/vectorarray.py:210: Suite splitting in effect</skipped></testcase><testcase classname="src.pymortests.vectorarray" file="src/pymortests/vectorarray.py" line="210" name="test_getitem_repeated[1-&lt;lambda&gt;15]" time="0.0004134178161621094"><skipped message="Suite splitting in effect" type="pytest.skip">src/pymortests/vectorarray.py:210: Suite splitting in effect</skipped></testcase><testcase classname="src.pymortests.vectorarray" file="src/pymortests/vectorarray.py" line="210" name="test_getitem_repeated[1-&lt;lambda&gt;16]" time="0.0006804466247558594"><skipped message="Suite splitting in effect" type="pytest.skip">src/pymortests/vectorarray.py:210: Suite splitting in effect</skipped></testcase><testcase classname="src.pymortests.vectorarray" file="src/pymortests/vectorarray.py" line="210" name="test_getitem_repeated[1-&lt;lambda&gt;17]" time="0.00041294097900390625"><skipped message="Suite splitting in effect" type="pytest.skip">src/pymortests/vectorarray.py:210: Suite splitting in effect</skipped></testcase><testcase classname="src.pymortests.vectorarray" file="src/pymortests/vectorarray.py" line="210" name="test_getitem_repeated[1-&lt;lambda&gt;18]" time="0.000408172607421875"><skipped message="Suite splitting in effect" type="pytest.skip">src/pymortests/vectorarray.py:210: Suite splitting in effect</skipped></testcase><testcase classname="src.pymortests.vectorarray" file="src/pymortests/vectorarray.py" line="210" name="test_getitem_repeated[1-&lt;lambda&gt;19]" time="0.0004115104675292969"><skipped message="Suite splitting in effect" type="pytest.skip">src/pymortests/vectorarray.py:210: Suite splitting in effect</skipped></testcase><testcase classname="src.pymortests.vectorarray" file="src/pymortests/vectorarray.py" line="210" name="test_getitem_repeated[1-&lt;lambda&gt;20]" time="0.0003883838653564453"><skipped message="Suite splitting in effect" type="pytest.skip">src/pymortests/vectorarray.py:210: Suite splitting in effect</skipped></testcase><testcase classname="src.pymortests.vectorarray" file="src/pymortests/vectorarray.py" line="210" name="test_getitem_repeated[1-&lt;lambda&gt;21]" time="0.0003845691680908203"><skipped message="Suite splitting in effect" type="pytest.skip">src/pymortests/vectorarray.py:210: Suite splitting in effect</skipped></testcase><testcase classname="src.pymortests.vectorarray" file="src/pymortests/vectorarray.py" line="210" name="test_getitem_repeated[1-&lt;lambda&gt;22]" time="0.0004220008850097656"><skipped message="Suite splitting in effect" type="pytest.skip">src/pymortests/vectorarray.py:210: Suite splitting in effect</skipped></testcase><testcase classname="src.pymortests.vectorarray" file="src/pymortests/vectorarray.py" line="210" name="test_getitem_repeated[1-&lt;lambda&gt;23]" time="0.0004069805145263672"><skipped message="Suite splitting in effect" type="pytest.skip">src/pymortests/vectorarray.py:210: Suite splitting in effect</skipped></testcase><testcase classname="src.pymortests.vectorarray" file="src/pymortests/vectorarray.py" line="210" name="test_getitem_repeated[1-&lt;lambda&gt;24]" time="0.0006959438323974609"><skipped message="Suite splitting in effect" type="pytest.skip">src/pymortests/vectorarray.py:210: Suite splitting in effect</skipped></testcase><testcase classname="src.pymortests.vectorarray" file="src/pymortests/vectorarray.py" line="210" name="test_getitem_repeated[1-&lt;lambda&gt;25]" time="0.0003829002380371094"><skipped message="Suite splitting in effect" type="pytest.skip">src/pymortests/vectorarray.py:210: Suite splitting in effect</skipped></testcase><testcase classname="src.pymortests.vectorarray" file="src/pymortests/vectorarray.py" line="210" name="test_getitem_repeated[1-&lt;lambda&gt;26]" time="0.0004115104675292969"><skipped message="Suite splitting in effect" type="pytest.skip">src/pymortests/vectorarray.py:210: Suite splitting in effect</skipped></testcase><testcase classname="src.pymortests.vectorarray" file="src/pymortests/vectorarray.py" line="210" name="test_getitem_repeated[2-&lt;lambda&gt;0]" time="0.0003952980041503906"><skipped message="Suite splitting in effect" type="pytest.skip">src/pymortests/vectorarray.py:210: Suite splitting in effect</skipped></testcase><testcase classname="src.pymortests.vectorarray" file="src/pymortests/vectorarray.py" line="210" name="test_getitem_repeated[2-&lt;lambda&gt;1]" time="0.00042438507080078125"><skipped message="Suite splitting in effect" type="pytest.skip">src/pymortests/vectorarray.py:210: Suite splitting in effect</skipped></testcase><testcase classname="src.pymortests.vectorarray" file="src/pymortests/vectorarray.py" line="210" name="test_getitem_repeated[2-&lt;lambda&gt;2]" time="0.00041961669921875"><skipped message="Suite splitting in effect" type="pytest.skip">src/pymortests/vectorarray.py:210: Suite splitting in effect</skipped></testcase><testcase classname="src.pymortests.vectorarray" file="src/pymortests/vectorarray.py" line="210" name="test_getitem_repeated[2-&lt;lambda&gt;3]" time="0.0003936290740966797"><skipped message="Suite splitting in effect" type="pytest.skip">src/pymortests/vectorarray.py:210: Suite splitting in effect</skipped></testcase><testcase classname="src.pymortests.vectorarray" file="src/pymortests/vectorarray.py" line="210" name="test_getitem_repeated[2-&lt;lambda&gt;4]" time="0.0004553794860839844"><skipped message="Suite splitting in effect" type="pytest.skip">src/pymortests/vectorarray.py:210: Suite splitting in effect</skipped></testcase><testcase classname="src.pymortests.vectorarray" file="src/pymortests/vectorarray.py" line="210" name="test_getitem_repeated[2-&lt;lambda&gt;5]" time="0.0006759166717529297"><skipped message="Suite splitting in effect" type="pytest.skip">src/pymortests/vectorarray.py:210: Suite splitting in effect</skipped></testcase><testcase classname="src.pymortests.vectorarray" file="src/pymortests/vectorarray.py" line="210" name="test_getitem_repeated[2-&lt;lambda&gt;6]" time="0.00041484832763671875"><skipped message="Suite splitting in effect" type="pytest.skip">src/pymortests/vectorarray.py:210: Suite splitting in effect</skipped></testcase><testcase classname="src.pymortests.vectorarray" file="src/pymortests/vectorarray.py" line="210" name="test_getitem_repeated[2-&lt;lambda&gt;7]" time="0.00041747093200683594"><skipped message="Suite splitting in effect" type="pytest.skip">src/pymortests/vectorarray.py:210: Suite splitting in effect</skipped></testcase><testcase classname="src.pymortests.vectorarray" file="src/pymortests/vectorarray.py" line="210" name="test_getitem_repeated[2-&lt;lambda&gt;8]" time="0.0004100799560546875"><skipped message="Suite splitting in effect" type="pytest.skip">src/pymortests/vectorarray.py:210: Suite splitting in effect</skipped></testcase><testcase classname="src.pymortests.vectorarray" file="src/pymortests/vectorarray.py" line="210" name="test_getitem_repeated[2-&lt;lambda&gt;9]" time="0.00038933753967285156"><skipped message="Suite splitting in effect" type="pytest.skip">src/pymortests/vectorarray.py:210: Suite splitting in effect</skipped></testcase><testcase classname="src.pymortests.vectorarray" file="src/pymortests/vectorarray.py" line="210" name="test_getitem_repeated[2-&lt;lambda&gt;10]" time="0.0003898143768310547"><skipped message="Suite splitting in effect" type="pytest.skip">src/pymortests/vectorarray.py:210: Suite splitting in effect</skipped></testcase><testcase classname="src.pymortests.vectorarray" file="src/pymortests/vectorarray.py" line="210" name="test_getitem_repeated[2-&lt;lambda&gt;11]" time="0.0004248619079589844"><skipped message="Suite splitting in effect" type="pytest.skip">src/pymortests/vectorarray.py:210: Suite splitting in effect</skipped></testcase><testcase classname="src.pymortests.vectorarray" file="src/pymortests/vectorarray.py" line="210" name="test_getitem_repeated[2-&lt;lambda&gt;12]" time="0.0004401206970214844"><skipped message="Suite splitting in effect" type="pytest.skip">src/pymortests/vectorarray.py:210: Suite splitting in effect</skipped></testcase><testcase classname="src.pymortests.vectorarray" file="src/pymortests/vectorarray.py" line="210" name="test_getitem_repeated[2-&lt;lambda&gt;13]" time="0.0006470680236816406"><skipped message="Suite splitting in effect" type="pytest.skip">src/pymortests/vectorarray.py:210: Suite splitting in effect</skipped></testcase><testcase classname="src.pymortests.vectorarray" file="src/pymortests/vectorarray.py" line="210" name="test_getitem_repeated[2-&lt;lambda&gt;14]" time="0.00039124488830566406"><skipped message="Suite splitting in effect" type="pytest.skip">src/pymortests/vectorarray.py:210: Suite splitting in effect</skipped></testcase><testcase classname="src.pymortests.vectorarray" file="src/pymortests/vectorarray.py" line="210" name="test_getitem_repeated[2-&lt;lambda&gt;15]" time="0.00041675567626953125"><skipped message="Suite splitting in effect" type="pytest.skip">src/pymortests/vectorarray.py:210: Suite splitting in effect</skipped></testcase><testcase classname="src.pymortests.vectorarray" file="src/pymortests/vectorarray.py" line="210" name="test_getitem_repeated[2-&lt;lambda&gt;16]" time="0.00041937828063964844"><skipped message="Suite splitting in effect" type="pytest.skip">src/pymortests/vectorarray.py:210: Suite splitting in effect</skipped></testcase><testcase classname="src.pymortests.vectorarray" file="src/pymortests/vectorarray.py" line="210" name="test_getitem_repeated[2-&lt;lambda&gt;17]" time="0.00041604042053222656"><skipped message="Suite splitting in effect" type="pytest.skip">src/pymortests/vectorarray.py:210: Suite splitting in effect</skipped></testcase><testcase classname="src.pymortests.vectorarray" file="src/pymortests/vectorarray.py" line="210" name="test_getitem_repeated[2-&lt;lambda&gt;18]" time="0.0004210472106933594"><skipped message="Suite splitting in effect" type="pytest.skip">src/pymortests/vectorarray.py:210: Suite splitting in effect</skipped></testcase><testcase classname="src.pymortests.vectorarray" file="src/pymortests/vectorarray.py" line="210" name="test_getitem_repeated[2-&lt;lambda&gt;19]" time="0.00041675567626953125"><skipped message="Suite splitting in effect" type="pytest.skip">src/pymortests/vectorarray.py:210: Suite splitting in effect</skipped></testcase><testcase classname="src.pymortests.vectorarray" file="src/pymortests/vectorarray.py" line="210" name="test_getitem_repeated[2-&lt;lambda&gt;20]" time="0.00038814544677734375"><skipped message="Suite splitting in effect" type="pytest.skip">src/pymortests/vectorarray.py:210: Suite splitting in effect</skipped></testcase><testcase classname="src.pymortests.vectorarray" file="src/pymortests/vectorarray.py" line="210" name="test_getitem_repeated[2-&lt;lambda&gt;21]" time="0.0006802082061767578"><skipped message="Suite splitting in effect" type="pytest.skip">src/pymortests/vectorarray.py:210: Suite splitting in effect</skipped></testcase><testcase classname="src.pymortests.vectorarray" file="src/pymortests/vectorarray.py" line="210" name="test_getitem_repeated[2-&lt;lambda&gt;22]" time="0.0004076957702636719"><skipped message="Suite splitting in effect" type="pytest.skip">src/pymortests/vectorarray.py:210: Suite splitting in effect</skipped></testcase><testcase classname="src.pymortests.vectorarray" file="src/pymortests/vectorarray.py" line="210" name="test_getitem_repeated[2-&lt;lambda&gt;23]" time="0.00042366981506347656"><skipped message="Suite splitting in effect" type="pytest.skip">src/pymortests/vectorarray.py:210: Suite splitting in effect</skipped></testcase><testcase classname="src.pymortests.vectorarray" file="src/pymortests/vectorarray.py" line="210" name="test_getitem_repeated[2-&lt;lambda&gt;24]" time="0.0003898143768310547"><skipped message="Suite splitting in effect" type="pytest.skip">src/pymortests/vectorarray.py:210: Suite splitting in effect</skipped></testcase><testcase classname="src.pymortests.vectorarray" file="src/pymortests/vectorarray.py" line="210" name="test_getitem_repeated[2-&lt;lambda&gt;25]" time="0.0004119873046875"><skipped message="Suite splitting in effect" type="pytest.skip">src/pymortests/vectorarray.py:210: Suite splitting in effect</skipped></testcase><testcase classname="src.pymortests.vectorarray" file="src/pymortests/vectorarray.py" line="210" name="test_getitem_repeated[2-&lt;lambda&gt;26]" time="0.0004112720489501953"><skipped message="Suite splitting in effect" type="pytest.skip">src/pymortests/vectorarray.py:210: Suite splitting in effect</skipped></testcase><testcase classname="src.pymortests.vectorarray" file="src/pymortests/vectorarray.py" line="221" name="test_copy[0-&lt;lambda&gt;0]" time="0.0004010200500488281"><skipped message="Suite splitting in effect" type="pytest.skip">src/pymortests/vectorarray.py:221: Suite splitting in effect</skipped></testcase><testcase classname="src.pymortests.vectorarray" file="src/pymortests/vectorarray.py" line="221" name="test_copy[0-&lt;lambda&gt;1]" time="0.00040984153747558594"><skipped message="Suite splitting in effect" type="pytest.skip">src/pymortests/vectorarray.py:221: Suite splitting in effect</skipped></testcase><testcase classname="src.pymortests.vectorarray" file="src/pymortests/vectorarray.py" line="221" name="test_copy[0-&lt;lambda&gt;2]" time="0.0007183551788330078"><skipped message="Suite splitting in effect" type="pytest.skip">src/pymortests/vectorarray.py:221: Suite splitting in effect</skipped></testcase><testcase classname="src.pymortests.vectorarray" file="src/pymortests/vectorarray.py" line="221" name="test_copy[0-&lt;lambda&gt;3]" time="0.00039315223693847656"><skipped message="Suite splitting in effect" type="pytest.skip">src/pymortests/vectorarray.py:221: Suite splitting in effect</skipped></testcase><testcase classname="src.pymortests.vectorarray" file="src/pymortests/vectorarray.py" line="221" name="test_copy[0-&lt;lambda&gt;4]" time="0.00044226646423339844"><skipped message="Suite splitting in effect" type="pytest.skip">src/pymortests/vectorarray.py:221: Suite splitting in effect</skipped></testcase><testcase classname="src.pymortests.vectorarray" file="src/pymortests/vectorarray.py" line="221" name="test_copy[0-&lt;lambda&gt;5]" time="0.00038933753967285156"><skipped message="Suite splitting in effect" type="pytest.skip">src/pymortests/vectorarray.py:221: Suite splitting in effect</skipped></testcase><testcase classname="src.pymortests.vectorarray" file="src/pymortests/vectorarray.py" line="221" name="test_copy[0-&lt;lambda&gt;6]" time="0.0004210472106933594"><skipped message="Suite splitting in effect" type="pytest.skip">src/pymortests/vectorarray.py:221: Suite splitting in effect</skipped></testcase><testcase classname="src.pymortests.vectorarray" file="src/pymortests/vectorarray.py" line="221" name="test_copy[0-&lt;lambda&gt;7]" time="0.0014047622680664062"><skipped message="Suite splitting in effect" type="pytest.skip">src/pymortests/vectorarray.py:221: Suite splitting in effect</skipped></testcase><testcase classname="src.pymortests.vectorarray" file="src/pymortests/vectorarray.py" line="221" name="test_copy[0-&lt;lambda&gt;8]" time="0.00045680999755859375"><skipped message="Suite splitting in effect" type="pytest.skip">src/pymortests/vectorarray.py:221: Suite splitting in effect</skipped></testcase><testcase classname="src.pymortests.vectorarray" file="src/pymortests/vectorarray.py" line="221" name="test_copy[0-&lt;lambda&gt;9]" time="0.0004131793975830078"><skipped message="Suite splitting in effect" type="pytest.skip">src/pymortests/vectorarray.py:221: Suite splitting in effect</skipped></testcase><testcase classname="src.pymortests.vectorarray" file="src/pymortests/vectorarray.py" line="221" name="test_copy[0-&lt;lambda&gt;10]" time="0.0006923675537109375"><skipped message="Suite splitting in effect" type="pytest.skip">src/pymortests/vectorarray.py:221: Suite splitting in effect</skipped></testcase><testcase classname="src.pymortests.vectorarray" file="src/pymortests/vectorarray.py" line="221" name="test_copy[0-&lt;lambda&gt;11]" time="0.00039076805114746094"><skipped message="Suite splitting in effect" type="pytest.skip">src/pymortests/vectorarray.py:221: Suite splitting in effect</skipped></testcase><testcase classname="src.pymortests.vectorarray" file="src/pymortests/vectorarray.py" line="221" name="test_copy[0-&lt;lambda&gt;12]" time="0.00041294097900390625"><skipped message="Suite splitting in effect" type="pytest.skip">src/pymortests/vectorarray.py:221: Suite splitting in effect</skipped></testcase><testcase classname="src.pymortests.vectorarray" file="src/pymortests/vectorarray.py" line="221" name="test_copy[0-&lt;lambda&gt;13]" time="0.00041031837463378906"><skipped message="Suite splitting in effect" type="pytest.skip">src/pymortests/vectorarray.py:221: Suite splitting in effect</skipped></testcase><testcase classname="src.pymortests.vectorarray" file="src/pymortests/vectorarray.py" line="221" name="test_copy[0-&lt;lambda&gt;14]" time="0.0003917217254638672"><skipped message="Suite splitting in effect" type="pytest.skip">src/pymortests/vectorarray.py:221: Suite splitting in effect</skipped></testcase><testcase classname="src.pymortests.vectorarray" file="src/pymortests/vectorarray.py" line="221" name="test_copy[0-&lt;lambda&gt;15]" time="0.00039196014404296875"><skipped message="Suite splitting in effect" type="pytest.skip">src/pymortests/vectorarray.py:221: Suite splitting in effect</skipped></testcase><testcase classname="src.pymortests.vectorarray" file="src/pymortests/vectorarray.py" line="221" name="test_copy[0-&lt;lambda&gt;16]" time="0.00038433074951171875"><skipped message="Suite splitting in effect" type="pytest.skip">src/pymortests/vectorarray.py:221: Suite splitting in effect</skipped></testcase><testcase classname="src.pymortests.vectorarray" file="src/pymortests/vectorarray.py" line="221" name="test_copy[0-&lt;lambda&gt;17]" time="0.0005180835723876953"><skipped message="Suite splitting in effect" type="pytest.skip">src/pymortests/vectorarray.py:221: Suite splitting in effect</skipped></testcase><testcase classname="src.pymortests.vectorarray" file="src/pymortests/vectorarray.py" line="221" name="test_copy[0-&lt;lambda&gt;18]" time="0.0006413459777832031"><skipped message="Suite splitting in effect" type="pytest.skip">src/pymortests/vectorarray.py:221: Suite splitting in effect</skipped></testcase><testcase classname="src.pymortests.vectorarray" file="src/pymortests/vectorarray.py" line="221" name="test_copy[0-&lt;lambda&gt;19]" time="0.0003833770751953125"><skipped message="Suite splitting in effect" type="pytest.skip">src/pymortests/vectorarray.py:221: Suite splitting in effect</skipped></testcase><testcase classname="src.pymortests.vectorarray" file="src/pymortests/vectorarray.py" line="221" name="test_copy[0-&lt;lambda&gt;20]" time="0.0003895759582519531"><skipped message="Suite splitting in effect" type="pytest.skip">src/pymortests/vectorarray.py:221: Suite splitting in effect</skipped></testcase><testcase classname="src.pymortests.vectorarray" file="src/pymortests/vectorarray.py" line="221" name="test_copy[0-&lt;lambda&gt;21]" time="0.00041937828063964844"><skipped message="Suite splitting in effect" type="pytest.skip">src/pymortests/vectorarray.py:221: Suite splitting in effect</skipped></testcase><testcase classname="src.pymortests.vectorarray" file="src/pymortests/vectorarray.py" line="221" name="test_copy[0-&lt;lambda&gt;22]" time="0.00041413307189941406"><skipped message="Suite splitting in effect" type="pytest.skip">src/pymortests/vectorarray.py:221: Suite splitting in effect</skipped></testcase><testcase classname="src.pymortests.vectorarray" file="src/pymortests/vectorarray.py" line="221" name="test_copy[0-&lt;lambda&gt;23]" time="0.0003914833068847656"><skipped message="Suite splitting in effect" type="pytest.skip">src/pymortests/vectorarray.py:221: Suite splitting in effect</skipped></testcase><testcase classname="src.pymortests.vectorarray" file="src/pymortests/vectorarray.py" line="221" name="test_copy[0-&lt;lambda&gt;24]" time="0.00039315223693847656"><skipped message="Suite splitting in effect" type="pytest.skip">src/pymortests/vectorarray.py:221: Suite splitting in effect</skipped></testcase><testcase classname="src.pymortests.vectorarray" file="src/pymortests/vectorarray.py" line="221" name="test_copy[0-&lt;lambda&gt;25]" time="0.00038623809814453125"><skipped message="Suite splitting in effect" type="pytest.skip">src/pymortests/vectorarray.py:221: Suite splitting in effect</skipped></testcase><testcase classname="src.pymortests.vectorarray" file="src/pymortests/vectorarray.py" line="221" name="test_copy[0-&lt;lambda&gt;26]" time="0.0006725788116455078"><skipped message="Suite splitting in effect" type="pytest.skip">src/pymortests/vectorarray.py:221: Suite splitting in effect</skipped></testcase><testcase classname="src.pymortests.vectorarray" file="src/pymortests/vectorarray.py" line="221" name="test_copy[1-&lt;lambda&gt;0]" time="0.000385284423828125"><skipped message="Suite splitting in effect" type="pytest.skip">src/pymortests/vectorarray.py:221: Suite splitting in effect</skipped></testcase><testcase classname="src.pymortests.vectorarray" file="src/pymortests/vectorarray.py" line="221" name="test_copy[1-&lt;lambda&gt;1]" time="0.0004024505615234375"><skipped message="Suite splitting in effect" type="pytest.skip">src/pymortests/vectorarray.py:221: Suite splitting in effect</skipped></testcase><testcase classname="src.pymortests.vectorarray" file="src/pymortests/vectorarray.py" line="221" name="test_copy[1-&lt;lambda&gt;2]" time="0.00040340423583984375"><skipped message="Suite splitting in effect" type="pytest.skip">src/pymortests/vectorarray.py:221: Suite splitting in effect</skipped></testcase><testcase classname="src.pymortests.vectorarray" file="src/pymortests/vectorarray.py" line="221" name="test_copy[1-&lt;lambda&gt;3]" time="0.00041794776916503906"><skipped message="Suite splitting in effect" type="pytest.skip">src/pymortests/vectorarray.py:221: Suite splitting in effect</skipped></testcase><testcase classname="src.pymortests.vectorarray" file="src/pymortests/vectorarray.py" line="221" name="test_copy[1-&lt;lambda&gt;4]" time="0.0004286766052246094"><skipped message="Suite splitting in effect" type="pytest.skip">src/pymortests/vectorarray.py:221: Suite splitting in effect</skipped></testcase><testcase classname="src.pymortests.vectorarray" file="src/pymortests/vectorarray.py" line="221" name="test_copy[1-&lt;lambda&gt;5]" time="0.00039076805114746094"><skipped message="Suite splitting in effect" type="pytest.skip">src/pymortests/vectorarray.py:221: Suite splitting in effect</skipped></testcase><testcase classname="src.pymortests.vectorarray" file="src/pymortests/vectorarray.py" line="221" name="test_copy[1-&lt;lambda&gt;6]" time="0.000392913818359375"><skipped message="Suite splitting in effect" type="pytest.skip">src/pymortests/vectorarray.py:221: Suite splitting in effect</skipped></testcase><testcase classname="src.pymortests.vectorarray" file="src/pymortests/vectorarray.py" line="221" name="test_copy[1-&lt;lambda&gt;7]" time="0.0006902217864990234"><skipped message="Suite splitting in effect" type="pytest.skip">src/pymortests/vectorarray.py:221: Suite splitting in effect</skipped></testcase><testcase classname="src.pymortests.vectorarray" file="src/pymortests/vectorarray.py" line="221" name="test_copy[1-&lt;lambda&gt;8]" time="0.00040721893310546875"><skipped message="Suite splitting in effect" type="pytest.skip">src/pymortests/vectorarray.py:221: Suite splitting in effect</skipped></testcase><testcase classname="src.pymortests.vectorarray" file="src/pymortests/vectorarray.py" line="221" name="test_copy[1-&lt;lambda&gt;9]" time="0.00038552284240722656"><skipped message="Suite splitting in effect" type="pytest.skip">src/pymortests/vectorarray.py:221: Suite splitting in effect</skipped></testcase><testcase classname="src.pymortests.vectorarray" file="src/pymortests/vectorarray.py" line="221" name="test_copy[1-&lt;lambda&gt;10]" time="0.00038933753967285156"><skipped message="Suite splitting in effect" type="pytest.skip">src/pymortests/vectorarray.py:221: Suite splitting in effect</skipped></testcase><testcase classname="src.pymortests.vectorarray" file="src/pymortests/vectorarray.py" line="221" name="test_copy[1-&lt;lambda&gt;11]" time="0.00044989585876464844"><skipped message="Suite splitting in effect" type="pytest.skip">src/pymortests/vectorarray.py:221: Suite splitting in effect</skipped></testcase><testcase classname="src.pymortests.vectorarray" file="src/pymortests/vectorarray.py" line="221" name="test_copy[1-&lt;lambda&gt;12]" time="0.0004317760467529297"><skipped message="Suite splitting in effect" type="pytest.skip">src/pymortests/vectorarray.py:221: Suite splitting in effect</skipped></testcase><testcase classname="src.pymortests.vectorarray" file="src/pymortests/vectorarray.py" line="221" name="test_copy[1-&lt;lambda&gt;13]" time="0.00040912628173828125"><skipped message="Suite splitting in effect" type="pytest.skip">src/pymortests/vectorarray.py:221: Suite splitting in effect</skipped></testcase><testcase classname="src.pymortests.vectorarray" file="src/pymortests/vectorarray.py" line="221" name="test_copy[1-&lt;lambda&gt;14]" time="0.0003895759582519531"><skipped message="Suite splitting in effect" type="pytest.skip">src/pymortests/vectorarray.py:221: Suite splitting in effect</skipped></testcase><testcase classname="src.pymortests.vectorarray" file="src/pymortests/vectorarray.py" line="221" name="test_copy[1-&lt;lambda&gt;15]" time="0.0006580352783203125"><skipped message="Suite splitting in effect" type="pytest.skip">src/pymortests/vectorarray.py:221: Suite splitting in effect</skipped></testcase><testcase classname="src.pymortests.vectorarray" file="src/pymortests/vectorarray.py" line="221" name="test_copy[1-&lt;lambda&gt;16]" time="0.0004146099090576172"><skipped message="Suite splitting in effect" type="pytest.skip">src/pymortests/vectorarray.py:221: Suite splitting in effect</skipped></testcase><testcase classname="src.pymortests.vectorarray" file="src/pymortests/vectorarray.py" line="221" name="test_copy[1-&lt;lambda&gt;17]" time="0.0004100799560546875"><skipped message="Suite splitting in effect" type="pytest.skip">src/pymortests/vectorarray.py:221: Suite splitting in effect</skipped></testcase><testcase classname="src.pymortests.vectorarray" file="src/pymortests/vectorarray.py" line="221" name="test_copy[1-&lt;lambda&gt;18]" time="0.0004322528839111328"><skipped message="Suite splitting in effect" type="pytest.skip">src/pymortests/vectorarray.py:221: Suite splitting in effect</skipped></testcase><testcase classname="src.pymortests.vectorarray" file="src/pymortests/vectorarray.py" line="221" name="test_copy[1-&lt;lambda&gt;19]" time="0.00043463706970214844"><skipped message="Suite splitting in effect" type="pytest.skip">src/pymortests/vectorarray.py:221: Suite splitting in effect</skipped></testcase><testcase classname="src.pymortests.vectorarray" file="src/pymortests/vectorarray.py" line="221" name="test_copy[1-&lt;lambda&gt;20]" time="0.0004055500030517578"><skipped message="Suite splitting in effect" type="pytest.skip">src/pymortests/vectorarray.py:221: Suite splitting in effect</skipped></testcase><testcase classname="src.pymortests.vectorarray" file="src/pymortests/vectorarray.py" line="221" name="test_copy[1-&lt;lambda&gt;21]" time="0.0003960132598876953"><skipped message="Suite splitting in effect" type="pytest.skip">src/pymortests/vectorarray.py:221: Suite splitting in effect</skipped></testcase><testcase classname="src.pymortests.vectorarray" file="src/pymortests/vectorarray.py" line="221" name="test_copy[1-&lt;lambda&gt;22]" time="0.0003991127014160156"><skipped message="Suite splitting in effect" type="pytest.skip">src/pymortests/vectorarray.py:221: Suite splitting in effect</skipped></testcase><testcase classname="src.pymortests.vectorarray" file="src/pymortests/vectorarray.py" line="221" name="test_copy[1-&lt;lambda&gt;23]" time="0.0010225772857666016"><skipped message="Suite splitting in effect" type="pytest.skip">src/pymortests/vectorarray.py:221: Suite splitting in effect</skipped></testcase><testcase classname="src.pymortests.vectorarray" file="src/pymortests/vectorarray.py" line="221" name="test_copy[1-&lt;lambda&gt;24]" time="0.0004017353057861328"><skipped message="Suite splitting in effect" type="pytest.skip">src/pymortests/vectorarray.py:221: Suite splitting in effect</skipped></testcase><testcase classname="src.pymortests.vectorarray" file="src/pymortests/vectorarray.py" line="221" name="test_copy[1-&lt;lambda&gt;25]" time="0.0003914833068847656"><skipped message="Suite splitting in effect" type="pytest.skip">src/pymortests/vectorarray.py:221: Suite splitting in effect</skipped></testcase><testcase classname="src.pymortests.vectorarray" file="src/pymortests/vectorarray.py" line="221" name="test_copy[1-&lt;lambda&gt;26]" time="0.0004127025604248047"><skipped message="Suite splitting in effect" type="pytest.skip">src/pymortests/vectorarray.py:221: Suite splitting in effect</skipped></testcase><testcase classname="src.pymortests.vectorarray" file="src/pymortests/vectorarray.py" line="221" name="test_copy[2-&lt;lambda&gt;0]" time="0.0004138946533203125"><skipped message="Suite splitting in effect" type="pytest.skip">src/pymortests/vectorarray.py:221: Suite splitting in effect</skipped></testcase><testcase classname="src.pymortests.vectorarray" file="src/pymortests/vectorarray.py" line="221" name="test_copy[2-&lt;lambda&gt;1]" time="0.0003902912139892578"><skipped message="Suite splitting in effect" type="pytest.skip">src/pymortests/vectorarray.py:221: Suite splitting in effect</skipped></testcase><testcase classname="src.pymortests.vectorarray" file="src/pymortests/vectorarray.py" line="221" name="test_copy[2-&lt;lambda&gt;2]" time="0.00038743019104003906"><skipped message="Suite splitting in effect" type="pytest.skip">src/pymortests/vectorarray.py:221: Suite splitting in effect</skipped></testcase><testcase classname="src.pymortests.vectorarray" file="src/pymortests/vectorarray.py" line="221" name="test_copy[2-&lt;lambda&gt;3]" time="0.0003859996795654297"><skipped message="Suite splitting in effect" type="pytest.skip">src/pymortests/vectorarray.py:221: Suite splitting in effect</skipped></testcase><testcase classname="src.pymortests.vectorarray" file="src/pymortests/vectorarray.py" line="221" name="test_copy[2-&lt;lambda&gt;4]" time="0.0006985664367675781"><skipped message="Suite splitting in effect" type="pytest.skip">src/pymortests/vectorarray.py:221: Suite splitting in effect</skipped></testcase><testcase classname="src.pymortests.vectorarray" file="src/pymortests/vectorarray.py" line="221" name="test_copy[2-&lt;lambda&gt;5]" time="0.0003948211669921875"><skipped message="Suite splitting in effect" type="pytest.skip">src/pymortests/vectorarray.py:221: Suite splitting in effect</skipped></testcase><testcase classname="src.pymortests.vectorarray" file="src/pymortests/vectorarray.py" line="221" name="test_copy[2-&lt;lambda&gt;6]" time="0.0005028247833251953"><skipped message="Suite splitting in effect" type="pytest.skip">src/pymortests/vectorarray.py:221: Suite splitting in effect</skipped></testcase><testcase classname="src.pymortests.vectorarray" file="src/pymortests/vectorarray.py" line="221" name="test_copy[2-&lt;lambda&gt;7]" time="0.0003895759582519531"><skipped message="Suite splitting in effect" type="pytest.skip">src/pymortests/vectorarray.py:221: Suite splitting in effect</skipped></testcase><testcase classname="src.pymortests.vectorarray" file="src/pymortests/vectorarray.py" line="221" name="test_copy[2-&lt;lambda&gt;8]" time="0.0004088878631591797"><skipped message="Suite splitting in effect" type="pytest.skip">src/pymortests/vectorarray.py:221: Suite splitting in effect</skipped></testcase><testcase classname="src.pymortests.vectorarray" file="src/pymortests/vectorarray.py" line="221" name="test_copy[2-&lt;lambda&gt;9]" time="0.00039267539978027344"><skipped message="Suite splitting in effect" type="pytest.skip">src/pymortests/vectorarray.py:221: Suite splitting in effect</skipped></testcase><testcase classname="src.pymortests.vectorarray" file="src/pymortests/vectorarray.py" line="221" name="test_copy[2-&lt;lambda&gt;10]" time="0.0003914833068847656"><skipped message="Suite splitting in effect" type="pytest.skip">src/pymortests/vectorarray.py:221: Suite splitting in effect</skipped></testcase><testcase classname="src.pymortests.vectorarray" file="src/pymortests/vectorarray.py" line="221" name="test_copy[2-&lt;lambda&gt;11]" time="0.00040221214294433594"><skipped message="Suite splitting in effect" type="pytest.skip">src/pymortests/vectorarray.py:221: Suite splitting in effect</skipped></testcase><testcase classname="src.pymortests.vectorarray" file="src/pymortests/vectorarray.py" line="221" name="test_copy[2-&lt;lambda&gt;12]" time="0.0007014274597167969"><skipped message="Suite splitting in effect" type="pytest.skip">src/pymortests/vectorarray.py:221: Suite splitting in effect</skipped></testcase><testcase classname="src.pymortests.vectorarray" file="src/pymortests/vectorarray.py" line="221" name="test_copy[2-&lt;lambda&gt;13]" time="0.0003814697265625"><skipped message="Suite splitting in effect" type="pytest.skip">src/pymortests/vectorarray.py:221: Suite splitting in effect</skipped></testcase><testcase classname="src.pymortests.vectorarray" file="src/pymortests/vectorarray.py" line="221" name="test_copy[2-&lt;lambda&gt;14]" time="0.0004024505615234375"><skipped message="Suite splitting in effect" type="pytest.skip">src/pymortests/vectorarray.py:221: Suite splitting in effect</skipped></testcase><testcase classname="src.pymortests.vectorarray" file="src/pymortests/vectorarray.py" line="221" name="test_copy[2-&lt;lambda&gt;15]" time="0.0004048347473144531"><skipped message="Suite splitting in effect" type="pytest.skip">src/pymortests/vectorarray.py:221: Suite splitting in effect</skipped></testcase><testcase classname="src.pymortests.vectorarray" file="src/pymortests/vectorarray.py" line="221" name="test_copy[2-&lt;lambda&gt;16]" time="0.0003986358642578125"><skipped message="Suite splitting in effect" type="pytest.skip">src/pymortests/vectorarray.py:221: Suite splitting in effect</skipped></testcase><testcase classname="src.pymortests.vectorarray" file="src/pymortests/vectorarray.py" line="221" name="test_copy[2-&lt;lambda&gt;17]" time="0.0004153251647949219"><skipped message="Suite splitting in effect" type="pytest.skip">src/pymortests/vectorarray.py:221: Suite splitting in effect</skipped></testcase><testcase classname="src.pymortests.vectorarray" file="src/pymortests/vectorarray.py" line="221" name="test_copy[2-&lt;lambda&gt;18]" time="0.0004837512969970703"><skipped message="Suite splitting in effect" type="pytest.skip">src/pymortests/vectorarray.py:221: Suite splitting in effect</skipped></testcase><testcase classname="src.pymortests.vectorarray" file="src/pymortests/vectorarray.py" line="221" name="test_copy[2-&lt;lambda&gt;19]" time="0.00039315223693847656"><skipped message="Suite splitting in effect" type="pytest.skip">src/pymortests/vectorarray.py:221: Suite splitting in effect</skipped></testcase><testcase classname="src.pymortests.vectorarray" file="src/pymortests/vectorarray.py" line="221" name="test_copy[2-&lt;lambda&gt;20]" time="0.0006775856018066406"><skipped message="Suite splitting in effect" type="pytest.skip">src/pymortests/vectorarray.py:221: Suite splitting in effect</skipped></testcase><testcase classname="src.pymortests.vectorarray" file="src/pymortests/vectorarray.py" line="221" name="test_copy[2-&lt;lambda&gt;21]" time="0.00038313865661621094"><skipped message="Suite splitting in effect" type="pytest.skip">src/pymortests/vectorarray.py:221: Suite splitting in effect</skipped></testcase><testcase classname="src.pymortests.vectorarray" file="src/pymortests/vectorarray.py" line="221" name="test_copy[2-&lt;lambda&gt;22]" time="0.0004143714904785156"><skipped message="Suite splitting in effect" type="pytest.skip">src/pymortests/vectorarray.py:221: Suite splitting in effect</skipped></testcase><testcase classname="src.pymortests.vectorarray" file="src/pymortests/vectorarray.py" line="221" name="test_copy[2-&lt;lambda&gt;23]" time="0.0004119873046875"><skipped message="Suite splitting in effect" type="pytest.skip">src/pymortests/vectorarray.py:221: Suite splitting in effect</skipped></testcase><testcase classname="src.pymortests.vectorarray" file="src/pymortests/vectorarray.py" line="221" name="test_copy[2-&lt;lambda&gt;24]" time="0.00038504600524902344"><skipped message="Suite splitting in effect" type="pytest.skip">src/pymortests/vectorarray.py:221: Suite splitting in effect</skipped></testcase><testcase classname="src.pymortests.vectorarray" file="src/pymortests/vectorarray.py" line="221" name="test_copy[2-&lt;lambda&gt;25]" time="0.0004165172576904297"><skipped message="Suite splitting in effect" type="pytest.skip">src/pymortests/vectorarray.py:221: Suite splitting in effect</skipped></testcase><testcase classname="src.pymortests.vectorarray" file="src/pymortests/vectorarray.py" line="221" name="test_copy[2-&lt;lambda&gt;26]" time="0.0003886222839355469"><skipped message="Suite splitting in effect" type="pytest.skip">src/pymortests/vectorarray.py:221: Suite splitting in effect</skipped></testcase><testcase classname="src.pymortests.vectorarray" file="src/pymortests/vectorarray.py" line="242" name="test_copy_repeated_index[0-&lt;lambda&gt;0]" time="0.0004134178161621094"><skipped message="Suite splitting in effect" type="pytest.skip">src/pymortests/vectorarray.py:242: Suite splitting in effect</skipped></testcase><testcase classname="src.pymortests.vectorarray" file="src/pymortests/vectorarray.py" line="242" name="test_copy_repeated_index[0-&lt;lambda&gt;1]" time="0.0006449222564697266"><skipped message="Suite splitting in effect" type="pytest.skip">src/pymortests/vectorarray.py:242: Suite splitting in effect</skipped></testcase><testcase classname="src.pymortests.vectorarray" file="src/pymortests/vectorarray.py" line="242" name="test_copy_repeated_index[0-&lt;lambda&gt;2]" time="0.00038886070251464844"><skipped message="Suite splitting in effect" type="pytest.skip">src/pymortests/vectorarray.py:242: Suite splitting in effect</skipped></testcase><testcase classname="src.pymortests.vectorarray" file="src/pymortests/vectorarray.py" line="242" name="test_copy_repeated_index[0-&lt;lambda&gt;3]" time="0.0004100799560546875"><skipped message="Suite splitting in effect" type="pytest.skip">src/pymortests/vectorarray.py:242: Suite splitting in effect</skipped></testcase><testcase classname="src.pymortests.vectorarray" file="src/pymortests/vectorarray.py" line="242" name="test_copy_repeated_index[0-&lt;lambda&gt;4]" time="0.0003943443298339844"><skipped message="Suite splitting in effect" type="pytest.skip">src/pymortests/vectorarray.py:242: Suite splitting in effect</skipped></testcase><testcase classname="src.pymortests.vectorarray" file="src/pymortests/vectorarray.py" line="242" name="test_copy_repeated_index[0-&lt;lambda&gt;5]" time="0.0004134178161621094"><skipped message="Suite splitting in effect" type="pytest.skip">src/pymortests/vectorarray.py:242: Suite splitting in effect</skipped></testcase><testcase classname="src.pymortests.vectorarray" file="src/pymortests/vectorarray.py" line="242" name="test_copy_repeated_index[0-&lt;lambda&gt;6]" time="0.00038504600524902344"><skipped message="Suite splitting in effect" type="pytest.skip">src/pymortests/vectorarray.py:242: Suite splitting in effect</skipped></testcase><testcase classname="src.pymortests.vectorarray" file="src/pymortests/vectorarray.py" line="242" name="test_copy_repeated_index[0-&lt;lambda&gt;7]" time="0.000415802001953125"><skipped message="Suite splitting in effect" type="pytest.skip">src/pymortests/vectorarray.py:242: Suite splitting in effect</skipped></testcase><testcase classname="src.pymortests.vectorarray" file="src/pymortests/vectorarray.py" line="242" name="test_copy_repeated_index[0-&lt;lambda&gt;8]" time="0.0003933906555175781"><skipped message="Suite splitting in effect" type="pytest.skip">src/pymortests/vectorarray.py:242: Suite splitting in effect</skipped></testcase><testcase classname="src.pymortests.vectorarray" file="src/pymortests/vectorarray.py" line="242" name="test_copy_repeated_index[0-&lt;lambda&gt;9]" time="0.00067138671875"><skipped message="Suite splitting in effect" type="pytest.skip">src/pymortests/vectorarray.py:242: Suite splitting in effect</skipped></testcase><testcase classname="src.pymortests.vectorarray" file="src/pymortests/vectorarray.py" line="242" name="test_copy_repeated_index[0-&lt;lambda&gt;10]" time="0.00038743019104003906"><skipped message="Suite splitting in effect" type="pytest.skip">src/pymortests/vectorarray.py:242: Suite splitting in effect</skipped></testcase><testcase classname="src.pymortests.vectorarray" file="src/pymortests/vectorarray.py" line="242" name="test_copy_repeated_index[0-&lt;lambda&gt;11]" time="0.0004165172576904297"><skipped message="Suite splitting in effect" type="pytest.skip">src/pymortests/vectorarray.py:242: Suite splitting in effect</skipped></testcase><testcase classname="src.pymortests.vectorarray" file="src/pymortests/vectorarray.py" line="242" name="test_copy_repeated_index[0-&lt;lambda&gt;12]" time="0.0003998279571533203"><skipped message="Suite splitting in effect" type="pytest.skip">src/pymortests/vectorarray.py:242: Suite splitting in effect</skipped></testcase><testcase classname="src.pymortests.vectorarray" file="src/pymortests/vectorarray.py" line="242" name="test_copy_repeated_index[0-&lt;lambda&gt;13]" time="0.0004417896270751953"><skipped message="Suite splitting in effect" type="pytest.skip">src/pymortests/vectorarray.py:242: Suite splitting in effect</skipped></testcase><testcase classname="src.pymortests.vectorarray" file="src/pymortests/vectorarray.py" line="242" name="test_copy_repeated_index[0-&lt;lambda&gt;14]" time="0.0004191398620605469"><skipped message="Suite splitting in effect" type="pytest.skip">src/pymortests/vectorarray.py:242: Suite splitting in effect</skipped></testcase><testcase classname="src.pymortests.vectorarray" file="src/pymortests/vectorarray.py" line="242" name="test_copy_repeated_index[0-&lt;lambda&gt;15]" time="0.0003972053527832031"><skipped message="Suite splitting in effect" type="pytest.skip">src/pymortests/vectorarray.py:242: Suite splitting in effect</skipped></testcase><testcase classname="src.pymortests.vectorarray" file="src/pymortests/vectorarray.py" line="242" name="test_copy_repeated_index[0-&lt;lambda&gt;16]" time="0.00038909912109375"><skipped message="Suite splitting in effect" type="pytest.skip">src/pymortests/vectorarray.py:242: Suite splitting in effect</skipped></testcase><testcase classname="src.pymortests.vectorarray" file="src/pymortests/vectorarray.py" line="242" name="test_copy_repeated_index[0-&lt;lambda&gt;17]" time="0.0006699562072753906"><skipped message="Suite splitting in effect" type="pytest.skip">src/pymortests/vectorarray.py:242: Suite splitting in effect</skipped></testcase><testcase classname="src.pymortests.vectorarray" file="src/pymortests/vectorarray.py" line="242" name="test_copy_repeated_index[0-&lt;lambda&gt;18]" time="0.00042319297790527344"><skipped message="Suite splitting in effect" type="pytest.skip">src/pymortests/vectorarray.py:242: Suite splitting in effect</skipped></testcase><testcase classname="src.pymortests.vectorarray" file="src/pymortests/vectorarray.py" line="242" name="test_copy_repeated_index[0-&lt;lambda&gt;19]" time="0.0003886222839355469"><skipped message="Suite splitting in effect" type="pytest.skip">src/pymortests/vectorarray.py:242: Suite splitting in effect</skipped></testcase><testcase classname="src.pymortests.vectorarray" file="src/pymortests/vectorarray.py" line="242" name="test_copy_repeated_index[0-&lt;lambda&gt;20]" time="0.0004799365997314453"><skipped message="Suite splitting in effect" type="pytest.skip">src/pymortests/vectorarray.py:242: Suite splitting in effect</skipped></testcase><testcase classname="src.pymortests.vectorarray" file="src/pymortests/vectorarray.py" line="242" name="test_copy_repeated_index[0-&lt;lambda&gt;21]" time="0.0004124641418457031"><skipped message="Suite splitting in effect" type="pytest.skip">src/pymortests/vectorarray.py:242: Suite splitting in effect</skipped></testcase><testcase classname="src.pymortests.vectorarray" file="src/pymortests/vectorarray.py" line="242" name="test_copy_repeated_index[0-&lt;lambda&gt;22]" time="0.00039196014404296875"><skipped message="Suite splitting in effect" type="pytest.skip">src/pymortests/vectorarray.py:242: Suite splitting in effect</skipped></testcase><testcase classname="src.pymortests.vectorarray" file="src/pymortests/vectorarray.py" line="242" name="test_copy_repeated_index[0-&lt;lambda&gt;23]" time="0.0003905296325683594"><skipped message="Suite splitting in effect" type="pytest.skip">src/pymortests/vectorarray.py:242: Suite splitting in effect</skipped></testcase><testcase classname="src.pymortests.vectorarray" file="src/pymortests/vectorarray.py" line="242" name="test_copy_repeated_index[0-&lt;lambda&gt;24]" time="0.00038886070251464844"><skipped message="Suite splitting in effect" type="pytest.skip">src/pymortests/vectorarray.py:242: Suite splitting in effect</skipped></testcase><testcase classname="src.pymortests.vectorarray" file="src/pymortests/vectorarray.py" line="242" name="test_copy_repeated_index[0-&lt;lambda&gt;25]" time="0.0006504058837890625"><skipped message="Suite splitting in effect" type="pytest.skip">src/pymortests/vectorarray.py:242: Suite splitting in effect</skipped></testcase><testcase classname="src.pymortests.vectorarray" file="src/pymortests/vectorarray.py" line="242" name="test_copy_repeated_index[0-&lt;lambda&gt;26]" time="0.0004138946533203125"><skipped message="Suite splitting in effect" type="pytest.skip">src/pymortests/vectorarray.py:242: Suite splitting in effect</skipped></testcase><testcase classname="src.pymortests.vectorarray" file="src/pymortests/vectorarray.py" line="242" name="test_copy_repeated_index[1-&lt;lambda&gt;0]" time="0.00038433074951171875"><skipped message="Suite splitting in effect" type="pytest.skip">src/pymortests/vectorarray.py:242: Suite splitting in effect</skipped></testcase><testcase classname="src.pymortests.vectorarray" file="src/pymortests/vectorarray.py" line="242" name="test_copy_repeated_index[1-&lt;lambda&gt;1]" time="0.00042366981506347656"><skipped message="Suite splitting in effect" type="pytest.skip">src/pymortests/vectorarray.py:242: Suite splitting in effect</skipped></testcase><testcase classname="src.pymortests.vectorarray" file="src/pymortests/vectorarray.py" line="242" name="test_copy_repeated_index[1-&lt;lambda&gt;2]" time="0.0004153251647949219"><skipped message="Suite splitting in effect" type="pytest.skip">src/pymortests/vectorarray.py:242: Suite splitting in effect</skipped></testcase><testcase classname="src.pymortests.vectorarray" file="src/pymortests/vectorarray.py" line="242" name="test_copy_repeated_index[1-&lt;lambda&gt;3]" time="0.000396728515625"><skipped message="Suite splitting in effect" type="pytest.skip">src/pymortests/vectorarray.py:242: Suite splitting in effect</skipped></testcase><testcase classname="src.pymortests.vectorarray" file="src/pymortests/vectorarray.py" line="242" name="test_copy_repeated_index[1-&lt;lambda&gt;4]" time="0.00038933753967285156"><skipped message="Suite splitting in effect" type="pytest.skip">src/pymortests/vectorarray.py:242: Suite splitting in effect</skipped></testcase><testcase classname="src.pymortests.vectorarray" file="src/pymortests/vectorarray.py" line="242" name="test_copy_repeated_index[1-&lt;lambda&gt;5]" time="0.0004057884216308594"><skipped message="Suite splitting in effect" type="pytest.skip">src/pymortests/vectorarray.py:242: Suite splitting in effect</skipped></testcase><testcase classname="src.pymortests.vectorarray" file="src/pymortests/vectorarray.py" line="242" name="test_copy_repeated_index[1-&lt;lambda&gt;6]" time="0.0007131099700927734"><skipped message="Suite splitting in effect" type="pytest.skip">src/pymortests/vectorarray.py:242: Suite splitting in effect</skipped></testcase><testcase classname="src.pymortests.vectorarray" file="src/pymortests/vectorarray.py" line="242" name="test_copy_repeated_index[1-&lt;lambda&gt;7]" time="0.00039315223693847656"><skipped message="Suite splitting in effect" type="pytest.skip">src/pymortests/vectorarray.py:242: Suite splitting in effect</skipped></testcase><testcase classname="src.pymortests.vectorarray" file="src/pymortests/vectorarray.py" line="242" name="test_copy_repeated_index[1-&lt;lambda&gt;8]" time="0.0004191398620605469"><skipped message="Suite splitting in effect" type="pytest.skip">src/pymortests/vectorarray.py:242: Suite splitting in effect</skipped></testcase><testcase classname="src.pymortests.vectorarray" file="src/pymortests/vectorarray.py" line="242" name="test_copy_repeated_index[1-&lt;lambda&gt;9]" time="0.00038552284240722656"><skipped message="Suite splitting in effect" type="pytest.skip">src/pymortests/vectorarray.py:242: Suite splitting in effect</skipped></testcase><testcase classname="src.pymortests.vectorarray" file="src/pymortests/vectorarray.py" line="242" name="test_copy_repeated_index[1-&lt;lambda&gt;10]" time="0.0004184246063232422"><skipped message="Suite splitting in effect" type="pytest.skip">src/pymortests/vectorarray.py:242: Suite splitting in effect</skipped></testcase><testcase classname="src.pymortests.vectorarray" file="src/pymortests/vectorarray.py" line="242" name="test_copy_repeated_index[1-&lt;lambda&gt;11]" time="0.0004127025604248047"><skipped message="Suite splitting in effect" type="pytest.skip">src/pymortests/vectorarray.py:242: Suite splitting in effect</skipped></testcase><testcase classname="src.pymortests.vectorarray" file="src/pymortests/vectorarray.py" line="242" name="test_copy_repeated_index[1-&lt;lambda&gt;12]" time="0.0003864765167236328"><skipped message="Suite splitting in effect" type="pytest.skip">src/pymortests/vectorarray.py:242: Suite splitting in effect</skipped></testcase><testcase classname="src.pymortests.vectorarray" file="src/pymortests/vectorarray.py" line="242" name="test_copy_repeated_index[1-&lt;lambda&gt;13]" time="0.0004172325134277344"><skipped message="Suite splitting in effect" type="pytest.skip">src/pymortests/vectorarray.py:242: Suite splitting in effect</skipped></testcase><testcase classname="src.pymortests.vectorarray" file="src/pymortests/vectorarray.py" line="242" name="test_copy_repeated_index[1-&lt;lambda&gt;14]" time="0.0006766319274902344"><skipped message="Suite splitting in effect" type="pytest.skip">src/pymortests/vectorarray.py:242: Suite splitting in effect</skipped></testcase><testcase classname="src.pymortests.vectorarray" file="src/pymortests/vectorarray.py" line="242" name="test_copy_repeated_index[1-&lt;lambda&gt;15]" time="0.0004181861877441406"><skipped message="Suite splitting in effect" type="pytest.skip">src/pymortests/vectorarray.py:242: Suite splitting in effect</skipped></testcase><testcase classname="src.pymortests.vectorarray" file="src/pymortests/vectorarray.py" line="242" name="test_copy_repeated_index[1-&lt;lambda&gt;16]" time="0.0004119873046875"><skipped message="Suite splitting in effect" type="pytest.skip">src/pymortests/vectorarray.py:242: Suite splitting in effect</skipped></testcase><testcase classname="src.pymortests.vectorarray" file="src/pymortests/vectorarray.py" line="242" name="test_copy_repeated_index[1-&lt;lambda&gt;17]" time="0.0003924369812011719"><skipped message="Suite splitting in effect" type="pytest.skip">src/pymortests/vectorarray.py:242: Suite splitting in effect</skipped></testcase><testcase classname="src.pymortests.vectorarray" file="src/pymortests/vectorarray.py" line="242" name="test_copy_repeated_index[1-&lt;lambda&gt;18]" time="0.0004057884216308594"><skipped message="Suite splitting in effect" type="pytest.skip">src/pymortests/vectorarray.py:242: Suite splitting in effect</skipped></testcase><testcase classname="src.pymortests.vectorarray" file="src/pymortests/vectorarray.py" line="242" name="test_copy_repeated_index[1-&lt;lambda&gt;19]" time="0.00041222572326660156"><skipped message="Suite splitting in effect" type="pytest.skip">src/pymortests/vectorarray.py:242: Suite splitting in effect</skipped></testcase><testcase classname="src.pymortests.vectorarray" file="src/pymortests/vectorarray.py" line="242" name="test_copy_repeated_index[1-&lt;lambda&gt;20]" time="0.0004355907440185547"><skipped message="Suite splitting in effect" type="pytest.skip">src/pymortests/vectorarray.py:242: Suite splitting in effect</skipped></testcase><testcase classname="src.pymortests.vectorarray" file="src/pymortests/vectorarray.py" line="242" name="test_copy_repeated_index[1-&lt;lambda&gt;21]" time="0.00039386749267578125"><skipped message="Suite splitting in effect" type="pytest.skip">src/pymortests/vectorarray.py:242: Suite splitting in effect</skipped></testcase><testcase classname="src.pymortests.vectorarray" file="src/pymortests/vectorarray.py" line="242" name="test_copy_repeated_index[1-&lt;lambda&gt;22]" time="0.0006632804870605469"><skipped message="Suite splitting in effect" type="pytest.skip">src/pymortests/vectorarray.py:242: Suite splitting in effect</skipped></testcase><testcase classname="src.pymortests.vectorarray" file="src/pymortests/vectorarray.py" line="242" name="test_copy_repeated_index[1-&lt;lambda&gt;23]" time="0.0004124641418457031"><skipped message="Suite splitting in effect" type="pytest.skip">src/pymortests/vectorarray.py:242: Suite splitting in effect</skipped></testcase><testcase classname="src.pymortests.vectorarray" file="src/pymortests/vectorarray.py" line="242" name="test_copy_repeated_index[1-&lt;lambda&gt;24]" time="0.0003960132598876953"><skipped message="Suite splitting in effect" type="pytest.skip">src/pymortests/vectorarray.py:242: Suite splitting in effect</skipped></testcase><testcase classname="src.pymortests.vectorarray" file="src/pymortests/vectorarray.py" line="242" name="test_copy_repeated_index[1-&lt;lambda&gt;25]" time="0.0004184246063232422"><skipped message="Suite splitting in effect" type="pytest.skip">src/pymortests/vectorarray.py:242: Suite splitting in effect</skipped></testcase><testcase classname="src.pymortests.vectorarray" file="src/pymortests/vectorarray.py" line="242" name="test_copy_repeated_index[1-&lt;lambda&gt;26]" time="0.0004138946533203125"><skipped message="Suite splitting in effect" type="pytest.skip">src/pymortests/vectorarray.py:242: Suite splitting in effect</skipped></testcase><testcase classname="src.pymortests.vectorarray" file="src/pymortests/vectorarray.py" line="242" name="test_copy_repeated_index[2-&lt;lambda&gt;0]" time="0.0004162788391113281"><skipped message="Suite splitting in effect" type="pytest.skip">src/pymortests/vectorarray.py:242: Suite splitting in effect</skipped></testcase><testcase classname="src.pymortests.vectorarray" file="src/pymortests/vectorarray.py" line="242" name="test_copy_repeated_index[2-&lt;lambda&gt;1]" time="0.0003921985626220703"><skipped message="Suite splitting in effect" type="pytest.skip">src/pymortests/vectorarray.py:242: Suite splitting in effect</skipped></testcase><testcase classname="src.pymortests.vectorarray" file="src/pymortests/vectorarray.py" line="242" name="test_copy_repeated_index[2-&lt;lambda&gt;2]" time="0.0004954338073730469"><skipped message="Suite splitting in effect" type="pytest.skip">src/pymortests/vectorarray.py:242: Suite splitting in effect</skipped></testcase><testcase classname="src.pymortests.vectorarray" file="src/pymortests/vectorarray.py" line="242" name="test_copy_repeated_index[2-&lt;lambda&gt;3]" time="0.0006859302520751953"><skipped message="Suite splitting in effect" type="pytest.skip">src/pymortests/vectorarray.py:242: Suite splitting in effect</skipped></testcase><testcase classname="src.pymortests.vectorarray" file="src/pymortests/vectorarray.py" line="242" name="test_copy_repeated_index[2-&lt;lambda&gt;4]" time="0.00042557716369628906"><skipped message="Suite splitting in effect" type="pytest.skip">src/pymortests/vectorarray.py:242: Suite splitting in effect</skipped></testcase><testcase classname="src.pymortests.vectorarray" file="src/pymortests/vectorarray.py" line="242" name="test_copy_repeated_index[2-&lt;lambda&gt;5]" time="0.00042724609375"><skipped message="Suite splitting in effect" type="pytest.skip">src/pymortests/vectorarray.py:242: Suite splitting in effect</skipped></testcase><testcase classname="src.pymortests.vectorarray" file="src/pymortests/vectorarray.py" line="242" name="test_copy_repeated_index[2-&lt;lambda&gt;6]" time="0.0004584789276123047"><skipped message="Suite splitting in effect" type="pytest.skip">src/pymortests/vectorarray.py:242: Suite splitting in effect</skipped></testcase><testcase classname="src.pymortests.vectorarray" file="src/pymortests/vectorarray.py" line="242" name="test_copy_repeated_index[2-&lt;lambda&gt;7]" time="0.0004100799560546875"><skipped message="Suite splitting in effect" type="pytest.skip">src/pymortests/vectorarray.py:242: Suite splitting in effect</skipped></testcase><testcase classname="src.pymortests.vectorarray" file="src/pymortests/vectorarray.py" line="242" name="test_copy_repeated_index[2-&lt;lambda&gt;8]" time="0.00041365623474121094"><skipped message="Suite splitting in effect" type="pytest.skip">src/pymortests/vectorarray.py:242: Suite splitting in effect</skipped></testcase><testcase classname="src.pymortests.vectorarray" file="src/pymortests/vectorarray.py" line="242" name="test_copy_repeated_index[2-&lt;lambda&gt;9]" time="0.00043201446533203125"><skipped message="Suite splitting in effect" type="pytest.skip">src/pymortests/vectorarray.py:242: Suite splitting in effect</skipped></testcase><testcase classname="src.pymortests.vectorarray" file="src/pymortests/vectorarray.py" line="242" name="test_copy_repeated_index[2-&lt;lambda&gt;10]" time="0.0004012584686279297"><skipped message="Suite splitting in effect" type="pytest.skip">src/pymortests/vectorarray.py:242: Suite splitting in effect</skipped></testcase><testcase classname="src.pymortests.vectorarray" file="src/pymortests/vectorarray.py" line="242" name="test_copy_repeated_index[2-&lt;lambda&gt;11]" time="0.0008513927459716797"><skipped message="Suite splitting in effect" type="pytest.skip">src/pymortests/vectorarray.py:242: Suite splitting in effect</skipped></testcase><testcase classname="src.pymortests.vectorarray" file="src/pymortests/vectorarray.py" line="242" name="test_copy_repeated_index[2-&lt;lambda&gt;12]" time="0.000392913818359375"><skipped message="Suite splitting in effect" type="pytest.skip">src/pymortests/vectorarray.py:242: Suite splitting in effect</skipped></testcase><testcase classname="src.pymortests.vectorarray" file="src/pymortests/vectorarray.py" line="242" name="test_copy_repeated_index[2-&lt;lambda&gt;13]" time="0.00043392181396484375"><skipped message="Suite splitting in effect" type="pytest.skip">src/pymortests/vectorarray.py:242: Suite splitting in effect</skipped></testcase><testcase classname="src.pymortests.vectorarray" file="src/pymortests/vectorarray.py" line="242" name="test_copy_repeated_index[2-&lt;lambda&gt;14]" time="0.00039386749267578125"><skipped message="Suite splitting in effect" type="pytest.skip">src/pymortests/vectorarray.py:242: Suite splitting in effect</skipped></testcase><testcase classname="src.pymortests.vectorarray" file="src/pymortests/vectorarray.py" line="242" name="test_copy_repeated_index[2-&lt;lambda&gt;15]" time="0.0004379749298095703"><skipped message="Suite splitting in effect" type="pytest.skip">src/pymortests/vectorarray.py:242: Suite splitting in effect</skipped></testcase><testcase classname="src.pymortests.vectorarray" file="src/pymortests/vectorarray.py" line="242" name="test_copy_repeated_index[2-&lt;lambda&gt;16]" time="0.00040793418884277344"><skipped message="Suite splitting in effect" type="pytest.skip">src/pymortests/vectorarray.py:242: Suite splitting in effect</skipped></testcase><testcase classname="src.pymortests.vectorarray" file="src/pymortests/vectorarray.py" line="242" name="test_copy_repeated_index[2-&lt;lambda&gt;17]" time="0.00042438507080078125"><skipped message="Suite splitting in effect" type="pytest.skip">src/pymortests/vectorarray.py:242: Suite splitting in effect</skipped></testcase><testcase classname="src.pymortests.vectorarray" file="src/pymortests/vectorarray.py" line="242" name="test_copy_repeated_index[2-&lt;lambda&gt;18]" time="0.0004153251647949219"><skipped message="Suite splitting in effect" type="pytest.skip">src/pymortests/vectorarray.py:242: Suite splitting in effect</skipped></testcase><testcase classname="src.pymortests.vectorarray" file="src/pymortests/vectorarray.py" line="242" name="test_copy_repeated_index[2-&lt;lambda&gt;19]" time="0.0008246898651123047"><skipped message="Suite splitting in effect" type="pytest.skip">src/pymortests/vectorarray.py:242: Suite splitting in effect</skipped></testcase><testcase classname="src.pymortests.vectorarray" file="src/pymortests/vectorarray.py" line="242" name="test_copy_repeated_index[2-&lt;lambda&gt;20]" time="0.0004138946533203125"><skipped message="Suite splitting in effect" type="pytest.skip">src/pymortests/vectorarray.py:242: Suite splitting in effect</skipped></testcase><testcase classname="src.pymortests.vectorarray" file="src/pymortests/vectorarray.py" line="242" name="test_copy_repeated_index[2-&lt;lambda&gt;21]" time="0.00039196014404296875"><skipped message="Suite splitting in effect" type="pytest.skip">src/pymortests/vectorarray.py:242: Suite splitting in effect</skipped></testcase><testcase classname="src.pymortests.vectorarray" file="src/pymortests/vectorarray.py" line="242" name="test_copy_repeated_index[2-&lt;lambda&gt;22]" time="0.000392913818359375"><skipped message="Suite splitting in effect" type="pytest.skip">src/pymortests/vectorarray.py:242: Suite splitting in effect</skipped></testcase><testcase classname="src.pymortests.vectorarray" file="src/pymortests/vectorarray.py" line="242" name="test_copy_repeated_index[2-&lt;lambda&gt;23]" time="0.0003979206085205078"><skipped message="Suite splitting in effect" type="pytest.skip">src/pymortests/vectorarray.py:242: Suite splitting in effect</skipped></testcase><testcase classname="src.pymortests.vectorarray" file="src/pymortests/vectorarray.py" line="242" name="test_copy_repeated_index[2-&lt;lambda&gt;24]" time="0.0004341602325439453"><skipped message="Suite splitting in effect" type="pytest.skip">src/pymortests/vectorarray.py:242: Suite splitting in effect</skipped></testcase><testcase classname="src.pymortests.vectorarray" file="src/pymortests/vectorarray.py" line="242" name="test_copy_repeated_index[2-&lt;lambda&gt;25]" time="0.00039076805114746094"><skipped message="Suite splitting in effect" type="pytest.skip">src/pymortests/vectorarray.py:242: Suite splitting in effect</skipped></testcase><testcase classname="src.pymortests.vectorarray" file="src/pymortests/vectorarray.py" line="242" name="test_copy_repeated_index[2-&lt;lambda&gt;26]" time="0.0004565715789794922"><skipped message="Suite splitting in effect" type="pytest.skip">src/pymortests/vectorarray.py:242: Suite splitting in effect</skipped></testcase><testcase classname="src.pymortests.vectorarray" file="src/pymortests/vectorarray.py" line="264" name="test_append[compatible_vector_array_pair0-&lt;lambda&gt;0]" time="0.0006532669067382812"><skipped message="Suite splitting in effect" type="pytest.skip">src/pymortests/vectorarray.py:264: Suite splitting in effect</skipped></testcase><testcase classname="src.pymortests.vectorarray" file="src/pymortests/vectorarray.py" line="264" name="test_append[compatible_vector_array_pair0-&lt;lambda&gt;1]" time="0.0004267692565917969"><skipped message="Suite splitting in effect" type="pytest.skip">src/pymortests/vectorarray.py:264: Suite splitting in effect</skipped></testcase><testcase classname="src.pymortests.vectorarray" file="src/pymortests/vectorarray.py" line="264" name="test_append[compatible_vector_array_pair0-&lt;lambda&gt;2]" time="0.0004074573516845703"><skipped message="Suite splitting in effect" type="pytest.skip">src/pymortests/vectorarray.py:264: Suite splitting in effect</skipped></testcase><testcase classname="src.pymortests.vectorarray" file="src/pymortests/vectorarray.py" line="264" name="test_append[compatible_vector_array_pair0-&lt;lambda&gt;3]" time="0.00041794776916503906"><skipped message="Suite splitting in effect" type="pytest.skip">src/pymortests/vectorarray.py:264: Suite splitting in effect</skipped></testcase><testcase classname="src.pymortests.vectorarray" file="src/pymortests/vectorarray.py" line="264" name="test_append[compatible_vector_array_pair0-&lt;lambda&gt;4]" time="0.00041294097900390625"><skipped message="Suite splitting in effect" type="pytest.skip">src/pymortests/vectorarray.py:264: Suite splitting in effect</skipped></testcase><testcase classname="src.pymortests.vectorarray" file="src/pymortests/vectorarray.py" line="264" name="test_append[compatible_vector_array_pair0-&lt;lambda&gt;5]" time="0.0004153251647949219"><skipped message="Suite splitting in effect" type="pytest.skip">src/pymortests/vectorarray.py:264: Suite splitting in effect</skipped></testcase><testcase classname="src.pymortests.vectorarray" file="src/pymortests/vectorarray.py" line="264" name="test_append[compatible_vector_array_pair0-&lt;lambda&gt;6]" time="0.0004191398620605469"><skipped message="Suite splitting in effect" type="pytest.skip">src/pymortests/vectorarray.py:264: Suite splitting in effect</skipped></testcase><testcase classname="src.pymortests.vectorarray" file="src/pymortests/vectorarray.py" line="264" name="test_append[compatible_vector_array_pair0-&lt;lambda&gt;7]" time="0.00038886070251464844"><skipped message="Suite splitting in effect" type="pytest.skip">src/pymortests/vectorarray.py:264: Suite splitting in effect</skipped></testcase><testcase classname="src.pymortests.vectorarray" file="src/pymortests/vectorarray.py" line="264" name="test_append[compatible_vector_array_pair0-&lt;lambda&gt;8]" time="0.0006785392761230469"><skipped message="Suite splitting in effect" type="pytest.skip">src/pymortests/vectorarray.py:264: Suite splitting in effect</skipped></testcase><testcase classname="src.pymortests.vectorarray" file="src/pymortests/vectorarray.py" line="264" name="test_append[compatible_vector_array_pair0-&lt;lambda&gt;9]" time="0.00041866302490234375"><skipped message="Suite splitting in effect" type="pytest.skip">src/pymortests/vectorarray.py:264: Suite splitting in effect</skipped></testcase><testcase classname="src.pymortests.vectorarray" file="src/pymortests/vectorarray.py" line="264" name="test_append[compatible_vector_array_pair0-&lt;lambda&gt;10]" time="0.0004191398620605469"><skipped message="Suite splitting in effect" type="pytest.skip">src/pymortests/vectorarray.py:264: Suite splitting in effect</skipped></testcase><testcase classname="src.pymortests.vectorarray" file="src/pymortests/vectorarray.py" line="264" name="test_append[compatible_vector_array_pair0-&lt;lambda&gt;11]" time="0.0003905296325683594"><skipped message="Suite splitting in effect" type="pytest.skip">src/pymortests/vectorarray.py:264: Suite splitting in effect</skipped></testcase><testcase classname="src.pymortests.vectorarray" file="src/pymortests/vectorarray.py" line="264" name="test_append[compatible_vector_array_pair0-&lt;lambda&gt;12]" time="0.0004057884216308594"><skipped message="Suite splitting in effect" type="pytest.skip">src/pymortests/vectorarray.py:264: Suite splitting in effect</skipped></testcase><testcase classname="src.pymortests.vectorarray" file="src/pymortests/vectorarray.py" line="264" name="test_append[compatible_vector_array_pair0-&lt;lambda&gt;13]" time="0.0004124641418457031"><skipped message="Suite splitting in effect" type="pytest.skip">src/pymortests/vectorarray.py:264: Suite splitting in effect</skipped></testcase><testcase classname="src.pymortests.vectorarray" file="src/pymortests/vectorarray.py" line="264" name="test_append[compatible_vector_array_pair0-&lt;lambda&gt;14]" time="0.0004391670227050781"><skipped message="Suite splitting in effect" type="pytest.skip">src/pymortests/vectorarray.py:264: Suite splitting in effect</skipped></testcase><testcase classname="src.pymortests.vectorarray" file="src/pymortests/vectorarray.py" line="264" name="test_append[compatible_vector_array_pair0-&lt;lambda&gt;15]" time="0.00040602684020996094"><skipped message="Suite splitting in effect" type="pytest.skip">src/pymortests/vectorarray.py:264: Suite splitting in effect</skipped></testcase><testcase classname="src.pymortests.vectorarray" file="src/pymortests/vectorarray.py" line="264" name="test_append[compatible_vector_array_pair0-&lt;lambda&gt;16]" time="0.0006914138793945312"><skipped message="Suite splitting in effect" type="pytest.skip">src/pymortests/vectorarray.py:264: Suite splitting in effect</skipped></testcase><testcase classname="src.pymortests.vectorarray" file="src/pymortests/vectorarray.py" line="264" name="test_append[compatible_vector_array_pair0-&lt;lambda&gt;17]" time="0.00041031837463378906"><skipped message="Suite splitting in effect" type="pytest.skip">src/pymortests/vectorarray.py:264: Suite splitting in effect</skipped></testcase><testcase classname="src.pymortests.vectorarray" file="src/pymortests/vectorarray.py" line="264" name="test_append[compatible_vector_array_pair0-&lt;lambda&gt;18]" time="0.00041794776916503906"><skipped message="Suite splitting in effect" type="pytest.skip">src/pymortests/vectorarray.py:264: Suite splitting in effect</skipped></testcase><testcase classname="src.pymortests.vectorarray" file="src/pymortests/vectorarray.py" line="264" name="test_append[compatible_vector_array_pair0-&lt;lambda&gt;19]" time="0.00042438507080078125"><skipped message="Suite splitting in effect" type="pytest.skip">src/pymortests/vectorarray.py:264: Suite splitting in effect</skipped></testcase><testcase classname="src.pymortests.vectorarray" file="src/pymortests/vectorarray.py" line="264" name="test_append[compatible_vector_array_pair0-&lt;lambda&gt;20]" time="0.0004336833953857422"><skipped message="Suite splitting in effect" type="pytest.skip">src/pymortests/vectorarray.py:264: Suite splitting in effect</skipped></testcase><testcase classname="src.pymortests.vectorarray" file="src/pymortests/vectorarray.py" line="264" name="test_append[compatible_vector_array_pair0-&lt;lambda&gt;21]" time="0.0003902912139892578"><skipped message="Suite splitting in effect" type="pytest.skip">src/pymortests/vectorarray.py:264: Suite splitting in effect</skipped></testcase><testcase classname="src.pymortests.vectorarray" file="src/pymortests/vectorarray.py" line="264" name="test_append[compatible_vector_array_pair0-&lt;lambda&gt;22]" time="0.0004138946533203125"><skipped message="Suite splitting in effect" type="pytest.skip">src/pymortests/vectorarray.py:264: Suite splitting in effect</skipped></testcase><testcase classname="src.pymortests.vectorarray" file="src/pymortests/vectorarray.py" line="264" name="test_append[compatible_vector_array_pair0-&lt;lambda&gt;23]" time="0.0004162788391113281"><skipped message="Suite splitting in effect" type="pytest.skip">src/pymortests/vectorarray.py:264: Suite splitting in effect</skipped></testcase><testcase classname="src.pymortests.vectorarray" file="src/pymortests/vectorarray.py" line="264" name="test_append[compatible_vector_array_pair0-&lt;lambda&gt;24]" time="0.00067901611328125"><skipped message="Suite splitting in effect" type="pytest.skip">src/pymortests/vectorarray.py:264: Suite splitting in effect</skipped></testcase><testcase classname="src.pymortests.vectorarray" file="src/pymortests/vectorarray.py" line="264" name="test_append[compatible_vector_array_pair0-&lt;lambda&gt;25]" time="0.0004112720489501953"><skipped message="Suite splitting in effect" type="pytest.skip">src/pymortests/vectorarray.py:264: Suite splitting in effect</skipped></testcase><testcase classname="src.pymortests.vectorarray" file="src/pymortests/vectorarray.py" line="264" name="test_append[compatible_vector_array_pair0-&lt;lambda&gt;26]" time="0.0004208087921142578"><skipped message="Suite splitting in effect" type="pytest.skip">src/pymortests/vectorarray.py:264: Suite splitting in effect</skipped></testcase><testcase classname="src.pymortests.vectorarray" file="src/pymortests/vectorarray.py" line="264" name="test_append[compatible_vector_array_pair0-&lt;lambda&gt;27]" time="0.0004169940948486328"><skipped message="Suite splitting in effect" type="pytest.skip">src/pymortests/vectorarray.py:264: Suite splitting in effect</skipped></testcase><testcase classname="src.pymortests.vectorarray" file="src/pymortests/vectorarray.py" line="264" name="test_append[compatible_vector_array_pair0-&lt;lambda&gt;28]" time="0.00039315223693847656"><skipped message="Suite splitting in effect" type="pytest.skip">src/pymortests/vectorarray.py:264: Suite splitting in effect</skipped></testcase><testcase classname="src.pymortests.vectorarray" file="src/pymortests/vectorarray.py" line="264" name="test_append[compatible_vector_array_pair0-&lt;lambda&gt;29]" time="0.0004181861877441406"><skipped message="Suite splitting in effect" type="pytest.skip">src/pymortests/vectorarray.py:264: Suite splitting in effect</skipped></testcase><testcase classname="src.pymortests.vectorarray" file="src/pymortests/vectorarray.py" line="264" name="test_append[compatible_vector_array_pair1-&lt;lambda&gt;0]" time="0.00038933753967285156"><skipped message="Suite splitting in effect" type="pytest.skip">src/pymortests/vectorarray.py:264: Suite splitting in effect</skipped></testcase><testcase classname="src.pymortests.vectorarray" file="src/pymortests/vectorarray.py" line="264" name="test_append[compatible_vector_array_pair1-&lt;lambda&gt;1]" time="0.00039196014404296875"><skipped message="Suite splitting in effect" type="pytest.skip">src/pymortests/vectorarray.py:264: Suite splitting in effect</skipped></testcase><testcase classname="src.pymortests.vectorarray" file="src/pymortests/vectorarray.py" line="264" name="test_append[compatible_vector_array_pair1-&lt;lambda&gt;2]" time="0.0007040500640869141"><skipped message="Suite splitting in effect" type="pytest.skip">src/pymortests/vectorarray.py:264: Suite splitting in effect</skipped></testcase><testcase classname="src.pymortests.vectorarray" file="src/pymortests/vectorarray.py" line="264" name="test_append[compatible_vector_array_pair1-&lt;lambda&gt;3]" time="0.0004093647003173828"><skipped message="Suite splitting in effect" type="pytest.skip">src/pymortests/vectorarray.py:264: Suite splitting in effect</skipped></testcase><testcase classname="src.pymortests.vectorarray" file="src/pymortests/vectorarray.py" line="264" name="test_append[compatible_vector_array_pair1-&lt;lambda&gt;4]" time="0.0003886222839355469"><skipped message="Suite splitting in effect" type="pytest.skip">src/pymortests/vectorarray.py:264: Suite splitting in effect</skipped></testcase><testcase classname="src.pymortests.vectorarray" file="src/pymortests/vectorarray.py" line="264" name="test_append[compatible_vector_array_pair1-&lt;lambda&gt;5]" time="0.0003933906555175781"><skipped message="Suite splitting in effect" type="pytest.skip">src/pymortests/vectorarray.py:264: Suite splitting in effect</skipped></testcase><testcase classname="src.pymortests.vectorarray" file="src/pymortests/vectorarray.py" line="264" name="test_append[compatible_vector_array_pair1-&lt;lambda&gt;6]" time="0.00039196014404296875"><skipped message="Suite splitting in effect" type="pytest.skip">src/pymortests/vectorarray.py:264: Suite splitting in effect</skipped></testcase><testcase classname="src.pymortests.vectorarray" file="src/pymortests/vectorarray.py" line="264" name="test_append[compatible_vector_array_pair1-&lt;lambda&gt;7]" time="0.0004189014434814453"><skipped message="Suite splitting in effect" type="pytest.skip">src/pymortests/vectorarray.py:264: Suite splitting in effect</skipped></testcase><testcase classname="src.pymortests.vectorarray" file="src/pymortests/vectorarray.py" line="264" name="test_append[compatible_vector_array_pair1-&lt;lambda&gt;8]" time="0.00041222572326660156"><skipped message="Suite splitting in effect" type="pytest.skip">src/pymortests/vectorarray.py:264: Suite splitting in effect</skipped></testcase><testcase classname="src.pymortests.vectorarray" file="src/pymortests/vectorarray.py" line="264" name="test_append[compatible_vector_array_pair1-&lt;lambda&gt;9]" time="0.00039005279541015625"><skipped message="Suite splitting in effect" type="pytest.skip">src/pymortests/vectorarray.py:264: Suite splitting in effect</skipped></testcase><testcase classname="src.pymortests.vectorarray" file="src/pymortests/vectorarray.py" line="264" name="test_append[compatible_vector_array_pair1-&lt;lambda&gt;10]" time="0.0006625652313232422"><skipped message="Suite splitting in effect" type="pytest.skip">src/pymortests/vectorarray.py:264: Suite splitting in effect</skipped></testcase><testcase classname="src.pymortests.vectorarray" file="src/pymortests/vectorarray.py" line="264" name="test_append[compatible_vector_array_pair1-&lt;lambda&gt;11]" time="0.0003981590270996094"><skipped message="Suite splitting in effect" type="pytest.skip">src/pymortests/vectorarray.py:264: Suite splitting in effect</skipped></testcase><testcase classname="src.pymortests.vectorarray" file="src/pymortests/vectorarray.py" line="264" name="test_append[compatible_vector_array_pair1-&lt;lambda&gt;12]" time="0.0004937648773193359"><skipped message="Suite splitting in effect" type="pytest.skip">src/pymortests/vectorarray.py:264: Suite splitting in effect</skipped></testcase><testcase classname="src.pymortests.vectorarray" file="src/pymortests/vectorarray.py" line="264" name="test_append[compatible_vector_array_pair1-&lt;lambda&gt;13]" time="0.0003933906555175781"><skipped message="Suite splitting in effect" type="pytest.skip">src/pymortests/vectorarray.py:264: Suite splitting in effect</skipped></testcase><testcase classname="src.pymortests.vectorarray" file="src/pymortests/vectorarray.py" line="264" name="test_append[compatible_vector_array_pair1-&lt;lambda&gt;14]" time="0.0003871917724609375"><skipped message="Suite splitting in effect" type="pytest.skip">src/pymortests/vectorarray.py:264: Suite splitting in effect</skipped></testcase><testcase classname="src.pymortests.vectorarray" file="src/pymortests/vectorarray.py" line="264" name="test_append[compatible_vector_array_pair1-&lt;lambda&gt;15]" time="0.0004172325134277344"><skipped message="Suite splitting in effect" type="pytest.skip">src/pymortests/vectorarray.py:264: Suite splitting in effect</skipped></testcase><testcase classname="src.pymortests.vectorarray" file="src/pymortests/vectorarray.py" line="264" name="test_append[compatible_vector_array_pair1-&lt;lambda&gt;16]" time="0.0004093647003173828"><skipped message="Suite splitting in effect" type="pytest.skip">src/pymortests/vectorarray.py:264: Suite splitting in effect</skipped></testcase><testcase classname="src.pymortests.vectorarray" file="src/pymortests/vectorarray.py" line="264" name="test_append[compatible_vector_array_pair1-&lt;lambda&gt;17]" time="0.0004363059997558594"><skipped message="Suite splitting in effect" type="pytest.skip">src/pymortests/vectorarray.py:264: Suite splitting in effect</skipped></testcase><testcase classname="src.pymortests.vectorarray" file="src/pymortests/vectorarray.py" line="264" name="test_append[compatible_vector_array_pair1-&lt;lambda&gt;18]" time="0.0006797313690185547"><skipped message="Suite splitting in effect" type="pytest.skip">src/pymortests/vectorarray.py:264: Suite splitting in effect</skipped></testcase><testcase classname="src.pymortests.vectorarray" file="src/pymortests/vectorarray.py" line="264" name="test_append[compatible_vector_array_pair1-&lt;lambda&gt;19]" time="0.0004019737243652344"><skipped message="Suite splitting in effect" type="pytest.skip">src/pymortests/vectorarray.py:264: Suite splitting in effect</skipped></testcase><testcase classname="src.pymortests.vectorarray" file="src/pymortests/vectorarray.py" line="264" name="test_append[compatible_vector_array_pair1-&lt;lambda&gt;20]" time="0.00038743019104003906"><skipped message="Suite splitting in effect" type="pytest.skip">src/pymortests/vectorarray.py:264: Suite splitting in effect</skipped></testcase><testcase classname="src.pymortests.vectorarray" file="src/pymortests/vectorarray.py" line="264" name="test_append[compatible_vector_array_pair1-&lt;lambda&gt;21]" time="0.0004138946533203125"><skipped message="Suite splitting in effect" type="pytest.skip">src/pymortests/vectorarray.py:264: Suite splitting in effect</skipped></testcase><testcase classname="src.pymortests.vectorarray" file="src/pymortests/vectorarray.py" line="264" name="test_append[compatible_vector_array_pair1-&lt;lambda&gt;22]" time="0.0004134178161621094"><skipped message="Suite splitting in effect" type="pytest.skip">src/pymortests/vectorarray.py:264: Suite splitting in effect</skipped></testcase><testcase classname="src.pymortests.vectorarray" file="src/pymortests/vectorarray.py" line="264" name="test_append[compatible_vector_array_pair1-&lt;lambda&gt;23]" time="0.00038623809814453125"><skipped message="Suite splitting in effect" type="pytest.skip">src/pymortests/vectorarray.py:264: Suite splitting in effect</skipped></testcase><testcase classname="src.pymortests.vectorarray" file="src/pymortests/vectorarray.py" line="264" name="test_append[compatible_vector_array_pair1-&lt;lambda&gt;24]" time="0.00038909912109375"><skipped message="Suite splitting in effect" type="pytest.skip">src/pymortests/vectorarray.py:264: Suite splitting in effect</skipped></testcase><testcase classname="src.pymortests.vectorarray" file="src/pymortests/vectorarray.py" line="264" name="test_append[compatible_vector_array_pair1-&lt;lambda&gt;25]" time="0.00038909912109375"><skipped message="Suite splitting in effect" type="pytest.skip">src/pymortests/vectorarray.py:264: Suite splitting in effect</skipped></testcase><testcase classname="src.pymortests.vectorarray" file="src/pymortests/vectorarray.py" line="264" name="test_append[compatible_vector_array_pair1-&lt;lambda&gt;26]" time="0.0007135868072509766"><skipped message="Suite splitting in effect" type="pytest.skip">src/pymortests/vectorarray.py:264: Suite splitting in effect</skipped></testcase><testcase classname="src.pymortests.vectorarray" file="src/pymortests/vectorarray.py" line="264" name="test_append[compatible_vector_array_pair1-&lt;lambda&gt;27]" time="0.0003917217254638672"><skipped message="Suite splitting in effect" type="pytest.skip">src/pymortests/vectorarray.py:264: Suite splitting in effect</skipped></testcase><testcase classname="src.pymortests.vectorarray" file="src/pymortests/vectorarray.py" line="264" name="test_append[compatible_vector_array_pair1-&lt;lambda&gt;28]" time="0.0003886222839355469"><skipped message="Suite splitting in effect" type="pytest.skip">src/pymortests/vectorarray.py:264: Suite splitting in effect</skipped></testcase><testcase classname="src.pymortests.vectorarray" file="src/pymortests/vectorarray.py" line="264" name="test_append[compatible_vector_array_pair1-&lt;lambda&gt;29]" time="0.0003864765167236328"><skipped message="Suite splitting in effect" type="pytest.skip">src/pymortests/vectorarray.py:264: Suite splitting in effect</skipped></testcase><testcase classname="src.pymortests.vectorarray" file="src/pymortests/vectorarray.py" line="264" name="test_append[compatible_vector_array_pair2-&lt;lambda&gt;0]" time="0.0004131793975830078"><skipped message="Suite splitting in effect" type="pytest.skip">src/pymortests/vectorarray.py:264: Suite splitting in effect</skipped></testcase><testcase classname="src.pymortests.vectorarray" file="src/pymortests/vectorarray.py" line="264" name="test_append[compatible_vector_array_pair2-&lt;lambda&gt;1]" time="0.0004093647003173828"><skipped message="Suite splitting in effect" type="pytest.skip">src/pymortests/vectorarray.py:264: Suite splitting in effect</skipped></testcase><testcase classname="src.pymortests.vectorarray" file="src/pymortests/vectorarray.py" line="264" name="test_append[compatible_vector_array_pair2-&lt;lambda&gt;2]" time="0.00042700767517089844"><skipped message="Suite splitting in effect" type="pytest.skip">src/pymortests/vectorarray.py:264: Suite splitting in effect</skipped></testcase><testcase classname="src.pymortests.vectorarray" file="src/pymortests/vectorarray.py" line="264" name="test_append[compatible_vector_array_pair2-&lt;lambda&gt;3]" time="0.00041794776916503906"><skipped message="Suite splitting in effect" type="pytest.skip">src/pymortests/vectorarray.py:264: Suite splitting in effect</skipped></testcase><testcase classname="src.pymortests.vectorarray" file="src/pymortests/vectorarray.py" line="264" name="test_append[compatible_vector_array_pair2-&lt;lambda&gt;4]" time="0.0006952285766601562"><skipped message="Suite splitting in effect" type="pytest.skip">src/pymortests/vectorarray.py:264: Suite splitting in effect</skipped></testcase><testcase classname="src.pymortests.vectorarray" file="src/pymortests/vectorarray.py" line="264" name="test_append[compatible_vector_array_pair2-&lt;lambda&gt;5]" time="0.00041484832763671875"><skipped message="Suite splitting in effect" type="pytest.skip">src/pymortests/vectorarray.py:264: Suite splitting in effect</skipped></testcase><testcase classname="src.pymortests.vectorarray" file="src/pymortests/vectorarray.py" line="264" name="test_append[compatible_vector_array_pair2-&lt;lambda&gt;6]" time="0.00039315223693847656"><skipped message="Suite splitting in effect" type="pytest.skip">src/pymortests/vectorarray.py:264: Suite splitting in effect</skipped></testcase><testcase classname="src.pymortests.vectorarray" file="src/pymortests/vectorarray.py" line="264" name="test_append[compatible_vector_array_pair2-&lt;lambda&gt;7]" time="0.00042057037353515625"><skipped message="Suite splitting in effect" type="pytest.skip">src/pymortests/vectorarray.py:264: Suite splitting in effect</skipped></testcase><testcase classname="src.pymortests.vectorarray" file="src/pymortests/vectorarray.py" line="264" name="test_append[compatible_vector_array_pair2-&lt;lambda&gt;8]" time="0.0004127025604248047"><skipped message="Suite splitting in effect" type="pytest.skip">src/pymortests/vectorarray.py:264: Suite splitting in effect</skipped></testcase><testcase classname="src.pymortests.vectorarray" file="src/pymortests/vectorarray.py" line="264" name="test_append[compatible_vector_array_pair2-&lt;lambda&gt;9]" time="0.00039649009704589844"><skipped message="Suite splitting in effect" type="pytest.skip">src/pymortests/vectorarray.py:264: Suite splitting in effect</skipped></testcase><testcase classname="src.pymortests.vectorarray" file="src/pymortests/vectorarray.py" line="264" name="test_append[compatible_vector_array_pair2-&lt;lambda&gt;10]" time="0.0003879070281982422"><skipped message="Suite splitting in effect" type="pytest.skip">src/pymortests/vectorarray.py:264: Suite splitting in effect</skipped></testcase><testcase classname="src.pymortests.vectorarray" file="src/pymortests/vectorarray.py" line="264" name="test_append[compatible_vector_array_pair2-&lt;lambda&gt;11]" time="0.0004208087921142578"><skipped message="Suite splitting in effect" type="pytest.skip">src/pymortests/vectorarray.py:264: Suite splitting in effect</skipped></testcase><testcase classname="src.pymortests.vectorarray" file="src/pymortests/vectorarray.py" line="264" name="test_append[compatible_vector_array_pair2-&lt;lambda&gt;12]" time="0.0006458759307861328"><skipped message="Suite splitting in effect" type="pytest.skip">src/pymortests/vectorarray.py:264: Suite splitting in effect</skipped></testcase><testcase classname="src.pymortests.vectorarray" file="src/pymortests/vectorarray.py" line="264" name="test_append[compatible_vector_array_pair2-&lt;lambda&gt;13]" time="0.00039076805114746094"><skipped message="Suite splitting in effect" type="pytest.skip">src/pymortests/vectorarray.py:264: Suite splitting in effect</skipped></testcase><testcase classname="src.pymortests.vectorarray" file="src/pymortests/vectorarray.py" line="264" name="test_append[compatible_vector_array_pair2-&lt;lambda&gt;14]" time="0.00040602684020996094"><skipped message="Suite splitting in effect" type="pytest.skip">src/pymortests/vectorarray.py:264: Suite splitting in effect</skipped></testcase><testcase classname="src.pymortests.vectorarray" file="src/pymortests/vectorarray.py" line="264" name="test_append[compatible_vector_array_pair2-&lt;lambda&gt;15]" time="0.0004482269287109375"><skipped message="Suite splitting in effect" type="pytest.skip">src/pymortests/vectorarray.py:264: Suite splitting in effect</skipped></testcase><testcase classname="src.pymortests.vectorarray" file="src/pymortests/vectorarray.py" line="264" name="test_append[compatible_vector_array_pair2-&lt;lambda&gt;16]" time="0.0004143714904785156"><skipped message="Suite splitting in effect" type="pytest.skip">src/pymortests/vectorarray.py:264: Suite splitting in effect</skipped></testcase><testcase classname="src.pymortests.vectorarray" file="src/pymortests/vectorarray.py" line="264" name="test_append[compatible_vector_array_pair2-&lt;lambda&gt;17]" time="0.0003902912139892578"><skipped message="Suite splitting in effect" type="pytest.skip">src/pymortests/vectorarray.py:264: Suite splitting in effect</skipped></testcase><testcase classname="src.pymortests.vectorarray" file="src/pymortests/vectorarray.py" line="264" name="test_append[compatible_vector_array_pair2-&lt;lambda&gt;18]" time="0.00041675567626953125"><skipped message="Suite splitting in effect" type="pytest.skip">src/pymortests/vectorarray.py:264: Suite splitting in effect</skipped></testcase><testcase classname="src.pymortests.vectorarray" file="src/pymortests/vectorarray.py" line="264" name="test_append[compatible_vector_array_pair2-&lt;lambda&gt;19]" time="0.0005011558532714844"><skipped message="Suite splitting in effect" type="pytest.skip">src/pymortests/vectorarray.py:264: Suite splitting in effect</skipped></testcase><testcase classname="src.pymortests.vectorarray" file="src/pymortests/vectorarray.py" line="264" name="test_append[compatible_vector_array_pair2-&lt;lambda&gt;20]" time="0.0008347034454345703"><skipped message="Suite splitting in effect" type="pytest.skip">src/pymortests/vectorarray.py:264: Suite splitting in effect</skipped></testcase><testcase classname="src.pymortests.vectorarray" file="src/pymortests/vectorarray.py" line="264" name="test_append[compatible_vector_array_pair2-&lt;lambda&gt;21]" time="0.0004317760467529297"><skipped message="Suite splitting in effect" type="pytest.skip">src/pymortests/vectorarray.py:264: Suite splitting in effect</skipped></testcase><testcase classname="src.pymortests.vectorarray" file="src/pymortests/vectorarray.py" line="264" name="test_append[compatible_vector_array_pair2-&lt;lambda&gt;22]" time="0.0003883838653564453"><skipped message="Suite splitting in effect" type="pytest.skip">src/pymortests/vectorarray.py:264: Suite splitting in effect</skipped></testcase><testcase classname="src.pymortests.vectorarray" file="src/pymortests/vectorarray.py" line="264" name="test_append[compatible_vector_array_pair2-&lt;lambda&gt;23]" time="0.00041747093200683594"><skipped message="Suite splitting in effect" type="pytest.skip">src/pymortests/vectorarray.py:264: Suite splitting in effect</skipped></testcase><testcase classname="src.pymortests.vectorarray" file="src/pymortests/vectorarray.py" line="264" name="test_append[compatible_vector_array_pair2-&lt;lambda&gt;24]" time="0.0004239082336425781"><skipped message="Suite splitting in effect" type="pytest.skip">src/pymortests/vectorarray.py:264: Suite splitting in effect</skipped></testcase><testcase classname="src.pymortests.vectorarray" file="src/pymortests/vectorarray.py" line="264" name="test_append[compatible_vector_array_pair2-&lt;lambda&gt;25]" time="0.0004229545593261719"><skipped message="Suite splitting in effect" type="pytest.skip">src/pymortests/vectorarray.py:264: Suite splitting in effect</skipped></testcase><testcase classname="src.pymortests.vectorarray" file="src/pymortests/vectorarray.py" line="264" name="test_append[compatible_vector_array_pair2-&lt;lambda&gt;26]" time="0.00040841102600097656"><skipped message="Suite splitting in effect" type="pytest.skip">src/pymortests/vectorarray.py:264: Suite splitting in effect</skipped></testcase><testcase classname="src.pymortests.vectorarray" file="src/pymortests/vectorarray.py" line="264" name="test_append[compatible_vector_array_pair2-&lt;lambda&gt;27]" time="0.0003895759582519531"><skipped message="Suite splitting in effect" type="pytest.skip">src/pymortests/vectorarray.py:264: Suite splitting in effect</skipped></testcase><testcase classname="src.pymortests.vectorarray" file="src/pymortests/vectorarray.py" line="264" name="test_append[compatible_vector_array_pair2-&lt;lambda&gt;28]" time="0.0006701946258544922"><skipped message="Suite splitting in effect" type="pytest.skip">src/pymortests/vectorarray.py:264: Suite splitting in effect</skipped></testcase><testcase classname="src.pymortests.vectorarray" file="src/pymortests/vectorarray.py" line="264" name="test_append[compatible_vector_array_pair2-&lt;lambda&gt;29]" time="0.0004127025604248047"><skipped message="Suite splitting in effect" type="pytest.skip">src/pymortests/vectorarray.py:264: Suite splitting in effect</skipped></testcase><testcase classname="src.pymortests.vectorarray" file="src/pymortests/vectorarray.py" line="264" name="test_append[compatible_vector_array_pair3-&lt;lambda&gt;0]" time="0.00041031837463378906"><skipped message="Suite splitting in effect" type="pytest.skip">src/pymortests/vectorarray.py:264: Suite splitting in effect</skipped></testcase><testcase classname="src.pymortests.vectorarray" file="src/pymortests/vectorarray.py" line="264" name="test_append[compatible_vector_array_pair3-&lt;lambda&gt;1]" time="0.00039267539978027344"><skipped message="Suite splitting in effect" type="pytest.skip">src/pymortests/vectorarray.py:264: Suite splitting in effect</skipped></testcase><testcase classname="src.pymortests.vectorarray" file="src/pymortests/vectorarray.py" line="264" name="test_append[compatible_vector_array_pair3-&lt;lambda&gt;2]" time="0.0004000663757324219"><skipped message="Suite splitting in effect" type="pytest.skip">src/pymortests/vectorarray.py:264: Suite splitting in effect</skipped></testcase><testcase classname="src.pymortests.vectorarray" file="src/pymortests/vectorarray.py" line="264" name="test_append[compatible_vector_array_pair3-&lt;lambda&gt;3]" time="0.0003905296325683594"><skipped message="Suite splitting in effect" type="pytest.skip">src/pymortests/vectorarray.py:264: Suite splitting in effect</skipped></testcase><testcase classname="src.pymortests.vectorarray" file="src/pymortests/vectorarray.py" line="264" name="test_append[compatible_vector_array_pair3-&lt;lambda&gt;4]" time="0.00042724609375"><skipped message="Suite splitting in effect" type="pytest.skip">src/pymortests/vectorarray.py:264: Suite splitting in effect</skipped></testcase><testcase classname="src.pymortests.vectorarray" file="src/pymortests/vectorarray.py" line="264" name="test_append[compatible_vector_array_pair3-&lt;lambda&gt;5]" time="0.00044035911560058594"><skipped message="Suite splitting in effect" type="pytest.skip">src/pymortests/vectorarray.py:264: Suite splitting in effect</skipped></testcase><testcase classname="src.pymortests.vectorarray" file="src/pymortests/vectorarray.py" line="264" name="test_append[compatible_vector_array_pair3-&lt;lambda&gt;6]" time="0.0007224082946777344"><skipped message="Suite splitting in effect" type="pytest.skip">src/pymortests/vectorarray.py:264: Suite splitting in effect</skipped></testcase><testcase classname="src.pymortests.vectorarray" file="src/pymortests/vectorarray.py" line="264" name="test_append[compatible_vector_array_pair3-&lt;lambda&gt;7]" time="0.00038814544677734375"><skipped message="Suite splitting in effect" type="pytest.skip">src/pymortests/vectorarray.py:264: Suite splitting in effect</skipped></testcase><testcase classname="src.pymortests.vectorarray" file="src/pymortests/vectorarray.py" line="264" name="test_append[compatible_vector_array_pair3-&lt;lambda&gt;8]" time="0.000423431396484375"><skipped message="Suite splitting in effect" type="pytest.skip">src/pymortests/vectorarray.py:264: Suite splitting in effect</skipped></testcase><testcase classname="src.pymortests.vectorarray" file="src/pymortests/vectorarray.py" line="264" name="test_append[compatible_vector_array_pair3-&lt;lambda&gt;9]" time="0.00042057037353515625"><skipped message="Suite splitting in effect" type="pytest.skip">src/pymortests/vectorarray.py:264: Suite splitting in effect</skipped></testcase><testcase classname="src.pymortests.vectorarray" file="src/pymortests/vectorarray.py" line="264" name="test_append[compatible_vector_array_pair3-&lt;lambda&gt;10]" time="0.0003943443298339844"><skipped message="Suite splitting in effect" type="pytest.skip">src/pymortests/vectorarray.py:264: Suite splitting in effect</skipped></testcase><testcase classname="src.pymortests.vectorarray" file="src/pymortests/vectorarray.py" line="264" name="test_append[compatible_vector_array_pair3-&lt;lambda&gt;11]" time="0.00040912628173828125"><skipped message="Suite splitting in effect" type="pytest.skip">src/pymortests/vectorarray.py:264: Suite splitting in effect</skipped></testcase><testcase classname="src.pymortests.vectorarray" file="src/pymortests/vectorarray.py" line="264" name="test_append[compatible_vector_array_pair3-&lt;lambda&gt;12]" time="0.0004119873046875"><skipped message="Suite splitting in effect" type="pytest.skip">src/pymortests/vectorarray.py:264: Suite splitting in effect</skipped></testcase><testcase classname="src.pymortests.vectorarray" file="src/pymortests/vectorarray.py" line="264" name="test_append[compatible_vector_array_pair3-&lt;lambda&gt;13]" time="0.00039386749267578125"><skipped message="Suite splitting in effect" type="pytest.skip">src/pymortests/vectorarray.py:264: Suite splitting in effect</skipped></testcase><testcase classname="src.pymortests.vectorarray" file="src/pymortests/vectorarray.py" line="264" name="test_append[compatible_vector_array_pair3-&lt;lambda&gt;14]" time="0.0006575584411621094"><skipped message="Suite splitting in effect" type="pytest.skip">src/pymortests/vectorarray.py:264: Suite splitting in effect</skipped></testcase><testcase classname="src.pymortests.vectorarray" file="src/pymortests/vectorarray.py" line="264" name="test_append[compatible_vector_array_pair3-&lt;lambda&gt;15]" time="0.0004088878631591797"><skipped message="Suite splitting in effect" type="pytest.skip">src/pymortests/vectorarray.py:264: Suite splitting in effect</skipped></testcase><testcase classname="src.pymortests.vectorarray" file="src/pymortests/vectorarray.py" line="264" name="test_append[compatible_vector_array_pair3-&lt;lambda&gt;16]" time="0.00039267539978027344"><skipped message="Suite splitting in effect" type="pytest.skip">src/pymortests/vectorarray.py:264: Suite splitting in effect</skipped></testcase><testcase classname="src.pymortests.vectorarray" file="src/pymortests/vectorarray.py" line="264" name="test_append[compatible_vector_array_pair3-&lt;lambda&gt;17]" time="0.0003933906555175781"><skipped message="Suite splitting in effect" type="pytest.skip">src/pymortests/vectorarray.py:264: Suite splitting in effect</skipped></testcase><testcase classname="src.pymortests.vectorarray" file="src/pymortests/vectorarray.py" line="264" name="test_append[compatible_vector_array_pair3-&lt;lambda&gt;18]" time="0.00041174888610839844"><skipped message="Suite splitting in effect" type="pytest.skip">src/pymortests/vectorarray.py:264: Suite splitting in effect</skipped></testcase><testcase classname="src.pymortests.vectorarray" file="src/pymortests/vectorarray.py" line="264" name="test_append[compatible_vector_array_pair3-&lt;lambda&gt;19]" time="0.0004019737243652344"><skipped message="Suite splitting in effect" type="pytest.skip">src/pymortests/vectorarray.py:264: Suite splitting in effect</skipped></testcase><testcase classname="src.pymortests.vectorarray" file="src/pymortests/vectorarray.py" line="264" name="test_append[compatible_vector_array_pair3-&lt;lambda&gt;20]" time="0.0004334449768066406"><skipped message="Suite splitting in effect" type="pytest.skip">src/pymortests/vectorarray.py:264: Suite splitting in effect</skipped></testcase><testcase classname="src.pymortests.vectorarray" file="src/pymortests/vectorarray.py" line="264" name="test_append[compatible_vector_array_pair3-&lt;lambda&gt;21]" time="0.00041794776916503906"><skipped message="Suite splitting in effect" type="pytest.skip">src/pymortests/vectorarray.py:264: Suite splitting in effect</skipped></testcase><testcase classname="src.pymortests.vectorarray" file="src/pymortests/vectorarray.py" line="264" name="test_append[compatible_vector_array_pair3-&lt;lambda&gt;22]" time="0.0006771087646484375"><skipped message="Suite splitting in effect" type="pytest.skip">src/pymortests/vectorarray.py:264: Suite splitting in effect</skipped></testcase><testcase classname="src.pymortests.vectorarray" file="src/pymortests/vectorarray.py" line="264" name="test_append[compatible_vector_array_pair3-&lt;lambda&gt;23]" time="0.0003974437713623047"><skipped message="Suite splitting in effect" type="pytest.skip">src/pymortests/vectorarray.py:264: Suite splitting in effect</skipped></testcase><testcase classname="src.pymortests.vectorarray" file="src/pymortests/vectorarray.py" line="264" name="test_append[compatible_vector_array_pair3-&lt;lambda&gt;24]" time="0.0004191398620605469"><skipped message="Suite splitting in effect" type="pytest.skip">src/pymortests/vectorarray.py:264: Suite splitting in effect</skipped></testcase><testcase classname="src.pymortests.vectorarray" file="src/pymortests/vectorarray.py" line="264" name="test_append[compatible_vector_array_pair3-&lt;lambda&gt;25]" time="0.00041985511779785156"><skipped message="Suite splitting in effect" type="pytest.skip">src/pymortests/vectorarray.py:264: Suite splitting in effect</skipped></testcase><testcase classname="src.pymortests.vectorarray" file="src/pymortests/vectorarray.py" line="264" name="test_append[compatible_vector_array_pair3-&lt;lambda&gt;26]" time="0.00047135353088378906"><skipped message="Suite splitting in effect" type="pytest.skip">src/pymortests/vectorarray.py:264: Suite splitting in effect</skipped></testcase><testcase classname="src.pymortests.vectorarray" file="src/pymortests/vectorarray.py" line="264" name="test_append[compatible_vector_array_pair3-&lt;lambda&gt;27]" time="0.0004253387451171875"><skipped message="Suite splitting in effect" type="pytest.skip">src/pymortests/vectorarray.py:264: Suite splitting in effect</skipped></testcase><testcase classname="src.pymortests.vectorarray" file="src/pymortests/vectorarray.py" line="264" name="test_append[compatible_vector_array_pair3-&lt;lambda&gt;28]" time="0.00041484832763671875"><skipped message="Suite splitting in effect" type="pytest.skip">src/pymortests/vectorarray.py:264: Suite splitting in effect</skipped></testcase><testcase classname="src.pymortests.vectorarray" file="src/pymortests/vectorarray.py" line="264" name="test_append[compatible_vector_array_pair3-&lt;lambda&gt;29]" time="0.0004220008850097656"><skipped message="Suite splitting in effect" type="pytest.skip">src/pymortests/vectorarray.py:264: Suite splitting in effect</skipped></testcase><testcase classname="src.pymortests.vectorarray" file="src/pymortests/vectorarray.py" line="264" name="test_append[compatible_vector_array_pair4-&lt;lambda&gt;0]" time="0.0006690025329589844"><skipped message="Suite splitting in effect" type="pytest.skip">src/pymortests/vectorarray.py:264: Suite splitting in effect</skipped></testcase><testcase classname="src.pymortests.vectorarray" file="src/pymortests/vectorarray.py" line="264" name="test_append[compatible_vector_array_pair4-&lt;lambda&gt;1]" time="0.0004107952117919922"><skipped message="Suite splitting in effect" type="pytest.skip">src/pymortests/vectorarray.py:264: Suite splitting in effect</skipped></testcase><testcase classname="src.pymortests.vectorarray" file="src/pymortests/vectorarray.py" line="264" name="test_append[compatible_vector_array_pair4-&lt;lambda&gt;2]" time="0.0004298686981201172"><skipped message="Suite splitting in effect" type="pytest.skip">src/pymortests/vectorarray.py:264: Suite splitting in effect</skipped></testcase><testcase classname="src.pymortests.vectorarray" file="src/pymortests/vectorarray.py" line="264" name="test_append[compatible_vector_array_pair4-&lt;lambda&gt;3]" time="0.0004203319549560547"><skipped message="Suite splitting in effect" type="pytest.skip">src/pymortests/vectorarray.py:264: Suite splitting in effect</skipped></testcase><testcase classname="src.pymortests.vectorarray" file="src/pymortests/vectorarray.py" line="264" name="test_append[compatible_vector_array_pair4-&lt;lambda&gt;4]" time="0.00043582916259765625"><skipped message="Suite splitting in effect" type="pytest.skip">src/pymortests/vectorarray.py:264: Suite splitting in effect</skipped></testcase><testcase classname="src.pymortests.vectorarray" file="src/pymortests/vectorarray.py" line="264" name="test_append[compatible_vector_array_pair4-&lt;lambda&gt;5]" time="0.0003921985626220703"><skipped message="Suite splitting in effect" type="pytest.skip">src/pymortests/vectorarray.py:264: Suite splitting in effect</skipped></testcase><testcase classname="src.pymortests.vectorarray" file="src/pymortests/vectorarray.py" line="264" name="test_append[compatible_vector_array_pair4-&lt;lambda&gt;6]" time="0.0003898143768310547"><skipped message="Suite splitting in effect" type="pytest.skip">src/pymortests/vectorarray.py:264: Suite splitting in effect</skipped></testcase><testcase classname="src.pymortests.vectorarray" file="src/pymortests/vectorarray.py" line="264" name="test_append[compatible_vector_array_pair4-&lt;lambda&gt;7]" time="0.0004067420959472656"><skipped message="Suite splitting in effect" type="pytest.skip">src/pymortests/vectorarray.py:264: Suite splitting in effect</skipped></testcase><testcase classname="src.pymortests.vectorarray" file="src/pymortests/vectorarray.py" line="264" name="test_append[compatible_vector_array_pair4-&lt;lambda&gt;8]" time="0.0006954669952392578"><skipped message="Suite splitting in effect" type="pytest.skip">src/pymortests/vectorarray.py:264: Suite splitting in effect</skipped></testcase><testcase classname="src.pymortests.vectorarray" file="src/pymortests/vectorarray.py" line="264" name="test_append[compatible_vector_array_pair4-&lt;lambda&gt;9]" time="0.00039005279541015625"><skipped message="Suite splitting in effect" type="pytest.skip">src/pymortests/vectorarray.py:264: Suite splitting in effect</skipped></testcase><testcase classname="src.pymortests.vectorarray" file="src/pymortests/vectorarray.py" line="264" name="test_append[compatible_vector_array_pair4-&lt;lambda&gt;10]" time="0.00042176246643066406"><skipped message="Suite splitting in effect" type="pytest.skip">src/pymortests/vectorarray.py:264: Suite splitting in effect</skipped></testcase><testcase classname="src.pymortests.vectorarray" file="src/pymortests/vectorarray.py" line="264" name="test_append[compatible_vector_array_pair4-&lt;lambda&gt;11]" time="0.00039005279541015625"><skipped message="Suite splitting in effect" type="pytest.skip">src/pymortests/vectorarray.py:264: Suite splitting in effect</skipped></testcase><testcase classname="src.pymortests.vectorarray" file="src/pymortests/vectorarray.py" line="264" name="test_append[compatible_vector_array_pair4-&lt;lambda&gt;12]" time="0.0004220008850097656"><skipped message="Suite splitting in effect" type="pytest.skip">src/pymortests/vectorarray.py:264: Suite splitting in effect</skipped></testcase><testcase classname="src.pymortests.vectorarray" file="src/pymortests/vectorarray.py" line="264" name="test_append[compatible_vector_array_pair4-&lt;lambda&gt;13]" time="0.00040793418884277344"><skipped message="Suite splitting in effect" type="pytest.skip">src/pymortests/vectorarray.py:264: Suite splitting in effect</skipped></testcase><testcase classname="src.pymortests.vectorarray" file="src/pymortests/vectorarray.py" line="264" name="test_append[compatible_vector_array_pair4-&lt;lambda&gt;14]" time="0.0004150867462158203"><skipped message="Suite splitting in effect" type="pytest.skip">src/pymortests/vectorarray.py:264: Suite splitting in effect</skipped></testcase><testcase classname="src.pymortests.vectorarray" file="src/pymortests/vectorarray.py" line="264" name="test_append[compatible_vector_array_pair4-&lt;lambda&gt;15]" time="0.0004153251647949219"><skipped message="Suite splitting in effect" type="pytest.skip">src/pymortests/vectorarray.py:264: Suite splitting in effect</skipped></testcase><testcase classname="src.pymortests.vectorarray" file="src/pymortests/vectorarray.py" line="264" name="test_append[compatible_vector_array_pair4-&lt;lambda&gt;16]" time="0.0007061958312988281"><skipped message="Suite splitting in effect" type="pytest.skip">src/pymortests/vectorarray.py:264: Suite splitting in effect</skipped></testcase><testcase classname="src.pymortests.vectorarray" file="src/pymortests/vectorarray.py" line="264" name="test_append[compatible_vector_array_pair4-&lt;lambda&gt;17]" time="0.0003910064697265625"><skipped message="Suite splitting in effect" type="pytest.skip">src/pymortests/vectorarray.py:264: Suite splitting in effect</skipped></testcase><testcase classname="src.pymortests.vectorarray" file="src/pymortests/vectorarray.py" line="264" name="test_append[compatible_vector_array_pair4-&lt;lambda&gt;18]" time="0.0004062652587890625"><skipped message="Suite splitting in effect" type="pytest.skip">src/pymortests/vectorarray.py:264: Suite splitting in effect</skipped></testcase><testcase classname="src.pymortests.vectorarray" file="src/pymortests/vectorarray.py" line="264" name="test_append[compatible_vector_array_pair4-&lt;lambda&gt;19]" time="0.00044155120849609375"><skipped message="Suite splitting in effect" type="pytest.skip">src/pymortests/vectorarray.py:264: Suite splitting in effect</skipped></testcase><testcase classname="src.pymortests.vectorarray" file="src/pymortests/vectorarray.py" line="264" name="test_append[compatible_vector_array_pair4-&lt;lambda&gt;20]" time="0.0003993511199951172"><skipped message="Suite splitting in effect" type="pytest.skip">src/pymortests/vectorarray.py:264: Suite splitting in effect</skipped></testcase><testcase classname="src.pymortests.vectorarray" file="src/pymortests/vectorarray.py" line="264" name="test_append[compatible_vector_array_pair4-&lt;lambda&gt;21]" time="0.0003960132598876953"><skipped message="Suite splitting in effect" type="pytest.skip">src/pymortests/vectorarray.py:264: Suite splitting in effect</skipped></testcase><testcase classname="src.pymortests.vectorarray" file="src/pymortests/vectorarray.py" line="264" name="test_append[compatible_vector_array_pair4-&lt;lambda&gt;22]" time="0.000385284423828125"><skipped message="Suite splitting in effect" type="pytest.skip">src/pymortests/vectorarray.py:264: Suite splitting in effect</skipped></testcase><testcase classname="src.pymortests.vectorarray" file="src/pymortests/vectorarray.py" line="264" name="test_append[compatible_vector_array_pair4-&lt;lambda&gt;23]" time="0.00045800209045410156"><skipped message="Suite splitting in effect" type="pytest.skip">src/pymortests/vectorarray.py:264: Suite splitting in effect</skipped></testcase><testcase classname="src.pymortests.vectorarray" file="src/pymortests/vectorarray.py" line="264" name="test_append[compatible_vector_array_pair4-&lt;lambda&gt;24]" time="0.0006608963012695312"><skipped message="Suite splitting in effect" type="pytest.skip">src/pymortests/vectorarray.py:264: Suite splitting in effect</skipped></testcase><testcase classname="src.pymortests.vectorarray" file="src/pymortests/vectorarray.py" line="264" name="test_append[compatible_vector_array_pair4-&lt;lambda&gt;25]" time="0.00038886070251464844"><skipped message="Suite splitting in effect" type="pytest.skip">src/pymortests/vectorarray.py:264: Suite splitting in effect</skipped></testcase><testcase classname="src.pymortests.vectorarray" file="src/pymortests/vectorarray.py" line="264" name="test_append[compatible_vector_array_pair4-&lt;lambda&gt;26]" time="0.00038695335388183594"><skipped message="Suite splitting in effect" type="pytest.skip">src/pymortests/vectorarray.py:264: Suite splitting in effect</skipped></testcase><testcase classname="src.pymortests.vectorarray" file="src/pymortests/vectorarray.py" line="264" name="test_append[compatible_vector_array_pair4-&lt;lambda&gt;27]" time="0.0004246234893798828"><skipped message="Suite splitting in effect" type="pytest.skip">src/pymortests/vectorarray.py:264: Suite splitting in effect</skipped></testcase><testcase classname="src.pymortests.vectorarray" file="src/pymortests/vectorarray.py" line="264" name="test_append[compatible_vector_array_pair4-&lt;lambda&gt;28]" time="0.00041794776916503906"><skipped message="Suite splitting in effect" type="pytest.skip">src/pymortests/vectorarray.py:264: Suite splitting in effect</skipped></testcase><testcase classname="src.pymortests.vectorarray" file="src/pymortests/vectorarray.py" line="264" name="test_append[compatible_vector_array_pair4-&lt;lambda&gt;29]" time="0.0004241466522216797"><skipped message="Suite splitting in effect" type="pytest.skip">src/pymortests/vectorarray.py:264: Suite splitting in effect</skipped></testcase><testcase classname="src.pymortests.vectorarray" file="src/pymortests/vectorarray.py" line="264" name="test_append[compatible_vector_array_pair5-&lt;lambda&gt;0]" time="0.00043463706970214844"><skipped message="Suite splitting in effect" type="pytest.skip">src/pymortests/vectorarray.py:264: Suite splitting in effect</skipped></testcase><testcase classname="src.pymortests.vectorarray" file="src/pymortests/vectorarray.py" line="264" name="test_append[compatible_vector_array_pair5-&lt;lambda&gt;1]" time="0.00039076805114746094"><skipped message="Suite splitting in effect" type="pytest.skip">src/pymortests/vectorarray.py:264: Suite splitting in effect</skipped></testcase><testcase classname="src.pymortests.vectorarray" file="src/pymortests/vectorarray.py" line="264" name="test_append[compatible_vector_array_pair5-&lt;lambda&gt;2]" time="0.0006792545318603516"><skipped message="Suite splitting in effect" type="pytest.skip">src/pymortests/vectorarray.py:264: Suite splitting in effect</skipped></testcase><testcase classname="src.pymortests.vectorarray" file="src/pymortests/vectorarray.py" line="264" name="test_append[compatible_vector_array_pair5-&lt;lambda&gt;3]" time="0.0003871917724609375"><skipped message="Suite splitting in effect" type="pytest.skip">src/pymortests/vectorarray.py:264: Suite splitting in effect</skipped></testcase><testcase classname="src.pymortests.vectorarray" file="src/pymortests/vectorarray.py" line="264" name="test_append[compatible_vector_array_pair5-&lt;lambda&gt;4]" time="0.0004189014434814453"><skipped message="Suite splitting in effect" type="pytest.skip">src/pymortests/vectorarray.py:264: Suite splitting in effect</skipped></testcase><testcase classname="src.pymortests.vectorarray" file="src/pymortests/vectorarray.py" line="264" name="test_append[compatible_vector_array_pair5-&lt;lambda&gt;5]" time="0.0004191398620605469"><skipped message="Suite splitting in effect" type="pytest.skip">src/pymortests/vectorarray.py:264: Suite splitting in effect</skipped></testcase><testcase classname="src.pymortests.vectorarray" file="src/pymortests/vectorarray.py" line="264" name="test_append[compatible_vector_array_pair5-&lt;lambda&gt;6]" time="0.0004162788391113281"><skipped message="Suite splitting in effect" type="pytest.skip">src/pymortests/vectorarray.py:264: Suite splitting in effect</skipped></testcase><testcase classname="src.pymortests.vectorarray" file="src/pymortests/vectorarray.py" line="264" name="test_append[compatible_vector_array_pair5-&lt;lambda&gt;7]" time="0.00041556358337402344"><skipped message="Suite splitting in effect" type="pytest.skip">src/pymortests/vectorarray.py:264: Suite splitting in effect</skipped></testcase><testcase classname="src.pymortests.vectorarray" file="src/pymortests/vectorarray.py" line="264" name="test_append[compatible_vector_array_pair5-&lt;lambda&gt;8]" time="0.0004317760467529297"><skipped message="Suite splitting in effect" type="pytest.skip">src/pymortests/vectorarray.py:264: Suite splitting in effect</skipped></testcase><testcase classname="src.pymortests.vectorarray" file="src/pymortests/vectorarray.py" line="264" name="test_append[compatible_vector_array_pair5-&lt;lambda&gt;9]" time="0.00039839744567871094"><skipped message="Suite splitting in effect" type="pytest.skip">src/pymortests/vectorarray.py:264: Suite splitting in effect</skipped></testcase><testcase classname="src.pymortests.vectorarray" file="src/pymortests/vectorarray.py" line="264" name="test_append[compatible_vector_array_pair5-&lt;lambda&gt;10]" time="0.0007371902465820312"><skipped message="Suite splitting in effect" type="pytest.skip">src/pymortests/vectorarray.py:264: Suite splitting in effect</skipped></testcase><testcase classname="src.pymortests.vectorarray" file="src/pymortests/vectorarray.py" line="264" name="test_append[compatible_vector_array_pair5-&lt;lambda&gt;11]" time="0.0004417896270751953"><skipped message="Suite splitting in effect" type="pytest.skip">src/pymortests/vectorarray.py:264: Suite splitting in effect</skipped></testcase><testcase classname="src.pymortests.vectorarray" file="src/pymortests/vectorarray.py" line="264" name="test_append[compatible_vector_array_pair5-&lt;lambda&gt;12]" time="0.00041675567626953125"><skipped message="Suite splitting in effect" type="pytest.skip">src/pymortests/vectorarray.py:264: Suite splitting in effect</skipped></testcase><testcase classname="src.pymortests.vectorarray" file="src/pymortests/vectorarray.py" line="264" name="test_append[compatible_vector_array_pair5-&lt;lambda&gt;13]" time="0.00044465065002441406"><skipped message="Suite splitting in effect" type="pytest.skip">src/pymortests/vectorarray.py:264: Suite splitting in effect</skipped></testcase><testcase classname="src.pymortests.vectorarray" file="src/pymortests/vectorarray.py" line="264" name="test_append[compatible_vector_array_pair5-&lt;lambda&gt;14]" time="0.0004353523254394531"><skipped message="Suite splitting in effect" type="pytest.skip">src/pymortests/vectorarray.py:264: Suite splitting in effect</skipped></testcase><testcase classname="src.pymortests.vectorarray" file="src/pymortests/vectorarray.py" line="264" name="test_append[compatible_vector_array_pair5-&lt;lambda&gt;15]" time="0.0003986358642578125"><skipped message="Suite splitting in effect" type="pytest.skip">src/pymortests/vectorarray.py:264: Suite splitting in effect</skipped></testcase><testcase classname="src.pymortests.vectorarray" file="src/pymortests/vectorarray.py" line="264" name="test_append[compatible_vector_array_pair5-&lt;lambda&gt;16]" time="0.000415802001953125"><skipped message="Suite splitting in effect" type="pytest.skip">src/pymortests/vectorarray.py:264: Suite splitting in effect</skipped></testcase><testcase classname="src.pymortests.vectorarray" file="src/pymortests/vectorarray.py" line="264" name="test_append[compatible_vector_array_pair5-&lt;lambda&gt;17]" time="0.00042724609375"><skipped message="Suite splitting in effect" type="pytest.skip">src/pymortests/vectorarray.py:264: Suite splitting in effect</skipped></testcase><testcase classname="src.pymortests.vectorarray" file="src/pymortests/vectorarray.py" line="264" name="test_append[compatible_vector_array_pair5-&lt;lambda&gt;18]" time="0.0006961822509765625"><skipped message="Suite splitting in effect" type="pytest.skip">src/pymortests/vectorarray.py:264: Suite splitting in effect</skipped></testcase><testcase classname="src.pymortests.vectorarray" file="src/pymortests/vectorarray.py" line="264" name="test_append[compatible_vector_array_pair5-&lt;lambda&gt;19]" time="0.0004367828369140625"><skipped message="Suite splitting in effect" type="pytest.skip">src/pymortests/vectorarray.py:264: Suite splitting in effect</skipped></testcase><testcase classname="src.pymortests.vectorarray" file="src/pymortests/vectorarray.py" line="264" name="test_append[compatible_vector_array_pair5-&lt;lambda&gt;20]" time="0.00041747093200683594"><skipped message="Suite splitting in effect" type="pytest.skip">src/pymortests/vectorarray.py:264: Suite splitting in effect</skipped></testcase><testcase classname="src.pymortests.vectorarray" file="src/pymortests/vectorarray.py" line="264" name="test_append[compatible_vector_array_pair5-&lt;lambda&gt;21]" time="0.0004150867462158203"><skipped message="Suite splitting in effect" type="pytest.skip">src/pymortests/vectorarray.py:264: Suite splitting in effect</skipped></testcase><testcase classname="src.pymortests.vectorarray" file="src/pymortests/vectorarray.py" line="264" name="test_append[compatible_vector_array_pair5-&lt;lambda&gt;22]" time="0.0003936290740966797"><skipped message="Suite splitting in effect" type="pytest.skip">src/pymortests/vectorarray.py:264: Suite splitting in effect</skipped></testcase><testcase classname="src.pymortests.vectorarray" file="src/pymortests/vectorarray.py" line="264" name="test_append[compatible_vector_array_pair5-&lt;lambda&gt;23]" time="0.0004017353057861328"><skipped message="Suite splitting in effect" type="pytest.skip">src/pymortests/vectorarray.py:264: Suite splitting in effect</skipped></testcase><testcase classname="src.pymortests.vectorarray" file="src/pymortests/vectorarray.py" line="264" name="test_append[compatible_vector_array_pair5-&lt;lambda&gt;24]" time="0.0004127025604248047"><skipped message="Suite splitting in effect" type="pytest.skip">src/pymortests/vectorarray.py:264: Suite splitting in effect</skipped></testcase><testcase classname="src.pymortests.vectorarray" file="src/pymortests/vectorarray.py" line="264" name="test_append[compatible_vector_array_pair5-&lt;lambda&gt;25]" time="0.0003905296325683594"><skipped message="Suite splitting in effect" type="pytest.skip">src/pymortests/vectorarray.py:264: Suite splitting in effect</skipped></testcase><testcase classname="src.pymortests.vectorarray" file="src/pymortests/vectorarray.py" line="264" name="test_append[compatible_vector_array_pair5-&lt;lambda&gt;26]" time="0.0008759498596191406"><skipped message="Suite splitting in effect" type="pytest.skip">src/pymortests/vectorarray.py:264: Suite splitting in effect</skipped></testcase><testcase classname="src.pymortests.vectorarray" file="src/pymortests/vectorarray.py" line="264" name="test_append[compatible_vector_array_pair5-&lt;lambda&gt;27]" time="0.0004127025604248047"><skipped message="Suite splitting in effect" type="pytest.skip">src/pymortests/vectorarray.py:264: Suite splitting in effect</skipped></testcase><testcase classname="src.pymortests.vectorarray" file="src/pymortests/vectorarray.py" line="264" name="test_append[compatible_vector_array_pair5-&lt;lambda&gt;28]" time="0.0003876686096191406"><skipped message="Suite splitting in effect" type="pytest.skip">src/pymortests/vectorarray.py:264: Suite splitting in effect</skipped></testcase><testcase classname="src.pymortests.vectorarray" file="src/pymortests/vectorarray.py" line="264" name="test_append[compatible_vector_array_pair5-&lt;lambda&gt;29]" time="0.00042510032653808594"><skipped message="Suite splitting in effect" type="pytest.skip">src/pymortests/vectorarray.py:264: Suite splitting in effect</skipped></testcase><testcase classname="src.pymortests.vectorarray" file="src/pymortests/vectorarray.py" line="264" name="test_append[compatible_vector_array_pair6-&lt;lambda&gt;0]" time="0.0003883838653564453"><skipped message="Suite splitting in effect" type="pytest.skip">src/pymortests/vectorarray.py:264: Suite splitting in effect</skipped></testcase><testcase classname="src.pymortests.vectorarray" file="src/pymortests/vectorarray.py" line="264" name="test_append[compatible_vector_array_pair6-&lt;lambda&gt;1]" time="0.0003921985626220703"><skipped message="Suite splitting in effect" type="pytest.skip">src/pymortests/vectorarray.py:264: Suite splitting in effect</skipped></testcase><testcase classname="src.pymortests.vectorarray" file="src/pymortests/vectorarray.py" line="264" name="test_append[compatible_vector_array_pair6-&lt;lambda&gt;2]" time="0.00039839744567871094"><skipped message="Suite splitting in effect" type="pytest.skip">src/pymortests/vectorarray.py:264: Suite splitting in effect</skipped></testcase><testcase classname="src.pymortests.vectorarray" file="src/pymortests/vectorarray.py" line="264" name="test_append[compatible_vector_array_pair6-&lt;lambda&gt;3]" time="0.0004010200500488281"><skipped message="Suite splitting in effect" type="pytest.skip">src/pymortests/vectorarray.py:264: Suite splitting in effect</skipped></testcase><testcase classname="src.pymortests.vectorarray" file="src/pymortests/vectorarray.py" line="264" name="test_append[compatible_vector_array_pair6-&lt;lambda&gt;4]" time="0.0006642341613769531"><skipped message="Suite splitting in effect" type="pytest.skip">src/pymortests/vectorarray.py:264: Suite splitting in effect</skipped></testcase><testcase classname="src.pymortests.vectorarray" file="src/pymortests/vectorarray.py" line="264" name="test_append[compatible_vector_array_pair6-&lt;lambda&gt;5]" time="0.00040435791015625"><skipped message="Suite splitting in effect" type="pytest.skip">src/pymortests/vectorarray.py:264: Suite splitting in effect</skipped></testcase><testcase classname="src.pymortests.vectorarray" file="src/pymortests/vectorarray.py" line="264" name="test_append[compatible_vector_array_pair6-&lt;lambda&gt;6]" time="0.0003902912139892578"><skipped message="Suite splitting in effect" type="pytest.skip">src/pymortests/vectorarray.py:264: Suite splitting in effect</skipped></testcase><testcase classname="src.pymortests.vectorarray" file="src/pymortests/vectorarray.py" line="264" name="test_append[compatible_vector_array_pair6-&lt;lambda&gt;7]" time="0.0004203319549560547"><skipped message="Suite splitting in effect" type="pytest.skip">src/pymortests/vectorarray.py:264: Suite splitting in effect</skipped></testcase><testcase classname="src.pymortests.vectorarray" file="src/pymortests/vectorarray.py" line="264" name="test_append[compatible_vector_array_pair6-&lt;lambda&gt;8]" time="0.00041604042053222656"><skipped message="Suite splitting in effect" type="pytest.skip">src/pymortests/vectorarray.py:264: Suite splitting in effect</skipped></testcase><testcase classname="src.pymortests.vectorarray" file="src/pymortests/vectorarray.py" line="264" name="test_append[compatible_vector_array_pair6-&lt;lambda&gt;9]" time="0.0003955364227294922"><skipped message="Suite splitting in effect" type="pytest.skip">src/pymortests/vectorarray.py:264: Suite splitting in effect</skipped></testcase><testcase classname="src.pymortests.vectorarray" file="src/pymortests/vectorarray.py" line="264" name="test_append[compatible_vector_array_pair6-&lt;lambda&gt;10]" time="0.00041103363037109375"><skipped message="Suite splitting in effect" type="pytest.skip">src/pymortests/vectorarray.py:264: Suite splitting in effect</skipped></testcase><testcase classname="src.pymortests.vectorarray" file="src/pymortests/vectorarray.py" line="264" name="test_append[compatible_vector_array_pair6-&lt;lambda&gt;11]" time="0.0003981590270996094"><skipped message="Suite splitting in effect" type="pytest.skip">src/pymortests/vectorarray.py:264: Suite splitting in effect</skipped></testcase><testcase classname="src.pymortests.vectorarray" file="src/pymortests/vectorarray.py" line="264" name="test_append[compatible_vector_array_pair6-&lt;lambda&gt;12]" time="0.0006778240203857422"><skipped message="Suite splitting in effect" type="pytest.skip">src/pymortests/vectorarray.py:264: Suite splitting in effect</skipped></testcase><testcase classname="src.pymortests.vectorarray" file="src/pymortests/vectorarray.py" line="264" name="test_append[compatible_vector_array_pair6-&lt;lambda&gt;13]" time="0.00038933753967285156"><skipped message="Suite splitting in effect" type="pytest.skip">src/pymortests/vectorarray.py:264: Suite splitting in effect</skipped></testcase><testcase classname="src.pymortests.vectorarray" file="src/pymortests/vectorarray.py" line="264" name="test_append[compatible_vector_array_pair6-&lt;lambda&gt;14]" time="0.0004134178161621094"><skipped message="Suite splitting in effect" type="pytest.skip">src/pymortests/vectorarray.py:264: Suite splitting in effect</skipped></testcase><testcase classname="src.pymortests.vectorarray" file="src/pymortests/vectorarray.py" line="264" name="test_append[compatible_vector_array_pair6-&lt;lambda&gt;15]" time="0.0003933906555175781"><skipped message="Suite splitting in effect" type="pytest.skip">src/pymortests/vectorarray.py:264: Suite splitting in effect</skipped></testcase><testcase classname="src.pymortests.vectorarray" file="src/pymortests/vectorarray.py" line="264" name="test_append[compatible_vector_array_pair6-&lt;lambda&gt;16]" time="0.00039124488830566406"><skipped message="Suite splitting in effect" type="pytest.skip">src/pymortests/vectorarray.py:264: Suite splitting in effect</skipped></testcase><testcase classname="src.pymortests.vectorarray" file="src/pymortests/vectorarray.py" line="264" name="test_append[compatible_vector_array_pair6-&lt;lambda&gt;17]" time="0.00043082237243652344"><skipped message="Suite splitting in effect" type="pytest.skip">src/pymortests/vectorarray.py:264: Suite splitting in effect</skipped></testcase><testcase classname="src.pymortests.vectorarray" file="src/pymortests/vectorarray.py" line="264" name="test_append[compatible_vector_array_pair6-&lt;lambda&gt;18]" time="0.0004241466522216797"><skipped message="Suite splitting in effect" type="pytest.skip">src/pymortests/vectorarray.py:264: Suite splitting in effect</skipped></testcase><testcase classname="src.pymortests.vectorarray" file="src/pymortests/vectorarray.py" line="264" name="test_append[compatible_vector_array_pair6-&lt;lambda&gt;19]" time="0.000431060791015625"><skipped message="Suite splitting in effect" type="pytest.skip">src/pymortests/vectorarray.py:264: Suite splitting in effect</skipped></testcase><testcase classname="src.pymortests.vectorarray" file="src/pymortests/vectorarray.py" line="264" name="test_append[compatible_vector_array_pair6-&lt;lambda&gt;20]" time="0.0006854534149169922"><skipped message="Suite splitting in effect" type="pytest.skip">src/pymortests/vectorarray.py:264: Suite splitting in effect</skipped></testcase><testcase classname="src.pymortests.vectorarray" file="src/pymortests/vectorarray.py" line="264" name="test_append[compatible_vector_array_pair6-&lt;lambda&gt;21]" time="0.0004792213439941406"><skipped message="Suite splitting in effect" type="pytest.skip">src/pymortests/vectorarray.py:264: Suite splitting in effect</skipped></testcase><testcase classname="src.pymortests.vectorarray" file="src/pymortests/vectorarray.py" line="264" name="test_append[compatible_vector_array_pair6-&lt;lambda&gt;22]" time="0.0003914833068847656"><skipped message="Suite splitting in effect" type="pytest.skip">src/pymortests/vectorarray.py:264: Suite splitting in effect</skipped></testcase><testcase classname="src.pymortests.vectorarray" file="src/pymortests/vectorarray.py" line="264" name="test_append[compatible_vector_array_pair6-&lt;lambda&gt;23]" time="0.0003898143768310547"><skipped message="Suite splitting in effect" type="pytest.skip">src/pymortests/vectorarray.py:264: Suite splitting in effect</skipped></testcase><testcase classname="src.pymortests.vectorarray" file="src/pymortests/vectorarray.py" line="264" name="test_append[compatible_vector_array_pair6-&lt;lambda&gt;24]" time="0.00041985511779785156"><skipped message="Suite splitting in effect" type="pytest.skip">src/pymortests/vectorarray.py:264: Suite splitting in effect</skipped></testcase><testcase classname="src.pymortests.vectorarray" file="src/pymortests/vectorarray.py" line="264" name="test_append[compatible_vector_array_pair6-&lt;lambda&gt;25]" time="0.0004210472106933594"><skipped message="Suite splitting in effect" type="pytest.skip">src/pymortests/vectorarray.py:264: Suite splitting in effect</skipped></testcase><testcase classname="src.pymortests.vectorarray" file="src/pymortests/vectorarray.py" line="264" name="test_append[compatible_vector_array_pair6-&lt;lambda&gt;26]" time="0.00038814544677734375"><skipped message="Suite splitting in effect" type="pytest.skip">src/pymortests/vectorarray.py:264: Suite splitting in effect</skipped></testcase><testcase classname="src.pymortests.vectorarray" file="src/pymortests/vectorarray.py" line="264" name="test_append[compatible_vector_array_pair6-&lt;lambda&gt;27]" time="0.00043702125549316406"><skipped message="Suite splitting in effect" type="pytest.skip">src/pymortests/vectorarray.py:264: Suite splitting in effect</skipped></testcase><testcase classname="src.pymortests.vectorarray" file="src/pymortests/vectorarray.py" line="264" name="test_append[compatible_vector_array_pair6-&lt;lambda&gt;28]" time="0.0006725788116455078"><skipped message="Suite splitting in effect" type="pytest.skip">src/pymortests/vectorarray.py:264: Suite splitting in effect</skipped></testcase><testcase classname="src.pymortests.vectorarray" file="src/pymortests/vectorarray.py" line="264" name="test_append[compatible_vector_array_pair6-&lt;lambda&gt;29]" time="0.00040912628173828125"><skipped message="Suite splitting in effect" type="pytest.skip">src/pymortests/vectorarray.py:264: Suite splitting in effect</skipped></testcase><testcase classname="src.pymortests.vectorarray" file="src/pymortests/vectorarray.py" line="264" name="test_append[compatible_vector_array_pair7-&lt;lambda&gt;0]" time="0.00042176246643066406"><skipped message="Suite splitting in effect" type="pytest.skip">src/pymortests/vectorarray.py:264: Suite splitting in effect</skipped></testcase><testcase classname="src.pymortests.vectorarray" file="src/pymortests/vectorarray.py" line="264" name="test_append[compatible_vector_array_pair7-&lt;lambda&gt;1]" time="0.0004520416259765625"><skipped message="Suite splitting in effect" type="pytest.skip">src/pymortests/vectorarray.py:264: Suite splitting in effect</skipped></testcase><testcase classname="src.pymortests.vectorarray" file="src/pymortests/vectorarray.py" line="264" name="test_append[compatible_vector_array_pair7-&lt;lambda&gt;2]" time="0.0004317760467529297"><skipped message="Suite splitting in effect" type="pytest.skip">src/pymortests/vectorarray.py:264: Suite splitting in effect</skipped></testcase><testcase classname="src.pymortests.vectorarray" file="src/pymortests/vectorarray.py" line="264" name="test_append[compatible_vector_array_pair7-&lt;lambda&gt;3]" time="0.000392913818359375"><skipped message="Suite splitting in effect" type="pytest.skip">src/pymortests/vectorarray.py:264: Suite splitting in effect</skipped></testcase><testcase classname="src.pymortests.vectorarray" file="src/pymortests/vectorarray.py" line="264" name="test_append[compatible_vector_array_pair7-&lt;lambda&gt;4]" time="0.00039267539978027344"><skipped message="Suite splitting in effect" type="pytest.skip">src/pymortests/vectorarray.py:264: Suite splitting in effect</skipped></testcase><testcase classname="src.pymortests.vectorarray" file="src/pymortests/vectorarray.py" line="264" name="test_append[compatible_vector_array_pair7-&lt;lambda&gt;5]" time="0.000392913818359375"><skipped message="Suite splitting in effect" type="pytest.skip">src/pymortests/vectorarray.py:264: Suite splitting in effect</skipped></testcase><testcase classname="src.pymortests.vectorarray" file="src/pymortests/vectorarray.py" line="264" name="test_append[compatible_vector_array_pair7-&lt;lambda&gt;6]" time="0.0006556510925292969"><skipped message="Suite splitting in effect" type="pytest.skip">src/pymortests/vectorarray.py:264: Suite splitting in effect</skipped></testcase><testcase classname="src.pymortests.vectorarray" file="src/pymortests/vectorarray.py" line="264" name="test_append[compatible_vector_array_pair7-&lt;lambda&gt;7]" time="0.00040793418884277344"><skipped message="Suite splitting in effect" type="pytest.skip">src/pymortests/vectorarray.py:264: Suite splitting in effect</skipped></testcase><testcase classname="src.pymortests.vectorarray" file="src/pymortests/vectorarray.py" line="264" name="test_append[compatible_vector_array_pair7-&lt;lambda&gt;8]" time="0.00038909912109375"><skipped message="Suite splitting in effect" type="pytest.skip">src/pymortests/vectorarray.py:264: Suite splitting in effect</skipped></testcase><testcase classname="src.pymortests.vectorarray" file="src/pymortests/vectorarray.py" line="264" name="test_append[compatible_vector_array_pair7-&lt;lambda&gt;9]" time="0.0004146099090576172"><skipped message="Suite splitting in effect" type="pytest.skip">src/pymortests/vectorarray.py:264: Suite splitting in effect</skipped></testcase><testcase classname="src.pymortests.vectorarray" file="src/pymortests/vectorarray.py" line="264" name="test_append[compatible_vector_array_pair7-&lt;lambda&gt;10]" time="0.0004134178161621094"><skipped message="Suite splitting in effect" type="pytest.skip">src/pymortests/vectorarray.py:264: Suite splitting in effect</skipped></testcase><testcase classname="src.pymortests.vectorarray" file="src/pymortests/vectorarray.py" line="264" name="test_append[compatible_vector_array_pair7-&lt;lambda&gt;11]" time="0.0004215240478515625"><skipped message="Suite splitting in effect" type="pytest.skip">src/pymortests/vectorarray.py:264: Suite splitting in effect</skipped></testcase><testcase classname="src.pymortests.vectorarray" file="src/pymortests/vectorarray.py" line="264" name="test_append[compatible_vector_array_pair7-&lt;lambda&gt;12]" time="0.0004124641418457031"><skipped message="Suite splitting in effect" type="pytest.skip">src/pymortests/vectorarray.py:264: Suite splitting in effect</skipped></testcase><testcase classname="src.pymortests.vectorarray" file="src/pymortests/vectorarray.py" line="264" name="test_append[compatible_vector_array_pair7-&lt;lambda&gt;13]" time="0.00044989585876464844"><skipped message="Suite splitting in effect" type="pytest.skip">src/pymortests/vectorarray.py:264: Suite splitting in effect</skipped></testcase><testcase classname="src.pymortests.vectorarray" file="src/pymortests/vectorarray.py" line="264" name="test_append[compatible_vector_array_pair7-&lt;lambda&gt;14]" time="0.0007674694061279297"><skipped message="Suite splitting in effect" type="pytest.skip">src/pymortests/vectorarray.py:264: Suite splitting in effect</skipped></testcase><testcase classname="src.pymortests.vectorarray" file="src/pymortests/vectorarray.py" line="264" name="test_append[compatible_vector_array_pair7-&lt;lambda&gt;15]" time="0.0004220008850097656"><skipped message="Suite splitting in effect" type="pytest.skip">src/pymortests/vectorarray.py:264: Suite splitting in effect</skipped></testcase><testcase classname="src.pymortests.vectorarray" file="src/pymortests/vectorarray.py" line="264" name="test_append[compatible_vector_array_pair7-&lt;lambda&gt;16]" time="0.0003848075866699219"><skipped message="Suite splitting in effect" type="pytest.skip">src/pymortests/vectorarray.py:264: Suite splitting in effect</skipped></testcase><testcase classname="src.pymortests.vectorarray" file="src/pymortests/vectorarray.py" line="264" name="test_append[compatible_vector_array_pair7-&lt;lambda&gt;17]" time="0.0004303455352783203"><skipped message="Suite splitting in effect" type="pytest.skip">src/pymortests/vectorarray.py:264: Suite splitting in effect</skipped></testcase><testcase classname="src.pymortests.vectorarray" file="src/pymortests/vectorarray.py" line="264" name="test_append[compatible_vector_array_pair7-&lt;lambda&gt;18]" time="0.0004353523254394531"><skipped message="Suite splitting in effect" type="pytest.skip">src/pymortests/vectorarray.py:264: Suite splitting in effect</skipped></testcase><testcase classname="src.pymortests.vectorarray" file="src/pymortests/vectorarray.py" line="264" name="test_append[compatible_vector_array_pair7-&lt;lambda&gt;19]" time="0.0003993511199951172"><skipped message="Suite splitting in effect" type="pytest.skip">src/pymortests/vectorarray.py:264: Suite splitting in effect</skipped></testcase><testcase classname="src.pymortests.vectorarray" file="src/pymortests/vectorarray.py" line="264" name="test_append[compatible_vector_array_pair7-&lt;lambda&gt;20]" time="0.00039887428283691406"><skipped message="Suite splitting in effect" type="pytest.skip">src/pymortests/vectorarray.py:264: Suite splitting in effect</skipped></testcase><testcase classname="src.pymortests.vectorarray" file="src/pymortests/vectorarray.py" line="264" name="test_append[compatible_vector_array_pair7-&lt;lambda&gt;21]" time="0.00043082237243652344"><skipped message="Suite splitting in effect" type="pytest.skip">src/pymortests/vectorarray.py:264: Suite splitting in effect</skipped></testcase><testcase classname="src.pymortests.vectorarray" file="src/pymortests/vectorarray.py" line="264" name="test_append[compatible_vector_array_pair7-&lt;lambda&gt;22]" time="0.0006573200225830078"><skipped message="Suite splitting in effect" type="pytest.skip">src/pymortests/vectorarray.py:264: Suite splitting in effect</skipped></testcase><testcase classname="src.pymortests.vectorarray" file="src/pymortests/vectorarray.py" line="264" name="test_append[compatible_vector_array_pair7-&lt;lambda&gt;23]" time="0.0004227161407470703"><skipped message="Suite splitting in effect" type="pytest.skip">src/pymortests/vectorarray.py:264: Suite splitting in effect</skipped></testcase><testcase classname="src.pymortests.vectorarray" file="src/pymortests/vectorarray.py" line="264" name="test_append[compatible_vector_array_pair7-&lt;lambda&gt;24]" time="0.00039839744567871094"><skipped message="Suite splitting in effect" type="pytest.skip">src/pymortests/vectorarray.py:264: Suite splitting in effect</skipped></testcase><testcase classname="src.pymortests.vectorarray" file="src/pymortests/vectorarray.py" line="264" name="test_append[compatible_vector_array_pair7-&lt;lambda&gt;25]" time="0.0004506111145019531"><skipped message="Suite splitting in effect" type="pytest.skip">src/pymortests/vectorarray.py:264: Suite splitting in effect</skipped></testcase><testcase classname="src.pymortests.vectorarray" file="src/pymortests/vectorarray.py" line="264" name="test_append[compatible_vector_array_pair7-&lt;lambda&gt;26]" time="0.0004591941833496094"><skipped message="Suite splitting in effect" type="pytest.skip">src/pymortests/vectorarray.py:264: Suite splitting in effect</skipped></testcase><testcase classname="src.pymortests.vectorarray" file="src/pymortests/vectorarray.py" line="264" name="test_append[compatible_vector_array_pair7-&lt;lambda&gt;27]" time="0.0004215240478515625"><skipped message="Suite splitting in effect" type="pytest.skip">src/pymortests/vectorarray.py:264: Suite splitting in effect</skipped></testcase><testcase classname="src.pymortests.vectorarray" file="src/pymortests/vectorarray.py" line="264" name="test_append[compatible_vector_array_pair7-&lt;lambda&gt;28]" time="0.0004324913024902344"><skipped message="Suite splitting in effect" type="pytest.skip">src/pymortests/vectorarray.py:264: Suite splitting in effect</skipped></testcase><testcase classname="src.pymortests.vectorarray" file="src/pymortests/vectorarray.py" line="264" name="test_append[compatible_vector_array_pair7-&lt;lambda&gt;29]" time="0.00041365623474121094"><skipped message="Suite splitting in effect" type="pytest.skip">src/pymortests/vectorarray.py:264: Suite splitting in effect</skipped></testcase><testcase classname="src.pymortests.vectorarray" file="src/pymortests/vectorarray.py" line="264" name="test_append[compatible_vector_array_pair8-&lt;lambda&gt;0]" time="0.0009274482727050781"><skipped message="Suite splitting in effect" type="pytest.skip">src/pymortests/vectorarray.py:264: Suite splitting in effect</skipped></testcase><testcase classname="src.pymortests.vectorarray" file="src/pymortests/vectorarray.py" line="264" name="test_append[compatible_vector_array_pair8-&lt;lambda&gt;1]" time="0.0004143714904785156"><skipped message="Suite splitting in effect" type="pytest.skip">src/pymortests/vectorarray.py:264: Suite splitting in effect</skipped></testcase><testcase classname="src.pymortests.vectorarray" file="src/pymortests/vectorarray.py" line="264" name="test_append[compatible_vector_array_pair8-&lt;lambda&gt;2]" time="0.00042438507080078125"><skipped message="Suite splitting in effect" type="pytest.skip">src/pymortests/vectorarray.py:264: Suite splitting in effect</skipped></testcase><testcase classname="src.pymortests.vectorarray" file="src/pymortests/vectorarray.py" line="264" name="test_append[compatible_vector_array_pair8-&lt;lambda&gt;3]" time="0.00043129920959472656"><skipped message="Suite splitting in effect" type="pytest.skip">src/pymortests/vectorarray.py:264: Suite splitting in effect</skipped></testcase><testcase classname="src.pymortests.vectorarray" file="src/pymortests/vectorarray.py" line="264" name="test_append[compatible_vector_array_pair8-&lt;lambda&gt;4]" time="0.0004341602325439453"><skipped message="Suite splitting in effect" type="pytest.skip">src/pymortests/vectorarray.py:264: Suite splitting in effect</skipped></testcase><testcase classname="src.pymortests.vectorarray" file="src/pymortests/vectorarray.py" line="264" name="test_append[compatible_vector_array_pair8-&lt;lambda&gt;5]" time="0.0004146099090576172"><skipped message="Suite splitting in effect" type="pytest.skip">src/pymortests/vectorarray.py:264: Suite splitting in effect</skipped></testcase><testcase classname="src.pymortests.vectorarray" file="src/pymortests/vectorarray.py" line="264" name="test_append[compatible_vector_array_pair8-&lt;lambda&gt;6]" time="0.0004329681396484375"><skipped message="Suite splitting in effect" type="pytest.skip">src/pymortests/vectorarray.py:264: Suite splitting in effect</skipped></testcase><testcase classname="src.pymortests.vectorarray" file="src/pymortests/vectorarray.py" line="264" name="test_append[compatible_vector_array_pair8-&lt;lambda&gt;7]" time="0.0004191398620605469"><skipped message="Suite splitting in effect" type="pytest.skip">src/pymortests/vectorarray.py:264: Suite splitting in effect</skipped></testcase><testcase classname="src.pymortests.vectorarray" file="src/pymortests/vectorarray.py" line="264" name="test_append[compatible_vector_array_pair8-&lt;lambda&gt;8]" time="0.00069427490234375"><skipped message="Suite splitting in effect" type="pytest.skip">src/pymortests/vectorarray.py:264: Suite splitting in effect</skipped></testcase><testcase classname="src.pymortests.vectorarray" file="src/pymortests/vectorarray.py" line="264" name="test_append[compatible_vector_array_pair8-&lt;lambda&gt;9]" time="0.0004496574401855469"><skipped message="Suite splitting in effect" type="pytest.skip">src/pymortests/vectorarray.py:264: Suite splitting in effect</skipped></testcase><testcase classname="src.pymortests.vectorarray" file="src/pymortests/vectorarray.py" line="264" name="test_append[compatible_vector_array_pair8-&lt;lambda&gt;10]" time="0.0004138946533203125"><skipped message="Suite splitting in effect" type="pytest.skip">src/pymortests/vectorarray.py:264: Suite splitting in effect</skipped></testcase><testcase classname="src.pymortests.vectorarray" file="src/pymortests/vectorarray.py" line="264" name="test_append[compatible_vector_array_pair8-&lt;lambda&gt;11]" time="0.0004124641418457031"><skipped message="Suite splitting in effect" type="pytest.skip">src/pymortests/vectorarray.py:264: Suite splitting in effect</skipped></testcase><testcase classname="src.pymortests.vectorarray" file="src/pymortests/vectorarray.py" line="264" name="test_append[compatible_vector_array_pair8-&lt;lambda&gt;12]" time="0.0003936290740966797"><skipped message="Suite splitting in effect" type="pytest.skip">src/pymortests/vectorarray.py:264: Suite splitting in effect</skipped></testcase><testcase classname="src.pymortests.vectorarray" file="src/pymortests/vectorarray.py" line="264" name="test_append[compatible_vector_array_pair8-&lt;lambda&gt;13]" time="0.0004162788391113281"><skipped message="Suite splitting in effect" type="pytest.skip">src/pymortests/vectorarray.py:264: Suite splitting in effect</skipped></testcase><testcase classname="src.pymortests.vectorarray" file="src/pymortests/vectorarray.py" line="264" name="test_append[compatible_vector_array_pair8-&lt;lambda&gt;14]" time="0.0004036426544189453"><skipped message="Suite splitting in effect" type="pytest.skip">src/pymortests/vectorarray.py:264: Suite splitting in effect</skipped></testcase><testcase classname="src.pymortests.vectorarray" file="src/pymortests/vectorarray.py" line="264" name="test_append[compatible_vector_array_pair8-&lt;lambda&gt;15]" time="0.00039696693420410156"><skipped message="Suite splitting in effect" type="pytest.skip">src/pymortests/vectorarray.py:264: Suite splitting in effect</skipped></testcase><testcase classname="src.pymortests.vectorarray" file="src/pymortests/vectorarray.py" line="264" name="test_append[compatible_vector_array_pair8-&lt;lambda&gt;16]" time="0.0007193088531494141"><skipped message="Suite splitting in effect" type="pytest.skip">src/pymortests/vectorarray.py:264: Suite splitting in effect</skipped></testcase><testcase classname="src.pymortests.vectorarray" file="src/pymortests/vectorarray.py" line="264" name="test_append[compatible_vector_array_pair8-&lt;lambda&gt;17]" time="0.0004291534423828125"><skipped message="Suite splitting in effect" type="pytest.skip">src/pymortests/vectorarray.py:264: Suite splitting in effect</skipped></testcase><testcase classname="src.pymortests.vectorarray" file="src/pymortests/vectorarray.py" line="264" name="test_append[compatible_vector_array_pair8-&lt;lambda&gt;18]" time="0.0004153251647949219"><skipped message="Suite splitting in effect" type="pytest.skip">src/pymortests/vectorarray.py:264: Suite splitting in effect</skipped></testcase><testcase classname="src.pymortests.vectorarray" file="src/pymortests/vectorarray.py" line="264" name="test_append[compatible_vector_array_pair8-&lt;lambda&gt;19]" time="0.0004203319549560547"><skipped message="Suite splitting in effect" type="pytest.skip">src/pymortests/vectorarray.py:264: Suite splitting in effect</skipped></testcase><testcase classname="src.pymortests.vectorarray" file="src/pymortests/vectorarray.py" line="264" name="test_append[compatible_vector_array_pair8-&lt;lambda&gt;20]" time="0.000438690185546875"><skipped message="Suite splitting in effect" type="pytest.skip">src/pymortests/vectorarray.py:264: Suite splitting in effect</skipped></testcase><testcase classname="src.pymortests.vectorarray" file="src/pymortests/vectorarray.py" line="264" name="test_append[compatible_vector_array_pair8-&lt;lambda&gt;21]" time="0.00042057037353515625"><skipped message="Suite splitting in effect" type="pytest.skip">src/pymortests/vectorarray.py:264: Suite splitting in effect</skipped></testcase><testcase classname="src.pymortests.vectorarray" file="src/pymortests/vectorarray.py" line="264" name="test_append[compatible_vector_array_pair8-&lt;lambda&gt;22]" time="0.0004429817199707031"><skipped message="Suite splitting in effect" type="pytest.skip">src/pymortests/vectorarray.py:264: Suite splitting in effect</skipped></testcase><testcase classname="src.pymortests.vectorarray" file="src/pymortests/vectorarray.py" line="264" name="test_append[compatible_vector_array_pair8-&lt;lambda&gt;23]" time="0.0003895759582519531"><skipped message="Suite splitting in effect" type="pytest.skip">src/pymortests/vectorarray.py:264: Suite splitting in effect</skipped></testcase><testcase classname="src.pymortests.vectorarray" file="src/pymortests/vectorarray.py" line="264" name="test_append[compatible_vector_array_pair8-&lt;lambda&gt;24]" time="0.0007078647613525391"><skipped message="Suite splitting in effect" type="pytest.skip">src/pymortests/vectorarray.py:264: Suite splitting in effect</skipped></testcase><testcase classname="src.pymortests.vectorarray" file="src/pymortests/vectorarray.py" line="264" name="test_append[compatible_vector_array_pair8-&lt;lambda&gt;25]" time="0.00042057037353515625"><skipped message="Suite splitting in effect" type="pytest.skip">src/pymortests/vectorarray.py:264: Suite splitting in effect</skipped></testcase><testcase classname="src.pymortests.vectorarray" file="src/pymortests/vectorarray.py" line="264" name="test_append[compatible_vector_array_pair8-&lt;lambda&gt;26]" time="0.0003857612609863281"><skipped message="Suite splitting in effect" type="pytest.skip">src/pymortests/vectorarray.py:264: Suite splitting in effect</skipped></testcase><testcase classname="src.pymortests.vectorarray" file="src/pymortests/vectorarray.py" line="264" name="test_append[compatible_vector_array_pair8-&lt;lambda&gt;27]" time="0.00041937828063964844"><skipped message="Suite splitting in effect" type="pytest.skip">src/pymortests/vectorarray.py:264: Suite splitting in effect</skipped></testcase><testcase classname="src.pymortests.vectorarray" file="src/pymortests/vectorarray.py" line="264" name="test_append[compatible_vector_array_pair8-&lt;lambda&gt;28]" time="0.0003924369812011719"><skipped message="Suite splitting in effect" type="pytest.skip">src/pymortests/vectorarray.py:264: Suite splitting in effect</skipped></testcase><testcase classname="src.pymortests.vectorarray" file="src/pymortests/vectorarray.py" line="264" name="test_append[compatible_vector_array_pair8-&lt;lambda&gt;29]" time="0.00041103363037109375"><skipped message="Suite splitting in effect" type="pytest.skip">src/pymortests/vectorarray.py:264: Suite splitting in effect</skipped></testcase><testcase classname="src.pymortests.vectorarray" file="src/pymortests/vectorarray.py" line="290" name="test_append_self[0-&lt;lambda&gt;0]" time="0.00041174888610839844"><skipped message="Suite splitting in effect" type="pytest.skip">src/pymortests/vectorarray.py:290: Suite splitting in effect</skipped></testcase><testcase classname="src.pymortests.vectorarray" file="src/pymortests/vectorarray.py" line="290" name="test_append_self[0-&lt;lambda&gt;1]" time="0.000438690185546875"><skipped message="Suite splitting in effect" type="pytest.skip">src/pymortests/vectorarray.py:290: Suite splitting in effect</skipped></testcase><testcase classname="src.pymortests.vectorarray" file="src/pymortests/vectorarray.py" line="290" name="test_append_self[0-&lt;lambda&gt;2]" time="0.0009157657623291016"><skipped message="Suite splitting in effect" type="pytest.skip">src/pymortests/vectorarray.py:290: Suite splitting in effect</skipped></testcase><testcase classname="src.pymortests.vectorarray" file="src/pymortests/vectorarray.py" line="290" name="test_append_self[0-&lt;lambda&gt;3]" time="0.00042557716369628906"><skipped message="Suite splitting in effect" type="pytest.skip">src/pymortests/vectorarray.py:290: Suite splitting in effect</skipped></testcase><testcase classname="src.pymortests.vectorarray" file="src/pymortests/vectorarray.py" line="290" name="test_append_self[0-&lt;lambda&gt;4]" time="0.0004899501800537109"><skipped message="Suite splitting in effect" type="pytest.skip">src/pymortests/vectorarray.py:290: Suite splitting in effect</skipped></testcase><testcase classname="src.pymortests.vectorarray" file="src/pymortests/vectorarray.py" line="290" name="test_append_self[0-&lt;lambda&gt;5]" time="0.00038743019104003906"><skipped message="Suite splitting in effect" type="pytest.skip">src/pymortests/vectorarray.py:290: Suite splitting in effect</skipped></testcase><testcase classname="src.pymortests.vectorarray" file="src/pymortests/vectorarray.py" line="290" name="test_append_self[0-&lt;lambda&gt;6]" time="0.0004177093505859375"><skipped message="Suite splitting in effect" type="pytest.skip">src/pymortests/vectorarray.py:290: Suite splitting in effect</skipped></testcase><testcase classname="src.pymortests.vectorarray" file="src/pymortests/vectorarray.py" line="290" name="test_append_self[0-&lt;lambda&gt;7]" time="0.0004436969757080078"><skipped message="Suite splitting in effect" type="pytest.skip">src/pymortests/vectorarray.py:290: Suite splitting in effect</skipped></testcase><testcase classname="src.pymortests.vectorarray" file="src/pymortests/vectorarray.py" line="290" name="test_append_self[0-&lt;lambda&gt;8]" time="0.0004153251647949219"><skipped message="Suite splitting in effect" type="pytest.skip">src/pymortests/vectorarray.py:290: Suite splitting in effect</skipped></testcase><testcase classname="src.pymortests.vectorarray" file="src/pymortests/vectorarray.py" line="290" name="test_append_self[0-&lt;lambda&gt;9]" time="0.0004086494445800781"><skipped message="Suite splitting in effect" type="pytest.skip">src/pymortests/vectorarray.py:290: Suite splitting in effect</skipped></testcase><testcase classname="src.pymortests.vectorarray" file="src/pymortests/vectorarray.py" line="290" name="test_append_self[0-&lt;lambda&gt;10]" time="0.0007412433624267578"><skipped message="Suite splitting in effect" type="pytest.skip">src/pymortests/vectorarray.py:290: Suite splitting in effect</skipped></testcase><testcase classname="src.pymortests.vectorarray" file="src/pymortests/vectorarray.py" line="290" name="test_append_self[0-&lt;lambda&gt;11]" time="0.00039315223693847656"><skipped message="Suite splitting in effect" type="pytest.skip">src/pymortests/vectorarray.py:290: Suite splitting in effect</skipped></testcase><testcase classname="src.pymortests.vectorarray" file="src/pymortests/vectorarray.py" line="290" name="test_append_self[0-&lt;lambda&gt;12]" time="0.0004127025604248047"><skipped message="Suite splitting in effect" type="pytest.skip">src/pymortests/vectorarray.py:290: Suite splitting in effect</skipped></testcase><testcase classname="src.pymortests.vectorarray" file="src/pymortests/vectorarray.py" line="290" name="test_append_self[0-&lt;lambda&gt;13]" time="0.0004096031188964844"><skipped message="Suite splitting in effect" type="pytest.skip">src/pymortests/vectorarray.py:290: Suite splitting in effect</skipped></testcase><testcase classname="src.pymortests.vectorarray" file="src/pymortests/vectorarray.py" line="290" name="test_append_self[0-&lt;lambda&gt;14]" time="0.00041413307189941406"><skipped message="Suite splitting in effect" type="pytest.skip">src/pymortests/vectorarray.py:290: Suite splitting in effect</skipped></testcase><testcase classname="src.pymortests.vectorarray" file="src/pymortests/vectorarray.py" line="290" name="test_append_self[0-&lt;lambda&gt;15]" time="0.0004055500030517578"><skipped message="Suite splitting in effect" type="pytest.skip">src/pymortests/vectorarray.py:290: Suite splitting in effect</skipped></testcase><testcase classname="src.pymortests.vectorarray" file="src/pymortests/vectorarray.py" line="290" name="test_append_self[0-&lt;lambda&gt;16]" time="0.0003941059112548828"><skipped message="Suite splitting in effect" type="pytest.skip">src/pymortests/vectorarray.py:290: Suite splitting in effect</skipped></testcase><testcase classname="src.pymortests.vectorarray" file="src/pymortests/vectorarray.py" line="290" name="test_append_self[0-&lt;lambda&gt;17]" time="0.0003941059112548828"><skipped message="Suite splitting in effect" type="pytest.skip">src/pymortests/vectorarray.py:290: Suite splitting in effect</skipped></testcase><testcase classname="src.pymortests.vectorarray" file="src/pymortests/vectorarray.py" line="290" name="test_append_self[0-&lt;lambda&gt;18]" time="0.0006620883941650391"><skipped message="Suite splitting in effect" type="pytest.skip">src/pymortests/vectorarray.py:290: Suite splitting in effect</skipped></testcase><testcase classname="src.pymortests.vectorarray" file="src/pymortests/vectorarray.py" line="290" name="test_append_self[0-&lt;lambda&gt;19]" time="0.0003895759582519531"><skipped message="Suite splitting in effect" type="pytest.skip">src/pymortests/vectorarray.py:290: Suite splitting in effect</skipped></testcase><testcase classname="src.pymortests.vectorarray" file="src/pymortests/vectorarray.py" line="290" name="test_append_self[0-&lt;lambda&gt;20]" time="0.0003867149353027344"><skipped message="Suite splitting in effect" type="pytest.skip">src/pymortests/vectorarray.py:290: Suite splitting in effect</skipped></testcase><testcase classname="src.pymortests.vectorarray" file="src/pymortests/vectorarray.py" line="290" name="test_append_self[0-&lt;lambda&gt;21]" time="0.00043463706970214844"><skipped message="Suite splitting in effect" type="pytest.skip">src/pymortests/vectorarray.py:290: Suite splitting in effect</skipped></testcase><testcase classname="src.pymortests.vectorarray" file="src/pymortests/vectorarray.py" line="290" name="test_append_self[0-&lt;lambda&gt;22]" time="0.0004146099090576172"><skipped message="Suite splitting in effect" type="pytest.skip">src/pymortests/vectorarray.py:290: Suite splitting in effect</skipped></testcase><testcase classname="src.pymortests.vectorarray" file="src/pymortests/vectorarray.py" line="290" name="test_append_self[0-&lt;lambda&gt;23]" time="0.0003933906555175781"><skipped message="Suite splitting in effect" type="pytest.skip">src/pymortests/vectorarray.py:290: Suite splitting in effect</skipped></testcase><testcase classname="src.pymortests.vectorarray" file="src/pymortests/vectorarray.py" line="290" name="test_append_self[0-&lt;lambda&gt;24]" time="0.00043487548828125"><skipped message="Suite splitting in effect" type="pytest.skip">src/pymortests/vectorarray.py:290: Suite splitting in effect</skipped></testcase><testcase classname="src.pymortests.vectorarray" file="src/pymortests/vectorarray.py" line="290" name="test_append_self[0-&lt;lambda&gt;25]" time="0.00038933753967285156"><skipped message="Suite splitting in effect" type="pytest.skip">src/pymortests/vectorarray.py:290: Suite splitting in effect</skipped></testcase><testcase classname="src.pymortests.vectorarray" file="src/pymortests/vectorarray.py" line="290" name="test_append_self[0-&lt;lambda&gt;26]" time="0.0006833076477050781"><skipped message="Suite splitting in effect" type="pytest.skip">src/pymortests/vectorarray.py:290: Suite splitting in effect</skipped></testcase><testcase classname="src.pymortests.vectorarray" file="src/pymortests/vectorarray.py" line="290" name="test_append_self[1-&lt;lambda&gt;0]" time="0.0004248619079589844"><skipped message="Suite splitting in effect" type="pytest.skip">src/pymortests/vectorarray.py:290: Suite splitting in effect</skipped></testcase><testcase classname="src.pymortests.vectorarray" file="src/pymortests/vectorarray.py" line="290" name="test_append_self[1-&lt;lambda&gt;1]" time="0.0004012584686279297"><skipped message="Suite splitting in effect" type="pytest.skip">src/pymortests/vectorarray.py:290: Suite splitting in effect</skipped></testcase><testcase classname="src.pymortests.vectorarray" file="src/pymortests/vectorarray.py" line="290" name="test_append_self[1-&lt;lambda&gt;2]" time="0.0003924369812011719"><skipped message="Suite splitting in effect" type="pytest.skip">src/pymortests/vectorarray.py:290: Suite splitting in effect</skipped></testcase><testcase classname="src.pymortests.vectorarray" file="src/pymortests/vectorarray.py" line="290" name="test_append_self[1-&lt;lambda&gt;3]" time="0.00039315223693847656"><skipped message="Suite splitting in effect" type="pytest.skip">src/pymortests/vectorarray.py:290: Suite splitting in effect</skipped></testcase><testcase classname="src.pymortests.vectorarray" file="src/pymortests/vectorarray.py" line="290" name="test_append_self[1-&lt;lambda&gt;4]" time="0.00043582916259765625"><skipped message="Suite splitting in effect" type="pytest.skip">src/pymortests/vectorarray.py:290: Suite splitting in effect</skipped></testcase><testcase classname="src.pymortests.vectorarray" file="src/pymortests/vectorarray.py" line="290" name="test_append_self[1-&lt;lambda&gt;5]" time="0.0004208087921142578"><skipped message="Suite splitting in effect" type="pytest.skip">src/pymortests/vectorarray.py:290: Suite splitting in effect</skipped></testcase><testcase classname="src.pymortests.vectorarray" file="src/pymortests/vectorarray.py" line="290" name="test_append_self[1-&lt;lambda&gt;6]" time="0.0004107952117919922"><skipped message="Suite splitting in effect" type="pytest.skip">src/pymortests/vectorarray.py:290: Suite splitting in effect</skipped></testcase><testcase classname="src.pymortests.vectorarray" file="src/pymortests/vectorarray.py" line="290" name="test_append_self[1-&lt;lambda&gt;7]" time="0.0006761550903320312"><skipped message="Suite splitting in effect" type="pytest.skip">src/pymortests/vectorarray.py:290: Suite splitting in effect</skipped></testcase><testcase classname="src.pymortests.vectorarray" file="src/pymortests/vectorarray.py" line="290" name="test_append_self[1-&lt;lambda&gt;8]" time="0.00040602684020996094"><skipped message="Suite splitting in effect" type="pytest.skip">src/pymortests/vectorarray.py:290: Suite splitting in effect</skipped></testcase><testcase classname="src.pymortests.vectorarray" file="src/pymortests/vectorarray.py" line="290" name="test_append_self[1-&lt;lambda&gt;9]" time="0.000392913818359375"><skipped message="Suite splitting in effect" type="pytest.skip">src/pymortests/vectorarray.py:290: Suite splitting in effect</skipped></testcase><testcase classname="src.pymortests.vectorarray" file="src/pymortests/vectorarray.py" line="290" name="test_append_self[1-&lt;lambda&gt;10]" time="0.00041604042053222656"><skipped message="Suite splitting in effect" type="pytest.skip">src/pymortests/vectorarray.py:290: Suite splitting in effect</skipped></testcase><testcase classname="src.pymortests.vectorarray" file="src/pymortests/vectorarray.py" line="290" name="test_append_self[1-&lt;lambda&gt;11]" time="0.0004150867462158203"><skipped message="Suite splitting in effect" type="pytest.skip">src/pymortests/vectorarray.py:290: Suite splitting in effect</skipped></testcase><testcase classname="src.pymortests.vectorarray" file="src/pymortests/vectorarray.py" line="290" name="test_append_self[1-&lt;lambda&gt;12]" time="0.00039505958557128906"><skipped message="Suite splitting in effect" type="pytest.skip">src/pymortests/vectorarray.py:290: Suite splitting in effect</skipped></testcase><testcase classname="src.pymortests.vectorarray" file="src/pymortests/vectorarray.py" line="290" name="test_append_self[1-&lt;lambda&gt;13]" time="0.0003941059112548828"><skipped message="Suite splitting in effect" type="pytest.skip">src/pymortests/vectorarray.py:290: Suite splitting in effect</skipped></testcase><testcase classname="src.pymortests.vectorarray" file="src/pymortests/vectorarray.py" line="290" name="test_append_self[1-&lt;lambda&gt;14]" time="0.000415802001953125"><skipped message="Suite splitting in effect" type="pytest.skip">src/pymortests/vectorarray.py:290: Suite splitting in effect</skipped></testcase><testcase classname="src.pymortests.vectorarray" file="src/pymortests/vectorarray.py" line="290" name="test_append_self[1-&lt;lambda&gt;15]" time="0.0006756782531738281"><skipped message="Suite splitting in effect" type="pytest.skip">src/pymortests/vectorarray.py:290: Suite splitting in effect</skipped></testcase><testcase classname="src.pymortests.vectorarray" file="src/pymortests/vectorarray.py" line="290" name="test_append_self[1-&lt;lambda&gt;16]" time="0.0004360675811767578"><skipped message="Suite splitting in effect" type="pytest.skip">src/pymortests/vectorarray.py:290: Suite splitting in effect</skipped></testcase><testcase classname="src.pymortests.vectorarray" file="src/pymortests/vectorarray.py" line="290" name="test_append_self[1-&lt;lambda&gt;17]" time="0.0004112720489501953"><skipped message="Suite splitting in effect" type="pytest.skip">src/pymortests/vectorarray.py:290: Suite splitting in effect</skipped></testcase><testcase classname="src.pymortests.vectorarray" file="src/pymortests/vectorarray.py" line="290" name="test_append_self[1-&lt;lambda&gt;18]" time="0.00038695335388183594"><skipped message="Suite splitting in effect" type="pytest.skip">src/pymortests/vectorarray.py:290: Suite splitting in effect</skipped></testcase><testcase classname="src.pymortests.vectorarray" file="src/pymortests/vectorarray.py" line="290" name="test_append_self[1-&lt;lambda&gt;19]" time="0.00040459632873535156"><skipped message="Suite splitting in effect" type="pytest.skip">src/pymortests/vectorarray.py:290: Suite splitting in effect</skipped></testcase><testcase classname="src.pymortests.vectorarray" file="src/pymortests/vectorarray.py" line="290" name="test_append_self[1-&lt;lambda&gt;20]" time="0.0003848075866699219"><skipped message="Suite splitting in effect" type="pytest.skip">src/pymortests/vectorarray.py:290: Suite splitting in effect</skipped></testcase><testcase classname="src.pymortests.vectorarray" file="src/pymortests/vectorarray.py" line="290" name="test_append_self[1-&lt;lambda&gt;21]" time="0.00042629241943359375"><skipped message="Suite splitting in effect" type="pytest.skip">src/pymortests/vectorarray.py:290: Suite splitting in effect</skipped></testcase><testcase classname="src.pymortests.vectorarray" file="src/pymortests/vectorarray.py" line="290" name="test_append_self[1-&lt;lambda&gt;22]" time="0.0003955364227294922"><skipped message="Suite splitting in effect" type="pytest.skip">src/pymortests/vectorarray.py:290: Suite splitting in effect</skipped></testcase><testcase classname="src.pymortests.vectorarray" file="src/pymortests/vectorarray.py" line="290" name="test_append_self[1-&lt;lambda&gt;23]" time="0.0006728172302246094"><skipped message="Suite splitting in effect" type="pytest.skip">src/pymortests/vectorarray.py:290: Suite splitting in effect</skipped></testcase><testcase classname="src.pymortests.vectorarray" file="src/pymortests/vectorarray.py" line="290" name="test_append_self[1-&lt;lambda&gt;24]" time="0.00038242340087890625"><skipped message="Suite splitting in effect" type="pytest.skip">src/pymortests/vectorarray.py:290: Suite splitting in effect</skipped></testcase><testcase classname="src.pymortests.vectorarray" file="src/pymortests/vectorarray.py" line="290" name="test_append_self[1-&lt;lambda&gt;25]" time="0.00040912628173828125"><skipped message="Suite splitting in effect" type="pytest.skip">src/pymortests/vectorarray.py:290: Suite splitting in effect</skipped></testcase><testcase classname="src.pymortests.vectorarray" file="src/pymortests/vectorarray.py" line="290" name="test_append_self[1-&lt;lambda&gt;26]" time="0.0004372596740722656"><skipped message="Suite splitting in effect" type="pytest.skip">src/pymortests/vectorarray.py:290: Suite splitting in effect</skipped></testcase><testcase classname="src.pymortests.vectorarray" file="src/pymortests/vectorarray.py" line="290" name="test_append_self[2-&lt;lambda&gt;0]" time="0.0003883838653564453"><skipped message="Suite splitting in effect" type="pytest.skip">src/pymortests/vectorarray.py:290: Suite splitting in effect</skipped></testcase><testcase classname="src.pymortests.vectorarray" file="src/pymortests/vectorarray.py" line="290" name="test_append_self[2-&lt;lambda&gt;1]" time="0.0004088878631591797"><skipped message="Suite splitting in effect" type="pytest.skip">src/pymortests/vectorarray.py:290: Suite splitting in effect</skipped></testcase><testcase classname="src.pymortests.vectorarray" file="src/pymortests/vectorarray.py" line="290" name="test_append_self[2-&lt;lambda&gt;2]" time="0.0004057884216308594"><skipped message="Suite splitting in effect" type="pytest.skip">src/pymortests/vectorarray.py:290: Suite splitting in effect</skipped></testcase><testcase classname="src.pymortests.vectorarray" file="src/pymortests/vectorarray.py" line="290" name="test_append_self[2-&lt;lambda&gt;3]" time="0.00042128562927246094"><skipped message="Suite splitting in effect" type="pytest.skip">src/pymortests/vectorarray.py:290: Suite splitting in effect</skipped></testcase><testcase classname="src.pymortests.vectorarray" file="src/pymortests/vectorarray.py" line="290" name="test_append_self[2-&lt;lambda&gt;4]" time="0.0006442070007324219"><skipped message="Suite splitting in effect" type="pytest.skip">src/pymortests/vectorarray.py:290: Suite splitting in effect</skipped></testcase><testcase classname="src.pymortests.vectorarray" file="src/pymortests/vectorarray.py" line="290" name="test_append_self[2-&lt;lambda&gt;5]" time="0.00038504600524902344"><skipped message="Suite splitting in effect" type="pytest.skip">src/pymortests/vectorarray.py:290: Suite splitting in effect</skipped></testcase><testcase classname="src.pymortests.vectorarray" file="src/pymortests/vectorarray.py" line="290" name="test_append_self[2-&lt;lambda&gt;6]" time="0.00041747093200683594"><skipped message="Suite splitting in effect" type="pytest.skip">src/pymortests/vectorarray.py:290: Suite splitting in effect</skipped></testcase><testcase classname="src.pymortests.vectorarray" file="src/pymortests/vectorarray.py" line="290" name="test_append_self[2-&lt;lambda&gt;7]" time="0.0004143714904785156"><skipped message="Suite splitting in effect" type="pytest.skip">src/pymortests/vectorarray.py:290: Suite splitting in effect</skipped></testcase><testcase classname="src.pymortests.vectorarray" file="src/pymortests/vectorarray.py" line="290" name="test_append_self[2-&lt;lambda&gt;8]" time="0.0004184246063232422"><skipped message="Suite splitting in effect" type="pytest.skip">src/pymortests/vectorarray.py:290: Suite splitting in effect</skipped></testcase><testcase classname="src.pymortests.vectorarray" file="src/pymortests/vectorarray.py" line="290" name="test_append_self[2-&lt;lambda&gt;9]" time="0.00041365623474121094"><skipped message="Suite splitting in effect" type="pytest.skip">src/pymortests/vectorarray.py:290: Suite splitting in effect</skipped></testcase><testcase classname="src.pymortests.vectorarray" file="src/pymortests/vectorarray.py" line="290" name="test_append_self[2-&lt;lambda&gt;10]" time="0.00038695335388183594"><skipped message="Suite splitting in effect" type="pytest.skip">src/pymortests/vectorarray.py:290: Suite splitting in effect</skipped></testcase><testcase classname="src.pymortests.vectorarray" file="src/pymortests/vectorarray.py" line="290" name="test_append_self[2-&lt;lambda&gt;11]" time="0.00043272972106933594"><skipped message="Suite splitting in effect" type="pytest.skip">src/pymortests/vectorarray.py:290: Suite splitting in effect</skipped></testcase><testcase classname="src.pymortests.vectorarray" file="src/pymortests/vectorarray.py" line="290" name="test_append_self[2-&lt;lambda&gt;12]" time="0.00064849853515625"><skipped message="Suite splitting in effect" type="pytest.skip">src/pymortests/vectorarray.py:290: Suite splitting in effect</skipped></testcase><testcase classname="src.pymortests.vectorarray" file="src/pymortests/vectorarray.py" line="290" name="test_append_self[2-&lt;lambda&gt;13]" time="0.00040531158447265625"><skipped message="Suite splitting in effect" type="pytest.skip">src/pymortests/vectorarray.py:290: Suite splitting in effect</skipped></testcase><testcase classname="src.pymortests.vectorarray" file="src/pymortests/vectorarray.py" line="290" name="test_append_self[2-&lt;lambda&gt;14]" time="0.00041031837463378906"><skipped message="Suite splitting in effect" type="pytest.skip">src/pymortests/vectorarray.py:290: Suite splitting in effect</skipped></testcase><testcase classname="src.pymortests.vectorarray" file="src/pymortests/vectorarray.py" line="290" name="test_append_self[2-&lt;lambda&gt;15]" time="0.00038695335388183594"><skipped message="Suite splitting in effect" type="pytest.skip">src/pymortests/vectorarray.py:290: Suite splitting in effect</skipped></testcase><testcase classname="src.pymortests.vectorarray" file="src/pymortests/vectorarray.py" line="290" name="test_append_self[2-&lt;lambda&gt;16]" time="0.0003924369812011719"><skipped message="Suite splitting in effect" type="pytest.skip">src/pymortests/vectorarray.py:290: Suite splitting in effect</skipped></testcase><testcase classname="src.pymortests.vectorarray" file="src/pymortests/vectorarray.py" line="290" name="test_append_self[2-&lt;lambda&gt;17]" time="0.0004127025604248047"><skipped message="Suite splitting in effect" type="pytest.skip">src/pymortests/vectorarray.py:290: Suite splitting in effect</skipped></testcase><testcase classname="src.pymortests.vectorarray" file="src/pymortests/vectorarray.py" line="290" name="test_append_self[2-&lt;lambda&gt;18]" time="0.0004115104675292969"><skipped message="Suite splitting in effect" type="pytest.skip">src/pymortests/vectorarray.py:290: Suite splitting in effect</skipped></testcase><testcase classname="src.pymortests.vectorarray" file="src/pymortests/vectorarray.py" line="290" name="test_append_self[2-&lt;lambda&gt;19]" time="0.0003876686096191406"><skipped message="Suite splitting in effect" type="pytest.skip">src/pymortests/vectorarray.py:290: Suite splitting in effect</skipped></testcase><testcase classname="src.pymortests.vectorarray" file="src/pymortests/vectorarray.py" line="290" name="test_append_self[2-&lt;lambda&gt;20]" time="0.0006611347198486328"><skipped message="Suite splitting in effect" type="pytest.skip">src/pymortests/vectorarray.py:290: Suite splitting in effect</skipped></testcase><testcase classname="src.pymortests.vectorarray" file="src/pymortests/vectorarray.py" line="290" name="test_append_self[2-&lt;lambda&gt;21]" time="0.0003838539123535156"><skipped message="Suite splitting in effect" type="pytest.skip">src/pymortests/vectorarray.py:290: Suite splitting in effect</skipped></testcase><testcase classname="src.pymortests.vectorarray" file="src/pymortests/vectorarray.py" line="290" name="test_append_self[2-&lt;lambda&gt;22]" time="0.0004169940948486328"><skipped message="Suite splitting in effect" type="pytest.skip">src/pymortests/vectorarray.py:290: Suite splitting in effect</skipped></testcase><testcase classname="src.pymortests.vectorarray" file="src/pymortests/vectorarray.py" line="290" name="test_append_self[2-&lt;lambda&gt;23]" time="0.0003905296325683594"><skipped message="Suite splitting in effect" type="pytest.skip">src/pymortests/vectorarray.py:290: Suite splitting in effect</skipped></testcase><testcase classname="src.pymortests.vectorarray" file="src/pymortests/vectorarray.py" line="290" name="test_append_self[2-&lt;lambda&gt;24]" time="0.0003914833068847656"><skipped message="Suite splitting in effect" type="pytest.skip">src/pymortests/vectorarray.py:290: Suite splitting in effect</skipped></testcase><testcase classname="src.pymortests.vectorarray" file="src/pymortests/vectorarray.py" line="290" name="test_append_self[2-&lt;lambda&gt;25]" time="0.00041222572326660156"><skipped message="Suite splitting in effect" type="pytest.skip">src/pymortests/vectorarray.py:290: Suite splitting in effect</skipped></testcase><testcase classname="src.pymortests.vectorarray" file="src/pymortests/vectorarray.py" line="290" name="test_append_self[2-&lt;lambda&gt;26]" time="0.0004208087921142578"><skipped message="Suite splitting in effect" type="pytest.skip">src/pymortests/vectorarray.py:290: Suite splitting in effect</skipped></testcase><testcase classname="src.pymortests.vectorarray" file="src/pymortests/vectorarray.py" line="306" name="test_del[0-&lt;lambda&gt;0]" time="0.0004181861877441406"><skipped message="Suite splitting in effect" type="pytest.skip">src/pymortests/vectorarray.py:306: Suite splitting in effect</skipped></testcase><testcase classname="src.pymortests.vectorarray" file="src/pymortests/vectorarray.py" line="306" name="test_del[0-&lt;lambda&gt;1]" time="0.0006792545318603516"><skipped message="Suite splitting in effect" type="pytest.skip">src/pymortests/vectorarray.py:306: Suite splitting in effect</skipped></testcase><testcase classname="src.pymortests.vectorarray" file="src/pymortests/vectorarray.py" line="306" name="test_del[0-&lt;lambda&gt;2]" time="0.0004093647003173828"><skipped message="Suite splitting in effect" type="pytest.skip">src/pymortests/vectorarray.py:306: Suite splitting in effect</skipped></testcase><testcase classname="src.pymortests.vectorarray" file="src/pymortests/vectorarray.py" line="306" name="test_del[0-&lt;lambda&gt;3]" time="0.0004138946533203125"><skipped message="Suite splitting in effect" type="pytest.skip">src/pymortests/vectorarray.py:306: Suite splitting in effect</skipped></testcase><testcase classname="src.pymortests.vectorarray" file="src/pymortests/vectorarray.py" line="306" name="test_del[0-&lt;lambda&gt;4]" time="0.0004105567932128906"><skipped message="Suite splitting in effect" type="pytest.skip">src/pymortests/vectorarray.py:306: Suite splitting in effect</skipped></testcase><testcase classname="src.pymortests.vectorarray" file="src/pymortests/vectorarray.py" line="306" name="test_del[0-&lt;lambda&gt;5]" time="0.0003981590270996094"><skipped message="Suite splitting in effect" type="pytest.skip">src/pymortests/vectorarray.py:306: Suite splitting in effect</skipped></testcase><testcase classname="src.pymortests.vectorarray" file="src/pymortests/vectorarray.py" line="306" name="test_del[0-&lt;lambda&gt;6]" time="0.0004127025604248047"><skipped message="Suite splitting in effect" type="pytest.skip">src/pymortests/vectorarray.py:306: Suite splitting in effect</skipped></testcase><testcase classname="src.pymortests.vectorarray" file="src/pymortests/vectorarray.py" line="306" name="test_del[0-&lt;lambda&gt;7]" time="0.00040650367736816406"><skipped message="Suite splitting in effect" type="pytest.skip">src/pymortests/vectorarray.py:306: Suite splitting in effect</skipped></testcase><testcase classname="src.pymortests.vectorarray" file="src/pymortests/vectorarray.py" line="306" name="test_del[0-&lt;lambda&gt;8]" time="0.00042247772216796875"><skipped message="Suite splitting in effect" type="pytest.skip">src/pymortests/vectorarray.py:306: Suite splitting in effect</skipped></testcase><testcase classname="src.pymortests.vectorarray" file="src/pymortests/vectorarray.py" line="306" name="test_del[0-&lt;lambda&gt;9]" time="0.0006585121154785156"><skipped message="Suite splitting in effect" type="pytest.skip">src/pymortests/vectorarray.py:306: Suite splitting in effect</skipped></testcase><testcase classname="src.pymortests.vectorarray" file="src/pymortests/vectorarray.py" line="306" name="test_del[0-&lt;lambda&gt;10]" time="0.0003864765167236328"><skipped message="Suite splitting in effect" type="pytest.skip">src/pymortests/vectorarray.py:306: Suite splitting in effect</skipped></testcase><testcase classname="src.pymortests.vectorarray" file="src/pymortests/vectorarray.py" line="306" name="test_del[0-&lt;lambda&gt;11]" time="0.00040912628173828125"><skipped message="Suite splitting in effect" type="pytest.skip">src/pymortests/vectorarray.py:306: Suite splitting in effect</skipped></testcase><testcase classname="src.pymortests.vectorarray" file="src/pymortests/vectorarray.py" line="306" name="test_del[0-&lt;lambda&gt;12]" time="0.0004165172576904297"><skipped message="Suite splitting in effect" type="pytest.skip">src/pymortests/vectorarray.py:306: Suite splitting in effect</skipped></testcase><testcase classname="src.pymortests.vectorarray" file="src/pymortests/vectorarray.py" line="306" name="test_del[0-&lt;lambda&gt;13]" time="0.0004124641418457031"><skipped message="Suite splitting in effect" type="pytest.skip">src/pymortests/vectorarray.py:306: Suite splitting in effect</skipped></testcase><testcase classname="src.pymortests.vectorarray" file="src/pymortests/vectorarray.py" line="306" name="test_del[0-&lt;lambda&gt;14]" time="0.0003924369812011719"><skipped message="Suite splitting in effect" type="pytest.skip">src/pymortests/vectorarray.py:306: Suite splitting in effect</skipped></testcase><testcase classname="src.pymortests.vectorarray" file="src/pymortests/vectorarray.py" line="306" name="test_del[0-&lt;lambda&gt;15]" time="0.0003867149353027344"><skipped message="Suite splitting in effect" type="pytest.skip">src/pymortests/vectorarray.py:306: Suite splitting in effect</skipped></testcase><testcase classname="src.pymortests.vectorarray" file="src/pymortests/vectorarray.py" line="306" name="test_del[0-&lt;lambda&gt;16]" time="0.00038552284240722656"><skipped message="Suite splitting in effect" type="pytest.skip">src/pymortests/vectorarray.py:306: Suite splitting in effect</skipped></testcase><testcase classname="src.pymortests.vectorarray" file="src/pymortests/vectorarray.py" line="306" name="test_del[0-&lt;lambda&gt;17]" time="0.0008878707885742188"><skipped message="Suite splitting in effect" type="pytest.skip">src/pymortests/vectorarray.py:306: Suite splitting in effect</skipped></testcase><testcase classname="src.pymortests.vectorarray" file="src/pymortests/vectorarray.py" line="306" name="test_del[0-&lt;lambda&gt;18]" time="0.00041365623474121094"><skipped message="Suite splitting in effect" type="pytest.skip">src/pymortests/vectorarray.py:306: Suite splitting in effect</skipped></testcase><testcase classname="src.pymortests.vectorarray" file="src/pymortests/vectorarray.py" line="306" name="test_del[0-&lt;lambda&gt;19]" time="0.0004153251647949219"><skipped message="Suite splitting in effect" type="pytest.skip">src/pymortests/vectorarray.py:306: Suite splitting in effect</skipped></testcase><testcase classname="src.pymortests.vectorarray" file="src/pymortests/vectorarray.py" line="306" name="test_del[0-&lt;lambda&gt;20]" time="0.0004146099090576172"><skipped message="Suite splitting in effect" type="pytest.skip">src/pymortests/vectorarray.py:306: Suite splitting in effect</skipped></testcase><testcase classname="src.pymortests.vectorarray" file="src/pymortests/vectorarray.py" line="306" name="test_del[0-&lt;lambda&gt;21]" time="0.0003914833068847656"><skipped message="Suite splitting in effect" type="pytest.skip">src/pymortests/vectorarray.py:306: Suite splitting in effect</skipped></testcase><testcase classname="src.pymortests.vectorarray" file="src/pymortests/vectorarray.py" line="306" name="test_del[0-&lt;lambda&gt;22]" time="0.0003845691680908203"><skipped message="Suite splitting in effect" type="pytest.skip">src/pymortests/vectorarray.py:306: Suite splitting in effect</skipped></testcase><testcase classname="src.pymortests.vectorarray" file="src/pymortests/vectorarray.py" line="306" name="test_del[0-&lt;lambda&gt;23]" time="0.0004031658172607422"><skipped message="Suite splitting in effect" type="pytest.skip">src/pymortests/vectorarray.py:306: Suite splitting in effect</skipped></testcase><testcase classname="src.pymortests.vectorarray" file="src/pymortests/vectorarray.py" line="306" name="test_del[0-&lt;lambda&gt;24]" time="0.0003829002380371094"><skipped message="Suite splitting in effect" type="pytest.skip">src/pymortests/vectorarray.py:306: Suite splitting in effect</skipped></testcase><testcase classname="src.pymortests.vectorarray" file="src/pymortests/vectorarray.py" line="306" name="test_del[0-&lt;lambda&gt;25]" time="0.00069427490234375"><skipped message="Suite splitting in effect" type="pytest.skip">src/pymortests/vectorarray.py:306: Suite splitting in effect</skipped></testcase><testcase classname="src.pymortests.vectorarray" file="src/pymortests/vectorarray.py" line="306" name="test_del[0-&lt;lambda&gt;26]" time="0.0003800392150878906"><skipped message="Suite splitting in effect" type="pytest.skip">src/pymortests/vectorarray.py:306: Suite splitting in effect</skipped></testcase><testcase classname="src.pymortests.vectorarray" file="src/pymortests/vectorarray.py" line="306" name="test_del[1-&lt;lambda&gt;0]" time="0.00038433074951171875"><skipped message="Suite splitting in effect" type="pytest.skip">src/pymortests/vectorarray.py:306: Suite splitting in effect</skipped></testcase><testcase classname="src.pymortests.vectorarray" file="src/pymortests/vectorarray.py" line="306" name="test_del[1-&lt;lambda&gt;1]" time="0.0003859996795654297"><skipped message="Suite splitting in effect" type="pytest.skip">src/pymortests/vectorarray.py:306: Suite splitting in effect</skipped></testcase><testcase classname="src.pymortests.vectorarray" file="src/pymortests/vectorarray.py" line="306" name="test_del[1-&lt;lambda&gt;2]" time="0.0004146099090576172"><skipped message="Suite splitting in effect" type="pytest.skip">src/pymortests/vectorarray.py:306: Suite splitting in effect</skipped></testcase><testcase classname="src.pymortests.vectorarray" file="src/pymortests/vectorarray.py" line="306" name="test_del[1-&lt;lambda&gt;3]" time="0.0004162788391113281"><skipped message="Suite splitting in effect" type="pytest.skip">src/pymortests/vectorarray.py:306: Suite splitting in effect</skipped></testcase><testcase classname="src.pymortests.vectorarray" file="src/pymortests/vectorarray.py" line="306" name="test_del[1-&lt;lambda&gt;4]" time="0.0003943443298339844"><skipped message="Suite splitting in effect" type="pytest.skip">src/pymortests/vectorarray.py:306: Suite splitting in effect</skipped></testcase><testcase classname="src.pymortests.vectorarray" file="src/pymortests/vectorarray.py" line="306" name="test_del[1-&lt;lambda&gt;5]" time="0.0004248619079589844"><skipped message="Suite splitting in effect" type="pytest.skip">src/pymortests/vectorarray.py:306: Suite splitting in effect</skipped></testcase><testcase classname="src.pymortests.vectorarray" file="src/pymortests/vectorarray.py" line="306" name="test_del[1-&lt;lambda&gt;6]" time="0.0006666183471679688"><skipped message="Suite splitting in effect" type="pytest.skip">src/pymortests/vectorarray.py:306: Suite splitting in effect</skipped></testcase><testcase classname="src.pymortests.vectorarray" file="src/pymortests/vectorarray.py" line="306" name="test_del[1-&lt;lambda&gt;7]" time="0.0004143714904785156"><skipped message="Suite splitting in effect" type="pytest.skip">src/pymortests/vectorarray.py:306: Suite splitting in effect</skipped></testcase><testcase classname="src.pymortests.vectorarray" file="src/pymortests/vectorarray.py" line="306" name="test_del[1-&lt;lambda&gt;8]" time="0.0003840923309326172"><skipped message="Suite splitting in effect" type="pytest.skip">src/pymortests/vectorarray.py:306: Suite splitting in effect</skipped></testcase><testcase classname="src.pymortests.vectorarray" file="src/pymortests/vectorarray.py" line="306" name="test_del[1-&lt;lambda&gt;9]" time="0.0004513263702392578"><skipped message="Suite splitting in effect" type="pytest.skip">src/pymortests/vectorarray.py:306: Suite splitting in effect</skipped></testcase><testcase classname="src.pymortests.vectorarray" file="src/pymortests/vectorarray.py" line="306" name="test_del[1-&lt;lambda&gt;10]" time="0.0004215240478515625"><skipped message="Suite splitting in effect" type="pytest.skip">src/pymortests/vectorarray.py:306: Suite splitting in effect</skipped></testcase><testcase classname="src.pymortests.vectorarray" file="src/pymortests/vectorarray.py" line="306" name="test_del[1-&lt;lambda&gt;11]" time="0.0003998279571533203"><skipped message="Suite splitting in effect" type="pytest.skip">src/pymortests/vectorarray.py:306: Suite splitting in effect</skipped></testcase><testcase classname="src.pymortests.vectorarray" file="src/pymortests/vectorarray.py" line="306" name="test_del[1-&lt;lambda&gt;12]" time="0.00039124488830566406"><skipped message="Suite splitting in effect" type="pytest.skip">src/pymortests/vectorarray.py:306: Suite splitting in effect</skipped></testcase><testcase classname="src.pymortests.vectorarray" file="src/pymortests/vectorarray.py" line="306" name="test_del[1-&lt;lambda&gt;13]" time="0.0004200935363769531"><skipped message="Suite splitting in effect" type="pytest.skip">src/pymortests/vectorarray.py:306: Suite splitting in effect</skipped></testcase><testcase classname="src.pymortests.vectorarray" file="src/pymortests/vectorarray.py" line="306" name="test_del[1-&lt;lambda&gt;14]" time="0.0006310939788818359"><skipped message="Suite splitting in effect" type="pytest.skip">src/pymortests/vectorarray.py:306: Suite splitting in effect</skipped></testcase><testcase classname="src.pymortests.vectorarray" file="src/pymortests/vectorarray.py" line="306" name="test_del[1-&lt;lambda&gt;15]" time="0.0004329681396484375"><skipped message="Suite splitting in effect" type="pytest.skip">src/pymortests/vectorarray.py:306: Suite splitting in effect</skipped></testcase><testcase classname="src.pymortests.vectorarray" file="src/pymortests/vectorarray.py" line="306" name="test_del[1-&lt;lambda&gt;16]" time="0.00041556358337402344"><skipped message="Suite splitting in effect" type="pytest.skip">src/pymortests/vectorarray.py:306: Suite splitting in effect</skipped></testcase><testcase classname="src.pymortests.vectorarray" file="src/pymortests/vectorarray.py" line="306" name="test_del[1-&lt;lambda&gt;17]" time="0.0004184246063232422"><skipped message="Suite splitting in effect" type="pytest.skip">src/pymortests/vectorarray.py:306: Suite splitting in effect</skipped></testcase><testcase classname="src.pymortests.vectorarray" file="src/pymortests/vectorarray.py" line="306" name="test_del[1-&lt;lambda&gt;18]" time="0.0004191398620605469"><skipped message="Suite splitting in effect" type="pytest.skip">src/pymortests/vectorarray.py:306: Suite splitting in effect</skipped></testcase><testcase classname="src.pymortests.vectorarray" file="src/pymortests/vectorarray.py" line="306" name="test_del[1-&lt;lambda&gt;19]" time="0.0004153251647949219"><skipped message="Suite splitting in effect" type="pytest.skip">src/pymortests/vectorarray.py:306: Suite splitting in effect</skipped></testcase><testcase classname="src.pymortests.vectorarray" file="src/pymortests/vectorarray.py" line="306" name="test_del[1-&lt;lambda&gt;20]" time="0.00041556358337402344"><skipped message="Suite splitting in effect" type="pytest.skip">src/pymortests/vectorarray.py:306: Suite splitting in effect</skipped></testcase><testcase classname="src.pymortests.vectorarray" file="src/pymortests/vectorarray.py" line="306" name="test_del[1-&lt;lambda&gt;21]" time="0.0003864765167236328"><skipped message="Suite splitting in effect" type="pytest.skip">src/pymortests/vectorarray.py:306: Suite splitting in effect</skipped></testcase><testcase classname="src.pymortests.vectorarray" file="src/pymortests/vectorarray.py" line="306" name="test_del[1-&lt;lambda&gt;22]" time="0.0006475448608398438"><skipped message="Suite splitting in effect" type="pytest.skip">src/pymortests/vectorarray.py:306: Suite splitting in effect</skipped></testcase><testcase classname="src.pymortests.vectorarray" file="src/pymortests/vectorarray.py" line="306" name="test_del[1-&lt;lambda&gt;23]" time="0.0003848075866699219"><skipped message="Suite splitting in effect" type="pytest.skip">src/pymortests/vectorarray.py:306: Suite splitting in effect</skipped></testcase><testcase classname="src.pymortests.vectorarray" file="src/pymortests/vectorarray.py" line="306" name="test_del[1-&lt;lambda&gt;24]" time="0.0003991127014160156"><skipped message="Suite splitting in effect" type="pytest.skip">src/pymortests/vectorarray.py:306: Suite splitting in effect</skipped></testcase><testcase classname="src.pymortests.vectorarray" file="src/pymortests/vectorarray.py" line="306" name="test_del[1-&lt;lambda&gt;25]" time="0.0003883838653564453"><skipped message="Suite splitting in effect" type="pytest.skip">src/pymortests/vectorarray.py:306: Suite splitting in effect</skipped></testcase><testcase classname="src.pymortests.vectorarray" file="src/pymortests/vectorarray.py" line="306" name="test_del[1-&lt;lambda&gt;26]" time="0.0004134178161621094"><skipped message="Suite splitting in effect" type="pytest.skip">src/pymortests/vectorarray.py:306: Suite splitting in effect</skipped></testcase><testcase classname="src.pymortests.vectorarray" file="src/pymortests/vectorarray.py" line="306" name="test_del[2-&lt;lambda&gt;0]" time="0.0004107952117919922"><skipped message="Suite splitting in effect" type="pytest.skip">src/pymortests/vectorarray.py:306: Suite splitting in effect</skipped></testcase><testcase classname="src.pymortests.vectorarray" file="src/pymortests/vectorarray.py" line="306" name="test_del[2-&lt;lambda&gt;1]" time="0.0003879070281982422"><skipped message="Suite splitting in effect" type="pytest.skip">src/pymortests/vectorarray.py:306: Suite splitting in effect</skipped></testcase><testcase classname="src.pymortests.vectorarray" file="src/pymortests/vectorarray.py" line="306" name="test_del[2-&lt;lambda&gt;2]" time="0.0004100799560546875"><skipped message="Suite splitting in effect" type="pytest.skip">src/pymortests/vectorarray.py:306: Suite splitting in effect</skipped></testcase><testcase classname="src.pymortests.vectorarray" file="src/pymortests/vectorarray.py" line="306" name="test_del[2-&lt;lambda&gt;3]" time="0.0006139278411865234"><skipped message="Suite splitting in effect" type="pytest.skip">src/pymortests/vectorarray.py:306: Suite splitting in effect</skipped></testcase><testcase classname="src.pymortests.vectorarray" file="src/pymortests/vectorarray.py" line="306" name="test_del[2-&lt;lambda&gt;4]" time="0.00042748451232910156"><skipped message="Suite splitting in effect" type="pytest.skip">src/pymortests/vectorarray.py:306: Suite splitting in effect</skipped></testcase><testcase classname="src.pymortests.vectorarray" file="src/pymortests/vectorarray.py" line="306" name="test_del[2-&lt;lambda&gt;5]" time="0.0003871917724609375"><skipped message="Suite splitting in effect" type="pytest.skip">src/pymortests/vectorarray.py:306: Suite splitting in effect</skipped></testcase><testcase classname="src.pymortests.vectorarray" file="src/pymortests/vectorarray.py" line="306" name="test_del[2-&lt;lambda&gt;6]" time="0.0004143714904785156"><skipped message="Suite splitting in effect" type="pytest.skip">src/pymortests/vectorarray.py:306: Suite splitting in effect</skipped></testcase><testcase classname="src.pymortests.vectorarray" file="src/pymortests/vectorarray.py" line="306" name="test_del[2-&lt;lambda&gt;7]" time="0.00038504600524902344"><skipped message="Suite splitting in effect" type="pytest.skip">src/pymortests/vectorarray.py:306: Suite splitting in effect</skipped></testcase><testcase classname="src.pymortests.vectorarray" file="src/pymortests/vectorarray.py" line="306" name="test_del[2-&lt;lambda&gt;8]" time="0.00041937828063964844"><skipped message="Suite splitting in effect" type="pytest.skip">src/pymortests/vectorarray.py:306: Suite splitting in effect</skipped></testcase><testcase classname="src.pymortests.vectorarray" file="src/pymortests/vectorarray.py" line="306" name="test_del[2-&lt;lambda&gt;9]" time="0.0004177093505859375"><skipped message="Suite splitting in effect" type="pytest.skip">src/pymortests/vectorarray.py:306: Suite splitting in effect</skipped></testcase><testcase classname="src.pymortests.vectorarray" file="src/pymortests/vectorarray.py" line="306" name="test_del[2-&lt;lambda&gt;10]" time="0.0004031658172607422"><skipped message="Suite splitting in effect" type="pytest.skip">src/pymortests/vectorarray.py:306: Suite splitting in effect</skipped></testcase><testcase classname="src.pymortests.vectorarray" file="src/pymortests/vectorarray.py" line="306" name="test_del[2-&lt;lambda&gt;11]" time="0.0006508827209472656"><skipped message="Suite splitting in effect" type="pytest.skip">src/pymortests/vectorarray.py:306: Suite splitting in effect</skipped></testcase><testcase classname="src.pymortests.vectorarray" file="src/pymortests/vectorarray.py" line="306" name="test_del[2-&lt;lambda&gt;12]" time="0.0004107952117919922"><skipped message="Suite splitting in effect" type="pytest.skip">src/pymortests/vectorarray.py:306: Suite splitting in effect</skipped></testcase><testcase classname="src.pymortests.vectorarray" file="src/pymortests/vectorarray.py" line="306" name="test_del[2-&lt;lambda&gt;13]" time="0.0004019737243652344"><skipped message="Suite splitting in effect" type="pytest.skip">src/pymortests/vectorarray.py:306: Suite splitting in effect</skipped></testcase><testcase classname="src.pymortests.vectorarray" file="src/pymortests/vectorarray.py" line="306" name="test_del[2-&lt;lambda&gt;14]" time="0.000377655029296875"><skipped message="Suite splitting in effect" type="pytest.skip">src/pymortests/vectorarray.py:306: Suite splitting in effect</skipped></testcase><testcase classname="src.pymortests.vectorarray" file="src/pymortests/vectorarray.py" line="306" name="test_del[2-&lt;lambda&gt;15]" time="0.0004127025604248047"><skipped message="Suite splitting in effect" type="pytest.skip">src/pymortests/vectorarray.py:306: Suite splitting in effect</skipped></testcase><testcase classname="src.pymortests.vectorarray" file="src/pymortests/vectorarray.py" line="306" name="test_del[2-&lt;lambda&gt;16]" time="0.0003871917724609375"><skipped message="Suite splitting in effect" type="pytest.skip">src/pymortests/vectorarray.py:306: Suite splitting in effect</skipped></testcase><testcase classname="src.pymortests.vectorarray" file="src/pymortests/vectorarray.py" line="306" name="test_del[2-&lt;lambda&gt;17]" time="0.00040721893310546875"><skipped message="Suite splitting in effect" type="pytest.skip">src/pymortests/vectorarray.py:306: Suite splitting in effect</skipped></testcase><testcase classname="src.pymortests.vectorarray" file="src/pymortests/vectorarray.py" line="306" name="test_del[2-&lt;lambda&gt;18]" time="0.010282516479492188"></testcase><testcase classname="src.pymortests.vectorarray" file="src/pymortests/vectorarray.py" line="306" name="test_del[2-&lt;lambda&gt;19]" time="0.01300358772277832"></testcase><testcase classname="src.pymortests.vectorarray" file="src/pymortests/vectorarray.py" line="306" name="test_del[2-&lt;lambda&gt;20]" time="0.037014007568359375"></testcase><testcase classname="src.pymortests.vectorarray" file="src/pymortests/vectorarray.py" line="306" name="test_del[2-&lt;lambda&gt;21]" time="0.08780622482299805"></testcase><testcase classname="src.pymortests.vectorarray" file="src/pymortests/vectorarray.py" line="306" name="test_del[2-&lt;lambda&gt;22]" time="0.00531315803527832"><system-out> set global mesh
 set global mesh
 Update mesh topology
 Update edges 
 Update faces 
 Update clusters
</system-out></testcase><testcase classname="src.pymortests.vectorarray" file="src/pymortests/vectorarray.py" line="306" name="test_del[2-&lt;lambda&gt;23]" time="0.003915309906005859"><system-out> set global mesh
 set global mesh
 Update mesh topology
 Update edges 
 Update faces 
 Update clusters
</system-out></testcase><testcase classname="src.pymortests.vectorarray" file="src/pymortests/vectorarray.py" line="306" name="test_del[2-&lt;lambda&gt;24]" time="0.0066454410552978516"><system-out> set global mesh
 set global mesh
 Update mesh topology
 Update edges 
 Update faces 
 Update clusters
</system-out></testcase><testcase classname="src.pymortests.vectorarray" file="src/pymortests/vectorarray.py" line="306" name="test_del[2-&lt;lambda&gt;25]" time="0.04890942573547363"><system-out> set global mesh
 set global mesh
 Update mesh topology
 Update edges 
 Update faces 
 Update clusters
</system-out></testcase><testcase classname="src.pymortests.vectorarray" file="src/pymortests/vectorarray.py" line="306" name="test_del[2-&lt;lambda&gt;26]" time="0.10863542556762695"></testcase><testcase classname="src.pymortests.vectorarray" file="src/pymortests/vectorarray.py" line="323" name="test_scal[0-&lt;lambda&gt;0]" time="0.018682479858398438"></testcase><testcase classname="src.pymortests.vectorarray" file="src/pymortests/vectorarray.py" line="323" name="test_scal[0-&lt;lambda&gt;1]" time="0.01976633071899414"></testcase><testcase classname="src.pymortests.vectorarray" file="src/pymortests/vectorarray.py" line="323" name="test_scal[0-&lt;lambda&gt;2]" time="0.0189516544342041"></testcase><testcase classname="src.pymortests.vectorarray" file="src/pymortests/vectorarray.py" line="323" name="test_scal[0-&lt;lambda&gt;3]" time="0.022275209426879883"></testcase><testcase classname="src.pymortests.vectorarray" file="src/pymortests/vectorarray.py" line="323" name="test_scal[0-&lt;lambda&gt;4]" time="0.02513718605041504"></testcase><testcase classname="src.pymortests.vectorarray" file="src/pymortests/vectorarray.py" line="323" name="test_scal[0-&lt;lambda&gt;5]" time="0.015325069427490234"></testcase><testcase classname="src.pymortests.vectorarray" file="src/pymortests/vectorarray.py" line="323" name="test_scal[0-&lt;lambda&gt;6]" time="0.015421628952026367"></testcase><testcase classname="src.pymortests.vectorarray" file="src/pymortests/vectorarray.py" line="323" name="test_scal[0-&lt;lambda&gt;7]" time="0.017867088317871094"></testcase><testcase classname="src.pymortests.vectorarray" file="src/pymortests/vectorarray.py" line="323" name="test_scal[0-&lt;lambda&gt;8]" time="0.08882474899291992"></testcase><testcase classname="src.pymortests.vectorarray" file="src/pymortests/vectorarray.py" line="323" name="test_scal[0-&lt;lambda&gt;9]" time="0.16455554962158203"></testcase><testcase classname="src.pymortests.vectorarray" file="src/pymortests/vectorarray.py" line="323" name="test_scal[0-&lt;lambda&gt;10]" time="0.03356361389160156"></testcase><testcase classname="src.pymortests.vectorarray" file="src/pymortests/vectorarray.py" line="323" name="test_scal[0-&lt;lambda&gt;11]" time="0.03483462333679199"></testcase><testcase classname="src.pymortests.vectorarray" file="src/pymortests/vectorarray.py" line="323" name="test_scal[0-&lt;lambda&gt;12]" time="0.03249502182006836"></testcase><testcase classname="src.pymortests.vectorarray" file="src/pymortests/vectorarray.py" line="323" name="test_scal[0-&lt;lambda&gt;13]" time="0.025513887405395508"></testcase><testcase classname="src.pymortests.vectorarray" file="src/pymortests/vectorarray.py" line="323" name="test_scal[0-&lt;lambda&gt;14]" time="0.03461956977844238"></testcase><testcase classname="src.pymortests.vectorarray" file="src/pymortests/vectorarray.py" line="323" name="test_scal[0-&lt;lambda&gt;15]" time="0.051093339920043945"></testcase><testcase classname="src.pymortests.vectorarray" file="src/pymortests/vectorarray.py" line="323" name="test_scal[0-&lt;lambda&gt;16]" time="0.055264949798583984"></testcase><testcase classname="src.pymortests.vectorarray" file="src/pymortests/vectorarray.py" line="323" name="test_scal[0-&lt;lambda&gt;17]" time="0.04687762260437012"></testcase><testcase classname="src.pymortests.vectorarray" file="src/pymortests/vectorarray.py" line="323" name="test_scal[0-&lt;lambda&gt;18]" time="0.04754471778869629"></testcase><testcase classname="src.pymortests.vectorarray" file="src/pymortests/vectorarray.py" line="323" name="test_scal[0-&lt;lambda&gt;19]" time="0.06286144256591797"></testcase><testcase classname="src.pymortests.vectorarray" file="src/pymortests/vectorarray.py" line="323" name="test_scal[0-&lt;lambda&gt;20]" time="0.1939244270324707"></testcase><testcase classname="src.pymortests.vectorarray" file="src/pymortests/vectorarray.py" line="323" name="test_scal[0-&lt;lambda&gt;21]" time="0.4219534397125244"></testcase><testcase classname="src.pymortests.vectorarray" file="src/pymortests/vectorarray.py" line="323" name="test_scal[0-&lt;lambda&gt;22]" time="0.01693439483642578"></testcase><testcase classname="src.pymortests.vectorarray" file="src/pymortests/vectorarray.py" line="323" name="test_scal[0-&lt;lambda&gt;23]" time="0.01716899871826172"></testcase><testcase classname="src.pymortests.vectorarray" file="src/pymortests/vectorarray.py" line="323" name="test_scal[0-&lt;lambda&gt;24]" time="0.027629613876342773"></testcase><testcase classname="src.pymortests.vectorarray" file="src/pymortests/vectorarray.py" line="323" name="test_scal[0-&lt;lambda&gt;25]" time="0.26587390899658203"></testcase><testcase classname="src.pymortests.vectorarray" file="src/pymortests/vectorarray.py" line="323" name="test_scal[0-&lt;lambda&gt;26]" time="0.5944538116455078"></testcase><testcase classname="src.pymortests.vectorarray" file="src/pymortests/vectorarray.py" line="323" name="test_scal[1-&lt;lambda&gt;0]" time="0.018877267837524414"></testcase><testcase classname="src.pymortests.vectorarray" file="src/pymortests/vectorarray.py" line="323" name="test_scal[1-&lt;lambda&gt;1]" time="0.020542621612548828"></testcase><testcase classname="src.pymortests.vectorarray" file="src/pymortests/vectorarray.py" line="323" name="test_scal[1-&lt;lambda&gt;2]" time="0.018948078155517578"></testcase><testcase classname="src.pymortests.vectorarray" file="src/pymortests/vectorarray.py" line="323" name="test_scal[1-&lt;lambda&gt;3]" time="0.022890567779541016"></testcase><testcase classname="src.pymortests.vectorarray" file="src/pymortests/vectorarray.py" line="323" name="test_scal[1-&lt;lambda&gt;4]" time="0.022770166397094727"></testcase><testcase classname="src.pymortests.vectorarray" file="src/pymortests/vectorarray.py" line="323" name="test_scal[1-&lt;lambda&gt;5]" time="0.015542030334472656"></testcase><testcase classname="src.pymortests.vectorarray" file="src/pymortests/vectorarray.py" line="323" name="test_scal[1-&lt;lambda&gt;6]" time="0.015576601028442383"></testcase><testcase classname="src.pymortests.vectorarray" file="src/pymortests/vectorarray.py" line="323" name="test_scal[1-&lt;lambda&gt;7]" time="0.018070697784423828"></testcase><testcase classname="src.pymortests.vectorarray" file="src/pymortests/vectorarray.py" line="323" name="test_scal[1-&lt;lambda&gt;8]" time="0.24197125434875488"></testcase><testcase classname="src.pymortests.vectorarray" file="src/pymortests/vectorarray.py" line="323" name="test_scal[1-&lt;lambda&gt;9]" time="0.1661543846130371"></testcase><testcase classname="src.pymortests.vectorarray" file="src/pymortests/vectorarray.py" line="323" name="test_scal[1-&lt;lambda&gt;10]" time="0.03346681594848633"></testcase><testcase classname="src.pymortests.vectorarray" file="src/pymortests/vectorarray.py" line="323" name="test_scal[1-&lt;lambda&gt;11]" time="0.034581899642944336"></testcase><testcase classname="src.pymortests.vectorarray" file="src/pymortests/vectorarray.py" line="323" name="test_scal[1-&lt;lambda&gt;12]" time="0.0325779914855957"></testcase><testcase classname="src.pymortests.vectorarray" file="src/pymortests/vectorarray.py" line="323" name="test_scal[1-&lt;lambda&gt;13]" time="0.026020526885986328"></testcase><testcase classname="src.pymortests.vectorarray" file="src/pymortests/vectorarray.py" line="323" name="test_scal[1-&lt;lambda&gt;14]" time="0.03597378730773926"></testcase><testcase classname="src.pymortests.vectorarray" file="src/pymortests/vectorarray.py" line="323" name="test_scal[1-&lt;lambda&gt;15]" time="0.05059552192687988"></testcase><testcase classname="src.pymortests.vectorarray" file="src/pymortests/vectorarray.py" line="323" name="test_scal[1-&lt;lambda&gt;16]" time="0.05840325355529785"></testcase><testcase classname="src.pymortests.vectorarray" file="src/pymortests/vectorarray.py" line="323" name="test_scal[1-&lt;lambda&gt;17]" time="0.047554731369018555"></testcase><testcase classname="src.pymortests.vectorarray" file="src/pymortests/vectorarray.py" line="323" name="test_scal[1-&lt;lambda&gt;18]" time="0.047655344009399414"></testcase><testcase classname="src.pymortests.vectorarray" file="src/pymortests/vectorarray.py" line="323" name="test_scal[1-&lt;lambda&gt;19]" time="0.062155723571777344"></testcase><testcase classname="src.pymortests.vectorarray" file="src/pymortests/vectorarray.py" line="323" name="test_scal[1-&lt;lambda&gt;20]" time="0.20507287979125977"></testcase><testcase classname="src.pymortests.vectorarray" file="src/pymortests/vectorarray.py" line="323" name="test_scal[1-&lt;lambda&gt;21]" time="0.4321010112762451"></testcase><testcase classname="src.pymortests.vectorarray" file="src/pymortests/vectorarray.py" line="323" name="test_scal[1-&lt;lambda&gt;22]" time="0.016515731811523438"></testcase><testcase classname="src.pymortests.vectorarray" file="src/pymortests/vectorarray.py" line="323" name="test_scal[1-&lt;lambda&gt;23]" time="0.019814491271972656"></testcase><testcase classname="src.pymortests.vectorarray" file="src/pymortests/vectorarray.py" line="323" name="test_scal[1-&lt;lambda&gt;24]" time="0.027811288833618164"></testcase><testcase classname="src.pymortests.vectorarray" file="src/pymortests/vectorarray.py" line="323" name="test_scal[1-&lt;lambda&gt;25]" time="0.29132580757141113"></testcase><testcase classname="src.pymortests.vectorarray" file="src/pymortests/vectorarray.py" line="323" name="test_scal[1-&lt;lambda&gt;26]" time="0.6473660469055176"></testcase><testcase classname="src.pymortests.vectorarray" file="src/pymortests/vectorarray.py" line="323" name="test_scal[2-&lt;lambda&gt;0]" time="0.018748044967651367"></testcase><testcase classname="src.pymortests.vectorarray" file="src/pymortests/vectorarray.py" line="323" name="test_scal[2-&lt;lambda&gt;1]" time="0.02009105682373047"></testcase><testcase classname="src.pymortests.vectorarray" file="src/pymortests/vectorarray.py" line="323" name="test_scal[2-&lt;lambda&gt;2]" time="0.01890730857849121"></testcase><testcase classname="src.pymortests.vectorarray" file="src/pymortests/vectorarray.py" line="323" name="test_scal[2-&lt;lambda&gt;3]" time="0.022909164428710938"></testcase><testcase classname="src.pymortests.vectorarray" file="src/pymortests/vectorarray.py" line="323" name="test_scal[2-&lt;lambda&gt;4]" time="0.02302098274230957"></testcase><testcase classname="src.pymortests.vectorarray" file="src/pymortests/vectorarray.py" line="323" name="test_scal[2-&lt;lambda&gt;5]" time="0.015654563903808594"></testcase><testcase classname="src.pymortests.vectorarray" file="src/pymortests/vectorarray.py" line="323" name="test_scal[2-&lt;lambda&gt;6]" time="0.015810012817382812"></testcase><testcase classname="src.pymortests.vectorarray" file="src/pymortests/vectorarray.py" line="323" name="test_scal[2-&lt;lambda&gt;7]" time="0.018458843231201172"></testcase><testcase classname="src.pymortests.vectorarray" file="src/pymortests/vectorarray.py" line="323" name="test_scal[2-&lt;lambda&gt;8]" time="0.09265756607055664"></testcase><testcase classname="src.pymortests.vectorarray" file="src/pymortests/vectorarray.py" line="323" name="test_scal[2-&lt;lambda&gt;9]" time="0.16656494140625"></testcase><testcase classname="src.pymortests.vectorarray" file="src/pymortests/vectorarray.py" line="323" name="test_scal[2-&lt;lambda&gt;10]" time="0.03411269187927246"></testcase><testcase classname="src.pymortests.vectorarray" file="src/pymortests/vectorarray.py" line="323" name="test_scal[2-&lt;lambda&gt;11]" time="0.03500080108642578"></testcase><testcase classname="src.pymortests.vectorarray" file="src/pymortests/vectorarray.py" line="323" name="test_scal[2-&lt;lambda&gt;12]" time="0.03284788131713867"></testcase><testcase classname="src.pymortests.vectorarray" file="src/pymortests/vectorarray.py" line="323" name="test_scal[2-&lt;lambda&gt;13]" time="0.025863170623779297"></testcase><testcase classname="src.pymortests.vectorarray" file="src/pymortests/vectorarray.py" line="323" name="test_scal[2-&lt;lambda&gt;14]" time="0.034922122955322266"></testcase><testcase classname="src.pymortests.vectorarray" file="src/pymortests/vectorarray.py" line="323" name="test_scal[2-&lt;lambda&gt;15]" time="0.05069088935852051"></testcase><testcase classname="src.pymortests.vectorarray" file="src/pymortests/vectorarray.py" line="323" name="test_scal[2-&lt;lambda&gt;16]" time="0.055756568908691406"></testcase><testcase classname="src.pymortests.vectorarray" file="src/pymortests/vectorarray.py" line="323" name="test_scal[2-&lt;lambda&gt;17]" time="0.05015969276428223"></testcase><testcase classname="src.pymortests.vectorarray" file="src/pymortests/vectorarray.py" line="323" name="test_scal[2-&lt;lambda&gt;18]" time="0.04959726333618164"></testcase><testcase classname="src.pymortests.vectorarray" file="src/pymortests/vectorarray.py" line="323" name="test_scal[2-&lt;lambda&gt;19]" time="0.06293678283691406"></testcase><testcase classname="src.pymortests.vectorarray" file="src/pymortests/vectorarray.py" line="323" name="test_scal[2-&lt;lambda&gt;20]" time="0.1952807903289795"></testcase><testcase classname="src.pymortests.vectorarray" file="src/pymortests/vectorarray.py" line="323" name="test_scal[2-&lt;lambda&gt;21]" time="0.43686771392822266"></testcase><testcase classname="src.pymortests.vectorarray" file="src/pymortests/vectorarray.py" line="323" name="test_scal[2-&lt;lambda&gt;22]" time="0.01720738410949707"></testcase><testcase classname="src.pymortests.vectorarray" file="src/pymortests/vectorarray.py" line="323" name="test_scal[2-&lt;lambda&gt;23]" time="0.017278671264648438"></testcase><testcase classname="src.pymortests.vectorarray" file="src/pymortests/vectorarray.py" line="323" name="test_scal[2-&lt;lambda&gt;24]" time="0.028811931610107422"></testcase><testcase classname="src.pymortests.vectorarray" file="src/pymortests/vectorarray.py" line="323" name="test_scal[2-&lt;lambda&gt;25]" time="0.31446194648742676"></testcase><testcase classname="src.pymortests.vectorarray" file="src/pymortests/vectorarray.py" line="323" name="test_scal[2-&lt;lambda&gt;26]" time="0.6955554485321045"></testcase><testcase classname="src.pymortests.vectorarray" file="src/pymortests/vectorarray.py" line="361" name="test_axpy[compatible_vector_array_pair0-&lt;lambda&gt;0]" time="0.017415761947631836"></testcase><testcase classname="src.pymortests.vectorarray" file="src/pymortests/vectorarray.py" line="361" name="test_axpy[compatible_vector_array_pair0-&lt;lambda&gt;1]" time="0.004914283752441406"></testcase><testcase classname="src.pymortests.vectorarray" file="src/pymortests/vectorarray.py" line="361" name="test_axpy[compatible_vector_array_pair0-&lt;lambda&gt;2]" time="0.025272607803344727"></testcase><testcase classname="src.pymortests.vectorarray" file="src/pymortests/vectorarray.py" line="361" name="test_axpy[compatible_vector_array_pair0-&lt;lambda&gt;3]" time="0.02782416343688965"></testcase><testcase classname="src.pymortests.vectorarray" file="src/pymortests/vectorarray.py" line="361" name="test_axpy[compatible_vector_array_pair0-&lt;lambda&gt;4]" time="0.02905893325805664"></testcase><testcase classname="src.pymortests.vectorarray" file="src/pymortests/vectorarray.py" line="361" name="test_axpy[compatible_vector_array_pair0-&lt;lambda&gt;5]" time="0.03938579559326172"></testcase><testcase classname="src.pymortests.vectorarray" file="src/pymortests/vectorarray.py" line="361" name="test_axpy[compatible_vector_array_pair0-&lt;lambda&gt;6]" time="0.013976812362670898"></testcase><testcase classname="src.pymortests.vectorarray" file="src/pymortests/vectorarray.py" line="361" name="test_axpy[compatible_vector_array_pair0-&lt;lambda&gt;7]" time="0.0044097900390625"></testcase><testcase classname="src.pymortests.vectorarray" file="src/pymortests/vectorarray.py" line="361" name="test_axpy[compatible_vector_array_pair0-&lt;lambda&gt;8]" time="0.0635075569152832"></testcase><testcase classname="src.pymortests.vectorarray" file="src/pymortests/vectorarray.py" line="361" name="test_axpy[compatible_vector_array_pair0-&lt;lambda&gt;9]" time="0.10967278480529785"></testcase><testcase classname="src.pymortests.vectorarray" file="src/pymortests/vectorarray.py" line="361" name="test_axpy[compatible_vector_array_pair0-&lt;lambda&gt;10]" time="0.27827906608581543"></testcase><testcase classname="src.pymortests.vectorarray" file="src/pymortests/vectorarray.py" line="361" name="test_axpy[compatible_vector_array_pair0-&lt;lambda&gt;11]" time="0.046614885330200195"></testcase><testcase classname="src.pymortests.vectorarray" file="src/pymortests/vectorarray.py" line="361" name="test_axpy[compatible_vector_array_pair0-&lt;lambda&gt;12]" time="0.03320908546447754"></testcase><testcase classname="src.pymortests.vectorarray" file="src/pymortests/vectorarray.py" line="361" name="test_axpy[compatible_vector_array_pair0-&lt;lambda&gt;13]" time="0.008493900299072266"></testcase><testcase classname="src.pymortests.vectorarray" file="src/pymortests/vectorarray.py" line="361" name="test_axpy[compatible_vector_array_pair0-&lt;lambda&gt;14]" time="0.037674903869628906"></testcase><testcase classname="src.pymortests.vectorarray" file="src/pymortests/vectorarray.py" line="361" name="test_axpy[compatible_vector_array_pair0-&lt;lambda&gt;15]" time="0.06495928764343262"></testcase><testcase classname="src.pymortests.vectorarray" file="src/pymortests/vectorarray.py" line="361" name="test_axpy[compatible_vector_array_pair0-&lt;lambda&gt;16]" time="0.07084345817565918"></testcase><testcase classname="src.pymortests.vectorarray" file="src/pymortests/vectorarray.py" line="361" name="test_axpy[compatible_vector_array_pair0-&lt;lambda&gt;17]" time="0.07568645477294922"></testcase><testcase classname="src.pymortests.vectorarray" file="src/pymortests/vectorarray.py" line="361" name="test_axpy[compatible_vector_array_pair0-&lt;lambda&gt;18]" time="0.04432320594787598"></testcase><testcase classname="src.pymortests.vectorarray" file="src/pymortests/vectorarray.py" line="361" name="test_axpy[compatible_vector_array_pair0-&lt;lambda&gt;19]" time="0.00803375244140625"></testcase><testcase classname="src.pymortests.vectorarray" file="src/pymortests/vectorarray.py" line="361" name="test_axpy[compatible_vector_array_pair0-&lt;lambda&gt;20]" time="0.22719478607177734"></testcase><testcase classname="src.pymortests.vectorarray" file="src/pymortests/vectorarray.py" line="361" name="test_axpy[compatible_vector_array_pair0-&lt;lambda&gt;21]" time="0.20120620727539062"></testcase><testcase classname="src.pymortests.vectorarray" file="src/pymortests/vectorarray.py" line="361" name="test_axpy[compatible_vector_array_pair0-&lt;lambda&gt;22]" time="0.518373966217041"></testcase><testcase classname="src.pymortests.vectorarray" file="src/pymortests/vectorarray.py" line="361" name="test_axpy[compatible_vector_array_pair0-&lt;lambda&gt;23]" time="0.09610247611999512"></testcase><testcase classname="src.pymortests.vectorarray" file="src/pymortests/vectorarray.py" line="361" name="test_axpy[compatible_vector_array_pair0-&lt;lambda&gt;24]" time="0.01602315902709961"></testcase><testcase classname="src.pymortests.vectorarray" file="src/pymortests/vectorarray.py" line="361" name="test_axpy[compatible_vector_array_pair0-&lt;lambda&gt;25]" time="0.005719423294067383"></testcase><testcase classname="src.pymortests.vectorarray" file="src/pymortests/vectorarray.py" line="361" name="test_axpy[compatible_vector_array_pair0-&lt;lambda&gt;26]" time="0.2361752986907959"></testcase><testcase classname="src.pymortests.vectorarray" file="src/pymortests/vectorarray.py" line="361" name="test_axpy[compatible_vector_array_pair0-&lt;lambda&gt;27]" time="0.3979310989379883"></testcase><testcase classname="src.pymortests.vectorarray" file="src/pymortests/vectorarray.py" line="361" name="test_axpy[compatible_vector_array_pair0-&lt;lambda&gt;28]" time="1.227684497833252"><system-out> set global mesh
 set global mesh
 Update mesh topology
 Update edges 
 Update faces 
 Update clusters
</system-out></testcase><testcase classname="src.pymortests.vectorarray" file="src/pymortests/vectorarray.py" line="361" name="test_axpy[compatible_vector_array_pair0-&lt;lambda&gt;29]" time="0.10427451133728027"><system-out> set global mesh
 set global mesh
 Update mesh topology
 Update edges 
 Update faces 
 Update clusters
</system-out></testcase><testcase classname="src.pymortests.vectorarray" file="src/pymortests/vectorarray.py" line="361" name="test_axpy[compatible_vector_array_pair1-&lt;lambda&gt;0]" time="0.01730966567993164"></testcase><testcase classname="src.pymortests.vectorarray" file="src/pymortests/vectorarray.py" line="361" name="test_axpy[compatible_vector_array_pair1-&lt;lambda&gt;1]" time="0.004805326461791992"></testcase><testcase classname="src.pymortests.vectorarray" file="src/pymortests/vectorarray.py" line="361" name="test_axpy[compatible_vector_array_pair1-&lt;lambda&gt;2]" time="0.024988889694213867"></testcase><testcase classname="src.pymortests.vectorarray" file="src/pymortests/vectorarray.py" line="361" name="test_axpy[compatible_vector_array_pair1-&lt;lambda&gt;3]" time="0.028096437454223633"></testcase><testcase classname="src.pymortests.vectorarray" file="src/pymortests/vectorarray.py" line="361" name="test_axpy[compatible_vector_array_pair1-&lt;lambda&gt;4]" time="0.029018163681030273"></testcase><testcase classname="src.pymortests.vectorarray" file="src/pymortests/vectorarray.py" line="361" name="test_axpy[compatible_vector_array_pair1-&lt;lambda&gt;5]" time="0.039687395095825195"></testcase><testcase classname="src.pymortests.vectorarray" file="src/pymortests/vectorarray.py" line="361" name="test_axpy[compatible_vector_array_pair1-&lt;lambda&gt;6]" time="0.014495849609375"></testcase><testcase classname="src.pymortests.vectorarray" file="src/pymortests/vectorarray.py" line="361" name="test_axpy[compatible_vector_array_pair1-&lt;lambda&gt;7]" time="0.004410743713378906"></testcase><testcase classname="src.pymortests.vectorarray" file="src/pymortests/vectorarray.py" line="361" name="test_axpy[compatible_vector_array_pair1-&lt;lambda&gt;8]" time="0.06352496147155762"></testcase><testcase classname="src.pymortests.vectorarray" file="src/pymortests/vectorarray.py" line="361" name="test_axpy[compatible_vector_array_pair1-&lt;lambda&gt;9]" time="0.1117391586303711"></testcase><testcase classname="src.pymortests.vectorarray" file="src/pymortests/vectorarray.py" line="361" name="test_axpy[compatible_vector_array_pair1-&lt;lambda&gt;10]" time="0.2772395610809326"></testcase><testcase classname="src.pymortests.vectorarray" file="src/pymortests/vectorarray.py" line="361" name="test_axpy[compatible_vector_array_pair1-&lt;lambda&gt;11]" time="0.04667329788208008"></testcase><testcase classname="src.pymortests.vectorarray" file="src/pymortests/vectorarray.py" line="361" name="test_axpy[compatible_vector_array_pair1-&lt;lambda&gt;12]" time="0.03263688087463379"></testcase><testcase classname="src.pymortests.vectorarray" file="src/pymortests/vectorarray.py" line="361" name="test_axpy[compatible_vector_array_pair1-&lt;lambda&gt;13]" time="0.008369207382202148"></testcase><testcase classname="src.pymortests.vectorarray" file="src/pymortests/vectorarray.py" line="361" name="test_axpy[compatible_vector_array_pair1-&lt;lambda&gt;14]" time="0.03687262535095215"></testcase><testcase classname="src.pymortests.vectorarray" file="src/pymortests/vectorarray.py" line="361" name="test_axpy[compatible_vector_array_pair1-&lt;lambda&gt;15]" time="0.06524372100830078"></testcase><testcase classname="src.pymortests.vectorarray" file="src/pymortests/vectorarray.py" line="361" name="test_axpy[compatible_vector_array_pair1-&lt;lambda&gt;16]" time="0.07197904586791992"></testcase><testcase classname="src.pymortests.vectorarray" file="src/pymortests/vectorarray.py" line="361" name="test_axpy[compatible_vector_array_pair1-&lt;lambda&gt;17]" time="0.07555866241455078"></testcase><testcase classname="src.pymortests.vectorarray" file="src/pymortests/vectorarray.py" line="361" name="test_axpy[compatible_vector_array_pair1-&lt;lambda&gt;18]" time="0.0440828800201416"></testcase><testcase classname="src.pymortests.vectorarray" file="src/pymortests/vectorarray.py" line="361" name="test_axpy[compatible_vector_array_pair1-&lt;lambda&gt;19]" time="0.00799107551574707"></testcase><testcase classname="src.pymortests.vectorarray" file="src/pymortests/vectorarray.py" line="361" name="test_axpy[compatible_vector_array_pair1-&lt;lambda&gt;20]" time="0.23439979553222656"></testcase><testcase classname="src.pymortests.vectorarray" file="src/pymortests/vectorarray.py" line="361" name="test_axpy[compatible_vector_array_pair1-&lt;lambda&gt;21]" time="0.20090842247009277"></testcase><testcase classname="src.pymortests.vectorarray" file="src/pymortests/vectorarray.py" line="361" name="test_axpy[compatible_vector_array_pair1-&lt;lambda&gt;22]" time="0.5140790939331055"></testcase><testcase classname="src.pymortests.vectorarray" file="src/pymortests/vectorarray.py" line="361" name="test_axpy[compatible_vector_array_pair1-&lt;lambda&gt;23]" time="0.09415888786315918"></testcase><testcase classname="src.pymortests.vectorarray" file="src/pymortests/vectorarray.py" line="361" name="test_axpy[compatible_vector_array_pair1-&lt;lambda&gt;24]" time="0.01578545570373535"></testcase><testcase classname="src.pymortests.vectorarray" file="src/pymortests/vectorarray.py" line="361" name="test_axpy[compatible_vector_array_pair1-&lt;lambda&gt;25]" time="0.0057010650634765625"></testcase><testcase classname="src.pymortests.vectorarray" file="src/pymortests/vectorarray.py" line="361" name="test_axpy[compatible_vector_array_pair1-&lt;lambda&gt;26]" time="0.25527524948120117"></testcase><testcase classname="src.pymortests.vectorarray" file="src/pymortests/vectorarray.py" line="361" name="test_axpy[compatible_vector_array_pair1-&lt;lambda&gt;27]" time="0.4368889331817627"></testcase><testcase classname="src.pymortests.vectorarray" file="src/pymortests/vectorarray.py" line="361" name="test_axpy[compatible_vector_array_pair1-&lt;lambda&gt;28]" time="1.3458993434906006"></testcase><testcase classname="src.pymortests.vectorarray" file="src/pymortests/vectorarray.py" line="361" name="test_axpy[compatible_vector_array_pair1-&lt;lambda&gt;29]" time="0.11004257202148438"></testcase><testcase classname="src.pymortests.vectorarray" file="src/pymortests/vectorarray.py" line="361" name="test_axpy[compatible_vector_array_pair2-&lt;lambda&gt;0]" time="0.017510414123535156"></testcase><testcase classname="src.pymortests.vectorarray" file="src/pymortests/vectorarray.py" line="361" name="test_axpy[compatible_vector_array_pair2-&lt;lambda&gt;1]" time="0.004950761795043945"></testcase><testcase classname="src.pymortests.vectorarray" file="src/pymortests/vectorarray.py" line="361" name="test_axpy[compatible_vector_array_pair2-&lt;lambda&gt;2]" time="0.025031328201293945"></testcase><testcase classname="src.pymortests.vectorarray" file="src/pymortests/vectorarray.py" line="361" name="test_axpy[compatible_vector_array_pair2-&lt;lambda&gt;3]" time="0.027550697326660156"></testcase><testcase classname="src.pymortests.vectorarray" file="src/pymortests/vectorarray.py" line="361" name="test_axpy[compatible_vector_array_pair2-&lt;lambda&gt;4]" time="0.028729915618896484"></testcase><testcase classname="src.pymortests.vectorarray" file="src/pymortests/vectorarray.py" line="361" name="test_axpy[compatible_vector_array_pair2-&lt;lambda&gt;5]" time="0.0395045280456543"></testcase><testcase classname="src.pymortests.vectorarray" file="src/pymortests/vectorarray.py" line="361" name="test_axpy[compatible_vector_array_pair2-&lt;lambda&gt;6]" time="0.013988256454467773"></testcase><testcase classname="src.pymortests.vectorarray" file="src/pymortests/vectorarray.py" line="361" name="test_axpy[compatible_vector_array_pair2-&lt;lambda&gt;7]" time="0.004421234130859375"></testcase><testcase classname="src.pymortests.vectorarray" file="src/pymortests/vectorarray.py" line="361" name="test_axpy[compatible_vector_array_pair2-&lt;lambda&gt;8]" time="0.06375336647033691"></testcase><testcase classname="src.pymortests.vectorarray" file="src/pymortests/vectorarray.py" line="361" name="test_axpy[compatible_vector_array_pair2-&lt;lambda&gt;9]" time="0.1094510555267334"></testcase><testcase classname="src.pymortests.vectorarray" file="src/pymortests/vectorarray.py" line="361" name="test_axpy[compatible_vector_array_pair2-&lt;lambda&gt;10]" time="0.27563023567199707"></testcase><testcase classname="src.pymortests.vectorarray" file="src/pymortests/vectorarray.py" line="361" name="test_axpy[compatible_vector_array_pair2-&lt;lambda&gt;11]" time="0.04562878608703613"></testcase><testcase classname="src.pymortests.vectorarray" file="src/pymortests/vectorarray.py" line="361" name="test_axpy[compatible_vector_array_pair2-&lt;lambda&gt;12]" time="0.03209114074707031"></testcase><testcase classname="src.pymortests.vectorarray" file="src/pymortests/vectorarray.py" line="361" name="test_axpy[compatible_vector_array_pair2-&lt;lambda&gt;13]" time="0.008343696594238281"></testcase><testcase classname="src.pymortests.vectorarray" file="src/pymortests/vectorarray.py" line="361" name="test_axpy[compatible_vector_array_pair2-&lt;lambda&gt;14]" time="0.03693389892578125"></testcase><testcase classname="src.pymortests.vectorarray" file="src/pymortests/vectorarray.py" line="361" name="test_axpy[compatible_vector_array_pair2-&lt;lambda&gt;15]" time="0.06491613388061523"></testcase><testcase classname="src.pymortests.vectorarray" file="src/pymortests/vectorarray.py" line="361" name="test_axpy[compatible_vector_array_pair2-&lt;lambda&gt;16]" time="0.07047271728515625"></testcase><testcase classname="src.pymortests.vectorarray" file="src/pymortests/vectorarray.py" line="361" name="test_axpy[compatible_vector_array_pair2-&lt;lambda&gt;17]" time="0.0755147933959961"></testcase><testcase classname="src.pymortests.vectorarray" file="src/pymortests/vectorarray.py" line="361" name="test_axpy[compatible_vector_array_pair2-&lt;lambda&gt;18]" time="0.04470062255859375"></testcase><testcase classname="src.pymortests.vectorarray" file="src/pymortests/vectorarray.py" line="361" name="test_axpy[compatible_vector_array_pair2-&lt;lambda&gt;19]" time="0.008031368255615234"></testcase><testcase classname="src.pymortests.vectorarray" file="src/pymortests/vectorarray.py" line="361" name="test_axpy[compatible_vector_array_pair2-&lt;lambda&gt;20]" time="0.23514294624328613"></testcase><testcase classname="src.pymortests.vectorarray" file="src/pymortests/vectorarray.py" line="361" name="test_axpy[compatible_vector_array_pair2-&lt;lambda&gt;21]" time="0.20160746574401855"></testcase><testcase classname="src.pymortests.vectorarray" file="src/pymortests/vectorarray.py" line="361" name="test_axpy[compatible_vector_array_pair2-&lt;lambda&gt;22]" time="0.5029585361480713"></testcase><testcase classname="src.pymortests.vectorarray" file="src/pymortests/vectorarray.py" line="361" name="test_axpy[compatible_vector_array_pair2-&lt;lambda&gt;23]" time="0.09835147857666016"></testcase><testcase classname="src.pymortests.vectorarray" file="src/pymortests/vectorarray.py" line="361" name="test_axpy[compatible_vector_array_pair2-&lt;lambda&gt;24]" time="0.015596866607666016"></testcase><testcase classname="src.pymortests.vectorarray" file="src/pymortests/vectorarray.py" line="361" name="test_axpy[compatible_vector_array_pair2-&lt;lambda&gt;25]" time="0.005865335464477539"></testcase><testcase classname="src.pymortests.vectorarray" file="src/pymortests/vectorarray.py" line="361" name="test_axpy[compatible_vector_array_pair2-&lt;lambda&gt;26]" time="0.28537487983703613"></testcase><testcase classname="src.pymortests.vectorarray" file="src/pymortests/vectorarray.py" line="361" name="test_axpy[compatible_vector_array_pair2-&lt;lambda&gt;27]" time="0.4774949550628662"></testcase><testcase classname="src.pymortests.vectorarray" file="src/pymortests/vectorarray.py" line="361" name="test_axpy[compatible_vector_array_pair2-&lt;lambda&gt;28]" time="1.4892635345458984"></testcase><testcase classname="src.pymortests.vectorarray" file="src/pymortests/vectorarray.py" line="361" name="test_axpy[compatible_vector_array_pair2-&lt;lambda&gt;29]" time="0.1183626651763916"></testcase><testcase classname="src.pymortests.vectorarray" file="src/pymortests/vectorarray.py" line="361" name="test_axpy[compatible_vector_array_pair3-&lt;lambda&gt;0]" time="0.01757955551147461"></testcase><testcase classname="src.pymortests.vectorarray" file="src/pymortests/vectorarray.py" line="361" name="test_axpy[compatible_vector_array_pair3-&lt;lambda&gt;1]" time="0.004795074462890625"></testcase><testcase classname="src.pymortests.vectorarray" file="src/pymortests/vectorarray.py" line="361" name="test_axpy[compatible_vector_array_pair3-&lt;lambda&gt;2]" time="0.024812698364257812"></testcase><testcase classname="src.pymortests.vectorarray" file="src/pymortests/vectorarray.py" line="361" name="test_axpy[compatible_vector_array_pair3-&lt;lambda&gt;3]" time="0.027782917022705078"></testcase><testcase classname="src.pymortests.vectorarray" file="src/pymortests/vectorarray.py" line="361" name="test_axpy[compatible_vector_array_pair3-&lt;lambda&gt;4]" time="0.028744220733642578"></testcase><testcase classname="src.pymortests.vectorarray" file="src/pymortests/vectorarray.py" line="361" name="test_axpy[compatible_vector_array_pair3-&lt;lambda&gt;5]" time="0.03927445411682129"></testcase><testcase classname="src.pymortests.vectorarray" file="src/pymortests/vectorarray.py" line="361" name="test_axpy[compatible_vector_array_pair3-&lt;lambda&gt;6]" time="0.014207839965820312"></testcase><testcase classname="src.pymortests.vectorarray" file="src/pymortests/vectorarray.py" line="361" name="test_axpy[compatible_vector_array_pair3-&lt;lambda&gt;7]" time="0.004450082778930664"></testcase><testcase classname="src.pymortests.vectorarray" file="src/pymortests/vectorarray.py" line="361" name="test_axpy[compatible_vector_array_pair3-&lt;lambda&gt;8]" time="0.0632321834564209"></testcase><testcase classname="src.pymortests.vectorarray" file="src/pymortests/vectorarray.py" line="361" name="test_axpy[compatible_vector_array_pair3-&lt;lambda&gt;9]" time="0.11009335517883301"></testcase><testcase classname="src.pymortests.vectorarray" file="src/pymortests/vectorarray.py" line="361" name="test_axpy[compatible_vector_array_pair3-&lt;lambda&gt;10]" time="0.2769639492034912"></testcase><testcase classname="src.pymortests.vectorarray" file="src/pymortests/vectorarray.py" line="361" name="test_axpy[compatible_vector_array_pair3-&lt;lambda&gt;11]" time="0.04665851593017578"></testcase><testcase classname="src.pymortests.vectorarray" file="src/pymortests/vectorarray.py" line="361" name="test_axpy[compatible_vector_array_pair3-&lt;lambda&gt;12]" time="0.032378435134887695"></testcase><testcase classname="src.pymortests.vectorarray" file="src/pymortests/vectorarray.py" line="361" name="test_axpy[compatible_vector_array_pair3-&lt;lambda&gt;13]" time="0.008484601974487305"></testcase><testcase classname="src.pymortests.vectorarray" file="src/pymortests/vectorarray.py" line="361" name="test_axpy[compatible_vector_array_pair3-&lt;lambda&gt;14]" time="0.03960013389587402"></testcase><testcase classname="src.pymortests.vectorarray" file="src/pymortests/vectorarray.py" line="361" name="test_axpy[compatible_vector_array_pair3-&lt;lambda&gt;15]" time="0.0648643970489502"></testcase><testcase classname="src.pymortests.vectorarray" file="src/pymortests/vectorarray.py" line="361" name="test_axpy[compatible_vector_array_pair3-&lt;lambda&gt;16]" time="0.07054758071899414"></testcase><testcase classname="src.pymortests.vectorarray" file="src/pymortests/vectorarray.py" line="361" name="test_axpy[compatible_vector_array_pair3-&lt;lambda&gt;17]" time="0.07501363754272461"></testcase><testcase classname="src.pymortests.vectorarray" file="src/pymortests/vectorarray.py" line="361" name="test_axpy[compatible_vector_array_pair3-&lt;lambda&gt;18]" time="0.0443572998046875"></testcase><testcase classname="src.pymortests.vectorarray" file="src/pymortests/vectorarray.py" line="361" name="test_axpy[compatible_vector_array_pair3-&lt;lambda&gt;19]" time="0.007960081100463867"></testcase><testcase classname="src.pymortests.vectorarray" file="src/pymortests/vectorarray.py" line="361" name="test_axpy[compatible_vector_array_pair3-&lt;lambda&gt;20]" time="0.23405838012695312"></testcase><testcase classname="src.pymortests.vectorarray" file="src/pymortests/vectorarray.py" line="361" name="test_axpy[compatible_vector_array_pair3-&lt;lambda&gt;21]" time="0.19966959953308105"></testcase><testcase classname="src.pymortests.vectorarray" file="src/pymortests/vectorarray.py" line="361" name="test_axpy[compatible_vector_array_pair3-&lt;lambda&gt;22]" time="0.507706880569458"></testcase><testcase classname="src.pymortests.vectorarray" file="src/pymortests/vectorarray.py" line="361" name="test_axpy[compatible_vector_array_pair3-&lt;lambda&gt;23]" time="0.0954439640045166"></testcase><testcase classname="src.pymortests.vectorarray" file="src/pymortests/vectorarray.py" line="361" name="test_axpy[compatible_vector_array_pair3-&lt;lambda&gt;24]" time="0.01560831069946289"></testcase><testcase classname="src.pymortests.vectorarray" file="src/pymortests/vectorarray.py" line="361" name="test_axpy[compatible_vector_array_pair3-&lt;lambda&gt;25]" time="0.005899906158447266"></testcase><testcase classname="src.pymortests.vectorarray" file="src/pymortests/vectorarray.py" line="361" name="test_axpy[compatible_vector_array_pair3-&lt;lambda&gt;26]" time="0.31412339210510254"></testcase><testcase classname="src.pymortests.vectorarray" file="src/pymortests/vectorarray.py" line="361" name="test_axpy[compatible_vector_array_pair3-&lt;lambda&gt;27]" time="0.5291104316711426"></testcase><testcase classname="src.pymortests.vectorarray" file="src/pymortests/vectorarray.py" line="361" name="test_axpy[compatible_vector_array_pair3-&lt;lambda&gt;28]" time="1.6393773555755615"></testcase><testcase classname="src.pymortests.vectorarray" file="src/pymortests/vectorarray.py" line="361" name="test_axpy[compatible_vector_array_pair3-&lt;lambda&gt;29]" time="0.12464165687561035"></testcase><testcase classname="src.pymortests.vectorarray" file="src/pymortests/vectorarray.py" line="361" name="test_axpy[compatible_vector_array_pair4-&lt;lambda&gt;0]" time="0.019755125045776367"></testcase><testcase classname="src.pymortests.vectorarray" file="src/pymortests/vectorarray.py" line="361" name="test_axpy[compatible_vector_array_pair4-&lt;lambda&gt;1]" time="0.004799365997314453"></testcase><testcase classname="src.pymortests.vectorarray" file="src/pymortests/vectorarray.py" line="361" name="test_axpy[compatible_vector_array_pair4-&lt;lambda&gt;2]" time="0.0261080265045166"></testcase><testcase classname="src.pymortests.vectorarray" file="src/pymortests/vectorarray.py" line="361" name="test_axpy[compatible_vector_array_pair4-&lt;lambda&gt;3]" time="0.027976036071777344"></testcase><testcase classname="src.pymortests.vectorarray" file="src/pymortests/vectorarray.py" line="361" name="test_axpy[compatible_vector_array_pair4-&lt;lambda&gt;4]" time="0.029022932052612305"></testcase><testcase classname="src.pymortests.vectorarray" file="src/pymortests/vectorarray.py" line="361" name="test_axpy[compatible_vector_array_pair4-&lt;lambda&gt;5]" time="0.03994131088256836"></testcase><testcase classname="src.pymortests.vectorarray" file="src/pymortests/vectorarray.py" line="361" name="test_axpy[compatible_vector_array_pair4-&lt;lambda&gt;6]" time="0.014479875564575195"></testcase><testcase classname="src.pymortests.vectorarray" file="src/pymortests/vectorarray.py" line="361" name="test_axpy[compatible_vector_array_pair4-&lt;lambda&gt;7]" time="0.004418849945068359"></testcase><testcase classname="src.pymortests.vectorarray" file="src/pymortests/vectorarray.py" line="361" name="test_axpy[compatible_vector_array_pair4-&lt;lambda&gt;8]" time="0.06469130516052246"></testcase><testcase classname="src.pymortests.vectorarray" file="src/pymortests/vectorarray.py" line="361" name="test_axpy[compatible_vector_array_pair4-&lt;lambda&gt;9]" time="0.11172747611999512"></testcase><testcase classname="src.pymortests.vectorarray" file="src/pymortests/vectorarray.py" line="361" name="test_axpy[compatible_vector_array_pair4-&lt;lambda&gt;10]" time="0.2768361568450928"></testcase><testcase classname="src.pymortests.vectorarray" file="src/pymortests/vectorarray.py" line="361" name="test_axpy[compatible_vector_array_pair4-&lt;lambda&gt;11]" time="0.04589200019836426"></testcase><testcase classname="src.pymortests.vectorarray" file="src/pymortests/vectorarray.py" line="361" name="test_axpy[compatible_vector_array_pair4-&lt;lambda&gt;12]" time="0.03255772590637207"></testcase><testcase classname="src.pymortests.vectorarray" file="src/pymortests/vectorarray.py" line="361" name="test_axpy[compatible_vector_array_pair4-&lt;lambda&gt;13]" time="0.008585691452026367"></testcase><testcase classname="src.pymortests.vectorarray" file="src/pymortests/vectorarray.py" line="361" name="test_axpy[compatible_vector_array_pair4-&lt;lambda&gt;14]" time="0.03832435607910156"></testcase><testcase classname="src.pymortests.vectorarray" file="src/pymortests/vectorarray.py" line="361" name="test_axpy[compatible_vector_array_pair4-&lt;lambda&gt;15]" time="0.0650336742401123"></testcase><testcase classname="src.pymortests.vectorarray" file="src/pymortests/vectorarray.py" line="361" name="test_axpy[compatible_vector_array_pair4-&lt;lambda&gt;16]" time="0.07356381416320801"></testcase><testcase classname="src.pymortests.vectorarray" file="src/pymortests/vectorarray.py" line="361" name="test_axpy[compatible_vector_array_pair4-&lt;lambda&gt;17]" time="0.07521367073059082"></testcase><testcase classname="src.pymortests.vectorarray" file="src/pymortests/vectorarray.py" line="361" name="test_axpy[compatible_vector_array_pair4-&lt;lambda&gt;18]" time="0.04467296600341797"></testcase><testcase classname="src.pymortests.vectorarray" file="src/pymortests/vectorarray.py" line="361" name="test_axpy[compatible_vector_array_pair4-&lt;lambda&gt;19]" time="0.007999181747436523"></testcase><testcase classname="src.pymortests.vectorarray" file="src/pymortests/vectorarray.py" line="361" name="test_axpy[compatible_vector_array_pair4-&lt;lambda&gt;20]" time="0.23168420791625977"></testcase><testcase classname="src.pymortests.vectorarray" file="src/pymortests/vectorarray.py" line="361" name="test_axpy[compatible_vector_array_pair4-&lt;lambda&gt;21]" time="0.2058277130126953"></testcase><testcase classname="src.pymortests.vectorarray" file="src/pymortests/vectorarray.py" line="361" name="test_axpy[compatible_vector_array_pair4-&lt;lambda&gt;22]" time="0.5142273902893066"></testcase><testcase classname="src.pymortests.vectorarray" file="src/pymortests/vectorarray.py" line="361" name="test_axpy[compatible_vector_array_pair4-&lt;lambda&gt;23]" time="0.09910917282104492"></testcase><testcase classname="src.pymortests.vectorarray" file="src/pymortests/vectorarray.py" line="361" name="test_axpy[compatible_vector_array_pair4-&lt;lambda&gt;24]" time="0.01587677001953125"></testcase><testcase classname="src.pymortests.vectorarray" file="src/pymortests/vectorarray.py" line="361" name="test_axpy[compatible_vector_array_pair4-&lt;lambda&gt;25]" time="0.0062503814697265625"></testcase><testcase classname="src.pymortests.vectorarray" file="src/pymortests/vectorarray.py" line="361" name="test_axpy[compatible_vector_array_pair4-&lt;lambda&gt;26]" time="0.34531354904174805"></testcase><testcase classname="src.pymortests.vectorarray" file="src/pymortests/vectorarray.py" line="361" name="test_axpy[compatible_vector_array_pair4-&lt;lambda&gt;27]" time="0.5871620178222656"></testcase><testcase classname="src.pymortests.vectorarray" file="src/pymortests/vectorarray.py" line="361" name="test_axpy[compatible_vector_array_pair4-&lt;lambda&gt;28]" time="1.8156349658966064"></testcase><testcase classname="src.pymortests.vectorarray" file="src/pymortests/vectorarray.py" line="361" name="test_axpy[compatible_vector_array_pair4-&lt;lambda&gt;29]" time="0.13319659233093262"></testcase><testcase classname="src.pymortests.vectorarray" file="src/pymortests/vectorarray.py" line="361" name="test_axpy[compatible_vector_array_pair5-&lt;lambda&gt;0]" time="0.017694711685180664"></testcase><testcase classname="src.pymortests.vectorarray" file="src/pymortests/vectorarray.py" line="361" name="test_axpy[compatible_vector_array_pair5-&lt;lambda&gt;1]" time="0.004885673522949219"></testcase><testcase classname="src.pymortests.vectorarray" file="src/pymortests/vectorarray.py" line="361" name="test_axpy[compatible_vector_array_pair5-&lt;lambda&gt;2]" time="0.025182723999023438"></testcase><testcase classname="src.pymortests.vectorarray" file="src/pymortests/vectorarray.py" line="361" name="test_axpy[compatible_vector_array_pair5-&lt;lambda&gt;3]" time="0.02829432487487793"></testcase><testcase classname="src.pymortests.vectorarray" file="src/pymortests/vectorarray.py" line="361" name="test_axpy[compatible_vector_array_pair5-&lt;lambda&gt;4]" time="0.029152393341064453"></testcase><testcase classname="src.pymortests.vectorarray" file="src/pymortests/vectorarray.py" line="361" name="test_axpy[compatible_vector_array_pair5-&lt;lambda&gt;5]" time="0.04001259803771973"></testcase><testcase classname="src.pymortests.vectorarray" file="src/pymortests/vectorarray.py" line="361" name="test_axpy[compatible_vector_array_pair5-&lt;lambda&gt;6]" time="0.014190435409545898"></testcase><testcase classname="src.pymortests.vectorarray" file="src/pymortests/vectorarray.py" line="361" name="test_axpy[compatible_vector_array_pair5-&lt;lambda&gt;7]" time="0.0046253204345703125"></testcase><testcase classname="src.pymortests.vectorarray" file="src/pymortests/vectorarray.py" line="361" name="test_axpy[compatible_vector_array_pair5-&lt;lambda&gt;8]" time="0.06458902359008789"></testcase><testcase classname="src.pymortests.vectorarray" file="src/pymortests/vectorarray.py" line="361" name="test_axpy[compatible_vector_array_pair5-&lt;lambda&gt;9]" time="0.11124420166015625"></testcase><testcase classname="src.pymortests.vectorarray" file="src/pymortests/vectorarray.py" line="361" name="test_axpy[compatible_vector_array_pair5-&lt;lambda&gt;10]" time="0.2769186496734619"></testcase><testcase classname="src.pymortests.vectorarray" file="src/pymortests/vectorarray.py" line="361" name="test_axpy[compatible_vector_array_pair5-&lt;lambda&gt;11]" time="0.046758413314819336"></testcase><testcase classname="src.pymortests.vectorarray" file="src/pymortests/vectorarray.py" line="361" name="test_axpy[compatible_vector_array_pair5-&lt;lambda&gt;12]" time="0.032579660415649414"></testcase><testcase classname="src.pymortests.vectorarray" file="src/pymortests/vectorarray.py" line="361" name="test_axpy[compatible_vector_array_pair5-&lt;lambda&gt;13]" time="0.008510828018188477"></testcase><testcase classname="src.pymortests.vectorarray" file="src/pymortests/vectorarray.py" line="361" name="test_axpy[compatible_vector_array_pair5-&lt;lambda&gt;14]" time="0.0372624397277832"></testcase><testcase classname="src.pymortests.vectorarray" file="src/pymortests/vectorarray.py" line="361" name="test_axpy[compatible_vector_array_pair5-&lt;lambda&gt;15]" time="0.06526970863342285"></testcase><testcase classname="src.pymortests.vectorarray" file="src/pymortests/vectorarray.py" line="361" name="test_axpy[compatible_vector_array_pair5-&lt;lambda&gt;16]" time="0.07075142860412598"></testcase><testcase classname="src.pymortests.vectorarray" file="src/pymortests/vectorarray.py" line="361" name="test_axpy[compatible_vector_array_pair5-&lt;lambda&gt;17]" time="0.0746769905090332"></testcase><testcase classname="src.pymortests.vectorarray" file="src/pymortests/vectorarray.py" line="361" name="test_axpy[compatible_vector_array_pair5-&lt;lambda&gt;18]" time="0.04733729362487793"></testcase><testcase classname="src.pymortests.vectorarray" file="src/pymortests/vectorarray.py" line="361" name="test_axpy[compatible_vector_array_pair5-&lt;lambda&gt;19]" time="0.00810384750366211"></testcase><testcase classname="src.pymortests.vectorarray" file="src/pymortests/vectorarray.py" line="361" name="test_axpy[compatible_vector_array_pair5-&lt;lambda&gt;20]" time="0.23657560348510742"></testcase><testcase classname="src.pymortests.vectorarray" file="src/pymortests/vectorarray.py" line="361" name="test_axpy[compatible_vector_array_pair5-&lt;lambda&gt;21]" time="0.20659995079040527"></testcase><testcase classname="src.pymortests.vectorarray" file="src/pymortests/vectorarray.py" line="361" name="test_axpy[compatible_vector_array_pair5-&lt;lambda&gt;22]" time="0.5163834095001221"></testcase><testcase classname="src.pymortests.vectorarray" file="src/pymortests/vectorarray.py" line="361" name="test_axpy[compatible_vector_array_pair5-&lt;lambda&gt;23]" time="0.09643673896789551"></testcase><testcase classname="src.pymortests.vectorarray" file="src/pymortests/vectorarray.py" line="361" name="test_axpy[compatible_vector_array_pair5-&lt;lambda&gt;24]" time="0.015711307525634766"></testcase><testcase classname="src.pymortests.vectorarray" file="src/pymortests/vectorarray.py" line="361" name="test_axpy[compatible_vector_array_pair5-&lt;lambda&gt;25]" time="0.006253480911254883"></testcase><testcase classname="src.pymortests.vectorarray" file="src/pymortests/vectorarray.py" line="361" name="test_axpy[compatible_vector_array_pair5-&lt;lambda&gt;26]" time="0.38183069229125977"></testcase><testcase classname="src.pymortests.vectorarray" file="src/pymortests/vectorarray.py" line="361" name="test_axpy[compatible_vector_array_pair5-&lt;lambda&gt;27]" time="0.6398892402648926"></testcase><testcase classname="src.pymortests.vectorarray" file="src/pymortests/vectorarray.py" line="361" name="test_axpy[compatible_vector_array_pair5-&lt;lambda&gt;28]" time="1.9925932884216309"></testcase><testcase classname="src.pymortests.vectorarray" file="src/pymortests/vectorarray.py" line="361" name="test_axpy[compatible_vector_array_pair5-&lt;lambda&gt;29]" time="0.13971638679504395"></testcase><testcase classname="src.pymortests.vectorarray" file="src/pymortests/vectorarray.py" line="361" name="test_axpy[compatible_vector_array_pair6-&lt;lambda&gt;0]" time="0.01765894889831543"></testcase><testcase classname="src.pymortests.vectorarray" file="src/pymortests/vectorarray.py" line="361" name="test_axpy[compatible_vector_array_pair6-&lt;lambda&gt;1]" time="0.004849433898925781"></testcase><testcase classname="src.pymortests.vectorarray" file="src/pymortests/vectorarray.py" line="361" name="test_axpy[compatible_vector_array_pair6-&lt;lambda&gt;2]" time="0.02530980110168457"></testcase><testcase classname="src.pymortests.vectorarray" file="src/pymortests/vectorarray.py" line="361" name="test_axpy[compatible_vector_array_pair6-&lt;lambda&gt;3]" time="0.027944326400756836"></testcase><testcase classname="src.pymortests.vectorarray" file="src/pymortests/vectorarray.py" line="361" name="test_axpy[compatible_vector_array_pair6-&lt;lambda&gt;4]" time="0.029242277145385742"></testcase><testcase classname="src.pymortests.vectorarray" file="src/pymortests/vectorarray.py" line="361" name="test_axpy[compatible_vector_array_pair6-&lt;lambda&gt;5]" time="0.03988504409790039"></testcase><testcase classname="src.pymortests.vectorarray" file="src/pymortests/vectorarray.py" line="361" name="test_axpy[compatible_vector_array_pair6-&lt;lambda&gt;6]" time="0.014544248580932617"></testcase><testcase classname="src.pymortests.vectorarray" file="src/pymortests/vectorarray.py" line="361" name="test_axpy[compatible_vector_array_pair6-&lt;lambda&gt;7]" time="0.004473209381103516"></testcase><testcase classname="src.pymortests.vectorarray" file="src/pymortests/vectorarray.py" line="361" name="test_axpy[compatible_vector_array_pair6-&lt;lambda&gt;8]" time="0.06349658966064453"></testcase><testcase classname="src.pymortests.vectorarray" file="src/pymortests/vectorarray.py" line="361" name="test_axpy[compatible_vector_array_pair6-&lt;lambda&gt;9]" time="0.11023259162902832"></testcase><testcase classname="src.pymortests.vectorarray" file="src/pymortests/vectorarray.py" line="361" name="test_axpy[compatible_vector_array_pair6-&lt;lambda&gt;10]" time="0.27662205696105957"></testcase><testcase classname="src.pymortests.vectorarray" file="src/pymortests/vectorarray.py" line="361" name="test_axpy[compatible_vector_array_pair6-&lt;lambda&gt;11]" time="0.0468134880065918"></testcase><testcase classname="src.pymortests.vectorarray" file="src/pymortests/vectorarray.py" line="361" name="test_axpy[compatible_vector_array_pair6-&lt;lambda&gt;12]" time="0.03253769874572754"></testcase><testcase classname="src.pymortests.vectorarray" file="src/pymortests/vectorarray.py" line="361" name="test_axpy[compatible_vector_array_pair6-&lt;lambda&gt;13]" time="0.00840306282043457"></testcase><testcase classname="src.pymortests.vectorarray" file="src/pymortests/vectorarray.py" line="361" name="test_axpy[compatible_vector_array_pair6-&lt;lambda&gt;14]" time="0.037069082260131836"></testcase><testcase classname="src.pymortests.vectorarray" file="src/pymortests/vectorarray.py" line="361" name="test_axpy[compatible_vector_array_pair6-&lt;lambda&gt;15]" time="0.06572079658508301"></testcase><testcase classname="src.pymortests.vectorarray" file="src/pymortests/vectorarray.py" line="361" name="test_axpy[compatible_vector_array_pair6-&lt;lambda&gt;16]" time="0.07117080688476562"></testcase><testcase classname="src.pymortests.vectorarray" file="src/pymortests/vectorarray.py" line="361" name="test_axpy[compatible_vector_array_pair6-&lt;lambda&gt;17]" time="0.07470488548278809"></testcase><testcase classname="src.pymortests.vectorarray" file="src/pymortests/vectorarray.py" line="361" name="test_axpy[compatible_vector_array_pair6-&lt;lambda&gt;18]" time="0.04421830177307129"></testcase><testcase classname="src.pymortests.vectorarray" file="src/pymortests/vectorarray.py" line="361" name="test_axpy[compatible_vector_array_pair6-&lt;lambda&gt;19]" time="0.00797128677368164"></testcase><testcase classname="src.pymortests.vectorarray" file="src/pymortests/vectorarray.py" line="361" name="test_axpy[compatible_vector_array_pair6-&lt;lambda&gt;20]" time="0.2290661334991455"></testcase><testcase classname="src.pymortests.vectorarray" file="src/pymortests/vectorarray.py" line="361" name="test_axpy[compatible_vector_array_pair6-&lt;lambda&gt;21]" time="0.19792437553405762"></testcase><testcase classname="src.pymortests.vectorarray" file="src/pymortests/vectorarray.py" line="361" name="test_axpy[compatible_vector_array_pair6-&lt;lambda&gt;22]" time="0.5069122314453125"></testcase><testcase classname="src.pymortests.vectorarray" file="src/pymortests/vectorarray.py" line="361" name="test_axpy[compatible_vector_array_pair6-&lt;lambda&gt;23]" time="0.0964972972869873"></testcase><testcase classname="src.pymortests.vectorarray" file="src/pymortests/vectorarray.py" line="361" name="test_axpy[compatible_vector_array_pair6-&lt;lambda&gt;24]" time="0.015871286392211914"></testcase><testcase classname="src.pymortests.vectorarray" file="src/pymortests/vectorarray.py" line="361" name="test_axpy[compatible_vector_array_pair6-&lt;lambda&gt;25]" time="0.0064122676849365234"></testcase><testcase classname="src.pymortests.vectorarray" file="src/pymortests/vectorarray.py" line="361" name="test_axpy[compatible_vector_array_pair6-&lt;lambda&gt;26]" time="0.41721081733703613"></testcase><testcase classname="src.pymortests.vectorarray" file="src/pymortests/vectorarray.py" line="361" name="test_axpy[compatible_vector_array_pair6-&lt;lambda&gt;27]" time="0.6902093887329102"></testcase><testcase classname="src.pymortests.vectorarray" file="src/pymortests/vectorarray.py" line="361" name="test_axpy[compatible_vector_array_pair6-&lt;lambda&gt;28]" time="2.1623332500457764"></testcase><testcase classname="src.pymortests.vectorarray" file="src/pymortests/vectorarray.py" line="361" name="test_axpy[compatible_vector_array_pair6-&lt;lambda&gt;29]" time="0.14529895782470703"></testcase><testcase classname="src.pymortests.vectorarray" file="src/pymortests/vectorarray.py" line="361" name="test_axpy[compatible_vector_array_pair7-&lt;lambda&gt;0]" time="0.017797231674194336"></testcase><testcase classname="src.pymortests.vectorarray" file="src/pymortests/vectorarray.py" line="361" name="test_axpy[compatible_vector_array_pair7-&lt;lambda&gt;1]" time="0.004922151565551758"></testcase><testcase classname="src.pymortests.vectorarray" file="src/pymortests/vectorarray.py" line="361" name="test_axpy[compatible_vector_array_pair7-&lt;lambda&gt;2]" time="0.025429487228393555"></testcase><testcase classname="src.pymortests.vectorarray" file="src/pymortests/vectorarray.py" line="361" name="test_axpy[compatible_vector_array_pair7-&lt;lambda&gt;3]" time="0.02827906608581543"></testcase><testcase classname="src.pymortests.vectorarray" file="src/pymortests/vectorarray.py" line="361" name="test_axpy[compatible_vector_array_pair7-&lt;lambda&gt;4]" time="0.029033899307250977"></testcase><testcase classname="src.pymortests.vectorarray" file="src/pymortests/vectorarray.py" line="361" name="test_axpy[compatible_vector_array_pair7-&lt;lambda&gt;5]" time="0.04018545150756836"></testcase><testcase classname="src.pymortests.vectorarray" file="src/pymortests/vectorarray.py" line="361" name="test_axpy[compatible_vector_array_pair7-&lt;lambda&gt;6]" time="0.014055728912353516"></testcase><testcase classname="src.pymortests.vectorarray" file="src/pymortests/vectorarray.py" line="361" name="test_axpy[compatible_vector_array_pair7-&lt;lambda&gt;7]" time="0.004123687744140625"></testcase><testcase classname="src.pymortests.vectorarray" file="src/pymortests/vectorarray.py" line="361" name="test_axpy[compatible_vector_array_pair7-&lt;lambda&gt;8]" time="0.06639981269836426"></testcase><testcase classname="src.pymortests.vectorarray" file="src/pymortests/vectorarray.py" line="361" name="test_axpy[compatible_vector_array_pair7-&lt;lambda&gt;9]" time="0.11052417755126953"></testcase><testcase classname="src.pymortests.vectorarray" file="src/pymortests/vectorarray.py" line="361" name="test_axpy[compatible_vector_array_pair7-&lt;lambda&gt;10]" time="0.2788505554199219"></testcase><testcase classname="src.pymortests.vectorarray" file="src/pymortests/vectorarray.py" line="361" name="test_axpy[compatible_vector_array_pair7-&lt;lambda&gt;11]" time="0.046827077865600586"></testcase><testcase classname="src.pymortests.vectorarray" file="src/pymortests/vectorarray.py" line="361" name="test_axpy[compatible_vector_array_pair7-&lt;lambda&gt;12]" time="0.032806396484375"></testcase><testcase classname="src.pymortests.vectorarray" file="src/pymortests/vectorarray.py" line="361" name="test_axpy[compatible_vector_array_pair7-&lt;lambda&gt;13]" time="0.008782148361206055"></testcase><testcase classname="src.pymortests.vectorarray" file="src/pymortests/vectorarray.py" line="361" name="test_axpy[compatible_vector_array_pair7-&lt;lambda&gt;14]" time="0.03848409652709961"></testcase><testcase classname="src.pymortests.vectorarray" file="src/pymortests/vectorarray.py" line="361" name="test_axpy[compatible_vector_array_pair7-&lt;lambda&gt;15]" time="0.06500864028930664"></testcase><testcase classname="src.pymortests.vectorarray" file="src/pymortests/vectorarray.py" line="361" name="test_axpy[compatible_vector_array_pair7-&lt;lambda&gt;16]" time="0.07071638107299805"></testcase><testcase classname="src.pymortests.vectorarray" file="src/pymortests/vectorarray.py" line="361" name="test_axpy[compatible_vector_array_pair7-&lt;lambda&gt;17]" time="0.07536101341247559"></testcase><testcase classname="src.pymortests.vectorarray" file="src/pymortests/vectorarray.py" line="361" name="test_axpy[compatible_vector_array_pair7-&lt;lambda&gt;18]" time="0.04705953598022461"></testcase><testcase classname="src.pymortests.vectorarray" file="src/pymortests/vectorarray.py" line="361" name="test_axpy[compatible_vector_array_pair7-&lt;lambda&gt;19]" time="0.00818490982055664"></testcase><testcase classname="src.pymortests.vectorarray" file="src/pymortests/vectorarray.py" line="361" name="test_axpy[compatible_vector_array_pair7-&lt;lambda&gt;20]" time="0.23836922645568848"></testcase><testcase classname="src.pymortests.vectorarray" file="src/pymortests/vectorarray.py" line="361" name="test_axpy[compatible_vector_array_pair7-&lt;lambda&gt;21]" time="0.20016860961914062"></testcase><testcase classname="src.pymortests.vectorarray" file="src/pymortests/vectorarray.py" line="361" name="test_axpy[compatible_vector_array_pair7-&lt;lambda&gt;22]" time="0.5120577812194824"></testcase><testcase classname="src.pymortests.vectorarray" file="src/pymortests/vectorarray.py" line="361" name="test_axpy[compatible_vector_array_pair7-&lt;lambda&gt;23]" time="0.09650945663452148"></testcase><testcase classname="src.pymortests.vectorarray" file="src/pymortests/vectorarray.py" line="361" name="test_axpy[compatible_vector_array_pair7-&lt;lambda&gt;24]" time="0.016011714935302734"></testcase><testcase classname="src.pymortests.vectorarray" file="src/pymortests/vectorarray.py" line="361" name="test_axpy[compatible_vector_array_pair7-&lt;lambda&gt;25]" time="0.006718873977661133"></testcase><testcase classname="src.pymortests.vectorarray" file="src/pymortests/vectorarray.py" line="361" name="test_axpy[compatible_vector_array_pair7-&lt;lambda&gt;26]" time="0.4550619125366211"></testcase><testcase classname="src.pymortests.vectorarray" file="src/pymortests/vectorarray.py" line="361" name="test_axpy[compatible_vector_array_pair7-&lt;lambda&gt;27]" time="0.7485694885253906"></testcase><testcase classname="src.pymortests.vectorarray" file="src/pymortests/vectorarray.py" line="361" name="test_axpy[compatible_vector_array_pair7-&lt;lambda&gt;28]" time="2.320237874984741"></testcase><testcase classname="src.pymortests.vectorarray" file="src/pymortests/vectorarray.py" line="361" name="test_axpy[compatible_vector_array_pair7-&lt;lambda&gt;29]" time="0.14871668815612793"></testcase><testcase classname="src.pymortests.vectorarray" file="src/pymortests/vectorarray.py" line="361" name="test_axpy[compatible_vector_array_pair8-&lt;lambda&gt;0]" time="0.017337560653686523"></testcase><testcase classname="src.pymortests.vectorarray" file="src/pymortests/vectorarray.py" line="361" name="test_axpy[compatible_vector_array_pair8-&lt;lambda&gt;1]" time="0.004991292953491211"></testcase><testcase classname="src.pymortests.vectorarray" file="src/pymortests/vectorarray.py" line="361" name="test_axpy[compatible_vector_array_pair8-&lt;lambda&gt;2]" time="0.02530956268310547"></testcase><testcase classname="src.pymortests.vectorarray" file="src/pymortests/vectorarray.py" line="361" name="test_axpy[compatible_vector_array_pair8-&lt;lambda&gt;3]" time="0.027847766876220703"></testcase><testcase classname="src.pymortests.vectorarray" file="src/pymortests/vectorarray.py" line="361" name="test_axpy[compatible_vector_array_pair8-&lt;lambda&gt;4]" time="0.029170751571655273"></testcase><testcase classname="src.pymortests.vectorarray" file="src/pymortests/vectorarray.py" line="361" name="test_axpy[compatible_vector_array_pair8-&lt;lambda&gt;5]" time="0.039955854415893555"></testcase><testcase classname="src.pymortests.vectorarray" file="src/pymortests/vectorarray.py" line="361" name="test_axpy[compatible_vector_array_pair8-&lt;lambda&gt;6]" time="0.014042854309082031"></testcase><testcase classname="src.pymortests.vectorarray" file="src/pymortests/vectorarray.py" line="361" name="test_axpy[compatible_vector_array_pair8-&lt;lambda&gt;7]" time="0.004376888275146484"></testcase><testcase classname="src.pymortests.vectorarray" file="src/pymortests/vectorarray.py" line="361" name="test_axpy[compatible_vector_array_pair8-&lt;lambda&gt;8]" time="0.06368184089660645"></testcase><testcase classname="src.pymortests.vectorarray" file="src/pymortests/vectorarray.py" line="361" name="test_axpy[compatible_vector_array_pair8-&lt;lambda&gt;9]" time="0.1104881763458252"></testcase><testcase classname="src.pymortests.vectorarray" file="src/pymortests/vectorarray.py" line="361" name="test_axpy[compatible_vector_array_pair8-&lt;lambda&gt;10]" time="0.28063368797302246"></testcase><testcase classname="src.pymortests.vectorarray" file="src/pymortests/vectorarray.py" line="361" name="test_axpy[compatible_vector_array_pair8-&lt;lambda&gt;11]" time="0.045944929122924805"></testcase><testcase classname="src.pymortests.vectorarray" file="src/pymortests/vectorarray.py" line="361" name="test_axpy[compatible_vector_array_pair8-&lt;lambda&gt;12]" time="0.03266286849975586"></testcase><testcase classname="src.pymortests.vectorarray" file="src/pymortests/vectorarray.py" line="361" name="test_axpy[compatible_vector_array_pair8-&lt;lambda&gt;13]" time="0.008503437042236328"></testcase><testcase classname="src.pymortests.vectorarray" file="src/pymortests/vectorarray.py" line="361" name="test_axpy[compatible_vector_array_pair8-&lt;lambda&gt;14]" time="0.03742575645446777"></testcase><testcase classname="src.pymortests.vectorarray" file="src/pymortests/vectorarray.py" line="361" name="test_axpy[compatible_vector_array_pair8-&lt;lambda&gt;15]" time="0.0655205249786377"></testcase><testcase classname="src.pymortests.vectorarray" file="src/pymortests/vectorarray.py" line="361" name="test_axpy[compatible_vector_array_pair8-&lt;lambda&gt;16]" time="0.0711817741394043"></testcase><testcase classname="src.pymortests.vectorarray" file="src/pymortests/vectorarray.py" line="361" name="test_axpy[compatible_vector_array_pair8-&lt;lambda&gt;17]" time="0.07553696632385254"></testcase><testcase classname="src.pymortests.vectorarray" file="src/pymortests/vectorarray.py" line="361" name="test_axpy[compatible_vector_array_pair8-&lt;lambda&gt;18]" time="0.044419050216674805"></testcase><testcase classname="src.pymortests.vectorarray" file="src/pymortests/vectorarray.py" line="361" name="test_axpy[compatible_vector_array_pair8-&lt;lambda&gt;19]" time="0.007894754409790039"></testcase><testcase classname="src.pymortests.vectorarray" file="src/pymortests/vectorarray.py" line="361" name="test_axpy[compatible_vector_array_pair8-&lt;lambda&gt;20]" time="0.24204301834106445"></testcase><testcase classname="src.pymortests.vectorarray" file="src/pymortests/vectorarray.py" line="361" name="test_axpy[compatible_vector_array_pair8-&lt;lambda&gt;21]" time="0.2046647071838379"></testcase><testcase classname="src.pymortests.vectorarray" file="src/pymortests/vectorarray.py" line="361" name="test_axpy[compatible_vector_array_pair8-&lt;lambda&gt;22]" time="0.512009859085083"></testcase><testcase classname="src.pymortests.vectorarray" file="src/pymortests/vectorarray.py" line="361" name="test_axpy[compatible_vector_array_pair8-&lt;lambda&gt;23]" time="0.0988459587097168"></testcase><testcase classname="src.pymortests.vectorarray" file="src/pymortests/vectorarray.py" line="361" name="test_axpy[compatible_vector_array_pair8-&lt;lambda&gt;24]" time="0.0160064697265625"></testcase><testcase classname="src.pymortests.vectorarray" file="src/pymortests/vectorarray.py" line="361" name="test_axpy[compatible_vector_array_pair8-&lt;lambda&gt;25]" time="0.00687408447265625"></testcase><testcase classname="src.pymortests.vectorarray" file="src/pymortests/vectorarray.py" line="361" name="test_axpy[compatible_vector_array_pair8-&lt;lambda&gt;26]" time="0.48271989822387695"></testcase><testcase classname="src.pymortests.vectorarray" file="src/pymortests/vectorarray.py" line="361" name="test_axpy[compatible_vector_array_pair8-&lt;lambda&gt;27]" time="0.8039743900299072"></testcase><testcase classname="src.pymortests.vectorarray" file="src/pymortests/vectorarray.py" line="361" name="test_axpy[compatible_vector_array_pair8-&lt;lambda&gt;28]" time="2.4949443340301514"></testcase><testcase classname="src.pymortests.vectorarray" file="src/pymortests/vectorarray.py" line="361" name="test_axpy[compatible_vector_array_pair8-&lt;lambda&gt;29]" time="0.15597105026245117"></testcase><testcase classname="src.pymortests.vectorarray" file="src/pymortests/vectorarray.py" line="409" name="test_axpy_one_x[compatible_vector_array_pair0-&lt;lambda&gt;0]" time="0.048929452896118164"></testcase><testcase classname="src.pymortests.vectorarray" file="src/pymortests/vectorarray.py" line="409" name="test_axpy_one_x[compatible_vector_array_pair0-&lt;lambda&gt;1]" time="0.12987947463989258"></testcase><testcase classname="src.pymortests.vectorarray" file="src/pymortests/vectorarray.py" line="409" name="test_axpy_one_x[compatible_vector_array_pair0-&lt;lambda&gt;2]" time="0.10059428215026855"></testcase><testcase classname="src.pymortests.vectorarray" file="src/pymortests/vectorarray.py" line="409" name="test_axpy_one_x[compatible_vector_array_pair0-&lt;lambda&gt;3]" time="0.11238646507263184"></testcase><testcase classname="src.pymortests.vectorarray" file="src/pymortests/vectorarray.py" line="409" name="test_axpy_one_x[compatible_vector_array_pair0-&lt;lambda&gt;4]" time="0.11961722373962402"></testcase><testcase classname="src.pymortests.vectorarray" file="src/pymortests/vectorarray.py" line="409" name="test_axpy_one_x[compatible_vector_array_pair0-&lt;lambda&gt;5]" time="0.09678840637207031"></testcase><testcase classname="src.pymortests.vectorarray" file="src/pymortests/vectorarray.py" line="409" name="test_axpy_one_x[compatible_vector_array_pair0-&lt;lambda&gt;6]" time="0.03774595260620117"></testcase><testcase classname="src.pymortests.vectorarray" file="src/pymortests/vectorarray.py" line="409" name="test_axpy_one_x[compatible_vector_array_pair0-&lt;lambda&gt;7]" time="0.11336159706115723"></testcase><testcase classname="src.pymortests.vectorarray" file="src/pymortests/vectorarray.py" line="409" name="test_axpy_one_x[compatible_vector_array_pair0-&lt;lambda&gt;8]" time="0.2719998359680176"></testcase><testcase classname="src.pymortests.vectorarray" file="src/pymortests/vectorarray.py" line="409" name="test_axpy_one_x[compatible_vector_array_pair0-&lt;lambda&gt;9]" time="0.5352058410644531"></testcase><testcase classname="src.pymortests.vectorarray" file="src/pymortests/vectorarray.py" line="409" name="test_axpy_one_x[compatible_vector_array_pair0-&lt;lambda&gt;10]" time="1.4985766410827637"></testcase><testcase classname="src.pymortests.vectorarray" file="src/pymortests/vectorarray.py" line="409" name="test_axpy_one_x[compatible_vector_array_pair0-&lt;lambda&gt;11]" time="0.11681294441223145"></testcase><testcase classname="src.pymortests.vectorarray" file="src/pymortests/vectorarray.py" line="409" name="test_axpy_one_x[compatible_vector_array_pair0-&lt;lambda&gt;12]" time="0.09424114227294922"></testcase><testcase classname="src.pymortests.vectorarray" file="src/pymortests/vectorarray.py" line="409" name="test_axpy_one_x[compatible_vector_array_pair0-&lt;lambda&gt;13]" time="0.2728431224822998"></testcase><testcase classname="src.pymortests.vectorarray" file="src/pymortests/vectorarray.py" line="409" name="test_axpy_one_x[compatible_vector_array_pair0-&lt;lambda&gt;14]" time="0.15065646171569824"></testcase><testcase classname="src.pymortests.vectorarray" file="src/pymortests/vectorarray.py" line="409" name="test_axpy_one_x[compatible_vector_array_pair0-&lt;lambda&gt;15]" time="0.2673029899597168"></testcase><testcase classname="src.pymortests.vectorarray" file="src/pymortests/vectorarray.py" line="409" name="test_axpy_one_x[compatible_vector_array_pair0-&lt;lambda&gt;16]" time="0.3117082118988037"></testcase><testcase classname="src.pymortests.vectorarray" file="src/pymortests/vectorarray.py" line="409" name="test_axpy_one_x[compatible_vector_array_pair0-&lt;lambda&gt;17]" time="0.33714866638183594"></testcase><testcase classname="src.pymortests.vectorarray" file="src/pymortests/vectorarray.py" line="409" name="test_axpy_one_x[compatible_vector_array_pair0-&lt;lambda&gt;18]" time="0.12973332405090332"></testcase><testcase classname="src.pymortests.vectorarray" file="src/pymortests/vectorarray.py" line="409" name="test_axpy_one_x[compatible_vector_array_pair0-&lt;lambda&gt;19]" time="0.2891085147857666"></testcase><testcase classname="src.pymortests.vectorarray" file="src/pymortests/vectorarray.py" line="409" name="test_axpy_one_x[compatible_vector_array_pair0-&lt;lambda&gt;20]" time="0.9559078216552734"></testcase><testcase classname="src.pymortests.vectorarray" file="src/pymortests/vectorarray.py" line="409" name="test_axpy_one_x[compatible_vector_array_pair0-&lt;lambda&gt;21]" time="0.9617104530334473"></testcase><testcase classname="src.pymortests.vectorarray" file="src/pymortests/vectorarray.py" line="409" name="test_axpy_one_x[compatible_vector_array_pair0-&lt;lambda&gt;22]" time="2.6575779914855957"></testcase><testcase classname="src.pymortests.vectorarray" file="src/pymortests/vectorarray.py" line="409" name="test_axpy_one_x[compatible_vector_array_pair0-&lt;lambda&gt;23]" time="0.24375486373901367"></testcase><testcase classname="src.pymortests.vectorarray" file="src/pymortests/vectorarray.py" line="409" name="test_axpy_one_x[compatible_vector_array_pair0-&lt;lambda&gt;24]" time="0.0424494743347168"></testcase><testcase classname="src.pymortests.vectorarray" file="src/pymortests/vectorarray.py" line="409" name="test_axpy_one_x[compatible_vector_array_pair0-&lt;lambda&gt;25]" time="0.22851300239562988"></testcase><testcase classname="src.pymortests.vectorarray" file="src/pymortests/vectorarray.py" line="409" name="test_axpy_one_x[compatible_vector_array_pair0-&lt;lambda&gt;26]" time="2.3030736446380615"></testcase><testcase classname="src.pymortests.vectorarray" file="src/pymortests/vectorarray.py" line="409" name="test_axpy_one_x[compatible_vector_array_pair0-&lt;lambda&gt;27]" time="4.149475812911987"></testcase><testcase classname="src.pymortests.vectorarray" file="src/pymortests/vectorarray.py" line="409" name="test_axpy_one_x[compatible_vector_array_pair0-&lt;lambda&gt;28]" time="15.878961563110352"></testcase><testcase classname="src.pymortests.vectorarray" file="src/pymortests/vectorarray.py" line="409" name="test_axpy_one_x[compatible_vector_array_pair0-&lt;lambda&gt;29]" time="0.47649478912353516"></testcase><testcase classname="src.pymortests.vectorarray" file="src/pymortests/vectorarray.py" line="409" name="test_axpy_one_x[compatible_vector_array_pair1-&lt;lambda&gt;0]" time="0.049509286880493164"></testcase><testcase classname="src.pymortests.vectorarray" file="src/pymortests/vectorarray.py" line="409" name="test_axpy_one_x[compatible_vector_array_pair1-&lt;lambda&gt;1]" time="0.13133716583251953"></testcase><testcase classname="src.pymortests.vectorarray" file="src/pymortests/vectorarray.py" line="409" name="test_axpy_one_x[compatible_vector_array_pair1-&lt;lambda&gt;2]" time="0.09854960441589355"></testcase><testcase classname="src.pymortests.vectorarray" file="src/pymortests/vectorarray.py" line="409" name="test_axpy_one_x[compatible_vector_array_pair1-&lt;lambda&gt;3]" time="0.11283993721008301"></testcase><testcase classname="src.pymortests.vectorarray" file="src/pymortests/vectorarray.py" line="409" name="test_axpy_one_x[compatible_vector_array_pair1-&lt;lambda&gt;4]" time="0.12080955505371094"></testcase><testcase classname="src.pymortests.vectorarray" file="src/pymortests/vectorarray.py" line="409" name="test_axpy_one_x[compatible_vector_array_pair1-&lt;lambda&gt;5]" time="0.09732604026794434"></testcase><testcase classname="src.pymortests.vectorarray" file="src/pymortests/vectorarray.py" line="409" name="test_axpy_one_x[compatible_vector_array_pair1-&lt;lambda&gt;6]" time="0.037748098373413086"></testcase><testcase classname="src.pymortests.vectorarray" file="src/pymortests/vectorarray.py" line="409" name="test_axpy_one_x[compatible_vector_array_pair1-&lt;lambda&gt;7]" time="0.11408257484436035"></testcase><testcase classname="src.pymortests.vectorarray" file="src/pymortests/vectorarray.py" line="409" name="test_axpy_one_x[compatible_vector_array_pair1-&lt;lambda&gt;8]" time="0.27436280250549316"></testcase><testcase classname="src.pymortests.vectorarray" file="src/pymortests/vectorarray.py" line="409" name="test_axpy_one_x[compatible_vector_array_pair1-&lt;lambda&gt;9]" time="0.5384232997894287"></testcase><testcase classname="src.pymortests.vectorarray" file="src/pymortests/vectorarray.py" line="409" name="test_axpy_one_x[compatible_vector_array_pair1-&lt;lambda&gt;10]" time="1.5044193267822266"></testcase><testcase classname="src.pymortests.vectorarray" file="src/pymortests/vectorarray.py" line="409" name="test_axpy_one_x[compatible_vector_array_pair1-&lt;lambda&gt;11]" time="0.1150968074798584"></testcase><testcase classname="src.pymortests.vectorarray" file="src/pymortests/vectorarray.py" line="409" name="test_axpy_one_x[compatible_vector_array_pair1-&lt;lambda&gt;12]" time="0.09698963165283203"></testcase><testcase classname="src.pymortests.vectorarray" file="src/pymortests/vectorarray.py" line="409" name="test_axpy_one_x[compatible_vector_array_pair1-&lt;lambda&gt;13]" time="0.27408742904663086"></testcase><testcase classname="src.pymortests.vectorarray" file="src/pymortests/vectorarray.py" line="409" name="test_axpy_one_x[compatible_vector_array_pair1-&lt;lambda&gt;14]" time="0.15034699440002441"></testcase><testcase classname="src.pymortests.vectorarray" file="src/pymortests/vectorarray.py" line="409" name="test_axpy_one_x[compatible_vector_array_pair1-&lt;lambda&gt;15]" time="0.26706719398498535"></testcase><testcase classname="src.pymortests.vectorarray" file="src/pymortests/vectorarray.py" line="409" name="test_axpy_one_x[compatible_vector_array_pair1-&lt;lambda&gt;16]" time="0.3090496063232422"></testcase><testcase classname="src.pymortests.vectorarray" file="src/pymortests/vectorarray.py" line="409" name="test_axpy_one_x[compatible_vector_array_pair1-&lt;lambda&gt;17]" time="0.3373405933380127"></testcase><testcase classname="src.pymortests.vectorarray" file="src/pymortests/vectorarray.py" line="409" name="test_axpy_one_x[compatible_vector_array_pair1-&lt;lambda&gt;18]" time="0.1279127597808838"></testcase><testcase classname="src.pymortests.vectorarray" file="src/pymortests/vectorarray.py" line="409" name="test_axpy_one_x[compatible_vector_array_pair1-&lt;lambda&gt;19]" time="0.2850613594055176"></testcase><testcase classname="src.pymortests.vectorarray" file="src/pymortests/vectorarray.py" line="409" name="test_axpy_one_x[compatible_vector_array_pair1-&lt;lambda&gt;20]" time="0.927872896194458"></testcase><testcase classname="src.pymortests.vectorarray" file="src/pymortests/vectorarray.py" line="409" name="test_axpy_one_x[compatible_vector_array_pair1-&lt;lambda&gt;21]" time="0.95182204246521"></testcase><testcase classname="src.pymortests.vectorarray" file="src/pymortests/vectorarray.py" line="409" name="test_axpy_one_x[compatible_vector_array_pair1-&lt;lambda&gt;22]" time="2.6618270874023438"></testcase><testcase classname="src.pymortests.vectorarray" file="src/pymortests/vectorarray.py" line="409" name="test_axpy_one_x[compatible_vector_array_pair1-&lt;lambda&gt;23]" time="0.24481463432312012"></testcase><testcase classname="src.pymortests.vectorarray" file="src/pymortests/vectorarray.py" line="409" name="test_axpy_one_x[compatible_vector_array_pair1-&lt;lambda&gt;24]" time="0.04291534423828125"></testcase><testcase classname="src.pymortests.vectorarray" file="src/pymortests/vectorarray.py" line="409" name="test_axpy_one_x[compatible_vector_array_pair1-&lt;lambda&gt;25]" time="0.25309181213378906"></testcase><testcase classname="src.pymortests.vectorarray" file="src/pymortests/vectorarray.py" line="409" name="test_axpy_one_x[compatible_vector_array_pair1-&lt;lambda&gt;26]" time="2.8319079875946045"></testcase><testcase classname="src.pymortests.vectorarray" file="src/pymortests/vectorarray.py" line="409" name="test_axpy_one_x[compatible_vector_array_pair1-&lt;lambda&gt;27]" time="5.039376258850098"></testcase><testcase classname="src.pymortests.vectorarray" file="src/pymortests/vectorarray.py" line="409" name="test_axpy_one_x[compatible_vector_array_pair1-&lt;lambda&gt;28]" time="19.365288734436035"></testcase><testcase classname="src.pymortests.vectorarray" file="src/pymortests/vectorarray.py" line="409" name="test_axpy_one_x[compatible_vector_array_pair1-&lt;lambda&gt;29]" time="0.5453667640686035"></testcase><testcase classname="src.pymortests.vectorarray" file="src/pymortests/vectorarray.py" line="409" name="test_axpy_one_x[compatible_vector_array_pair2-&lt;lambda&gt;0]" time="0.051363229751586914"></testcase><testcase classname="src.pymortests.vectorarray" file="src/pymortests/vectorarray.py" line="409" name="test_axpy_one_x[compatible_vector_array_pair2-&lt;lambda&gt;1]" time="0.1335446834564209"></testcase><testcase classname="src.pymortests.vectorarray" file="src/pymortests/vectorarray.py" line="409" name="test_axpy_one_x[compatible_vector_array_pair2-&lt;lambda&gt;2]" time="0.10195422172546387"></testcase><testcase classname="src.pymortests.vectorarray" file="src/pymortests/vectorarray.py" line="409" name="test_axpy_one_x[compatible_vector_array_pair2-&lt;lambda&gt;3]" time="0.11453557014465332"></testcase><testcase classname="src.pymortests.vectorarray" file="src/pymortests/vectorarray.py" line="409" name="test_axpy_one_x[compatible_vector_array_pair2-&lt;lambda&gt;4]" time="0.12172150611877441"></testcase><testcase classname="src.pymortests.vectorarray" file="src/pymortests/vectorarray.py" line="409" name="test_axpy_one_x[compatible_vector_array_pair2-&lt;lambda&gt;5]" time="0.09757852554321289"></testcase><testcase classname="src.pymortests.vectorarray" file="src/pymortests/vectorarray.py" line="409" name="test_axpy_one_x[compatible_vector_array_pair2-&lt;lambda&gt;6]" time="0.038170814514160156"></testcase><testcase classname="src.pymortests.vectorarray" file="src/pymortests/vectorarray.py" line="409" name="test_axpy_one_x[compatible_vector_array_pair2-&lt;lambda&gt;7]" time="0.11409378051757812"></testcase><testcase classname="src.pymortests.vectorarray" file="src/pymortests/vectorarray.py" line="409" name="test_axpy_one_x[compatible_vector_array_pair2-&lt;lambda&gt;8]" time="0.2768244743347168"></testcase><testcase classname="src.pymortests.vectorarray" file="src/pymortests/vectorarray.py" line="409" name="test_axpy_one_x[compatible_vector_array_pair2-&lt;lambda&gt;9]" time="0.5483264923095703"></testcase><testcase classname="src.pymortests.vectorarray" file="src/pymortests/vectorarray.py" line="409" name="test_axpy_one_x[compatible_vector_array_pair2-&lt;lambda&gt;10]" time="1.4943697452545166"></testcase><testcase classname="src.pymortests.vectorarray" file="src/pymortests/vectorarray.py" line="409" name="test_axpy_one_x[compatible_vector_array_pair2-&lt;lambda&gt;11]" time="0.11637330055236816"></testcase><testcase classname="src.pymortests.vectorarray" file="src/pymortests/vectorarray.py" line="409" name="test_axpy_one_x[compatible_vector_array_pair2-&lt;lambda&gt;12]" time="0.09557700157165527"></testcase><testcase classname="src.pymortests.vectorarray" file="src/pymortests/vectorarray.py" line="409" name="test_axpy_one_x[compatible_vector_array_pair2-&lt;lambda&gt;13]" time="0.27329587936401367"></testcase><testcase classname="src.pymortests.vectorarray" file="src/pymortests/vectorarray.py" line="409" name="test_axpy_one_x[compatible_vector_array_pair2-&lt;lambda&gt;14]" time="0.15124034881591797"></testcase><testcase classname="src.pymortests.vectorarray" file="src/pymortests/vectorarray.py" line="409" name="test_axpy_one_x[compatible_vector_array_pair2-&lt;lambda&gt;15]" time="0.26929354667663574"></testcase><testcase classname="src.pymortests.vectorarray" file="src/pymortests/vectorarray.py" line="409" name="test_axpy_one_x[compatible_vector_array_pair2-&lt;lambda&gt;16]" time="0.30953550338745117"></testcase><testcase classname="src.pymortests.vectorarray" file="src/pymortests/vectorarray.py" line="409" name="test_axpy_one_x[compatible_vector_array_pair2-&lt;lambda&gt;17]" time="0.33419275283813477"></testcase><testcase classname="src.pymortests.vectorarray" file="src/pymortests/vectorarray.py" line="409" name="test_axpy_one_x[compatible_vector_array_pair2-&lt;lambda&gt;18]" time="0.1285533905029297"></testcase><testcase classname="src.pymortests.vectorarray" file="src/pymortests/vectorarray.py" line="409" name="test_axpy_one_x[compatible_vector_array_pair2-&lt;lambda&gt;19]" time="0.2882518768310547"></testcase><testcase classname="src.pymortests.vectorarray" file="src/pymortests/vectorarray.py" line="409" name="test_axpy_one_x[compatible_vector_array_pair2-&lt;lambda&gt;20]" time="0.9261362552642822"></testcase><testcase classname="src.pymortests.vectorarray" file="src/pymortests/vectorarray.py" line="409" name="test_axpy_one_x[compatible_vector_array_pair2-&lt;lambda&gt;21]" time="0.9307940006256104"></testcase><testcase classname="src.pymortests.vectorarray" file="src/pymortests/vectorarray.py" line="409" name="test_axpy_one_x[compatible_vector_array_pair2-&lt;lambda&gt;22]" time="2.63057279586792"></testcase><testcase classname="src.pymortests.vectorarray" file="src/pymortests/vectorarray.py" line="409" name="test_axpy_one_x[compatible_vector_array_pair2-&lt;lambda&gt;23]" time="0.24024581909179688"></testcase><testcase classname="src.pymortests.vectorarray" file="src/pymortests/vectorarray.py" line="409" name="test_axpy_one_x[compatible_vector_array_pair2-&lt;lambda&gt;24]" time="0.042871952056884766"></testcase><testcase classname="src.pymortests.vectorarray" file="src/pymortests/vectorarray.py" line="409" name="test_axpy_one_x[compatible_vector_array_pair2-&lt;lambda&gt;25]" time="0.2666769027709961"></testcase><testcase classname="src.pymortests.vectorarray" file="src/pymortests/vectorarray.py" line="409" name="test_axpy_one_x[compatible_vector_array_pair2-&lt;lambda&gt;26]" time="3.329944372177124"></testcase><testcase classname="src.pymortests.vectorarray" file="src/pymortests/vectorarray.py" line="409" name="test_axpy_one_x[compatible_vector_array_pair2-&lt;lambda&gt;27]" time="5.887315511703491"></testcase><testcase classname="src.pymortests.vectorarray" file="src/pymortests/vectorarray.py" line="409" name="test_axpy_one_x[compatible_vector_array_pair2-&lt;lambda&gt;28]" time="22.05392551422119"></testcase><testcase classname="src.pymortests.vectorarray" file="src/pymortests/vectorarray.py" line="409" name="test_axpy_one_x[compatible_vector_array_pair2-&lt;lambda&gt;29]" time="0.5831875801086426"></testcase><testcase classname="src.pymortests.vectorarray" file="src/pymortests/vectorarray.py" line="409" name="test_axpy_one_x[compatible_vector_array_pair3-&lt;lambda&gt;0]" time="0.04841446876525879"></testcase><testcase classname="src.pymortests.vectorarray" file="src/pymortests/vectorarray.py" line="409" name="test_axpy_one_x[compatible_vector_array_pair3-&lt;lambda&gt;1]" time="0.12684345245361328"></testcase><testcase classname="src.pymortests.vectorarray" file="src/pymortests/vectorarray.py" line="409" name="test_axpy_one_x[compatible_vector_array_pair3-&lt;lambda&gt;2]" time="0.0999751091003418"></testcase><testcase classname="src.pymortests.vectorarray" file="src/pymortests/vectorarray.py" line="409" name="test_axpy_one_x[compatible_vector_array_pair3-&lt;lambda&gt;3]" time="0.11255216598510742"></testcase><testcase classname="src.pymortests.vectorarray" file="src/pymortests/vectorarray.py" line="409" name="test_axpy_one_x[compatible_vector_array_pair3-&lt;lambda&gt;4]" time="0.11826443672180176"></testcase><testcase classname="src.pymortests.vectorarray" file="src/pymortests/vectorarray.py" line="409" name="test_axpy_one_x[compatible_vector_array_pair3-&lt;lambda&gt;5]" time="0.09463262557983398"></testcase><testcase classname="src.pymortests.vectorarray" file="src/pymortests/vectorarray.py" line="409" name="test_axpy_one_x[compatible_vector_array_pair3-&lt;lambda&gt;6]" time="0.037560462951660156"></testcase><testcase classname="src.pymortests.vectorarray" file="src/pymortests/vectorarray.py" line="409" name="test_axpy_one_x[compatible_vector_array_pair3-&lt;lambda&gt;7]" time="0.11205530166625977"></testcase><testcase classname="src.pymortests.vectorarray" file="src/pymortests/vectorarray.py" line="409" name="test_axpy_one_x[compatible_vector_array_pair3-&lt;lambda&gt;8]" time="0.26729488372802734"></testcase><testcase classname="src.pymortests.vectorarray" file="src/pymortests/vectorarray.py" line="409" name="test_axpy_one_x[compatible_vector_array_pair3-&lt;lambda&gt;9]" time="0.5194933414459229"></testcase><testcase classname="src.pymortests.vectorarray" file="src/pymortests/vectorarray.py" line="409" name="test_axpy_one_x[compatible_vector_array_pair3-&lt;lambda&gt;10]" time="1.4841272830963135"></testcase><testcase classname="src.pymortests.vectorarray" file="src/pymortests/vectorarray.py" line="409" name="test_axpy_one_x[compatible_vector_array_pair3-&lt;lambda&gt;11]" time="0.11215043067932129"></testcase><testcase classname="src.pymortests.vectorarray" file="src/pymortests/vectorarray.py" line="409" name="test_axpy_one_x[compatible_vector_array_pair3-&lt;lambda&gt;12]" time="0.09154915809631348"></testcase><testcase classname="src.pymortests.vectorarray" file="src/pymortests/vectorarray.py" line="409" name="test_axpy_one_x[compatible_vector_array_pair3-&lt;lambda&gt;13]" time="0.27121639251708984"></testcase><testcase classname="src.pymortests.vectorarray" file="src/pymortests/vectorarray.py" line="409" name="test_axpy_one_x[compatible_vector_array_pair3-&lt;lambda&gt;14]" time="0.15021514892578125"></testcase><testcase classname="src.pymortests.vectorarray" file="src/pymortests/vectorarray.py" line="409" name="test_axpy_one_x[compatible_vector_array_pair3-&lt;lambda&gt;15]" time="0.26906919479370117"></testcase><testcase classname="src.pymortests.vectorarray" file="src/pymortests/vectorarray.py" line="409" name="test_axpy_one_x[compatible_vector_array_pair3-&lt;lambda&gt;16]" time="0.30494165420532227"></testcase><testcase classname="src.pymortests.vectorarray" file="src/pymortests/vectorarray.py" line="409" name="test_axpy_one_x[compatible_vector_array_pair3-&lt;lambda&gt;17]" time="0.3293037414550781"></testcase><testcase classname="src.pymortests.vectorarray" file="src/pymortests/vectorarray.py" line="409" name="test_axpy_one_x[compatible_vector_array_pair3-&lt;lambda&gt;18]" time="0.1251375675201416"></testcase><testcase classname="src.pymortests.vectorarray" file="src/pymortests/vectorarray.py" line="409" name="test_axpy_one_x[compatible_vector_array_pair3-&lt;lambda&gt;19]" time="0.28241777420043945"></testcase><testcase classname="src.pymortests.vectorarray" file="src/pymortests/vectorarray.py" line="409" name="test_axpy_one_x[compatible_vector_array_pair3-&lt;lambda&gt;20]" time="0.9188194274902344"></testcase><testcase classname="src.pymortests.vectorarray" file="src/pymortests/vectorarray.py" line="409" name="test_axpy_one_x[compatible_vector_array_pair3-&lt;lambda&gt;21]" time="0.9206829071044922"></testcase><testcase classname="src.pymortests.vectorarray" file="src/pymortests/vectorarray.py" line="409" name="test_axpy_one_x[compatible_vector_array_pair3-&lt;lambda&gt;22]" time="2.589823007583618"></testcase><testcase classname="src.pymortests.vectorarray" file="src/pymortests/vectorarray.py" line="409" name="test_axpy_one_x[compatible_vector_array_pair3-&lt;lambda&gt;23]" time="0.23694181442260742"></testcase><testcase classname="src.pymortests.vectorarray" file="src/pymortests/vectorarray.py" line="409" name="test_axpy_one_x[compatible_vector_array_pair3-&lt;lambda&gt;24]" time="0.041758060455322266"></testcase><testcase classname="src.pymortests.vectorarray" file="src/pymortests/vectorarray.py" line="409" name="test_axpy_one_x[compatible_vector_array_pair3-&lt;lambda&gt;25]" time="0.2863457202911377"></testcase><testcase classname="src.pymortests.vectorarray" file="src/pymortests/vectorarray.py" line="409" name="test_axpy_one_x[compatible_vector_array_pair3-&lt;lambda&gt;26]" time="4.004228115081787"></testcase><testcase classname="src.pymortests.vectorarray" file="src/pymortests/vectorarray.py" line="409" name="test_axpy_one_x[compatible_vector_array_pair3-&lt;lambda&gt;27]" time="7.210045099258423"></testcase><testcase classname="src.pymortests.vectorarray" file="src/pymortests/vectorarray.py" line="409" name="test_axpy_one_x[compatible_vector_array_pair3-&lt;lambda&gt;28]" time="25.262238264083862"></testcase><testcase classname="src.pymortests.vectorarray" file="src/pymortests/vectorarray.py" line="409" name="test_axpy_one_x[compatible_vector_array_pair3-&lt;lambda&gt;29]" time="0.6449120044708252"></testcase><testcase classname="src.pymortests.vectorarray" file="src/pymortests/vectorarray.py" line="409" name="test_axpy_one_x[compatible_vector_array_pair4-&lt;lambda&gt;0]" time="0.04677987098693848"></testcase><testcase classname="src.pymortests.vectorarray" file="src/pymortests/vectorarray.py" line="409" name="test_axpy_one_x[compatible_vector_array_pair4-&lt;lambda&gt;1]" time="0.12523102760314941"></testcase><testcase classname="src.pymortests.vectorarray" file="src/pymortests/vectorarray.py" line="409" name="test_axpy_one_x[compatible_vector_array_pair4-&lt;lambda&gt;2]" time="0.09514832496643066"></testcase><testcase classname="src.pymortests.vectorarray" file="src/pymortests/vectorarray.py" line="409" name="test_axpy_one_x[compatible_vector_array_pair4-&lt;lambda&gt;3]" time="0.1112070083618164"></testcase><testcase classname="src.pymortests.vectorarray" file="src/pymortests/vectorarray.py" line="409" name="test_axpy_one_x[compatible_vector_array_pair4-&lt;lambda&gt;4]" time="0.11626696586608887"></testcase><testcase classname="src.pymortests.vectorarray" file="src/pymortests/vectorarray.py" line="409" name="test_axpy_one_x[compatible_vector_array_pair4-&lt;lambda&gt;5]" time="0.09328198432922363"></testcase><testcase classname="src.pymortests.vectorarray" file="src/pymortests/vectorarray.py" line="409" name="test_axpy_one_x[compatible_vector_array_pair4-&lt;lambda&gt;6]" time="0.03552508354187012"></testcase><testcase classname="src.pymortests.vectorarray" file="src/pymortests/vectorarray.py" line="409" name="test_axpy_one_x[compatible_vector_array_pair4-&lt;lambda&gt;7]" time="0.10990715026855469"></testcase><testcase classname="src.pymortests.vectorarray" file="src/pymortests/vectorarray.py" line="409" name="test_axpy_one_x[compatible_vector_array_pair4-&lt;lambda&gt;8]" time="0.2687969207763672"></testcase><testcase classname="src.pymortests.vectorarray" file="src/pymortests/vectorarray.py" line="409" name="test_axpy_one_x[compatible_vector_array_pair4-&lt;lambda&gt;9]" time="0.5220086574554443"></testcase><testcase classname="src.pymortests.vectorarray" file="src/pymortests/vectorarray.py" line="409" name="test_axpy_one_x[compatible_vector_array_pair4-&lt;lambda&gt;10]" time="1.4759852886199951"></testcase><testcase classname="src.pymortests.vectorarray" file="src/pymortests/vectorarray.py" line="409" name="test_axpy_one_x[compatible_vector_array_pair4-&lt;lambda&gt;11]" time="0.11121177673339844"></testcase><testcase classname="src.pymortests.vectorarray" file="src/pymortests/vectorarray.py" line="409" name="test_axpy_one_x[compatible_vector_array_pair4-&lt;lambda&gt;12]" time="0.0953974723815918"></testcase><testcase classname="src.pymortests.vectorarray" file="src/pymortests/vectorarray.py" line="409" name="test_axpy_one_x[compatible_vector_array_pair4-&lt;lambda&gt;13]" time="0.2697169780731201"></testcase><testcase classname="src.pymortests.vectorarray" file="src/pymortests/vectorarray.py" line="409" name="test_axpy_one_x[compatible_vector_array_pair4-&lt;lambda&gt;14]" time="0.14855575561523438"></testcase><testcase classname="src.pymortests.vectorarray" file="src/pymortests/vectorarray.py" line="409" name="test_axpy_one_x[compatible_vector_array_pair4-&lt;lambda&gt;15]" time="0.2696866989135742"></testcase><testcase classname="src.pymortests.vectorarray" file="src/pymortests/vectorarray.py" line="409" name="test_axpy_one_x[compatible_vector_array_pair4-&lt;lambda&gt;16]" time="0.29909610748291016"></testcase><testcase classname="src.pymortests.vectorarray" file="src/pymortests/vectorarray.py" line="409" name="test_axpy_one_x[compatible_vector_array_pair4-&lt;lambda&gt;17]" time="0.32834696769714355"></testcase><testcase classname="src.pymortests.vectorarray" file="src/pymortests/vectorarray.py" line="409" name="test_axpy_one_x[compatible_vector_array_pair4-&lt;lambda&gt;18]" time="0.12422299385070801"></testcase><testcase classname="src.pymortests.vectorarray" file="src/pymortests/vectorarray.py" line="409" name="test_axpy_one_x[compatible_vector_array_pair4-&lt;lambda&gt;19]" time="0.27725720405578613"></testcase><testcase classname="src.pymortests.vectorarray" file="src/pymortests/vectorarray.py" line="409" name="test_axpy_one_x[compatible_vector_array_pair4-&lt;lambda&gt;20]" time="0.9001109600067139"></testcase><testcase classname="src.pymortests.vectorarray" file="src/pymortests/vectorarray.py" line="409" name="test_axpy_one_x[compatible_vector_array_pair4-&lt;lambda&gt;21]" time="0.8976554870605469"></testcase><testcase classname="src.pymortests.vectorarray" file="src/pymortests/vectorarray.py" line="409" name="test_axpy_one_x[compatible_vector_array_pair4-&lt;lambda&gt;22]" time="2.517321825027466"></testcase><testcase classname="src.pymortests.vectorarray" file="src/pymortests/vectorarray.py" line="409" name="test_axpy_one_x[compatible_vector_array_pair4-&lt;lambda&gt;23]" time="0.23205018043518066"></testcase><testcase classname="src.pymortests.vectorarray" file="src/pymortests/vectorarray.py" line="409" name="test_axpy_one_x[compatible_vector_array_pair4-&lt;lambda&gt;24]" time="0.042083024978637695"></testcase><testcase classname="src.pymortests.vectorarray" file="src/pymortests/vectorarray.py" line="409" name="test_axpy_one_x[compatible_vector_array_pair4-&lt;lambda&gt;25]" time="0.302793025970459"></testcase><testcase classname="src.pymortests.vectorarray" file="src/pymortests/vectorarray.py" line="409" name="test_axpy_one_x[compatible_vector_array_pair4-&lt;lambda&gt;26]" time="4.3965795040130615"></testcase><testcase classname="src.pymortests.vectorarray" file="src/pymortests/vectorarray.py" line="409" name="test_axpy_one_x[compatible_vector_array_pair4-&lt;lambda&gt;27]" time="7.743964672088623"></testcase><testcase classname="src.pymortests.vectorarray" file="src/pymortests/vectorarray.py" line="409" name="test_axpy_one_x[compatible_vector_array_pair4-&lt;lambda&gt;28]" time="28.786385536193848"></testcase><testcase classname="src.pymortests.vectorarray" file="src/pymortests/vectorarray.py" line="409" name="test_axpy_one_x[compatible_vector_array_pair4-&lt;lambda&gt;29]" time="0.7085349559783936"></testcase><testcase classname="src.pymortests.vectorarray" file="src/pymortests/vectorarray.py" line="409" name="test_axpy_one_x[compatible_vector_array_pair5-&lt;lambda&gt;0]" time="0.04820132255554199"></testcase><testcase classname="src.pymortests.vectorarray" file="src/pymortests/vectorarray.py" line="409" name="test_axpy_one_x[compatible_vector_array_pair5-&lt;lambda&gt;1]" time="0.1260535717010498"></testcase><testcase classname="src.pymortests.vectorarray" file="src/pymortests/vectorarray.py" line="409" name="test_axpy_one_x[compatible_vector_array_pair5-&lt;lambda&gt;2]" time="0.09519100189208984"></testcase><testcase classname="src.pymortests.vectorarray" file="src/pymortests/vectorarray.py" line="409" name="test_axpy_one_x[compatible_vector_array_pair5-&lt;lambda&gt;3]" time="0.10897541046142578"></testcase><testcase classname="src.pymortests.vectorarray" file="src/pymortests/vectorarray.py" line="409" name="test_axpy_one_x[compatible_vector_array_pair5-&lt;lambda&gt;4]" time="0.11696600914001465"></testcase><testcase classname="src.pymortests.vectorarray" file="src/pymortests/vectorarray.py" line="409" name="test_axpy_one_x[compatible_vector_array_pair5-&lt;lambda&gt;5]" time="0.09321904182434082"></testcase><testcase classname="src.pymortests.vectorarray" file="src/pymortests/vectorarray.py" line="409" name="test_axpy_one_x[compatible_vector_array_pair5-&lt;lambda&gt;6]" time="0.03607654571533203"></testcase><testcase classname="src.pymortests.vectorarray" file="src/pymortests/vectorarray.py" line="409" name="test_axpy_one_x[compatible_vector_array_pair5-&lt;lambda&gt;7]" time="0.1092379093170166"></testcase><testcase classname="src.pymortests.vectorarray" file="src/pymortests/vectorarray.py" line="409" name="test_axpy_one_x[compatible_vector_array_pair5-&lt;lambda&gt;8]" time="0.2638728618621826"></testcase><testcase classname="src.pymortests.vectorarray" file="src/pymortests/vectorarray.py" line="409" name="test_axpy_one_x[compatible_vector_array_pair5-&lt;lambda&gt;9]" time="0.5174920558929443"></testcase><testcase classname="src.pymortests.vectorarray" file="src/pymortests/vectorarray.py" line="409" name="test_axpy_one_x[compatible_vector_array_pair5-&lt;lambda&gt;10]" time="1.474459171295166"></testcase><testcase classname="src.pymortests.vectorarray" file="src/pymortests/vectorarray.py" line="409" name="test_axpy_one_x[compatible_vector_array_pair5-&lt;lambda&gt;11]" time="0.11132121086120605"></testcase><testcase classname="src.pymortests.vectorarray" file="src/pymortests/vectorarray.py" line="409" name="test_axpy_one_x[compatible_vector_array_pair5-&lt;lambda&gt;12]" time="0.09179854393005371"></testcase><testcase classname="src.pymortests.vectorarray" file="src/pymortests/vectorarray.py" line="409" name="test_axpy_one_x[compatible_vector_array_pair5-&lt;lambda&gt;13]" time="0.26914215087890625"></testcase><testcase classname="src.pymortests.vectorarray" file="src/pymortests/vectorarray.py" line="409" name="test_axpy_one_x[compatible_vector_array_pair5-&lt;lambda&gt;14]" time="0.14905095100402832"></testcase><testcase classname="src.pymortests.vectorarray" file="src/pymortests/vectorarray.py" line="409" name="test_axpy_one_x[compatible_vector_array_pair5-&lt;lambda&gt;15]" time="0.2664048671722412"></testcase><testcase classname="src.pymortests.vectorarray" file="src/pymortests/vectorarray.py" line="409" name="test_axpy_one_x[compatible_vector_array_pair5-&lt;lambda&gt;16]" time="0.30366969108581543"></testcase><testcase classname="src.pymortests.vectorarray" file="src/pymortests/vectorarray.py" line="409" name="test_axpy_one_x[compatible_vector_array_pair5-&lt;lambda&gt;17]" time="0.3265202045440674"></testcase><testcase classname="src.pymortests.vectorarray" file="src/pymortests/vectorarray.py" line="409" name="test_axpy_one_x[compatible_vector_array_pair5-&lt;lambda&gt;18]" time="0.12173199653625488"></testcase><testcase classname="src.pymortests.vectorarray" file="src/pymortests/vectorarray.py" line="409" name="test_axpy_one_x[compatible_vector_array_pair5-&lt;lambda&gt;19]" time="0.2712855339050293"></testcase><testcase classname="src.pymortests.vectorarray" file="src/pymortests/vectorarray.py" line="409" name="test_axpy_one_x[compatible_vector_array_pair5-&lt;lambda&gt;20]" time="0.8802399635314941"></testcase><testcase classname="src.pymortests.vectorarray" file="src/pymortests/vectorarray.py" line="409" name="test_axpy_one_x[compatible_vector_array_pair5-&lt;lambda&gt;21]" time="0.9063129425048828"></testcase><testcase classname="src.pymortests.vectorarray" file="src/pymortests/vectorarray.py" line="409" name="test_axpy_one_x[compatible_vector_array_pair5-&lt;lambda&gt;22]" time="2.5573596954345703"></testcase><testcase classname="src.pymortests.vectorarray" file="src/pymortests/vectorarray.py" line="409" name="test_axpy_one_x[compatible_vector_array_pair5-&lt;lambda&gt;23]" time="0.2341759204864502"></testcase><testcase classname="src.pymortests.vectorarray" file="src/pymortests/vectorarray.py" line="409" name="test_axpy_one_x[compatible_vector_array_pair5-&lt;lambda&gt;24]" time="0.041690826416015625"></testcase><testcase classname="src.pymortests.vectorarray" file="src/pymortests/vectorarray.py" line="409" name="test_axpy_one_x[compatible_vector_array_pair5-&lt;lambda&gt;25]" time="0.31988978385925293"></testcase><testcase classname="src.pymortests.vectorarray" file="src/pymortests/vectorarray.py" line="409" name="test_axpy_one_x[compatible_vector_array_pair5-&lt;lambda&gt;26]" time="4.878746747970581"></testcase><testcase classname="src.pymortests.vectorarray" file="src/pymortests/vectorarray.py" line="409" name="test_axpy_one_x[compatible_vector_array_pair5-&lt;lambda&gt;27]" time="8.461511135101318"></testcase><testcase classname="src.pymortests.vectorarray" file="src/pymortests/vectorarray.py" line="409" name="test_axpy_one_x[compatible_vector_array_pair5-&lt;lambda&gt;28]" time="31.586599588394165"></testcase><testcase classname="src.pymortests.vectorarray" file="src/pymortests/vectorarray.py" line="409" name="test_axpy_one_x[compatible_vector_array_pair5-&lt;lambda&gt;29]" time="0.7749819755554199"></testcase><testcase classname="src.pymortests.vectorarray" file="src/pymortests/vectorarray.py" line="409" name="test_axpy_one_x[compatible_vector_array_pair6-&lt;lambda&gt;0]" time="0.048026323318481445"></testcase><testcase classname="src.pymortests.vectorarray" file="src/pymortests/vectorarray.py" line="409" name="test_axpy_one_x[compatible_vector_array_pair6-&lt;lambda&gt;1]" time="0.1303551197052002"></testcase><testcase classname="src.pymortests.vectorarray" file="src/pymortests/vectorarray.py" line="409" name="test_axpy_one_x[compatible_vector_array_pair6-&lt;lambda&gt;2]" time="0.0974125862121582"></testcase><testcase classname="src.pymortests.vectorarray" file="src/pymortests/vectorarray.py" line="409" name="test_axpy_one_x[compatible_vector_array_pair6-&lt;lambda&gt;3]" time="0.11103987693786621"></testcase><testcase classname="src.pymortests.vectorarray" file="src/pymortests/vectorarray.py" line="409" name="test_axpy_one_x[compatible_vector_array_pair6-&lt;lambda&gt;4]" time="0.11744570732116699"></testcase><testcase classname="src.pymortests.vectorarray" file="src/pymortests/vectorarray.py" line="409" name="test_axpy_one_x[compatible_vector_array_pair6-&lt;lambda&gt;5]" time="0.1002507209777832"></testcase><testcase classname="src.pymortests.vectorarray" file="src/pymortests/vectorarray.py" line="409" name="test_axpy_one_x[compatible_vector_array_pair6-&lt;lambda&gt;6]" time="0.037171125411987305"></testcase><testcase classname="src.pymortests.vectorarray" file="src/pymortests/vectorarray.py" line="409" name="test_axpy_one_x[compatible_vector_array_pair6-&lt;lambda&gt;7]" time="0.11145138740539551"></testcase><testcase classname="src.pymortests.vectorarray" file="src/pymortests/vectorarray.py" line="409" name="test_axpy_one_x[compatible_vector_array_pair6-&lt;lambda&gt;8]" time="0.2645409107208252"></testcase><testcase classname="src.pymortests.vectorarray" file="src/pymortests/vectorarray.py" line="409" name="test_axpy_one_x[compatible_vector_array_pair6-&lt;lambda&gt;9]" time="0.5175869464874268"></testcase><testcase classname="src.pymortests.vectorarray" file="src/pymortests/vectorarray.py" line="409" name="test_axpy_one_x[compatible_vector_array_pair6-&lt;lambda&gt;10]" time="1.4723377227783203"></testcase><testcase classname="src.pymortests.vectorarray" file="src/pymortests/vectorarray.py" line="409" name="test_axpy_one_x[compatible_vector_array_pair6-&lt;lambda&gt;11]" time="0.11086559295654297"></testcase><testcase classname="src.pymortests.vectorarray" file="src/pymortests/vectorarray.py" line="409" name="test_axpy_one_x[compatible_vector_array_pair6-&lt;lambda&gt;12]" time="0.09165263175964355"></testcase><testcase classname="src.pymortests.vectorarray" file="src/pymortests/vectorarray.py" line="409" name="test_axpy_one_x[compatible_vector_array_pair6-&lt;lambda&gt;13]" time="0.27414703369140625"></testcase><testcase classname="src.pymortests.vectorarray" file="src/pymortests/vectorarray.py" line="409" name="test_axpy_one_x[compatible_vector_array_pair6-&lt;lambda&gt;14]" time="0.15489840507507324"></testcase><testcase classname="src.pymortests.vectorarray" file="src/pymortests/vectorarray.py" line="409" name="test_axpy_one_x[compatible_vector_array_pair6-&lt;lambda&gt;15]" time="0.2684915065765381"></testcase><testcase classname="src.pymortests.vectorarray" file="src/pymortests/vectorarray.py" line="409" name="test_axpy_one_x[compatible_vector_array_pair6-&lt;lambda&gt;16]" time="0.30388951301574707"></testcase><testcase classname="src.pymortests.vectorarray" file="src/pymortests/vectorarray.py" line="409" name="test_axpy_one_x[compatible_vector_array_pair6-&lt;lambda&gt;17]" time="0.3262293338775635"></testcase><testcase classname="src.pymortests.vectorarray" file="src/pymortests/vectorarray.py" line="409" name="test_axpy_one_x[compatible_vector_array_pair6-&lt;lambda&gt;18]" time="0.12351655960083008"></testcase><testcase classname="src.pymortests.vectorarray" file="src/pymortests/vectorarray.py" line="409" name="test_axpy_one_x[compatible_vector_array_pair6-&lt;lambda&gt;19]" time="0.27129530906677246"></testcase><testcase classname="src.pymortests.vectorarray" file="src/pymortests/vectorarray.py" line="409" name="test_axpy_one_x[compatible_vector_array_pair6-&lt;lambda&gt;20]" time="0.917454719543457"></testcase><testcase classname="src.pymortests.vectorarray" file="src/pymortests/vectorarray.py" line="409" name="test_axpy_one_x[compatible_vector_array_pair6-&lt;lambda&gt;21]" time="0.9143030643463135"></testcase><testcase classname="src.pymortests.vectorarray" file="src/pymortests/vectorarray.py" line="409" name="test_axpy_one_x[compatible_vector_array_pair6-&lt;lambda&gt;22]" time="2.5569350719451904"></testcase><testcase classname="src.pymortests.vectorarray" file="src/pymortests/vectorarray.py" line="409" name="test_axpy_one_x[compatible_vector_array_pair6-&lt;lambda&gt;23]" time="0.23628735542297363"></testcase><testcase classname="src.pymortests.vectorarray" file="src/pymortests/vectorarray.py" line="409" name="test_axpy_one_x[compatible_vector_array_pair6-&lt;lambda&gt;24]" time="0.04130220413208008"></testcase><testcase classname="src.pymortests.vectorarray" file="src/pymortests/vectorarray.py" line="409" name="test_axpy_one_x[compatible_vector_array_pair6-&lt;lambda&gt;25]" time="0.3383803367614746"></testcase><testcase classname="src.pymortests.vectorarray" file="src/pymortests/vectorarray.py" line="409" name="test_axpy_one_x[compatible_vector_array_pair6-&lt;lambda&gt;26]" time="5.423776149749756"></testcase><testcase classname="src.pymortests.vectorarray" file="src/pymortests/vectorarray.py" line="409" name="test_axpy_one_x[compatible_vector_array_pair6-&lt;lambda&gt;27]" time="9.443085193634033"></testcase><testcase classname="src.pymortests.vectorarray" file="src/pymortests/vectorarray.py" line="409" name="test_axpy_one_x[compatible_vector_array_pair6-&lt;lambda&gt;28]" time="34.860302209854126"></testcase><testcase classname="src.pymortests.vectorarray" file="src/pymortests/vectorarray.py" line="409" name="test_axpy_one_x[compatible_vector_array_pair6-&lt;lambda&gt;29]" time="0.8572990894317627"></testcase><testcase classname="src.pymortests.vectorarray" file="src/pymortests/vectorarray.py" line="409" name="test_axpy_one_x[compatible_vector_array_pair7-&lt;lambda&gt;0]" time="0.04705452919006348"></testcase><testcase classname="src.pymortests.vectorarray" file="src/pymortests/vectorarray.py" line="409" name="test_axpy_one_x[compatible_vector_array_pair7-&lt;lambda&gt;1]" time="0.1262340545654297"></testcase><testcase classname="src.pymortests.vectorarray" file="src/pymortests/vectorarray.py" line="409" name="test_axpy_one_x[compatible_vector_array_pair7-&lt;lambda&gt;2]" time="0.09709858894348145"></testcase><testcase classname="src.pymortests.vectorarray" file="src/pymortests/vectorarray.py" line="409" name="test_axpy_one_x[compatible_vector_array_pair7-&lt;lambda&gt;3]" time="0.11115479469299316"></testcase><testcase classname="src.pymortests.vectorarray" file="src/pymortests/vectorarray.py" line="409" name="test_axpy_one_x[compatible_vector_array_pair7-&lt;lambda&gt;4]" time="0.11751341819763184"></testcase><testcase classname="src.pymortests.vectorarray" file="src/pymortests/vectorarray.py" line="409" name="test_axpy_one_x[compatible_vector_array_pair7-&lt;lambda&gt;5]" time="0.09382510185241699"></testcase><testcase classname="src.pymortests.vectorarray" file="src/pymortests/vectorarray.py" line="409" name="test_axpy_one_x[compatible_vector_array_pair7-&lt;lambda&gt;6]" time="0.03552746772766113"></testcase><testcase classname="src.pymortests.vectorarray" file="src/pymortests/vectorarray.py" line="409" name="test_axpy_one_x[compatible_vector_array_pair7-&lt;lambda&gt;7]" time="0.11034560203552246"></testcase><testcase classname="src.pymortests.vectorarray" file="src/pymortests/vectorarray.py" line="409" name="test_axpy_one_x[compatible_vector_array_pair7-&lt;lambda&gt;8]" time="0.2749958038330078"></testcase><testcase classname="src.pymortests.vectorarray" file="src/pymortests/vectorarray.py" line="409" name="test_axpy_one_x[compatible_vector_array_pair7-&lt;lambda&gt;9]" time="0.5206966400146484"></testcase><testcase classname="src.pymortests.vectorarray" file="src/pymortests/vectorarray.py" line="409" name="test_axpy_one_x[compatible_vector_array_pair7-&lt;lambda&gt;10]" time="1.4679994583129883"></testcase><testcase classname="src.pymortests.vectorarray" file="src/pymortests/vectorarray.py" line="409" name="test_axpy_one_x[compatible_vector_array_pair7-&lt;lambda&gt;11]" time="0.11102056503295898"></testcase><testcase classname="src.pymortests.vectorarray" file="src/pymortests/vectorarray.py" line="409" name="test_axpy_one_x[compatible_vector_array_pair7-&lt;lambda&gt;12]" time="0.0928955078125"></testcase><testcase classname="src.pymortests.vectorarray" file="src/pymortests/vectorarray.py" line="409" name="test_axpy_one_x[compatible_vector_array_pair7-&lt;lambda&gt;13]" time="0.2737588882446289"></testcase><testcase classname="src.pymortests.vectorarray" file="src/pymortests/vectorarray.py" line="409" name="test_axpy_one_x[compatible_vector_array_pair7-&lt;lambda&gt;14]" time="0.14975357055664062"></testcase><testcase classname="src.pymortests.vectorarray" file="src/pymortests/vectorarray.py" line="409" name="test_axpy_one_x[compatible_vector_array_pair7-&lt;lambda&gt;15]" time="0.26715588569641113"></testcase><testcase classname="src.pymortests.vectorarray" file="src/pymortests/vectorarray.py" line="409" name="test_axpy_one_x[compatible_vector_array_pair7-&lt;lambda&gt;16]" time="0.30394649505615234"></testcase><testcase classname="src.pymortests.vectorarray" file="src/pymortests/vectorarray.py" line="409" name="test_axpy_one_x[compatible_vector_array_pair7-&lt;lambda&gt;17]" time="0.3338596820831299"></testcase><testcase classname="src.pymortests.vectorarray" file="src/pymortests/vectorarray.py" line="409" name="test_axpy_one_x[compatible_vector_array_pair7-&lt;lambda&gt;18]" time="0.1276240348815918"></testcase><testcase classname="src.pymortests.vectorarray" file="src/pymortests/vectorarray.py" line="409" name="test_axpy_one_x[compatible_vector_array_pair7-&lt;lambda&gt;19]" time="0.27826547622680664"></testcase><testcase classname="src.pymortests.vectorarray" file="src/pymortests/vectorarray.py" line="409" name="test_axpy_one_x[compatible_vector_array_pair7-&lt;lambda&gt;20]" time="0.917858362197876"></testcase><testcase classname="src.pymortests.vectorarray" file="src/pymortests/vectorarray.py" line="409" name="test_axpy_one_x[compatible_vector_array_pair7-&lt;lambda&gt;21]" time="0.9208495616912842"></testcase><testcase classname="src.pymortests.vectorarray" file="src/pymortests/vectorarray.py" line="409" name="test_axpy_one_x[compatible_vector_array_pair7-&lt;lambda&gt;22]" time="2.6110873222351074"></testcase><testcase classname="src.pymortests.vectorarray" file="src/pymortests/vectorarray.py" line="409" name="test_axpy_one_x[compatible_vector_array_pair7-&lt;lambda&gt;23]" time="0.23489713668823242"></testcase><testcase classname="src.pymortests.vectorarray" file="src/pymortests/vectorarray.py" line="409" name="test_axpy_one_x[compatible_vector_array_pair7-&lt;lambda&gt;24]" time="0.04229474067687988"></testcase><testcase classname="src.pymortests.vectorarray" file="src/pymortests/vectorarray.py" line="409" name="test_axpy_one_x[compatible_vector_array_pair7-&lt;lambda&gt;25]" time="0.36140966415405273"></testcase><testcase classname="src.pymortests.vectorarray" file="src/pymortests/vectorarray.py" line="409" name="test_axpy_one_x[compatible_vector_array_pair7-&lt;lambda&gt;26]" time="5.963167667388916"></testcase><testcase classname="src.pymortests.vectorarray" file="src/pymortests/vectorarray.py" line="409" name="test_axpy_one_x[compatible_vector_array_pair7-&lt;lambda&gt;27]" time="10.250608205795288"></testcase><testcase classname="src.pymortests.vectorarray" file="src/pymortests/vectorarray.py" line="409" name="test_axpy_one_x[compatible_vector_array_pair7-&lt;lambda&gt;28]" time="38.493624687194824"><system-err>no more timer available, reusing last one
</system-err></testcase><testcase classname="src.pymortests.vectorarray" file="src/pymortests/vectorarray.py" line="409" name="test_axpy_one_x[compatible_vector_array_pair7-&lt;lambda&gt;29]" time="0.9028663635253906"></testcase><testcase classname="src.pymortests.vectorarray" file="src/pymortests/vectorarray.py" line="409" name="test_axpy_one_x[compatible_vector_array_pair8-&lt;lambda&gt;0]" time="0.0493013858795166"></testcase><testcase classname="src.pymortests.vectorarray" file="src/pymortests/vectorarray.py" line="409" name="test_axpy_one_x[compatible_vector_array_pair8-&lt;lambda&gt;1]" time="0.12694883346557617"></testcase><testcase classname="src.pymortests.vectorarray" file="src/pymortests/vectorarray.py" line="409" name="test_axpy_one_x[compatible_vector_array_pair8-&lt;lambda&gt;2]" time="0.09672427177429199"></testcase><testcase classname="src.pymortests.vectorarray" file="src/pymortests/vectorarray.py" line="409" name="test_axpy_one_x[compatible_vector_array_pair8-&lt;lambda&gt;3]" time="0.11479926109313965"></testcase><testcase classname="src.pymortests.vectorarray" file="src/pymortests/vectorarray.py" line="409" name="test_axpy_one_x[compatible_vector_array_pair8-&lt;lambda&gt;4]" time="0.11780190467834473"></testcase><testcase classname="src.pymortests.vectorarray" file="src/pymortests/vectorarray.py" line="409" name="test_axpy_one_x[compatible_vector_array_pair8-&lt;lambda&gt;5]" time="0.09450268745422363"></testcase><testcase classname="src.pymortests.vectorarray" file="src/pymortests/vectorarray.py" line="409" name="test_axpy_one_x[compatible_vector_array_pair8-&lt;lambda&gt;6]" time="0.036489248275756836"></testcase><testcase classname="src.pymortests.vectorarray" file="src/pymortests/vectorarray.py" line="409" name="test_axpy_one_x[compatible_vector_array_pair8-&lt;lambda&gt;7]" time="0.10979700088500977"></testcase><testcase classname="src.pymortests.vectorarray" file="src/pymortests/vectorarray.py" line="409" name="test_axpy_one_x[compatible_vector_array_pair8-&lt;lambda&gt;8]" time="0.2639803886413574"></testcase><testcase classname="src.pymortests.vectorarray" file="src/pymortests/vectorarray.py" line="409" name="test_axpy_one_x[compatible_vector_array_pair8-&lt;lambda&gt;9]" time="0.522519588470459"></testcase><testcase classname="src.pymortests.vectorarray" file="src/pymortests/vectorarray.py" line="409" name="test_axpy_one_x[compatible_vector_array_pair8-&lt;lambda&gt;10]" time="1.4754316806793213"></testcase><testcase classname="src.pymortests.vectorarray" file="src/pymortests/vectorarray.py" line="409" name="test_axpy_one_x[compatible_vector_array_pair8-&lt;lambda&gt;11]" time="0.11176013946533203"></testcase><testcase classname="src.pymortests.vectorarray" file="src/pymortests/vectorarray.py" line="409" name="test_axpy_one_x[compatible_vector_array_pair8-&lt;lambda&gt;12]" time="0.09224104881286621"></testcase><testcase classname="src.pymortests.vectorarray" file="src/pymortests/vectorarray.py" line="409" name="test_axpy_one_x[compatible_vector_array_pair8-&lt;lambda&gt;13]" time="0.2750542163848877"></testcase><testcase classname="src.pymortests.vectorarray" file="src/pymortests/vectorarray.py" line="409" name="test_axpy_one_x[compatible_vector_array_pair8-&lt;lambda&gt;14]" time="0.15123462677001953"></testcase><testcase classname="src.pymortests.vectorarray" file="src/pymortests/vectorarray.py" line="409" name="test_axpy_one_x[compatible_vector_array_pair8-&lt;lambda&gt;15]" time="0.26668357849121094"></testcase><testcase classname="src.pymortests.vectorarray" file="src/pymortests/vectorarray.py" line="409" name="test_axpy_one_x[compatible_vector_array_pair8-&lt;lambda&gt;16]" time="0.3001978397369385"></testcase><testcase classname="src.pymortests.vectorarray" file="src/pymortests/vectorarray.py" line="409" name="test_axpy_one_x[compatible_vector_array_pair8-&lt;lambda&gt;17]" time="0.3309767246246338"></testcase><testcase classname="src.pymortests.vectorarray" file="src/pymortests/vectorarray.py" line="409" name="test_axpy_one_x[compatible_vector_array_pair8-&lt;lambda&gt;18]" time="0.12362885475158691"></testcase><testcase classname="src.pymortests.vectorarray" file="src/pymortests/vectorarray.py" line="409" name="test_axpy_one_x[compatible_vector_array_pair8-&lt;lambda&gt;19]" time="0.2731287479400635"></testcase><testcase classname="src.pymortests.vectorarray" file="src/pymortests/vectorarray.py" line="409" name="test_axpy_one_x[compatible_vector_array_pair8-&lt;lambda&gt;20]" time="0.941718578338623"></testcase><testcase classname="src.pymortests.vectorarray" file="src/pymortests/vectorarray.py" line="409" name="test_axpy_one_x[compatible_vector_array_pair8-&lt;lambda&gt;21]" time="0.9250268936157227"></testcase><testcase classname="src.pymortests.vectorarray" file="src/pymortests/vectorarray.py" line="409" name="test_axpy_one_x[compatible_vector_array_pair8-&lt;lambda&gt;22]" time="2.56925630569458"></testcase><testcase classname="src.pymortests.vectorarray" file="src/pymortests/vectorarray.py" line="409" name="test_axpy_one_x[compatible_vector_array_pair8-&lt;lambda&gt;23]" time="0.23431897163391113"></testcase><testcase classname="src.pymortests.vectorarray" file="src/pymortests/vectorarray.py" line="409" name="test_axpy_one_x[compatible_vector_array_pair8-&lt;lambda&gt;24]" time="0.04117703437805176"></testcase><testcase classname="src.pymortests.vectorarray" file="src/pymortests/vectorarray.py" line="409" name="test_axpy_one_x[compatible_vector_array_pair8-&lt;lambda&gt;25]" time="0.3771944046020508"></testcase><testcase classname="src.pymortests.vectorarray" file="src/pymortests/vectorarray.py" line="409" name="test_axpy_one_x[compatible_vector_array_pair8-&lt;lambda&gt;26]" time="6.328075408935547"></testcase><testcase classname="src.pymortests.vectorarray" file="src/pymortests/vectorarray.py" line="409" name="test_axpy_one_x[compatible_vector_array_pair8-&lt;lambda&gt;27]" time="10.725245237350464"></testcase><testcase classname="src.pymortests.vectorarray" file="src/pymortests/vectorarray.py" line="409" name="test_axpy_one_x[compatible_vector_array_pair8-&lt;lambda&gt;28]" time="39.22735333442688"></testcase><testcase classname="src.pymortests.vectorarray" file="src/pymortests/vectorarray.py" line="409" name="test_axpy_one_x[compatible_vector_array_pair8-&lt;lambda&gt;29]" time="0.8939402103424072"></testcase><testcase classname="src.pymortests.vectorarray" file="src/pymortests/vectorarray.py" line="457" name="test_axpy_self[0-&lt;lambda&gt;0]" time="0.01824164390563965"></testcase><testcase classname="src.pymortests.vectorarray" file="src/pymortests/vectorarray.py" line="457" name="test_axpy_self[0-&lt;lambda&gt;1]" time="0.018841981887817383"></testcase><testcase classname="src.pymortests.vectorarray" file="src/pymortests/vectorarray.py" line="457" name="test_axpy_self[0-&lt;lambda&gt;2]" time="0.03587150573730469"></testcase><testcase classname="src.pymortests.vectorarray" file="src/pymortests/vectorarray.py" line="457" name="test_axpy_self[0-&lt;lambda&gt;3]" time="0.038416385650634766"></testcase><testcase classname="src.pymortests.vectorarray" file="src/pymortests/vectorarray.py" line="457" name="test_axpy_self[0-&lt;lambda&gt;4]" time="0.0383908748626709"></testcase><testcase classname="src.pymortests.vectorarray" file="src/pymortests/vectorarray.py" line="457" name="test_axpy_self[0-&lt;lambda&gt;5]" time="0.015096187591552734"></testcase><testcase classname="src.pymortests.vectorarray" file="src/pymortests/vectorarray.py" line="457" name="test_axpy_self[0-&lt;lambda&gt;6]" time="0.015144824981689453"></testcase><testcase classname="src.pymortests.vectorarray" file="src/pymortests/vectorarray.py" line="457" name="test_axpy_self[0-&lt;lambda&gt;7]" time="0.036635637283325195"></testcase><testcase classname="src.pymortests.vectorarray" file="src/pymortests/vectorarray.py" line="457" name="test_axpy_self[0-&lt;lambda&gt;8]" time="0.21458864212036133"></testcase><testcase classname="src.pymortests.vectorarray" file="src/pymortests/vectorarray.py" line="457" name="test_axpy_self[0-&lt;lambda&gt;9]" time="0.4116213321685791"></testcase><testcase classname="src.pymortests.vectorarray" file="src/pymortests/vectorarray.py" line="457" name="test_axpy_self[0-&lt;lambda&gt;10]" time="0.03232383728027344"></testcase><testcase classname="src.pymortests.vectorarray" file="src/pymortests/vectorarray.py" line="457" name="test_axpy_self[0-&lt;lambda&gt;11]" time="0.06467771530151367"></testcase><testcase classname="src.pymortests.vectorarray" file="src/pymortests/vectorarray.py" line="457" name="test_axpy_self[0-&lt;lambda&gt;12]" time="0.06429171562194824"></testcase><testcase classname="src.pymortests.vectorarray" file="src/pymortests/vectorarray.py" line="457" name="test_axpy_self[0-&lt;lambda&gt;13]" time="0.05282902717590332"></testcase><testcase classname="src.pymortests.vectorarray" file="src/pymortests/vectorarray.py" line="457" name="test_axpy_self[0-&lt;lambda&gt;14]" time="0.06919980049133301"></testcase><testcase classname="src.pymortests.vectorarray" file="src/pymortests/vectorarray.py" line="457" name="test_axpy_self[0-&lt;lambda&gt;15]" time="0.09832000732421875"></testcase><testcase classname="src.pymortests.vectorarray" file="src/pymortests/vectorarray.py" line="457" name="test_axpy_self[0-&lt;lambda&gt;16]" time="0.10886383056640625"></testcase><testcase classname="src.pymortests.vectorarray" file="src/pymortests/vectorarray.py" line="457" name="test_axpy_self[0-&lt;lambda&gt;17]" time="0.04402732849121094"></testcase><testcase classname="src.pymortests.vectorarray" file="src/pymortests/vectorarray.py" line="457" name="test_axpy_self[0-&lt;lambda&gt;18]" time="0.044231414794921875"></testcase><testcase classname="src.pymortests.vectorarray" file="src/pymortests/vectorarray.py" line="457" name="test_axpy_self[0-&lt;lambda&gt;19]" time="0.13751697540283203"></testcase><testcase classname="src.pymortests.vectorarray" file="src/pymortests/vectorarray.py" line="457" name="test_axpy_self[0-&lt;lambda&gt;20]" time="0.382305383682251"></testcase><testcase classname="src.pymortests.vectorarray" file="src/pymortests/vectorarray.py" line="457" name="test_axpy_self[0-&lt;lambda&gt;21]" time="0.8467376232147217"></testcase><testcase classname="src.pymortests.vectorarray" file="src/pymortests/vectorarray.py" line="457" name="test_axpy_self[0-&lt;lambda&gt;22]" time="0.01663517951965332"></testcase><testcase classname="src.pymortests.vectorarray" file="src/pymortests/vectorarray.py" line="457" name="test_axpy_self[0-&lt;lambda&gt;23]" time="0.01657843589782715"></testcase><testcase classname="src.pymortests.vectorarray" file="src/pymortests/vectorarray.py" line="457" name="test_axpy_self[0-&lt;lambda&gt;24]" time="0.1659221649169922"></testcase><testcase classname="src.pymortests.vectorarray" file="src/pymortests/vectorarray.py" line="457" name="test_axpy_self[0-&lt;lambda&gt;25]" time="4.429198265075684"></testcase><testcase classname="src.pymortests.vectorarray" file="src/pymortests/vectorarray.py" line="457" name="test_axpy_self[0-&lt;lambda&gt;26]" time="10.295839309692383"></testcase><testcase classname="src.pymortests.vectorarray" file="src/pymortests/vectorarray.py" line="457" name="test_axpy_self[1-&lt;lambda&gt;0]" time="0.01814556121826172"></testcase><testcase classname="src.pymortests.vectorarray" file="src/pymortests/vectorarray.py" line="457" name="test_axpy_self[1-&lt;lambda&gt;1]" time="0.019960641860961914"></testcase><testcase classname="src.pymortests.vectorarray" file="src/pymortests/vectorarray.py" line="457" name="test_axpy_self[1-&lt;lambda&gt;2]" time="0.03594350814819336"></testcase><testcase classname="src.pymortests.vectorarray" file="src/pymortests/vectorarray.py" line="457" name="test_axpy_self[1-&lt;lambda&gt;3]" time="0.03801774978637695"></testcase><testcase classname="src.pymortests.vectorarray" file="src/pymortests/vectorarray.py" line="457" name="test_axpy_self[1-&lt;lambda&gt;4]" time="0.03829193115234375"></testcase><testcase classname="src.pymortests.vectorarray" file="src/pymortests/vectorarray.py" line="457" name="test_axpy_self[1-&lt;lambda&gt;5]" time="0.01519322395324707"></testcase><testcase classname="src.pymortests.vectorarray" file="src/pymortests/vectorarray.py" line="457" name="test_axpy_self[1-&lt;lambda&gt;6]" time="0.015517473220825195"></testcase><testcase classname="src.pymortests.vectorarray" file="src/pymortests/vectorarray.py" line="457" name="test_axpy_self[1-&lt;lambda&gt;7]" time="0.038149356842041016"></testcase><testcase classname="src.pymortests.vectorarray" file="src/pymortests/vectorarray.py" line="457" name="test_axpy_self[1-&lt;lambda&gt;8]" time="0.2133631706237793"></testcase><testcase classname="src.pymortests.vectorarray" file="src/pymortests/vectorarray.py" line="457" name="test_axpy_self[1-&lt;lambda&gt;9]" time="0.42556214332580566"></testcase><testcase classname="src.pymortests.vectorarray" file="src/pymortests/vectorarray.py" line="457" name="test_axpy_self[1-&lt;lambda&gt;10]" time="0.032797813415527344"></testcase><testcase classname="src.pymortests.vectorarray" file="src/pymortests/vectorarray.py" line="457" name="test_axpy_self[1-&lt;lambda&gt;11]" time="0.06423401832580566"></testcase><testcase classname="src.pymortests.vectorarray" file="src/pymortests/vectorarray.py" line="457" name="test_axpy_self[1-&lt;lambda&gt;12]" time="0.06517577171325684"></testcase><testcase classname="src.pymortests.vectorarray" file="src/pymortests/vectorarray.py" line="457" name="test_axpy_self[1-&lt;lambda&gt;13]" time="0.053609371185302734"></testcase><testcase classname="src.pymortests.vectorarray" file="src/pymortests/vectorarray.py" line="457" name="test_axpy_self[1-&lt;lambda&gt;14]" time="0.07021570205688477"></testcase><testcase classname="src.pymortests.vectorarray" file="src/pymortests/vectorarray.py" line="457" name="test_axpy_self[1-&lt;lambda&gt;15]" time="0.09775495529174805"></testcase><testcase classname="src.pymortests.vectorarray" file="src/pymortests/vectorarray.py" line="457" name="test_axpy_self[1-&lt;lambda&gt;16]" time="0.1083078384399414"></testcase><testcase classname="src.pymortests.vectorarray" file="src/pymortests/vectorarray.py" line="457" name="test_axpy_self[1-&lt;lambda&gt;17]" time="0.043274879455566406"></testcase><testcase classname="src.pymortests.vectorarray" file="src/pymortests/vectorarray.py" line="457" name="test_axpy_self[1-&lt;lambda&gt;18]" time="0.0440373420715332"></testcase><testcase classname="src.pymortests.vectorarray" file="src/pymortests/vectorarray.py" line="457" name="test_axpy_self[1-&lt;lambda&gt;19]" time="0.13528013229370117"></testcase><testcase classname="src.pymortests.vectorarray" file="src/pymortests/vectorarray.py" line="457" name="test_axpy_self[1-&lt;lambda&gt;20]" time="0.3810102939605713"></testcase><testcase classname="src.pymortests.vectorarray" file="src/pymortests/vectorarray.py" line="457" name="test_axpy_self[1-&lt;lambda&gt;21]" time="0.8486533164978027"></testcase><testcase classname="src.pymortests.vectorarray" file="src/pymortests/vectorarray.py" line="457" name="test_axpy_self[1-&lt;lambda&gt;22]" time="0.016332626342773438"></testcase><testcase classname="src.pymortests.vectorarray" file="src/pymortests/vectorarray.py" line="457" name="test_axpy_self[1-&lt;lambda&gt;23]" time="0.01659846305847168"></testcase><testcase classname="src.pymortests.vectorarray" file="src/pymortests/vectorarray.py" line="457" name="test_axpy_self[1-&lt;lambda&gt;24]" time="0.16996169090270996"></testcase><testcase classname="src.pymortests.vectorarray" file="src/pymortests/vectorarray.py" line="457" name="test_axpy_self[1-&lt;lambda&gt;25]" time="4.435809850692749"></testcase><testcase classname="src.pymortests.vectorarray" file="src/pymortests/vectorarray.py" line="457" name="test_axpy_self[1-&lt;lambda&gt;26]" time="10.372355937957764"></testcase><testcase classname="src.pymortests.vectorarray" file="src/pymortests/vectorarray.py" line="457" name="test_axpy_self[2-&lt;lambda&gt;0]" time="0.018045663833618164"></testcase><testcase classname="src.pymortests.vectorarray" file="src/pymortests/vectorarray.py" line="457" name="test_axpy_self[2-&lt;lambda&gt;1]" time="0.018918752670288086"></testcase><testcase classname="src.pymortests.vectorarray" file="src/pymortests/vectorarray.py" line="457" name="test_axpy_self[2-&lt;lambda&gt;2]" time="0.03595852851867676"></testcase><testcase classname="src.pymortests.vectorarray" file="src/pymortests/vectorarray.py" line="457" name="test_axpy_self[2-&lt;lambda&gt;3]" time="0.03805661201477051"></testcase><testcase classname="src.pymortests.vectorarray" file="src/pymortests/vectorarray.py" line="457" name="test_axpy_self[2-&lt;lambda&gt;4]" time="0.039032697677612305"></testcase><testcase classname="src.pymortests.vectorarray" file="src/pymortests/vectorarray.py" line="457" name="test_axpy_self[2-&lt;lambda&gt;5]" time="0.015465974807739258"></testcase><testcase classname="src.pymortests.vectorarray" file="src/pymortests/vectorarray.py" line="457" name="test_axpy_self[2-&lt;lambda&gt;6]" time="0.015038490295410156"></testcase><testcase classname="src.pymortests.vectorarray" file="src/pymortests/vectorarray.py" line="457" name="test_axpy_self[2-&lt;lambda&gt;7]" time="0.03712010383605957"></testcase><testcase classname="src.pymortests.vectorarray" file="src/pymortests/vectorarray.py" line="457" name="test_axpy_self[2-&lt;lambda&gt;8]" time="0.2118687629699707"></testcase><testcase classname="src.pymortests.vectorarray" file="src/pymortests/vectorarray.py" line="457" name="test_axpy_self[2-&lt;lambda&gt;9]" time="0.41780805587768555"></testcase><testcase classname="src.pymortests.vectorarray" file="src/pymortests/vectorarray.py" line="457" name="test_axpy_self[2-&lt;lambda&gt;10]" time="0.03273177146911621"></testcase><testcase classname="src.pymortests.vectorarray" file="src/pymortests/vectorarray.py" line="457" name="test_axpy_self[2-&lt;lambda&gt;11]" time="0.0644218921661377"></testcase><testcase classname="src.pymortests.vectorarray" file="src/pymortests/vectorarray.py" line="457" name="test_axpy_self[2-&lt;lambda&gt;12]" time="0.06435847282409668"></testcase><testcase classname="src.pymortests.vectorarray" file="src/pymortests/vectorarray.py" line="457" name="test_axpy_self[2-&lt;lambda&gt;13]" time="0.05327415466308594"></testcase><testcase classname="src.pymortests.vectorarray" file="src/pymortests/vectorarray.py" line="457" name="test_axpy_self[2-&lt;lambda&gt;14]" time="0.07057857513427734"></testcase><testcase classname="src.pymortests.vectorarray" file="src/pymortests/vectorarray.py" line="457" name="test_axpy_self[2-&lt;lambda&gt;15]" time="0.1003730297088623"></testcase><testcase classname="src.pymortests.vectorarray" file="src/pymortests/vectorarray.py" line="457" name="test_axpy_self[2-&lt;lambda&gt;16]" time="0.10933279991149902"></testcase><testcase classname="src.pymortests.vectorarray" file="src/pymortests/vectorarray.py" line="457" name="test_axpy_self[2-&lt;lambda&gt;17]" time="0.044112443923950195"></testcase><testcase classname="src.pymortests.vectorarray" file="src/pymortests/vectorarray.py" line="457" name="test_axpy_self[2-&lt;lambda&gt;18]" time="0.04463672637939453"></testcase><testcase classname="src.pymortests.vectorarray" file="src/pymortests/vectorarray.py" line="457" name="test_axpy_self[2-&lt;lambda&gt;19]" time="0.13627386093139648"></testcase><testcase classname="src.pymortests.vectorarray" file="src/pymortests/vectorarray.py" line="457" name="test_axpy_self[2-&lt;lambda&gt;20]" time="0.3887808322906494"></testcase><testcase classname="src.pymortests.vectorarray" file="src/pymortests/vectorarray.py" line="457" name="test_axpy_self[2-&lt;lambda&gt;21]" time="0.8525505065917969"></testcase><testcase classname="src.pymortests.vectorarray" file="src/pymortests/vectorarray.py" line="457" name="test_axpy_self[2-&lt;lambda&gt;22]" time="0.01636481285095215"></testcase><testcase classname="src.pymortests.vectorarray" file="src/pymortests/vectorarray.py" line="457" name="test_axpy_self[2-&lt;lambda&gt;23]" time="0.016782760620117188"></testcase><testcase classname="src.pymortests.vectorarray" file="src/pymortests/vectorarray.py" line="457" name="test_axpy_self[2-&lt;lambda&gt;24]" time="0.17110347747802734"></testcase><testcase classname="src.pymortests.vectorarray" file="src/pymortests/vectorarray.py" line="457" name="test_axpy_self[2-&lt;lambda&gt;25]" time="4.474424123764038"></testcase><testcase classname="src.pymortests.vectorarray" file="src/pymortests/vectorarray.py" line="457" name="test_axpy_self[2-&lt;lambda&gt;26]" time="10.4404878616333"></testcase><testcase classname="src.pymortests.vectorarray" file="src/pymortests/vectorarray.py" line="513" name="test_pairwise_dot[compatible_vector_array_pair0-&lt;lambda&gt;0]" time="0.003331899642944336"></testcase><testcase classname="src.pymortests.vectorarray" file="src/pymortests/vectorarray.py" line="513" name="test_pairwise_dot[compatible_vector_array_pair0-&lt;lambda&gt;1]" time="0.0016112327575683594"></testcase><testcase classname="src.pymortests.vectorarray" file="src/pymortests/vectorarray.py" line="513" name="test_pairwise_dot[compatible_vector_array_pair0-&lt;lambda&gt;2]" time="0.0037114620208740234"></testcase><testcase classname="src.pymortests.vectorarray" file="src/pymortests/vectorarray.py" line="513" name="test_pairwise_dot[compatible_vector_array_pair0-&lt;lambda&gt;3]" time="0.004025459289550781"></testcase><testcase classname="src.pymortests.vectorarray" file="src/pymortests/vectorarray.py" line="513" name="test_pairwise_dot[compatible_vector_array_pair0-&lt;lambda&gt;4]" time="0.005776643753051758"></testcase><testcase classname="src.pymortests.vectorarray" file="src/pymortests/vectorarray.py" line="513" name="test_pairwise_dot[compatible_vector_array_pair0-&lt;lambda&gt;5]" time="0.004881143569946289"></testcase><testcase classname="src.pymortests.vectorarray" file="src/pymortests/vectorarray.py" line="513" name="test_pairwise_dot[compatible_vector_array_pair0-&lt;lambda&gt;6]" time="0.0022542476654052734"></testcase><testcase classname="src.pymortests.vectorarray" file="src/pymortests/vectorarray.py" line="513" name="test_pairwise_dot[compatible_vector_array_pair0-&lt;lambda&gt;7]" time="0.0013575553894042969"></testcase><testcase classname="src.pymortests.vectorarray" file="src/pymortests/vectorarray.py" line="513" name="test_pairwise_dot[compatible_vector_array_pair0-&lt;lambda&gt;8]" time="0.005372047424316406"></testcase><testcase classname="src.pymortests.vectorarray" file="src/pymortests/vectorarray.py" line="513" name="test_pairwise_dot[compatible_vector_array_pair0-&lt;lambda&gt;9]" time="0.006833791732788086"></testcase><testcase classname="src.pymortests.vectorarray" file="src/pymortests/vectorarray.py" line="513" name="test_pairwise_dot[compatible_vector_array_pair0-&lt;lambda&gt;10]" time="0.020956993103027344"></testcase><testcase classname="src.pymortests.vectorarray" file="src/pymortests/vectorarray.py" line="513" name="test_pairwise_dot[compatible_vector_array_pair0-&lt;lambda&gt;11]" time="0.006214141845703125"></testcase><testcase classname="src.pymortests.vectorarray" file="src/pymortests/vectorarray.py" line="513" name="test_pairwise_dot[compatible_vector_array_pair0-&lt;lambda&gt;12]" time="0.004545927047729492"></testcase><testcase classname="src.pymortests.vectorarray" file="src/pymortests/vectorarray.py" line="513" name="test_pairwise_dot[compatible_vector_array_pair0-&lt;lambda&gt;13]" time="0.002093076705932617"></testcase><testcase classname="src.pymortests.vectorarray" file="src/pymortests/vectorarray.py" line="513" name="test_pairwise_dot[compatible_vector_array_pair0-&lt;lambda&gt;14]" time="0.0050089359283447266"></testcase><testcase classname="src.pymortests.vectorarray" file="src/pymortests/vectorarray.py" line="513" name="test_pairwise_dot[compatible_vector_array_pair0-&lt;lambda&gt;15]" time="0.008060216903686523"></testcase><testcase classname="src.pymortests.vectorarray" file="src/pymortests/vectorarray.py" line="513" name="test_pairwise_dot[compatible_vector_array_pair0-&lt;lambda&gt;16]" time="0.008726835250854492"></testcase><testcase classname="src.pymortests.vectorarray" file="src/pymortests/vectorarray.py" line="513" name="test_pairwise_dot[compatible_vector_array_pair0-&lt;lambda&gt;17]" time="0.014200210571289062"></testcase><testcase classname="src.pymortests.vectorarray" file="src/pymortests/vectorarray.py" line="513" name="test_pairwise_dot[compatible_vector_array_pair0-&lt;lambda&gt;18]" time="0.007330417633056641"></testcase><testcase classname="src.pymortests.vectorarray" file="src/pymortests/vectorarray.py" line="513" name="test_pairwise_dot[compatible_vector_array_pair0-&lt;lambda&gt;19]" time="0.00225830078125"></testcase><testcase classname="src.pymortests.vectorarray" file="src/pymortests/vectorarray.py" line="513" name="test_pairwise_dot[compatible_vector_array_pair0-&lt;lambda&gt;20]" time="0.04571962356567383"></testcase><testcase classname="src.pymortests.vectorarray" file="src/pymortests/vectorarray.py" line="513" name="test_pairwise_dot[compatible_vector_array_pair0-&lt;lambda&gt;21]" time="0.020736217498779297"></testcase><testcase classname="src.pymortests.vectorarray" file="src/pymortests/vectorarray.py" line="513" name="test_pairwise_dot[compatible_vector_array_pair0-&lt;lambda&gt;22]" time="0.06742548942565918"></testcase><testcase classname="src.pymortests.vectorarray" file="src/pymortests/vectorarray.py" line="513" name="test_pairwise_dot[compatible_vector_array_pair0-&lt;lambda&gt;23]" time="0.008368968963623047"></testcase><testcase classname="src.pymortests.vectorarray" file="src/pymortests/vectorarray.py" line="513" name="test_pairwise_dot[compatible_vector_array_pair0-&lt;lambda&gt;24]" time="0.003585338592529297"></testcase><testcase classname="src.pymortests.vectorarray" file="src/pymortests/vectorarray.py" line="513" name="test_pairwise_dot[compatible_vector_array_pair0-&lt;lambda&gt;25]" time="0.0023131370544433594"></testcase><testcase classname="src.pymortests.vectorarray" file="src/pymortests/vectorarray.py" line="513" name="test_pairwise_dot[compatible_vector_array_pair0-&lt;lambda&gt;26]" time="0.026990175247192383"></testcase><testcase classname="src.pymortests.vectorarray" file="src/pymortests/vectorarray.py" line="513" name="test_pairwise_dot[compatible_vector_array_pair0-&lt;lambda&gt;27]" time="0.036316633224487305"></testcase><testcase classname="src.pymortests.vectorarray" file="src/pymortests/vectorarray.py" line="513" name="test_pairwise_dot[compatible_vector_array_pair0-&lt;lambda&gt;28]" time="0.12750029563903809"></testcase><testcase classname="src.pymortests.vectorarray" file="src/pymortests/vectorarray.py" line="513" name="test_pairwise_dot[compatible_vector_array_pair0-&lt;lambda&gt;29]" time="0.009523630142211914"></testcase><testcase classname="src.pymortests.vectorarray" file="src/pymortests/vectorarray.py" line="513" name="test_pairwise_dot[compatible_vector_array_pair1-&lt;lambda&gt;0]" time="0.0037908554077148438"></testcase><testcase classname="src.pymortests.vectorarray" file="src/pymortests/vectorarray.py" line="513" name="test_pairwise_dot[compatible_vector_array_pair1-&lt;lambda&gt;1]" time="0.0016531944274902344"></testcase><testcase classname="src.pymortests.vectorarray" file="src/pymortests/vectorarray.py" line="513" name="test_pairwise_dot[compatible_vector_array_pair1-&lt;lambda&gt;2]" time="0.0038187503814697266"></testcase><testcase classname="src.pymortests.vectorarray" file="src/pymortests/vectorarray.py" line="513" name="test_pairwise_dot[compatible_vector_array_pair1-&lt;lambda&gt;3]" time="0.004074811935424805"></testcase><testcase classname="src.pymortests.vectorarray" file="src/pymortests/vectorarray.py" line="513" name="test_pairwise_dot[compatible_vector_array_pair1-&lt;lambda&gt;4]" time="0.0059661865234375"></testcase><testcase classname="src.pymortests.vectorarray" file="src/pymortests/vectorarray.py" line="513" name="test_pairwise_dot[compatible_vector_array_pair1-&lt;lambda&gt;5]" time="0.0048406124114990234"></testcase><testcase classname="src.pymortests.vectorarray" file="src/pymortests/vectorarray.py" line="513" name="test_pairwise_dot[compatible_vector_array_pair1-&lt;lambda&gt;6]" time="0.0022745132446289062"></testcase><testcase classname="src.pymortests.vectorarray" file="src/pymortests/vectorarray.py" line="513" name="test_pairwise_dot[compatible_vector_array_pair1-&lt;lambda&gt;7]" time="0.0014312267303466797"></testcase><testcase classname="src.pymortests.vectorarray" file="src/pymortests/vectorarray.py" line="513" name="test_pairwise_dot[compatible_vector_array_pair1-&lt;lambda&gt;8]" time="0.005480051040649414"></testcase><testcase classname="src.pymortests.vectorarray" file="src/pymortests/vectorarray.py" line="513" name="test_pairwise_dot[compatible_vector_array_pair1-&lt;lambda&gt;9]" time="0.006891727447509766"></testcase><testcase classname="src.pymortests.vectorarray" file="src/pymortests/vectorarray.py" line="513" name="test_pairwise_dot[compatible_vector_array_pair1-&lt;lambda&gt;10]" time="0.021245241165161133"></testcase><testcase classname="src.pymortests.vectorarray" file="src/pymortests/vectorarray.py" line="513" name="test_pairwise_dot[compatible_vector_array_pair1-&lt;lambda&gt;11]" time="0.006162881851196289"></testcase><testcase classname="src.pymortests.vectorarray" file="src/pymortests/vectorarray.py" line="513" name="test_pairwise_dot[compatible_vector_array_pair1-&lt;lambda&gt;12]" time="0.004506826400756836"></testcase><testcase classname="src.pymortests.vectorarray" file="src/pymortests/vectorarray.py" line="513" name="test_pairwise_dot[compatible_vector_array_pair1-&lt;lambda&gt;13]" time="0.002149820327758789"></testcase><testcase classname="src.pymortests.vectorarray" file="src/pymortests/vectorarray.py" line="513" name="test_pairwise_dot[compatible_vector_array_pair1-&lt;lambda&gt;14]" time="0.005072593688964844"></testcase><testcase classname="src.pymortests.vectorarray" file="src/pymortests/vectorarray.py" line="513" name="test_pairwise_dot[compatible_vector_array_pair1-&lt;lambda&gt;15]" time="0.008053302764892578"></testcase><testcase classname="src.pymortests.vectorarray" file="src/pymortests/vectorarray.py" line="513" name="test_pairwise_dot[compatible_vector_array_pair1-&lt;lambda&gt;16]" time="0.008768558502197266"></testcase><testcase classname="src.pymortests.vectorarray" file="src/pymortests/vectorarray.py" line="513" name="test_pairwise_dot[compatible_vector_array_pair1-&lt;lambda&gt;17]" time="0.01420903205871582"></testcase><testcase classname="src.pymortests.vectorarray" file="src/pymortests/vectorarray.py" line="513" name="test_pairwise_dot[compatible_vector_array_pair1-&lt;lambda&gt;18]" time="0.007433414459228516"></testcase><testcase classname="src.pymortests.vectorarray" file="src/pymortests/vectorarray.py" line="513" name="test_pairwise_dot[compatible_vector_array_pair1-&lt;lambda&gt;19]" time="0.002253293991088867"></testcase><testcase classname="src.pymortests.vectorarray" file="src/pymortests/vectorarray.py" line="513" name="test_pairwise_dot[compatible_vector_array_pair1-&lt;lambda&gt;20]" time="0.04393458366394043"></testcase><testcase classname="src.pymortests.vectorarray" file="src/pymortests/vectorarray.py" line="513" name="test_pairwise_dot[compatible_vector_array_pair1-&lt;lambda&gt;21]" time="0.020853519439697266"></testcase><testcase classname="src.pymortests.vectorarray" file="src/pymortests/vectorarray.py" line="513" name="test_pairwise_dot[compatible_vector_array_pair1-&lt;lambda&gt;22]" time="0.07101202011108398"></testcase><testcase classname="src.pymortests.vectorarray" file="src/pymortests/vectorarray.py" line="513" name="test_pairwise_dot[compatible_vector_array_pair1-&lt;lambda&gt;23]" time="0.008210897445678711"></testcase><testcase classname="src.pymortests.vectorarray" file="src/pymortests/vectorarray.py" line="513" name="test_pairwise_dot[compatible_vector_array_pair1-&lt;lambda&gt;24]" time="0.0024878978729248047"></testcase><testcase classname="src.pymortests.vectorarray" file="src/pymortests/vectorarray.py" line="513" name="test_pairwise_dot[compatible_vector_array_pair1-&lt;lambda&gt;25]" time="0.0031778812408447266"></testcase><testcase classname="src.pymortests.vectorarray" file="src/pymortests/vectorarray.py" line="513" name="test_pairwise_dot[compatible_vector_array_pair1-&lt;lambda&gt;26]" time="0.045120954513549805"></testcase><testcase classname="src.pymortests.vectorarray" file="src/pymortests/vectorarray.py" line="513" name="test_pairwise_dot[compatible_vector_array_pair1-&lt;lambda&gt;27]" time="0.04103374481201172"></testcase><testcase classname="src.pymortests.vectorarray" file="src/pymortests/vectorarray.py" line="513" name="test_pairwise_dot[compatible_vector_array_pair1-&lt;lambda&gt;28]" time="0.17960500717163086"></testcase><testcase classname="src.pymortests.vectorarray" file="src/pymortests/vectorarray.py" line="513" name="test_pairwise_dot[compatible_vector_array_pair1-&lt;lambda&gt;29]" time="0.009938478469848633"></testcase><testcase classname="src.pymortests.vectorarray" file="src/pymortests/vectorarray.py" line="513" name="test_pairwise_dot[compatible_vector_array_pair2-&lt;lambda&gt;0]" time="0.0027494430541992188"></testcase><testcase classname="src.pymortests.vectorarray" file="src/pymortests/vectorarray.py" line="513" name="test_pairwise_dot[compatible_vector_array_pair2-&lt;lambda&gt;1]" time="0.0014622211456298828"></testcase><testcase classname="src.pymortests.vectorarray" file="src/pymortests/vectorarray.py" line="513" name="test_pairwise_dot[compatible_vector_array_pair2-&lt;lambda&gt;2]" time="0.0038585662841796875"></testcase><testcase classname="src.pymortests.vectorarray" file="src/pymortests/vectorarray.py" line="513" name="test_pairwise_dot[compatible_vector_array_pair2-&lt;lambda&gt;3]" time="0.004097461700439453"></testcase><testcase classname="src.pymortests.vectorarray" file="src/pymortests/vectorarray.py" line="513" name="test_pairwise_dot[compatible_vector_array_pair2-&lt;lambda&gt;4]" time="0.005827665328979492"></testcase><testcase classname="src.pymortests.vectorarray" file="src/pymortests/vectorarray.py" line="513" name="test_pairwise_dot[compatible_vector_array_pair2-&lt;lambda&gt;5]" time="0.004853010177612305"></testcase><testcase classname="src.pymortests.vectorarray" file="src/pymortests/vectorarray.py" line="513" name="test_pairwise_dot[compatible_vector_array_pair2-&lt;lambda&gt;6]" time="0.002409219741821289"></testcase><testcase classname="src.pymortests.vectorarray" file="src/pymortests/vectorarray.py" line="513" name="test_pairwise_dot[compatible_vector_array_pair2-&lt;lambda&gt;7]" time="0.0014495849609375"></testcase><testcase classname="src.pymortests.vectorarray" file="src/pymortests/vectorarray.py" line="513" name="test_pairwise_dot[compatible_vector_array_pair2-&lt;lambda&gt;8]" time="0.005579233169555664"></testcase><testcase classname="src.pymortests.vectorarray" file="src/pymortests/vectorarray.py" line="513" name="test_pairwise_dot[compatible_vector_array_pair2-&lt;lambda&gt;9]" time="0.00704646110534668"></testcase><testcase classname="src.pymortests.vectorarray" file="src/pymortests/vectorarray.py" line="513" name="test_pairwise_dot[compatible_vector_array_pair2-&lt;lambda&gt;10]" time="0.022097349166870117"></testcase><testcase classname="src.pymortests.vectorarray" file="src/pymortests/vectorarray.py" line="513" name="test_pairwise_dot[compatible_vector_array_pair2-&lt;lambda&gt;11]" time="0.006156206130981445"></testcase><testcase classname="src.pymortests.vectorarray" file="src/pymortests/vectorarray.py" line="513" name="test_pairwise_dot[compatible_vector_array_pair2-&lt;lambda&gt;12]" time="0.00442051887512207"></testcase><testcase classname="src.pymortests.vectorarray" file="src/pymortests/vectorarray.py" line="513" name="test_pairwise_dot[compatible_vector_array_pair2-&lt;lambda&gt;13]" time="0.0021429061889648438"></testcase><testcase classname="src.pymortests.vectorarray" file="src/pymortests/vectorarray.py" line="513" name="test_pairwise_dot[compatible_vector_array_pair2-&lt;lambda&gt;14]" time="0.004996299743652344"></testcase><testcase classname="src.pymortests.vectorarray" file="src/pymortests/vectorarray.py" line="513" name="test_pairwise_dot[compatible_vector_array_pair2-&lt;lambda&gt;15]" time="0.008026838302612305"></testcase><testcase classname="src.pymortests.vectorarray" file="src/pymortests/vectorarray.py" line="513" name="test_pairwise_dot[compatible_vector_array_pair2-&lt;lambda&gt;16]" time="0.008759498596191406"></testcase><testcase classname="src.pymortests.vectorarray" file="src/pymortests/vectorarray.py" line="513" name="test_pairwise_dot[compatible_vector_array_pair2-&lt;lambda&gt;17]" time="0.014223575592041016"></testcase><testcase classname="src.pymortests.vectorarray" file="src/pymortests/vectorarray.py" line="513" name="test_pairwise_dot[compatible_vector_array_pair2-&lt;lambda&gt;18]" time="0.007470369338989258"></testcase><testcase classname="src.pymortests.vectorarray" file="src/pymortests/vectorarray.py" line="513" name="test_pairwise_dot[compatible_vector_array_pair2-&lt;lambda&gt;19]" time="0.0023806095123291016"></testcase><testcase classname="src.pymortests.vectorarray" file="src/pymortests/vectorarray.py" line="513" name="test_pairwise_dot[compatible_vector_array_pair2-&lt;lambda&gt;20]" time="0.04555106163024902"></testcase><testcase classname="src.pymortests.vectorarray" file="src/pymortests/vectorarray.py" line="513" name="test_pairwise_dot[compatible_vector_array_pair2-&lt;lambda&gt;21]" time="0.020928621292114258"></testcase><testcase classname="src.pymortests.vectorarray" file="src/pymortests/vectorarray.py" line="513" name="test_pairwise_dot[compatible_vector_array_pair2-&lt;lambda&gt;22]" time="0.06905007362365723"></testcase><testcase classname="src.pymortests.vectorarray" file="src/pymortests/vectorarray.py" line="513" name="test_pairwise_dot[compatible_vector_array_pair2-&lt;lambda&gt;23]" time="0.0082244873046875"></testcase><testcase classname="src.pymortests.vectorarray" file="src/pymortests/vectorarray.py" line="513" name="test_pairwise_dot[compatible_vector_array_pair2-&lt;lambda&gt;24]" time="0.0025315284729003906"></testcase><testcase classname="src.pymortests.vectorarray" file="src/pymortests/vectorarray.py" line="513" name="test_pairwise_dot[compatible_vector_array_pair2-&lt;lambda&gt;25]" time="0.0030732154846191406"></testcase><testcase classname="src.pymortests.vectorarray" file="src/pymortests/vectorarray.py" line="513" name="test_pairwise_dot[compatible_vector_array_pair2-&lt;lambda&gt;26]" time="0.04518318176269531"></testcase><testcase classname="src.pymortests.vectorarray" file="src/pymortests/vectorarray.py" line="513" name="test_pairwise_dot[compatible_vector_array_pair2-&lt;lambda&gt;27]" time="0.04130291938781738"></testcase><testcase classname="src.pymortests.vectorarray" file="src/pymortests/vectorarray.py" line="513" name="test_pairwise_dot[compatible_vector_array_pair2-&lt;lambda&gt;28]" time="0.3353257179260254"></testcase><testcase classname="src.pymortests.vectorarray" file="src/pymortests/vectorarray.py" line="513" name="test_pairwise_dot[compatible_vector_array_pair2-&lt;lambda&gt;29]" time="0.010008811950683594"></testcase><testcase classname="src.pymortests.vectorarray" file="src/pymortests/vectorarray.py" line="513" name="test_pairwise_dot[compatible_vector_array_pair3-&lt;lambda&gt;0]" time="0.002707242965698242"></testcase><testcase classname="src.pymortests.vectorarray" file="src/pymortests/vectorarray.py" line="513" name="test_pairwise_dot[compatible_vector_array_pair3-&lt;lambda&gt;1]" time="0.0014252662658691406"></testcase><testcase classname="src.pymortests.vectorarray" file="src/pymortests/vectorarray.py" line="513" name="test_pairwise_dot[compatible_vector_array_pair3-&lt;lambda&gt;2]" time="0.0037250518798828125"></testcase><testcase classname="src.pymortests.vectorarray" file="src/pymortests/vectorarray.py" line="513" name="test_pairwise_dot[compatible_vector_array_pair3-&lt;lambda&gt;3]" time="0.004082441329956055"></testcase><testcase classname="src.pymortests.vectorarray" file="src/pymortests/vectorarray.py" line="513" name="test_pairwise_dot[compatible_vector_array_pair3-&lt;lambda&gt;4]" time="0.005821704864501953"></testcase><testcase classname="src.pymortests.vectorarray" file="src/pymortests/vectorarray.py" line="513" name="test_pairwise_dot[compatible_vector_array_pair3-&lt;lambda&gt;5]" time="0.004729032516479492"></testcase><testcase classname="src.pymortests.vectorarray" file="src/pymortests/vectorarray.py" line="513" name="test_pairwise_dot[compatible_vector_array_pair3-&lt;lambda&gt;6]" time="0.0023345947265625"></testcase><testcase classname="src.pymortests.vectorarray" file="src/pymortests/vectorarray.py" line="513" name="test_pairwise_dot[compatible_vector_array_pair3-&lt;lambda&gt;7]" time="0.0013768672943115234"></testcase><testcase classname="src.pymortests.vectorarray" file="src/pymortests/vectorarray.py" line="513" name="test_pairwise_dot[compatible_vector_array_pair3-&lt;lambda&gt;8]" time="0.005452632904052734"></testcase><testcase classname="src.pymortests.vectorarray" file="src/pymortests/vectorarray.py" line="513" name="test_pairwise_dot[compatible_vector_array_pair3-&lt;lambda&gt;9]" time="0.007114410400390625"></testcase><testcase classname="src.pymortests.vectorarray" file="src/pymortests/vectorarray.py" line="513" name="test_pairwise_dot[compatible_vector_array_pair3-&lt;lambda&gt;10]" time="0.021334171295166016"></testcase><testcase classname="src.pymortests.vectorarray" file="src/pymortests/vectorarray.py" line="513" name="test_pairwise_dot[compatible_vector_array_pair3-&lt;lambda&gt;11]" time="0.0062100887298583984"></testcase><testcase classname="src.pymortests.vectorarray" file="src/pymortests/vectorarray.py" line="513" name="test_pairwise_dot[compatible_vector_array_pair3-&lt;lambda&gt;12]" time="0.0044023990631103516"></testcase><testcase classname="src.pymortests.vectorarray" file="src/pymortests/vectorarray.py" line="513" name="test_pairwise_dot[compatible_vector_array_pair3-&lt;lambda&gt;13]" time="0.0021483898162841797"></testcase><testcase classname="src.pymortests.vectorarray" file="src/pymortests/vectorarray.py" line="513" name="test_pairwise_dot[compatible_vector_array_pair3-&lt;lambda&gt;14]" time="0.007848739624023438"></testcase><testcase classname="src.pymortests.vectorarray" file="src/pymortests/vectorarray.py" line="513" name="test_pairwise_dot[compatible_vector_array_pair3-&lt;lambda&gt;15]" time="0.008261680603027344"></testcase><testcase classname="src.pymortests.vectorarray" file="src/pymortests/vectorarray.py" line="513" name="test_pairwise_dot[compatible_vector_array_pair3-&lt;lambda&gt;16]" time="0.00889444351196289"></testcase><testcase classname="src.pymortests.vectorarray" file="src/pymortests/vectorarray.py" line="513" name="test_pairwise_dot[compatible_vector_array_pair3-&lt;lambda&gt;17]" time="0.014230728149414062"></testcase><testcase classname="src.pymortests.vectorarray" file="src/pymortests/vectorarray.py" line="513" name="test_pairwise_dot[compatible_vector_array_pair3-&lt;lambda&gt;18]" time="0.00741267204284668"></testcase><testcase classname="src.pymortests.vectorarray" file="src/pymortests/vectorarray.py" line="513" name="test_pairwise_dot[compatible_vector_array_pair3-&lt;lambda&gt;19]" time="0.0023605823516845703"></testcase><testcase classname="src.pymortests.vectorarray" file="src/pymortests/vectorarray.py" line="513" name="test_pairwise_dot[compatible_vector_array_pair3-&lt;lambda&gt;20]" time="0.0441889762878418"></testcase><testcase classname="src.pymortests.vectorarray" file="src/pymortests/vectorarray.py" line="513" name="test_pairwise_dot[compatible_vector_array_pair3-&lt;lambda&gt;21]" time="0.021311521530151367"></testcase><testcase classname="src.pymortests.vectorarray" file="src/pymortests/vectorarray.py" line="513" name="test_pairwise_dot[compatible_vector_array_pair3-&lt;lambda&gt;22]" time="0.06947970390319824"></testcase><testcase classname="src.pymortests.vectorarray" file="src/pymortests/vectorarray.py" line="513" name="test_pairwise_dot[compatible_vector_array_pair3-&lt;lambda&gt;23]" time="0.008365154266357422"></testcase><testcase classname="src.pymortests.vectorarray" file="src/pymortests/vectorarray.py" line="513" name="test_pairwise_dot[compatible_vector_array_pair3-&lt;lambda&gt;24]" time="0.002555370330810547"></testcase><testcase classname="src.pymortests.vectorarray" file="src/pymortests/vectorarray.py" line="513" name="test_pairwise_dot[compatible_vector_array_pair3-&lt;lambda&gt;25]" time="0.0023920536041259766"></testcase><testcase classname="src.pymortests.vectorarray" file="src/pymortests/vectorarray.py" line="513" name="test_pairwise_dot[compatible_vector_array_pair3-&lt;lambda&gt;26]" time="0.02769637107849121"></testcase><testcase classname="src.pymortests.vectorarray" file="src/pymortests/vectorarray.py" line="513" name="test_pairwise_dot[compatible_vector_array_pair3-&lt;lambda&gt;27]" time="0.05839228630065918"></testcase><testcase classname="src.pymortests.vectorarray" file="src/pymortests/vectorarray.py" line="513" name="test_pairwise_dot[compatible_vector_array_pair3-&lt;lambda&gt;28]" time="0.17890477180480957"></testcase><testcase classname="src.pymortests.vectorarray" file="src/pymortests/vectorarray.py" line="513" name="test_pairwise_dot[compatible_vector_array_pair3-&lt;lambda&gt;29]" time="0.010199308395385742"></testcase><testcase classname="src.pymortests.vectorarray" file="src/pymortests/vectorarray.py" line="513" name="test_pairwise_dot[compatible_vector_array_pair4-&lt;lambda&gt;0]" time="0.002670764923095703"></testcase><testcase classname="src.pymortests.vectorarray" file="src/pymortests/vectorarray.py" line="513" name="test_pairwise_dot[compatible_vector_array_pair4-&lt;lambda&gt;1]" time="0.0014836788177490234"></testcase><testcase classname="src.pymortests.vectorarray" file="src/pymortests/vectorarray.py" line="513" name="test_pairwise_dot[compatible_vector_array_pair4-&lt;lambda&gt;2]" time="0.003817319869995117"></testcase><testcase classname="src.pymortests.vectorarray" file="src/pymortests/vectorarray.py" line="513" name="test_pairwise_dot[compatible_vector_array_pair4-&lt;lambda&gt;3]" time="0.004093170166015625"></testcase><testcase classname="src.pymortests.vectorarray" file="src/pymortests/vectorarray.py" line="513" name="test_pairwise_dot[compatible_vector_array_pair4-&lt;lambda&gt;4]" time="0.006037235260009766"></testcase><testcase classname="src.pymortests.vectorarray" file="src/pymortests/vectorarray.py" line="513" name="test_pairwise_dot[compatible_vector_array_pair4-&lt;lambda&gt;5]" time="0.004806041717529297"></testcase><testcase classname="src.pymortests.vectorarray" file="src/pymortests/vectorarray.py" line="513" name="test_pairwise_dot[compatible_vector_array_pair4-&lt;lambda&gt;6]" time="0.002387523651123047"></testcase><testcase classname="src.pymortests.vectorarray" file="src/pymortests/vectorarray.py" line="513" name="test_pairwise_dot[compatible_vector_array_pair4-&lt;lambda&gt;7]" time="0.001508951187133789"></testcase><testcase classname="src.pymortests.vectorarray" file="src/pymortests/vectorarray.py" line="513" name="test_pairwise_dot[compatible_vector_array_pair4-&lt;lambda&gt;8]" time="0.005743265151977539"></testcase><testcase classname="src.pymortests.vectorarray" file="src/pymortests/vectorarray.py" line="513" name="test_pairwise_dot[compatible_vector_array_pair4-&lt;lambda&gt;9]" time="0.007092475891113281"></testcase><testcase classname="src.pymortests.vectorarray" file="src/pymortests/vectorarray.py" line="513" name="test_pairwise_dot[compatible_vector_array_pair4-&lt;lambda&gt;10]" time="0.02215290069580078"></testcase><testcase classname="src.pymortests.vectorarray" file="src/pymortests/vectorarray.py" line="513" name="test_pairwise_dot[compatible_vector_array_pair4-&lt;lambda&gt;11]" time="0.006199359893798828"></testcase><testcase classname="src.pymortests.vectorarray" file="src/pymortests/vectorarray.py" line="513" name="test_pairwise_dot[compatible_vector_array_pair4-&lt;lambda&gt;12]" time="0.0043680667877197266"></testcase><testcase classname="src.pymortests.vectorarray" file="src/pymortests/vectorarray.py" line="513" name="test_pairwise_dot[compatible_vector_array_pair4-&lt;lambda&gt;13]" time="0.0021886825561523438"></testcase><testcase classname="src.pymortests.vectorarray" file="src/pymortests/vectorarray.py" line="513" name="test_pairwise_dot[compatible_vector_array_pair4-&lt;lambda&gt;14]" time="0.0050220489501953125"></testcase><testcase classname="src.pymortests.vectorarray" file="src/pymortests/vectorarray.py" line="513" name="test_pairwise_dot[compatible_vector_array_pair4-&lt;lambda&gt;15]" time="0.00813150405883789"></testcase><testcase classname="src.pymortests.vectorarray" file="src/pymortests/vectorarray.py" line="513" name="test_pairwise_dot[compatible_vector_array_pair4-&lt;lambda&gt;16]" time="0.00884103775024414"></testcase><testcase classname="src.pymortests.vectorarray" file="src/pymortests/vectorarray.py" line="513" name="test_pairwise_dot[compatible_vector_array_pair4-&lt;lambda&gt;17]" time="0.014432668685913086"></testcase><testcase classname="src.pymortests.vectorarray" file="src/pymortests/vectorarray.py" line="513" name="test_pairwise_dot[compatible_vector_array_pair4-&lt;lambda&gt;18]" time="0.007498264312744141"></testcase><testcase classname="src.pymortests.vectorarray" file="src/pymortests/vectorarray.py" line="513" name="test_pairwise_dot[compatible_vector_array_pair4-&lt;lambda&gt;19]" time="0.0023643970489501953"></testcase><testcase classname="src.pymortests.vectorarray" file="src/pymortests/vectorarray.py" line="513" name="test_pairwise_dot[compatible_vector_array_pair4-&lt;lambda&gt;20]" time="0.044135093688964844"></testcase><testcase classname="src.pymortests.vectorarray" file="src/pymortests/vectorarray.py" line="513" name="test_pairwise_dot[compatible_vector_array_pair4-&lt;lambda&gt;21]" time="0.021024465560913086"></testcase><testcase classname="src.pymortests.vectorarray" file="src/pymortests/vectorarray.py" line="513" name="test_pairwise_dot[compatible_vector_array_pair4-&lt;lambda&gt;22]" time="0.06901955604553223"></testcase><testcase classname="src.pymortests.vectorarray" file="src/pymortests/vectorarray.py" line="513" name="test_pairwise_dot[compatible_vector_array_pair4-&lt;lambda&gt;23]" time="0.00842905044555664"></testcase><testcase classname="src.pymortests.vectorarray" file="src/pymortests/vectorarray.py" line="513" name="test_pairwise_dot[compatible_vector_array_pair4-&lt;lambda&gt;24]" time="0.0025339126586914062"></testcase><testcase classname="src.pymortests.vectorarray" file="src/pymortests/vectorarray.py" line="513" name="test_pairwise_dot[compatible_vector_array_pair4-&lt;lambda&gt;25]" time="0.003138303756713867"></testcase><testcase classname="src.pymortests.vectorarray" file="src/pymortests/vectorarray.py" line="513" name="test_pairwise_dot[compatible_vector_array_pair4-&lt;lambda&gt;26]" time="0.049128055572509766"></testcase><testcase classname="src.pymortests.vectorarray" file="src/pymortests/vectorarray.py" line="513" name="test_pairwise_dot[compatible_vector_array_pair4-&lt;lambda&gt;27]" time="0.06221365928649902"></testcase><testcase classname="src.pymortests.vectorarray" file="src/pymortests/vectorarray.py" line="513" name="test_pairwise_dot[compatible_vector_array_pair4-&lt;lambda&gt;28]" time="0.23059296607971191"></testcase><testcase classname="src.pymortests.vectorarray" file="src/pymortests/vectorarray.py" line="513" name="test_pairwise_dot[compatible_vector_array_pair4-&lt;lambda&gt;29]" time="0.011094808578491211"></testcase><testcase classname="src.pymortests.vectorarray" file="src/pymortests/vectorarray.py" line="513" name="test_pairwise_dot[compatible_vector_array_pair5-&lt;lambda&gt;0]" time="0.002718210220336914"></testcase><testcase classname="src.pymortests.vectorarray" file="src/pymortests/vectorarray.py" line="513" name="test_pairwise_dot[compatible_vector_array_pair5-&lt;lambda&gt;1]" time="0.001544952392578125"></testcase><testcase classname="src.pymortests.vectorarray" file="src/pymortests/vectorarray.py" line="513" name="test_pairwise_dot[compatible_vector_array_pair5-&lt;lambda&gt;2]" time="0.003895282745361328"></testcase><testcase classname="src.pymortests.vectorarray" file="src/pymortests/vectorarray.py" line="513" name="test_pairwise_dot[compatible_vector_array_pair5-&lt;lambda&gt;3]" time="0.004034280776977539"></testcase><testcase classname="src.pymortests.vectorarray" file="src/pymortests/vectorarray.py" line="513" name="test_pairwise_dot[compatible_vector_array_pair5-&lt;lambda&gt;4]" time="0.005833864212036133"></testcase><testcase classname="src.pymortests.vectorarray" file="src/pymortests/vectorarray.py" line="513" name="test_pairwise_dot[compatible_vector_array_pair5-&lt;lambda&gt;5]" time="0.004843473434448242"></testcase><testcase classname="src.pymortests.vectorarray" file="src/pymortests/vectorarray.py" line="513" name="test_pairwise_dot[compatible_vector_array_pair5-&lt;lambda&gt;6]" time="0.0023932456970214844"></testcase><testcase classname="src.pymortests.vectorarray" file="src/pymortests/vectorarray.py" line="513" name="test_pairwise_dot[compatible_vector_array_pair5-&lt;lambda&gt;7]" time="0.0014979839324951172"></testcase><testcase classname="src.pymortests.vectorarray" file="src/pymortests/vectorarray.py" line="513" name="test_pairwise_dot[compatible_vector_array_pair5-&lt;lambda&gt;8]" time="0.005750417709350586"></testcase><testcase classname="src.pymortests.vectorarray" file="src/pymortests/vectorarray.py" line="513" name="test_pairwise_dot[compatible_vector_array_pair5-&lt;lambda&gt;9]" time="0.007009029388427734"></testcase><testcase classname="src.pymortests.vectorarray" file="src/pymortests/vectorarray.py" line="513" name="test_pairwise_dot[compatible_vector_array_pair5-&lt;lambda&gt;10]" time="0.022372007369995117"></testcase><testcase classname="src.pymortests.vectorarray" file="src/pymortests/vectorarray.py" line="513" name="test_pairwise_dot[compatible_vector_array_pair5-&lt;lambda&gt;11]" time="0.0061032772064208984"></testcase><testcase classname="src.pymortests.vectorarray" file="src/pymortests/vectorarray.py" line="513" name="test_pairwise_dot[compatible_vector_array_pair5-&lt;lambda&gt;12]" time="0.0047075748443603516"></testcase><testcase classname="src.pymortests.vectorarray" file="src/pymortests/vectorarray.py" line="513" name="test_pairwise_dot[compatible_vector_array_pair5-&lt;lambda&gt;13]" time="0.002270221710205078"></testcase><testcase classname="src.pymortests.vectorarray" file="src/pymortests/vectorarray.py" line="513" name="test_pairwise_dot[compatible_vector_array_pair5-&lt;lambda&gt;14]" time="0.005084514617919922"></testcase><testcase classname="src.pymortests.vectorarray" file="src/pymortests/vectorarray.py" line="513" name="test_pairwise_dot[compatible_vector_array_pair5-&lt;lambda&gt;15]" time="0.008136510848999023"></testcase><testcase classname="src.pymortests.vectorarray" file="src/pymortests/vectorarray.py" line="513" name="test_pairwise_dot[compatible_vector_array_pair5-&lt;lambda&gt;16]" time="0.008756160736083984"></testcase><testcase classname="src.pymortests.vectorarray" file="src/pymortests/vectorarray.py" line="513" name="test_pairwise_dot[compatible_vector_array_pair5-&lt;lambda&gt;17]" time="0.014364480972290039"></testcase><testcase classname="src.pymortests.vectorarray" file="src/pymortests/vectorarray.py" line="513" name="test_pairwise_dot[compatible_vector_array_pair5-&lt;lambda&gt;18]" time="0.007472038269042969"></testcase><testcase classname="src.pymortests.vectorarray" file="src/pymortests/vectorarray.py" line="513" name="test_pairwise_dot[compatible_vector_array_pair5-&lt;lambda&gt;19]" time="0.002327442169189453"></testcase><testcase classname="src.pymortests.vectorarray" file="src/pymortests/vectorarray.py" line="513" name="test_pairwise_dot[compatible_vector_array_pair5-&lt;lambda&gt;20]" time="0.043761253356933594"></testcase><testcase classname="src.pymortests.vectorarray" file="src/pymortests/vectorarray.py" line="513" name="test_pairwise_dot[compatible_vector_array_pair5-&lt;lambda&gt;21]" time="0.021439790725708008"></testcase><testcase classname="src.pymortests.vectorarray" file="src/pymortests/vectorarray.py" line="513" name="test_pairwise_dot[compatible_vector_array_pair5-&lt;lambda&gt;22]" time="0.06948113441467285"></testcase><testcase classname="src.pymortests.vectorarray" file="src/pymortests/vectorarray.py" line="513" name="test_pairwise_dot[compatible_vector_array_pair5-&lt;lambda&gt;23]" time="0.008323907852172852"></testcase><testcase classname="src.pymortests.vectorarray" file="src/pymortests/vectorarray.py" line="513" name="test_pairwise_dot[compatible_vector_array_pair5-&lt;lambda&gt;24]" time="0.002523183822631836"></testcase><testcase classname="src.pymortests.vectorarray" file="src/pymortests/vectorarray.py" line="513" name="test_pairwise_dot[compatible_vector_array_pair5-&lt;lambda&gt;25]" time="0.003075838088989258"></testcase><testcase classname="src.pymortests.vectorarray" file="src/pymortests/vectorarray.py" line="513" name="test_pairwise_dot[compatible_vector_array_pair5-&lt;lambda&gt;26]" time="0.04560446739196777"></testcase><testcase classname="src.pymortests.vectorarray" file="src/pymortests/vectorarray.py" line="513" name="test_pairwise_dot[compatible_vector_array_pair5-&lt;lambda&gt;27]" time="0.062471628189086914"></testcase><testcase classname="src.pymortests.vectorarray" file="src/pymortests/vectorarray.py" line="513" name="test_pairwise_dot[compatible_vector_array_pair5-&lt;lambda&gt;28]" time="0.232377290725708"></testcase><testcase classname="src.pymortests.vectorarray" file="src/pymortests/vectorarray.py" line="513" name="test_pairwise_dot[compatible_vector_array_pair5-&lt;lambda&gt;29]" time="0.01099395751953125"></testcase><testcase classname="src.pymortests.vectorarray" file="src/pymortests/vectorarray.py" line="513" name="test_pairwise_dot[compatible_vector_array_pair6-&lt;lambda&gt;0]" time="0.0027039051055908203"></testcase><testcase classname="src.pymortests.vectorarray" file="src/pymortests/vectorarray.py" line="513" name="test_pairwise_dot[compatible_vector_array_pair6-&lt;lambda&gt;1]" time="0.0015141963958740234"></testcase><testcase classname="src.pymortests.vectorarray" file="src/pymortests/vectorarray.py" line="513" name="test_pairwise_dot[compatible_vector_array_pair6-&lt;lambda&gt;2]" time="0.0039310455322265625"></testcase><testcase classname="src.pymortests.vectorarray" file="src/pymortests/vectorarray.py" line="513" name="test_pairwise_dot[compatible_vector_array_pair6-&lt;lambda&gt;3]" time="0.004103660583496094"></testcase><testcase classname="src.pymortests.vectorarray" file="src/pymortests/vectorarray.py" line="513" name="test_pairwise_dot[compatible_vector_array_pair6-&lt;lambda&gt;4]" time="0.00600886344909668"></testcase><testcase classname="src.pymortests.vectorarray" file="src/pymortests/vectorarray.py" line="513" name="test_pairwise_dot[compatible_vector_array_pair6-&lt;lambda&gt;5]" time="0.004866838455200195"></testcase><testcase classname="src.pymortests.vectorarray" file="src/pymortests/vectorarray.py" line="513" name="test_pairwise_dot[compatible_vector_array_pair6-&lt;lambda&gt;6]" time="0.0023419857025146484"></testcase><testcase classname="src.pymortests.vectorarray" file="src/pymortests/vectorarray.py" line="513" name="test_pairwise_dot[compatible_vector_array_pair6-&lt;lambda&gt;7]" time="0.0014197826385498047"></testcase><testcase classname="src.pymortests.vectorarray" file="src/pymortests/vectorarray.py" line="513" name="test_pairwise_dot[compatible_vector_array_pair6-&lt;lambda&gt;8]" time="0.005535125732421875"></testcase><testcase classname="src.pymortests.vectorarray" file="src/pymortests/vectorarray.py" line="513" name="test_pairwise_dot[compatible_vector_array_pair6-&lt;lambda&gt;9]" time="0.007168292999267578"></testcase><testcase classname="src.pymortests.vectorarray" file="src/pymortests/vectorarray.py" line="513" name="test_pairwise_dot[compatible_vector_array_pair6-&lt;lambda&gt;10]" time="0.021453142166137695"></testcase><testcase classname="src.pymortests.vectorarray" file="src/pymortests/vectorarray.py" line="513" name="test_pairwise_dot[compatible_vector_array_pair6-&lt;lambda&gt;11]" time="0.00629878044128418"></testcase><testcase classname="src.pymortests.vectorarray" file="src/pymortests/vectorarray.py" line="513" name="test_pairwise_dot[compatible_vector_array_pair6-&lt;lambda&gt;12]" time="0.004384040832519531"></testcase><testcase classname="src.pymortests.vectorarray" file="src/pymortests/vectorarray.py" line="513" name="test_pairwise_dot[compatible_vector_array_pair6-&lt;lambda&gt;13]" time="0.0021834373474121094"></testcase><testcase classname="src.pymortests.vectorarray" file="src/pymortests/vectorarray.py" line="513" name="test_pairwise_dot[compatible_vector_array_pair6-&lt;lambda&gt;14]" time="0.005177736282348633"></testcase><testcase classname="src.pymortests.vectorarray" file="src/pymortests/vectorarray.py" line="513" name="test_pairwise_dot[compatible_vector_array_pair6-&lt;lambda&gt;15]" time="0.008326053619384766"></testcase><testcase classname="src.pymortests.vectorarray" file="src/pymortests/vectorarray.py" line="513" name="test_pairwise_dot[compatible_vector_array_pair6-&lt;lambda&gt;16]" time="0.009229898452758789"></testcase><testcase classname="src.pymortests.vectorarray" file="src/pymortests/vectorarray.py" line="513" name="test_pairwise_dot[compatible_vector_array_pair6-&lt;lambda&gt;17]" time="0.014285564422607422"></testcase><testcase classname="src.pymortests.vectorarray" file="src/pymortests/vectorarray.py" line="513" name="test_pairwise_dot[compatible_vector_array_pair6-&lt;lambda&gt;18]" time="0.007444858551025391"></testcase><testcase classname="src.pymortests.vectorarray" file="src/pymortests/vectorarray.py" line="513" name="test_pairwise_dot[compatible_vector_array_pair6-&lt;lambda&gt;19]" time="0.0024073123931884766"></testcase><testcase classname="src.pymortests.vectorarray" file="src/pymortests/vectorarray.py" line="513" name="test_pairwise_dot[compatible_vector_array_pair6-&lt;lambda&gt;20]" time="0.04722714424133301"></testcase><testcase classname="src.pymortests.vectorarray" file="src/pymortests/vectorarray.py" line="513" name="test_pairwise_dot[compatible_vector_array_pair6-&lt;lambda&gt;21]" time="0.021184682846069336"></testcase><testcase classname="src.pymortests.vectorarray" file="src/pymortests/vectorarray.py" line="513" name="test_pairwise_dot[compatible_vector_array_pair6-&lt;lambda&gt;22]" time="0.0694589614868164"></testcase><testcase classname="src.pymortests.vectorarray" file="src/pymortests/vectorarray.py" line="513" name="test_pairwise_dot[compatible_vector_array_pair6-&lt;lambda&gt;23]" time="0.008180856704711914"></testcase><testcase classname="src.pymortests.vectorarray" file="src/pymortests/vectorarray.py" line="513" name="test_pairwise_dot[compatible_vector_array_pair6-&lt;lambda&gt;24]" time="0.0025110244750976562"></testcase><testcase classname="src.pymortests.vectorarray" file="src/pymortests/vectorarray.py" line="513" name="test_pairwise_dot[compatible_vector_array_pair6-&lt;lambda&gt;25]" time="0.0023937225341796875"></testcase><testcase classname="src.pymortests.vectorarray" file="src/pymortests/vectorarray.py" line="513" name="test_pairwise_dot[compatible_vector_array_pair6-&lt;lambda&gt;26]" time="0.027199506759643555"></testcase><testcase classname="src.pymortests.vectorarray" file="src/pymortests/vectorarray.py" line="513" name="test_pairwise_dot[compatible_vector_array_pair6-&lt;lambda&gt;27]" time="0.058608055114746094"></testcase><testcase classname="src.pymortests.vectorarray" file="src/pymortests/vectorarray.py" line="513" name="test_pairwise_dot[compatible_vector_array_pair6-&lt;lambda&gt;28]" time="0.17998099327087402"></testcase><testcase classname="src.pymortests.vectorarray" file="src/pymortests/vectorarray.py" line="513" name="test_pairwise_dot[compatible_vector_array_pair6-&lt;lambda&gt;29]" time="0.010179758071899414"></testcase><testcase classname="src.pymortests.vectorarray" file="src/pymortests/vectorarray.py" line="513" name="test_pairwise_dot[compatible_vector_array_pair7-&lt;lambda&gt;0]" time="0.002708911895751953"></testcase><testcase classname="src.pymortests.vectorarray" file="src/pymortests/vectorarray.py" line="513" name="test_pairwise_dot[compatible_vector_array_pair7-&lt;lambda&gt;1]" time="0.0016222000122070312"></testcase><testcase classname="src.pymortests.vectorarray" file="src/pymortests/vectorarray.py" line="513" name="test_pairwise_dot[compatible_vector_array_pair7-&lt;lambda&gt;2]" time="0.0037903785705566406"></testcase><testcase classname="src.pymortests.vectorarray" file="src/pymortests/vectorarray.py" line="513" name="test_pairwise_dot[compatible_vector_array_pair7-&lt;lambda&gt;3]" time="0.0041506290435791016"></testcase><testcase classname="src.pymortests.vectorarray" file="src/pymortests/vectorarray.py" line="513" name="test_pairwise_dot[compatible_vector_array_pair7-&lt;lambda&gt;4]" time="0.005886554718017578"></testcase><testcase classname="src.pymortests.vectorarray" file="src/pymortests/vectorarray.py" line="513" name="test_pairwise_dot[compatible_vector_array_pair7-&lt;lambda&gt;5]" time="0.004936695098876953"></testcase><testcase classname="src.pymortests.vectorarray" file="src/pymortests/vectorarray.py" line="513" name="test_pairwise_dot[compatible_vector_array_pair7-&lt;lambda&gt;6]" time="0.002416372299194336"></testcase><testcase classname="src.pymortests.vectorarray" file="src/pymortests/vectorarray.py" line="513" name="test_pairwise_dot[compatible_vector_array_pair7-&lt;lambda&gt;7]" time="0.0014941692352294922"></testcase><testcase classname="src.pymortests.vectorarray" file="src/pymortests/vectorarray.py" line="513" name="test_pairwise_dot[compatible_vector_array_pair7-&lt;lambda&gt;8]" time="0.0056667327880859375"></testcase><testcase classname="src.pymortests.vectorarray" file="src/pymortests/vectorarray.py" line="513" name="test_pairwise_dot[compatible_vector_array_pair7-&lt;lambda&gt;9]" time="0.007171154022216797"></testcase><testcase classname="src.pymortests.vectorarray" file="src/pymortests/vectorarray.py" line="513" name="test_pairwise_dot[compatible_vector_array_pair7-&lt;lambda&gt;10]" time="0.021737337112426758"></testcase><testcase classname="src.pymortests.vectorarray" file="src/pymortests/vectorarray.py" line="513" name="test_pairwise_dot[compatible_vector_array_pair7-&lt;lambda&gt;11]" time="0.006223917007446289"></testcase><testcase classname="src.pymortests.vectorarray" file="src/pymortests/vectorarray.py" line="513" name="test_pairwise_dot[compatible_vector_array_pair7-&lt;lambda&gt;12]" time="0.004383087158203125"></testcase><testcase classname="src.pymortests.vectorarray" file="src/pymortests/vectorarray.py" line="513" name="test_pairwise_dot[compatible_vector_array_pair7-&lt;lambda&gt;13]" time="0.0021886825561523438"></testcase><testcase classname="src.pymortests.vectorarray" file="src/pymortests/vectorarray.py" line="513" name="test_pairwise_dot[compatible_vector_array_pair7-&lt;lambda&gt;14]" time="0.005076169967651367"></testcase><testcase classname="src.pymortests.vectorarray" file="src/pymortests/vectorarray.py" line="513" name="test_pairwise_dot[compatible_vector_array_pair7-&lt;lambda&gt;15]" time="0.008208274841308594"></testcase><testcase classname="src.pymortests.vectorarray" file="src/pymortests/vectorarray.py" line="513" name="test_pairwise_dot[compatible_vector_array_pair7-&lt;lambda&gt;16]" time="0.008806705474853516"></testcase><testcase classname="src.pymortests.vectorarray" file="src/pymortests/vectorarray.py" line="513" name="test_pairwise_dot[compatible_vector_array_pair7-&lt;lambda&gt;17]" time="0.014310598373413086"></testcase><testcase classname="src.pymortests.vectorarray" file="src/pymortests/vectorarray.py" line="513" name="test_pairwise_dot[compatible_vector_array_pair7-&lt;lambda&gt;18]" time="0.007470607757568359"></testcase><testcase classname="src.pymortests.vectorarray" file="src/pymortests/vectorarray.py" line="513" name="test_pairwise_dot[compatible_vector_array_pair7-&lt;lambda&gt;19]" time="0.00252532958984375"></testcase><testcase classname="src.pymortests.vectorarray" file="src/pymortests/vectorarray.py" line="513" name="test_pairwise_dot[compatible_vector_array_pair7-&lt;lambda&gt;20]" time="0.04484963417053223"></testcase><testcase classname="src.pymortests.vectorarray" file="src/pymortests/vectorarray.py" line="513" name="test_pairwise_dot[compatible_vector_array_pair7-&lt;lambda&gt;21]" time="0.021036863327026367"></testcase><testcase classname="src.pymortests.vectorarray" file="src/pymortests/vectorarray.py" line="513" name="test_pairwise_dot[compatible_vector_array_pair7-&lt;lambda&gt;22]" time="0.06873440742492676"></testcase><testcase classname="src.pymortests.vectorarray" file="src/pymortests/vectorarray.py" line="513" name="test_pairwise_dot[compatible_vector_array_pair7-&lt;lambda&gt;23]" time="0.008365631103515625"></testcase><testcase classname="src.pymortests.vectorarray" file="src/pymortests/vectorarray.py" line="513" name="test_pairwise_dot[compatible_vector_array_pair7-&lt;lambda&gt;24]" time="0.002588987350463867"></testcase><testcase classname="src.pymortests.vectorarray" file="src/pymortests/vectorarray.py" line="513" name="test_pairwise_dot[compatible_vector_array_pair7-&lt;lambda&gt;25]" time="0.003012418746948242"></testcase><testcase classname="src.pymortests.vectorarray" file="src/pymortests/vectorarray.py" line="513" name="test_pairwise_dot[compatible_vector_array_pair7-&lt;lambda&gt;26]" time="0.04573678970336914"></testcase><testcase classname="src.pymortests.vectorarray" file="src/pymortests/vectorarray.py" line="513" name="test_pairwise_dot[compatible_vector_array_pair7-&lt;lambda&gt;27]" time="0.06505703926086426"></testcase><testcase classname="src.pymortests.vectorarray" file="src/pymortests/vectorarray.py" line="513" name="test_pairwise_dot[compatible_vector_array_pair7-&lt;lambda&gt;28]" time="0.2343900203704834"></testcase><testcase classname="src.pymortests.vectorarray" file="src/pymortests/vectorarray.py" line="513" name="test_pairwise_dot[compatible_vector_array_pair7-&lt;lambda&gt;29]" time="0.010943174362182617"></testcase><testcase classname="src.pymortests.vectorarray" file="src/pymortests/vectorarray.py" line="513" name="test_pairwise_dot[compatible_vector_array_pair8-&lt;lambda&gt;0]" time="0.0026650428771972656"></testcase><testcase classname="src.pymortests.vectorarray" file="src/pymortests/vectorarray.py" line="513" name="test_pairwise_dot[compatible_vector_array_pair8-&lt;lambda&gt;1]" time="0.0015056133270263672"></testcase><testcase classname="src.pymortests.vectorarray" file="src/pymortests/vectorarray.py" line="513" name="test_pairwise_dot[compatible_vector_array_pair8-&lt;lambda&gt;2]" time="0.0039103031158447266"></testcase><testcase classname="src.pymortests.vectorarray" file="src/pymortests/vectorarray.py" line="513" name="test_pairwise_dot[compatible_vector_array_pair8-&lt;lambda&gt;3]" time="0.0041713714599609375"></testcase><testcase classname="src.pymortests.vectorarray" file="src/pymortests/vectorarray.py" line="513" name="test_pairwise_dot[compatible_vector_array_pair8-&lt;lambda&gt;4]" time="0.005940675735473633"></testcase><testcase classname="src.pymortests.vectorarray" file="src/pymortests/vectorarray.py" line="513" name="test_pairwise_dot[compatible_vector_array_pair8-&lt;lambda&gt;5]" time="0.0048410892486572266"></testcase><testcase classname="src.pymortests.vectorarray" file="src/pymortests/vectorarray.py" line="513" name="test_pairwise_dot[compatible_vector_array_pair8-&lt;lambda&gt;6]" time="0.0023941993713378906"></testcase><testcase classname="src.pymortests.vectorarray" file="src/pymortests/vectorarray.py" line="513" name="test_pairwise_dot[compatible_vector_array_pair8-&lt;lambda&gt;7]" time="0.001436471939086914"></testcase><testcase classname="src.pymortests.vectorarray" file="src/pymortests/vectorarray.py" line="513" name="test_pairwise_dot[compatible_vector_array_pair8-&lt;lambda&gt;8]" time="0.005684614181518555"></testcase><testcase classname="src.pymortests.vectorarray" file="src/pymortests/vectorarray.py" line="513" name="test_pairwise_dot[compatible_vector_array_pair8-&lt;lambda&gt;9]" time="0.0072803497314453125"></testcase><testcase classname="src.pymortests.vectorarray" file="src/pymortests/vectorarray.py" line="513" name="test_pairwise_dot[compatible_vector_array_pair8-&lt;lambda&gt;10]" time="0.02250385284423828"></testcase><testcase classname="src.pymortests.vectorarray" file="src/pymortests/vectorarray.py" line="513" name="test_pairwise_dot[compatible_vector_array_pair8-&lt;lambda&gt;11]" time="0.006246328353881836"></testcase><testcase classname="src.pymortests.vectorarray" file="src/pymortests/vectorarray.py" line="513" name="test_pairwise_dot[compatible_vector_array_pair8-&lt;lambda&gt;12]" time="0.004438638687133789"></testcase><testcase classname="src.pymortests.vectorarray" file="src/pymortests/vectorarray.py" line="513" name="test_pairwise_dot[compatible_vector_array_pair8-&lt;lambda&gt;13]" time="0.0021927356719970703"></testcase><testcase classname="src.pymortests.vectorarray" file="src/pymortests/vectorarray.py" line="513" name="test_pairwise_dot[compatible_vector_array_pair8-&lt;lambda&gt;14]" time="0.005088329315185547"></testcase><testcase classname="src.pymortests.vectorarray" file="src/pymortests/vectorarray.py" line="513" name="test_pairwise_dot[compatible_vector_array_pair8-&lt;lambda&gt;15]" time="0.008282661437988281"></testcase><testcase classname="src.pymortests.vectorarray" file="src/pymortests/vectorarray.py" line="513" name="test_pairwise_dot[compatible_vector_array_pair8-&lt;lambda&gt;16]" time="0.008925437927246094"></testcase><testcase classname="src.pymortests.vectorarray" file="src/pymortests/vectorarray.py" line="513" name="test_pairwise_dot[compatible_vector_array_pair8-&lt;lambda&gt;17]" time="0.014773368835449219"></testcase><testcase classname="src.pymortests.vectorarray" file="src/pymortests/vectorarray.py" line="513" name="test_pairwise_dot[compatible_vector_array_pair8-&lt;lambda&gt;18]" time="0.007546901702880859"></testcase><testcase classname="src.pymortests.vectorarray" file="src/pymortests/vectorarray.py" line="513" name="test_pairwise_dot[compatible_vector_array_pair8-&lt;lambda&gt;19]" time="0.0023360252380371094"></testcase><testcase classname="src.pymortests.vectorarray" file="src/pymortests/vectorarray.py" line="513" name="test_pairwise_dot[compatible_vector_array_pair8-&lt;lambda&gt;20]" time="0.04475212097167969"></testcase><testcase classname="src.pymortests.vectorarray" file="src/pymortests/vectorarray.py" line="513" name="test_pairwise_dot[compatible_vector_array_pair8-&lt;lambda&gt;21]" time="0.021355152130126953"></testcase><testcase classname="src.pymortests.vectorarray" file="src/pymortests/vectorarray.py" line="513" name="test_pairwise_dot[compatible_vector_array_pair8-&lt;lambda&gt;22]" time="0.06943607330322266"></testcase><testcase classname="src.pymortests.vectorarray" file="src/pymortests/vectorarray.py" line="513" name="test_pairwise_dot[compatible_vector_array_pair8-&lt;lambda&gt;23]" time="0.00848078727722168"></testcase><testcase classname="src.pymortests.vectorarray" file="src/pymortests/vectorarray.py" line="513" name="test_pairwise_dot[compatible_vector_array_pair8-&lt;lambda&gt;24]" time="0.0035829544067382812"></testcase><testcase classname="src.pymortests.vectorarray" file="src/pymortests/vectorarray.py" line="513" name="test_pairwise_dot[compatible_vector_array_pair8-&lt;lambda&gt;25]" time="0.0031180381774902344"></testcase><testcase classname="src.pymortests.vectorarray" file="src/pymortests/vectorarray.py" line="513" name="test_pairwise_dot[compatible_vector_array_pair8-&lt;lambda&gt;26]" time="0.04553031921386719"></testcase><testcase classname="src.pymortests.vectorarray" file="src/pymortests/vectorarray.py" line="513" name="test_pairwise_dot[compatible_vector_array_pair8-&lt;lambda&gt;27]" time="0.06223559379577637"></testcase><testcase classname="src.pymortests.vectorarray" file="src/pymortests/vectorarray.py" line="513" name="test_pairwise_dot[compatible_vector_array_pair8-&lt;lambda&gt;28]" time="0.23229575157165527"></testcase><testcase classname="src.pymortests.vectorarray" file="src/pymortests/vectorarray.py" line="513" name="test_pairwise_dot[compatible_vector_array_pair8-&lt;lambda&gt;29]" time="0.010936260223388672"></testcase><testcase classname="src.pymortests.vectorarray" file="src/pymortests/vectorarray.py" line="528" name="test_pairwise_dot_self[0-&lt;lambda&gt;0]" time="0.004166364669799805"></testcase><testcase classname="src.pymortests.vectorarray" file="src/pymortests/vectorarray.py" line="528" name="test_pairwise_dot_self[0-&lt;lambda&gt;1]" time="0.004053354263305664"></testcase><testcase classname="src.pymortests.vectorarray" file="src/pymortests/vectorarray.py" line="528" name="test_pairwise_dot_self[0-&lt;lambda&gt;2]" time="0.007021665573120117"></testcase><testcase classname="src.pymortests.vectorarray" file="src/pymortests/vectorarray.py" line="528" name="test_pairwise_dot_self[0-&lt;lambda&gt;3]" time="0.008974790573120117"></testcase><testcase classname="src.pymortests.vectorarray" file="src/pymortests/vectorarray.py" line="528" name="test_pairwise_dot_self[0-&lt;lambda&gt;4]" time="0.010521650314331055"></testcase><testcase classname="src.pymortests.vectorarray" file="src/pymortests/vectorarray.py" line="528" name="test_pairwise_dot_self[0-&lt;lambda&gt;5]" time="0.0035486221313476562"></testcase><testcase classname="src.pymortests.vectorarray" file="src/pymortests/vectorarray.py" line="528" name="test_pairwise_dot_self[0-&lt;lambda&gt;6]" time="0.00360870361328125"></testcase><testcase classname="src.pymortests.vectorarray" file="src/pymortests/vectorarray.py" line="528" name="test_pairwise_dot_self[0-&lt;lambda&gt;7]" time="0.007245540618896484"></testcase><testcase classname="src.pymortests.vectorarray" file="src/pymortests/vectorarray.py" line="528" name="test_pairwise_dot_self[0-&lt;lambda&gt;8]" time="0.025845766067504883"></testcase><testcase classname="src.pymortests.vectorarray" file="src/pymortests/vectorarray.py" line="528" name="test_pairwise_dot_self[0-&lt;lambda&gt;9]" time="0.05090975761413574"></testcase><testcase classname="src.pymortests.vectorarray" file="src/pymortests/vectorarray.py" line="528" name="test_pairwise_dot_self[0-&lt;lambda&gt;10]" time="0.007919073104858398"></testcase><testcase classname="src.pymortests.vectorarray" file="src/pymortests/vectorarray.py" line="528" name="test_pairwise_dot_self[0-&lt;lambda&gt;11]" time="0.01256704330444336"></testcase><testcase classname="src.pymortests.vectorarray" file="src/pymortests/vectorarray.py" line="528" name="test_pairwise_dot_self[0-&lt;lambda&gt;12]" time="0.012663841247558594"></testcase><testcase classname="src.pymortests.vectorarray" file="src/pymortests/vectorarray.py" line="528" name="test_pairwise_dot_self[0-&lt;lambda&gt;13]" time="0.011022329330444336"></testcase><testcase classname="src.pymortests.vectorarray" file="src/pymortests/vectorarray.py" line="528" name="test_pairwise_dot_self[0-&lt;lambda&gt;14]" time="0.01398468017578125"></testcase><testcase classname="src.pymortests.vectorarray" file="src/pymortests/vectorarray.py" line="528" name="test_pairwise_dot_self[0-&lt;lambda&gt;15]" time="0.02162313461303711"></testcase><testcase classname="src.pymortests.vectorarray" file="src/pymortests/vectorarray.py" line="528" name="test_pairwise_dot_self[0-&lt;lambda&gt;16]" time="0.029641389846801758"></testcase><testcase classname="src.pymortests.vectorarray" file="src/pymortests/vectorarray.py" line="528" name="test_pairwise_dot_self[0-&lt;lambda&gt;17]" time="0.008727073669433594"></testcase><testcase classname="src.pymortests.vectorarray" file="src/pymortests/vectorarray.py" line="528" name="test_pairwise_dot_self[0-&lt;lambda&gt;18]" time="0.0075550079345703125"></testcase><testcase classname="src.pymortests.vectorarray" file="src/pymortests/vectorarray.py" line="528" name="test_pairwise_dot_self[0-&lt;lambda&gt;19]" time="0.010720491409301758"></testcase><testcase classname="src.pymortests.vectorarray" file="src/pymortests/vectorarray.py" line="528" name="test_pairwise_dot_self[0-&lt;lambda&gt;20]" time="0.04139113426208496"></testcase><testcase classname="src.pymortests.vectorarray" file="src/pymortests/vectorarray.py" line="528" name="test_pairwise_dot_self[0-&lt;lambda&gt;21]" time="0.08633041381835938"></testcase><testcase classname="src.pymortests.vectorarray" file="src/pymortests/vectorarray.py" line="528" name="test_pairwise_dot_self[0-&lt;lambda&gt;22]" time="0.0045413970947265625"></testcase><testcase classname="src.pymortests.vectorarray" file="src/pymortests/vectorarray.py" line="528" name="test_pairwise_dot_self[0-&lt;lambda&gt;23]" time="0.0037384033203125"></testcase><testcase classname="src.pymortests.vectorarray" file="src/pymortests/vectorarray.py" line="528" name="test_pairwise_dot_self[0-&lt;lambda&gt;24]" time="0.008219242095947266"></testcase><testcase classname="src.pymortests.vectorarray" file="src/pymortests/vectorarray.py" line="528" name="test_pairwise_dot_self[0-&lt;lambda&gt;25]" time="0.047773122787475586"></testcase><testcase classname="src.pymortests.vectorarray" file="src/pymortests/vectorarray.py" line="528" name="test_pairwise_dot_self[0-&lt;lambda&gt;26]" time="0.1010887622833252"></testcase><testcase classname="src.pymortests.vectorarray" file="src/pymortests/vectorarray.py" line="528" name="test_pairwise_dot_self[1-&lt;lambda&gt;0]" time="0.005281925201416016"></testcase><testcase classname="src.pymortests.vectorarray" file="src/pymortests/vectorarray.py" line="528" name="test_pairwise_dot_self[1-&lt;lambda&gt;1]" time="0.004078388214111328"></testcase><testcase classname="src.pymortests.vectorarray" file="src/pymortests/vectorarray.py" line="528" name="test_pairwise_dot_self[1-&lt;lambda&gt;2]" time="0.0069959163665771484"></testcase><testcase classname="src.pymortests.vectorarray" file="src/pymortests/vectorarray.py" line="528" name="test_pairwise_dot_self[1-&lt;lambda&gt;3]" time="0.008896589279174805"></testcase><testcase classname="src.pymortests.vectorarray" file="src/pymortests/vectorarray.py" line="528" name="test_pairwise_dot_self[1-&lt;lambda&gt;4]" time="0.0107269287109375"></testcase><testcase classname="src.pymortests.vectorarray" file="src/pymortests/vectorarray.py" line="528" name="test_pairwise_dot_self[1-&lt;lambda&gt;5]" time="0.0036394596099853516"></testcase><testcase classname="src.pymortests.vectorarray" file="src/pymortests/vectorarray.py" line="528" name="test_pairwise_dot_self[1-&lt;lambda&gt;6]" time="0.0035355091094970703"></testcase><testcase classname="src.pymortests.vectorarray" file="src/pymortests/vectorarray.py" line="528" name="test_pairwise_dot_self[1-&lt;lambda&gt;7]" time="0.007362842559814453"></testcase><testcase classname="src.pymortests.vectorarray" file="src/pymortests/vectorarray.py" line="528" name="test_pairwise_dot_self[1-&lt;lambda&gt;8]" time="0.02617955207824707"></testcase><testcase classname="src.pymortests.vectorarray" file="src/pymortests/vectorarray.py" line="528" name="test_pairwise_dot_self[1-&lt;lambda&gt;9]" time="0.05157470703125"></testcase><testcase classname="src.pymortests.vectorarray" file="src/pymortests/vectorarray.py" line="528" name="test_pairwise_dot_self[1-&lt;lambda&gt;10]" time="0.007802486419677734"></testcase><testcase classname="src.pymortests.vectorarray" file="src/pymortests/vectorarray.py" line="528" name="test_pairwise_dot_self[1-&lt;lambda&gt;11]" time="0.012981891632080078"></testcase><testcase classname="src.pymortests.vectorarray" file="src/pymortests/vectorarray.py" line="528" name="test_pairwise_dot_self[1-&lt;lambda&gt;12]" time="0.012676000595092773"></testcase><testcase classname="src.pymortests.vectorarray" file="src/pymortests/vectorarray.py" line="528" name="test_pairwise_dot_self[1-&lt;lambda&gt;13]" time="0.010907411575317383"></testcase><testcase classname="src.pymortests.vectorarray" file="src/pymortests/vectorarray.py" line="528" name="test_pairwise_dot_self[1-&lt;lambda&gt;14]" time="0.013101816177368164"></testcase><testcase classname="src.pymortests.vectorarray" file="src/pymortests/vectorarray.py" line="528" name="test_pairwise_dot_self[1-&lt;lambda&gt;15]" time="0.021535634994506836"></testcase><testcase classname="src.pymortests.vectorarray" file="src/pymortests/vectorarray.py" line="528" name="test_pairwise_dot_self[1-&lt;lambda&gt;16]" time="0.026316165924072266"></testcase><testcase classname="src.pymortests.vectorarray" file="src/pymortests/vectorarray.py" line="528" name="test_pairwise_dot_self[1-&lt;lambda&gt;17]" time="0.00891876220703125"></testcase><testcase classname="src.pymortests.vectorarray" file="src/pymortests/vectorarray.py" line="528" name="test_pairwise_dot_self[1-&lt;lambda&gt;18]" time="0.008603572845458984"></testcase><testcase classname="src.pymortests.vectorarray" file="src/pymortests/vectorarray.py" line="528" name="test_pairwise_dot_self[1-&lt;lambda&gt;19]" time="0.010951042175292969"></testcase><testcase classname="src.pymortests.vectorarray" file="src/pymortests/vectorarray.py" line="528" name="test_pairwise_dot_self[1-&lt;lambda&gt;20]" time="0.040290117263793945"></testcase><testcase classname="src.pymortests.vectorarray" file="src/pymortests/vectorarray.py" line="528" name="test_pairwise_dot_self[1-&lt;lambda&gt;21]" time="0.08589839935302734"></testcase><testcase classname="src.pymortests.vectorarray" file="src/pymortests/vectorarray.py" line="528" name="test_pairwise_dot_self[1-&lt;lambda&gt;22]" time="0.004555702209472656"></testcase><testcase classname="src.pymortests.vectorarray" file="src/pymortests/vectorarray.py" line="528" name="test_pairwise_dot_self[1-&lt;lambda&gt;23]" time="0.003780841827392578"></testcase><testcase classname="src.pymortests.vectorarray" file="src/pymortests/vectorarray.py" line="528" name="test_pairwise_dot_self[1-&lt;lambda&gt;24]" time="0.009020328521728516"></testcase><testcase classname="src.pymortests.vectorarray" file="src/pymortests/vectorarray.py" line="528" name="test_pairwise_dot_self[1-&lt;lambda&gt;25]" time="0.07160568237304688"></testcase><testcase classname="src.pymortests.vectorarray" file="src/pymortests/vectorarray.py" line="528" name="test_pairwise_dot_self[1-&lt;lambda&gt;26]" time="0.1523914337158203"></testcase><testcase classname="src.pymortests.vectorarray" file="src/pymortests/vectorarray.py" line="528" name="test_pairwise_dot_self[2-&lt;lambda&gt;0]" time="0.004854679107666016"></testcase><testcase classname="src.pymortests.vectorarray" file="src/pymortests/vectorarray.py" line="528" name="test_pairwise_dot_self[2-&lt;lambda&gt;1]" time="0.004061698913574219"></testcase><testcase classname="src.pymortests.vectorarray" file="src/pymortests/vectorarray.py" line="528" name="test_pairwise_dot_self[2-&lt;lambda&gt;2]" time="0.0069370269775390625"></testcase><testcase classname="src.pymortests.vectorarray" file="src/pymortests/vectorarray.py" line="528" name="test_pairwise_dot_self[2-&lt;lambda&gt;3]" time="0.008923053741455078"></testcase><testcase classname="src.pymortests.vectorarray" file="src/pymortests/vectorarray.py" line="528" name="test_pairwise_dot_self[2-&lt;lambda&gt;4]" time="0.01049041748046875"></testcase><testcase classname="src.pymortests.vectorarray" file="src/pymortests/vectorarray.py" line="528" name="test_pairwise_dot_self[2-&lt;lambda&gt;5]" time="0.003551006317138672"></testcase><testcase classname="src.pymortests.vectorarray" file="src/pymortests/vectorarray.py" line="528" name="test_pairwise_dot_self[2-&lt;lambda&gt;6]" time="0.003520965576171875"></testcase><testcase classname="src.pymortests.vectorarray" file="src/pymortests/vectorarray.py" line="528" name="test_pairwise_dot_self[2-&lt;lambda&gt;7]" time="0.007231950759887695"></testcase><testcase classname="src.pymortests.vectorarray" file="src/pymortests/vectorarray.py" line="528" name="test_pairwise_dot_self[2-&lt;lambda&gt;8]" time="0.02631354331970215"></testcase><testcase classname="src.pymortests.vectorarray" file="src/pymortests/vectorarray.py" line="528" name="test_pairwise_dot_self[2-&lt;lambda&gt;9]" time="0.05090522766113281"></testcase><testcase classname="src.pymortests.vectorarray" file="src/pymortests/vectorarray.py" line="528" name="test_pairwise_dot_self[2-&lt;lambda&gt;10]" time="0.007762432098388672"></testcase><testcase classname="src.pymortests.vectorarray" file="src/pymortests/vectorarray.py" line="528" name="test_pairwise_dot_self[2-&lt;lambda&gt;11]" time="0.012751102447509766"></testcase><testcase classname="src.pymortests.vectorarray" file="src/pymortests/vectorarray.py" line="528" name="test_pairwise_dot_self[2-&lt;lambda&gt;12]" time="0.012734651565551758"></testcase><testcase classname="src.pymortests.vectorarray" file="src/pymortests/vectorarray.py" line="528" name="test_pairwise_dot_self[2-&lt;lambda&gt;13]" time="0.010880708694458008"></testcase><testcase classname="src.pymortests.vectorarray" file="src/pymortests/vectorarray.py" line="528" name="test_pairwise_dot_self[2-&lt;lambda&gt;14]" time="0.014900922775268555"></testcase><testcase classname="src.pymortests.vectorarray" file="src/pymortests/vectorarray.py" line="528" name="test_pairwise_dot_self[2-&lt;lambda&gt;15]" time="0.021401405334472656"></testcase><testcase classname="src.pymortests.vectorarray" file="src/pymortests/vectorarray.py" line="528" name="test_pairwise_dot_self[2-&lt;lambda&gt;16]" time="0.02614760398864746"></testcase><testcase classname="src.pymortests.vectorarray" file="src/pymortests/vectorarray.py" line="528" name="test_pairwise_dot_self[2-&lt;lambda&gt;17]" time="0.008901596069335938"></testcase><testcase classname="src.pymortests.vectorarray" file="src/pymortests/vectorarray.py" line="528" name="test_pairwise_dot_self[2-&lt;lambda&gt;18]" time="0.008616209030151367"></testcase><testcase classname="src.pymortests.vectorarray" file="src/pymortests/vectorarray.py" line="528" name="test_pairwise_dot_self[2-&lt;lambda&gt;19]" time="0.010781526565551758"></testcase><testcase classname="src.pymortests.vectorarray" file="src/pymortests/vectorarray.py" line="528" name="test_pairwise_dot_self[2-&lt;lambda&gt;20]" time="0.040338993072509766"></testcase><testcase classname="src.pymortests.vectorarray" file="src/pymortests/vectorarray.py" line="528" name="test_pairwise_dot_self[2-&lt;lambda&gt;21]" time="0.08646011352539062"></testcase><testcase classname="src.pymortests.vectorarray" file="src/pymortests/vectorarray.py" line="528" name="test_pairwise_dot_self[2-&lt;lambda&gt;22]" time="0.004587888717651367"></testcase><testcase classname="src.pymortests.vectorarray" file="src/pymortests/vectorarray.py" line="528" name="test_pairwise_dot_self[2-&lt;lambda&gt;23]" time="0.0037093162536621094"></testcase><testcase classname="src.pymortests.vectorarray" file="src/pymortests/vectorarray.py" line="528" name="test_pairwise_dot_self[2-&lt;lambda&gt;24]" time="0.009263992309570312"></testcase><testcase classname="src.pymortests.vectorarray" file="src/pymortests/vectorarray.py" line="528" name="test_pairwise_dot_self[2-&lt;lambda&gt;25]" time="0.06876754760742188"></testcase><testcase classname="src.pymortests.vectorarray" file="src/pymortests/vectorarray.py" line="528" name="test_pairwise_dot_self[2-&lt;lambda&gt;26]" time="0.15163469314575195"></testcase><testcase classname="src.pymortests.vectorarray" file="src/pymortests/vectorarray.py" line="546" name="test_dot[compatible_vector_array_pair0-&lt;lambda&gt;0]" time="0.0036466121673583984"></testcase><testcase classname="src.pymortests.vectorarray" file="src/pymortests/vectorarray.py" line="546" name="test_dot[compatible_vector_array_pair0-&lt;lambda&gt;1]" time="0.002073526382446289"></testcase><testcase classname="src.pymortests.vectorarray" file="src/pymortests/vectorarray.py" line="546" name="test_dot[compatible_vector_array_pair0-&lt;lambda&gt;2]" time="0.007048130035400391"></testcase><testcase classname="src.pymortests.vectorarray" file="src/pymortests/vectorarray.py" line="546" name="test_dot[compatible_vector_array_pair0-&lt;lambda&gt;3]" time="0.008887767791748047"></testcase><testcase classname="src.pymortests.vectorarray" file="src/pymortests/vectorarray.py" line="546" name="test_dot[compatible_vector_array_pair0-&lt;lambda&gt;4]" time="0.013581037521362305"></testcase><testcase classname="src.pymortests.vectorarray" file="src/pymortests/vectorarray.py" line="546" name="test_dot[compatible_vector_array_pair0-&lt;lambda&gt;5]" time="0.007950782775878906"></testcase><testcase classname="src.pymortests.vectorarray" file="src/pymortests/vectorarray.py" line="546" name="test_dot[compatible_vector_array_pair0-&lt;lambda&gt;6]" time="0.0026361942291259766"></testcase><testcase classname="src.pymortests.vectorarray" file="src/pymortests/vectorarray.py" line="546" name="test_dot[compatible_vector_array_pair0-&lt;lambda&gt;7]" time="0.0018911361694335938"></testcase><testcase classname="src.pymortests.vectorarray" file="src/pymortests/vectorarray.py" line="546" name="test_dot[compatible_vector_array_pair0-&lt;lambda&gt;8]" time="0.0313262939453125"></testcase><testcase classname="src.pymortests.vectorarray" file="src/pymortests/vectorarray.py" line="546" name="test_dot[compatible_vector_array_pair0-&lt;lambda&gt;9]" time="0.06186962127685547"></testcase><testcase classname="src.pymortests.vectorarray" file="src/pymortests/vectorarray.py" line="546" name="test_dot[compatible_vector_array_pair0-&lt;lambda&gt;10]" time="0.9140439033508301"></testcase><testcase classname="src.pymortests.vectorarray" file="src/pymortests/vectorarray.py" line="546" name="test_dot[compatible_vector_array_pair0-&lt;lambda&gt;11]" time="0.010091066360473633"></testcase><testcase classname="src.pymortests.vectorarray" file="src/pymortests/vectorarray.py" line="546" name="test_dot[compatible_vector_array_pair0-&lt;lambda&gt;12]" time="0.005567789077758789"></testcase><testcase classname="src.pymortests.vectorarray" file="src/pymortests/vectorarray.py" line="546" name="test_dot[compatible_vector_array_pair0-&lt;lambda&gt;13]" time="0.0032196044921875"></testcase><testcase classname="src.pymortests.vectorarray" file="src/pymortests/vectorarray.py" line="546" name="test_dot[compatible_vector_array_pair0-&lt;lambda&gt;14]" time="0.009614944458007812"></testcase><testcase classname="src.pymortests.vectorarray" file="src/pymortests/vectorarray.py" line="546" name="test_dot[compatible_vector_array_pair0-&lt;lambda&gt;15]" time="0.01405787467956543"></testcase><testcase classname="src.pymortests.vectorarray" file="src/pymortests/vectorarray.py" line="546" name="test_dot[compatible_vector_array_pair0-&lt;lambda&gt;16]" time="0.022002220153808594"></testcase><testcase classname="src.pymortests.vectorarray" file="src/pymortests/vectorarray.py" line="546" name="test_dot[compatible_vector_array_pair0-&lt;lambda&gt;17]" time="0.03035879135131836"></testcase><testcase classname="src.pymortests.vectorarray" file="src/pymortests/vectorarray.py" line="546" name="test_dot[compatible_vector_array_pair0-&lt;lambda&gt;18]" time="0.007973909378051758"></testcase><testcase classname="src.pymortests.vectorarray" file="src/pymortests/vectorarray.py" line="546" name="test_dot[compatible_vector_array_pair0-&lt;lambda&gt;19]" time="0.003317594528198242"></testcase><testcase classname="src.pymortests.vectorarray" file="src/pymortests/vectorarray.py" line="546" name="test_dot[compatible_vector_array_pair0-&lt;lambda&gt;20]" time="0.08567404747009277"></testcase><testcase classname="src.pymortests.vectorarray" file="src/pymortests/vectorarray.py" line="546" name="test_dot[compatible_vector_array_pair0-&lt;lambda&gt;21]" time="0.07236862182617188"></testcase><testcase classname="src.pymortests.vectorarray" file="src/pymortests/vectorarray.py" line="546" name="test_dot[compatible_vector_array_pair0-&lt;lambda&gt;22]" time="0.8725268840789795"></testcase><testcase classname="src.pymortests.vectorarray" file="src/pymortests/vectorarray.py" line="546" name="test_dot[compatible_vector_array_pair0-&lt;lambda&gt;23]" time="0.013097047805786133"></testcase><testcase classname="src.pymortests.vectorarray" file="src/pymortests/vectorarray.py" line="546" name="test_dot[compatible_vector_array_pair0-&lt;lambda&gt;24]" time="0.003933906555175781"></testcase><testcase classname="src.pymortests.vectorarray" file="src/pymortests/vectorarray.py" line="546" name="test_dot[compatible_vector_array_pair0-&lt;lambda&gt;25]" time="0.0030481815338134766"></testcase><testcase classname="src.pymortests.vectorarray" file="src/pymortests/vectorarray.py" line="546" name="test_dot[compatible_vector_array_pair0-&lt;lambda&gt;26]" time="0.04404926300048828"></testcase><testcase classname="src.pymortests.vectorarray" file="src/pymortests/vectorarray.py" line="546" name="test_dot[compatible_vector_array_pair0-&lt;lambda&gt;27]" time="0.07484865188598633"></testcase><testcase classname="src.pymortests.vectorarray" file="src/pymortests/vectorarray.py" line="546" name="test_dot[compatible_vector_array_pair0-&lt;lambda&gt;28]" time="0.6356751918792725"></testcase><testcase classname="src.pymortests.vectorarray" file="src/pymortests/vectorarray.py" line="546" name="test_dot[compatible_vector_array_pair0-&lt;lambda&gt;29]" time="0.013397693634033203"></testcase><testcase classname="src.pymortests.vectorarray" file="src/pymortests/vectorarray.py" line="546" name="test_dot[compatible_vector_array_pair1-&lt;lambda&gt;0]" time="0.004293203353881836"></testcase><testcase classname="src.pymortests.vectorarray" file="src/pymortests/vectorarray.py" line="546" name="test_dot[compatible_vector_array_pair1-&lt;lambda&gt;1]" time="0.002081632614135742"></testcase><testcase classname="src.pymortests.vectorarray" file="src/pymortests/vectorarray.py" line="546" name="test_dot[compatible_vector_array_pair1-&lt;lambda&gt;2]" time="0.006947755813598633"></testcase><testcase classname="src.pymortests.vectorarray" file="src/pymortests/vectorarray.py" line="546" name="test_dot[compatible_vector_array_pair1-&lt;lambda&gt;3]" time="0.009111166000366211"></testcase><testcase classname="src.pymortests.vectorarray" file="src/pymortests/vectorarray.py" line="546" name="test_dot[compatible_vector_array_pair1-&lt;lambda&gt;4]" time="0.013068914413452148"></testcase><testcase classname="src.pymortests.vectorarray" file="src/pymortests/vectorarray.py" line="546" name="test_dot[compatible_vector_array_pair1-&lt;lambda&gt;5]" time="0.0080108642578125"></testcase><testcase classname="src.pymortests.vectorarray" file="src/pymortests/vectorarray.py" line="546" name="test_dot[compatible_vector_array_pair1-&lt;lambda&gt;6]" time="0.002695322036743164"></testcase><testcase classname="src.pymortests.vectorarray" file="src/pymortests/vectorarray.py" line="546" name="test_dot[compatible_vector_array_pair1-&lt;lambda&gt;7]" time="0.0019457340240478516"></testcase><testcase classname="src.pymortests.vectorarray" file="src/pymortests/vectorarray.py" line="546" name="test_dot[compatible_vector_array_pair1-&lt;lambda&gt;8]" time="0.03144407272338867"></testcase><testcase classname="src.pymortests.vectorarray" file="src/pymortests/vectorarray.py" line="546" name="test_dot[compatible_vector_array_pair1-&lt;lambda&gt;9]" time="0.06452274322509766"></testcase><testcase classname="src.pymortests.vectorarray" file="src/pymortests/vectorarray.py" line="546" name="test_dot[compatible_vector_array_pair1-&lt;lambda&gt;10]" time="0.9116477966308594"></testcase><testcase classname="src.pymortests.vectorarray" file="src/pymortests/vectorarray.py" line="546" name="test_dot[compatible_vector_array_pair1-&lt;lambda&gt;11]" time="0.010080099105834961"></testcase><testcase classname="src.pymortests.vectorarray" file="src/pymortests/vectorarray.py" line="546" name="test_dot[compatible_vector_array_pair1-&lt;lambda&gt;12]" time="0.004708766937255859"></testcase><testcase classname="src.pymortests.vectorarray" file="src/pymortests/vectorarray.py" line="546" name="test_dot[compatible_vector_array_pair1-&lt;lambda&gt;13]" time="0.003336668014526367"></testcase><testcase classname="src.pymortests.vectorarray" file="src/pymortests/vectorarray.py" line="546" name="test_dot[compatible_vector_array_pair1-&lt;lambda&gt;14]" time="0.00955820083618164"></testcase><testcase classname="src.pymortests.vectorarray" file="src/pymortests/vectorarray.py" line="546" name="test_dot[compatible_vector_array_pair1-&lt;lambda&gt;15]" time="0.014130830764770508"></testcase><testcase classname="src.pymortests.vectorarray" file="src/pymortests/vectorarray.py" line="546" name="test_dot[compatible_vector_array_pair1-&lt;lambda&gt;16]" time="0.01959514617919922"></testcase><testcase classname="src.pymortests.vectorarray" file="src/pymortests/vectorarray.py" line="546" name="test_dot[compatible_vector_array_pair1-&lt;lambda&gt;17]" time="0.030389070510864258"></testcase><testcase classname="src.pymortests.vectorarray" file="src/pymortests/vectorarray.py" line="546" name="test_dot[compatible_vector_array_pair1-&lt;lambda&gt;18]" time="0.007977008819580078"></testcase><testcase classname="src.pymortests.vectorarray" file="src/pymortests/vectorarray.py" line="546" name="test_dot[compatible_vector_array_pair1-&lt;lambda&gt;19]" time="0.0033054351806640625"></testcase><testcase classname="src.pymortests.vectorarray" file="src/pymortests/vectorarray.py" line="546" name="test_dot[compatible_vector_array_pair1-&lt;lambda&gt;20]" time="0.09246683120727539"></testcase><testcase classname="src.pymortests.vectorarray" file="src/pymortests/vectorarray.py" line="546" name="test_dot[compatible_vector_array_pair1-&lt;lambda&gt;21]" time="0.0727691650390625"></testcase><testcase classname="src.pymortests.vectorarray" file="src/pymortests/vectorarray.py" line="546" name="test_dot[compatible_vector_array_pair1-&lt;lambda&gt;22]" time="0.8824317455291748"></testcase><testcase classname="src.pymortests.vectorarray" file="src/pymortests/vectorarray.py" line="546" name="test_dot[compatible_vector_array_pair1-&lt;lambda&gt;23]" time="0.01312255859375"></testcase><testcase classname="src.pymortests.vectorarray" file="src/pymortests/vectorarray.py" line="546" name="test_dot[compatible_vector_array_pair1-&lt;lambda&gt;24]" time="0.004094600677490234"></testcase><testcase classname="src.pymortests.vectorarray" file="src/pymortests/vectorarray.py" line="546" name="test_dot[compatible_vector_array_pair1-&lt;lambda&gt;25]" time="0.0038480758666992188"></testcase><testcase classname="src.pymortests.vectorarray" file="src/pymortests/vectorarray.py" line="546" name="test_dot[compatible_vector_array_pair1-&lt;lambda&gt;26]" time="0.0619964599609375"></testcase><testcase classname="src.pymortests.vectorarray" file="src/pymortests/vectorarray.py" line="546" name="test_dot[compatible_vector_array_pair1-&lt;lambda&gt;27]" time="0.07582378387451172"></testcase><testcase classname="src.pymortests.vectorarray" file="src/pymortests/vectorarray.py" line="546" name="test_dot[compatible_vector_array_pair1-&lt;lambda&gt;28]" time="0.6931595802307129"></testcase><testcase classname="src.pymortests.vectorarray" file="src/pymortests/vectorarray.py" line="546" name="test_dot[compatible_vector_array_pair1-&lt;lambda&gt;29]" time="0.014293670654296875"></testcase><testcase classname="src.pymortests.vectorarray" file="src/pymortests/vectorarray.py" line="546" name="test_dot[compatible_vector_array_pair2-&lt;lambda&gt;0]" time="0.004088878631591797"></testcase><testcase classname="src.pymortests.vectorarray" file="src/pymortests/vectorarray.py" line="546" name="test_dot[compatible_vector_array_pair2-&lt;lambda&gt;1]" time="0.0020689964294433594"></testcase><testcase classname="src.pymortests.vectorarray" file="src/pymortests/vectorarray.py" line="546" name="test_dot[compatible_vector_array_pair2-&lt;lambda&gt;2]" time="0.0067288875579833984"></testcase><testcase classname="src.pymortests.vectorarray" file="src/pymortests/vectorarray.py" line="546" name="test_dot[compatible_vector_array_pair2-&lt;lambda&gt;3]" time="0.008844375610351562"></testcase><testcase classname="src.pymortests.vectorarray" file="src/pymortests/vectorarray.py" line="546" name="test_dot[compatible_vector_array_pair2-&lt;lambda&gt;4]" time="0.013252496719360352"></testcase><testcase classname="src.pymortests.vectorarray" file="src/pymortests/vectorarray.py" line="546" name="test_dot[compatible_vector_array_pair2-&lt;lambda&gt;5]" time="0.007971763610839844"></testcase><testcase classname="src.pymortests.vectorarray" file="src/pymortests/vectorarray.py" line="546" name="test_dot[compatible_vector_array_pair2-&lt;lambda&gt;6]" time="0.002691030502319336"></testcase><testcase classname="src.pymortests.vectorarray" file="src/pymortests/vectorarray.py" line="546" name="test_dot[compatible_vector_array_pair2-&lt;lambda&gt;7]" time="0.002010345458984375"></testcase><testcase classname="src.pymortests.vectorarray" file="src/pymortests/vectorarray.py" line="546" name="test_dot[compatible_vector_array_pair2-&lt;lambda&gt;8]" time="0.031289100646972656"></testcase><testcase classname="src.pymortests.vectorarray" file="src/pymortests/vectorarray.py" line="546" name="test_dot[compatible_vector_array_pair2-&lt;lambda&gt;9]" time="0.06178855895996094"></testcase><testcase classname="src.pymortests.vectorarray" file="src/pymortests/vectorarray.py" line="546" name="test_dot[compatible_vector_array_pair2-&lt;lambda&gt;10]" time="0.9149644374847412"></testcase><testcase classname="src.pymortests.vectorarray" file="src/pymortests/vectorarray.py" line="546" name="test_dot[compatible_vector_array_pair2-&lt;lambda&gt;11]" time="0.009871244430541992"></testcase><testcase classname="src.pymortests.vectorarray" file="src/pymortests/vectorarray.py" line="546" name="test_dot[compatible_vector_array_pair2-&lt;lambda&gt;12]" time="0.004532575607299805"></testcase><testcase classname="src.pymortests.vectorarray" file="src/pymortests/vectorarray.py" line="546" name="test_dot[compatible_vector_array_pair2-&lt;lambda&gt;13]" time="0.0032448768615722656"></testcase><testcase classname="src.pymortests.vectorarray" file="src/pymortests/vectorarray.py" line="546" name="test_dot[compatible_vector_array_pair2-&lt;lambda&gt;14]" time="0.009476423263549805"></testcase><testcase classname="src.pymortests.vectorarray" file="src/pymortests/vectorarray.py" line="546" name="test_dot[compatible_vector_array_pair2-&lt;lambda&gt;15]" time="0.013820409774780273"></testcase><testcase classname="src.pymortests.vectorarray" file="src/pymortests/vectorarray.py" line="546" name="test_dot[compatible_vector_array_pair2-&lt;lambda&gt;16]" time="0.0197141170501709"></testcase><testcase classname="src.pymortests.vectorarray" file="src/pymortests/vectorarray.py" line="546" name="test_dot[compatible_vector_array_pair2-&lt;lambda&gt;17]" time="0.030539751052856445"></testcase><testcase classname="src.pymortests.vectorarray" file="src/pymortests/vectorarray.py" line="546" name="test_dot[compatible_vector_array_pair2-&lt;lambda&gt;18]" time="0.007791280746459961"></testcase><testcase classname="src.pymortests.vectorarray" file="src/pymortests/vectorarray.py" line="546" name="test_dot[compatible_vector_array_pair2-&lt;lambda&gt;19]" time="0.0031676292419433594"></testcase><testcase classname="src.pymortests.vectorarray" file="src/pymortests/vectorarray.py" line="546" name="test_dot[compatible_vector_array_pair2-&lt;lambda&gt;20]" time="0.08832120895385742"></testcase><testcase classname="src.pymortests.vectorarray" file="src/pymortests/vectorarray.py" line="546" name="test_dot[compatible_vector_array_pair2-&lt;lambda&gt;21]" time="0.07225418090820312"></testcase><testcase classname="src.pymortests.vectorarray" file="src/pymortests/vectorarray.py" line="546" name="test_dot[compatible_vector_array_pair2-&lt;lambda&gt;22]" time="0.8810727596282959"></testcase><testcase classname="src.pymortests.vectorarray" file="src/pymortests/vectorarray.py" line="546" name="test_dot[compatible_vector_array_pair2-&lt;lambda&gt;23]" time="0.012797832489013672"></testcase><testcase classname="src.pymortests.vectorarray" file="src/pymortests/vectorarray.py" line="546" name="test_dot[compatible_vector_array_pair2-&lt;lambda&gt;24]" time="0.003943443298339844"></testcase><testcase classname="src.pymortests.vectorarray" file="src/pymortests/vectorarray.py" line="546" name="test_dot[compatible_vector_array_pair2-&lt;lambda&gt;25]" time="0.0037758350372314453"></testcase><testcase classname="src.pymortests.vectorarray" file="src/pymortests/vectorarray.py" line="546" name="test_dot[compatible_vector_array_pair2-&lt;lambda&gt;26]" time="0.061717987060546875"></testcase><testcase classname="src.pymortests.vectorarray" file="src/pymortests/vectorarray.py" line="546" name="test_dot[compatible_vector_array_pair2-&lt;lambda&gt;27]" time="0.0766746997833252"></testcase><testcase classname="src.pymortests.vectorarray" file="src/pymortests/vectorarray.py" line="546" name="test_dot[compatible_vector_array_pair2-&lt;lambda&gt;28]" time="0.6896162033081055"></testcase><testcase classname="src.pymortests.vectorarray" file="src/pymortests/vectorarray.py" line="546" name="test_dot[compatible_vector_array_pair2-&lt;lambda&gt;29]" time="0.014157772064208984"></testcase><testcase classname="src.pymortests.vectorarray" file="src/pymortests/vectorarray.py" line="546" name="test_dot[compatible_vector_array_pair3-&lt;lambda&gt;0]" time="0.003988742828369141"></testcase><testcase classname="src.pymortests.vectorarray" file="src/pymortests/vectorarray.py" line="546" name="test_dot[compatible_vector_array_pair3-&lt;lambda&gt;1]" time="0.002032041549682617"></testcase><testcase classname="src.pymortests.vectorarray" file="src/pymortests/vectorarray.py" line="546" name="test_dot[compatible_vector_array_pair3-&lt;lambda&gt;2]" time="0.006702423095703125"></testcase><testcase classname="src.pymortests.vectorarray" file="src/pymortests/vectorarray.py" line="546" name="test_dot[compatible_vector_array_pair3-&lt;lambda&gt;3]" time="0.008856058120727539"></testcase><testcase classname="src.pymortests.vectorarray" file="src/pymortests/vectorarray.py" line="546" name="test_dot[compatible_vector_array_pair3-&lt;lambda&gt;4]" time="0.013495206832885742"></testcase><testcase classname="src.pymortests.vectorarray" file="src/pymortests/vectorarray.py" line="546" name="test_dot[compatible_vector_array_pair3-&lt;lambda&gt;5]" time="0.008073568344116211"></testcase><testcase classname="src.pymortests.vectorarray" file="src/pymortests/vectorarray.py" line="546" name="test_dot[compatible_vector_array_pair3-&lt;lambda&gt;6]" time="0.002681732177734375"></testcase><testcase classname="src.pymortests.vectorarray" file="src/pymortests/vectorarray.py" line="546" name="test_dot[compatible_vector_array_pair3-&lt;lambda&gt;7]" time="0.001971006393432617"></testcase><testcase classname="src.pymortests.vectorarray" file="src/pymortests/vectorarray.py" line="546" name="test_dot[compatible_vector_array_pair3-&lt;lambda&gt;8]" time="0.03126072883605957"></testcase><testcase classname="src.pymortests.vectorarray" file="src/pymortests/vectorarray.py" line="546" name="test_dot[compatible_vector_array_pair3-&lt;lambda&gt;9]" time="0.062226295471191406"></testcase><testcase classname="src.pymortests.vectorarray" file="src/pymortests/vectorarray.py" line="546" name="test_dot[compatible_vector_array_pair3-&lt;lambda&gt;10]" time="0.9116981029510498"></testcase><testcase classname="src.pymortests.vectorarray" file="src/pymortests/vectorarray.py" line="546" name="test_dot[compatible_vector_array_pair3-&lt;lambda&gt;11]" time="0.010010242462158203"></testcase><testcase classname="src.pymortests.vectorarray" file="src/pymortests/vectorarray.py" line="546" name="test_dot[compatible_vector_array_pair3-&lt;lambda&gt;12]" time="0.004743337631225586"></testcase><testcase classname="src.pymortests.vectorarray" file="src/pymortests/vectorarray.py" line="546" name="test_dot[compatible_vector_array_pair3-&lt;lambda&gt;13]" time="0.003292560577392578"></testcase><testcase classname="src.pymortests.vectorarray" file="src/pymortests/vectorarray.py" line="546" name="test_dot[compatible_vector_array_pair3-&lt;lambda&gt;14]" time="0.00967860221862793"></testcase><testcase classname="src.pymortests.vectorarray" file="src/pymortests/vectorarray.py" line="546" name="test_dot[compatible_vector_array_pair3-&lt;lambda&gt;15]" time="0.014030933380126953"></testcase><testcase classname="src.pymortests.vectorarray" file="src/pymortests/vectorarray.py" line="546" name="test_dot[compatible_vector_array_pair3-&lt;lambda&gt;16]" time="0.019533395767211914"></testcase><testcase classname="src.pymortests.vectorarray" file="src/pymortests/vectorarray.py" line="546" name="test_dot[compatible_vector_array_pair3-&lt;lambda&gt;17]" time="0.030570507049560547"></testcase><testcase classname="src.pymortests.vectorarray" file="src/pymortests/vectorarray.py" line="546" name="test_dot[compatible_vector_array_pair3-&lt;lambda&gt;18]" time="0.008069276809692383"></testcase><testcase classname="src.pymortests.vectorarray" file="src/pymortests/vectorarray.py" line="546" name="test_dot[compatible_vector_array_pair3-&lt;lambda&gt;19]" time="0.003325939178466797"></testcase><testcase classname="src.pymortests.vectorarray" file="src/pymortests/vectorarray.py" line="546" name="test_dot[compatible_vector_array_pair3-&lt;lambda&gt;20]" time="0.08774232864379883"></testcase><testcase classname="src.pymortests.vectorarray" file="src/pymortests/vectorarray.py" line="546" name="test_dot[compatible_vector_array_pair3-&lt;lambda&gt;21]" time="0.07393884658813477"></testcase><testcase classname="src.pymortests.vectorarray" file="src/pymortests/vectorarray.py" line="546" name="test_dot[compatible_vector_array_pair3-&lt;lambda&gt;22]" time="0.886455774307251"></testcase><testcase classname="src.pymortests.vectorarray" file="src/pymortests/vectorarray.py" line="546" name="test_dot[compatible_vector_array_pair3-&lt;lambda&gt;23]" time="0.01287841796875"></testcase><testcase classname="src.pymortests.vectorarray" file="src/pymortests/vectorarray.py" line="546" name="test_dot[compatible_vector_array_pair3-&lt;lambda&gt;24]" time="0.004082679748535156"></testcase><testcase classname="src.pymortests.vectorarray" file="src/pymortests/vectorarray.py" line="546" name="test_dot[compatible_vector_array_pair3-&lt;lambda&gt;25]" time="0.003007173538208008"></testcase><testcase classname="src.pymortests.vectorarray" file="src/pymortests/vectorarray.py" line="546" name="test_dot[compatible_vector_array_pair3-&lt;lambda&gt;26]" time="0.044005632400512695"></testcase><testcase classname="src.pymortests.vectorarray" file="src/pymortests/vectorarray.py" line="546" name="test_dot[compatible_vector_array_pair3-&lt;lambda&gt;27]" time="0.092681884765625"></testcase><testcase classname="src.pymortests.vectorarray" file="src/pymortests/vectorarray.py" line="546" name="test_dot[compatible_vector_array_pair3-&lt;lambda&gt;28]" time="0.6872727870941162"></testcase><testcase classname="src.pymortests.vectorarray" file="src/pymortests/vectorarray.py" line="546" name="test_dot[compatible_vector_array_pair3-&lt;lambda&gt;29]" time="0.01437067985534668"></testcase><testcase classname="src.pymortests.vectorarray" file="src/pymortests/vectorarray.py" line="546" name="test_dot[compatible_vector_array_pair4-&lt;lambda&gt;0]" time="0.003987312316894531"></testcase><testcase classname="src.pymortests.vectorarray" file="src/pymortests/vectorarray.py" line="546" name="test_dot[compatible_vector_array_pair4-&lt;lambda&gt;1]" time="0.0020689964294433594"></testcase><testcase classname="src.pymortests.vectorarray" file="src/pymortests/vectorarray.py" line="546" name="test_dot[compatible_vector_array_pair4-&lt;lambda&gt;2]" time="0.006810665130615234"></testcase><testcase classname="src.pymortests.vectorarray" file="src/pymortests/vectorarray.py" line="546" name="test_dot[compatible_vector_array_pair4-&lt;lambda&gt;3]" time="0.009154081344604492"></testcase><testcase classname="src.pymortests.vectorarray" file="src/pymortests/vectorarray.py" line="546" name="test_dot[compatible_vector_array_pair4-&lt;lambda&gt;4]" time="0.013618230819702148"></testcase><testcase classname="src.pymortests.vectorarray" file="src/pymortests/vectorarray.py" line="546" name="test_dot[compatible_vector_array_pair4-&lt;lambda&gt;5]" time="0.008134841918945312"></testcase><testcase classname="src.pymortests.vectorarray" file="src/pymortests/vectorarray.py" line="546" name="test_dot[compatible_vector_array_pair4-&lt;lambda&gt;6]" time="0.002769947052001953"></testcase><testcase classname="src.pymortests.vectorarray" file="src/pymortests/vectorarray.py" line="546" name="test_dot[compatible_vector_array_pair4-&lt;lambda&gt;7]" time="0.00206756591796875"></testcase><testcase classname="src.pymortests.vectorarray" file="src/pymortests/vectorarray.py" line="546" name="test_dot[compatible_vector_array_pair4-&lt;lambda&gt;8]" time="0.031710147857666016"></testcase><testcase classname="src.pymortests.vectorarray" file="src/pymortests/vectorarray.py" line="546" name="test_dot[compatible_vector_array_pair4-&lt;lambda&gt;9]" time="0.06208539009094238"></testcase><testcase classname="src.pymortests.vectorarray" file="src/pymortests/vectorarray.py" line="546" name="test_dot[compatible_vector_array_pair4-&lt;lambda&gt;10]" time="0.9081325531005859"></testcase><testcase classname="src.pymortests.vectorarray" file="src/pymortests/vectorarray.py" line="546" name="test_dot[compatible_vector_array_pair4-&lt;lambda&gt;11]" time="0.010184764862060547"></testcase><testcase classname="src.pymortests.vectorarray" file="src/pymortests/vectorarray.py" line="546" name="test_dot[compatible_vector_array_pair4-&lt;lambda&gt;12]" time="0.005762815475463867"></testcase><testcase classname="src.pymortests.vectorarray" file="src/pymortests/vectorarray.py" line="546" name="test_dot[compatible_vector_array_pair4-&lt;lambda&gt;13]" time="0.0034172534942626953"></testcase><testcase classname="src.pymortests.vectorarray" file="src/pymortests/vectorarray.py" line="546" name="test_dot[compatible_vector_array_pair4-&lt;lambda&gt;14]" time="0.009597301483154297"></testcase><testcase classname="src.pymortests.vectorarray" file="src/pymortests/vectorarray.py" line="546" name="test_dot[compatible_vector_array_pair4-&lt;lambda&gt;15]" time="0.013911008834838867"></testcase><testcase classname="src.pymortests.vectorarray" file="src/pymortests/vectorarray.py" line="546" name="test_dot[compatible_vector_array_pair4-&lt;lambda&gt;16]" time="0.019606590270996094"></testcase><testcase classname="src.pymortests.vectorarray" file="src/pymortests/vectorarray.py" line="546" name="test_dot[compatible_vector_array_pair4-&lt;lambda&gt;17]" time="0.031043529510498047"></testcase><testcase classname="src.pymortests.vectorarray" file="src/pymortests/vectorarray.py" line="546" name="test_dot[compatible_vector_array_pair4-&lt;lambda&gt;18]" time="0.008051872253417969"></testcase><testcase classname="src.pymortests.vectorarray" file="src/pymortests/vectorarray.py" line="546" name="test_dot[compatible_vector_array_pair4-&lt;lambda&gt;19]" time="0.0033228397369384766"></testcase><testcase classname="src.pymortests.vectorarray" file="src/pymortests/vectorarray.py" line="546" name="test_dot[compatible_vector_array_pair4-&lt;lambda&gt;20]" time="0.08954548835754395"></testcase><testcase classname="src.pymortests.vectorarray" file="src/pymortests/vectorarray.py" line="546" name="test_dot[compatible_vector_array_pair4-&lt;lambda&gt;21]" time="0.07338523864746094"></testcase><testcase classname="src.pymortests.vectorarray" file="src/pymortests/vectorarray.py" line="546" name="test_dot[compatible_vector_array_pair4-&lt;lambda&gt;22]" time="0.8866045475006104"></testcase><testcase classname="src.pymortests.vectorarray" file="src/pymortests/vectorarray.py" line="546" name="test_dot[compatible_vector_array_pair4-&lt;lambda&gt;23]" time="0.01300668716430664"></testcase><testcase classname="src.pymortests.vectorarray" file="src/pymortests/vectorarray.py" line="546" name="test_dot[compatible_vector_array_pair4-&lt;lambda&gt;24]" time="0.004044771194458008"></testcase><testcase classname="src.pymortests.vectorarray" file="src/pymortests/vectorarray.py" line="546" name="test_dot[compatible_vector_array_pair4-&lt;lambda&gt;25]" time="0.0037610530853271484"></testcase><testcase classname="src.pymortests.vectorarray" file="src/pymortests/vectorarray.py" line="546" name="test_dot[compatible_vector_array_pair4-&lt;lambda&gt;26]" time="0.06220221519470215"></testcase><testcase classname="src.pymortests.vectorarray" file="src/pymortests/vectorarray.py" line="546" name="test_dot[compatible_vector_array_pair4-&lt;lambda&gt;27]" time="0.0967874526977539"></testcase><testcase classname="src.pymortests.vectorarray" file="src/pymortests/vectorarray.py" line="546" name="test_dot[compatible_vector_array_pair4-&lt;lambda&gt;28]" time="0.7405345439910889"></testcase><testcase classname="src.pymortests.vectorarray" file="src/pymortests/vectorarray.py" line="546" name="test_dot[compatible_vector_array_pair4-&lt;lambda&gt;29]" time="0.015372514724731445"></testcase><testcase classname="src.pymortests.vectorarray" file="src/pymortests/vectorarray.py" line="546" name="test_dot[compatible_vector_array_pair5-&lt;lambda&gt;0]" time="0.004104137420654297"></testcase><testcase classname="src.pymortests.vectorarray" file="src/pymortests/vectorarray.py" line="546" name="test_dot[compatible_vector_array_pair5-&lt;lambda&gt;1]" time="0.0021047592163085938"></testcase><testcase classname="src.pymortests.vectorarray" file="src/pymortests/vectorarray.py" line="546" name="test_dot[compatible_vector_array_pair5-&lt;lambda&gt;2]" time="0.006951808929443359"></testcase><testcase classname="src.pymortests.vectorarray" file="src/pymortests/vectorarray.py" line="546" name="test_dot[compatible_vector_array_pair5-&lt;lambda&gt;3]" time="0.00899052619934082"></testcase><testcase classname="src.pymortests.vectorarray" file="src/pymortests/vectorarray.py" line="546" name="test_dot[compatible_vector_array_pair5-&lt;lambda&gt;4]" time="0.013518333435058594"></testcase><testcase classname="src.pymortests.vectorarray" file="src/pymortests/vectorarray.py" line="546" name="test_dot[compatible_vector_array_pair5-&lt;lambda&gt;5]" time="0.00827479362487793"></testcase><testcase classname="src.pymortests.vectorarray" file="src/pymortests/vectorarray.py" line="546" name="test_dot[compatible_vector_array_pair5-&lt;lambda&gt;6]" time="0.0027718544006347656"></testcase><testcase classname="src.pymortests.vectorarray" file="src/pymortests/vectorarray.py" line="546" name="test_dot[compatible_vector_array_pair5-&lt;lambda&gt;7]" time="0.0019865036010742188"></testcase><testcase classname="src.pymortests.vectorarray" file="src/pymortests/vectorarray.py" line="546" name="test_dot[compatible_vector_array_pair5-&lt;lambda&gt;8]" time="0.031162023544311523"></testcase><testcase classname="src.pymortests.vectorarray" file="src/pymortests/vectorarray.py" line="546" name="test_dot[compatible_vector_array_pair5-&lt;lambda&gt;9]" time="0.06174349784851074"></testcase><testcase classname="src.pymortests.vectorarray" file="src/pymortests/vectorarray.py" line="546" name="test_dot[compatible_vector_array_pair5-&lt;lambda&gt;10]" time="0.9121303558349609"></testcase><testcase classname="src.pymortests.vectorarray" file="src/pymortests/vectorarray.py" line="546" name="test_dot[compatible_vector_array_pair5-&lt;lambda&gt;11]" time="0.010183095932006836"></testcase><testcase classname="src.pymortests.vectorarray" file="src/pymortests/vectorarray.py" line="546" name="test_dot[compatible_vector_array_pair5-&lt;lambda&gt;12]" time="0.005830049514770508"></testcase><testcase classname="src.pymortests.vectorarray" file="src/pymortests/vectorarray.py" line="546" name="test_dot[compatible_vector_array_pair5-&lt;lambda&gt;13]" time="0.003465890884399414"></testcase><testcase classname="src.pymortests.vectorarray" file="src/pymortests/vectorarray.py" line="546" name="test_dot[compatible_vector_array_pair5-&lt;lambda&gt;14]" time="0.009566783905029297"></testcase><testcase classname="src.pymortests.vectorarray" file="src/pymortests/vectorarray.py" line="546" name="test_dot[compatible_vector_array_pair5-&lt;lambda&gt;15]" time="0.014023780822753906"></testcase><testcase classname="src.pymortests.vectorarray" file="src/pymortests/vectorarray.py" line="546" name="test_dot[compatible_vector_array_pair5-&lt;lambda&gt;16]" time="0.019698143005371094"></testcase><testcase classname="src.pymortests.vectorarray" file="src/pymortests/vectorarray.py" line="546" name="test_dot[compatible_vector_array_pair5-&lt;lambda&gt;17]" time="0.030159950256347656"></testcase><testcase classname="src.pymortests.vectorarray" file="src/pymortests/vectorarray.py" line="546" name="test_dot[compatible_vector_array_pair5-&lt;lambda&gt;18]" time="0.007872819900512695"></testcase><testcase classname="src.pymortests.vectorarray" file="src/pymortests/vectorarray.py" line="546" name="test_dot[compatible_vector_array_pair5-&lt;lambda&gt;19]" time="0.0033409595489501953"></testcase><testcase classname="src.pymortests.vectorarray" file="src/pymortests/vectorarray.py" line="546" name="test_dot[compatible_vector_array_pair5-&lt;lambda&gt;20]" time="0.08497738838195801"></testcase><testcase classname="src.pymortests.vectorarray" file="src/pymortests/vectorarray.py" line="546" name="test_dot[compatible_vector_array_pair5-&lt;lambda&gt;21]" time="0.07245850563049316"></testcase><testcase classname="src.pymortests.vectorarray" file="src/pymortests/vectorarray.py" line="546" name="test_dot[compatible_vector_array_pair5-&lt;lambda&gt;22]" time="0.8729925155639648"></testcase><testcase classname="src.pymortests.vectorarray" file="src/pymortests/vectorarray.py" line="546" name="test_dot[compatible_vector_array_pair5-&lt;lambda&gt;23]" time="0.013307571411132812"></testcase><testcase classname="src.pymortests.vectorarray" file="src/pymortests/vectorarray.py" line="546" name="test_dot[compatible_vector_array_pair5-&lt;lambda&gt;24]" time="0.004010677337646484"></testcase><testcase classname="src.pymortests.vectorarray" file="src/pymortests/vectorarray.py" line="546" name="test_dot[compatible_vector_array_pair5-&lt;lambda&gt;25]" time="0.004057884216308594"></testcase><testcase classname="src.pymortests.vectorarray" file="src/pymortests/vectorarray.py" line="546" name="test_dot[compatible_vector_array_pair5-&lt;lambda&gt;26]" time="0.06299090385437012"></testcase><testcase classname="src.pymortests.vectorarray" file="src/pymortests/vectorarray.py" line="546" name="test_dot[compatible_vector_array_pair5-&lt;lambda&gt;27]" time="0.0978851318359375"></testcase><testcase classname="src.pymortests.vectorarray" file="src/pymortests/vectorarray.py" line="546" name="test_dot[compatible_vector_array_pair5-&lt;lambda&gt;28]" time="0.7475368976593018"></testcase><testcase classname="src.pymortests.vectorarray" file="src/pymortests/vectorarray.py" line="546" name="test_dot[compatible_vector_array_pair5-&lt;lambda&gt;29]" time="0.014842748641967773"></testcase><testcase classname="src.pymortests.vectorarray" file="src/pymortests/vectorarray.py" line="546" name="test_dot[compatible_vector_array_pair6-&lt;lambda&gt;0]" time="0.004035234451293945"></testcase><testcase classname="src.pymortests.vectorarray" file="src/pymortests/vectorarray.py" line="546" name="test_dot[compatible_vector_array_pair6-&lt;lambda&gt;1]" time="0.0020208358764648438"></testcase><testcase classname="src.pymortests.vectorarray" file="src/pymortests/vectorarray.py" line="546" name="test_dot[compatible_vector_array_pair6-&lt;lambda&gt;2]" time="0.006764888763427734"></testcase><testcase classname="src.pymortests.vectorarray" file="src/pymortests/vectorarray.py" line="546" name="test_dot[compatible_vector_array_pair6-&lt;lambda&gt;3]" time="0.008805036544799805"></testcase><testcase classname="src.pymortests.vectorarray" file="src/pymortests/vectorarray.py" line="546" name="test_dot[compatible_vector_array_pair6-&lt;lambda&gt;4]" time="0.013009786605834961"></testcase><testcase classname="src.pymortests.vectorarray" file="src/pymortests/vectorarray.py" line="546" name="test_dot[compatible_vector_array_pair6-&lt;lambda&gt;5]" time="0.00802302360534668"></testcase><testcase classname="src.pymortests.vectorarray" file="src/pymortests/vectorarray.py" line="546" name="test_dot[compatible_vector_array_pair6-&lt;lambda&gt;6]" time="0.0026671886444091797"></testcase><testcase classname="src.pymortests.vectorarray" file="src/pymortests/vectorarray.py" line="546" name="test_dot[compatible_vector_array_pair6-&lt;lambda&gt;7]" time="0.002007007598876953"></testcase><testcase classname="src.pymortests.vectorarray" file="src/pymortests/vectorarray.py" line="546" name="test_dot[compatible_vector_array_pair6-&lt;lambda&gt;8]" time="0.030988454818725586"></testcase><testcase classname="src.pymortests.vectorarray" file="src/pymortests/vectorarray.py" line="546" name="test_dot[compatible_vector_array_pair6-&lt;lambda&gt;9]" time="0.06232571601867676"></testcase><testcase classname="src.pymortests.vectorarray" file="src/pymortests/vectorarray.py" line="546" name="test_dot[compatible_vector_array_pair6-&lt;lambda&gt;10]" time="0.9122962951660156"></testcase><testcase classname="src.pymortests.vectorarray" file="src/pymortests/vectorarray.py" line="546" name="test_dot[compatible_vector_array_pair6-&lt;lambda&gt;11]" time="0.010178089141845703"></testcase><testcase classname="src.pymortests.vectorarray" file="src/pymortests/vectorarray.py" line="546" name="test_dot[compatible_vector_array_pair6-&lt;lambda&gt;12]" time="0.004601478576660156"></testcase><testcase classname="src.pymortests.vectorarray" file="src/pymortests/vectorarray.py" line="546" name="test_dot[compatible_vector_array_pair6-&lt;lambda&gt;13]" time="0.003270387649536133"></testcase><testcase classname="src.pymortests.vectorarray" file="src/pymortests/vectorarray.py" line="546" name="test_dot[compatible_vector_array_pair6-&lt;lambda&gt;14]" time="0.009504556655883789"></testcase><testcase classname="src.pymortests.vectorarray" file="src/pymortests/vectorarray.py" line="546" name="test_dot[compatible_vector_array_pair6-&lt;lambda&gt;15]" time="0.013687372207641602"></testcase><testcase classname="src.pymortests.vectorarray" file="src/pymortests/vectorarray.py" line="546" name="test_dot[compatible_vector_array_pair6-&lt;lambda&gt;16]" time="0.019623279571533203"></testcase><testcase classname="src.pymortests.vectorarray" file="src/pymortests/vectorarray.py" line="546" name="test_dot[compatible_vector_array_pair6-&lt;lambda&gt;17]" time="0.03005504608154297"></testcase><testcase classname="src.pymortests.vectorarray" file="src/pymortests/vectorarray.py" line="546" name="test_dot[compatible_vector_array_pair6-&lt;lambda&gt;18]" time="0.0079193115234375"></testcase><testcase classname="src.pymortests.vectorarray" file="src/pymortests/vectorarray.py" line="546" name="test_dot[compatible_vector_array_pair6-&lt;lambda&gt;19]" time="0.003248453140258789"></testcase><testcase classname="src.pymortests.vectorarray" file="src/pymortests/vectorarray.py" line="546" name="test_dot[compatible_vector_array_pair6-&lt;lambda&gt;20]" time="0.08663630485534668"></testcase><testcase classname="src.pymortests.vectorarray" file="src/pymortests/vectorarray.py" line="546" name="test_dot[compatible_vector_array_pair6-&lt;lambda&gt;21]" time="0.07304000854492188"></testcase><testcase classname="src.pymortests.vectorarray" file="src/pymortests/vectorarray.py" line="546" name="test_dot[compatible_vector_array_pair6-&lt;lambda&gt;22]" time="0.8780183792114258"></testcase><testcase classname="src.pymortests.vectorarray" file="src/pymortests/vectorarray.py" line="546" name="test_dot[compatible_vector_array_pair6-&lt;lambda&gt;23]" time="0.013114213943481445"></testcase><testcase classname="src.pymortests.vectorarray" file="src/pymortests/vectorarray.py" line="546" name="test_dot[compatible_vector_array_pair6-&lt;lambda&gt;24]" time="0.004030942916870117"></testcase><testcase classname="src.pymortests.vectorarray" file="src/pymortests/vectorarray.py" line="546" name="test_dot[compatible_vector_array_pair6-&lt;lambda&gt;25]" time="0.002927064895629883"></testcase><testcase classname="src.pymortests.vectorarray" file="src/pymortests/vectorarray.py" line="546" name="test_dot[compatible_vector_array_pair6-&lt;lambda&gt;26]" time="0.04460334777832031"></testcase><testcase classname="src.pymortests.vectorarray" file="src/pymortests/vectorarray.py" line="546" name="test_dot[compatible_vector_array_pair6-&lt;lambda&gt;27]" time="0.09297800064086914"></testcase><testcase classname="src.pymortests.vectorarray" file="src/pymortests/vectorarray.py" line="546" name="test_dot[compatible_vector_array_pair6-&lt;lambda&gt;28]" time="0.6836028099060059"></testcase><testcase classname="src.pymortests.vectorarray" file="src/pymortests/vectorarray.py" line="546" name="test_dot[compatible_vector_array_pair6-&lt;lambda&gt;29]" time="0.014139890670776367"></testcase><testcase classname="src.pymortests.vectorarray" file="src/pymortests/vectorarray.py" line="546" name="test_dot[compatible_vector_array_pair7-&lt;lambda&gt;0]" time="0.00399327278137207"></testcase><testcase classname="src.pymortests.vectorarray" file="src/pymortests/vectorarray.py" line="546" name="test_dot[compatible_vector_array_pair7-&lt;lambda&gt;1]" time="0.0020971298217773438"></testcase><testcase classname="src.pymortests.vectorarray" file="src/pymortests/vectorarray.py" line="546" name="test_dot[compatible_vector_array_pair7-&lt;lambda&gt;2]" time="0.006765842437744141"></testcase><testcase classname="src.pymortests.vectorarray" file="src/pymortests/vectorarray.py" line="546" name="test_dot[compatible_vector_array_pair7-&lt;lambda&gt;3]" time="0.00905466079711914"></testcase><testcase classname="src.pymortests.vectorarray" file="src/pymortests/vectorarray.py" line="546" name="test_dot[compatible_vector_array_pair7-&lt;lambda&gt;4]" time="0.013323783874511719"></testcase><testcase classname="src.pymortests.vectorarray" file="src/pymortests/vectorarray.py" line="546" name="test_dot[compatible_vector_array_pair7-&lt;lambda&gt;5]" time="0.008027076721191406"></testcase><testcase classname="src.pymortests.vectorarray" file="src/pymortests/vectorarray.py" line="546" name="test_dot[compatible_vector_array_pair7-&lt;lambda&gt;6]" time="0.002729654312133789"></testcase><testcase classname="src.pymortests.vectorarray" file="src/pymortests/vectorarray.py" line="546" name="test_dot[compatible_vector_array_pair7-&lt;lambda&gt;7]" time="0.0019643306732177734"></testcase><testcase classname="src.pymortests.vectorarray" file="src/pymortests/vectorarray.py" line="546" name="test_dot[compatible_vector_array_pair7-&lt;lambda&gt;8]" time="0.0314183235168457"></testcase><testcase classname="src.pymortests.vectorarray" file="src/pymortests/vectorarray.py" line="546" name="test_dot[compatible_vector_array_pair7-&lt;lambda&gt;9]" time="0.06195807456970215"></testcase><testcase classname="src.pymortests.vectorarray" file="src/pymortests/vectorarray.py" line="546" name="test_dot[compatible_vector_array_pair7-&lt;lambda&gt;10]" time="0.9085819721221924"></testcase><testcase classname="src.pymortests.vectorarray" file="src/pymortests/vectorarray.py" line="546" name="test_dot[compatible_vector_array_pair7-&lt;lambda&gt;11]" time="0.010162591934204102"></testcase><testcase classname="src.pymortests.vectorarray" file="src/pymortests/vectorarray.py" line="546" name="test_dot[compatible_vector_array_pair7-&lt;lambda&gt;12]" time="0.005803108215332031"></testcase><testcase classname="src.pymortests.vectorarray" file="src/pymortests/vectorarray.py" line="546" name="test_dot[compatible_vector_array_pair7-&lt;lambda&gt;13]" time="0.0034546852111816406"></testcase><testcase classname="src.pymortests.vectorarray" file="src/pymortests/vectorarray.py" line="546" name="test_dot[compatible_vector_array_pair7-&lt;lambda&gt;14]" time="0.009607315063476562"></testcase><testcase classname="src.pymortests.vectorarray" file="src/pymortests/vectorarray.py" line="546" name="test_dot[compatible_vector_array_pair7-&lt;lambda&gt;15]" time="0.01422739028930664"></testcase><testcase classname="src.pymortests.vectorarray" file="src/pymortests/vectorarray.py" line="546" name="test_dot[compatible_vector_array_pair7-&lt;lambda&gt;16]" time="0.01967167854309082"></testcase><testcase classname="src.pymortests.vectorarray" file="src/pymortests/vectorarray.py" line="546" name="test_dot[compatible_vector_array_pair7-&lt;lambda&gt;17]" time="0.030635595321655273"></testcase><testcase classname="src.pymortests.vectorarray" file="src/pymortests/vectorarray.py" line="546" name="test_dot[compatible_vector_array_pair7-&lt;lambda&gt;18]" time="0.007945537567138672"></testcase><testcase classname="src.pymortests.vectorarray" file="src/pymortests/vectorarray.py" line="546" name="test_dot[compatible_vector_array_pair7-&lt;lambda&gt;19]" time="0.003264904022216797"></testcase><testcase classname="src.pymortests.vectorarray" file="src/pymortests/vectorarray.py" line="546" name="test_dot[compatible_vector_array_pair7-&lt;lambda&gt;20]" time="0.0875556468963623"></testcase><testcase classname="src.pymortests.vectorarray" file="src/pymortests/vectorarray.py" line="546" name="test_dot[compatible_vector_array_pair7-&lt;lambda&gt;21]" time="0.07300949096679688"></testcase><testcase classname="src.pymortests.vectorarray" file="src/pymortests/vectorarray.py" line="546" name="test_dot[compatible_vector_array_pair7-&lt;lambda&gt;22]" time="0.8792898654937744"></testcase><testcase classname="src.pymortests.vectorarray" file="src/pymortests/vectorarray.py" line="546" name="test_dot[compatible_vector_array_pair7-&lt;lambda&gt;23]" time="0.013381004333496094"></testcase><testcase classname="src.pymortests.vectorarray" file="src/pymortests/vectorarray.py" line="546" name="test_dot[compatible_vector_array_pair7-&lt;lambda&gt;24]" time="0.004099130630493164"></testcase><testcase classname="src.pymortests.vectorarray" file="src/pymortests/vectorarray.py" line="546" name="test_dot[compatible_vector_array_pair7-&lt;lambda&gt;25]" time="0.0041620731353759766"></testcase><testcase classname="src.pymortests.vectorarray" file="src/pymortests/vectorarray.py" line="546" name="test_dot[compatible_vector_array_pair7-&lt;lambda&gt;26]" time="0.06365513801574707"></testcase><testcase classname="src.pymortests.vectorarray" file="src/pymortests/vectorarray.py" line="546" name="test_dot[compatible_vector_array_pair7-&lt;lambda&gt;27]" time="0.0979001522064209"></testcase><testcase classname="src.pymortests.vectorarray" file="src/pymortests/vectorarray.py" line="546" name="test_dot[compatible_vector_array_pair7-&lt;lambda&gt;28]" time="0.741199254989624"></testcase><testcase classname="src.pymortests.vectorarray" file="src/pymortests/vectorarray.py" line="546" name="test_dot[compatible_vector_array_pair7-&lt;lambda&gt;29]" time="0.01506185531616211"></testcase><testcase classname="src.pymortests.vectorarray" file="src/pymortests/vectorarray.py" line="546" name="test_dot[compatible_vector_array_pair8-&lt;lambda&gt;0]" time="0.004034519195556641"></testcase><testcase classname="src.pymortests.vectorarray" file="src/pymortests/vectorarray.py" line="546" name="test_dot[compatible_vector_array_pair8-&lt;lambda&gt;1]" time="0.0022361278533935547"></testcase><testcase classname="src.pymortests.vectorarray" file="src/pymortests/vectorarray.py" line="546" name="test_dot[compatible_vector_array_pair8-&lt;lambda&gt;2]" time="0.0068628787994384766"></testcase><testcase classname="src.pymortests.vectorarray" file="src/pymortests/vectorarray.py" line="546" name="test_dot[compatible_vector_array_pair8-&lt;lambda&gt;3]" time="0.0089263916015625"></testcase><testcase classname="src.pymortests.vectorarray" file="src/pymortests/vectorarray.py" line="546" name="test_dot[compatible_vector_array_pair8-&lt;lambda&gt;4]" time="0.013175010681152344"></testcase><testcase classname="src.pymortests.vectorarray" file="src/pymortests/vectorarray.py" line="546" name="test_dot[compatible_vector_array_pair8-&lt;lambda&gt;5]" time="0.008069515228271484"></testcase><testcase classname="src.pymortests.vectorarray" file="src/pymortests/vectorarray.py" line="546" name="test_dot[compatible_vector_array_pair8-&lt;lambda&gt;6]" time="0.0026848316192626953"></testcase><testcase classname="src.pymortests.vectorarray" file="src/pymortests/vectorarray.py" line="546" name="test_dot[compatible_vector_array_pair8-&lt;lambda&gt;7]" time="0.001982450485229492"></testcase><testcase classname="src.pymortests.vectorarray" file="src/pymortests/vectorarray.py" line="546" name="test_dot[compatible_vector_array_pair8-&lt;lambda&gt;8]" time="0.031464338302612305"></testcase><testcase classname="src.pymortests.vectorarray" file="src/pymortests/vectorarray.py" line="546" name="test_dot[compatible_vector_array_pair8-&lt;lambda&gt;9]" time="0.06339502334594727"></testcase><testcase classname="src.pymortests.vectorarray" file="src/pymortests/vectorarray.py" line="546" name="test_dot[compatible_vector_array_pair8-&lt;lambda&gt;10]" time="0.9126181602478027"></testcase><testcase classname="src.pymortests.vectorarray" file="src/pymortests/vectorarray.py" line="546" name="test_dot[compatible_vector_array_pair8-&lt;lambda&gt;11]" time="0.010165691375732422"></testcase><testcase classname="src.pymortests.vectorarray" file="src/pymortests/vectorarray.py" line="546" name="test_dot[compatible_vector_array_pair8-&lt;lambda&gt;12]" time="0.0057451725006103516"></testcase><testcase classname="src.pymortests.vectorarray" file="src/pymortests/vectorarray.py" line="546" name="test_dot[compatible_vector_array_pair8-&lt;lambda&gt;13]" time="0.003413677215576172"></testcase><testcase classname="src.pymortests.vectorarray" file="src/pymortests/vectorarray.py" line="546" name="test_dot[compatible_vector_array_pair8-&lt;lambda&gt;14]" time="0.009470462799072266"></testcase><testcase classname="src.pymortests.vectorarray" file="src/pymortests/vectorarray.py" line="546" name="test_dot[compatible_vector_array_pair8-&lt;lambda&gt;15]" time="0.013949871063232422"></testcase><testcase classname="src.pymortests.vectorarray" file="src/pymortests/vectorarray.py" line="546" name="test_dot[compatible_vector_array_pair8-&lt;lambda&gt;16]" time="0.019936800003051758"></testcase><testcase classname="src.pymortests.vectorarray" file="src/pymortests/vectorarray.py" line="546" name="test_dot[compatible_vector_array_pair8-&lt;lambda&gt;17]" time="0.030392885208129883"></testcase><testcase classname="src.pymortests.vectorarray" file="src/pymortests/vectorarray.py" line="546" name="test_dot[compatible_vector_array_pair8-&lt;lambda&gt;18]" time="0.007977962493896484"></testcase><testcase classname="src.pymortests.vectorarray" file="src/pymortests/vectorarray.py" line="546" name="test_dot[compatible_vector_array_pair8-&lt;lambda&gt;19]" time="0.003318309783935547"></testcase><testcase classname="src.pymortests.vectorarray" file="src/pymortests/vectorarray.py" line="546" name="test_dot[compatible_vector_array_pair8-&lt;lambda&gt;20]" time="0.09222006797790527"></testcase><testcase classname="src.pymortests.vectorarray" file="src/pymortests/vectorarray.py" line="546" name="test_dot[compatible_vector_array_pair8-&lt;lambda&gt;21]" time="0.07244515419006348"></testcase><testcase classname="src.pymortests.vectorarray" file="src/pymortests/vectorarray.py" line="546" name="test_dot[compatible_vector_array_pair8-&lt;lambda&gt;22]" time="0.8842828273773193"></testcase><testcase classname="src.pymortests.vectorarray" file="src/pymortests/vectorarray.py" line="546" name="test_dot[compatible_vector_array_pair8-&lt;lambda&gt;23]" time="0.013245820999145508"></testcase><testcase classname="src.pymortests.vectorarray" file="src/pymortests/vectorarray.py" line="546" name="test_dot[compatible_vector_array_pair8-&lt;lambda&gt;24]" time="0.003946065902709961"></testcase><testcase classname="src.pymortests.vectorarray" file="src/pymortests/vectorarray.py" line="546" name="test_dot[compatible_vector_array_pair8-&lt;lambda&gt;25]" time="0.0038383007049560547"></testcase><testcase classname="src.pymortests.vectorarray" file="src/pymortests/vectorarray.py" line="546" name="test_dot[compatible_vector_array_pair8-&lt;lambda&gt;26]" time="0.06254339218139648"></testcase><testcase classname="src.pymortests.vectorarray" file="src/pymortests/vectorarray.py" line="546" name="test_dot[compatible_vector_array_pair8-&lt;lambda&gt;27]" time="0.0976095199584961"></testcase><testcase classname="src.pymortests.vectorarray" file="src/pymortests/vectorarray.py" line="546" name="test_dot[compatible_vector_array_pair8-&lt;lambda&gt;28]" time="0.7424836158752441"></testcase><testcase classname="src.pymortests.vectorarray" file="src/pymortests/vectorarray.py" line="546" name="test_dot[compatible_vector_array_pair8-&lt;lambda&gt;29]" time="0.015227794647216797"></testcase><testcase classname="src.pymortests.vectorarray" file="src/pymortests/vectorarray.py" line="561" name="test_dot_self[0-&lt;lambda&gt;0]" time="0.004777669906616211"></testcase><testcase classname="src.pymortests.vectorarray" file="src/pymortests/vectorarray.py" line="561" name="test_dot_self[0-&lt;lambda&gt;1]" time="0.003724336624145508"></testcase><testcase classname="src.pymortests.vectorarray" file="src/pymortests/vectorarray.py" line="561" name="test_dot_self[0-&lt;lambda&gt;2]" time="0.0070133209228515625"></testcase><testcase classname="src.pymortests.vectorarray" file="src/pymortests/vectorarray.py" line="561" name="test_dot_self[0-&lt;lambda&gt;3]" time="0.013744354248046875"></testcase><testcase classname="src.pymortests.vectorarray" file="src/pymortests/vectorarray.py" line="561" name="test_dot_self[0-&lt;lambda&gt;4]" time="0.016046524047851562"></testcase><testcase classname="src.pymortests.vectorarray" file="src/pymortests/vectorarray.py" line="561" name="test_dot_self[0-&lt;lambda&gt;5]" time="0.004651784896850586"></testcase><testcase classname="src.pymortests.vectorarray" file="src/pymortests/vectorarray.py" line="561" name="test_dot_self[0-&lt;lambda&gt;6]" time="0.0035271644592285156"></testcase><testcase classname="src.pymortests.vectorarray" file="src/pymortests/vectorarray.py" line="561" name="test_dot_self[0-&lt;lambda&gt;7]" time="0.014943122863769531"></testcase><testcase classname="src.pymortests.vectorarray" file="src/pymortests/vectorarray.py" line="561" name="test_dot_self[0-&lt;lambda&gt;8]" time="0.41277408599853516"></testcase><testcase classname="src.pymortests.vectorarray" file="src/pymortests/vectorarray.py" line="561" name="test_dot_self[0-&lt;lambda&gt;9]" time="2.112394094467163"></testcase><testcase classname="src.pymortests.vectorarray" file="src/pymortests/vectorarray.py" line="561" name="test_dot_self[0-&lt;lambda&gt;10]" time="0.007153749465942383"></testcase><testcase classname="src.pymortests.vectorarray" file="src/pymortests/vectorarray.py" line="561" name="test_dot_self[0-&lt;lambda&gt;11]" time="0.016498088836669922"></testcase><testcase classname="src.pymortests.vectorarray" file="src/pymortests/vectorarray.py" line="561" name="test_dot_self[0-&lt;lambda&gt;12]" time="0.017013072967529297"></testcase><testcase classname="src.pymortests.vectorarray" file="src/pymortests/vectorarray.py" line="561" name="test_dot_self[0-&lt;lambda&gt;13]" time="0.01051783561706543"></testcase><testcase classname="src.pymortests.vectorarray" file="src/pymortests/vectorarray.py" line="561" name="test_dot_self[0-&lt;lambda&gt;14]" time="0.017009258270263672"></testcase><testcase classname="src.pymortests.vectorarray" file="src/pymortests/vectorarray.py" line="561" name="test_dot_self[0-&lt;lambda&gt;15]" time="0.03013324737548828"></testcase><testcase classname="src.pymortests.vectorarray" file="src/pymortests/vectorarray.py" line="561" name="test_dot_self[0-&lt;lambda&gt;16]" time="0.03937554359436035"></testcase><testcase classname="src.pymortests.vectorarray" file="src/pymortests/vectorarray.py" line="561" name="test_dot_self[0-&lt;lambda&gt;17]" time="0.00851297378540039"></testcase><testcase classname="src.pymortests.vectorarray" file="src/pymortests/vectorarray.py" line="561" name="test_dot_self[0-&lt;lambda&gt;18]" time="0.0076448917388916016"></testcase><testcase classname="src.pymortests.vectorarray" file="src/pymortests/vectorarray.py" line="561" name="test_dot_self[0-&lt;lambda&gt;19]" time="0.02065300941467285"></testcase><testcase classname="src.pymortests.vectorarray" file="src/pymortests/vectorarray.py" line="561" name="test_dot_self[0-&lt;lambda&gt;20]" time="0.3794987201690674"></testcase><testcase classname="src.pymortests.vectorarray" file="src/pymortests/vectorarray.py" line="561" name="test_dot_self[0-&lt;lambda&gt;21]" time="1.9733922481536865"></testcase><testcase classname="src.pymortests.vectorarray" file="src/pymortests/vectorarray.py" line="561" name="test_dot_self[0-&lt;lambda&gt;22]" time="0.00445103645324707"></testcase><testcase classname="src.pymortests.vectorarray" file="src/pymortests/vectorarray.py" line="561" name="test_dot_self[0-&lt;lambda&gt;23]" time="0.0035521984100341797"></testcase><testcase classname="src.pymortests.vectorarray" file="src/pymortests/vectorarray.py" line="561" name="test_dot_self[0-&lt;lambda&gt;24]" time="0.012386560440063477"></testcase><testcase classname="src.pymortests.vectorarray" file="src/pymortests/vectorarray.py" line="561" name="test_dot_self[0-&lt;lambda&gt;25]" time="0.26523613929748535"></testcase><testcase classname="src.pymortests.vectorarray" file="src/pymortests/vectorarray.py" line="561" name="test_dot_self[0-&lt;lambda&gt;26]" time="1.27406644821167"></testcase><testcase classname="src.pymortests.vectorarray" file="src/pymortests/vectorarray.py" line="561" name="test_dot_self[1-&lt;lambda&gt;0]" time="0.004668712615966797"></testcase><testcase classname="src.pymortests.vectorarray" file="src/pymortests/vectorarray.py" line="561" name="test_dot_self[1-&lt;lambda&gt;1]" time="0.0037517547607421875"></testcase><testcase classname="src.pymortests.vectorarray" file="src/pymortests/vectorarray.py" line="561" name="test_dot_self[1-&lt;lambda&gt;2]" time="0.006956338882446289"></testcase><testcase classname="src.pymortests.vectorarray" file="src/pymortests/vectorarray.py" line="561" name="test_dot_self[1-&lt;lambda&gt;3]" time="0.013451576232910156"></testcase><testcase classname="src.pymortests.vectorarray" file="src/pymortests/vectorarray.py" line="561" name="test_dot_self[1-&lt;lambda&gt;4]" time="0.017240285873413086"></testcase><testcase classname="src.pymortests.vectorarray" file="src/pymortests/vectorarray.py" line="561" name="test_dot_self[1-&lt;lambda&gt;5]" time="0.004640102386474609"></testcase><testcase classname="src.pymortests.vectorarray" file="src/pymortests/vectorarray.py" line="561" name="test_dot_self[1-&lt;lambda&gt;6]" time="0.003525257110595703"></testcase><testcase classname="src.pymortests.vectorarray" file="src/pymortests/vectorarray.py" line="561" name="test_dot_self[1-&lt;lambda&gt;7]" time="0.015054941177368164"></testcase><testcase classname="src.pymortests.vectorarray" file="src/pymortests/vectorarray.py" line="561" name="test_dot_self[1-&lt;lambda&gt;8]" time="0.41480517387390137"></testcase><testcase classname="src.pymortests.vectorarray" file="src/pymortests/vectorarray.py" line="561" name="test_dot_self[1-&lt;lambda&gt;9]" time="2.119114875793457"></testcase><testcase classname="src.pymortests.vectorarray" file="src/pymortests/vectorarray.py" line="561" name="test_dot_self[1-&lt;lambda&gt;10]" time="0.006918430328369141"></testcase><testcase classname="src.pymortests.vectorarray" file="src/pymortests/vectorarray.py" line="561" name="test_dot_self[1-&lt;lambda&gt;11]" time="0.01648092269897461"></testcase><testcase classname="src.pymortests.vectorarray" file="src/pymortests/vectorarray.py" line="561" name="test_dot_self[1-&lt;lambda&gt;12]" time="0.01730823516845703"></testcase><testcase classname="src.pymortests.vectorarray" file="src/pymortests/vectorarray.py" line="561" name="test_dot_self[1-&lt;lambda&gt;13]" time="0.010551929473876953"></testcase><testcase classname="src.pymortests.vectorarray" file="src/pymortests/vectorarray.py" line="561" name="test_dot_self[1-&lt;lambda&gt;14]" time="0.016559839248657227"></testcase><testcase classname="src.pymortests.vectorarray" file="src/pymortests/vectorarray.py" line="561" name="test_dot_self[1-&lt;lambda&gt;15]" time="0.029402971267700195"></testcase><testcase classname="src.pymortests.vectorarray" file="src/pymortests/vectorarray.py" line="561" name="test_dot_self[1-&lt;lambda&gt;16]" time="0.03981280326843262"></testcase><testcase classname="src.pymortests.vectorarray" file="src/pymortests/vectorarray.py" line="561" name="test_dot_self[1-&lt;lambda&gt;17]" time="0.008487701416015625"></testcase><testcase classname="src.pymortests.vectorarray" file="src/pymortests/vectorarray.py" line="561" name="test_dot_self[1-&lt;lambda&gt;18]" time="0.007320404052734375"></testcase><testcase classname="src.pymortests.vectorarray" file="src/pymortests/vectorarray.py" line="561" name="test_dot_self[1-&lt;lambda&gt;19]" time="0.019817352294921875"></testcase><testcase classname="src.pymortests.vectorarray" file="src/pymortests/vectorarray.py" line="561" name="test_dot_self[1-&lt;lambda&gt;20]" time="0.381150484085083"></testcase><testcase classname="src.pymortests.vectorarray" file="src/pymortests/vectorarray.py" line="561" name="test_dot_self[1-&lt;lambda&gt;21]" time="1.972013235092163"></testcase><testcase classname="src.pymortests.vectorarray" file="src/pymortests/vectorarray.py" line="561" name="test_dot_self[1-&lt;lambda&gt;22]" time="0.004332065582275391"></testcase><testcase classname="src.pymortests.vectorarray" file="src/pymortests/vectorarray.py" line="561" name="test_dot_self[1-&lt;lambda&gt;23]" time="0.003679990768432617"></testcase><testcase classname="src.pymortests.vectorarray" file="src/pymortests/vectorarray.py" line="561" name="test_dot_self[1-&lt;lambda&gt;24]" time="0.013248682022094727"></testcase><testcase classname="src.pymortests.vectorarray" file="src/pymortests/vectorarray.py" line="561" name="test_dot_self[1-&lt;lambda&gt;25]" time="0.29119324684143066"></testcase><testcase classname="src.pymortests.vectorarray" file="src/pymortests/vectorarray.py" line="561" name="test_dot_self[1-&lt;lambda&gt;26]" time="1.3177332878112793"></testcase><testcase classname="src.pymortests.vectorarray" file="src/pymortests/vectorarray.py" line="561" name="test_dot_self[2-&lt;lambda&gt;0]" time="0.0044438838958740234"></testcase><testcase classname="src.pymortests.vectorarray" file="src/pymortests/vectorarray.py" line="561" name="test_dot_self[2-&lt;lambda&gt;1]" time="0.0037107467651367188"></testcase><testcase classname="src.pymortests.vectorarray" file="src/pymortests/vectorarray.py" line="561" name="test_dot_self[2-&lt;lambda&gt;2]" time="0.0071675777435302734"></testcase><testcase classname="src.pymortests.vectorarray" file="src/pymortests/vectorarray.py" line="561" name="test_dot_self[2-&lt;lambda&gt;3]" time="0.013396501541137695"></testcase><testcase classname="src.pymortests.vectorarray" file="src/pymortests/vectorarray.py" line="561" name="test_dot_self[2-&lt;lambda&gt;4]" time="0.015771865844726562"></testcase><testcase classname="src.pymortests.vectorarray" file="src/pymortests/vectorarray.py" line="561" name="test_dot_self[2-&lt;lambda&gt;5]" time="0.004564046859741211"></testcase><testcase classname="src.pymortests.vectorarray" file="src/pymortests/vectorarray.py" line="561" name="test_dot_self[2-&lt;lambda&gt;6]" time="0.003402233123779297"></testcase><testcase classname="src.pymortests.vectorarray" file="src/pymortests/vectorarray.py" line="561" name="test_dot_self[2-&lt;lambda&gt;7]" time="0.014796018600463867"></testcase><testcase classname="src.pymortests.vectorarray" file="src/pymortests/vectorarray.py" line="561" name="test_dot_self[2-&lt;lambda&gt;8]" time="0.4069662094116211"></testcase><testcase classname="src.pymortests.vectorarray" file="src/pymortests/vectorarray.py" line="561" name="test_dot_self[2-&lt;lambda&gt;9]" time="2.120555877685547"></testcase><testcase classname="src.pymortests.vectorarray" file="src/pymortests/vectorarray.py" line="561" name="test_dot_self[2-&lt;lambda&gt;10]" time="0.006936311721801758"></testcase><testcase classname="src.pymortests.vectorarray" file="src/pymortests/vectorarray.py" line="561" name="test_dot_self[2-&lt;lambda&gt;11]" time="0.016163110733032227"></testcase><testcase classname="src.pymortests.vectorarray" file="src/pymortests/vectorarray.py" line="561" name="test_dot_self[2-&lt;lambda&gt;12]" time="0.016815662384033203"></testcase><testcase classname="src.pymortests.vectorarray" file="src/pymortests/vectorarray.py" line="561" name="test_dot_self[2-&lt;lambda&gt;13]" time="0.010321617126464844"></testcase><testcase classname="src.pymortests.vectorarray" file="src/pymortests/vectorarray.py" line="561" name="test_dot_self[2-&lt;lambda&gt;14]" time="0.016727924346923828"></testcase><testcase classname="src.pymortests.vectorarray" file="src/pymortests/vectorarray.py" line="561" name="test_dot_self[2-&lt;lambda&gt;15]" time="0.029387712478637695"></testcase><testcase classname="src.pymortests.vectorarray" file="src/pymortests/vectorarray.py" line="561" name="test_dot_self[2-&lt;lambda&gt;16]" time="0.03883719444274902"></testcase><testcase classname="src.pymortests.vectorarray" file="src/pymortests/vectorarray.py" line="561" name="test_dot_self[2-&lt;lambda&gt;17]" time="0.008456945419311523"></testcase><testcase classname="src.pymortests.vectorarray" file="src/pymortests/vectorarray.py" line="561" name="test_dot_self[2-&lt;lambda&gt;18]" time="0.007476091384887695"></testcase><testcase classname="src.pymortests.vectorarray" file="src/pymortests/vectorarray.py" line="561" name="test_dot_self[2-&lt;lambda&gt;19]" time="0.021155357360839844"></testcase><testcase classname="src.pymortests.vectorarray" file="src/pymortests/vectorarray.py" line="561" name="test_dot_self[2-&lt;lambda&gt;20]" time="0.3777620792388916"></testcase><testcase classname="src.pymortests.vectorarray" file="src/pymortests/vectorarray.py" line="561" name="test_dot_self[2-&lt;lambda&gt;21]" time="1.9546167850494385"></testcase><testcase classname="src.pymortests.vectorarray" file="src/pymortests/vectorarray.py" line="561" name="test_dot_self[2-&lt;lambda&gt;22]" time="0.0043756961822509766"></testcase><testcase classname="src.pymortests.vectorarray" file="src/pymortests/vectorarray.py" line="561" name="test_dot_self[2-&lt;lambda&gt;23]" time="0.0035979747772216797"></testcase><testcase classname="src.pymortests.vectorarray" file="src/pymortests/vectorarray.py" line="561" name="test_dot_self[2-&lt;lambda&gt;24]" time="0.012846946716308594"></testcase><testcase classname="src.pymortests.vectorarray" file="src/pymortests/vectorarray.py" line="561" name="test_dot_self[2-&lt;lambda&gt;25]" time="0.29108333587646484"></testcase><testcase classname="src.pymortests.vectorarray" file="src/pymortests/vectorarray.py" line="561" name="test_dot_self[2-&lt;lambda&gt;26]" time="1.3322932720184326"></testcase><testcase classname="src.pymortests.vectorarray" file="src/pymortests/vectorarray.py" line="579" name="test_lincomb_1d[0-&lt;lambda&gt;0]" time="0.0034236907958984375"></testcase><testcase classname="src.pymortests.vectorarray" file="src/pymortests/vectorarray.py" line="579" name="test_lincomb_1d[0-&lt;lambda&gt;1]" time="0.002437114715576172"></testcase><testcase classname="src.pymortests.vectorarray" file="src/pymortests/vectorarray.py" line="579" name="test_lincomb_1d[0-&lt;lambda&gt;2]" time="0.0035865306854248047"></testcase><testcase classname="src.pymortests.vectorarray" file="src/pymortests/vectorarray.py" line="579" name="test_lincomb_1d[0-&lt;lambda&gt;3]" time="0.009787797927856445"></testcase><testcase classname="src.pymortests.vectorarray" file="src/pymortests/vectorarray.py" line="579" name="test_lincomb_1d[0-&lt;lambda&gt;4]" time="0.01779341697692871"></testcase><testcase classname="src.pymortests.vectorarray" file="src/pymortests/vectorarray.py" line="579" name="test_lincomb_1d[0-&lt;lambda&gt;5]" time="0.003862142562866211"></testcase><testcase classname="src.pymortests.vectorarray" file="src/pymortests/vectorarray.py" line="579" name="test_lincomb_1d[0-&lt;lambda&gt;6]" time="0.0027582645416259766"></testcase><testcase classname="src.pymortests.vectorarray" file="src/pymortests/vectorarray.py" line="579" name="test_lincomb_1d[0-&lt;lambda&gt;7]" time="0.004760265350341797"></testcase><testcase classname="src.pymortests.vectorarray" file="src/pymortests/vectorarray.py" line="579" name="test_lincomb_1d[0-&lt;lambda&gt;8]" time="0.01758861541748047"></testcase><testcase classname="src.pymortests.vectorarray" file="src/pymortests/vectorarray.py" line="579" name="test_lincomb_1d[0-&lt;lambda&gt;9]" time="0.03490614891052246"></testcase><testcase classname="src.pymortests.vectorarray" file="src/pymortests/vectorarray.py" line="579" name="test_lincomb_1d[0-&lt;lambda&gt;10]" time="0.005435466766357422"></testcase><testcase classname="src.pymortests.vectorarray" file="src/pymortests/vectorarray.py" line="579" name="test_lincomb_1d[0-&lt;lambda&gt;11]" time="0.008401155471801758"></testcase><testcase classname="src.pymortests.vectorarray" file="src/pymortests/vectorarray.py" line="579" name="test_lincomb_1d[0-&lt;lambda&gt;12]" time="0.007673740386962891"></testcase><testcase classname="src.pymortests.vectorarray" file="src/pymortests/vectorarray.py" line="579" name="test_lincomb_1d[0-&lt;lambda&gt;13]" time="0.005415678024291992"></testcase><testcase classname="src.pymortests.vectorarray" file="src/pymortests/vectorarray.py" line="579" name="test_lincomb_1d[0-&lt;lambda&gt;14]" time="0.007946968078613281"></testcase><testcase classname="src.pymortests.vectorarray" file="src/pymortests/vectorarray.py" line="579" name="test_lincomb_1d[0-&lt;lambda&gt;15]" time="0.03295397758483887"></testcase><testcase classname="src.pymortests.vectorarray" file="src/pymortests/vectorarray.py" line="579" name="test_lincomb_1d[0-&lt;lambda&gt;16]" time="0.06835317611694336"></testcase><testcase classname="src.pymortests.vectorarray" file="src/pymortests/vectorarray.py" line="579" name="test_lincomb_1d[0-&lt;lambda&gt;17]" time="0.008695363998413086"></testcase><testcase classname="src.pymortests.vectorarray" file="src/pymortests/vectorarray.py" line="579" name="test_lincomb_1d[0-&lt;lambda&gt;18]" time="0.009220600128173828"></testcase><testcase classname="src.pymortests.vectorarray" file="src/pymortests/vectorarray.py" line="579" name="test_lincomb_1d[0-&lt;lambda&gt;19]" time="0.023393869400024414"></testcase><testcase classname="src.pymortests.vectorarray" file="src/pymortests/vectorarray.py" line="579" name="test_lincomb_1d[0-&lt;lambda&gt;20]" time="0.038402557373046875"></testcase><testcase classname="src.pymortests.vectorarray" file="src/pymortests/vectorarray.py" line="579" name="test_lincomb_1d[0-&lt;lambda&gt;21]" time="0.07131028175354004"></testcase><testcase classname="src.pymortests.vectorarray" file="src/pymortests/vectorarray.py" line="579" name="test_lincomb_1d[0-&lt;lambda&gt;22]" time="0.02354574203491211"></testcase><testcase classname="src.pymortests.vectorarray" file="src/pymortests/vectorarray.py" line="579" name="test_lincomb_1d[0-&lt;lambda&gt;23]" time="0.023631572723388672"></testcase><testcase classname="src.pymortests.vectorarray" file="src/pymortests/vectorarray.py" line="579" name="test_lincomb_1d[0-&lt;lambda&gt;24]" time="0.030536651611328125"></testcase><testcase classname="src.pymortests.vectorarray" file="src/pymortests/vectorarray.py" line="579" name="test_lincomb_1d[0-&lt;lambda&gt;25]" time="0.07290482521057129"></testcase><testcase classname="src.pymortests.vectorarray" file="src/pymortests/vectorarray.py" line="579" name="test_lincomb_1d[0-&lt;lambda&gt;26]" time="0.13063335418701172"></testcase><testcase classname="src.pymortests.vectorarray" file="src/pymortests/vectorarray.py" line="579" name="test_lincomb_1d[1-&lt;lambda&gt;0]" time="0.0035288333892822266"></testcase><testcase classname="src.pymortests.vectorarray" file="src/pymortests/vectorarray.py" line="579" name="test_lincomb_1d[1-&lt;lambda&gt;1]" time="0.0025954246520996094"></testcase><testcase classname="src.pymortests.vectorarray" file="src/pymortests/vectorarray.py" line="579" name="test_lincomb_1d[1-&lt;lambda&gt;2]" time="0.0038902759552001953"></testcase><testcase classname="src.pymortests.vectorarray" file="src/pymortests/vectorarray.py" line="579" name="test_lincomb_1d[1-&lt;lambda&gt;3]" time="0.009999990463256836"></testcase><testcase classname="src.pymortests.vectorarray" file="src/pymortests/vectorarray.py" line="579" name="test_lincomb_1d[1-&lt;lambda&gt;4]" time="0.018884897232055664"></testcase><testcase classname="src.pymortests.vectorarray" file="src/pymortests/vectorarray.py" line="579" name="test_lincomb_1d[1-&lt;lambda&gt;5]" time="0.004013776779174805"></testcase><testcase classname="src.pymortests.vectorarray" file="src/pymortests/vectorarray.py" line="579" name="test_lincomb_1d[1-&lt;lambda&gt;6]" time="0.0029015541076660156"></testcase><testcase classname="src.pymortests.vectorarray" file="src/pymortests/vectorarray.py" line="579" name="test_lincomb_1d[1-&lt;lambda&gt;7]" time="0.004857778549194336"></testcase><testcase classname="src.pymortests.vectorarray" file="src/pymortests/vectorarray.py" line="579" name="test_lincomb_1d[1-&lt;lambda&gt;8]" time="0.017732620239257812"></testcase><testcase classname="src.pymortests.vectorarray" file="src/pymortests/vectorarray.py" line="579" name="test_lincomb_1d[1-&lt;lambda&gt;9]" time="0.034078121185302734"></testcase><testcase classname="src.pymortests.vectorarray" file="src/pymortests/vectorarray.py" line="579" name="test_lincomb_1d[1-&lt;lambda&gt;10]" time="0.005493640899658203"></testcase><testcase classname="src.pymortests.vectorarray" file="src/pymortests/vectorarray.py" line="579" name="test_lincomb_1d[1-&lt;lambda&gt;11]" time="0.008689165115356445"></testcase><testcase classname="src.pymortests.vectorarray" file="src/pymortests/vectorarray.py" line="579" name="test_lincomb_1d[1-&lt;lambda&gt;12]" time="0.008074760437011719"></testcase><testcase classname="src.pymortests.vectorarray" file="src/pymortests/vectorarray.py" line="579" name="test_lincomb_1d[1-&lt;lambda&gt;13]" time="0.005422353744506836"></testcase><testcase classname="src.pymortests.vectorarray" file="src/pymortests/vectorarray.py" line="579" name="test_lincomb_1d[1-&lt;lambda&gt;14]" time="0.008279085159301758"></testcase><testcase classname="src.pymortests.vectorarray" file="src/pymortests/vectorarray.py" line="579" name="test_lincomb_1d[1-&lt;lambda&gt;15]" time="0.033364295959472656"></testcase><testcase classname="src.pymortests.vectorarray" file="src/pymortests/vectorarray.py" line="579" name="test_lincomb_1d[1-&lt;lambda&gt;16]" time="0.06865262985229492"></testcase><testcase classname="src.pymortests.vectorarray" file="src/pymortests/vectorarray.py" line="579" name="test_lincomb_1d[1-&lt;lambda&gt;17]" time="0.008625030517578125"></testcase><testcase classname="src.pymortests.vectorarray" file="src/pymortests/vectorarray.py" line="579" name="test_lincomb_1d[1-&lt;lambda&gt;18]" time="0.007952451705932617"></testcase><testcase classname="src.pymortests.vectorarray" file="src/pymortests/vectorarray.py" line="579" name="test_lincomb_1d[1-&lt;lambda&gt;19]" time="0.022965669631958008"></testcase><testcase classname="src.pymortests.vectorarray" file="src/pymortests/vectorarray.py" line="579" name="test_lincomb_1d[1-&lt;lambda&gt;20]" time="0.03864598274230957"></testcase><testcase classname="src.pymortests.vectorarray" file="src/pymortests/vectorarray.py" line="579" name="test_lincomb_1d[1-&lt;lambda&gt;21]" time="0.07200741767883301"></testcase><testcase classname="src.pymortests.vectorarray" file="src/pymortests/vectorarray.py" line="579" name="test_lincomb_1d[1-&lt;lambda&gt;22]" time="0.023066282272338867"></testcase><testcase classname="src.pymortests.vectorarray" file="src/pymortests/vectorarray.py" line="579" name="test_lincomb_1d[1-&lt;lambda&gt;23]" time="0.02399468421936035"></testcase><testcase classname="src.pymortests.vectorarray" file="src/pymortests/vectorarray.py" line="579" name="test_lincomb_1d[1-&lt;lambda&gt;24]" time="0.030589818954467773"></testcase><testcase classname="src.pymortests.vectorarray" file="src/pymortests/vectorarray.py" line="579" name="test_lincomb_1d[1-&lt;lambda&gt;25]" time="0.07176756858825684"></testcase><testcase classname="src.pymortests.vectorarray" file="src/pymortests/vectorarray.py" line="579" name="test_lincomb_1d[1-&lt;lambda&gt;26]" time="0.12998175621032715"></testcase><testcase classname="src.pymortests.vectorarray" file="src/pymortests/vectorarray.py" line="579" name="test_lincomb_1d[2-&lt;lambda&gt;0]" time="0.0035812854766845703"></testcase><testcase classname="src.pymortests.vectorarray" file="src/pymortests/vectorarray.py" line="579" name="test_lincomb_1d[2-&lt;lambda&gt;1]" time="0.0025577545166015625"></testcase><testcase classname="src.pymortests.vectorarray" file="src/pymortests/vectorarray.py" line="579" name="test_lincomb_1d[2-&lt;lambda&gt;2]" time="0.003723621368408203"></testcase><testcase classname="src.pymortests.vectorarray" file="src/pymortests/vectorarray.py" line="579" name="test_lincomb_1d[2-&lt;lambda&gt;3]" time="0.009752750396728516"></testcase><testcase classname="src.pymortests.vectorarray" file="src/pymortests/vectorarray.py" line="579" name="test_lincomb_1d[2-&lt;lambda&gt;4]" time="0.017647743225097656"></testcase><testcase classname="src.pymortests.vectorarray" file="src/pymortests/vectorarray.py" line="579" name="test_lincomb_1d[2-&lt;lambda&gt;5]" time="0.003918170928955078"></testcase><testcase classname="src.pymortests.vectorarray" file="src/pymortests/vectorarray.py" line="579" name="test_lincomb_1d[2-&lt;lambda&gt;6]" time="0.002793550491333008"></testcase><testcase classname="src.pymortests.vectorarray" file="src/pymortests/vectorarray.py" line="579" name="test_lincomb_1d[2-&lt;lambda&gt;7]" time="0.004847288131713867"></testcase><testcase classname="src.pymortests.vectorarray" file="src/pymortests/vectorarray.py" line="579" name="test_lincomb_1d[2-&lt;lambda&gt;8]" time="0.017679929733276367"></testcase><testcase classname="src.pymortests.vectorarray" file="src/pymortests/vectorarray.py" line="579" name="test_lincomb_1d[2-&lt;lambda&gt;9]" time="0.0352320671081543"></testcase><testcase classname="src.pymortests.vectorarray" file="src/pymortests/vectorarray.py" line="579" name="test_lincomb_1d[2-&lt;lambda&gt;10]" time="0.0054013729095458984"></testcase><testcase classname="src.pymortests.vectorarray" file="src/pymortests/vectorarray.py" line="579" name="test_lincomb_1d[2-&lt;lambda&gt;11]" time="0.008431196212768555"></testcase><testcase classname="src.pymortests.vectorarray" file="src/pymortests/vectorarray.py" line="579" name="test_lincomb_1d[2-&lt;lambda&gt;12]" time="0.007798194885253906"></testcase><testcase classname="src.pymortests.vectorarray" file="src/pymortests/vectorarray.py" line="579" name="test_lincomb_1d[2-&lt;lambda&gt;13]" time="0.005401611328125"></testcase><testcase classname="src.pymortests.vectorarray" file="src/pymortests/vectorarray.py" line="579" name="test_lincomb_1d[2-&lt;lambda&gt;14]" time="0.008257627487182617"></testcase><testcase classname="src.pymortests.vectorarray" file="src/pymortests/vectorarray.py" line="579" name="test_lincomb_1d[2-&lt;lambda&gt;15]" time="0.03311944007873535"></testcase><testcase classname="src.pymortests.vectorarray" file="src/pymortests/vectorarray.py" line="579" name="test_lincomb_1d[2-&lt;lambda&gt;16]" time="0.06812834739685059"></testcase><testcase classname="src.pymortests.vectorarray" file="src/pymortests/vectorarray.py" line="579" name="test_lincomb_1d[2-&lt;lambda&gt;17]" time="0.008448362350463867"></testcase><testcase classname="src.pymortests.vectorarray" file="src/pymortests/vectorarray.py" line="579" name="test_lincomb_1d[2-&lt;lambda&gt;18]" time="0.007960796356201172"></testcase><testcase classname="src.pymortests.vectorarray" file="src/pymortests/vectorarray.py" line="579" name="test_lincomb_1d[2-&lt;lambda&gt;19]" time="0.022673606872558594"></testcase><testcase classname="src.pymortests.vectorarray" file="src/pymortests/vectorarray.py" line="579" name="test_lincomb_1d[2-&lt;lambda&gt;20]" time="0.03849530220031738"></testcase><testcase classname="src.pymortests.vectorarray" file="src/pymortests/vectorarray.py" line="579" name="test_lincomb_1d[2-&lt;lambda&gt;21]" time="0.07456636428833008"></testcase><testcase classname="src.pymortests.vectorarray" file="src/pymortests/vectorarray.py" line="579" name="test_lincomb_1d[2-&lt;lambda&gt;22]" time="0.023400068283081055"></testcase><testcase classname="src.pymortests.vectorarray" file="src/pymortests/vectorarray.py" line="579" name="test_lincomb_1d[2-&lt;lambda&gt;23]" time="0.023848533630371094"></testcase><testcase classname="src.pymortests.vectorarray" file="src/pymortests/vectorarray.py" line="579" name="test_lincomb_1d[2-&lt;lambda&gt;24]" time="0.030288219451904297"></testcase><testcase classname="src.pymortests.vectorarray" file="src/pymortests/vectorarray.py" line="579" name="test_lincomb_1d[2-&lt;lambda&gt;25]" time="0.07136654853820801"></testcase><testcase classname="src.pymortests.vectorarray" file="src/pymortests/vectorarray.py" line="579" name="test_lincomb_1d[2-&lt;lambda&gt;26]" time="0.12986111640930176"></testcase><testcase classname="src.pymortests.vectorarray" file="src/pymortests/vectorarray.py" line="593" name="test_lincomb_2d[0-&lt;lambda&gt;0]" time="0.0072557926177978516"></testcase><testcase classname="src.pymortests.vectorarray" file="src/pymortests/vectorarray.py" line="593" name="test_lincomb_2d[0-&lt;lambda&gt;1]" time="0.00637364387512207"></testcase><testcase classname="src.pymortests.vectorarray" file="src/pymortests/vectorarray.py" line="593" name="test_lincomb_2d[0-&lt;lambda&gt;2]" time="0.008208274841308594"></testcase><testcase classname="src.pymortests.vectorarray" file="src/pymortests/vectorarray.py" line="593" name="test_lincomb_2d[0-&lt;lambda&gt;3]" time="0.009554624557495117"></testcase><testcase classname="src.pymortests.vectorarray" file="src/pymortests/vectorarray.py" line="593" name="test_lincomb_2d[0-&lt;lambda&gt;4]" time="0.010220766067504883"></testcase><testcase classname="src.pymortests.vectorarray" file="src/pymortests/vectorarray.py" line="593" name="test_lincomb_2d[0-&lt;lambda&gt;5]" time="0.008058547973632812"></testcase><testcase classname="src.pymortests.vectorarray" file="src/pymortests/vectorarray.py" line="593" name="test_lincomb_2d[0-&lt;lambda&gt;6]" time="0.008227825164794922"></testcase><testcase classname="src.pymortests.vectorarray" file="src/pymortests/vectorarray.py" line="593" name="test_lincomb_2d[0-&lt;lambda&gt;7]" time="0.013650178909301758"></testcase><testcase classname="src.pymortests.vectorarray" file="src/pymortests/vectorarray.py" line="593" name="test_lincomb_2d[0-&lt;lambda&gt;8]" time="0.0440068244934082"></testcase><testcase classname="src.pymortests.vectorarray" file="src/pymortests/vectorarray.py" line="593" name="test_lincomb_2d[0-&lt;lambda&gt;9]" time="0.0798957347869873"></testcase><testcase classname="src.pymortests.vectorarray" file="src/pymortests/vectorarray.py" line="593" name="test_lincomb_2d[0-&lt;lambda&gt;10]" time="0.015165328979492188"></testcase><testcase classname="src.pymortests.vectorarray" file="src/pymortests/vectorarray.py" line="593" name="test_lincomb_2d[0-&lt;lambda&gt;11]" time="0.018083810806274414"></testcase><testcase classname="src.pymortests.vectorarray" file="src/pymortests/vectorarray.py" line="593" name="test_lincomb_2d[0-&lt;lambda&gt;12]" time="0.017721891403198242"></testcase><testcase classname="src.pymortests.vectorarray" file="src/pymortests/vectorarray.py" line="593" name="test_lincomb_2d[0-&lt;lambda&gt;13]" time="0.013318300247192383"></testcase><testcase classname="src.pymortests.vectorarray" file="src/pymortests/vectorarray.py" line="593" name="test_lincomb_2d[0-&lt;lambda&gt;14]" time="0.018952608108520508"></testcase><testcase classname="src.pymortests.vectorarray" file="src/pymortests/vectorarray.py" line="593" name="test_lincomb_2d[0-&lt;lambda&gt;15]" time="0.027348995208740234"></testcase><testcase classname="src.pymortests.vectorarray" file="src/pymortests/vectorarray.py" line="593" name="test_lincomb_2d[0-&lt;lambda&gt;16]" time="0.030460119247436523"></testcase><testcase classname="src.pymortests.vectorarray" file="src/pymortests/vectorarray.py" line="593" name="test_lincomb_2d[0-&lt;lambda&gt;17]" time="0.030729293823242188"></testcase><testcase classname="src.pymortests.vectorarray" file="src/pymortests/vectorarray.py" line="593" name="test_lincomb_2d[0-&lt;lambda&gt;18]" time="0.032720327377319336"></testcase><testcase classname="src.pymortests.vectorarray" file="src/pymortests/vectorarray.py" line="593" name="test_lincomb_2d[0-&lt;lambda&gt;19]" time="0.10457038879394531"></testcase><testcase classname="src.pymortests.vectorarray" file="src/pymortests/vectorarray.py" line="593" name="test_lincomb_2d[0-&lt;lambda&gt;20]" time="0.09213590621948242"></testcase><testcase classname="src.pymortests.vectorarray" file="src/pymortests/vectorarray.py" line="593" name="test_lincomb_2d[0-&lt;lambda&gt;21]" time="0.15130114555358887"></testcase><testcase classname="src.pymortests.vectorarray" file="src/pymortests/vectorarray.py" line="593" name="test_lincomb_2d[0-&lt;lambda&gt;22]" time="0.11986660957336426"></testcase><testcase classname="src.pymortests.vectorarray" file="src/pymortests/vectorarray.py" line="593" name="test_lincomb_2d[0-&lt;lambda&gt;23]" time="0.11900448799133301"></testcase><testcase classname="src.pymortests.vectorarray" file="src/pymortests/vectorarray.py" line="593" name="test_lincomb_2d[0-&lt;lambda&gt;24]" time="0.14924144744873047"></testcase><testcase classname="src.pymortests.vectorarray" file="src/pymortests/vectorarray.py" line="593" name="test_lincomb_2d[0-&lt;lambda&gt;25]" time="0.24219036102294922"></testcase><testcase classname="src.pymortests.vectorarray" file="src/pymortests/vectorarray.py" line="593" name="test_lincomb_2d[0-&lt;lambda&gt;26]" time="0.37656378746032715"></testcase><testcase classname="src.pymortests.vectorarray" file="src/pymortests/vectorarray.py" line="593" name="test_lincomb_2d[1-&lt;lambda&gt;0]" time="0.007454395294189453"></testcase><testcase classname="src.pymortests.vectorarray" file="src/pymortests/vectorarray.py" line="593" name="test_lincomb_2d[1-&lt;lambda&gt;1]" time="0.006496429443359375"></testcase><testcase classname="src.pymortests.vectorarray" file="src/pymortests/vectorarray.py" line="593" name="test_lincomb_2d[1-&lt;lambda&gt;2]" time="0.008638381958007812"></testcase><testcase classname="src.pymortests.vectorarray" file="src/pymortests/vectorarray.py" line="593" name="test_lincomb_2d[1-&lt;lambda&gt;3]" time="0.009661436080932617"></testcase><testcase classname="src.pymortests.vectorarray" file="src/pymortests/vectorarray.py" line="593" name="test_lincomb_2d[1-&lt;lambda&gt;4]" time="0.01011037826538086"></testcase><testcase classname="src.pymortests.vectorarray" file="src/pymortests/vectorarray.py" line="593" name="test_lincomb_2d[1-&lt;lambda&gt;5]" time="0.00827336311340332"></testcase><testcase classname="src.pymortests.vectorarray" file="src/pymortests/vectorarray.py" line="593" name="test_lincomb_2d[1-&lt;lambda&gt;6]" time="0.008323192596435547"></testcase><testcase classname="src.pymortests.vectorarray" file="src/pymortests/vectorarray.py" line="593" name="test_lincomb_2d[1-&lt;lambda&gt;7]" time="0.014106273651123047"></testcase><testcase classname="src.pymortests.vectorarray" file="src/pymortests/vectorarray.py" line="593" name="test_lincomb_2d[1-&lt;lambda&gt;8]" time="0.04468870162963867"></testcase><testcase classname="src.pymortests.vectorarray" file="src/pymortests/vectorarray.py" line="593" name="test_lincomb_2d[1-&lt;lambda&gt;9]" time="0.08051133155822754"></testcase><testcase classname="src.pymortests.vectorarray" file="src/pymortests/vectorarray.py" line="593" name="test_lincomb_2d[1-&lt;lambda&gt;10]" time="0.015180826187133789"></testcase><testcase classname="src.pymortests.vectorarray" file="src/pymortests/vectorarray.py" line="593" name="test_lincomb_2d[1-&lt;lambda&gt;11]" time="0.018387556076049805"></testcase><testcase classname="src.pymortests.vectorarray" file="src/pymortests/vectorarray.py" line="593" name="test_lincomb_2d[1-&lt;lambda&gt;12]" time="0.017780542373657227"></testcase><testcase classname="src.pymortests.vectorarray" file="src/pymortests/vectorarray.py" line="593" name="test_lincomb_2d[1-&lt;lambda&gt;13]" time="0.013270378112792969"></testcase><testcase classname="src.pymortests.vectorarray" file="src/pymortests/vectorarray.py" line="593" name="test_lincomb_2d[1-&lt;lambda&gt;14]" time="0.019027233123779297"></testcase><testcase classname="src.pymortests.vectorarray" file="src/pymortests/vectorarray.py" line="593" name="test_lincomb_2d[1-&lt;lambda&gt;15]" time="0.02728724479675293"></testcase><testcase classname="src.pymortests.vectorarray" file="src/pymortests/vectorarray.py" line="593" name="test_lincomb_2d[1-&lt;lambda&gt;16]" time="0.030903339385986328"></testcase><testcase classname="src.pymortests.vectorarray" file="src/pymortests/vectorarray.py" line="593" name="test_lincomb_2d[1-&lt;lambda&gt;17]" time="0.03035593032836914"></testcase><testcase classname="src.pymortests.vectorarray" file="src/pymortests/vectorarray.py" line="593" name="test_lincomb_2d[1-&lt;lambda&gt;18]" time="0.03243303298950195"></testcase><testcase classname="src.pymortests.vectorarray" file="src/pymortests/vectorarray.py" line="593" name="test_lincomb_2d[1-&lt;lambda&gt;19]" time="0.10220074653625488"></testcase><testcase classname="src.pymortests.vectorarray" file="src/pymortests/vectorarray.py" line="593" name="test_lincomb_2d[1-&lt;lambda&gt;20]" time="0.09349179267883301"></testcase><testcase classname="src.pymortests.vectorarray" file="src/pymortests/vectorarray.py" line="593" name="test_lincomb_2d[1-&lt;lambda&gt;21]" time="0.1537325382232666"></testcase><testcase classname="src.pymortests.vectorarray" file="src/pymortests/vectorarray.py" line="593" name="test_lincomb_2d[1-&lt;lambda&gt;22]" time="0.1185154914855957"></testcase><testcase classname="src.pymortests.vectorarray" file="src/pymortests/vectorarray.py" line="593" name="test_lincomb_2d[1-&lt;lambda&gt;23]" time="0.12018847465515137"></testcase><testcase classname="src.pymortests.vectorarray" file="src/pymortests/vectorarray.py" line="593" name="test_lincomb_2d[1-&lt;lambda&gt;24]" time="0.15177321434020996"></testcase><testcase classname="src.pymortests.vectorarray" file="src/pymortests/vectorarray.py" line="593" name="test_lincomb_2d[1-&lt;lambda&gt;25]" time="0.2455298900604248"></testcase><testcase classname="src.pymortests.vectorarray" file="src/pymortests/vectorarray.py" line="593" name="test_lincomb_2d[1-&lt;lambda&gt;26]" time="0.37511181831359863"></testcase><testcase classname="src.pymortests.vectorarray" file="src/pymortests/vectorarray.py" line="593" name="test_lincomb_2d[2-&lt;lambda&gt;0]" time="0.007257938385009766"></testcase><testcase classname="src.pymortests.vectorarray" file="src/pymortests/vectorarray.py" line="593" name="test_lincomb_2d[2-&lt;lambda&gt;1]" time="0.006406307220458984"></testcase><testcase classname="src.pymortests.vectorarray" file="src/pymortests/vectorarray.py" line="593" name="test_lincomb_2d[2-&lt;lambda&gt;2]" time="0.008086204528808594"></testcase><testcase classname="src.pymortests.vectorarray" file="src/pymortests/vectorarray.py" line="593" name="test_lincomb_2d[2-&lt;lambda&gt;3]" time="0.012302160263061523"></testcase><testcase classname="src.pymortests.vectorarray" file="src/pymortests/vectorarray.py" line="593" name="test_lincomb_2d[2-&lt;lambda&gt;4]" time="0.010151147842407227"></testcase><testcase classname="src.pymortests.vectorarray" file="src/pymortests/vectorarray.py" line="593" name="test_lincomb_2d[2-&lt;lambda&gt;5]" time="0.00809621810913086"></testcase><testcase classname="src.pymortests.vectorarray" file="src/pymortests/vectorarray.py" line="593" name="test_lincomb_2d[2-&lt;lambda&gt;6]" time="0.008383750915527344"></testcase><testcase classname="src.pymortests.vectorarray" file="src/pymortests/vectorarray.py" line="593" name="test_lincomb_2d[2-&lt;lambda&gt;7]" time="0.013738155364990234"></testcase><testcase classname="src.pymortests.vectorarray" file="src/pymortests/vectorarray.py" line="593" name="test_lincomb_2d[2-&lt;lambda&gt;8]" time="0.04420137405395508"></testcase><testcase classname="src.pymortests.vectorarray" file="src/pymortests/vectorarray.py" line="593" name="test_lincomb_2d[2-&lt;lambda&gt;9]" time="0.08118557929992676"></testcase><testcase classname="src.pymortests.vectorarray" file="src/pymortests/vectorarray.py" line="593" name="test_lincomb_2d[2-&lt;lambda&gt;10]" time="0.01531672477722168"></testcase><testcase classname="src.pymortests.vectorarray" file="src/pymortests/vectorarray.py" line="593" name="test_lincomb_2d[2-&lt;lambda&gt;11]" time="0.018387317657470703"></testcase><testcase classname="src.pymortests.vectorarray" file="src/pymortests/vectorarray.py" line="593" name="test_lincomb_2d[2-&lt;lambda&gt;12]" time="0.018109798431396484"></testcase><testcase classname="src.pymortests.vectorarray" file="src/pymortests/vectorarray.py" line="593" name="test_lincomb_2d[2-&lt;lambda&gt;13]" time="0.013230085372924805"></testcase><testcase classname="src.pymortests.vectorarray" file="src/pymortests/vectorarray.py" line="593" name="test_lincomb_2d[2-&lt;lambda&gt;14]" time="0.01836562156677246"></testcase><testcase classname="src.pymortests.vectorarray" file="src/pymortests/vectorarray.py" line="593" name="test_lincomb_2d[2-&lt;lambda&gt;15]" time="0.027132034301757812"></testcase><testcase classname="src.pymortests.vectorarray" file="src/pymortests/vectorarray.py" line="593" name="test_lincomb_2d[2-&lt;lambda&gt;16]" time="0.03121185302734375"></testcase><testcase classname="src.pymortests.vectorarray" file="src/pymortests/vectorarray.py" line="593" name="test_lincomb_2d[2-&lt;lambda&gt;17]" time="0.030299663543701172"></testcase><testcase classname="src.pymortests.vectorarray" file="src/pymortests/vectorarray.py" line="593" name="test_lincomb_2d[2-&lt;lambda&gt;18]" time="0.03246808052062988"></testcase><testcase classname="src.pymortests.vectorarray" file="src/pymortests/vectorarray.py" line="593" name="test_lincomb_2d[2-&lt;lambda&gt;19]" time="0.10283780097961426"></testcase><testcase classname="src.pymortests.vectorarray" file="src/pymortests/vectorarray.py" line="593" name="test_lincomb_2d[2-&lt;lambda&gt;20]" time="0.09338092803955078"></testcase><testcase classname="src.pymortests.vectorarray" file="src/pymortests/vectorarray.py" line="593" name="test_lincomb_2d[2-&lt;lambda&gt;21]" time="0.1537647247314453"></testcase><testcase classname="src.pymortests.vectorarray" file="src/pymortests/vectorarray.py" line="593" name="test_lincomb_2d[2-&lt;lambda&gt;22]" time="0.12441372871398926"></testcase><testcase classname="src.pymortests.vectorarray" file="src/pymortests/vectorarray.py" line="593" name="test_lincomb_2d[2-&lt;lambda&gt;23]" time="0.12111258506774902"></testcase><testcase classname="src.pymortests.vectorarray" file="src/pymortests/vectorarray.py" line="593" name="test_lincomb_2d[2-&lt;lambda&gt;24]" time="0.14980697631835938"></testcase><testcase classname="src.pymortests.vectorarray" file="src/pymortests/vectorarray.py" line="593" name="test_lincomb_2d[2-&lt;lambda&gt;25]" time="0.2408597469329834"></testcase><testcase classname="src.pymortests.vectorarray" file="src/pymortests/vectorarray.py" line="593" name="test_lincomb_2d[2-&lt;lambda&gt;26]" time="0.3736093044281006"></testcase><testcase classname="src.pymortests.vectorarray" file="src/pymortests/vectorarray.py" line="608" name="test_lincomb_wrong_coefficients[0-&lt;lambda&gt;0]" time="0.0028181076049804688"></testcase><testcase classname="src.pymortests.vectorarray" file="src/pymortests/vectorarray.py" line="608" name="test_lincomb_wrong_coefficients[0-&lt;lambda&gt;1]" time="0.0019652843475341797"></testcase><testcase classname="src.pymortests.vectorarray" file="src/pymortests/vectorarray.py" line="608" name="test_lincomb_wrong_coefficients[0-&lt;lambda&gt;2]" time="0.0027425289154052734"></testcase><testcase classname="src.pymortests.vectorarray" file="src/pymortests/vectorarray.py" line="608" name="test_lincomb_wrong_coefficients[0-&lt;lambda&gt;3]" time="0.0035042762756347656"></testcase><testcase classname="src.pymortests.vectorarray" file="src/pymortests/vectorarray.py" line="608" name="test_lincomb_wrong_coefficients[0-&lt;lambda&gt;4]" time="0.003958940505981445"></testcase><testcase classname="src.pymortests.vectorarray" file="src/pymortests/vectorarray.py" line="608" name="test_lincomb_wrong_coefficients[0-&lt;lambda&gt;5]" time="0.0018296241760253906"></testcase><testcase classname="src.pymortests.vectorarray" file="src/pymortests/vectorarray.py" line="608" name="test_lincomb_wrong_coefficients[0-&lt;lambda&gt;6]" time="0.001787424087524414"></testcase><testcase classname="src.pymortests.vectorarray" file="src/pymortests/vectorarray.py" line="608" name="test_lincomb_wrong_coefficients[0-&lt;lambda&gt;7]" time="0.0024633407592773438"></testcase><testcase classname="src.pymortests.vectorarray" file="src/pymortests/vectorarray.py" line="608" name="test_lincomb_wrong_coefficients[0-&lt;lambda&gt;8]" time="0.00333404541015625"></testcase><testcase classname="src.pymortests.vectorarray" file="src/pymortests/vectorarray.py" line="608" name="test_lincomb_wrong_coefficients[0-&lt;lambda&gt;9]" time="0.004188060760498047"></testcase><testcase classname="src.pymortests.vectorarray" file="src/pymortests/vectorarray.py" line="608" name="test_lincomb_wrong_coefficients[0-&lt;lambda&gt;10]" time="0.002300739288330078"></testcase><testcase classname="src.pymortests.vectorarray" file="src/pymortests/vectorarray.py" line="608" name="test_lincomb_wrong_coefficients[0-&lt;lambda&gt;11]" time="0.0038251876831054688"></testcase><testcase classname="src.pymortests.vectorarray" file="src/pymortests/vectorarray.py" line="608" name="test_lincomb_wrong_coefficients[0-&lt;lambda&gt;12]" time="0.003656625747680664"></testcase><testcase classname="src.pymortests.vectorarray" file="src/pymortests/vectorarray.py" line="608" name="test_lincomb_wrong_coefficients[0-&lt;lambda&gt;13]" time="0.0030498504638671875"></testcase><testcase classname="src.pymortests.vectorarray" file="src/pymortests/vectorarray.py" line="608" name="test_lincomb_wrong_coefficients[0-&lt;lambda&gt;14]" time="0.0037539005279541016"></testcase><testcase classname="src.pymortests.vectorarray" file="src/pymortests/vectorarray.py" line="608" name="test_lincomb_wrong_coefficients[0-&lt;lambda&gt;15]" time="0.0057141780853271484"></testcase><testcase classname="src.pymortests.vectorarray" file="src/pymortests/vectorarray.py" line="608" name="test_lincomb_wrong_coefficients[0-&lt;lambda&gt;16]" time="0.007342815399169922"></testcase><testcase classname="src.pymortests.vectorarray" file="src/pymortests/vectorarray.py" line="608" name="test_lincomb_wrong_coefficients[0-&lt;lambda&gt;17]" time="0.0026116371154785156"></testcase><testcase classname="src.pymortests.vectorarray" file="src/pymortests/vectorarray.py" line="608" name="test_lincomb_wrong_coefficients[0-&lt;lambda&gt;18]" time="0.002340078353881836"></testcase><testcase classname="src.pymortests.vectorarray" file="src/pymortests/vectorarray.py" line="608" name="test_lincomb_wrong_coefficients[0-&lt;lambda&gt;19]" time="0.004192829132080078"></testcase><testcase classname="src.pymortests.vectorarray" file="src/pymortests/vectorarray.py" line="608" name="test_lincomb_wrong_coefficients[0-&lt;lambda&gt;20]" time="0.010462045669555664"></testcase><testcase classname="src.pymortests.vectorarray" file="src/pymortests/vectorarray.py" line="608" name="test_lincomb_wrong_coefficients[0-&lt;lambda&gt;21]" time="0.020855188369750977"></testcase><testcase classname="src.pymortests.vectorarray" file="src/pymortests/vectorarray.py" line="608" name="test_lincomb_wrong_coefficients[0-&lt;lambda&gt;22]" time="0.0026128292083740234"></testcase><testcase classname="src.pymortests.vectorarray" file="src/pymortests/vectorarray.py" line="608" name="test_lincomb_wrong_coefficients[0-&lt;lambda&gt;23]" time="0.0017743110656738281"></testcase><testcase classname="src.pymortests.vectorarray" file="src/pymortests/vectorarray.py" line="608" name="test_lincomb_wrong_coefficients[0-&lt;lambda&gt;24]" time="0.003385782241821289"></testcase><testcase classname="src.pymortests.vectorarray" file="src/pymortests/vectorarray.py" line="608" name="test_lincomb_wrong_coefficients[0-&lt;lambda&gt;25]" time="0.02517557144165039"></testcase><testcase classname="src.pymortests.vectorarray" file="src/pymortests/vectorarray.py" line="608" name="test_lincomb_wrong_coefficients[0-&lt;lambda&gt;26]" time="0.055738210678100586"></testcase><testcase classname="src.pymortests.vectorarray" file="src/pymortests/vectorarray.py" line="608" name="test_lincomb_wrong_coefficients[1-&lt;lambda&gt;0]" time="0.0026383399963378906"></testcase><testcase classname="src.pymortests.vectorarray" file="src/pymortests/vectorarray.py" line="608" name="test_lincomb_wrong_coefficients[1-&lt;lambda&gt;1]" time="0.001953125"></testcase><testcase classname="src.pymortests.vectorarray" file="src/pymortests/vectorarray.py" line="608" name="test_lincomb_wrong_coefficients[1-&lt;lambda&gt;2]" time="0.002777099609375"></testcase><testcase classname="src.pymortests.vectorarray" file="src/pymortests/vectorarray.py" line="608" name="test_lincomb_wrong_coefficients[1-&lt;lambda&gt;3]" time="0.0033655166625976562"></testcase><testcase classname="src.pymortests.vectorarray" file="src/pymortests/vectorarray.py" line="608" name="test_lincomb_wrong_coefficients[1-&lt;lambda&gt;4]" time="0.004021406173706055"></testcase><testcase classname="src.pymortests.vectorarray" file="src/pymortests/vectorarray.py" line="608" name="test_lincomb_wrong_coefficients[1-&lt;lambda&gt;5]" time="0.0017783641815185547"></testcase><testcase classname="src.pymortests.vectorarray" file="src/pymortests/vectorarray.py" line="608" name="test_lincomb_wrong_coefficients[1-&lt;lambda&gt;6]" time="0.0017826557159423828"></testcase><testcase classname="src.pymortests.vectorarray" file="src/pymortests/vectorarray.py" line="608" name="test_lincomb_wrong_coefficients[1-&lt;lambda&gt;7]" time="0.002470731735229492"></testcase><testcase classname="src.pymortests.vectorarray" file="src/pymortests/vectorarray.py" line="608" name="test_lincomb_wrong_coefficients[1-&lt;lambda&gt;8]" time="0.003350973129272461"></testcase><testcase classname="src.pymortests.vectorarray" file="src/pymortests/vectorarray.py" line="608" name="test_lincomb_wrong_coefficients[1-&lt;lambda&gt;9]" time="0.004655599594116211"></testcase><testcase classname="src.pymortests.vectorarray" file="src/pymortests/vectorarray.py" line="608" name="test_lincomb_wrong_coefficients[1-&lt;lambda&gt;10]" time="0.002427816390991211"></testcase><testcase classname="src.pymortests.vectorarray" file="src/pymortests/vectorarray.py" line="608" name="test_lincomb_wrong_coefficients[1-&lt;lambda&gt;11]" time="0.003971099853515625"></testcase><testcase classname="src.pymortests.vectorarray" file="src/pymortests/vectorarray.py" line="608" name="test_lincomb_wrong_coefficients[1-&lt;lambda&gt;12]" time="0.0037674903869628906"></testcase><testcase classname="src.pymortests.vectorarray" file="src/pymortests/vectorarray.py" line="608" name="test_lincomb_wrong_coefficients[1-&lt;lambda&gt;13]" time="0.0031833648681640625"></testcase><testcase classname="src.pymortests.vectorarray" file="src/pymortests/vectorarray.py" line="608" name="test_lincomb_wrong_coefficients[1-&lt;lambda&gt;14]" time="0.00391387939453125"></testcase><testcase classname="src.pymortests.vectorarray" file="src/pymortests/vectorarray.py" line="608" name="test_lincomb_wrong_coefficients[1-&lt;lambda&gt;15]" time="0.0057239532470703125"></testcase><testcase classname="src.pymortests.vectorarray" file="src/pymortests/vectorarray.py" line="608" name="test_lincomb_wrong_coefficients[1-&lt;lambda&gt;16]" time="0.009961128234863281"></testcase><testcase classname="src.pymortests.vectorarray" file="src/pymortests/vectorarray.py" line="608" name="test_lincomb_wrong_coefficients[1-&lt;lambda&gt;17]" time="0.0026514530181884766"></testcase><testcase classname="src.pymortests.vectorarray" file="src/pymortests/vectorarray.py" line="608" name="test_lincomb_wrong_coefficients[1-&lt;lambda&gt;18]" time="0.0023636817932128906"></testcase><testcase classname="src.pymortests.vectorarray" file="src/pymortests/vectorarray.py" line="608" name="test_lincomb_wrong_coefficients[1-&lt;lambda&gt;19]" time="0.004209041595458984"></testcase><testcase classname="src.pymortests.vectorarray" file="src/pymortests/vectorarray.py" line="608" name="test_lincomb_wrong_coefficients[1-&lt;lambda&gt;20]" time="0.011011123657226562"></testcase><testcase classname="src.pymortests.vectorarray" file="src/pymortests/vectorarray.py" line="608" name="test_lincomb_wrong_coefficients[1-&lt;lambda&gt;21]" time="0.021443843841552734"></testcase><testcase classname="src.pymortests.vectorarray" file="src/pymortests/vectorarray.py" line="608" name="test_lincomb_wrong_coefficients[1-&lt;lambda&gt;22]" time="0.0026857852935791016"></testcase><testcase classname="src.pymortests.vectorarray" file="src/pymortests/vectorarray.py" line="608" name="test_lincomb_wrong_coefficients[1-&lt;lambda&gt;23]" time="0.0018725395202636719"></testcase><testcase classname="src.pymortests.vectorarray" file="src/pymortests/vectorarray.py" line="608" name="test_lincomb_wrong_coefficients[1-&lt;lambda&gt;24]" time="0.003529787063598633"></testcase><testcase classname="src.pymortests.vectorarray" file="src/pymortests/vectorarray.py" line="608" name="test_lincomb_wrong_coefficients[1-&lt;lambda&gt;25]" time="0.025321483612060547"></testcase><testcase classname="src.pymortests.vectorarray" file="src/pymortests/vectorarray.py" line="608" name="test_lincomb_wrong_coefficients[1-&lt;lambda&gt;26]" time="0.056356191635131836"></testcase><testcase classname="src.pymortests.vectorarray" file="src/pymortests/vectorarray.py" line="608" name="test_lincomb_wrong_coefficients[2-&lt;lambda&gt;0]" time="0.0028541088104248047"></testcase><testcase classname="src.pymortests.vectorarray" file="src/pymortests/vectorarray.py" line="608" name="test_lincomb_wrong_coefficients[2-&lt;lambda&gt;1]" time="0.0019905567169189453"></testcase><testcase classname="src.pymortests.vectorarray" file="src/pymortests/vectorarray.py" line="608" name="test_lincomb_wrong_coefficients[2-&lt;lambda&gt;2]" time="0.002763509750366211"></testcase><testcase classname="src.pymortests.vectorarray" file="src/pymortests/vectorarray.py" line="608" name="test_lincomb_wrong_coefficients[2-&lt;lambda&gt;3]" time="0.003699064254760742"></testcase><testcase classname="src.pymortests.vectorarray" file="src/pymortests/vectorarray.py" line="608" name="test_lincomb_wrong_coefficients[2-&lt;lambda&gt;4]" time="0.003971576690673828"></testcase><testcase classname="src.pymortests.vectorarray" file="src/pymortests/vectorarray.py" line="608" name="test_lincomb_wrong_coefficients[2-&lt;lambda&gt;5]" time="0.001760244369506836"></testcase><testcase classname="src.pymortests.vectorarray" file="src/pymortests/vectorarray.py" line="608" name="test_lincomb_wrong_coefficients[2-&lt;lambda&gt;6]" time="0.0018591880798339844"></testcase><testcase classname="src.pymortests.vectorarray" file="src/pymortests/vectorarray.py" line="608" name="test_lincomb_wrong_coefficients[2-&lt;lambda&gt;7]" time="0.002540111541748047"></testcase><testcase classname="src.pymortests.vectorarray" file="src/pymortests/vectorarray.py" line="608" name="test_lincomb_wrong_coefficients[2-&lt;lambda&gt;8]" time="0.003427743911743164"></testcase><testcase classname="src.pymortests.vectorarray" file="src/pymortests/vectorarray.py" line="608" name="test_lincomb_wrong_coefficients[2-&lt;lambda&gt;9]" time="0.0048427581787109375"></testcase><testcase classname="src.pymortests.vectorarray" file="src/pymortests/vectorarray.py" line="608" name="test_lincomb_wrong_coefficients[2-&lt;lambda&gt;10]" time="0.0023860931396484375"></testcase><testcase classname="src.pymortests.vectorarray" file="src/pymortests/vectorarray.py" line="608" name="test_lincomb_wrong_coefficients[2-&lt;lambda&gt;11]" time="0.0038881301879882812"></testcase><testcase classname="src.pymortests.vectorarray" file="src/pymortests/vectorarray.py" line="608" name="test_lincomb_wrong_coefficients[2-&lt;lambda&gt;12]" time="0.0038862228393554688"></testcase><testcase classname="src.pymortests.vectorarray" file="src/pymortests/vectorarray.py" line="608" name="test_lincomb_wrong_coefficients[2-&lt;lambda&gt;13]" time="0.0031690597534179688"></testcase><testcase classname="src.pymortests.vectorarray" file="src/pymortests/vectorarray.py" line="608" name="test_lincomb_wrong_coefficients[2-&lt;lambda&gt;14]" time="0.0037689208984375"></testcase><testcase classname="src.pymortests.vectorarray" file="src/pymortests/vectorarray.py" line="608" name="test_lincomb_wrong_coefficients[2-&lt;lambda&gt;15]" time="0.005791425704956055"></testcase><testcase classname="src.pymortests.vectorarray" file="src/pymortests/vectorarray.py" line="608" name="test_lincomb_wrong_coefficients[2-&lt;lambda&gt;16]" time="0.0074269771575927734"></testcase><testcase classname="src.pymortests.vectorarray" file="src/pymortests/vectorarray.py" line="608" name="test_lincomb_wrong_coefficients[2-&lt;lambda&gt;17]" time="0.0029838085174560547"></testcase><testcase classname="src.pymortests.vectorarray" file="src/pymortests/vectorarray.py" line="608" name="test_lincomb_wrong_coefficients[2-&lt;lambda&gt;18]" time="0.0023636817932128906"></testcase><testcase classname="src.pymortests.vectorarray" file="src/pymortests/vectorarray.py" line="608" name="test_lincomb_wrong_coefficients[2-&lt;lambda&gt;19]" time="0.0042629241943359375"></testcase><testcase classname="src.pymortests.vectorarray" file="src/pymortests/vectorarray.py" line="608" name="test_lincomb_wrong_coefficients[2-&lt;lambda&gt;20]" time="0.010990381240844727"></testcase><testcase classname="src.pymortests.vectorarray" file="src/pymortests/vectorarray.py" line="608" name="test_lincomb_wrong_coefficients[2-&lt;lambda&gt;21]" time="0.021061182022094727"></testcase><testcase classname="src.pymortests.vectorarray" file="src/pymortests/vectorarray.py" line="608" name="test_lincomb_wrong_coefficients[2-&lt;lambda&gt;22]" time="0.0026459693908691406"></testcase><testcase classname="src.pymortests.vectorarray" file="src/pymortests/vectorarray.py" line="608" name="test_lincomb_wrong_coefficients[2-&lt;lambda&gt;23]" time="0.0019140243530273438"></testcase><testcase classname="src.pymortests.vectorarray" file="src/pymortests/vectorarray.py" line="608" name="test_lincomb_wrong_coefficients[2-&lt;lambda&gt;24]" time="0.0035686492919921875"></testcase><testcase classname="src.pymortests.vectorarray" file="src/pymortests/vectorarray.py" line="608" name="test_lincomb_wrong_coefficients[2-&lt;lambda&gt;25]" time="0.025384902954101562"></testcase><testcase classname="src.pymortests.vectorarray" file="src/pymortests/vectorarray.py" line="608" name="test_lincomb_wrong_coefficients[2-&lt;lambda&gt;26]" time="0.05558180809020996"></testcase><testcase classname="src.pymortests.vectorarray" file="src/pymortests/vectorarray.py" line="627" name="test_l1_norm[0-&lt;lambda&gt;0]" time="0.006333351135253906"></testcase><testcase classname="src.pymortests.vectorarray" file="src/pymortests/vectorarray.py" line="627" name="test_l1_norm[0-&lt;lambda&gt;1]" time="0.0053102970123291016"></testcase><testcase classname="src.pymortests.vectorarray" file="src/pymortests/vectorarray.py" line="627" name="test_l1_norm[0-&lt;lambda&gt;2]" time="0.006253719329833984"></testcase><testcase classname="src.pymortests.vectorarray" file="src/pymortests/vectorarray.py" line="627" name="test_l1_norm[0-&lt;lambda&gt;3]" time="0.007203578948974609"></testcase><testcase classname="src.pymortests.vectorarray" file="src/pymortests/vectorarray.py" line="627" name="test_l1_norm[0-&lt;lambda&gt;4]" time="0.007505178451538086"></testcase><testcase classname="src.pymortests.vectorarray" file="src/pymortests/vectorarray.py" line="627" name="test_l1_norm[0-&lt;lambda&gt;5]" time="0.004385709762573242"></testcase><testcase classname="src.pymortests.vectorarray" file="src/pymortests/vectorarray.py" line="627" name="test_l1_norm[0-&lt;lambda&gt;6]" time="0.004380464553833008"></testcase><testcase classname="src.pymortests.vectorarray" file="src/pymortests/vectorarray.py" line="627" name="test_l1_norm[0-&lt;lambda&gt;7]" time="0.0067539215087890625"></testcase><testcase classname="src.pymortests.vectorarray" file="src/pymortests/vectorarray.py" line="627" name="test_l1_norm[0-&lt;lambda&gt;8]" time="0.025289535522460938"></testcase><testcase classname="src.pymortests.vectorarray" file="src/pymortests/vectorarray.py" line="627" name="test_l1_norm[0-&lt;lambda&gt;9]" time="0.04880881309509277"></testcase><testcase classname="src.pymortests.vectorarray" file="src/pymortests/vectorarray.py" line="627" name="test_l1_norm[0-&lt;lambda&gt;10]" time="0.009088277816772461"></testcase><testcase classname="src.pymortests.vectorarray" file="src/pymortests/vectorarray.py" line="627" name="test_l1_norm[0-&lt;lambda&gt;11]" time="0.009711265563964844"></testcase><testcase classname="src.pymortests.vectorarray" file="src/pymortests/vectorarray.py" line="627" name="test_l1_norm[0-&lt;lambda&gt;12]" time="0.00955963134765625"></testcase><testcase classname="src.pymortests.vectorarray" file="src/pymortests/vectorarray.py" line="627" name="test_l1_norm[0-&lt;lambda&gt;13]" time="0.007708311080932617"></testcase><testcase classname="src.pymortests.vectorarray" file="src/pymortests/vectorarray.py" line="627" name="test_l1_norm[0-&lt;lambda&gt;14]" time="0.009779691696166992"></testcase><testcase classname="src.pymortests.vectorarray" file="src/pymortests/vectorarray.py" line="627" name="test_l1_norm[0-&lt;lambda&gt;15]" time="0.013361930847167969"></testcase><testcase classname="src.pymortests.vectorarray" file="src/pymortests/vectorarray.py" line="627" name="test_l1_norm[0-&lt;lambda&gt;16]" time="0.015737295150756836"></testcase><testcase classname="src.pymortests.vectorarray" file="src/pymortests/vectorarray.py" line="627" name="test_l1_norm[0-&lt;lambda&gt;17]" time="0.010975122451782227"></testcase><testcase classname="src.pymortests.vectorarray" file="src/pymortests/vectorarray.py" line="627" name="test_l1_norm[0-&lt;lambda&gt;18]" time="0.010887622833251953"></testcase><testcase classname="src.pymortests.vectorarray" file="src/pymortests/vectorarray.py" line="627" name="test_l1_norm[0-&lt;lambda&gt;19]" time="0.016947507858276367"></testcase><testcase classname="src.pymortests.vectorarray" file="src/pymortests/vectorarray.py" line="627" name="test_l1_norm[0-&lt;lambda&gt;20]" time="0.04665231704711914"></testcase><testcase classname="src.pymortests.vectorarray" file="src/pymortests/vectorarray.py" line="627" name="test_l1_norm[0-&lt;lambda&gt;21]" time="0.10160970687866211"></testcase><testcase classname="src.pymortests.vectorarray" file="src/pymortests/vectorarray.py" line="627" name="test_l1_norm[0-&lt;lambda&gt;22]" time="0.005524396896362305"></testcase><testcase classname="src.pymortests.vectorarray" file="src/pymortests/vectorarray.py" line="627" name="test_l1_norm[0-&lt;lambda&gt;23]" time="0.004528999328613281"></testcase><testcase classname="src.pymortests.vectorarray" file="src/pymortests/vectorarray.py" line="627" name="test_l1_norm[0-&lt;lambda&gt;24]" time="0.019195556640625"></testcase><testcase classname="src.pymortests.vectorarray" file="src/pymortests/vectorarray.py" line="627" name="test_l1_norm[0-&lt;lambda&gt;25]" time="0.39212465286254883"></testcase><testcase classname="src.pymortests.vectorarray" file="src/pymortests/vectorarray.py" line="627" name="test_l1_norm[0-&lt;lambda&gt;26]" time="0.909395694732666"></testcase><testcase classname="src.pymortests.vectorarray" file="src/pymortests/vectorarray.py" line="627" name="test_l1_norm[1-&lt;lambda&gt;0]" time="0.006275653839111328"></testcase><testcase classname="src.pymortests.vectorarray" file="src/pymortests/vectorarray.py" line="627" name="test_l1_norm[1-&lt;lambda&gt;1]" time="0.005105018615722656"></testcase><testcase classname="src.pymortests.vectorarray" file="src/pymortests/vectorarray.py" line="627" name="test_l1_norm[1-&lt;lambda&gt;2]" time="0.006146430969238281"></testcase><testcase classname="src.pymortests.vectorarray" file="src/pymortests/vectorarray.py" line="627" name="test_l1_norm[1-&lt;lambda&gt;3]" time="0.007139444351196289"></testcase><testcase classname="src.pymortests.vectorarray" file="src/pymortests/vectorarray.py" line="627" name="test_l1_norm[1-&lt;lambda&gt;4]" time="0.007769584655761719"></testcase><testcase classname="src.pymortests.vectorarray" file="src/pymortests/vectorarray.py" line="627" name="test_l1_norm[1-&lt;lambda&gt;5]" time="0.004390716552734375"></testcase><testcase classname="src.pymortests.vectorarray" file="src/pymortests/vectorarray.py" line="627" name="test_l1_norm[1-&lt;lambda&gt;6]" time="0.004192352294921875"></testcase><testcase classname="src.pymortests.vectorarray" file="src/pymortests/vectorarray.py" line="627" name="test_l1_norm[1-&lt;lambda&gt;7]" time="0.006568193435668945"></testcase><testcase classname="src.pymortests.vectorarray" file="src/pymortests/vectorarray.py" line="627" name="test_l1_norm[1-&lt;lambda&gt;8]" time="0.025653600692749023"></testcase><testcase classname="src.pymortests.vectorarray" file="src/pymortests/vectorarray.py" line="627" name="test_l1_norm[1-&lt;lambda&gt;9]" time="0.04898524284362793"></testcase><testcase classname="src.pymortests.vectorarray" file="src/pymortests/vectorarray.py" line="627" name="test_l1_norm[1-&lt;lambda&gt;10]" time="0.008832693099975586"></testcase><testcase classname="src.pymortests.vectorarray" file="src/pymortests/vectorarray.py" line="627" name="test_l1_norm[1-&lt;lambda&gt;11]" time="0.009557485580444336"></testcase><testcase classname="src.pymortests.vectorarray" file="src/pymortests/vectorarray.py" line="627" name="test_l1_norm[1-&lt;lambda&gt;12]" time="0.009537696838378906"></testcase><testcase classname="src.pymortests.vectorarray" file="src/pymortests/vectorarray.py" line="627" name="test_l1_norm[1-&lt;lambda&gt;13]" time="0.007705211639404297"></testcase><testcase classname="src.pymortests.vectorarray" file="src/pymortests/vectorarray.py" line="627" name="test_l1_norm[1-&lt;lambda&gt;14]" time="0.009673595428466797"></testcase><testcase classname="src.pymortests.vectorarray" file="src/pymortests/vectorarray.py" line="627" name="test_l1_norm[1-&lt;lambda&gt;15]" time="0.013289690017700195"></testcase><testcase classname="src.pymortests.vectorarray" file="src/pymortests/vectorarray.py" line="627" name="test_l1_norm[1-&lt;lambda&gt;16]" time="0.0158841609954834"></testcase><testcase classname="src.pymortests.vectorarray" file="src/pymortests/vectorarray.py" line="627" name="test_l1_norm[1-&lt;lambda&gt;17]" time="0.01111292839050293"></testcase><testcase classname="src.pymortests.vectorarray" file="src/pymortests/vectorarray.py" line="627" name="test_l1_norm[1-&lt;lambda&gt;18]" time="0.00983738899230957"></testcase><testcase classname="src.pymortests.vectorarray" file="src/pymortests/vectorarray.py" line="627" name="test_l1_norm[1-&lt;lambda&gt;19]" time="0.017725706100463867"></testcase><testcase classname="src.pymortests.vectorarray" file="src/pymortests/vectorarray.py" line="627" name="test_l1_norm[1-&lt;lambda&gt;20]" time="0.04807329177856445"></testcase><testcase classname="src.pymortests.vectorarray" file="src/pymortests/vectorarray.py" line="627" name="test_l1_norm[1-&lt;lambda&gt;21]" time="0.09793829917907715"></testcase><testcase classname="src.pymortests.vectorarray" file="src/pymortests/vectorarray.py" line="627" name="test_l1_norm[1-&lt;lambda&gt;22]" time="0.005660295486450195"></testcase><testcase classname="src.pymortests.vectorarray" file="src/pymortests/vectorarray.py" line="627" name="test_l1_norm[1-&lt;lambda&gt;23]" time="0.004547595977783203"></testcase><testcase classname="src.pymortests.vectorarray" file="src/pymortests/vectorarray.py" line="627" name="test_l1_norm[1-&lt;lambda&gt;24]" time="0.019610166549682617"></testcase><testcase classname="src.pymortests.vectorarray" file="src/pymortests/vectorarray.py" line="627" name="test_l1_norm[1-&lt;lambda&gt;25]" time="0.4146747589111328"></testcase><testcase classname="src.pymortests.vectorarray" file="src/pymortests/vectorarray.py" line="627" name="test_l1_norm[1-&lt;lambda&gt;26]" time="0.9579150676727295"></testcase><testcase classname="src.pymortests.vectorarray" file="src/pymortests/vectorarray.py" line="627" name="test_l1_norm[2-&lt;lambda&gt;0]" time="0.006185770034790039"></testcase><testcase classname="src.pymortests.vectorarray" file="src/pymortests/vectorarray.py" line="627" name="test_l1_norm[2-&lt;lambda&gt;1]" time="0.005217075347900391"></testcase><testcase classname="src.pymortests.vectorarray" file="src/pymortests/vectorarray.py" line="627" name="test_l1_norm[2-&lt;lambda&gt;2]" time="0.0062830448150634766"></testcase><testcase classname="src.pymortests.vectorarray" file="src/pymortests/vectorarray.py" line="627" name="test_l1_norm[2-&lt;lambda&gt;3]" time="0.007053375244140625"></testcase><testcase classname="src.pymortests.vectorarray" file="src/pymortests/vectorarray.py" line="627" name="test_l1_norm[2-&lt;lambda&gt;4]" time="0.007516622543334961"></testcase><testcase classname="src.pymortests.vectorarray" file="src/pymortests/vectorarray.py" line="627" name="test_l1_norm[2-&lt;lambda&gt;5]" time="0.004458189010620117"></testcase><testcase classname="src.pymortests.vectorarray" file="src/pymortests/vectorarray.py" line="627" name="test_l1_norm[2-&lt;lambda&gt;6]" time="0.004286766052246094"></testcase><testcase classname="src.pymortests.vectorarray" file="src/pymortests/vectorarray.py" line="627" name="test_l1_norm[2-&lt;lambda&gt;7]" time="0.006837129592895508"></testcase><testcase classname="src.pymortests.vectorarray" file="src/pymortests/vectorarray.py" line="627" name="test_l1_norm[2-&lt;lambda&gt;8]" time="0.025765657424926758"></testcase><testcase classname="src.pymortests.vectorarray" file="src/pymortests/vectorarray.py" line="627" name="test_l1_norm[2-&lt;lambda&gt;9]" time="0.0491642951965332"></testcase><testcase classname="src.pymortests.vectorarray" file="src/pymortests/vectorarray.py" line="627" name="test_l1_norm[2-&lt;lambda&gt;10]" time="0.008838653564453125"></testcase><testcase classname="src.pymortests.vectorarray" file="src/pymortests/vectorarray.py" line="627" name="test_l1_norm[2-&lt;lambda&gt;11]" time="0.00969243049621582"></testcase><testcase classname="src.pymortests.vectorarray" file="src/pymortests/vectorarray.py" line="627" name="test_l1_norm[2-&lt;lambda&gt;12]" time="0.00949239730834961"></testcase><testcase classname="src.pymortests.vectorarray" file="src/pymortests/vectorarray.py" line="627" name="test_l1_norm[2-&lt;lambda&gt;13]" time="0.007614850997924805"></testcase><testcase classname="src.pymortests.vectorarray" file="src/pymortests/vectorarray.py" line="627" name="test_l1_norm[2-&lt;lambda&gt;14]" time="0.00944828987121582"></testcase><testcase classname="src.pymortests.vectorarray" file="src/pymortests/vectorarray.py" line="627" name="test_l1_norm[2-&lt;lambda&gt;15]" time="0.013432979583740234"></testcase><testcase classname="src.pymortests.vectorarray" file="src/pymortests/vectorarray.py" line="627" name="test_l1_norm[2-&lt;lambda&gt;16]" time="0.016394853591918945"></testcase><testcase classname="src.pymortests.vectorarray" file="src/pymortests/vectorarray.py" line="627" name="test_l1_norm[2-&lt;lambda&gt;17]" time="0.010838747024536133"></testcase><testcase classname="src.pymortests.vectorarray" file="src/pymortests/vectorarray.py" line="627" name="test_l1_norm[2-&lt;lambda&gt;18]" time="0.0100250244140625"></testcase><testcase classname="src.pymortests.vectorarray" file="src/pymortests/vectorarray.py" line="627" name="test_l1_norm[2-&lt;lambda&gt;19]" time="0.016875743865966797"></testcase><testcase classname="src.pymortests.vectorarray" file="src/pymortests/vectorarray.py" line="627" name="test_l1_norm[2-&lt;lambda&gt;20]" time="0.046881675720214844"></testcase><testcase classname="src.pymortests.vectorarray" file="src/pymortests/vectorarray.py" line="627" name="test_l1_norm[2-&lt;lambda&gt;21]" time="0.09649133682250977"></testcase><testcase classname="src.pymortests.vectorarray" file="src/pymortests/vectorarray.py" line="627" name="test_l1_norm[2-&lt;lambda&gt;22]" time="0.005517244338989258"></testcase><testcase classname="src.pymortests.vectorarray" file="src/pymortests/vectorarray.py" line="627" name="test_l1_norm[2-&lt;lambda&gt;23]" time="0.0046083927154541016"></testcase><testcase classname="src.pymortests.vectorarray" file="src/pymortests/vectorarray.py" line="627" name="test_l1_norm[2-&lt;lambda&gt;24]" time="0.01965045928955078"></testcase><testcase classname="src.pymortests.vectorarray" file="src/pymortests/vectorarray.py" line="627" name="test_l1_norm[2-&lt;lambda&gt;25]" time="0.41383886337280273"></testcase><testcase classname="src.pymortests.vectorarray" file="src/pymortests/vectorarray.py" line="627" name="test_l1_norm[2-&lt;lambda&gt;26]" time="0.9531958103179932"></testcase><testcase classname="src.pymortests.vectorarray" file="src/pymortests/vectorarray.py" line="649" name="test_l2_norm[0-&lt;lambda&gt;0]" time="0.006336688995361328"></testcase><testcase classname="src.pymortests.vectorarray" file="src/pymortests/vectorarray.py" line="649" name="test_l2_norm[0-&lt;lambda&gt;1]" time="0.005368471145629883"></testcase><testcase classname="src.pymortests.vectorarray" file="src/pymortests/vectorarray.py" line="649" name="test_l2_norm[0-&lt;lambda&gt;2]" time="0.006410121917724609"></testcase><testcase classname="src.pymortests.vectorarray" file="src/pymortests/vectorarray.py" line="649" name="test_l2_norm[0-&lt;lambda&gt;3]" time="0.007323026657104492"></testcase><testcase classname="src.pymortests.vectorarray" file="src/pymortests/vectorarray.py" line="649" name="test_l2_norm[0-&lt;lambda&gt;4]" time="0.007596254348754883"></testcase><testcase classname="src.pymortests.vectorarray" file="src/pymortests/vectorarray.py" line="649" name="test_l2_norm[0-&lt;lambda&gt;5]" time="0.004579067230224609"></testcase><testcase classname="src.pymortests.vectorarray" file="src/pymortests/vectorarray.py" line="649" name="test_l2_norm[0-&lt;lambda&gt;6]" time="0.004292964935302734"></testcase><testcase classname="src.pymortests.vectorarray" file="src/pymortests/vectorarray.py" line="649" name="test_l2_norm[0-&lt;lambda&gt;7]" time="0.006998777389526367"></testcase><testcase classname="src.pymortests.vectorarray" file="src/pymortests/vectorarray.py" line="649" name="test_l2_norm[0-&lt;lambda&gt;8]" time="0.026378154754638672"></testcase><testcase classname="src.pymortests.vectorarray" file="src/pymortests/vectorarray.py" line="649" name="test_l2_norm[0-&lt;lambda&gt;9]" time="0.04944586753845215"></testcase><testcase classname="src.pymortests.vectorarray" file="src/pymortests/vectorarray.py" line="649" name="test_l2_norm[0-&lt;lambda&gt;10]" time="0.009144306182861328"></testcase><testcase classname="src.pymortests.vectorarray" file="src/pymortests/vectorarray.py" line="649" name="test_l2_norm[0-&lt;lambda&gt;11]" time="0.010604143142700195"></testcase><testcase classname="src.pymortests.vectorarray" file="src/pymortests/vectorarray.py" line="649" name="test_l2_norm[0-&lt;lambda&gt;12]" time="0.01287388801574707"></testcase><testcase classname="src.pymortests.vectorarray" file="src/pymortests/vectorarray.py" line="649" name="test_l2_norm[0-&lt;lambda&gt;13]" time="0.008879423141479492"></testcase><testcase classname="src.pymortests.vectorarray" file="src/pymortests/vectorarray.py" line="649" name="test_l2_norm[0-&lt;lambda&gt;14]" time="0.01054525375366211"></testcase><testcase classname="src.pymortests.vectorarray" file="src/pymortests/vectorarray.py" line="649" name="test_l2_norm[0-&lt;lambda&gt;15]" time="0.013244152069091797"></testcase><testcase classname="src.pymortests.vectorarray" file="src/pymortests/vectorarray.py" line="649" name="test_l2_norm[0-&lt;lambda&gt;16]" time="0.015704631805419922"></testcase><testcase classname="src.pymortests.vectorarray" file="src/pymortests/vectorarray.py" line="649" name="test_l2_norm[0-&lt;lambda&gt;17]" time="0.01108407974243164"></testcase><testcase classname="src.pymortests.vectorarray" file="src/pymortests/vectorarray.py" line="649" name="test_l2_norm[0-&lt;lambda&gt;18]" time="0.0110321044921875"></testcase><testcase classname="src.pymortests.vectorarray" file="src/pymortests/vectorarray.py" line="649" name="test_l2_norm[0-&lt;lambda&gt;19]" time="0.020734310150146484"></testcase><testcase classname="src.pymortests.vectorarray" file="src/pymortests/vectorarray.py" line="649" name="test_l2_norm[0-&lt;lambda&gt;20]" time="0.04961371421813965"></testcase><testcase classname="src.pymortests.vectorarray" file="src/pymortests/vectorarray.py" line="649" name="test_l2_norm[0-&lt;lambda&gt;21]" time="0.10715246200561523"></testcase><testcase classname="src.pymortests.vectorarray" file="src/pymortests/vectorarray.py" line="649" name="test_l2_norm[0-&lt;lambda&gt;22]" time="0.005518198013305664"></testcase><testcase classname="src.pymortests.vectorarray" file="src/pymortests/vectorarray.py" line="649" name="test_l2_norm[0-&lt;lambda&gt;23]" time="0.005857944488525391"></testcase><testcase classname="src.pymortests.vectorarray" file="src/pymortests/vectorarray.py" line="649" name="test_l2_norm[0-&lt;lambda&gt;24]" time="0.016556262969970703"></testcase><testcase classname="src.pymortests.vectorarray" file="src/pymortests/vectorarray.py" line="649" name="test_l2_norm[0-&lt;lambda&gt;25]" time="0.36164021492004395"></testcase><testcase classname="src.pymortests.vectorarray" file="src/pymortests/vectorarray.py" line="649" name="test_l2_norm[0-&lt;lambda&gt;26]" time="0.8460042476654053"></testcase><testcase classname="src.pymortests.vectorarray" file="src/pymortests/vectorarray.py" line="649" name="test_l2_norm[1-&lt;lambda&gt;0]" time="0.0064945220947265625"></testcase><testcase classname="src.pymortests.vectorarray" file="src/pymortests/vectorarray.py" line="649" name="test_l2_norm[1-&lt;lambda&gt;1]" time="0.0052165985107421875"></testcase><testcase classname="src.pymortests.vectorarray" file="src/pymortests/vectorarray.py" line="649" name="test_l2_norm[1-&lt;lambda&gt;2]" time="0.006173610687255859"></testcase><testcase classname="src.pymortests.vectorarray" file="src/pymortests/vectorarray.py" line="649" name="test_l2_norm[1-&lt;lambda&gt;3]" time="0.00748443603515625"></testcase><testcase classname="src.pymortests.vectorarray" file="src/pymortests/vectorarray.py" line="649" name="test_l2_norm[1-&lt;lambda&gt;4]" time="0.0075457096099853516"></testcase><testcase classname="src.pymortests.vectorarray" file="src/pymortests/vectorarray.py" line="649" name="test_l2_norm[1-&lt;lambda&gt;5]" time="0.004383087158203125"></testcase><testcase classname="src.pymortests.vectorarray" file="src/pymortests/vectorarray.py" line="649" name="test_l2_norm[1-&lt;lambda&gt;6]" time="0.004241228103637695"></testcase><testcase classname="src.pymortests.vectorarray" file="src/pymortests/vectorarray.py" line="649" name="test_l2_norm[1-&lt;lambda&gt;7]" time="0.006999492645263672"></testcase><testcase classname="src.pymortests.vectorarray" file="src/pymortests/vectorarray.py" line="649" name="test_l2_norm[1-&lt;lambda&gt;8]" time="0.026715993881225586"></testcase><testcase classname="src.pymortests.vectorarray" file="src/pymortests/vectorarray.py" line="649" name="test_l2_norm[1-&lt;lambda&gt;9]" time="0.050086259841918945"></testcase><testcase classname="src.pymortests.vectorarray" file="src/pymortests/vectorarray.py" line="649" name="test_l2_norm[1-&lt;lambda&gt;10]" time="0.008699178695678711"></testcase><testcase classname="src.pymortests.vectorarray" file="src/pymortests/vectorarray.py" line="649" name="test_l2_norm[1-&lt;lambda&gt;11]" time="0.009560823440551758"></testcase><testcase classname="src.pymortests.vectorarray" file="src/pymortests/vectorarray.py" line="649" name="test_l2_norm[1-&lt;lambda&gt;12]" time="0.009185552597045898"></testcase><testcase classname="src.pymortests.vectorarray" file="src/pymortests/vectorarray.py" line="649" name="test_l2_norm[1-&lt;lambda&gt;13]" time="0.007631778717041016"></testcase><testcase classname="src.pymortests.vectorarray" file="src/pymortests/vectorarray.py" line="649" name="test_l2_norm[1-&lt;lambda&gt;14]" time="0.009477853775024414"></testcase><testcase classname="src.pymortests.vectorarray" file="src/pymortests/vectorarray.py" line="649" name="test_l2_norm[1-&lt;lambda&gt;15]" time="0.013121604919433594"></testcase><testcase classname="src.pymortests.vectorarray" file="src/pymortests/vectorarray.py" line="649" name="test_l2_norm[1-&lt;lambda&gt;16]" time="0.016097545623779297"></testcase><testcase classname="src.pymortests.vectorarray" file="src/pymortests/vectorarray.py" line="649" name="test_l2_norm[1-&lt;lambda&gt;17]" time="0.011133432388305664"></testcase><testcase classname="src.pymortests.vectorarray" file="src/pymortests/vectorarray.py" line="649" name="test_l2_norm[1-&lt;lambda&gt;18]" time="0.009862899780273438"></testcase><testcase classname="src.pymortests.vectorarray" file="src/pymortests/vectorarray.py" line="649" name="test_l2_norm[1-&lt;lambda&gt;19]" time="0.0204010009765625"></testcase><testcase classname="src.pymortests.vectorarray" file="src/pymortests/vectorarray.py" line="649" name="test_l2_norm[1-&lt;lambda&gt;20]" time="0.05056285858154297"></testcase><testcase classname="src.pymortests.vectorarray" file="src/pymortests/vectorarray.py" line="649" name="test_l2_norm[1-&lt;lambda&gt;21]" time="0.10522150993347168"></testcase><testcase classname="src.pymortests.vectorarray" file="src/pymortests/vectorarray.py" line="649" name="test_l2_norm[1-&lt;lambda&gt;22]" time="0.005765438079833984"></testcase><testcase classname="src.pymortests.vectorarray" file="src/pymortests/vectorarray.py" line="649" name="test_l2_norm[1-&lt;lambda&gt;23]" time="0.00469207763671875"></testcase><testcase classname="src.pymortests.vectorarray" file="src/pymortests/vectorarray.py" line="649" name="test_l2_norm[1-&lt;lambda&gt;24]" time="0.017519474029541016"></testcase><testcase classname="src.pymortests.vectorarray" file="src/pymortests/vectorarray.py" line="649" name="test_l2_norm[1-&lt;lambda&gt;25]" time="0.3870871067047119"></testcase><testcase classname="src.pymortests.vectorarray" file="src/pymortests/vectorarray.py" line="649" name="test_l2_norm[1-&lt;lambda&gt;26]" time="0.8948259353637695"></testcase><testcase classname="src.pymortests.vectorarray" file="src/pymortests/vectorarray.py" line="649" name="test_l2_norm[2-&lt;lambda&gt;0]" time="0.006289958953857422"></testcase><testcase classname="src.pymortests.vectorarray" file="src/pymortests/vectorarray.py" line="649" name="test_l2_norm[2-&lt;lambda&gt;1]" time="0.0054547786712646484"></testcase><testcase classname="src.pymortests.vectorarray" file="src/pymortests/vectorarray.py" line="649" name="test_l2_norm[2-&lt;lambda&gt;2]" time="0.006295919418334961"></testcase><testcase classname="src.pymortests.vectorarray" file="src/pymortests/vectorarray.py" line="649" name="test_l2_norm[2-&lt;lambda&gt;3]" time="0.007223844528198242"></testcase><testcase classname="src.pymortests.vectorarray" file="src/pymortests/vectorarray.py" line="649" name="test_l2_norm[2-&lt;lambda&gt;4]" time="0.007576465606689453"></testcase><testcase classname="src.pymortests.vectorarray" file="src/pymortests/vectorarray.py" line="649" name="test_l2_norm[2-&lt;lambda&gt;5]" time="0.004464626312255859"></testcase><testcase classname="src.pymortests.vectorarray" file="src/pymortests/vectorarray.py" line="649" name="test_l2_norm[2-&lt;lambda&gt;6]" time="0.0044116973876953125"></testcase><testcase classname="src.pymortests.vectorarray" file="src/pymortests/vectorarray.py" line="649" name="test_l2_norm[2-&lt;lambda&gt;7]" time="0.007020235061645508"></testcase><testcase classname="src.pymortests.vectorarray" file="src/pymortests/vectorarray.py" line="649" name="test_l2_norm[2-&lt;lambda&gt;8]" time="0.026796340942382812"></testcase><testcase classname="src.pymortests.vectorarray" file="src/pymortests/vectorarray.py" line="649" name="test_l2_norm[2-&lt;lambda&gt;9]" time="0.04939579963684082"></testcase><testcase classname="src.pymortests.vectorarray" file="src/pymortests/vectorarray.py" line="649" name="test_l2_norm[2-&lt;lambda&gt;10]" time="0.009014368057250977"></testcase><testcase classname="src.pymortests.vectorarray" file="src/pymortests/vectorarray.py" line="649" name="test_l2_norm[2-&lt;lambda&gt;11]" time="0.010668039321899414"></testcase><testcase classname="src.pymortests.vectorarray" file="src/pymortests/vectorarray.py" line="649" name="test_l2_norm[2-&lt;lambda&gt;12]" time="0.00906825065612793"></testcase><testcase classname="src.pymortests.vectorarray" file="src/pymortests/vectorarray.py" line="649" name="test_l2_norm[2-&lt;lambda&gt;13]" time="0.007675886154174805"></testcase><testcase classname="src.pymortests.vectorarray" file="src/pymortests/vectorarray.py" line="649" name="test_l2_norm[2-&lt;lambda&gt;14]" time="0.009322643280029297"></testcase><testcase classname="src.pymortests.vectorarray" file="src/pymortests/vectorarray.py" line="649" name="test_l2_norm[2-&lt;lambda&gt;15]" time="0.013225317001342773"></testcase><testcase classname="src.pymortests.vectorarray" file="src/pymortests/vectorarray.py" line="649" name="test_l2_norm[2-&lt;lambda&gt;16]" time="0.015707969665527344"></testcase><testcase classname="src.pymortests.vectorarray" file="src/pymortests/vectorarray.py" line="649" name="test_l2_norm[2-&lt;lambda&gt;17]" time="0.011092185974121094"></testcase><testcase classname="src.pymortests.vectorarray" file="src/pymortests/vectorarray.py" line="649" name="test_l2_norm[2-&lt;lambda&gt;18]" time="0.009749174118041992"></testcase><testcase classname="src.pymortests.vectorarray" file="src/pymortests/vectorarray.py" line="649" name="test_l2_norm[2-&lt;lambda&gt;19]" time="0.020167112350463867"></testcase><testcase classname="src.pymortests.vectorarray" file="src/pymortests/vectorarray.py" line="649" name="test_l2_norm[2-&lt;lambda&gt;20]" time="0.0501093864440918"></testcase><testcase classname="src.pymortests.vectorarray" file="src/pymortests/vectorarray.py" line="649" name="test_l2_norm[2-&lt;lambda&gt;21]" time="0.1034541130065918"></testcase><testcase classname="src.pymortests.vectorarray" file="src/pymortests/vectorarray.py" line="649" name="test_l2_norm[2-&lt;lambda&gt;22]" time="0.00574040412902832"></testcase><testcase classname="src.pymortests.vectorarray" file="src/pymortests/vectorarray.py" line="649" name="test_l2_norm[2-&lt;lambda&gt;23]" time="0.004622697830200195"></testcase><testcase classname="src.pymortests.vectorarray" file="src/pymortests/vectorarray.py" line="649" name="test_l2_norm[2-&lt;lambda&gt;24]" time="0.016987085342407227"></testcase><testcase classname="src.pymortests.vectorarray" file="src/pymortests/vectorarray.py" line="649" name="test_l2_norm[2-&lt;lambda&gt;25]" time="0.3911314010620117"></testcase><testcase classname="src.pymortests.vectorarray" file="src/pymortests/vectorarray.py" line="649" name="test_l2_norm[2-&lt;lambda&gt;26]" time="0.8924994468688965"></testcase><testcase classname="src.pymortests.vectorarray" file="src/pymortests/vectorarray.py" line="671" name="test_l2_norm2[0-&lt;lambda&gt;0]" time="0.006044149398803711"></testcase><testcase classname="src.pymortests.vectorarray" file="src/pymortests/vectorarray.py" line="671" name="test_l2_norm2[0-&lt;lambda&gt;1]" time="0.004987239837646484"></testcase><testcase classname="src.pymortests.vectorarray" file="src/pymortests/vectorarray.py" line="671" name="test_l2_norm2[0-&lt;lambda&gt;2]" time="0.005948781967163086"></testcase><testcase classname="src.pymortests.vectorarray" file="src/pymortests/vectorarray.py" line="671" name="test_l2_norm2[0-&lt;lambda&gt;3]" time="0.007070064544677734"></testcase><testcase classname="src.pymortests.vectorarray" file="src/pymortests/vectorarray.py" line="671" name="test_l2_norm2[0-&lt;lambda&gt;4]" time="0.007269382476806641"></testcase><testcase classname="src.pymortests.vectorarray" file="src/pymortests/vectorarray.py" line="671" name="test_l2_norm2[0-&lt;lambda&gt;5]" time="0.0043599605560302734"></testcase><testcase classname="src.pymortests.vectorarray" file="src/pymortests/vectorarray.py" line="671" name="test_l2_norm2[0-&lt;lambda&gt;6]" time="0.004217863082885742"></testcase><testcase classname="src.pymortests.vectorarray" file="src/pymortests/vectorarray.py" line="671" name="test_l2_norm2[0-&lt;lambda&gt;7]" time="0.006808042526245117"></testcase><testcase classname="src.pymortests.vectorarray" file="src/pymortests/vectorarray.py" line="671" name="test_l2_norm2[0-&lt;lambda&gt;8]" time="0.026212215423583984"></testcase><testcase classname="src.pymortests.vectorarray" file="src/pymortests/vectorarray.py" line="671" name="test_l2_norm2[0-&lt;lambda&gt;9]" time="0.05016350746154785"></testcase><testcase classname="src.pymortests.vectorarray" file="src/pymortests/vectorarray.py" line="671" name="test_l2_norm2[0-&lt;lambda&gt;10]" time="0.008707523345947266"></testcase><testcase classname="src.pymortests.vectorarray" file="src/pymortests/vectorarray.py" line="671" name="test_l2_norm2[0-&lt;lambda&gt;11]" time="0.009168386459350586"></testcase><testcase classname="src.pymortests.vectorarray" file="src/pymortests/vectorarray.py" line="671" name="test_l2_norm2[0-&lt;lambda&gt;12]" time="0.009050130844116211"></testcase><testcase classname="src.pymortests.vectorarray" file="src/pymortests/vectorarray.py" line="671" name="test_l2_norm2[0-&lt;lambda&gt;13]" time="0.0075969696044921875"></testcase><testcase classname="src.pymortests.vectorarray" file="src/pymortests/vectorarray.py" line="671" name="test_l2_norm2[0-&lt;lambda&gt;14]" time="0.009354591369628906"></testcase><testcase classname="src.pymortests.vectorarray" file="src/pymortests/vectorarray.py" line="671" name="test_l2_norm2[0-&lt;lambda&gt;15]" time="0.012973546981811523"></testcase><testcase classname="src.pymortests.vectorarray" file="src/pymortests/vectorarray.py" line="671" name="test_l2_norm2[0-&lt;lambda&gt;16]" time="0.014369487762451172"></testcase><testcase classname="src.pymortests.vectorarray" file="src/pymortests/vectorarray.py" line="671" name="test_l2_norm2[0-&lt;lambda&gt;17]" time="0.011216402053833008"></testcase><testcase classname="src.pymortests.vectorarray" file="src/pymortests/vectorarray.py" line="671" name="test_l2_norm2[0-&lt;lambda&gt;18]" time="0.010931015014648438"></testcase><testcase classname="src.pymortests.vectorarray" file="src/pymortests/vectorarray.py" line="671" name="test_l2_norm2[0-&lt;lambda&gt;19]" time="0.021704673767089844"></testcase><testcase classname="src.pymortests.vectorarray" file="src/pymortests/vectorarray.py" line="671" name="test_l2_norm2[0-&lt;lambda&gt;20]" time="0.05011892318725586"></testcase><testcase classname="src.pymortests.vectorarray" file="src/pymortests/vectorarray.py" line="671" name="test_l2_norm2[0-&lt;lambda&gt;21]" time="0.10461187362670898"></testcase><testcase classname="src.pymortests.vectorarray" file="src/pymortests/vectorarray.py" line="671" name="test_l2_norm2[0-&lt;lambda&gt;22]" time="0.005750894546508789"></testcase><testcase classname="src.pymortests.vectorarray" file="src/pymortests/vectorarray.py" line="671" name="test_l2_norm2[0-&lt;lambda&gt;23]" time="0.004542112350463867"></testcase><testcase classname="src.pymortests.vectorarray" file="src/pymortests/vectorarray.py" line="671" name="test_l2_norm2[0-&lt;lambda&gt;24]" time="0.016699790954589844"></testcase><testcase classname="src.pymortests.vectorarray" file="src/pymortests/vectorarray.py" line="671" name="test_l2_norm2[0-&lt;lambda&gt;25]" time="0.36035656929016113"></testcase><testcase classname="src.pymortests.vectorarray" file="src/pymortests/vectorarray.py" line="671" name="test_l2_norm2[0-&lt;lambda&gt;26]" time="0.8433353900909424"></testcase><testcase classname="src.pymortests.vectorarray" file="src/pymortests/vectorarray.py" line="671" name="test_l2_norm2[1-&lt;lambda&gt;0]" time="0.0062198638916015625"></testcase><testcase classname="src.pymortests.vectorarray" file="src/pymortests/vectorarray.py" line="671" name="test_l2_norm2[1-&lt;lambda&gt;1]" time="0.005006313323974609"></testcase><testcase classname="src.pymortests.vectorarray" file="src/pymortests/vectorarray.py" line="671" name="test_l2_norm2[1-&lt;lambda&gt;2]" time="0.005949497222900391"></testcase><testcase classname="src.pymortests.vectorarray" file="src/pymortests/vectorarray.py" line="671" name="test_l2_norm2[1-&lt;lambda&gt;3]" time="0.007491350173950195"></testcase><testcase classname="src.pymortests.vectorarray" file="src/pymortests/vectorarray.py" line="671" name="test_l2_norm2[1-&lt;lambda&gt;4]" time="0.007344484329223633"></testcase><testcase classname="src.pymortests.vectorarray" file="src/pymortests/vectorarray.py" line="671" name="test_l2_norm2[1-&lt;lambda&gt;5]" time="0.004415035247802734"></testcase><testcase classname="src.pymortests.vectorarray" file="src/pymortests/vectorarray.py" line="671" name="test_l2_norm2[1-&lt;lambda&gt;6]" time="0.00428318977355957"></testcase><testcase classname="src.pymortests.vectorarray" file="src/pymortests/vectorarray.py" line="671" name="test_l2_norm2[1-&lt;lambda&gt;7]" time="0.006858110427856445"></testcase><testcase classname="src.pymortests.vectorarray" file="src/pymortests/vectorarray.py" line="671" name="test_l2_norm2[1-&lt;lambda&gt;8]" time="0.026583194732666016"></testcase><testcase classname="src.pymortests.vectorarray" file="src/pymortests/vectorarray.py" line="671" name="test_l2_norm2[1-&lt;lambda&gt;9]" time="0.0506136417388916"></testcase><testcase classname="src.pymortests.vectorarray" file="src/pymortests/vectorarray.py" line="671" name="test_l2_norm2[1-&lt;lambda&gt;10]" time="0.00882267951965332"></testcase><testcase classname="src.pymortests.vectorarray" file="src/pymortests/vectorarray.py" line="671" name="test_l2_norm2[1-&lt;lambda&gt;11]" time="0.009412050247192383"></testcase><testcase classname="src.pymortests.vectorarray" file="src/pymortests/vectorarray.py" line="671" name="test_l2_norm2[1-&lt;lambda&gt;12]" time="0.011333942413330078"></testcase><testcase classname="src.pymortests.vectorarray" file="src/pymortests/vectorarray.py" line="671" name="test_l2_norm2[1-&lt;lambda&gt;13]" time="0.007508516311645508"></testcase><testcase classname="src.pymortests.vectorarray" file="src/pymortests/vectorarray.py" line="671" name="test_l2_norm2[1-&lt;lambda&gt;14]" time="0.009494781494140625"></testcase><testcase classname="src.pymortests.vectorarray" file="src/pymortests/vectorarray.py" line="671" name="test_l2_norm2[1-&lt;lambda&gt;15]" time="0.012993097305297852"></testcase><testcase classname="src.pymortests.vectorarray" file="src/pymortests/vectorarray.py" line="671" name="test_l2_norm2[1-&lt;lambda&gt;16]" time="0.01593327522277832"></testcase><testcase classname="src.pymortests.vectorarray" file="src/pymortests/vectorarray.py" line="671" name="test_l2_norm2[1-&lt;lambda&gt;17]" time="0.011037111282348633"></testcase><testcase classname="src.pymortests.vectorarray" file="src/pymortests/vectorarray.py" line="671" name="test_l2_norm2[1-&lt;lambda&gt;18]" time="0.009802818298339844"></testcase><testcase classname="src.pymortests.vectorarray" file="src/pymortests/vectorarray.py" line="671" name="test_l2_norm2[1-&lt;lambda&gt;19]" time="0.020346641540527344"></testcase><testcase classname="src.pymortests.vectorarray" file="src/pymortests/vectorarray.py" line="671" name="test_l2_norm2[1-&lt;lambda&gt;20]" time="0.05045151710510254"></testcase><testcase classname="src.pymortests.vectorarray" file="src/pymortests/vectorarray.py" line="671" name="test_l2_norm2[1-&lt;lambda&gt;21]" time="0.1026616096496582"></testcase><testcase classname="src.pymortests.vectorarray" file="src/pymortests/vectorarray.py" line="671" name="test_l2_norm2[1-&lt;lambda&gt;22]" time="0.005452632904052734"></testcase><testcase classname="src.pymortests.vectorarray" file="src/pymortests/vectorarray.py" line="671" name="test_l2_norm2[1-&lt;lambda&gt;23]" time="0.004509925842285156"></testcase><testcase classname="src.pymortests.vectorarray" file="src/pymortests/vectorarray.py" line="671" name="test_l2_norm2[1-&lt;lambda&gt;24]" time="0.017064809799194336"></testcase><testcase classname="src.pymortests.vectorarray" file="src/pymortests/vectorarray.py" line="671" name="test_l2_norm2[1-&lt;lambda&gt;25]" time="0.383333683013916"></testcase><testcase classname="src.pymortests.vectorarray" file="src/pymortests/vectorarray.py" line="671" name="test_l2_norm2[1-&lt;lambda&gt;26]" time="0.8949849605560303"></testcase><testcase classname="src.pymortests.vectorarray" file="src/pymortests/vectorarray.py" line="671" name="test_l2_norm2[2-&lt;lambda&gt;0]" time="0.006119489669799805"></testcase><testcase classname="src.pymortests.vectorarray" file="src/pymortests/vectorarray.py" line="671" name="test_l2_norm2[2-&lt;lambda&gt;1]" time="0.0049974918365478516"></testcase><testcase classname="src.pymortests.vectorarray" file="src/pymortests/vectorarray.py" line="671" name="test_l2_norm2[2-&lt;lambda&gt;2]" time="0.006033182144165039"></testcase><testcase classname="src.pymortests.vectorarray" file="src/pymortests/vectorarray.py" line="671" name="test_l2_norm2[2-&lt;lambda&gt;3]" time="0.0070459842681884766"></testcase><testcase classname="src.pymortests.vectorarray" file="src/pymortests/vectorarray.py" line="671" name="test_l2_norm2[2-&lt;lambda&gt;4]" time="0.007326602935791016"></testcase><testcase classname="src.pymortests.vectorarray" file="src/pymortests/vectorarray.py" line="671" name="test_l2_norm2[2-&lt;lambda&gt;5]" time="0.0044672489166259766"></testcase><testcase classname="src.pymortests.vectorarray" file="src/pymortests/vectorarray.py" line="671" name="test_l2_norm2[2-&lt;lambda&gt;6]" time="0.004466056823730469"></testcase><testcase classname="src.pymortests.vectorarray" file="src/pymortests/vectorarray.py" line="671" name="test_l2_norm2[2-&lt;lambda&gt;7]" time="0.0070383548736572266"></testcase><testcase classname="src.pymortests.vectorarray" file="src/pymortests/vectorarray.py" line="671" name="test_l2_norm2[2-&lt;lambda&gt;8]" time="0.026148080825805664"></testcase><testcase classname="src.pymortests.vectorarray" file="src/pymortests/vectorarray.py" line="671" name="test_l2_norm2[2-&lt;lambda&gt;9]" time="0.05055642127990723"></testcase><testcase classname="src.pymortests.vectorarray" file="src/pymortests/vectorarray.py" line="671" name="test_l2_norm2[2-&lt;lambda&gt;10]" time="0.008797645568847656"></testcase><testcase classname="src.pymortests.vectorarray" file="src/pymortests/vectorarray.py" line="671" name="test_l2_norm2[2-&lt;lambda&gt;11]" time="0.009362936019897461"></testcase><testcase classname="src.pymortests.vectorarray" file="src/pymortests/vectorarray.py" line="671" name="test_l2_norm2[2-&lt;lambda&gt;12]" time="0.009188652038574219"></testcase><testcase classname="src.pymortests.vectorarray" file="src/pymortests/vectorarray.py" line="671" name="test_l2_norm2[2-&lt;lambda&gt;13]" time="0.008192300796508789"></testcase><testcase classname="src.pymortests.vectorarray" file="src/pymortests/vectorarray.py" line="671" name="test_l2_norm2[2-&lt;lambda&gt;14]" time="0.009423494338989258"></testcase><testcase classname="src.pymortests.vectorarray" file="src/pymortests/vectorarray.py" line="671" name="test_l2_norm2[2-&lt;lambda&gt;15]" time="0.013069868087768555"></testcase><testcase classname="src.pymortests.vectorarray" file="src/pymortests/vectorarray.py" line="671" name="test_l2_norm2[2-&lt;lambda&gt;16]" time="0.015827178955078125"></testcase><testcase classname="src.pymortests.vectorarray" file="src/pymortests/vectorarray.py" line="671" name="test_l2_norm2[2-&lt;lambda&gt;17]" time="0.011040925979614258"></testcase><testcase classname="src.pymortests.vectorarray" file="src/pymortests/vectorarray.py" line="671" name="test_l2_norm2[2-&lt;lambda&gt;18]" time="0.00998234748840332"></testcase><testcase classname="src.pymortests.vectorarray" file="src/pymortests/vectorarray.py" line="671" name="test_l2_norm2[2-&lt;lambda&gt;19]" time="0.020040035247802734"></testcase><testcase classname="src.pymortests.vectorarray" file="src/pymortests/vectorarray.py" line="671" name="test_l2_norm2[2-&lt;lambda&gt;20]" time="0.05104565620422363"></testcase><testcase classname="src.pymortests.vectorarray" file="src/pymortests/vectorarray.py" line="671" name="test_l2_norm2[2-&lt;lambda&gt;21]" time="0.10303020477294922"></testcase><testcase classname="src.pymortests.vectorarray" file="src/pymortests/vectorarray.py" line="671" name="test_l2_norm2[2-&lt;lambda&gt;22]" time="0.005690336227416992"></testcase><testcase classname="src.pymortests.vectorarray" file="src/pymortests/vectorarray.py" line="671" name="test_l2_norm2[2-&lt;lambda&gt;23]" time="0.004727602005004883"></testcase><testcase classname="src.pymortests.vectorarray" file="src/pymortests/vectorarray.py" line="671" name="test_l2_norm2[2-&lt;lambda&gt;24]" time="0.01670670509338379"></testcase><testcase classname="src.pymortests.vectorarray" file="src/pymortests/vectorarray.py" line="671" name="test_l2_norm2[2-&lt;lambda&gt;25]" time="0.3809514045715332"></testcase><testcase classname="src.pymortests.vectorarray" file="src/pymortests/vectorarray.py" line="671" name="test_l2_norm2[2-&lt;lambda&gt;26]" time="0.8974161148071289"></testcase><testcase classname="src.pymortests.vectorarray" file="src/pymortests/vectorarray.py" line="693" name="test_sup_norm[0-&lt;lambda&gt;0]" time="0.004599809646606445"></testcase><testcase classname="src.pymortests.vectorarray" file="src/pymortests/vectorarray.py" line="693" name="test_sup_norm[0-&lt;lambda&gt;1]" time="0.005585193634033203"></testcase><testcase classname="src.pymortests.vectorarray" file="src/pymortests/vectorarray.py" line="693" name="test_sup_norm[0-&lt;lambda&gt;2]" time="0.006727933883666992"></testcase><testcase classname="src.pymortests.vectorarray" file="src/pymortests/vectorarray.py" line="693" name="test_sup_norm[0-&lt;lambda&gt;3]" time="0.007704257965087891"></testcase><testcase classname="src.pymortests.vectorarray" file="src/pymortests/vectorarray.py" line="693" name="test_sup_norm[0-&lt;lambda&gt;4]" time="0.006256818771362305"></testcase><testcase classname="src.pymortests.vectorarray" file="src/pymortests/vectorarray.py" line="693" name="test_sup_norm[0-&lt;lambda&gt;5]" time="0.003973245620727539"></testcase><testcase classname="src.pymortests.vectorarray" file="src/pymortests/vectorarray.py" line="693" name="test_sup_norm[0-&lt;lambda&gt;6]" time="0.0045130252838134766"></testcase><testcase classname="src.pymortests.vectorarray" file="src/pymortests/vectorarray.py" line="693" name="test_sup_norm[0-&lt;lambda&gt;7]" time="0.006815910339355469"></testcase><testcase classname="src.pymortests.vectorarray" file="src/pymortests/vectorarray.py" line="693" name="test_sup_norm[0-&lt;lambda&gt;8]" time="0.022818565368652344"></testcase><testcase classname="src.pymortests.vectorarray" file="src/pymortests/vectorarray.py" line="693" name="test_sup_norm[0-&lt;lambda&gt;9]" time="0.02511739730834961"></testcase><testcase classname="src.pymortests.vectorarray" file="src/pymortests/vectorarray.py" line="693" name="test_sup_norm[0-&lt;lambda&gt;10]" time="0.0084686279296875"></testcase><testcase classname="src.pymortests.vectorarray" file="src/pymortests/vectorarray.py" line="693" name="test_sup_norm[0-&lt;lambda&gt;11]" time="0.009739398956298828"></testcase><testcase classname="src.pymortests.vectorarray" file="src/pymortests/vectorarray.py" line="693" name="test_sup_norm[0-&lt;lambda&gt;12]" time="0.007546663284301758"></testcase><testcase classname="src.pymortests.vectorarray" file="src/pymortests/vectorarray.py" line="693" name="test_sup_norm[0-&lt;lambda&gt;13]" time="0.00808405876159668"></testcase><testcase classname="src.pymortests.vectorarray" file="src/pymortests/vectorarray.py" line="693" name="test_sup_norm[0-&lt;lambda&gt;14]" time="0.010138511657714844"></testcase><testcase classname="src.pymortests.vectorarray" file="src/pymortests/vectorarray.py" line="693" name="test_sup_norm[0-&lt;lambda&gt;15]" time="0.014230728149414062"></testcase><testcase classname="src.pymortests.vectorarray" file="src/pymortests/vectorarray.py" line="693" name="test_sup_norm[0-&lt;lambda&gt;16]" time="0.015429496765136719"></testcase><testcase classname="src.pymortests.vectorarray" file="src/pymortests/vectorarray.py" line="693" name="test_sup_norm[0-&lt;lambda&gt;17]" time="0.022222280502319336"></testcase><testcase classname="src.pymortests.vectorarray" file="src/pymortests/vectorarray.py" line="693" name="test_sup_norm[0-&lt;lambda&gt;18]" time="0.02233743667602539"></testcase><testcase classname="src.pymortests.vectorarray" file="src/pymortests/vectorarray.py" line="693" name="test_sup_norm[0-&lt;lambda&gt;19]" time="0.051213741302490234"></testcase><testcase classname="src.pymortests.vectorarray" file="src/pymortests/vectorarray.py" line="693" name="test_sup_norm[0-&lt;lambda&gt;20]" time="0.06396985054016113"></testcase><testcase classname="src.pymortests.vectorarray" file="src/pymortests/vectorarray.py" line="693" name="test_sup_norm[0-&lt;lambda&gt;21]" time="0.1257457733154297"></testcase><testcase classname="src.pymortests.vectorarray" file="src/pymortests/vectorarray.py" line="693" name="test_sup_norm[0-&lt;lambda&gt;22]" time="0.004812002182006836"></testcase><testcase classname="src.pymortests.vectorarray" file="src/pymortests/vectorarray.py" line="693" name="test_sup_norm[0-&lt;lambda&gt;23]" time="0.0053484439849853516"></testcase><testcase classname="src.pymortests.vectorarray" file="src/pymortests/vectorarray.py" line="693" name="test_sup_norm[0-&lt;lambda&gt;24]" time="0.021702289581298828"></testcase><testcase classname="src.pymortests.vectorarray" file="src/pymortests/vectorarray.py" line="693" name="test_sup_norm[0-&lt;lambda&gt;25]" time="0.3819434642791748"></testcase><testcase classname="src.pymortests.vectorarray" file="src/pymortests/vectorarray.py" line="693" name="test_sup_norm[0-&lt;lambda&gt;26]" time="0.8066036701202393"></testcase><testcase classname="src.pymortests.vectorarray" file="src/pymortests/vectorarray.py" line="693" name="test_sup_norm[1-&lt;lambda&gt;0]" time="0.005104780197143555"></testcase><testcase classname="src.pymortests.vectorarray" file="src/pymortests/vectorarray.py" line="693" name="test_sup_norm[1-&lt;lambda&gt;1]" time="0.0053102970123291016"></testcase><testcase classname="src.pymortests.vectorarray" file="src/pymortests/vectorarray.py" line="693" name="test_sup_norm[1-&lt;lambda&gt;2]" time="0.00630640983581543"></testcase><testcase classname="src.pymortests.vectorarray" file="src/pymortests/vectorarray.py" line="693" name="test_sup_norm[1-&lt;lambda&gt;3]" time="0.00734710693359375"></testcase><testcase classname="src.pymortests.vectorarray" file="src/pymortests/vectorarray.py" line="693" name="test_sup_norm[1-&lt;lambda&gt;4]" time="0.00579524040222168"></testcase><testcase classname="src.pymortests.vectorarray" file="src/pymortests/vectorarray.py" line="693" name="test_sup_norm[1-&lt;lambda&gt;5]" time="0.0037097930908203125"></testcase><testcase classname="src.pymortests.vectorarray" file="src/pymortests/vectorarray.py" line="693" name="test_sup_norm[1-&lt;lambda&gt;6]" time="0.004335165023803711"></testcase><testcase classname="src.pymortests.vectorarray" file="src/pymortests/vectorarray.py" line="693" name="test_sup_norm[1-&lt;lambda&gt;7]" time="0.00652313232421875"></testcase><testcase classname="src.pymortests.vectorarray" file="src/pymortests/vectorarray.py" line="693" name="test_sup_norm[1-&lt;lambda&gt;8]" time="0.023094892501831055"></testcase><testcase classname="src.pymortests.vectorarray" file="src/pymortests/vectorarray.py" line="693" name="test_sup_norm[1-&lt;lambda&gt;9]" time="0.02648138999938965"></testcase><testcase classname="src.pymortests.vectorarray" file="src/pymortests/vectorarray.py" line="693" name="test_sup_norm[1-&lt;lambda&gt;10]" time="0.009255409240722656"></testcase><testcase classname="src.pymortests.vectorarray" file="src/pymortests/vectorarray.py" line="693" name="test_sup_norm[1-&lt;lambda&gt;11]" time="0.009435653686523438"></testcase><testcase classname="src.pymortests.vectorarray" file="src/pymortests/vectorarray.py" line="693" name="test_sup_norm[1-&lt;lambda&gt;12]" time="0.007399320602416992"></testcase><testcase classname="src.pymortests.vectorarray" file="src/pymortests/vectorarray.py" line="693" name="test_sup_norm[1-&lt;lambda&gt;13]" time="0.007853269577026367"></testcase><testcase classname="src.pymortests.vectorarray" file="src/pymortests/vectorarray.py" line="693" name="test_sup_norm[1-&lt;lambda&gt;14]" time="0.009796380996704102"></testcase><testcase classname="src.pymortests.vectorarray" file="src/pymortests/vectorarray.py" line="693" name="test_sup_norm[1-&lt;lambda&gt;15]" time="0.016631126403808594"></testcase><testcase classname="src.pymortests.vectorarray" file="src/pymortests/vectorarray.py" line="693" name="test_sup_norm[1-&lt;lambda&gt;16]" time="0.01626133918762207"></testcase><testcase classname="src.pymortests.vectorarray" file="src/pymortests/vectorarray.py" line="693" name="test_sup_norm[1-&lt;lambda&gt;17]" time="0.02205681800842285"></testcase><testcase classname="src.pymortests.vectorarray" file="src/pymortests/vectorarray.py" line="693" name="test_sup_norm[1-&lt;lambda&gt;18]" time="0.02250504493713379"></testcase><testcase classname="src.pymortests.vectorarray" file="src/pymortests/vectorarray.py" line="693" name="test_sup_norm[1-&lt;lambda&gt;19]" time="0.04936647415161133"></testcase><testcase classname="src.pymortests.vectorarray" file="src/pymortests/vectorarray.py" line="693" name="test_sup_norm[1-&lt;lambda&gt;20]" time="0.06013894081115723"></testcase><testcase classname="src.pymortests.vectorarray" file="src/pymortests/vectorarray.py" line="693" name="test_sup_norm[1-&lt;lambda&gt;21]" time="0.11282110214233398"></testcase><testcase classname="src.pymortests.vectorarray" file="src/pymortests/vectorarray.py" line="693" name="test_sup_norm[1-&lt;lambda&gt;22]" time="0.00542759895324707"></testcase><testcase classname="src.pymortests.vectorarray" file="src/pymortests/vectorarray.py" line="693" name="test_sup_norm[1-&lt;lambda&gt;23]" time="0.005097389221191406"></testcase><testcase classname="src.pymortests.vectorarray" file="src/pymortests/vectorarray.py" line="693" name="test_sup_norm[1-&lt;lambda&gt;24]" time="0.019289731979370117"></testcase><testcase classname="src.pymortests.vectorarray" file="src/pymortests/vectorarray.py" line="693" name="test_sup_norm[1-&lt;lambda&gt;25]" time="0.40961766242980957"></testcase><testcase classname="src.pymortests.vectorarray" file="src/pymortests/vectorarray.py" line="693" name="test_sup_norm[1-&lt;lambda&gt;26]" time="0.8129482269287109"></testcase><testcase classname="src.pymortests.vectorarray" file="src/pymortests/vectorarray.py" line="693" name="test_sup_norm[2-&lt;lambda&gt;0]" time="0.005113363265991211"></testcase><testcase classname="src.pymortests.vectorarray" file="src/pymortests/vectorarray.py" line="693" name="test_sup_norm[2-&lt;lambda&gt;1]" time="0.0053310394287109375"></testcase><testcase classname="src.pymortests.vectorarray" file="src/pymortests/vectorarray.py" line="693" name="test_sup_norm[2-&lt;lambda&gt;2]" time="0.006372690200805664"></testcase><testcase classname="src.pymortests.vectorarray" file="src/pymortests/vectorarray.py" line="693" name="test_sup_norm[2-&lt;lambda&gt;3]" time="0.007305145263671875"></testcase><testcase classname="src.pymortests.vectorarray" file="src/pymortests/vectorarray.py" line="693" name="test_sup_norm[2-&lt;lambda&gt;4]" time="0.005834102630615234"></testcase><testcase classname="src.pymortests.vectorarray" file="src/pymortests/vectorarray.py" line="693" name="test_sup_norm[2-&lt;lambda&gt;5]" time="0.0037467479705810547"></testcase><testcase classname="src.pymortests.vectorarray" file="src/pymortests/vectorarray.py" line="693" name="test_sup_norm[2-&lt;lambda&gt;6]" time="0.004458189010620117"></testcase><testcase classname="src.pymortests.vectorarray" file="src/pymortests/vectorarray.py" line="693" name="test_sup_norm[2-&lt;lambda&gt;7]" time="0.006505250930786133"></testcase><testcase classname="src.pymortests.vectorarray" file="src/pymortests/vectorarray.py" line="693" name="test_sup_norm[2-&lt;lambda&gt;8]" time="0.022440195083618164"></testcase><testcase classname="src.pymortests.vectorarray" file="src/pymortests/vectorarray.py" line="693" name="test_sup_norm[2-&lt;lambda&gt;9]" time="0.025962352752685547"></testcase><testcase classname="src.pymortests.vectorarray" file="src/pymortests/vectorarray.py" line="693" name="test_sup_norm[2-&lt;lambda&gt;10]" time="0.009189128875732422"></testcase><testcase classname="src.pymortests.vectorarray" file="src/pymortests/vectorarray.py" line="693" name="test_sup_norm[2-&lt;lambda&gt;11]" time="0.010794639587402344"></testcase><testcase classname="src.pymortests.vectorarray" file="src/pymortests/vectorarray.py" line="693" name="test_sup_norm[2-&lt;lambda&gt;12]" time="0.007329225540161133"></testcase><testcase classname="src.pymortests.vectorarray" file="src/pymortests/vectorarray.py" line="693" name="test_sup_norm[2-&lt;lambda&gt;13]" time="0.007922887802124023"></testcase><testcase classname="src.pymortests.vectorarray" file="src/pymortests/vectorarray.py" line="693" name="test_sup_norm[2-&lt;lambda&gt;14]" time="0.009757757186889648"></testcase><testcase classname="src.pymortests.vectorarray" file="src/pymortests/vectorarray.py" line="693" name="test_sup_norm[2-&lt;lambda&gt;15]" time="0.01342153549194336"></testcase><testcase classname="src.pymortests.vectorarray" file="src/pymortests/vectorarray.py" line="693" name="test_sup_norm[2-&lt;lambda&gt;16]" time="0.015141963958740234"></testcase><testcase classname="src.pymortests.vectorarray" file="src/pymortests/vectorarray.py" line="693" name="test_sup_norm[2-&lt;lambda&gt;17]" time="0.022029399871826172"></testcase><testcase classname="src.pymortests.vectorarray" file="src/pymortests/vectorarray.py" line="693" name="test_sup_norm[2-&lt;lambda&gt;18]" time="0.02218484878540039"></testcase><testcase classname="src.pymortests.vectorarray" file="src/pymortests/vectorarray.py" line="693" name="test_sup_norm[2-&lt;lambda&gt;19]" time="0.0488283634185791"></testcase><testcase classname="src.pymortests.vectorarray" file="src/pymortests/vectorarray.py" line="693" name="test_sup_norm[2-&lt;lambda&gt;20]" time="0.059694766998291016"></testcase><testcase classname="src.pymortests.vectorarray" file="src/pymortests/vectorarray.py" line="693" name="test_sup_norm[2-&lt;lambda&gt;21]" time="0.11270332336425781"></testcase><testcase classname="src.pymortests.vectorarray" file="src/pymortests/vectorarray.py" line="693" name="test_sup_norm[2-&lt;lambda&gt;22]" time="0.005475044250488281"></testcase><testcase classname="src.pymortests.vectorarray" file="src/pymortests/vectorarray.py" line="693" name="test_sup_norm[2-&lt;lambda&gt;23]" time="0.005104541778564453"></testcase><testcase classname="src.pymortests.vectorarray" file="src/pymortests/vectorarray.py" line="693" name="test_sup_norm[2-&lt;lambda&gt;24]" time="0.01925373077392578"></testcase><testcase classname="src.pymortests.vectorarray" file="src/pymortests/vectorarray.py" line="693" name="test_sup_norm[2-&lt;lambda&gt;25]" time="0.39826464653015137"></testcase><testcase classname="src.pymortests.vectorarray" file="src/pymortests/vectorarray.py" line="693" name="test_sup_norm[2-&lt;lambda&gt;26]" time="0.8102736473083496"></testcase><testcase classname="src.pymortests.vectorarray" file="src/pymortests/vectorarray.py" line="716" name="test_dofs[0-&lt;lambda&gt;0]" time="0.0026030540466308594"></testcase><testcase classname="src.pymortests.vectorarray" file="src/pymortests/vectorarray.py" line="716" name="test_dofs[0-&lt;lambda&gt;1]" time="0.011388778686523438"></testcase><testcase classname="src.pymortests.vectorarray" file="src/pymortests/vectorarray.py" line="716" name="test_dofs[0-&lt;lambda&gt;2]" time="0.012510299682617188"></testcase><testcase classname="src.pymortests.vectorarray" file="src/pymortests/vectorarray.py" line="716" name="test_dofs[0-&lt;lambda&gt;3]" time="0.015404462814331055"></testcase><testcase classname="src.pymortests.vectorarray" file="src/pymortests/vectorarray.py" line="716" name="test_dofs[0-&lt;lambda&gt;4]" time="0.0038220882415771484"></testcase><testcase classname="src.pymortests.vectorarray" file="src/pymortests/vectorarray.py" line="716" name="test_dofs[0-&lt;lambda&gt;5]" time="0.0016467571258544922"></testcase><testcase classname="src.pymortests.vectorarray" file="src/pymortests/vectorarray.py" line="716" name="test_dofs[0-&lt;lambda&gt;6]" time="0.009252071380615234"></testcase><testcase classname="src.pymortests.vectorarray" file="src/pymortests/vectorarray.py" line="716" name="test_dofs[0-&lt;lambda&gt;7]" time="0.01391911506652832"></testcase><testcase classname="src.pymortests.vectorarray" file="src/pymortests/vectorarray.py" line="716" name="test_dofs[0-&lt;lambda&gt;8]" time="0.0590970516204834"></testcase><testcase classname="src.pymortests.vectorarray" file="src/pymortests/vectorarray.py" line="716" name="test_dofs[0-&lt;lambda&gt;9]" time="0.015017271041870117"></testcase><testcase classname="src.pymortests.vectorarray" file="src/pymortests/vectorarray.py" line="716" name="test_dofs[0-&lt;lambda&gt;10]" time="0.03338789939880371"></testcase><testcase classname="src.pymortests.vectorarray" file="src/pymortests/vectorarray.py" line="716" name="test_dofs[0-&lt;lambda&gt;11]" time="0.03831672668457031"></testcase><testcase classname="src.pymortests.vectorarray" file="src/pymortests/vectorarray.py" line="716" name="test_dofs[0-&lt;lambda&gt;12]" time="0.003855466842651367"></testcase><testcase classname="src.pymortests.vectorarray" file="src/pymortests/vectorarray.py" line="716" name="test_dofs[0-&lt;lambda&gt;13]" time="0.032889366149902344"></testcase><testcase classname="src.pymortests.vectorarray" file="src/pymortests/vectorarray.py" line="716" name="test_dofs[0-&lt;lambda&gt;14]" time="0.0381624698638916"></testcase><testcase classname="src.pymortests.vectorarray" file="src/pymortests/vectorarray.py" line="716" name="test_dofs[0-&lt;lambda&gt;15]" time="0.047624826431274414"></testcase><testcase classname="src.pymortests.vectorarray" file="src/pymortests/vectorarray.py" line="716" name="test_dofs[0-&lt;lambda&gt;16]" time="0.05461287498474121"></testcase><testcase classname="src.pymortests.vectorarray" file="src/pymortests/vectorarray.py" line="716" name="test_dofs[0-&lt;lambda&gt;17]" time="0.05347752571105957"></testcase><testcase classname="src.pymortests.vectorarray" file="src/pymortests/vectorarray.py" line="716" name="test_dofs[0-&lt;lambda&gt;18]" time="0.05409359931945801"></testcase><testcase classname="src.pymortests.vectorarray" file="src/pymortests/vectorarray.py" line="716" name="test_dofs[0-&lt;lambda&gt;19]" time="0.12011313438415527"></testcase><testcase classname="src.pymortests.vectorarray" file="src/pymortests/vectorarray.py" line="716" name="test_dofs[0-&lt;lambda&gt;20]" time="0.5252506732940674"></testcase><testcase classname="src.pymortests.vectorarray" file="src/pymortests/vectorarray.py" line="716" name="test_dofs[0-&lt;lambda&gt;21]" time="1.1445817947387695"></testcase><testcase classname="src.pymortests.vectorarray" file="src/pymortests/vectorarray.py" line="716" name="test_dofs[0-&lt;lambda&gt;22]" time="0.0025446414947509766"></testcase><testcase classname="src.pymortests.vectorarray" file="src/pymortests/vectorarray.py" line="716" name="test_dofs[0-&lt;lambda&gt;23]" time="0.011756420135498047"></testcase><testcase classname="src.pymortests.vectorarray" file="src/pymortests/vectorarray.py" line="716" name="test_dofs[0-&lt;lambda&gt;24]" time="0.10710000991821289"></testcase><testcase classname="src.pymortests.vectorarray" file="src/pymortests/vectorarray.py" line="716" name="test_dofs[0-&lt;lambda&gt;25]" time="3.131716012954712"></testcase><testcase classname="src.pymortests.vectorarray" file="src/pymortests/vectorarray.py" line="716" name="test_dofs[0-&lt;lambda&gt;26]" time="0.7337398529052734"></testcase><testcase classname="src.pymortests.vectorarray" file="src/pymortests/vectorarray.py" line="716" name="test_dofs[1-&lt;lambda&gt;0]" time="0.0027039051055908203"></testcase><testcase classname="src.pymortests.vectorarray" file="src/pymortests/vectorarray.py" line="716" name="test_dofs[1-&lt;lambda&gt;1]" time="0.011286020278930664"></testcase><testcase classname="src.pymortests.vectorarray" file="src/pymortests/vectorarray.py" line="716" name="test_dofs[1-&lt;lambda&gt;2]" time="0.01367950439453125"></testcase><testcase classname="src.pymortests.vectorarray" file="src/pymortests/vectorarray.py" line="716" name="test_dofs[1-&lt;lambda&gt;3]" time="0.015283823013305664"></testcase><testcase classname="src.pymortests.vectorarray" file="src/pymortests/vectorarray.py" line="716" name="test_dofs[1-&lt;lambda&gt;4]" time="0.003916501998901367"></testcase><testcase classname="src.pymortests.vectorarray" file="src/pymortests/vectorarray.py" line="716" name="test_dofs[1-&lt;lambda&gt;5]" time="0.0016045570373535156"></testcase><testcase classname="src.pymortests.vectorarray" file="src/pymortests/vectorarray.py" line="716" name="test_dofs[1-&lt;lambda&gt;6]" time="0.009083986282348633"></testcase><testcase classname="src.pymortests.vectorarray" file="src/pymortests/vectorarray.py" line="716" name="test_dofs[1-&lt;lambda&gt;7]" time="0.013873815536499023"></testcase><testcase classname="src.pymortests.vectorarray" file="src/pymortests/vectorarray.py" line="716" name="test_dofs[1-&lt;lambda&gt;8]" time="0.05916762351989746"></testcase><testcase classname="src.pymortests.vectorarray" file="src/pymortests/vectorarray.py" line="716" name="test_dofs[1-&lt;lambda&gt;9]" time="0.01515650749206543"></testcase><testcase classname="src.pymortests.vectorarray" file="src/pymortests/vectorarray.py" line="716" name="test_dofs[1-&lt;lambda&gt;10]" time="0.03308272361755371"></testcase><testcase classname="src.pymortests.vectorarray" file="src/pymortests/vectorarray.py" line="716" name="test_dofs[1-&lt;lambda&gt;11]" time="0.0386044979095459"></testcase><testcase classname="src.pymortests.vectorarray" file="src/pymortests/vectorarray.py" line="716" name="test_dofs[1-&lt;lambda&gt;12]" time="0.003973722457885742"></testcase><testcase classname="src.pymortests.vectorarray" file="src/pymortests/vectorarray.py" line="716" name="test_dofs[1-&lt;lambda&gt;13]" time="0.033107757568359375"></testcase><testcase classname="src.pymortests.vectorarray" file="src/pymortests/vectorarray.py" line="716" name="test_dofs[1-&lt;lambda&gt;14]" time="0.03864145278930664"></testcase><testcase classname="src.pymortests.vectorarray" file="src/pymortests/vectorarray.py" line="716" name="test_dofs[1-&lt;lambda&gt;15]" time="0.04891347885131836"></testcase><testcase classname="src.pymortests.vectorarray" file="src/pymortests/vectorarray.py" line="716" name="test_dofs[1-&lt;lambda&gt;16]" time="0.05825090408325195"></testcase><testcase classname="src.pymortests.vectorarray" file="src/pymortests/vectorarray.py" line="716" name="test_dofs[1-&lt;lambda&gt;17]" time="0.05443382263183594"></testcase><testcase classname="src.pymortests.vectorarray" file="src/pymortests/vectorarray.py" line="716" name="test_dofs[1-&lt;lambda&gt;18]" time="0.05469226837158203"></testcase><testcase classname="src.pymortests.vectorarray" file="src/pymortests/vectorarray.py" line="716" name="test_dofs[1-&lt;lambda&gt;19]" time="0.12150001525878906"></testcase><testcase classname="src.pymortests.vectorarray" file="src/pymortests/vectorarray.py" line="716" name="test_dofs[1-&lt;lambda&gt;20]" time="0.5253751277923584"></testcase><testcase classname="src.pymortests.vectorarray" file="src/pymortests/vectorarray.py" line="716" name="test_dofs[1-&lt;lambda&gt;21]" time="1.1398406028747559"></testcase><testcase classname="src.pymortests.vectorarray" file="src/pymortests/vectorarray.py" line="716" name="test_dofs[1-&lt;lambda&gt;22]" time="0.002585172653198242"></testcase><testcase classname="src.pymortests.vectorarray" file="src/pymortests/vectorarray.py" line="716" name="test_dofs[1-&lt;lambda&gt;23]" time="0.011608600616455078"></testcase><testcase classname="src.pymortests.vectorarray" file="src/pymortests/vectorarray.py" line="716" name="test_dofs[1-&lt;lambda&gt;24]" time="0.11244058609008789"></testcase><testcase classname="src.pymortests.vectorarray" file="src/pymortests/vectorarray.py" line="716" name="test_dofs[1-&lt;lambda&gt;25]" time="3.1337313652038574"></testcase><testcase classname="src.pymortests.vectorarray" file="src/pymortests/vectorarray.py" line="716" name="test_dofs[1-&lt;lambda&gt;26]" time="0.7339475154876709"></testcase><testcase classname="src.pymortests.vectorarray" file="src/pymortests/vectorarray.py" line="716" name="test_dofs[2-&lt;lambda&gt;0]" time="0.0026564598083496094"></testcase><testcase classname="src.pymortests.vectorarray" file="src/pymortests/vectorarray.py" line="716" name="test_dofs[2-&lt;lambda&gt;1]" time="0.011199235916137695"></testcase><testcase classname="src.pymortests.vectorarray" file="src/pymortests/vectorarray.py" line="716" name="test_dofs[2-&lt;lambda&gt;2]" time="0.012855052947998047"></testcase><testcase classname="src.pymortests.vectorarray" file="src/pymortests/vectorarray.py" line="716" name="test_dofs[2-&lt;lambda&gt;3]" time="0.015325307846069336"></testcase><testcase classname="src.pymortests.vectorarray" file="src/pymortests/vectorarray.py" line="716" name="test_dofs[2-&lt;lambda&gt;4]" time="0.0031147003173828125"></testcase><testcase classname="src.pymortests.vectorarray" file="src/pymortests/vectorarray.py" line="716" name="test_dofs[2-&lt;lambda&gt;5]" time="0.0016665458679199219"></testcase><testcase classname="src.pymortests.vectorarray" file="src/pymortests/vectorarray.py" line="716" name="test_dofs[2-&lt;lambda&gt;6]" time="0.009221076965332031"></testcase><testcase classname="src.pymortests.vectorarray" file="src/pymortests/vectorarray.py" line="716" name="test_dofs[2-&lt;lambda&gt;7]" time="0.016944408416748047"></testcase><testcase classname="src.pymortests.vectorarray" file="src/pymortests/vectorarray.py" line="716" name="test_dofs[2-&lt;lambda&gt;8]" time="0.058882951736450195"></testcase><testcase classname="src.pymortests.vectorarray" file="src/pymortests/vectorarray.py" line="716" name="test_dofs[2-&lt;lambda&gt;9]" time="0.015230655670166016"></testcase><testcase classname="src.pymortests.vectorarray" file="src/pymortests/vectorarray.py" line="716" name="test_dofs[2-&lt;lambda&gt;10]" time="0.033408164978027344"></testcase><testcase classname="src.pymortests.vectorarray" file="src/pymortests/vectorarray.py" line="716" name="test_dofs[2-&lt;lambda&gt;11]" time="0.038594722747802734"></testcase><testcase classname="src.pymortests.vectorarray" file="src/pymortests/vectorarray.py" line="716" name="test_dofs[2-&lt;lambda&gt;12]" time="0.0039653778076171875"></testcase><testcase classname="src.pymortests.vectorarray" file="src/pymortests/vectorarray.py" line="716" name="test_dofs[2-&lt;lambda&gt;13]" time="0.03380990028381348"></testcase><testcase classname="src.pymortests.vectorarray" file="src/pymortests/vectorarray.py" line="716" name="test_dofs[2-&lt;lambda&gt;14]" time="0.039032936096191406"></testcase><testcase classname="src.pymortests.vectorarray" file="src/pymortests/vectorarray.py" line="716" name="test_dofs[2-&lt;lambda&gt;15]" time="0.0483701229095459"></testcase><testcase classname="src.pymortests.vectorarray" file="src/pymortests/vectorarray.py" line="716" name="test_dofs[2-&lt;lambda&gt;16]" time="0.05556893348693848"></testcase><testcase classname="src.pymortests.vectorarray" file="src/pymortests/vectorarray.py" line="716" name="test_dofs[2-&lt;lambda&gt;17]" time="0.0547335147857666"></testcase><testcase classname="src.pymortests.vectorarray" file="src/pymortests/vectorarray.py" line="716" name="test_dofs[2-&lt;lambda&gt;18]" time="0.0547642707824707"></testcase><testcase classname="src.pymortests.vectorarray" file="src/pymortests/vectorarray.py" line="716" name="test_dofs[2-&lt;lambda&gt;19]" time="0.12137317657470703"></testcase><testcase classname="src.pymortests.vectorarray" file="src/pymortests/vectorarray.py" line="716" name="test_dofs[2-&lt;lambda&gt;20]" time="0.536088228225708"></testcase><testcase classname="src.pymortests.vectorarray" file="src/pymortests/vectorarray.py" line="716" name="test_dofs[2-&lt;lambda&gt;21]" time="1.148942232131958"></testcase><testcase classname="src.pymortests.vectorarray" file="src/pymortests/vectorarray.py" line="716" name="test_dofs[2-&lt;lambda&gt;22]" time="0.002585172653198242"></testcase><testcase classname="src.pymortests.vectorarray" file="src/pymortests/vectorarray.py" line="716" name="test_dofs[2-&lt;lambda&gt;23]" time="0.011562108993530273"></testcase><testcase classname="src.pymortests.vectorarray" file="src/pymortests/vectorarray.py" line="716" name="test_dofs[2-&lt;lambda&gt;24]" time="0.10882687568664551"></testcase><testcase classname="src.pymortests.vectorarray" file="src/pymortests/vectorarray.py" line="716" name="test_dofs[2-&lt;lambda&gt;25]" time="3.143463134765625"></testcase><testcase classname="src.pymortests.vectorarray" file="src/pymortests/vectorarray.py" line="716" name="test_dofs[2-&lt;lambda&gt;26]" time="0.7394013404846191"></testcase><testcase classname="src.pymortests.vectorarray" file="src/pymortests/vectorarray.py" line="752" name="test_components_wrong_dof_indices[0-&lt;lambda&gt;0]" time="0.003366708755493164"></testcase><testcase classname="src.pymortests.vectorarray" file="src/pymortests/vectorarray.py" line="752" name="test_components_wrong_dof_indices[0-&lt;lambda&gt;1]" time="0.002580404281616211"></testcase><testcase classname="src.pymortests.vectorarray" file="src/pymortests/vectorarray.py" line="752" name="test_components_wrong_dof_indices[0-&lt;lambda&gt;2]" time="0.0028543472290039062"></testcase><testcase classname="src.pymortests.vectorarray" file="src/pymortests/vectorarray.py" line="752" name="test_components_wrong_dof_indices[0-&lt;lambda&gt;3]" time="0.0033330917358398438"></testcase><testcase classname="src.pymortests.vectorarray" file="src/pymortests/vectorarray.py" line="752" name="test_components_wrong_dof_indices[0-&lt;lambda&gt;4]" time="0.0037631988525390625"></testcase><testcase classname="src.pymortests.vectorarray" file="src/pymortests/vectorarray.py" line="752" name="test_components_wrong_dof_indices[0-&lt;lambda&gt;5]" time="0.0025451183319091797"></testcase><testcase classname="src.pymortests.vectorarray" file="src/pymortests/vectorarray.py" line="752" name="test_components_wrong_dof_indices[0-&lt;lambda&gt;6]" time="0.0024170875549316406"></testcase><testcase classname="src.pymortests.vectorarray" file="src/pymortests/vectorarray.py" line="752" name="test_components_wrong_dof_indices[0-&lt;lambda&gt;7]" time="0.0028181076049804688"></testcase><testcase classname="src.pymortests.vectorarray" file="src/pymortests/vectorarray.py" line="752" name="test_components_wrong_dof_indices[0-&lt;lambda&gt;8]" time="0.0034706592559814453"></testcase><testcase classname="src.pymortests.vectorarray" file="src/pymortests/vectorarray.py" line="752" name="test_components_wrong_dof_indices[0-&lt;lambda&gt;9]" time="0.004424333572387695"></testcase><testcase classname="src.pymortests.vectorarray" file="src/pymortests/vectorarray.py" line="752" name="test_components_wrong_dof_indices[0-&lt;lambda&gt;10]" time="0.003989219665527344"></testcase><testcase classname="src.pymortests.vectorarray" file="src/pymortests/vectorarray.py" line="752" name="test_components_wrong_dof_indices[0-&lt;lambda&gt;11]" time="0.004938364028930664"></testcase><testcase classname="src.pymortests.vectorarray" file="src/pymortests/vectorarray.py" line="752" name="test_components_wrong_dof_indices[0-&lt;lambda&gt;12]" time="0.004859209060668945"></testcase><testcase classname="src.pymortests.vectorarray" file="src/pymortests/vectorarray.py" line="752" name="test_components_wrong_dof_indices[0-&lt;lambda&gt;13]" time="0.004426479339599609"></testcase><testcase classname="src.pymortests.vectorarray" file="src/pymortests/vectorarray.py" line="752" name="test_components_wrong_dof_indices[0-&lt;lambda&gt;14]" time="0.0048906803131103516"></testcase><testcase classname="src.pymortests.vectorarray" file="src/pymortests/vectorarray.py" line="752" name="test_components_wrong_dof_indices[0-&lt;lambda&gt;15]" time="0.006707668304443359"></testcase><testcase classname="src.pymortests.vectorarray" file="src/pymortests/vectorarray.py" line="752" name="test_components_wrong_dof_indices[0-&lt;lambda&gt;16]" time="0.008256912231445312"></testcase><testcase classname="src.pymortests.vectorarray" file="src/pymortests/vectorarray.py" line="752" name="test_components_wrong_dof_indices[0-&lt;lambda&gt;17]" time="0.007791757583618164"></testcase><testcase classname="src.pymortests.vectorarray" file="src/pymortests/vectorarray.py" line="752" name="test_components_wrong_dof_indices[0-&lt;lambda&gt;18]" time="0.007660865783691406"></testcase><testcase classname="src.pymortests.vectorarray" file="src/pymortests/vectorarray.py" line="752" name="test_components_wrong_dof_indices[0-&lt;lambda&gt;19]" time="0.013278722763061523"></testcase><testcase classname="src.pymortests.vectorarray" file="src/pymortests/vectorarray.py" line="752" name="test_components_wrong_dof_indices[0-&lt;lambda&gt;20]" time="0.01440572738647461"></testcase><testcase classname="src.pymortests.vectorarray" file="src/pymortests/vectorarray.py" line="752" name="test_components_wrong_dof_indices[0-&lt;lambda&gt;21]" time="0.025691747665405273"></testcase><testcase classname="src.pymortests.vectorarray" file="src/pymortests/vectorarray.py" line="752" name="test_components_wrong_dof_indices[0-&lt;lambda&gt;22]" time="0.003583192825317383"></testcase><testcase classname="src.pymortests.vectorarray" file="src/pymortests/vectorarray.py" line="752" name="test_components_wrong_dof_indices[0-&lt;lambda&gt;23]" time="0.0026650428771972656"></testcase><testcase classname="src.pymortests.vectorarray" file="src/pymortests/vectorarray.py" line="752" name="test_components_wrong_dof_indices[0-&lt;lambda&gt;24]" time="0.00432586669921875"></testcase><testcase classname="src.pymortests.vectorarray" file="src/pymortests/vectorarray.py" line="752" name="test_components_wrong_dof_indices[0-&lt;lambda&gt;25]" time="0.02570486068725586"></testcase><testcase classname="src.pymortests.vectorarray" file="src/pymortests/vectorarray.py" line="752" name="test_components_wrong_dof_indices[0-&lt;lambda&gt;26]" time="0.05633997917175293"></testcase><testcase classname="src.pymortests.vectorarray" file="src/pymortests/vectorarray.py" line="752" name="test_components_wrong_dof_indices[1-&lt;lambda&gt;0]" time="0.003495931625366211"></testcase><testcase classname="src.pymortests.vectorarray" file="src/pymortests/vectorarray.py" line="752" name="test_components_wrong_dof_indices[1-&lt;lambda&gt;1]" time="0.0024566650390625"></testcase><testcase classname="src.pymortests.vectorarray" file="src/pymortests/vectorarray.py" line="752" name="test_components_wrong_dof_indices[1-&lt;lambda&gt;2]" time="0.0028536319732666016"></testcase><testcase classname="src.pymortests.vectorarray" file="src/pymortests/vectorarray.py" line="752" name="test_components_wrong_dof_indices[1-&lt;lambda&gt;3]" time="0.0032639503479003906"></testcase><testcase classname="src.pymortests.vectorarray" file="src/pymortests/vectorarray.py" line="752" name="test_components_wrong_dof_indices[1-&lt;lambda&gt;4]" time="0.003960609436035156"></testcase><testcase classname="src.pymortests.vectorarray" file="src/pymortests/vectorarray.py" line="752" name="test_components_wrong_dof_indices[1-&lt;lambda&gt;5]" time="0.0024116039276123047"></testcase><testcase classname="src.pymortests.vectorarray" file="src/pymortests/vectorarray.py" line="752" name="test_components_wrong_dof_indices[1-&lt;lambda&gt;6]" time="0.002331972122192383"></testcase><testcase classname="src.pymortests.vectorarray" file="src/pymortests/vectorarray.py" line="752" name="test_components_wrong_dof_indices[1-&lt;lambda&gt;7]" time="0.002785205841064453"></testcase><testcase classname="src.pymortests.vectorarray" file="src/pymortests/vectorarray.py" line="752" name="test_components_wrong_dof_indices[1-&lt;lambda&gt;8]" time="0.0035903453826904297"></testcase><testcase classname="src.pymortests.vectorarray" file="src/pymortests/vectorarray.py" line="752" name="test_components_wrong_dof_indices[1-&lt;lambda&gt;9]" time="0.004957437515258789"></testcase><testcase classname="src.pymortests.vectorarray" file="src/pymortests/vectorarray.py" line="752" name="test_components_wrong_dof_indices[1-&lt;lambda&gt;10]" time="0.004167079925537109"></testcase><testcase classname="src.pymortests.vectorarray" file="src/pymortests/vectorarray.py" line="752" name="test_components_wrong_dof_indices[1-&lt;lambda&gt;11]" time="0.005120515823364258"></testcase><testcase classname="src.pymortests.vectorarray" file="src/pymortests/vectorarray.py" line="752" name="test_components_wrong_dof_indices[1-&lt;lambda&gt;12]" time="0.00504612922668457"></testcase><testcase classname="src.pymortests.vectorarray" file="src/pymortests/vectorarray.py" line="752" name="test_components_wrong_dof_indices[1-&lt;lambda&gt;13]" time="0.00441431999206543"></testcase><testcase classname="src.pymortests.vectorarray" file="src/pymortests/vectorarray.py" line="752" name="test_components_wrong_dof_indices[1-&lt;lambda&gt;14]" time="0.004984617233276367"></testcase><testcase classname="src.pymortests.vectorarray" file="src/pymortests/vectorarray.py" line="752" name="test_components_wrong_dof_indices[1-&lt;lambda&gt;15]" time="0.006815910339355469"></testcase><testcase classname="src.pymortests.vectorarray" file="src/pymortests/vectorarray.py" line="752" name="test_components_wrong_dof_indices[1-&lt;lambda&gt;16]" time="0.008538007736206055"></testcase><testcase classname="src.pymortests.vectorarray" file="src/pymortests/vectorarray.py" line="752" name="test_components_wrong_dof_indices[1-&lt;lambda&gt;17]" time="0.008122444152832031"></testcase><testcase classname="src.pymortests.vectorarray" file="src/pymortests/vectorarray.py" line="752" name="test_components_wrong_dof_indices[1-&lt;lambda&gt;18]" time="0.007869720458984375"></testcase><testcase classname="src.pymortests.vectorarray" file="src/pymortests/vectorarray.py" line="752" name="test_components_wrong_dof_indices[1-&lt;lambda&gt;19]" time="0.013474702835083008"></testcase><testcase classname="src.pymortests.vectorarray" file="src/pymortests/vectorarray.py" line="752" name="test_components_wrong_dof_indices[1-&lt;lambda&gt;20]" time="0.01578211784362793"></testcase><testcase classname="src.pymortests.vectorarray" file="src/pymortests/vectorarray.py" line="752" name="test_components_wrong_dof_indices[1-&lt;lambda&gt;21]" time="0.02695441246032715"></testcase><testcase classname="src.pymortests.vectorarray" file="src/pymortests/vectorarray.py" line="752" name="test_components_wrong_dof_indices[1-&lt;lambda&gt;22]" time="0.003595113754272461"></testcase><testcase classname="src.pymortests.vectorarray" file="src/pymortests/vectorarray.py" line="752" name="test_components_wrong_dof_indices[1-&lt;lambda&gt;23]" time="0.0027463436126708984"></testcase><testcase classname="src.pymortests.vectorarray" file="src/pymortests/vectorarray.py" line="752" name="test_components_wrong_dof_indices[1-&lt;lambda&gt;24]" time="0.005126237869262695"></testcase><testcase classname="src.pymortests.vectorarray" file="src/pymortests/vectorarray.py" line="752" name="test_components_wrong_dof_indices[1-&lt;lambda&gt;25]" time="0.02820754051208496"></testcase><testcase classname="src.pymortests.vectorarray" file="src/pymortests/vectorarray.py" line="752" name="test_components_wrong_dof_indices[1-&lt;lambda&gt;26]" time="0.061631202697753906"></testcase><testcase classname="src.pymortests.vectorarray" file="src/pymortests/vectorarray.py" line="752" name="test_components_wrong_dof_indices[2-&lt;lambda&gt;0]" time="0.003434419631958008"></testcase><testcase classname="src.pymortests.vectorarray" file="src/pymortests/vectorarray.py" line="752" name="test_components_wrong_dof_indices[2-&lt;lambda&gt;1]" time="0.002405405044555664"></testcase><testcase classname="src.pymortests.vectorarray" file="src/pymortests/vectorarray.py" line="752" name="test_components_wrong_dof_indices[2-&lt;lambda&gt;2]" time="0.002758026123046875"></testcase><testcase classname="src.pymortests.vectorarray" file="src/pymortests/vectorarray.py" line="752" name="test_components_wrong_dof_indices[2-&lt;lambda&gt;3]" time="0.0033044815063476562"></testcase><testcase classname="src.pymortests.vectorarray" file="src/pymortests/vectorarray.py" line="752" name="test_components_wrong_dof_indices[2-&lt;lambda&gt;4]" time="0.003714323043823242"></testcase><testcase classname="src.pymortests.vectorarray" file="src/pymortests/vectorarray.py" line="752" name="test_components_wrong_dof_indices[2-&lt;lambda&gt;5]" time="0.0024192333221435547"></testcase><testcase classname="src.pymortests.vectorarray" file="src/pymortests/vectorarray.py" line="752" name="test_components_wrong_dof_indices[2-&lt;lambda&gt;6]" time="0.0023148059844970703"></testcase><testcase classname="src.pymortests.vectorarray" file="src/pymortests/vectorarray.py" line="752" name="test_components_wrong_dof_indices[2-&lt;lambda&gt;7]" time="0.002759695053100586"></testcase><testcase classname="src.pymortests.vectorarray" file="src/pymortests/vectorarray.py" line="752" name="test_components_wrong_dof_indices[2-&lt;lambda&gt;8]" time="0.0035622119903564453"></testcase><testcase classname="src.pymortests.vectorarray" file="src/pymortests/vectorarray.py" line="752" name="test_components_wrong_dof_indices[2-&lt;lambda&gt;9]" time="0.0046923160552978516"></testcase><testcase classname="src.pymortests.vectorarray" file="src/pymortests/vectorarray.py" line="752" name="test_components_wrong_dof_indices[2-&lt;lambda&gt;10]" time="0.004063844680786133"></testcase><testcase classname="src.pymortests.vectorarray" file="src/pymortests/vectorarray.py" line="752" name="test_components_wrong_dof_indices[2-&lt;lambda&gt;11]" time="0.004777193069458008"></testcase><testcase classname="src.pymortests.vectorarray" file="src/pymortests/vectorarray.py" line="752" name="test_components_wrong_dof_indices[2-&lt;lambda&gt;12]" time="0.004750251770019531"></testcase><testcase classname="src.pymortests.vectorarray" file="src/pymortests/vectorarray.py" line="752" name="test_components_wrong_dof_indices[2-&lt;lambda&gt;13]" time="0.004162311553955078"></testcase><testcase classname="src.pymortests.vectorarray" file="src/pymortests/vectorarray.py" line="752" name="test_components_wrong_dof_indices[2-&lt;lambda&gt;14]" time="0.004783153533935547"></testcase><testcase classname="src.pymortests.vectorarray" file="src/pymortests/vectorarray.py" line="752" name="test_components_wrong_dof_indices[2-&lt;lambda&gt;15]" time="0.006673336029052734"></testcase><testcase classname="src.pymortests.vectorarray" file="src/pymortests/vectorarray.py" line="752" name="test_components_wrong_dof_indices[2-&lt;lambda&gt;16]" time="0.008296012878417969"></testcase><testcase classname="src.pymortests.vectorarray" file="src/pymortests/vectorarray.py" line="752" name="test_components_wrong_dof_indices[2-&lt;lambda&gt;17]" time="0.00791621208190918"></testcase><testcase classname="src.pymortests.vectorarray" file="src/pymortests/vectorarray.py" line="752" name="test_components_wrong_dof_indices[2-&lt;lambda&gt;18]" time="0.0078067779541015625"></testcase><testcase classname="src.pymortests.vectorarray" file="src/pymortests/vectorarray.py" line="752" name="test_components_wrong_dof_indices[2-&lt;lambda&gt;19]" time="0.013549566268920898"></testcase><testcase classname="src.pymortests.vectorarray" file="src/pymortests/vectorarray.py" line="752" name="test_components_wrong_dof_indices[2-&lt;lambda&gt;20]" time="0.01487588882446289"></testcase><testcase classname="src.pymortests.vectorarray" file="src/pymortests/vectorarray.py" line="752" name="test_components_wrong_dof_indices[2-&lt;lambda&gt;21]" time="0.026202917098999023"></testcase><testcase classname="src.pymortests.vectorarray" file="src/pymortests/vectorarray.py" line="752" name="test_components_wrong_dof_indices[2-&lt;lambda&gt;22]" time="0.003523111343383789"></testcase><testcase classname="src.pymortests.vectorarray" file="src/pymortests/vectorarray.py" line="752" name="test_components_wrong_dof_indices[2-&lt;lambda&gt;23]" time="0.002643585205078125"></testcase><testcase classname="src.pymortests.vectorarray" file="src/pymortests/vectorarray.py" line="752" name="test_components_wrong_dof_indices[2-&lt;lambda&gt;24]" time="0.005202054977416992"></testcase><testcase classname="src.pymortests.vectorarray" file="src/pymortests/vectorarray.py" line="752" name="test_components_wrong_dof_indices[2-&lt;lambda&gt;25]" time="0.027980327606201172"></testcase><testcase classname="src.pymortests.vectorarray" file="src/pymortests/vectorarray.py" line="752" name="test_components_wrong_dof_indices[2-&lt;lambda&gt;26]" time="0.058100223541259766"></testcase><testcase classname="src.pymortests.vectorarray" file="src/pymortests/vectorarray.py" line="766" name="test_amax[0-&lt;lambda&gt;0]" time="0.0016281604766845703"></testcase><testcase classname="src.pymortests.vectorarray" file="src/pymortests/vectorarray.py" line="766" name="test_amax[0-&lt;lambda&gt;1]" time="0.0023844242095947266"></testcase><testcase classname="src.pymortests.vectorarray" file="src/pymortests/vectorarray.py" line="766" name="test_amax[0-&lt;lambda&gt;2]" time="0.0055980682373046875"></testcase><testcase classname="src.pymortests.vectorarray" file="src/pymortests/vectorarray.py" line="766" name="test_amax[0-&lt;lambda&gt;3]" time="0.029552936553955078"></testcase><testcase classname="src.pymortests.vectorarray" file="src/pymortests/vectorarray.py" line="766" name="test_amax[0-&lt;lambda&gt;4]" time="0.0016150474548339844"></testcase><testcase classname="src.pymortests.vectorarray" file="src/pymortests/vectorarray.py" line="766" name="test_amax[0-&lt;lambda&gt;5]" time="0.0013208389282226562"></testcase><testcase classname="src.pymortests.vectorarray" file="src/pymortests/vectorarray.py" line="766" name="test_amax[0-&lt;lambda&gt;6]" time="0.0022118091583251953"></testcase><testcase classname="src.pymortests.vectorarray" file="src/pymortests/vectorarray.py" line="766" name="test_amax[0-&lt;lambda&gt;7]" time="0.005900382995605469"></testcase><testcase classname="src.pymortests.vectorarray" file="src/pymortests/vectorarray.py" line="766" name="test_amax[0-&lt;lambda&gt;8]" time="0.03182244300842285"></testcase><testcase classname="src.pymortests.vectorarray" file="src/pymortests/vectorarray.py" line="766" name="test_amax[0-&lt;lambda&gt;9]" time="0.0022385120391845703"></testcase><testcase classname="src.pymortests.vectorarray" file="src/pymortests/vectorarray.py" line="766" name="test_amax[0-&lt;lambda&gt;10]" time="0.004125833511352539"></testcase><testcase classname="src.pymortests.vectorarray" file="src/pymortests/vectorarray.py" line="766" name="test_amax[0-&lt;lambda&gt;11]" time="0.014303922653198242"></testcase><testcase classname="src.pymortests.vectorarray" file="src/pymortests/vectorarray.py" line="766" name="test_amax[0-&lt;lambda&gt;12]" time="0.0013229846954345703"></testcase><testcase classname="src.pymortests.vectorarray" file="src/pymortests/vectorarray.py" line="766" name="test_amax[0-&lt;lambda&gt;13]" time="0.01012277603149414"></testcase><testcase classname="src.pymortests.vectorarray" file="src/pymortests/vectorarray.py" line="766" name="test_amax[0-&lt;lambda&gt;14]" time="0.013581037521362305"></testcase><testcase classname="src.pymortests.vectorarray" file="src/pymortests/vectorarray.py" line="766" name="test_amax[0-&lt;lambda&gt;15]" time="0.06531643867492676"></testcase><testcase classname="src.pymortests.vectorarray" file="src/pymortests/vectorarray.py" line="766" name="test_amax[0-&lt;lambda&gt;16]" time="0.13961124420166016"></testcase><testcase classname="src.pymortests.vectorarray" file="src/pymortests/vectorarray.py" line="766" name="test_amax[0-&lt;lambda&gt;17]" time="0.008822917938232422"></testcase><testcase classname="src.pymortests.vectorarray" file="src/pymortests/vectorarray.py" line="766" name="test_amax[0-&lt;lambda&gt;18]" time="0.007324695587158203"></testcase><testcase classname="src.pymortests.vectorarray" file="src/pymortests/vectorarray.py" line="766" name="test_amax[0-&lt;lambda&gt;19]" time="0.02713155746459961"></testcase><testcase classname="src.pymortests.vectorarray" file="src/pymortests/vectorarray.py" line="766" name="test_amax[0-&lt;lambda&gt;20]" time="0.09532546997070312"></testcase><testcase classname="src.pymortests.vectorarray" file="src/pymortests/vectorarray.py" line="766" name="test_amax[0-&lt;lambda&gt;21]" time="0.19718480110168457"></testcase><testcase classname="src.pymortests.vectorarray" file="src/pymortests/vectorarray.py" line="766" name="test_amax[0-&lt;lambda&gt;22]" time="0.001773834228515625"></testcase><testcase classname="src.pymortests.vectorarray" file="src/pymortests/vectorarray.py" line="766" name="test_amax[0-&lt;lambda&gt;23]" time="0.0024819374084472656"></testcase><testcase classname="src.pymortests.vectorarray" file="src/pymortests/vectorarray.py" line="766" name="test_amax[0-&lt;lambda&gt;24]" time="0.008588075637817383"></testcase><testcase classname="src.pymortests.vectorarray" file="src/pymortests/vectorarray.py" line="766" name="test_amax[0-&lt;lambda&gt;25]" time="0.06506466865539551"></testcase><testcase classname="src.pymortests.vectorarray" file="src/pymortests/vectorarray.py" line="766" name="test_amax[0-&lt;lambda&gt;26]" time="0.053308725357055664"></testcase><testcase classname="src.pymortests.vectorarray" file="src/pymortests/vectorarray.py" line="766" name="test_amax[1-&lt;lambda&gt;0]" time="0.0017464160919189453"></testcase><testcase classname="src.pymortests.vectorarray" file="src/pymortests/vectorarray.py" line="766" name="test_amax[1-&lt;lambda&gt;1]" time="0.0025696754455566406"></testcase><testcase classname="src.pymortests.vectorarray" file="src/pymortests/vectorarray.py" line="766" name="test_amax[1-&lt;lambda&gt;2]" time="0.005854129791259766"></testcase><testcase classname="src.pymortests.vectorarray" file="src/pymortests/vectorarray.py" line="766" name="test_amax[1-&lt;lambda&gt;3]" time="0.032251834869384766"></testcase><testcase classname="src.pymortests.vectorarray" file="src/pymortests/vectorarray.py" line="766" name="test_amax[1-&lt;lambda&gt;4]" time="0.0017333030700683594"></testcase><testcase classname="src.pymortests.vectorarray" file="src/pymortests/vectorarray.py" line="766" name="test_amax[1-&lt;lambda&gt;5]" time="0.0012793540954589844"></testcase><testcase classname="src.pymortests.vectorarray" file="src/pymortests/vectorarray.py" line="766" name="test_amax[1-&lt;lambda&gt;6]" time="0.002343893051147461"></testcase><testcase classname="src.pymortests.vectorarray" file="src/pymortests/vectorarray.py" line="766" name="test_amax[1-&lt;lambda&gt;7]" time="0.005988121032714844"></testcase><testcase classname="src.pymortests.vectorarray" file="src/pymortests/vectorarray.py" line="766" name="test_amax[1-&lt;lambda&gt;8]" time="0.03177642822265625"></testcase><testcase classname="src.pymortests.vectorarray" file="src/pymortests/vectorarray.py" line="766" name="test_amax[1-&lt;lambda&gt;9]" time="0.0028429031372070312"></testcase><testcase classname="src.pymortests.vectorarray" file="src/pymortests/vectorarray.py" line="766" name="test_amax[1-&lt;lambda&gt;10]" time="0.004113435745239258"></testcase><testcase classname="src.pymortests.vectorarray" file="src/pymortests/vectorarray.py" line="766" name="test_amax[1-&lt;lambda&gt;11]" time="0.014887809753417969"></testcase><testcase classname="src.pymortests.vectorarray" file="src/pymortests/vectorarray.py" line="766" name="test_amax[1-&lt;lambda&gt;12]" time="0.001981973648071289"></testcase><testcase classname="src.pymortests.vectorarray" file="src/pymortests/vectorarray.py" line="766" name="test_amax[1-&lt;lambda&gt;13]" time="0.010399580001831055"></testcase><testcase classname="src.pymortests.vectorarray" file="src/pymortests/vectorarray.py" line="766" name="test_amax[1-&lt;lambda&gt;14]" time="0.015077829360961914"></testcase><testcase classname="src.pymortests.vectorarray" file="src/pymortests/vectorarray.py" line="766" name="test_amax[1-&lt;lambda&gt;15]" time="0.0663306713104248"></testcase><testcase classname="src.pymortests.vectorarray" file="src/pymortests/vectorarray.py" line="766" name="test_amax[1-&lt;lambda&gt;16]" time="0.1399388313293457"></testcase><testcase classname="src.pymortests.vectorarray" file="src/pymortests/vectorarray.py" line="766" name="test_amax[1-&lt;lambda&gt;17]" time="0.009155988693237305"></testcase><testcase classname="src.pymortests.vectorarray" file="src/pymortests/vectorarray.py" line="766" name="test_amax[1-&lt;lambda&gt;18]" time="0.00906229019165039"></testcase><testcase classname="src.pymortests.vectorarray" file="src/pymortests/vectorarray.py" line="766" name="test_amax[1-&lt;lambda&gt;19]" time="0.028349876403808594"></testcase><testcase classname="src.pymortests.vectorarray" file="src/pymortests/vectorarray.py" line="766" name="test_amax[1-&lt;lambda&gt;20]" time="0.09522581100463867"></testcase><testcase classname="src.pymortests.vectorarray" file="src/pymortests/vectorarray.py" line="766" name="test_amax[1-&lt;lambda&gt;21]" time="0.19820022583007812"></testcase><testcase classname="src.pymortests.vectorarray" file="src/pymortests/vectorarray.py" line="766" name="test_amax[1-&lt;lambda&gt;22]" time="0.0017237663269042969"></testcase><testcase classname="src.pymortests.vectorarray" file="src/pymortests/vectorarray.py" line="766" name="test_amax[1-&lt;lambda&gt;23]" time="0.002568483352661133"></testcase><testcase classname="src.pymortests.vectorarray" file="src/pymortests/vectorarray.py" line="766" name="test_amax[1-&lt;lambda&gt;24]" time="0.009645462036132812"></testcase><testcase classname="src.pymortests.vectorarray" file="src/pymortests/vectorarray.py" line="766" name="test_amax[1-&lt;lambda&gt;25]" time="0.08713459968566895"></testcase><testcase classname="src.pymortests.vectorarray" file="src/pymortests/vectorarray.py" line="766" name="test_amax[1-&lt;lambda&gt;26]" time="0.05599260330200195"></testcase><testcase classname="src.pymortests.vectorarray" file="src/pymortests/vectorarray.py" line="766" name="test_amax[2-&lt;lambda&gt;0]" time="0.00162506103515625"></testcase><testcase classname="src.pymortests.vectorarray" file="src/pymortests/vectorarray.py" line="766" name="test_amax[2-&lt;lambda&gt;1]" time="0.002453327178955078"></testcase><testcase classname="src.pymortests.vectorarray" file="src/pymortests/vectorarray.py" line="766" name="test_amax[2-&lt;lambda&gt;2]" time="0.005789756774902344"></testcase><testcase classname="src.pymortests.vectorarray" file="src/pymortests/vectorarray.py" line="766" name="test_amax[2-&lt;lambda&gt;3]" time="0.029478788375854492"></testcase><testcase classname="src.pymortests.vectorarray" file="src/pymortests/vectorarray.py" line="766" name="test_amax[2-&lt;lambda&gt;4]" time="0.0016453266143798828"></testcase><testcase classname="src.pymortests.vectorarray" file="src/pymortests/vectorarray.py" line="766" name="test_amax[2-&lt;lambda&gt;5]" time="0.0013227462768554688"></testcase><testcase classname="src.pymortests.vectorarray" file="src/pymortests/vectorarray.py" line="766" name="test_amax[2-&lt;lambda&gt;6]" time="0.002317667007446289"></testcase><testcase classname="src.pymortests.vectorarray" file="src/pymortests/vectorarray.py" line="766" name="test_amax[2-&lt;lambda&gt;7]" time="0.0059125423431396484"></testcase><testcase classname="src.pymortests.vectorarray" file="src/pymortests/vectorarray.py" line="766" name="test_amax[2-&lt;lambda&gt;8]" time="0.0320134162902832"></testcase><testcase classname="src.pymortests.vectorarray" file="src/pymortests/vectorarray.py" line="766" name="test_amax[2-&lt;lambda&gt;9]" time="0.0028808116912841797"></testcase><testcase classname="src.pymortests.vectorarray" file="src/pymortests/vectorarray.py" line="766" name="test_amax[2-&lt;lambda&gt;10]" time="0.004077911376953125"></testcase><testcase classname="src.pymortests.vectorarray" file="src/pymortests/vectorarray.py" line="766" name="test_amax[2-&lt;lambda&gt;11]" time="0.014833450317382812"></testcase><testcase classname="src.pymortests.vectorarray" file="src/pymortests/vectorarray.py" line="766" name="test_amax[2-&lt;lambda&gt;12]" time="0.0018935203552246094"></testcase><testcase classname="src.pymortests.vectorarray" file="src/pymortests/vectorarray.py" line="766" name="test_amax[2-&lt;lambda&gt;13]" time="0.010538339614868164"></testcase><testcase classname="src.pymortests.vectorarray" file="src/pymortests/vectorarray.py" line="766" name="test_amax[2-&lt;lambda&gt;14]" time="0.014751434326171875"></testcase><testcase classname="src.pymortests.vectorarray" file="src/pymortests/vectorarray.py" line="766" name="test_amax[2-&lt;lambda&gt;15]" time="0.06585550308227539"></testcase><testcase classname="src.pymortests.vectorarray" file="src/pymortests/vectorarray.py" line="766" name="test_amax[2-&lt;lambda&gt;16]" time="0.13756918907165527"></testcase><testcase classname="src.pymortests.vectorarray" file="src/pymortests/vectorarray.py" line="766" name="test_amax[2-&lt;lambda&gt;17]" time="0.008694648742675781"></testcase><testcase classname="src.pymortests.vectorarray" file="src/pymortests/vectorarray.py" line="766" name="test_amax[2-&lt;lambda&gt;18]" time="0.007485389709472656"></testcase><testcase classname="src.pymortests.vectorarray" file="src/pymortests/vectorarray.py" line="766" name="test_amax[2-&lt;lambda&gt;19]" time="0.026659488677978516"></testcase><testcase classname="src.pymortests.vectorarray" file="src/pymortests/vectorarray.py" line="766" name="test_amax[2-&lt;lambda&gt;20]" time="0.09511375427246094"></testcase><testcase classname="src.pymortests.vectorarray" file="src/pymortests/vectorarray.py" line="766" name="test_amax[2-&lt;lambda&gt;21]" time="0.1983473300933838"></testcase><testcase classname="src.pymortests.vectorarray" file="src/pymortests/vectorarray.py" line="766" name="test_amax[2-&lt;lambda&gt;22]" time="0.0017066001892089844"></testcase><testcase classname="src.pymortests.vectorarray" file="src/pymortests/vectorarray.py" line="766" name="test_amax[2-&lt;lambda&gt;23]" time="0.0024280548095703125"></testcase><testcase classname="src.pymortests.vectorarray" file="src/pymortests/vectorarray.py" line="766" name="test_amax[2-&lt;lambda&gt;24]" time="0.009295463562011719"></testcase><testcase classname="src.pymortests.vectorarray" file="src/pymortests/vectorarray.py" line="766" name="test_amax[2-&lt;lambda&gt;25]" time="0.08651018142700195"></testcase><testcase classname="src.pymortests.vectorarray" file="src/pymortests/vectorarray.py" line="766" name="test_amax[2-&lt;lambda&gt;26]" time="0.0526881217956543"></testcase><testcase classname="src.pymortests.vectorarray" file="src/pymortests/vectorarray.py" line="785" name="test_gramian[0-&lt;lambda&gt;0]" time="0.0033042430877685547"></testcase><testcase classname="src.pymortests.vectorarray" file="src/pymortests/vectorarray.py" line="785" name="test_gramian[0-&lt;lambda&gt;1]" time="0.002239227294921875"></testcase><testcase classname="src.pymortests.vectorarray" file="src/pymortests/vectorarray.py" line="785" name="test_gramian[0-&lt;lambda&gt;2]" time="0.0026788711547851562"></testcase><testcase classname="src.pymortests.vectorarray" file="src/pymortests/vectorarray.py" line="785" name="test_gramian[0-&lt;lambda&gt;3]" time="0.00407862663269043"></testcase><testcase classname="src.pymortests.vectorarray" file="src/pymortests/vectorarray.py" line="785" name="test_gramian[0-&lt;lambda&gt;4]" time="0.0045909881591796875"></testcase><testcase classname="src.pymortests.vectorarray" file="src/pymortests/vectorarray.py" line="785" name="test_gramian[0-&lt;lambda&gt;5]" time="0.0020782947540283203"></testcase><testcase classname="src.pymortests.vectorarray" file="src/pymortests/vectorarray.py" line="785" name="test_gramian[0-&lt;lambda&gt;6]" time="0.0019712448120117188"></testcase><testcase classname="src.pymortests.vectorarray" file="src/pymortests/vectorarray.py" line="785" name="test_gramian[0-&lt;lambda&gt;7]" time="0.01469731330871582"></testcase><testcase classname="src.pymortests.vectorarray" file="src/pymortests/vectorarray.py" line="785" name="test_gramian[0-&lt;lambda&gt;8]" time="0.2541184425354004"></testcase><testcase classname="src.pymortests.vectorarray" file="src/pymortests/vectorarray.py" line="785" name="test_gramian[0-&lt;lambda&gt;9]" time="1.3246474266052246"></testcase><testcase classname="src.pymortests.vectorarray" file="src/pymortests/vectorarray.py" line="785" name="test_gramian[0-&lt;lambda&gt;10]" time="0.004606962203979492"></testcase><testcase classname="src.pymortests.vectorarray" file="src/pymortests/vectorarray.py" line="785" name="test_gramian[0-&lt;lambda&gt;11]" time="0.0044574737548828125"></testcase><testcase classname="src.pymortests.vectorarray" file="src/pymortests/vectorarray.py" line="785" name="test_gramian[0-&lt;lambda&gt;12]" time="0.004090547561645508"></testcase><testcase classname="src.pymortests.vectorarray" file="src/pymortests/vectorarray.py" line="785" name="test_gramian[0-&lt;lambda&gt;13]" time="0.0033948421478271484"></testcase><testcase classname="src.pymortests.vectorarray" file="src/pymortests/vectorarray.py" line="785" name="test_gramian[0-&lt;lambda&gt;14]" time="0.004476308822631836"></testcase><testcase classname="src.pymortests.vectorarray" file="src/pymortests/vectorarray.py" line="785" name="test_gramian[0-&lt;lambda&gt;15]" time="0.007341861724853516"></testcase><testcase classname="src.pymortests.vectorarray" file="src/pymortests/vectorarray.py" line="785" name="test_gramian[0-&lt;lambda&gt;16]" time="0.010885238647460938"></testcase><testcase classname="src.pymortests.vectorarray" file="src/pymortests/vectorarray.py" line="785" name="test_gramian[0-&lt;lambda&gt;17]" time="0.0026471614837646484"></testcase><testcase classname="src.pymortests.vectorarray" file="src/pymortests/vectorarray.py" line="785" name="test_gramian[0-&lt;lambda&gt;18]" time="0.0025551319122314453"></testcase><testcase classname="src.pymortests.vectorarray" file="src/pymortests/vectorarray.py" line="785" name="test_gramian[0-&lt;lambda&gt;19]" time="0.01854395866394043"></testcase><testcase classname="src.pymortests.vectorarray" file="src/pymortests/vectorarray.py" line="785" name="test_gramian[0-&lt;lambda&gt;20]" time="0.22954010963439941"></testcase><testcase classname="src.pymortests.vectorarray" file="src/pymortests/vectorarray.py" line="785" name="test_gramian[0-&lt;lambda&gt;21]" time="1.22625732421875"></testcase><testcase classname="src.pymortests.vectorarray" file="src/pymortests/vectorarray.py" line="785" name="test_gramian[0-&lt;lambda&gt;22]" time="0.0029418468475341797"></testcase><testcase classname="src.pymortests.vectorarray" file="src/pymortests/vectorarray.py" line="785" name="test_gramian[0-&lt;lambda&gt;23]" time="0.0020673274993896484"></testcase><testcase classname="src.pymortests.vectorarray" file="src/pymortests/vectorarray.py" line="785" name="test_gramian[0-&lt;lambda&gt;24]" time="0.009798765182495117"></testcase><testcase classname="src.pymortests.vectorarray" file="src/pymortests/vectorarray.py" line="785" name="test_gramian[0-&lt;lambda&gt;25]" time="0.16524219512939453"></testcase><testcase classname="src.pymortests.vectorarray" file="src/pymortests/vectorarray.py" line="785" name="test_gramian[0-&lt;lambda&gt;26]" time="0.8138461112976074"></testcase><testcase classname="src.pymortests.vectorarray" file="src/pymortests/vectorarray.py" line="785" name="test_gramian[1-&lt;lambda&gt;0]" time="0.0033049583435058594"></testcase><testcase classname="src.pymortests.vectorarray" file="src/pymortests/vectorarray.py" line="785" name="test_gramian[1-&lt;lambda&gt;1]" time="0.0022394657135009766"></testcase><testcase classname="src.pymortests.vectorarray" file="src/pymortests/vectorarray.py" line="785" name="test_gramian[1-&lt;lambda&gt;2]" time="0.0027322769165039062"></testcase><testcase classname="src.pymortests.vectorarray" file="src/pymortests/vectorarray.py" line="785" name="test_gramian[1-&lt;lambda&gt;3]" time="0.004415750503540039"></testcase><testcase classname="src.pymortests.vectorarray" file="src/pymortests/vectorarray.py" line="785" name="test_gramian[1-&lt;lambda&gt;4]" time="0.0043408870697021484"></testcase><testcase classname="src.pymortests.vectorarray" file="src/pymortests/vectorarray.py" line="785" name="test_gramian[1-&lt;lambda&gt;5]" time="0.002079010009765625"></testcase><testcase classname="src.pymortests.vectorarray" file="src/pymortests/vectorarray.py" line="785" name="test_gramian[1-&lt;lambda&gt;6]" time="0.002022266387939453"></testcase><testcase classname="src.pymortests.vectorarray" file="src/pymortests/vectorarray.py" line="785" name="test_gramian[1-&lt;lambda&gt;7]" time="0.01483917236328125"></testcase><testcase classname="src.pymortests.vectorarray" file="src/pymortests/vectorarray.py" line="785" name="test_gramian[1-&lt;lambda&gt;8]" time="0.25528645515441895"></testcase><testcase classname="src.pymortests.vectorarray" file="src/pymortests/vectorarray.py" line="785" name="test_gramian[1-&lt;lambda&gt;9]" time="1.3376352787017822"></testcase><testcase classname="src.pymortests.vectorarray" file="src/pymortests/vectorarray.py" line="785" name="test_gramian[1-&lt;lambda&gt;10]" time="0.00444793701171875"></testcase><testcase classname="src.pymortests.vectorarray" file="src/pymortests/vectorarray.py" line="785" name="test_gramian[1-&lt;lambda&gt;11]" time="0.004550933837890625"></testcase><testcase classname="src.pymortests.vectorarray" file="src/pymortests/vectorarray.py" line="785" name="test_gramian[1-&lt;lambda&gt;12]" time="0.004115581512451172"></testcase><testcase classname="src.pymortests.vectorarray" file="src/pymortests/vectorarray.py" line="785" name="test_gramian[1-&lt;lambda&gt;13]" time="0.0034613609313964844"></testcase><testcase classname="src.pymortests.vectorarray" file="src/pymortests/vectorarray.py" line="785" name="test_gramian[1-&lt;lambda&gt;14]" time="0.00464940071105957"></testcase><testcase classname="src.pymortests.vectorarray" file="src/pymortests/vectorarray.py" line="785" name="test_gramian[1-&lt;lambda&gt;15]" time="0.007461071014404297"></testcase><testcase classname="src.pymortests.vectorarray" file="src/pymortests/vectorarray.py" line="785" name="test_gramian[1-&lt;lambda&gt;16]" time="0.011118888854980469"></testcase><testcase classname="src.pymortests.vectorarray" file="src/pymortests/vectorarray.py" line="785" name="test_gramian[1-&lt;lambda&gt;17]" time="0.0027146339416503906"></testcase><testcase classname="src.pymortests.vectorarray" file="src/pymortests/vectorarray.py" line="785" name="test_gramian[1-&lt;lambda&gt;18]" time="0.0025682449340820312"></testcase><testcase classname="src.pymortests.vectorarray" file="src/pymortests/vectorarray.py" line="785" name="test_gramian[1-&lt;lambda&gt;19]" time="0.018134593963623047"></testcase><testcase classname="src.pymortests.vectorarray" file="src/pymortests/vectorarray.py" line="785" name="test_gramian[1-&lt;lambda&gt;20]" time="0.22487950325012207"></testcase><testcase classname="src.pymortests.vectorarray" file="src/pymortests/vectorarray.py" line="785" name="test_gramian[1-&lt;lambda&gt;21]" time="1.230905294418335"></testcase><testcase classname="src.pymortests.vectorarray" file="src/pymortests/vectorarray.py" line="785" name="test_gramian[1-&lt;lambda&gt;22]" time="0.002843618392944336"></testcase><testcase classname="src.pymortests.vectorarray" file="src/pymortests/vectorarray.py" line="785" name="test_gramian[1-&lt;lambda&gt;23]" time="0.002064228057861328"></testcase><testcase classname="src.pymortests.vectorarray" file="src/pymortests/vectorarray.py" line="785" name="test_gramian[1-&lt;lambda&gt;24]" time="0.009849309921264648"></testcase><testcase classname="src.pymortests.vectorarray" file="src/pymortests/vectorarray.py" line="785" name="test_gramian[1-&lt;lambda&gt;25]" time="0.16592693328857422"></testcase><testcase classname="src.pymortests.vectorarray" file="src/pymortests/vectorarray.py" line="785" name="test_gramian[1-&lt;lambda&gt;26]" time="0.8138186931610107"></testcase><testcase classname="src.pymortests.vectorarray" file="src/pymortests/vectorarray.py" line="785" name="test_gramian[2-&lt;lambda&gt;0]" time="0.0031380653381347656"></testcase><testcase classname="src.pymortests.vectorarray" file="src/pymortests/vectorarray.py" line="785" name="test_gramian[2-&lt;lambda&gt;1]" time="0.0022292137145996094"></testcase><testcase classname="src.pymortests.vectorarray" file="src/pymortests/vectorarray.py" line="785" name="test_gramian[2-&lt;lambda&gt;2]" time="0.0028052330017089844"></testcase><testcase classname="src.pymortests.vectorarray" file="src/pymortests/vectorarray.py" line="785" name="test_gramian[2-&lt;lambda&gt;3]" time="0.004001140594482422"></testcase><testcase classname="src.pymortests.vectorarray" file="src/pymortests/vectorarray.py" line="785" name="test_gramian[2-&lt;lambda&gt;4]" time="0.004611492156982422"></testcase><testcase classname="src.pymortests.vectorarray" file="src/pymortests/vectorarray.py" line="785" name="test_gramian[2-&lt;lambda&gt;5]" time="0.002114534378051758"></testcase><testcase classname="src.pymortests.vectorarray" file="src/pymortests/vectorarray.py" line="785" name="test_gramian[2-&lt;lambda&gt;6]" time="0.002071857452392578"></testcase><testcase classname="src.pymortests.vectorarray" file="src/pymortests/vectorarray.py" line="785" name="test_gramian[2-&lt;lambda&gt;7]" time="0.014855384826660156"></testcase><testcase classname="src.pymortests.vectorarray" file="src/pymortests/vectorarray.py" line="785" name="test_gramian[2-&lt;lambda&gt;8]" time="0.2534022331237793"></testcase><testcase classname="src.pymortests.vectorarray" file="src/pymortests/vectorarray.py" line="785" name="test_gramian[2-&lt;lambda&gt;9]" time="1.3316235542297363"></testcase><testcase classname="src.pymortests.vectorarray" file="src/pymortests/vectorarray.py" line="785" name="test_gramian[2-&lt;lambda&gt;10]" time="0.004511833190917969"></testcase><testcase classname="src.pymortests.vectorarray" file="src/pymortests/vectorarray.py" line="785" name="test_gramian[2-&lt;lambda&gt;11]" time="0.00445866584777832"></testcase><testcase classname="src.pymortests.vectorarray" file="src/pymortests/vectorarray.py" line="785" name="test_gramian[2-&lt;lambda&gt;12]" time="0.004155158996582031"></testcase><testcase classname="src.pymortests.vectorarray" file="src/pymortests/vectorarray.py" line="785" name="test_gramian[2-&lt;lambda&gt;13]" time="0.0034487247467041016"></testcase><testcase classname="src.pymortests.vectorarray" file="src/pymortests/vectorarray.py" line="785" name="test_gramian[2-&lt;lambda&gt;14]" time="0.004506826400756836"></testcase><testcase classname="src.pymortests.vectorarray" file="src/pymortests/vectorarray.py" line="785" name="test_gramian[2-&lt;lambda&gt;15]" time="0.007398128509521484"></testcase><testcase classname="src.pymortests.vectorarray" file="src/pymortests/vectorarray.py" line="785" name="test_gramian[2-&lt;lambda&gt;16]" time="0.011307954788208008"></testcase><testcase classname="src.pymortests.vectorarray" file="src/pymortests/vectorarray.py" line="785" name="test_gramian[2-&lt;lambda&gt;17]" time="0.002766847610473633"></testcase><testcase classname="src.pymortests.vectorarray" file="src/pymortests/vectorarray.py" line="785" name="test_gramian[2-&lt;lambda&gt;18]" time="0.002595186233520508"></testcase><testcase classname="src.pymortests.vectorarray" file="src/pymortests/vectorarray.py" line="785" name="test_gramian[2-&lt;lambda&gt;19]" time="0.019085168838500977"></testcase><testcase classname="src.pymortests.vectorarray" file="src/pymortests/vectorarray.py" line="785" name="test_gramian[2-&lt;lambda&gt;20]" time="0.2322680950164795"></testcase><testcase classname="src.pymortests.vectorarray" file="src/pymortests/vectorarray.py" line="785" name="test_gramian[2-&lt;lambda&gt;21]" time="1.2142086029052734"></testcase><testcase classname="src.pymortests.vectorarray" file="src/pymortests/vectorarray.py" line="785" name="test_gramian[2-&lt;lambda&gt;22]" time="0.0029397010803222656"></testcase><testcase classname="src.pymortests.vectorarray" file="src/pymortests/vectorarray.py" line="785" name="test_gramian[2-&lt;lambda&gt;23]" time="0.0021936893463134766"></testcase><testcase classname="src.pymortests.vectorarray" file="src/pymortests/vectorarray.py" line="785" name="test_gramian[2-&lt;lambda&gt;24]" time="0.010071277618408203"></testcase><testcase classname="src.pymortests.vectorarray" file="src/pymortests/vectorarray.py" line="785" name="test_gramian[2-&lt;lambda&gt;25]" time="0.16644787788391113"></testcase><testcase classname="src.pymortests.vectorarray" file="src/pymortests/vectorarray.py" line="785" name="test_gramian[2-&lt;lambda&gt;26]" time="0.8120677471160889"></testcase><testcase classname="src.pymortests.vectorarray" file="src/pymortests/vectorarray.py" line="791" name="test_add[compatible_vector_array_pair0-&lt;lambda&gt;0]" time="0.002135038375854492"></testcase><testcase classname="src.pymortests.vectorarray" file="src/pymortests/vectorarray.py" line="791" name="test_add[compatible_vector_array_pair0-&lt;lambda&gt;1]" time="0.001470327377319336"></testcase><testcase classname="src.pymortests.vectorarray" file="src/pymortests/vectorarray.py" line="791" name="test_add[compatible_vector_array_pair0-&lt;lambda&gt;2]" time="0.0014922618865966797"></testcase><testcase classname="src.pymortests.vectorarray" file="src/pymortests/vectorarray.py" line="791" name="test_add[compatible_vector_array_pair0-&lt;lambda&gt;3]" time="0.001516580581665039"></testcase><testcase classname="src.pymortests.vectorarray" file="src/pymortests/vectorarray.py" line="791" name="test_add[compatible_vector_array_pair0-&lt;lambda&gt;4]" time="0.0013821125030517578"></testcase><testcase classname="src.pymortests.vectorarray" file="src/pymortests/vectorarray.py" line="791" name="test_add[compatible_vector_array_pair0-&lt;lambda&gt;5]" time="0.0013816356658935547"></testcase><testcase classname="src.pymortests.vectorarray" file="src/pymortests/vectorarray.py" line="791" name="test_add[compatible_vector_array_pair0-&lt;lambda&gt;6]" time="0.0013196468353271484"></testcase><testcase classname="src.pymortests.vectorarray" file="src/pymortests/vectorarray.py" line="791" name="test_add[compatible_vector_array_pair0-&lt;lambda&gt;7]" time="0.0012886524200439453"></testcase><testcase classname="src.pymortests.vectorarray" file="src/pymortests/vectorarray.py" line="791" name="test_add[compatible_vector_array_pair0-&lt;lambda&gt;8]" time="0.0016117095947265625"></testcase><testcase classname="src.pymortests.vectorarray" file="src/pymortests/vectorarray.py" line="791" name="test_add[compatible_vector_array_pair0-&lt;lambda&gt;9]" time="0.004675626754760742"></testcase><testcase classname="src.pymortests.vectorarray" file="src/pymortests/vectorarray.py" line="791" name="test_add[compatible_vector_array_pair0-&lt;lambda&gt;10]" time="0.009023189544677734"></testcase><testcase classname="src.pymortests.vectorarray" file="src/pymortests/vectorarray.py" line="791" name="test_add[compatible_vector_array_pair0-&lt;lambda&gt;11]" time="0.0016324520111083984"></testcase><testcase classname="src.pymortests.vectorarray" file="src/pymortests/vectorarray.py" line="791" name="test_add[compatible_vector_array_pair0-&lt;lambda&gt;12]" time="0.0017275810241699219"></testcase><testcase classname="src.pymortests.vectorarray" file="src/pymortests/vectorarray.py" line="791" name="test_add[compatible_vector_array_pair0-&lt;lambda&gt;13]" time="0.0018608570098876953"></testcase><testcase classname="src.pymortests.vectorarray" file="src/pymortests/vectorarray.py" line="791" name="test_add[compatible_vector_array_pair0-&lt;lambda&gt;14]" time="0.0017399787902832031"></testcase><testcase classname="src.pymortests.vectorarray" file="src/pymortests/vectorarray.py" line="791" name="test_add[compatible_vector_array_pair0-&lt;lambda&gt;15]" time="0.0020318031311035156"></testcase><testcase classname="src.pymortests.vectorarray" file="src/pymortests/vectorarray.py" line="791" name="test_add[compatible_vector_array_pair0-&lt;lambda&gt;16]" time="0.002373218536376953"></testcase><testcase classname="src.pymortests.vectorarray" file="src/pymortests/vectorarray.py" line="791" name="test_add[compatible_vector_array_pair0-&lt;lambda&gt;17]" time="0.002176523208618164"></testcase><testcase classname="src.pymortests.vectorarray" file="src/pymortests/vectorarray.py" line="791" name="test_add[compatible_vector_array_pair0-&lt;lambda&gt;18]" time="0.001958131790161133"></testcase><testcase classname="src.pymortests.vectorarray" file="src/pymortests/vectorarray.py" line="791" name="test_add[compatible_vector_array_pair0-&lt;lambda&gt;19]" time="0.002123594284057617"></testcase><testcase classname="src.pymortests.vectorarray" file="src/pymortests/vectorarray.py" line="791" name="test_add[compatible_vector_array_pair0-&lt;lambda&gt;20]" time="0.027498483657836914"></testcase><testcase classname="src.pymortests.vectorarray" file="src/pymortests/vectorarray.py" line="791" name="test_add[compatible_vector_array_pair0-&lt;lambda&gt;21]" time="0.01717209815979004"></testcase><testcase classname="src.pymortests.vectorarray" file="src/pymortests/vectorarray.py" line="791" name="test_add[compatible_vector_array_pair0-&lt;lambda&gt;22]" time="0.04824542999267578"></testcase><testcase classname="src.pymortests.vectorarray" file="src/pymortests/vectorarray.py" line="791" name="test_add[compatible_vector_array_pair0-&lt;lambda&gt;23]" time="0.0037877559661865234"></testcase><testcase classname="src.pymortests.vectorarray" file="src/pymortests/vectorarray.py" line="791" name="test_add[compatible_vector_array_pair0-&lt;lambda&gt;24]" time="0.0012607574462890625"></testcase><testcase classname="src.pymortests.vectorarray" file="src/pymortests/vectorarray.py" line="791" name="test_add[compatible_vector_array_pair0-&lt;lambda&gt;25]" time="0.0021812915802001953"></testcase><testcase classname="src.pymortests.vectorarray" file="src/pymortests/vectorarray.py" line="791" name="test_add[compatible_vector_array_pair0-&lt;lambda&gt;26]" time="0.02295374870300293"></testcase><testcase classname="src.pymortests.vectorarray" file="src/pymortests/vectorarray.py" line="791" name="test_add[compatible_vector_array_pair0-&lt;lambda&gt;27]" time="0.11840248107910156"></testcase><testcase classname="src.pymortests.vectorarray" file="src/pymortests/vectorarray.py" line="791" name="test_add[compatible_vector_array_pair0-&lt;lambda&gt;28]" time="0.3168764114379883"></testcase><testcase classname="src.pymortests.vectorarray" file="src/pymortests/vectorarray.py" line="791" name="test_add[compatible_vector_array_pair0-&lt;lambda&gt;29]" time="0.009394407272338867"></testcase><testcase classname="src.pymortests.vectorarray" file="src/pymortests/vectorarray.py" line="791" name="test_add[compatible_vector_array_pair1-&lt;lambda&gt;0]" time="0.0015168190002441406"></testcase><testcase classname="src.pymortests.vectorarray" file="src/pymortests/vectorarray.py" line="791" name="test_add[compatible_vector_array_pair1-&lt;lambda&gt;1]" time="0.0014507770538330078"></testcase><testcase classname="src.pymortests.vectorarray" file="src/pymortests/vectorarray.py" line="791" name="test_add[compatible_vector_array_pair1-&lt;lambda&gt;2]" time="0.0014307498931884766"></testcase><testcase classname="src.pymortests.vectorarray" file="src/pymortests/vectorarray.py" line="791" name="test_add[compatible_vector_array_pair1-&lt;lambda&gt;3]" time="0.0015156269073486328"></testcase><testcase classname="src.pymortests.vectorarray" file="src/pymortests/vectorarray.py" line="791" name="test_add[compatible_vector_array_pair1-&lt;lambda&gt;4]" time="0.0016329288482666016"></testcase><testcase classname="src.pymortests.vectorarray" file="src/pymortests/vectorarray.py" line="791" name="test_add[compatible_vector_array_pair1-&lt;lambda&gt;5]" time="0.0013132095336914062"></testcase><testcase classname="src.pymortests.vectorarray" file="src/pymortests/vectorarray.py" line="791" name="test_add[compatible_vector_array_pair1-&lt;lambda&gt;6]" time="0.001287221908569336"></testcase><testcase classname="src.pymortests.vectorarray" file="src/pymortests/vectorarray.py" line="791" name="test_add[compatible_vector_array_pair1-&lt;lambda&gt;7]" time="0.0013189315795898438"></testcase><testcase classname="src.pymortests.vectorarray" file="src/pymortests/vectorarray.py" line="791" name="test_add[compatible_vector_array_pair1-&lt;lambda&gt;8]" time="0.00168609619140625"></testcase><testcase classname="src.pymortests.vectorarray" file="src/pymortests/vectorarray.py" line="791" name="test_add[compatible_vector_array_pair1-&lt;lambda&gt;9]" time="0.004656553268432617"></testcase><testcase classname="src.pymortests.vectorarray" file="src/pymortests/vectorarray.py" line="791" name="test_add[compatible_vector_array_pair1-&lt;lambda&gt;10]" time="0.008846521377563477"></testcase><testcase classname="src.pymortests.vectorarray" file="src/pymortests/vectorarray.py" line="791" name="test_add[compatible_vector_array_pair1-&lt;lambda&gt;11]" time="0.00157928466796875"></testcase><testcase classname="src.pymortests.vectorarray" file="src/pymortests/vectorarray.py" line="791" name="test_add[compatible_vector_array_pair1-&lt;lambda&gt;12]" time="0.0017614364624023438"></testcase><testcase classname="src.pymortests.vectorarray" file="src/pymortests/vectorarray.py" line="791" name="test_add[compatible_vector_array_pair1-&lt;lambda&gt;13]" time="0.0018620491027832031"></testcase><testcase classname="src.pymortests.vectorarray" file="src/pymortests/vectorarray.py" line="791" name="test_add[compatible_vector_array_pair1-&lt;lambda&gt;14]" time="0.0017185211181640625"></testcase><testcase classname="src.pymortests.vectorarray" file="src/pymortests/vectorarray.py" line="791" name="test_add[compatible_vector_array_pair1-&lt;lambda&gt;15]" time="0.0020732879638671875"></testcase><testcase classname="src.pymortests.vectorarray" file="src/pymortests/vectorarray.py" line="791" name="test_add[compatible_vector_array_pair1-&lt;lambda&gt;16]" time="0.0023925304412841797"></testcase><testcase classname="src.pymortests.vectorarray" file="src/pymortests/vectorarray.py" line="791" name="test_add[compatible_vector_array_pair1-&lt;lambda&gt;17]" time="0.002218008041381836"></testcase><testcase classname="src.pymortests.vectorarray" file="src/pymortests/vectorarray.py" line="791" name="test_add[compatible_vector_array_pair1-&lt;lambda&gt;18]" time="0.0019779205322265625"></testcase><testcase classname="src.pymortests.vectorarray" file="src/pymortests/vectorarray.py" line="791" name="test_add[compatible_vector_array_pair1-&lt;lambda&gt;19]" time="0.002150297164916992"></testcase><testcase classname="src.pymortests.vectorarray" file="src/pymortests/vectorarray.py" line="791" name="test_add[compatible_vector_array_pair1-&lt;lambda&gt;20]" time="0.02534198760986328"></testcase><testcase classname="src.pymortests.vectorarray" file="src/pymortests/vectorarray.py" line="791" name="test_add[compatible_vector_array_pair1-&lt;lambda&gt;21]" time="0.017660856246948242"></testcase><testcase classname="src.pymortests.vectorarray" file="src/pymortests/vectorarray.py" line="791" name="test_add[compatible_vector_array_pair1-&lt;lambda&gt;22]" time="0.04835152626037598"></testcase><testcase classname="src.pymortests.vectorarray" file="src/pymortests/vectorarray.py" line="791" name="test_add[compatible_vector_array_pair1-&lt;lambda&gt;23]" time="0.0036878585815429688"></testcase><testcase classname="src.pymortests.vectorarray" file="src/pymortests/vectorarray.py" line="791" name="test_add[compatible_vector_array_pair1-&lt;lambda&gt;24]" time="0.0012521743774414062"></testcase><testcase classname="src.pymortests.vectorarray" file="src/pymortests/vectorarray.py" line="791" name="test_add[compatible_vector_array_pair1-&lt;lambda&gt;25]" time="0.0021402835845947266"></testcase><testcase classname="src.pymortests.vectorarray" file="src/pymortests/vectorarray.py" line="791" name="test_add[compatible_vector_array_pair1-&lt;lambda&gt;26]" time="0.022953510284423828"></testcase><testcase classname="src.pymortests.vectorarray" file="src/pymortests/vectorarray.py" line="791" name="test_add[compatible_vector_array_pair1-&lt;lambda&gt;27]" time="0.11805844306945801"></testcase><testcase classname="src.pymortests.vectorarray" file="src/pymortests/vectorarray.py" line="791" name="test_add[compatible_vector_array_pair1-&lt;lambda&gt;28]" time="0.3172731399536133"></testcase><testcase classname="src.pymortests.vectorarray" file="src/pymortests/vectorarray.py" line="791" name="test_add[compatible_vector_array_pair1-&lt;lambda&gt;29]" time="0.009578704833984375"></testcase><testcase classname="src.pymortests.vectorarray" file="src/pymortests/vectorarray.py" line="791" name="test_add[compatible_vector_array_pair2-&lt;lambda&gt;0]" time="0.001499176025390625"></testcase><testcase classname="src.pymortests.vectorarray" file="src/pymortests/vectorarray.py" line="791" name="test_add[compatible_vector_array_pair2-&lt;lambda&gt;1]" time="0.0014553070068359375"></testcase><testcase classname="src.pymortests.vectorarray" file="src/pymortests/vectorarray.py" line="791" name="test_add[compatible_vector_array_pair2-&lt;lambda&gt;2]" time="0.0014150142669677734"></testcase><testcase classname="src.pymortests.vectorarray" file="src/pymortests/vectorarray.py" line="791" name="test_add[compatible_vector_array_pair2-&lt;lambda&gt;3]" time="0.0014977455139160156"></testcase><testcase classname="src.pymortests.vectorarray" file="src/pymortests/vectorarray.py" line="791" name="test_add[compatible_vector_array_pair2-&lt;lambda&gt;4]" time="0.0014493465423583984"></testcase><testcase classname="src.pymortests.vectorarray" file="src/pymortests/vectorarray.py" line="791" name="test_add[compatible_vector_array_pair2-&lt;lambda&gt;5]" time="0.0013339519500732422"></testcase><testcase classname="src.pymortests.vectorarray" file="src/pymortests/vectorarray.py" line="791" name="test_add[compatible_vector_array_pair2-&lt;lambda&gt;6]" time="0.0013513565063476562"></testcase><testcase classname="src.pymortests.vectorarray" file="src/pymortests/vectorarray.py" line="791" name="test_add[compatible_vector_array_pair2-&lt;lambda&gt;7]" time="0.0013566017150878906"></testcase><testcase classname="src.pymortests.vectorarray" file="src/pymortests/vectorarray.py" line="791" name="test_add[compatible_vector_array_pair2-&lt;lambda&gt;8]" time="0.0017085075378417969"></testcase><testcase classname="src.pymortests.vectorarray" file="src/pymortests/vectorarray.py" line="791" name="test_add[compatible_vector_array_pair2-&lt;lambda&gt;9]" time="0.004710674285888672"></testcase><testcase classname="src.pymortests.vectorarray" file="src/pymortests/vectorarray.py" line="791" name="test_add[compatible_vector_array_pair2-&lt;lambda&gt;10]" time="0.008862495422363281"></testcase><testcase classname="src.pymortests.vectorarray" file="src/pymortests/vectorarray.py" line="791" name="test_add[compatible_vector_array_pair2-&lt;lambda&gt;11]" time="0.0015187263488769531"></testcase><testcase classname="src.pymortests.vectorarray" file="src/pymortests/vectorarray.py" line="791" name="test_add[compatible_vector_array_pair2-&lt;lambda&gt;12]" time="0.0016663074493408203"></testcase><testcase classname="src.pymortests.vectorarray" file="src/pymortests/vectorarray.py" line="791" name="test_add[compatible_vector_array_pair2-&lt;lambda&gt;13]" time="0.0017981529235839844"></testcase><testcase classname="src.pymortests.vectorarray" file="src/pymortests/vectorarray.py" line="791" name="test_add[compatible_vector_array_pair2-&lt;lambda&gt;14]" time="0.0017206668853759766"></testcase><testcase classname="src.pymortests.vectorarray" file="src/pymortests/vectorarray.py" line="791" name="test_add[compatible_vector_array_pair2-&lt;lambda&gt;15]" time="0.002073526382446289"></testcase><testcase classname="src.pymortests.vectorarray" file="src/pymortests/vectorarray.py" line="791" name="test_add[compatible_vector_array_pair2-&lt;lambda&gt;16]" time="0.002551555633544922"></testcase><testcase classname="src.pymortests.vectorarray" file="src/pymortests/vectorarray.py" line="791" name="test_add[compatible_vector_array_pair2-&lt;lambda&gt;17]" time="0.002258777618408203"></testcase><testcase classname="src.pymortests.vectorarray" file="src/pymortests/vectorarray.py" line="791" name="test_add[compatible_vector_array_pair2-&lt;lambda&gt;18]" time="0.0019769668579101562"></testcase><testcase classname="src.pymortests.vectorarray" file="src/pymortests/vectorarray.py" line="791" name="test_add[compatible_vector_array_pair2-&lt;lambda&gt;19]" time="0.002105236053466797"></testcase><testcase classname="src.pymortests.vectorarray" file="src/pymortests/vectorarray.py" line="791" name="test_add[compatible_vector_array_pair2-&lt;lambda&gt;20]" time="0.024893760681152344"></testcase><testcase classname="src.pymortests.vectorarray" file="src/pymortests/vectorarray.py" line="791" name="test_add[compatible_vector_array_pair2-&lt;lambda&gt;21]" time="0.017854690551757812"></testcase><testcase classname="src.pymortests.vectorarray" file="src/pymortests/vectorarray.py" line="791" name="test_add[compatible_vector_array_pair2-&lt;lambda&gt;22]" time="0.049280405044555664"></testcase><testcase classname="src.pymortests.vectorarray" file="src/pymortests/vectorarray.py" line="791" name="test_add[compatible_vector_array_pair2-&lt;lambda&gt;23]" time="0.003687620162963867"></testcase><testcase classname="src.pymortests.vectorarray" file="src/pymortests/vectorarray.py" line="791" name="test_add[compatible_vector_array_pair2-&lt;lambda&gt;24]" time="0.0015697479248046875"></testcase><testcase classname="src.pymortests.vectorarray" file="src/pymortests/vectorarray.py" line="791" name="test_add[compatible_vector_array_pair2-&lt;lambda&gt;25]" time="0.0022287368774414062"></testcase><testcase classname="src.pymortests.vectorarray" file="src/pymortests/vectorarray.py" line="791" name="test_add[compatible_vector_array_pair2-&lt;lambda&gt;26]" time="0.023272037506103516"></testcase><testcase classname="src.pymortests.vectorarray" file="src/pymortests/vectorarray.py" line="791" name="test_add[compatible_vector_array_pair2-&lt;lambda&gt;27]" time="0.11955690383911133"></testcase><testcase classname="src.pymortests.vectorarray" file="src/pymortests/vectorarray.py" line="791" name="test_add[compatible_vector_array_pair2-&lt;lambda&gt;28]" time="0.3187425136566162"></testcase><testcase classname="src.pymortests.vectorarray" file="src/pymortests/vectorarray.py" line="791" name="test_add[compatible_vector_array_pair2-&lt;lambda&gt;29]" time="0.00923609733581543"></testcase><testcase classname="src.pymortests.vectorarray" file="src/pymortests/vectorarray.py" line="791" name="test_add[compatible_vector_array_pair3-&lt;lambda&gt;0]" time="0.0015139579772949219"></testcase><testcase classname="src.pymortests.vectorarray" file="src/pymortests/vectorarray.py" line="791" name="test_add[compatible_vector_array_pair3-&lt;lambda&gt;1]" time="0.0014221668243408203"></testcase><testcase classname="src.pymortests.vectorarray" file="src/pymortests/vectorarray.py" line="791" name="test_add[compatible_vector_array_pair3-&lt;lambda&gt;2]" time="0.0014235973358154297"></testcase><testcase classname="src.pymortests.vectorarray" file="src/pymortests/vectorarray.py" line="791" name="test_add[compatible_vector_array_pair3-&lt;lambda&gt;3]" time="0.0015497207641601562"></testcase><testcase classname="src.pymortests.vectorarray" file="src/pymortests/vectorarray.py" line="791" name="test_add[compatible_vector_array_pair3-&lt;lambda&gt;4]" time="0.001447439193725586"></testcase><testcase classname="src.pymortests.vectorarray" file="src/pymortests/vectorarray.py" line="791" name="test_add[compatible_vector_array_pair3-&lt;lambda&gt;5]" time="0.001329660415649414"></testcase><testcase classname="src.pymortests.vectorarray" file="src/pymortests/vectorarray.py" line="791" name="test_add[compatible_vector_array_pair3-&lt;lambda&gt;6]" time="0.0013191699981689453"></testcase><testcase classname="src.pymortests.vectorarray" file="src/pymortests/vectorarray.py" line="791" name="test_add[compatible_vector_array_pair3-&lt;lambda&gt;7]" time="0.0013070106506347656"></testcase><testcase classname="src.pymortests.vectorarray" file="src/pymortests/vectorarray.py" line="791" name="test_add[compatible_vector_array_pair3-&lt;lambda&gt;8]" time="0.0015785694122314453"></testcase><testcase classname="src.pymortests.vectorarray" file="src/pymortests/vectorarray.py" line="791" name="test_add[compatible_vector_array_pair3-&lt;lambda&gt;9]" time="0.00464940071105957"></testcase><testcase classname="src.pymortests.vectorarray" file="src/pymortests/vectorarray.py" line="791" name="test_add[compatible_vector_array_pair3-&lt;lambda&gt;10]" time="0.00897216796875"></testcase><testcase classname="src.pymortests.vectorarray" file="src/pymortests/vectorarray.py" line="791" name="test_add[compatible_vector_array_pair3-&lt;lambda&gt;11]" time="0.001703023910522461"></testcase><testcase classname="src.pymortests.vectorarray" file="src/pymortests/vectorarray.py" line="791" name="test_add[compatible_vector_array_pair3-&lt;lambda&gt;12]" time="0.00171661376953125"></testcase><testcase classname="src.pymortests.vectorarray" file="src/pymortests/vectorarray.py" line="791" name="test_add[compatible_vector_array_pair3-&lt;lambda&gt;13]" time="0.0018219947814941406"></testcase><testcase classname="src.pymortests.vectorarray" file="src/pymortests/vectorarray.py" line="791" name="test_add[compatible_vector_array_pair3-&lt;lambda&gt;14]" time="0.0017809867858886719"></testcase><testcase classname="src.pymortests.vectorarray" file="src/pymortests/vectorarray.py" line="791" name="test_add[compatible_vector_array_pair3-&lt;lambda&gt;15]" time="0.0021352767944335938"></testcase><testcase classname="src.pymortests.vectorarray" file="src/pymortests/vectorarray.py" line="791" name="test_add[compatible_vector_array_pair3-&lt;lambda&gt;16]" time="0.002584695816040039"></testcase><testcase classname="src.pymortests.vectorarray" file="src/pymortests/vectorarray.py" line="791" name="test_add[compatible_vector_array_pair3-&lt;lambda&gt;17]" time="0.0022301673889160156"></testcase><testcase classname="src.pymortests.vectorarray" file="src/pymortests/vectorarray.py" line="791" name="test_add[compatible_vector_array_pair3-&lt;lambda&gt;18]" time="0.0019812583923339844"></testcase><testcase classname="src.pymortests.vectorarray" file="src/pymortests/vectorarray.py" line="791" name="test_add[compatible_vector_array_pair3-&lt;lambda&gt;19]" time="0.0020890235900878906"></testcase><testcase classname="src.pymortests.vectorarray" file="src/pymortests/vectorarray.py" line="791" name="test_add[compatible_vector_array_pair3-&lt;lambda&gt;20]" time="0.025825977325439453"></testcase><testcase classname="src.pymortests.vectorarray" file="src/pymortests/vectorarray.py" line="791" name="test_add[compatible_vector_array_pair3-&lt;lambda&gt;21]" time="0.018265724182128906"></testcase><testcase classname="src.pymortests.vectorarray" file="src/pymortests/vectorarray.py" line="791" name="test_add[compatible_vector_array_pair3-&lt;lambda&gt;22]" time="0.048982858657836914"></testcase><testcase classname="src.pymortests.vectorarray" file="src/pymortests/vectorarray.py" line="791" name="test_add[compatible_vector_array_pair3-&lt;lambda&gt;23]" time="0.003826141357421875"></testcase><testcase classname="src.pymortests.vectorarray" file="src/pymortests/vectorarray.py" line="791" name="test_add[compatible_vector_array_pair3-&lt;lambda&gt;24]" time="0.0013506412506103516"></testcase><testcase classname="src.pymortests.vectorarray" file="src/pymortests/vectorarray.py" line="791" name="test_add[compatible_vector_array_pair3-&lt;lambda&gt;25]" time="0.00218963623046875"></testcase><testcase classname="src.pymortests.vectorarray" file="src/pymortests/vectorarray.py" line="791" name="test_add[compatible_vector_array_pair3-&lt;lambda&gt;26]" time="0.023303508758544922"></testcase><testcase classname="src.pymortests.vectorarray" file="src/pymortests/vectorarray.py" line="791" name="test_add[compatible_vector_array_pair3-&lt;lambda&gt;27]" time="0.11919307708740234"></testcase><testcase classname="src.pymortests.vectorarray" file="src/pymortests/vectorarray.py" line="791" name="test_add[compatible_vector_array_pair3-&lt;lambda&gt;28]" time="0.31561803817749023"></testcase><testcase classname="src.pymortests.vectorarray" file="src/pymortests/vectorarray.py" line="791" name="test_add[compatible_vector_array_pair3-&lt;lambda&gt;29]" time="0.01219487190246582"></testcase><testcase classname="src.pymortests.vectorarray" file="src/pymortests/vectorarray.py" line="791" name="test_add[compatible_vector_array_pair4-&lt;lambda&gt;0]" time="0.0016181468963623047"></testcase><testcase classname="src.pymortests.vectorarray" file="src/pymortests/vectorarray.py" line="791" name="test_add[compatible_vector_array_pair4-&lt;lambda&gt;1]" time="0.001520395278930664"></testcase><testcase classname="src.pymortests.vectorarray" file="src/pymortests/vectorarray.py" line="791" name="test_add[compatible_vector_array_pair4-&lt;lambda&gt;2]" time="0.0014929771423339844"></testcase><testcase classname="src.pymortests.vectorarray" file="src/pymortests/vectorarray.py" line="791" name="test_add[compatible_vector_array_pair4-&lt;lambda&gt;3]" time="0.0016808509826660156"></testcase><testcase classname="src.pymortests.vectorarray" file="src/pymortests/vectorarray.py" line="791" name="test_add[compatible_vector_array_pair4-&lt;lambda&gt;4]" time="0.0014634132385253906"></testcase><testcase classname="src.pymortests.vectorarray" file="src/pymortests/vectorarray.py" line="791" name="test_add[compatible_vector_array_pair4-&lt;lambda&gt;5]" time="0.0013654232025146484"></testcase><testcase classname="src.pymortests.vectorarray" file="src/pymortests/vectorarray.py" line="791" name="test_add[compatible_vector_array_pair4-&lt;lambda&gt;6]" time="0.0013413429260253906"></testcase><testcase classname="src.pymortests.vectorarray" file="src/pymortests/vectorarray.py" line="791" name="test_add[compatible_vector_array_pair4-&lt;lambda&gt;7]" time="0.0013275146484375"></testcase><testcase classname="src.pymortests.vectorarray" file="src/pymortests/vectorarray.py" line="791" name="test_add[compatible_vector_array_pair4-&lt;lambda&gt;8]" time="0.0017368793487548828"></testcase><testcase classname="src.pymortests.vectorarray" file="src/pymortests/vectorarray.py" line="791" name="test_add[compatible_vector_array_pair4-&lt;lambda&gt;9]" time="0.004848480224609375"></testcase><testcase classname="src.pymortests.vectorarray" file="src/pymortests/vectorarray.py" line="791" name="test_add[compatible_vector_array_pair4-&lt;lambda&gt;10]" time="0.009410858154296875"></testcase><testcase classname="src.pymortests.vectorarray" file="src/pymortests/vectorarray.py" line="791" name="test_add[compatible_vector_array_pair4-&lt;lambda&gt;11]" time="0.0016644001007080078"></testcase><testcase classname="src.pymortests.vectorarray" file="src/pymortests/vectorarray.py" line="791" name="test_add[compatible_vector_array_pair4-&lt;lambda&gt;12]" time="0.0017523765563964844"></testcase><testcase classname="src.pymortests.vectorarray" file="src/pymortests/vectorarray.py" line="791" name="test_add[compatible_vector_array_pair4-&lt;lambda&gt;13]" time="0.0018930435180664062"></testcase><testcase classname="src.pymortests.vectorarray" file="src/pymortests/vectorarray.py" line="791" name="test_add[compatible_vector_array_pair4-&lt;lambda&gt;14]" time="0.001895904541015625"></testcase><testcase classname="src.pymortests.vectorarray" file="src/pymortests/vectorarray.py" line="791" name="test_add[compatible_vector_array_pair4-&lt;lambda&gt;15]" time="0.0022461414337158203"></testcase><testcase classname="src.pymortests.vectorarray" file="src/pymortests/vectorarray.py" line="791" name="test_add[compatible_vector_array_pair4-&lt;lambda&gt;16]" time="0.0025360584259033203"></testcase><testcase classname="src.pymortests.vectorarray" file="src/pymortests/vectorarray.py" line="791" name="test_add[compatible_vector_array_pair4-&lt;lambda&gt;17]" time="0.0024034976959228516"></testcase><testcase classname="src.pymortests.vectorarray" file="src/pymortests/vectorarray.py" line="791" name="test_add[compatible_vector_array_pair4-&lt;lambda&gt;18]" time="0.002016782760620117"></testcase><testcase classname="src.pymortests.vectorarray" file="src/pymortests/vectorarray.py" line="791" name="test_add[compatible_vector_array_pair4-&lt;lambda&gt;19]" time="0.0020055770874023438"></testcase><testcase classname="src.pymortests.vectorarray" file="src/pymortests/vectorarray.py" line="791" name="test_add[compatible_vector_array_pair4-&lt;lambda&gt;20]" time="0.024806976318359375"></testcase><testcase classname="src.pymortests.vectorarray" file="src/pymortests/vectorarray.py" line="791" name="test_add[compatible_vector_array_pair4-&lt;lambda&gt;21]" time="0.01761770248413086"></testcase><testcase classname="src.pymortests.vectorarray" file="src/pymortests/vectorarray.py" line="791" name="test_add[compatible_vector_array_pair4-&lt;lambda&gt;22]" time="0.05013012886047363"></testcase><testcase classname="src.pymortests.vectorarray" file="src/pymortests/vectorarray.py" line="791" name="test_add[compatible_vector_array_pair4-&lt;lambda&gt;23]" time="0.0037271976470947266"></testcase><testcase classname="src.pymortests.vectorarray" file="src/pymortests/vectorarray.py" line="791" name="test_add[compatible_vector_array_pair4-&lt;lambda&gt;24]" time="0.001359701156616211"></testcase><testcase classname="src.pymortests.vectorarray" file="src/pymortests/vectorarray.py" line="791" name="test_add[compatible_vector_array_pair4-&lt;lambda&gt;25]" time="0.0022461414337158203"></testcase><testcase classname="src.pymortests.vectorarray" file="src/pymortests/vectorarray.py" line="791" name="test_add[compatible_vector_array_pair4-&lt;lambda&gt;26]" time="0.023794174194335938"></testcase><testcase classname="src.pymortests.vectorarray" file="src/pymortests/vectorarray.py" line="791" name="test_add[compatible_vector_array_pair4-&lt;lambda&gt;27]" time="0.12020468711853027"></testcase><testcase classname="src.pymortests.vectorarray" file="src/pymortests/vectorarray.py" line="791" name="test_add[compatible_vector_array_pair4-&lt;lambda&gt;28]" time="0.31760501861572266"></testcase><testcase classname="src.pymortests.vectorarray" file="src/pymortests/vectorarray.py" line="791" name="test_add[compatible_vector_array_pair4-&lt;lambda&gt;29]" time="0.009460210800170898"></testcase><testcase classname="src.pymortests.vectorarray" file="src/pymortests/vectorarray.py" line="791" name="test_add[compatible_vector_array_pair5-&lt;lambda&gt;0]" time="0.0015740394592285156"></testcase><testcase classname="src.pymortests.vectorarray" file="src/pymortests/vectorarray.py" line="791" name="test_add[compatible_vector_array_pair5-&lt;lambda&gt;1]" time="0.0015301704406738281"></testcase><testcase classname="src.pymortests.vectorarray" file="src/pymortests/vectorarray.py" line="791" name="test_add[compatible_vector_array_pair5-&lt;lambda&gt;2]" time="0.001519918441772461"></testcase><testcase classname="src.pymortests.vectorarray" file="src/pymortests/vectorarray.py" line="791" name="test_add[compatible_vector_array_pair5-&lt;lambda&gt;3]" time="0.0016794204711914062"></testcase><testcase classname="src.pymortests.vectorarray" file="src/pymortests/vectorarray.py" line="791" name="test_add[compatible_vector_array_pair5-&lt;lambda&gt;4]" time="0.001489877700805664"></testcase><testcase classname="src.pymortests.vectorarray" file="src/pymortests/vectorarray.py" line="791" name="test_add[compatible_vector_array_pair5-&lt;lambda&gt;5]" time="0.0013675689697265625"></testcase><testcase classname="src.pymortests.vectorarray" file="src/pymortests/vectorarray.py" line="791" name="test_add[compatible_vector_array_pair5-&lt;lambda&gt;6]" time="0.001312255859375"></testcase><testcase classname="src.pymortests.vectorarray" file="src/pymortests/vectorarray.py" line="791" name="test_add[compatible_vector_array_pair5-&lt;lambda&gt;7]" time="0.0013308525085449219"></testcase><testcase classname="src.pymortests.vectorarray" file="src/pymortests/vectorarray.py" line="791" name="test_add[compatible_vector_array_pair5-&lt;lambda&gt;8]" time="0.0017619132995605469"></testcase><testcase classname="src.pymortests.vectorarray" file="src/pymortests/vectorarray.py" line="791" name="test_add[compatible_vector_array_pair5-&lt;lambda&gt;9]" time="0.004812955856323242"></testcase><testcase classname="src.pymortests.vectorarray" file="src/pymortests/vectorarray.py" line="791" name="test_add[compatible_vector_array_pair5-&lt;lambda&gt;10]" time="0.009469270706176758"></testcase><testcase classname="src.pymortests.vectorarray" file="src/pymortests/vectorarray.py" line="791" name="test_add[compatible_vector_array_pair5-&lt;lambda&gt;11]" time="0.0017168521881103516"></testcase><testcase classname="src.pymortests.vectorarray" file="src/pymortests/vectorarray.py" line="791" name="test_add[compatible_vector_array_pair5-&lt;lambda&gt;12]" time="0.0018889904022216797"></testcase><testcase classname="src.pymortests.vectorarray" file="src/pymortests/vectorarray.py" line="791" name="test_add[compatible_vector_array_pair5-&lt;lambda&gt;13]" time="0.0019273757934570312"></testcase><testcase classname="src.pymortests.vectorarray" file="src/pymortests/vectorarray.py" line="791" name="test_add[compatible_vector_array_pair5-&lt;lambda&gt;14]" time="0.0018584728240966797"></testcase><testcase classname="src.pymortests.vectorarray" file="src/pymortests/vectorarray.py" line="791" name="test_add[compatible_vector_array_pair5-&lt;lambda&gt;15]" time="0.002273082733154297"></testcase><testcase classname="src.pymortests.vectorarray" file="src/pymortests/vectorarray.py" line="791" name="test_add[compatible_vector_array_pair5-&lt;lambda&gt;16]" time="0.0024862289428710938"></testcase><testcase classname="src.pymortests.vectorarray" file="src/pymortests/vectorarray.py" line="791" name="test_add[compatible_vector_array_pair5-&lt;lambda&gt;17]" time="0.002306222915649414"></testcase><testcase classname="src.pymortests.vectorarray" file="src/pymortests/vectorarray.py" line="791" name="test_add[compatible_vector_array_pair5-&lt;lambda&gt;18]" time="0.002101421356201172"></testcase><testcase classname="src.pymortests.vectorarray" file="src/pymortests/vectorarray.py" line="791" name="test_add[compatible_vector_array_pair5-&lt;lambda&gt;19]" time="0.0020284652709960938"></testcase><testcase classname="src.pymortests.vectorarray" file="src/pymortests/vectorarray.py" line="791" name="test_add[compatible_vector_array_pair5-&lt;lambda&gt;20]" time="0.024904489517211914"></testcase><testcase classname="src.pymortests.vectorarray" file="src/pymortests/vectorarray.py" line="791" name="test_add[compatible_vector_array_pair5-&lt;lambda&gt;21]" time="0.01812291145324707"></testcase><testcase classname="src.pymortests.vectorarray" file="src/pymortests/vectorarray.py" line="791" name="test_add[compatible_vector_array_pair5-&lt;lambda&gt;22]" time="0.05012631416320801"></testcase><testcase classname="src.pymortests.vectorarray" file="src/pymortests/vectorarray.py" line="791" name="test_add[compatible_vector_array_pair5-&lt;lambda&gt;23]" time="0.0038094520568847656"></testcase><testcase classname="src.pymortests.vectorarray" file="src/pymortests/vectorarray.py" line="791" name="test_add[compatible_vector_array_pair5-&lt;lambda&gt;24]" time="0.0013687610626220703"></testcase><testcase classname="src.pymortests.vectorarray" file="src/pymortests/vectorarray.py" line="791" name="test_add[compatible_vector_array_pair5-&lt;lambda&gt;25]" time="0.002283811569213867"></testcase><testcase classname="src.pymortests.vectorarray" file="src/pymortests/vectorarray.py" line="791" name="test_add[compatible_vector_array_pair5-&lt;lambda&gt;26]" time="0.023579835891723633"></testcase><testcase classname="src.pymortests.vectorarray" file="src/pymortests/vectorarray.py" line="791" name="test_add[compatible_vector_array_pair5-&lt;lambda&gt;27]" time="0.11914849281311035"></testcase><testcase classname="src.pymortests.vectorarray" file="src/pymortests/vectorarray.py" line="791" name="test_add[compatible_vector_array_pair5-&lt;lambda&gt;28]" time="0.3178284168243408"></testcase><testcase classname="src.pymortests.vectorarray" file="src/pymortests/vectorarray.py" line="791" name="test_add[compatible_vector_array_pair5-&lt;lambda&gt;29]" time="0.009273529052734375"></testcase><testcase classname="src.pymortests.vectorarray" file="src/pymortests/vectorarray.py" line="791" name="test_add[compatible_vector_array_pair6-&lt;lambda&gt;0]" time="0.0015177726745605469"></testcase><testcase classname="src.pymortests.vectorarray" file="src/pymortests/vectorarray.py" line="791" name="test_add[compatible_vector_array_pair6-&lt;lambda&gt;1]" time="0.0014142990112304688"></testcase><testcase classname="src.pymortests.vectorarray" file="src/pymortests/vectorarray.py" line="791" name="test_add[compatible_vector_array_pair6-&lt;lambda&gt;2]" time="0.0014317035675048828"></testcase><testcase classname="src.pymortests.vectorarray" file="src/pymortests/vectorarray.py" line="791" name="test_add[compatible_vector_array_pair6-&lt;lambda&gt;3]" time="0.0015444755554199219"></testcase><testcase classname="src.pymortests.vectorarray" file="src/pymortests/vectorarray.py" line="791" name="test_add[compatible_vector_array_pair6-&lt;lambda&gt;4]" time="0.0014057159423828125"></testcase><testcase classname="src.pymortests.vectorarray" file="src/pymortests/vectorarray.py" line="791" name="test_add[compatible_vector_array_pair6-&lt;lambda&gt;5]" time="0.0016207695007324219"></testcase><testcase classname="src.pymortests.vectorarray" file="src/pymortests/vectorarray.py" line="791" name="test_add[compatible_vector_array_pair6-&lt;lambda&gt;6]" time="0.0012731552124023438"></testcase><testcase classname="src.pymortests.vectorarray" file="src/pymortests/vectorarray.py" line="791" name="test_add[compatible_vector_array_pair6-&lt;lambda&gt;7]" time="0.0013206005096435547"></testcase><testcase classname="src.pymortests.vectorarray" file="src/pymortests/vectorarray.py" line="791" name="test_add[compatible_vector_array_pair6-&lt;lambda&gt;8]" time="0.001596212387084961"></testcase><testcase classname="src.pymortests.vectorarray" file="src/pymortests/vectorarray.py" line="791" name="test_add[compatible_vector_array_pair6-&lt;lambda&gt;9]" time="0.004606962203979492"></testcase><testcase classname="src.pymortests.vectorarray" file="src/pymortests/vectorarray.py" line="791" name="test_add[compatible_vector_array_pair6-&lt;lambda&gt;10]" time="0.00866246223449707"></testcase><testcase classname="src.pymortests.vectorarray" file="src/pymortests/vectorarray.py" line="791" name="test_add[compatible_vector_array_pair6-&lt;lambda&gt;11]" time="0.0015637874603271484"></testcase><testcase classname="src.pymortests.vectorarray" file="src/pymortests/vectorarray.py" line="791" name="test_add[compatible_vector_array_pair6-&lt;lambda&gt;12]" time="0.0017066001892089844"></testcase><testcase classname="src.pymortests.vectorarray" file="src/pymortests/vectorarray.py" line="791" name="test_add[compatible_vector_array_pair6-&lt;lambda&gt;13]" time="0.0018875598907470703"></testcase><testcase classname="src.pymortests.vectorarray" file="src/pymortests/vectorarray.py" line="791" name="test_add[compatible_vector_array_pair6-&lt;lambda&gt;14]" time="0.001726388931274414"></testcase><testcase classname="src.pymortests.vectorarray" file="src/pymortests/vectorarray.py" line="791" name="test_add[compatible_vector_array_pair6-&lt;lambda&gt;15]" time="0.0021576881408691406"></testcase><testcase classname="src.pymortests.vectorarray" file="src/pymortests/vectorarray.py" line="791" name="test_add[compatible_vector_array_pair6-&lt;lambda&gt;16]" time="0.002583742141723633"></testcase><testcase classname="src.pymortests.vectorarray" file="src/pymortests/vectorarray.py" line="791" name="test_add[compatible_vector_array_pair6-&lt;lambda&gt;17]" time="0.002188444137573242"></testcase><testcase classname="src.pymortests.vectorarray" file="src/pymortests/vectorarray.py" line="791" name="test_add[compatible_vector_array_pair6-&lt;lambda&gt;18]" time="0.0019996166229248047"></testcase><testcase classname="src.pymortests.vectorarray" file="src/pymortests/vectorarray.py" line="791" name="test_add[compatible_vector_array_pair6-&lt;lambda&gt;19]" time="0.0020270347595214844"></testcase><testcase classname="src.pymortests.vectorarray" file="src/pymortests/vectorarray.py" line="791" name="test_add[compatible_vector_array_pair6-&lt;lambda&gt;20]" time="0.025072813034057617"></testcase><testcase classname="src.pymortests.vectorarray" file="src/pymortests/vectorarray.py" line="791" name="test_add[compatible_vector_array_pair6-&lt;lambda&gt;21]" time="0.017966508865356445"></testcase><testcase classname="src.pymortests.vectorarray" file="src/pymortests/vectorarray.py" line="791" name="test_add[compatible_vector_array_pair6-&lt;lambda&gt;22]" time="0.04898786544799805"></testcase><testcase classname="src.pymortests.vectorarray" file="src/pymortests/vectorarray.py" line="791" name="test_add[compatible_vector_array_pair6-&lt;lambda&gt;23]" time="0.0036635398864746094"></testcase><testcase classname="src.pymortests.vectorarray" file="src/pymortests/vectorarray.py" line="791" name="test_add[compatible_vector_array_pair6-&lt;lambda&gt;24]" time="0.0012998580932617188"></testcase><testcase classname="src.pymortests.vectorarray" file="src/pymortests/vectorarray.py" line="791" name="test_add[compatible_vector_array_pair6-&lt;lambda&gt;25]" time="0.0021440982818603516"></testcase><testcase classname="src.pymortests.vectorarray" file="src/pymortests/vectorarray.py" line="791" name="test_add[compatible_vector_array_pair6-&lt;lambda&gt;26]" time="0.02322220802307129"></testcase><testcase classname="src.pymortests.vectorarray" file="src/pymortests/vectorarray.py" line="791" name="test_add[compatible_vector_array_pair6-&lt;lambda&gt;27]" time="0.11949324607849121"></testcase><testcase classname="src.pymortests.vectorarray" file="src/pymortests/vectorarray.py" line="791" name="test_add[compatible_vector_array_pair6-&lt;lambda&gt;28]" time="0.3153109550476074"></testcase><testcase classname="src.pymortests.vectorarray" file="src/pymortests/vectorarray.py" line="791" name="test_add[compatible_vector_array_pair6-&lt;lambda&gt;29]" time="0.009273767471313477"></testcase><testcase classname="src.pymortests.vectorarray" file="src/pymortests/vectorarray.py" line="791" name="test_add[compatible_vector_array_pair7-&lt;lambda&gt;0]" time="0.001508474349975586"></testcase><testcase classname="src.pymortests.vectorarray" file="src/pymortests/vectorarray.py" line="791" name="test_add[compatible_vector_array_pair7-&lt;lambda&gt;1]" time="0.0014946460723876953"></testcase><testcase classname="src.pymortests.vectorarray" file="src/pymortests/vectorarray.py" line="791" name="test_add[compatible_vector_array_pair7-&lt;lambda&gt;2]" time="0.0014722347259521484"></testcase><testcase classname="src.pymortests.vectorarray" file="src/pymortests/vectorarray.py" line="791" name="test_add[compatible_vector_array_pair7-&lt;lambda&gt;3]" time="0.0016160011291503906"></testcase><testcase classname="src.pymortests.vectorarray" file="src/pymortests/vectorarray.py" line="791" name="test_add[compatible_vector_array_pair7-&lt;lambda&gt;4]" time="0.0015006065368652344"></testcase><testcase classname="src.pymortests.vectorarray" file="src/pymortests/vectorarray.py" line="791" name="test_add[compatible_vector_array_pair7-&lt;lambda&gt;5]" time="0.0013699531555175781"></testcase><testcase classname="src.pymortests.vectorarray" file="src/pymortests/vectorarray.py" line="791" name="test_add[compatible_vector_array_pair7-&lt;lambda&gt;6]" time="0.0013554096221923828"></testcase><testcase classname="src.pymortests.vectorarray" file="src/pymortests/vectorarray.py" line="791" name="test_add[compatible_vector_array_pair7-&lt;lambda&gt;7]" time="0.0013484954833984375"></testcase><testcase classname="src.pymortests.vectorarray" file="src/pymortests/vectorarray.py" line="791" name="test_add[compatible_vector_array_pair7-&lt;lambda&gt;8]" time="0.0017158985137939453"></testcase><testcase classname="src.pymortests.vectorarray" file="src/pymortests/vectorarray.py" line="791" name="test_add[compatible_vector_array_pair7-&lt;lambda&gt;9]" time="0.004622697830200195"></testcase><testcase classname="src.pymortests.vectorarray" file="src/pymortests/vectorarray.py" line="791" name="test_add[compatible_vector_array_pair7-&lt;lambda&gt;10]" time="0.009186744689941406"></testcase><testcase classname="src.pymortests.vectorarray" file="src/pymortests/vectorarray.py" line="791" name="test_add[compatible_vector_array_pair7-&lt;lambda&gt;11]" time="0.0015978813171386719"></testcase><testcase classname="src.pymortests.vectorarray" file="src/pymortests/vectorarray.py" line="791" name="test_add[compatible_vector_array_pair7-&lt;lambda&gt;12]" time="0.0017361640930175781"></testcase><testcase classname="src.pymortests.vectorarray" file="src/pymortests/vectorarray.py" line="791" name="test_add[compatible_vector_array_pair7-&lt;lambda&gt;13]" time="0.0018925666809082031"></testcase><testcase classname="src.pymortests.vectorarray" file="src/pymortests/vectorarray.py" line="791" name="test_add[compatible_vector_array_pair7-&lt;lambda&gt;14]" time="0.0018112659454345703"></testcase><testcase classname="src.pymortests.vectorarray" file="src/pymortests/vectorarray.py" line="791" name="test_add[compatible_vector_array_pair7-&lt;lambda&gt;15]" time="0.002222299575805664"></testcase><testcase classname="src.pymortests.vectorarray" file="src/pymortests/vectorarray.py" line="791" name="test_add[compatible_vector_array_pair7-&lt;lambda&gt;16]" time="0.002404928207397461"></testcase><testcase classname="src.pymortests.vectorarray" file="src/pymortests/vectorarray.py" line="791" name="test_add[compatible_vector_array_pair7-&lt;lambda&gt;17]" time="0.002252817153930664"></testcase><testcase classname="src.pymortests.vectorarray" file="src/pymortests/vectorarray.py" line="791" name="test_add[compatible_vector_array_pair7-&lt;lambda&gt;18]" time="0.0019974708557128906"></testcase><testcase classname="src.pymortests.vectorarray" file="src/pymortests/vectorarray.py" line="791" name="test_add[compatible_vector_array_pair7-&lt;lambda&gt;19]" time="0.0019576549530029297"></testcase><testcase classname="src.pymortests.vectorarray" file="src/pymortests/vectorarray.py" line="791" name="test_add[compatible_vector_array_pair7-&lt;lambda&gt;20]" time="0.02489924430847168"></testcase><testcase classname="src.pymortests.vectorarray" file="src/pymortests/vectorarray.py" line="791" name="test_add[compatible_vector_array_pair7-&lt;lambda&gt;21]" time="0.01818680763244629"></testcase><testcase classname="src.pymortests.vectorarray" file="src/pymortests/vectorarray.py" line="791" name="test_add[compatible_vector_array_pair7-&lt;lambda&gt;22]" time="0.04848670959472656"></testcase><testcase classname="src.pymortests.vectorarray" file="src/pymortests/vectorarray.py" line="791" name="test_add[compatible_vector_array_pair7-&lt;lambda&gt;23]" time="0.0037314891815185547"></testcase><testcase classname="src.pymortests.vectorarray" file="src/pymortests/vectorarray.py" line="791" name="test_add[compatible_vector_array_pair7-&lt;lambda&gt;24]" time="0.0013015270233154297"></testcase><testcase classname="src.pymortests.vectorarray" file="src/pymortests/vectorarray.py" line="791" name="test_add[compatible_vector_array_pair7-&lt;lambda&gt;25]" time="0.0022351741790771484"></testcase><testcase classname="src.pymortests.vectorarray" file="src/pymortests/vectorarray.py" line="791" name="test_add[compatible_vector_array_pair7-&lt;lambda&gt;26]" time="0.02372455596923828"></testcase><testcase classname="src.pymortests.vectorarray" file="src/pymortests/vectorarray.py" line="791" name="test_add[compatible_vector_array_pair7-&lt;lambda&gt;27]" time="0.1198122501373291"></testcase><testcase classname="src.pymortests.vectorarray" file="src/pymortests/vectorarray.py" line="791" name="test_add[compatible_vector_array_pair7-&lt;lambda&gt;28]" time="0.3157365322113037"></testcase><testcase classname="src.pymortests.vectorarray" file="src/pymortests/vectorarray.py" line="791" name="test_add[compatible_vector_array_pair7-&lt;lambda&gt;29]" time="0.00921010971069336"></testcase><testcase classname="src.pymortests.vectorarray" file="src/pymortests/vectorarray.py" line="791" name="test_add[compatible_vector_array_pair8-&lt;lambda&gt;0]" time="0.0014989376068115234"></testcase><testcase classname="src.pymortests.vectorarray" file="src/pymortests/vectorarray.py" line="791" name="test_add[compatible_vector_array_pair8-&lt;lambda&gt;1]" time="0.001398324966430664"></testcase><testcase classname="src.pymortests.vectorarray" file="src/pymortests/vectorarray.py" line="791" name="test_add[compatible_vector_array_pair8-&lt;lambda&gt;2]" time="0.0014636516571044922"></testcase><testcase classname="src.pymortests.vectorarray" file="src/pymortests/vectorarray.py" line="791" name="test_add[compatible_vector_array_pair8-&lt;lambda&gt;3]" time="0.0015010833740234375"></testcase><testcase classname="src.pymortests.vectorarray" file="src/pymortests/vectorarray.py" line="791" name="test_add[compatible_vector_array_pair8-&lt;lambda&gt;4]" time="0.0014104843139648438"></testcase><testcase classname="src.pymortests.vectorarray" file="src/pymortests/vectorarray.py" line="791" name="test_add[compatible_vector_array_pair8-&lt;lambda&gt;5]" time="0.0013070106506347656"></testcase><testcase classname="src.pymortests.vectorarray" file="src/pymortests/vectorarray.py" line="791" name="test_add[compatible_vector_array_pair8-&lt;lambda&gt;6]" time="0.0012922286987304688"></testcase><testcase classname="src.pymortests.vectorarray" file="src/pymortests/vectorarray.py" line="791" name="test_add[compatible_vector_array_pair8-&lt;lambda&gt;7]" time="0.0013768672943115234"></testcase><testcase classname="src.pymortests.vectorarray" file="src/pymortests/vectorarray.py" line="791" name="test_add[compatible_vector_array_pair8-&lt;lambda&gt;8]" time="0.002442598342895508"></testcase><testcase classname="src.pymortests.vectorarray" file="src/pymortests/vectorarray.py" line="791" name="test_add[compatible_vector_array_pair8-&lt;lambda&gt;9]" time="0.004682779312133789"></testcase><testcase classname="src.pymortests.vectorarray" file="src/pymortests/vectorarray.py" line="791" name="test_add[compatible_vector_array_pair8-&lt;lambda&gt;10]" time="0.009271860122680664"></testcase><testcase classname="src.pymortests.vectorarray" file="src/pymortests/vectorarray.py" line="791" name="test_add[compatible_vector_array_pair8-&lt;lambda&gt;11]" time="0.0015614032745361328"></testcase><testcase classname="src.pymortests.vectorarray" file="src/pymortests/vectorarray.py" line="791" name="test_add[compatible_vector_array_pair8-&lt;lambda&gt;12]" time="0.0017781257629394531"></testcase><testcase classname="src.pymortests.vectorarray" file="src/pymortests/vectorarray.py" line="791" name="test_add[compatible_vector_array_pair8-&lt;lambda&gt;13]" time="0.001829385757446289"></testcase><testcase classname="src.pymortests.vectorarray" file="src/pymortests/vectorarray.py" line="791" name="test_add[compatible_vector_array_pair8-&lt;lambda&gt;14]" time="0.001697540283203125"></testcase><testcase classname="src.pymortests.vectorarray" file="src/pymortests/vectorarray.py" line="791" name="test_add[compatible_vector_array_pair8-&lt;lambda&gt;15]" time="0.002130746841430664"></testcase><testcase classname="src.pymortests.vectorarray" file="src/pymortests/vectorarray.py" line="791" name="test_add[compatible_vector_array_pair8-&lt;lambda&gt;16]" time="0.002386331558227539"></testcase><testcase classname="src.pymortests.vectorarray" file="src/pymortests/vectorarray.py" line="791" name="test_add[compatible_vector_array_pair8-&lt;lambda&gt;17]" time="0.0022125244140625"></testcase><testcase classname="src.pymortests.vectorarray" file="src/pymortests/vectorarray.py" line="791" name="test_add[compatible_vector_array_pair8-&lt;lambda&gt;18]" time="0.0019376277923583984"></testcase><testcase classname="src.pymortests.vectorarray" file="src/pymortests/vectorarray.py" line="791" name="test_add[compatible_vector_array_pair8-&lt;lambda&gt;19]" time="0.001955270767211914"></testcase><testcase classname="src.pymortests.vectorarray" file="src/pymortests/vectorarray.py" line="791" name="test_add[compatible_vector_array_pair8-&lt;lambda&gt;20]" time="0.025321245193481445"></testcase><testcase classname="src.pymortests.vectorarray" file="src/pymortests/vectorarray.py" line="791" name="test_add[compatible_vector_array_pair8-&lt;lambda&gt;21]" time="0.017948150634765625"></testcase><testcase classname="src.pymortests.vectorarray" file="src/pymortests/vectorarray.py" line="791" name="test_add[compatible_vector_array_pair8-&lt;lambda&gt;22]" time="0.049395084381103516"></testcase><testcase classname="src.pymortests.vectorarray" file="src/pymortests/vectorarray.py" line="791" name="test_add[compatible_vector_array_pair8-&lt;lambda&gt;23]" time="0.003761768341064453"></testcase><testcase classname="src.pymortests.vectorarray" file="src/pymortests/vectorarray.py" line="791" name="test_add[compatible_vector_array_pair8-&lt;lambda&gt;24]" time="0.0012574195861816406"></testcase><testcase classname="src.pymortests.vectorarray" file="src/pymortests/vectorarray.py" line="791" name="test_add[compatible_vector_array_pair8-&lt;lambda&gt;25]" time="0.0021255016326904297"></testcase><testcase classname="src.pymortests.vectorarray" file="src/pymortests/vectorarray.py" line="791" name="test_add[compatible_vector_array_pair8-&lt;lambda&gt;26]" time="0.023739337921142578"></testcase><testcase classname="src.pymortests.vectorarray" file="src/pymortests/vectorarray.py" line="791" name="test_add[compatible_vector_array_pair8-&lt;lambda&gt;27]" time="0.11982536315917969"></testcase><testcase classname="src.pymortests.vectorarray" file="src/pymortests/vectorarray.py" line="791" name="test_add[compatible_vector_array_pair8-&lt;lambda&gt;28]" time="0.31711769104003906"></testcase><testcase classname="src.pymortests.vectorarray" file="src/pymortests/vectorarray.py" line="791" name="test_add[compatible_vector_array_pair8-&lt;lambda&gt;29]" time="0.009274005889892578"></testcase><testcase classname="src.pymortests.vectorarray" file="src/pymortests/vectorarray.py" line="804" name="test_iadd[compatible_vector_array_pair0-&lt;lambda&gt;0]" time="0.0016772747039794922"></testcase><testcase classname="src.pymortests.vectorarray" file="src/pymortests/vectorarray.py" line="804" name="test_iadd[compatible_vector_array_pair0-&lt;lambda&gt;1]" time="0.0015125274658203125"></testcase><testcase classname="src.pymortests.vectorarray" file="src/pymortests/vectorarray.py" line="804" name="test_iadd[compatible_vector_array_pair0-&lt;lambda&gt;2]" time="0.0013723373413085938"></testcase><testcase classname="src.pymortests.vectorarray" file="src/pymortests/vectorarray.py" line="804" name="test_iadd[compatible_vector_array_pair0-&lt;lambda&gt;3]" time="0.0014660358428955078"></testcase><testcase classname="src.pymortests.vectorarray" file="src/pymortests/vectorarray.py" line="804" name="test_iadd[compatible_vector_array_pair0-&lt;lambda&gt;4]" time="0.0013549327850341797"></testcase><testcase classname="src.pymortests.vectorarray" file="src/pymortests/vectorarray.py" line="804" name="test_iadd[compatible_vector_array_pair0-&lt;lambda&gt;5]" time="0.001252889633178711"></testcase><testcase classname="src.pymortests.vectorarray" file="src/pymortests/vectorarray.py" line="804" name="test_iadd[compatible_vector_array_pair0-&lt;lambda&gt;6]" time="0.0012784004211425781"></testcase><testcase classname="src.pymortests.vectorarray" file="src/pymortests/vectorarray.py" line="804" name="test_iadd[compatible_vector_array_pair0-&lt;lambda&gt;7]" time="0.0012464523315429688"></testcase><testcase classname="src.pymortests.vectorarray" file="src/pymortests/vectorarray.py" line="804" name="test_iadd[compatible_vector_array_pair0-&lt;lambda&gt;8]" time="0.0015282630920410156"></testcase><testcase classname="src.pymortests.vectorarray" file="src/pymortests/vectorarray.py" line="804" name="test_iadd[compatible_vector_array_pair0-&lt;lambda&gt;9]" time="0.003268718719482422"></testcase><testcase classname="src.pymortests.vectorarray" file="src/pymortests/vectorarray.py" line="804" name="test_iadd[compatible_vector_array_pair0-&lt;lambda&gt;10]" time="0.005562782287597656"></testcase><testcase classname="src.pymortests.vectorarray" file="src/pymortests/vectorarray.py" line="804" name="test_iadd[compatible_vector_array_pair0-&lt;lambda&gt;11]" time="0.0013885498046875"></testcase><testcase classname="src.pymortests.vectorarray" file="src/pymortests/vectorarray.py" line="804" name="test_iadd[compatible_vector_array_pair0-&lt;lambda&gt;12]" time="0.0015001296997070312"></testcase><testcase classname="src.pymortests.vectorarray" file="src/pymortests/vectorarray.py" line="804" name="test_iadd[compatible_vector_array_pair0-&lt;lambda&gt;13]" time="0.0016140937805175781"></testcase><testcase classname="src.pymortests.vectorarray" file="src/pymortests/vectorarray.py" line="804" name="test_iadd[compatible_vector_array_pair0-&lt;lambda&gt;14]" time="0.001577138900756836"></testcase><testcase classname="src.pymortests.vectorarray" file="src/pymortests/vectorarray.py" line="804" name="test_iadd[compatible_vector_array_pair0-&lt;lambda&gt;15]" time="0.001840353012084961"></testcase><testcase classname="src.pymortests.vectorarray" file="src/pymortests/vectorarray.py" line="804" name="test_iadd[compatible_vector_array_pair0-&lt;lambda&gt;16]" time="0.0020546913146972656"></testcase><testcase classname="src.pymortests.vectorarray" file="src/pymortests/vectorarray.py" line="804" name="test_iadd[compatible_vector_array_pair0-&lt;lambda&gt;17]" time="0.001855611801147461"></testcase><testcase classname="src.pymortests.vectorarray" file="src/pymortests/vectorarray.py" line="804" name="test_iadd[compatible_vector_array_pair0-&lt;lambda&gt;18]" time="0.0018985271453857422"></testcase><testcase classname="src.pymortests.vectorarray" file="src/pymortests/vectorarray.py" line="804" name="test_iadd[compatible_vector_array_pair0-&lt;lambda&gt;19]" time="0.0019562244415283203"></testcase><testcase classname="src.pymortests.vectorarray" file="src/pymortests/vectorarray.py" line="804" name="test_iadd[compatible_vector_array_pair0-&lt;lambda&gt;20]" time="0.02466750144958496"></testcase><testcase classname="src.pymortests.vectorarray" file="src/pymortests/vectorarray.py" line="804" name="test_iadd[compatible_vector_array_pair0-&lt;lambda&gt;21]" time="0.015208244323730469"></testcase><testcase classname="src.pymortests.vectorarray" file="src/pymortests/vectorarray.py" line="804" name="test_iadd[compatible_vector_array_pair0-&lt;lambda&gt;22]" time="0.043190717697143555"></testcase><testcase classname="src.pymortests.vectorarray" file="src/pymortests/vectorarray.py" line="804" name="test_iadd[compatible_vector_array_pair0-&lt;lambda&gt;23]" time="0.0036933422088623047"></testcase><testcase classname="src.pymortests.vectorarray" file="src/pymortests/vectorarray.py" line="804" name="test_iadd[compatible_vector_array_pair0-&lt;lambda&gt;24]" time="0.00128173828125"></testcase><testcase classname="src.pymortests.vectorarray" file="src/pymortests/vectorarray.py" line="804" name="test_iadd[compatible_vector_array_pair0-&lt;lambda&gt;25]" time="0.0021102428436279297"></testcase><testcase classname="src.pymortests.vectorarray" file="src/pymortests/vectorarray.py" line="804" name="test_iadd[compatible_vector_array_pair0-&lt;lambda&gt;26]" time="0.022585630416870117"></testcase><testcase classname="src.pymortests.vectorarray" file="src/pymortests/vectorarray.py" line="804" name="test_iadd[compatible_vector_array_pair0-&lt;lambda&gt;27]" time="0.07647299766540527"></testcase><testcase classname="src.pymortests.vectorarray" file="src/pymortests/vectorarray.py" line="804" name="test_iadd[compatible_vector_array_pair0-&lt;lambda&gt;28]" time="0.21193838119506836"></testcase><testcase classname="src.pymortests.vectorarray" file="src/pymortests/vectorarray.py" line="804" name="test_iadd[compatible_vector_array_pair0-&lt;lambda&gt;29]" time="0.0071485042572021484"></testcase><testcase classname="src.pymortests.vectorarray" file="src/pymortests/vectorarray.py" line="804" name="test_iadd[compatible_vector_array_pair1-&lt;lambda&gt;0]" time="0.001413106918334961"></testcase><testcase classname="src.pymortests.vectorarray" file="src/pymortests/vectorarray.py" line="804" name="test_iadd[compatible_vector_array_pair1-&lt;lambda&gt;1]" time="0.0013797283172607422"></testcase><testcase classname="src.pymortests.vectorarray" file="src/pymortests/vectorarray.py" line="804" name="test_iadd[compatible_vector_array_pair1-&lt;lambda&gt;2]" time="0.0013806819915771484"></testcase><testcase classname="src.pymortests.vectorarray" file="src/pymortests/vectorarray.py" line="804" name="test_iadd[compatible_vector_array_pair1-&lt;lambda&gt;3]" time="0.001531839370727539"></testcase><testcase classname="src.pymortests.vectorarray" file="src/pymortests/vectorarray.py" line="804" name="test_iadd[compatible_vector_array_pair1-&lt;lambda&gt;4]" time="0.0013651847839355469"></testcase><testcase classname="src.pymortests.vectorarray" file="src/pymortests/vectorarray.py" line="804" name="test_iadd[compatible_vector_array_pair1-&lt;lambda&gt;5]" time="0.0012848377227783203"></testcase><testcase classname="src.pymortests.vectorarray" file="src/pymortests/vectorarray.py" line="804" name="test_iadd[compatible_vector_array_pair1-&lt;lambda&gt;6]" time="0.001256704330444336"></testcase><testcase classname="src.pymortests.vectorarray" file="src/pymortests/vectorarray.py" line="804" name="test_iadd[compatible_vector_array_pair1-&lt;lambda&gt;7]" time="0.0012998580932617188"></testcase><testcase classname="src.pymortests.vectorarray" file="src/pymortests/vectorarray.py" line="804" name="test_iadd[compatible_vector_array_pair1-&lt;lambda&gt;8]" time="0.001583099365234375"></testcase><testcase classname="src.pymortests.vectorarray" file="src/pymortests/vectorarray.py" line="804" name="test_iadd[compatible_vector_array_pair1-&lt;lambda&gt;9]" time="0.0031898021697998047"></testcase><testcase classname="src.pymortests.vectorarray" file="src/pymortests/vectorarray.py" line="804" name="test_iadd[compatible_vector_array_pair1-&lt;lambda&gt;10]" time="0.005937337875366211"></testcase><testcase classname="src.pymortests.vectorarray" file="src/pymortests/vectorarray.py" line="804" name="test_iadd[compatible_vector_array_pair1-&lt;lambda&gt;11]" time="0.001657247543334961"></testcase><testcase classname="src.pymortests.vectorarray" file="src/pymortests/vectorarray.py" line="804" name="test_iadd[compatible_vector_array_pair1-&lt;lambda&gt;12]" time="0.0015943050384521484"></testcase><testcase classname="src.pymortests.vectorarray" file="src/pymortests/vectorarray.py" line="804" name="test_iadd[compatible_vector_array_pair1-&lt;lambda&gt;13]" time="0.0017802715301513672"></testcase><testcase classname="src.pymortests.vectorarray" file="src/pymortests/vectorarray.py" line="804" name="test_iadd[compatible_vector_array_pair1-&lt;lambda&gt;14]" time="0.001672506332397461"></testcase><testcase classname="src.pymortests.vectorarray" file="src/pymortests/vectorarray.py" line="804" name="test_iadd[compatible_vector_array_pair1-&lt;lambda&gt;15]" time="0.0020568370819091797"></testcase><testcase classname="src.pymortests.vectorarray" file="src/pymortests/vectorarray.py" line="804" name="test_iadd[compatible_vector_array_pair1-&lt;lambda&gt;16]" time="0.0022182464599609375"></testcase><testcase classname="src.pymortests.vectorarray" file="src/pymortests/vectorarray.py" line="804" name="test_iadd[compatible_vector_array_pair1-&lt;lambda&gt;17]" time="0.0020101070404052734"></testcase><testcase classname="src.pymortests.vectorarray" file="src/pymortests/vectorarray.py" line="804" name="test_iadd[compatible_vector_array_pair1-&lt;lambda&gt;18]" time="0.0019412040710449219"></testcase><testcase classname="src.pymortests.vectorarray" file="src/pymortests/vectorarray.py" line="804" name="test_iadd[compatible_vector_array_pair1-&lt;lambda&gt;19]" time="0.0019474029541015625"></testcase><testcase classname="src.pymortests.vectorarray" file="src/pymortests/vectorarray.py" line="804" name="test_iadd[compatible_vector_array_pair1-&lt;lambda&gt;20]" time="0.024870872497558594"></testcase><testcase classname="src.pymortests.vectorarray" file="src/pymortests/vectorarray.py" line="804" name="test_iadd[compatible_vector_array_pair1-&lt;lambda&gt;21]" time="0.015268802642822266"></testcase><testcase classname="src.pymortests.vectorarray" file="src/pymortests/vectorarray.py" line="804" name="test_iadd[compatible_vector_array_pair1-&lt;lambda&gt;22]" time="0.04456377029418945"></testcase><testcase classname="src.pymortests.vectorarray" file="src/pymortests/vectorarray.py" line="804" name="test_iadd[compatible_vector_array_pair1-&lt;lambda&gt;23]" time="0.0035653114318847656"></testcase><testcase classname="src.pymortests.vectorarray" file="src/pymortests/vectorarray.py" line="804" name="test_iadd[compatible_vector_array_pair1-&lt;lambda&gt;24]" time="0.0012907981872558594"></testcase><testcase classname="src.pymortests.vectorarray" file="src/pymortests/vectorarray.py" line="804" name="test_iadd[compatible_vector_array_pair1-&lt;lambda&gt;25]" time="0.002157926559448242"></testcase><testcase classname="src.pymortests.vectorarray" file="src/pymortests/vectorarray.py" line="804" name="test_iadd[compatible_vector_array_pair1-&lt;lambda&gt;26]" time="0.02255535125732422"></testcase><testcase classname="src.pymortests.vectorarray" file="src/pymortests/vectorarray.py" line="804" name="test_iadd[compatible_vector_array_pair1-&lt;lambda&gt;27]" time="0.07923531532287598"></testcase><testcase classname="src.pymortests.vectorarray" file="src/pymortests/vectorarray.py" line="804" name="test_iadd[compatible_vector_array_pair1-&lt;lambda&gt;28]" time="0.2125835418701172"></testcase><testcase classname="src.pymortests.vectorarray" file="src/pymortests/vectorarray.py" line="804" name="test_iadd[compatible_vector_array_pair1-&lt;lambda&gt;29]" time="0.00782155990600586"></testcase><testcase classname="src.pymortests.vectorarray" file="src/pymortests/vectorarray.py" line="804" name="test_iadd[compatible_vector_array_pair2-&lt;lambda&gt;0]" time="0.002142667770385742"></testcase><testcase classname="src.pymortests.vectorarray" file="src/pymortests/vectorarray.py" line="804" name="test_iadd[compatible_vector_array_pair2-&lt;lambda&gt;1]" time="0.0015070438385009766"></testcase><testcase classname="src.pymortests.vectorarray" file="src/pymortests/vectorarray.py" line="804" name="test_iadd[compatible_vector_array_pair2-&lt;lambda&gt;2]" time="0.0014374256134033203"></testcase><testcase classname="src.pymortests.vectorarray" file="src/pymortests/vectorarray.py" line="804" name="test_iadd[compatible_vector_array_pair2-&lt;lambda&gt;3]" time="0.0014944076538085938"></testcase><testcase classname="src.pymortests.vectorarray" file="src/pymortests/vectorarray.py" line="804" name="test_iadd[compatible_vector_array_pair2-&lt;lambda&gt;4]" time="0.0014100074768066406"></testcase><testcase classname="src.pymortests.vectorarray" file="src/pymortests/vectorarray.py" line="804" name="test_iadd[compatible_vector_array_pair2-&lt;lambda&gt;5]" time="0.001317739486694336"></testcase><testcase classname="src.pymortests.vectorarray" file="src/pymortests/vectorarray.py" line="804" name="test_iadd[compatible_vector_array_pair2-&lt;lambda&gt;6]" time="0.0012845993041992188"></testcase><testcase classname="src.pymortests.vectorarray" file="src/pymortests/vectorarray.py" line="804" name="test_iadd[compatible_vector_array_pair2-&lt;lambda&gt;7]" time="0.0012865066528320312"></testcase><testcase classname="src.pymortests.vectorarray" file="src/pymortests/vectorarray.py" line="804" name="test_iadd[compatible_vector_array_pair2-&lt;lambda&gt;8]" time="0.0016207695007324219"></testcase><testcase classname="src.pymortests.vectorarray" file="src/pymortests/vectorarray.py" line="804" name="test_iadd[compatible_vector_array_pair2-&lt;lambda&gt;9]" time="0.0032274723052978516"></testcase><testcase classname="src.pymortests.vectorarray" file="src/pymortests/vectorarray.py" line="804" name="test_iadd[compatible_vector_array_pair2-&lt;lambda&gt;10]" time="0.006028175354003906"></testcase><testcase classname="src.pymortests.vectorarray" file="src/pymortests/vectorarray.py" line="804" name="test_iadd[compatible_vector_array_pair2-&lt;lambda&gt;11]" time="0.0014681816101074219"></testcase><testcase classname="src.pymortests.vectorarray" file="src/pymortests/vectorarray.py" line="804" name="test_iadd[compatible_vector_array_pair2-&lt;lambda&gt;12]" time="0.0016260147094726562"></testcase><testcase classname="src.pymortests.vectorarray" file="src/pymortests/vectorarray.py" line="804" name="test_iadd[compatible_vector_array_pair2-&lt;lambda&gt;13]" time="0.0016748905181884766"></testcase><testcase classname="src.pymortests.vectorarray" file="src/pymortests/vectorarray.py" line="804" name="test_iadd[compatible_vector_array_pair2-&lt;lambda&gt;14]" time="0.0016360282897949219"></testcase><testcase classname="src.pymortests.vectorarray" file="src/pymortests/vectorarray.py" line="804" name="test_iadd[compatible_vector_array_pair2-&lt;lambda&gt;15]" time="0.0018737316131591797"></testcase><testcase classname="src.pymortests.vectorarray" file="src/pymortests/vectorarray.py" line="804" name="test_iadd[compatible_vector_array_pair2-&lt;lambda&gt;16]" time="0.0020873546600341797"></testcase><testcase classname="src.pymortests.vectorarray" file="src/pymortests/vectorarray.py" line="804" name="test_iadd[compatible_vector_array_pair2-&lt;lambda&gt;17]" time="0.0020058155059814453"></testcase><testcase classname="src.pymortests.vectorarray" file="src/pymortests/vectorarray.py" line="804" name="test_iadd[compatible_vector_array_pair2-&lt;lambda&gt;18]" time="0.0019409656524658203"></testcase><testcase classname="src.pymortests.vectorarray" file="src/pymortests/vectorarray.py" line="804" name="test_iadd[compatible_vector_array_pair2-&lt;lambda&gt;19]" time="0.0019867420196533203"></testcase><testcase classname="src.pymortests.vectorarray" file="src/pymortests/vectorarray.py" line="804" name="test_iadd[compatible_vector_array_pair2-&lt;lambda&gt;20]" time="0.02520918846130371"></testcase><testcase classname="src.pymortests.vectorarray" file="src/pymortests/vectorarray.py" line="804" name="test_iadd[compatible_vector_array_pair2-&lt;lambda&gt;21]" time="0.015486955642700195"></testcase><testcase classname="src.pymortests.vectorarray" file="src/pymortests/vectorarray.py" line="804" name="test_iadd[compatible_vector_array_pair2-&lt;lambda&gt;22]" time="0.04390382766723633"></testcase><testcase classname="src.pymortests.vectorarray" file="src/pymortests/vectorarray.py" line="804" name="test_iadd[compatible_vector_array_pair2-&lt;lambda&gt;23]" time="0.0037577152252197266"></testcase><testcase classname="src.pymortests.vectorarray" file="src/pymortests/vectorarray.py" line="804" name="test_iadd[compatible_vector_array_pair2-&lt;lambda&gt;24]" time="0.0013034343719482422"></testcase><testcase classname="src.pymortests.vectorarray" file="src/pymortests/vectorarray.py" line="804" name="test_iadd[compatible_vector_array_pair2-&lt;lambda&gt;25]" time="0.0022330284118652344"></testcase><testcase classname="src.pymortests.vectorarray" file="src/pymortests/vectorarray.py" line="804" name="test_iadd[compatible_vector_array_pair2-&lt;lambda&gt;26]" time="0.022539377212524414"></testcase><testcase classname="src.pymortests.vectorarray" file="src/pymortests/vectorarray.py" line="804" name="test_iadd[compatible_vector_array_pair2-&lt;lambda&gt;27]" time="0.07578253746032715"></testcase><testcase classname="src.pymortests.vectorarray" file="src/pymortests/vectorarray.py" line="804" name="test_iadd[compatible_vector_array_pair2-&lt;lambda&gt;28]" time="0.21217870712280273"></testcase><testcase classname="src.pymortests.vectorarray" file="src/pymortests/vectorarray.py" line="804" name="test_iadd[compatible_vector_array_pair2-&lt;lambda&gt;29]" time="0.0074574947357177734"></testcase><testcase classname="src.pymortests.vectorarray" file="src/pymortests/vectorarray.py" line="804" name="test_iadd[compatible_vector_array_pair3-&lt;lambda&gt;0]" time="0.0020127296447753906"></testcase><testcase classname="src.pymortests.vectorarray" file="src/pymortests/vectorarray.py" line="804" name="test_iadd[compatible_vector_array_pair3-&lt;lambda&gt;1]" time="0.001455068588256836"></testcase><testcase classname="src.pymortests.vectorarray" file="src/pymortests/vectorarray.py" line="804" name="test_iadd[compatible_vector_array_pair3-&lt;lambda&gt;2]" time="0.001428842544555664"></testcase><testcase classname="src.pymortests.vectorarray" file="src/pymortests/vectorarray.py" line="804" name="test_iadd[compatible_vector_array_pair3-&lt;lambda&gt;3]" time="0.0015361309051513672"></testcase><testcase classname="src.pymortests.vectorarray" file="src/pymortests/vectorarray.py" line="804" name="test_iadd[compatible_vector_array_pair3-&lt;lambda&gt;4]" time="0.0013785362243652344"></testcase><testcase classname="src.pymortests.vectorarray" file="src/pymortests/vectorarray.py" line="804" name="test_iadd[compatible_vector_array_pair3-&lt;lambda&gt;5]" time="0.0013327598571777344"></testcase><testcase classname="src.pymortests.vectorarray" file="src/pymortests/vectorarray.py" line="804" name="test_iadd[compatible_vector_array_pair3-&lt;lambda&gt;6]" time="0.001249551773071289"></testcase><testcase classname="src.pymortests.vectorarray" file="src/pymortests/vectorarray.py" line="804" name="test_iadd[compatible_vector_array_pair3-&lt;lambda&gt;7]" time="0.0012547969818115234"></testcase><testcase classname="src.pymortests.vectorarray" file="src/pymortests/vectorarray.py" line="804" name="test_iadd[compatible_vector_array_pair3-&lt;lambda&gt;8]" time="0.001569509506225586"></testcase><testcase classname="src.pymortests.vectorarray" file="src/pymortests/vectorarray.py" line="804" name="test_iadd[compatible_vector_array_pair3-&lt;lambda&gt;9]" time="0.003651142120361328"></testcase><testcase classname="src.pymortests.vectorarray" file="src/pymortests/vectorarray.py" line="804" name="test_iadd[compatible_vector_array_pair3-&lt;lambda&gt;10]" time="0.006055116653442383"></testcase><testcase classname="src.pymortests.vectorarray" file="src/pymortests/vectorarray.py" line="804" name="test_iadd[compatible_vector_array_pair3-&lt;lambda&gt;11]" time="0.0014827251434326172"></testcase><testcase classname="src.pymortests.vectorarray" file="src/pymortests/vectorarray.py" line="804" name="test_iadd[compatible_vector_array_pair3-&lt;lambda&gt;12]" time="0.0016300678253173828"></testcase><testcase classname="src.pymortests.vectorarray" file="src/pymortests/vectorarray.py" line="804" name="test_iadd[compatible_vector_array_pair3-&lt;lambda&gt;13]" time="0.0017015933990478516"></testcase><testcase classname="src.pymortests.vectorarray" file="src/pymortests/vectorarray.py" line="804" name="test_iadd[compatible_vector_array_pair3-&lt;lambda&gt;14]" time="0.0016591548919677734"></testcase><testcase classname="src.pymortests.vectorarray" file="src/pymortests/vectorarray.py" line="804" name="test_iadd[compatible_vector_array_pair3-&lt;lambda&gt;15]" time="0.0018944740295410156"></testcase><testcase classname="src.pymortests.vectorarray" file="src/pymortests/vectorarray.py" line="804" name="test_iadd[compatible_vector_array_pair3-&lt;lambda&gt;16]" time="0.0021414756774902344"></testcase><testcase classname="src.pymortests.vectorarray" file="src/pymortests/vectorarray.py" line="804" name="test_iadd[compatible_vector_array_pair3-&lt;lambda&gt;17]" time="0.0019347667694091797"></testcase><testcase classname="src.pymortests.vectorarray" file="src/pymortests/vectorarray.py" line="804" name="test_iadd[compatible_vector_array_pair3-&lt;lambda&gt;18]" time="0.001874685287475586"></testcase><testcase classname="src.pymortests.vectorarray" file="src/pymortests/vectorarray.py" line="804" name="test_iadd[compatible_vector_array_pair3-&lt;lambda&gt;19]" time="0.002027273178100586"></testcase><testcase classname="src.pymortests.vectorarray" file="src/pymortests/vectorarray.py" line="804" name="test_iadd[compatible_vector_array_pair3-&lt;lambda&gt;20]" time="0.02484297752380371"></testcase><testcase classname="src.pymortests.vectorarray" file="src/pymortests/vectorarray.py" line="804" name="test_iadd[compatible_vector_array_pair3-&lt;lambda&gt;21]" time="0.01671290397644043"></testcase><testcase classname="src.pymortests.vectorarray" file="src/pymortests/vectorarray.py" line="804" name="test_iadd[compatible_vector_array_pair3-&lt;lambda&gt;22]" time="0.046019554138183594"></testcase><testcase classname="src.pymortests.vectorarray" file="src/pymortests/vectorarray.py" line="804" name="test_iadd[compatible_vector_array_pair3-&lt;lambda&gt;23]" time="0.0037221908569335938"></testcase><testcase classname="src.pymortests.vectorarray" file="src/pymortests/vectorarray.py" line="804" name="test_iadd[compatible_vector_array_pair3-&lt;lambda&gt;24]" time="0.001653909683227539"></testcase><testcase classname="src.pymortests.vectorarray" file="src/pymortests/vectorarray.py" line="804" name="test_iadd[compatible_vector_array_pair3-&lt;lambda&gt;25]" time="0.0022020339965820312"></testcase><testcase classname="src.pymortests.vectorarray" file="src/pymortests/vectorarray.py" line="804" name="test_iadd[compatible_vector_array_pair3-&lt;lambda&gt;26]" time="0.022764205932617188"></testcase><testcase classname="src.pymortests.vectorarray" file="src/pymortests/vectorarray.py" line="804" name="test_iadd[compatible_vector_array_pair3-&lt;lambda&gt;27]" time="0.09761285781860352"></testcase><testcase classname="src.pymortests.vectorarray" file="src/pymortests/vectorarray.py" line="804" name="test_iadd[compatible_vector_array_pair3-&lt;lambda&gt;28]" time="0.2682201862335205"></testcase><testcase classname="src.pymortests.vectorarray" file="src/pymortests/vectorarray.py" line="804" name="test_iadd[compatible_vector_array_pair3-&lt;lambda&gt;29]" time="0.008177518844604492"></testcase><testcase classname="src.pymortests.vectorarray" file="src/pymortests/vectorarray.py" line="804" name="test_iadd[compatible_vector_array_pair4-&lt;lambda&gt;0]" time="0.0015170574188232422"></testcase><testcase classname="src.pymortests.vectorarray" file="src/pymortests/vectorarray.py" line="804" name="test_iadd[compatible_vector_array_pair4-&lt;lambda&gt;1]" time="0.0014324188232421875"></testcase><testcase classname="src.pymortests.vectorarray" file="src/pymortests/vectorarray.py" line="804" name="test_iadd[compatible_vector_array_pair4-&lt;lambda&gt;2]" time="0.0014469623565673828"></testcase><testcase classname="src.pymortests.vectorarray" file="src/pymortests/vectorarray.py" line="804" name="test_iadd[compatible_vector_array_pair4-&lt;lambda&gt;3]" time="0.001528024673461914"></testcase><testcase classname="src.pymortests.vectorarray" file="src/pymortests/vectorarray.py" line="804" name="test_iadd[compatible_vector_array_pair4-&lt;lambda&gt;4]" time="0.0014336109161376953"></testcase><testcase classname="src.pymortests.vectorarray" file="src/pymortests/vectorarray.py" line="804" name="test_iadd[compatible_vector_array_pair4-&lt;lambda&gt;5]" time="0.0013859272003173828"></testcase><testcase classname="src.pymortests.vectorarray" file="src/pymortests/vectorarray.py" line="804" name="test_iadd[compatible_vector_array_pair4-&lt;lambda&gt;6]" time="0.0012433528900146484"></testcase><testcase classname="src.pymortests.vectorarray" file="src/pymortests/vectorarray.py" line="804" name="test_iadd[compatible_vector_array_pair4-&lt;lambda&gt;7]" time="0.0012924671173095703"></testcase><testcase classname="src.pymortests.vectorarray" file="src/pymortests/vectorarray.py" line="804" name="test_iadd[compatible_vector_array_pair4-&lt;lambda&gt;8]" time="0.0016279220581054688"></testcase><testcase classname="src.pymortests.vectorarray" file="src/pymortests/vectorarray.py" line="804" name="test_iadd[compatible_vector_array_pair4-&lt;lambda&gt;9]" time="0.003725767135620117"></testcase><testcase classname="src.pymortests.vectorarray" file="src/pymortests/vectorarray.py" line="804" name="test_iadd[compatible_vector_array_pair4-&lt;lambda&gt;10]" time="0.006502628326416016"></testcase><testcase classname="src.pymortests.vectorarray" file="src/pymortests/vectorarray.py" line="804" name="test_iadd[compatible_vector_array_pair4-&lt;lambda&gt;11]" time="0.0014612674713134766"></testcase><testcase classname="src.pymortests.vectorarray" file="src/pymortests/vectorarray.py" line="804" name="test_iadd[compatible_vector_array_pair4-&lt;lambda&gt;12]" time="0.0016083717346191406"></testcase><testcase classname="src.pymortests.vectorarray" file="src/pymortests/vectorarray.py" line="804" name="test_iadd[compatible_vector_array_pair4-&lt;lambda&gt;13]" time="0.001720428466796875"></testcase><testcase classname="src.pymortests.vectorarray" file="src/pymortests/vectorarray.py" line="804" name="test_iadd[compatible_vector_array_pair4-&lt;lambda&gt;14]" time="0.001678466796875"></testcase><testcase classname="src.pymortests.vectorarray" file="src/pymortests/vectorarray.py" line="804" name="test_iadd[compatible_vector_array_pair4-&lt;lambda&gt;15]" time="0.0019049644470214844"></testcase><testcase classname="src.pymortests.vectorarray" file="src/pymortests/vectorarray.py" line="804" name="test_iadd[compatible_vector_array_pair4-&lt;lambda&gt;16]" time="0.0022068023681640625"></testcase><testcase classname="src.pymortests.vectorarray" file="src/pymortests/vectorarray.py" line="804" name="test_iadd[compatible_vector_array_pair4-&lt;lambda&gt;17]" time="0.0020895004272460938"></testcase><testcase classname="src.pymortests.vectorarray" file="src/pymortests/vectorarray.py" line="804" name="test_iadd[compatible_vector_array_pair4-&lt;lambda&gt;18]" time="0.0019505023956298828"></testcase><testcase classname="src.pymortests.vectorarray" file="src/pymortests/vectorarray.py" line="804" name="test_iadd[compatible_vector_array_pair4-&lt;lambda&gt;19]" time="0.0019855499267578125"></testcase><testcase classname="src.pymortests.vectorarray" file="src/pymortests/vectorarray.py" line="804" name="test_iadd[compatible_vector_array_pair4-&lt;lambda&gt;20]" time="0.024752378463745117"></testcase><testcase classname="src.pymortests.vectorarray" file="src/pymortests/vectorarray.py" line="804" name="test_iadd[compatible_vector_array_pair4-&lt;lambda&gt;21]" time="0.016530513763427734"></testcase><testcase classname="src.pymortests.vectorarray" file="src/pymortests/vectorarray.py" line="804" name="test_iadd[compatible_vector_array_pair4-&lt;lambda&gt;22]" time="0.04563641548156738"></testcase><testcase classname="src.pymortests.vectorarray" file="src/pymortests/vectorarray.py" line="804" name="test_iadd[compatible_vector_array_pair4-&lt;lambda&gt;23]" time="0.003747224807739258"></testcase><testcase classname="src.pymortests.vectorarray" file="src/pymortests/vectorarray.py" line="804" name="test_iadd[compatible_vector_array_pair4-&lt;lambda&gt;24]" time="0.0014386177062988281"></testcase><testcase classname="src.pymortests.vectorarray" file="src/pymortests/vectorarray.py" line="804" name="test_iadd[compatible_vector_array_pair4-&lt;lambda&gt;25]" time="0.0023164749145507812"></testcase><testcase classname="src.pymortests.vectorarray" file="src/pymortests/vectorarray.py" line="804" name="test_iadd[compatible_vector_array_pair4-&lt;lambda&gt;26]" time="0.0232086181640625"></testcase><testcase classname="src.pymortests.vectorarray" file="src/pymortests/vectorarray.py" line="804" name="test_iadd[compatible_vector_array_pair4-&lt;lambda&gt;27]" time="0.09691405296325684"></testcase><testcase classname="src.pymortests.vectorarray" file="src/pymortests/vectorarray.py" line="804" name="test_iadd[compatible_vector_array_pair4-&lt;lambda&gt;28]" time="0.2619764804840088"></testcase><testcase classname="src.pymortests.vectorarray" file="src/pymortests/vectorarray.py" line="804" name="test_iadd[compatible_vector_array_pair4-&lt;lambda&gt;29]" time="0.008189678192138672"></testcase><testcase classname="src.pymortests.vectorarray" file="src/pymortests/vectorarray.py" line="804" name="test_iadd[compatible_vector_array_pair5-&lt;lambda&gt;0]" time="0.0013942718505859375"></testcase><testcase classname="src.pymortests.vectorarray" file="src/pymortests/vectorarray.py" line="804" name="test_iadd[compatible_vector_array_pair5-&lt;lambda&gt;1]" time="0.0013403892517089844"></testcase><testcase classname="src.pymortests.vectorarray" file="src/pymortests/vectorarray.py" line="804" name="test_iadd[compatible_vector_array_pair5-&lt;lambda&gt;2]" time="0.0013692378997802734"></testcase><testcase classname="src.pymortests.vectorarray" file="src/pymortests/vectorarray.py" line="804" name="test_iadd[compatible_vector_array_pair5-&lt;lambda&gt;3]" time="0.001466989517211914"></testcase><testcase classname="src.pymortests.vectorarray" file="src/pymortests/vectorarray.py" line="804" name="test_iadd[compatible_vector_array_pair5-&lt;lambda&gt;4]" time="0.001332998275756836"></testcase><testcase classname="src.pymortests.vectorarray" file="src/pymortests/vectorarray.py" line="804" name="test_iadd[compatible_vector_array_pair5-&lt;lambda&gt;5]" time="0.001287698745727539"></testcase><testcase classname="src.pymortests.vectorarray" file="src/pymortests/vectorarray.py" line="804" name="test_iadd[compatible_vector_array_pair5-&lt;lambda&gt;6]" time="0.0012302398681640625"></testcase><testcase classname="src.pymortests.vectorarray" file="src/pymortests/vectorarray.py" line="804" name="test_iadd[compatible_vector_array_pair5-&lt;lambda&gt;7]" time="0.001251220703125"></testcase><testcase classname="src.pymortests.vectorarray" file="src/pymortests/vectorarray.py" line="804" name="test_iadd[compatible_vector_array_pair5-&lt;lambda&gt;8]" time="0.001676797866821289"></testcase><testcase classname="src.pymortests.vectorarray" file="src/pymortests/vectorarray.py" line="804" name="test_iadd[compatible_vector_array_pair5-&lt;lambda&gt;9]" time="0.003529071807861328"></testcase><testcase classname="src.pymortests.vectorarray" file="src/pymortests/vectorarray.py" line="804" name="test_iadd[compatible_vector_array_pair5-&lt;lambda&gt;10]" time="0.0063152313232421875"></testcase><testcase classname="src.pymortests.vectorarray" file="src/pymortests/vectorarray.py" line="804" name="test_iadd[compatible_vector_array_pair5-&lt;lambda&gt;11]" time="0.0014543533325195312"></testcase><testcase classname="src.pymortests.vectorarray" file="src/pymortests/vectorarray.py" line="804" name="test_iadd[compatible_vector_array_pair5-&lt;lambda&gt;12]" time="0.0016412734985351562"></testcase><testcase classname="src.pymortests.vectorarray" file="src/pymortests/vectorarray.py" line="804" name="test_iadd[compatible_vector_array_pair5-&lt;lambda&gt;13]" time="0.0017237663269042969"></testcase><testcase classname="src.pymortests.vectorarray" file="src/pymortests/vectorarray.py" line="804" name="test_iadd[compatible_vector_array_pair5-&lt;lambda&gt;14]" time="0.0016982555389404297"></testcase><testcase classname="src.pymortests.vectorarray" file="src/pymortests/vectorarray.py" line="804" name="test_iadd[compatible_vector_array_pair5-&lt;lambda&gt;15]" time="0.0019249916076660156"></testcase><testcase classname="src.pymortests.vectorarray" file="src/pymortests/vectorarray.py" line="804" name="test_iadd[compatible_vector_array_pair5-&lt;lambda&gt;16]" time="0.0021440982818603516"></testcase><testcase classname="src.pymortests.vectorarray" file="src/pymortests/vectorarray.py" line="804" name="test_iadd[compatible_vector_array_pair5-&lt;lambda&gt;17]" time="0.002020120620727539"></testcase><testcase classname="src.pymortests.vectorarray" file="src/pymortests/vectorarray.py" line="804" name="test_iadd[compatible_vector_array_pair5-&lt;lambda&gt;18]" time="0.002015352249145508"></testcase><testcase classname="src.pymortests.vectorarray" file="src/pymortests/vectorarray.py" line="804" name="test_iadd[compatible_vector_array_pair5-&lt;lambda&gt;19]" time="0.0034444332122802734"></testcase><testcase classname="src.pymortests.vectorarray" file="src/pymortests/vectorarray.py" line="804" name="test_iadd[compatible_vector_array_pair5-&lt;lambda&gt;20]" time="0.025023698806762695"></testcase><testcase classname="src.pymortests.vectorarray" file="src/pymortests/vectorarray.py" line="804" name="test_iadd[compatible_vector_array_pair5-&lt;lambda&gt;21]" time="0.01657700538635254"></testcase><testcase classname="src.pymortests.vectorarray" file="src/pymortests/vectorarray.py" line="804" name="test_iadd[compatible_vector_array_pair5-&lt;lambda&gt;22]" time="0.04706573486328125"></testcase><testcase classname="src.pymortests.vectorarray" file="src/pymortests/vectorarray.py" line="804" name="test_iadd[compatible_vector_array_pair5-&lt;lambda&gt;23]" time="0.003393888473510742"></testcase><testcase classname="src.pymortests.vectorarray" file="src/pymortests/vectorarray.py" line="804" name="test_iadd[compatible_vector_array_pair5-&lt;lambda&gt;24]" time="0.0013132095336914062"></testcase><testcase classname="src.pymortests.vectorarray" file="src/pymortests/vectorarray.py" line="804" name="test_iadd[compatible_vector_array_pair5-&lt;lambda&gt;25]" time="0.0021712779998779297"></testcase><testcase classname="src.pymortests.vectorarray" file="src/pymortests/vectorarray.py" line="804" name="test_iadd[compatible_vector_array_pair5-&lt;lambda&gt;26]" time="0.02295064926147461"></testcase><testcase classname="src.pymortests.vectorarray" file="src/pymortests/vectorarray.py" line="804" name="test_iadd[compatible_vector_array_pair5-&lt;lambda&gt;27]" time="0.09558749198913574"></testcase><testcase classname="src.pymortests.vectorarray" file="src/pymortests/vectorarray.py" line="804" name="test_iadd[compatible_vector_array_pair5-&lt;lambda&gt;28]" time="0.260695219039917"></testcase><testcase classname="src.pymortests.vectorarray" file="src/pymortests/vectorarray.py" line="804" name="test_iadd[compatible_vector_array_pair5-&lt;lambda&gt;29]" time="0.008359432220458984"></testcase><testcase classname="src.pymortests.vectorarray" file="src/pymortests/vectorarray.py" line="804" name="test_iadd[compatible_vector_array_pair6-&lt;lambda&gt;0]" time="0.002007722854614258"></testcase><testcase classname="src.pymortests.vectorarray" file="src/pymortests/vectorarray.py" line="804" name="test_iadd[compatible_vector_array_pair6-&lt;lambda&gt;1]" time="0.001453399658203125"></testcase><testcase classname="src.pymortests.vectorarray" file="src/pymortests/vectorarray.py" line="804" name="test_iadd[compatible_vector_array_pair6-&lt;lambda&gt;2]" time="0.001341104507446289"></testcase><testcase classname="src.pymortests.vectorarray" file="src/pymortests/vectorarray.py" line="804" name="test_iadd[compatible_vector_array_pair6-&lt;lambda&gt;3]" time="0.0014727115631103516"></testcase><testcase classname="src.pymortests.vectorarray" file="src/pymortests/vectorarray.py" line="804" name="test_iadd[compatible_vector_array_pair6-&lt;lambda&gt;4]" time="0.0013196468353271484"></testcase><testcase classname="src.pymortests.vectorarray" file="src/pymortests/vectorarray.py" line="804" name="test_iadd[compatible_vector_array_pair6-&lt;lambda&gt;5]" time="0.0013031959533691406"></testcase><testcase classname="src.pymortests.vectorarray" file="src/pymortests/vectorarray.py" line="804" name="test_iadd[compatible_vector_array_pair6-&lt;lambda&gt;6]" time="0.0012209415435791016"></testcase><testcase classname="src.pymortests.vectorarray" file="src/pymortests/vectorarray.py" line="804" name="test_iadd[compatible_vector_array_pair6-&lt;lambda&gt;7]" time="0.0012505054473876953"></testcase><testcase classname="src.pymortests.vectorarray" file="src/pymortests/vectorarray.py" line="804" name="test_iadd[compatible_vector_array_pair6-&lt;lambda&gt;8]" time="0.0015368461608886719"></testcase><testcase classname="src.pymortests.vectorarray" file="src/pymortests/vectorarray.py" line="804" name="test_iadd[compatible_vector_array_pair6-&lt;lambda&gt;9]" time="0.0034890174865722656"></testcase><testcase classname="src.pymortests.vectorarray" file="src/pymortests/vectorarray.py" line="804" name="test_iadd[compatible_vector_array_pair6-&lt;lambda&gt;10]" time="0.0060329437255859375"></testcase><testcase classname="src.pymortests.vectorarray" file="src/pymortests/vectorarray.py" line="804" name="test_iadd[compatible_vector_array_pair6-&lt;lambda&gt;11]" time="0.0015103816986083984"></testcase><testcase classname="src.pymortests.vectorarray" file="src/pymortests/vectorarray.py" line="804" name="test_iadd[compatible_vector_array_pair6-&lt;lambda&gt;12]" time="0.0016314983367919922"></testcase><testcase classname="src.pymortests.vectorarray" file="src/pymortests/vectorarray.py" line="804" name="test_iadd[compatible_vector_array_pair6-&lt;lambda&gt;13]" time="0.0017180442810058594"></testcase><testcase classname="src.pymortests.vectorarray" file="src/pymortests/vectorarray.py" line="804" name="test_iadd[compatible_vector_array_pair6-&lt;lambda&gt;14]" time="0.0016455650329589844"></testcase><testcase classname="src.pymortests.vectorarray" file="src/pymortests/vectorarray.py" line="804" name="test_iadd[compatible_vector_array_pair6-&lt;lambda&gt;15]" time="0.001981973648071289"></testcase><testcase classname="src.pymortests.vectorarray" file="src/pymortests/vectorarray.py" line="804" name="test_iadd[compatible_vector_array_pair6-&lt;lambda&gt;16]" time="0.0023267269134521484"></testcase><testcase classname="src.pymortests.vectorarray" file="src/pymortests/vectorarray.py" line="804" name="test_iadd[compatible_vector_array_pair6-&lt;lambda&gt;17]" time="0.001966714859008789"></testcase><testcase classname="src.pymortests.vectorarray" file="src/pymortests/vectorarray.py" line="804" name="test_iadd[compatible_vector_array_pair6-&lt;lambda&gt;18]" time="0.0019736289978027344"></testcase><testcase classname="src.pymortests.vectorarray" file="src/pymortests/vectorarray.py" line="804" name="test_iadd[compatible_vector_array_pair6-&lt;lambda&gt;19]" time="0.0020220279693603516"></testcase><testcase classname="src.pymortests.vectorarray" file="src/pymortests/vectorarray.py" line="804" name="test_iadd[compatible_vector_array_pair6-&lt;lambda&gt;20]" time="0.025359153747558594"></testcase><testcase classname="src.pymortests.vectorarray" file="src/pymortests/vectorarray.py" line="804" name="test_iadd[compatible_vector_array_pair6-&lt;lambda&gt;21]" time="0.016104698181152344"></testcase><testcase classname="src.pymortests.vectorarray" file="src/pymortests/vectorarray.py" line="804" name="test_iadd[compatible_vector_array_pair6-&lt;lambda&gt;22]" time="0.04516267776489258"></testcase><testcase classname="src.pymortests.vectorarray" file="src/pymortests/vectorarray.py" line="804" name="test_iadd[compatible_vector_array_pair6-&lt;lambda&gt;23]" time="0.003541707992553711"></testcase><testcase classname="src.pymortests.vectorarray" file="src/pymortests/vectorarray.py" line="804" name="test_iadd[compatible_vector_array_pair6-&lt;lambda&gt;24]" time="0.0013167858123779297"></testcase><testcase classname="src.pymortests.vectorarray" file="src/pymortests/vectorarray.py" line="804" name="test_iadd[compatible_vector_array_pair6-&lt;lambda&gt;25]" time="0.0021810531616210938"></testcase><testcase classname="src.pymortests.vectorarray" file="src/pymortests/vectorarray.py" line="804" name="test_iadd[compatible_vector_array_pair6-&lt;lambda&gt;26]" time="0.023047924041748047"></testcase><testcase classname="src.pymortests.vectorarray" file="src/pymortests/vectorarray.py" line="804" name="test_iadd[compatible_vector_array_pair6-&lt;lambda&gt;27]" time="0.09739041328430176"></testcase><testcase classname="src.pymortests.vectorarray" file="src/pymortests/vectorarray.py" line="804" name="test_iadd[compatible_vector_array_pair6-&lt;lambda&gt;28]" time="0.2620999813079834"></testcase><testcase classname="src.pymortests.vectorarray" file="src/pymortests/vectorarray.py" line="804" name="test_iadd[compatible_vector_array_pair6-&lt;lambda&gt;29]" time="0.0084991455078125"></testcase><testcase classname="src.pymortests.vectorarray" file="src/pymortests/vectorarray.py" line="804" name="test_iadd[compatible_vector_array_pair7-&lt;lambda&gt;0]" time="0.0014791488647460938"></testcase><testcase classname="src.pymortests.vectorarray" file="src/pymortests/vectorarray.py" line="804" name="test_iadd[compatible_vector_array_pair7-&lt;lambda&gt;1]" time="0.0014264583587646484"></testcase><testcase classname="src.pymortests.vectorarray" file="src/pymortests/vectorarray.py" line="804" name="test_iadd[compatible_vector_array_pair7-&lt;lambda&gt;2]" time="0.0014047622680664062"></testcase><testcase classname="src.pymortests.vectorarray" file="src/pymortests/vectorarray.py" line="804" name="test_iadd[compatible_vector_array_pair7-&lt;lambda&gt;3]" time="0.0015246868133544922"></testcase><testcase classname="src.pymortests.vectorarray" file="src/pymortests/vectorarray.py" line="804" name="test_iadd[compatible_vector_array_pair7-&lt;lambda&gt;4]" time="0.001394033432006836"></testcase><testcase classname="src.pymortests.vectorarray" file="src/pymortests/vectorarray.py" line="804" name="test_iadd[compatible_vector_array_pair7-&lt;lambda&gt;5]" time="0.001322031021118164"></testcase><testcase classname="src.pymortests.vectorarray" file="src/pymortests/vectorarray.py" line="804" name="test_iadd[compatible_vector_array_pair7-&lt;lambda&gt;6]" time="0.0012392997741699219"></testcase><testcase classname="src.pymortests.vectorarray" file="src/pymortests/vectorarray.py" line="804" name="test_iadd[compatible_vector_array_pair7-&lt;lambda&gt;7]" time="0.0012810230255126953"></testcase><testcase classname="src.pymortests.vectorarray" file="src/pymortests/vectorarray.py" line="804" name="test_iadd[compatible_vector_array_pair7-&lt;lambda&gt;8]" time="0.0016434192657470703"></testcase><testcase classname="src.pymortests.vectorarray" file="src/pymortests/vectorarray.py" line="804" name="test_iadd[compatible_vector_array_pair7-&lt;lambda&gt;9]" time="0.003595113754272461"></testcase><testcase classname="src.pymortests.vectorarray" file="src/pymortests/vectorarray.py" line="804" name="test_iadd[compatible_vector_array_pair7-&lt;lambda&gt;10]" time="0.0064580440521240234"></testcase><testcase classname="src.pymortests.vectorarray" file="src/pymortests/vectorarray.py" line="804" name="test_iadd[compatible_vector_array_pair7-&lt;lambda&gt;11]" time="0.001474142074584961"></testcase><testcase classname="src.pymortests.vectorarray" file="src/pymortests/vectorarray.py" line="804" name="test_iadd[compatible_vector_array_pair7-&lt;lambda&gt;12]" time="0.001590728759765625"></testcase><testcase classname="src.pymortests.vectorarray" file="src/pymortests/vectorarray.py" line="804" name="test_iadd[compatible_vector_array_pair7-&lt;lambda&gt;13]" time="0.0017099380493164062"></testcase><testcase classname="src.pymortests.vectorarray" file="src/pymortests/vectorarray.py" line="804" name="test_iadd[compatible_vector_array_pair7-&lt;lambda&gt;14]" time="0.001672983169555664"></testcase><testcase classname="src.pymortests.vectorarray" file="src/pymortests/vectorarray.py" line="804" name="test_iadd[compatible_vector_array_pair7-&lt;lambda&gt;15]" time="0.0019304752349853516"></testcase><testcase classname="src.pymortests.vectorarray" file="src/pymortests/vectorarray.py" line="804" name="test_iadd[compatible_vector_array_pair7-&lt;lambda&gt;16]" time="0.0021860599517822266"></testcase><testcase classname="src.pymortests.vectorarray" file="src/pymortests/vectorarray.py" line="804" name="test_iadd[compatible_vector_array_pair7-&lt;lambda&gt;17]" time="0.002115964889526367"></testcase><testcase classname="src.pymortests.vectorarray" file="src/pymortests/vectorarray.py" line="804" name="test_iadd[compatible_vector_array_pair7-&lt;lambda&gt;18]" time="0.001985788345336914"></testcase><testcase classname="src.pymortests.vectorarray" file="src/pymortests/vectorarray.py" line="804" name="test_iadd[compatible_vector_array_pair7-&lt;lambda&gt;19]" time="0.0019927024841308594"></testcase><testcase classname="src.pymortests.vectorarray" file="src/pymortests/vectorarray.py" line="804" name="test_iadd[compatible_vector_array_pair7-&lt;lambda&gt;20]" time="0.024530649185180664"></testcase><testcase classname="src.pymortests.vectorarray" file="src/pymortests/vectorarray.py" line="804" name="test_iadd[compatible_vector_array_pair7-&lt;lambda&gt;21]" time="0.01612687110900879"></testcase><testcase classname="src.pymortests.vectorarray" file="src/pymortests/vectorarray.py" line="804" name="test_iadd[compatible_vector_array_pair7-&lt;lambda&gt;22]" time="0.045072317123413086"></testcase><testcase classname="src.pymortests.vectorarray" file="src/pymortests/vectorarray.py" line="804" name="test_iadd[compatible_vector_array_pair7-&lt;lambda&gt;23]" time="0.003893613815307617"></testcase><testcase classname="src.pymortests.vectorarray" file="src/pymortests/vectorarray.py" line="804" name="test_iadd[compatible_vector_array_pair7-&lt;lambda&gt;24]" time="0.0012280941009521484"></testcase><testcase classname="src.pymortests.vectorarray" file="src/pymortests/vectorarray.py" line="804" name="test_iadd[compatible_vector_array_pair7-&lt;lambda&gt;25]" time="0.002084016799926758"></testcase><testcase classname="src.pymortests.vectorarray" file="src/pymortests/vectorarray.py" line="804" name="test_iadd[compatible_vector_array_pair7-&lt;lambda&gt;26]" time="0.02260112762451172"></testcase><testcase classname="src.pymortests.vectorarray" file="src/pymortests/vectorarray.py" line="804" name="test_iadd[compatible_vector_array_pair7-&lt;lambda&gt;27]" time="0.09711003303527832"></testcase><testcase classname="src.pymortests.vectorarray" file="src/pymortests/vectorarray.py" line="804" name="test_iadd[compatible_vector_array_pair7-&lt;lambda&gt;28]" time="0.266603946685791"></testcase><testcase classname="src.pymortests.vectorarray" file="src/pymortests/vectorarray.py" line="804" name="test_iadd[compatible_vector_array_pair7-&lt;lambda&gt;29]" time="0.008686065673828125"></testcase><testcase classname="src.pymortests.vectorarray" file="src/pymortests/vectorarray.py" line="804" name="test_iadd[compatible_vector_array_pair8-&lt;lambda&gt;0]" time="0.0021147727966308594"></testcase><testcase classname="src.pymortests.vectorarray" file="src/pymortests/vectorarray.py" line="804" name="test_iadd[compatible_vector_array_pair8-&lt;lambda&gt;1]" time="0.001543283462524414"></testcase><testcase classname="src.pymortests.vectorarray" file="src/pymortests/vectorarray.py" line="804" name="test_iadd[compatible_vector_array_pair8-&lt;lambda&gt;2]" time="0.0014431476593017578"></testcase><testcase classname="src.pymortests.vectorarray" file="src/pymortests/vectorarray.py" line="804" name="test_iadd[compatible_vector_array_pair8-&lt;lambda&gt;3]" time="0.001573801040649414"></testcase><testcase classname="src.pymortests.vectorarray" file="src/pymortests/vectorarray.py" line="804" name="test_iadd[compatible_vector_array_pair8-&lt;lambda&gt;4]" time="0.0014662742614746094"></testcase><testcase classname="src.pymortests.vectorarray" file="src/pymortests/vectorarray.py" line="804" name="test_iadd[compatible_vector_array_pair8-&lt;lambda&gt;5]" time="0.001299142837524414"></testcase><testcase classname="src.pymortests.vectorarray" file="src/pymortests/vectorarray.py" line="804" name="test_iadd[compatible_vector_array_pair8-&lt;lambda&gt;6]" time="0.0013048648834228516"></testcase><testcase classname="src.pymortests.vectorarray" file="src/pymortests/vectorarray.py" line="804" name="test_iadd[compatible_vector_array_pair8-&lt;lambda&gt;7]" time="0.0013158321380615234"></testcase><testcase classname="src.pymortests.vectorarray" file="src/pymortests/vectorarray.py" line="804" name="test_iadd[compatible_vector_array_pair8-&lt;lambda&gt;8]" time="0.001897573471069336"></testcase><testcase classname="src.pymortests.vectorarray" file="src/pymortests/vectorarray.py" line="804" name="test_iadd[compatible_vector_array_pair8-&lt;lambda&gt;9]" time="0.003589630126953125"></testcase><testcase classname="src.pymortests.vectorarray" file="src/pymortests/vectorarray.py" line="804" name="test_iadd[compatible_vector_array_pair8-&lt;lambda&gt;10]" time="0.006609439849853516"></testcase><testcase classname="src.pymortests.vectorarray" file="src/pymortests/vectorarray.py" line="804" name="test_iadd[compatible_vector_array_pair8-&lt;lambda&gt;11]" time="0.0016009807586669922"></testcase><testcase classname="src.pymortests.vectorarray" file="src/pymortests/vectorarray.py" line="804" name="test_iadd[compatible_vector_array_pair8-&lt;lambda&gt;12]" time="0.0016255378723144531"></testcase><testcase classname="src.pymortests.vectorarray" file="src/pymortests/vectorarray.py" line="804" name="test_iadd[compatible_vector_array_pair8-&lt;lambda&gt;13]" time="0.0018172264099121094"></testcase><testcase classname="src.pymortests.vectorarray" file="src/pymortests/vectorarray.py" line="804" name="test_iadd[compatible_vector_array_pair8-&lt;lambda&gt;14]" time="0.0017232894897460938"></testcase><testcase classname="src.pymortests.vectorarray" file="src/pymortests/vectorarray.py" line="804" name="test_iadd[compatible_vector_array_pair8-&lt;lambda&gt;15]" time="0.002036571502685547"></testcase><testcase classname="src.pymortests.vectorarray" file="src/pymortests/vectorarray.py" line="804" name="test_iadd[compatible_vector_array_pair8-&lt;lambda&gt;16]" time="0.0022635459899902344"></testcase><testcase classname="src.pymortests.vectorarray" file="src/pymortests/vectorarray.py" line="804" name="test_iadd[compatible_vector_array_pair8-&lt;lambda&gt;17]" time="0.002074718475341797"></testcase><testcase classname="src.pymortests.vectorarray" file="src/pymortests/vectorarray.py" line="804" name="test_iadd[compatible_vector_array_pair8-&lt;lambda&gt;18]" time="0.001986980438232422"></testcase><testcase classname="src.pymortests.vectorarray" file="src/pymortests/vectorarray.py" line="804" name="test_iadd[compatible_vector_array_pair8-&lt;lambda&gt;19]" time="0.0020940303802490234"></testcase><testcase classname="src.pymortests.vectorarray" file="src/pymortests/vectorarray.py" line="804" name="test_iadd[compatible_vector_array_pair8-&lt;lambda&gt;20]" time="0.02461838722229004"></testcase><testcase classname="src.pymortests.vectorarray" file="src/pymortests/vectorarray.py" line="804" name="test_iadd[compatible_vector_array_pair8-&lt;lambda&gt;21]" time="0.016241073608398438"></testcase><testcase classname="src.pymortests.vectorarray" file="src/pymortests/vectorarray.py" line="804" name="test_iadd[compatible_vector_array_pair8-&lt;lambda&gt;22]" time="0.044936180114746094"></testcase><testcase classname="src.pymortests.vectorarray" file="src/pymortests/vectorarray.py" line="804" name="test_iadd[compatible_vector_array_pair8-&lt;lambda&gt;23]" time="0.0036211013793945312"></testcase><testcase classname="src.pymortests.vectorarray" file="src/pymortests/vectorarray.py" line="804" name="test_iadd[compatible_vector_array_pair8-&lt;lambda&gt;24]" time="0.0014700889587402344"></testcase><testcase classname="src.pymortests.vectorarray" file="src/pymortests/vectorarray.py" line="804" name="test_iadd[compatible_vector_array_pair8-&lt;lambda&gt;25]" time="0.0022034645080566406"></testcase><testcase classname="src.pymortests.vectorarray" file="src/pymortests/vectorarray.py" line="804" name="test_iadd[compatible_vector_array_pair8-&lt;lambda&gt;26]" time="0.023283720016479492"></testcase><testcase classname="src.pymortests.vectorarray" file="src/pymortests/vectorarray.py" line="804" name="test_iadd[compatible_vector_array_pair8-&lt;lambda&gt;27]" time="0.09678149223327637"></testcase><testcase classname="src.pymortests.vectorarray" file="src/pymortests/vectorarray.py" line="804" name="test_iadd[compatible_vector_array_pair8-&lt;lambda&gt;28]" time="0.26038670539855957"></testcase><testcase classname="src.pymortests.vectorarray" file="src/pymortests/vectorarray.py" line="804" name="test_iadd[compatible_vector_array_pair8-&lt;lambda&gt;29]" time="0.008318424224853516"></testcase><testcase classname="src.pymortests.vectorarray" file="src/pymortests/vectorarray.py" line="816" name="test_sub[compatible_vector_array_pair0-&lt;lambda&gt;0]" time="0.0014917850494384766"></testcase><testcase classname="src.pymortests.vectorarray" file="src/pymortests/vectorarray.py" line="816" name="test_sub[compatible_vector_array_pair0-&lt;lambda&gt;1]" time="0.0014567375183105469"></testcase><testcase classname="src.pymortests.vectorarray" file="src/pymortests/vectorarray.py" line="816" name="test_sub[compatible_vector_array_pair0-&lt;lambda&gt;2]" time="0.0014221668243408203"></testcase><testcase classname="src.pymortests.vectorarray" file="src/pymortests/vectorarray.py" line="816" name="test_sub[compatible_vector_array_pair0-&lt;lambda&gt;3]" time="0.0015399456024169922"></testcase><testcase classname="src.pymortests.vectorarray" file="src/pymortests/vectorarray.py" line="816" name="test_sub[compatible_vector_array_pair0-&lt;lambda&gt;4]" time="0.0014443397521972656"></testcase><testcase classname="src.pymortests.vectorarray" file="src/pymortests/vectorarray.py" line="816" name="test_sub[compatible_vector_array_pair0-&lt;lambda&gt;5]" time="0.0013306140899658203"></testcase><testcase classname="src.pymortests.vectorarray" file="src/pymortests/vectorarray.py" line="816" name="test_sub[compatible_vector_array_pair0-&lt;lambda&gt;6]" time="0.001331329345703125"></testcase><testcase classname="src.pymortests.vectorarray" file="src/pymortests/vectorarray.py" line="816" name="test_sub[compatible_vector_array_pair0-&lt;lambda&gt;7]" time="0.0012950897216796875"></testcase><testcase classname="src.pymortests.vectorarray" file="src/pymortests/vectorarray.py" line="816" name="test_sub[compatible_vector_array_pair0-&lt;lambda&gt;8]" time="0.0016160011291503906"></testcase><testcase classname="src.pymortests.vectorarray" file="src/pymortests/vectorarray.py" line="816" name="test_sub[compatible_vector_array_pair0-&lt;lambda&gt;9]" time="0.004647970199584961"></testcase><testcase classname="src.pymortests.vectorarray" file="src/pymortests/vectorarray.py" line="816" name="test_sub[compatible_vector_array_pair0-&lt;lambda&gt;10]" time="0.008712053298950195"></testcase><testcase classname="src.pymortests.vectorarray" file="src/pymortests/vectorarray.py" line="816" name="test_sub[compatible_vector_array_pair0-&lt;lambda&gt;11]" time="0.0017189979553222656"></testcase><testcase classname="src.pymortests.vectorarray" file="src/pymortests/vectorarray.py" line="816" name="test_sub[compatible_vector_array_pair0-&lt;lambda&gt;12]" time="0.0017402172088623047"></testcase><testcase classname="src.pymortests.vectorarray" file="src/pymortests/vectorarray.py" line="816" name="test_sub[compatible_vector_array_pair0-&lt;lambda&gt;13]" time="0.0017969608306884766"></testcase><testcase classname="src.pymortests.vectorarray" file="src/pymortests/vectorarray.py" line="816" name="test_sub[compatible_vector_array_pair0-&lt;lambda&gt;14]" time="0.0016601085662841797"></testcase><testcase classname="src.pymortests.vectorarray" file="src/pymortests/vectorarray.py" line="816" name="test_sub[compatible_vector_array_pair0-&lt;lambda&gt;15]" time="0.0020813941955566406"></testcase><testcase classname="src.pymortests.vectorarray" file="src/pymortests/vectorarray.py" line="816" name="test_sub[compatible_vector_array_pair0-&lt;lambda&gt;16]" time="0.0023164749145507812"></testcase><testcase classname="src.pymortests.vectorarray" file="src/pymortests/vectorarray.py" line="816" name="test_sub[compatible_vector_array_pair0-&lt;lambda&gt;17]" time="0.002172708511352539"></testcase><testcase classname="src.pymortests.vectorarray" file="src/pymortests/vectorarray.py" line="816" name="test_sub[compatible_vector_array_pair0-&lt;lambda&gt;18]" time="0.0019321441650390625"></testcase><testcase classname="src.pymortests.vectorarray" file="src/pymortests/vectorarray.py" line="816" name="test_sub[compatible_vector_array_pair0-&lt;lambda&gt;19]" time="0.0020003318786621094"></testcase><testcase classname="src.pymortests.vectorarray" file="src/pymortests/vectorarray.py" line="816" name="test_sub[compatible_vector_array_pair0-&lt;lambda&gt;20]" time="0.02482914924621582"></testcase><testcase classname="src.pymortests.vectorarray" file="src/pymortests/vectorarray.py" line="816" name="test_sub[compatible_vector_array_pair0-&lt;lambda&gt;21]" time="0.01787257194519043"></testcase><testcase classname="src.pymortests.vectorarray" file="src/pymortests/vectorarray.py" line="816" name="test_sub[compatible_vector_array_pair0-&lt;lambda&gt;22]" time="0.049401283264160156"></testcase><testcase classname="src.pymortests.vectorarray" file="src/pymortests/vectorarray.py" line="816" name="test_sub[compatible_vector_array_pair0-&lt;lambda&gt;23]" time="0.0038230419158935547"></testcase><testcase classname="src.pymortests.vectorarray" file="src/pymortests/vectorarray.py" line="816" name="test_sub[compatible_vector_array_pair0-&lt;lambda&gt;24]" time="0.0012934207916259766"></testcase><testcase classname="src.pymortests.vectorarray" file="src/pymortests/vectorarray.py" line="816" name="test_sub[compatible_vector_array_pair0-&lt;lambda&gt;25]" time="0.0022864341735839844"></testcase><testcase classname="src.pymortests.vectorarray" file="src/pymortests/vectorarray.py" line="816" name="test_sub[compatible_vector_array_pair0-&lt;lambda&gt;26]" time="0.02326798439025879"></testcase><testcase classname="src.pymortests.vectorarray" file="src/pymortests/vectorarray.py" line="816" name="test_sub[compatible_vector_array_pair0-&lt;lambda&gt;27]" time="0.11946892738342285"></testcase><testcase classname="src.pymortests.vectorarray" file="src/pymortests/vectorarray.py" line="816" name="test_sub[compatible_vector_array_pair0-&lt;lambda&gt;28]" time="0.31496167182922363"></testcase><testcase classname="src.pymortests.vectorarray" file="src/pymortests/vectorarray.py" line="816" name="test_sub[compatible_vector_array_pair0-&lt;lambda&gt;29]" time="0.009953975677490234"></testcase><testcase classname="src.pymortests.vectorarray" file="src/pymortests/vectorarray.py" line="816" name="test_sub[compatible_vector_array_pair1-&lt;lambda&gt;0]" time="0.002083301544189453"></testcase><testcase classname="src.pymortests.vectorarray" file="src/pymortests/vectorarray.py" line="816" name="test_sub[compatible_vector_array_pair1-&lt;lambda&gt;1]" time="0.001577615737915039"></testcase><testcase classname="src.pymortests.vectorarray" file="src/pymortests/vectorarray.py" line="816" name="test_sub[compatible_vector_array_pair1-&lt;lambda&gt;2]" time="0.0014202594757080078"></testcase><testcase classname="src.pymortests.vectorarray" file="src/pymortests/vectorarray.py" line="816" name="test_sub[compatible_vector_array_pair1-&lt;lambda&gt;3]" time="0.001556396484375"></testcase><testcase classname="src.pymortests.vectorarray" file="src/pymortests/vectorarray.py" line="816" name="test_sub[compatible_vector_array_pair1-&lt;lambda&gt;4]" time="0.0014243125915527344"></testcase><testcase classname="src.pymortests.vectorarray" file="src/pymortests/vectorarray.py" line="816" name="test_sub[compatible_vector_array_pair1-&lt;lambda&gt;5]" time="0.0013437271118164062"></testcase><testcase classname="src.pymortests.vectorarray" file="src/pymortests/vectorarray.py" line="816" name="test_sub[compatible_vector_array_pair1-&lt;lambda&gt;6]" time="0.0012791156768798828"></testcase><testcase classname="src.pymortests.vectorarray" file="src/pymortests/vectorarray.py" line="816" name="test_sub[compatible_vector_array_pair1-&lt;lambda&gt;7]" time="0.0013203620910644531"></testcase><testcase classname="src.pymortests.vectorarray" file="src/pymortests/vectorarray.py" line="816" name="test_sub[compatible_vector_array_pair1-&lt;lambda&gt;8]" time="0.0017049312591552734"></testcase><testcase classname="src.pymortests.vectorarray" file="src/pymortests/vectorarray.py" line="816" name="test_sub[compatible_vector_array_pair1-&lt;lambda&gt;9]" time="0.004576683044433594"></testcase><testcase classname="src.pymortests.vectorarray" file="src/pymortests/vectorarray.py" line="816" name="test_sub[compatible_vector_array_pair1-&lt;lambda&gt;10]" time="0.009098529815673828"></testcase><testcase classname="src.pymortests.vectorarray" file="src/pymortests/vectorarray.py" line="816" name="test_sub[compatible_vector_array_pair1-&lt;lambda&gt;11]" time="0.0015535354614257812"></testcase><testcase classname="src.pymortests.vectorarray" file="src/pymortests/vectorarray.py" line="816" name="test_sub[compatible_vector_array_pair1-&lt;lambda&gt;12]" time="0.0016717910766601562"></testcase><testcase classname="src.pymortests.vectorarray" file="src/pymortests/vectorarray.py" line="816" name="test_sub[compatible_vector_array_pair1-&lt;lambda&gt;13]" time="0.001886606216430664"></testcase><testcase classname="src.pymortests.vectorarray" file="src/pymortests/vectorarray.py" line="816" name="test_sub[compatible_vector_array_pair1-&lt;lambda&gt;14]" time="0.001714944839477539"></testcase><testcase classname="src.pymortests.vectorarray" file="src/pymortests/vectorarray.py" line="816" name="test_sub[compatible_vector_array_pair1-&lt;lambda&gt;15]" time="0.0021615028381347656"></testcase><testcase classname="src.pymortests.vectorarray" file="src/pymortests/vectorarray.py" line="816" name="test_sub[compatible_vector_array_pair1-&lt;lambda&gt;16]" time="0.002402782440185547"></testcase><testcase classname="src.pymortests.vectorarray" file="src/pymortests/vectorarray.py" line="816" name="test_sub[compatible_vector_array_pair1-&lt;lambda&gt;17]" time="0.0022568702697753906"></testcase><testcase classname="src.pymortests.vectorarray" file="src/pymortests/vectorarray.py" line="816" name="test_sub[compatible_vector_array_pair1-&lt;lambda&gt;18]" time="0.001961946487426758"></testcase><testcase classname="src.pymortests.vectorarray" file="src/pymortests/vectorarray.py" line="816" name="test_sub[compatible_vector_array_pair1-&lt;lambda&gt;19]" time="0.001994609832763672"></testcase><testcase classname="src.pymortests.vectorarray" file="src/pymortests/vectorarray.py" line="816" name="test_sub[compatible_vector_array_pair1-&lt;lambda&gt;20]" time="0.024607419967651367"></testcase><testcase classname="src.pymortests.vectorarray" file="src/pymortests/vectorarray.py" line="816" name="test_sub[compatible_vector_array_pair1-&lt;lambda&gt;21]" time="0.01805853843688965"></testcase><testcase classname="src.pymortests.vectorarray" file="src/pymortests/vectorarray.py" line="816" name="test_sub[compatible_vector_array_pair1-&lt;lambda&gt;22]" time="0.04960799217224121"></testcase><testcase classname="src.pymortests.vectorarray" file="src/pymortests/vectorarray.py" line="816" name="test_sub[compatible_vector_array_pair1-&lt;lambda&gt;23]" time="0.0038268566131591797"></testcase><testcase classname="src.pymortests.vectorarray" file="src/pymortests/vectorarray.py" line="816" name="test_sub[compatible_vector_array_pair1-&lt;lambda&gt;24]" time="0.0012977123260498047"></testcase><testcase classname="src.pymortests.vectorarray" file="src/pymortests/vectorarray.py" line="816" name="test_sub[compatible_vector_array_pair1-&lt;lambda&gt;25]" time="0.0022034645080566406"></testcase><testcase classname="src.pymortests.vectorarray" file="src/pymortests/vectorarray.py" line="816" name="test_sub[compatible_vector_array_pair1-&lt;lambda&gt;26]" time="0.024628162384033203"></testcase><testcase classname="src.pymortests.vectorarray" file="src/pymortests/vectorarray.py" line="816" name="test_sub[compatible_vector_array_pair1-&lt;lambda&gt;27]" time="0.11877989768981934"></testcase><testcase classname="src.pymortests.vectorarray" file="src/pymortests/vectorarray.py" line="816" name="test_sub[compatible_vector_array_pair1-&lt;lambda&gt;28]" time="0.31768226623535156"></testcase><testcase classname="src.pymortests.vectorarray" file="src/pymortests/vectorarray.py" line="816" name="test_sub[compatible_vector_array_pair1-&lt;lambda&gt;29]" time="0.009444952011108398"></testcase><testcase classname="src.pymortests.vectorarray" file="src/pymortests/vectorarray.py" line="816" name="test_sub[compatible_vector_array_pair2-&lt;lambda&gt;0]" time="0.001474142074584961"></testcase><testcase classname="src.pymortests.vectorarray" file="src/pymortests/vectorarray.py" line="816" name="test_sub[compatible_vector_array_pair2-&lt;lambda&gt;1]" time="0.0014109611511230469"></testcase><testcase classname="src.pymortests.vectorarray" file="src/pymortests/vectorarray.py" line="816" name="test_sub[compatible_vector_array_pair2-&lt;lambda&gt;2]" time="0.0014576911926269531"></testcase><testcase classname="src.pymortests.vectorarray" file="src/pymortests/vectorarray.py" line="816" name="test_sub[compatible_vector_array_pair2-&lt;lambda&gt;3]" time="0.0014798641204833984"></testcase><testcase classname="src.pymortests.vectorarray" file="src/pymortests/vectorarray.py" line="816" name="test_sub[compatible_vector_array_pair2-&lt;lambda&gt;4]" time="0.0014355182647705078"></testcase><testcase classname="src.pymortests.vectorarray" file="src/pymortests/vectorarray.py" line="816" name="test_sub[compatible_vector_array_pair2-&lt;lambda&gt;5]" time="0.0012962818145751953"></testcase><testcase classname="src.pymortests.vectorarray" file="src/pymortests/vectorarray.py" line="816" name="test_sub[compatible_vector_array_pair2-&lt;lambda&gt;6]" time="0.0012919902801513672"></testcase><testcase classname="src.pymortests.vectorarray" file="src/pymortests/vectorarray.py" line="816" name="test_sub[compatible_vector_array_pair2-&lt;lambda&gt;7]" time="0.0013141632080078125"></testcase><testcase classname="src.pymortests.vectorarray" file="src/pymortests/vectorarray.py" line="816" name="test_sub[compatible_vector_array_pair2-&lt;lambda&gt;8]" time="0.0018999576568603516"></testcase><testcase classname="src.pymortests.vectorarray" file="src/pymortests/vectorarray.py" line="816" name="test_sub[compatible_vector_array_pair2-&lt;lambda&gt;9]" time="0.00460505485534668"></testcase><testcase classname="src.pymortests.vectorarray" file="src/pymortests/vectorarray.py" line="816" name="test_sub[compatible_vector_array_pair2-&lt;lambda&gt;10]" time="0.009079217910766602"></testcase><testcase classname="src.pymortests.vectorarray" file="src/pymortests/vectorarray.py" line="816" name="test_sub[compatible_vector_array_pair2-&lt;lambda&gt;11]" time="0.0015900135040283203"></testcase><testcase classname="src.pymortests.vectorarray" file="src/pymortests/vectorarray.py" line="816" name="test_sub[compatible_vector_array_pair2-&lt;lambda&gt;12]" time="0.001687765121459961"></testcase><testcase classname="src.pymortests.vectorarray" file="src/pymortests/vectorarray.py" line="816" name="test_sub[compatible_vector_array_pair2-&lt;lambda&gt;13]" time="0.0018508434295654297"></testcase><testcase classname="src.pymortests.vectorarray" file="src/pymortests/vectorarray.py" line="816" name="test_sub[compatible_vector_array_pair2-&lt;lambda&gt;14]" time="0.0017914772033691406"></testcase><testcase classname="src.pymortests.vectorarray" file="src/pymortests/vectorarray.py" line="816" name="test_sub[compatible_vector_array_pair2-&lt;lambda&gt;15]" time="0.002181529998779297"></testcase><testcase classname="src.pymortests.vectorarray" file="src/pymortests/vectorarray.py" line="816" name="test_sub[compatible_vector_array_pair2-&lt;lambda&gt;16]" time="0.0024912357330322266"></testcase><testcase classname="src.pymortests.vectorarray" file="src/pymortests/vectorarray.py" line="816" name="test_sub[compatible_vector_array_pair2-&lt;lambda&gt;17]" time="0.002229452133178711"></testcase><testcase classname="src.pymortests.vectorarray" file="src/pymortests/vectorarray.py" line="816" name="test_sub[compatible_vector_array_pair2-&lt;lambda&gt;18]" time="0.001956462860107422"></testcase><testcase classname="src.pymortests.vectorarray" file="src/pymortests/vectorarray.py" line="816" name="test_sub[compatible_vector_array_pair2-&lt;lambda&gt;19]" time="0.0020792484283447266"></testcase><testcase classname="src.pymortests.vectorarray" file="src/pymortests/vectorarray.py" line="816" name="test_sub[compatible_vector_array_pair2-&lt;lambda&gt;20]" time="0.025228023529052734"></testcase><testcase classname="src.pymortests.vectorarray" file="src/pymortests/vectorarray.py" line="816" name="test_sub[compatible_vector_array_pair2-&lt;lambda&gt;21]" time="0.017681121826171875"></testcase><testcase classname="src.pymortests.vectorarray" file="src/pymortests/vectorarray.py" line="816" name="test_sub[compatible_vector_array_pair2-&lt;lambda&gt;22]" time="0.0490262508392334"></testcase><testcase classname="src.pymortests.vectorarray" file="src/pymortests/vectorarray.py" line="816" name="test_sub[compatible_vector_array_pair2-&lt;lambda&gt;23]" time="0.0038633346557617188"></testcase><testcase classname="src.pymortests.vectorarray" file="src/pymortests/vectorarray.py" line="816" name="test_sub[compatible_vector_array_pair2-&lt;lambda&gt;24]" time="0.0013146400451660156"></testcase><testcase classname="src.pymortests.vectorarray" file="src/pymortests/vectorarray.py" line="816" name="test_sub[compatible_vector_array_pair2-&lt;lambda&gt;25]" time="0.002189159393310547"></testcase><testcase classname="src.pymortests.vectorarray" file="src/pymortests/vectorarray.py" line="816" name="test_sub[compatible_vector_array_pair2-&lt;lambda&gt;26]" time="0.023183822631835938"></testcase><testcase classname="src.pymortests.vectorarray" file="src/pymortests/vectorarray.py" line="816" name="test_sub[compatible_vector_array_pair2-&lt;lambda&gt;27]" time="0.11997056007385254"></testcase><testcase classname="src.pymortests.vectorarray" file="src/pymortests/vectorarray.py" line="816" name="test_sub[compatible_vector_array_pair2-&lt;lambda&gt;28]" time="0.3189074993133545"></testcase><testcase classname="src.pymortests.vectorarray" file="src/pymortests/vectorarray.py" line="816" name="test_sub[compatible_vector_array_pair2-&lt;lambda&gt;29]" time="0.009508848190307617"></testcase><testcase classname="src.pymortests.vectorarray" file="src/pymortests/vectorarray.py" line="816" name="test_sub[compatible_vector_array_pair3-&lt;lambda&gt;0]" time="0.0015256404876708984"></testcase><testcase classname="src.pymortests.vectorarray" file="src/pymortests/vectorarray.py" line="816" name="test_sub[compatible_vector_array_pair3-&lt;lambda&gt;1]" time="0.0014886856079101562"></testcase><testcase classname="src.pymortests.vectorarray" file="src/pymortests/vectorarray.py" line="816" name="test_sub[compatible_vector_array_pair3-&lt;lambda&gt;2]" time="0.0015702247619628906"></testcase><testcase classname="src.pymortests.vectorarray" file="src/pymortests/vectorarray.py" line="816" name="test_sub[compatible_vector_array_pair3-&lt;lambda&gt;3]" time="0.001567840576171875"></testcase><testcase classname="src.pymortests.vectorarray" file="src/pymortests/vectorarray.py" line="816" name="test_sub[compatible_vector_array_pair3-&lt;lambda&gt;4]" time="0.0014328956604003906"></testcase><testcase classname="src.pymortests.vectorarray" file="src/pymortests/vectorarray.py" line="816" name="test_sub[compatible_vector_array_pair3-&lt;lambda&gt;5]" time="0.0013451576232910156"></testcase><testcase classname="src.pymortests.vectorarray" file="src/pymortests/vectorarray.py" line="816" name="test_sub[compatible_vector_array_pair3-&lt;lambda&gt;6]" time="0.0013275146484375"></testcase><testcase classname="src.pymortests.vectorarray" file="src/pymortests/vectorarray.py" line="816" name="test_sub[compatible_vector_array_pair3-&lt;lambda&gt;7]" time="0.0013284683227539062"></testcase><testcase classname="src.pymortests.vectorarray" file="src/pymortests/vectorarray.py" line="816" name="test_sub[compatible_vector_array_pair3-&lt;lambda&gt;8]" time="0.0016736984252929688"></testcase><testcase classname="src.pymortests.vectorarray" file="src/pymortests/vectorarray.py" line="816" name="test_sub[compatible_vector_array_pair3-&lt;lambda&gt;9]" time="0.0046596527099609375"></testcase><testcase classname="src.pymortests.vectorarray" file="src/pymortests/vectorarray.py" line="816" name="test_sub[compatible_vector_array_pair3-&lt;lambda&gt;10]" time="0.009459972381591797"></testcase><testcase classname="src.pymortests.vectorarray" file="src/pymortests/vectorarray.py" line="816" name="test_sub[compatible_vector_array_pair3-&lt;lambda&gt;11]" time="0.001676797866821289"></testcase><testcase classname="src.pymortests.vectorarray" file="src/pymortests/vectorarray.py" line="816" name="test_sub[compatible_vector_array_pair3-&lt;lambda&gt;12]" time="0.0018312931060791016"></testcase><testcase classname="src.pymortests.vectorarray" file="src/pymortests/vectorarray.py" line="816" name="test_sub[compatible_vector_array_pair3-&lt;lambda&gt;13]" time="0.001943349838256836"></testcase><testcase classname="src.pymortests.vectorarray" file="src/pymortests/vectorarray.py" line="816" name="test_sub[compatible_vector_array_pair3-&lt;lambda&gt;14]" time="0.0018625259399414062"></testcase><testcase classname="src.pymortests.vectorarray" file="src/pymortests/vectorarray.py" line="816" name="test_sub[compatible_vector_array_pair3-&lt;lambda&gt;15]" time="0.002273082733154297"></testcase><testcase classname="src.pymortests.vectorarray" file="src/pymortests/vectorarray.py" line="816" name="test_sub[compatible_vector_array_pair3-&lt;lambda&gt;16]" time="0.002424955368041992"></testcase><testcase classname="src.pymortests.vectorarray" file="src/pymortests/vectorarray.py" line="816" name="test_sub[compatible_vector_array_pair3-&lt;lambda&gt;17]" time="0.0022869110107421875"></testcase><testcase classname="src.pymortests.vectorarray" file="src/pymortests/vectorarray.py" line="816" name="test_sub[compatible_vector_array_pair3-&lt;lambda&gt;18]" time="0.002042531967163086"></testcase><testcase classname="src.pymortests.vectorarray" file="src/pymortests/vectorarray.py" line="816" name="test_sub[compatible_vector_array_pair3-&lt;lambda&gt;19]" time="0.0021495819091796875"></testcase><testcase classname="src.pymortests.vectorarray" file="src/pymortests/vectorarray.py" line="816" name="test_sub[compatible_vector_array_pair3-&lt;lambda&gt;20]" time="0.02484917640686035"></testcase><testcase classname="src.pymortests.vectorarray" file="src/pymortests/vectorarray.py" line="816" name="test_sub[compatible_vector_array_pair3-&lt;lambda&gt;21]" time="0.01782822608947754"></testcase><testcase classname="src.pymortests.vectorarray" file="src/pymortests/vectorarray.py" line="816" name="test_sub[compatible_vector_array_pair3-&lt;lambda&gt;22]" time="0.049843788146972656"></testcase><testcase classname="src.pymortests.vectorarray" file="src/pymortests/vectorarray.py" line="816" name="test_sub[compatible_vector_array_pair3-&lt;lambda&gt;23]" time="0.0037984848022460938"></testcase><testcase classname="src.pymortests.vectorarray" file="src/pymortests/vectorarray.py" line="816" name="test_sub[compatible_vector_array_pair3-&lt;lambda&gt;24]" time="0.0013594627380371094"></testcase><testcase classname="src.pymortests.vectorarray" file="src/pymortests/vectorarray.py" line="816" name="test_sub[compatible_vector_array_pair3-&lt;lambda&gt;25]" time="0.002244710922241211"></testcase><testcase classname="src.pymortests.vectorarray" file="src/pymortests/vectorarray.py" line="816" name="test_sub[compatible_vector_array_pair3-&lt;lambda&gt;26]" time="0.02334141731262207"></testcase><testcase classname="src.pymortests.vectorarray" file="src/pymortests/vectorarray.py" line="816" name="test_sub[compatible_vector_array_pair3-&lt;lambda&gt;27]" time="0.11934494972229004"></testcase><testcase classname="src.pymortests.vectorarray" file="src/pymortests/vectorarray.py" line="816" name="test_sub[compatible_vector_array_pair3-&lt;lambda&gt;28]" time="0.31613612174987793"></testcase><testcase classname="src.pymortests.vectorarray" file="src/pymortests/vectorarray.py" line="816" name="test_sub[compatible_vector_array_pair3-&lt;lambda&gt;29]" time="0.009903192520141602"></testcase><testcase classname="src.pymortests.vectorarray" file="src/pymortests/vectorarray.py" line="816" name="test_sub[compatible_vector_array_pair4-&lt;lambda&gt;0]" time="0.0016033649444580078"></testcase><testcase classname="src.pymortests.vectorarray" file="src/pymortests/vectorarray.py" line="816" name="test_sub[compatible_vector_array_pair4-&lt;lambda&gt;1]" time="0.001544952392578125"></testcase><testcase classname="src.pymortests.vectorarray" file="src/pymortests/vectorarray.py" line="816" name="test_sub[compatible_vector_array_pair4-&lt;lambda&gt;2]" time="0.001497030258178711"></testcase><testcase classname="src.pymortests.vectorarray" file="src/pymortests/vectorarray.py" line="816" name="test_sub[compatible_vector_array_pair4-&lt;lambda&gt;3]" time="0.001607656478881836"></testcase><testcase classname="src.pymortests.vectorarray" file="src/pymortests/vectorarray.py" line="816" name="test_sub[compatible_vector_array_pair4-&lt;lambda&gt;4]" time="0.0015404224395751953"></testcase><testcase classname="src.pymortests.vectorarray" file="src/pymortests/vectorarray.py" line="816" name="test_sub[compatible_vector_array_pair4-&lt;lambda&gt;5]" time="0.0014150142669677734"></testcase><testcase classname="src.pymortests.vectorarray" file="src/pymortests/vectorarray.py" line="816" name="test_sub[compatible_vector_array_pair4-&lt;lambda&gt;6]" time="0.0013661384582519531"></testcase><testcase classname="src.pymortests.vectorarray" file="src/pymortests/vectorarray.py" line="816" name="test_sub[compatible_vector_array_pair4-&lt;lambda&gt;7]" time="0.0014004707336425781"></testcase><testcase classname="src.pymortests.vectorarray" file="src/pymortests/vectorarray.py" line="816" name="test_sub[compatible_vector_array_pair4-&lt;lambda&gt;8]" time="0.0018224716186523438"></testcase><testcase classname="src.pymortests.vectorarray" file="src/pymortests/vectorarray.py" line="816" name="test_sub[compatible_vector_array_pair4-&lt;lambda&gt;9]" time="0.0049250125885009766"></testcase><testcase classname="src.pymortests.vectorarray" file="src/pymortests/vectorarray.py" line="816" name="test_sub[compatible_vector_array_pair4-&lt;lambda&gt;10]" time="0.009301900863647461"></testcase><testcase classname="src.pymortests.vectorarray" file="src/pymortests/vectorarray.py" line="816" name="test_sub[compatible_vector_array_pair4-&lt;lambda&gt;11]" time="0.0016329288482666016"></testcase><testcase classname="src.pymortests.vectorarray" file="src/pymortests/vectorarray.py" line="816" name="test_sub[compatible_vector_array_pair4-&lt;lambda&gt;12]" time="0.0017819404602050781"></testcase><testcase classname="src.pymortests.vectorarray" file="src/pymortests/vectorarray.py" line="816" name="test_sub[compatible_vector_array_pair4-&lt;lambda&gt;13]" time="0.0020186901092529297"></testcase><testcase classname="src.pymortests.vectorarray" file="src/pymortests/vectorarray.py" line="816" name="test_sub[compatible_vector_array_pair4-&lt;lambda&gt;14]" time="0.0018863677978515625"></testcase><testcase classname="src.pymortests.vectorarray" file="src/pymortests/vectorarray.py" line="816" name="test_sub[compatible_vector_array_pair4-&lt;lambda&gt;15]" time="0.0023620128631591797"></testcase><testcase classname="src.pymortests.vectorarray" file="src/pymortests/vectorarray.py" line="816" name="test_sub[compatible_vector_array_pair4-&lt;lambda&gt;16]" time="0.0026006698608398438"></testcase><testcase classname="src.pymortests.vectorarray" file="src/pymortests/vectorarray.py" line="816" name="test_sub[compatible_vector_array_pair4-&lt;lambda&gt;17]" time="0.0023386478424072266"></testcase><testcase classname="src.pymortests.vectorarray" file="src/pymortests/vectorarray.py" line="816" name="test_sub[compatible_vector_array_pair4-&lt;lambda&gt;18]" time="0.002074003219604492"></testcase><testcase classname="src.pymortests.vectorarray" file="src/pymortests/vectorarray.py" line="816" name="test_sub[compatible_vector_array_pair4-&lt;lambda&gt;19]" time="0.002059459686279297"></testcase><testcase classname="src.pymortests.vectorarray" file="src/pymortests/vectorarray.py" line="816" name="test_sub[compatible_vector_array_pair4-&lt;lambda&gt;20]" time="0.025162220001220703"></testcase><testcase classname="src.pymortests.vectorarray" file="src/pymortests/vectorarray.py" line="816" name="test_sub[compatible_vector_array_pair4-&lt;lambda&gt;21]" time="0.017830610275268555"></testcase><testcase classname="src.pymortests.vectorarray" file="src/pymortests/vectorarray.py" line="816" name="test_sub[compatible_vector_array_pair4-&lt;lambda&gt;22]" time="0.05058169364929199"></testcase><testcase classname="src.pymortests.vectorarray" file="src/pymortests/vectorarray.py" line="816" name="test_sub[compatible_vector_array_pair4-&lt;lambda&gt;23]" time="0.0037195682525634766"></testcase><testcase classname="src.pymortests.vectorarray" file="src/pymortests/vectorarray.py" line="816" name="test_sub[compatible_vector_array_pair4-&lt;lambda&gt;24]" time="0.0013110637664794922"></testcase><testcase classname="src.pymortests.vectorarray" file="src/pymortests/vectorarray.py" line="816" name="test_sub[compatible_vector_array_pair4-&lt;lambda&gt;25]" time="0.002248525619506836"></testcase><testcase classname="src.pymortests.vectorarray" file="src/pymortests/vectorarray.py" line="816" name="test_sub[compatible_vector_array_pair4-&lt;lambda&gt;26]" time="0.02342057228088379"></testcase><testcase classname="src.pymortests.vectorarray" file="src/pymortests/vectorarray.py" line="816" name="test_sub[compatible_vector_array_pair4-&lt;lambda&gt;27]" time="0.11937832832336426"></testcase><testcase classname="src.pymortests.vectorarray" file="src/pymortests/vectorarray.py" line="816" name="test_sub[compatible_vector_array_pair4-&lt;lambda&gt;28]" time="0.322246789932251"></testcase><testcase classname="src.pymortests.vectorarray" file="src/pymortests/vectorarray.py" line="816" name="test_sub[compatible_vector_array_pair4-&lt;lambda&gt;29]" time="0.010030031204223633"></testcase><testcase classname="src.pymortests.vectorarray" file="src/pymortests/vectorarray.py" line="816" name="test_sub[compatible_vector_array_pair5-&lt;lambda&gt;0]" time="0.001699209213256836"></testcase><testcase classname="src.pymortests.vectorarray" file="src/pymortests/vectorarray.py" line="816" name="test_sub[compatible_vector_array_pair5-&lt;lambda&gt;1]" time="0.0015518665313720703"></testcase><testcase classname="src.pymortests.vectorarray" file="src/pymortests/vectorarray.py" line="816" name="test_sub[compatible_vector_array_pair5-&lt;lambda&gt;2]" time="0.0015339851379394531"></testcase><testcase classname="src.pymortests.vectorarray" file="src/pymortests/vectorarray.py" line="816" name="test_sub[compatible_vector_array_pair5-&lt;lambda&gt;3]" time="0.0016078948974609375"></testcase><testcase classname="src.pymortests.vectorarray" file="src/pymortests/vectorarray.py" line="816" name="test_sub[compatible_vector_array_pair5-&lt;lambda&gt;4]" time="0.0015382766723632812"></testcase><testcase classname="src.pymortests.vectorarray" file="src/pymortests/vectorarray.py" line="816" name="test_sub[compatible_vector_array_pair5-&lt;lambda&gt;5]" time="0.0013725757598876953"></testcase><testcase classname="src.pymortests.vectorarray" file="src/pymortests/vectorarray.py" line="816" name="test_sub[compatible_vector_array_pair5-&lt;lambda&gt;6]" time="0.0013055801391601562"></testcase><testcase classname="src.pymortests.vectorarray" file="src/pymortests/vectorarray.py" line="816" name="test_sub[compatible_vector_array_pair5-&lt;lambda&gt;7]" time="0.0013275146484375"></testcase><testcase classname="src.pymortests.vectorarray" file="src/pymortests/vectorarray.py" line="816" name="test_sub[compatible_vector_array_pair5-&lt;lambda&gt;8]" time="0.00176239013671875"></testcase><testcase classname="src.pymortests.vectorarray" file="src/pymortests/vectorarray.py" line="816" name="test_sub[compatible_vector_array_pair5-&lt;lambda&gt;9]" time="0.004753589630126953"></testcase><testcase classname="src.pymortests.vectorarray" file="src/pymortests/vectorarray.py" line="816" name="test_sub[compatible_vector_array_pair5-&lt;lambda&gt;10]" time="0.009433984756469727"></testcase><testcase classname="src.pymortests.vectorarray" file="src/pymortests/vectorarray.py" line="816" name="test_sub[compatible_vector_array_pair5-&lt;lambda&gt;11]" time="0.0017654895782470703"></testcase><testcase classname="src.pymortests.vectorarray" file="src/pymortests/vectorarray.py" line="816" name="test_sub[compatible_vector_array_pair5-&lt;lambda&gt;12]" time="0.0018274784088134766"></testcase><testcase classname="src.pymortests.vectorarray" file="src/pymortests/vectorarray.py" line="816" name="test_sub[compatible_vector_array_pair5-&lt;lambda&gt;13]" time="0.001984834671020508"></testcase><testcase classname="src.pymortests.vectorarray" file="src/pymortests/vectorarray.py" line="816" name="test_sub[compatible_vector_array_pair5-&lt;lambda&gt;14]" time="0.0018215179443359375"></testcase><testcase classname="src.pymortests.vectorarray" file="src/pymortests/vectorarray.py" line="816" name="test_sub[compatible_vector_array_pair5-&lt;lambda&gt;15]" time="0.002299785614013672"></testcase><testcase classname="src.pymortests.vectorarray" file="src/pymortests/vectorarray.py" line="816" name="test_sub[compatible_vector_array_pair5-&lt;lambda&gt;16]" time="0.0025582313537597656"></testcase><testcase classname="src.pymortests.vectorarray" file="src/pymortests/vectorarray.py" line="816" name="test_sub[compatible_vector_array_pair5-&lt;lambda&gt;17]" time="0.002424478530883789"></testcase><testcase classname="src.pymortests.vectorarray" file="src/pymortests/vectorarray.py" line="816" name="test_sub[compatible_vector_array_pair5-&lt;lambda&gt;18]" time="0.0020499229431152344"></testcase><testcase classname="src.pymortests.vectorarray" file="src/pymortests/vectorarray.py" line="816" name="test_sub[compatible_vector_array_pair5-&lt;lambda&gt;19]" time="0.002168416976928711"></testcase><testcase classname="src.pymortests.vectorarray" file="src/pymortests/vectorarray.py" line="816" name="test_sub[compatible_vector_array_pair5-&lt;lambda&gt;20]" time="0.02511119842529297"></testcase><testcase classname="src.pymortests.vectorarray" file="src/pymortests/vectorarray.py" line="816" name="test_sub[compatible_vector_array_pair5-&lt;lambda&gt;21]" time="0.018243074417114258"></testcase><testcase classname="src.pymortests.vectorarray" file="src/pymortests/vectorarray.py" line="816" name="test_sub[compatible_vector_array_pair5-&lt;lambda&gt;22]" time="0.05020785331726074"></testcase><testcase classname="src.pymortests.vectorarray" file="src/pymortests/vectorarray.py" line="816" name="test_sub[compatible_vector_array_pair5-&lt;lambda&gt;23]" time="0.00392460823059082"></testcase><testcase classname="src.pymortests.vectorarray" file="src/pymortests/vectorarray.py" line="816" name="test_sub[compatible_vector_array_pair5-&lt;lambda&gt;24]" time="0.0014340877532958984"></testcase><testcase classname="src.pymortests.vectorarray" file="src/pymortests/vectorarray.py" line="816" name="test_sub[compatible_vector_array_pair5-&lt;lambda&gt;25]" time="0.0023326873779296875"></testcase><testcase classname="src.pymortests.vectorarray" file="src/pymortests/vectorarray.py" line="816" name="test_sub[compatible_vector_array_pair5-&lt;lambda&gt;26]" time="0.0239412784576416"></testcase><testcase classname="src.pymortests.vectorarray" file="src/pymortests/vectorarray.py" line="816" name="test_sub[compatible_vector_array_pair5-&lt;lambda&gt;27]" time="0.12043952941894531"></testcase><testcase classname="src.pymortests.vectorarray" file="src/pymortests/vectorarray.py" line="816" name="test_sub[compatible_vector_array_pair5-&lt;lambda&gt;28]" time="0.3199734687805176"></testcase><testcase classname="src.pymortests.vectorarray" file="src/pymortests/vectorarray.py" line="816" name="test_sub[compatible_vector_array_pair5-&lt;lambda&gt;29]" time="0.009593963623046875"></testcase><testcase classname="src.pymortests.vectorarray" file="src/pymortests/vectorarray.py" line="816" name="test_sub[compatible_vector_array_pair6-&lt;lambda&gt;0]" time="0.0015532970428466797"></testcase><testcase classname="src.pymortests.vectorarray" file="src/pymortests/vectorarray.py" line="816" name="test_sub[compatible_vector_array_pair6-&lt;lambda&gt;1]" time="0.0014667510986328125"></testcase><testcase classname="src.pymortests.vectorarray" file="src/pymortests/vectorarray.py" line="816" name="test_sub[compatible_vector_array_pair6-&lt;lambda&gt;2]" time="0.0014865398406982422"></testcase><testcase classname="src.pymortests.vectorarray" file="src/pymortests/vectorarray.py" line="816" name="test_sub[compatible_vector_array_pair6-&lt;lambda&gt;3]" time="0.0016930103302001953"></testcase><testcase classname="src.pymortests.vectorarray" file="src/pymortests/vectorarray.py" line="816" name="test_sub[compatible_vector_array_pair6-&lt;lambda&gt;4]" time="0.0016322135925292969"></testcase><testcase classname="src.pymortests.vectorarray" file="src/pymortests/vectorarray.py" line="816" name="test_sub[compatible_vector_array_pair6-&lt;lambda&gt;5]" time="0.001424551010131836"></testcase><testcase classname="src.pymortests.vectorarray" file="src/pymortests/vectorarray.py" line="816" name="test_sub[compatible_vector_array_pair6-&lt;lambda&gt;6]" time="0.0013315677642822266"></testcase><testcase classname="src.pymortests.vectorarray" file="src/pymortests/vectorarray.py" line="816" name="test_sub[compatible_vector_array_pair6-&lt;lambda&gt;7]" time="0.0013489723205566406"></testcase><testcase classname="src.pymortests.vectorarray" file="src/pymortests/vectorarray.py" line="816" name="test_sub[compatible_vector_array_pair6-&lt;lambda&gt;8]" time="0.0017046928405761719"></testcase><testcase classname="src.pymortests.vectorarray" file="src/pymortests/vectorarray.py" line="816" name="test_sub[compatible_vector_array_pair6-&lt;lambda&gt;9]" time="0.004840373992919922"></testcase><testcase classname="src.pymortests.vectorarray" file="src/pymortests/vectorarray.py" line="816" name="test_sub[compatible_vector_array_pair6-&lt;lambda&gt;10]" time="0.009052515029907227"></testcase><testcase classname="src.pymortests.vectorarray" file="src/pymortests/vectorarray.py" line="816" name="test_sub[compatible_vector_array_pair6-&lt;lambda&gt;11]" time="0.0017852783203125"></testcase><testcase classname="src.pymortests.vectorarray" file="src/pymortests/vectorarray.py" line="816" name="test_sub[compatible_vector_array_pair6-&lt;lambda&gt;12]" time="0.0018100738525390625"></testcase><testcase classname="src.pymortests.vectorarray" file="src/pymortests/vectorarray.py" line="816" name="test_sub[compatible_vector_array_pair6-&lt;lambda&gt;13]" time="0.0019214153289794922"></testcase><testcase classname="src.pymortests.vectorarray" file="src/pymortests/vectorarray.py" line="816" name="test_sub[compatible_vector_array_pair6-&lt;lambda&gt;14]" time="0.0017688274383544922"></testcase><testcase classname="src.pymortests.vectorarray" file="src/pymortests/vectorarray.py" line="816" name="test_sub[compatible_vector_array_pair6-&lt;lambda&gt;15]" time="0.0022721290588378906"></testcase><testcase classname="src.pymortests.vectorarray" file="src/pymortests/vectorarray.py" line="816" name="test_sub[compatible_vector_array_pair6-&lt;lambda&gt;16]" time="0.002460002899169922"></testcase><testcase classname="src.pymortests.vectorarray" file="src/pymortests/vectorarray.py" line="816" name="test_sub[compatible_vector_array_pair6-&lt;lambda&gt;17]" time="0.0022797584533691406"></testcase><testcase classname="src.pymortests.vectorarray" file="src/pymortests/vectorarray.py" line="816" name="test_sub[compatible_vector_array_pair6-&lt;lambda&gt;18]" time="0.0020515918731689453"></testcase><testcase classname="src.pymortests.vectorarray" file="src/pymortests/vectorarray.py" line="816" name="test_sub[compatible_vector_array_pair6-&lt;lambda&gt;19]" time="0.002145051956176758"></testcase><testcase classname="src.pymortests.vectorarray" file="src/pymortests/vectorarray.py" line="816" name="test_sub[compatible_vector_array_pair6-&lt;lambda&gt;20]" time="0.02500438690185547"></testcase><testcase classname="src.pymortests.vectorarray" file="src/pymortests/vectorarray.py" line="816" name="test_sub[compatible_vector_array_pair6-&lt;lambda&gt;21]" time="0.017838478088378906"></testcase><testcase classname="src.pymortests.vectorarray" file="src/pymortests/vectorarray.py" line="816" name="test_sub[compatible_vector_array_pair6-&lt;lambda&gt;22]" time="0.049566030502319336"></testcase><testcase classname="src.pymortests.vectorarray" file="src/pymortests/vectorarray.py" line="816" name="test_sub[compatible_vector_array_pair6-&lt;lambda&gt;23]" time="0.0038022994995117188"></testcase><testcase classname="src.pymortests.vectorarray" file="src/pymortests/vectorarray.py" line="816" name="test_sub[compatible_vector_array_pair6-&lt;lambda&gt;24]" time="0.0013287067413330078"></testcase><testcase classname="src.pymortests.vectorarray" file="src/pymortests/vectorarray.py" line="816" name="test_sub[compatible_vector_array_pair6-&lt;lambda&gt;25]" time="0.0022172927856445312"></testcase><testcase classname="src.pymortests.vectorarray" file="src/pymortests/vectorarray.py" line="816" name="test_sub[compatible_vector_array_pair6-&lt;lambda&gt;26]" time="0.023494720458984375"></testcase><testcase classname="src.pymortests.vectorarray" file="src/pymortests/vectorarray.py" line="816" name="test_sub[compatible_vector_array_pair6-&lt;lambda&gt;27]" time="0.11964797973632812"></testcase><testcase classname="src.pymortests.vectorarray" file="src/pymortests/vectorarray.py" line="816" name="test_sub[compatible_vector_array_pair6-&lt;lambda&gt;28]" time="0.31692981719970703"></testcase><testcase classname="src.pymortests.vectorarray" file="src/pymortests/vectorarray.py" line="816" name="test_sub[compatible_vector_array_pair6-&lt;lambda&gt;29]" time="0.009566545486450195"></testcase><testcase classname="src.pymortests.vectorarray" file="src/pymortests/vectorarray.py" line="816" name="test_sub[compatible_vector_array_pair7-&lt;lambda&gt;0]" time="0.001592874526977539"></testcase><testcase classname="src.pymortests.vectorarray" file="src/pymortests/vectorarray.py" line="816" name="test_sub[compatible_vector_array_pair7-&lt;lambda&gt;1]" time="0.001451730728149414"></testcase><testcase classname="src.pymortests.vectorarray" file="src/pymortests/vectorarray.py" line="816" name="test_sub[compatible_vector_array_pair7-&lt;lambda&gt;2]" time="0.0014715194702148438"></testcase><testcase classname="src.pymortests.vectorarray" file="src/pymortests/vectorarray.py" line="816" name="test_sub[compatible_vector_array_pair7-&lt;lambda&gt;3]" time="0.0015723705291748047"></testcase><testcase classname="src.pymortests.vectorarray" file="src/pymortests/vectorarray.py" line="816" name="test_sub[compatible_vector_array_pair7-&lt;lambda&gt;4]" time="0.0015230178833007812"></testcase><testcase classname="src.pymortests.vectorarray" file="src/pymortests/vectorarray.py" line="816" name="test_sub[compatible_vector_array_pair7-&lt;lambda&gt;5]" time="0.0013477802276611328"></testcase><testcase classname="src.pymortests.vectorarray" file="src/pymortests/vectorarray.py" line="816" name="test_sub[compatible_vector_array_pair7-&lt;lambda&gt;6]" time="0.0013277530670166016"></testcase><testcase classname="src.pymortests.vectorarray" file="src/pymortests/vectorarray.py" line="816" name="test_sub[compatible_vector_array_pair7-&lt;lambda&gt;7]" time="0.0013489723205566406"></testcase><testcase classname="src.pymortests.vectorarray" file="src/pymortests/vectorarray.py" line="816" name="test_sub[compatible_vector_array_pair7-&lt;lambda&gt;8]" time="0.0017647743225097656"></testcase><testcase classname="src.pymortests.vectorarray" file="src/pymortests/vectorarray.py" line="816" name="test_sub[compatible_vector_array_pair7-&lt;lambda&gt;9]" time="0.004828214645385742"></testcase><testcase classname="src.pymortests.vectorarray" file="src/pymortests/vectorarray.py" line="816" name="test_sub[compatible_vector_array_pair7-&lt;lambda&gt;10]" time="0.009377479553222656"></testcase><testcase classname="src.pymortests.vectorarray" file="src/pymortests/vectorarray.py" line="816" name="test_sub[compatible_vector_array_pair7-&lt;lambda&gt;11]" time="0.0016796588897705078"></testcase><testcase classname="src.pymortests.vectorarray" file="src/pymortests/vectorarray.py" line="816" name="test_sub[compatible_vector_array_pair7-&lt;lambda&gt;12]" time="0.0017693042755126953"></testcase><testcase classname="src.pymortests.vectorarray" file="src/pymortests/vectorarray.py" line="816" name="test_sub[compatible_vector_array_pair7-&lt;lambda&gt;13]" time="0.001939535140991211"></testcase><testcase classname="src.pymortests.vectorarray" file="src/pymortests/vectorarray.py" line="816" name="test_sub[compatible_vector_array_pair7-&lt;lambda&gt;14]" time="0.0018270015716552734"></testcase><testcase classname="src.pymortests.vectorarray" file="src/pymortests/vectorarray.py" line="816" name="test_sub[compatible_vector_array_pair7-&lt;lambda&gt;15]" time="0.0022759437561035156"></testcase><testcase classname="src.pymortests.vectorarray" file="src/pymortests/vectorarray.py" line="816" name="test_sub[compatible_vector_array_pair7-&lt;lambda&gt;16]" time="0.0025005340576171875"></testcase><testcase classname="src.pymortests.vectorarray" file="src/pymortests/vectorarray.py" line="816" name="test_sub[compatible_vector_array_pair7-&lt;lambda&gt;17]" time="0.002743959426879883"></testcase><testcase classname="src.pymortests.vectorarray" file="src/pymortests/vectorarray.py" line="816" name="test_sub[compatible_vector_array_pair7-&lt;lambda&gt;18]" time="0.0020880699157714844"></testcase><testcase classname="src.pymortests.vectorarray" file="src/pymortests/vectorarray.py" line="816" name="test_sub[compatible_vector_array_pair7-&lt;lambda&gt;19]" time="0.002064228057861328"></testcase><testcase classname="src.pymortests.vectorarray" file="src/pymortests/vectorarray.py" line="816" name="test_sub[compatible_vector_array_pair7-&lt;lambda&gt;20]" time="0.025037765502929688"></testcase><testcase classname="src.pymortests.vectorarray" file="src/pymortests/vectorarray.py" line="816" name="test_sub[compatible_vector_array_pair7-&lt;lambda&gt;21]" time="0.018060922622680664"></testcase><testcase classname="src.pymortests.vectorarray" file="src/pymortests/vectorarray.py" line="816" name="test_sub[compatible_vector_array_pair7-&lt;lambda&gt;22]" time="0.050040483474731445"></testcase><testcase classname="src.pymortests.vectorarray" file="src/pymortests/vectorarray.py" line="816" name="test_sub[compatible_vector_array_pair7-&lt;lambda&gt;23]" time="0.0037038326263427734"></testcase><testcase classname="src.pymortests.vectorarray" file="src/pymortests/vectorarray.py" line="816" name="test_sub[compatible_vector_array_pair7-&lt;lambda&gt;24]" time="0.0013017654418945312"></testcase><testcase classname="src.pymortests.vectorarray" file="src/pymortests/vectorarray.py" line="816" name="test_sub[compatible_vector_array_pair7-&lt;lambda&gt;25]" time="0.0021839141845703125"></testcase><testcase classname="src.pymortests.vectorarray" file="src/pymortests/vectorarray.py" line="816" name="test_sub[compatible_vector_array_pair7-&lt;lambda&gt;26]" time="0.02436208724975586"></testcase><testcase classname="src.pymortests.vectorarray" file="src/pymortests/vectorarray.py" line="816" name="test_sub[compatible_vector_array_pair7-&lt;lambda&gt;27]" time="0.12024140357971191"></testcase><testcase classname="src.pymortests.vectorarray" file="src/pymortests/vectorarray.py" line="816" name="test_sub[compatible_vector_array_pair7-&lt;lambda&gt;28]" time="0.31802892684936523"></testcase><testcase classname="src.pymortests.vectorarray" file="src/pymortests/vectorarray.py" line="816" name="test_sub[compatible_vector_array_pair7-&lt;lambda&gt;29]" time="0.009516000747680664"></testcase><testcase classname="src.pymortests.vectorarray" file="src/pymortests/vectorarray.py" line="816" name="test_sub[compatible_vector_array_pair8-&lt;lambda&gt;0]" time="0.0015325546264648438"></testcase><testcase classname="src.pymortests.vectorarray" file="src/pymortests/vectorarray.py" line="816" name="test_sub[compatible_vector_array_pair8-&lt;lambda&gt;1]" time="0.0014178752899169922"></testcase><testcase classname="src.pymortests.vectorarray" file="src/pymortests/vectorarray.py" line="816" name="test_sub[compatible_vector_array_pair8-&lt;lambda&gt;2]" time="0.001710653305053711"></testcase><testcase classname="src.pymortests.vectorarray" file="src/pymortests/vectorarray.py" line="816" name="test_sub[compatible_vector_array_pair8-&lt;lambda&gt;3]" time="0.0014843940734863281"></testcase><testcase classname="src.pymortests.vectorarray" file="src/pymortests/vectorarray.py" line="816" name="test_sub[compatible_vector_array_pair8-&lt;lambda&gt;4]" time="0.0014607906341552734"></testcase><testcase classname="src.pymortests.vectorarray" file="src/pymortests/vectorarray.py" line="816" name="test_sub[compatible_vector_array_pair8-&lt;lambda&gt;5]" time="0.0013387203216552734"></testcase><testcase classname="src.pymortests.vectorarray" file="src/pymortests/vectorarray.py" line="816" name="test_sub[compatible_vector_array_pair8-&lt;lambda&gt;6]" time="0.0012829303741455078"></testcase><testcase classname="src.pymortests.vectorarray" file="src/pymortests/vectorarray.py" line="816" name="test_sub[compatible_vector_array_pair8-&lt;lambda&gt;7]" time="0.0013849735260009766"></testcase><testcase classname="src.pymortests.vectorarray" file="src/pymortests/vectorarray.py" line="816" name="test_sub[compatible_vector_array_pair8-&lt;lambda&gt;8]" time="0.002058744430541992"></testcase><testcase classname="src.pymortests.vectorarray" file="src/pymortests/vectorarray.py" line="816" name="test_sub[compatible_vector_array_pair8-&lt;lambda&gt;9]" time="0.004793405532836914"></testcase><testcase classname="src.pymortests.vectorarray" file="src/pymortests/vectorarray.py" line="816" name="test_sub[compatible_vector_array_pair8-&lt;lambda&gt;10]" time="0.009227752685546875"></testcase><testcase classname="src.pymortests.vectorarray" file="src/pymortests/vectorarray.py" line="816" name="test_sub[compatible_vector_array_pair8-&lt;lambda&gt;11]" time="0.0017077922821044922"></testcase><testcase classname="src.pymortests.vectorarray" file="src/pymortests/vectorarray.py" line="816" name="test_sub[compatible_vector_array_pair8-&lt;lambda&gt;12]" time="0.0017535686492919922"></testcase><testcase classname="src.pymortests.vectorarray" file="src/pymortests/vectorarray.py" line="816" name="test_sub[compatible_vector_array_pair8-&lt;lambda&gt;13]" time="0.0020122528076171875"></testcase><testcase classname="src.pymortests.vectorarray" file="src/pymortests/vectorarray.py" line="816" name="test_sub[compatible_vector_array_pair8-&lt;lambda&gt;14]" time="0.0017535686492919922"></testcase><testcase classname="src.pymortests.vectorarray" file="src/pymortests/vectorarray.py" line="816" name="test_sub[compatible_vector_array_pair8-&lt;lambda&gt;15]" time="0.0022644996643066406"></testcase><testcase classname="src.pymortests.vectorarray" file="src/pymortests/vectorarray.py" line="816" name="test_sub[compatible_vector_array_pair8-&lt;lambda&gt;16]" time="0.002393960952758789"></testcase><testcase classname="src.pymortests.vectorarray" file="src/pymortests/vectorarray.py" line="816" name="test_sub[compatible_vector_array_pair8-&lt;lambda&gt;17]" time="0.0022623538970947266"></testcase><testcase classname="src.pymortests.vectorarray" file="src/pymortests/vectorarray.py" line="816" name="test_sub[compatible_vector_array_pair8-&lt;lambda&gt;18]" time="0.0020513534545898438"></testcase><testcase classname="src.pymortests.vectorarray" file="src/pymortests/vectorarray.py" line="816" name="test_sub[compatible_vector_array_pair8-&lt;lambda&gt;19]" time="0.002083301544189453"></testcase><testcase classname="src.pymortests.vectorarray" file="src/pymortests/vectorarray.py" line="816" name="test_sub[compatible_vector_array_pair8-&lt;lambda&gt;20]" time="0.025289297103881836"></testcase><testcase classname="src.pymortests.vectorarray" file="src/pymortests/vectorarray.py" line="816" name="test_sub[compatible_vector_array_pair8-&lt;lambda&gt;21]" time="0.017956972122192383"></testcase><testcase classname="src.pymortests.vectorarray" file="src/pymortests/vectorarray.py" line="816" name="test_sub[compatible_vector_array_pair8-&lt;lambda&gt;22]" time="0.049120426177978516"></testcase><testcase classname="src.pymortests.vectorarray" file="src/pymortests/vectorarray.py" line="816" name="test_sub[compatible_vector_array_pair8-&lt;lambda&gt;23]" time="0.003679513931274414"></testcase><testcase classname="src.pymortests.vectorarray" file="src/pymortests/vectorarray.py" line="816" name="test_sub[compatible_vector_array_pair8-&lt;lambda&gt;24]" time="0.0013911724090576172"></testcase><testcase classname="src.pymortests.vectorarray" file="src/pymortests/vectorarray.py" line="816" name="test_sub[compatible_vector_array_pair8-&lt;lambda&gt;25]" time="0.0022389888763427734"></testcase><testcase classname="src.pymortests.vectorarray" file="src/pymortests/vectorarray.py" line="816" name="test_sub[compatible_vector_array_pair8-&lt;lambda&gt;26]" time="0.02309870719909668"></testcase><testcase classname="src.pymortests.vectorarray" file="src/pymortests/vectorarray.py" line="816" name="test_sub[compatible_vector_array_pair8-&lt;lambda&gt;27]" time="0.12059187889099121"></testcase><testcase classname="src.pymortests.vectorarray" file="src/pymortests/vectorarray.py" line="816" name="test_sub[compatible_vector_array_pair8-&lt;lambda&gt;28]" time="0.31781005859375"></testcase><testcase classname="src.pymortests.vectorarray" file="src/pymortests/vectorarray.py" line="816" name="test_sub[compatible_vector_array_pair8-&lt;lambda&gt;29]" time="0.009753227233886719"></testcase><testcase classname="src.pymortests.vectorarray" file="src/pymortests/vectorarray.py" line="829" name="test_isub[compatible_vector_array_pair0-&lt;lambda&gt;0]" time="0.0015065670013427734"></testcase><testcase classname="src.pymortests.vectorarray" file="src/pymortests/vectorarray.py" line="829" name="test_isub[compatible_vector_array_pair0-&lt;lambda&gt;1]" time="0.0013587474822998047"></testcase><testcase classname="src.pymortests.vectorarray" file="src/pymortests/vectorarray.py" line="829" name="test_isub[compatible_vector_array_pair0-&lt;lambda&gt;2]" time="0.001299142837524414"></testcase><testcase classname="src.pymortests.vectorarray" file="src/pymortests/vectorarray.py" line="829" name="test_isub[compatible_vector_array_pair0-&lt;lambda&gt;3]" time="0.0014362335205078125"></testcase><testcase classname="src.pymortests.vectorarray" file="src/pymortests/vectorarray.py" line="829" name="test_isub[compatible_vector_array_pair0-&lt;lambda&gt;4]" time="0.0013051033020019531"></testcase><testcase classname="src.pymortests.vectorarray" file="src/pymortests/vectorarray.py" line="829" name="test_isub[compatible_vector_array_pair0-&lt;lambda&gt;5]" time="0.00125885009765625"></testcase><testcase classname="src.pymortests.vectorarray" file="src/pymortests/vectorarray.py" line="829" name="test_isub[compatible_vector_array_pair0-&lt;lambda&gt;6]" time="0.001188039779663086"></testcase><testcase classname="src.pymortests.vectorarray" file="src/pymortests/vectorarray.py" line="829" name="test_isub[compatible_vector_array_pair0-&lt;lambda&gt;7]" time="0.0012445449829101562"></testcase><testcase classname="src.pymortests.vectorarray" file="src/pymortests/vectorarray.py" line="829" name="test_isub[compatible_vector_array_pair0-&lt;lambda&gt;8]" time="0.0014972686767578125"></testcase><testcase classname="src.pymortests.vectorarray" file="src/pymortests/vectorarray.py" line="829" name="test_isub[compatible_vector_array_pair0-&lt;lambda&gt;9]" time="0.0031702518463134766"></testcase><testcase classname="src.pymortests.vectorarray" file="src/pymortests/vectorarray.py" line="829" name="test_isub[compatible_vector_array_pair0-&lt;lambda&gt;10]" time="0.0055387020111083984"></testcase><testcase classname="src.pymortests.vectorarray" file="src/pymortests/vectorarray.py" line="829" name="test_isub[compatible_vector_array_pair0-&lt;lambda&gt;11]" time="0.0014090538024902344"></testcase><testcase classname="src.pymortests.vectorarray" file="src/pymortests/vectorarray.py" line="829" name="test_isub[compatible_vector_array_pair0-&lt;lambda&gt;12]" time="0.001528024673461914"></testcase><testcase classname="src.pymortests.vectorarray" file="src/pymortests/vectorarray.py" line="829" name="test_isub[compatible_vector_array_pair0-&lt;lambda&gt;13]" time="0.0015709400177001953"></testcase><testcase classname="src.pymortests.vectorarray" file="src/pymortests/vectorarray.py" line="829" name="test_isub[compatible_vector_array_pair0-&lt;lambda&gt;14]" time="0.0015938282012939453"></testcase><testcase classname="src.pymortests.vectorarray" file="src/pymortests/vectorarray.py" line="829" name="test_isub[compatible_vector_array_pair0-&lt;lambda&gt;15]" time="0.0018396377563476562"></testcase><testcase classname="src.pymortests.vectorarray" file="src/pymortests/vectorarray.py" line="829" name="test_isub[compatible_vector_array_pair0-&lt;lambda&gt;16]" time="0.002014636993408203"></testcase><testcase classname="src.pymortests.vectorarray" file="src/pymortests/vectorarray.py" line="829" name="test_isub[compatible_vector_array_pair0-&lt;lambda&gt;17]" time="0.0018537044525146484"></testcase><testcase classname="src.pymortests.vectorarray" file="src/pymortests/vectorarray.py" line="829" name="test_isub[compatible_vector_array_pair0-&lt;lambda&gt;18]" time="0.0019354820251464844"></testcase><testcase classname="src.pymortests.vectorarray" file="src/pymortests/vectorarray.py" line="829" name="test_isub[compatible_vector_array_pair0-&lt;lambda&gt;19]" time="0.0020284652709960938"></testcase><testcase classname="src.pymortests.vectorarray" file="src/pymortests/vectorarray.py" line="829" name="test_isub[compatible_vector_array_pair0-&lt;lambda&gt;20]" time="0.024657249450683594"></testcase><testcase classname="src.pymortests.vectorarray" file="src/pymortests/vectorarray.py" line="829" name="test_isub[compatible_vector_array_pair0-&lt;lambda&gt;21]" time="0.015593290328979492"></testcase><testcase classname="src.pymortests.vectorarray" file="src/pymortests/vectorarray.py" line="829" name="test_isub[compatible_vector_array_pair0-&lt;lambda&gt;22]" time="0.04287362098693848"></testcase><testcase classname="src.pymortests.vectorarray" file="src/pymortests/vectorarray.py" line="829" name="test_isub[compatible_vector_array_pair0-&lt;lambda&gt;23]" time="0.0037641525268554688"></testcase><testcase classname="src.pymortests.vectorarray" file="src/pymortests/vectorarray.py" line="829" name="test_isub[compatible_vector_array_pair0-&lt;lambda&gt;24]" time="0.0012922286987304688"></testcase><testcase classname="src.pymortests.vectorarray" file="src/pymortests/vectorarray.py" line="829" name="test_isub[compatible_vector_array_pair0-&lt;lambda&gt;25]" time="0.0022003650665283203"></testcase><testcase classname="src.pymortests.vectorarray" file="src/pymortests/vectorarray.py" line="829" name="test_isub[compatible_vector_array_pair0-&lt;lambda&gt;26]" time="0.022095203399658203"></testcase><testcase classname="src.pymortests.vectorarray" file="src/pymortests/vectorarray.py" line="829" name="test_isub[compatible_vector_array_pair0-&lt;lambda&gt;27]" time="0.0751955509185791"></testcase><testcase classname="src.pymortests.vectorarray" file="src/pymortests/vectorarray.py" line="829" name="test_isub[compatible_vector_array_pair0-&lt;lambda&gt;28]" time="0.21196246147155762"></testcase><testcase classname="src.pymortests.vectorarray" file="src/pymortests/vectorarray.py" line="829" name="test_isub[compatible_vector_array_pair0-&lt;lambda&gt;29]" time="0.007410764694213867"></testcase><testcase classname="src.pymortests.vectorarray" file="src/pymortests/vectorarray.py" line="829" name="test_isub[compatible_vector_array_pair1-&lt;lambda&gt;0]" time="0.001939535140991211"></testcase><testcase classname="src.pymortests.vectorarray" file="src/pymortests/vectorarray.py" line="829" name="test_isub[compatible_vector_array_pair1-&lt;lambda&gt;1]" time="0.0014243125915527344"></testcase><testcase classname="src.pymortests.vectorarray" file="src/pymortests/vectorarray.py" line="829" name="test_isub[compatible_vector_array_pair1-&lt;lambda&gt;2]" time="0.0014095306396484375"></testcase><testcase classname="src.pymortests.vectorarray" file="src/pymortests/vectorarray.py" line="829" name="test_isub[compatible_vector_array_pair1-&lt;lambda&gt;3]" time="0.0014834403991699219"></testcase><testcase classname="src.pymortests.vectorarray" file="src/pymortests/vectorarray.py" line="829" name="test_isub[compatible_vector_array_pair1-&lt;lambda&gt;4]" time="0.0013318061828613281"></testcase><testcase classname="src.pymortests.vectorarray" file="src/pymortests/vectorarray.py" line="829" name="test_isub[compatible_vector_array_pair1-&lt;lambda&gt;5]" time="0.0012824535369873047"></testcase><testcase classname="src.pymortests.vectorarray" file="src/pymortests/vectorarray.py" line="829" name="test_isub[compatible_vector_array_pair1-&lt;lambda&gt;6]" time="0.0012254714965820312"></testcase><testcase classname="src.pymortests.vectorarray" file="src/pymortests/vectorarray.py" line="829" name="test_isub[compatible_vector_array_pair1-&lt;lambda&gt;7]" time="0.0012562274932861328"></testcase><testcase classname="src.pymortests.vectorarray" file="src/pymortests/vectorarray.py" line="829" name="test_isub[compatible_vector_array_pair1-&lt;lambda&gt;8]" time="0.0016710758209228516"></testcase><testcase classname="src.pymortests.vectorarray" file="src/pymortests/vectorarray.py" line="829" name="test_isub[compatible_vector_array_pair1-&lt;lambda&gt;9]" time="0.003490447998046875"></testcase><testcase classname="src.pymortests.vectorarray" file="src/pymortests/vectorarray.py" line="829" name="test_isub[compatible_vector_array_pair1-&lt;lambda&gt;10]" time="0.005903482437133789"></testcase><testcase classname="src.pymortests.vectorarray" file="src/pymortests/vectorarray.py" line="829" name="test_isub[compatible_vector_array_pair1-&lt;lambda&gt;11]" time="0.0014057159423828125"></testcase><testcase classname="src.pymortests.vectorarray" file="src/pymortests/vectorarray.py" line="829" name="test_isub[compatible_vector_array_pair1-&lt;lambda&gt;12]" time="0.0015239715576171875"></testcase><testcase classname="src.pymortests.vectorarray" file="src/pymortests/vectorarray.py" line="829" name="test_isub[compatible_vector_array_pair1-&lt;lambda&gt;13]" time="0.0016765594482421875"></testcase><testcase classname="src.pymortests.vectorarray" file="src/pymortests/vectorarray.py" line="829" name="test_isub[compatible_vector_array_pair1-&lt;lambda&gt;14]" time="0.0015888214111328125"></testcase><testcase classname="src.pymortests.vectorarray" file="src/pymortests/vectorarray.py" line="829" name="test_isub[compatible_vector_array_pair1-&lt;lambda&gt;15]" time="0.0018818378448486328"></testcase><testcase classname="src.pymortests.vectorarray" file="src/pymortests/vectorarray.py" line="829" name="test_isub[compatible_vector_array_pair1-&lt;lambda&gt;16]" time="0.002130746841430664"></testcase><testcase classname="src.pymortests.vectorarray" file="src/pymortests/vectorarray.py" line="829" name="test_isub[compatible_vector_array_pair1-&lt;lambda&gt;17]" time="0.0020825862884521484"></testcase><testcase classname="src.pymortests.vectorarray" file="src/pymortests/vectorarray.py" line="829" name="test_isub[compatible_vector_array_pair1-&lt;lambda&gt;18]" time="0.001954317092895508"></testcase><testcase classname="src.pymortests.vectorarray" file="src/pymortests/vectorarray.py" line="829" name="test_isub[compatible_vector_array_pair1-&lt;lambda&gt;19]" time="0.0018868446350097656"></testcase><testcase classname="src.pymortests.vectorarray" file="src/pymortests/vectorarray.py" line="829" name="test_isub[compatible_vector_array_pair1-&lt;lambda&gt;20]" time="0.02444767951965332"></testcase><testcase classname="src.pymortests.vectorarray" file="src/pymortests/vectorarray.py" line="829" name="test_isub[compatible_vector_array_pair1-&lt;lambda&gt;21]" time="0.015460491180419922"></testcase><testcase classname="src.pymortests.vectorarray" file="src/pymortests/vectorarray.py" line="829" name="test_isub[compatible_vector_array_pair1-&lt;lambda&gt;22]" time="0.0434267520904541"></testcase><testcase classname="src.pymortests.vectorarray" file="src/pymortests/vectorarray.py" line="829" name="test_isub[compatible_vector_array_pair1-&lt;lambda&gt;23]" time="0.003644227981567383"></testcase><testcase classname="src.pymortests.vectorarray" file="src/pymortests/vectorarray.py" line="829" name="test_isub[compatible_vector_array_pair1-&lt;lambda&gt;24]" time="0.0011801719665527344"></testcase><testcase classname="src.pymortests.vectorarray" file="src/pymortests/vectorarray.py" line="829" name="test_isub[compatible_vector_array_pair1-&lt;lambda&gt;25]" time="0.0021522045135498047"></testcase><testcase classname="src.pymortests.vectorarray" file="src/pymortests/vectorarray.py" line="829" name="test_isub[compatible_vector_array_pair1-&lt;lambda&gt;26]" time="0.022265195846557617"></testcase><testcase classname="src.pymortests.vectorarray" file="src/pymortests/vectorarray.py" line="829" name="test_isub[compatible_vector_array_pair1-&lt;lambda&gt;27]" time="0.07477355003356934"></testcase><testcase classname="src.pymortests.vectorarray" file="src/pymortests/vectorarray.py" line="829" name="test_isub[compatible_vector_array_pair1-&lt;lambda&gt;28]" time="0.21174120903015137"></testcase><testcase classname="src.pymortests.vectorarray" file="src/pymortests/vectorarray.py" line="829" name="test_isub[compatible_vector_array_pair1-&lt;lambda&gt;29]" time="0.007283449172973633"></testcase><testcase classname="src.pymortests.vectorarray" file="src/pymortests/vectorarray.py" line="829" name="test_isub[compatible_vector_array_pair2-&lt;lambda&gt;0]" time="0.0013952255249023438"></testcase><testcase classname="src.pymortests.vectorarray" file="src/pymortests/vectorarray.py" line="829" name="test_isub[compatible_vector_array_pair2-&lt;lambda&gt;1]" time="0.0013186931610107422"></testcase><testcase classname="src.pymortests.vectorarray" file="src/pymortests/vectorarray.py" line="829" name="test_isub[compatible_vector_array_pair2-&lt;lambda&gt;2]" time="0.0012960433959960938"></testcase><testcase classname="src.pymortests.vectorarray" file="src/pymortests/vectorarray.py" line="829" name="test_isub[compatible_vector_array_pair2-&lt;lambda&gt;3]" time="0.0013816356658935547"></testcase><testcase classname="src.pymortests.vectorarray" file="src/pymortests/vectorarray.py" line="829" name="test_isub[compatible_vector_array_pair2-&lt;lambda&gt;4]" time="0.0012946128845214844"></testcase><testcase classname="src.pymortests.vectorarray" file="src/pymortests/vectorarray.py" line="829" name="test_isub[compatible_vector_array_pair2-&lt;lambda&gt;5]" time="0.0012202262878417969"></testcase><testcase classname="src.pymortests.vectorarray" file="src/pymortests/vectorarray.py" line="829" name="test_isub[compatible_vector_array_pair2-&lt;lambda&gt;6]" time="0.0013933181762695312"></testcase><testcase classname="src.pymortests.vectorarray" file="src/pymortests/vectorarray.py" line="829" name="test_isub[compatible_vector_array_pair2-&lt;lambda&gt;7]" time="0.0012378692626953125"></testcase><testcase classname="src.pymortests.vectorarray" file="src/pymortests/vectorarray.py" line="829" name="test_isub[compatible_vector_array_pair2-&lt;lambda&gt;8]" time="0.001575469970703125"></testcase><testcase classname="src.pymortests.vectorarray" file="src/pymortests/vectorarray.py" line="829" name="test_isub[compatible_vector_array_pair2-&lt;lambda&gt;9]" time="0.003177165985107422"></testcase><testcase classname="src.pymortests.vectorarray" file="src/pymortests/vectorarray.py" line="829" name="test_isub[compatible_vector_array_pair2-&lt;lambda&gt;10]" time="0.006002664566040039"></testcase><testcase classname="src.pymortests.vectorarray" file="src/pymortests/vectorarray.py" line="829" name="test_isub[compatible_vector_array_pair2-&lt;lambda&gt;11]" time="0.0014705657958984375"></testcase><testcase classname="src.pymortests.vectorarray" file="src/pymortests/vectorarray.py" line="829" name="test_isub[compatible_vector_array_pair2-&lt;lambda&gt;12]" time="0.0015523433685302734"></testcase><testcase classname="src.pymortests.vectorarray" file="src/pymortests/vectorarray.py" line="829" name="test_isub[compatible_vector_array_pair2-&lt;lambda&gt;13]" time="0.0016808509826660156"></testcase><testcase classname="src.pymortests.vectorarray" file="src/pymortests/vectorarray.py" line="829" name="test_isub[compatible_vector_array_pair2-&lt;lambda&gt;14]" time="0.0015518665313720703"></testcase><testcase classname="src.pymortests.vectorarray" file="src/pymortests/vectorarray.py" line="829" name="test_isub[compatible_vector_array_pair2-&lt;lambda&gt;15]" time="0.001821279525756836"></testcase><testcase classname="src.pymortests.vectorarray" file="src/pymortests/vectorarray.py" line="829" name="test_isub[compatible_vector_array_pair2-&lt;lambda&gt;16]" time="0.002076387405395508"></testcase><testcase classname="src.pymortests.vectorarray" file="src/pymortests/vectorarray.py" line="829" name="test_isub[compatible_vector_array_pair2-&lt;lambda&gt;17]" time="0.0019893646240234375"></testcase><testcase classname="src.pymortests.vectorarray" file="src/pymortests/vectorarray.py" line="829" name="test_isub[compatible_vector_array_pair2-&lt;lambda&gt;18]" time="0.0019173622131347656"></testcase><testcase classname="src.pymortests.vectorarray" file="src/pymortests/vectorarray.py" line="829" name="test_isub[compatible_vector_array_pair2-&lt;lambda&gt;19]" time="0.0019860267639160156"></testcase><testcase classname="src.pymortests.vectorarray" file="src/pymortests/vectorarray.py" line="829" name="test_isub[compatible_vector_array_pair2-&lt;lambda&gt;20]" time="0.02488398551940918"></testcase><testcase classname="src.pymortests.vectorarray" file="src/pymortests/vectorarray.py" line="829" name="test_isub[compatible_vector_array_pair2-&lt;lambda&gt;21]" time="0.015515804290771484"></testcase><testcase classname="src.pymortests.vectorarray" file="src/pymortests/vectorarray.py" line="829" name="test_isub[compatible_vector_array_pair2-&lt;lambda&gt;22]" time="0.04642009735107422"></testcase><testcase classname="src.pymortests.vectorarray" file="src/pymortests/vectorarray.py" line="829" name="test_isub[compatible_vector_array_pair2-&lt;lambda&gt;23]" time="0.003556489944458008"></testcase><testcase classname="src.pymortests.vectorarray" file="src/pymortests/vectorarray.py" line="829" name="test_isub[compatible_vector_array_pair2-&lt;lambda&gt;24]" time="0.0012140274047851562"></testcase><testcase classname="src.pymortests.vectorarray" file="src/pymortests/vectorarray.py" line="829" name="test_isub[compatible_vector_array_pair2-&lt;lambda&gt;25]" time="0.0020914077758789062"></testcase><testcase classname="src.pymortests.vectorarray" file="src/pymortests/vectorarray.py" line="829" name="test_isub[compatible_vector_array_pair2-&lt;lambda&gt;26]" time="0.02203083038330078"></testcase><testcase classname="src.pymortests.vectorarray" file="src/pymortests/vectorarray.py" line="829" name="test_isub[compatible_vector_array_pair2-&lt;lambda&gt;27]" time="0.07462930679321289"></testcase><testcase classname="src.pymortests.vectorarray" file="src/pymortests/vectorarray.py" line="829" name="test_isub[compatible_vector_array_pair2-&lt;lambda&gt;28]" time="0.21215367317199707"></testcase><testcase classname="src.pymortests.vectorarray" file="src/pymortests/vectorarray.py" line="829" name="test_isub[compatible_vector_array_pair2-&lt;lambda&gt;29]" time="0.007906198501586914"></testcase><testcase classname="src.pymortests.vectorarray" file="src/pymortests/vectorarray.py" line="829" name="test_isub[compatible_vector_array_pair3-&lt;lambda&gt;0]" time="0.0014181137084960938"></testcase><testcase classname="src.pymortests.vectorarray" file="src/pymortests/vectorarray.py" line="829" name="test_isub[compatible_vector_array_pair3-&lt;lambda&gt;1]" time="0.0013794898986816406"></testcase><testcase classname="src.pymortests.vectorarray" file="src/pymortests/vectorarray.py" line="829" name="test_isub[compatible_vector_array_pair3-&lt;lambda&gt;2]" time="0.001329660415649414"></testcase><testcase classname="src.pymortests.vectorarray" file="src/pymortests/vectorarray.py" line="829" name="test_isub[compatible_vector_array_pair3-&lt;lambda&gt;3]" time="0.0014264583587646484"></testcase><testcase classname="src.pymortests.vectorarray" file="src/pymortests/vectorarray.py" line="829" name="test_isub[compatible_vector_array_pair3-&lt;lambda&gt;4]" time="0.0013287067413330078"></testcase><testcase classname="src.pymortests.vectorarray" file="src/pymortests/vectorarray.py" line="829" name="test_isub[compatible_vector_array_pair3-&lt;lambda&gt;5]" time="0.0012369155883789062"></testcase><testcase classname="src.pymortests.vectorarray" file="src/pymortests/vectorarray.py" line="829" name="test_isub[compatible_vector_array_pair3-&lt;lambda&gt;6]" time="0.0012507438659667969"></testcase><testcase classname="src.pymortests.vectorarray" file="src/pymortests/vectorarray.py" line="829" name="test_isub[compatible_vector_array_pair3-&lt;lambda&gt;7]" time="0.0012276172637939453"></testcase><testcase classname="src.pymortests.vectorarray" file="src/pymortests/vectorarray.py" line="829" name="test_isub[compatible_vector_array_pair3-&lt;lambda&gt;8]" time="0.0014996528625488281"></testcase><testcase classname="src.pymortests.vectorarray" file="src/pymortests/vectorarray.py" line="829" name="test_isub[compatible_vector_array_pair3-&lt;lambda&gt;9]" time="0.0035400390625"></testcase><testcase classname="src.pymortests.vectorarray" file="src/pymortests/vectorarray.py" line="829" name="test_isub[compatible_vector_array_pair3-&lt;lambda&gt;10]" time="0.0060176849365234375"></testcase><testcase classname="src.pymortests.vectorarray" file="src/pymortests/vectorarray.py" line="829" name="test_isub[compatible_vector_array_pair3-&lt;lambda&gt;11]" time="0.0015327930450439453"></testcase><testcase classname="src.pymortests.vectorarray" file="src/pymortests/vectorarray.py" line="829" name="test_isub[compatible_vector_array_pair3-&lt;lambda&gt;12]" time="0.0015747547149658203"></testcase><testcase classname="src.pymortests.vectorarray" file="src/pymortests/vectorarray.py" line="829" name="test_isub[compatible_vector_array_pair3-&lt;lambda&gt;13]" time="0.0016450881958007812"></testcase><testcase classname="src.pymortests.vectorarray" file="src/pymortests/vectorarray.py" line="829" name="test_isub[compatible_vector_array_pair3-&lt;lambda&gt;14]" time="0.001710653305053711"></testcase><testcase classname="src.pymortests.vectorarray" file="src/pymortests/vectorarray.py" line="829" name="test_isub[compatible_vector_array_pair3-&lt;lambda&gt;15]" time="0.0019576549530029297"></testcase><testcase classname="src.pymortests.vectorarray" file="src/pymortests/vectorarray.py" line="829" name="test_isub[compatible_vector_array_pair3-&lt;lambda&gt;16]" time="0.002092123031616211"></testcase><testcase classname="src.pymortests.vectorarray" file="src/pymortests/vectorarray.py" line="829" name="test_isub[compatible_vector_array_pair3-&lt;lambda&gt;17]" time="0.001936197280883789"></testcase><testcase classname="src.pymortests.vectorarray" file="src/pymortests/vectorarray.py" line="829" name="test_isub[compatible_vector_array_pair3-&lt;lambda&gt;18]" time="0.001912832260131836"></testcase><testcase classname="src.pymortests.vectorarray" file="src/pymortests/vectorarray.py" line="829" name="test_isub[compatible_vector_array_pair3-&lt;lambda&gt;19]" time="0.0019292831420898438"></testcase><testcase classname="src.pymortests.vectorarray" file="src/pymortests/vectorarray.py" line="829" name="test_isub[compatible_vector_array_pair3-&lt;lambda&gt;20]" time="0.024688243865966797"></testcase><testcase classname="src.pymortests.vectorarray" file="src/pymortests/vectorarray.py" line="829" name="test_isub[compatible_vector_array_pair3-&lt;lambda&gt;21]" time="0.015820980072021484"></testcase><testcase classname="src.pymortests.vectorarray" file="src/pymortests/vectorarray.py" line="829" name="test_isub[compatible_vector_array_pair3-&lt;lambda&gt;22]" time="0.044561147689819336"></testcase><testcase classname="src.pymortests.vectorarray" file="src/pymortests/vectorarray.py" line="829" name="test_isub[compatible_vector_array_pair3-&lt;lambda&gt;23]" time="0.003573894500732422"></testcase><testcase classname="src.pymortests.vectorarray" file="src/pymortests/vectorarray.py" line="829" name="test_isub[compatible_vector_array_pair3-&lt;lambda&gt;24]" time="0.001249074935913086"></testcase><testcase classname="src.pymortests.vectorarray" file="src/pymortests/vectorarray.py" line="829" name="test_isub[compatible_vector_array_pair3-&lt;lambda&gt;25]" time="0.002141714096069336"></testcase><testcase classname="src.pymortests.vectorarray" file="src/pymortests/vectorarray.py" line="829" name="test_isub[compatible_vector_array_pair3-&lt;lambda&gt;26]" time="0.023011207580566406"></testcase><testcase classname="src.pymortests.vectorarray" file="src/pymortests/vectorarray.py" line="829" name="test_isub[compatible_vector_array_pair3-&lt;lambda&gt;27]" time="0.09615063667297363"></testcase><testcase classname="src.pymortests.vectorarray" file="src/pymortests/vectorarray.py" line="829" name="test_isub[compatible_vector_array_pair3-&lt;lambda&gt;28]" time="0.2617533206939697"></testcase><testcase classname="src.pymortests.vectorarray" file="src/pymortests/vectorarray.py" line="829" name="test_isub[compatible_vector_array_pair3-&lt;lambda&gt;29]" time="0.00844883918762207"></testcase><testcase classname="src.pymortests.vectorarray" file="src/pymortests/vectorarray.py" line="829" name="test_isub[compatible_vector_array_pair4-&lt;lambda&gt;0]" time="0.0014655590057373047"></testcase><testcase classname="src.pymortests.vectorarray" file="src/pymortests/vectorarray.py" line="829" name="test_isub[compatible_vector_array_pair4-&lt;lambda&gt;1]" time="0.0013904571533203125"></testcase><testcase classname="src.pymortests.vectorarray" file="src/pymortests/vectorarray.py" line="829" name="test_isub[compatible_vector_array_pair4-&lt;lambda&gt;2]" time="0.0013098716735839844"></testcase><testcase classname="src.pymortests.vectorarray" file="src/pymortests/vectorarray.py" line="829" name="test_isub[compatible_vector_array_pair4-&lt;lambda&gt;3]" time="0.0014545917510986328"></testcase><testcase classname="src.pymortests.vectorarray" file="src/pymortests/vectorarray.py" line="829" name="test_isub[compatible_vector_array_pair4-&lt;lambda&gt;4]" time="0.0013391971588134766"></testcase><testcase classname="src.pymortests.vectorarray" file="src/pymortests/vectorarray.py" line="829" name="test_isub[compatible_vector_array_pair4-&lt;lambda&gt;5]" time="0.0013036727905273438"></testcase><testcase classname="src.pymortests.vectorarray" file="src/pymortests/vectorarray.py" line="829" name="test_isub[compatible_vector_array_pair4-&lt;lambda&gt;6]" time="0.0012073516845703125"></testcase><testcase classname="src.pymortests.vectorarray" file="src/pymortests/vectorarray.py" line="829" name="test_isub[compatible_vector_array_pair4-&lt;lambda&gt;7]" time="0.0012753009796142578"></testcase><testcase classname="src.pymortests.vectorarray" file="src/pymortests/vectorarray.py" line="829" name="test_isub[compatible_vector_array_pair4-&lt;lambda&gt;8]" time="0.0016067028045654297"></testcase><testcase classname="src.pymortests.vectorarray" file="src/pymortests/vectorarray.py" line="829" name="test_isub[compatible_vector_array_pair4-&lt;lambda&gt;9]" time="0.0035266876220703125"></testcase><testcase classname="src.pymortests.vectorarray" file="src/pymortests/vectorarray.py" line="829" name="test_isub[compatible_vector_array_pair4-&lt;lambda&gt;10]" time="0.006284236907958984"></testcase><testcase classname="src.pymortests.vectorarray" file="src/pymortests/vectorarray.py" line="829" name="test_isub[compatible_vector_array_pair4-&lt;lambda&gt;11]" time="0.0013968944549560547"></testcase><testcase classname="src.pymortests.vectorarray" file="src/pymortests/vectorarray.py" line="829" name="test_isub[compatible_vector_array_pair4-&lt;lambda&gt;12]" time="0.001605987548828125"></testcase><testcase classname="src.pymortests.vectorarray" file="src/pymortests/vectorarray.py" line="829" name="test_isub[compatible_vector_array_pair4-&lt;lambda&gt;13]" time="0.001734018325805664"></testcase><testcase classname="src.pymortests.vectorarray" file="src/pymortests/vectorarray.py" line="829" name="test_isub[compatible_vector_array_pair4-&lt;lambda&gt;14]" time="0.0016260147094726562"></testcase><testcase classname="src.pymortests.vectorarray" file="src/pymortests/vectorarray.py" line="829" name="test_isub[compatible_vector_array_pair4-&lt;lambda&gt;15]" time="0.001978635787963867"></testcase><testcase classname="src.pymortests.vectorarray" file="src/pymortests/vectorarray.py" line="829" name="test_isub[compatible_vector_array_pair4-&lt;lambda&gt;16]" time="0.002176523208618164"></testcase><testcase classname="src.pymortests.vectorarray" file="src/pymortests/vectorarray.py" line="829" name="test_isub[compatible_vector_array_pair4-&lt;lambda&gt;17]" time="0.0019440650939941406"></testcase><testcase classname="src.pymortests.vectorarray" file="src/pymortests/vectorarray.py" line="829" name="test_isub[compatible_vector_array_pair4-&lt;lambda&gt;18]" time="0.0019040107727050781"></testcase><testcase classname="src.pymortests.vectorarray" file="src/pymortests/vectorarray.py" line="829" name="test_isub[compatible_vector_array_pair4-&lt;lambda&gt;19]" time="0.0020644664764404297"></testcase><testcase classname="src.pymortests.vectorarray" file="src/pymortests/vectorarray.py" line="829" name="test_isub[compatible_vector_array_pair4-&lt;lambda&gt;20]" time="0.024723529815673828"></testcase><testcase classname="src.pymortests.vectorarray" file="src/pymortests/vectorarray.py" line="829" name="test_isub[compatible_vector_array_pair4-&lt;lambda&gt;21]" time="0.016208887100219727"></testcase><testcase classname="src.pymortests.vectorarray" file="src/pymortests/vectorarray.py" line="829" name="test_isub[compatible_vector_array_pair4-&lt;lambda&gt;22]" time="0.0453341007232666"></testcase><testcase classname="src.pymortests.vectorarray" file="src/pymortests/vectorarray.py" line="829" name="test_isub[compatible_vector_array_pair4-&lt;lambda&gt;23]" time="0.003515958786010742"></testcase><testcase classname="src.pymortests.vectorarray" file="src/pymortests/vectorarray.py" line="829" name="test_isub[compatible_vector_array_pair4-&lt;lambda&gt;24]" time="0.001280069351196289"></testcase><testcase classname="src.pymortests.vectorarray" file="src/pymortests/vectorarray.py" line="829" name="test_isub[compatible_vector_array_pair4-&lt;lambda&gt;25]" time="0.0021791458129882812"></testcase><testcase classname="src.pymortests.vectorarray" file="src/pymortests/vectorarray.py" line="829" name="test_isub[compatible_vector_array_pair4-&lt;lambda&gt;26]" time="0.022950172424316406"></testcase><testcase classname="src.pymortests.vectorarray" file="src/pymortests/vectorarray.py" line="829" name="test_isub[compatible_vector_array_pair4-&lt;lambda&gt;27]" time="0.09703278541564941"></testcase><testcase classname="src.pymortests.vectorarray" file="src/pymortests/vectorarray.py" line="829" name="test_isub[compatible_vector_array_pair4-&lt;lambda&gt;28]" time="0.2621140480041504"></testcase><testcase classname="src.pymortests.vectorarray" file="src/pymortests/vectorarray.py" line="829" name="test_isub[compatible_vector_array_pair4-&lt;lambda&gt;29]" time="0.008017778396606445"></testcase><testcase classname="src.pymortests.vectorarray" file="src/pymortests/vectorarray.py" line="829" name="test_isub[compatible_vector_array_pair5-&lt;lambda&gt;0]" time="0.0014050006866455078"></testcase><testcase classname="src.pymortests.vectorarray" file="src/pymortests/vectorarray.py" line="829" name="test_isub[compatible_vector_array_pair5-&lt;lambda&gt;1]" time="0.0014002323150634766"></testcase><testcase classname="src.pymortests.vectorarray" file="src/pymortests/vectorarray.py" line="829" name="test_isub[compatible_vector_array_pair5-&lt;lambda&gt;2]" time="0.0013120174407958984"></testcase><testcase classname="src.pymortests.vectorarray" file="src/pymortests/vectorarray.py" line="829" name="test_isub[compatible_vector_array_pair5-&lt;lambda&gt;3]" time="0.0014979839324951172"></testcase><testcase classname="src.pymortests.vectorarray" file="src/pymortests/vectorarray.py" line="829" name="test_isub[compatible_vector_array_pair5-&lt;lambda&gt;4]" time="0.001348733901977539"></testcase><testcase classname="src.pymortests.vectorarray" file="src/pymortests/vectorarray.py" line="829" name="test_isub[compatible_vector_array_pair5-&lt;lambda&gt;5]" time="0.0013039112091064453"></testcase><testcase classname="src.pymortests.vectorarray" file="src/pymortests/vectorarray.py" line="829" name="test_isub[compatible_vector_array_pair5-&lt;lambda&gt;6]" time="0.0012581348419189453"></testcase><testcase classname="src.pymortests.vectorarray" file="src/pymortests/vectorarray.py" line="829" name="test_isub[compatible_vector_array_pair5-&lt;lambda&gt;7]" time="0.0012102127075195312"></testcase><testcase classname="src.pymortests.vectorarray" file="src/pymortests/vectorarray.py" line="829" name="test_isub[compatible_vector_array_pair5-&lt;lambda&gt;8]" time="0.0015435218811035156"></testcase><testcase classname="src.pymortests.vectorarray" file="src/pymortests/vectorarray.py" line="829" name="test_isub[compatible_vector_array_pair5-&lt;lambda&gt;9]" time="0.0034749507904052734"></testcase><testcase classname="src.pymortests.vectorarray" file="src/pymortests/vectorarray.py" line="829" name="test_isub[compatible_vector_array_pair5-&lt;lambda&gt;10]" time="0.0062029361724853516"></testcase><testcase classname="src.pymortests.vectorarray" file="src/pymortests/vectorarray.py" line="829" name="test_isub[compatible_vector_array_pair5-&lt;lambda&gt;11]" time="0.0013852119445800781"></testcase><testcase classname="src.pymortests.vectorarray" file="src/pymortests/vectorarray.py" line="829" name="test_isub[compatible_vector_array_pair5-&lt;lambda&gt;12]" time="0.0015425682067871094"></testcase><testcase classname="src.pymortests.vectorarray" file="src/pymortests/vectorarray.py" line="829" name="test_isub[compatible_vector_array_pair5-&lt;lambda&gt;13]" time="0.0017099380493164062"></testcase><testcase classname="src.pymortests.vectorarray" file="src/pymortests/vectorarray.py" line="829" name="test_isub[compatible_vector_array_pair5-&lt;lambda&gt;14]" time="0.0016078948974609375"></testcase><testcase classname="src.pymortests.vectorarray" file="src/pymortests/vectorarray.py" line="829" name="test_isub[compatible_vector_array_pair5-&lt;lambda&gt;15]" time="0.0019271373748779297"></testcase><testcase classname="src.pymortests.vectorarray" file="src/pymortests/vectorarray.py" line="829" name="test_isub[compatible_vector_array_pair5-&lt;lambda&gt;16]" time="0.0021712779998779297"></testcase><testcase classname="src.pymortests.vectorarray" file="src/pymortests/vectorarray.py" line="829" name="test_isub[compatible_vector_array_pair5-&lt;lambda&gt;17]" time="0.001985311508178711"></testcase><testcase classname="src.pymortests.vectorarray" file="src/pymortests/vectorarray.py" line="829" name="test_isub[compatible_vector_array_pair5-&lt;lambda&gt;18]" time="0.0019333362579345703"></testcase><testcase classname="src.pymortests.vectorarray" file="src/pymortests/vectorarray.py" line="829" name="test_isub[compatible_vector_array_pair5-&lt;lambda&gt;19]" time="0.0019297599792480469"></testcase><testcase classname="src.pymortests.vectorarray" file="src/pymortests/vectorarray.py" line="829" name="test_isub[compatible_vector_array_pair5-&lt;lambda&gt;20]" time="0.024913311004638672"></testcase><testcase classname="src.pymortests.vectorarray" file="src/pymortests/vectorarray.py" line="829" name="test_isub[compatible_vector_array_pair5-&lt;lambda&gt;21]" time="0.016211509704589844"></testcase><testcase classname="src.pymortests.vectorarray" file="src/pymortests/vectorarray.py" line="829" name="test_isub[compatible_vector_array_pair5-&lt;lambda&gt;22]" time="0.04625439643859863"></testcase><testcase classname="src.pymortests.vectorarray" file="src/pymortests/vectorarray.py" line="829" name="test_isub[compatible_vector_array_pair5-&lt;lambda&gt;23]" time="0.0035355091094970703"></testcase><testcase classname="src.pymortests.vectorarray" file="src/pymortests/vectorarray.py" line="829" name="test_isub[compatible_vector_array_pair5-&lt;lambda&gt;24]" time="0.0012993812561035156"></testcase><testcase classname="src.pymortests.vectorarray" file="src/pymortests/vectorarray.py" line="829" name="test_isub[compatible_vector_array_pair5-&lt;lambda&gt;25]" time="0.0021431446075439453"></testcase><testcase classname="src.pymortests.vectorarray" file="src/pymortests/vectorarray.py" line="829" name="test_isub[compatible_vector_array_pair5-&lt;lambda&gt;26]" time="0.02322983741760254"></testcase><testcase classname="src.pymortests.vectorarray" file="src/pymortests/vectorarray.py" line="829" name="test_isub[compatible_vector_array_pair5-&lt;lambda&gt;27]" time="0.09790444374084473"></testcase><testcase classname="src.pymortests.vectorarray" file="src/pymortests/vectorarray.py" line="829" name="test_isub[compatible_vector_array_pair5-&lt;lambda&gt;28]" time="0.2630648612976074"></testcase><testcase classname="src.pymortests.vectorarray" file="src/pymortests/vectorarray.py" line="829" name="test_isub[compatible_vector_array_pair5-&lt;lambda&gt;29]" time="0.008282184600830078"></testcase><testcase classname="src.pymortests.vectorarray" file="src/pymortests/vectorarray.py" line="829" name="test_isub[compatible_vector_array_pair6-&lt;lambda&gt;0]" time="0.0019865036010742188"></testcase><testcase classname="src.pymortests.vectorarray" file="src/pymortests/vectorarray.py" line="829" name="test_isub[compatible_vector_array_pair6-&lt;lambda&gt;1]" time="0.0014634132385253906"></testcase><testcase classname="src.pymortests.vectorarray" file="src/pymortests/vectorarray.py" line="829" name="test_isub[compatible_vector_array_pair6-&lt;lambda&gt;2]" time="0.0013539791107177734"></testcase><testcase classname="src.pymortests.vectorarray" file="src/pymortests/vectorarray.py" line="829" name="test_isub[compatible_vector_array_pair6-&lt;lambda&gt;3]" time="0.0014646053314208984"></testcase><testcase classname="src.pymortests.vectorarray" file="src/pymortests/vectorarray.py" line="829" name="test_isub[compatible_vector_array_pair6-&lt;lambda&gt;4]" time="0.0013437271118164062"></testcase><testcase classname="src.pymortests.vectorarray" file="src/pymortests/vectorarray.py" line="829" name="test_isub[compatible_vector_array_pair6-&lt;lambda&gt;5]" time="0.001238107681274414"></testcase><testcase classname="src.pymortests.vectorarray" file="src/pymortests/vectorarray.py" line="829" name="test_isub[compatible_vector_array_pair6-&lt;lambda&gt;6]" time="0.0012340545654296875"></testcase><testcase classname="src.pymortests.vectorarray" file="src/pymortests/vectorarray.py" line="829" name="test_isub[compatible_vector_array_pair6-&lt;lambda&gt;7]" time="0.0014252662658691406"></testcase><testcase classname="src.pymortests.vectorarray" file="src/pymortests/vectorarray.py" line="829" name="test_isub[compatible_vector_array_pair6-&lt;lambda&gt;8]" time="0.0015194416046142578"></testcase><testcase classname="src.pymortests.vectorarray" file="src/pymortests/vectorarray.py" line="829" name="test_isub[compatible_vector_array_pair6-&lt;lambda&gt;9]" time="0.0035011768341064453"></testcase><testcase classname="src.pymortests.vectorarray" file="src/pymortests/vectorarray.py" line="829" name="test_isub[compatible_vector_array_pair6-&lt;lambda&gt;10]" time="0.00615239143371582"></testcase><testcase classname="src.pymortests.vectorarray" file="src/pymortests/vectorarray.py" line="829" name="test_isub[compatible_vector_array_pair6-&lt;lambda&gt;11]" time="0.0014925003051757812"></testcase><testcase classname="src.pymortests.vectorarray" file="src/pymortests/vectorarray.py" line="829" name="test_isub[compatible_vector_array_pair6-&lt;lambda&gt;12]" time="0.001605987548828125"></testcase><testcase classname="src.pymortests.vectorarray" file="src/pymortests/vectorarray.py" line="829" name="test_isub[compatible_vector_array_pair6-&lt;lambda&gt;13]" time="0.0017158985137939453"></testcase><testcase classname="src.pymortests.vectorarray" file="src/pymortests/vectorarray.py" line="829" name="test_isub[compatible_vector_array_pair6-&lt;lambda&gt;14]" time="0.0016977787017822266"></testcase><testcase classname="src.pymortests.vectorarray" file="src/pymortests/vectorarray.py" line="829" name="test_isub[compatible_vector_array_pair6-&lt;lambda&gt;15]" time="0.0019106864929199219"></testcase><testcase classname="src.pymortests.vectorarray" file="src/pymortests/vectorarray.py" line="829" name="test_isub[compatible_vector_array_pair6-&lt;lambda&gt;16]" time="0.002154111862182617"></testcase><testcase classname="src.pymortests.vectorarray" file="src/pymortests/vectorarray.py" line="829" name="test_isub[compatible_vector_array_pair6-&lt;lambda&gt;17]" time="0.001963376998901367"></testcase><testcase classname="src.pymortests.vectorarray" file="src/pymortests/vectorarray.py" line="829" name="test_isub[compatible_vector_array_pair6-&lt;lambda&gt;18]" time="0.001977205276489258"></testcase><testcase classname="src.pymortests.vectorarray" file="src/pymortests/vectorarray.py" line="829" name="test_isub[compatible_vector_array_pair6-&lt;lambda&gt;19]" time="0.001958131790161133"></testcase><testcase classname="src.pymortests.vectorarray" file="src/pymortests/vectorarray.py" line="829" name="test_isub[compatible_vector_array_pair6-&lt;lambda&gt;20]" time="0.025265932083129883"></testcase><testcase classname="src.pymortests.vectorarray" file="src/pymortests/vectorarray.py" line="829" name="test_isub[compatible_vector_array_pair6-&lt;lambda&gt;21]" time="0.01583576202392578"></testcase><testcase classname="src.pymortests.vectorarray" file="src/pymortests/vectorarray.py" line="829" name="test_isub[compatible_vector_array_pair6-&lt;lambda&gt;22]" time="0.04497385025024414"></testcase><testcase classname="src.pymortests.vectorarray" file="src/pymortests/vectorarray.py" line="829" name="test_isub[compatible_vector_array_pair6-&lt;lambda&gt;23]" time="0.003570556640625"></testcase><testcase classname="src.pymortests.vectorarray" file="src/pymortests/vectorarray.py" line="829" name="test_isub[compatible_vector_array_pair6-&lt;lambda&gt;24]" time="0.001295328140258789"></testcase><testcase classname="src.pymortests.vectorarray" file="src/pymortests/vectorarray.py" line="829" name="test_isub[compatible_vector_array_pair6-&lt;lambda&gt;25]" time="0.002110719680786133"></testcase><testcase classname="src.pymortests.vectorarray" file="src/pymortests/vectorarray.py" line="829" name="test_isub[compatible_vector_array_pair6-&lt;lambda&gt;26]" time="0.022753477096557617"></testcase><testcase classname="src.pymortests.vectorarray" file="src/pymortests/vectorarray.py" line="829" name="test_isub[compatible_vector_array_pair6-&lt;lambda&gt;27]" time="0.09676337242126465"></testcase><testcase classname="src.pymortests.vectorarray" file="src/pymortests/vectorarray.py" line="829" name="test_isub[compatible_vector_array_pair6-&lt;lambda&gt;28]" time="0.26076769828796387"></testcase><testcase classname="src.pymortests.vectorarray" file="src/pymortests/vectorarray.py" line="829" name="test_isub[compatible_vector_array_pair6-&lt;lambda&gt;29]" time="0.008142948150634766"></testcase><testcase classname="src.pymortests.vectorarray" file="src/pymortests/vectorarray.py" line="829" name="test_isub[compatible_vector_array_pair7-&lt;lambda&gt;0]" time="0.0014219284057617188"></testcase><testcase classname="src.pymortests.vectorarray" file="src/pymortests/vectorarray.py" line="829" name="test_isub[compatible_vector_array_pair7-&lt;lambda&gt;1]" time="0.0013866424560546875"></testcase><testcase classname="src.pymortests.vectorarray" file="src/pymortests/vectorarray.py" line="829" name="test_isub[compatible_vector_array_pair7-&lt;lambda&gt;2]" time="0.0013854503631591797"></testcase><testcase classname="src.pymortests.vectorarray" file="src/pymortests/vectorarray.py" line="829" name="test_isub[compatible_vector_array_pair7-&lt;lambda&gt;3]" time="0.0014758110046386719"></testcase><testcase classname="src.pymortests.vectorarray" file="src/pymortests/vectorarray.py" line="829" name="test_isub[compatible_vector_array_pair7-&lt;lambda&gt;4]" time="0.0013511180877685547"></testcase><testcase classname="src.pymortests.vectorarray" file="src/pymortests/vectorarray.py" line="829" name="test_isub[compatible_vector_array_pair7-&lt;lambda&gt;5]" time="0.0013883113861083984"></testcase><testcase classname="src.pymortests.vectorarray" file="src/pymortests/vectorarray.py" line="829" name="test_isub[compatible_vector_array_pair7-&lt;lambda&gt;6]" time="0.0012445449829101562"></testcase><testcase classname="src.pymortests.vectorarray" file="src/pymortests/vectorarray.py" line="829" name="test_isub[compatible_vector_array_pair7-&lt;lambda&gt;7]" time="0.0012476444244384766"></testcase><testcase classname="src.pymortests.vectorarray" file="src/pymortests/vectorarray.py" line="829" name="test_isub[compatible_vector_array_pair7-&lt;lambda&gt;8]" time="0.0016481876373291016"></testcase><testcase classname="src.pymortests.vectorarray" file="src/pymortests/vectorarray.py" line="829" name="test_isub[compatible_vector_array_pair7-&lt;lambda&gt;9]" time="0.0035614967346191406"></testcase><testcase classname="src.pymortests.vectorarray" file="src/pymortests/vectorarray.py" line="829" name="test_isub[compatible_vector_array_pair7-&lt;lambda&gt;10]" time="0.006929874420166016"></testcase><testcase classname="src.pymortests.vectorarray" file="src/pymortests/vectorarray.py" line="829" name="test_isub[compatible_vector_array_pair7-&lt;lambda&gt;11]" time="0.001519918441772461"></testcase><testcase classname="src.pymortests.vectorarray" file="src/pymortests/vectorarray.py" line="829" name="test_isub[compatible_vector_array_pair7-&lt;lambda&gt;12]" time="0.0016553401947021484"></testcase><testcase classname="src.pymortests.vectorarray" file="src/pymortests/vectorarray.py" line="829" name="test_isub[compatible_vector_array_pair7-&lt;lambda&gt;13]" time="0.0017368793487548828"></testcase><testcase classname="src.pymortests.vectorarray" file="src/pymortests/vectorarray.py" line="829" name="test_isub[compatible_vector_array_pair7-&lt;lambda&gt;14]" time="0.0016872882843017578"></testcase><testcase classname="src.pymortests.vectorarray" file="src/pymortests/vectorarray.py" line="829" name="test_isub[compatible_vector_array_pair7-&lt;lambda&gt;15]" time="0.0019872188568115234"></testcase><testcase classname="src.pymortests.vectorarray" file="src/pymortests/vectorarray.py" line="829" name="test_isub[compatible_vector_array_pair7-&lt;lambda&gt;16]" time="0.0021524429321289062"></testcase><testcase classname="src.pymortests.vectorarray" file="src/pymortests/vectorarray.py" line="829" name="test_isub[compatible_vector_array_pair7-&lt;lambda&gt;17]" time="0.001974821090698242"></testcase><testcase classname="src.pymortests.vectorarray" file="src/pymortests/vectorarray.py" line="829" name="test_isub[compatible_vector_array_pair7-&lt;lambda&gt;18]" time="0.001939535140991211"></testcase><testcase classname="src.pymortests.vectorarray" file="src/pymortests/vectorarray.py" line="829" name="test_isub[compatible_vector_array_pair7-&lt;lambda&gt;19]" time="0.001967906951904297"></testcase><testcase classname="src.pymortests.vectorarray" file="src/pymortests/vectorarray.py" line="829" name="test_isub[compatible_vector_array_pair7-&lt;lambda&gt;20]" time="0.024641036987304688"></testcase><testcase classname="src.pymortests.vectorarray" file="src/pymortests/vectorarray.py" line="829" name="test_isub[compatible_vector_array_pair7-&lt;lambda&gt;21]" time="0.016173362731933594"></testcase><testcase classname="src.pymortests.vectorarray" file="src/pymortests/vectorarray.py" line="829" name="test_isub[compatible_vector_array_pair7-&lt;lambda&gt;22]" time="0.04578399658203125"></testcase><testcase classname="src.pymortests.vectorarray" file="src/pymortests/vectorarray.py" line="829" name="test_isub[compatible_vector_array_pair7-&lt;lambda&gt;23]" time="0.0034401416778564453"></testcase><testcase classname="src.pymortests.vectorarray" file="src/pymortests/vectorarray.py" line="829" name="test_isub[compatible_vector_array_pair7-&lt;lambda&gt;24]" time="0.0013227462768554688"></testcase><testcase classname="src.pymortests.vectorarray" file="src/pymortests/vectorarray.py" line="829" name="test_isub[compatible_vector_array_pair7-&lt;lambda&gt;25]" time="0.002156972885131836"></testcase><testcase classname="src.pymortests.vectorarray" file="src/pymortests/vectorarray.py" line="829" name="test_isub[compatible_vector_array_pair7-&lt;lambda&gt;26]" time="0.022890567779541016"></testcase><testcase classname="src.pymortests.vectorarray" file="src/pymortests/vectorarray.py" line="829" name="test_isub[compatible_vector_array_pair7-&lt;lambda&gt;27]" time="0.09647679328918457"></testcase><testcase classname="src.pymortests.vectorarray" file="src/pymortests/vectorarray.py" line="829" name="test_isub[compatible_vector_array_pair7-&lt;lambda&gt;28]" time="0.26082301139831543"></testcase><testcase classname="src.pymortests.vectorarray" file="src/pymortests/vectorarray.py" line="829" name="test_isub[compatible_vector_array_pair7-&lt;lambda&gt;29]" time="0.008040904998779297"></testcase><testcase classname="src.pymortests.vectorarray" file="src/pymortests/vectorarray.py" line="829" name="test_isub[compatible_vector_array_pair8-&lt;lambda&gt;0]" time="0.0014162063598632812"></testcase><testcase classname="src.pymortests.vectorarray" file="src/pymortests/vectorarray.py" line="829" name="test_isub[compatible_vector_array_pair8-&lt;lambda&gt;1]" time="0.0013556480407714844"></testcase><testcase classname="src.pymortests.vectorarray" file="src/pymortests/vectorarray.py" line="829" name="test_isub[compatible_vector_array_pair8-&lt;lambda&gt;2]" time="0.0013458728790283203"></testcase><testcase classname="src.pymortests.vectorarray" file="src/pymortests/vectorarray.py" line="829" name="test_isub[compatible_vector_array_pair8-&lt;lambda&gt;3]" time="0.0014514923095703125"></testcase><testcase classname="src.pymortests.vectorarray" file="src/pymortests/vectorarray.py" line="829" name="test_isub[compatible_vector_array_pair8-&lt;lambda&gt;4]" time="0.0013000965118408203"></testcase><testcase classname="src.pymortests.vectorarray" file="src/pymortests/vectorarray.py" line="829" name="test_isub[compatible_vector_array_pair8-&lt;lambda&gt;5]" time="0.0013036727905273438"></testcase><testcase classname="src.pymortests.vectorarray" file="src/pymortests/vectorarray.py" line="829" name="test_isub[compatible_vector_array_pair8-&lt;lambda&gt;6]" time="0.0012094974517822266"></testcase><testcase classname="src.pymortests.vectorarray" file="src/pymortests/vectorarray.py" line="829" name="test_isub[compatible_vector_array_pair8-&lt;lambda&gt;7]" time="0.0012562274932861328"></testcase><testcase classname="src.pymortests.vectorarray" file="src/pymortests/vectorarray.py" line="829" name="test_isub[compatible_vector_array_pair8-&lt;lambda&gt;8]" time="0.0016295909881591797"></testcase><testcase classname="src.pymortests.vectorarray" file="src/pymortests/vectorarray.py" line="829" name="test_isub[compatible_vector_array_pair8-&lt;lambda&gt;9]" time="0.00351715087890625"></testcase><testcase classname="src.pymortests.vectorarray" file="src/pymortests/vectorarray.py" line="829" name="test_isub[compatible_vector_array_pair8-&lt;lambda&gt;10]" time="0.006290912628173828"></testcase><testcase classname="src.pymortests.vectorarray" file="src/pymortests/vectorarray.py" line="829" name="test_isub[compatible_vector_array_pair8-&lt;lambda&gt;11]" time="0.001413106918334961"></testcase><testcase classname="src.pymortests.vectorarray" file="src/pymortests/vectorarray.py" line="829" name="test_isub[compatible_vector_array_pair8-&lt;lambda&gt;12]" time="0.00162506103515625"></testcase><testcase classname="src.pymortests.vectorarray" file="src/pymortests/vectorarray.py" line="829" name="test_isub[compatible_vector_array_pair8-&lt;lambda&gt;13]" time="0.0016772747039794922"></testcase><testcase classname="src.pymortests.vectorarray" file="src/pymortests/vectorarray.py" line="829" name="test_isub[compatible_vector_array_pair8-&lt;lambda&gt;14]" time="0.0016703605651855469"></testcase><testcase classname="src.pymortests.vectorarray" file="src/pymortests/vectorarray.py" line="829" name="test_isub[compatible_vector_array_pair8-&lt;lambda&gt;15]" time="0.001924753189086914"></testcase><testcase classname="src.pymortests.vectorarray" file="src/pymortests/vectorarray.py" line="829" name="test_isub[compatible_vector_array_pair8-&lt;lambda&gt;16]" time="0.002190828323364258"></testcase><testcase classname="src.pymortests.vectorarray" file="src/pymortests/vectorarray.py" line="829" name="test_isub[compatible_vector_array_pair8-&lt;lambda&gt;17]" time="0.002002239227294922"></testcase><testcase classname="src.pymortests.vectorarray" file="src/pymortests/vectorarray.py" line="829" name="test_isub[compatible_vector_array_pair8-&lt;lambda&gt;18]" time="0.0019271373748779297"></testcase><testcase classname="src.pymortests.vectorarray" file="src/pymortests/vectorarray.py" line="829" name="test_isub[compatible_vector_array_pair8-&lt;lambda&gt;19]" time="0.001966238021850586"></testcase><testcase classname="src.pymortests.vectorarray" file="src/pymortests/vectorarray.py" line="829" name="test_isub[compatible_vector_array_pair8-&lt;lambda&gt;20]" time="0.025095462799072266"></testcase><testcase classname="src.pymortests.vectorarray" file="src/pymortests/vectorarray.py" line="829" name="test_isub[compatible_vector_array_pair8-&lt;lambda&gt;21]" time="0.015876293182373047"></testcase><testcase classname="src.pymortests.vectorarray" file="src/pymortests/vectorarray.py" line="829" name="test_isub[compatible_vector_array_pair8-&lt;lambda&gt;22]" time="0.045220136642456055"></testcase><testcase classname="src.pymortests.vectorarray" file="src/pymortests/vectorarray.py" line="829" name="test_isub[compatible_vector_array_pair8-&lt;lambda&gt;23]" time="0.0034971237182617188"></testcase><testcase classname="src.pymortests.vectorarray" file="src/pymortests/vectorarray.py" line="829" name="test_isub[compatible_vector_array_pair8-&lt;lambda&gt;24]" time="0.0012555122375488281"></testcase><testcase classname="src.pymortests.vectorarray" file="src/pymortests/vectorarray.py" line="829" name="test_isub[compatible_vector_array_pair8-&lt;lambda&gt;25]" time="0.0021948814392089844"></testcase><testcase classname="src.pymortests.vectorarray" file="src/pymortests/vectorarray.py" line="829" name="test_isub[compatible_vector_array_pair8-&lt;lambda&gt;26]" time="0.02283763885498047"></testcase><testcase classname="src.pymortests.vectorarray" file="src/pymortests/vectorarray.py" line="829" name="test_isub[compatible_vector_array_pair8-&lt;lambda&gt;27]" time="0.09565401077270508"></testcase><testcase classname="src.pymortests.vectorarray" file="src/pymortests/vectorarray.py" line="829" name="test_isub[compatible_vector_array_pair8-&lt;lambda&gt;28]" time="0.26291584968566895"></testcase><testcase classname="src.pymortests.vectorarray" file="src/pymortests/vectorarray.py" line="829" name="test_isub[compatible_vector_array_pair8-&lt;lambda&gt;29]" time="0.008428573608398438"></testcase><testcase classname="src.pymortests.vectorarray" file="src/pymortests/vectorarray.py" line="841" name="test_neg[0-&lt;lambda&gt;0]" time="0.0014560222625732422"></testcase><testcase classname="src.pymortests.vectorarray" file="src/pymortests/vectorarray.py" line="841" name="test_neg[0-&lt;lambda&gt;1]" time="0.001356363296508789"></testcase><testcase classname="src.pymortests.vectorarray" file="src/pymortests/vectorarray.py" line="841" name="test_neg[0-&lt;lambda&gt;2]" time="0.0012559890747070312"></testcase><testcase classname="src.pymortests.vectorarray" file="src/pymortests/vectorarray.py" line="841" name="test_neg[0-&lt;lambda&gt;3]" time="0.001302480697631836"></testcase><testcase classname="src.pymortests.vectorarray" file="src/pymortests/vectorarray.py" line="841" name="test_neg[0-&lt;lambda&gt;4]" time="0.0012295246124267578"></testcase><testcase classname="src.pymortests.vectorarray" file="src/pymortests/vectorarray.py" line="841" name="test_neg[0-&lt;lambda&gt;5]" time="0.001241445541381836"></testcase><testcase classname="src.pymortests.vectorarray" file="src/pymortests/vectorarray.py" line="841" name="test_neg[0-&lt;lambda&gt;6]" time="0.001245260238647461"></testcase><testcase classname="src.pymortests.vectorarray" file="src/pymortests/vectorarray.py" line="841" name="test_neg[0-&lt;lambda&gt;7]" time="0.0015096664428710938"></testcase><testcase classname="src.pymortests.vectorarray" file="src/pymortests/vectorarray.py" line="841" name="test_neg[0-&lt;lambda&gt;8]" time="0.004395246505737305"></testcase><testcase classname="src.pymortests.vectorarray" file="src/pymortests/vectorarray.py" line="841" name="test_neg[0-&lt;lambda&gt;9]" time="0.007666826248168945"></testcase><testcase classname="src.pymortests.vectorarray" file="src/pymortests/vectorarray.py" line="841" name="test_neg[0-&lt;lambda&gt;10]" time="0.001634836196899414"></testcase><testcase classname="src.pymortests.vectorarray" file="src/pymortests/vectorarray.py" line="841" name="test_neg[0-&lt;lambda&gt;11]" time="0.0016872882843017578"></testcase><testcase classname="src.pymortests.vectorarray" file="src/pymortests/vectorarray.py" line="841" name="test_neg[0-&lt;lambda&gt;12]" time="0.0016989707946777344"></testcase><testcase classname="src.pymortests.vectorarray" file="src/pymortests/vectorarray.py" line="841" name="test_neg[0-&lt;lambda&gt;13]" time="0.0014636516571044922"></testcase><testcase classname="src.pymortests.vectorarray" file="src/pymortests/vectorarray.py" line="841" name="test_neg[0-&lt;lambda&gt;14]" time="0.0016407966613769531"></testcase><testcase classname="src.pymortests.vectorarray" file="src/pymortests/vectorarray.py" line="841" name="test_neg[0-&lt;lambda&gt;15]" time="0.0019164085388183594"></testcase><testcase classname="src.pymortests.vectorarray" file="src/pymortests/vectorarray.py" line="841" name="test_neg[0-&lt;lambda&gt;16]" time="0.0017735958099365234"></testcase><testcase classname="src.pymortests.vectorarray" file="src/pymortests/vectorarray.py" line="841" name="test_neg[0-&lt;lambda&gt;17]" time="0.001695394515991211"></testcase><testcase classname="src.pymortests.vectorarray" file="src/pymortests/vectorarray.py" line="841" name="test_neg[0-&lt;lambda&gt;18]" time="0.0016148090362548828"></testcase><testcase classname="src.pymortests.vectorarray" file="src/pymortests/vectorarray.py" line="841" name="test_neg[0-&lt;lambda&gt;19]" time="0.0030364990234375"></testcase><testcase classname="src.pymortests.vectorarray" file="src/pymortests/vectorarray.py" line="841" name="test_neg[0-&lt;lambda&gt;20]" time="0.014791250228881836"></testcase><testcase classname="src.pymortests.vectorarray" file="src/pymortests/vectorarray.py" line="841" name="test_neg[0-&lt;lambda&gt;21]" time="0.032689809799194336"></testcase><testcase classname="src.pymortests.vectorarray" file="src/pymortests/vectorarray.py" line="841" name="test_neg[0-&lt;lambda&gt;22]" time="0.0019044876098632812"></testcase><testcase classname="src.pymortests.vectorarray" file="src/pymortests/vectorarray.py" line="841" name="test_neg[0-&lt;lambda&gt;23]" time="0.0012981891632080078"></testcase><testcase classname="src.pymortests.vectorarray" file="src/pymortests/vectorarray.py" line="841" name="test_neg[0-&lt;lambda&gt;24]" time="0.004824399948120117"></testcase><testcase classname="src.pymortests.vectorarray" file="src/pymortests/vectorarray.py" line="841" name="test_neg[0-&lt;lambda&gt;25]" time="0.1128382682800293"></testcase><testcase classname="src.pymortests.vectorarray" file="src/pymortests/vectorarray.py" line="841" name="test_neg[0-&lt;lambda&gt;26]" time="0.2647843360900879"></testcase><testcase classname="src.pymortests.vectorarray" file="src/pymortests/vectorarray.py" line="841" name="test_neg[1-&lt;lambda&gt;0]" time="0.0021932125091552734"></testcase><testcase classname="src.pymortests.vectorarray" file="src/pymortests/vectorarray.py" line="841" name="test_neg[1-&lt;lambda&gt;1]" time="0.0014061927795410156"></testcase><testcase classname="src.pymortests.vectorarray" file="src/pymortests/vectorarray.py" line="841" name="test_neg[1-&lt;lambda&gt;2]" time="0.0014147758483886719"></testcase><testcase classname="src.pymortests.vectorarray" file="src/pymortests/vectorarray.py" line="841" name="test_neg[1-&lt;lambda&gt;3]" time="0.001363992691040039"></testcase><testcase classname="src.pymortests.vectorarray" file="src/pymortests/vectorarray.py" line="841" name="test_neg[1-&lt;lambda&gt;4]" time="0.001451730728149414"></testcase><testcase classname="src.pymortests.vectorarray" file="src/pymortests/vectorarray.py" line="841" name="test_neg[1-&lt;lambda&gt;5]" time="0.0012624263763427734"></testcase><testcase classname="src.pymortests.vectorarray" file="src/pymortests/vectorarray.py" line="841" name="test_neg[1-&lt;lambda&gt;6]" time="0.0012481212615966797"></testcase><testcase classname="src.pymortests.vectorarray" file="src/pymortests/vectorarray.py" line="841" name="test_neg[1-&lt;lambda&gt;7]" time="0.0013544559478759766"></testcase><testcase classname="src.pymortests.vectorarray" file="src/pymortests/vectorarray.py" line="841" name="test_neg[1-&lt;lambda&gt;8]" time="0.004361629486083984"></testcase><testcase classname="src.pymortests.vectorarray" file="src/pymortests/vectorarray.py" line="841" name="test_neg[1-&lt;lambda&gt;9]" time="0.008148193359375"></testcase><testcase classname="src.pymortests.vectorarray" file="src/pymortests/vectorarray.py" line="841" name="test_neg[1-&lt;lambda&gt;10]" time="0.0017249584197998047"></testcase><testcase classname="src.pymortests.vectorarray" file="src/pymortests/vectorarray.py" line="841" name="test_neg[1-&lt;lambda&gt;11]" time="0.001739501953125"></testcase><testcase classname="src.pymortests.vectorarray" file="src/pymortests/vectorarray.py" line="841" name="test_neg[1-&lt;lambda&gt;12]" time="0.0017237663269042969"></testcase><testcase classname="src.pymortests.vectorarray" file="src/pymortests/vectorarray.py" line="841" name="test_neg[1-&lt;lambda&gt;13]" time="0.0015933513641357422"></testcase><testcase classname="src.pymortests.vectorarray" file="src/pymortests/vectorarray.py" line="841" name="test_neg[1-&lt;lambda&gt;14]" time="0.0017254352569580078"></testcase><testcase classname="src.pymortests.vectorarray" file="src/pymortests/vectorarray.py" line="841" name="test_neg[1-&lt;lambda&gt;15]" time="0.0019295215606689453"></testcase><testcase classname="src.pymortests.vectorarray" file="src/pymortests/vectorarray.py" line="841" name="test_neg[1-&lt;lambda&gt;16]" time="0.0019044876098632812"></testcase><testcase classname="src.pymortests.vectorarray" file="src/pymortests/vectorarray.py" line="841" name="test_neg[1-&lt;lambda&gt;17]" time="0.0017008781433105469"></testcase><testcase classname="src.pymortests.vectorarray" file="src/pymortests/vectorarray.py" line="841" name="test_neg[1-&lt;lambda&gt;18]" time="0.0016980171203613281"></testcase><testcase classname="src.pymortests.vectorarray" file="src/pymortests/vectorarray.py" line="841" name="test_neg[1-&lt;lambda&gt;19]" time="0.0029113292694091797"></testcase><testcase classname="src.pymortests.vectorarray" file="src/pymortests/vectorarray.py" line="841" name="test_neg[1-&lt;lambda&gt;20]" time="0.014722824096679688"></testcase><testcase classname="src.pymortests.vectorarray" file="src/pymortests/vectorarray.py" line="841" name="test_neg[1-&lt;lambda&gt;21]" time="0.032715797424316406"></testcase><testcase classname="src.pymortests.vectorarray" file="src/pymortests/vectorarray.py" line="841" name="test_neg[1-&lt;lambda&gt;22]" time="0.002023935317993164"></testcase><testcase classname="src.pymortests.vectorarray" file="src/pymortests/vectorarray.py" line="841" name="test_neg[1-&lt;lambda&gt;23]" time="0.001310586929321289"></testcase><testcase classname="src.pymortests.vectorarray" file="src/pymortests/vectorarray.py" line="841" name="test_neg[1-&lt;lambda&gt;24]" time="0.004761457443237305"></testcase><testcase classname="src.pymortests.vectorarray" file="src/pymortests/vectorarray.py" line="841" name="test_neg[1-&lt;lambda&gt;25]" time="0.11229348182678223"></testcase><testcase classname="src.pymortests.vectorarray" file="src/pymortests/vectorarray.py" line="841" name="test_neg[1-&lt;lambda&gt;26]" time="0.26254892349243164"></testcase><testcase classname="src.pymortests.vectorarray" file="src/pymortests/vectorarray.py" line="841" name="test_neg[2-&lt;lambda&gt;0]" time="0.002092123031616211"></testcase><testcase classname="src.pymortests.vectorarray" file="src/pymortests/vectorarray.py" line="841" name="test_neg[2-&lt;lambda&gt;1]" time="0.0014328956604003906"></testcase><testcase classname="src.pymortests.vectorarray" file="src/pymortests/vectorarray.py" line="841" name="test_neg[2-&lt;lambda&gt;2]" time="0.0014126300811767578"></testcase><testcase classname="src.pymortests.vectorarray" file="src/pymortests/vectorarray.py" line="841" name="test_neg[2-&lt;lambda&gt;3]" time="0.001344919204711914"></testcase><testcase classname="src.pymortests.vectorarray" file="src/pymortests/vectorarray.py" line="841" name="test_neg[2-&lt;lambda&gt;4]" time="0.0013384819030761719"></testcase><testcase classname="src.pymortests.vectorarray" file="src/pymortests/vectorarray.py" line="841" name="test_neg[2-&lt;lambda&gt;5]" time="0.0013031959533691406"></testcase><testcase classname="src.pymortests.vectorarray" file="src/pymortests/vectorarray.py" line="841" name="test_neg[2-&lt;lambda&gt;6]" time="0.0012257099151611328"></testcase><testcase classname="src.pymortests.vectorarray" file="src/pymortests/vectorarray.py" line="841" name="test_neg[2-&lt;lambda&gt;7]" time="0.0013577938079833984"></testcase><testcase classname="src.pymortests.vectorarray" file="src/pymortests/vectorarray.py" line="841" name="test_neg[2-&lt;lambda&gt;8]" time="0.004466533660888672"></testcase><testcase classname="src.pymortests.vectorarray" file="src/pymortests/vectorarray.py" line="841" name="test_neg[2-&lt;lambda&gt;9]" time="0.00791168212890625"></testcase><testcase classname="src.pymortests.vectorarray" file="src/pymortests/vectorarray.py" line="841" name="test_neg[2-&lt;lambda&gt;10]" time="0.001796722412109375"></testcase><testcase classname="src.pymortests.vectorarray" file="src/pymortests/vectorarray.py" line="841" name="test_neg[2-&lt;lambda&gt;11]" time="0.001821756362915039"></testcase><testcase classname="src.pymortests.vectorarray" file="src/pymortests/vectorarray.py" line="841" name="test_neg[2-&lt;lambda&gt;12]" time="0.001676797866821289"></testcase><testcase classname="src.pymortests.vectorarray" file="src/pymortests/vectorarray.py" line="841" name="test_neg[2-&lt;lambda&gt;13]" time="0.0016796588897705078"></testcase><testcase classname="src.pymortests.vectorarray" file="src/pymortests/vectorarray.py" line="841" name="test_neg[2-&lt;lambda&gt;14]" time="0.0017688274383544922"></testcase><testcase classname="src.pymortests.vectorarray" file="src/pymortests/vectorarray.py" line="841" name="test_neg[2-&lt;lambda&gt;15]" time="0.0019338130950927734"></testcase><testcase classname="src.pymortests.vectorarray" file="src/pymortests/vectorarray.py" line="841" name="test_neg[2-&lt;lambda&gt;16]" time="0.0018544197082519531"></testcase><testcase classname="src.pymortests.vectorarray" file="src/pymortests/vectorarray.py" line="841" name="test_neg[2-&lt;lambda&gt;17]" time="0.0017294883728027344"></testcase><testcase classname="src.pymortests.vectorarray" file="src/pymortests/vectorarray.py" line="841" name="test_neg[2-&lt;lambda&gt;18]" time="0.0016553401947021484"></testcase><testcase classname="src.pymortests.vectorarray" file="src/pymortests/vectorarray.py" line="841" name="test_neg[2-&lt;lambda&gt;19]" time="0.0029141902923583984"></testcase><testcase classname="src.pymortests.vectorarray" file="src/pymortests/vectorarray.py" line="841" name="test_neg[2-&lt;lambda&gt;20]" time="0.014903783798217773"></testcase><testcase classname="src.pymortests.vectorarray" file="src/pymortests/vectorarray.py" line="841" name="test_neg[2-&lt;lambda&gt;21]" time="0.0329442024230957"></testcase><testcase classname="src.pymortests.vectorarray" file="src/pymortests/vectorarray.py" line="841" name="test_neg[2-&lt;lambda&gt;22]" time="0.0018124580383300781"></testcase><testcase classname="src.pymortests.vectorarray" file="src/pymortests/vectorarray.py" line="841" name="test_neg[2-&lt;lambda&gt;23]" time="0.0013070106506347656"></testcase><testcase classname="src.pymortests.vectorarray" file="src/pymortests/vectorarray.py" line="841" name="test_neg[2-&lt;lambda&gt;24]" time="0.004813432693481445"></testcase><testcase classname="src.pymortests.vectorarray" file="src/pymortests/vectorarray.py" line="841" name="test_neg[2-&lt;lambda&gt;25]" time="0.11237835884094238"></testcase><testcase classname="src.pymortests.vectorarray" file="src/pymortests/vectorarray.py" line="841" name="test_neg[2-&lt;lambda&gt;26]" time="0.262192964553833"></testcase><testcase classname="src.pymortests.vectorarray" file="src/pymortests/vectorarray.py" line="850" name="test_mul[0-&lt;lambda&gt;0]" time="0.0029315948486328125"></testcase><testcase classname="src.pymortests.vectorarray" file="src/pymortests/vectorarray.py" line="850" name="test_mul[0-&lt;lambda&gt;1]" time="0.0019676685333251953"></testcase><testcase classname="src.pymortests.vectorarray" file="src/pymortests/vectorarray.py" line="850" name="test_mul[0-&lt;lambda&gt;2]" time="0.0018970966339111328"></testcase><testcase classname="src.pymortests.vectorarray" file="src/pymortests/vectorarray.py" line="850" name="test_mul[0-&lt;lambda&gt;3]" time="0.0020444393157958984"></testcase><testcase classname="src.pymortests.vectorarray" file="src/pymortests/vectorarray.py" line="850" name="test_mul[0-&lt;lambda&gt;4]" time="0.0019826889038085938"></testcase><testcase classname="src.pymortests.vectorarray" file="src/pymortests/vectorarray.py" line="850" name="test_mul[0-&lt;lambda&gt;5]" time="0.0016431808471679688"></testcase><testcase classname="src.pymortests.vectorarray" file="src/pymortests/vectorarray.py" line="850" name="test_mul[0-&lt;lambda&gt;6]" time="0.001592397689819336"></testcase><testcase classname="src.pymortests.vectorarray" file="src/pymortests/vectorarray.py" line="850" name="test_mul[0-&lt;lambda&gt;7]" time="0.002085447311401367"></testcase><testcase classname="src.pymortests.vectorarray" file="src/pymortests/vectorarray.py" line="850" name="test_mul[0-&lt;lambda&gt;8]" time="0.015049219131469727"></testcase><testcase classname="src.pymortests.vectorarray" file="src/pymortests/vectorarray.py" line="850" name="test_mul[0-&lt;lambda&gt;9]" time="0.03169584274291992"></testcase><testcase classname="src.pymortests.vectorarray" file="src/pymortests/vectorarray.py" line="850" name="test_mul[0-&lt;lambda&gt;10]" time="0.003995180130004883"></testcase><testcase classname="src.pymortests.vectorarray" file="src/pymortests/vectorarray.py" line="850" name="test_mul[0-&lt;lambda&gt;11]" time="0.0033423900604248047"></testcase><testcase classname="src.pymortests.vectorarray" file="src/pymortests/vectorarray.py" line="850" name="test_mul[0-&lt;lambda&gt;12]" time="0.0030601024627685547"></testcase><testcase classname="src.pymortests.vectorarray" file="src/pymortests/vectorarray.py" line="850" name="test_mul[0-&lt;lambda&gt;13]" time="0.002500772476196289"></testcase><testcase classname="src.pymortests.vectorarray" file="src/pymortests/vectorarray.py" line="850" name="test_mul[0-&lt;lambda&gt;14]" time="0.003123760223388672"></testcase><testcase classname="src.pymortests.vectorarray" file="src/pymortests/vectorarray.py" line="850" name="test_mul[0-&lt;lambda&gt;15]" time="0.004003047943115234"></testcase><testcase classname="src.pymortests.vectorarray" file="src/pymortests/vectorarray.py" line="850" name="test_mul[0-&lt;lambda&gt;16]" time="0.003678560256958008"></testcase><testcase classname="src.pymortests.vectorarray" file="src/pymortests/vectorarray.py" line="850" name="test_mul[0-&lt;lambda&gt;17]" time="0.0021219253540039062"></testcase><testcase classname="src.pymortests.vectorarray" file="src/pymortests/vectorarray.py" line="850" name="test_mul[0-&lt;lambda&gt;18]" time="0.0020203590393066406"></testcase><testcase classname="src.pymortests.vectorarray" file="src/pymortests/vectorarray.py" line="850" name="test_mul[0-&lt;lambda&gt;19]" time="0.004223823547363281"></testcase><testcase classname="src.pymortests.vectorarray" file="src/pymortests/vectorarray.py" line="850" name="test_mul[0-&lt;lambda&gt;20]" time="0.034769296646118164"></testcase><testcase classname="src.pymortests.vectorarray" file="src/pymortests/vectorarray.py" line="850" name="test_mul[0-&lt;lambda&gt;21]" time="0.08037638664245605"></testcase><testcase classname="src.pymortests.vectorarray" file="src/pymortests/vectorarray.py" line="850" name="test_mul[0-&lt;lambda&gt;22]" time="0.0025031566619873047"></testcase><testcase classname="src.pymortests.vectorarray" file="src/pymortests/vectorarray.py" line="850" name="test_mul[0-&lt;lambda&gt;23]" time="0.0016949176788330078"></testcase><testcase classname="src.pymortests.vectorarray" file="src/pymortests/vectorarray.py" line="850" name="test_mul[0-&lt;lambda&gt;24]" time="0.013968229293823242"></testcase><testcase classname="src.pymortests.vectorarray" file="src/pymortests/vectorarray.py" line="850" name="test_mul[0-&lt;lambda&gt;25]" time="0.46909308433532715"></testcase><testcase classname="src.pymortests.vectorarray" file="src/pymortests/vectorarray.py" line="850" name="test_mul[0-&lt;lambda&gt;26]" time="1.1049611568450928"></testcase><testcase classname="src.pymortests.vectorarray" file="src/pymortests/vectorarray.py" line="850" name="test_mul[1-&lt;lambda&gt;0]" time="0.0029213428497314453"></testcase><testcase classname="src.pymortests.vectorarray" file="src/pymortests/vectorarray.py" line="850" name="test_mul[1-&lt;lambda&gt;1]" time="0.002020597457885742"></testcase><testcase classname="src.pymortests.vectorarray" file="src/pymortests/vectorarray.py" line="850" name="test_mul[1-&lt;lambda&gt;2]" time="0.0019459724426269531"></testcase><testcase classname="src.pymortests.vectorarray" file="src/pymortests/vectorarray.py" line="850" name="test_mul[1-&lt;lambda&gt;3]" time="0.0021004676818847656"></testcase><testcase classname="src.pymortests.vectorarray" file="src/pymortests/vectorarray.py" line="850" name="test_mul[1-&lt;lambda&gt;4]" time="0.0018489360809326172"></testcase><testcase classname="src.pymortests.vectorarray" file="src/pymortests/vectorarray.py" line="850" name="test_mul[1-&lt;lambda&gt;5]" time="0.001577615737915039"></testcase><testcase classname="src.pymortests.vectorarray" file="src/pymortests/vectorarray.py" line="850" name="test_mul[1-&lt;lambda&gt;6]" time="0.0016279220581054688"></testcase><testcase classname="src.pymortests.vectorarray" file="src/pymortests/vectorarray.py" line="850" name="test_mul[1-&lt;lambda&gt;7]" time="0.002138853073120117"></testcase><testcase classname="src.pymortests.vectorarray" file="src/pymortests/vectorarray.py" line="850" name="test_mul[1-&lt;lambda&gt;8]" time="0.015155792236328125"></testcase><testcase classname="src.pymortests.vectorarray" file="src/pymortests/vectorarray.py" line="850" name="test_mul[1-&lt;lambda&gt;9]" time="0.03076934814453125"></testcase><testcase classname="src.pymortests.vectorarray" file="src/pymortests/vectorarray.py" line="850" name="test_mul[1-&lt;lambda&gt;10]" time="0.003905773162841797"></testcase><testcase classname="src.pymortests.vectorarray" file="src/pymortests/vectorarray.py" line="850" name="test_mul[1-&lt;lambda&gt;11]" time="0.003389120101928711"></testcase><testcase classname="src.pymortests.vectorarray" file="src/pymortests/vectorarray.py" line="850" name="test_mul[1-&lt;lambda&gt;12]" time="0.0032012462615966797"></testcase><testcase classname="src.pymortests.vectorarray" file="src/pymortests/vectorarray.py" line="850" name="test_mul[1-&lt;lambda&gt;13]" time="0.002593517303466797"></testcase><testcase classname="src.pymortests.vectorarray" file="src/pymortests/vectorarray.py" line="850" name="test_mul[1-&lt;lambda&gt;14]" time="0.003201723098754883"></testcase><testcase classname="src.pymortests.vectorarray" file="src/pymortests/vectorarray.py" line="850" name="test_mul[1-&lt;lambda&gt;15]" time="0.004235267639160156"></testcase><testcase classname="src.pymortests.vectorarray" file="src/pymortests/vectorarray.py" line="850" name="test_mul[1-&lt;lambda&gt;16]" time="0.0038738250732421875"></testcase><testcase classname="src.pymortests.vectorarray" file="src/pymortests/vectorarray.py" line="850" name="test_mul[1-&lt;lambda&gt;17]" time="0.0022623538970947266"></testcase><testcase classname="src.pymortests.vectorarray" file="src/pymortests/vectorarray.py" line="850" name="test_mul[1-&lt;lambda&gt;18]" time="0.002022981643676758"></testcase><testcase classname="src.pymortests.vectorarray" file="src/pymortests/vectorarray.py" line="850" name="test_mul[1-&lt;lambda&gt;19]" time="0.004204273223876953"></testcase><testcase classname="src.pymortests.vectorarray" file="src/pymortests/vectorarray.py" line="850" name="test_mul[1-&lt;lambda&gt;20]" time="0.035358428955078125"></testcase><testcase classname="src.pymortests.vectorarray" file="src/pymortests/vectorarray.py" line="850" name="test_mul[1-&lt;lambda&gt;21]" time="0.08201909065246582"></testcase><testcase classname="src.pymortests.vectorarray" file="src/pymortests/vectorarray.py" line="850" name="test_mul[1-&lt;lambda&gt;22]" time="0.0023903846740722656"></testcase><testcase classname="src.pymortests.vectorarray" file="src/pymortests/vectorarray.py" line="850" name="test_mul[1-&lt;lambda&gt;23]" time="0.0017037391662597656"></testcase><testcase classname="src.pymortests.vectorarray" file="src/pymortests/vectorarray.py" line="850" name="test_mul[1-&lt;lambda&gt;24]" time="0.013917922973632812"></testcase><testcase classname="src.pymortests.vectorarray" file="src/pymortests/vectorarray.py" line="850" name="test_mul[1-&lt;lambda&gt;25]" time="0.466109037399292"></testcase><testcase classname="src.pymortests.vectorarray" file="src/pymortests/vectorarray.py" line="850" name="test_mul[1-&lt;lambda&gt;26]" time="1.1129789352416992"></testcase><testcase classname="src.pymortests.vectorarray" file="src/pymortests/vectorarray.py" line="850" name="test_mul[2-&lt;lambda&gt;0]" time="0.0027277469635009766"></testcase><testcase classname="src.pymortests.vectorarray" file="src/pymortests/vectorarray.py" line="850" name="test_mul[2-&lt;lambda&gt;1]" time="0.002099275588989258"></testcase><testcase classname="src.pymortests.vectorarray" file="src/pymortests/vectorarray.py" line="850" name="test_mul[2-&lt;lambda&gt;2]" time="0.0019338130950927734"></testcase><testcase classname="src.pymortests.vectorarray" file="src/pymortests/vectorarray.py" line="850" name="test_mul[2-&lt;lambda&gt;3]" time="0.0020041465759277344"></testcase><testcase classname="src.pymortests.vectorarray" file="src/pymortests/vectorarray.py" line="850" name="test_mul[2-&lt;lambda&gt;4]" time="0.0018208026885986328"></testcase><testcase classname="src.pymortests.vectorarray" file="src/pymortests/vectorarray.py" line="850" name="test_mul[2-&lt;lambda&gt;5]" time="0.0015707015991210938"></testcase><testcase classname="src.pymortests.vectorarray" file="src/pymortests/vectorarray.py" line="850" name="test_mul[2-&lt;lambda&gt;6]" time="0.0015914440155029297"></testcase><testcase classname="src.pymortests.vectorarray" file="src/pymortests/vectorarray.py" line="850" name="test_mul[2-&lt;lambda&gt;7]" time="0.0021522045135498047"></testcase><testcase classname="src.pymortests.vectorarray" file="src/pymortests/vectorarray.py" line="850" name="test_mul[2-&lt;lambda&gt;8]" time="0.015008211135864258"></testcase><testcase classname="src.pymortests.vectorarray" file="src/pymortests/vectorarray.py" line="850" name="test_mul[2-&lt;lambda&gt;9]" time="0.03111577033996582"></testcase><testcase classname="src.pymortests.vectorarray" file="src/pymortests/vectorarray.py" line="850" name="test_mul[2-&lt;lambda&gt;10]" time="0.003897428512573242"></testcase><testcase classname="src.pymortests.vectorarray" file="src/pymortests/vectorarray.py" line="850" name="test_mul[2-&lt;lambda&gt;11]" time="0.0032510757446289062"></testcase><testcase classname="src.pymortests.vectorarray" file="src/pymortests/vectorarray.py" line="850" name="test_mul[2-&lt;lambda&gt;12]" time="0.0030939579010009766"></testcase><testcase classname="src.pymortests.vectorarray" file="src/pymortests/vectorarray.py" line="850" name="test_mul[2-&lt;lambda&gt;13]" time="0.002542734146118164"></testcase><testcase classname="src.pymortests.vectorarray" file="src/pymortests/vectorarray.py" line="850" name="test_mul[2-&lt;lambda&gt;14]" time="0.0032515525817871094"></testcase><testcase classname="src.pymortests.vectorarray" file="src/pymortests/vectorarray.py" line="850" name="test_mul[2-&lt;lambda&gt;15]" time="0.003936052322387695"></testcase><testcase classname="src.pymortests.vectorarray" file="src/pymortests/vectorarray.py" line="850" name="test_mul[2-&lt;lambda&gt;16]" time="0.003697633743286133"></testcase><testcase classname="src.pymortests.vectorarray" file="src/pymortests/vectorarray.py" line="850" name="test_mul[2-&lt;lambda&gt;17]" time="0.002123594284057617"></testcase><testcase classname="src.pymortests.vectorarray" file="src/pymortests/vectorarray.py" line="850" name="test_mul[2-&lt;lambda&gt;18]" time="0.002037525177001953"></testcase><testcase classname="src.pymortests.vectorarray" file="src/pymortests/vectorarray.py" line="850" name="test_mul[2-&lt;lambda&gt;19]" time="0.00427699089050293"></testcase><testcase classname="src.pymortests.vectorarray" file="src/pymortests/vectorarray.py" line="850" name="test_mul[2-&lt;lambda&gt;20]" time="0.03470110893249512"></testcase><testcase classname="src.pymortests.vectorarray" file="src/pymortests/vectorarray.py" line="850" name="test_mul[2-&lt;lambda&gt;21]" time="0.08229374885559082"></testcase><testcase classname="src.pymortests.vectorarray" file="src/pymortests/vectorarray.py" line="850" name="test_mul[2-&lt;lambda&gt;22]" time="0.0024704933166503906"></testcase><testcase classname="src.pymortests.vectorarray" file="src/pymortests/vectorarray.py" line="850" name="test_mul[2-&lt;lambda&gt;23]" time="0.0017321109771728516"></testcase><testcase classname="src.pymortests.vectorarray" file="src/pymortests/vectorarray.py" line="850" name="test_mul[2-&lt;lambda&gt;24]" time="0.01423954963684082"></testcase><testcase classname="src.pymortests.vectorarray" file="src/pymortests/vectorarray.py" line="850" name="test_mul[2-&lt;lambda&gt;25]" time="0.46793627738952637"></testcase><testcase classname="src.pymortests.vectorarray" file="src/pymortests/vectorarray.py" line="850" name="test_mul[2-&lt;lambda&gt;26]" time="1.1034269332885742"></testcase><testcase classname="src.pymortests.vectorarray" file="src/pymortests/vectorarray.py" line="860" name="test_mul_wrong_factor[0-&lt;lambda&gt;0]" time="0.0017852783203125"></testcase><testcase classname="src.pymortests.vectorarray" file="src/pymortests/vectorarray.py" line="860" name="test_mul_wrong_factor[0-&lt;lambda&gt;1]" time="0.0011997222900390625"></testcase><testcase classname="src.pymortests.vectorarray" file="src/pymortests/vectorarray.py" line="860" name="test_mul_wrong_factor[0-&lt;lambda&gt;2]" time="0.0011963844299316406"></testcase><testcase classname="src.pymortests.vectorarray" file="src/pymortests/vectorarray.py" line="860" name="test_mul_wrong_factor[0-&lt;lambda&gt;3]" time="0.0011365413665771484"></testcase><testcase classname="src.pymortests.vectorarray" file="src/pymortests/vectorarray.py" line="860" name="test_mul_wrong_factor[0-&lt;lambda&gt;4]" time="0.0010783672332763672"></testcase><testcase classname="src.pymortests.vectorarray" file="src/pymortests/vectorarray.py" line="860" name="test_mul_wrong_factor[0-&lt;lambda&gt;5]" time="0.0011169910430908203"></testcase><testcase classname="src.pymortests.vectorarray" file="src/pymortests/vectorarray.py" line="860" name="test_mul_wrong_factor[0-&lt;lambda&gt;6]" time="0.0010852813720703125"></testcase><testcase classname="src.pymortests.vectorarray" file="src/pymortests/vectorarray.py" line="860" name="test_mul_wrong_factor[0-&lt;lambda&gt;7]" time="0.0011034011840820312"></testcase><testcase classname="src.pymortests.vectorarray" file="src/pymortests/vectorarray.py" line="860" name="test_mul_wrong_factor[0-&lt;lambda&gt;8]" time="0.0013370513916015625"></testcase><testcase classname="src.pymortests.vectorarray" file="src/pymortests/vectorarray.py" line="860" name="test_mul_wrong_factor[0-&lt;lambda&gt;9]" time="0.0016934871673583984"></testcase><testcase classname="src.pymortests.vectorarray" file="src/pymortests/vectorarray.py" line="860" name="test_mul_wrong_factor[0-&lt;lambda&gt;10]" time="0.0012254714965820312"></testcase><testcase classname="src.pymortests.vectorarray" file="src/pymortests/vectorarray.py" line="860" name="test_mul_wrong_factor[0-&lt;lambda&gt;11]" time="0.0011515617370605469"></testcase><testcase classname="src.pymortests.vectorarray" file="src/pymortests/vectorarray.py" line="860" name="test_mul_wrong_factor[0-&lt;lambda&gt;12]" time="0.0011217594146728516"></testcase><testcase classname="src.pymortests.vectorarray" file="src/pymortests/vectorarray.py" line="860" name="test_mul_wrong_factor[0-&lt;lambda&gt;13]" time="0.0011370182037353516"></testcase><testcase classname="src.pymortests.vectorarray" file="src/pymortests/vectorarray.py" line="860" name="test_mul_wrong_factor[0-&lt;lambda&gt;14]" time="0.0011730194091796875"></testcase><testcase classname="src.pymortests.vectorarray" file="src/pymortests/vectorarray.py" line="860" name="test_mul_wrong_factor[0-&lt;lambda&gt;15]" time="0.0011723041534423828"></testcase><testcase classname="src.pymortests.vectorarray" file="src/pymortests/vectorarray.py" line="860" name="test_mul_wrong_factor[0-&lt;lambda&gt;16]" time="0.001180887222290039"></testcase><testcase classname="src.pymortests.vectorarray" file="src/pymortests/vectorarray.py" line="860" name="test_mul_wrong_factor[0-&lt;lambda&gt;17]" time="0.001453399658203125"></testcase><testcase classname="src.pymortests.vectorarray" file="src/pymortests/vectorarray.py" line="860" name="test_mul_wrong_factor[0-&lt;lambda&gt;18]" time="0.001432180404663086"></testcase><testcase classname="src.pymortests.vectorarray" file="src/pymortests/vectorarray.py" line="860" name="test_mul_wrong_factor[0-&lt;lambda&gt;19]" time="0.002295255661010742"></testcase><testcase classname="src.pymortests.vectorarray" file="src/pymortests/vectorarray.py" line="860" name="test_mul_wrong_factor[0-&lt;lambda&gt;20]" time="0.008469343185424805"></testcase><testcase classname="src.pymortests.vectorarray" file="src/pymortests/vectorarray.py" line="860" name="test_mul_wrong_factor[0-&lt;lambda&gt;21]" time="0.01878190040588379"></testcase><testcase classname="src.pymortests.vectorarray" file="src/pymortests/vectorarray.py" line="860" name="test_mul_wrong_factor[0-&lt;lambda&gt;22]" time="0.0016350746154785156"></testcase><testcase classname="src.pymortests.vectorarray" file="src/pymortests/vectorarray.py" line="860" name="test_mul_wrong_factor[0-&lt;lambda&gt;23]" time="0.00115203857421875"></testcase><testcase classname="src.pymortests.vectorarray" file="src/pymortests/vectorarray.py" line="860" name="test_mul_wrong_factor[0-&lt;lambda&gt;24]" time="0.002024412155151367"></testcase><testcase classname="src.pymortests.vectorarray" file="src/pymortests/vectorarray.py" line="860" name="test_mul_wrong_factor[0-&lt;lambda&gt;25]" time="0.02395772933959961"></testcase><testcase classname="src.pymortests.vectorarray" file="src/pymortests/vectorarray.py" line="860" name="test_mul_wrong_factor[0-&lt;lambda&gt;26]" time="0.05360126495361328"></testcase><testcase classname="src.pymortests.vectorarray" file="src/pymortests/vectorarray.py" line="860" name="test_mul_wrong_factor[1-&lt;lambda&gt;0]" time="0.0017001628875732422"></testcase><testcase classname="src.pymortests.vectorarray" file="src/pymortests/vectorarray.py" line="860" name="test_mul_wrong_factor[1-&lt;lambda&gt;1]" time="0.0012996196746826172"></testcase><testcase classname="src.pymortests.vectorarray" file="src/pymortests/vectorarray.py" line="860" name="test_mul_wrong_factor[1-&lt;lambda&gt;2]" time="0.0011947154998779297"></testcase><testcase classname="src.pymortests.vectorarray" file="src/pymortests/vectorarray.py" line="860" name="test_mul_wrong_factor[1-&lt;lambda&gt;3]" time="0.0012056827545166016"></testcase><testcase classname="src.pymortests.vectorarray" file="src/pymortests/vectorarray.py" line="860" name="test_mul_wrong_factor[1-&lt;lambda&gt;4]" time="0.0011529922485351562"></testcase><testcase classname="src.pymortests.vectorarray" file="src/pymortests/vectorarray.py" line="860" name="test_mul_wrong_factor[1-&lt;lambda&gt;5]" time="0.0011868476867675781"></testcase><testcase classname="src.pymortests.vectorarray" file="src/pymortests/vectorarray.py" line="860" name="test_mul_wrong_factor[1-&lt;lambda&gt;6]" time="0.001172780990600586"></testcase><testcase classname="src.pymortests.vectorarray" file="src/pymortests/vectorarray.py" line="860" name="test_mul_wrong_factor[1-&lt;lambda&gt;7]" time="0.0011584758758544922"></testcase><testcase classname="src.pymortests.vectorarray" file="src/pymortests/vectorarray.py" line="860" name="test_mul_wrong_factor[1-&lt;lambda&gt;8]" time="0.0015306472778320312"></testcase><testcase classname="src.pymortests.vectorarray" file="src/pymortests/vectorarray.py" line="860" name="test_mul_wrong_factor[1-&lt;lambda&gt;9]" time="0.002207040786743164"></testcase><testcase classname="src.pymortests.vectorarray" file="src/pymortests/vectorarray.py" line="860" name="test_mul_wrong_factor[1-&lt;lambda&gt;10]" time="0.0013451576232910156"></testcase><testcase classname="src.pymortests.vectorarray" file="src/pymortests/vectorarray.py" line="860" name="test_mul_wrong_factor[1-&lt;lambda&gt;11]" time="0.0013248920440673828"></testcase><testcase classname="src.pymortests.vectorarray" file="src/pymortests/vectorarray.py" line="860" name="test_mul_wrong_factor[1-&lt;lambda&gt;12]" time="0.0013399124145507812"></testcase><testcase classname="src.pymortests.vectorarray" file="src/pymortests/vectorarray.py" line="860" name="test_mul_wrong_factor[1-&lt;lambda&gt;13]" time="0.0012445449829101562"></testcase><testcase classname="src.pymortests.vectorarray" file="src/pymortests/vectorarray.py" line="860" name="test_mul_wrong_factor[1-&lt;lambda&gt;14]" time="0.0013358592987060547"></testcase><testcase classname="src.pymortests.vectorarray" file="src/pymortests/vectorarray.py" line="860" name="test_mul_wrong_factor[1-&lt;lambda&gt;15]" time="0.001377105712890625"></testcase><testcase classname="src.pymortests.vectorarray" file="src/pymortests/vectorarray.py" line="860" name="test_mul_wrong_factor[1-&lt;lambda&gt;16]" time="0.0013232231140136719"></testcase><testcase classname="src.pymortests.vectorarray" file="src/pymortests/vectorarray.py" line="860" name="test_mul_wrong_factor[1-&lt;lambda&gt;17]" time="0.001605987548828125"></testcase><testcase classname="src.pymortests.vectorarray" file="src/pymortests/vectorarray.py" line="860" name="test_mul_wrong_factor[1-&lt;lambda&gt;18]" time="0.0015437602996826172"></testcase><testcase classname="src.pymortests.vectorarray" file="src/pymortests/vectorarray.py" line="860" name="test_mul_wrong_factor[1-&lt;lambda&gt;19]" time="0.002420663833618164"></testcase><testcase classname="src.pymortests.vectorarray" file="src/pymortests/vectorarray.py" line="860" name="test_mul_wrong_factor[1-&lt;lambda&gt;20]" time="0.009089946746826172"></testcase><testcase classname="src.pymortests.vectorarray" file="src/pymortests/vectorarray.py" line="860" name="test_mul_wrong_factor[1-&lt;lambda&gt;21]" time="0.019788503646850586"></testcase><testcase classname="src.pymortests.vectorarray" file="src/pymortests/vectorarray.py" line="860" name="test_mul_wrong_factor[1-&lt;lambda&gt;22]" time="0.0017995834350585938"></testcase><testcase classname="src.pymortests.vectorarray" file="src/pymortests/vectorarray.py" line="860" name="test_mul_wrong_factor[1-&lt;lambda&gt;23]" time="0.0012097358703613281"></testcase><testcase classname="src.pymortests.vectorarray" file="src/pymortests/vectorarray.py" line="860" name="test_mul_wrong_factor[1-&lt;lambda&gt;24]" time="0.002091646194458008"></testcase><testcase classname="src.pymortests.vectorarray" file="src/pymortests/vectorarray.py" line="860" name="test_mul_wrong_factor[1-&lt;lambda&gt;25]" time="0.023822784423828125"></testcase><testcase classname="src.pymortests.vectorarray" file="src/pymortests/vectorarray.py" line="860" name="test_mul_wrong_factor[1-&lt;lambda&gt;26]" time="0.05500221252441406"></testcase><testcase classname="src.pymortests.vectorarray" file="src/pymortests/vectorarray.py" line="860" name="test_mul_wrong_factor[2-&lt;lambda&gt;0]" time="0.0017883777618408203"></testcase><testcase classname="src.pymortests.vectorarray" file="src/pymortests/vectorarray.py" line="860" name="test_mul_wrong_factor[2-&lt;lambda&gt;1]" time="0.00128173828125"></testcase><testcase classname="src.pymortests.vectorarray" file="src/pymortests/vectorarray.py" line="860" name="test_mul_wrong_factor[2-&lt;lambda&gt;2]" time="0.0011718273162841797"></testcase><testcase classname="src.pymortests.vectorarray" file="src/pymortests/vectorarray.py" line="860" name="test_mul_wrong_factor[2-&lt;lambda&gt;3]" time="0.0012547969818115234"></testcase><testcase classname="src.pymortests.vectorarray" file="src/pymortests/vectorarray.py" line="860" name="test_mul_wrong_factor[2-&lt;lambda&gt;4]" time="0.0011410713195800781"></testcase><testcase classname="src.pymortests.vectorarray" file="src/pymortests/vectorarray.py" line="860" name="test_mul_wrong_factor[2-&lt;lambda&gt;5]" time="0.0013284683227539062"></testcase><testcase classname="src.pymortests.vectorarray" file="src/pymortests/vectorarray.py" line="860" name="test_mul_wrong_factor[2-&lt;lambda&gt;6]" time="0.0011789798736572266"></testcase><testcase classname="src.pymortests.vectorarray" file="src/pymortests/vectorarray.py" line="860" name="test_mul_wrong_factor[2-&lt;lambda&gt;7]" time="0.0011749267578125"></testcase><testcase classname="src.pymortests.vectorarray" file="src/pymortests/vectorarray.py" line="860" name="test_mul_wrong_factor[2-&lt;lambda&gt;8]" time="0.0015735626220703125"></testcase><testcase classname="src.pymortests.vectorarray" file="src/pymortests/vectorarray.py" line="860" name="test_mul_wrong_factor[2-&lt;lambda&gt;9]" time="0.0021469593048095703"></testcase><testcase classname="src.pymortests.vectorarray" file="src/pymortests/vectorarray.py" line="860" name="test_mul_wrong_factor[2-&lt;lambda&gt;10]" time="0.001394510269165039"></testcase><testcase classname="src.pymortests.vectorarray" file="src/pymortests/vectorarray.py" line="860" name="test_mul_wrong_factor[2-&lt;lambda&gt;11]" time="0.0015668869018554688"></testcase><testcase classname="src.pymortests.vectorarray" file="src/pymortests/vectorarray.py" line="860" name="test_mul_wrong_factor[2-&lt;lambda&gt;12]" time="0.0013377666473388672"></testcase><testcase classname="src.pymortests.vectorarray" file="src/pymortests/vectorarray.py" line="860" name="test_mul_wrong_factor[2-&lt;lambda&gt;13]" time="0.001323699951171875"></testcase><testcase classname="src.pymortests.vectorarray" file="src/pymortests/vectorarray.py" line="860" name="test_mul_wrong_factor[2-&lt;lambda&gt;14]" time="0.0013339519500732422"></testcase><testcase classname="src.pymortests.vectorarray" file="src/pymortests/vectorarray.py" line="860" name="test_mul_wrong_factor[2-&lt;lambda&gt;15]" time="0.0013859272003173828"></testcase><testcase classname="src.pymortests.vectorarray" file="src/pymortests/vectorarray.py" line="860" name="test_mul_wrong_factor[2-&lt;lambda&gt;16]" time="0.0013427734375"></testcase><testcase classname="src.pymortests.vectorarray" file="src/pymortests/vectorarray.py" line="860" name="test_mul_wrong_factor[2-&lt;lambda&gt;17]" time="0.0016064643859863281"></testcase><testcase classname="src.pymortests.vectorarray" file="src/pymortests/vectorarray.py" line="860" name="test_mul_wrong_factor[2-&lt;lambda&gt;18]" time="0.0016393661499023438"></testcase><testcase classname="src.pymortests.vectorarray" file="src/pymortests/vectorarray.py" line="860" name="test_mul_wrong_factor[2-&lt;lambda&gt;19]" time="0.0026023387908935547"></testcase><testcase classname="src.pymortests.vectorarray" file="src/pymortests/vectorarray.py" line="860" name="test_mul_wrong_factor[2-&lt;lambda&gt;20]" time="0.00905466079711914"></testcase><testcase classname="src.pymortests.vectorarray" file="src/pymortests/vectorarray.py" line="860" name="test_mul_wrong_factor[2-&lt;lambda&gt;21]" time="0.019193172454833984"></testcase><testcase classname="src.pymortests.vectorarray" file="src/pymortests/vectorarray.py" line="860" name="test_mul_wrong_factor[2-&lt;lambda&gt;22]" time="0.00176239013671875"></testcase><testcase classname="src.pymortests.vectorarray" file="src/pymortests/vectorarray.py" line="860" name="test_mul_wrong_factor[2-&lt;lambda&gt;23]" time="0.0013089179992675781"></testcase><testcase classname="src.pymortests.vectorarray" file="src/pymortests/vectorarray.py" line="860" name="test_mul_wrong_factor[2-&lt;lambda&gt;24]" time="0.002145051956176758"></testcase><testcase classname="src.pymortests.vectorarray" file="src/pymortests/vectorarray.py" line="860" name="test_mul_wrong_factor[2-&lt;lambda&gt;25]" time="0.0244448184967041"></testcase><testcase classname="src.pymortests.vectorarray" file="src/pymortests/vectorarray.py" line="860" name="test_mul_wrong_factor[2-&lt;lambda&gt;26]" time="0.05685925483703613"></testcase><testcase classname="src.pymortests.vectorarray" file="src/pymortests/vectorarray.py" line="866" name="test_rmul[0-&lt;lambda&gt;0]" time="0.00310516357421875"></testcase><testcase classname="src.pymortests.vectorarray" file="src/pymortests/vectorarray.py" line="866" name="test_rmul[0-&lt;lambda&gt;1]" time="0.002064228057861328"></testcase><testcase classname="src.pymortests.vectorarray" file="src/pymortests/vectorarray.py" line="866" name="test_rmul[0-&lt;lambda&gt;2]" time="0.0021181106567382812"></testcase><testcase classname="src.pymortests.vectorarray" file="src/pymortests/vectorarray.py" line="866" name="test_rmul[0-&lt;lambda&gt;3]" time="0.0022585391998291016"></testcase><testcase classname="src.pymortests.vectorarray" file="src/pymortests/vectorarray.py" line="866" name="test_rmul[0-&lt;lambda&gt;4]" time="0.0020742416381835938"></testcase><testcase classname="src.pymortests.vectorarray" file="src/pymortests/vectorarray.py" line="866" name="test_rmul[0-&lt;lambda&gt;5]" time="0.0016834735870361328"></testcase><testcase classname="src.pymortests.vectorarray" file="src/pymortests/vectorarray.py" line="866" name="test_rmul[0-&lt;lambda&gt;6]" time="0.001750946044921875"></testcase><testcase classname="src.pymortests.vectorarray" file="src/pymortests/vectorarray.py" line="866" name="test_rmul[0-&lt;lambda&gt;7]" time="0.0022881031036376953"></testcase><testcase classname="src.pymortests.vectorarray" file="src/pymortests/vectorarray.py" line="866" name="test_rmul[0-&lt;lambda&gt;8]" time="0.015602588653564453"></testcase><testcase classname="src.pymortests.vectorarray" file="src/pymortests/vectorarray.py" line="866" name="test_rmul[0-&lt;lambda&gt;9]" time="0.03280448913574219"></testcase><testcase classname="src.pymortests.vectorarray" file="src/pymortests/vectorarray.py" line="866" name="test_rmul[0-&lt;lambda&gt;10]" time="0.004132270812988281"></testcase><testcase classname="src.pymortests.vectorarray" file="src/pymortests/vectorarray.py" line="866" name="test_rmul[0-&lt;lambda&gt;11]" time="0.0034334659576416016"></testcase><testcase classname="src.pymortests.vectorarray" file="src/pymortests/vectorarray.py" line="866" name="test_rmul[0-&lt;lambda&gt;12]" time="0.0032165050506591797"></testcase><testcase classname="src.pymortests.vectorarray" file="src/pymortests/vectorarray.py" line="866" name="test_rmul[0-&lt;lambda&gt;13]" time="0.0026047229766845703"></testcase><testcase classname="src.pymortests.vectorarray" file="src/pymortests/vectorarray.py" line="866" name="test_rmul[0-&lt;lambda&gt;14]" time="0.003297567367553711"></testcase><testcase classname="src.pymortests.vectorarray" file="src/pymortests/vectorarray.py" line="866" name="test_rmul[0-&lt;lambda&gt;15]" time="0.004406452178955078"></testcase><testcase classname="src.pymortests.vectorarray" file="src/pymortests/vectorarray.py" line="866" name="test_rmul[0-&lt;lambda&gt;16]" time="0.003938436508178711"></testcase><testcase classname="src.pymortests.vectorarray" file="src/pymortests/vectorarray.py" line="866" name="test_rmul[0-&lt;lambda&gt;17]" time="0.002454042434692383"></testcase><testcase classname="src.pymortests.vectorarray" file="src/pymortests/vectorarray.py" line="866" name="test_rmul[0-&lt;lambda&gt;18]" time="0.002263784408569336"></testcase><testcase classname="src.pymortests.vectorarray" file="src/pymortests/vectorarray.py" line="866" name="test_rmul[0-&lt;lambda&gt;19]" time="0.004836559295654297"></testcase><testcase classname="src.pymortests.vectorarray" file="src/pymortests/vectorarray.py" line="866" name="test_rmul[0-&lt;lambda&gt;20]" time="0.03743100166320801"></testcase><testcase classname="src.pymortests.vectorarray" file="src/pymortests/vectorarray.py" line="866" name="test_rmul[0-&lt;lambda&gt;21]" time="0.08439755439758301"></testcase><testcase classname="src.pymortests.vectorarray" file="src/pymortests/vectorarray.py" line="866" name="test_rmul[0-&lt;lambda&gt;22]" time="0.002624988555908203"></testcase><testcase classname="src.pymortests.vectorarray" file="src/pymortests/vectorarray.py" line="866" name="test_rmul[0-&lt;lambda&gt;23]" time="0.0019266605377197266"></testcase><testcase classname="src.pymortests.vectorarray" file="src/pymortests/vectorarray.py" line="866" name="test_rmul[0-&lt;lambda&gt;24]" time="0.014934778213500977"></testcase><testcase classname="src.pymortests.vectorarray" file="src/pymortests/vectorarray.py" line="866" name="test_rmul[0-&lt;lambda&gt;25]" time="0.4948391914367676"></testcase><testcase classname="src.pymortests.vectorarray" file="src/pymortests/vectorarray.py" line="866" name="test_rmul[0-&lt;lambda&gt;26]" time="1.1992018222808838"></testcase><testcase classname="src.pymortests.vectorarray" file="src/pymortests/vectorarray.py" line="866" name="test_rmul[1-&lt;lambda&gt;0]" time="0.0031502246856689453"></testcase><testcase classname="src.pymortests.vectorarray" file="src/pymortests/vectorarray.py" line="866" name="test_rmul[1-&lt;lambda&gt;1]" time="0.0027222633361816406"></testcase><testcase classname="src.pymortests.vectorarray" file="src/pymortests/vectorarray.py" line="866" name="test_rmul[1-&lt;lambda&gt;2]" time="0.0026674270629882812"></testcase><testcase classname="src.pymortests.vectorarray" file="src/pymortests/vectorarray.py" line="866" name="test_rmul[1-&lt;lambda&gt;3]" time="0.002428770065307617"></testcase><testcase classname="src.pymortests.vectorarray" file="src/pymortests/vectorarray.py" line="866" name="test_rmul[1-&lt;lambda&gt;4]" time="0.0020928382873535156"></testcase><testcase classname="src.pymortests.vectorarray" file="src/pymortests/vectorarray.py" line="866" name="test_rmul[1-&lt;lambda&gt;5]" time="0.0017445087432861328"></testcase><testcase classname="src.pymortests.vectorarray" file="src/pymortests/vectorarray.py" line="866" name="test_rmul[1-&lt;lambda&gt;6]" time="0.0019268989562988281"></testcase><testcase classname="src.pymortests.vectorarray" file="src/pymortests/vectorarray.py" line="866" name="test_rmul[1-&lt;lambda&gt;7]" time="0.0027158260345458984"></testcase><testcase classname="src.pymortests.vectorarray" file="src/pymortests/vectorarray.py" line="866" name="test_rmul[1-&lt;lambda&gt;8]" time="0.01642012596130371"></testcase><testcase classname="src.pymortests.vectorarray" file="src/pymortests/vectorarray.py" line="866" name="test_rmul[1-&lt;lambda&gt;9]" time="0.03406643867492676"></testcase><testcase classname="src.pymortests.vectorarray" file="src/pymortests/vectorarray.py" line="866" name="test_rmul[1-&lt;lambda&gt;10]" time="0.004262685775756836"></testcase><testcase classname="src.pymortests.vectorarray" file="src/pymortests/vectorarray.py" line="866" name="test_rmul[1-&lt;lambda&gt;11]" time="0.003997087478637695"></testcase><testcase classname="src.pymortests.vectorarray" file="src/pymortests/vectorarray.py" line="866" name="test_rmul[1-&lt;lambda&gt;12]" time="0.004085063934326172"></testcase><testcase classname="src.pymortests.vectorarray" file="src/pymortests/vectorarray.py" line="866" name="test_rmul[1-&lt;lambda&gt;13]" time="0.002988576889038086"></testcase><testcase classname="src.pymortests.vectorarray" file="src/pymortests/vectorarray.py" line="866" name="test_rmul[1-&lt;lambda&gt;14]" time="0.0036568641662597656"></testcase><testcase classname="src.pymortests.vectorarray" file="src/pymortests/vectorarray.py" line="866" name="test_rmul[1-&lt;lambda&gt;15]" time="0.004528045654296875"></testcase><testcase classname="src.pymortests.vectorarray" file="src/pymortests/vectorarray.py" line="866" name="test_rmul[1-&lt;lambda&gt;16]" time="0.004592418670654297"></testcase><testcase classname="src.pymortests.vectorarray" file="src/pymortests/vectorarray.py" line="866" name="test_rmul[1-&lt;lambda&gt;17]" time="0.0024895668029785156"></testcase><testcase classname="src.pymortests.vectorarray" file="src/pymortests/vectorarray.py" line="866" name="test_rmul[1-&lt;lambda&gt;18]" time="0.002267599105834961"></testcase><testcase classname="src.pymortests.vectorarray" file="src/pymortests/vectorarray.py" line="866" name="test_rmul[1-&lt;lambda&gt;19]" time="0.004937171936035156"></testcase><testcase classname="src.pymortests.vectorarray" file="src/pymortests/vectorarray.py" line="866" name="test_rmul[1-&lt;lambda&gt;20]" time="0.03830766677856445"></testcase><testcase classname="src.pymortests.vectorarray" file="src/pymortests/vectorarray.py" line="866" name="test_rmul[1-&lt;lambda&gt;21]" time="0.0888676643371582"></testcase><testcase classname="src.pymortests.vectorarray" file="src/pymortests/vectorarray.py" line="866" name="test_rmul[1-&lt;lambda&gt;22]" time="0.0028192996978759766"></testcase><testcase classname="src.pymortests.vectorarray" file="src/pymortests/vectorarray.py" line="866" name="test_rmul[1-&lt;lambda&gt;23]" time="0.0020284652709960938"></testcase><testcase classname="src.pymortests.vectorarray" file="src/pymortests/vectorarray.py" line="866" name="test_rmul[1-&lt;lambda&gt;24]" time="0.016997337341308594"></testcase><testcase classname="src.pymortests.vectorarray" file="src/pymortests/vectorarray.py" line="866" name="test_rmul[1-&lt;lambda&gt;25]" time="0.5195891857147217"></testcase><testcase classname="src.pymortests.vectorarray" file="src/pymortests/vectorarray.py" line="866" name="test_rmul[1-&lt;lambda&gt;26]" time="1.2151720523834229"></testcase><testcase classname="src.pymortests.vectorarray" file="src/pymortests/vectorarray.py" line="866" name="test_rmul[2-&lt;lambda&gt;0]" time="0.003135204315185547"></testcase><testcase classname="src.pymortests.vectorarray" file="src/pymortests/vectorarray.py" line="866" name="test_rmul[2-&lt;lambda&gt;1]" time="0.0022270679473876953"></testcase><testcase classname="src.pymortests.vectorarray" file="src/pymortests/vectorarray.py" line="866" name="test_rmul[2-&lt;lambda&gt;2]" time="0.0021812915802001953"></testcase><testcase classname="src.pymortests.vectorarray" file="src/pymortests/vectorarray.py" line="866" name="test_rmul[2-&lt;lambda&gt;3]" time="0.0023221969604492188"></testcase><testcase classname="src.pymortests.vectorarray" file="src/pymortests/vectorarray.py" line="866" name="test_rmul[2-&lt;lambda&gt;4]" time="0.0026216506958007812"></testcase><testcase classname="src.pymortests.vectorarray" file="src/pymortests/vectorarray.py" line="866" name="test_rmul[2-&lt;lambda&gt;5]" time="0.002064228057861328"></testcase><testcase classname="src.pymortests.vectorarray" file="src/pymortests/vectorarray.py" line="866" name="test_rmul[2-&lt;lambda&gt;6]" time="0.0020647048950195312"></testcase><testcase classname="src.pymortests.vectorarray" file="src/pymortests/vectorarray.py" line="866" name="test_rmul[2-&lt;lambda&gt;7]" time="0.0026350021362304688"></testcase><testcase classname="src.pymortests.vectorarray" file="src/pymortests/vectorarray.py" line="866" name="test_rmul[2-&lt;lambda&gt;8]" time="0.017154932022094727"></testcase><testcase classname="src.pymortests.vectorarray" file="src/pymortests/vectorarray.py" line="866" name="test_rmul[2-&lt;lambda&gt;9]" time="0.03647971153259277"></testcase><testcase classname="src.pymortests.vectorarray" file="src/pymortests/vectorarray.py" line="866" name="test_rmul[2-&lt;lambda&gt;10]" time="0.004403829574584961"></testcase><testcase classname="src.pymortests.vectorarray" file="src/pymortests/vectorarray.py" line="866" name="test_rmul[2-&lt;lambda&gt;11]" time="0.0038175582885742188"></testcase><testcase classname="src.pymortests.vectorarray" file="src/pymortests/vectorarray.py" line="866" name="test_rmul[2-&lt;lambda&gt;12]" time="0.0037724971771240234"></testcase><testcase classname="src.pymortests.vectorarray" file="src/pymortests/vectorarray.py" line="866" name="test_rmul[2-&lt;lambda&gt;13]" time="0.0030829906463623047"></testcase><testcase classname="src.pymortests.vectorarray" file="src/pymortests/vectorarray.py" line="866" name="test_rmul[2-&lt;lambda&gt;14]" time="0.0035386085510253906"></testcase><testcase classname="src.pymortests.vectorarray" file="src/pymortests/vectorarray.py" line="866" name="test_rmul[2-&lt;lambda&gt;15]" time="0.0043773651123046875"></testcase><testcase classname="src.pymortests.vectorarray" file="src/pymortests/vectorarray.py" line="866" name="test_rmul[2-&lt;lambda&gt;16]" time="0.004062175750732422"></testcase><testcase classname="src.pymortests.vectorarray" file="src/pymortests/vectorarray.py" line="866" name="test_rmul[2-&lt;lambda&gt;17]" time="0.0024712085723876953"></testcase><testcase classname="src.pymortests.vectorarray" file="src/pymortests/vectorarray.py" line="866" name="test_rmul[2-&lt;lambda&gt;18]" time="0.0024721622467041016"></testcase><testcase classname="src.pymortests.vectorarray" file="src/pymortests/vectorarray.py" line="866" name="test_rmul[2-&lt;lambda&gt;19]" time="0.0051364898681640625"></testcase><testcase classname="src.pymortests.vectorarray" file="src/pymortests/vectorarray.py" line="866" name="test_rmul[2-&lt;lambda&gt;20]" time="0.03903341293334961"></testcase><testcase classname="src.pymortests.vectorarray" file="src/pymortests/vectorarray.py" line="866" name="test_rmul[2-&lt;lambda&gt;21]" time="0.0905771255493164"></testcase><testcase classname="src.pymortests.vectorarray" file="src/pymortests/vectorarray.py" line="866" name="test_rmul[2-&lt;lambda&gt;22]" time="0.0026650428771972656"></testcase><testcase classname="src.pymortests.vectorarray" file="src/pymortests/vectorarray.py" line="866" name="test_rmul[2-&lt;lambda&gt;23]" time="0.0018324851989746094"></testcase><testcase classname="src.pymortests.vectorarray" file="src/pymortests/vectorarray.py" line="866" name="test_rmul[2-&lt;lambda&gt;24]" time="0.015939712524414062"></testcase><testcase classname="src.pymortests.vectorarray" file="src/pymortests/vectorarray.py" line="866" name="test_rmul[2-&lt;lambda&gt;25]" time="0.528724193572998"></testcase><testcase classname="src.pymortests.vectorarray" file="src/pymortests/vectorarray.py" line="866" name="test_rmul[2-&lt;lambda&gt;26]" time="1.155275583267212"></testcase><testcase classname="src.pymortests.vectorarray" file="src/pymortests/vectorarray.py" line="876" name="test_imul[0-&lt;lambda&gt;0]" time="0.0024666786193847656"></testcase><testcase classname="src.pymortests.vectorarray" file="src/pymortests/vectorarray.py" line="876" name="test_imul[0-&lt;lambda&gt;1]" time="0.0017063617706298828"></testcase><testcase classname="src.pymortests.vectorarray" file="src/pymortests/vectorarray.py" line="876" name="test_imul[0-&lt;lambda&gt;2]" time="0.0016939640045166016"></testcase><testcase classname="src.pymortests.vectorarray" file="src/pymortests/vectorarray.py" line="876" name="test_imul[0-&lt;lambda&gt;3]" time="0.0017080307006835938"></testcase><testcase classname="src.pymortests.vectorarray" file="src/pymortests/vectorarray.py" line="876" name="test_imul[0-&lt;lambda&gt;4]" time="0.00164031982421875"></testcase><testcase classname="src.pymortests.vectorarray" file="src/pymortests/vectorarray.py" line="876" name="test_imul[0-&lt;lambda&gt;5]" time="0.0014400482177734375"></testcase><testcase classname="src.pymortests.vectorarray" file="src/pymortests/vectorarray.py" line="876" name="test_imul[0-&lt;lambda&gt;6]" time="0.0013852119445800781"></testcase><testcase classname="src.pymortests.vectorarray" file="src/pymortests/vectorarray.py" line="876" name="test_imul[0-&lt;lambda&gt;7]" time="0.0017247200012207031"></testcase><testcase classname="src.pymortests.vectorarray" file="src/pymortests/vectorarray.py" line="876" name="test_imul[0-&lt;lambda&gt;8]" time="0.010143756866455078"></testcase><testcase classname="src.pymortests.vectorarray" file="src/pymortests/vectorarray.py" line="876" name="test_imul[0-&lt;lambda&gt;9]" time="0.01973700523376465"></testcase><testcase classname="src.pymortests.vectorarray" file="src/pymortests/vectorarray.py" line="876" name="test_imul[0-&lt;lambda&gt;10]" time="0.0032379627227783203"></testcase><testcase classname="src.pymortests.vectorarray" file="src/pymortests/vectorarray.py" line="876" name="test_imul[0-&lt;lambda&gt;11]" time="0.002520322799682617"></testcase><testcase classname="src.pymortests.vectorarray" file="src/pymortests/vectorarray.py" line="876" name="test_imul[0-&lt;lambda&gt;12]" time="0.0023806095123291016"></testcase><testcase classname="src.pymortests.vectorarray" file="src/pymortests/vectorarray.py" line="876" name="test_imul[0-&lt;lambda&gt;13]" time="0.001986980438232422"></testcase><testcase classname="src.pymortests.vectorarray" file="src/pymortests/vectorarray.py" line="876" name="test_imul[0-&lt;lambda&gt;14]" time="0.0023577213287353516"></testcase><testcase classname="src.pymortests.vectorarray" file="src/pymortests/vectorarray.py" line="876" name="test_imul[0-&lt;lambda&gt;15]" time="0.0029172897338867188"></testcase><testcase classname="src.pymortests.vectorarray" file="src/pymortests/vectorarray.py" line="876" name="test_imul[0-&lt;lambda&gt;16]" time="0.002831697463989258"></testcase><testcase classname="src.pymortests.vectorarray" file="src/pymortests/vectorarray.py" line="876" name="test_imul[0-&lt;lambda&gt;17]" time="0.0019335746765136719"></testcase><testcase classname="src.pymortests.vectorarray" file="src/pymortests/vectorarray.py" line="876" name="test_imul[0-&lt;lambda&gt;18]" time="0.0018601417541503906"></testcase><testcase classname="src.pymortests.vectorarray" file="src/pymortests/vectorarray.py" line="876" name="test_imul[0-&lt;lambda&gt;19]" time="0.0036690235137939453"></testcase><testcase classname="src.pymortests.vectorarray" file="src/pymortests/vectorarray.py" line="876" name="test_imul[0-&lt;lambda&gt;20]" time="0.027666568756103516"></testcase><testcase classname="src.pymortests.vectorarray" file="src/pymortests/vectorarray.py" line="876" name="test_imul[0-&lt;lambda&gt;21]" time="0.06321001052856445"></testcase><testcase classname="src.pymortests.vectorarray" file="src/pymortests/vectorarray.py" line="876" name="test_imul[0-&lt;lambda&gt;22]" time="0.002112150192260742"></testcase><testcase classname="src.pymortests.vectorarray" file="src/pymortests/vectorarray.py" line="876" name="test_imul[0-&lt;lambda&gt;23]" time="0.0014719963073730469"></testcase><testcase classname="src.pymortests.vectorarray" file="src/pymortests/vectorarray.py" line="876" name="test_imul[0-&lt;lambda&gt;24]" time="0.010797262191772461"></testcase><testcase classname="src.pymortests.vectorarray" file="src/pymortests/vectorarray.py" line="876" name="test_imul[0-&lt;lambda&gt;25]" time="0.3554537296295166"></testcase><testcase classname="src.pymortests.vectorarray" file="src/pymortests/vectorarray.py" line="876" name="test_imul[0-&lt;lambda&gt;26]" time="0.8418352603912354"></testcase><testcase classname="src.pymortests.vectorarray" file="src/pymortests/vectorarray.py" line="876" name="test_imul[1-&lt;lambda&gt;0]" time="0.0025787353515625"></testcase><testcase classname="src.pymortests.vectorarray" file="src/pymortests/vectorarray.py" line="876" name="test_imul[1-&lt;lambda&gt;1]" time="0.0017476081848144531"></testcase><testcase classname="src.pymortests.vectorarray" file="src/pymortests/vectorarray.py" line="876" name="test_imul[1-&lt;lambda&gt;2]" time="0.0016977787017822266"></testcase><testcase classname="src.pymortests.vectorarray" file="src/pymortests/vectorarray.py" line="876" name="test_imul[1-&lt;lambda&gt;3]" time="0.0017483234405517578"></testcase><testcase classname="src.pymortests.vectorarray" file="src/pymortests/vectorarray.py" line="876" name="test_imul[1-&lt;lambda&gt;4]" time="0.0016622543334960938"></testcase><testcase classname="src.pymortests.vectorarray" file="src/pymortests/vectorarray.py" line="876" name="test_imul[1-&lt;lambda&gt;5]" time="0.0014162063598632812"></testcase><testcase classname="src.pymortests.vectorarray" file="src/pymortests/vectorarray.py" line="876" name="test_imul[1-&lt;lambda&gt;6]" time="0.0014019012451171875"></testcase><testcase classname="src.pymortests.vectorarray" file="src/pymortests/vectorarray.py" line="876" name="test_imul[1-&lt;lambda&gt;7]" time="0.0017371177673339844"></testcase><testcase classname="src.pymortests.vectorarray" file="src/pymortests/vectorarray.py" line="876" name="test_imul[1-&lt;lambda&gt;8]" time="0.010228157043457031"></testcase><testcase classname="src.pymortests.vectorarray" file="src/pymortests/vectorarray.py" line="876" name="test_imul[1-&lt;lambda&gt;9]" time="0.02041339874267578"></testcase><testcase classname="src.pymortests.vectorarray" file="src/pymortests/vectorarray.py" line="876" name="test_imul[1-&lt;lambda&gt;10]" time="0.0033423900604248047"></testcase><testcase classname="src.pymortests.vectorarray" file="src/pymortests/vectorarray.py" line="876" name="test_imul[1-&lt;lambda&gt;11]" time="0.0027000904083251953"></testcase><testcase classname="src.pymortests.vectorarray" file="src/pymortests/vectorarray.py" line="876" name="test_imul[1-&lt;lambda&gt;12]" time="0.0024900436401367188"></testcase><testcase classname="src.pymortests.vectorarray" file="src/pymortests/vectorarray.py" line="876" name="test_imul[1-&lt;lambda&gt;13]" time="0.0021026134490966797"></testcase><testcase classname="src.pymortests.vectorarray" file="src/pymortests/vectorarray.py" line="876" name="test_imul[1-&lt;lambda&gt;14]" time="0.0026803016662597656"></testcase><testcase classname="src.pymortests.vectorarray" file="src/pymortests/vectorarray.py" line="876" name="test_imul[1-&lt;lambda&gt;15]" time="0.002939939498901367"></testcase><testcase classname="src.pymortests.vectorarray" file="src/pymortests/vectorarray.py" line="876" name="test_imul[1-&lt;lambda&gt;16]" time="0.0028314590454101562"></testcase><testcase classname="src.pymortests.vectorarray" file="src/pymortests/vectorarray.py" line="876" name="test_imul[1-&lt;lambda&gt;17]" time="0.0019359588623046875"></testcase><testcase classname="src.pymortests.vectorarray" file="src/pymortests/vectorarray.py" line="876" name="test_imul[1-&lt;lambda&gt;18]" time="0.00186920166015625"></testcase><testcase classname="src.pymortests.vectorarray" file="src/pymortests/vectorarray.py" line="876" name="test_imul[1-&lt;lambda&gt;19]" time="0.0038285255432128906"></testcase><testcase classname="src.pymortests.vectorarray" file="src/pymortests/vectorarray.py" line="876" name="test_imul[1-&lt;lambda&gt;20]" time="0.029039621353149414"></testcase><testcase classname="src.pymortests.vectorarray" file="src/pymortests/vectorarray.py" line="876" name="test_imul[1-&lt;lambda&gt;21]" time="0.06816816329956055"></testcase><testcase classname="src.pymortests.vectorarray" file="src/pymortests/vectorarray.py" line="876" name="test_imul[1-&lt;lambda&gt;22]" time="0.002077817916870117"></testcase><testcase classname="src.pymortests.vectorarray" file="src/pymortests/vectorarray.py" line="876" name="test_imul[1-&lt;lambda&gt;23]" time="0.001413106918334961"></testcase><testcase classname="src.pymortests.vectorarray" file="src/pymortests/vectorarray.py" line="876" name="test_imul[1-&lt;lambda&gt;24]" time="0.011273384094238281"></testcase><testcase classname="src.pymortests.vectorarray" file="src/pymortests/vectorarray.py" line="876" name="test_imul[1-&lt;lambda&gt;25]" time="0.35427021980285645"></testcase><testcase classname="src.pymortests.vectorarray" file="src/pymortests/vectorarray.py" line="876" name="test_imul[1-&lt;lambda&gt;26]" time="0.8428440093994141"></testcase><testcase classname="src.pymortests.vectorarray" file="src/pymortests/vectorarray.py" line="876" name="test_imul[2-&lt;lambda&gt;0]" time="0.002580881118774414"></testcase><testcase classname="src.pymortests.vectorarray" file="src/pymortests/vectorarray.py" line="876" name="test_imul[2-&lt;lambda&gt;1]" time="0.001804351806640625"></testcase><testcase classname="src.pymortests.vectorarray" file="src/pymortests/vectorarray.py" line="876" name="test_imul[2-&lt;lambda&gt;2]" time="0.0017919540405273438"></testcase><testcase classname="src.pymortests.vectorarray" file="src/pymortests/vectorarray.py" line="876" name="test_imul[2-&lt;lambda&gt;3]" time="0.001786947250366211"></testcase><testcase classname="src.pymortests.vectorarray" file="src/pymortests/vectorarray.py" line="876" name="test_imul[2-&lt;lambda&gt;4]" time="0.0017006397247314453"></testcase><testcase classname="src.pymortests.vectorarray" file="src/pymortests/vectorarray.py" line="876" name="test_imul[2-&lt;lambda&gt;5]" time="0.0014176368713378906"></testcase><testcase classname="src.pymortests.vectorarray" file="src/pymortests/vectorarray.py" line="876" name="test_imul[2-&lt;lambda&gt;6]" time="0.0013966560363769531"></testcase><testcase classname="src.pymortests.vectorarray" file="src/pymortests/vectorarray.py" line="876" name="test_imul[2-&lt;lambda&gt;7]" time="0.001735687255859375"></testcase><testcase classname="src.pymortests.vectorarray" file="src/pymortests/vectorarray.py" line="876" name="test_imul[2-&lt;lambda&gt;8]" time="0.010415315628051758"></testcase><testcase classname="src.pymortests.vectorarray" file="src/pymortests/vectorarray.py" line="876" name="test_imul[2-&lt;lambda&gt;9]" time="0.02016901969909668"></testcase><testcase classname="src.pymortests.vectorarray" file="src/pymortests/vectorarray.py" line="876" name="test_imul[2-&lt;lambda&gt;10]" time="0.003489971160888672"></testcase><testcase classname="src.pymortests.vectorarray" file="src/pymortests/vectorarray.py" line="876" name="test_imul[2-&lt;lambda&gt;11]" time="0.0026128292083740234"></testcase><testcase classname="src.pymortests.vectorarray" file="src/pymortests/vectorarray.py" line="876" name="test_imul[2-&lt;lambda&gt;12]" time="0.002553224563598633"></testcase><testcase classname="src.pymortests.vectorarray" file="src/pymortests/vectorarray.py" line="876" name="test_imul[2-&lt;lambda&gt;13]" time="0.0022215843200683594"></testcase><testcase classname="src.pymortests.vectorarray" file="src/pymortests/vectorarray.py" line="876" name="test_imul[2-&lt;lambda&gt;14]" time="0.0025496482849121094"></testcase><testcase classname="src.pymortests.vectorarray" file="src/pymortests/vectorarray.py" line="876" name="test_imul[2-&lt;lambda&gt;15]" time="0.0029921531677246094"></testcase><testcase classname="src.pymortests.vectorarray" file="src/pymortests/vectorarray.py" line="876" name="test_imul[2-&lt;lambda&gt;16]" time="0.0029325485229492188"></testcase><testcase classname="src.pymortests.vectorarray" file="src/pymortests/vectorarray.py" line="876" name="test_imul[2-&lt;lambda&gt;17]" time="0.0019872188568115234"></testcase><testcase classname="src.pymortests.vectorarray" file="src/pymortests/vectorarray.py" line="876" name="test_imul[2-&lt;lambda&gt;18]" time="0.0019528865814208984"></testcase><testcase classname="src.pymortests.vectorarray" file="src/pymortests/vectorarray.py" line="876" name="test_imul[2-&lt;lambda&gt;19]" time="0.0037288665771484375"></testcase><testcase classname="src.pymortests.vectorarray" file="src/pymortests/vectorarray.py" line="876" name="test_imul[2-&lt;lambda&gt;20]" time="0.02768230438232422"></testcase><testcase classname="src.pymortests.vectorarray" file="src/pymortests/vectorarray.py" line="876" name="test_imul[2-&lt;lambda&gt;21]" time="0.06482481956481934"></testcase><testcase classname="src.pymortests.vectorarray" file="src/pymortests/vectorarray.py" line="876" name="test_imul[2-&lt;lambda&gt;22]" time="0.0021538734436035156"></testcase><testcase classname="src.pymortests.vectorarray" file="src/pymortests/vectorarray.py" line="876" name="test_imul[2-&lt;lambda&gt;23]" time="0.0015234947204589844"></testcase><testcase classname="src.pymortests.vectorarray" file="src/pymortests/vectorarray.py" line="876" name="test_imul[2-&lt;lambda&gt;24]" time="0.011163711547851562"></testcase><testcase classname="src.pymortests.vectorarray" file="src/pymortests/vectorarray.py" line="876" name="test_imul[2-&lt;lambda&gt;25]" time="0.3558614253997803"></testcase><testcase classname="src.pymortests.vectorarray" file="src/pymortests/vectorarray.py" line="876" name="test_imul[2-&lt;lambda&gt;26]" time="0.8456447124481201"></testcase><testcase classname="src.pymortests.vectorarray" file="src/pymortests/vectorarray.py" line="886" name="test_imul_wrong_factor[0-&lt;lambda&gt;0]" time="0.0018129348754882812"></testcase><testcase classname="src.pymortests.vectorarray" file="src/pymortests/vectorarray.py" line="886" name="test_imul_wrong_factor[0-&lt;lambda&gt;1]" time="0.001234292984008789"></testcase><testcase classname="src.pymortests.vectorarray" file="src/pymortests/vectorarray.py" line="886" name="test_imul_wrong_factor[0-&lt;lambda&gt;2]" time="0.0012056827545166016"></testcase><testcase classname="src.pymortests.vectorarray" file="src/pymortests/vectorarray.py" line="886" name="test_imul_wrong_factor[0-&lt;lambda&gt;3]" time="0.001168966293334961"></testcase><testcase classname="src.pymortests.vectorarray" file="src/pymortests/vectorarray.py" line="886" name="test_imul_wrong_factor[0-&lt;lambda&gt;4]" time="0.0011942386627197266"></testcase><testcase classname="src.pymortests.vectorarray" file="src/pymortests/vectorarray.py" line="886" name="test_imul_wrong_factor[0-&lt;lambda&gt;5]" time="0.001180887222290039"></testcase><testcase classname="src.pymortests.vectorarray" file="src/pymortests/vectorarray.py" line="886" name="test_imul_wrong_factor[0-&lt;lambda&gt;6]" time="0.0012946128845214844"></testcase><testcase classname="src.pymortests.vectorarray" file="src/pymortests/vectorarray.py" line="886" name="test_imul_wrong_factor[0-&lt;lambda&gt;7]" time="0.0011141300201416016"></testcase><testcase classname="src.pymortests.vectorarray" file="src/pymortests/vectorarray.py" line="886" name="test_imul_wrong_factor[0-&lt;lambda&gt;8]" time="0.0013391971588134766"></testcase><testcase classname="src.pymortests.vectorarray" file="src/pymortests/vectorarray.py" line="886" name="test_imul_wrong_factor[0-&lt;lambda&gt;9]" time="0.0014581680297851562"></testcase><testcase classname="src.pymortests.vectorarray" file="src/pymortests/vectorarray.py" line="886" name="test_imul_wrong_factor[0-&lt;lambda&gt;10]" time="0.0012726783752441406"></testcase><testcase classname="src.pymortests.vectorarray" file="src/pymortests/vectorarray.py" line="886" name="test_imul_wrong_factor[0-&lt;lambda&gt;11]" time="0.0012998580932617188"></testcase><testcase classname="src.pymortests.vectorarray" file="src/pymortests/vectorarray.py" line="886" name="test_imul_wrong_factor[0-&lt;lambda&gt;12]" time="0.0012285709381103516"></testcase><testcase classname="src.pymortests.vectorarray" file="src/pymortests/vectorarray.py" line="886" name="test_imul_wrong_factor[0-&lt;lambda&gt;13]" time="0.001220703125"></testcase><testcase classname="src.pymortests.vectorarray" file="src/pymortests/vectorarray.py" line="886" name="test_imul_wrong_factor[0-&lt;lambda&gt;14]" time="0.0012459754943847656"></testcase><testcase classname="src.pymortests.vectorarray" file="src/pymortests/vectorarray.py" line="886" name="test_imul_wrong_factor[0-&lt;lambda&gt;15]" time="0.001249551773071289"></testcase><testcase classname="src.pymortests.vectorarray" file="src/pymortests/vectorarray.py" line="886" name="test_imul_wrong_factor[0-&lt;lambda&gt;16]" time="0.0012156963348388672"></testcase><testcase classname="src.pymortests.vectorarray" file="src/pymortests/vectorarray.py" line="886" name="test_imul_wrong_factor[0-&lt;lambda&gt;17]" time="0.001497507095336914"></testcase><testcase classname="src.pymortests.vectorarray" file="src/pymortests/vectorarray.py" line="886" name="test_imul_wrong_factor[0-&lt;lambda&gt;18]" time="0.0015261173248291016"></testcase><testcase classname="src.pymortests.vectorarray" file="src/pymortests/vectorarray.py" line="886" name="test_imul_wrong_factor[0-&lt;lambda&gt;19]" time="0.0023963451385498047"></testcase><testcase classname="src.pymortests.vectorarray" file="src/pymortests/vectorarray.py" line="886" name="test_imul_wrong_factor[0-&lt;lambda&gt;20]" time="0.008780479431152344"></testcase><testcase classname="src.pymortests.vectorarray" file="src/pymortests/vectorarray.py" line="886" name="test_imul_wrong_factor[0-&lt;lambda&gt;21]" time="0.01835036277770996"></testcase><testcase classname="src.pymortests.vectorarray" file="src/pymortests/vectorarray.py" line="886" name="test_imul_wrong_factor[0-&lt;lambda&gt;22]" time="0.001705169677734375"></testcase><testcase classname="src.pymortests.vectorarray" file="src/pymortests/vectorarray.py" line="886" name="test_imul_wrong_factor[0-&lt;lambda&gt;23]" time="0.0012509822845458984"></testcase><testcase classname="src.pymortests.vectorarray" file="src/pymortests/vectorarray.py" line="886" name="test_imul_wrong_factor[0-&lt;lambda&gt;24]" time="0.0021719932556152344"></testcase><testcase classname="src.pymortests.vectorarray" file="src/pymortests/vectorarray.py" line="886" name="test_imul_wrong_factor[0-&lt;lambda&gt;25]" time="0.02325296401977539"></testcase><testcase classname="src.pymortests.vectorarray" file="src/pymortests/vectorarray.py" line="886" name="test_imul_wrong_factor[0-&lt;lambda&gt;26]" time="0.052670955657958984"></testcase><testcase classname="src.pymortests.vectorarray" file="src/pymortests/vectorarray.py" line="886" name="test_imul_wrong_factor[1-&lt;lambda&gt;0]" time="0.0017518997192382812"></testcase><testcase classname="src.pymortests.vectorarray" file="src/pymortests/vectorarray.py" line="886" name="test_imul_wrong_factor[1-&lt;lambda&gt;1]" time="0.0012600421905517578"></testcase><testcase classname="src.pymortests.vectorarray" file="src/pymortests/vectorarray.py" line="886" name="test_imul_wrong_factor[1-&lt;lambda&gt;2]" time="0.0011599063873291016"></testcase><testcase classname="src.pymortests.vectorarray" file="src/pymortests/vectorarray.py" line="886" name="test_imul_wrong_factor[1-&lt;lambda&gt;3]" time="0.001199483871459961"></testcase><testcase classname="src.pymortests.vectorarray" file="src/pymortests/vectorarray.py" line="886" name="test_imul_wrong_factor[1-&lt;lambda&gt;4]" time="0.0011110305786132812"></testcase><testcase classname="src.pymortests.vectorarray" file="src/pymortests/vectorarray.py" line="886" name="test_imul_wrong_factor[1-&lt;lambda&gt;5]" time="0.0012066364288330078"></testcase><testcase classname="src.pymortests.vectorarray" file="src/pymortests/vectorarray.py" line="886" name="test_imul_wrong_factor[1-&lt;lambda&gt;6]" time="0.0010900497436523438"></testcase><testcase classname="src.pymortests.vectorarray" file="src/pymortests/vectorarray.py" line="886" name="test_imul_wrong_factor[1-&lt;lambda&gt;7]" time="0.001116037368774414"></testcase><testcase classname="src.pymortests.vectorarray" file="src/pymortests/vectorarray.py" line="886" name="test_imul_wrong_factor[1-&lt;lambda&gt;8]" time="0.0013942718505859375"></testcase><testcase classname="src.pymortests.vectorarray" file="src/pymortests/vectorarray.py" line="886" name="test_imul_wrong_factor[1-&lt;lambda&gt;9]" time="0.0018486976623535156"></testcase><testcase classname="src.pymortests.vectorarray" file="src/pymortests/vectorarray.py" line="886" name="test_imul_wrong_factor[1-&lt;lambda&gt;10]" time="0.0013568401336669922"></testcase><testcase classname="src.pymortests.vectorarray" file="src/pymortests/vectorarray.py" line="886" name="test_imul_wrong_factor[1-&lt;lambda&gt;11]" time="0.0013065338134765625"></testcase><testcase classname="src.pymortests.vectorarray" file="src/pymortests/vectorarray.py" line="886" name="test_imul_wrong_factor[1-&lt;lambda&gt;12]" time="0.0013132095336914062"></testcase><testcase classname="src.pymortests.vectorarray" file="src/pymortests/vectorarray.py" line="886" name="test_imul_wrong_factor[1-&lt;lambda&gt;13]" time="0.001260519027709961"></testcase><testcase classname="src.pymortests.vectorarray" file="src/pymortests/vectorarray.py" line="886" name="test_imul_wrong_factor[1-&lt;lambda&gt;14]" time="0.0012905597686767578"></testcase><testcase classname="src.pymortests.vectorarray" file="src/pymortests/vectorarray.py" line="886" name="test_imul_wrong_factor[1-&lt;lambda&gt;15]" time="0.0014047622680664062"></testcase><testcase classname="src.pymortests.vectorarray" file="src/pymortests/vectorarray.py" line="886" name="test_imul_wrong_factor[1-&lt;lambda&gt;16]" time="0.0013437271118164062"></testcase><testcase classname="src.pymortests.vectorarray" file="src/pymortests/vectorarray.py" line="886" name="test_imul_wrong_factor[1-&lt;lambda&gt;17]" time="0.0016319751739501953"></testcase><testcase classname="src.pymortests.vectorarray" file="src/pymortests/vectorarray.py" line="886" name="test_imul_wrong_factor[1-&lt;lambda&gt;18]" time="0.0016322135925292969"></testcase><testcase classname="src.pymortests.vectorarray" file="src/pymortests/vectorarray.py" line="886" name="test_imul_wrong_factor[1-&lt;lambda&gt;19]" time="0.002546072006225586"></testcase><testcase classname="src.pymortests.vectorarray" file="src/pymortests/vectorarray.py" line="886" name="test_imul_wrong_factor[1-&lt;lambda&gt;20]" time="0.008993864059448242"></testcase><testcase classname="src.pymortests.vectorarray" file="src/pymortests/vectorarray.py" line="886" name="test_imul_wrong_factor[1-&lt;lambda&gt;21]" time="0.018807172775268555"></testcase><testcase classname="src.pymortests.vectorarray" file="src/pymortests/vectorarray.py" line="886" name="test_imul_wrong_factor[1-&lt;lambda&gt;22]" time="0.0018768310546875"></testcase><testcase classname="src.pymortests.vectorarray" file="src/pymortests/vectorarray.py" line="886" name="test_imul_wrong_factor[1-&lt;lambda&gt;23]" time="0.001299142837524414"></testcase><testcase classname="src.pymortests.vectorarray" file="src/pymortests/vectorarray.py" line="886" name="test_imul_wrong_factor[1-&lt;lambda&gt;24]" time="0.002193450927734375"></testcase><testcase classname="src.pymortests.vectorarray" file="src/pymortests/vectorarray.py" line="886" name="test_imul_wrong_factor[1-&lt;lambda&gt;25]" time="0.023286104202270508"></testcase><testcase classname="src.pymortests.vectorarray" file="src/pymortests/vectorarray.py" line="886" name="test_imul_wrong_factor[1-&lt;lambda&gt;26]" time="0.0532839298248291"></testcase><testcase classname="src.pymortests.vectorarray" file="src/pymortests/vectorarray.py" line="886" name="test_imul_wrong_factor[2-&lt;lambda&gt;0]" time="0.0017299652099609375"></testcase><testcase classname="src.pymortests.vectorarray" file="src/pymortests/vectorarray.py" line="886" name="test_imul_wrong_factor[2-&lt;lambda&gt;1]" time="0.001188039779663086"></testcase><testcase classname="src.pymortests.vectorarray" file="src/pymortests/vectorarray.py" line="886" name="test_imul_wrong_factor[2-&lt;lambda&gt;2]" time="0.0011720657348632812"></testcase><testcase classname="src.pymortests.vectorarray" file="src/pymortests/vectorarray.py" line="886" name="test_imul_wrong_factor[2-&lt;lambda&gt;3]" time="0.001210927963256836"></testcase><testcase classname="src.pymortests.vectorarray" file="src/pymortests/vectorarray.py" line="886" name="test_imul_wrong_factor[2-&lt;lambda&gt;4]" time="0.0011069774627685547"></testcase><testcase classname="src.pymortests.vectorarray" file="src/pymortests/vectorarray.py" line="886" name="test_imul_wrong_factor[2-&lt;lambda&gt;5]" time="0.001104116439819336"></testcase><testcase classname="src.pymortests.vectorarray" file="src/pymortests/vectorarray.py" line="886" name="test_imul_wrong_factor[2-&lt;lambda&gt;6]" time="0.0011005401611328125"></testcase><testcase classname="src.pymortests.vectorarray" file="src/pymortests/vectorarray.py" line="886" name="test_imul_wrong_factor[2-&lt;lambda&gt;7]" time="0.0011930465698242188"></testcase><testcase classname="src.pymortests.vectorarray" file="src/pymortests/vectorarray.py" line="886" name="test_imul_wrong_factor[2-&lt;lambda&gt;8]" time="0.001384735107421875"></testcase><testcase classname="src.pymortests.vectorarray" file="src/pymortests/vectorarray.py" line="886" name="test_imul_wrong_factor[2-&lt;lambda&gt;9]" time="0.00180816650390625"></testcase><testcase classname="src.pymortests.vectorarray" file="src/pymortests/vectorarray.py" line="886" name="test_imul_wrong_factor[2-&lt;lambda&gt;10]" time="0.0012836456298828125"></testcase><testcase classname="src.pymortests.vectorarray" file="src/pymortests/vectorarray.py" line="886" name="test_imul_wrong_factor[2-&lt;lambda&gt;11]" time="0.0012698173522949219"></testcase><testcase classname="src.pymortests.vectorarray" file="src/pymortests/vectorarray.py" line="886" name="test_imul_wrong_factor[2-&lt;lambda&gt;12]" time="0.0012395381927490234"></testcase><testcase classname="src.pymortests.vectorarray" file="src/pymortests/vectorarray.py" line="886" name="test_imul_wrong_factor[2-&lt;lambda&gt;13]" time="0.0011773109436035156"></testcase><testcase classname="src.pymortests.vectorarray" file="src/pymortests/vectorarray.py" line="886" name="test_imul_wrong_factor[2-&lt;lambda&gt;14]" time="0.001325845718383789"></testcase><testcase classname="src.pymortests.vectorarray" file="src/pymortests/vectorarray.py" line="886" name="test_imul_wrong_factor[2-&lt;lambda&gt;15]" time="0.0013248920440673828"></testcase><testcase classname="src.pymortests.vectorarray" file="src/pymortests/vectorarray.py" line="886" name="test_imul_wrong_factor[2-&lt;lambda&gt;16]" time="0.001337289810180664"></testcase><testcase classname="src.pymortests.vectorarray" file="src/pymortests/vectorarray.py" line="886" name="test_imul_wrong_factor[2-&lt;lambda&gt;17]" time="0.0015594959259033203"></testcase><testcase classname="src.pymortests.vectorarray" file="src/pymortests/vectorarray.py" line="886" name="test_imul_wrong_factor[2-&lt;lambda&gt;18]" time="0.0015163421630859375"></testcase><testcase classname="src.pymortests.vectorarray" file="src/pymortests/vectorarray.py" line="886" name="test_imul_wrong_factor[2-&lt;lambda&gt;19]" time="0.00244903564453125"></testcase><testcase classname="src.pymortests.vectorarray" file="src/pymortests/vectorarray.py" line="886" name="test_imul_wrong_factor[2-&lt;lambda&gt;20]" time="0.008829832077026367"></testcase><testcase classname="src.pymortests.vectorarray" file="src/pymortests/vectorarray.py" line="886" name="test_imul_wrong_factor[2-&lt;lambda&gt;21]" time="0.018674135208129883"></testcase><testcase classname="src.pymortests.vectorarray" file="src/pymortests/vectorarray.py" line="886" name="test_imul_wrong_factor[2-&lt;lambda&gt;22]" time="0.0017750263214111328"></testcase><testcase classname="src.pymortests.vectorarray" file="src/pymortests/vectorarray.py" line="886" name="test_imul_wrong_factor[2-&lt;lambda&gt;23]" time="0.0012564659118652344"></testcase><testcase classname="src.pymortests.vectorarray" file="src/pymortests/vectorarray.py" line="886" name="test_imul_wrong_factor[2-&lt;lambda&gt;24]" time="0.0022149085998535156"></testcase><testcase classname="src.pymortests.vectorarray" file="src/pymortests/vectorarray.py" line="886" name="test_imul_wrong_factor[2-&lt;lambda&gt;25]" time="0.024018049240112305"></testcase><testcase classname="src.pymortests.vectorarray" file="src/pymortests/vectorarray.py" line="886" name="test_imul_wrong_factor[2-&lt;lambda&gt;26]" time="0.05704760551452637"></testcase><testcase classname="src.pymortests.vectorarray" file="src/pymortests/vectorarray.py" line="895" name="test_append_incompatible[&lt;lambda&gt;0]" time="0.0015366077423095703"></testcase><testcase classname="src.pymortests.vectorarray" file="src/pymortests/vectorarray.py" line="895" name="test_append_incompatible[&lt;lambda&gt;1]" time="0.0011112689971923828"></testcase><testcase classname="src.pymortests.vectorarray" file="src/pymortests/vectorarray.py" line="895" name="test_append_incompatible[&lt;lambda&gt;2]" time="0.0010592937469482422"></testcase><testcase classname="src.pymortests.vectorarray" file="src/pymortests/vectorarray.py" line="895" name="test_append_incompatible[&lt;lambda&gt;3]" time="0.0010597705841064453"></testcase><testcase classname="src.pymortests.vectorarray" file="src/pymortests/vectorarray.py" line="895" name="test_append_incompatible[&lt;lambda&gt;4]" time="0.000995635986328125"></testcase><testcase classname="src.pymortests.vectorarray" file="src/pymortests/vectorarray.py" line="895" name="test_append_incompatible[&lt;lambda&gt;5]" time="0.0009889602661132812"></testcase><testcase classname="src.pymortests.vectorarray" file="src/pymortests/vectorarray.py" line="895" name="test_append_incompatible[&lt;lambda&gt;6]" time="0.0010986328125"></testcase><testcase classname="src.pymortests.vectorarray" file="src/pymortests/vectorarray.py" line="895" name="test_append_incompatible[&lt;lambda&gt;7]" time="0.0010426044464111328"></testcase><testcase classname="src.pymortests.vectorarray" file="src/pymortests/vectorarray.py" line="895" name="test_append_incompatible[&lt;lambda&gt;8]" time="0.0016217231750488281"></testcase><testcase classname="src.pymortests.vectorarray" file="src/pymortests/vectorarray.py" line="895" name="test_append_incompatible[&lt;lambda&gt;9]" time="0.002649068832397461"></testcase><testcase classname="src.pymortests.vectorarray" file="src/pymortests/vectorarray.py" line="895" name="test_append_incompatible[&lt;lambda&gt;10]" time="0.0013282299041748047"></testcase><testcase classname="src.pymortests.vectorarray" file="src/pymortests/vectorarray.py" line="895" name="test_append_incompatible[&lt;lambda&gt;11]" time="0.0012006759643554688"></testcase><testcase classname="src.pymortests.vectorarray" file="src/pymortests/vectorarray.py" line="895" name="test_append_incompatible[&lt;lambda&gt;12]" time="0.0013453960418701172"></testcase><testcase classname="src.pymortests.vectorarray" file="src/pymortests/vectorarray.py" line="895" name="test_append_incompatible[&lt;lambda&gt;13]" time="0.0013017654418945312"></testcase><testcase classname="src.pymortests.vectorarray" file="src/pymortests/vectorarray.py" line="895" name="test_append_incompatible[&lt;lambda&gt;14]" time="0.0013532638549804688"></testcase><testcase classname="src.pymortests.vectorarray" file="src/pymortests/vectorarray.py" line="895" name="test_append_incompatible[&lt;lambda&gt;15]" time="0.0016527175903320312"></testcase><testcase classname="src.pymortests.vectorarray" file="src/pymortests/vectorarray.py" line="895" name="test_append_incompatible[&lt;lambda&gt;16]" time="0.0017671585083007812"></testcase><testcase classname="src.pymortests.vectorarray" file="src/pymortests/vectorarray.py" line="895" name="test_append_incompatible[&lt;lambda&gt;17]" time="0.0018198490142822266"></testcase><testcase classname="src.pymortests.vectorarray" file="src/pymortests/vectorarray.py" line="895" name="test_append_incompatible[&lt;lambda&gt;18]" time="0.030101776123046875"></testcase><testcase classname="src.pymortests.vectorarray" file="src/pymortests/vectorarray.py" line="895" name="test_append_incompatible[&lt;lambda&gt;19]" time="0.20128273963928223"></testcase><testcase classname="src.pymortests.vectorarray" file="src/pymortests/vectorarray.py" line="895" name="test_append_incompatible[&lt;lambda&gt;20]" time="0.003808259963989258"><system-out> set global mesh
 set global mesh
 Update mesh topology
 Update edges 
 Update faces 
 Update clusters
</system-out></testcase><testcase classname="src.pymortests.vectorarray" file="src/pymortests/vectorarray.py" line="895" name="test_append_incompatible[&lt;lambda&gt;21]" time="0.003476858139038086"><system-out> set global mesh
 set global mesh
 Update mesh topology
 Update edges 
 Update faces 
 Update clusters
</system-out></testcase><testcase classname="src.pymortests.vectorarray" file="src/pymortests/vectorarray.py" line="895" name="test_append_incompatible[&lt;lambda&gt;22]" time="0.0023620128631591797"></testcase><testcase classname="src.pymortests.vectorarray" file="src/pymortests/vectorarray.py" line="895" name="test_append_incompatible[&lt;lambda&gt;23]" time="0.029207944869995117"><system-out> set global mesh
 set global mesh
 Update mesh topology
 Update edges 
 Update faces 
 Update clusters
</system-out></testcase><testcase classname="src.pymortests.vectorarray" file="src/pymortests/vectorarray.py" line="895" name="test_append_incompatible[&lt;lambda&gt;24]" time="0.060260772705078125"><system-out> set global mesh
 set global mesh
 Update mesh topology
 Update edges 
 Update faces 
 Update clusters
</system-out></testcase><testcase classname="src.pymortests.vectorarray" file="src/pymortests/vectorarray.py" line="906" name="test_axpy_incompatible[&lt;lambda&gt;0]" time="0.003258943557739258"></testcase><testcase classname="src.pymortests.vectorarray" file="src/pymortests/vectorarray.py" line="906" name="test_axpy_incompatible[&lt;lambda&gt;1]" time="0.0013363361358642578"></testcase><testcase classname="src.pymortests.vectorarray" file="src/pymortests/vectorarray.py" line="906" name="test_axpy_incompatible[&lt;lambda&gt;2]" time="0.00397038459777832"></testcase><testcase classname="src.pymortests.vectorarray" file="src/pymortests/vectorarray.py" line="906" name="test_axpy_incompatible[&lt;lambda&gt;3]" time="0.0036618709564208984"></testcase><testcase classname="src.pymortests.vectorarray" file="src/pymortests/vectorarray.py" line="906" name="test_axpy_incompatible[&lt;lambda&gt;4]" time="0.0038301944732666016"></testcase><testcase classname="src.pymortests.vectorarray" file="src/pymortests/vectorarray.py" line="906" name="test_axpy_incompatible[&lt;lambda&gt;5]" time="0.0022499561309814453"></testcase><testcase classname="src.pymortests.vectorarray" file="src/pymortests/vectorarray.py" line="906" name="test_axpy_incompatible[&lt;lambda&gt;6]" time="0.0013301372528076172"></testcase><testcase classname="src.pymortests.vectorarray" file="src/pymortests/vectorarray.py" line="906" name="test_axpy_incompatible[&lt;lambda&gt;7]" time="0.004405498504638672"></testcase><testcase classname="src.pymortests.vectorarray" file="src/pymortests/vectorarray.py" line="906" name="test_axpy_incompatible[&lt;lambda&gt;8]" time="0.009369373321533203"></testcase><testcase classname="src.pymortests.vectorarray" file="src/pymortests/vectorarray.py" line="906" name="test_axpy_incompatible[&lt;lambda&gt;9]" time="0.01667618751525879"></testcase><testcase classname="src.pymortests.vectorarray" file="src/pymortests/vectorarray.py" line="906" name="test_axpy_incompatible[&lt;lambda&gt;10]" time="0.004898786544799805"></testcase><testcase classname="src.pymortests.vectorarray" file="src/pymortests/vectorarray.py" line="906" name="test_axpy_incompatible[&lt;lambda&gt;11]" time="0.001558065414428711"></testcase><testcase classname="src.pymortests.vectorarray" file="src/pymortests/vectorarray.py" line="906" name="test_axpy_incompatible[&lt;lambda&gt;12]" time="0.008454561233520508"></testcase><testcase classname="src.pymortests.vectorarray" file="src/pymortests/vectorarray.py" line="906" name="test_axpy_incompatible[&lt;lambda&gt;13]" time="0.006231784820556641"></testcase><testcase classname="src.pymortests.vectorarray" file="src/pymortests/vectorarray.py" line="906" name="test_axpy_incompatible[&lt;lambda&gt;14]" time="0.007919788360595703"></testcase><testcase classname="src.pymortests.vectorarray" file="src/pymortests/vectorarray.py" line="906" name="test_axpy_incompatible[&lt;lambda&gt;15]" time="0.0029916763305664062"></testcase><testcase classname="src.pymortests.vectorarray" file="src/pymortests/vectorarray.py" line="906" name="test_axpy_incompatible[&lt;lambda&gt;16]" time="0.0020627975463867188"></testcase><testcase classname="src.pymortests.vectorarray" file="src/pymortests/vectorarray.py" line="906" name="test_axpy_incompatible[&lt;lambda&gt;17]" time="0.005734682083129883"></testcase><testcase classname="src.pymortests.vectorarray" file="src/pymortests/vectorarray.py" line="906" name="test_axpy_incompatible[&lt;lambda&gt;18]" time="0.03716540336608887"></testcase><testcase classname="src.pymortests.vectorarray" file="src/pymortests/vectorarray.py" line="906" name="test_axpy_incompatible[&lt;lambda&gt;19]" time="0.036652565002441406"></testcase><testcase classname="src.pymortests.vectorarray" file="src/pymortests/vectorarray.py" line="906" name="test_axpy_incompatible[&lt;lambda&gt;20]" time="0.002984762191772461"></testcase><testcase classname="src.pymortests.vectorarray" file="src/pymortests/vectorarray.py" line="906" name="test_axpy_incompatible[&lt;lambda&gt;21]" time="0.002203226089477539"></testcase><testcase classname="src.pymortests.vectorarray" file="src/pymortests/vectorarray.py" line="906" name="test_axpy_incompatible[&lt;lambda&gt;22]" time="0.0059850215911865234"></testcase><testcase classname="src.pymortests.vectorarray" file="src/pymortests/vectorarray.py" line="906" name="test_axpy_incompatible[&lt;lambda&gt;23]" time="0.03599071502685547"></testcase><testcase classname="src.pymortests.vectorarray" file="src/pymortests/vectorarray.py" line="906" name="test_axpy_incompatible[&lt;lambda&gt;24]" time="0.07324028015136719"></testcase><testcase classname="src.pymortests.vectorarray" file="src/pymortests/vectorarray.py" line="923" name="test_dot_incompatible[&lt;lambda&gt;0]" time="0.0020360946655273438"></testcase><testcase classname="src.pymortests.vectorarray" file="src/pymortests/vectorarray.py" line="923" name="test_dot_incompatible[&lt;lambda&gt;1]" time="0.0011713504791259766"></testcase><testcase classname="src.pymortests.vectorarray" file="src/pymortests/vectorarray.py" line="923" name="test_dot_incompatible[&lt;lambda&gt;2]" time="0.0019049644470214844"></testcase><testcase classname="src.pymortests.vectorarray" file="src/pymortests/vectorarray.py" line="923" name="test_dot_incompatible[&lt;lambda&gt;3]" time="0.0017552375793457031"></testcase><testcase classname="src.pymortests.vectorarray" file="src/pymortests/vectorarray.py" line="923" name="test_dot_incompatible[&lt;lambda&gt;4]" time="0.0018398761749267578"></testcase><testcase classname="src.pymortests.vectorarray" file="src/pymortests/vectorarray.py" line="923" name="test_dot_incompatible[&lt;lambda&gt;5]" time="0.001390695571899414"></testcase><testcase classname="src.pymortests.vectorarray" file="src/pymortests/vectorarray.py" line="923" name="test_dot_incompatible[&lt;lambda&gt;6]" time="0.0011103153228759766"></testcase><testcase classname="src.pymortests.vectorarray" file="src/pymortests/vectorarray.py" line="923" name="test_dot_incompatible[&lt;lambda&gt;7]" time="0.0020210742950439453"></testcase><testcase classname="src.pymortests.vectorarray" file="src/pymortests/vectorarray.py" line="923" name="test_dot_incompatible[&lt;lambda&gt;8]" time="0.0034580230712890625"></testcase><testcase classname="src.pymortests.vectorarray" file="src/pymortests/vectorarray.py" line="923" name="test_dot_incompatible[&lt;lambda&gt;9]" time="0.005486011505126953"></testcase><testcase classname="src.pymortests.vectorarray" file="src/pymortests/vectorarray.py" line="923" name="test_dot_incompatible[&lt;lambda&gt;10]" time="0.0019040107727050781"></testcase><testcase classname="src.pymortests.vectorarray" file="src/pymortests/vectorarray.py" line="923" name="test_dot_incompatible[&lt;lambda&gt;11]" time="0.0012443065643310547"></testcase><testcase classname="src.pymortests.vectorarray" file="src/pymortests/vectorarray.py" line="923" name="test_dot_incompatible[&lt;lambda&gt;12]" time="0.0032134056091308594"></testcase><testcase classname="src.pymortests.vectorarray" file="src/pymortests/vectorarray.py" line="923" name="test_dot_incompatible[&lt;lambda&gt;13]" time="0.0026803016662597656"></testcase><testcase classname="src.pymortests.vectorarray" file="src/pymortests/vectorarray.py" line="923" name="test_dot_incompatible[&lt;lambda&gt;14]" time="0.0031557083129882812"></testcase><testcase classname="src.pymortests.vectorarray" file="src/pymortests/vectorarray.py" line="923" name="test_dot_incompatible[&lt;lambda&gt;15]" time="0.002076387405395508"></testcase><testcase classname="src.pymortests.vectorarray" file="src/pymortests/vectorarray.py" line="923" name="test_dot_incompatible[&lt;lambda&gt;16]" time="0.0019373893737792969"></testcase><testcase classname="src.pymortests.vectorarray" file="src/pymortests/vectorarray.py" line="923" name="test_dot_incompatible[&lt;lambda&gt;17]" time="0.0029764175415039062"></testcase><testcase classname="src.pymortests.vectorarray" file="src/pymortests/vectorarray.py" line="923" name="test_dot_incompatible[&lt;lambda&gt;18]" time="0.03096795082092285"></testcase><testcase classname="src.pymortests.vectorarray" file="src/pymortests/vectorarray.py" line="923" name="test_dot_incompatible[&lt;lambda&gt;19]" time="0.028629302978515625"></testcase><testcase classname="src.pymortests.vectorarray" file="src/pymortests/vectorarray.py" line="923" name="test_dot_incompatible[&lt;lambda&gt;20]" time="0.0019345283508300781"></testcase><testcase classname="src.pymortests.vectorarray" file="src/pymortests/vectorarray.py" line="923" name="test_dot_incompatible[&lt;lambda&gt;21]" time="0.0020513534545898438"></testcase><testcase classname="src.pymortests.vectorarray" file="src/pymortests/vectorarray.py" line="923" name="test_dot_incompatible[&lt;lambda&gt;22]" time="0.003590106964111328"></testcase><testcase classname="src.pymortests.vectorarray" file="src/pymortests/vectorarray.py" line="923" name="test_dot_incompatible[&lt;lambda&gt;23]" time="0.029842853546142578"></testcase><testcase classname="src.pymortests.vectorarray" file="src/pymortests/vectorarray.py" line="923" name="test_dot_incompatible[&lt;lambda&gt;24]" time="0.061954498291015625"></testcase><testcase classname="src.pymortests.vectorarray" file="src/pymortests/vectorarray.py" line="931" name="test_pairwise_dot_incompatible[&lt;lambda&gt;0]" time="0.002035379409790039"></testcase><testcase classname="src.pymortests.vectorarray" file="src/pymortests/vectorarray.py" line="931" name="test_pairwise_dot_incompatible[&lt;lambda&gt;1]" time="0.0011985301971435547"></testcase><testcase classname="src.pymortests.vectorarray" file="src/pymortests/vectorarray.py" line="931" name="test_pairwise_dot_incompatible[&lt;lambda&gt;2]" time="0.0019252300262451172"></testcase><testcase classname="src.pymortests.vectorarray" file="src/pymortests/vectorarray.py" line="931" name="test_pairwise_dot_incompatible[&lt;lambda&gt;3]" time="0.0018067359924316406"></testcase><testcase classname="src.pymortests.vectorarray" file="src/pymortests/vectorarray.py" line="931" name="test_pairwise_dot_incompatible[&lt;lambda&gt;4]" time="0.001878499984741211"></testcase><testcase classname="src.pymortests.vectorarray" file="src/pymortests/vectorarray.py" line="931" name="test_pairwise_dot_incompatible[&lt;lambda&gt;5]" time="0.0013043880462646484"></testcase><testcase classname="src.pymortests.vectorarray" file="src/pymortests/vectorarray.py" line="931" name="test_pairwise_dot_incompatible[&lt;lambda&gt;6]" time="0.0010857582092285156"></testcase><testcase classname="src.pymortests.vectorarray" file="src/pymortests/vectorarray.py" line="931" name="test_pairwise_dot_incompatible[&lt;lambda&gt;7]" time="0.001987934112548828"></testcase><testcase classname="src.pymortests.vectorarray" file="src/pymortests/vectorarray.py" line="931" name="test_pairwise_dot_incompatible[&lt;lambda&gt;8]" time="0.0034325122833251953"></testcase><testcase classname="src.pymortests.vectorarray" file="src/pymortests/vectorarray.py" line="931" name="test_pairwise_dot_incompatible[&lt;lambda&gt;9]" time="0.005382537841796875"></testcase><testcase classname="src.pymortests.vectorarray" file="src/pymortests/vectorarray.py" line="931" name="test_pairwise_dot_incompatible[&lt;lambda&gt;10]" time="0.0019690990447998047"></testcase><testcase classname="src.pymortests.vectorarray" file="src/pymortests/vectorarray.py" line="931" name="test_pairwise_dot_incompatible[&lt;lambda&gt;11]" time="0.0013284683227539062"></testcase><testcase classname="src.pymortests.vectorarray" file="src/pymortests/vectorarray.py" line="931" name="test_pairwise_dot_incompatible[&lt;lambda&gt;12]" time="0.0033233165740966797"></testcase><testcase classname="src.pymortests.vectorarray" file="src/pymortests/vectorarray.py" line="931" name="test_pairwise_dot_incompatible[&lt;lambda&gt;13]" time="0.0028808116912841797"></testcase><testcase classname="src.pymortests.vectorarray" file="src/pymortests/vectorarray.py" line="931" name="test_pairwise_dot_incompatible[&lt;lambda&gt;14]" time="0.0031533241271972656"></testcase><testcase classname="src.pymortests.vectorarray" file="src/pymortests/vectorarray.py" line="931" name="test_pairwise_dot_incompatible[&lt;lambda&gt;15]" time="0.002029895782470703"></testcase><testcase classname="src.pymortests.vectorarray" file="src/pymortests/vectorarray.py" line="931" name="test_pairwise_dot_incompatible[&lt;lambda&gt;16]" time="0.0017845630645751953"></testcase><testcase classname="src.pymortests.vectorarray" file="src/pymortests/vectorarray.py" line="931" name="test_pairwise_dot_incompatible[&lt;lambda&gt;17]" time="0.0029726028442382812"></testcase><testcase classname="src.pymortests.vectorarray" file="src/pymortests/vectorarray.py" line="931" name="test_pairwise_dot_incompatible[&lt;lambda&gt;18]" time="0.03046274185180664"></testcase><testcase classname="src.pymortests.vectorarray" file="src/pymortests/vectorarray.py" line="931" name="test_pairwise_dot_incompatible[&lt;lambda&gt;19]" time="0.02561354637145996"></testcase><testcase classname="src.pymortests.vectorarray" file="src/pymortests/vectorarray.py" line="931" name="test_pairwise_dot_incompatible[&lt;lambda&gt;20]" time="0.0019273757934570312"></testcase><testcase classname="src.pymortests.vectorarray" file="src/pymortests/vectorarray.py" line="931" name="test_pairwise_dot_incompatible[&lt;lambda&gt;21]" time="0.002080678939819336"></testcase><testcase classname="src.pymortests.vectorarray" file="src/pymortests/vectorarray.py" line="931" name="test_pairwise_dot_incompatible[&lt;lambda&gt;22]" time="0.003631591796875"></testcase><testcase classname="src.pymortests.vectorarray" file="src/pymortests/vectorarray.py" line="931" name="test_pairwise_dot_incompatible[&lt;lambda&gt;23]" time="0.02984762191772461"></testcase><testcase classname="src.pymortests.vectorarray" file="src/pymortests/vectorarray.py" line="931" name="test_pairwise_dot_incompatible[&lt;lambda&gt;24]" time="0.06197476387023926"></testcase><testcase classname="src.pymortests.vectorarray" file="src/pymortests/vectorarray.py" line="939" name="test_add_incompatible[&lt;lambda&gt;0]" time="0.0015735626220703125"></testcase><testcase classname="src.pymortests.vectorarray" file="src/pymortests/vectorarray.py" line="939" name="test_add_incompatible[&lt;lambda&gt;1]" time="0.0011553764343261719"></testcase><testcase classname="src.pymortests.vectorarray" file="src/pymortests/vectorarray.py" line="939" name="test_add_incompatible[&lt;lambda&gt;2]" time="0.0011174678802490234"></testcase><testcase classname="src.pymortests.vectorarray" file="src/pymortests/vectorarray.py" line="939" name="test_add_incompatible[&lt;lambda&gt;3]" time="0.0012581348419189453"></testcase><testcase classname="src.pymortests.vectorarray" file="src/pymortests/vectorarray.py" line="939" name="test_add_incompatible[&lt;lambda&gt;4]" time="0.0010304450988769531"></testcase><testcase classname="src.pymortests.vectorarray" file="src/pymortests/vectorarray.py" line="939" name="test_add_incompatible[&lt;lambda&gt;5]" time="0.0010418891906738281"></testcase><testcase classname="src.pymortests.vectorarray" file="src/pymortests/vectorarray.py" line="939" name="test_add_incompatible[&lt;lambda&gt;6]" time="0.0010311603546142578"></testcase><testcase classname="src.pymortests.vectorarray" file="src/pymortests/vectorarray.py" line="939" name="test_add_incompatible[&lt;lambda&gt;7]" time="0.0010294914245605469"></testcase><testcase classname="src.pymortests.vectorarray" file="src/pymortests/vectorarray.py" line="939" name="test_add_incompatible[&lt;lambda&gt;8]" time="0.0013718605041503906"></testcase><testcase classname="src.pymortests.vectorarray" file="src/pymortests/vectorarray.py" line="939" name="test_add_incompatible[&lt;lambda&gt;9]" time="0.0017137527465820312"></testcase><testcase classname="src.pymortests.vectorarray" file="src/pymortests/vectorarray.py" line="939" name="test_add_incompatible[&lt;lambda&gt;10]" time="0.001264810562133789"></testcase><testcase classname="src.pymortests.vectorarray" file="src/pymortests/vectorarray.py" line="939" name="test_add_incompatible[&lt;lambda&gt;11]" time="0.0011811256408691406"></testcase><testcase classname="src.pymortests.vectorarray" file="src/pymortests/vectorarray.py" line="939" name="test_add_incompatible[&lt;lambda&gt;12]" time="0.0012671947479248047"></testcase><testcase classname="src.pymortests.vectorarray" file="src/pymortests/vectorarray.py" line="939" name="test_add_incompatible[&lt;lambda&gt;13]" time="0.0012857913970947266"></testcase><testcase classname="src.pymortests.vectorarray" file="src/pymortests/vectorarray.py" line="939" name="test_add_incompatible[&lt;lambda&gt;14]" time="0.0012917518615722656"></testcase><testcase classname="src.pymortests.vectorarray" file="src/pymortests/vectorarray.py" line="939" name="test_add_incompatible[&lt;lambda&gt;15]" time="0.0016779899597167969"></testcase><testcase classname="src.pymortests.vectorarray" file="src/pymortests/vectorarray.py" line="939" name="test_add_incompatible[&lt;lambda&gt;16]" time="0.0018482208251953125"></testcase><testcase classname="src.pymortests.vectorarray" file="src/pymortests/vectorarray.py" line="939" name="test_add_incompatible[&lt;lambda&gt;17]" time="0.0018215179443359375"></testcase><testcase classname="src.pymortests.vectorarray" file="src/pymortests/vectorarray.py" line="939" name="test_add_incompatible[&lt;lambda&gt;18]" time="0.028281450271606445"></testcase><testcase classname="src.pymortests.vectorarray" file="src/pymortests/vectorarray.py" line="939" name="test_add_incompatible[&lt;lambda&gt;19]" time="0.022127389907836914"></testcase><testcase classname="src.pymortests.vectorarray" file="src/pymortests/vectorarray.py" line="939" name="test_add_incompatible[&lt;lambda&gt;20]" time="0.0014820098876953125"></testcase><testcase classname="src.pymortests.vectorarray" file="src/pymortests/vectorarray.py" line="939" name="test_add_incompatible[&lt;lambda&gt;21]" time="0.0020825862884521484"></testcase><testcase classname="src.pymortests.vectorarray" file="src/pymortests/vectorarray.py" line="939" name="test_add_incompatible[&lt;lambda&gt;22]" time="0.002607583999633789"></testcase><testcase classname="src.pymortests.vectorarray" file="src/pymortests/vectorarray.py" line="939" name="test_add_incompatible[&lt;lambda&gt;23]" time="0.027512073516845703"></testcase><testcase classname="src.pymortests.vectorarray" file="src/pymortests/vectorarray.py" line="939" name="test_add_incompatible[&lt;lambda&gt;24]" time="0.05855560302734375"></testcase><testcase classname="src.pymortests.vectorarray" file="src/pymortests/vectorarray.py" line="945" name="test_iadd_incompatible[&lt;lambda&gt;0]" time="0.0015985965728759766"></testcase><testcase classname="src.pymortests.vectorarray" file="src/pymortests/vectorarray.py" line="945" name="test_iadd_incompatible[&lt;lambda&gt;1]" time="0.0012769699096679688"></testcase><testcase classname="src.pymortests.vectorarray" file="src/pymortests/vectorarray.py" line="945" name="test_iadd_incompatible[&lt;lambda&gt;2]" time="0.0010521411895751953"></testcase><testcase classname="src.pymortests.vectorarray" file="src/pymortests/vectorarray.py" line="945" name="test_iadd_incompatible[&lt;lambda&gt;3]" time="0.0010809898376464844"></testcase><testcase classname="src.pymortests.vectorarray" file="src/pymortests/vectorarray.py" line="945" name="test_iadd_incompatible[&lt;lambda&gt;4]" time="0.0009942054748535156"></testcase><testcase classname="src.pymortests.vectorarray" file="src/pymortests/vectorarray.py" line="945" name="test_iadd_incompatible[&lt;lambda&gt;5]" time="0.001062154769897461"></testcase><testcase classname="src.pymortests.vectorarray" file="src/pymortests/vectorarray.py" line="945" name="test_iadd_incompatible[&lt;lambda&gt;6]" time="0.0010166168212890625"></testcase><testcase classname="src.pymortests.vectorarray" file="src/pymortests/vectorarray.py" line="945" name="test_iadd_incompatible[&lt;lambda&gt;7]" time="0.0009927749633789062"></testcase><testcase classname="src.pymortests.vectorarray" file="src/pymortests/vectorarray.py" line="945" name="test_iadd_incompatible[&lt;lambda&gt;8]" time="0.0011491775512695312"></testcase><testcase classname="src.pymortests.vectorarray" file="src/pymortests/vectorarray.py" line="945" name="test_iadd_incompatible[&lt;lambda&gt;9]" time="0.001338958740234375"></testcase><testcase classname="src.pymortests.vectorarray" file="src/pymortests/vectorarray.py" line="945" name="test_iadd_incompatible[&lt;lambda&gt;10]" time="0.0011706352233886719"></testcase><testcase classname="src.pymortests.vectorarray" file="src/pymortests/vectorarray.py" line="945" name="test_iadd_incompatible[&lt;lambda&gt;11]" time="0.0011186599731445312"></testcase><testcase classname="src.pymortests.vectorarray" file="src/pymortests/vectorarray.py" line="945" name="test_iadd_incompatible[&lt;lambda&gt;12]" time="0.0011878013610839844"></testcase><testcase classname="src.pymortests.vectorarray" file="src/pymortests/vectorarray.py" line="945" name="test_iadd_incompatible[&lt;lambda&gt;13]" time="0.0011820793151855469"></testcase><testcase classname="src.pymortests.vectorarray" file="src/pymortests/vectorarray.py" line="945" name="test_iadd_incompatible[&lt;lambda&gt;14]" time="0.0012438297271728516"></testcase><testcase classname="src.pymortests.vectorarray" file="src/pymortests/vectorarray.py" line="945" name="test_iadd_incompatible[&lt;lambda&gt;15]" time="0.0016934871673583984"></testcase><testcase classname="src.pymortests.vectorarray" file="src/pymortests/vectorarray.py" line="945" name="test_iadd_incompatible[&lt;lambda&gt;16]" time="0.0017006397247314453"></testcase><testcase classname="src.pymortests.vectorarray" file="src/pymortests/vectorarray.py" line="945" name="test_iadd_incompatible[&lt;lambda&gt;17]" time="0.0017712116241455078"></testcase><testcase classname="src.pymortests.vectorarray" file="src/pymortests/vectorarray.py" line="945" name="test_iadd_incompatible[&lt;lambda&gt;18]" time="0.028459787368774414"></testcase><testcase classname="src.pymortests.vectorarray" file="src/pymortests/vectorarray.py" line="945" name="test_iadd_incompatible[&lt;lambda&gt;19]" time="0.02060842514038086"></testcase><testcase classname="src.pymortests.vectorarray" file="src/pymortests/vectorarray.py" line="945" name="test_iadd_incompatible[&lt;lambda&gt;20]" time="0.0014960765838623047"></testcase><testcase classname="src.pymortests.vectorarray" file="src/pymortests/vectorarray.py" line="945" name="test_iadd_incompatible[&lt;lambda&gt;21]" time="0.002011537551879883"></testcase><testcase classname="src.pymortests.vectorarray" file="src/pymortests/vectorarray.py" line="945" name="test_iadd_incompatible[&lt;lambda&gt;22]" time="0.002674579620361328"></testcase><testcase classname="src.pymortests.vectorarray" file="src/pymortests/vectorarray.py" line="945" name="test_iadd_incompatible[&lt;lambda&gt;23]" time="0.02762293815612793"></testcase><testcase classname="src.pymortests.vectorarray" file="src/pymortests/vectorarray.py" line="945" name="test_iadd_incompatible[&lt;lambda&gt;24]" time="0.05812644958496094"></testcase><testcase classname="src.pymortests.vectorarray" file="src/pymortests/vectorarray.py" line="951" name="test_sub_incompatible[&lt;lambda&gt;0]" time="0.0016334056854248047"></testcase><testcase classname="src.pymortests.vectorarray" file="src/pymortests/vectorarray.py" line="951" name="test_sub_incompatible[&lt;lambda&gt;1]" time="0.0011320114135742188"></testcase><testcase classname="src.pymortests.vectorarray" file="src/pymortests/vectorarray.py" line="951" name="test_sub_incompatible[&lt;lambda&gt;2]" time="0.0010271072387695312"></testcase><testcase classname="src.pymortests.vectorarray" file="src/pymortests/vectorarray.py" line="951" name="test_sub_incompatible[&lt;lambda&gt;3]" time="0.0010743141174316406"></testcase><testcase classname="src.pymortests.vectorarray" file="src/pymortests/vectorarray.py" line="951" name="test_sub_incompatible[&lt;lambda&gt;4]" time="0.0009889602661132812"></testcase><testcase classname="src.pymortests.vectorarray" file="src/pymortests/vectorarray.py" line="951" name="test_sub_incompatible[&lt;lambda&gt;5]" time="0.0010218620300292969"></testcase><testcase classname="src.pymortests.vectorarray" file="src/pymortests/vectorarray.py" line="951" name="test_sub_incompatible[&lt;lambda&gt;6]" time="0.0010287761688232422"></testcase><testcase classname="src.pymortests.vectorarray" file="src/pymortests/vectorarray.py" line="951" name="test_sub_incompatible[&lt;lambda&gt;7]" time="0.0010514259338378906"></testcase><testcase classname="src.pymortests.vectorarray" file="src/pymortests/vectorarray.py" line="951" name="test_sub_incompatible[&lt;lambda&gt;8]" time="0.0013170242309570312"></testcase><testcase classname="src.pymortests.vectorarray" file="src/pymortests/vectorarray.py" line="951" name="test_sub_incompatible[&lt;lambda&gt;9]" time="0.0018677711486816406"></testcase><testcase classname="src.pymortests.vectorarray" file="src/pymortests/vectorarray.py" line="951" name="test_sub_incompatible[&lt;lambda&gt;10]" time="0.0012972354888916016"></testcase><testcase classname="src.pymortests.vectorarray" file="src/pymortests/vectorarray.py" line="951" name="test_sub_incompatible[&lt;lambda&gt;11]" time="0.0011477470397949219"></testcase><testcase classname="src.pymortests.vectorarray" file="src/pymortests/vectorarray.py" line="951" name="test_sub_incompatible[&lt;lambda&gt;12]" time="0.0012137889862060547"></testcase><testcase classname="src.pymortests.vectorarray" file="src/pymortests/vectorarray.py" line="951" name="test_sub_incompatible[&lt;lambda&gt;13]" time="0.0015408992767333984"></testcase><testcase classname="src.pymortests.vectorarray" file="src/pymortests/vectorarray.py" line="951" name="test_sub_incompatible[&lt;lambda&gt;14]" time="0.0012471675872802734"></testcase><testcase classname="src.pymortests.vectorarray" file="src/pymortests/vectorarray.py" line="951" name="test_sub_incompatible[&lt;lambda&gt;15]" time="0.0016040802001953125"></testcase><testcase classname="src.pymortests.vectorarray" file="src/pymortests/vectorarray.py" line="951" name="test_sub_incompatible[&lt;lambda&gt;16]" time="0.00174713134765625"></testcase><testcase classname="src.pymortests.vectorarray" file="src/pymortests/vectorarray.py" line="951" name="test_sub_incompatible[&lt;lambda&gt;17]" time="0.0017871856689453125"></testcase><testcase classname="src.pymortests.vectorarray" file="src/pymortests/vectorarray.py" line="951" name="test_sub_incompatible[&lt;lambda&gt;18]" time="0.02822589874267578"></testcase><testcase classname="src.pymortests.vectorarray" file="src/pymortests/vectorarray.py" line="951" name="test_sub_incompatible[&lt;lambda&gt;19]" time="0.021771669387817383"></testcase><testcase classname="src.pymortests.vectorarray" file="src/pymortests/vectorarray.py" line="951" name="test_sub_incompatible[&lt;lambda&gt;20]" time="0.0014986991882324219"></testcase><testcase classname="src.pymortests.vectorarray" file="src/pymortests/vectorarray.py" line="951" name="test_sub_incompatible[&lt;lambda&gt;21]" time="0.002045154571533203"></testcase><testcase classname="src.pymortests.vectorarray" file="src/pymortests/vectorarray.py" line="951" name="test_sub_incompatible[&lt;lambda&gt;22]" time="0.0024161338806152344"></testcase><testcase classname="src.pymortests.vectorarray" file="src/pymortests/vectorarray.py" line="951" name="test_sub_incompatible[&lt;lambda&gt;23]" time="0.027413606643676758"></testcase><testcase classname="src.pymortests.vectorarray" file="src/pymortests/vectorarray.py" line="951" name="test_sub_incompatible[&lt;lambda&gt;24]" time="0.05884289741516113"></testcase><testcase classname="src.pymortests.vectorarray" file="src/pymortests/vectorarray.py" line="957" name="test_isub_incompatible[&lt;lambda&gt;0]" time="0.001615762710571289"></testcase><testcase classname="src.pymortests.vectorarray" file="src/pymortests/vectorarray.py" line="957" name="test_isub_incompatible[&lt;lambda&gt;1]" time="0.0010991096496582031"></testcase><testcase classname="src.pymortests.vectorarray" file="src/pymortests/vectorarray.py" line="957" name="test_isub_incompatible[&lt;lambda&gt;2]" time="0.0009925365447998047"></testcase><testcase classname="src.pymortests.vectorarray" file="src/pymortests/vectorarray.py" line="957" name="test_isub_incompatible[&lt;lambda&gt;3]" time="0.001005411148071289"></testcase><testcase classname="src.pymortests.vectorarray" file="src/pymortests/vectorarray.py" line="957" name="test_isub_incompatible[&lt;lambda&gt;4]" time="0.0010120868682861328"></testcase><testcase classname="src.pymortests.vectorarray" file="src/pymortests/vectorarray.py" line="957" name="test_isub_incompatible[&lt;lambda&gt;5]" time="0.0010612010955810547"></testcase><testcase classname="src.pymortests.vectorarray" file="src/pymortests/vectorarray.py" line="957" name="test_isub_incompatible[&lt;lambda&gt;6]" time="0.001058340072631836"></testcase><testcase classname="src.pymortests.vectorarray" file="src/pymortests/vectorarray.py" line="957" name="test_isub_incompatible[&lt;lambda&gt;7]" time="0.0010232925415039062"></testcase><testcase classname="src.pymortests.vectorarray" file="src/pymortests/vectorarray.py" line="957" name="test_isub_incompatible[&lt;lambda&gt;8]" time="0.0011823177337646484"></testcase><testcase classname="src.pymortests.vectorarray" file="src/pymortests/vectorarray.py" line="957" name="test_isub_incompatible[&lt;lambda&gt;9]" time="0.0012962818145751953"></testcase><testcase classname="src.pymortests.vectorarray" file="src/pymortests/vectorarray.py" line="957" name="test_isub_incompatible[&lt;lambda&gt;10]" time="0.001214742660522461"></testcase><testcase classname="src.pymortests.vectorarray" file="src/pymortests/vectorarray.py" line="957" name="test_isub_incompatible[&lt;lambda&gt;11]" time="0.0011816024780273438"></testcase><testcase classname="src.pymortests.vectorarray" file="src/pymortests/vectorarray.py" line="957" name="test_isub_incompatible[&lt;lambda&gt;12]" time="0.0011839866638183594"></testcase><testcase classname="src.pymortests.vectorarray" file="src/pymortests/vectorarray.py" line="957" name="test_isub_incompatible[&lt;lambda&gt;13]" time="0.0012176036834716797"></testcase><testcase classname="src.pymortests.vectorarray" file="src/pymortests/vectorarray.py" line="957" name="test_isub_incompatible[&lt;lambda&gt;14]" time="0.0011734962463378906"></testcase><testcase classname="src.pymortests.vectorarray" file="src/pymortests/vectorarray.py" line="957" name="test_isub_incompatible[&lt;lambda&gt;15]" time="0.0016644001007080078"></testcase><testcase classname="src.pymortests.vectorarray" file="src/pymortests/vectorarray.py" line="957" name="test_isub_incompatible[&lt;lambda&gt;16]" time="0.0017256736755371094"></testcase><testcase classname="src.pymortests.vectorarray" file="src/pymortests/vectorarray.py" line="957" name="test_isub_incompatible[&lt;lambda&gt;17]" time="0.001798391342163086"></testcase><testcase classname="src.pymortests.vectorarray" file="src/pymortests/vectorarray.py" line="957" name="test_isub_incompatible[&lt;lambda&gt;18]" time="0.02819085121154785"></testcase><testcase classname="src.pymortests.vectorarray" file="src/pymortests/vectorarray.py" line="957" name="test_isub_incompatible[&lt;lambda&gt;19]" time="0.021383285522460938"></testcase><testcase classname="src.pymortests.vectorarray" file="src/pymortests/vectorarray.py" line="957" name="test_isub_incompatible[&lt;lambda&gt;20]" time="0.0015056133270263672"></testcase><testcase classname="src.pymortests.vectorarray" file="src/pymortests/vectorarray.py" line="957" name="test_isub_incompatible[&lt;lambda&gt;21]" time="0.002193927764892578"></testcase><testcase classname="src.pymortests.vectorarray" file="src/pymortests/vectorarray.py" line="957" name="test_isub_incompatible[&lt;lambda&gt;22]" time="0.0025925636291503906"></testcase><testcase classname="src.pymortests.vectorarray" file="src/pymortests/vectorarray.py" line="957" name="test_isub_incompatible[&lt;lambda&gt;23]" time="0.027200698852539062"></testcase><testcase classname="src.pymortests.vectorarray" file="src/pymortests/vectorarray.py" line="957" name="test_isub_incompatible[&lt;lambda&gt;24]" time="0.057665348052978516"></testcase><testcase classname="src.pymortests.vectorarray" file="src/pymortests/vectorarray.py" line="966" name="test_copy_wrong_ind[0-&lt;lambda&gt;0]" time="0.001961946487426758"></testcase><testcase classname="src.pymortests.vectorarray" file="src/pymortests/vectorarray.py" line="966" name="test_copy_wrong_ind[0-&lt;lambda&gt;1]" time="0.0013079643249511719"></testcase><testcase classname="src.pymortests.vectorarray" file="src/pymortests/vectorarray.py" line="966" name="test_copy_wrong_ind[0-&lt;lambda&gt;2]" time="0.0012433528900146484"></testcase><testcase classname="src.pymortests.vectorarray" file="src/pymortests/vectorarray.py" line="966" name="test_copy_wrong_ind[0-&lt;lambda&gt;3]" time="0.0012407302856445312"></testcase><testcase classname="src.pymortests.vectorarray" file="src/pymortests/vectorarray.py" line="966" name="test_copy_wrong_ind[0-&lt;lambda&gt;4]" time="0.0012216567993164062"></testcase><testcase classname="src.pymortests.vectorarray" file="src/pymortests/vectorarray.py" line="966" name="test_copy_wrong_ind[0-&lt;lambda&gt;5]" time="0.0012552738189697266"></testcase><testcase classname="src.pymortests.vectorarray" file="src/pymortests/vectorarray.py" line="966" name="test_copy_wrong_ind[0-&lt;lambda&gt;6]" time="0.0012292861938476562"></testcase><testcase classname="src.pymortests.vectorarray" file="src/pymortests/vectorarray.py" line="966" name="test_copy_wrong_ind[0-&lt;lambda&gt;7]" time="0.001222848892211914"></testcase><testcase classname="src.pymortests.vectorarray" file="src/pymortests/vectorarray.py" line="966" name="test_copy_wrong_ind[0-&lt;lambda&gt;8]" time="0.0013513565063476562"></testcase><testcase classname="src.pymortests.vectorarray" file="src/pymortests/vectorarray.py" line="966" name="test_copy_wrong_ind[0-&lt;lambda&gt;9]" time="0.0015435218811035156"></testcase><testcase classname="src.pymortests.vectorarray" file="src/pymortests/vectorarray.py" line="966" name="test_copy_wrong_ind[0-&lt;lambda&gt;10]" time="0.0013895034790039062"></testcase><testcase classname="src.pymortests.vectorarray" file="src/pymortests/vectorarray.py" line="966" name="test_copy_wrong_ind[0-&lt;lambda&gt;11]" time="0.0013623237609863281"></testcase><testcase classname="src.pymortests.vectorarray" file="src/pymortests/vectorarray.py" line="966" name="test_copy_wrong_ind[0-&lt;lambda&gt;12]" time="0.0013442039489746094"></testcase><testcase classname="src.pymortests.vectorarray" file="src/pymortests/vectorarray.py" line="966" name="test_copy_wrong_ind[0-&lt;lambda&gt;13]" time="0.0013275146484375"></testcase><testcase classname="src.pymortests.vectorarray" file="src/pymortests/vectorarray.py" line="966" name="test_copy_wrong_ind[0-&lt;lambda&gt;14]" time="0.0013687610626220703"></testcase><testcase classname="src.pymortests.vectorarray" file="src/pymortests/vectorarray.py" line="966" name="test_copy_wrong_ind[0-&lt;lambda&gt;15]" time="0.0013704299926757812"></testcase><testcase classname="src.pymortests.vectorarray" file="src/pymortests/vectorarray.py" line="966" name="test_copy_wrong_ind[0-&lt;lambda&gt;16]" time="0.0013628005981445312"></testcase><testcase classname="src.pymortests.vectorarray" file="src/pymortests/vectorarray.py" line="966" name="test_copy_wrong_ind[0-&lt;lambda&gt;17]" time="0.0016269683837890625"></testcase><testcase classname="src.pymortests.vectorarray" file="src/pymortests/vectorarray.py" line="966" name="test_copy_wrong_ind[0-&lt;lambda&gt;18]" time="0.0015902519226074219"></testcase><testcase classname="src.pymortests.vectorarray" file="src/pymortests/vectorarray.py" line="966" name="test_copy_wrong_ind[0-&lt;lambda&gt;19]" time="0.002456188201904297"></testcase><testcase classname="src.pymortests.vectorarray" file="src/pymortests/vectorarray.py" line="966" name="test_copy_wrong_ind[0-&lt;lambda&gt;20]" time="0.012042522430419922"></testcase><testcase classname="src.pymortests.vectorarray" file="src/pymortests/vectorarray.py" line="966" name="test_copy_wrong_ind[0-&lt;lambda&gt;21]" time="0.018049001693725586"></testcase><testcase classname="src.pymortests.vectorarray" file="src/pymortests/vectorarray.py" line="966" name="test_copy_wrong_ind[0-&lt;lambda&gt;22]" time="0.0018825531005859375"></testcase><testcase classname="src.pymortests.vectorarray" file="src/pymortests/vectorarray.py" line="966" name="test_copy_wrong_ind[0-&lt;lambda&gt;23]" time="0.0013375282287597656"></testcase><testcase classname="src.pymortests.vectorarray" file="src/pymortests/vectorarray.py" line="966" name="test_copy_wrong_ind[0-&lt;lambda&gt;24]" time="0.0021576881408691406"></testcase><testcase classname="src.pymortests.vectorarray" file="src/pymortests/vectorarray.py" line="966" name="test_copy_wrong_ind[0-&lt;lambda&gt;25]" time="0.02302241325378418"></testcase><testcase classname="src.pymortests.vectorarray" file="src/pymortests/vectorarray.py" line="966" name="test_copy_wrong_ind[0-&lt;lambda&gt;26]" time="0.053102970123291016"></testcase><testcase classname="src.pymortests.vectorarray" file="src/pymortests/vectorarray.py" line="966" name="test_copy_wrong_ind[1-&lt;lambda&gt;0]" time="0.0019373893737792969"></testcase><testcase classname="src.pymortests.vectorarray" file="src/pymortests/vectorarray.py" line="966" name="test_copy_wrong_ind[1-&lt;lambda&gt;1]" time="0.001316070556640625"></testcase><testcase classname="src.pymortests.vectorarray" file="src/pymortests/vectorarray.py" line="966" name="test_copy_wrong_ind[1-&lt;lambda&gt;2]" time="0.0013685226440429688"></testcase><testcase classname="src.pymortests.vectorarray" file="src/pymortests/vectorarray.py" line="966" name="test_copy_wrong_ind[1-&lt;lambda&gt;3]" time="0.0012788772583007812"></testcase><testcase classname="src.pymortests.vectorarray" file="src/pymortests/vectorarray.py" line="966" name="test_copy_wrong_ind[1-&lt;lambda&gt;4]" time="0.0013208389282226562"></testcase><testcase classname="src.pymortests.vectorarray" file="src/pymortests/vectorarray.py" line="966" name="test_copy_wrong_ind[1-&lt;lambda&gt;5]" time="0.0012786388397216797"></testcase><testcase classname="src.pymortests.vectorarray" file="src/pymortests/vectorarray.py" line="966" name="test_copy_wrong_ind[1-&lt;lambda&gt;6]" time="0.0012583732604980469"></testcase><testcase classname="src.pymortests.vectorarray" file="src/pymortests/vectorarray.py" line="966" name="test_copy_wrong_ind[1-&lt;lambda&gt;7]" time="0.001222372055053711"></testcase><testcase classname="src.pymortests.vectorarray" file="src/pymortests/vectorarray.py" line="966" name="test_copy_wrong_ind[1-&lt;lambda&gt;8]" time="0.001477956771850586"></testcase><testcase classname="src.pymortests.vectorarray" file="src/pymortests/vectorarray.py" line="966" name="test_copy_wrong_ind[1-&lt;lambda&gt;9]" time="0.0020017623901367188"></testcase><testcase classname="src.pymortests.vectorarray" file="src/pymortests/vectorarray.py" line="966" name="test_copy_wrong_ind[1-&lt;lambda&gt;10]" time="0.0014338493347167969"></testcase><testcase classname="src.pymortests.vectorarray" file="src/pymortests/vectorarray.py" line="966" name="test_copy_wrong_ind[1-&lt;lambda&gt;11]" time="0.00142669677734375"></testcase><testcase classname="src.pymortests.vectorarray" file="src/pymortests/vectorarray.py" line="966" name="test_copy_wrong_ind[1-&lt;lambda&gt;12]" time="0.001451253890991211"></testcase><testcase classname="src.pymortests.vectorarray" file="src/pymortests/vectorarray.py" line="966" name="test_copy_wrong_ind[1-&lt;lambda&gt;13]" time="0.0014293193817138672"></testcase><testcase classname="src.pymortests.vectorarray" file="src/pymortests/vectorarray.py" line="966" name="test_copy_wrong_ind[1-&lt;lambda&gt;14]" time="0.0014390945434570312"></testcase><testcase classname="src.pymortests.vectorarray" file="src/pymortests/vectorarray.py" line="966" name="test_copy_wrong_ind[1-&lt;lambda&gt;15]" time="0.0014827251434326172"></testcase><testcase classname="src.pymortests.vectorarray" file="src/pymortests/vectorarray.py" line="966" name="test_copy_wrong_ind[1-&lt;lambda&gt;16]" time="0.0014553070068359375"></testcase><testcase classname="src.pymortests.vectorarray" file="src/pymortests/vectorarray.py" line="966" name="test_copy_wrong_ind[1-&lt;lambda&gt;17]" time="0.0017547607421875"></testcase><testcase classname="src.pymortests.vectorarray" file="src/pymortests/vectorarray.py" line="966" name="test_copy_wrong_ind[1-&lt;lambda&gt;18]" time="0.0015900135040283203"></testcase><testcase classname="src.pymortests.vectorarray" file="src/pymortests/vectorarray.py" line="966" name="test_copy_wrong_ind[1-&lt;lambda&gt;19]" time="0.002537965774536133"></testcase><testcase classname="src.pymortests.vectorarray" file="src/pymortests/vectorarray.py" line="966" name="test_copy_wrong_ind[1-&lt;lambda&gt;20]" time="0.008825063705444336"></testcase><testcase classname="src.pymortests.vectorarray" file="src/pymortests/vectorarray.py" line="966" name="test_copy_wrong_ind[1-&lt;lambda&gt;21]" time="0.018878936767578125"></testcase><testcase classname="src.pymortests.vectorarray" file="src/pymortests/vectorarray.py" line="966" name="test_copy_wrong_ind[1-&lt;lambda&gt;22]" time="0.0019199848175048828"></testcase><testcase classname="src.pymortests.vectorarray" file="src/pymortests/vectorarray.py" line="966" name="test_copy_wrong_ind[1-&lt;lambda&gt;23]" time="0.0013089179992675781"></testcase><testcase classname="src.pymortests.vectorarray" file="src/pymortests/vectorarray.py" line="966" name="test_copy_wrong_ind[1-&lt;lambda&gt;24]" time="0.002151012420654297"></testcase><testcase classname="src.pymortests.vectorarray" file="src/pymortests/vectorarray.py" line="966" name="test_copy_wrong_ind[1-&lt;lambda&gt;25]" time="0.023590087890625"></testcase><testcase classname="src.pymortests.vectorarray" file="src/pymortests/vectorarray.py" line="966" name="test_copy_wrong_ind[1-&lt;lambda&gt;26]" time="0.05323672294616699"></testcase><testcase classname="src.pymortests.vectorarray" file="src/pymortests/vectorarray.py" line="966" name="test_copy_wrong_ind[2-&lt;lambda&gt;0]" time="0.001978635787963867"></testcase><testcase classname="src.pymortests.vectorarray" file="src/pymortests/vectorarray.py" line="966" name="test_copy_wrong_ind[2-&lt;lambda&gt;1]" time="0.0013425350189208984"></testcase><testcase classname="src.pymortests.vectorarray" file="src/pymortests/vectorarray.py" line="966" name="test_copy_wrong_ind[2-&lt;lambda&gt;2]" time="0.0013012886047363281"></testcase><testcase classname="src.pymortests.vectorarray" file="src/pymortests/vectorarray.py" line="966" name="test_copy_wrong_ind[2-&lt;lambda&gt;3]" time="0.001262664794921875"></testcase><testcase classname="src.pymortests.vectorarray" file="src/pymortests/vectorarray.py" line="966" name="test_copy_wrong_ind[2-&lt;lambda&gt;4]" time="0.001260995864868164"></testcase><testcase classname="src.pymortests.vectorarray" file="src/pymortests/vectorarray.py" line="966" name="test_copy_wrong_ind[2-&lt;lambda&gt;5]" time="0.0012371540069580078"></testcase><testcase classname="src.pymortests.vectorarray" file="src/pymortests/vectorarray.py" line="966" name="test_copy_wrong_ind[2-&lt;lambda&gt;6]" time="0.0012459754943847656"></testcase><testcase classname="src.pymortests.vectorarray" file="src/pymortests/vectorarray.py" line="966" name="test_copy_wrong_ind[2-&lt;lambda&gt;7]" time="0.0012235641479492188"></testcase><testcase classname="src.pymortests.vectorarray" file="src/pymortests/vectorarray.py" line="966" name="test_copy_wrong_ind[2-&lt;lambda&gt;8]" time="0.0015184879302978516"></testcase><testcase classname="src.pymortests.vectorarray" file="src/pymortests/vectorarray.py" line="966" name="test_copy_wrong_ind[2-&lt;lambda&gt;9]" time="0.0020570755004882812"></testcase><testcase classname="src.pymortests.vectorarray" file="src/pymortests/vectorarray.py" line="966" name="test_copy_wrong_ind[2-&lt;lambda&gt;10]" time="0.0014023780822753906"></testcase><testcase classname="src.pymortests.vectorarray" file="src/pymortests/vectorarray.py" line="966" name="test_copy_wrong_ind[2-&lt;lambda&gt;11]" time="0.0013937950134277344"></testcase><testcase classname="src.pymortests.vectorarray" file="src/pymortests/vectorarray.py" line="966" name="test_copy_wrong_ind[2-&lt;lambda&gt;12]" time="0.0014007091522216797"></testcase><testcase classname="src.pymortests.vectorarray" file="src/pymortests/vectorarray.py" line="966" name="test_copy_wrong_ind[2-&lt;lambda&gt;13]" time="0.0013549327850341797"></testcase><testcase classname="src.pymortests.vectorarray" file="src/pymortests/vectorarray.py" line="966" name="test_copy_wrong_ind[2-&lt;lambda&gt;14]" time="0.0013899803161621094"></testcase><testcase classname="src.pymortests.vectorarray" file="src/pymortests/vectorarray.py" line="966" name="test_copy_wrong_ind[2-&lt;lambda&gt;15]" time="0.0014467239379882812"></testcase><testcase classname="src.pymortests.vectorarray" file="src/pymortests/vectorarray.py" line="966" name="test_copy_wrong_ind[2-&lt;lambda&gt;16]" time="0.0014190673828125"></testcase><testcase classname="src.pymortests.vectorarray" file="src/pymortests/vectorarray.py" line="966" name="test_copy_wrong_ind[2-&lt;lambda&gt;17]" time="0.0016412734985351562"></testcase><testcase classname="src.pymortests.vectorarray" file="src/pymortests/vectorarray.py" line="966" name="test_copy_wrong_ind[2-&lt;lambda&gt;18]" time="0.0015773773193359375"></testcase><testcase classname="src.pymortests.vectorarray" file="src/pymortests/vectorarray.py" line="966" name="test_copy_wrong_ind[2-&lt;lambda&gt;19]" time="0.0024149417877197266"></testcase><testcase classname="src.pymortests.vectorarray" file="src/pymortests/vectorarray.py" line="966" name="test_copy_wrong_ind[2-&lt;lambda&gt;20]" time="0.008844852447509766"></testcase><testcase classname="src.pymortests.vectorarray" file="src/pymortests/vectorarray.py" line="966" name="test_copy_wrong_ind[2-&lt;lambda&gt;21]" time="0.018302440643310547"></testcase><testcase classname="src.pymortests.vectorarray" file="src/pymortests/vectorarray.py" line="966" name="test_copy_wrong_ind[2-&lt;lambda&gt;22]" time="0.0018565654754638672"></testcase><testcase classname="src.pymortests.vectorarray" file="src/pymortests/vectorarray.py" line="966" name="test_copy_wrong_ind[2-&lt;lambda&gt;23]" time="0.0012786388397216797"></testcase><testcase classname="src.pymortests.vectorarray" file="src/pymortests/vectorarray.py" line="966" name="test_copy_wrong_ind[2-&lt;lambda&gt;24]" time="0.0021886825561523438"></testcase><testcase classname="src.pymortests.vectorarray" file="src/pymortests/vectorarray.py" line="966" name="test_copy_wrong_ind[2-&lt;lambda&gt;25]" time="0.02358412742614746"></testcase><testcase classname="src.pymortests.vectorarray" file="src/pymortests/vectorarray.py" line="966" name="test_copy_wrong_ind[2-&lt;lambda&gt;26]" time="0.053231000900268555"></testcase><testcase classname="src.pymortests.vectorarray" file="src/pymortests/vectorarray.py" line="973" name="test_remove_wrong_ind[0-&lt;lambda&gt;0]" time="0.002112150192260742"></testcase><testcase classname="src.pymortests.vectorarray" file="src/pymortests/vectorarray.py" line="973" name="test_remove_wrong_ind[0-&lt;lambda&gt;1]" time="0.001438140869140625"></testcase><testcase classname="src.pymortests.vectorarray" file="src/pymortests/vectorarray.py" line="973" name="test_remove_wrong_ind[0-&lt;lambda&gt;2]" time="0.0013279914855957031"></testcase><testcase classname="src.pymortests.vectorarray" file="src/pymortests/vectorarray.py" line="973" name="test_remove_wrong_ind[0-&lt;lambda&gt;3]" time="0.0013051033020019531"></testcase><testcase classname="src.pymortests.vectorarray" file="src/pymortests/vectorarray.py" line="973" name="test_remove_wrong_ind[0-&lt;lambda&gt;4]" time="0.0012574195861816406"></testcase><testcase classname="src.pymortests.vectorarray" file="src/pymortests/vectorarray.py" line="973" name="test_remove_wrong_ind[0-&lt;lambda&gt;5]" time="0.0013127326965332031"></testcase><testcase classname="src.pymortests.vectorarray" file="src/pymortests/vectorarray.py" line="973" name="test_remove_wrong_ind[0-&lt;lambda&gt;6]" time="0.0012090206146240234"></testcase><testcase classname="src.pymortests.vectorarray" file="src/pymortests/vectorarray.py" line="973" name="test_remove_wrong_ind[0-&lt;lambda&gt;7]" time="0.0012526512145996094"></testcase><testcase classname="src.pymortests.vectorarray" file="src/pymortests/vectorarray.py" line="973" name="test_remove_wrong_ind[0-&lt;lambda&gt;8]" time="0.002282381057739258"></testcase><testcase classname="src.pymortests.vectorarray" file="src/pymortests/vectorarray.py" line="973" name="test_remove_wrong_ind[0-&lt;lambda&gt;9]" time="0.0038895606994628906"></testcase><testcase classname="src.pymortests.vectorarray" file="src/pymortests/vectorarray.py" line="973" name="test_remove_wrong_ind[0-&lt;lambda&gt;10]" time="0.0015094280242919922"></testcase><testcase classname="src.pymortests.vectorarray" file="src/pymortests/vectorarray.py" line="973" name="test_remove_wrong_ind[0-&lt;lambda&gt;11]" time="0.0014526844024658203"></testcase><testcase classname="src.pymortests.vectorarray" file="src/pymortests/vectorarray.py" line="973" name="test_remove_wrong_ind[0-&lt;lambda&gt;12]" time="0.0014557838439941406"></testcase><testcase classname="src.pymortests.vectorarray" file="src/pymortests/vectorarray.py" line="973" name="test_remove_wrong_ind[0-&lt;lambda&gt;13]" time="0.00139617919921875"></testcase><testcase classname="src.pymortests.vectorarray" file="src/pymortests/vectorarray.py" line="973" name="test_remove_wrong_ind[0-&lt;lambda&gt;14]" time="0.0014340877532958984"></testcase><testcase classname="src.pymortests.vectorarray" file="src/pymortests/vectorarray.py" line="973" name="test_remove_wrong_ind[0-&lt;lambda&gt;15]" time="0.0014798641204833984"></testcase><testcase classname="src.pymortests.vectorarray" file="src/pymortests/vectorarray.py" line="973" name="test_remove_wrong_ind[0-&lt;lambda&gt;16]" time="0.0015234947204589844"></testcase><testcase classname="src.pymortests.vectorarray" file="src/pymortests/vectorarray.py" line="973" name="test_remove_wrong_ind[0-&lt;lambda&gt;17]" time="0.0016293525695800781"></testcase><testcase classname="src.pymortests.vectorarray" file="src/pymortests/vectorarray.py" line="973" name="test_remove_wrong_ind[0-&lt;lambda&gt;18]" time="0.0016603469848632812"></testcase><testcase classname="src.pymortests.vectorarray" file="src/pymortests/vectorarray.py" line="973" name="test_remove_wrong_ind[0-&lt;lambda&gt;19]" time="0.002453327178955078"></testcase><testcase classname="src.pymortests.vectorarray" file="src/pymortests/vectorarray.py" line="973" name="test_remove_wrong_ind[0-&lt;lambda&gt;20]" time="0.00946497917175293"></testcase><testcase classname="src.pymortests.vectorarray" file="src/pymortests/vectorarray.py" line="973" name="test_remove_wrong_ind[0-&lt;lambda&gt;21]" time="0.020932912826538086"></testcase><testcase classname="src.pymortests.vectorarray" file="src/pymortests/vectorarray.py" line="973" name="test_remove_wrong_ind[0-&lt;lambda&gt;22]" time="0.0018687248229980469"></testcase><testcase classname="src.pymortests.vectorarray" file="src/pymortests/vectorarray.py" line="973" name="test_remove_wrong_ind[0-&lt;lambda&gt;23]" time="0.0013115406036376953"></testcase><testcase classname="src.pymortests.vectorarray" file="src/pymortests/vectorarray.py" line="973" name="test_remove_wrong_ind[0-&lt;lambda&gt;24]" time="0.0022068023681640625"></testcase><testcase classname="src.pymortests.vectorarray" file="src/pymortests/vectorarray.py" line="973" name="test_remove_wrong_ind[0-&lt;lambda&gt;25]" time="0.02402806282043457"></testcase><testcase classname="src.pymortests.vectorarray" file="src/pymortests/vectorarray.py" line="973" name="test_remove_wrong_ind[0-&lt;lambda&gt;26]" time="0.05636334419250488"></testcase><testcase classname="src.pymortests.vectorarray" file="src/pymortests/vectorarray.py" line="973" name="test_remove_wrong_ind[1-&lt;lambda&gt;0]" time="0.002012968063354492"></testcase><testcase classname="src.pymortests.vectorarray" file="src/pymortests/vectorarray.py" line="973" name="test_remove_wrong_ind[1-&lt;lambda&gt;1]" time="0.0014445781707763672"></testcase><testcase classname="src.pymortests.vectorarray" file="src/pymortests/vectorarray.py" line="973" name="test_remove_wrong_ind[1-&lt;lambda&gt;2]" time="0.0013475418090820312"></testcase><testcase classname="src.pymortests.vectorarray" file="src/pymortests/vectorarray.py" line="973" name="test_remove_wrong_ind[1-&lt;lambda&gt;3]" time="0.001332998275756836"></testcase><testcase classname="src.pymortests.vectorarray" file="src/pymortests/vectorarray.py" line="973" name="test_remove_wrong_ind[1-&lt;lambda&gt;4]" time="0.0012965202331542969"></testcase><testcase classname="src.pymortests.vectorarray" file="src/pymortests/vectorarray.py" line="973" name="test_remove_wrong_ind[1-&lt;lambda&gt;5]" time="0.001332998275756836"></testcase><testcase classname="src.pymortests.vectorarray" file="src/pymortests/vectorarray.py" line="973" name="test_remove_wrong_ind[1-&lt;lambda&gt;6]" time="0.0012955665588378906"></testcase><testcase classname="src.pymortests.vectorarray" file="src/pymortests/vectorarray.py" line="973" name="test_remove_wrong_ind[1-&lt;lambda&gt;7]" time="0.0013091564178466797"></testcase><testcase classname="src.pymortests.vectorarray" file="src/pymortests/vectorarray.py" line="973" name="test_remove_wrong_ind[1-&lt;lambda&gt;8]" time="0.0023882389068603516"></testcase><testcase classname="src.pymortests.vectorarray" file="src/pymortests/vectorarray.py" line="973" name="test_remove_wrong_ind[1-&lt;lambda&gt;9]" time="0.004008054733276367"></testcase><testcase classname="src.pymortests.vectorarray" file="src/pymortests/vectorarray.py" line="973" name="test_remove_wrong_ind[1-&lt;lambda&gt;10]" time="0.0015654563903808594"></testcase><testcase classname="src.pymortests.vectorarray" file="src/pymortests/vectorarray.py" line="973" name="test_remove_wrong_ind[1-&lt;lambda&gt;11]" time="0.0015473365783691406"></testcase><testcase classname="src.pymortests.vectorarray" file="src/pymortests/vectorarray.py" line="973" name="test_remove_wrong_ind[1-&lt;lambda&gt;12]" time="0.0015227794647216797"></testcase><testcase classname="src.pymortests.vectorarray" file="src/pymortests/vectorarray.py" line="973" name="test_remove_wrong_ind[1-&lt;lambda&gt;13]" time="0.0014503002166748047"></testcase><testcase classname="src.pymortests.vectorarray" file="src/pymortests/vectorarray.py" line="973" name="test_remove_wrong_ind[1-&lt;lambda&gt;14]" time="0.0015077590942382812"></testcase><testcase classname="src.pymortests.vectorarray" file="src/pymortests/vectorarray.py" line="973" name="test_remove_wrong_ind[1-&lt;lambda&gt;15]" time="0.0015926361083984375"></testcase><testcase classname="src.pymortests.vectorarray" file="src/pymortests/vectorarray.py" line="973" name="test_remove_wrong_ind[1-&lt;lambda&gt;16]" time="0.0016040802001953125"></testcase><testcase classname="src.pymortests.vectorarray" file="src/pymortests/vectorarray.py" line="973" name="test_remove_wrong_ind[1-&lt;lambda&gt;17]" time="0.0016934871673583984"></testcase><testcase classname="src.pymortests.vectorarray" file="src/pymortests/vectorarray.py" line="973" name="test_remove_wrong_ind[1-&lt;lambda&gt;18]" time="0.0016255378723144531"></testcase><testcase classname="src.pymortests.vectorarray" file="src/pymortests/vectorarray.py" line="973" name="test_remove_wrong_ind[1-&lt;lambda&gt;19]" time="0.002783536911010742"></testcase><testcase classname="src.pymortests.vectorarray" file="src/pymortests/vectorarray.py" line="973" name="test_remove_wrong_ind[1-&lt;lambda&gt;20]" time="0.01031494140625"></testcase><testcase classname="src.pymortests.vectorarray" file="src/pymortests/vectorarray.py" line="973" name="test_remove_wrong_ind[1-&lt;lambda&gt;21]" time="0.020864486694335938"></testcase><testcase classname="src.pymortests.vectorarray" file="src/pymortests/vectorarray.py" line="973" name="test_remove_wrong_ind[1-&lt;lambda&gt;22]" time="0.0019180774688720703"></testcase><testcase classname="src.pymortests.vectorarray" file="src/pymortests/vectorarray.py" line="973" name="test_remove_wrong_ind[1-&lt;lambda&gt;23]" time="0.0013039112091064453"></testcase><testcase classname="src.pymortests.vectorarray" file="src/pymortests/vectorarray.py" line="973" name="test_remove_wrong_ind[1-&lt;lambda&gt;24]" time="0.0022962093353271484"></testcase><testcase classname="src.pymortests.vectorarray" file="src/pymortests/vectorarray.py" line="973" name="test_remove_wrong_ind[1-&lt;lambda&gt;25]" time="0.024093151092529297"></testcase><testcase classname="src.pymortests.vectorarray" file="src/pymortests/vectorarray.py" line="973" name="test_remove_wrong_ind[1-&lt;lambda&gt;26]" time="0.05851554870605469"></testcase><testcase classname="src.pymortests.vectorarray" file="src/pymortests/vectorarray.py" line="973" name="test_remove_wrong_ind[2-&lt;lambda&gt;0]" time="0.0019943714141845703"></testcase><testcase classname="src.pymortests.vectorarray" file="src/pymortests/vectorarray.py" line="973" name="test_remove_wrong_ind[2-&lt;lambda&gt;1]" time="0.0014104843139648438"></testcase><testcase classname="src.pymortests.vectorarray" file="src/pymortests/vectorarray.py" line="973" name="test_remove_wrong_ind[2-&lt;lambda&gt;2]" time="0.001333475112915039"></testcase><testcase classname="src.pymortests.vectorarray" file="src/pymortests/vectorarray.py" line="973" name="test_remove_wrong_ind[2-&lt;lambda&gt;3]" time="0.0013279914855957031"></testcase><testcase classname="src.pymortests.vectorarray" file="src/pymortests/vectorarray.py" line="973" name="test_remove_wrong_ind[2-&lt;lambda&gt;4]" time="0.0013005733489990234"></testcase><testcase classname="src.pymortests.vectorarray" file="src/pymortests/vectorarray.py" line="973" name="test_remove_wrong_ind[2-&lt;lambda&gt;5]" time="0.001360177993774414"></testcase><testcase classname="src.pymortests.vectorarray" file="src/pymortests/vectorarray.py" line="973" name="test_remove_wrong_ind[2-&lt;lambda&gt;6]" time="0.00122833251953125"></testcase><testcase classname="src.pymortests.vectorarray" file="src/pymortests/vectorarray.py" line="973" name="test_remove_wrong_ind[2-&lt;lambda&gt;7]" time="0.0013489723205566406"></testcase><testcase classname="src.pymortests.vectorarray" file="src/pymortests/vectorarray.py" line="973" name="test_remove_wrong_ind[2-&lt;lambda&gt;8]" time="0.002386331558227539"></testcase><testcase classname="src.pymortests.vectorarray" file="src/pymortests/vectorarray.py" line="973" name="test_remove_wrong_ind[2-&lt;lambda&gt;9]" time="0.003952741622924805"></testcase><testcase classname="src.pymortests.vectorarray" file="src/pymortests/vectorarray.py" line="973" name="test_remove_wrong_ind[2-&lt;lambda&gt;10]" time="0.0015392303466796875"></testcase><testcase classname="src.pymortests.vectorarray" file="src/pymortests/vectorarray.py" line="973" name="test_remove_wrong_ind[2-&lt;lambda&gt;11]" time="0.001478433609008789"></testcase><testcase classname="src.pymortests.vectorarray" file="src/pymortests/vectorarray.py" line="973" name="test_remove_wrong_ind[2-&lt;lambda&gt;12]" time="0.0014543533325195312"></testcase><testcase classname="src.pymortests.vectorarray" file="src/pymortests/vectorarray.py" line="973" name="test_remove_wrong_ind[2-&lt;lambda&gt;13]" time="0.0014560222625732422"></testcase><testcase classname="src.pymortests.vectorarray" file="src/pymortests/vectorarray.py" line="973" name="test_remove_wrong_ind[2-&lt;lambda&gt;14]" time="0.0014910697937011719"></testcase><testcase classname="src.pymortests.vectorarray" file="src/pymortests/vectorarray.py" line="973" name="test_remove_wrong_ind[2-&lt;lambda&gt;15]" time="0.0015902519226074219"></testcase><testcase classname="src.pymortests.vectorarray" file="src/pymortests/vectorarray.py" line="973" name="test_remove_wrong_ind[2-&lt;lambda&gt;16]" time="0.0015842914581298828"></testcase><testcase classname="src.pymortests.vectorarray" file="src/pymortests/vectorarray.py" line="973" name="test_remove_wrong_ind[2-&lt;lambda&gt;17]" time="0.0016317367553710938"></testcase><testcase classname="src.pymortests.vectorarray" file="src/pymortests/vectorarray.py" line="973" name="test_remove_wrong_ind[2-&lt;lambda&gt;18]" time="0.0016028881072998047"></testcase><testcase classname="src.pymortests.vectorarray" file="src/pymortests/vectorarray.py" line="973" name="test_remove_wrong_ind[2-&lt;lambda&gt;19]" time="0.0026009082794189453"></testcase><testcase classname="src.pymortests.vectorarray" file="src/pymortests/vectorarray.py" line="973" name="test_remove_wrong_ind[2-&lt;lambda&gt;20]" time="0.010228633880615234"></testcase><testcase classname="src.pymortests.vectorarray" file="src/pymortests/vectorarray.py" line="973" name="test_remove_wrong_ind[2-&lt;lambda&gt;21]" time="0.020786762237548828"></testcase><testcase classname="src.pymortests.vectorarray" file="src/pymortests/vectorarray.py" line="973" name="test_remove_wrong_ind[2-&lt;lambda&gt;22]" time="0.001943826675415039"></testcase><testcase classname="src.pymortests.vectorarray" file="src/pymortests/vectorarray.py" line="973" name="test_remove_wrong_ind[2-&lt;lambda&gt;23]" time="0.0013391971588134766"></testcase><testcase classname="src.pymortests.vectorarray" file="src/pymortests/vectorarray.py" line="973" name="test_remove_wrong_ind[2-&lt;lambda&gt;24]" time="0.002268552780151367"></testcase><testcase classname="src.pymortests.vectorarray" file="src/pymortests/vectorarray.py" line="973" name="test_remove_wrong_ind[2-&lt;lambda&gt;25]" time="0.024363279342651367"></testcase><testcase classname="src.pymortests.vectorarray" file="src/pymortests/vectorarray.py" line="973" name="test_remove_wrong_ind[2-&lt;lambda&gt;26]" time="0.055884599685668945"></testcase><testcase classname="src.pymortests.vectorarray" file="src/pymortests/vectorarray.py" line="981" name="test_scal_wrong_ind[0-&lt;lambda&gt;0]" time="0.0027937889099121094"></testcase><testcase classname="src.pymortests.vectorarray" file="src/pymortests/vectorarray.py" line="981" name="test_scal_wrong_ind[0-&lt;lambda&gt;1]" time="0.001771688461303711"></testcase><testcase classname="src.pymortests.vectorarray" file="src/pymortests/vectorarray.py" line="981" name="test_scal_wrong_ind[0-&lt;lambda&gt;2]" time="0.0017795562744140625"></testcase><testcase classname="src.pymortests.vectorarray" file="src/pymortests/vectorarray.py" line="981" name="test_scal_wrong_ind[0-&lt;lambda&gt;3]" time="0.0019426345825195312"></testcase><testcase classname="src.pymortests.vectorarray" file="src/pymortests/vectorarray.py" line="981" name="test_scal_wrong_ind[0-&lt;lambda&gt;4]" time="0.0018763542175292969"></testcase><testcase classname="src.pymortests.vectorarray" file="src/pymortests/vectorarray.py" line="981" name="test_scal_wrong_ind[0-&lt;lambda&gt;5]" time="0.0017430782318115234"></testcase><testcase classname="src.pymortests.vectorarray" file="src/pymortests/vectorarray.py" line="981" name="test_scal_wrong_ind[0-&lt;lambda&gt;6]" time="0.0016193389892578125"></testcase><testcase classname="src.pymortests.vectorarray" file="src/pymortests/vectorarray.py" line="981" name="test_scal_wrong_ind[0-&lt;lambda&gt;7]" time="0.0018570423126220703"></testcase><testcase classname="src.pymortests.vectorarray" file="src/pymortests/vectorarray.py" line="981" name="test_scal_wrong_ind[0-&lt;lambda&gt;8]" time="0.005232810974121094"></testcase><testcase classname="src.pymortests.vectorarray" file="src/pymortests/vectorarray.py" line="981" name="test_scal_wrong_ind[0-&lt;lambda&gt;9]" time="0.010222434997558594"></testcase><testcase classname="src.pymortests.vectorarray" file="src/pymortests/vectorarray.py" line="981" name="test_scal_wrong_ind[0-&lt;lambda&gt;10]" time="0.0023698806762695312"></testcase><testcase classname="src.pymortests.vectorarray" file="src/pymortests/vectorarray.py" line="981" name="test_scal_wrong_ind[0-&lt;lambda&gt;11]" time="0.002294778823852539"></testcase><testcase classname="src.pymortests.vectorarray" file="src/pymortests/vectorarray.py" line="981" name="test_scal_wrong_ind[0-&lt;lambda&gt;12]" time="0.0022559165954589844"></testcase><testcase classname="src.pymortests.vectorarray" file="src/pymortests/vectorarray.py" line="981" name="test_scal_wrong_ind[0-&lt;lambda&gt;13]" time="0.002095937728881836"></testcase><testcase classname="src.pymortests.vectorarray" file="src/pymortests/vectorarray.py" line="981" name="test_scal_wrong_ind[0-&lt;lambda&gt;14]" time="0.002153158187866211"></testcase><testcase classname="src.pymortests.vectorarray" file="src/pymortests/vectorarray.py" line="981" name="test_scal_wrong_ind[0-&lt;lambda&gt;15]" time="0.002448558807373047"></testcase><testcase classname="src.pymortests.vectorarray" file="src/pymortests/vectorarray.py" line="981" name="test_scal_wrong_ind[0-&lt;lambda&gt;16]" time="0.0023849010467529297"></testcase><testcase classname="src.pymortests.vectorarray" file="src/pymortests/vectorarray.py" line="981" name="test_scal_wrong_ind[0-&lt;lambda&gt;17]" time="0.0021004676818847656"></testcase><testcase classname="src.pymortests.vectorarray" file="src/pymortests/vectorarray.py" line="981" name="test_scal_wrong_ind[0-&lt;lambda&gt;18]" time="0.0020415782928466797"></testcase><testcase classname="src.pymortests.vectorarray" file="src/pymortests/vectorarray.py" line="981" name="test_scal_wrong_ind[0-&lt;lambda&gt;19]" time="0.003132343292236328"></testcase><testcase classname="src.pymortests.vectorarray" file="src/pymortests/vectorarray.py" line="981" name="test_scal_wrong_ind[0-&lt;lambda&gt;20]" time="0.012638568878173828"></testcase><testcase classname="src.pymortests.vectorarray" file="src/pymortests/vectorarray.py" line="981" name="test_scal_wrong_ind[0-&lt;lambda&gt;21]" time="0.026798725128173828"></testcase><testcase classname="src.pymortests.vectorarray" file="src/pymortests/vectorarray.py" line="981" name="test_scal_wrong_ind[0-&lt;lambda&gt;22]" time="0.0024764537811279297"></testcase><testcase classname="src.pymortests.vectorarray" file="src/pymortests/vectorarray.py" line="981" name="test_scal_wrong_ind[0-&lt;lambda&gt;23]" time="0.0016944408416748047"></testcase><testcase classname="src.pymortests.vectorarray" file="src/pymortests/vectorarray.py" line="981" name="test_scal_wrong_ind[0-&lt;lambda&gt;24]" time="0.0029098987579345703"></testcase><testcase classname="src.pymortests.vectorarray" file="src/pymortests/vectorarray.py" line="981" name="test_scal_wrong_ind[0-&lt;lambda&gt;25]" time="0.027295351028442383"></testcase><testcase classname="src.pymortests.vectorarray" file="src/pymortests/vectorarray.py" line="981" name="test_scal_wrong_ind[0-&lt;lambda&gt;26]" time="0.06178689002990723"></testcase><testcase classname="src.pymortests.vectorarray" file="src/pymortests/vectorarray.py" line="981" name="test_scal_wrong_ind[1-&lt;lambda&gt;0]" time="0.0026929378509521484"></testcase><testcase classname="src.pymortests.vectorarray" file="src/pymortests/vectorarray.py" line="981" name="test_scal_wrong_ind[1-&lt;lambda&gt;1]" time="0.0018658638000488281"></testcase><testcase classname="src.pymortests.vectorarray" file="src/pymortests/vectorarray.py" line="981" name="test_scal_wrong_ind[1-&lt;lambda&gt;2]" time="0.0018105506896972656"></testcase><testcase classname="src.pymortests.vectorarray" file="src/pymortests/vectorarray.py" line="981" name="test_scal_wrong_ind[1-&lt;lambda&gt;3]" time="0.0017886161804199219"></testcase><testcase classname="src.pymortests.vectorarray" file="src/pymortests/vectorarray.py" line="981" name="test_scal_wrong_ind[1-&lt;lambda&gt;4]" time="0.0018563270568847656"></testcase><testcase classname="src.pymortests.vectorarray" file="src/pymortests/vectorarray.py" line="981" name="test_scal_wrong_ind[1-&lt;lambda&gt;5]" time="0.001739501953125"></testcase><testcase classname="src.pymortests.vectorarray" file="src/pymortests/vectorarray.py" line="981" name="test_scal_wrong_ind[1-&lt;lambda&gt;6]" time="0.0016944408416748047"></testcase><testcase classname="src.pymortests.vectorarray" file="src/pymortests/vectorarray.py" line="981" name="test_scal_wrong_ind[1-&lt;lambda&gt;7]" time="0.0017211437225341797"></testcase><testcase classname="src.pymortests.vectorarray" file="src/pymortests/vectorarray.py" line="981" name="test_scal_wrong_ind[1-&lt;lambda&gt;8]" time="0.005234718322753906"></testcase><testcase classname="src.pymortests.vectorarray" file="src/pymortests/vectorarray.py" line="981" name="test_scal_wrong_ind[1-&lt;lambda&gt;9]" time="0.010389328002929688"></testcase><testcase classname="src.pymortests.vectorarray" file="src/pymortests/vectorarray.py" line="981" name="test_scal_wrong_ind[1-&lt;lambda&gt;10]" time="0.002409219741821289"></testcase><testcase classname="src.pymortests.vectorarray" file="src/pymortests/vectorarray.py" line="981" name="test_scal_wrong_ind[1-&lt;lambda&gt;11]" time="0.0023043155670166016"></testcase><testcase classname="src.pymortests.vectorarray" file="src/pymortests/vectorarray.py" line="981" name="test_scal_wrong_ind[1-&lt;lambda&gt;12]" time="0.0022640228271484375"></testcase><testcase classname="src.pymortests.vectorarray" file="src/pymortests/vectorarray.py" line="981" name="test_scal_wrong_ind[1-&lt;lambda&gt;13]" time="0.002155780792236328"></testcase><testcase classname="src.pymortests.vectorarray" file="src/pymortests/vectorarray.py" line="981" name="test_scal_wrong_ind[1-&lt;lambda&gt;14]" time="0.0022373199462890625"></testcase><testcase classname="src.pymortests.vectorarray" file="src/pymortests/vectorarray.py" line="981" name="test_scal_wrong_ind[1-&lt;lambda&gt;15]" time="0.002521991729736328"></testcase><testcase classname="src.pymortests.vectorarray" file="src/pymortests/vectorarray.py" line="981" name="test_scal_wrong_ind[1-&lt;lambda&gt;16]" time="0.0024688243865966797"></testcase><testcase classname="src.pymortests.vectorarray" file="src/pymortests/vectorarray.py" line="981" name="test_scal_wrong_ind[1-&lt;lambda&gt;17]" time="0.002063274383544922"></testcase><testcase classname="src.pymortests.vectorarray" file="src/pymortests/vectorarray.py" line="981" name="test_scal_wrong_ind[1-&lt;lambda&gt;18]" time="0.0020165443420410156"></testcase><testcase classname="src.pymortests.vectorarray" file="src/pymortests/vectorarray.py" line="981" name="test_scal_wrong_ind[1-&lt;lambda&gt;19]" time="0.0030782222747802734"></testcase><testcase classname="src.pymortests.vectorarray" file="src/pymortests/vectorarray.py" line="981" name="test_scal_wrong_ind[1-&lt;lambda&gt;20]" time="0.012717723846435547"></testcase><testcase classname="src.pymortests.vectorarray" file="src/pymortests/vectorarray.py" line="981" name="test_scal_wrong_ind[1-&lt;lambda&gt;21]" time="0.028183698654174805"></testcase><testcase classname="src.pymortests.vectorarray" file="src/pymortests/vectorarray.py" line="981" name="test_scal_wrong_ind[1-&lt;lambda&gt;22]" time="0.0025093555450439453"></testcase><testcase classname="src.pymortests.vectorarray" file="src/pymortests/vectorarray.py" line="981" name="test_scal_wrong_ind[1-&lt;lambda&gt;23]" time="0.0017218589782714844"></testcase><testcase classname="src.pymortests.vectorarray" file="src/pymortests/vectorarray.py" line="981" name="test_scal_wrong_ind[1-&lt;lambda&gt;24]" time="0.0028128623962402344"></testcase><testcase classname="src.pymortests.vectorarray" file="src/pymortests/vectorarray.py" line="981" name="test_scal_wrong_ind[1-&lt;lambda&gt;25]" time="0.027158260345458984"></testcase><testcase classname="src.pymortests.vectorarray" file="src/pymortests/vectorarray.py" line="981" name="test_scal_wrong_ind[1-&lt;lambda&gt;26]" time="0.061808109283447266"></testcase><testcase classname="src.pymortests.vectorarray" file="src/pymortests/vectorarray.py" line="981" name="test_scal_wrong_ind[2-&lt;lambda&gt;0]" time="0.002720355987548828"></testcase><testcase classname="src.pymortests.vectorarray" file="src/pymortests/vectorarray.py" line="981" name="test_scal_wrong_ind[2-&lt;lambda&gt;1]" time="0.0018310546875"></testcase><testcase classname="src.pymortests.vectorarray" file="src/pymortests/vectorarray.py" line="981" name="test_scal_wrong_ind[2-&lt;lambda&gt;2]" time="0.0017993450164794922"></testcase><testcase classname="src.pymortests.vectorarray" file="src/pymortests/vectorarray.py" line="981" name="test_scal_wrong_ind[2-&lt;lambda&gt;3]" time="0.001833200454711914"></testcase><testcase classname="src.pymortests.vectorarray" file="src/pymortests/vectorarray.py" line="981" name="test_scal_wrong_ind[2-&lt;lambda&gt;4]" time="0.0017805099487304688"></testcase><testcase classname="src.pymortests.vectorarray" file="src/pymortests/vectorarray.py" line="981" name="test_scal_wrong_ind[2-&lt;lambda&gt;5]" time="0.0017104148864746094"></testcase><testcase classname="src.pymortests.vectorarray" file="src/pymortests/vectorarray.py" line="981" name="test_scal_wrong_ind[2-&lt;lambda&gt;6]" time="0.0016486644744873047"></testcase><testcase classname="src.pymortests.vectorarray" file="src/pymortests/vectorarray.py" line="981" name="test_scal_wrong_ind[2-&lt;lambda&gt;7]" time="0.0017580986022949219"></testcase><testcase classname="src.pymortests.vectorarray" file="src/pymortests/vectorarray.py" line="981" name="test_scal_wrong_ind[2-&lt;lambda&gt;8]" time="0.005276679992675781"></testcase><testcase classname="src.pymortests.vectorarray" file="src/pymortests/vectorarray.py" line="981" name="test_scal_wrong_ind[2-&lt;lambda&gt;9]" time="0.01031041145324707"></testcase><testcase classname="src.pymortests.vectorarray" file="src/pymortests/vectorarray.py" line="981" name="test_scal_wrong_ind[2-&lt;lambda&gt;10]" time="0.002314329147338867"></testcase><testcase classname="src.pymortests.vectorarray" file="src/pymortests/vectorarray.py" line="981" name="test_scal_wrong_ind[2-&lt;lambda&gt;11]" time="0.002245664596557617"></testcase><testcase classname="src.pymortests.vectorarray" file="src/pymortests/vectorarray.py" line="981" name="test_scal_wrong_ind[2-&lt;lambda&gt;12]" time="0.002285480499267578"></testcase><testcase classname="src.pymortests.vectorarray" file="src/pymortests/vectorarray.py" line="981" name="test_scal_wrong_ind[2-&lt;lambda&gt;13]" time="0.002078533172607422"></testcase><testcase classname="src.pymortests.vectorarray" file="src/pymortests/vectorarray.py" line="981" name="test_scal_wrong_ind[2-&lt;lambda&gt;14]" time="0.0022110939025878906"></testcase><testcase classname="src.pymortests.vectorarray" file="src/pymortests/vectorarray.py" line="981" name="test_scal_wrong_ind[2-&lt;lambda&gt;15]" time="0.0024099349975585938"></testcase><testcase classname="src.pymortests.vectorarray" file="src/pymortests/vectorarray.py" line="981" name="test_scal_wrong_ind[2-&lt;lambda&gt;16]" time="0.0024008750915527344"></testcase><testcase classname="src.pymortests.vectorarray" file="src/pymortests/vectorarray.py" line="981" name="test_scal_wrong_ind[2-&lt;lambda&gt;17]" time="0.002033710479736328"></testcase><testcase classname="src.pymortests.vectorarray" file="src/pymortests/vectorarray.py" line="981" name="test_scal_wrong_ind[2-&lt;lambda&gt;18]" time="0.001990795135498047"></testcase><testcase classname="src.pymortests.vectorarray" file="src/pymortests/vectorarray.py" line="981" name="test_scal_wrong_ind[2-&lt;lambda&gt;19]" time="0.0030171871185302734"></testcase><testcase classname="src.pymortests.vectorarray" file="src/pymortests/vectorarray.py" line="981" name="test_scal_wrong_ind[2-&lt;lambda&gt;20]" time="0.013129472732543945"></testcase><testcase classname="src.pymortests.vectorarray" file="src/pymortests/vectorarray.py" line="981" name="test_scal_wrong_ind[2-&lt;lambda&gt;21]" time="0.028017044067382812"></testcase><testcase classname="src.pymortests.vectorarray" file="src/pymortests/vectorarray.py" line="981" name="test_scal_wrong_ind[2-&lt;lambda&gt;22]" time="0.002648591995239258"></testcase><testcase classname="src.pymortests.vectorarray" file="src/pymortests/vectorarray.py" line="981" name="test_scal_wrong_ind[2-&lt;lambda&gt;23]" time="0.001737356185913086"></testcase><testcase classname="src.pymortests.vectorarray" file="src/pymortests/vectorarray.py" line="981" name="test_scal_wrong_ind[2-&lt;lambda&gt;24]" time="0.0027582645416259766"></testcase><testcase classname="src.pymortests.vectorarray" file="src/pymortests/vectorarray.py" line="981" name="test_scal_wrong_ind[2-&lt;lambda&gt;25]" time="0.027248144149780273"></testcase><testcase classname="src.pymortests.vectorarray" file="src/pymortests/vectorarray.py" line="981" name="test_scal_wrong_ind[2-&lt;lambda&gt;26]" time="0.06174421310424805"></testcase><testcase classname="src.pymortests.vectorarray" file="src/pymortests/vectorarray.py" line="998" name="test_scal_wrong_coefficients[0-&lt;lambda&gt;0]" time="0.002507925033569336"></testcase><testcase classname="src.pymortests.vectorarray" file="src/pymortests/vectorarray.py" line="998" name="test_scal_wrong_coefficients[0-&lt;lambda&gt;1]" time="0.001653432846069336"></testcase><testcase classname="src.pymortests.vectorarray" file="src/pymortests/vectorarray.py" line="998" name="test_scal_wrong_coefficients[0-&lt;lambda&gt;2]" time="0.0023789405822753906"></testcase><testcase classname="src.pymortests.vectorarray" file="src/pymortests/vectorarray.py" line="998" name="test_scal_wrong_coefficients[0-&lt;lambda&gt;3]" time="0.0031032562255859375"></testcase><testcase classname="src.pymortests.vectorarray" file="src/pymortests/vectorarray.py" line="998" name="test_scal_wrong_coefficients[0-&lt;lambda&gt;4]" time="0.0040280818939208984"></testcase><testcase classname="src.pymortests.vectorarray" file="src/pymortests/vectorarray.py" line="998" name="test_scal_wrong_coefficients[0-&lt;lambda&gt;5]" time="0.0016052722930908203"></testcase><testcase classname="src.pymortests.vectorarray" file="src/pymortests/vectorarray.py" line="998" name="test_scal_wrong_coefficients[0-&lt;lambda&gt;6]" time="0.0015292167663574219"></testcase><testcase classname="src.pymortests.vectorarray" file="src/pymortests/vectorarray.py" line="998" name="test_scal_wrong_coefficients[0-&lt;lambda&gt;7]" time="0.0023703575134277344"></testcase><testcase classname="src.pymortests.vectorarray" file="src/pymortests/vectorarray.py" line="998" name="test_scal_wrong_coefficients[0-&lt;lambda&gt;8]" time="0.003345966339111328"></testcase><testcase classname="src.pymortests.vectorarray" file="src/pymortests/vectorarray.py" line="998" name="test_scal_wrong_coefficients[0-&lt;lambda&gt;9]" time="0.004504680633544922"></testcase><testcase classname="src.pymortests.vectorarray" file="src/pymortests/vectorarray.py" line="998" name="test_scal_wrong_coefficients[0-&lt;lambda&gt;10]" time="0.0018589496612548828"></testcase><testcase classname="src.pymortests.vectorarray" file="src/pymortests/vectorarray.py" line="998" name="test_scal_wrong_coefficients[0-&lt;lambda&gt;11]" time="0.0032677650451660156"></testcase><testcase classname="src.pymortests.vectorarray" file="src/pymortests/vectorarray.py" line="998" name="test_scal_wrong_coefficients[0-&lt;lambda&gt;12]" time="0.003322124481201172"></testcase><testcase classname="src.pymortests.vectorarray" file="src/pymortests/vectorarray.py" line="998" name="test_scal_wrong_coefficients[0-&lt;lambda&gt;13]" time="0.0025582313537597656"></testcase><testcase classname="src.pymortests.vectorarray" file="src/pymortests/vectorarray.py" line="998" name="test_scal_wrong_coefficients[0-&lt;lambda&gt;14]" time="0.0033702850341796875"></testcase><testcase classname="src.pymortests.vectorarray" file="src/pymortests/vectorarray.py" line="998" name="test_scal_wrong_coefficients[0-&lt;lambda&gt;15]" time="0.004675149917602539"></testcase><testcase classname="src.pymortests.vectorarray" file="src/pymortests/vectorarray.py" line="998" name="test_scal_wrong_coefficients[0-&lt;lambda&gt;16]" time="0.006388187408447266"></testcase><testcase classname="src.pymortests.vectorarray" file="src/pymortests/vectorarray.py" line="998" name="test_scal_wrong_coefficients[0-&lt;lambda&gt;17]" time="0.0022270679473876953"></testcase><testcase classname="src.pymortests.vectorarray" file="src/pymortests/vectorarray.py" line="998" name="test_scal_wrong_coefficients[0-&lt;lambda&gt;18]" time="0.001920461654663086"></testcase><testcase classname="src.pymortests.vectorarray" file="src/pymortests/vectorarray.py" line="998" name="test_scal_wrong_coefficients[0-&lt;lambda&gt;19]" time="0.0037736892700195312"></testcase><testcase classname="src.pymortests.vectorarray" file="src/pymortests/vectorarray.py" line="998" name="test_scal_wrong_coefficients[0-&lt;lambda&gt;20]" time="0.011044979095458984"></testcase><testcase classname="src.pymortests.vectorarray" file="src/pymortests/vectorarray.py" line="998" name="test_scal_wrong_coefficients[0-&lt;lambda&gt;21]" time="0.021631479263305664"></testcase><testcase classname="src.pymortests.vectorarray" file="src/pymortests/vectorarray.py" line="998" name="test_scal_wrong_coefficients[0-&lt;lambda&gt;22]" time="0.0023686885833740234"></testcase><testcase classname="src.pymortests.vectorarray" file="src/pymortests/vectorarray.py" line="998" name="test_scal_wrong_coefficients[0-&lt;lambda&gt;23]" time="0.0016016960144042969"></testcase><testcase classname="src.pymortests.vectorarray" file="src/pymortests/vectorarray.py" line="998" name="test_scal_wrong_coefficients[0-&lt;lambda&gt;24]" time="0.003330707550048828"></testcase><testcase classname="src.pymortests.vectorarray" file="src/pymortests/vectorarray.py" line="998" name="test_scal_wrong_coefficients[0-&lt;lambda&gt;25]" time="0.025419235229492188"></testcase><testcase classname="src.pymortests.vectorarray" file="src/pymortests/vectorarray.py" line="998" name="test_scal_wrong_coefficients[0-&lt;lambda&gt;26]" time="0.0567164421081543"></testcase><testcase classname="src.pymortests.vectorarray" file="src/pymortests/vectorarray.py" line="998" name="test_scal_wrong_coefficients[1-&lt;lambda&gt;0]" time="0.002416372299194336"></testcase><testcase classname="src.pymortests.vectorarray" file="src/pymortests/vectorarray.py" line="998" name="test_scal_wrong_coefficients[1-&lt;lambda&gt;1]" time="0.0016326904296875"></testcase><testcase classname="src.pymortests.vectorarray" file="src/pymortests/vectorarray.py" line="998" name="test_scal_wrong_coefficients[1-&lt;lambda&gt;2]" time="0.0024497509002685547"></testcase><testcase classname="src.pymortests.vectorarray" file="src/pymortests/vectorarray.py" line="998" name="test_scal_wrong_coefficients[1-&lt;lambda&gt;3]" time="0.0031707286834716797"></testcase><testcase classname="src.pymortests.vectorarray" file="src/pymortests/vectorarray.py" line="998" name="test_scal_wrong_coefficients[1-&lt;lambda&gt;4]" time="0.0040471553802490234"></testcase><testcase classname="src.pymortests.vectorarray" file="src/pymortests/vectorarray.py" line="998" name="test_scal_wrong_coefficients[1-&lt;lambda&gt;5]" time="0.0015897750854492188"></testcase><testcase classname="src.pymortests.vectorarray" file="src/pymortests/vectorarray.py" line="998" name="test_scal_wrong_coefficients[1-&lt;lambda&gt;6]" time="0.0016047954559326172"></testcase><testcase classname="src.pymortests.vectorarray" file="src/pymortests/vectorarray.py" line="998" name="test_scal_wrong_coefficients[1-&lt;lambda&gt;7]" time="0.00243377685546875"></testcase><testcase classname="src.pymortests.vectorarray" file="src/pymortests/vectorarray.py" line="998" name="test_scal_wrong_coefficients[1-&lt;lambda&gt;8]" time="0.0035071372985839844"></testcase><testcase classname="src.pymortests.vectorarray" file="src/pymortests/vectorarray.py" line="998" name="test_scal_wrong_coefficients[1-&lt;lambda&gt;9]" time="0.004897356033325195"></testcase><testcase classname="src.pymortests.vectorarray" file="src/pymortests/vectorarray.py" line="998" name="test_scal_wrong_coefficients[1-&lt;lambda&gt;10]" time="0.0018672943115234375"></testcase><testcase classname="src.pymortests.vectorarray" file="src/pymortests/vectorarray.py" line="998" name="test_scal_wrong_coefficients[1-&lt;lambda&gt;11]" time="0.003292083740234375"></testcase><testcase classname="src.pymortests.vectorarray" file="src/pymortests/vectorarray.py" line="998" name="test_scal_wrong_coefficients[1-&lt;lambda&gt;12]" time="0.0031881332397460938"></testcase><testcase classname="src.pymortests.vectorarray" file="src/pymortests/vectorarray.py" line="998" name="test_scal_wrong_coefficients[1-&lt;lambda&gt;13]" time="0.002629518508911133"></testcase><testcase classname="src.pymortests.vectorarray" file="src/pymortests/vectorarray.py" line="998" name="test_scal_wrong_coefficients[1-&lt;lambda&gt;14]" time="0.0031583309173583984"></testcase><testcase classname="src.pymortests.vectorarray" file="src/pymortests/vectorarray.py" line="998" name="test_scal_wrong_coefficients[1-&lt;lambda&gt;15]" time="0.0048182010650634766"></testcase><testcase classname="src.pymortests.vectorarray" file="src/pymortests/vectorarray.py" line="998" name="test_scal_wrong_coefficients[1-&lt;lambda&gt;16]" time="0.0064961910247802734"></testcase><testcase classname="src.pymortests.vectorarray" file="src/pymortests/vectorarray.py" line="998" name="test_scal_wrong_coefficients[1-&lt;lambda&gt;17]" time="0.0020813941955566406"></testcase><testcase classname="src.pymortests.vectorarray" file="src/pymortests/vectorarray.py" line="998" name="test_scal_wrong_coefficients[1-&lt;lambda&gt;18]" time="0.0019135475158691406"></testcase><testcase classname="src.pymortests.vectorarray" file="src/pymortests/vectorarray.py" line="998" name="test_scal_wrong_coefficients[1-&lt;lambda&gt;19]" time="0.003636598587036133"></testcase><testcase classname="src.pymortests.vectorarray" file="src/pymortests/vectorarray.py" line="998" name="test_scal_wrong_coefficients[1-&lt;lambda&gt;20]" time="0.013847589492797852"></testcase><testcase classname="src.pymortests.vectorarray" file="src/pymortests/vectorarray.py" line="998" name="test_scal_wrong_coefficients[1-&lt;lambda&gt;21]" time="0.022841930389404297"></testcase><testcase classname="src.pymortests.vectorarray" file="src/pymortests/vectorarray.py" line="998" name="test_scal_wrong_coefficients[1-&lt;lambda&gt;22]" time="0.002305746078491211"></testcase><testcase classname="src.pymortests.vectorarray" file="src/pymortests/vectorarray.py" line="998" name="test_scal_wrong_coefficients[1-&lt;lambda&gt;23]" time="0.0015773773193359375"></testcase><testcase classname="src.pymortests.vectorarray" file="src/pymortests/vectorarray.py" line="998" name="test_scal_wrong_coefficients[1-&lt;lambda&gt;24]" time="0.0033507347106933594"></testcase><testcase classname="src.pymortests.vectorarray" file="src/pymortests/vectorarray.py" line="998" name="test_scal_wrong_coefficients[1-&lt;lambda&gt;25]" time="0.025809526443481445"></testcase><testcase classname="src.pymortests.vectorarray" file="src/pymortests/vectorarray.py" line="998" name="test_scal_wrong_coefficients[1-&lt;lambda&gt;26]" time="0.05618882179260254"></testcase><testcase classname="src.pymortests.vectorarray" file="src/pymortests/vectorarray.py" line="998" name="test_scal_wrong_coefficients[2-&lt;lambda&gt;0]" time="0.002376079559326172"></testcase><testcase classname="src.pymortests.vectorarray" file="src/pymortests/vectorarray.py" line="998" name="test_scal_wrong_coefficients[2-&lt;lambda&gt;1]" time="0.0016334056854248047"></testcase><testcase classname="src.pymortests.vectorarray" file="src/pymortests/vectorarray.py" line="998" name="test_scal_wrong_coefficients[2-&lt;lambda&gt;2]" time="0.0024254322052001953"></testcase><testcase classname="src.pymortests.vectorarray" file="src/pymortests/vectorarray.py" line="998" name="test_scal_wrong_coefficients[2-&lt;lambda&gt;3]" time="0.0032241344451904297"></testcase><testcase classname="src.pymortests.vectorarray" file="src/pymortests/vectorarray.py" line="998" name="test_scal_wrong_coefficients[2-&lt;lambda&gt;4]" time="0.0039272308349609375"></testcase><testcase classname="src.pymortests.vectorarray" file="src/pymortests/vectorarray.py" line="998" name="test_scal_wrong_coefficients[2-&lt;lambda&gt;5]" time="0.0015916824340820312"></testcase><testcase classname="src.pymortests.vectorarray" file="src/pymortests/vectorarray.py" line="998" name="test_scal_wrong_coefficients[2-&lt;lambda&gt;6]" time="0.0015625953674316406"></testcase><testcase classname="src.pymortests.vectorarray" file="src/pymortests/vectorarray.py" line="998" name="test_scal_wrong_coefficients[2-&lt;lambda&gt;7]" time="0.002434968948364258"></testcase><testcase classname="src.pymortests.vectorarray" file="src/pymortests/vectorarray.py" line="998" name="test_scal_wrong_coefficients[2-&lt;lambda&gt;8]" time="0.0036149024963378906"></testcase><testcase classname="src.pymortests.vectorarray" file="src/pymortests/vectorarray.py" line="998" name="test_scal_wrong_coefficients[2-&lt;lambda&gt;9]" time="0.005120515823364258"></testcase><testcase classname="src.pymortests.vectorarray" file="src/pymortests/vectorarray.py" line="998" name="test_scal_wrong_coefficients[2-&lt;lambda&gt;10]" time="0.001973390579223633"></testcase><testcase classname="src.pymortests.vectorarray" file="src/pymortests/vectorarray.py" line="998" name="test_scal_wrong_coefficients[2-&lt;lambda&gt;11]" time="0.003336668014526367"></testcase><testcase classname="src.pymortests.vectorarray" file="src/pymortests/vectorarray.py" line="998" name="test_scal_wrong_coefficients[2-&lt;lambda&gt;12]" time="0.003186941146850586"></testcase><testcase classname="src.pymortests.vectorarray" file="src/pymortests/vectorarray.py" line="998" name="test_scal_wrong_coefficients[2-&lt;lambda&gt;13]" time="0.0026633739471435547"></testcase><testcase classname="src.pymortests.vectorarray" file="src/pymortests/vectorarray.py" line="998" name="test_scal_wrong_coefficients[2-&lt;lambda&gt;14]" time="0.0032989978790283203"></testcase><testcase classname="src.pymortests.vectorarray" file="src/pymortests/vectorarray.py" line="998" name="test_scal_wrong_coefficients[2-&lt;lambda&gt;15]" time="0.004925251007080078"></testcase><testcase classname="src.pymortests.vectorarray" file="src/pymortests/vectorarray.py" line="998" name="test_scal_wrong_coefficients[2-&lt;lambda&gt;16]" time="0.0064544677734375"></testcase><testcase classname="src.pymortests.vectorarray" file="src/pymortests/vectorarray.py" line="998" name="test_scal_wrong_coefficients[2-&lt;lambda&gt;17]" time="0.002119302749633789"></testcase><testcase classname="src.pymortests.vectorarray" file="src/pymortests/vectorarray.py" line="998" name="test_scal_wrong_coefficients[2-&lt;lambda&gt;18]" time="0.0019922256469726562"></testcase><testcase classname="src.pymortests.vectorarray" file="src/pymortests/vectorarray.py" line="998" name="test_scal_wrong_coefficients[2-&lt;lambda&gt;19]" time="0.003724336624145508"></testcase><testcase classname="src.pymortests.vectorarray" file="src/pymortests/vectorarray.py" line="998" name="test_scal_wrong_coefficients[2-&lt;lambda&gt;20]" time="0.011225700378417969"></testcase><testcase classname="src.pymortests.vectorarray" file="src/pymortests/vectorarray.py" line="998" name="test_scal_wrong_coefficients[2-&lt;lambda&gt;21]" time="0.02314138412475586"></testcase><testcase classname="src.pymortests.vectorarray" file="src/pymortests/vectorarray.py" line="998" name="test_scal_wrong_coefficients[2-&lt;lambda&gt;22]" time="0.0022814273834228516"></testcase><testcase classname="src.pymortests.vectorarray" file="src/pymortests/vectorarray.py" line="998" name="test_scal_wrong_coefficients[2-&lt;lambda&gt;23]" time="0.0015730857849121094"></testcase><testcase classname="src.pymortests.vectorarray" file="src/pymortests/vectorarray.py" line="998" name="test_scal_wrong_coefficients[2-&lt;lambda&gt;24]" time="0.0035851001739501953"></testcase><testcase classname="src.pymortests.vectorarray" file="src/pymortests/vectorarray.py" line="998" name="test_scal_wrong_coefficients[2-&lt;lambda&gt;25]" time="0.025402307510375977"></testcase><testcase classname="src.pymortests.vectorarray" file="src/pymortests/vectorarray.py" line="998" name="test_scal_wrong_coefficients[2-&lt;lambda&gt;26]" time="0.05640363693237305"></testcase><testcase classname="src.pymortests.vectorarray" file="src/pymortests/vectorarray.py" line="1009" name="test_axpy_wrong_ind[compatible_vector_array_pair0-&lt;lambda&gt;0]" time="0.00325775146484375"></testcase><testcase classname="src.pymortests.vectorarray" file="src/pymortests/vectorarray.py" line="1009" name="test_axpy_wrong_ind[compatible_vector_array_pair0-&lt;lambda&gt;1]" time="0.0026464462280273438"></testcase><testcase classname="src.pymortests.vectorarray" file="src/pymortests/vectorarray.py" line="1009" name="test_axpy_wrong_ind[compatible_vector_array_pair0-&lt;lambda&gt;2]" time="0.007851362228393555"></testcase><testcase classname="src.pymortests.vectorarray" file="src/pymortests/vectorarray.py" line="1009" name="test_axpy_wrong_ind[compatible_vector_array_pair0-&lt;lambda&gt;3]" time="0.010101556777954102"></testcase><testcase classname="src.pymortests.vectorarray" file="src/pymortests/vectorarray.py" line="1009" name="test_axpy_wrong_ind[compatible_vector_array_pair0-&lt;lambda&gt;4]" time="0.014367103576660156"></testcase><testcase classname="src.pymortests.vectorarray" file="src/pymortests/vectorarray.py" line="1009" name="test_axpy_wrong_ind[compatible_vector_array_pair0-&lt;lambda&gt;5]" time="0.00571441650390625"></testcase><testcase classname="src.pymortests.vectorarray" file="src/pymortests/vectorarray.py" line="1009" name="test_axpy_wrong_ind[compatible_vector_array_pair0-&lt;lambda&gt;6]" time="0.00223541259765625"></testcase><testcase classname="src.pymortests.vectorarray" file="src/pymortests/vectorarray.py" line="1009" name="test_axpy_wrong_ind[compatible_vector_array_pair0-&lt;lambda&gt;7]" time="0.002645730972290039"></testcase><testcase classname="src.pymortests.vectorarray" file="src/pymortests/vectorarray.py" line="1009" name="test_axpy_wrong_ind[compatible_vector_array_pair0-&lt;lambda&gt;8]" time="0.022629737854003906"></testcase><testcase classname="src.pymortests.vectorarray" file="src/pymortests/vectorarray.py" line="1009" name="test_axpy_wrong_ind[compatible_vector_array_pair0-&lt;lambda&gt;9]" time="0.038787126541137695"></testcase><testcase classname="src.pymortests.vectorarray" file="src/pymortests/vectorarray.py" line="1009" name="test_axpy_wrong_ind[compatible_vector_array_pair0-&lt;lambda&gt;10]" time="0.12434530258178711"></testcase><testcase classname="src.pymortests.vectorarray" file="src/pymortests/vectorarray.py" line="1009" name="test_axpy_wrong_ind[compatible_vector_array_pair0-&lt;lambda&gt;11]" time="0.008056640625"></testcase><testcase classname="src.pymortests.vectorarray" file="src/pymortests/vectorarray.py" line="1009" name="test_axpy_wrong_ind[compatible_vector_array_pair0-&lt;lambda&gt;12]" time="0.0036199092864990234"></testcase><testcase classname="src.pymortests.vectorarray" file="src/pymortests/vectorarray.py" line="1009" name="test_axpy_wrong_ind[compatible_vector_array_pair0-&lt;lambda&gt;13]" time="0.008436918258666992"></testcase><testcase classname="src.pymortests.vectorarray" file="src/pymortests/vectorarray.py" line="1009" name="test_axpy_wrong_ind[compatible_vector_array_pair0-&lt;lambda&gt;14]" time="0.00857686996459961"></testcase><testcase classname="src.pymortests.vectorarray" file="src/pymortests/vectorarray.py" line="1009" name="test_axpy_wrong_ind[compatible_vector_array_pair0-&lt;lambda&gt;15]" time="0.01554417610168457"></testcase><testcase classname="src.pymortests.vectorarray" file="src/pymortests/vectorarray.py" line="1009" name="test_axpy_wrong_ind[compatible_vector_array_pair0-&lt;lambda&gt;16]" time="0.023397445678710938"></testcase><testcase classname="src.pymortests.vectorarray" file="src/pymortests/vectorarray.py" line="1009" name="test_axpy_wrong_ind[compatible_vector_array_pair0-&lt;lambda&gt;17]" time="0.032129526138305664"></testcase><testcase classname="src.pymortests.vectorarray" file="src/pymortests/vectorarray.py" line="1009" name="test_axpy_wrong_ind[compatible_vector_array_pair0-&lt;lambda&gt;18]" time="0.003974437713623047"></testcase><testcase classname="src.pymortests.vectorarray" file="src/pymortests/vectorarray.py" line="1009" name="test_axpy_wrong_ind[compatible_vector_array_pair0-&lt;lambda&gt;19]" time="0.0035338401794433594"></testcase><testcase classname="src.pymortests.vectorarray" file="src/pymortests/vectorarray.py" line="1009" name="test_axpy_wrong_ind[compatible_vector_array_pair0-&lt;lambda&gt;20]" time="0.04677534103393555"></testcase><testcase classname="src.pymortests.vectorarray" file="src/pymortests/vectorarray.py" line="1009" name="test_axpy_wrong_ind[compatible_vector_array_pair0-&lt;lambda&gt;21]" time="0.04819464683532715"></testcase><testcase classname="src.pymortests.vectorarray" file="src/pymortests/vectorarray.py" line="1009" name="test_axpy_wrong_ind[compatible_vector_array_pair0-&lt;lambda&gt;22]" time="0.16082358360290527"></testcase><testcase classname="src.pymortests.vectorarray" file="src/pymortests/vectorarray.py" line="1009" name="test_axpy_wrong_ind[compatible_vector_array_pair0-&lt;lambda&gt;23]" time="0.008964061737060547"></testcase><testcase classname="src.pymortests.vectorarray" file="src/pymortests/vectorarray.py" line="1009" name="test_axpy_wrong_ind[compatible_vector_array_pair0-&lt;lambda&gt;24]" time="0.0022363662719726562"></testcase><testcase classname="src.pymortests.vectorarray" file="src/pymortests/vectorarray.py" line="1009" name="test_axpy_wrong_ind[compatible_vector_array_pair0-&lt;lambda&gt;25]" time="0.003509044647216797"></testcase><testcase classname="src.pymortests.vectorarray" file="src/pymortests/vectorarray.py" line="1009" name="test_axpy_wrong_ind[compatible_vector_array_pair0-&lt;lambda&gt;26]" time="0.041695356369018555"></testcase><testcase classname="src.pymortests.vectorarray" file="src/pymortests/vectorarray.py" line="1009" name="test_axpy_wrong_ind[compatible_vector_array_pair0-&lt;lambda&gt;27]" time="0.06460857391357422"></testcase><testcase classname="src.pymortests.vectorarray" file="src/pymortests/vectorarray.py" line="1009" name="test_axpy_wrong_ind[compatible_vector_array_pair0-&lt;lambda&gt;28]" time="0.22488737106323242"></testcase><testcase classname="src.pymortests.vectorarray" file="src/pymortests/vectorarray.py" line="1009" name="test_axpy_wrong_ind[compatible_vector_array_pair0-&lt;lambda&gt;29]" time="0.010647058486938477"></testcase><testcase classname="src.pymortests.vectorarray" file="src/pymortests/vectorarray.py" line="1009" name="test_axpy_wrong_ind[compatible_vector_array_pair1-&lt;lambda&gt;0]" time="0.002423524856567383"></testcase><testcase classname="src.pymortests.vectorarray" file="src/pymortests/vectorarray.py" line="1009" name="test_axpy_wrong_ind[compatible_vector_array_pair1-&lt;lambda&gt;1]" time="0.0026328563690185547"></testcase><testcase classname="src.pymortests.vectorarray" file="src/pymortests/vectorarray.py" line="1009" name="test_axpy_wrong_ind[compatible_vector_array_pair1-&lt;lambda&gt;2]" time="0.007266998291015625"></testcase><testcase classname="src.pymortests.vectorarray" file="src/pymortests/vectorarray.py" line="1009" name="test_axpy_wrong_ind[compatible_vector_array_pair1-&lt;lambda&gt;3]" time="0.009914398193359375"></testcase><testcase classname="src.pymortests.vectorarray" file="src/pymortests/vectorarray.py" line="1009" name="test_axpy_wrong_ind[compatible_vector_array_pair1-&lt;lambda&gt;4]" time="0.014115333557128906"></testcase><testcase classname="src.pymortests.vectorarray" file="src/pymortests/vectorarray.py" line="1009" name="test_axpy_wrong_ind[compatible_vector_array_pair1-&lt;lambda&gt;5]" time="0.005602121353149414"></testcase><testcase classname="src.pymortests.vectorarray" file="src/pymortests/vectorarray.py" line="1009" name="test_axpy_wrong_ind[compatible_vector_array_pair1-&lt;lambda&gt;6]" time="0.002162456512451172"></testcase><testcase classname="src.pymortests.vectorarray" file="src/pymortests/vectorarray.py" line="1009" name="test_axpy_wrong_ind[compatible_vector_array_pair1-&lt;lambda&gt;7]" time="0.0026285648345947266"></testcase><testcase classname="src.pymortests.vectorarray" file="src/pymortests/vectorarray.py" line="1009" name="test_axpy_wrong_ind[compatible_vector_array_pair1-&lt;lambda&gt;8]" time="0.02234482765197754"></testcase><testcase classname="src.pymortests.vectorarray" file="src/pymortests/vectorarray.py" line="1009" name="test_axpy_wrong_ind[compatible_vector_array_pair1-&lt;lambda&gt;9]" time="0.038703203201293945"></testcase><testcase classname="src.pymortests.vectorarray" file="src/pymortests/vectorarray.py" line="1009" name="test_axpy_wrong_ind[compatible_vector_array_pair1-&lt;lambda&gt;10]" time="0.12386727333068848"></testcase><testcase classname="src.pymortests.vectorarray" file="src/pymortests/vectorarray.py" line="1009" name="test_axpy_wrong_ind[compatible_vector_array_pair1-&lt;lambda&gt;11]" time="0.007973670959472656"></testcase><testcase classname="src.pymortests.vectorarray" file="src/pymortests/vectorarray.py" line="1009" name="test_axpy_wrong_ind[compatible_vector_array_pair1-&lt;lambda&gt;12]" time="0.0035970211029052734"></testcase><testcase classname="src.pymortests.vectorarray" file="src/pymortests/vectorarray.py" line="1009" name="test_axpy_wrong_ind[compatible_vector_array_pair1-&lt;lambda&gt;13]" time="0.008367300033569336"></testcase><testcase classname="src.pymortests.vectorarray" file="src/pymortests/vectorarray.py" line="1009" name="test_axpy_wrong_ind[compatible_vector_array_pair1-&lt;lambda&gt;14]" time="0.008643627166748047"></testcase><testcase classname="src.pymortests.vectorarray" file="src/pymortests/vectorarray.py" line="1009" name="test_axpy_wrong_ind[compatible_vector_array_pair1-&lt;lambda&gt;15]" time="0.015408515930175781"></testcase><testcase classname="src.pymortests.vectorarray" file="src/pymortests/vectorarray.py" line="1009" name="test_axpy_wrong_ind[compatible_vector_array_pair1-&lt;lambda&gt;16]" time="0.023558378219604492"></testcase><testcase classname="src.pymortests.vectorarray" file="src/pymortests/vectorarray.py" line="1009" name="test_axpy_wrong_ind[compatible_vector_array_pair1-&lt;lambda&gt;17]" time="0.0321354866027832"></testcase><testcase classname="src.pymortests.vectorarray" file="src/pymortests/vectorarray.py" line="1009" name="test_axpy_wrong_ind[compatible_vector_array_pair1-&lt;lambda&gt;18]" time="0.003950595855712891"></testcase><testcase classname="src.pymortests.vectorarray" file="src/pymortests/vectorarray.py" line="1009" name="test_axpy_wrong_ind[compatible_vector_array_pair1-&lt;lambda&gt;19]" time="0.003506898880004883"></testcase><testcase classname="src.pymortests.vectorarray" file="src/pymortests/vectorarray.py" line="1009" name="test_axpy_wrong_ind[compatible_vector_array_pair1-&lt;lambda&gt;20]" time="0.04587411880493164"></testcase><testcase classname="src.pymortests.vectorarray" file="src/pymortests/vectorarray.py" line="1009" name="test_axpy_wrong_ind[compatible_vector_array_pair1-&lt;lambda&gt;21]" time="0.04783892631530762"></testcase><testcase classname="src.pymortests.vectorarray" file="src/pymortests/vectorarray.py" line="1009" name="test_axpy_wrong_ind[compatible_vector_array_pair1-&lt;lambda&gt;22]" time="0.15862202644348145"></testcase><testcase classname="src.pymortests.vectorarray" file="src/pymortests/vectorarray.py" line="1009" name="test_axpy_wrong_ind[compatible_vector_array_pair1-&lt;lambda&gt;23]" time="0.009035348892211914"></testcase><testcase classname="src.pymortests.vectorarray" file="src/pymortests/vectorarray.py" line="1009" name="test_axpy_wrong_ind[compatible_vector_array_pair1-&lt;lambda&gt;24]" time="0.0022640228271484375"></testcase><testcase classname="src.pymortests.vectorarray" file="src/pymortests/vectorarray.py" line="1009" name="test_axpy_wrong_ind[compatible_vector_array_pair1-&lt;lambda&gt;25]" time="0.0035657882690429688"></testcase><testcase classname="src.pymortests.vectorarray" file="src/pymortests/vectorarray.py" line="1009" name="test_axpy_wrong_ind[compatible_vector_array_pair1-&lt;lambda&gt;26]" time="0.04478788375854492"></testcase><testcase classname="src.pymortests.vectorarray" file="src/pymortests/vectorarray.py" line="1009" name="test_axpy_wrong_ind[compatible_vector_array_pair1-&lt;lambda&gt;27]" time="0.06473541259765625"></testcase><testcase classname="src.pymortests.vectorarray" file="src/pymortests/vectorarray.py" line="1009" name="test_axpy_wrong_ind[compatible_vector_array_pair1-&lt;lambda&gt;28]" time="0.22576451301574707"></testcase><testcase classname="src.pymortests.vectorarray" file="src/pymortests/vectorarray.py" line="1009" name="test_axpy_wrong_ind[compatible_vector_array_pair1-&lt;lambda&gt;29]" time="0.010586977005004883"></testcase><testcase classname="src.pymortests.vectorarray" file="src/pymortests/vectorarray.py" line="1009" name="test_axpy_wrong_ind[compatible_vector_array_pair2-&lt;lambda&gt;0]" time="0.0024268627166748047"></testcase><testcase classname="src.pymortests.vectorarray" file="src/pymortests/vectorarray.py" line="1009" name="test_axpy_wrong_ind[compatible_vector_array_pair2-&lt;lambda&gt;1]" time="0.002612590789794922"></testcase><testcase classname="src.pymortests.vectorarray" file="src/pymortests/vectorarray.py" line="1009" name="test_axpy_wrong_ind[compatible_vector_array_pair2-&lt;lambda&gt;2]" time="0.0072765350341796875"></testcase><testcase classname="src.pymortests.vectorarray" file="src/pymortests/vectorarray.py" line="1009" name="test_axpy_wrong_ind[compatible_vector_array_pair2-&lt;lambda&gt;3]" time="0.010291576385498047"></testcase><testcase classname="src.pymortests.vectorarray" file="src/pymortests/vectorarray.py" line="1009" name="test_axpy_wrong_ind[compatible_vector_array_pair2-&lt;lambda&gt;4]" time="0.014535188674926758"></testcase><testcase classname="src.pymortests.vectorarray" file="src/pymortests/vectorarray.py" line="1009" name="test_axpy_wrong_ind[compatible_vector_array_pair2-&lt;lambda&gt;5]" time="0.007004499435424805"></testcase><testcase classname="src.pymortests.vectorarray" file="src/pymortests/vectorarray.py" line="1009" name="test_axpy_wrong_ind[compatible_vector_array_pair2-&lt;lambda&gt;6]" time="0.0022437572479248047"></testcase><testcase classname="src.pymortests.vectorarray" file="src/pymortests/vectorarray.py" line="1009" name="test_axpy_wrong_ind[compatible_vector_array_pair2-&lt;lambda&gt;7]" time="0.002794027328491211"></testcase><testcase classname="src.pymortests.vectorarray" file="src/pymortests/vectorarray.py" line="1009" name="test_axpy_wrong_ind[compatible_vector_array_pair2-&lt;lambda&gt;8]" time="0.02254343032836914"></testcase><testcase classname="src.pymortests.vectorarray" file="src/pymortests/vectorarray.py" line="1009" name="test_axpy_wrong_ind[compatible_vector_array_pair2-&lt;lambda&gt;9]" time="0.038631439208984375"></testcase><testcase classname="src.pymortests.vectorarray" file="src/pymortests/vectorarray.py" line="1009" name="test_axpy_wrong_ind[compatible_vector_array_pair2-&lt;lambda&gt;10]" time="0.12502145767211914"></testcase><testcase classname="src.pymortests.vectorarray" file="src/pymortests/vectorarray.py" line="1009" name="test_axpy_wrong_ind[compatible_vector_array_pair2-&lt;lambda&gt;11]" time="0.008144855499267578"></testcase><testcase classname="src.pymortests.vectorarray" file="src/pymortests/vectorarray.py" line="1009" name="test_axpy_wrong_ind[compatible_vector_array_pair2-&lt;lambda&gt;12]" time="0.004697322845458984"></testcase><testcase classname="src.pymortests.vectorarray" file="src/pymortests/vectorarray.py" line="1009" name="test_axpy_wrong_ind[compatible_vector_array_pair2-&lt;lambda&gt;13]" time="0.008775711059570312"></testcase><testcase classname="src.pymortests.vectorarray" file="src/pymortests/vectorarray.py" line="1009" name="test_axpy_wrong_ind[compatible_vector_array_pair2-&lt;lambda&gt;14]" time="0.008769989013671875"></testcase><testcase classname="src.pymortests.vectorarray" file="src/pymortests/vectorarray.py" line="1009" name="test_axpy_wrong_ind[compatible_vector_array_pair2-&lt;lambda&gt;15]" time="0.015410661697387695"></testcase><testcase classname="src.pymortests.vectorarray" file="src/pymortests/vectorarray.py" line="1009" name="test_axpy_wrong_ind[compatible_vector_array_pair2-&lt;lambda&gt;16]" time="0.022600173950195312"></testcase><testcase classname="src.pymortests.vectorarray" file="src/pymortests/vectorarray.py" line="1009" name="test_axpy_wrong_ind[compatible_vector_array_pair2-&lt;lambda&gt;17]" time="0.032248735427856445"></testcase><testcase classname="src.pymortests.vectorarray" file="src/pymortests/vectorarray.py" line="1009" name="test_axpy_wrong_ind[compatible_vector_array_pair2-&lt;lambda&gt;18]" time="0.003904581069946289"></testcase><testcase classname="src.pymortests.vectorarray" file="src/pymortests/vectorarray.py" line="1009" name="test_axpy_wrong_ind[compatible_vector_array_pair2-&lt;lambda&gt;19]" time="0.003560781478881836"></testcase><testcase classname="src.pymortests.vectorarray" file="src/pymortests/vectorarray.py" line="1009" name="test_axpy_wrong_ind[compatible_vector_array_pair2-&lt;lambda&gt;20]" time="0.04684567451477051"></testcase><testcase classname="src.pymortests.vectorarray" file="src/pymortests/vectorarray.py" line="1009" name="test_axpy_wrong_ind[compatible_vector_array_pair2-&lt;lambda&gt;21]" time="0.0478212833404541"></testcase><testcase classname="src.pymortests.vectorarray" file="src/pymortests/vectorarray.py" line="1009" name="test_axpy_wrong_ind[compatible_vector_array_pair2-&lt;lambda&gt;22]" time="0.16179585456848145"></testcase><testcase classname="src.pymortests.vectorarray" file="src/pymortests/vectorarray.py" line="1009" name="test_axpy_wrong_ind[compatible_vector_array_pair2-&lt;lambda&gt;23]" time="0.009135961532592773"></testcase><testcase classname="src.pymortests.vectorarray" file="src/pymortests/vectorarray.py" line="1009" name="test_axpy_wrong_ind[compatible_vector_array_pair2-&lt;lambda&gt;24]" time="0.003168821334838867"></testcase><testcase classname="src.pymortests.vectorarray" file="src/pymortests/vectorarray.py" line="1009" name="test_axpy_wrong_ind[compatible_vector_array_pair2-&lt;lambda&gt;25]" time="0.0037224292755126953"></testcase><testcase classname="src.pymortests.vectorarray" file="src/pymortests/vectorarray.py" line="1009" name="test_axpy_wrong_ind[compatible_vector_array_pair2-&lt;lambda&gt;26]" time="0.04221749305725098"></testcase><testcase classname="src.pymortests.vectorarray" file="src/pymortests/vectorarray.py" line="1009" name="test_axpy_wrong_ind[compatible_vector_array_pair2-&lt;lambda&gt;27]" time="0.06514954566955566"></testcase><testcase classname="src.pymortests.vectorarray" file="src/pymortests/vectorarray.py" line="1009" name="test_axpy_wrong_ind[compatible_vector_array_pair2-&lt;lambda&gt;28]" time="0.22561264038085938"></testcase><testcase classname="src.pymortests.vectorarray" file="src/pymortests/vectorarray.py" line="1009" name="test_axpy_wrong_ind[compatible_vector_array_pair2-&lt;lambda&gt;29]" time="0.010765790939331055"></testcase><testcase classname="src.pymortests.vectorarray" file="src/pymortests/vectorarray.py" line="1009" name="test_axpy_wrong_ind[compatible_vector_array_pair3-&lt;lambda&gt;0]" time="0.003622770309448242"></testcase><testcase classname="src.pymortests.vectorarray" file="src/pymortests/vectorarray.py" line="1009" name="test_axpy_wrong_ind[compatible_vector_array_pair3-&lt;lambda&gt;1]" time="0.0026178359985351562"></testcase><testcase classname="src.pymortests.vectorarray" file="src/pymortests/vectorarray.py" line="1009" name="test_axpy_wrong_ind[compatible_vector_array_pair3-&lt;lambda&gt;2]" time="0.0073699951171875"></testcase><testcase classname="src.pymortests.vectorarray" file="src/pymortests/vectorarray.py" line="1009" name="test_axpy_wrong_ind[compatible_vector_array_pair3-&lt;lambda&gt;3]" time="0.010097026824951172"></testcase><testcase classname="src.pymortests.vectorarray" file="src/pymortests/vectorarray.py" line="1009" name="test_axpy_wrong_ind[compatible_vector_array_pair3-&lt;lambda&gt;4]" time="0.014580011367797852"></testcase><testcase classname="src.pymortests.vectorarray" file="src/pymortests/vectorarray.py" line="1009" name="test_axpy_wrong_ind[compatible_vector_array_pair3-&lt;lambda&gt;5]" time="0.0057370662689208984"></testcase><testcase classname="src.pymortests.vectorarray" file="src/pymortests/vectorarray.py" line="1009" name="test_axpy_wrong_ind[compatible_vector_array_pair3-&lt;lambda&gt;6]" time="0.0022363662719726562"></testcase><testcase classname="src.pymortests.vectorarray" file="src/pymortests/vectorarray.py" line="1009" name="test_axpy_wrong_ind[compatible_vector_array_pair3-&lt;lambda&gt;7]" time="0.0027081966400146484"></testcase><testcase classname="src.pymortests.vectorarray" file="src/pymortests/vectorarray.py" line="1009" name="test_axpy_wrong_ind[compatible_vector_array_pair3-&lt;lambda&gt;8]" time="0.022411584854125977"></testcase><testcase classname="src.pymortests.vectorarray" file="src/pymortests/vectorarray.py" line="1009" name="test_axpy_wrong_ind[compatible_vector_array_pair3-&lt;lambda&gt;9]" time="0.03867459297180176"></testcase><testcase classname="src.pymortests.vectorarray" file="src/pymortests/vectorarray.py" line="1009" name="test_axpy_wrong_ind[compatible_vector_array_pair3-&lt;lambda&gt;10]" time="0.12441754341125488"></testcase><testcase classname="src.pymortests.vectorarray" file="src/pymortests/vectorarray.py" line="1009" name="test_axpy_wrong_ind[compatible_vector_array_pair3-&lt;lambda&gt;11]" time="0.008038997650146484"></testcase><testcase classname="src.pymortests.vectorarray" file="src/pymortests/vectorarray.py" line="1009" name="test_axpy_wrong_ind[compatible_vector_array_pair3-&lt;lambda&gt;12]" time="0.003564596176147461"></testcase><testcase classname="src.pymortests.vectorarray" file="src/pymortests/vectorarray.py" line="1009" name="test_axpy_wrong_ind[compatible_vector_array_pair3-&lt;lambda&gt;13]" time="0.008330821990966797"></testcase><testcase classname="src.pymortests.vectorarray" file="src/pymortests/vectorarray.py" line="1009" name="test_axpy_wrong_ind[compatible_vector_array_pair3-&lt;lambda&gt;14]" time="0.008619546890258789"></testcase><testcase classname="src.pymortests.vectorarray" file="src/pymortests/vectorarray.py" line="1009" name="test_axpy_wrong_ind[compatible_vector_array_pair3-&lt;lambda&gt;15]" time="0.01566791534423828"></testcase><testcase classname="src.pymortests.vectorarray" file="src/pymortests/vectorarray.py" line="1009" name="test_axpy_wrong_ind[compatible_vector_array_pair3-&lt;lambda&gt;16]" time="0.023548603057861328"></testcase><testcase classname="src.pymortests.vectorarray" file="src/pymortests/vectorarray.py" line="1009" name="test_axpy_wrong_ind[compatible_vector_array_pair3-&lt;lambda&gt;17]" time="0.03228282928466797"></testcase><testcase classname="src.pymortests.vectorarray" file="src/pymortests/vectorarray.py" line="1009" name="test_axpy_wrong_ind[compatible_vector_array_pair3-&lt;lambda&gt;18]" time="0.003995180130004883"></testcase><testcase classname="src.pymortests.vectorarray" file="src/pymortests/vectorarray.py" line="1009" name="test_axpy_wrong_ind[compatible_vector_array_pair3-&lt;lambda&gt;19]" time="0.003424406051635742"></testcase><testcase classname="src.pymortests.vectorarray" file="src/pymortests/vectorarray.py" line="1009" name="test_axpy_wrong_ind[compatible_vector_array_pair3-&lt;lambda&gt;20]" time="0.04542708396911621"></testcase><testcase classname="src.pymortests.vectorarray" file="src/pymortests/vectorarray.py" line="1009" name="test_axpy_wrong_ind[compatible_vector_array_pair3-&lt;lambda&gt;21]" time="0.04793715476989746"></testcase><testcase classname="src.pymortests.vectorarray" file="src/pymortests/vectorarray.py" line="1009" name="test_axpy_wrong_ind[compatible_vector_array_pair3-&lt;lambda&gt;22]" time="0.15900468826293945"></testcase><testcase classname="src.pymortests.vectorarray" file="src/pymortests/vectorarray.py" line="1009" name="test_axpy_wrong_ind[compatible_vector_array_pair3-&lt;lambda&gt;23]" time="0.00899195671081543"></testcase><testcase classname="src.pymortests.vectorarray" file="src/pymortests/vectorarray.py" line="1009" name="test_axpy_wrong_ind[compatible_vector_array_pair3-&lt;lambda&gt;24]" time="0.0022716522216796875"></testcase><testcase classname="src.pymortests.vectorarray" file="src/pymortests/vectorarray.py" line="1009" name="test_axpy_wrong_ind[compatible_vector_array_pair3-&lt;lambda&gt;25]" time="0.006046772003173828"></testcase><testcase classname="src.pymortests.vectorarray" file="src/pymortests/vectorarray.py" line="1009" name="test_axpy_wrong_ind[compatible_vector_array_pair3-&lt;lambda&gt;26]" time="0.04162478446960449"></testcase><testcase classname="src.pymortests.vectorarray" file="src/pymortests/vectorarray.py" line="1009" name="test_axpy_wrong_ind[compatible_vector_array_pair3-&lt;lambda&gt;27]" time="0.06542134284973145"></testcase><testcase classname="src.pymortests.vectorarray" file="src/pymortests/vectorarray.py" line="1009" name="test_axpy_wrong_ind[compatible_vector_array_pair3-&lt;lambda&gt;28]" time="0.22581100463867188"></testcase><testcase classname="src.pymortests.vectorarray" file="src/pymortests/vectorarray.py" line="1009" name="test_axpy_wrong_ind[compatible_vector_array_pair3-&lt;lambda&gt;29]" time="0.010741710662841797"></testcase><testcase classname="src.pymortests.vectorarray" file="src/pymortests/vectorarray.py" line="1009" name="test_axpy_wrong_ind[compatible_vector_array_pair4-&lt;lambda&gt;0]" time="0.002512693405151367"></testcase><testcase classname="src.pymortests.vectorarray" file="src/pymortests/vectorarray.py" line="1009" name="test_axpy_wrong_ind[compatible_vector_array_pair4-&lt;lambda&gt;1]" time="0.002615213394165039"></testcase><testcase classname="src.pymortests.vectorarray" file="src/pymortests/vectorarray.py" line="1009" name="test_axpy_wrong_ind[compatible_vector_array_pair4-&lt;lambda&gt;2]" time="0.0071904659271240234"></testcase><testcase classname="src.pymortests.vectorarray" file="src/pymortests/vectorarray.py" line="1009" name="test_axpy_wrong_ind[compatible_vector_array_pair4-&lt;lambda&gt;3]" time="0.010027408599853516"></testcase><testcase classname="src.pymortests.vectorarray" file="src/pymortests/vectorarray.py" line="1009" name="test_axpy_wrong_ind[compatible_vector_array_pair4-&lt;lambda&gt;4]" time="0.014400959014892578"></testcase><testcase classname="src.pymortests.vectorarray" file="src/pymortests/vectorarray.py" line="1009" name="test_axpy_wrong_ind[compatible_vector_array_pair4-&lt;lambda&gt;5]" time="0.006922245025634766"></testcase><testcase classname="src.pymortests.vectorarray" file="src/pymortests/vectorarray.py" line="1009" name="test_axpy_wrong_ind[compatible_vector_array_pair4-&lt;lambda&gt;6]" time="0.0023522377014160156"></testcase><testcase classname="src.pymortests.vectorarray" file="src/pymortests/vectorarray.py" line="1009" name="test_axpy_wrong_ind[compatible_vector_array_pair4-&lt;lambda&gt;7]" time="0.002764463424682617"></testcase><testcase classname="src.pymortests.vectorarray" file="src/pymortests/vectorarray.py" line="1009" name="test_axpy_wrong_ind[compatible_vector_array_pair4-&lt;lambda&gt;8]" time="0.022396326065063477"></testcase><testcase classname="src.pymortests.vectorarray" file="src/pymortests/vectorarray.py" line="1009" name="test_axpy_wrong_ind[compatible_vector_array_pair4-&lt;lambda&gt;9]" time="0.03850412368774414"></testcase><testcase classname="src.pymortests.vectorarray" file="src/pymortests/vectorarray.py" line="1009" name="test_axpy_wrong_ind[compatible_vector_array_pair4-&lt;lambda&gt;10]" time="0.12437891960144043"></testcase><testcase classname="src.pymortests.vectorarray" file="src/pymortests/vectorarray.py" line="1009" name="test_axpy_wrong_ind[compatible_vector_array_pair4-&lt;lambda&gt;11]" time="0.008168697357177734"></testcase><testcase classname="src.pymortests.vectorarray" file="src/pymortests/vectorarray.py" line="1009" name="test_axpy_wrong_ind[compatible_vector_array_pair4-&lt;lambda&gt;12]" time="0.0036406517028808594"></testcase><testcase classname="src.pymortests.vectorarray" file="src/pymortests/vectorarray.py" line="1009" name="test_axpy_wrong_ind[compatible_vector_array_pair4-&lt;lambda&gt;13]" time="0.008543729782104492"></testcase><testcase classname="src.pymortests.vectorarray" file="src/pymortests/vectorarray.py" line="1009" name="test_axpy_wrong_ind[compatible_vector_array_pair4-&lt;lambda&gt;14]" time="0.008774995803833008"></testcase><testcase classname="src.pymortests.vectorarray" file="src/pymortests/vectorarray.py" line="1009" name="test_axpy_wrong_ind[compatible_vector_array_pair4-&lt;lambda&gt;15]" time="0.015510320663452148"></testcase><testcase classname="src.pymortests.vectorarray" file="src/pymortests/vectorarray.py" line="1009" name="test_axpy_wrong_ind[compatible_vector_array_pair4-&lt;lambda&gt;16]" time="0.023705482482910156"></testcase><testcase classname="src.pymortests.vectorarray" file="src/pymortests/vectorarray.py" line="1009" name="test_axpy_wrong_ind[compatible_vector_array_pair4-&lt;lambda&gt;17]" time="0.032106876373291016"></testcase><testcase classname="src.pymortests.vectorarray" file="src/pymortests/vectorarray.py" line="1009" name="test_axpy_wrong_ind[compatible_vector_array_pair4-&lt;lambda&gt;18]" time="0.003957986831665039"></testcase><testcase classname="src.pymortests.vectorarray" file="src/pymortests/vectorarray.py" line="1009" name="test_axpy_wrong_ind[compatible_vector_array_pair4-&lt;lambda&gt;19]" time="0.003583192825317383"></testcase><testcase classname="src.pymortests.vectorarray" file="src/pymortests/vectorarray.py" line="1009" name="test_axpy_wrong_ind[compatible_vector_array_pair4-&lt;lambda&gt;20]" time="0.04566001892089844"></testcase><testcase classname="src.pymortests.vectorarray" file="src/pymortests/vectorarray.py" line="1009" name="test_axpy_wrong_ind[compatible_vector_array_pair4-&lt;lambda&gt;21]" time="0.04805135726928711"></testcase><testcase classname="src.pymortests.vectorarray" file="src/pymortests/vectorarray.py" line="1009" name="test_axpy_wrong_ind[compatible_vector_array_pair4-&lt;lambda&gt;22]" time="0.1610105037689209"></testcase><testcase classname="src.pymortests.vectorarray" file="src/pymortests/vectorarray.py" line="1009" name="test_axpy_wrong_ind[compatible_vector_array_pair4-&lt;lambda&gt;23]" time="0.009176492691040039"></testcase><testcase classname="src.pymortests.vectorarray" file="src/pymortests/vectorarray.py" line="1009" name="test_axpy_wrong_ind[compatible_vector_array_pair4-&lt;lambda&gt;24]" time="0.0022454261779785156"></testcase><testcase classname="src.pymortests.vectorarray" file="src/pymortests/vectorarray.py" line="1009" name="test_axpy_wrong_ind[compatible_vector_array_pair4-&lt;lambda&gt;25]" time="0.0035507678985595703"></testcase><testcase classname="src.pymortests.vectorarray" file="src/pymortests/vectorarray.py" line="1009" name="test_axpy_wrong_ind[compatible_vector_array_pair4-&lt;lambda&gt;26]" time="0.04145026206970215"></testcase><testcase classname="src.pymortests.vectorarray" file="src/pymortests/vectorarray.py" line="1009" name="test_axpy_wrong_ind[compatible_vector_array_pair4-&lt;lambda&gt;27]" time="0.06536078453063965"></testcase><testcase classname="src.pymortests.vectorarray" file="src/pymortests/vectorarray.py" line="1009" name="test_axpy_wrong_ind[compatible_vector_array_pair4-&lt;lambda&gt;28]" time="0.22455906867980957"></testcase><testcase classname="src.pymortests.vectorarray" file="src/pymortests/vectorarray.py" line="1009" name="test_axpy_wrong_ind[compatible_vector_array_pair4-&lt;lambda&gt;29]" time="0.010485649108886719"></testcase><testcase classname="src.pymortests.vectorarray" file="src/pymortests/vectorarray.py" line="1009" name="test_axpy_wrong_ind[compatible_vector_array_pair5-&lt;lambda&gt;0]" time="0.0024788379669189453"></testcase><testcase classname="src.pymortests.vectorarray" file="src/pymortests/vectorarray.py" line="1009" name="test_axpy_wrong_ind[compatible_vector_array_pair5-&lt;lambda&gt;1]" time="0.0027146339416503906"></testcase><testcase classname="src.pymortests.vectorarray" file="src/pymortests/vectorarray.py" line="1009" name="test_axpy_wrong_ind[compatible_vector_array_pair5-&lt;lambda&gt;2]" time="0.007330656051635742"></testcase><testcase classname="src.pymortests.vectorarray" file="src/pymortests/vectorarray.py" line="1009" name="test_axpy_wrong_ind[compatible_vector_array_pair5-&lt;lambda&gt;3]" time="0.010242700576782227"></testcase><testcase classname="src.pymortests.vectorarray" file="src/pymortests/vectorarray.py" line="1009" name="test_axpy_wrong_ind[compatible_vector_array_pair5-&lt;lambda&gt;4]" time="0.01443171501159668"></testcase><testcase classname="src.pymortests.vectorarray" file="src/pymortests/vectorarray.py" line="1009" name="test_axpy_wrong_ind[compatible_vector_array_pair5-&lt;lambda&gt;5]" time="0.0071980953216552734"></testcase><testcase classname="src.pymortests.vectorarray" file="src/pymortests/vectorarray.py" line="1009" name="test_axpy_wrong_ind[compatible_vector_array_pair5-&lt;lambda&gt;6]" time="0.0023355484008789062"></testcase><testcase classname="src.pymortests.vectorarray" file="src/pymortests/vectorarray.py" line="1009" name="test_axpy_wrong_ind[compatible_vector_array_pair5-&lt;lambda&gt;7]" time="0.0028929710388183594"></testcase><testcase classname="src.pymortests.vectorarray" file="src/pymortests/vectorarray.py" line="1009" name="test_axpy_wrong_ind[compatible_vector_array_pair5-&lt;lambda&gt;8]" time="0.02300095558166504"></testcase><testcase classname="src.pymortests.vectorarray" file="src/pymortests/vectorarray.py" line="1009" name="test_axpy_wrong_ind[compatible_vector_array_pair5-&lt;lambda&gt;9]" time="0.03917717933654785"></testcase><testcase classname="src.pymortests.vectorarray" file="src/pymortests/vectorarray.py" line="1009" name="test_axpy_wrong_ind[compatible_vector_array_pair5-&lt;lambda&gt;10]" time="0.12476181983947754"></testcase><testcase classname="src.pymortests.vectorarray" file="src/pymortests/vectorarray.py" line="1009" name="test_axpy_wrong_ind[compatible_vector_array_pair5-&lt;lambda&gt;11]" time="0.008066415786743164"></testcase><testcase classname="src.pymortests.vectorarray" file="src/pymortests/vectorarray.py" line="1009" name="test_axpy_wrong_ind[compatible_vector_array_pair5-&lt;lambda&gt;12]" time="0.004729747772216797"></testcase><testcase classname="src.pymortests.vectorarray" file="src/pymortests/vectorarray.py" line="1009" name="test_axpy_wrong_ind[compatible_vector_array_pair5-&lt;lambda&gt;13]" time="0.008644342422485352"></testcase><testcase classname="src.pymortests.vectorarray" file="src/pymortests/vectorarray.py" line="1009" name="test_axpy_wrong_ind[compatible_vector_array_pair5-&lt;lambda&gt;14]" time="0.008707046508789062"></testcase><testcase classname="src.pymortests.vectorarray" file="src/pymortests/vectorarray.py" line="1009" name="test_axpy_wrong_ind[compatible_vector_array_pair5-&lt;lambda&gt;15]" time="0.015366315841674805"></testcase><testcase classname="src.pymortests.vectorarray" file="src/pymortests/vectorarray.py" line="1009" name="test_axpy_wrong_ind[compatible_vector_array_pair5-&lt;lambda&gt;16]" time="0.022177696228027344"></testcase><testcase classname="src.pymortests.vectorarray" file="src/pymortests/vectorarray.py" line="1009" name="test_axpy_wrong_ind[compatible_vector_array_pair5-&lt;lambda&gt;17]" time="0.03212404251098633"></testcase><testcase classname="src.pymortests.vectorarray" file="src/pymortests/vectorarray.py" line="1009" name="test_axpy_wrong_ind[compatible_vector_array_pair5-&lt;lambda&gt;18]" time="0.0039670467376708984"></testcase><testcase classname="src.pymortests.vectorarray" file="src/pymortests/vectorarray.py" line="1009" name="test_axpy_wrong_ind[compatible_vector_array_pair5-&lt;lambda&gt;19]" time="0.0035986900329589844"></testcase><testcase classname="src.pymortests.vectorarray" file="src/pymortests/vectorarray.py" line="1009" name="test_axpy_wrong_ind[compatible_vector_array_pair5-&lt;lambda&gt;20]" time="0.04607248306274414"></testcase><testcase classname="src.pymortests.vectorarray" file="src/pymortests/vectorarray.py" line="1009" name="test_axpy_wrong_ind[compatible_vector_array_pair5-&lt;lambda&gt;21]" time="0.04788661003112793"></testcase><testcase classname="src.pymortests.vectorarray" file="src/pymortests/vectorarray.py" line="1009" name="test_axpy_wrong_ind[compatible_vector_array_pair5-&lt;lambda&gt;22]" time="0.15874075889587402"></testcase><testcase classname="src.pymortests.vectorarray" file="src/pymortests/vectorarray.py" line="1009" name="test_axpy_wrong_ind[compatible_vector_array_pair5-&lt;lambda&gt;23]" time="0.008922815322875977"></testcase><testcase classname="src.pymortests.vectorarray" file="src/pymortests/vectorarray.py" line="1009" name="test_axpy_wrong_ind[compatible_vector_array_pair5-&lt;lambda&gt;24]" time="0.0023424625396728516"></testcase><testcase classname="src.pymortests.vectorarray" file="src/pymortests/vectorarray.py" line="1009" name="test_axpy_wrong_ind[compatible_vector_array_pair5-&lt;lambda&gt;25]" time="0.0035812854766845703"></testcase><testcase classname="src.pymortests.vectorarray" file="src/pymortests/vectorarray.py" line="1009" name="test_axpy_wrong_ind[compatible_vector_array_pair5-&lt;lambda&gt;26]" time="0.041703224182128906"></testcase><testcase classname="src.pymortests.vectorarray" file="src/pymortests/vectorarray.py" line="1009" name="test_axpy_wrong_ind[compatible_vector_array_pair5-&lt;lambda&gt;27]" time="0.06495428085327148"></testcase><testcase classname="src.pymortests.vectorarray" file="src/pymortests/vectorarray.py" line="1009" name="test_axpy_wrong_ind[compatible_vector_array_pair5-&lt;lambda&gt;28]" time="0.2258913516998291"></testcase><testcase classname="src.pymortests.vectorarray" file="src/pymortests/vectorarray.py" line="1009" name="test_axpy_wrong_ind[compatible_vector_array_pair5-&lt;lambda&gt;29]" time="0.010551214218139648"></testcase><testcase classname="src.pymortests.vectorarray" file="src/pymortests/vectorarray.py" line="1009" name="test_axpy_wrong_ind[compatible_vector_array_pair6-&lt;lambda&gt;0]" time="0.0023975372314453125"></testcase><testcase classname="src.pymortests.vectorarray" file="src/pymortests/vectorarray.py" line="1009" name="test_axpy_wrong_ind[compatible_vector_array_pair6-&lt;lambda&gt;1]" time="0.0026068687438964844"></testcase><testcase classname="src.pymortests.vectorarray" file="src/pymortests/vectorarray.py" line="1009" name="test_axpy_wrong_ind[compatible_vector_array_pair6-&lt;lambda&gt;2]" time="0.0071794986724853516"></testcase><testcase classname="src.pymortests.vectorarray" file="src/pymortests/vectorarray.py" line="1009" name="test_axpy_wrong_ind[compatible_vector_array_pair6-&lt;lambda&gt;3]" time="0.009964227676391602"></testcase><testcase classname="src.pymortests.vectorarray" file="src/pymortests/vectorarray.py" line="1009" name="test_axpy_wrong_ind[compatible_vector_array_pair6-&lt;lambda&gt;4]" time="0.014210939407348633"></testcase><testcase classname="src.pymortests.vectorarray" file="src/pymortests/vectorarray.py" line="1009" name="test_axpy_wrong_ind[compatible_vector_array_pair6-&lt;lambda&gt;5]" time="0.005636930465698242"></testcase><testcase classname="src.pymortests.vectorarray" file="src/pymortests/vectorarray.py" line="1009" name="test_axpy_wrong_ind[compatible_vector_array_pair6-&lt;lambda&gt;6]" time="0.0021715164184570312"></testcase><testcase classname="src.pymortests.vectorarray" file="src/pymortests/vectorarray.py" line="1009" name="test_axpy_wrong_ind[compatible_vector_array_pair6-&lt;lambda&gt;7]" time="0.002633810043334961"></testcase><testcase classname="src.pymortests.vectorarray" file="src/pymortests/vectorarray.py" line="1009" name="test_axpy_wrong_ind[compatible_vector_array_pair6-&lt;lambda&gt;8]" time="0.02216482162475586"></testcase><testcase classname="src.pymortests.vectorarray" file="src/pymortests/vectorarray.py" line="1009" name="test_axpy_wrong_ind[compatible_vector_array_pair6-&lt;lambda&gt;9]" time="0.03867530822753906"></testcase><testcase classname="src.pymortests.vectorarray" file="src/pymortests/vectorarray.py" line="1009" name="test_axpy_wrong_ind[compatible_vector_array_pair6-&lt;lambda&gt;10]" time="0.12394213676452637"></testcase><testcase classname="src.pymortests.vectorarray" file="src/pymortests/vectorarray.py" line="1009" name="test_axpy_wrong_ind[compatible_vector_array_pair6-&lt;lambda&gt;11]" time="0.007938623428344727"></testcase><testcase classname="src.pymortests.vectorarray" file="src/pymortests/vectorarray.py" line="1009" name="test_axpy_wrong_ind[compatible_vector_array_pair6-&lt;lambda&gt;12]" time="0.0036325454711914062"></testcase><testcase classname="src.pymortests.vectorarray" file="src/pymortests/vectorarray.py" line="1009" name="test_axpy_wrong_ind[compatible_vector_array_pair6-&lt;lambda&gt;13]" time="0.008457660675048828"></testcase><testcase classname="src.pymortests.vectorarray" file="src/pymortests/vectorarray.py" line="1009" name="test_axpy_wrong_ind[compatible_vector_array_pair6-&lt;lambda&gt;14]" time="0.00862884521484375"></testcase><testcase classname="src.pymortests.vectorarray" file="src/pymortests/vectorarray.py" line="1009" name="test_axpy_wrong_ind[compatible_vector_array_pair6-&lt;lambda&gt;15]" time="0.015487432479858398"></testcase><testcase classname="src.pymortests.vectorarray" file="src/pymortests/vectorarray.py" line="1009" name="test_axpy_wrong_ind[compatible_vector_array_pair6-&lt;lambda&gt;16]" time="0.02349996566772461"></testcase><testcase classname="src.pymortests.vectorarray" file="src/pymortests/vectorarray.py" line="1009" name="test_axpy_wrong_ind[compatible_vector_array_pair6-&lt;lambda&gt;17]" time="0.031920671463012695"></testcase><testcase classname="src.pymortests.vectorarray" file="src/pymortests/vectorarray.py" line="1009" name="test_axpy_wrong_ind[compatible_vector_array_pair6-&lt;lambda&gt;18]" time="0.0041027069091796875"></testcase><testcase classname="src.pymortests.vectorarray" file="src/pymortests/vectorarray.py" line="1009" name="test_axpy_wrong_ind[compatible_vector_array_pair6-&lt;lambda&gt;19]" time="0.0038492679595947266"></testcase><testcase classname="src.pymortests.vectorarray" file="src/pymortests/vectorarray.py" line="1009" name="test_axpy_wrong_ind[compatible_vector_array_pair6-&lt;lambda&gt;20]" time="0.04558444023132324"></testcase><testcase classname="src.pymortests.vectorarray" file="src/pymortests/vectorarray.py" line="1009" name="test_axpy_wrong_ind[compatible_vector_array_pair6-&lt;lambda&gt;21]" time="0.04827427864074707"></testcase><testcase classname="src.pymortests.vectorarray" file="src/pymortests/vectorarray.py" line="1009" name="test_axpy_wrong_ind[compatible_vector_array_pair6-&lt;lambda&gt;22]" time="0.16092348098754883"></testcase><testcase classname="src.pymortests.vectorarray" file="src/pymortests/vectorarray.py" line="1009" name="test_axpy_wrong_ind[compatible_vector_array_pair6-&lt;lambda&gt;23]" time="0.009037017822265625"></testcase><testcase classname="src.pymortests.vectorarray" file="src/pymortests/vectorarray.py" line="1009" name="test_axpy_wrong_ind[compatible_vector_array_pair6-&lt;lambda&gt;24]" time="0.0022516250610351562"></testcase><testcase classname="src.pymortests.vectorarray" file="src/pymortests/vectorarray.py" line="1009" name="test_axpy_wrong_ind[compatible_vector_array_pair6-&lt;lambda&gt;25]" time="0.0035712718963623047"></testcase><testcase classname="src.pymortests.vectorarray" file="src/pymortests/vectorarray.py" line="1009" name="test_axpy_wrong_ind[compatible_vector_array_pair6-&lt;lambda&gt;26]" time="0.0413820743560791"></testcase><testcase classname="src.pymortests.vectorarray" file="src/pymortests/vectorarray.py" line="1009" name="test_axpy_wrong_ind[compatible_vector_array_pair6-&lt;lambda&gt;27]" time="0.06474804878234863"></testcase><testcase classname="src.pymortests.vectorarray" file="src/pymortests/vectorarray.py" line="1009" name="test_axpy_wrong_ind[compatible_vector_array_pair6-&lt;lambda&gt;28]" time="0.22588753700256348"></testcase><testcase classname="src.pymortests.vectorarray" file="src/pymortests/vectorarray.py" line="1009" name="test_axpy_wrong_ind[compatible_vector_array_pair6-&lt;lambda&gt;29]" time="0.010396242141723633"></testcase><testcase classname="src.pymortests.vectorarray" file="src/pymortests/vectorarray.py" line="1009" name="test_axpy_wrong_ind[compatible_vector_array_pair7-&lt;lambda&gt;0]" time="0.0024051666259765625"></testcase><testcase classname="src.pymortests.vectorarray" file="src/pymortests/vectorarray.py" line="1009" name="test_axpy_wrong_ind[compatible_vector_array_pair7-&lt;lambda&gt;1]" time="0.0027129650115966797"></testcase><testcase classname="src.pymortests.vectorarray" file="src/pymortests/vectorarray.py" line="1009" name="test_axpy_wrong_ind[compatible_vector_array_pair7-&lt;lambda&gt;2]" time="0.007300615310668945"></testcase><testcase classname="src.pymortests.vectorarray" file="src/pymortests/vectorarray.py" line="1009" name="test_axpy_wrong_ind[compatible_vector_array_pair7-&lt;lambda&gt;3]" time="0.010112524032592773"></testcase><testcase classname="src.pymortests.vectorarray" file="src/pymortests/vectorarray.py" line="1009" name="test_axpy_wrong_ind[compatible_vector_array_pair7-&lt;lambda&gt;4]" time="0.014616012573242188"></testcase><testcase classname="src.pymortests.vectorarray" file="src/pymortests/vectorarray.py" line="1009" name="test_axpy_wrong_ind[compatible_vector_array_pair7-&lt;lambda&gt;5]" time="0.0070514678955078125"></testcase><testcase classname="src.pymortests.vectorarray" file="src/pymortests/vectorarray.py" line="1009" name="test_axpy_wrong_ind[compatible_vector_array_pair7-&lt;lambda&gt;6]" time="0.0022957324981689453"></testcase><testcase classname="src.pymortests.vectorarray" file="src/pymortests/vectorarray.py" line="1009" name="test_axpy_wrong_ind[compatible_vector_array_pair7-&lt;lambda&gt;7]" time="0.002802610397338867"></testcase><testcase classname="src.pymortests.vectorarray" file="src/pymortests/vectorarray.py" line="1009" name="test_axpy_wrong_ind[compatible_vector_array_pair7-&lt;lambda&gt;8]" time="0.0228121280670166"></testcase><testcase classname="src.pymortests.vectorarray" file="src/pymortests/vectorarray.py" line="1009" name="test_axpy_wrong_ind[compatible_vector_array_pair7-&lt;lambda&gt;9]" time="0.038585662841796875"></testcase><testcase classname="src.pymortests.vectorarray" file="src/pymortests/vectorarray.py" line="1009" name="test_axpy_wrong_ind[compatible_vector_array_pair7-&lt;lambda&gt;10]" time="0.1248173713684082"></testcase><testcase classname="src.pymortests.vectorarray" file="src/pymortests/vectorarray.py" line="1009" name="test_axpy_wrong_ind[compatible_vector_array_pair7-&lt;lambda&gt;11]" time="0.007921695709228516"></testcase><testcase classname="src.pymortests.vectorarray" file="src/pymortests/vectorarray.py" line="1009" name="test_axpy_wrong_ind[compatible_vector_array_pair7-&lt;lambda&gt;12]" time="0.0038154125213623047"></testcase><testcase classname="src.pymortests.vectorarray" file="src/pymortests/vectorarray.py" line="1009" name="test_axpy_wrong_ind[compatible_vector_array_pair7-&lt;lambda&gt;13]" time="0.008649349212646484"></testcase><testcase classname="src.pymortests.vectorarray" file="src/pymortests/vectorarray.py" line="1009" name="test_axpy_wrong_ind[compatible_vector_array_pair7-&lt;lambda&gt;14]" time="0.008895158767700195"></testcase><testcase classname="src.pymortests.vectorarray" file="src/pymortests/vectorarray.py" line="1009" name="test_axpy_wrong_ind[compatible_vector_array_pair7-&lt;lambda&gt;15]" time="0.01559758186340332"></testcase><testcase classname="src.pymortests.vectorarray" file="src/pymortests/vectorarray.py" line="1009" name="test_axpy_wrong_ind[compatible_vector_array_pair7-&lt;lambda&gt;16]" time="0.0235748291015625"></testcase><testcase classname="src.pymortests.vectorarray" file="src/pymortests/vectorarray.py" line="1009" name="test_axpy_wrong_ind[compatible_vector_array_pair7-&lt;lambda&gt;17]" time="0.0319063663482666"></testcase><testcase classname="src.pymortests.vectorarray" file="src/pymortests/vectorarray.py" line="1009" name="test_axpy_wrong_ind[compatible_vector_array_pair7-&lt;lambda&gt;18]" time="0.003956794738769531"></testcase><testcase classname="src.pymortests.vectorarray" file="src/pymortests/vectorarray.py" line="1009" name="test_axpy_wrong_ind[compatible_vector_array_pair7-&lt;lambda&gt;19]" time="0.00351715087890625"></testcase><testcase classname="src.pymortests.vectorarray" file="src/pymortests/vectorarray.py" line="1009" name="test_axpy_wrong_ind[compatible_vector_array_pair7-&lt;lambda&gt;20]" time="0.046346426010131836"></testcase><testcase classname="src.pymortests.vectorarray" file="src/pymortests/vectorarray.py" line="1009" name="test_axpy_wrong_ind[compatible_vector_array_pair7-&lt;lambda&gt;21]" time="0.0478668212890625"></testcase><testcase classname="src.pymortests.vectorarray" file="src/pymortests/vectorarray.py" line="1009" name="test_axpy_wrong_ind[compatible_vector_array_pair7-&lt;lambda&gt;22]" time="0.15900206565856934"></testcase><testcase classname="src.pymortests.vectorarray" file="src/pymortests/vectorarray.py" line="1009" name="test_axpy_wrong_ind[compatible_vector_array_pair7-&lt;lambda&gt;23]" time="0.011843204498291016"></testcase><testcase classname="src.pymortests.vectorarray" file="src/pymortests/vectorarray.py" line="1009" name="test_axpy_wrong_ind[compatible_vector_array_pair7-&lt;lambda&gt;24]" time="0.002290487289428711"></testcase><testcase classname="src.pymortests.vectorarray" file="src/pymortests/vectorarray.py" line="1009" name="test_axpy_wrong_ind[compatible_vector_array_pair7-&lt;lambda&gt;25]" time="0.0036165714263916016"></testcase><testcase classname="src.pymortests.vectorarray" file="src/pymortests/vectorarray.py" line="1009" name="test_axpy_wrong_ind[compatible_vector_array_pair7-&lt;lambda&gt;26]" time="0.04168415069580078"></testcase><testcase classname="src.pymortests.vectorarray" file="src/pymortests/vectorarray.py" line="1009" name="test_axpy_wrong_ind[compatible_vector_array_pair7-&lt;lambda&gt;27]" time="0.06507706642150879"></testcase><testcase classname="src.pymortests.vectorarray" file="src/pymortests/vectorarray.py" line="1009" name="test_axpy_wrong_ind[compatible_vector_array_pair7-&lt;lambda&gt;28]" time="0.22562122344970703"></testcase><testcase classname="src.pymortests.vectorarray" file="src/pymortests/vectorarray.py" line="1009" name="test_axpy_wrong_ind[compatible_vector_array_pair7-&lt;lambda&gt;29]" time="0.010405540466308594"></testcase><testcase classname="src.pymortests.vectorarray" file="src/pymortests/vectorarray.py" line="1009" name="test_axpy_wrong_ind[compatible_vector_array_pair8-&lt;lambda&gt;0]" time="0.0024225711822509766"></testcase><testcase classname="src.pymortests.vectorarray" file="src/pymortests/vectorarray.py" line="1009" name="test_axpy_wrong_ind[compatible_vector_array_pair8-&lt;lambda&gt;1]" time="0.002635955810546875"></testcase><testcase classname="src.pymortests.vectorarray" file="src/pymortests/vectorarray.py" line="1009" name="test_axpy_wrong_ind[compatible_vector_array_pair8-&lt;lambda&gt;2]" time="0.007253885269165039"></testcase><testcase classname="src.pymortests.vectorarray" file="src/pymortests/vectorarray.py" line="1009" name="test_axpy_wrong_ind[compatible_vector_array_pair8-&lt;lambda&gt;3]" time="0.010182857513427734"></testcase><testcase classname="src.pymortests.vectorarray" file="src/pymortests/vectorarray.py" line="1009" name="test_axpy_wrong_ind[compatible_vector_array_pair8-&lt;lambda&gt;4]" time="0.014393806457519531"></testcase><testcase classname="src.pymortests.vectorarray" file="src/pymortests/vectorarray.py" line="1009" name="test_axpy_wrong_ind[compatible_vector_array_pair8-&lt;lambda&gt;5]" time="0.006989240646362305"></testcase><testcase classname="src.pymortests.vectorarray" file="src/pymortests/vectorarray.py" line="1009" name="test_axpy_wrong_ind[compatible_vector_array_pair8-&lt;lambda&gt;6]" time="0.00225830078125"></testcase><testcase classname="src.pymortests.vectorarray" file="src/pymortests/vectorarray.py" line="1009" name="test_axpy_wrong_ind[compatible_vector_array_pair8-&lt;lambda&gt;7]" time="0.0027840137481689453"></testcase><testcase classname="src.pymortests.vectorarray" file="src/pymortests/vectorarray.py" line="1009" name="test_axpy_wrong_ind[compatible_vector_array_pair8-&lt;lambda&gt;8]" time="0.022403717041015625"></testcase><testcase classname="src.pymortests.vectorarray" file="src/pymortests/vectorarray.py" line="1009" name="test_axpy_wrong_ind[compatible_vector_array_pair8-&lt;lambda&gt;9]" time="0.03873324394226074"></testcase><testcase classname="src.pymortests.vectorarray" file="src/pymortests/vectorarray.py" line="1009" name="test_axpy_wrong_ind[compatible_vector_array_pair8-&lt;lambda&gt;10]" time="0.12431097030639648"></testcase><testcase classname="src.pymortests.vectorarray" file="src/pymortests/vectorarray.py" line="1009" name="test_axpy_wrong_ind[compatible_vector_array_pair8-&lt;lambda&gt;11]" time="0.007749080657958984"></testcase><testcase classname="src.pymortests.vectorarray" file="src/pymortests/vectorarray.py" line="1009" name="test_axpy_wrong_ind[compatible_vector_array_pair8-&lt;lambda&gt;12]" time="0.0036284923553466797"></testcase><testcase classname="src.pymortests.vectorarray" file="src/pymortests/vectorarray.py" line="1009" name="test_axpy_wrong_ind[compatible_vector_array_pair8-&lt;lambda&gt;13]" time="0.008702516555786133"></testcase><testcase classname="src.pymortests.vectorarray" file="src/pymortests/vectorarray.py" line="1009" name="test_axpy_wrong_ind[compatible_vector_array_pair8-&lt;lambda&gt;14]" time="0.009061098098754883"></testcase><testcase classname="src.pymortests.vectorarray" file="src/pymortests/vectorarray.py" line="1009" name="test_axpy_wrong_ind[compatible_vector_array_pair8-&lt;lambda&gt;15]" time="0.015529155731201172"></testcase><testcase classname="src.pymortests.vectorarray" file="src/pymortests/vectorarray.py" line="1009" name="test_axpy_wrong_ind[compatible_vector_array_pair8-&lt;lambda&gt;16]" time="0.023508071899414062"></testcase><testcase classname="src.pymortests.vectorarray" file="src/pymortests/vectorarray.py" line="1009" name="test_axpy_wrong_ind[compatible_vector_array_pair8-&lt;lambda&gt;17]" time="0.032018423080444336"></testcase><testcase classname="src.pymortests.vectorarray" file="src/pymortests/vectorarray.py" line="1009" name="test_axpy_wrong_ind[compatible_vector_array_pair8-&lt;lambda&gt;18]" time="0.004015684127807617"></testcase><testcase classname="src.pymortests.vectorarray" file="src/pymortests/vectorarray.py" line="1009" name="test_axpy_wrong_ind[compatible_vector_array_pair8-&lt;lambda&gt;19]" time="0.003568887710571289"></testcase><testcase classname="src.pymortests.vectorarray" file="src/pymortests/vectorarray.py" line="1009" name="test_axpy_wrong_ind[compatible_vector_array_pair8-&lt;lambda&gt;20]" time="0.04565763473510742"></testcase><testcase classname="src.pymortests.vectorarray" file="src/pymortests/vectorarray.py" line="1009" name="test_axpy_wrong_ind[compatible_vector_array_pair8-&lt;lambda&gt;21]" time="0.048245906829833984"></testcase><testcase classname="src.pymortests.vectorarray" file="src/pymortests/vectorarray.py" line="1009" name="test_axpy_wrong_ind[compatible_vector_array_pair8-&lt;lambda&gt;22]" time="0.16201138496398926"></testcase><testcase classname="src.pymortests.vectorarray" file="src/pymortests/vectorarray.py" line="1009" name="test_axpy_wrong_ind[compatible_vector_array_pair8-&lt;lambda&gt;23]" time="0.009130716323852539"></testcase><testcase classname="src.pymortests.vectorarray" file="src/pymortests/vectorarray.py" line="1009" name="test_axpy_wrong_ind[compatible_vector_array_pair8-&lt;lambda&gt;24]" time="0.0022313594818115234"></testcase><testcase classname="src.pymortests.vectorarray" file="src/pymortests/vectorarray.py" line="1009" name="test_axpy_wrong_ind[compatible_vector_array_pair8-&lt;lambda&gt;25]" time="0.0036160945892333984"></testcase><testcase classname="src.pymortests.vectorarray" file="src/pymortests/vectorarray.py" line="1009" name="test_axpy_wrong_ind[compatible_vector_array_pair8-&lt;lambda&gt;26]" time="0.041764020919799805"></testcase><testcase classname="src.pymortests.vectorarray" file="src/pymortests/vectorarray.py" line="1009" name="test_axpy_wrong_ind[compatible_vector_array_pair8-&lt;lambda&gt;27]" time="0.06542682647705078"></testcase><testcase classname="src.pymortests.vectorarray" file="src/pymortests/vectorarray.py" line="1009" name="test_axpy_wrong_ind[compatible_vector_array_pair8-&lt;lambda&gt;28]" time="0.22568893432617188"></testcase><testcase classname="src.pymortests.vectorarray" file="src/pymortests/vectorarray.py" line="1009" name="test_axpy_wrong_ind[compatible_vector_array_pair8-&lt;lambda&gt;29]" time="0.01032257080078125"></testcase><testcase classname="src.pymortests.vectorarray" file="src/pymortests/vectorarray.py" line="1028" name="test_axpy_wrong_coefficients[compatible_vector_array_pair0-&lt;lambda&gt;0]" time="0.0016040802001953125"></testcase><testcase classname="src.pymortests.vectorarray" file="src/pymortests/vectorarray.py" line="1028" name="test_axpy_wrong_coefficients[compatible_vector_array_pair0-&lt;lambda&gt;1]" time="0.001237630844116211"></testcase><testcase classname="src.pymortests.vectorarray" file="src/pymortests/vectorarray.py" line="1028" name="test_axpy_wrong_coefficients[compatible_vector_array_pair0-&lt;lambda&gt;2]" time="0.0026504993438720703"></testcase><testcase classname="src.pymortests.vectorarray" file="src/pymortests/vectorarray.py" line="1028" name="test_axpy_wrong_coefficients[compatible_vector_array_pair0-&lt;lambda&gt;3]" time="0.002918720245361328"></testcase><testcase classname="src.pymortests.vectorarray" file="src/pymortests/vectorarray.py" line="1028" name="test_axpy_wrong_coefficients[compatible_vector_array_pair0-&lt;lambda&gt;4]" time="0.005143880844116211"></testcase><testcase classname="src.pymortests.vectorarray" file="src/pymortests/vectorarray.py" line="1028" name="test_axpy_wrong_coefficients[compatible_vector_array_pair0-&lt;lambda&gt;5]" time="0.003245115280151367"></testcase><testcase classname="src.pymortests.vectorarray" file="src/pymortests/vectorarray.py" line="1028" name="test_axpy_wrong_coefficients[compatible_vector_array_pair0-&lt;lambda&gt;6]" time="0.0015406608581542969"></testcase><testcase classname="src.pymortests.vectorarray" file="src/pymortests/vectorarray.py" line="1028" name="test_axpy_wrong_coefficients[compatible_vector_array_pair0-&lt;lambda&gt;7]" time="0.0012104511260986328"></testcase><testcase classname="src.pymortests.vectorarray" file="src/pymortests/vectorarray.py" line="1028" name="test_axpy_wrong_coefficients[compatible_vector_array_pair0-&lt;lambda&gt;8]" time="0.0028104782104492188"></testcase><testcase classname="src.pymortests.vectorarray" file="src/pymortests/vectorarray.py" line="1028" name="test_axpy_wrong_coefficients[compatible_vector_array_pair0-&lt;lambda&gt;9]" time="0.003157377243041992"></testcase><testcase classname="src.pymortests.vectorarray" file="src/pymortests/vectorarray.py" line="1028" name="test_axpy_wrong_coefficients[compatible_vector_array_pair0-&lt;lambda&gt;10]" time="0.0061588287353515625"></testcase><testcase classname="src.pymortests.vectorarray" file="src/pymortests/vectorarray.py" line="1028" name="test_axpy_wrong_coefficients[compatible_vector_array_pair0-&lt;lambda&gt;11]" time="0.003428220748901367"></testcase><testcase classname="src.pymortests.vectorarray" file="src/pymortests/vectorarray.py" line="1028" name="test_axpy_wrong_coefficients[compatible_vector_array_pair0-&lt;lambda&gt;12]" time="0.0018360614776611328"></testcase><testcase classname="src.pymortests.vectorarray" file="src/pymortests/vectorarray.py" line="1028" name="test_axpy_wrong_coefficients[compatible_vector_array_pair0-&lt;lambda&gt;13]" time="0.0014328956604003906"></testcase><testcase classname="src.pymortests.vectorarray" file="src/pymortests/vectorarray.py" line="1028" name="test_axpy_wrong_coefficients[compatible_vector_array_pair0-&lt;lambda&gt;14]" time="0.0029544830322265625"></testcase><testcase classname="src.pymortests.vectorarray" file="src/pymortests/vectorarray.py" line="1028" name="test_axpy_wrong_coefficients[compatible_vector_array_pair0-&lt;lambda&gt;15]" time="0.0040280818939208984"></testcase><testcase classname="src.pymortests.vectorarray" file="src/pymortests/vectorarray.py" line="1028" name="test_axpy_wrong_coefficients[compatible_vector_array_pair0-&lt;lambda&gt;16]" time="0.004883527755737305"></testcase><testcase classname="src.pymortests.vectorarray" file="src/pymortests/vectorarray.py" line="1028" name="test_axpy_wrong_coefficients[compatible_vector_array_pair0-&lt;lambda&gt;17]" time="0.009590864181518555"></testcase><testcase classname="src.pymortests.vectorarray" file="src/pymortests/vectorarray.py" line="1028" name="test_axpy_wrong_coefficients[compatible_vector_array_pair0-&lt;lambda&gt;18]" time="0.0023343563079833984"></testcase><testcase classname="src.pymortests.vectorarray" file="src/pymortests/vectorarray.py" line="1028" name="test_axpy_wrong_coefficients[compatible_vector_array_pair0-&lt;lambda&gt;19]" time="0.001962900161743164"></testcase><testcase classname="src.pymortests.vectorarray" file="src/pymortests/vectorarray.py" line="1028" name="test_axpy_wrong_coefficients[compatible_vector_array_pair0-&lt;lambda&gt;20]" time="0.026076316833496094"></testcase><testcase classname="src.pymortests.vectorarray" file="src/pymortests/vectorarray.py" line="1028" name="test_axpy_wrong_coefficients[compatible_vector_array_pair0-&lt;lambda&gt;21]" time="0.013496160507202148"></testcase><testcase classname="src.pymortests.vectorarray" file="src/pymortests/vectorarray.py" line="1028" name="test_axpy_wrong_coefficients[compatible_vector_array_pair0-&lt;lambda&gt;22]" time="0.03981304168701172"></testcase><testcase classname="src.pymortests.vectorarray" file="src/pymortests/vectorarray.py" line="1028" name="test_axpy_wrong_coefficients[compatible_vector_array_pair0-&lt;lambda&gt;23]" time="0.005878925323486328"></testcase><testcase classname="src.pymortests.vectorarray" file="src/pymortests/vectorarray.py" line="1028" name="test_axpy_wrong_coefficients[compatible_vector_array_pair0-&lt;lambda&gt;24]" time="0.0015323162078857422"></testcase><testcase classname="src.pymortests.vectorarray" file="src/pymortests/vectorarray.py" line="1028" name="test_axpy_wrong_coefficients[compatible_vector_array_pair0-&lt;lambda&gt;25]" time="0.002106904983520508"></testcase><testcase classname="src.pymortests.vectorarray" file="src/pymortests/vectorarray.py" line="1028" name="test_axpy_wrong_coefficients[compatible_vector_array_pair0-&lt;lambda&gt;26]" time="0.02207326889038086"></testcase><testcase classname="src.pymortests.vectorarray" file="src/pymortests/vectorarray.py" line="1028" name="test_axpy_wrong_coefficients[compatible_vector_array_pair0-&lt;lambda&gt;27]" time="0.031078815460205078"></testcase><testcase classname="src.pymortests.vectorarray" file="src/pymortests/vectorarray.py" line="1028" name="test_axpy_wrong_coefficients[compatible_vector_array_pair0-&lt;lambda&gt;28]" time="0.10806083679199219"></testcase><testcase classname="src.pymortests.vectorarray" file="src/pymortests/vectorarray.py" line="1028" name="test_axpy_wrong_coefficients[compatible_vector_array_pair0-&lt;lambda&gt;29]" time="0.007231712341308594"></testcase><testcase classname="src.pymortests.vectorarray" file="src/pymortests/vectorarray.py" line="1028" name="test_axpy_wrong_coefficients[compatible_vector_array_pair1-&lt;lambda&gt;0]" time="0.001622915267944336"></testcase><testcase classname="src.pymortests.vectorarray" file="src/pymortests/vectorarray.py" line="1028" name="test_axpy_wrong_coefficients[compatible_vector_array_pair1-&lt;lambda&gt;1]" time="0.0012454986572265625"></testcase><testcase classname="src.pymortests.vectorarray" file="src/pymortests/vectorarray.py" line="1028" name="test_axpy_wrong_coefficients[compatible_vector_array_pair1-&lt;lambda&gt;2]" time="0.002664804458618164"></testcase><testcase classname="src.pymortests.vectorarray" file="src/pymortests/vectorarray.py" line="1028" name="test_axpy_wrong_coefficients[compatible_vector_array_pair1-&lt;lambda&gt;3]" time="0.0028548240661621094"></testcase><testcase classname="src.pymortests.vectorarray" file="src/pymortests/vectorarray.py" line="1028" name="test_axpy_wrong_coefficients[compatible_vector_array_pair1-&lt;lambda&gt;4]" time="0.005420684814453125"></testcase><testcase classname="src.pymortests.vectorarray" file="src/pymortests/vectorarray.py" line="1028" name="test_axpy_wrong_coefficients[compatible_vector_array_pair1-&lt;lambda&gt;5]" time="0.00316619873046875"></testcase><testcase classname="src.pymortests.vectorarray" file="src/pymortests/vectorarray.py" line="1028" name="test_axpy_wrong_coefficients[compatible_vector_array_pair1-&lt;lambda&gt;6]" time="0.0015659332275390625"></testcase><testcase classname="src.pymortests.vectorarray" file="src/pymortests/vectorarray.py" line="1028" name="test_axpy_wrong_coefficients[compatible_vector_array_pair1-&lt;lambda&gt;7]" time="0.0012328624725341797"></testcase><testcase classname="src.pymortests.vectorarray" file="src/pymortests/vectorarray.py" line="1028" name="test_axpy_wrong_coefficients[compatible_vector_array_pair1-&lt;lambda&gt;8]" time="0.0029799938201904297"></testcase><testcase classname="src.pymortests.vectorarray" file="src/pymortests/vectorarray.py" line="1028" name="test_axpy_wrong_coefficients[compatible_vector_array_pair1-&lt;lambda&gt;9]" time="0.0033118724822998047"></testcase><testcase classname="src.pymortests.vectorarray" file="src/pymortests/vectorarray.py" line="1028" name="test_axpy_wrong_coefficients[compatible_vector_array_pair1-&lt;lambda&gt;10]" time="0.006610870361328125"></testcase><testcase classname="src.pymortests.vectorarray" file="src/pymortests/vectorarray.py" line="1028" name="test_axpy_wrong_coefficients[compatible_vector_array_pair1-&lt;lambda&gt;11]" time="0.003479480743408203"></testcase><testcase classname="src.pymortests.vectorarray" file="src/pymortests/vectorarray.py" line="1028" name="test_axpy_wrong_coefficients[compatible_vector_array_pair1-&lt;lambda&gt;12]" time="0.0019466876983642578"></testcase><testcase classname="src.pymortests.vectorarray" file="src/pymortests/vectorarray.py" line="1028" name="test_axpy_wrong_coefficients[compatible_vector_array_pair1-&lt;lambda&gt;13]" time="0.001558542251586914"></testcase><testcase classname="src.pymortests.vectorarray" file="src/pymortests/vectorarray.py" line="1028" name="test_axpy_wrong_coefficients[compatible_vector_array_pair1-&lt;lambda&gt;14]" time="0.0031044483184814453"></testcase><testcase classname="src.pymortests.vectorarray" file="src/pymortests/vectorarray.py" line="1028" name="test_axpy_wrong_coefficients[compatible_vector_array_pair1-&lt;lambda&gt;15]" time="0.004071235656738281"></testcase><testcase classname="src.pymortests.vectorarray" file="src/pymortests/vectorarray.py" line="1028" name="test_axpy_wrong_coefficients[compatible_vector_array_pair1-&lt;lambda&gt;16]" time="0.004931449890136719"></testcase><testcase classname="src.pymortests.vectorarray" file="src/pymortests/vectorarray.py" line="1028" name="test_axpy_wrong_coefficients[compatible_vector_array_pair1-&lt;lambda&gt;17]" time="0.009752750396728516"></testcase><testcase classname="src.pymortests.vectorarray" file="src/pymortests/vectorarray.py" line="1028" name="test_axpy_wrong_coefficients[compatible_vector_array_pair1-&lt;lambda&gt;18]" time="0.0023834705352783203"></testcase><testcase classname="src.pymortests.vectorarray" file="src/pymortests/vectorarray.py" line="1028" name="test_axpy_wrong_coefficients[compatible_vector_array_pair1-&lt;lambda&gt;19]" time="0.0020058155059814453"></testcase><testcase classname="src.pymortests.vectorarray" file="src/pymortests/vectorarray.py" line="1028" name="test_axpy_wrong_coefficients[compatible_vector_array_pair1-&lt;lambda&gt;20]" time="0.02604079246520996"></testcase><testcase classname="src.pymortests.vectorarray" file="src/pymortests/vectorarray.py" line="1028" name="test_axpy_wrong_coefficients[compatible_vector_array_pair1-&lt;lambda&gt;21]" time="0.013819694519042969"></testcase><testcase classname="src.pymortests.vectorarray" file="src/pymortests/vectorarray.py" line="1028" name="test_axpy_wrong_coefficients[compatible_vector_array_pair1-&lt;lambda&gt;22]" time="0.04019045829772949"></testcase><testcase classname="src.pymortests.vectorarray" file="src/pymortests/vectorarray.py" line="1028" name="test_axpy_wrong_coefficients[compatible_vector_array_pair1-&lt;lambda&gt;23]" time="0.00571131706237793"></testcase><testcase classname="src.pymortests.vectorarray" file="src/pymortests/vectorarray.py" line="1028" name="test_axpy_wrong_coefficients[compatible_vector_array_pair1-&lt;lambda&gt;24]" time="0.0015344619750976562"></testcase><testcase classname="src.pymortests.vectorarray" file="src/pymortests/vectorarray.py" line="1028" name="test_axpy_wrong_coefficients[compatible_vector_array_pair1-&lt;lambda&gt;25]" time="0.0020973682403564453"></testcase><testcase classname="src.pymortests.vectorarray" file="src/pymortests/vectorarray.py" line="1028" name="test_axpy_wrong_coefficients[compatible_vector_array_pair1-&lt;lambda&gt;26]" time="0.022329092025756836"></testcase><testcase classname="src.pymortests.vectorarray" file="src/pymortests/vectorarray.py" line="1028" name="test_axpy_wrong_coefficients[compatible_vector_array_pair1-&lt;lambda&gt;27]" time="0.030915498733520508"></testcase><testcase classname="src.pymortests.vectorarray" file="src/pymortests/vectorarray.py" line="1028" name="test_axpy_wrong_coefficients[compatible_vector_array_pair1-&lt;lambda&gt;28]" time="0.11024737358093262"></testcase><testcase classname="src.pymortests.vectorarray" file="src/pymortests/vectorarray.py" line="1028" name="test_axpy_wrong_coefficients[compatible_vector_array_pair1-&lt;lambda&gt;29]" time="0.007419586181640625"></testcase><testcase classname="src.pymortests.vectorarray" file="src/pymortests/vectorarray.py" line="1028" name="test_axpy_wrong_coefficients[compatible_vector_array_pair2-&lt;lambda&gt;0]" time="0.0022635459899902344"></testcase><testcase classname="src.pymortests.vectorarray" file="src/pymortests/vectorarray.py" line="1028" name="test_axpy_wrong_coefficients[compatible_vector_array_pair2-&lt;lambda&gt;1]" time="0.0013489723205566406"></testcase><testcase classname="src.pymortests.vectorarray" file="src/pymortests/vectorarray.py" line="1028" name="test_axpy_wrong_coefficients[compatible_vector_array_pair2-&lt;lambda&gt;2]" time="0.002726316452026367"></testcase><testcase classname="src.pymortests.vectorarray" file="src/pymortests/vectorarray.py" line="1028" name="test_axpy_wrong_coefficients[compatible_vector_array_pair2-&lt;lambda&gt;3]" time="0.0029201507568359375"></testcase><testcase classname="src.pymortests.vectorarray" file="src/pymortests/vectorarray.py" line="1028" name="test_axpy_wrong_coefficients[compatible_vector_array_pair2-&lt;lambda&gt;4]" time="0.005194187164306641"></testcase><testcase classname="src.pymortests.vectorarray" file="src/pymortests/vectorarray.py" line="1028" name="test_axpy_wrong_coefficients[compatible_vector_array_pair2-&lt;lambda&gt;5]" time="0.003320455551147461"></testcase><testcase classname="src.pymortests.vectorarray" file="src/pymortests/vectorarray.py" line="1028" name="test_axpy_wrong_coefficients[compatible_vector_array_pair2-&lt;lambda&gt;6]" time="0.0015685558319091797"></testcase><testcase classname="src.pymortests.vectorarray" file="src/pymortests/vectorarray.py" line="1028" name="test_axpy_wrong_coefficients[compatible_vector_array_pair2-&lt;lambda&gt;7]" time="0.0012235641479492188"></testcase><testcase classname="src.pymortests.vectorarray" file="src/pymortests/vectorarray.py" line="1028" name="test_axpy_wrong_coefficients[compatible_vector_array_pair2-&lt;lambda&gt;8]" time="0.002972841262817383"></testcase><testcase classname="src.pymortests.vectorarray" file="src/pymortests/vectorarray.py" line="1028" name="test_axpy_wrong_coefficients[compatible_vector_array_pair2-&lt;lambda&gt;9]" time="0.003271818161010742"></testcase><testcase classname="src.pymortests.vectorarray" file="src/pymortests/vectorarray.py" line="1028" name="test_axpy_wrong_coefficients[compatible_vector_array_pair2-&lt;lambda&gt;10]" time="0.0066165924072265625"></testcase><testcase classname="src.pymortests.vectorarray" file="src/pymortests/vectorarray.py" line="1028" name="test_axpy_wrong_coefficients[compatible_vector_array_pair2-&lt;lambda&gt;11]" time="0.003446340560913086"></testcase><testcase classname="src.pymortests.vectorarray" file="src/pymortests/vectorarray.py" line="1028" name="test_axpy_wrong_coefficients[compatible_vector_array_pair2-&lt;lambda&gt;12]" time="0.0019609928131103516"></testcase><testcase classname="src.pymortests.vectorarray" file="src/pymortests/vectorarray.py" line="1028" name="test_axpy_wrong_coefficients[compatible_vector_array_pair2-&lt;lambda&gt;13]" time="0.001596689224243164"></testcase><testcase classname="src.pymortests.vectorarray" file="src/pymortests/vectorarray.py" line="1028" name="test_axpy_wrong_coefficients[compatible_vector_array_pair2-&lt;lambda&gt;14]" time="0.0031173229217529297"></testcase><testcase classname="src.pymortests.vectorarray" file="src/pymortests/vectorarray.py" line="1028" name="test_axpy_wrong_coefficients[compatible_vector_array_pair2-&lt;lambda&gt;15]" time="0.004327297210693359"></testcase><testcase classname="src.pymortests.vectorarray" file="src/pymortests/vectorarray.py" line="1028" name="test_axpy_wrong_coefficients[compatible_vector_array_pair2-&lt;lambda&gt;16]" time="0.004971742630004883"></testcase><testcase classname="src.pymortests.vectorarray" file="src/pymortests/vectorarray.py" line="1028" name="test_axpy_wrong_coefficients[compatible_vector_array_pair2-&lt;lambda&gt;17]" time="0.009765148162841797"></testcase><testcase classname="src.pymortests.vectorarray" file="src/pymortests/vectorarray.py" line="1028" name="test_axpy_wrong_coefficients[compatible_vector_array_pair2-&lt;lambda&gt;18]" time="0.002324342727661133"></testcase><testcase classname="src.pymortests.vectorarray" file="src/pymortests/vectorarray.py" line="1028" name="test_axpy_wrong_coefficients[compatible_vector_array_pair2-&lt;lambda&gt;19]" time="0.001955747604370117"></testcase><testcase classname="src.pymortests.vectorarray" file="src/pymortests/vectorarray.py" line="1028" name="test_axpy_wrong_coefficients[compatible_vector_array_pair2-&lt;lambda&gt;20]" time="0.025806427001953125"></testcase><testcase classname="src.pymortests.vectorarray" file="src/pymortests/vectorarray.py" line="1028" name="test_axpy_wrong_coefficients[compatible_vector_array_pair2-&lt;lambda&gt;21]" time="0.013957023620605469"></testcase><testcase classname="src.pymortests.vectorarray" file="src/pymortests/vectorarray.py" line="1028" name="test_axpy_wrong_coefficients[compatible_vector_array_pair2-&lt;lambda&gt;22]" time="0.04092693328857422"></testcase><testcase classname="src.pymortests.vectorarray" file="src/pymortests/vectorarray.py" line="1028" name="test_axpy_wrong_coefficients[compatible_vector_array_pair2-&lt;lambda&gt;23]" time="0.0058231353759765625"></testcase><testcase classname="src.pymortests.vectorarray" file="src/pymortests/vectorarray.py" line="1028" name="test_axpy_wrong_coefficients[compatible_vector_array_pair2-&lt;lambda&gt;24]" time="0.0015790462493896484"></testcase><testcase classname="src.pymortests.vectorarray" file="src/pymortests/vectorarray.py" line="1028" name="test_axpy_wrong_coefficients[compatible_vector_array_pair2-&lt;lambda&gt;25]" time="0.002188444137573242"></testcase><testcase classname="src.pymortests.vectorarray" file="src/pymortests/vectorarray.py" line="1028" name="test_axpy_wrong_coefficients[compatible_vector_array_pair2-&lt;lambda&gt;26]" time="0.022492170333862305"></testcase><testcase classname="src.pymortests.vectorarray" file="src/pymortests/vectorarray.py" line="1028" name="test_axpy_wrong_coefficients[compatible_vector_array_pair2-&lt;lambda&gt;27]" time="0.030732393264770508"></testcase><testcase classname="src.pymortests.vectorarray" file="src/pymortests/vectorarray.py" line="1028" name="test_axpy_wrong_coefficients[compatible_vector_array_pair2-&lt;lambda&gt;28]" time="0.10781311988830566"></testcase><testcase classname="src.pymortests.vectorarray" file="src/pymortests/vectorarray.py" line="1028" name="test_axpy_wrong_coefficients[compatible_vector_array_pair2-&lt;lambda&gt;29]" time="0.007372856140136719"></testcase><testcase classname="src.pymortests.vectorarray" file="src/pymortests/vectorarray.py" line="1028" name="test_axpy_wrong_coefficients[compatible_vector_array_pair3-&lt;lambda&gt;0]" time="0.002270936965942383"></testcase><testcase classname="src.pymortests.vectorarray" file="src/pymortests/vectorarray.py" line="1028" name="test_axpy_wrong_coefficients[compatible_vector_array_pair3-&lt;lambda&gt;1]" time="0.0012886524200439453"></testcase><testcase classname="src.pymortests.vectorarray" file="src/pymortests/vectorarray.py" line="1028" name="test_axpy_wrong_coefficients[compatible_vector_array_pair3-&lt;lambda&gt;2]" time="0.0026922225952148438"></testcase><testcase classname="src.pymortests.vectorarray" file="src/pymortests/vectorarray.py" line="1028" name="test_axpy_wrong_coefficients[compatible_vector_array_pair3-&lt;lambda&gt;3]" time="0.002930164337158203"></testcase><testcase classname="src.pymortests.vectorarray" file="src/pymortests/vectorarray.py" line="1028" name="test_axpy_wrong_coefficients[compatible_vector_array_pair3-&lt;lambda&gt;4]" time="0.0051996707916259766"></testcase><testcase classname="src.pymortests.vectorarray" file="src/pymortests/vectorarray.py" line="1028" name="test_axpy_wrong_coefficients[compatible_vector_array_pair3-&lt;lambda&gt;5]" time="0.0032889842987060547"></testcase><testcase classname="src.pymortests.vectorarray" file="src/pymortests/vectorarray.py" line="1028" name="test_axpy_wrong_coefficients[compatible_vector_array_pair3-&lt;lambda&gt;6]" time="0.0016112327575683594"></testcase><testcase classname="src.pymortests.vectorarray" file="src/pymortests/vectorarray.py" line="1028" name="test_axpy_wrong_coefficients[compatible_vector_array_pair3-&lt;lambda&gt;7]" time="0.0012695789337158203"></testcase><testcase classname="src.pymortests.vectorarray" file="src/pymortests/vectorarray.py" line="1028" name="test_axpy_wrong_coefficients[compatible_vector_array_pair3-&lt;lambda&gt;8]" time="0.003022909164428711"></testcase><testcase classname="src.pymortests.vectorarray" file="src/pymortests/vectorarray.py" line="1028" name="test_axpy_wrong_coefficients[compatible_vector_array_pair3-&lt;lambda&gt;9]" time="0.0035276412963867188"></testcase><testcase classname="src.pymortests.vectorarray" file="src/pymortests/vectorarray.py" line="1028" name="test_axpy_wrong_coefficients[compatible_vector_array_pair3-&lt;lambda&gt;10]" time="0.006913423538208008"></testcase><testcase classname="src.pymortests.vectorarray" file="src/pymortests/vectorarray.py" line="1028" name="test_axpy_wrong_coefficients[compatible_vector_array_pair3-&lt;lambda&gt;11]" time="0.003462553024291992"></testcase><testcase classname="src.pymortests.vectorarray" file="src/pymortests/vectorarray.py" line="1028" name="test_axpy_wrong_coefficients[compatible_vector_array_pair3-&lt;lambda&gt;12]" time="0.0019338130950927734"></testcase><testcase classname="src.pymortests.vectorarray" file="src/pymortests/vectorarray.py" line="1028" name="test_axpy_wrong_coefficients[compatible_vector_array_pair3-&lt;lambda&gt;13]" time="0.0015714168548583984"></testcase><testcase classname="src.pymortests.vectorarray" file="src/pymortests/vectorarray.py" line="1028" name="test_axpy_wrong_coefficients[compatible_vector_array_pair3-&lt;lambda&gt;14]" time="0.0030426979064941406"></testcase><testcase classname="src.pymortests.vectorarray" file="src/pymortests/vectorarray.py" line="1028" name="test_axpy_wrong_coefficients[compatible_vector_array_pair3-&lt;lambda&gt;15]" time="0.004217386245727539"></testcase><testcase classname="src.pymortests.vectorarray" file="src/pymortests/vectorarray.py" line="1028" name="test_axpy_wrong_coefficients[compatible_vector_array_pair3-&lt;lambda&gt;16]" time="0.004944324493408203"></testcase><testcase classname="src.pymortests.vectorarray" file="src/pymortests/vectorarray.py" line="1028" name="test_axpy_wrong_coefficients[compatible_vector_array_pair3-&lt;lambda&gt;17]" time="0.009724855422973633"></testcase><testcase classname="src.pymortests.vectorarray" file="src/pymortests/vectorarray.py" line="1028" name="test_axpy_wrong_coefficients[compatible_vector_array_pair3-&lt;lambda&gt;18]" time="0.0024175643920898438"></testcase><testcase classname="src.pymortests.vectorarray" file="src/pymortests/vectorarray.py" line="1028" name="test_axpy_wrong_coefficients[compatible_vector_array_pair3-&lt;lambda&gt;19]" time="0.0018849372863769531"></testcase><testcase classname="src.pymortests.vectorarray" file="src/pymortests/vectorarray.py" line="1028" name="test_axpy_wrong_coefficients[compatible_vector_array_pair3-&lt;lambda&gt;20]" time="0.026356220245361328"></testcase><testcase classname="src.pymortests.vectorarray" file="src/pymortests/vectorarray.py" line="1028" name="test_axpy_wrong_coefficients[compatible_vector_array_pair3-&lt;lambda&gt;21]" time="0.013882875442504883"></testcase><testcase classname="src.pymortests.vectorarray" file="src/pymortests/vectorarray.py" line="1028" name="test_axpy_wrong_coefficients[compatible_vector_array_pair3-&lt;lambda&gt;22]" time="0.0406038761138916"></testcase><testcase classname="src.pymortests.vectorarray" file="src/pymortests/vectorarray.py" line="1028" name="test_axpy_wrong_coefficients[compatible_vector_array_pair3-&lt;lambda&gt;23]" time="0.0056819915771484375"></testcase><testcase classname="src.pymortests.vectorarray" file="src/pymortests/vectorarray.py" line="1028" name="test_axpy_wrong_coefficients[compatible_vector_array_pair3-&lt;lambda&gt;24]" time="0.0015552043914794922"></testcase><testcase classname="src.pymortests.vectorarray" file="src/pymortests/vectorarray.py" line="1028" name="test_axpy_wrong_coefficients[compatible_vector_array_pair3-&lt;lambda&gt;25]" time="0.0022835731506347656"></testcase><testcase classname="src.pymortests.vectorarray" file="src/pymortests/vectorarray.py" line="1028" name="test_axpy_wrong_coefficients[compatible_vector_array_pair3-&lt;lambda&gt;26]" time="0.022284984588623047"></testcase><testcase classname="src.pymortests.vectorarray" file="src/pymortests/vectorarray.py" line="1028" name="test_axpy_wrong_coefficients[compatible_vector_array_pair3-&lt;lambda&gt;27]" time="0.030942201614379883"></testcase><testcase classname="src.pymortests.vectorarray" file="src/pymortests/vectorarray.py" line="1028" name="test_axpy_wrong_coefficients[compatible_vector_array_pair3-&lt;lambda&gt;28]" time="0.1077718734741211"></testcase><testcase classname="src.pymortests.vectorarray" file="src/pymortests/vectorarray.py" line="1028" name="test_axpy_wrong_coefficients[compatible_vector_array_pair3-&lt;lambda&gt;29]" time="0.007472038269042969"></testcase><testcase classname="src.pymortests.vectorarray" file="src/pymortests/vectorarray.py" line="1028" name="test_axpy_wrong_coefficients[compatible_vector_array_pair4-&lt;lambda&gt;0]" time="0.0016543865203857422"></testcase><testcase classname="src.pymortests.vectorarray" file="src/pymortests/vectorarray.py" line="1028" name="test_axpy_wrong_coefficients[compatible_vector_array_pair4-&lt;lambda&gt;1]" time="0.0012927055358886719"></testcase><testcase classname="src.pymortests.vectorarray" file="src/pymortests/vectorarray.py" line="1028" name="test_axpy_wrong_coefficients[compatible_vector_array_pair4-&lt;lambda&gt;2]" time="0.002675771713256836"></testcase><testcase classname="src.pymortests.vectorarray" file="src/pymortests/vectorarray.py" line="1028" name="test_axpy_wrong_coefficients[compatible_vector_array_pair4-&lt;lambda&gt;3]" time="0.002936124801635742"></testcase><testcase classname="src.pymortests.vectorarray" file="src/pymortests/vectorarray.py" line="1028" name="test_axpy_wrong_coefficients[compatible_vector_array_pair4-&lt;lambda&gt;4]" time="0.0052642822265625"></testcase><testcase classname="src.pymortests.vectorarray" file="src/pymortests/vectorarray.py" line="1028" name="test_axpy_wrong_coefficients[compatible_vector_array_pair4-&lt;lambda&gt;5]" time="0.003218412399291992"></testcase><testcase classname="src.pymortests.vectorarray" file="src/pymortests/vectorarray.py" line="1028" name="test_axpy_wrong_coefficients[compatible_vector_array_pair4-&lt;lambda&gt;6]" time="0.0016160011291503906"></testcase><testcase classname="src.pymortests.vectorarray" file="src/pymortests/vectorarray.py" line="1028" name="test_axpy_wrong_coefficients[compatible_vector_array_pair4-&lt;lambda&gt;7]" time="0.0013194084167480469"></testcase><testcase classname="src.pymortests.vectorarray" file="src/pymortests/vectorarray.py" line="1028" name="test_axpy_wrong_coefficients[compatible_vector_array_pair4-&lt;lambda&gt;8]" time="0.003014802932739258"></testcase><testcase classname="src.pymortests.vectorarray" file="src/pymortests/vectorarray.py" line="1028" name="test_axpy_wrong_coefficients[compatible_vector_array_pair4-&lt;lambda&gt;9]" time="0.003527402877807617"></testcase><testcase classname="src.pymortests.vectorarray" file="src/pymortests/vectorarray.py" line="1028" name="test_axpy_wrong_coefficients[compatible_vector_array_pair4-&lt;lambda&gt;10]" time="0.010214567184448242"></testcase><testcase classname="src.pymortests.vectorarray" file="src/pymortests/vectorarray.py" line="1028" name="test_axpy_wrong_coefficients[compatible_vector_array_pair4-&lt;lambda&gt;11]" time="0.0034847259521484375"></testcase><testcase classname="src.pymortests.vectorarray" file="src/pymortests/vectorarray.py" line="1028" name="test_axpy_wrong_coefficients[compatible_vector_array_pair4-&lt;lambda&gt;12]" time="0.0021431446075439453"></testcase><testcase classname="src.pymortests.vectorarray" file="src/pymortests/vectorarray.py" line="1028" name="test_axpy_wrong_coefficients[compatible_vector_array_pair4-&lt;lambda&gt;13]" time="0.0017039775848388672"></testcase><testcase classname="src.pymortests.vectorarray" file="src/pymortests/vectorarray.py" line="1028" name="test_axpy_wrong_coefficients[compatible_vector_array_pair4-&lt;lambda&gt;14]" time="0.003103494644165039"></testcase><testcase classname="src.pymortests.vectorarray" file="src/pymortests/vectorarray.py" line="1028" name="test_axpy_wrong_coefficients[compatible_vector_array_pair4-&lt;lambda&gt;15]" time="0.004198789596557617"></testcase><testcase classname="src.pymortests.vectorarray" file="src/pymortests/vectorarray.py" line="1028" name="test_axpy_wrong_coefficients[compatible_vector_array_pair4-&lt;lambda&gt;16]" time="0.004914283752441406"></testcase><testcase classname="src.pymortests.vectorarray" file="src/pymortests/vectorarray.py" line="1028" name="test_axpy_wrong_coefficients[compatible_vector_array_pair4-&lt;lambda&gt;17]" time="0.009611368179321289"></testcase><testcase classname="src.pymortests.vectorarray" file="src/pymortests/vectorarray.py" line="1028" name="test_axpy_wrong_coefficients[compatible_vector_array_pair4-&lt;lambda&gt;18]" time="0.0023183822631835938"></testcase><testcase classname="src.pymortests.vectorarray" file="src/pymortests/vectorarray.py" line="1028" name="test_axpy_wrong_coefficients[compatible_vector_array_pair4-&lt;lambda&gt;19]" time="0.0019369125366210938"></testcase><testcase classname="src.pymortests.vectorarray" file="src/pymortests/vectorarray.py" line="1028" name="test_axpy_wrong_coefficients[compatible_vector_array_pair4-&lt;lambda&gt;20]" time="0.025858402252197266"></testcase><testcase classname="src.pymortests.vectorarray" file="src/pymortests/vectorarray.py" line="1028" name="test_axpy_wrong_coefficients[compatible_vector_array_pair4-&lt;lambda&gt;21]" time="0.014217615127563477"></testcase><testcase classname="src.pymortests.vectorarray" file="src/pymortests/vectorarray.py" line="1028" name="test_axpy_wrong_coefficients[compatible_vector_array_pair4-&lt;lambda&gt;22]" time="0.04194760322570801"></testcase><testcase classname="src.pymortests.vectorarray" file="src/pymortests/vectorarray.py" line="1028" name="test_axpy_wrong_coefficients[compatible_vector_array_pair4-&lt;lambda&gt;23]" time="0.0060307979583740234"></testcase><testcase classname="src.pymortests.vectorarray" file="src/pymortests/vectorarray.py" line="1028" name="test_axpy_wrong_coefficients[compatible_vector_array_pair4-&lt;lambda&gt;24]" time="0.0015363693237304688"></testcase><testcase classname="src.pymortests.vectorarray" file="src/pymortests/vectorarray.py" line="1028" name="test_axpy_wrong_coefficients[compatible_vector_array_pair4-&lt;lambda&gt;25]" time="0.0022003650665283203"></testcase><testcase classname="src.pymortests.vectorarray" file="src/pymortests/vectorarray.py" line="1028" name="test_axpy_wrong_coefficients[compatible_vector_array_pair4-&lt;lambda&gt;26]" time="0.022595643997192383"></testcase><testcase classname="src.pymortests.vectorarray" file="src/pymortests/vectorarray.py" line="1028" name="test_axpy_wrong_coefficients[compatible_vector_array_pair4-&lt;lambda&gt;27]" time="0.031081438064575195"></testcase><testcase classname="src.pymortests.vectorarray" file="src/pymortests/vectorarray.py" line="1028" name="test_axpy_wrong_coefficients[compatible_vector_array_pair4-&lt;lambda&gt;28]" time="0.10739994049072266"></testcase><testcase classname="src.pymortests.vectorarray" file="src/pymortests/vectorarray.py" line="1028" name="test_axpy_wrong_coefficients[compatible_vector_array_pair4-&lt;lambda&gt;29]" time="0.007079601287841797"></testcase><testcase classname="src.pymortests.vectorarray" file="src/pymortests/vectorarray.py" line="1028" name="test_axpy_wrong_coefficients[compatible_vector_array_pair5-&lt;lambda&gt;0]" time="0.0015892982482910156"></testcase><testcase classname="src.pymortests.vectorarray" file="src/pymortests/vectorarray.py" line="1028" name="test_axpy_wrong_coefficients[compatible_vector_array_pair5-&lt;lambda&gt;1]" time="0.0012350082397460938"></testcase><testcase classname="src.pymortests.vectorarray" file="src/pymortests/vectorarray.py" line="1028" name="test_axpy_wrong_coefficients[compatible_vector_array_pair5-&lt;lambda&gt;2]" time="0.002726316452026367"></testcase><testcase classname="src.pymortests.vectorarray" file="src/pymortests/vectorarray.py" line="1028" name="test_axpy_wrong_coefficients[compatible_vector_array_pair5-&lt;lambda&gt;3]" time="0.002917051315307617"></testcase><testcase classname="src.pymortests.vectorarray" file="src/pymortests/vectorarray.py" line="1028" name="test_axpy_wrong_coefficients[compatible_vector_array_pair5-&lt;lambda&gt;4]" time="0.005211591720581055"></testcase><testcase classname="src.pymortests.vectorarray" file="src/pymortests/vectorarray.py" line="1028" name="test_axpy_wrong_coefficients[compatible_vector_array_pair5-&lt;lambda&gt;5]" time="0.0032227039337158203"></testcase><testcase classname="src.pymortests.vectorarray" file="src/pymortests/vectorarray.py" line="1028" name="test_axpy_wrong_coefficients[compatible_vector_array_pair5-&lt;lambda&gt;6]" time="0.0016474723815917969"></testcase><testcase classname="src.pymortests.vectorarray" file="src/pymortests/vectorarray.py" line="1028" name="test_axpy_wrong_coefficients[compatible_vector_array_pair5-&lt;lambda&gt;7]" time="0.0012578964233398438"></testcase><testcase classname="src.pymortests.vectorarray" file="src/pymortests/vectorarray.py" line="1028" name="test_axpy_wrong_coefficients[compatible_vector_array_pair5-&lt;lambda&gt;8]" time="0.0030906200408935547"></testcase><testcase classname="src.pymortests.vectorarray" file="src/pymortests/vectorarray.py" line="1028" name="test_axpy_wrong_coefficients[compatible_vector_array_pair5-&lt;lambda&gt;9]" time="0.0035233497619628906"></testcase><testcase classname="src.pymortests.vectorarray" file="src/pymortests/vectorarray.py" line="1028" name="test_axpy_wrong_coefficients[compatible_vector_array_pair5-&lt;lambda&gt;10]" time="0.007088661193847656"></testcase><testcase classname="src.pymortests.vectorarray" file="src/pymortests/vectorarray.py" line="1028" name="test_axpy_wrong_coefficients[compatible_vector_array_pair5-&lt;lambda&gt;11]" time="0.0037484169006347656"></testcase><testcase classname="src.pymortests.vectorarray" file="src/pymortests/vectorarray.py" line="1028" name="test_axpy_wrong_coefficients[compatible_vector_array_pair5-&lt;lambda&gt;12]" time="0.0020275115966796875"></testcase><testcase classname="src.pymortests.vectorarray" file="src/pymortests/vectorarray.py" line="1028" name="test_axpy_wrong_coefficients[compatible_vector_array_pair5-&lt;lambda&gt;13]" time="0.0016491413116455078"></testcase><testcase classname="src.pymortests.vectorarray" file="src/pymortests/vectorarray.py" line="1028" name="test_axpy_wrong_coefficients[compatible_vector_array_pair5-&lt;lambda&gt;14]" time="0.0030515193939208984"></testcase><testcase classname="src.pymortests.vectorarray" file="src/pymortests/vectorarray.py" line="1028" name="test_axpy_wrong_coefficients[compatible_vector_array_pair5-&lt;lambda&gt;15]" time="0.004174232482910156"></testcase><testcase classname="src.pymortests.vectorarray" file="src/pymortests/vectorarray.py" line="1028" name="test_axpy_wrong_coefficients[compatible_vector_array_pair5-&lt;lambda&gt;16]" time="0.0050585269927978516"></testcase><testcase classname="src.pymortests.vectorarray" file="src/pymortests/vectorarray.py" line="1028" name="test_axpy_wrong_coefficients[compatible_vector_array_pair5-&lt;lambda&gt;17]" time="0.009793519973754883"></testcase><testcase classname="src.pymortests.vectorarray" file="src/pymortests/vectorarray.py" line="1028" name="test_axpy_wrong_coefficients[compatible_vector_array_pair5-&lt;lambda&gt;18]" time="0.0024666786193847656"></testcase><testcase classname="src.pymortests.vectorarray" file="src/pymortests/vectorarray.py" line="1028" name="test_axpy_wrong_coefficients[compatible_vector_array_pair5-&lt;lambda&gt;19]" time="0.0020570755004882812"></testcase><testcase classname="src.pymortests.vectorarray" file="src/pymortests/vectorarray.py" line="1028" name="test_axpy_wrong_coefficients[compatible_vector_array_pair5-&lt;lambda&gt;20]" time="0.026037216186523438"></testcase><testcase classname="src.pymortests.vectorarray" file="src/pymortests/vectorarray.py" line="1028" name="test_axpy_wrong_coefficients[compatible_vector_array_pair5-&lt;lambda&gt;21]" time="0.014046430587768555"></testcase><testcase classname="src.pymortests.vectorarray" file="src/pymortests/vectorarray.py" line="1028" name="test_axpy_wrong_coefficients[compatible_vector_array_pair5-&lt;lambda&gt;22]" time="0.04055356979370117"></testcase><testcase classname="src.pymortests.vectorarray" file="src/pymortests/vectorarray.py" line="1028" name="test_axpy_wrong_coefficients[compatible_vector_array_pair5-&lt;lambda&gt;23]" time="0.005761146545410156"></testcase><testcase classname="src.pymortests.vectorarray" file="src/pymortests/vectorarray.py" line="1028" name="test_axpy_wrong_coefficients[compatible_vector_array_pair5-&lt;lambda&gt;24]" time="0.0016028881072998047"></testcase><testcase classname="src.pymortests.vectorarray" file="src/pymortests/vectorarray.py" line="1028" name="test_axpy_wrong_coefficients[compatible_vector_array_pair5-&lt;lambda&gt;25]" time="0.00223541259765625"></testcase><testcase classname="src.pymortests.vectorarray" file="src/pymortests/vectorarray.py" line="1028" name="test_axpy_wrong_coefficients[compatible_vector_array_pair5-&lt;lambda&gt;26]" time="0.022744178771972656"></testcase><testcase classname="src.pymortests.vectorarray" file="src/pymortests/vectorarray.py" line="1028" name="test_axpy_wrong_coefficients[compatible_vector_array_pair5-&lt;lambda&gt;27]" time="0.030943632125854492"></testcase><testcase classname="src.pymortests.vectorarray" file="src/pymortests/vectorarray.py" line="1028" name="test_axpy_wrong_coefficients[compatible_vector_array_pair5-&lt;lambda&gt;28]" time="0.10771393775939941"></testcase><testcase classname="src.pymortests.vectorarray" file="src/pymortests/vectorarray.py" line="1028" name="test_axpy_wrong_coefficients[compatible_vector_array_pair5-&lt;lambda&gt;29]" time="0.00735020637512207"></testcase><testcase classname="src.pymortests.vectorarray" file="src/pymortests/vectorarray.py" line="1028" name="test_axpy_wrong_coefficients[compatible_vector_array_pair6-&lt;lambda&gt;0]" time="0.002259969711303711"></testcase><testcase classname="src.pymortests.vectorarray" file="src/pymortests/vectorarray.py" line="1028" name="test_axpy_wrong_coefficients[compatible_vector_array_pair6-&lt;lambda&gt;1]" time="0.0012919902801513672"></testcase><testcase classname="src.pymortests.vectorarray" file="src/pymortests/vectorarray.py" line="1028" name="test_axpy_wrong_coefficients[compatible_vector_array_pair6-&lt;lambda&gt;2]" time="0.002680063247680664"></testcase><testcase classname="src.pymortests.vectorarray" file="src/pymortests/vectorarray.py" line="1028" name="test_axpy_wrong_coefficients[compatible_vector_array_pair6-&lt;lambda&gt;3]" time="0.0028803348541259766"></testcase><testcase classname="src.pymortests.vectorarray" file="src/pymortests/vectorarray.py" line="1028" name="test_axpy_wrong_coefficients[compatible_vector_array_pair6-&lt;lambda&gt;4]" time="0.005133152008056641"></testcase><testcase classname="src.pymortests.vectorarray" file="src/pymortests/vectorarray.py" line="1028" name="test_axpy_wrong_coefficients[compatible_vector_array_pair6-&lt;lambda&gt;5]" time="0.003307342529296875"></testcase><testcase classname="src.pymortests.vectorarray" file="src/pymortests/vectorarray.py" line="1028" name="test_axpy_wrong_coefficients[compatible_vector_array_pair6-&lt;lambda&gt;6]" time="0.0015559196472167969"></testcase><testcase classname="src.pymortests.vectorarray" file="src/pymortests/vectorarray.py" line="1028" name="test_axpy_wrong_coefficients[compatible_vector_array_pair6-&lt;lambda&gt;7]" time="0.0012166500091552734"></testcase><testcase classname="src.pymortests.vectorarray" file="src/pymortests/vectorarray.py" line="1028" name="test_axpy_wrong_coefficients[compatible_vector_array_pair6-&lt;lambda&gt;8]" time="0.0029082298278808594"></testcase><testcase classname="src.pymortests.vectorarray" file="src/pymortests/vectorarray.py" line="1028" name="test_axpy_wrong_coefficients[compatible_vector_array_pair6-&lt;lambda&gt;9]" time="0.0033974647521972656"></testcase><testcase classname="src.pymortests.vectorarray" file="src/pymortests/vectorarray.py" line="1028" name="test_axpy_wrong_coefficients[compatible_vector_array_pair6-&lt;lambda&gt;10]" time="0.006916046142578125"></testcase><testcase classname="src.pymortests.vectorarray" file="src/pymortests/vectorarray.py" line="1028" name="test_axpy_wrong_coefficients[compatible_vector_array_pair6-&lt;lambda&gt;11]" time="0.0035467147827148438"></testcase><testcase classname="src.pymortests.vectorarray" file="src/pymortests/vectorarray.py" line="1028" name="test_axpy_wrong_coefficients[compatible_vector_array_pair6-&lt;lambda&gt;12]" time="0.0019087791442871094"></testcase><testcase classname="src.pymortests.vectorarray" file="src/pymortests/vectorarray.py" line="1028" name="test_axpy_wrong_coefficients[compatible_vector_array_pair6-&lt;lambda&gt;13]" time="0.001619100570678711"></testcase><testcase classname="src.pymortests.vectorarray" file="src/pymortests/vectorarray.py" line="1028" name="test_axpy_wrong_coefficients[compatible_vector_array_pair6-&lt;lambda&gt;14]" time="0.0030641555786132812"></testcase><testcase classname="src.pymortests.vectorarray" file="src/pymortests/vectorarray.py" line="1028" name="test_axpy_wrong_coefficients[compatible_vector_array_pair6-&lt;lambda&gt;15]" time="0.004130125045776367"></testcase><testcase classname="src.pymortests.vectorarray" file="src/pymortests/vectorarray.py" line="1028" name="test_axpy_wrong_coefficients[compatible_vector_array_pair6-&lt;lambda&gt;16]" time="0.004932403564453125"></testcase><testcase classname="src.pymortests.vectorarray" file="src/pymortests/vectorarray.py" line="1028" name="test_axpy_wrong_coefficients[compatible_vector_array_pair6-&lt;lambda&gt;17]" time="0.009679794311523438"></testcase><testcase classname="src.pymortests.vectorarray" file="src/pymortests/vectorarray.py" line="1028" name="test_axpy_wrong_coefficients[compatible_vector_array_pair6-&lt;lambda&gt;18]" time="0.002460956573486328"></testcase><testcase classname="src.pymortests.vectorarray" file="src/pymortests/vectorarray.py" line="1028" name="test_axpy_wrong_coefficients[compatible_vector_array_pair6-&lt;lambda&gt;19]" time="0.0022766590118408203"></testcase><testcase classname="src.pymortests.vectorarray" file="src/pymortests/vectorarray.py" line="1028" name="test_axpy_wrong_coefficients[compatible_vector_array_pair6-&lt;lambda&gt;20]" time="0.02596449851989746"></testcase><testcase classname="src.pymortests.vectorarray" file="src/pymortests/vectorarray.py" line="1028" name="test_axpy_wrong_coefficients[compatible_vector_array_pair6-&lt;lambda&gt;21]" time="0.013982534408569336"></testcase><testcase classname="src.pymortests.vectorarray" file="src/pymortests/vectorarray.py" line="1028" name="test_axpy_wrong_coefficients[compatible_vector_array_pair6-&lt;lambda&gt;22]" time="0.04058647155761719"></testcase><testcase classname="src.pymortests.vectorarray" file="src/pymortests/vectorarray.py" line="1028" name="test_axpy_wrong_coefficients[compatible_vector_array_pair6-&lt;lambda&gt;23]" time="0.006007671356201172"></testcase><testcase classname="src.pymortests.vectorarray" file="src/pymortests/vectorarray.py" line="1028" name="test_axpy_wrong_coefficients[compatible_vector_array_pair6-&lt;lambda&gt;24]" time="0.001560211181640625"></testcase><testcase classname="src.pymortests.vectorarray" file="src/pymortests/vectorarray.py" line="1028" name="test_axpy_wrong_coefficients[compatible_vector_array_pair6-&lt;lambda&gt;25]" time="0.002175569534301758"></testcase><testcase classname="src.pymortests.vectorarray" file="src/pymortests/vectorarray.py" line="1028" name="test_axpy_wrong_coefficients[compatible_vector_array_pair6-&lt;lambda&gt;26]" time="0.022300004959106445"></testcase><testcase classname="src.pymortests.vectorarray" file="src/pymortests/vectorarray.py" line="1028" name="test_axpy_wrong_coefficients[compatible_vector_array_pair6-&lt;lambda&gt;27]" time="0.031166791915893555"></testcase><testcase classname="src.pymortests.vectorarray" file="src/pymortests/vectorarray.py" line="1028" name="test_axpy_wrong_coefficients[compatible_vector_array_pair6-&lt;lambda&gt;28]" time="0.10802793502807617"></testcase><testcase classname="src.pymortests.vectorarray" file="src/pymortests/vectorarray.py" line="1028" name="test_axpy_wrong_coefficients[compatible_vector_array_pair6-&lt;lambda&gt;29]" time="0.007165670394897461"></testcase><testcase classname="src.pymortests.vectorarray" file="src/pymortests/vectorarray.py" line="1028" name="test_axpy_wrong_coefficients[compatible_vector_array_pair7-&lt;lambda&gt;0]" time="0.0016148090362548828"></testcase><testcase classname="src.pymortests.vectorarray" file="src/pymortests/vectorarray.py" line="1028" name="test_axpy_wrong_coefficients[compatible_vector_array_pair7-&lt;lambda&gt;1]" time="0.0012354850769042969"></testcase><testcase classname="src.pymortests.vectorarray" file="src/pymortests/vectorarray.py" line="1028" name="test_axpy_wrong_coefficients[compatible_vector_array_pair7-&lt;lambda&gt;2]" time="0.0026738643646240234"></testcase><testcase classname="src.pymortests.vectorarray" file="src/pymortests/vectorarray.py" line="1028" name="test_axpy_wrong_coefficients[compatible_vector_array_pair7-&lt;lambda&gt;3]" time="0.003003358840942383"></testcase><testcase classname="src.pymortests.vectorarray" file="src/pymortests/vectorarray.py" line="1028" name="test_axpy_wrong_coefficients[compatible_vector_array_pair7-&lt;lambda&gt;4]" time="0.00541377067565918"></testcase><testcase classname="src.pymortests.vectorarray" file="src/pymortests/vectorarray.py" line="1028" name="test_axpy_wrong_coefficients[compatible_vector_array_pair7-&lt;lambda&gt;5]" time="0.00324249267578125"></testcase><testcase classname="src.pymortests.vectorarray" file="src/pymortests/vectorarray.py" line="1028" name="test_axpy_wrong_coefficients[compatible_vector_array_pair7-&lt;lambda&gt;6]" time="0.0015697479248046875"></testcase><testcase classname="src.pymortests.vectorarray" file="src/pymortests/vectorarray.py" line="1028" name="test_axpy_wrong_coefficients[compatible_vector_array_pair7-&lt;lambda&gt;7]" time="0.0012221336364746094"></testcase><testcase classname="src.pymortests.vectorarray" file="src/pymortests/vectorarray.py" line="1028" name="test_axpy_wrong_coefficients[compatible_vector_array_pair7-&lt;lambda&gt;8]" time="0.0029709339141845703"></testcase><testcase classname="src.pymortests.vectorarray" file="src/pymortests/vectorarray.py" line="1028" name="test_axpy_wrong_coefficients[compatible_vector_array_pair7-&lt;lambda&gt;9]" time="0.003507375717163086"></testcase><testcase classname="src.pymortests.vectorarray" file="src/pymortests/vectorarray.py" line="1028" name="test_axpy_wrong_coefficients[compatible_vector_array_pair7-&lt;lambda&gt;10]" time="0.007099151611328125"></testcase><testcase classname="src.pymortests.vectorarray" file="src/pymortests/vectorarray.py" line="1028" name="test_axpy_wrong_coefficients[compatible_vector_array_pair7-&lt;lambda&gt;11]" time="0.003489255905151367"></testcase><testcase classname="src.pymortests.vectorarray" file="src/pymortests/vectorarray.py" line="1028" name="test_axpy_wrong_coefficients[compatible_vector_array_pair7-&lt;lambda&gt;12]" time="0.0019822120666503906"></testcase><testcase classname="src.pymortests.vectorarray" file="src/pymortests/vectorarray.py" line="1028" name="test_axpy_wrong_coefficients[compatible_vector_array_pair7-&lt;lambda&gt;13]" time="0.0016088485717773438"></testcase><testcase classname="src.pymortests.vectorarray" file="src/pymortests/vectorarray.py" line="1028" name="test_axpy_wrong_coefficients[compatible_vector_array_pair7-&lt;lambda&gt;14]" time="0.0030939579010009766"></testcase><testcase classname="src.pymortests.vectorarray" file="src/pymortests/vectorarray.py" line="1028" name="test_axpy_wrong_coefficients[compatible_vector_array_pair7-&lt;lambda&gt;15]" time="0.0041773319244384766"></testcase><testcase classname="src.pymortests.vectorarray" file="src/pymortests/vectorarray.py" line="1028" name="test_axpy_wrong_coefficients[compatible_vector_array_pair7-&lt;lambda&gt;16]" time="0.00770115852355957"></testcase><testcase classname="src.pymortests.vectorarray" file="src/pymortests/vectorarray.py" line="1028" name="test_axpy_wrong_coefficients[compatible_vector_array_pair7-&lt;lambda&gt;17]" time="0.010272502899169922"></testcase><testcase classname="src.pymortests.vectorarray" file="src/pymortests/vectorarray.py" line="1028" name="test_axpy_wrong_coefficients[compatible_vector_array_pair7-&lt;lambda&gt;18]" time="0.002357959747314453"></testcase><testcase classname="src.pymortests.vectorarray" file="src/pymortests/vectorarray.py" line="1028" name="test_axpy_wrong_coefficients[compatible_vector_array_pair7-&lt;lambda&gt;19]" time="0.001958608627319336"></testcase><testcase classname="src.pymortests.vectorarray" file="src/pymortests/vectorarray.py" line="1028" name="test_axpy_wrong_coefficients[compatible_vector_array_pair7-&lt;lambda&gt;20]" time="0.025921344757080078"></testcase><testcase classname="src.pymortests.vectorarray" file="src/pymortests/vectorarray.py" line="1028" name="test_axpy_wrong_coefficients[compatible_vector_array_pair7-&lt;lambda&gt;21]" time="0.013986349105834961"></testcase><testcase classname="src.pymortests.vectorarray" file="src/pymortests/vectorarray.py" line="1028" name="test_axpy_wrong_coefficients[compatible_vector_array_pair7-&lt;lambda&gt;22]" time="0.04104351997375488"></testcase><testcase classname="src.pymortests.vectorarray" file="src/pymortests/vectorarray.py" line="1028" name="test_axpy_wrong_coefficients[compatible_vector_array_pair7-&lt;lambda&gt;23]" time="0.005734682083129883"></testcase><testcase classname="src.pymortests.vectorarray" file="src/pymortests/vectorarray.py" line="1028" name="test_axpy_wrong_coefficients[compatible_vector_array_pair7-&lt;lambda&gt;24]" time="0.0015950202941894531"></testcase><testcase classname="src.pymortests.vectorarray" file="src/pymortests/vectorarray.py" line="1028" name="test_axpy_wrong_coefficients[compatible_vector_array_pair7-&lt;lambda&gt;25]" time="0.002123594284057617"></testcase><testcase classname="src.pymortests.vectorarray" file="src/pymortests/vectorarray.py" line="1028" name="test_axpy_wrong_coefficients[compatible_vector_array_pair7-&lt;lambda&gt;26]" time="0.02249765396118164"></testcase><testcase classname="src.pymortests.vectorarray" file="src/pymortests/vectorarray.py" line="1028" name="test_axpy_wrong_coefficients[compatible_vector_array_pair7-&lt;lambda&gt;27]" time="0.03126025199890137"></testcase><testcase classname="src.pymortests.vectorarray" file="src/pymortests/vectorarray.py" line="1028" name="test_axpy_wrong_coefficients[compatible_vector_array_pair7-&lt;lambda&gt;28]" time="0.10941100120544434"></testcase><testcase classname="src.pymortests.vectorarray" file="src/pymortests/vectorarray.py" line="1028" name="test_axpy_wrong_coefficients[compatible_vector_array_pair7-&lt;lambda&gt;29]" time="0.007426261901855469"></testcase><testcase classname="src.pymortests.vectorarray" file="src/pymortests/vectorarray.py" line="1028" name="test_axpy_wrong_coefficients[compatible_vector_array_pair8-&lt;lambda&gt;0]" time="0.001626729965209961"></testcase><testcase classname="src.pymortests.vectorarray" file="src/pymortests/vectorarray.py" line="1028" name="test_axpy_wrong_coefficients[compatible_vector_array_pair8-&lt;lambda&gt;1]" time="0.0013360977172851562"></testcase><testcase classname="src.pymortests.vectorarray" file="src/pymortests/vectorarray.py" line="1028" name="test_axpy_wrong_coefficients[compatible_vector_array_pair8-&lt;lambda&gt;2]" time="0.002711057662963867"></testcase><testcase classname="src.pymortests.vectorarray" file="src/pymortests/vectorarray.py" line="1028" name="test_axpy_wrong_coefficients[compatible_vector_array_pair8-&lt;lambda&gt;3]" time="0.002912759780883789"></testcase><testcase classname="src.pymortests.vectorarray" file="src/pymortests/vectorarray.py" line="1028" name="test_axpy_wrong_coefficients[compatible_vector_array_pair8-&lt;lambda&gt;4]" time="0.00530242919921875"></testcase><testcase classname="src.pymortests.vectorarray" file="src/pymortests/vectorarray.py" line="1028" name="test_axpy_wrong_coefficients[compatible_vector_array_pair8-&lt;lambda&gt;5]" time="0.003254413604736328"></testcase><testcase classname="src.pymortests.vectorarray" file="src/pymortests/vectorarray.py" line="1028" name="test_axpy_wrong_coefficients[compatible_vector_array_pair8-&lt;lambda&gt;6]" time="0.0016984939575195312"></testcase><testcase classname="src.pymortests.vectorarray" file="src/pymortests/vectorarray.py" line="1028" name="test_axpy_wrong_coefficients[compatible_vector_array_pair8-&lt;lambda&gt;7]" time="0.0012769699096679688"></testcase><testcase classname="src.pymortests.vectorarray" file="src/pymortests/vectorarray.py" line="1028" name="test_axpy_wrong_coefficients[compatible_vector_array_pair8-&lt;lambda&gt;8]" time="0.0030362606048583984"></testcase><testcase classname="src.pymortests.vectorarray" file="src/pymortests/vectorarray.py" line="1028" name="test_axpy_wrong_coefficients[compatible_vector_array_pair8-&lt;lambda&gt;9]" time="0.0035436153411865234"></testcase><testcase classname="src.pymortests.vectorarray" file="src/pymortests/vectorarray.py" line="1028" name="test_axpy_wrong_coefficients[compatible_vector_array_pair8-&lt;lambda&gt;10]" time="0.0073223114013671875"></testcase><testcase classname="src.pymortests.vectorarray" file="src/pymortests/vectorarray.py" line="1028" name="test_axpy_wrong_coefficients[compatible_vector_array_pair8-&lt;lambda&gt;11]" time="0.0035910606384277344"></testcase><testcase classname="src.pymortests.vectorarray" file="src/pymortests/vectorarray.py" line="1028" name="test_axpy_wrong_coefficients[compatible_vector_array_pair8-&lt;lambda&gt;12]" time="0.0019974708557128906"></testcase><testcase classname="src.pymortests.vectorarray" file="src/pymortests/vectorarray.py" line="1028" name="test_axpy_wrong_coefficients[compatible_vector_array_pair8-&lt;lambda&gt;13]" time="0.0015981197357177734"></testcase><testcase classname="src.pymortests.vectorarray" file="src/pymortests/vectorarray.py" line="1028" name="test_axpy_wrong_coefficients[compatible_vector_array_pair8-&lt;lambda&gt;14]" time="0.0030477046966552734"></testcase><testcase classname="src.pymortests.vectorarray" file="src/pymortests/vectorarray.py" line="1028" name="test_axpy_wrong_coefficients[compatible_vector_array_pair8-&lt;lambda&gt;15]" time="0.004274606704711914"></testcase><testcase classname="src.pymortests.vectorarray" file="src/pymortests/vectorarray.py" line="1028" name="test_axpy_wrong_coefficients[compatible_vector_array_pair8-&lt;lambda&gt;16]" time="0.0050754547119140625"></testcase><testcase classname="src.pymortests.vectorarray" file="src/pymortests/vectorarray.py" line="1028" name="test_axpy_wrong_coefficients[compatible_vector_array_pair8-&lt;lambda&gt;17]" time="0.009799003601074219"></testcase><testcase classname="src.pymortests.vectorarray" file="src/pymortests/vectorarray.py" line="1028" name="test_axpy_wrong_coefficients[compatible_vector_array_pair8-&lt;lambda&gt;18]" time="0.002475738525390625"></testcase><testcase classname="src.pymortests.vectorarray" file="src/pymortests/vectorarray.py" line="1028" name="test_axpy_wrong_coefficients[compatible_vector_array_pair8-&lt;lambda&gt;19]" time="0.0020873546600341797"></testcase><testcase classname="src.pymortests.vectorarray" file="src/pymortests/vectorarray.py" line="1028" name="test_axpy_wrong_coefficients[compatible_vector_array_pair8-&lt;lambda&gt;20]" time="0.026390552520751953"></testcase><testcase classname="src.pymortests.vectorarray" file="src/pymortests/vectorarray.py" line="1028" name="test_axpy_wrong_coefficients[compatible_vector_array_pair8-&lt;lambda&gt;21]" time="0.013829469680786133"></testcase><testcase classname="src.pymortests.vectorarray" file="src/pymortests/vectorarray.py" line="1028" name="test_axpy_wrong_coefficients[compatible_vector_array_pair8-&lt;lambda&gt;22]" time="0.040975332260131836"></testcase><testcase classname="src.pymortests.vectorarray" file="src/pymortests/vectorarray.py" line="1028" name="test_axpy_wrong_coefficients[compatible_vector_array_pair8-&lt;lambda&gt;23]" time="0.005929231643676758"></testcase><testcase classname="src.pymortests.vectorarray" file="src/pymortests/vectorarray.py" line="1028" name="test_axpy_wrong_coefficients[compatible_vector_array_pair8-&lt;lambda&gt;24]" time="0.0015676021575927734"></testcase><testcase classname="src.pymortests.vectorarray" file="src/pymortests/vectorarray.py" line="1028" name="test_axpy_wrong_coefficients[compatible_vector_array_pair8-&lt;lambda&gt;25]" time="0.0021505355834960938"></testcase><testcase classname="src.pymortests.vectorarray" file="src/pymortests/vectorarray.py" line="1028" name="test_axpy_wrong_coefficients[compatible_vector_array_pair8-&lt;lambda&gt;26]" time="0.02246379852294922"></testcase><testcase classname="src.pymortests.vectorarray" file="src/pymortests/vectorarray.py" line="1028" name="test_axpy_wrong_coefficients[compatible_vector_array_pair8-&lt;lambda&gt;27]" time="0.03104543685913086"></testcase><testcase classname="src.pymortests.vectorarray" file="src/pymortests/vectorarray.py" line="1028" name="test_axpy_wrong_coefficients[compatible_vector_array_pair8-&lt;lambda&gt;28]" time="0.10763096809387207"></testcase><testcase classname="src.pymortests.vectorarray" file="src/pymortests/vectorarray.py" line="1028" name="test_axpy_wrong_coefficients[compatible_vector_array_pair8-&lt;lambda&gt;29]" time="0.007249593734741211"></testcase><testcase classname="src.pymortests.vectorarray" file="src/pymortests/vectorarray.py" line="1039" name="test_pairwise_dot_wrong_ind[compatible_vector_array_pair0-&lt;lambda&gt;0]" time="0.002031564712524414"></testcase><testcase classname="src.pymortests.vectorarray" file="src/pymortests/vectorarray.py" line="1039" name="test_pairwise_dot_wrong_ind[compatible_vector_array_pair0-&lt;lambda&gt;1]" time="0.0028696060180664062"></testcase><testcase classname="src.pymortests.vectorarray" file="src/pymortests/vectorarray.py" line="1039" name="test_pairwise_dot_wrong_ind[compatible_vector_array_pair0-&lt;lambda&gt;2]" time="0.004639387130737305"></testcase><testcase classname="src.pymortests.vectorarray" file="src/pymortests/vectorarray.py" line="1039" name="test_pairwise_dot_wrong_ind[compatible_vector_array_pair0-&lt;lambda&gt;3]" time="0.0047342777252197266"></testcase><testcase classname="src.pymortests.vectorarray" file="src/pymortests/vectorarray.py" line="1039" name="test_pairwise_dot_wrong_ind[compatible_vector_array_pair0-&lt;lambda&gt;4]" time="0.005837440490722656"></testcase><testcase classname="src.pymortests.vectorarray" file="src/pymortests/vectorarray.py" line="1039" name="test_pairwise_dot_wrong_ind[compatible_vector_array_pair0-&lt;lambda&gt;5]" time="0.0039560794830322266"></testcase><testcase classname="src.pymortests.vectorarray" file="src/pymortests/vectorarray.py" line="1039" name="test_pairwise_dot_wrong_ind[compatible_vector_array_pair0-&lt;lambda&gt;6]" time="0.0018329620361328125"></testcase><testcase classname="src.pymortests.vectorarray" file="src/pymortests/vectorarray.py" line="1039" name="test_pairwise_dot_wrong_ind[compatible_vector_array_pair0-&lt;lambda&gt;7]" time="0.0025658607482910156"></testcase><testcase classname="src.pymortests.vectorarray" file="src/pymortests/vectorarray.py" line="1039" name="test_pairwise_dot_wrong_ind[compatible_vector_array_pair0-&lt;lambda&gt;8]" time="0.011121034622192383"></testcase><testcase classname="src.pymortests.vectorarray" file="src/pymortests/vectorarray.py" line="1039" name="test_pairwise_dot_wrong_ind[compatible_vector_array_pair0-&lt;lambda&gt;9]" time="0.016078472137451172"></testcase><testcase classname="src.pymortests.vectorarray" file="src/pymortests/vectorarray.py" line="1039" name="test_pairwise_dot_wrong_ind[compatible_vector_array_pair0-&lt;lambda&gt;10]" time="0.051207780838012695"></testcase><testcase classname="src.pymortests.vectorarray" file="src/pymortests/vectorarray.py" line="1039" name="test_pairwise_dot_wrong_ind[compatible_vector_array_pair0-&lt;lambda&gt;11]" time="0.0060193538665771484"></testcase><testcase classname="src.pymortests.vectorarray" file="src/pymortests/vectorarray.py" line="1039" name="test_pairwise_dot_wrong_ind[compatible_vector_array_pair0-&lt;lambda&gt;12]" time="0.0029926300048828125"></testcase><testcase classname="src.pymortests.vectorarray" file="src/pymortests/vectorarray.py" line="1039" name="test_pairwise_dot_wrong_ind[compatible_vector_array_pair0-&lt;lambda&gt;13]" time="0.00478053092956543"></testcase><testcase classname="src.pymortests.vectorarray" file="src/pymortests/vectorarray.py" line="1039" name="test_pairwise_dot_wrong_ind[compatible_vector_array_pair0-&lt;lambda&gt;14]" time="0.005653858184814453"></testcase><testcase classname="src.pymortests.vectorarray" file="src/pymortests/vectorarray.py" line="1039" name="test_pairwise_dot_wrong_ind[compatible_vector_array_pair0-&lt;lambda&gt;15]" time="0.007617950439453125"></testcase><testcase classname="src.pymortests.vectorarray" file="src/pymortests/vectorarray.py" line="1039" name="test_pairwise_dot_wrong_ind[compatible_vector_array_pair0-&lt;lambda&gt;16]" time="0.01276850700378418"></testcase><testcase classname="src.pymortests.vectorarray" file="src/pymortests/vectorarray.py" line="1039" name="test_pairwise_dot_wrong_ind[compatible_vector_array_pair0-&lt;lambda&gt;17]" time="0.013748884201049805"></testcase><testcase classname="src.pymortests.vectorarray" file="src/pymortests/vectorarray.py" line="1039" name="test_pairwise_dot_wrong_ind[compatible_vector_array_pair0-&lt;lambda&gt;18]" time="0.0034546852111816406"></testcase><testcase classname="src.pymortests.vectorarray" file="src/pymortests/vectorarray.py" line="1039" name="test_pairwise_dot_wrong_ind[compatible_vector_array_pair0-&lt;lambda&gt;19]" time="0.0033364295959472656"></testcase><testcase classname="src.pymortests.vectorarray" file="src/pymortests/vectorarray.py" line="1039" name="test_pairwise_dot_wrong_ind[compatible_vector_array_pair0-&lt;lambda&gt;20]" time="0.03432035446166992"></testcase><testcase classname="src.pymortests.vectorarray" file="src/pymortests/vectorarray.py" line="1039" name="test_pairwise_dot_wrong_ind[compatible_vector_array_pair0-&lt;lambda&gt;21]" time="0.026155710220336914"></testcase><testcase classname="src.pymortests.vectorarray" file="src/pymortests/vectorarray.py" line="1039" name="test_pairwise_dot_wrong_ind[compatible_vector_array_pair0-&lt;lambda&gt;22]" time="0.08336615562438965"></testcase><testcase classname="src.pymortests.vectorarray" file="src/pymortests/vectorarray.py" line="1039" name="test_pairwise_dot_wrong_ind[compatible_vector_array_pair0-&lt;lambda&gt;23]" time="0.006901264190673828"></testcase><testcase classname="src.pymortests.vectorarray" file="src/pymortests/vectorarray.py" line="1039" name="test_pairwise_dot_wrong_ind[compatible_vector_array_pair0-&lt;lambda&gt;24]" time="0.002752065658569336"></testcase><testcase classname="src.pymortests.vectorarray" file="src/pymortests/vectorarray.py" line="1039" name="test_pairwise_dot_wrong_ind[compatible_vector_array_pair0-&lt;lambda&gt;25]" time="0.003538370132446289"></testcase><testcase classname="src.pymortests.vectorarray" file="src/pymortests/vectorarray.py" line="1039" name="test_pairwise_dot_wrong_ind[compatible_vector_array_pair0-&lt;lambda&gt;26]" time="0.030362844467163086"></testcase><testcase classname="src.pymortests.vectorarray" file="src/pymortests/vectorarray.py" line="1039" name="test_pairwise_dot_wrong_ind[compatible_vector_array_pair0-&lt;lambda&gt;27]" time="0.04291391372680664"></testcase><testcase classname="src.pymortests.vectorarray" file="src/pymortests/vectorarray.py" line="1039" name="test_pairwise_dot_wrong_ind[compatible_vector_array_pair0-&lt;lambda&gt;28]" time="0.15143036842346191"></testcase><testcase classname="src.pymortests.vectorarray" file="src/pymortests/vectorarray.py" line="1039" name="test_pairwise_dot_wrong_ind[compatible_vector_array_pair0-&lt;lambda&gt;29]" time="0.008475303649902344"></testcase><testcase classname="src.pymortests.vectorarray" file="src/pymortests/vectorarray.py" line="1039" name="test_pairwise_dot_wrong_ind[compatible_vector_array_pair1-&lt;lambda&gt;0]" time="0.0019376277923583984"></testcase><testcase classname="src.pymortests.vectorarray" file="src/pymortests/vectorarray.py" line="1039" name="test_pairwise_dot_wrong_ind[compatible_vector_array_pair1-&lt;lambda&gt;1]" time="0.0025260448455810547"></testcase><testcase classname="src.pymortests.vectorarray" file="src/pymortests/vectorarray.py" line="1039" name="test_pairwise_dot_wrong_ind[compatible_vector_array_pair1-&lt;lambda&gt;2]" time="0.00396275520324707"></testcase><testcase classname="src.pymortests.vectorarray" file="src/pymortests/vectorarray.py" line="1039" name="test_pairwise_dot_wrong_ind[compatible_vector_array_pair1-&lt;lambda&gt;3]" time="0.004769802093505859"></testcase><testcase classname="src.pymortests.vectorarray" file="src/pymortests/vectorarray.py" line="1039" name="test_pairwise_dot_wrong_ind[compatible_vector_array_pair1-&lt;lambda&gt;4]" time="0.005936622619628906"></testcase><testcase classname="src.pymortests.vectorarray" file="src/pymortests/vectorarray.py" line="1039" name="test_pairwise_dot_wrong_ind[compatible_vector_array_pair1-&lt;lambda&gt;5]" time="0.003983259201049805"></testcase><testcase classname="src.pymortests.vectorarray" file="src/pymortests/vectorarray.py" line="1039" name="test_pairwise_dot_wrong_ind[compatible_vector_array_pair1-&lt;lambda&gt;6]" time="0.001924276351928711"></testcase><testcase classname="src.pymortests.vectorarray" file="src/pymortests/vectorarray.py" line="1039" name="test_pairwise_dot_wrong_ind[compatible_vector_array_pair1-&lt;lambda&gt;7]" time="0.0025832653045654297"></testcase><testcase classname="src.pymortests.vectorarray" file="src/pymortests/vectorarray.py" line="1039" name="test_pairwise_dot_wrong_ind[compatible_vector_array_pair1-&lt;lambda&gt;8]" time="0.011256933212280273"></testcase><testcase classname="src.pymortests.vectorarray" file="src/pymortests/vectorarray.py" line="1039" name="test_pairwise_dot_wrong_ind[compatible_vector_array_pair1-&lt;lambda&gt;9]" time="0.01599574089050293"></testcase><testcase classname="src.pymortests.vectorarray" file="src/pymortests/vectorarray.py" line="1039" name="test_pairwise_dot_wrong_ind[compatible_vector_array_pair1-&lt;lambda&gt;10]" time="0.051348209381103516"></testcase><testcase classname="src.pymortests.vectorarray" file="src/pymortests/vectorarray.py" line="1039" name="test_pairwise_dot_wrong_ind[compatible_vector_array_pair1-&lt;lambda&gt;11]" time="0.005914211273193359"></testcase><testcase classname="src.pymortests.vectorarray" file="src/pymortests/vectorarray.py" line="1039" name="test_pairwise_dot_wrong_ind[compatible_vector_array_pair1-&lt;lambda&gt;12]" time="0.0028531551361083984"></testcase><testcase classname="src.pymortests.vectorarray" file="src/pymortests/vectorarray.py" line="1039" name="test_pairwise_dot_wrong_ind[compatible_vector_array_pair1-&lt;lambda&gt;13]" time="0.004765748977661133"></testcase><testcase classname="src.pymortests.vectorarray" file="src/pymortests/vectorarray.py" line="1039" name="test_pairwise_dot_wrong_ind[compatible_vector_array_pair1-&lt;lambda&gt;14]" time="0.005813121795654297"></testcase><testcase classname="src.pymortests.vectorarray" file="src/pymortests/vectorarray.py" line="1039" name="test_pairwise_dot_wrong_ind[compatible_vector_array_pair1-&lt;lambda&gt;15]" time="0.007575273513793945"></testcase><testcase classname="src.pymortests.vectorarray" file="src/pymortests/vectorarray.py" line="1039" name="test_pairwise_dot_wrong_ind[compatible_vector_array_pair1-&lt;lambda&gt;16]" time="0.00959324836730957"></testcase><testcase classname="src.pymortests.vectorarray" file="src/pymortests/vectorarray.py" line="1039" name="test_pairwise_dot_wrong_ind[compatible_vector_array_pair1-&lt;lambda&gt;17]" time="0.012542247772216797"></testcase><testcase classname="src.pymortests.vectorarray" file="src/pymortests/vectorarray.py" line="1039" name="test_pairwise_dot_wrong_ind[compatible_vector_array_pair1-&lt;lambda&gt;18]" time="0.0035130977630615234"></testcase><testcase classname="src.pymortests.vectorarray" file="src/pymortests/vectorarray.py" line="1039" name="test_pairwise_dot_wrong_ind[compatible_vector_array_pair1-&lt;lambda&gt;19]" time="0.003296375274658203"></testcase><testcase classname="src.pymortests.vectorarray" file="src/pymortests/vectorarray.py" line="1039" name="test_pairwise_dot_wrong_ind[compatible_vector_array_pair1-&lt;lambda&gt;20]" time="0.0340428352355957"></testcase><testcase classname="src.pymortests.vectorarray" file="src/pymortests/vectorarray.py" line="1039" name="test_pairwise_dot_wrong_ind[compatible_vector_array_pair1-&lt;lambda&gt;21]" time="0.02632737159729004"></testcase><testcase classname="src.pymortests.vectorarray" file="src/pymortests/vectorarray.py" line="1039" name="test_pairwise_dot_wrong_ind[compatible_vector_array_pair1-&lt;lambda&gt;22]" time="0.08366274833679199"></testcase><testcase classname="src.pymortests.vectorarray" file="src/pymortests/vectorarray.py" line="1039" name="test_pairwise_dot_wrong_ind[compatible_vector_array_pair1-&lt;lambda&gt;23]" time="0.006871938705444336"></testcase><testcase classname="src.pymortests.vectorarray" file="src/pymortests/vectorarray.py" line="1039" name="test_pairwise_dot_wrong_ind[compatible_vector_array_pair1-&lt;lambda&gt;24]" time="0.0017974376678466797"></testcase><testcase classname="src.pymortests.vectorarray" file="src/pymortests/vectorarray.py" line="1039" name="test_pairwise_dot_wrong_ind[compatible_vector_array_pair1-&lt;lambda&gt;25]" time="0.0034444332122802734"></testcase><testcase classname="src.pymortests.vectorarray" file="src/pymortests/vectorarray.py" line="1039" name="test_pairwise_dot_wrong_ind[compatible_vector_array_pair1-&lt;lambda&gt;26]" time="0.030674457550048828"></testcase><testcase classname="src.pymortests.vectorarray" file="src/pymortests/vectorarray.py" line="1039" name="test_pairwise_dot_wrong_ind[compatible_vector_array_pair1-&lt;lambda&gt;27]" time="0.043894290924072266"></testcase><testcase classname="src.pymortests.vectorarray" file="src/pymortests/vectorarray.py" line="1039" name="test_pairwise_dot_wrong_ind[compatible_vector_array_pair1-&lt;lambda&gt;28]" time="0.1517033576965332"></testcase><testcase classname="src.pymortests.vectorarray" file="src/pymortests/vectorarray.py" line="1039" name="test_pairwise_dot_wrong_ind[compatible_vector_array_pair1-&lt;lambda&gt;29]" time="0.008357048034667969"></testcase><testcase classname="src.pymortests.vectorarray" file="src/pymortests/vectorarray.py" line="1039" name="test_pairwise_dot_wrong_ind[compatible_vector_array_pair2-&lt;lambda&gt;0]" time="0.0019190311431884766"></testcase><testcase classname="src.pymortests.vectorarray" file="src/pymortests/vectorarray.py" line="1039" name="test_pairwise_dot_wrong_ind[compatible_vector_array_pair2-&lt;lambda&gt;1]" time="0.002486705780029297"></testcase><testcase classname="src.pymortests.vectorarray" file="src/pymortests/vectorarray.py" line="1039" name="test_pairwise_dot_wrong_ind[compatible_vector_array_pair2-&lt;lambda&gt;2]" time="0.004015684127807617"></testcase><testcase classname="src.pymortests.vectorarray" file="src/pymortests/vectorarray.py" line="1039" name="test_pairwise_dot_wrong_ind[compatible_vector_array_pair2-&lt;lambda&gt;3]" time="0.004862308502197266"></testcase><testcase classname="src.pymortests.vectorarray" file="src/pymortests/vectorarray.py" line="1039" name="test_pairwise_dot_wrong_ind[compatible_vector_array_pair2-&lt;lambda&gt;4]" time="0.006186485290527344"></testcase><testcase classname="src.pymortests.vectorarray" file="src/pymortests/vectorarray.py" line="1039" name="test_pairwise_dot_wrong_ind[compatible_vector_array_pair2-&lt;lambda&gt;5]" time="0.0041234493255615234"></testcase><testcase classname="src.pymortests.vectorarray" file="src/pymortests/vectorarray.py" line="1039" name="test_pairwise_dot_wrong_ind[compatible_vector_array_pair2-&lt;lambda&gt;6]" time="0.0018503665924072266"></testcase><testcase classname="src.pymortests.vectorarray" file="src/pymortests/vectorarray.py" line="1039" name="test_pairwise_dot_wrong_ind[compatible_vector_array_pair2-&lt;lambda&gt;7]" time="0.0025396347045898438"></testcase><testcase classname="src.pymortests.vectorarray" file="src/pymortests/vectorarray.py" line="1039" name="test_pairwise_dot_wrong_ind[compatible_vector_array_pair2-&lt;lambda&gt;8]" time="0.011100053787231445"></testcase><testcase classname="src.pymortests.vectorarray" file="src/pymortests/vectorarray.py" line="1039" name="test_pairwise_dot_wrong_ind[compatible_vector_array_pair2-&lt;lambda&gt;9]" time="0.01613640785217285"></testcase><testcase classname="src.pymortests.vectorarray" file="src/pymortests/vectorarray.py" line="1039" name="test_pairwise_dot_wrong_ind[compatible_vector_array_pair2-&lt;lambda&gt;10]" time="0.05182147026062012"></testcase><testcase classname="src.pymortests.vectorarray" file="src/pymortests/vectorarray.py" line="1039" name="test_pairwise_dot_wrong_ind[compatible_vector_array_pair2-&lt;lambda&gt;11]" time="0.005978822708129883"></testcase><testcase classname="src.pymortests.vectorarray" file="src/pymortests/vectorarray.py" line="1039" name="test_pairwise_dot_wrong_ind[compatible_vector_array_pair2-&lt;lambda&gt;12]" time="0.0055694580078125"></testcase><testcase classname="src.pymortests.vectorarray" file="src/pymortests/vectorarray.py" line="1039" name="test_pairwise_dot_wrong_ind[compatible_vector_array_pair2-&lt;lambda&gt;13]" time="0.00478053092956543"></testcase><testcase classname="src.pymortests.vectorarray" file="src/pymortests/vectorarray.py" line="1039" name="test_pairwise_dot_wrong_ind[compatible_vector_array_pair2-&lt;lambda&gt;14]" time="0.005717277526855469"></testcase><testcase classname="src.pymortests.vectorarray" file="src/pymortests/vectorarray.py" line="1039" name="test_pairwise_dot_wrong_ind[compatible_vector_array_pair2-&lt;lambda&gt;15]" time="0.007919073104858398"></testcase><testcase classname="src.pymortests.vectorarray" file="src/pymortests/vectorarray.py" line="1039" name="test_pairwise_dot_wrong_ind[compatible_vector_array_pair2-&lt;lambda&gt;16]" time="0.009658575057983398"></testcase><testcase classname="src.pymortests.vectorarray" file="src/pymortests/vectorarray.py" line="1039" name="test_pairwise_dot_wrong_ind[compatible_vector_array_pair2-&lt;lambda&gt;17]" time="0.012450933456420898"></testcase><testcase classname="src.pymortests.vectorarray" file="src/pymortests/vectorarray.py" line="1039" name="test_pairwise_dot_wrong_ind[compatible_vector_array_pair2-&lt;lambda&gt;18]" time="0.0035207271575927734"></testcase><testcase classname="src.pymortests.vectorarray" file="src/pymortests/vectorarray.py" line="1039" name="test_pairwise_dot_wrong_ind[compatible_vector_array_pair2-&lt;lambda&gt;19]" time="0.003473520278930664"></testcase><testcase classname="src.pymortests.vectorarray" file="src/pymortests/vectorarray.py" line="1039" name="test_pairwise_dot_wrong_ind[compatible_vector_array_pair2-&lt;lambda&gt;20]" time="0.03408193588256836"></testcase><testcase classname="src.pymortests.vectorarray" file="src/pymortests/vectorarray.py" line="1039" name="test_pairwise_dot_wrong_ind[compatible_vector_array_pair2-&lt;lambda&gt;21]" time="0.026594161987304688"></testcase><testcase classname="src.pymortests.vectorarray" file="src/pymortests/vectorarray.py" line="1039" name="test_pairwise_dot_wrong_ind[compatible_vector_array_pair2-&lt;lambda&gt;22]" time="0.08408975601196289"></testcase><testcase classname="src.pymortests.vectorarray" file="src/pymortests/vectorarray.py" line="1039" name="test_pairwise_dot_wrong_ind[compatible_vector_array_pair2-&lt;lambda&gt;23]" time="0.006900787353515625"></testcase><testcase classname="src.pymortests.vectorarray" file="src/pymortests/vectorarray.py" line="1039" name="test_pairwise_dot_wrong_ind[compatible_vector_array_pair2-&lt;lambda&gt;24]" time="0.0018117427825927734"></testcase><testcase classname="src.pymortests.vectorarray" file="src/pymortests/vectorarray.py" line="1039" name="test_pairwise_dot_wrong_ind[compatible_vector_array_pair2-&lt;lambda&gt;25]" time="0.0034346580505371094"></testcase><testcase classname="src.pymortests.vectorarray" file="src/pymortests/vectorarray.py" line="1039" name="test_pairwise_dot_wrong_ind[compatible_vector_array_pair2-&lt;lambda&gt;26]" time="0.030684232711791992"></testcase><testcase classname="src.pymortests.vectorarray" file="src/pymortests/vectorarray.py" line="1039" name="test_pairwise_dot_wrong_ind[compatible_vector_array_pair2-&lt;lambda&gt;27]" time="0.04364633560180664"></testcase><testcase classname="src.pymortests.vectorarray" file="src/pymortests/vectorarray.py" line="1039" name="test_pairwise_dot_wrong_ind[compatible_vector_array_pair2-&lt;lambda&gt;28]" time="0.15244817733764648"></testcase><testcase classname="src.pymortests.vectorarray" file="src/pymortests/vectorarray.py" line="1039" name="test_pairwise_dot_wrong_ind[compatible_vector_array_pair2-&lt;lambda&gt;29]" time="0.008983850479125977"></testcase><testcase classname="src.pymortests.vectorarray" file="src/pymortests/vectorarray.py" line="1039" name="test_pairwise_dot_wrong_ind[compatible_vector_array_pair3-&lt;lambda&gt;0]" time="0.0029785633087158203"></testcase><testcase classname="src.pymortests.vectorarray" file="src/pymortests/vectorarray.py" line="1039" name="test_pairwise_dot_wrong_ind[compatible_vector_array_pair3-&lt;lambda&gt;1]" time="0.002661466598510742"></testcase><testcase classname="src.pymortests.vectorarray" file="src/pymortests/vectorarray.py" line="1039" name="test_pairwise_dot_wrong_ind[compatible_vector_array_pair3-&lt;lambda&gt;2]" time="0.004118442535400391"></testcase><testcase classname="src.pymortests.vectorarray" file="src/pymortests/vectorarray.py" line="1039" name="test_pairwise_dot_wrong_ind[compatible_vector_array_pair3-&lt;lambda&gt;3]" time="0.004895448684692383"></testcase><testcase classname="src.pymortests.vectorarray" file="src/pymortests/vectorarray.py" line="1039" name="test_pairwise_dot_wrong_ind[compatible_vector_array_pair3-&lt;lambda&gt;4]" time="0.006046295166015625"></testcase><testcase classname="src.pymortests.vectorarray" file="src/pymortests/vectorarray.py" line="1039" name="test_pairwise_dot_wrong_ind[compatible_vector_array_pair3-&lt;lambda&gt;5]" time="0.004046916961669922"></testcase><testcase classname="src.pymortests.vectorarray" file="src/pymortests/vectorarray.py" line="1039" name="test_pairwise_dot_wrong_ind[compatible_vector_array_pair3-&lt;lambda&gt;6]" time="0.0019176006317138672"></testcase><testcase classname="src.pymortests.vectorarray" file="src/pymortests/vectorarray.py" line="1039" name="test_pairwise_dot_wrong_ind[compatible_vector_array_pair3-&lt;lambda&gt;7]" time="0.0025506019592285156"></testcase><testcase classname="src.pymortests.vectorarray" file="src/pymortests/vectorarray.py" line="1039" name="test_pairwise_dot_wrong_ind[compatible_vector_array_pair3-&lt;lambda&gt;8]" time="0.011034011840820312"></testcase><testcase classname="src.pymortests.vectorarray" file="src/pymortests/vectorarray.py" line="1039" name="test_pairwise_dot_wrong_ind[compatible_vector_array_pair3-&lt;lambda&gt;9]" time="0.01650857925415039"></testcase><testcase classname="src.pymortests.vectorarray" file="src/pymortests/vectorarray.py" line="1039" name="test_pairwise_dot_wrong_ind[compatible_vector_array_pair3-&lt;lambda&gt;10]" time="0.051171302795410156"></testcase><testcase classname="src.pymortests.vectorarray" file="src/pymortests/vectorarray.py" line="1039" name="test_pairwise_dot_wrong_ind[compatible_vector_array_pair3-&lt;lambda&gt;11]" time="0.005994319915771484"></testcase><testcase classname="src.pymortests.vectorarray" file="src/pymortests/vectorarray.py" line="1039" name="test_pairwise_dot_wrong_ind[compatible_vector_array_pair3-&lt;lambda&gt;12]" time="0.0028905868530273438"></testcase><testcase classname="src.pymortests.vectorarray" file="src/pymortests/vectorarray.py" line="1039" name="test_pairwise_dot_wrong_ind[compatible_vector_array_pair3-&lt;lambda&gt;13]" time="0.004782915115356445"></testcase><testcase classname="src.pymortests.vectorarray" file="src/pymortests/vectorarray.py" line="1039" name="test_pairwise_dot_wrong_ind[compatible_vector_array_pair3-&lt;lambda&gt;14]" time="0.005715370178222656"></testcase><testcase classname="src.pymortests.vectorarray" file="src/pymortests/vectorarray.py" line="1039" name="test_pairwise_dot_wrong_ind[compatible_vector_array_pair3-&lt;lambda&gt;15]" time="0.007692098617553711"></testcase><testcase classname="src.pymortests.vectorarray" file="src/pymortests/vectorarray.py" line="1039" name="test_pairwise_dot_wrong_ind[compatible_vector_array_pair3-&lt;lambda&gt;16]" time="0.009817361831665039"></testcase><testcase classname="src.pymortests.vectorarray" file="src/pymortests/vectorarray.py" line="1039" name="test_pairwise_dot_wrong_ind[compatible_vector_array_pair3-&lt;lambda&gt;17]" time="0.012388229370117188"></testcase><testcase classname="src.pymortests.vectorarray" file="src/pymortests/vectorarray.py" line="1039" name="test_pairwise_dot_wrong_ind[compatible_vector_array_pair3-&lt;lambda&gt;18]" time="0.0036001205444335938"></testcase><testcase classname="src.pymortests.vectorarray" file="src/pymortests/vectorarray.py" line="1039" name="test_pairwise_dot_wrong_ind[compatible_vector_array_pair3-&lt;lambda&gt;19]" time="0.003505706787109375"></testcase><testcase classname="src.pymortests.vectorarray" file="src/pymortests/vectorarray.py" line="1039" name="test_pairwise_dot_wrong_ind[compatible_vector_array_pair3-&lt;lambda&gt;20]" time="0.03454923629760742"></testcase><testcase classname="src.pymortests.vectorarray" file="src/pymortests/vectorarray.py" line="1039" name="test_pairwise_dot_wrong_ind[compatible_vector_array_pair3-&lt;lambda&gt;21]" time="0.026568174362182617"></testcase><testcase classname="src.pymortests.vectorarray" file="src/pymortests/vectorarray.py" line="1039" name="test_pairwise_dot_wrong_ind[compatible_vector_array_pair3-&lt;lambda&gt;22]" time="0.08451271057128906"></testcase><testcase classname="src.pymortests.vectorarray" file="src/pymortests/vectorarray.py" line="1039" name="test_pairwise_dot_wrong_ind[compatible_vector_array_pair3-&lt;lambda&gt;23]" time="0.006953239440917969"></testcase><testcase classname="src.pymortests.vectorarray" file="src/pymortests/vectorarray.py" line="1039" name="test_pairwise_dot_wrong_ind[compatible_vector_array_pair3-&lt;lambda&gt;24]" time="0.0018835067749023438"></testcase><testcase classname="src.pymortests.vectorarray" file="src/pymortests/vectorarray.py" line="1039" name="test_pairwise_dot_wrong_ind[compatible_vector_array_pair3-&lt;lambda&gt;25]" time="0.0035352706909179688"></testcase><testcase classname="src.pymortests.vectorarray" file="src/pymortests/vectorarray.py" line="1039" name="test_pairwise_dot_wrong_ind[compatible_vector_array_pair3-&lt;lambda&gt;26]" time="0.030913352966308594"></testcase><testcase classname="src.pymortests.vectorarray" file="src/pymortests/vectorarray.py" line="1039" name="test_pairwise_dot_wrong_ind[compatible_vector_array_pair3-&lt;lambda&gt;27]" time="0.043265581130981445"></testcase><testcase classname="src.pymortests.vectorarray" file="src/pymortests/vectorarray.py" line="1039" name="test_pairwise_dot_wrong_ind[compatible_vector_array_pair3-&lt;lambda&gt;28]" time="0.1507279872894287"></testcase><testcase classname="src.pymortests.vectorarray" file="src/pymortests/vectorarray.py" line="1039" name="test_pairwise_dot_wrong_ind[compatible_vector_array_pair3-&lt;lambda&gt;29]" time="0.00847625732421875"></testcase><testcase classname="src.pymortests.vectorarray" file="src/pymortests/vectorarray.py" line="1039" name="test_pairwise_dot_wrong_ind[compatible_vector_array_pair4-&lt;lambda&gt;0]" time="0.001978158950805664"></testcase><testcase classname="src.pymortests.vectorarray" file="src/pymortests/vectorarray.py" line="1039" name="test_pairwise_dot_wrong_ind[compatible_vector_array_pair4-&lt;lambda&gt;1]" time="0.002596139907836914"></testcase><testcase classname="src.pymortests.vectorarray" file="src/pymortests/vectorarray.py" line="1039" name="test_pairwise_dot_wrong_ind[compatible_vector_array_pair4-&lt;lambda&gt;2]" time="0.0040514469146728516"></testcase><testcase classname="src.pymortests.vectorarray" file="src/pymortests/vectorarray.py" line="1039" name="test_pairwise_dot_wrong_ind[compatible_vector_array_pair4-&lt;lambda&gt;3]" time="0.004894733428955078"></testcase><testcase classname="src.pymortests.vectorarray" file="src/pymortests/vectorarray.py" line="1039" name="test_pairwise_dot_wrong_ind[compatible_vector_array_pair4-&lt;lambda&gt;4]" time="0.006118059158325195"></testcase><testcase classname="src.pymortests.vectorarray" file="src/pymortests/vectorarray.py" line="1039" name="test_pairwise_dot_wrong_ind[compatible_vector_array_pair4-&lt;lambda&gt;5]" time="0.004178047180175781"></testcase><testcase classname="src.pymortests.vectorarray" file="src/pymortests/vectorarray.py" line="1039" name="test_pairwise_dot_wrong_ind[compatible_vector_array_pair4-&lt;lambda&gt;6]" time="0.00202178955078125"></testcase><testcase classname="src.pymortests.vectorarray" file="src/pymortests/vectorarray.py" line="1039" name="test_pairwise_dot_wrong_ind[compatible_vector_array_pair4-&lt;lambda&gt;7]" time="0.00257110595703125"></testcase><testcase classname="src.pymortests.vectorarray" file="src/pymortests/vectorarray.py" line="1039" name="test_pairwise_dot_wrong_ind[compatible_vector_array_pair4-&lt;lambda&gt;8]" time="0.011444568634033203"></testcase><testcase classname="src.pymortests.vectorarray" file="src/pymortests/vectorarray.py" line="1039" name="test_pairwise_dot_wrong_ind[compatible_vector_array_pair4-&lt;lambda&gt;9]" time="0.016139745712280273"></testcase><testcase classname="src.pymortests.vectorarray" file="src/pymortests/vectorarray.py" line="1039" name="test_pairwise_dot_wrong_ind[compatible_vector_array_pair4-&lt;lambda&gt;10]" time="0.05332541465759277"></testcase><testcase classname="src.pymortests.vectorarray" file="src/pymortests/vectorarray.py" line="1039" name="test_pairwise_dot_wrong_ind[compatible_vector_array_pair4-&lt;lambda&gt;11]" time="0.006007671356201172"></testcase><testcase classname="src.pymortests.vectorarray" file="src/pymortests/vectorarray.py" line="1039" name="test_pairwise_dot_wrong_ind[compatible_vector_array_pair4-&lt;lambda&gt;12]" time="0.003021240234375"></testcase><testcase classname="src.pymortests.vectorarray" file="src/pymortests/vectorarray.py" line="1039" name="test_pairwise_dot_wrong_ind[compatible_vector_array_pair4-&lt;lambda&gt;13]" time="0.005034446716308594"></testcase><testcase classname="src.pymortests.vectorarray" file="src/pymortests/vectorarray.py" line="1039" name="test_pairwise_dot_wrong_ind[compatible_vector_array_pair4-&lt;lambda&gt;14]" time="0.00593876838684082"></testcase><testcase classname="src.pymortests.vectorarray" file="src/pymortests/vectorarray.py" line="1039" name="test_pairwise_dot_wrong_ind[compatible_vector_array_pair4-&lt;lambda&gt;15]" time="0.007963895797729492"></testcase><testcase classname="src.pymortests.vectorarray" file="src/pymortests/vectorarray.py" line="1039" name="test_pairwise_dot_wrong_ind[compatible_vector_array_pair4-&lt;lambda&gt;16]" time="0.010302305221557617"></testcase><testcase classname="src.pymortests.vectorarray" file="src/pymortests/vectorarray.py" line="1039" name="test_pairwise_dot_wrong_ind[compatible_vector_array_pair4-&lt;lambda&gt;17]" time="0.014142751693725586"></testcase><testcase classname="src.pymortests.vectorarray" file="src/pymortests/vectorarray.py" line="1039" name="test_pairwise_dot_wrong_ind[compatible_vector_array_pair4-&lt;lambda&gt;18]" time="0.003618955612182617"></testcase><testcase classname="src.pymortests.vectorarray" file="src/pymortests/vectorarray.py" line="1039" name="test_pairwise_dot_wrong_ind[compatible_vector_array_pair4-&lt;lambda&gt;19]" time="0.003488779067993164"></testcase><testcase classname="src.pymortests.vectorarray" file="src/pymortests/vectorarray.py" line="1039" name="test_pairwise_dot_wrong_ind[compatible_vector_array_pair4-&lt;lambda&gt;20]" time="0.03488802909851074"></testcase><testcase classname="src.pymortests.vectorarray" file="src/pymortests/vectorarray.py" line="1039" name="test_pairwise_dot_wrong_ind[compatible_vector_array_pair4-&lt;lambda&gt;21]" time="0.02652263641357422"></testcase><testcase classname="src.pymortests.vectorarray" file="src/pymortests/vectorarray.py" line="1039" name="test_pairwise_dot_wrong_ind[compatible_vector_array_pair4-&lt;lambda&gt;22]" time="0.08485794067382812"></testcase><testcase classname="src.pymortests.vectorarray" file="src/pymortests/vectorarray.py" line="1039" name="test_pairwise_dot_wrong_ind[compatible_vector_array_pair4-&lt;lambda&gt;23]" time="0.007330894470214844"></testcase><testcase classname="src.pymortests.vectorarray" file="src/pymortests/vectorarray.py" line="1039" name="test_pairwise_dot_wrong_ind[compatible_vector_array_pair4-&lt;lambda&gt;24]" time="0.002873659133911133"></testcase><testcase classname="src.pymortests.vectorarray" file="src/pymortests/vectorarray.py" line="1039" name="test_pairwise_dot_wrong_ind[compatible_vector_array_pair4-&lt;lambda&gt;25]" time="0.0036284923553466797"></testcase><testcase classname="src.pymortests.vectorarray" file="src/pymortests/vectorarray.py" line="1039" name="test_pairwise_dot_wrong_ind[compatible_vector_array_pair4-&lt;lambda&gt;26]" time="0.03059697151184082"></testcase><testcase classname="src.pymortests.vectorarray" file="src/pymortests/vectorarray.py" line="1039" name="test_pairwise_dot_wrong_ind[compatible_vector_array_pair4-&lt;lambda&gt;27]" time="0.04359579086303711"></testcase><testcase classname="src.pymortests.vectorarray" file="src/pymortests/vectorarray.py" line="1039" name="test_pairwise_dot_wrong_ind[compatible_vector_array_pair4-&lt;lambda&gt;28]" time="0.1521596908569336"></testcase><testcase classname="src.pymortests.vectorarray" file="src/pymortests/vectorarray.py" line="1039" name="test_pairwise_dot_wrong_ind[compatible_vector_array_pair4-&lt;lambda&gt;29]" time="0.008569955825805664"></testcase><testcase classname="src.pymortests.vectorarray" file="src/pymortests/vectorarray.py" line="1039" name="test_pairwise_dot_wrong_ind[compatible_vector_array_pair5-&lt;lambda&gt;0]" time="0.0020170211791992188"></testcase><testcase classname="src.pymortests.vectorarray" file="src/pymortests/vectorarray.py" line="1039" name="test_pairwise_dot_wrong_ind[compatible_vector_array_pair5-&lt;lambda&gt;1]" time="0.002531766891479492"></testcase><testcase classname="src.pymortests.vectorarray" file="src/pymortests/vectorarray.py" line="1039" name="test_pairwise_dot_wrong_ind[compatible_vector_array_pair5-&lt;lambda&gt;2]" time="0.004152774810791016"></testcase><testcase classname="src.pymortests.vectorarray" file="src/pymortests/vectorarray.py" line="1039" name="test_pairwise_dot_wrong_ind[compatible_vector_array_pair5-&lt;lambda&gt;3]" time="0.00498652458190918"></testcase><testcase classname="src.pymortests.vectorarray" file="src/pymortests/vectorarray.py" line="1039" name="test_pairwise_dot_wrong_ind[compatible_vector_array_pair5-&lt;lambda&gt;4]" time="0.006147861480712891"></testcase><testcase classname="src.pymortests.vectorarray" file="src/pymortests/vectorarray.py" line="1039" name="test_pairwise_dot_wrong_ind[compatible_vector_array_pair5-&lt;lambda&gt;5]" time="0.004100799560546875"></testcase><testcase classname="src.pymortests.vectorarray" file="src/pymortests/vectorarray.py" line="1039" name="test_pairwise_dot_wrong_ind[compatible_vector_array_pair5-&lt;lambda&gt;6]" time="0.001947641372680664"></testcase><testcase classname="src.pymortests.vectorarray" file="src/pymortests/vectorarray.py" line="1039" name="test_pairwise_dot_wrong_ind[compatible_vector_array_pair5-&lt;lambda&gt;7]" time="0.0026450157165527344"></testcase><testcase classname="src.pymortests.vectorarray" file="src/pymortests/vectorarray.py" line="1039" name="test_pairwise_dot_wrong_ind[compatible_vector_array_pair5-&lt;lambda&gt;8]" time="0.011454343795776367"></testcase><testcase classname="src.pymortests.vectorarray" file="src/pymortests/vectorarray.py" line="1039" name="test_pairwise_dot_wrong_ind[compatible_vector_array_pair5-&lt;lambda&gt;9]" time="0.01643514633178711"></testcase><testcase classname="src.pymortests.vectorarray" file="src/pymortests/vectorarray.py" line="1039" name="test_pairwise_dot_wrong_ind[compatible_vector_array_pair5-&lt;lambda&gt;10]" time="0.051769256591796875"></testcase><testcase classname="src.pymortests.vectorarray" file="src/pymortests/vectorarray.py" line="1039" name="test_pairwise_dot_wrong_ind[compatible_vector_array_pair5-&lt;lambda&gt;11]" time="0.006064891815185547"></testcase><testcase classname="src.pymortests.vectorarray" file="src/pymortests/vectorarray.py" line="1039" name="test_pairwise_dot_wrong_ind[compatible_vector_array_pair5-&lt;lambda&gt;12]" time="0.003037691116333008"></testcase><testcase classname="src.pymortests.vectorarray" file="src/pymortests/vectorarray.py" line="1039" name="test_pairwise_dot_wrong_ind[compatible_vector_array_pair5-&lt;lambda&gt;13]" time="0.005043506622314453"></testcase><testcase classname="src.pymortests.vectorarray" file="src/pymortests/vectorarray.py" line="1039" name="test_pairwise_dot_wrong_ind[compatible_vector_array_pair5-&lt;lambda&gt;14]" time="0.005956172943115234"></testcase><testcase classname="src.pymortests.vectorarray" file="src/pymortests/vectorarray.py" line="1039" name="test_pairwise_dot_wrong_ind[compatible_vector_array_pair5-&lt;lambda&gt;15]" time="0.007970809936523438"></testcase><testcase classname="src.pymortests.vectorarray" file="src/pymortests/vectorarray.py" line="1039" name="test_pairwise_dot_wrong_ind[compatible_vector_array_pair5-&lt;lambda&gt;16]" time="0.010314226150512695"></testcase><testcase classname="src.pymortests.vectorarray" file="src/pymortests/vectorarray.py" line="1039" name="test_pairwise_dot_wrong_ind[compatible_vector_array_pair5-&lt;lambda&gt;17]" time="0.014184951782226562"></testcase><testcase classname="src.pymortests.vectorarray" file="src/pymortests/vectorarray.py" line="1039" name="test_pairwise_dot_wrong_ind[compatible_vector_array_pair5-&lt;lambda&gt;18]" time="0.0036575794219970703"></testcase><testcase classname="src.pymortests.vectorarray" file="src/pymortests/vectorarray.py" line="1039" name="test_pairwise_dot_wrong_ind[compatible_vector_array_pair5-&lt;lambda&gt;19]" time="0.0035626888275146484"></testcase><testcase classname="src.pymortests.vectorarray" file="src/pymortests/vectorarray.py" line="1039" name="test_pairwise_dot_wrong_ind[compatible_vector_array_pair5-&lt;lambda&gt;20]" time="0.034221649169921875"></testcase><testcase classname="src.pymortests.vectorarray" file="src/pymortests/vectorarray.py" line="1039" name="test_pairwise_dot_wrong_ind[compatible_vector_array_pair5-&lt;lambda&gt;21]" time="0.026447772979736328"></testcase><testcase classname="src.pymortests.vectorarray" file="src/pymortests/vectorarray.py" line="1039" name="test_pairwise_dot_wrong_ind[compatible_vector_array_pair5-&lt;lambda&gt;22]" time="0.08797240257263184"></testcase><testcase classname="src.pymortests.vectorarray" file="src/pymortests/vectorarray.py" line="1039" name="test_pairwise_dot_wrong_ind[compatible_vector_array_pair5-&lt;lambda&gt;23]" time="0.006884098052978516"></testcase><testcase classname="src.pymortests.vectorarray" file="src/pymortests/vectorarray.py" line="1039" name="test_pairwise_dot_wrong_ind[compatible_vector_array_pair5-&lt;lambda&gt;24]" time="0.0017783641815185547"></testcase><testcase classname="src.pymortests.vectorarray" file="src/pymortests/vectorarray.py" line="1039" name="test_pairwise_dot_wrong_ind[compatible_vector_array_pair5-&lt;lambda&gt;25]" time="0.0034520626068115234"></testcase><testcase classname="src.pymortests.vectorarray" file="src/pymortests/vectorarray.py" line="1039" name="test_pairwise_dot_wrong_ind[compatible_vector_array_pair5-&lt;lambda&gt;26]" time="0.030517101287841797"></testcase><testcase classname="src.pymortests.vectorarray" file="src/pymortests/vectorarray.py" line="1039" name="test_pairwise_dot_wrong_ind[compatible_vector_array_pair5-&lt;lambda&gt;27]" time="0.043164968490600586"></testcase><testcase classname="src.pymortests.vectorarray" file="src/pymortests/vectorarray.py" line="1039" name="test_pairwise_dot_wrong_ind[compatible_vector_array_pair5-&lt;lambda&gt;28]" time="0.15343093872070312"></testcase><testcase classname="src.pymortests.vectorarray" file="src/pymortests/vectorarray.py" line="1039" name="test_pairwise_dot_wrong_ind[compatible_vector_array_pair5-&lt;lambda&gt;29]" time="0.008495807647705078"></testcase><testcase classname="src.pymortests.vectorarray" file="src/pymortests/vectorarray.py" line="1039" name="test_pairwise_dot_wrong_ind[compatible_vector_array_pair6-&lt;lambda&gt;0]" time="0.001955747604370117"></testcase><testcase classname="src.pymortests.vectorarray" file="src/pymortests/vectorarray.py" line="1039" name="test_pairwise_dot_wrong_ind[compatible_vector_array_pair6-&lt;lambda&gt;1]" time="0.002507925033569336"></testcase><testcase classname="src.pymortests.vectorarray" file="src/pymortests/vectorarray.py" line="1039" name="test_pairwise_dot_wrong_ind[compatible_vector_array_pair6-&lt;lambda&gt;2]" time="0.004036426544189453"></testcase><testcase classname="src.pymortests.vectorarray" file="src/pymortests/vectorarray.py" line="1039" name="test_pairwise_dot_wrong_ind[compatible_vector_array_pair6-&lt;lambda&gt;3]" time="0.004740715026855469"></testcase><testcase classname="src.pymortests.vectorarray" file="src/pymortests/vectorarray.py" line="1039" name="test_pairwise_dot_wrong_ind[compatible_vector_array_pair6-&lt;lambda&gt;4]" time="0.005883932113647461"></testcase><testcase classname="src.pymortests.vectorarray" file="src/pymortests/vectorarray.py" line="1039" name="test_pairwise_dot_wrong_ind[compatible_vector_array_pair6-&lt;lambda&gt;5]" time="0.003958463668823242"></testcase><testcase classname="src.pymortests.vectorarray" file="src/pymortests/vectorarray.py" line="1039" name="test_pairwise_dot_wrong_ind[compatible_vector_array_pair6-&lt;lambda&gt;6]" time="0.0018482208251953125"></testcase><testcase classname="src.pymortests.vectorarray" file="src/pymortests/vectorarray.py" line="1039" name="test_pairwise_dot_wrong_ind[compatible_vector_array_pair6-&lt;lambda&gt;7]" time="0.0025250911712646484"></testcase><testcase classname="src.pymortests.vectorarray" file="src/pymortests/vectorarray.py" line="1039" name="test_pairwise_dot_wrong_ind[compatible_vector_array_pair6-&lt;lambda&gt;8]" time="0.011128425598144531"></testcase><testcase classname="src.pymortests.vectorarray" file="src/pymortests/vectorarray.py" line="1039" name="test_pairwise_dot_wrong_ind[compatible_vector_array_pair6-&lt;lambda&gt;9]" time="0.016016006469726562"></testcase><testcase classname="src.pymortests.vectorarray" file="src/pymortests/vectorarray.py" line="1039" name="test_pairwise_dot_wrong_ind[compatible_vector_array_pair6-&lt;lambda&gt;10]" time="0.051312923431396484"></testcase><testcase classname="src.pymortests.vectorarray" file="src/pymortests/vectorarray.py" line="1039" name="test_pairwise_dot_wrong_ind[compatible_vector_array_pair6-&lt;lambda&gt;11]" time="0.005927085876464844"></testcase><testcase classname="src.pymortests.vectorarray" file="src/pymortests/vectorarray.py" line="1039" name="test_pairwise_dot_wrong_ind[compatible_vector_array_pair6-&lt;lambda&gt;12]" time="0.0028238296508789062"></testcase><testcase classname="src.pymortests.vectorarray" file="src/pymortests/vectorarray.py" line="1039" name="test_pairwise_dot_wrong_ind[compatible_vector_array_pair6-&lt;lambda&gt;13]" time="0.004777669906616211"></testcase><testcase classname="src.pymortests.vectorarray" file="src/pymortests/vectorarray.py" line="1039" name="test_pairwise_dot_wrong_ind[compatible_vector_array_pair6-&lt;lambda&gt;14]" time="0.005734682083129883"></testcase><testcase classname="src.pymortests.vectorarray" file="src/pymortests/vectorarray.py" line="1039" name="test_pairwise_dot_wrong_ind[compatible_vector_array_pair6-&lt;lambda&gt;15]" time="0.007938623428344727"></testcase><testcase classname="src.pymortests.vectorarray" file="src/pymortests/vectorarray.py" line="1039" name="test_pairwise_dot_wrong_ind[compatible_vector_array_pair6-&lt;lambda&gt;16]" time="0.010025501251220703"></testcase><testcase classname="src.pymortests.vectorarray" file="src/pymortests/vectorarray.py" line="1039" name="test_pairwise_dot_wrong_ind[compatible_vector_array_pair6-&lt;lambda&gt;17]" time="0.012724161148071289"></testcase><testcase classname="src.pymortests.vectorarray" file="src/pymortests/vectorarray.py" line="1039" name="test_pairwise_dot_wrong_ind[compatible_vector_array_pair6-&lt;lambda&gt;18]" time="0.0035963058471679688"></testcase><testcase classname="src.pymortests.vectorarray" file="src/pymortests/vectorarray.py" line="1039" name="test_pairwise_dot_wrong_ind[compatible_vector_array_pair6-&lt;lambda&gt;19]" time="0.003325223922729492"></testcase><testcase classname="src.pymortests.vectorarray" file="src/pymortests/vectorarray.py" line="1039" name="test_pairwise_dot_wrong_ind[compatible_vector_array_pair6-&lt;lambda&gt;20]" time="0.03447222709655762"></testcase><testcase classname="src.pymortests.vectorarray" file="src/pymortests/vectorarray.py" line="1039" name="test_pairwise_dot_wrong_ind[compatible_vector_array_pair6-&lt;lambda&gt;21]" time="0.026454687118530273"></testcase><testcase classname="src.pymortests.vectorarray" file="src/pymortests/vectorarray.py" line="1039" name="test_pairwise_dot_wrong_ind[compatible_vector_array_pair6-&lt;lambda&gt;22]" time="0.08420515060424805"></testcase><testcase classname="src.pymortests.vectorarray" file="src/pymortests/vectorarray.py" line="1039" name="test_pairwise_dot_wrong_ind[compatible_vector_array_pair6-&lt;lambda&gt;23]" time="0.006920814514160156"></testcase><testcase classname="src.pymortests.vectorarray" file="src/pymortests/vectorarray.py" line="1039" name="test_pairwise_dot_wrong_ind[compatible_vector_array_pair6-&lt;lambda&gt;24]" time="0.002766132354736328"></testcase><testcase classname="src.pymortests.vectorarray" file="src/pymortests/vectorarray.py" line="1039" name="test_pairwise_dot_wrong_ind[compatible_vector_array_pair6-&lt;lambda&gt;25]" time="0.0035088062286376953"></testcase><testcase classname="src.pymortests.vectorarray" file="src/pymortests/vectorarray.py" line="1039" name="test_pairwise_dot_wrong_ind[compatible_vector_array_pair6-&lt;lambda&gt;26]" time="0.030495643615722656"></testcase><testcase classname="src.pymortests.vectorarray" file="src/pymortests/vectorarray.py" line="1039" name="test_pairwise_dot_wrong_ind[compatible_vector_array_pair6-&lt;lambda&gt;27]" time="0.04328560829162598"></testcase><testcase classname="src.pymortests.vectorarray" file="src/pymortests/vectorarray.py" line="1039" name="test_pairwise_dot_wrong_ind[compatible_vector_array_pair6-&lt;lambda&gt;28]" time="0.15131855010986328"></testcase><testcase classname="src.pymortests.vectorarray" file="src/pymortests/vectorarray.py" line="1039" name="test_pairwise_dot_wrong_ind[compatible_vector_array_pair6-&lt;lambda&gt;29]" time="0.00854039192199707"></testcase><testcase classname="src.pymortests.vectorarray" file="src/pymortests/vectorarray.py" line="1039" name="test_pairwise_dot_wrong_ind[compatible_vector_array_pair7-&lt;lambda&gt;0]" time="0.0020978450775146484"></testcase><testcase classname="src.pymortests.vectorarray" file="src/pymortests/vectorarray.py" line="1039" name="test_pairwise_dot_wrong_ind[compatible_vector_array_pair7-&lt;lambda&gt;1]" time="0.002559661865234375"></testcase><testcase classname="src.pymortests.vectorarray" file="src/pymortests/vectorarray.py" line="1039" name="test_pairwise_dot_wrong_ind[compatible_vector_array_pair7-&lt;lambda&gt;2]" time="0.0040056705474853516"></testcase><testcase classname="src.pymortests.vectorarray" file="src/pymortests/vectorarray.py" line="1039" name="test_pairwise_dot_wrong_ind[compatible_vector_array_pair7-&lt;lambda&gt;3]" time="0.004879474639892578"></testcase><testcase classname="src.pymortests.vectorarray" file="src/pymortests/vectorarray.py" line="1039" name="test_pairwise_dot_wrong_ind[compatible_vector_array_pair7-&lt;lambda&gt;4]" time="0.005911111831665039"></testcase><testcase classname="src.pymortests.vectorarray" file="src/pymortests/vectorarray.py" line="1039" name="test_pairwise_dot_wrong_ind[compatible_vector_array_pair7-&lt;lambda&gt;5]" time="0.003933906555175781"></testcase><testcase classname="src.pymortests.vectorarray" file="src/pymortests/vectorarray.py" line="1039" name="test_pairwise_dot_wrong_ind[compatible_vector_array_pair7-&lt;lambda&gt;6]" time="0.001836538314819336"></testcase><testcase classname="src.pymortests.vectorarray" file="src/pymortests/vectorarray.py" line="1039" name="test_pairwise_dot_wrong_ind[compatible_vector_array_pair7-&lt;lambda&gt;7]" time="0.0025866031646728516"></testcase><testcase classname="src.pymortests.vectorarray" file="src/pymortests/vectorarray.py" line="1039" name="test_pairwise_dot_wrong_ind[compatible_vector_array_pair7-&lt;lambda&gt;8]" time="0.011139392852783203"></testcase><testcase classname="src.pymortests.vectorarray" file="src/pymortests/vectorarray.py" line="1039" name="test_pairwise_dot_wrong_ind[compatible_vector_array_pair7-&lt;lambda&gt;9]" time="0.015930652618408203"></testcase><testcase classname="src.pymortests.vectorarray" file="src/pymortests/vectorarray.py" line="1039" name="test_pairwise_dot_wrong_ind[compatible_vector_array_pair7-&lt;lambda&gt;10]" time="0.051740407943725586"></testcase><testcase classname="src.pymortests.vectorarray" file="src/pymortests/vectorarray.py" line="1039" name="test_pairwise_dot_wrong_ind[compatible_vector_array_pair7-&lt;lambda&gt;11]" time="0.005904674530029297"></testcase><testcase classname="src.pymortests.vectorarray" file="src/pymortests/vectorarray.py" line="1039" name="test_pairwise_dot_wrong_ind[compatible_vector_array_pair7-&lt;lambda&gt;12]" time="0.0029578208923339844"></testcase><testcase classname="src.pymortests.vectorarray" file="src/pymortests/vectorarray.py" line="1039" name="test_pairwise_dot_wrong_ind[compatible_vector_array_pair7-&lt;lambda&gt;13]" time="0.0048558712005615234"></testcase><testcase classname="src.pymortests.vectorarray" file="src/pymortests/vectorarray.py" line="1039" name="test_pairwise_dot_wrong_ind[compatible_vector_array_pair7-&lt;lambda&gt;14]" time="0.005776405334472656"></testcase><testcase classname="src.pymortests.vectorarray" file="src/pymortests/vectorarray.py" line="1039" name="test_pairwise_dot_wrong_ind[compatible_vector_array_pair7-&lt;lambda&gt;15]" time="0.007755279541015625"></testcase><testcase classname="src.pymortests.vectorarray" file="src/pymortests/vectorarray.py" line="1039" name="test_pairwise_dot_wrong_ind[compatible_vector_array_pair7-&lt;lambda&gt;16]" time="0.009896278381347656"></testcase><testcase classname="src.pymortests.vectorarray" file="src/pymortests/vectorarray.py" line="1039" name="test_pairwise_dot_wrong_ind[compatible_vector_array_pair7-&lt;lambda&gt;17]" time="0.012611627578735352"></testcase><testcase classname="src.pymortests.vectorarray" file="src/pymortests/vectorarray.py" line="1039" name="test_pairwise_dot_wrong_ind[compatible_vector_array_pair7-&lt;lambda&gt;18]" time="0.003602266311645508"></testcase><testcase classname="src.pymortests.vectorarray" file="src/pymortests/vectorarray.py" line="1039" name="test_pairwise_dot_wrong_ind[compatible_vector_array_pair7-&lt;lambda&gt;19]" time="0.003324747085571289"></testcase><testcase classname="src.pymortests.vectorarray" file="src/pymortests/vectorarray.py" line="1039" name="test_pairwise_dot_wrong_ind[compatible_vector_array_pair7-&lt;lambda&gt;20]" time="0.03430891036987305"></testcase><testcase classname="src.pymortests.vectorarray" file="src/pymortests/vectorarray.py" line="1039" name="test_pairwise_dot_wrong_ind[compatible_vector_array_pair7-&lt;lambda&gt;21]" time="0.02643108367919922"></testcase><testcase classname="src.pymortests.vectorarray" file="src/pymortests/vectorarray.py" line="1039" name="test_pairwise_dot_wrong_ind[compatible_vector_array_pair7-&lt;lambda&gt;22]" time="0.08436322212219238"></testcase><testcase classname="src.pymortests.vectorarray" file="src/pymortests/vectorarray.py" line="1039" name="test_pairwise_dot_wrong_ind[compatible_vector_array_pair7-&lt;lambda&gt;23]" time="0.007180929183959961"></testcase><testcase classname="src.pymortests.vectorarray" file="src/pymortests/vectorarray.py" line="1039" name="test_pairwise_dot_wrong_ind[compatible_vector_array_pair7-&lt;lambda&gt;24]" time="0.0018699169158935547"></testcase><testcase classname="src.pymortests.vectorarray" file="src/pymortests/vectorarray.py" line="1039" name="test_pairwise_dot_wrong_ind[compatible_vector_array_pair7-&lt;lambda&gt;25]" time="0.003414154052734375"></testcase><testcase classname="src.pymortests.vectorarray" file="src/pymortests/vectorarray.py" line="1039" name="test_pairwise_dot_wrong_ind[compatible_vector_array_pair7-&lt;lambda&gt;26]" time="0.030565261840820312"></testcase><testcase classname="src.pymortests.vectorarray" file="src/pymortests/vectorarray.py" line="1039" name="test_pairwise_dot_wrong_ind[compatible_vector_array_pair7-&lt;lambda&gt;27]" time="0.043210744857788086"></testcase><testcase classname="src.pymortests.vectorarray" file="src/pymortests/vectorarray.py" line="1039" name="test_pairwise_dot_wrong_ind[compatible_vector_array_pair7-&lt;lambda&gt;28]" time="0.1537935733795166"></testcase><testcase classname="src.pymortests.vectorarray" file="src/pymortests/vectorarray.py" line="1039" name="test_pairwise_dot_wrong_ind[compatible_vector_array_pair7-&lt;lambda&gt;29]" time="0.00884389877319336"></testcase><testcase classname="src.pymortests.vectorarray" file="src/pymortests/vectorarray.py" line="1039" name="test_pairwise_dot_wrong_ind[compatible_vector_array_pair8-&lt;lambda&gt;0]" time="0.0028924942016601562"></testcase><testcase classname="src.pymortests.vectorarray" file="src/pymortests/vectorarray.py" line="1039" name="test_pairwise_dot_wrong_ind[compatible_vector_array_pair8-&lt;lambda&gt;1]" time="0.002695322036743164"></testcase><testcase classname="src.pymortests.vectorarray" file="src/pymortests/vectorarray.py" line="1039" name="test_pairwise_dot_wrong_ind[compatible_vector_array_pair8-&lt;lambda&gt;2]" time="0.0041010379791259766"></testcase><testcase classname="src.pymortests.vectorarray" file="src/pymortests/vectorarray.py" line="1039" name="test_pairwise_dot_wrong_ind[compatible_vector_array_pair8-&lt;lambda&gt;3]" time="0.004889965057373047"></testcase><testcase classname="src.pymortests.vectorarray" file="src/pymortests/vectorarray.py" line="1039" name="test_pairwise_dot_wrong_ind[compatible_vector_array_pair8-&lt;lambda&gt;4]" time="0.006325960159301758"></testcase><testcase classname="src.pymortests.vectorarray" file="src/pymortests/vectorarray.py" line="1039" name="test_pairwise_dot_wrong_ind[compatible_vector_array_pair8-&lt;lambda&gt;5]" time="0.004324674606323242"></testcase><testcase classname="src.pymortests.vectorarray" file="src/pymortests/vectorarray.py" line="1039" name="test_pairwise_dot_wrong_ind[compatible_vector_array_pair8-&lt;lambda&gt;6]" time="0.0021185874938964844"></testcase><testcase classname="src.pymortests.vectorarray" file="src/pymortests/vectorarray.py" line="1039" name="test_pairwise_dot_wrong_ind[compatible_vector_array_pair8-&lt;lambda&gt;7]" time="0.0027093887329101562"></testcase><testcase classname="src.pymortests.vectorarray" file="src/pymortests/vectorarray.py" line="1039" name="test_pairwise_dot_wrong_ind[compatible_vector_array_pair8-&lt;lambda&gt;8]" time="0.011748552322387695"></testcase><testcase classname="src.pymortests.vectorarray" file="src/pymortests/vectorarray.py" line="1039" name="test_pairwise_dot_wrong_ind[compatible_vector_array_pair8-&lt;lambda&gt;9]" time="0.016541242599487305"></testcase><testcase classname="src.pymortests.vectorarray" file="src/pymortests/vectorarray.py" line="1039" name="test_pairwise_dot_wrong_ind[compatible_vector_array_pair8-&lt;lambda&gt;10]" time="0.051886796951293945"></testcase><testcase classname="src.pymortests.vectorarray" file="src/pymortests/vectorarray.py" line="1039" name="test_pairwise_dot_wrong_ind[compatible_vector_array_pair8-&lt;lambda&gt;11]" time="0.005829811096191406"></testcase><testcase classname="src.pymortests.vectorarray" file="src/pymortests/vectorarray.py" line="1039" name="test_pairwise_dot_wrong_ind[compatible_vector_array_pair8-&lt;lambda&gt;12]" time="0.0028967857360839844"></testcase><testcase classname="src.pymortests.vectorarray" file="src/pymortests/vectorarray.py" line="1039" name="test_pairwise_dot_wrong_ind[compatible_vector_array_pair8-&lt;lambda&gt;13]" time="0.004851102828979492"></testcase><testcase classname="src.pymortests.vectorarray" file="src/pymortests/vectorarray.py" line="1039" name="test_pairwise_dot_wrong_ind[compatible_vector_array_pair8-&lt;lambda&gt;14]" time="0.005746126174926758"></testcase><testcase classname="src.pymortests.vectorarray" file="src/pymortests/vectorarray.py" line="1039" name="test_pairwise_dot_wrong_ind[compatible_vector_array_pair8-&lt;lambda&gt;15]" time="0.00793313980102539"></testcase><testcase classname="src.pymortests.vectorarray" file="src/pymortests/vectorarray.py" line="1039" name="test_pairwise_dot_wrong_ind[compatible_vector_array_pair8-&lt;lambda&gt;16]" time="0.010274171829223633"></testcase><testcase classname="src.pymortests.vectorarray" file="src/pymortests/vectorarray.py" line="1039" name="test_pairwise_dot_wrong_ind[compatible_vector_array_pair8-&lt;lambda&gt;17]" time="0.014040470123291016"></testcase><testcase classname="src.pymortests.vectorarray" file="src/pymortests/vectorarray.py" line="1039" name="test_pairwise_dot_wrong_ind[compatible_vector_array_pair8-&lt;lambda&gt;18]" time="0.003569364547729492"></testcase><testcase classname="src.pymortests.vectorarray" file="src/pymortests/vectorarray.py" line="1039" name="test_pairwise_dot_wrong_ind[compatible_vector_array_pair8-&lt;lambda&gt;19]" time="0.0035088062286376953"></testcase><testcase classname="src.pymortests.vectorarray" file="src/pymortests/vectorarray.py" line="1039" name="test_pairwise_dot_wrong_ind[compatible_vector_array_pair8-&lt;lambda&gt;20]" time="0.03433728218078613"></testcase><testcase classname="src.pymortests.vectorarray" file="src/pymortests/vectorarray.py" line="1039" name="test_pairwise_dot_wrong_ind[compatible_vector_array_pair8-&lt;lambda&gt;21]" time="0.02706766128540039"></testcase><testcase classname="src.pymortests.vectorarray" file="src/pymortests/vectorarray.py" line="1039" name="test_pairwise_dot_wrong_ind[compatible_vector_array_pair8-&lt;lambda&gt;22]" time="0.08426499366760254"></testcase><testcase classname="src.pymortests.vectorarray" file="src/pymortests/vectorarray.py" line="1039" name="test_pairwise_dot_wrong_ind[compatible_vector_array_pair8-&lt;lambda&gt;23]" time="0.0069849491119384766"></testcase><testcase classname="src.pymortests.vectorarray" file="src/pymortests/vectorarray.py" line="1039" name="test_pairwise_dot_wrong_ind[compatible_vector_array_pair8-&lt;lambda&gt;24]" time="0.0018928050994873047"></testcase><testcase classname="src.pymortests.vectorarray" file="src/pymortests/vectorarray.py" line="1039" name="test_pairwise_dot_wrong_ind[compatible_vector_array_pair8-&lt;lambda&gt;25]" time="0.003592252731323242"></testcase><testcase classname="src.pymortests.vectorarray" file="src/pymortests/vectorarray.py" line="1039" name="test_pairwise_dot_wrong_ind[compatible_vector_array_pair8-&lt;lambda&gt;26]" time="0.03065800666809082"></testcase><testcase classname="src.pymortests.vectorarray" file="src/pymortests/vectorarray.py" line="1039" name="test_pairwise_dot_wrong_ind[compatible_vector_array_pair8-&lt;lambda&gt;27]" time="0.04347825050354004"></testcase><testcase classname="src.pymortests.vectorarray" file="src/pymortests/vectorarray.py" line="1039" name="test_pairwise_dot_wrong_ind[compatible_vector_array_pair8-&lt;lambda&gt;28]" time="0.15410137176513672"></testcase><testcase classname="src.pymortests.vectorarray" file="src/pymortests/vectorarray.py" line="1039" name="test_pairwise_dot_wrong_ind[compatible_vector_array_pair8-&lt;lambda&gt;29]" time="0.008408546447753906"></testcase><testcase classname="src.pymortests.vectorarray" file="src/pymortests/vectorarray.py" line="1047" name="test_pickle[0-&lt;lambda&gt;0]" time="0.0039675235748291016"></testcase><testcase classname="src.pymortests.vectorarray" file="src/pymortests/vectorarray.py" line="1047" name="test_pickle[0-&lt;lambda&gt;1]" time="0.0016045570373535156"></testcase><testcase classname="src.pymortests.vectorarray" file="src/pymortests/vectorarray.py" line="1047" name="test_pickle[0-&lt;lambda&gt;2]" time="0.0014121532440185547"></testcase><testcase classname="src.pymortests.vectorarray" file="src/pymortests/vectorarray.py" line="1047" name="test_pickle[0-&lt;lambda&gt;3]" time="0.0014247894287109375"></testcase><testcase classname="src.pymortests.vectorarray" file="src/pymortests/vectorarray.py" line="1047" name="test_pickle[0-&lt;lambda&gt;4]" time="0.0013904571533203125"></testcase><testcase classname="src.pymortests.vectorarray" file="src/pymortests/vectorarray.py" line="1047" name="test_pickle[0-&lt;lambda&gt;5]" time="0.0013427734375"></testcase><testcase classname="src.pymortests.vectorarray" file="src/pymortests/vectorarray.py" line="1047" name="test_pickle[0-&lt;lambda&gt;6]" time="0.0012295246124267578"></testcase><testcase classname="src.pymortests.vectorarray" file="src/pymortests/vectorarray.py" line="1047" name="test_pickle[0-&lt;lambda&gt;7]" time="0.00146484375"></testcase><testcase classname="src.pymortests.vectorarray" file="src/pymortests/vectorarray.py" line="1047" name="test_pickle[0-&lt;lambda&gt;8]" time="0.0037832260131835938"></testcase><testcase classname="src.pymortests.vectorarray" file="src/pymortests/vectorarray.py" line="1047" name="test_pickle[0-&lt;lambda&gt;9]" time="0.00759434700012207"></testcase><testcase classname="src.pymortests.vectorarray" file="src/pymortests/vectorarray.py" line="1047" name="test_pickle[0-&lt;lambda&gt;10]" time="0.0027234554290771484"></testcase><testcase classname="src.pymortests.vectorarray" file="src/pymortests/vectorarray.py" line="1047" name="test_pickle[0-&lt;lambda&gt;11]" time="0.0017085075378417969"></testcase><testcase classname="src.pymortests.vectorarray" file="src/pymortests/vectorarray.py" line="1047" name="test_pickle[0-&lt;lambda&gt;12]" time="0.0016448497772216797"></testcase><testcase classname="src.pymortests.vectorarray" file="src/pymortests/vectorarray.py" line="1047" name="test_pickle[0-&lt;lambda&gt;13]" time="0.001519918441772461"></testcase><testcase classname="src.pymortests.vectorarray" file="src/pymortests/vectorarray.py" line="1047" name="test_pickle[0-&lt;lambda&gt;14]" time="0.0015745162963867188"></testcase><testcase classname="src.pymortests.vectorarray" file="src/pymortests/vectorarray.py" line="1047" name="test_pickle[0-&lt;lambda&gt;15]" time="0.0018317699432373047"></testcase><testcase classname="src.pymortests.vectorarray" file="src/pymortests/vectorarray.py" line="1047" name="test_pickle[0-&lt;lambda&gt;16]" time="0.0017828941345214844"></testcase><testcase classname="src.pymortests.vectorarray" file="src/pymortests/vectorarray.py" line="1047" name="test_pickle[1-&lt;lambda&gt;0]" time="0.0013034343719482422"></testcase><testcase classname="src.pymortests.vectorarray" file="src/pymortests/vectorarray.py" line="1047" name="test_pickle[1-&lt;lambda&gt;1]" time="0.0013287067413330078"></testcase><testcase classname="src.pymortests.vectorarray" file="src/pymortests/vectorarray.py" line="1047" name="test_pickle[1-&lt;lambda&gt;2]" time="0.0013401508331298828"></testcase><testcase classname="src.pymortests.vectorarray" file="src/pymortests/vectorarray.py" line="1047" name="test_pickle[1-&lt;lambda&gt;3]" time="0.0014655590057373047"></testcase><testcase classname="src.pymortests.vectorarray" file="src/pymortests/vectorarray.py" line="1047" name="test_pickle[1-&lt;lambda&gt;4]" time="0.0013456344604492188"></testcase><testcase classname="src.pymortests.vectorarray" file="src/pymortests/vectorarray.py" line="1047" name="test_pickle[1-&lt;lambda&gt;5]" time="0.001220703125"></testcase><testcase classname="src.pymortests.vectorarray" file="src/pymortests/vectorarray.py" line="1047" name="test_pickle[1-&lt;lambda&gt;6]" time="0.0017809867858886719"></testcase><testcase classname="src.pymortests.vectorarray" file="src/pymortests/vectorarray.py" line="1047" name="test_pickle[1-&lt;lambda&gt;7]" time="0.0014412403106689453"></testcase><testcase classname="src.pymortests.vectorarray" file="src/pymortests/vectorarray.py" line="1047" name="test_pickle[1-&lt;lambda&gt;8]" time="0.004654884338378906"></testcase><testcase classname="src.pymortests.vectorarray" file="src/pymortests/vectorarray.py" line="1047" name="test_pickle[1-&lt;lambda&gt;9]" time="0.01118016242980957"></testcase><testcase classname="src.pymortests.vectorarray" file="src/pymortests/vectorarray.py" line="1047" name="test_pickle[1-&lt;lambda&gt;10]" time="0.001878976821899414"></testcase><testcase classname="src.pymortests.vectorarray" file="src/pymortests/vectorarray.py" line="1047" name="test_pickle[1-&lt;lambda&gt;11]" time="0.0017817020416259766"></testcase><testcase classname="src.pymortests.vectorarray" file="src/pymortests/vectorarray.py" line="1047" name="test_pickle[1-&lt;lambda&gt;12]" time="0.0017247200012207031"></testcase><testcase classname="src.pymortests.vectorarray" file="src/pymortests/vectorarray.py" line="1047" name="test_pickle[1-&lt;lambda&gt;13]" time="0.0015978813171386719"></testcase><testcase classname="src.pymortests.vectorarray" file="src/pymortests/vectorarray.py" line="1047" name="test_pickle[1-&lt;lambda&gt;14]" time="0.0017910003662109375"></testcase><testcase classname="src.pymortests.vectorarray" file="src/pymortests/vectorarray.py" line="1047" name="test_pickle[1-&lt;lambda&gt;15]" time="0.0019006729125976562"></testcase><testcase classname="src.pymortests.vectorarray" file="src/pymortests/vectorarray.py" line="1047" name="test_pickle[1-&lt;lambda&gt;16]" time="0.0018727779388427734"></testcase><testcase classname="src.pymortests.vectorarray" file="src/pymortests/vectorarray.py" line="1047" name="test_pickle[2-&lt;lambda&gt;0]" time="0.0013628005981445312"></testcase><testcase classname="src.pymortests.vectorarray" file="src/pymortests/vectorarray.py" line="1047" name="test_pickle[2-&lt;lambda&gt;1]" time="0.001352071762084961"></testcase><testcase classname="src.pymortests.vectorarray" file="src/pymortests/vectorarray.py" line="1047" name="test_pickle[2-&lt;lambda&gt;2]" time="0.0014061927795410156"></testcase><testcase classname="src.pymortests.vectorarray" file="src/pymortests/vectorarray.py" line="1047" name="test_pickle[2-&lt;lambda&gt;3]" time="0.0014009475708007812"></testcase><testcase classname="src.pymortests.vectorarray" file="src/pymortests/vectorarray.py" line="1047" name="test_pickle[2-&lt;lambda&gt;4]" time="0.0013811588287353516"></testcase><testcase classname="src.pymortests.vectorarray" file="src/pymortests/vectorarray.py" line="1047" name="test_pickle[2-&lt;lambda&gt;5]" time="0.0012180805206298828"></testcase><testcase classname="src.pymortests.vectorarray" file="src/pymortests/vectorarray.py" line="1047" name="test_pickle[2-&lt;lambda&gt;6]" time="0.00124359130859375"></testcase><testcase classname="src.pymortests.vectorarray" file="src/pymortests/vectorarray.py" line="1047" name="test_pickle[2-&lt;lambda&gt;7]" time="0.0013916492462158203"></testcase><testcase classname="src.pymortests.vectorarray" file="src/pymortests/vectorarray.py" line="1047" name="test_pickle[2-&lt;lambda&gt;8]" time="0.004971981048583984"></testcase><testcase classname="src.pymortests.vectorarray" file="src/pymortests/vectorarray.py" line="1047" name="test_pickle[2-&lt;lambda&gt;9]" time="0.011090993881225586"></testcase><testcase classname="src.pymortests.vectorarray" file="src/pymortests/vectorarray.py" line="1047" name="test_pickle[2-&lt;lambda&gt;10]" time="0.0018579959869384766"></testcase><testcase classname="src.pymortests.vectorarray" file="src/pymortests/vectorarray.py" line="1047" name="test_pickle[2-&lt;lambda&gt;11]" time="0.0020351409912109375"></testcase><testcase classname="src.pymortests.vectorarray" file="src/pymortests/vectorarray.py" line="1047" name="test_pickle[2-&lt;lambda&gt;12]" time="0.0017385482788085938"></testcase><testcase classname="src.pymortests.vectorarray" file="src/pymortests/vectorarray.py" line="1047" name="test_pickle[2-&lt;lambda&gt;13]" time="0.001580953598022461"></testcase><testcase classname="src.pymortests.vectorarray" file="src/pymortests/vectorarray.py" line="1047" name="test_pickle[2-&lt;lambda&gt;14]" time="0.0017542839050292969"></testcase><testcase classname="src.pymortests.vectorarray" file="src/pymortests/vectorarray.py" line="1047" name="test_pickle[2-&lt;lambda&gt;15]" time="0.001857757568359375"></testcase><testcase classname="src.pymortests.vectorarray" file="src/pymortests/vectorarray.py" line="1047" name="test_pickle[2-&lt;lambda&gt;16]" time="0.0019176006317138672"></testcase><testcase classname="src.pymortests.algorithms.basic" file="src/pymortests/algorithms/basic.py" line="21" name="test_almost_equal[compatible_vector_array_pair0-&lt;lambda&gt;0]" time="0.007651090621948242"></testcase><testcase classname="src.pymortests.algorithms.basic" file="src/pymortests/algorithms/basic.py" line="21" name="test_almost_equal[compatible_vector_array_pair0-&lt;lambda&gt;1]" time="0.0028810501098632812"></testcase><testcase classname="src.pymortests.algorithms.basic" file="src/pymortests/algorithms/basic.py" line="21" name="test_almost_equal[compatible_vector_array_pair0-&lt;lambda&gt;2]" time="0.019808292388916016"></testcase><testcase classname="src.pymortests.algorithms.basic" file="src/pymortests/algorithms/basic.py" line="21" name="test_almost_equal[compatible_vector_array_pair0-&lt;lambda&gt;3]" time="0.022739648818969727"></testcase><testcase classname="src.pymortests.algorithms.basic" file="src/pymortests/algorithms/basic.py" line="21" name="test_almost_equal[compatible_vector_array_pair0-&lt;lambda&gt;4]" time="0.030319929122924805"></testcase><testcase classname="src.pymortests.algorithms.basic" file="src/pymortests/algorithms/basic.py" line="21" name="test_almost_equal[compatible_vector_array_pair0-&lt;lambda&gt;5]" time="0.02944207191467285"></testcase><testcase classname="src.pymortests.algorithms.basic" file="src/pymortests/algorithms/basic.py" line="21" name="test_almost_equal[compatible_vector_array_pair0-&lt;lambda&gt;6]" time="0.007917404174804688"></testcase><testcase classname="src.pymortests.algorithms.basic" file="src/pymortests/algorithms/basic.py" line="21" name="test_almost_equal[compatible_vector_array_pair0-&lt;lambda&gt;7]" time="0.0026340484619140625"></testcase><testcase classname="src.pymortests.algorithms.basic" file="src/pymortests/algorithms/basic.py" line="21" name="test_almost_equal[compatible_vector_array_pair0-&lt;lambda&gt;8]" time="0.02947211265563965"></testcase><testcase classname="src.pymortests.algorithms.basic" file="src/pymortests/algorithms/basic.py" line="21" name="test_almost_equal[compatible_vector_array_pair0-&lt;lambda&gt;9]" time="0.03921771049499512"></testcase><testcase classname="src.pymortests.algorithms.basic" file="src/pymortests/algorithms/basic.py" line="21" name="test_almost_equal[compatible_vector_array_pair0-&lt;lambda&gt;10]" time="0.12705326080322266"></testcase><testcase classname="src.pymortests.algorithms.basic" file="src/pymortests/algorithms/basic.py" line="21" name="test_almost_equal[compatible_vector_array_pair0-&lt;lambda&gt;11]" time="0.03337717056274414"></testcase><testcase classname="src.pymortests.algorithms.basic" file="src/pymortests/algorithms/basic.py" line="21" name="test_almost_equal[compatible_vector_array_pair0-&lt;lambda&gt;12]" time="0.020821571350097656"></testcase><testcase classname="src.pymortests.algorithms.basic" file="src/pymortests/algorithms/basic.py" line="21" name="test_almost_equal[compatible_vector_array_pair0-&lt;lambda&gt;13]" time="0.006071567535400391"></testcase><testcase classname="src.pymortests.algorithms.basic" file="src/pymortests/algorithms/basic.py" line="21" name="test_almost_equal[compatible_vector_array_pair0-&lt;lambda&gt;14]" time="0.02762126922607422"></testcase><testcase classname="src.pymortests.algorithms.basic" file="src/pymortests/algorithms/basic.py" line="21" name="test_almost_equal[compatible_vector_array_pair0-&lt;lambda&gt;15]" time="0.04583239555358887"></testcase><testcase classname="src.pymortests.algorithms.basic" file="src/pymortests/algorithms/basic.py" line="21" name="test_almost_equal[compatible_vector_array_pair0-&lt;lambda&gt;16]" time="0.04934954643249512"></testcase><testcase classname="src.pymortests.algorithms.basic" file="src/pymortests/algorithms/basic.py" line="21" name="test_almost_equal[compatible_vector_array_pair0-&lt;lambda&gt;17]" time="0.07413673400878906"></testcase><testcase classname="src.pymortests.algorithms.basic" file="src/pymortests/algorithms/basic.py" line="21" name="test_almost_equal[compatible_vector_array_pair0-&lt;lambda&gt;18]" time="0.027822256088256836"></testcase><testcase classname="src.pymortests.algorithms.basic" file="src/pymortests/algorithms/basic.py" line="21" name="test_almost_equal[compatible_vector_array_pair0-&lt;lambda&gt;19]" time="0.005925655364990234"></testcase><testcase classname="src.pymortests.algorithms.basic" file="src/pymortests/algorithms/basic.py" line="21" name="test_almost_equal[compatible_vector_array_pair0-&lt;lambda&gt;20]" time="0.1661376953125"></testcase><testcase classname="src.pymortests.algorithms.basic" file="src/pymortests/algorithms/basic.py" line="21" name="test_almost_equal[compatible_vector_array_pair0-&lt;lambda&gt;21]" time="0.09465742111206055"></testcase><testcase classname="src.pymortests.algorithms.basic" file="src/pymortests/algorithms/basic.py" line="21" name="test_almost_equal[compatible_vector_array_pair0-&lt;lambda&gt;22]" time="0.30993008613586426"></testcase><testcase classname="src.pymortests.algorithms.basic" file="src/pymortests/algorithms/basic.py" line="21" name="test_almost_equal[compatible_vector_array_pair0-&lt;lambda&gt;23]" time="0.07865500450134277"></testcase><testcase classname="src.pymortests.algorithms.basic" file="src/pymortests/algorithms/basic.py" line="21" name="test_almost_equal[compatible_vector_array_pair0-&lt;lambda&gt;24]" time="0.008605003356933594"></testcase><testcase classname="src.pymortests.algorithms.basic" file="src/pymortests/algorithms/basic.py" line="21" name="test_almost_equal[compatible_vector_array_pair0-&lt;lambda&gt;25]" time="0.0037317276000976562"></testcase><testcase classname="src.pymortests.algorithms.basic" file="src/pymortests/algorithms/basic.py" line="21" name="test_almost_equal[compatible_vector_array_pair0-&lt;lambda&gt;26]" time="0.32976245880126953"></testcase><testcase classname="src.pymortests.algorithms.basic" file="src/pymortests/algorithms/basic.py" line="21" name="test_almost_equal[compatible_vector_array_pair0-&lt;lambda&gt;27]" time="0.5449652671813965"></testcase><testcase classname="src.pymortests.algorithms.basic" file="src/pymortests/algorithms/basic.py" line="21" name="test_almost_equal[compatible_vector_array_pair0-&lt;lambda&gt;28]" time="2.8579964637756348"></testcase><testcase classname="src.pymortests.algorithms.basic" file="src/pymortests/algorithms/basic.py" line="21" name="test_almost_equal[compatible_vector_array_pair0-&lt;lambda&gt;29]" time="0.17749309539794922"></testcase><testcase classname="src.pymortests.algorithms.basic" file="src/pymortests/algorithms/basic.py" line="21" name="test_almost_equal[compatible_vector_array_pair1-&lt;lambda&gt;0]" time="0.008619308471679688"></testcase><testcase classname="src.pymortests.algorithms.basic" file="src/pymortests/algorithms/basic.py" line="21" name="test_almost_equal[compatible_vector_array_pair1-&lt;lambda&gt;1]" time="0.0028676986694335938"></testcase><testcase classname="src.pymortests.algorithms.basic" file="src/pymortests/algorithms/basic.py" line="21" name="test_almost_equal[compatible_vector_array_pair1-&lt;lambda&gt;2]" time="0.019707441329956055"></testcase><testcase classname="src.pymortests.algorithms.basic" file="src/pymortests/algorithms/basic.py" line="21" name="test_almost_equal[compatible_vector_array_pair1-&lt;lambda&gt;3]" time="0.022680282592773438"></testcase><testcase classname="src.pymortests.algorithms.basic" file="src/pymortests/algorithms/basic.py" line="21" name="test_almost_equal[compatible_vector_array_pair1-&lt;lambda&gt;4]" time="0.03000497817993164"></testcase><testcase classname="src.pymortests.algorithms.basic" file="src/pymortests/algorithms/basic.py" line="21" name="test_almost_equal[compatible_vector_array_pair1-&lt;lambda&gt;5]" time="0.02959132194519043"></testcase><testcase classname="src.pymortests.algorithms.basic" file="src/pymortests/algorithms/basic.py" line="21" name="test_almost_equal[compatible_vector_array_pair1-&lt;lambda&gt;6]" time="0.00805211067199707"></testcase><testcase classname="src.pymortests.algorithms.basic" file="src/pymortests/algorithms/basic.py" line="21" name="test_almost_equal[compatible_vector_array_pair1-&lt;lambda&gt;7]" time="0.002752542495727539"></testcase><testcase classname="src.pymortests.algorithms.basic" file="src/pymortests/algorithms/basic.py" line="21" name="test_almost_equal[compatible_vector_array_pair1-&lt;lambda&gt;8]" time="0.029079914093017578"></testcase><testcase classname="src.pymortests.algorithms.basic" file="src/pymortests/algorithms/basic.py" line="21" name="test_almost_equal[compatible_vector_array_pair1-&lt;lambda&gt;9]" time="0.03956913948059082"></testcase><testcase classname="src.pymortests.algorithms.basic" file="src/pymortests/algorithms/basic.py" line="21" name="test_almost_equal[compatible_vector_array_pair1-&lt;lambda&gt;10]" time="0.12771248817443848"></testcase><testcase classname="src.pymortests.algorithms.basic" file="src/pymortests/algorithms/basic.py" line="21" name="test_almost_equal[compatible_vector_array_pair1-&lt;lambda&gt;11]" time="0.032973527908325195"></testcase><testcase classname="src.pymortests.algorithms.basic" file="src/pymortests/algorithms/basic.py" line="21" name="test_almost_equal[compatible_vector_array_pair1-&lt;lambda&gt;12]" time="0.020908117294311523"></testcase><testcase classname="src.pymortests.algorithms.basic" file="src/pymortests/algorithms/basic.py" line="21" name="test_almost_equal[compatible_vector_array_pair1-&lt;lambda&gt;13]" time="0.0059108734130859375"></testcase><testcase classname="src.pymortests.algorithms.basic" file="src/pymortests/algorithms/basic.py" line="21" name="test_almost_equal[compatible_vector_array_pair1-&lt;lambda&gt;14]" time="0.0274813175201416"></testcase><testcase classname="src.pymortests.algorithms.basic" file="src/pymortests/algorithms/basic.py" line="21" name="test_almost_equal[compatible_vector_array_pair1-&lt;lambda&gt;15]" time="0.04465746879577637"></testcase><testcase classname="src.pymortests.algorithms.basic" file="src/pymortests/algorithms/basic.py" line="21" name="test_almost_equal[compatible_vector_array_pair1-&lt;lambda&gt;16]" time="0.052947998046875"></testcase><testcase classname="src.pymortests.algorithms.basic" file="src/pymortests/algorithms/basic.py" line="21" name="test_almost_equal[compatible_vector_array_pair1-&lt;lambda&gt;17]" time="0.07136416435241699"></testcase><testcase classname="src.pymortests.algorithms.basic" file="src/pymortests/algorithms/basic.py" line="21" name="test_almost_equal[compatible_vector_array_pair1-&lt;lambda&gt;18]" time="0.028435707092285156"></testcase><testcase classname="src.pymortests.algorithms.basic" file="src/pymortests/algorithms/basic.py" line="21" name="test_almost_equal[compatible_vector_array_pair1-&lt;lambda&gt;19]" time="0.005908489227294922"></testcase><testcase classname="src.pymortests.algorithms.basic" file="src/pymortests/algorithms/basic.py" line="21" name="test_almost_equal[compatible_vector_array_pair1-&lt;lambda&gt;20]" time="0.1633925437927246"></testcase><testcase classname="src.pymortests.algorithms.basic" file="src/pymortests/algorithms/basic.py" line="21" name="test_almost_equal[compatible_vector_array_pair1-&lt;lambda&gt;21]" time="0.09257864952087402"></testcase><testcase classname="src.pymortests.algorithms.basic" file="src/pymortests/algorithms/basic.py" line="21" name="test_almost_equal[compatible_vector_array_pair1-&lt;lambda&gt;22]" time="0.30704832077026367"></testcase><testcase classname="src.pymortests.algorithms.basic" file="src/pymortests/algorithms/basic.py" line="21" name="test_almost_equal[compatible_vector_array_pair1-&lt;lambda&gt;23]" time="0.07994556427001953"></testcase><testcase classname="src.pymortests.algorithms.basic" file="src/pymortests/algorithms/basic.py" line="21" name="test_almost_equal[compatible_vector_array_pair1-&lt;lambda&gt;24]" time="0.008652925491333008"></testcase><testcase classname="src.pymortests.algorithms.basic" file="src/pymortests/algorithms/basic.py" line="21" name="test_almost_equal[compatible_vector_array_pair1-&lt;lambda&gt;25]" time="0.004725217819213867"></testcase><testcase classname="src.pymortests.algorithms.basic" file="src/pymortests/algorithms/basic.py" line="21" name="test_almost_equal[compatible_vector_array_pair1-&lt;lambda&gt;26]" time="0.3520488739013672"></testcase><testcase classname="src.pymortests.algorithms.basic" file="src/pymortests/algorithms/basic.py" line="21" name="test_almost_equal[compatible_vector_array_pair1-&lt;lambda&gt;27]" time="0.5426692962646484"></testcase><testcase classname="src.pymortests.algorithms.basic" file="src/pymortests/algorithms/basic.py" line="21" name="test_almost_equal[compatible_vector_array_pair1-&lt;lambda&gt;28]" time="2.925518274307251"></testcase><testcase classname="src.pymortests.algorithms.basic" file="src/pymortests/algorithms/basic.py" line="21" name="test_almost_equal[compatible_vector_array_pair1-&lt;lambda&gt;29]" time="0.17731904983520508"></testcase><testcase classname="src.pymortests.algorithms.basic" file="src/pymortests/algorithms/basic.py" line="21" name="test_almost_equal[compatible_vector_array_pair2-&lt;lambda&gt;0]" time="0.008604764938354492"></testcase><testcase classname="src.pymortests.algorithms.basic" file="src/pymortests/algorithms/basic.py" line="21" name="test_almost_equal[compatible_vector_array_pair2-&lt;lambda&gt;1]" time="0.003537416458129883"></testcase><testcase classname="src.pymortests.algorithms.basic" file="src/pymortests/algorithms/basic.py" line="21" name="test_almost_equal[compatible_vector_array_pair2-&lt;lambda&gt;2]" time="0.0228121280670166"></testcase><testcase classname="src.pymortests.algorithms.basic" file="src/pymortests/algorithms/basic.py" line="21" name="test_almost_equal[compatible_vector_array_pair2-&lt;lambda&gt;3]" time="0.022519826889038086"></testcase><testcase classname="src.pymortests.algorithms.basic" file="src/pymortests/algorithms/basic.py" line="21" name="test_almost_equal[compatible_vector_array_pair2-&lt;lambda&gt;4]" time="0.029975414276123047"></testcase><testcase classname="src.pymortests.algorithms.basic" file="src/pymortests/algorithms/basic.py" line="21" name="test_almost_equal[compatible_vector_array_pair2-&lt;lambda&gt;5]" time="0.029486656188964844"></testcase><testcase classname="src.pymortests.algorithms.basic" file="src/pymortests/algorithms/basic.py" line="21" name="test_almost_equal[compatible_vector_array_pair2-&lt;lambda&gt;6]" time="0.00795602798461914"></testcase><testcase classname="src.pymortests.algorithms.basic" file="src/pymortests/algorithms/basic.py" line="21" name="test_almost_equal[compatible_vector_array_pair2-&lt;lambda&gt;7]" time="0.0026519298553466797"></testcase><testcase classname="src.pymortests.algorithms.basic" file="src/pymortests/algorithms/basic.py" line="21" name="test_almost_equal[compatible_vector_array_pair2-&lt;lambda&gt;8]" time="0.028899192810058594"></testcase><testcase classname="src.pymortests.algorithms.basic" file="src/pymortests/algorithms/basic.py" line="21" name="test_almost_equal[compatible_vector_array_pair2-&lt;lambda&gt;9]" time="0.039386749267578125"></testcase><testcase classname="src.pymortests.algorithms.basic" file="src/pymortests/algorithms/basic.py" line="21" name="test_almost_equal[compatible_vector_array_pair2-&lt;lambda&gt;10]" time="0.1266765594482422"></testcase><testcase classname="src.pymortests.algorithms.basic" file="src/pymortests/algorithms/basic.py" line="21" name="test_almost_equal[compatible_vector_array_pair2-&lt;lambda&gt;11]" time="0.0328524112701416"></testcase><testcase classname="src.pymortests.algorithms.basic" file="src/pymortests/algorithms/basic.py" line="21" name="test_almost_equal[compatible_vector_array_pair2-&lt;lambda&gt;12]" time="0.02063274383544922"></testcase><testcase classname="src.pymortests.algorithms.basic" file="src/pymortests/algorithms/basic.py" line="21" name="test_almost_equal[compatible_vector_array_pair2-&lt;lambda&gt;13]" time="0.005995750427246094"></testcase><testcase classname="src.pymortests.algorithms.basic" file="src/pymortests/algorithms/basic.py" line="21" name="test_almost_equal[compatible_vector_array_pair2-&lt;lambda&gt;14]" time="0.028249740600585938"></testcase><testcase classname="src.pymortests.algorithms.basic" file="src/pymortests/algorithms/basic.py" line="21" name="test_almost_equal[compatible_vector_array_pair2-&lt;lambda&gt;15]" time="0.045197248458862305"></testcase><testcase classname="src.pymortests.algorithms.basic" file="src/pymortests/algorithms/basic.py" line="21" name="test_almost_equal[compatible_vector_array_pair2-&lt;lambda&gt;16]" time="0.04915809631347656"></testcase><testcase classname="src.pymortests.algorithms.basic" file="src/pymortests/algorithms/basic.py" line="21" name="test_almost_equal[compatible_vector_array_pair2-&lt;lambda&gt;17]" time="0.07086062431335449"></testcase><testcase classname="src.pymortests.algorithms.basic" file="src/pymortests/algorithms/basic.py" line="21" name="test_almost_equal[compatible_vector_array_pair2-&lt;lambda&gt;18]" time="0.027840852737426758"></testcase><testcase classname="src.pymortests.algorithms.basic" file="src/pymortests/algorithms/basic.py" line="21" name="test_almost_equal[compatible_vector_array_pair2-&lt;lambda&gt;19]" time="0.00605010986328125"></testcase><testcase classname="src.pymortests.algorithms.basic" file="src/pymortests/algorithms/basic.py" line="21" name="test_almost_equal[compatible_vector_array_pair2-&lt;lambda&gt;20]" time="0.15952348709106445"></testcase><testcase classname="src.pymortests.algorithms.basic" file="src/pymortests/algorithms/basic.py" line="21" name="test_almost_equal[compatible_vector_array_pair2-&lt;lambda&gt;21]" time="0.09212803840637207"></testcase><testcase classname="src.pymortests.algorithms.basic" file="src/pymortests/algorithms/basic.py" line="21" name="test_almost_equal[compatible_vector_array_pair2-&lt;lambda&gt;22]" time="0.30145740509033203"></testcase><testcase classname="src.pymortests.algorithms.basic" file="src/pymortests/algorithms/basic.py" line="21" name="test_almost_equal[compatible_vector_array_pair2-&lt;lambda&gt;23]" time="0.07897567749023438"></testcase><testcase classname="src.pymortests.algorithms.basic" file="src/pymortests/algorithms/basic.py" line="21" name="test_almost_equal[compatible_vector_array_pair2-&lt;lambda&gt;24]" time="0.00853109359741211"></testcase><testcase classname="src.pymortests.algorithms.basic" file="src/pymortests/algorithms/basic.py" line="21" name="test_almost_equal[compatible_vector_array_pair2-&lt;lambda&gt;25]" time="0.004510164260864258"></testcase><testcase classname="src.pymortests.algorithms.basic" file="src/pymortests/algorithms/basic.py" line="21" name="test_almost_equal[compatible_vector_array_pair2-&lt;lambda&gt;26]" time="0.34914469718933105"></testcase><testcase classname="src.pymortests.algorithms.basic" file="src/pymortests/algorithms/basic.py" line="21" name="test_almost_equal[compatible_vector_array_pair2-&lt;lambda&gt;27]" time="0.5429067611694336"></testcase><testcase classname="src.pymortests.algorithms.basic" file="src/pymortests/algorithms/basic.py" line="21" name="test_almost_equal[compatible_vector_array_pair2-&lt;lambda&gt;28]" time="2.912947654724121"></testcase><testcase classname="src.pymortests.algorithms.basic" file="src/pymortests/algorithms/basic.py" line="21" name="test_almost_equal[compatible_vector_array_pair2-&lt;lambda&gt;29]" time="0.18081402778625488"></testcase><testcase classname="src.pymortests.algorithms.basic" file="src/pymortests/algorithms/basic.py" line="21" name="test_almost_equal[compatible_vector_array_pair3-&lt;lambda&gt;0]" time="0.008768558502197266"></testcase><testcase classname="src.pymortests.algorithms.basic" file="src/pymortests/algorithms/basic.py" line="21" name="test_almost_equal[compatible_vector_array_pair3-&lt;lambda&gt;1]" time="0.0029897689819335938"></testcase><testcase classname="src.pymortests.algorithms.basic" file="src/pymortests/algorithms/basic.py" line="21" name="test_almost_equal[compatible_vector_array_pair3-&lt;lambda&gt;2]" time="0.019788503646850586"></testcase><testcase classname="src.pymortests.algorithms.basic" file="src/pymortests/algorithms/basic.py" line="21" name="test_almost_equal[compatible_vector_array_pair3-&lt;lambda&gt;3]" time="0.0224761962890625"></testcase><testcase classname="src.pymortests.algorithms.basic" file="src/pymortests/algorithms/basic.py" line="21" name="test_almost_equal[compatible_vector_array_pair3-&lt;lambda&gt;4]" time="0.02990436553955078"></testcase><testcase classname="src.pymortests.algorithms.basic" file="src/pymortests/algorithms/basic.py" line="21" name="test_almost_equal[compatible_vector_array_pair3-&lt;lambda&gt;5]" time="0.029453516006469727"></testcase><testcase classname="src.pymortests.algorithms.basic" file="src/pymortests/algorithms/basic.py" line="21" name="test_almost_equal[compatible_vector_array_pair3-&lt;lambda&gt;6]" time="0.008145570755004883"></testcase><testcase classname="src.pymortests.algorithms.basic" file="src/pymortests/algorithms/basic.py" line="21" name="test_almost_equal[compatible_vector_array_pair3-&lt;lambda&gt;7]" time="0.0026292800903320312"></testcase><testcase classname="src.pymortests.algorithms.basic" file="src/pymortests/algorithms/basic.py" line="21" name="test_almost_equal[compatible_vector_array_pair3-&lt;lambda&gt;8]" time="0.028818607330322266"></testcase><testcase classname="src.pymortests.algorithms.basic" file="src/pymortests/algorithms/basic.py" line="21" name="test_almost_equal[compatible_vector_array_pair3-&lt;lambda&gt;9]" time="0.03954577445983887"></testcase><testcase classname="src.pymortests.algorithms.basic" file="src/pymortests/algorithms/basic.py" line="21" name="test_almost_equal[compatible_vector_array_pair3-&lt;lambda&gt;10]" time="0.12685418128967285"></testcase><testcase classname="src.pymortests.algorithms.basic" file="src/pymortests/algorithms/basic.py" line="21" name="test_almost_equal[compatible_vector_array_pair3-&lt;lambda&gt;11]" time="0.0328822135925293"></testcase><testcase classname="src.pymortests.algorithms.basic" file="src/pymortests/algorithms/basic.py" line="21" name="test_almost_equal[compatible_vector_array_pair3-&lt;lambda&gt;12]" time="0.0210421085357666"></testcase><testcase classname="src.pymortests.algorithms.basic" file="src/pymortests/algorithms/basic.py" line="21" name="test_almost_equal[compatible_vector_array_pair3-&lt;lambda&gt;13]" time="0.006095170974731445"></testcase><testcase classname="src.pymortests.algorithms.basic" file="src/pymortests/algorithms/basic.py" line="21" name="test_almost_equal[compatible_vector_array_pair3-&lt;lambda&gt;14]" time="0.027492761611938477"></testcase><testcase classname="src.pymortests.algorithms.basic" file="src/pymortests/algorithms/basic.py" line="21" name="test_almost_equal[compatible_vector_array_pair3-&lt;lambda&gt;15]" time="0.04465341567993164"></testcase><testcase classname="src.pymortests.algorithms.basic" file="src/pymortests/algorithms/basic.py" line="21" name="test_almost_equal[compatible_vector_array_pair3-&lt;lambda&gt;16]" time="0.049256324768066406"></testcase><testcase classname="src.pymortests.algorithms.basic" file="src/pymortests/algorithms/basic.py" line="21" name="test_almost_equal[compatible_vector_array_pair3-&lt;lambda&gt;17]" time="0.07081365585327148"></testcase><testcase classname="src.pymortests.algorithms.basic" file="src/pymortests/algorithms/basic.py" line="21" name="test_almost_equal[compatible_vector_array_pair3-&lt;lambda&gt;18]" time="0.02803206443786621"></testcase><testcase classname="src.pymortests.algorithms.basic" file="src/pymortests/algorithms/basic.py" line="21" name="test_almost_equal[compatible_vector_array_pair3-&lt;lambda&gt;19]" time="0.006120920181274414"></testcase><testcase classname="src.pymortests.algorithms.basic" file="src/pymortests/algorithms/basic.py" line="21" name="test_almost_equal[compatible_vector_array_pair3-&lt;lambda&gt;20]" time="0.16582918167114258"></testcase><testcase classname="src.pymortests.algorithms.basic" file="src/pymortests/algorithms/basic.py" line="21" name="test_almost_equal[compatible_vector_array_pair3-&lt;lambda&gt;21]" time="0.09306979179382324"></testcase><testcase classname="src.pymortests.algorithms.basic" file="src/pymortests/algorithms/basic.py" line="21" name="test_almost_equal[compatible_vector_array_pair3-&lt;lambda&gt;22]" time="0.305401086807251"></testcase><testcase classname="src.pymortests.algorithms.basic" file="src/pymortests/algorithms/basic.py" line="21" name="test_almost_equal[compatible_vector_array_pair3-&lt;lambda&gt;23]" time="0.0791933536529541"></testcase><testcase classname="src.pymortests.algorithms.basic" file="src/pymortests/algorithms/basic.py" line="21" name="test_almost_equal[compatible_vector_array_pair3-&lt;lambda&gt;24]" time="0.008576154708862305"></testcase><testcase classname="src.pymortests.algorithms.basic" file="src/pymortests/algorithms/basic.py" line="21" name="test_almost_equal[compatible_vector_array_pair3-&lt;lambda&gt;25]" time="0.0036771297454833984"></testcase><testcase classname="src.pymortests.algorithms.basic" file="src/pymortests/algorithms/basic.py" line="21" name="test_almost_equal[compatible_vector_array_pair3-&lt;lambda&gt;26]" time="0.32784533500671387"></testcase><testcase classname="src.pymortests.algorithms.basic" file="src/pymortests/algorithms/basic.py" line="21" name="test_almost_equal[compatible_vector_array_pair3-&lt;lambda&gt;27]" time="0.5629982948303223"></testcase><testcase classname="src.pymortests.algorithms.basic" file="src/pymortests/algorithms/basic.py" line="21" name="test_almost_equal[compatible_vector_array_pair3-&lt;lambda&gt;28]" time="2.9136149883270264"></testcase><testcase classname="src.pymortests.algorithms.basic" file="src/pymortests/algorithms/basic.py" line="21" name="test_almost_equal[compatible_vector_array_pair3-&lt;lambda&gt;29]" time="0.17943501472473145"></testcase><testcase classname="src.pymortests.algorithms.basic" file="src/pymortests/algorithms/basic.py" line="21" name="test_almost_equal[compatible_vector_array_pair4-&lt;lambda&gt;0]" time="0.008908271789550781"></testcase><testcase classname="src.pymortests.algorithms.basic" file="src/pymortests/algorithms/basic.py" line="21" name="test_almost_equal[compatible_vector_array_pair4-&lt;lambda&gt;1]" time="0.004000425338745117"></testcase><testcase classname="src.pymortests.algorithms.basic" file="src/pymortests/algorithms/basic.py" line="21" name="test_almost_equal[compatible_vector_array_pair4-&lt;lambda&gt;2]" time="0.01969742774963379"></testcase><testcase classname="src.pymortests.algorithms.basic" file="src/pymortests/algorithms/basic.py" line="21" name="test_almost_equal[compatible_vector_array_pair4-&lt;lambda&gt;3]" time="0.02247142791748047"></testcase><testcase classname="src.pymortests.algorithms.basic" file="src/pymortests/algorithms/basic.py" line="21" name="test_almost_equal[compatible_vector_array_pair4-&lt;lambda&gt;4]" time="0.030829429626464844"></testcase><testcase classname="src.pymortests.algorithms.basic" file="src/pymortests/algorithms/basic.py" line="21" name="test_almost_equal[compatible_vector_array_pair4-&lt;lambda&gt;5]" time="0.029406309127807617"></testcase><testcase classname="src.pymortests.algorithms.basic" file="src/pymortests/algorithms/basic.py" line="21" name="test_almost_equal[compatible_vector_array_pair4-&lt;lambda&gt;6]" time="0.00804591178894043"></testcase><testcase classname="src.pymortests.algorithms.basic" file="src/pymortests/algorithms/basic.py" line="21" name="test_almost_equal[compatible_vector_array_pair4-&lt;lambda&gt;7]" time="0.0026595592498779297"></testcase><testcase classname="src.pymortests.algorithms.basic" file="src/pymortests/algorithms/basic.py" line="21" name="test_almost_equal[compatible_vector_array_pair4-&lt;lambda&gt;8]" time="0.0288698673248291"></testcase><testcase classname="src.pymortests.algorithms.basic" file="src/pymortests/algorithms/basic.py" line="21" name="test_almost_equal[compatible_vector_array_pair4-&lt;lambda&gt;9]" time="0.040209054946899414"></testcase><testcase classname="src.pymortests.algorithms.basic" file="src/pymortests/algorithms/basic.py" line="21" name="test_almost_equal[compatible_vector_array_pair4-&lt;lambda&gt;10]" time="0.12741398811340332"></testcase><testcase classname="src.pymortests.algorithms.basic" file="src/pymortests/algorithms/basic.py" line="21" name="test_almost_equal[compatible_vector_array_pair4-&lt;lambda&gt;11]" time="0.03299593925476074"></testcase><testcase classname="src.pymortests.algorithms.basic" file="src/pymortests/algorithms/basic.py" line="21" name="test_almost_equal[compatible_vector_array_pair4-&lt;lambda&gt;12]" time="0.021331787109375"></testcase><testcase classname="src.pymortests.algorithms.basic" file="src/pymortests/algorithms/basic.py" line="21" name="test_almost_equal[compatible_vector_array_pair4-&lt;lambda&gt;13]" time="0.006116390228271484"></testcase><testcase classname="src.pymortests.algorithms.basic" file="src/pymortests/algorithms/basic.py" line="21" name="test_almost_equal[compatible_vector_array_pair4-&lt;lambda&gt;14]" time="0.027354717254638672"></testcase><testcase classname="src.pymortests.algorithms.basic" file="src/pymortests/algorithms/basic.py" line="21" name="test_almost_equal[compatible_vector_array_pair4-&lt;lambda&gt;15]" time="0.0445866584777832"></testcase><testcase classname="src.pymortests.algorithms.basic" file="src/pymortests/algorithms/basic.py" line="21" name="test_almost_equal[compatible_vector_array_pair4-&lt;lambda&gt;16]" time="0.04880690574645996"></testcase><testcase classname="src.pymortests.algorithms.basic" file="src/pymortests/algorithms/basic.py" line="21" name="test_almost_equal[compatible_vector_array_pair4-&lt;lambda&gt;17]" time="0.07370686531066895"></testcase><testcase classname="src.pymortests.algorithms.basic" file="src/pymortests/algorithms/basic.py" line="21" name="test_almost_equal[compatible_vector_array_pair4-&lt;lambda&gt;18]" time="0.02783370018005371"></testcase><testcase classname="src.pymortests.algorithms.basic" file="src/pymortests/algorithms/basic.py" line="21" name="test_almost_equal[compatible_vector_array_pair4-&lt;lambda&gt;19]" time="0.006040096282958984"></testcase><testcase classname="src.pymortests.algorithms.basic" file="src/pymortests/algorithms/basic.py" line="21" name="test_almost_equal[compatible_vector_array_pair4-&lt;lambda&gt;20]" time="0.16244840621948242"></testcase><testcase classname="src.pymortests.algorithms.basic" file="src/pymortests/algorithms/basic.py" line="21" name="test_almost_equal[compatible_vector_array_pair4-&lt;lambda&gt;21]" time="0.09252333641052246"></testcase><testcase classname="src.pymortests.algorithms.basic" file="src/pymortests/algorithms/basic.py" line="21" name="test_almost_equal[compatible_vector_array_pair4-&lt;lambda&gt;22]" time="0.29773879051208496"></testcase><testcase classname="src.pymortests.algorithms.basic" file="src/pymortests/algorithms/basic.py" line="21" name="test_almost_equal[compatible_vector_array_pair4-&lt;lambda&gt;23]" time="0.07941341400146484"></testcase><testcase classname="src.pymortests.algorithms.basic" file="src/pymortests/algorithms/basic.py" line="21" name="test_almost_equal[compatible_vector_array_pair4-&lt;lambda&gt;24]" time="0.008761167526245117"></testcase><testcase classname="src.pymortests.algorithms.basic" file="src/pymortests/algorithms/basic.py" line="21" name="test_almost_equal[compatible_vector_array_pair4-&lt;lambda&gt;25]" time="0.004569053649902344"></testcase><testcase classname="src.pymortests.algorithms.basic" file="src/pymortests/algorithms/basic.py" line="21" name="test_almost_equal[compatible_vector_array_pair4-&lt;lambda&gt;26]" time="0.3480868339538574"></testcase><testcase classname="src.pymortests.algorithms.basic" file="src/pymortests/algorithms/basic.py" line="21" name="test_almost_equal[compatible_vector_array_pair4-&lt;lambda&gt;27]" time="0.5646877288818359"></testcase><testcase classname="src.pymortests.algorithms.basic" file="src/pymortests/algorithms/basic.py" line="21" name="test_almost_equal[compatible_vector_array_pair4-&lt;lambda&gt;28]" time="2.9716291427612305"></testcase><testcase classname="src.pymortests.algorithms.basic" file="src/pymortests/algorithms/basic.py" line="21" name="test_almost_equal[compatible_vector_array_pair4-&lt;lambda&gt;29]" time="0.17987608909606934"></testcase><testcase classname="src.pymortests.algorithms.basic" file="src/pymortests/algorithms/basic.py" line="21" name="test_almost_equal[compatible_vector_array_pair5-&lt;lambda&gt;0]" time="0.008869409561157227"></testcase><testcase classname="src.pymortests.algorithms.basic" file="src/pymortests/algorithms/basic.py" line="21" name="test_almost_equal[compatible_vector_array_pair5-&lt;lambda&gt;1]" time="0.004076957702636719"></testcase><testcase classname="src.pymortests.algorithms.basic" file="src/pymortests/algorithms/basic.py" line="21" name="test_almost_equal[compatible_vector_array_pair5-&lt;lambda&gt;2]" time="0.019712209701538086"></testcase><testcase classname="src.pymortests.algorithms.basic" file="src/pymortests/algorithms/basic.py" line="21" name="test_almost_equal[compatible_vector_array_pair5-&lt;lambda&gt;3]" time="0.024875879287719727"></testcase><testcase classname="src.pymortests.algorithms.basic" file="src/pymortests/algorithms/basic.py" line="21" name="test_almost_equal[compatible_vector_array_pair5-&lt;lambda&gt;4]" time="0.030323028564453125"></testcase><testcase classname="src.pymortests.algorithms.basic" file="src/pymortests/algorithms/basic.py" line="21" name="test_almost_equal[compatible_vector_array_pair5-&lt;lambda&gt;5]" time="0.029344558715820312"></testcase><testcase classname="src.pymortests.algorithms.basic" file="src/pymortests/algorithms/basic.py" line="21" name="test_almost_equal[compatible_vector_array_pair5-&lt;lambda&gt;6]" time="0.00795745849609375"></testcase><testcase classname="src.pymortests.algorithms.basic" file="src/pymortests/algorithms/basic.py" line="21" name="test_almost_equal[compatible_vector_array_pair5-&lt;lambda&gt;7]" time="0.0026788711547851562"></testcase><testcase classname="src.pymortests.algorithms.basic" file="src/pymortests/algorithms/basic.py" line="21" name="test_almost_equal[compatible_vector_array_pair5-&lt;lambda&gt;8]" time="0.029390811920166016"></testcase><testcase classname="src.pymortests.algorithms.basic" file="src/pymortests/algorithms/basic.py" line="21" name="test_almost_equal[compatible_vector_array_pair5-&lt;lambda&gt;9]" time="0.04046368598937988"></testcase><testcase classname="src.pymortests.algorithms.basic" file="src/pymortests/algorithms/basic.py" line="21" name="test_almost_equal[compatible_vector_array_pair5-&lt;lambda&gt;10]" time="0.12752008438110352"></testcase><testcase classname="src.pymortests.algorithms.basic" file="src/pymortests/algorithms/basic.py" line="21" name="test_almost_equal[compatible_vector_array_pair5-&lt;lambda&gt;11]" time="0.03288698196411133"></testcase><testcase classname="src.pymortests.algorithms.basic" file="src/pymortests/algorithms/basic.py" line="21" name="test_almost_equal[compatible_vector_array_pair5-&lt;lambda&gt;12]" time="0.0210115909576416"></testcase><testcase classname="src.pymortests.algorithms.basic" file="src/pymortests/algorithms/basic.py" line="21" name="test_almost_equal[compatible_vector_array_pair5-&lt;lambda&gt;13]" time="0.006094694137573242"></testcase><testcase classname="src.pymortests.algorithms.basic" file="src/pymortests/algorithms/basic.py" line="21" name="test_almost_equal[compatible_vector_array_pair5-&lt;lambda&gt;14]" time="0.02761054039001465"></testcase><testcase classname="src.pymortests.algorithms.basic" file="src/pymortests/algorithms/basic.py" line="21" name="test_almost_equal[compatible_vector_array_pair5-&lt;lambda&gt;15]" time="0.044858455657958984"></testcase><testcase classname="src.pymortests.algorithms.basic" file="src/pymortests/algorithms/basic.py" line="21" name="test_almost_equal[compatible_vector_array_pair5-&lt;lambda&gt;16]" time="0.04921293258666992"></testcase><testcase classname="src.pymortests.algorithms.basic" file="src/pymortests/algorithms/basic.py" line="21" name="test_almost_equal[compatible_vector_array_pair5-&lt;lambda&gt;17]" time="0.07154083251953125"></testcase><testcase classname="src.pymortests.algorithms.basic" file="src/pymortests/algorithms/basic.py" line="21" name="test_almost_equal[compatible_vector_array_pair5-&lt;lambda&gt;18]" time="0.027991056442260742"></testcase><testcase classname="src.pymortests.algorithms.basic" file="src/pymortests/algorithms/basic.py" line="21" name="test_almost_equal[compatible_vector_array_pair5-&lt;lambda&gt;19]" time="0.006106138229370117"></testcase><testcase classname="src.pymortests.algorithms.basic" file="src/pymortests/algorithms/basic.py" line="21" name="test_almost_equal[compatible_vector_array_pair5-&lt;lambda&gt;20]" time="0.16495513916015625"></testcase><testcase classname="src.pymortests.algorithms.basic" file="src/pymortests/algorithms/basic.py" line="21" name="test_almost_equal[compatible_vector_array_pair5-&lt;lambda&gt;21]" time="0.09158873558044434"></testcase><testcase classname="src.pymortests.algorithms.basic" file="src/pymortests/algorithms/basic.py" line="21" name="test_almost_equal[compatible_vector_array_pair5-&lt;lambda&gt;22]" time="0.30898308753967285"></testcase><testcase classname="src.pymortests.algorithms.basic" file="src/pymortests/algorithms/basic.py" line="21" name="test_almost_equal[compatible_vector_array_pair5-&lt;lambda&gt;23]" time="0.0791323184967041"></testcase><testcase classname="src.pymortests.algorithms.basic" file="src/pymortests/algorithms/basic.py" line="21" name="test_almost_equal[compatible_vector_array_pair5-&lt;lambda&gt;24]" time="0.008787155151367188"></testcase><testcase classname="src.pymortests.algorithms.basic" file="src/pymortests/algorithms/basic.py" line="21" name="test_almost_equal[compatible_vector_array_pair5-&lt;lambda&gt;25]" time="0.005507469177246094"></testcase><testcase classname="src.pymortests.algorithms.basic" file="src/pymortests/algorithms/basic.py" line="21" name="test_almost_equal[compatible_vector_array_pair5-&lt;lambda&gt;26]" time="0.34857869148254395"></testcase><testcase classname="src.pymortests.algorithms.basic" file="src/pymortests/algorithms/basic.py" line="21" name="test_almost_equal[compatible_vector_array_pair5-&lt;lambda&gt;27]" time="0.5709812641143799"></testcase><testcase classname="src.pymortests.algorithms.basic" file="src/pymortests/algorithms/basic.py" line="21" name="test_almost_equal[compatible_vector_array_pair5-&lt;lambda&gt;28]" time="2.9753849506378174"></testcase><testcase classname="src.pymortests.algorithms.basic" file="src/pymortests/algorithms/basic.py" line="21" name="test_almost_equal[compatible_vector_array_pair5-&lt;lambda&gt;29]" time="0.17991900444030762"></testcase><testcase classname="src.pymortests.algorithms.basic" file="src/pymortests/algorithms/basic.py" line="21" name="test_almost_equal[compatible_vector_array_pair6-&lt;lambda&gt;0]" time="0.008655071258544922"></testcase><testcase classname="src.pymortests.algorithms.basic" file="src/pymortests/algorithms/basic.py" line="21" name="test_almost_equal[compatible_vector_array_pair6-&lt;lambda&gt;1]" time="0.0028526782989501953"></testcase><testcase classname="src.pymortests.algorithms.basic" file="src/pymortests/algorithms/basic.py" line="21" name="test_almost_equal[compatible_vector_array_pair6-&lt;lambda&gt;2]" time="0.019494056701660156"></testcase><testcase classname="src.pymortests.algorithms.basic" file="src/pymortests/algorithms/basic.py" line="21" name="test_almost_equal[compatible_vector_array_pair6-&lt;lambda&gt;3]" time="0.02309131622314453"></testcase><testcase classname="src.pymortests.algorithms.basic" file="src/pymortests/algorithms/basic.py" line="21" name="test_almost_equal[compatible_vector_array_pair6-&lt;lambda&gt;4]" time="0.030417680740356445"></testcase><testcase classname="src.pymortests.algorithms.basic" file="src/pymortests/algorithms/basic.py" line="21" name="test_almost_equal[compatible_vector_array_pair6-&lt;lambda&gt;5]" time="0.02943110466003418"></testcase><testcase classname="src.pymortests.algorithms.basic" file="src/pymortests/algorithms/basic.py" line="21" name="test_almost_equal[compatible_vector_array_pair6-&lt;lambda&gt;6]" time="0.00793766975402832"></testcase><testcase classname="src.pymortests.algorithms.basic" file="src/pymortests/algorithms/basic.py" line="21" name="test_almost_equal[compatible_vector_array_pair6-&lt;lambda&gt;7]" time="0.002602815628051758"></testcase><testcase classname="src.pymortests.algorithms.basic" file="src/pymortests/algorithms/basic.py" line="21" name="test_almost_equal[compatible_vector_array_pair6-&lt;lambda&gt;8]" time="0.028810501098632812"></testcase><testcase classname="src.pymortests.algorithms.basic" file="src/pymortests/algorithms/basic.py" line="21" name="test_almost_equal[compatible_vector_array_pair6-&lt;lambda&gt;9]" time="0.04024481773376465"></testcase><testcase classname="src.pymortests.algorithms.basic" file="src/pymortests/algorithms/basic.py" line="21" name="test_almost_equal[compatible_vector_array_pair6-&lt;lambda&gt;10]" time="0.12709999084472656"></testcase><testcase classname="src.pymortests.algorithms.basic" file="src/pymortests/algorithms/basic.py" line="21" name="test_almost_equal[compatible_vector_array_pair6-&lt;lambda&gt;11]" time="0.03340768814086914"></testcase><testcase classname="src.pymortests.algorithms.basic" file="src/pymortests/algorithms/basic.py" line="21" name="test_almost_equal[compatible_vector_array_pair6-&lt;lambda&gt;12]" time="0.021245718002319336"></testcase><testcase classname="src.pymortests.algorithms.basic" file="src/pymortests/algorithms/basic.py" line="21" name="test_almost_equal[compatible_vector_array_pair6-&lt;lambda&gt;13]" time="0.006026506423950195"></testcase><testcase classname="src.pymortests.algorithms.basic" file="src/pymortests/algorithms/basic.py" line="21" name="test_almost_equal[compatible_vector_array_pair6-&lt;lambda&gt;14]" time="0.02756810188293457"></testcase><testcase classname="src.pymortests.algorithms.basic" file="src/pymortests/algorithms/basic.py" line="21" name="test_almost_equal[compatible_vector_array_pair6-&lt;lambda&gt;15]" time="0.04424595832824707"></testcase><testcase classname="src.pymortests.algorithms.basic" file="src/pymortests/algorithms/basic.py" line="21" name="test_almost_equal[compatible_vector_array_pair6-&lt;lambda&gt;16]" time="0.04905200004577637"></testcase><testcase classname="src.pymortests.algorithms.basic" file="src/pymortests/algorithms/basic.py" line="21" name="test_almost_equal[compatible_vector_array_pair6-&lt;lambda&gt;17]" time="0.07093071937561035"></testcase><testcase classname="src.pymortests.algorithms.basic" file="src/pymortests/algorithms/basic.py" line="21" name="test_almost_equal[compatible_vector_array_pair6-&lt;lambda&gt;18]" time="0.027915239334106445"></testcase><testcase classname="src.pymortests.algorithms.basic" file="src/pymortests/algorithms/basic.py" line="21" name="test_almost_equal[compatible_vector_array_pair6-&lt;lambda&gt;19]" time="0.006010293960571289"></testcase><testcase classname="src.pymortests.algorithms.basic" file="src/pymortests/algorithms/basic.py" line="21" name="test_almost_equal[compatible_vector_array_pair6-&lt;lambda&gt;20]" time="0.16468262672424316"></testcase><testcase classname="src.pymortests.algorithms.basic" file="src/pymortests/algorithms/basic.py" line="21" name="test_almost_equal[compatible_vector_array_pair6-&lt;lambda&gt;21]" time="0.09217691421508789"></testcase><testcase classname="src.pymortests.algorithms.basic" file="src/pymortests/algorithms/basic.py" line="21" name="test_almost_equal[compatible_vector_array_pair6-&lt;lambda&gt;22]" time="0.31093597412109375"></testcase><testcase classname="src.pymortests.algorithms.basic" file="src/pymortests/algorithms/basic.py" line="21" name="test_almost_equal[compatible_vector_array_pair6-&lt;lambda&gt;23]" time="0.08097267150878906"></testcase><testcase classname="src.pymortests.algorithms.basic" file="src/pymortests/algorithms/basic.py" line="21" name="test_almost_equal[compatible_vector_array_pair6-&lt;lambda&gt;24]" time="0.008868217468261719"></testcase><testcase classname="src.pymortests.algorithms.basic" file="src/pymortests/algorithms/basic.py" line="21" name="test_almost_equal[compatible_vector_array_pair6-&lt;lambda&gt;25]" time="0.004404783248901367"></testcase><testcase classname="src.pymortests.algorithms.basic" file="src/pymortests/algorithms/basic.py" line="21" name="test_almost_equal[compatible_vector_array_pair6-&lt;lambda&gt;26]" time="0.3330416679382324"></testcase><testcase classname="src.pymortests.algorithms.basic" file="src/pymortests/algorithms/basic.py" line="21" name="test_almost_equal[compatible_vector_array_pair6-&lt;lambda&gt;27]" time="0.5749433040618896"></testcase><testcase classname="src.pymortests.algorithms.basic" file="src/pymortests/algorithms/basic.py" line="21" name="test_almost_equal[compatible_vector_array_pair6-&lt;lambda&gt;28]" time="2.9300262928009033"></testcase><testcase classname="src.pymortests.algorithms.basic" file="src/pymortests/algorithms/basic.py" line="21" name="test_almost_equal[compatible_vector_array_pair6-&lt;lambda&gt;29]" time="0.18031907081604004"></testcase><testcase classname="src.pymortests.algorithms.basic" file="src/pymortests/algorithms/basic.py" line="21" name="test_almost_equal[compatible_vector_array_pair7-&lt;lambda&gt;0]" time="0.008748292922973633"></testcase><testcase classname="src.pymortests.algorithms.basic" file="src/pymortests/algorithms/basic.py" line="21" name="test_almost_equal[compatible_vector_array_pair7-&lt;lambda&gt;1]" time="0.004235267639160156"></testcase><testcase classname="src.pymortests.algorithms.basic" file="src/pymortests/algorithms/basic.py" line="21" name="test_almost_equal[compatible_vector_array_pair7-&lt;lambda&gt;2]" time="0.019852161407470703"></testcase><testcase classname="src.pymortests.algorithms.basic" file="src/pymortests/algorithms/basic.py" line="21" name="test_almost_equal[compatible_vector_array_pair7-&lt;lambda&gt;3]" time="0.022434711456298828"></testcase><testcase classname="src.pymortests.algorithms.basic" file="src/pymortests/algorithms/basic.py" line="21" name="test_almost_equal[compatible_vector_array_pair7-&lt;lambda&gt;4]" time="0.030684709548950195"></testcase><testcase classname="src.pymortests.algorithms.basic" file="src/pymortests/algorithms/basic.py" line="21" name="test_almost_equal[compatible_vector_array_pair7-&lt;lambda&gt;5]" time="0.029893875122070312"></testcase><testcase classname="src.pymortests.algorithms.basic" file="src/pymortests/algorithms/basic.py" line="21" name="test_almost_equal[compatible_vector_array_pair7-&lt;lambda&gt;6]" time="0.008025407791137695"></testcase><testcase classname="src.pymortests.algorithms.basic" file="src/pymortests/algorithms/basic.py" line="21" name="test_almost_equal[compatible_vector_array_pair7-&lt;lambda&gt;7]" time="0.0026924610137939453"></testcase><testcase classname="src.pymortests.algorithms.basic" file="src/pymortests/algorithms/basic.py" line="21" name="test_almost_equal[compatible_vector_array_pair7-&lt;lambda&gt;8]" time="0.029457569122314453"></testcase><testcase classname="src.pymortests.algorithms.basic" file="src/pymortests/algorithms/basic.py" line="21" name="test_almost_equal[compatible_vector_array_pair7-&lt;lambda&gt;9]" time="0.040052175521850586"></testcase><testcase classname="src.pymortests.algorithms.basic" file="src/pymortests/algorithms/basic.py" line="21" name="test_almost_equal[compatible_vector_array_pair7-&lt;lambda&gt;10]" time="0.12824106216430664"></testcase><testcase classname="src.pymortests.algorithms.basic" file="src/pymortests/algorithms/basic.py" line="21" name="test_almost_equal[compatible_vector_array_pair7-&lt;lambda&gt;11]" time="0.033159732818603516"></testcase><testcase classname="src.pymortests.algorithms.basic" file="src/pymortests/algorithms/basic.py" line="21" name="test_almost_equal[compatible_vector_array_pair7-&lt;lambda&gt;12]" time="0.02108001708984375"></testcase><testcase classname="src.pymortests.algorithms.basic" file="src/pymortests/algorithms/basic.py" line="21" name="test_almost_equal[compatible_vector_array_pair7-&lt;lambda&gt;13]" time="0.00621485710144043"></testcase><testcase classname="src.pymortests.algorithms.basic" file="src/pymortests/algorithms/basic.py" line="21" name="test_almost_equal[compatible_vector_array_pair7-&lt;lambda&gt;14]" time="0.027915239334106445"></testcase><testcase classname="src.pymortests.algorithms.basic" file="src/pymortests/algorithms/basic.py" line="21" name="test_almost_equal[compatible_vector_array_pair7-&lt;lambda&gt;15]" time="0.04753994941711426"></testcase><testcase classname="src.pymortests.algorithms.basic" file="src/pymortests/algorithms/basic.py" line="21" name="test_almost_equal[compatible_vector_array_pair7-&lt;lambda&gt;16]" time="0.049634456634521484"></testcase><testcase classname="src.pymortests.algorithms.basic" file="src/pymortests/algorithms/basic.py" line="21" name="test_almost_equal[compatible_vector_array_pair7-&lt;lambda&gt;17]" time="0.07233238220214844"></testcase><testcase classname="src.pymortests.algorithms.basic" file="src/pymortests/algorithms/basic.py" line="21" name="test_almost_equal[compatible_vector_array_pair7-&lt;lambda&gt;18]" time="0.028157949447631836"></testcase><testcase classname="src.pymortests.algorithms.basic" file="src/pymortests/algorithms/basic.py" line="21" name="test_almost_equal[compatible_vector_array_pair7-&lt;lambda&gt;19]" time="0.006289482116699219"></testcase><testcase classname="src.pymortests.algorithms.basic" file="src/pymortests/algorithms/basic.py" line="21" name="test_almost_equal[compatible_vector_array_pair7-&lt;lambda&gt;20]" time="0.16312122344970703"></testcase><testcase classname="src.pymortests.algorithms.basic" file="src/pymortests/algorithms/basic.py" line="21" name="test_almost_equal[compatible_vector_array_pair7-&lt;lambda&gt;21]" time="0.09337067604064941"></testcase><testcase classname="src.pymortests.algorithms.basic" file="src/pymortests/algorithms/basic.py" line="21" name="test_almost_equal[compatible_vector_array_pair7-&lt;lambda&gt;22]" time="0.3139221668243408"></testcase><testcase classname="src.pymortests.algorithms.basic" file="src/pymortests/algorithms/basic.py" line="21" name="test_almost_equal[compatible_vector_array_pair7-&lt;lambda&gt;23]" time="0.08191990852355957"></testcase><testcase classname="src.pymortests.algorithms.basic" file="src/pymortests/algorithms/basic.py" line="21" name="test_almost_equal[compatible_vector_array_pair7-&lt;lambda&gt;24]" time="0.008761882781982422"></testcase><testcase classname="src.pymortests.algorithms.basic" file="src/pymortests/algorithms/basic.py" line="21" name="test_almost_equal[compatible_vector_array_pair7-&lt;lambda&gt;25]" time="0.0044248104095458984"></testcase><testcase classname="src.pymortests.algorithms.basic" file="src/pymortests/algorithms/basic.py" line="21" name="test_almost_equal[compatible_vector_array_pair7-&lt;lambda&gt;26]" time="0.3488302230834961"></testcase><testcase classname="src.pymortests.algorithms.basic" file="src/pymortests/algorithms/basic.py" line="21" name="test_almost_equal[compatible_vector_array_pair7-&lt;lambda&gt;27]" time="0.5686972141265869"></testcase><testcase classname="src.pymortests.algorithms.basic" file="src/pymortests/algorithms/basic.py" line="21" name="test_almost_equal[compatible_vector_array_pair7-&lt;lambda&gt;28]" time="2.9825501441955566"></testcase><testcase classname="src.pymortests.algorithms.basic" file="src/pymortests/algorithms/basic.py" line="21" name="test_almost_equal[compatible_vector_array_pair7-&lt;lambda&gt;29]" time="0.19148039817810059"></testcase><testcase classname="src.pymortests.algorithms.basic" file="src/pymortests/algorithms/basic.py" line="21" name="test_almost_equal[compatible_vector_array_pair8-&lt;lambda&gt;0]" time="0.008837699890136719"></testcase><testcase classname="src.pymortests.algorithms.basic" file="src/pymortests/algorithms/basic.py" line="21" name="test_almost_equal[compatible_vector_array_pair8-&lt;lambda&gt;1]" time="0.003586292266845703"></testcase><testcase classname="src.pymortests.algorithms.basic" file="src/pymortests/algorithms/basic.py" line="21" name="test_almost_equal[compatible_vector_array_pair8-&lt;lambda&gt;2]" time="0.020214557647705078"></testcase><testcase classname="src.pymortests.algorithms.basic" file="src/pymortests/algorithms/basic.py" line="21" name="test_almost_equal[compatible_vector_array_pair8-&lt;lambda&gt;3]" time="0.022639036178588867"></testcase><testcase classname="src.pymortests.algorithms.basic" file="src/pymortests/algorithms/basic.py" line="21" name="test_almost_equal[compatible_vector_array_pair8-&lt;lambda&gt;4]" time="0.03029799461364746"></testcase><testcase classname="src.pymortests.algorithms.basic" file="src/pymortests/algorithms/basic.py" line="21" name="test_almost_equal[compatible_vector_array_pair8-&lt;lambda&gt;5]" time="0.029609203338623047"></testcase><testcase classname="src.pymortests.algorithms.basic" file="src/pymortests/algorithms/basic.py" line="21" name="test_almost_equal[compatible_vector_array_pair8-&lt;lambda&gt;6]" time="0.008010625839233398"></testcase><testcase classname="src.pymortests.algorithms.basic" file="src/pymortests/algorithms/basic.py" line="21" name="test_almost_equal[compatible_vector_array_pair8-&lt;lambda&gt;7]" time="0.002723217010498047"></testcase><testcase classname="src.pymortests.algorithms.basic" file="src/pymortests/algorithms/basic.py" line="21" name="test_almost_equal[compatible_vector_array_pair8-&lt;lambda&gt;8]" time="0.029158353805541992"></testcase><testcase classname="src.pymortests.algorithms.basic" file="src/pymortests/algorithms/basic.py" line="21" name="test_almost_equal[compatible_vector_array_pair8-&lt;lambda&gt;9]" time="0.03958892822265625"></testcase><testcase classname="src.pymortests.algorithms.basic" file="src/pymortests/algorithms/basic.py" line="21" name="test_almost_equal[compatible_vector_array_pair8-&lt;lambda&gt;10]" time="0.12761378288269043"></testcase><testcase classname="src.pymortests.algorithms.basic" file="src/pymortests/algorithms/basic.py" line="21" name="test_almost_equal[compatible_vector_array_pair8-&lt;lambda&gt;11]" time="0.03337669372558594"></testcase><testcase classname="src.pymortests.algorithms.basic" file="src/pymortests/algorithms/basic.py" line="21" name="test_almost_equal[compatible_vector_array_pair8-&lt;lambda&gt;12]" time="0.021412372589111328"></testcase><testcase classname="src.pymortests.algorithms.basic" file="src/pymortests/algorithms/basic.py" line="21" name="test_almost_equal[compatible_vector_array_pair8-&lt;lambda&gt;13]" time="0.006143093109130859"></testcase><testcase classname="src.pymortests.algorithms.basic" file="src/pymortests/algorithms/basic.py" line="21" name="test_almost_equal[compatible_vector_array_pair8-&lt;lambda&gt;14]" time="0.027904033660888672"></testcase><testcase classname="src.pymortests.algorithms.basic" file="src/pymortests/algorithms/basic.py" line="21" name="test_almost_equal[compatible_vector_array_pair8-&lt;lambda&gt;15]" time="0.044763803482055664"></testcase><testcase classname="src.pymortests.algorithms.basic" file="src/pymortests/algorithms/basic.py" line="21" name="test_almost_equal[compatible_vector_array_pair8-&lt;lambda&gt;16]" time="0.0491786003112793"></testcase><testcase classname="src.pymortests.algorithms.basic" file="src/pymortests/algorithms/basic.py" line="21" name="test_almost_equal[compatible_vector_array_pair8-&lt;lambda&gt;17]" time="0.07136964797973633"></testcase><testcase classname="src.pymortests.algorithms.basic" file="src/pymortests/algorithms/basic.py" line="21" name="test_almost_equal[compatible_vector_array_pair8-&lt;lambda&gt;18]" time="0.028234243392944336"></testcase><testcase classname="src.pymortests.algorithms.basic" file="src/pymortests/algorithms/basic.py" line="21" name="test_almost_equal[compatible_vector_array_pair8-&lt;lambda&gt;19]" time="0.0062291622161865234"></testcase><testcase classname="src.pymortests.algorithms.basic" file="src/pymortests/algorithms/basic.py" line="21" name="test_almost_equal[compatible_vector_array_pair8-&lt;lambda&gt;20]" time="0.16486501693725586"></testcase><testcase classname="src.pymortests.algorithms.basic" file="src/pymortests/algorithms/basic.py" line="21" name="test_almost_equal[compatible_vector_array_pair8-&lt;lambda&gt;21]" time="0.09331369400024414"></testcase><testcase classname="src.pymortests.algorithms.basic" file="src/pymortests/algorithms/basic.py" line="21" name="test_almost_equal[compatible_vector_array_pair8-&lt;lambda&gt;22]" time="0.3049132823944092"></testcase><testcase classname="src.pymortests.algorithms.basic" file="src/pymortests/algorithms/basic.py" line="21" name="test_almost_equal[compatible_vector_array_pair8-&lt;lambda&gt;23]" time="0.07974767684936523"></testcase><testcase classname="src.pymortests.algorithms.basic" file="src/pymortests/algorithms/basic.py" line="21" name="test_almost_equal[compatible_vector_array_pair8-&lt;lambda&gt;24]" time="0.009133577346801758"></testcase><testcase classname="src.pymortests.algorithms.basic" file="src/pymortests/algorithms/basic.py" line="21" name="test_almost_equal[compatible_vector_array_pair8-&lt;lambda&gt;25]" time="0.0057871341705322266"></testcase><testcase classname="src.pymortests.algorithms.basic" file="src/pymortests/algorithms/basic.py" line="21" name="test_almost_equal[compatible_vector_array_pair8-&lt;lambda&gt;26]" time="0.3540189266204834"></testcase><testcase classname="src.pymortests.algorithms.basic" file="src/pymortests/algorithms/basic.py" line="21" name="test_almost_equal[compatible_vector_array_pair8-&lt;lambda&gt;27]" time="0.5700600147247314"></testcase><testcase classname="src.pymortests.algorithms.basic" file="src/pymortests/algorithms/basic.py" line="21" name="test_almost_equal[compatible_vector_array_pair8-&lt;lambda&gt;28]" time="2.975332260131836"></testcase><testcase classname="src.pymortests.algorithms.basic" file="src/pymortests/algorithms/basic.py" line="21" name="test_almost_equal[compatible_vector_array_pair8-&lt;lambda&gt;29]" time="0.17911195755004883"></testcase><testcase classname="src.pymortests.algorithms.basic" file="src/pymortests/algorithms/basic.py" line="41" name="test_almost_equal_product[&lt;lambda&gt;0]" time="0.08318948745727539"><system-err>13:36 DiffusionOperatorP1: Calulate gradients of shape functions transformed by reference map ...
13:36 DiffusionOperatorP1: Calculate all local scalar products beween gradients ...
13:36 DiffusionOperatorP1: Determine global dofs ...
13:36 DiffusionOperatorP1: Boundary treatment ...
13:36 DiffusionOperatorP1: Assemble system matrix ...
13:36 DiffusionOperatorP1: Calulate gradients of shape functions transformed by reference map ...
13:36 DiffusionOperatorP1: Calculate all local scalar products beween gradients ...
13:36 DiffusionOperatorP1: Determine global dofs ...
13:36 DiffusionOperatorP1: Boundary treatment ...
13:36 DiffusionOperatorP1: Assemble system matrix ...
13:36 DiffusionOperatorP1: Calulate gradients of shape functions transformed by reference map ...
13:36 DiffusionOperatorP1: Calculate all local scalar products beween gradients ...
13:36 DiffusionOperatorP1: Determine global dofs ...
13:36 DiffusionOperatorP1: Boundary treatment ...
13:36 DiffusionOperatorP1: Assemble system matrix ...
13:36 DiffusionOperatorP1: Calulate gradients of shape functions transformed by reference map ...
13:36 DiffusionOperatorP1: Calculate all local scalar products beween gradients ...
13:36 DiffusionOperatorP1: Determine global dofs ...
13:36 DiffusionOperatorP1: Boundary treatment ...
13:36 DiffusionOperatorP1: Assemble system matrix ...
13:36 DiffusionOperatorP1: Calulate gradients of shape functions transformed by reference map ...
13:36 DiffusionOperatorP1: Calculate all local scalar products beween gradients ...
13:36 DiffusionOperatorP1: Determine global dofs ...
13:36 DiffusionOperatorP1: Boundary treatment ...
13:36 DiffusionOperatorP1: Assemble system matrix ...
13:36 L2ProductP1: Integrate the products of the shape functions on each element
13:36 L2ProductP1: Determine global dofs ...
13:36 L2ProductP1: Boundary treatment ...
13:36 L2ProductP1: Assemble system matrix ...
13:36 DiffusionOperatorP1: Calulate gradients of shape functions transformed by reference map ...
13:36 DiffusionOperatorP1: Calculate all local scalar products beween gradients ...
13:36 DiffusionOperatorP1: Determine global dofs ...
13:36 DiffusionOperatorP1: Boundary treatment ...
13:36 DiffusionOperatorP1: Assemble system matrix ...
13:36 L2ProductP1: Integrate the products of the shape functions on each element
13:36 L2ProductP1: Determine global dofs ...
13:36 L2ProductP1: Boundary treatment ...
13:36 L2ProductP1: Assemble system matrix ...
13:36 DiffusionOperatorP1: Calulate gradients of shape functions transformed by reference map ...
13:36 DiffusionOperatorP1: Calculate all local scalar products beween gradients ...
13:36 DiffusionOperatorP1: Determine global dofs ...
13:36 DiffusionOperatorP1: Boundary treatment ...
13:36 DiffusionOperatorP1: Assemble system matrix ...
</system-err></testcase><testcase classname="src.pymortests.algorithms.basic" file="src/pymortests/algorithms/basic.py" line="41" name="test_almost_equal_product[&lt;lambda&gt;1]" time="0.06434845924377441"><system-err>13:36 DiffusionOperatorP1: Calulate gradients of shape functions transformed by reference map ...
13:36 DiffusionOperatorP1: Calculate all local scalar products beween gradients ...
13:36 DiffusionOperatorP1: Determine global dofs ...
13:36 DiffusionOperatorP1: Boundary treatment ...
13:36 DiffusionOperatorP1: Assemble system matrix ...
13:36 DiffusionOperatorP1: Calulate gradients of shape functions transformed by reference map ...
13:36 DiffusionOperatorP1: Calculate all local scalar products beween gradients ...
13:36 DiffusionOperatorP1: Determine global dofs ...
13:36 DiffusionOperatorP1: Boundary treatment ...
13:36 DiffusionOperatorP1: Assemble system matrix ...
13:36 L2ProductP1: Integrate the products of the shape functions on each element
13:36 L2ProductP1: Determine global dofs ...
13:36 L2ProductP1: Boundary treatment ...
13:36 L2ProductP1: Assemble system matrix ...
13:36 DiffusionOperatorP1: Calulate gradients of shape functions transformed by reference map ...
13:36 DiffusionOperatorP1: Calculate all local scalar products beween gradients ...
13:36 DiffusionOperatorP1: Determine global dofs ...
13:36 DiffusionOperatorP1: Boundary treatment ...
13:36 DiffusionOperatorP1: Assemble system matrix ...
13:36 L2ProductP1: Integrate the products of the shape functions on each element
13:36 L2ProductP1: Determine global dofs ...
13:36 L2ProductP1: Boundary treatment ...
13:36 L2ProductP1: Assemble system matrix ...
13:36 DiffusionOperatorP1: Calulate gradients of shape functions transformed by reference map ...
13:36 DiffusionOperatorP1: Calculate all local scalar products beween gradients ...
13:36 DiffusionOperatorP1: Determine global dofs ...
13:36 DiffusionOperatorP1: Boundary treatment ...
13:36 DiffusionOperatorP1: Assemble system matrix ...
</system-err></testcase><testcase classname="src.pymortests.algorithms.basic" file="src/pymortests/algorithms/basic.py" line="41" name="test_almost_equal_product[&lt;lambda&gt;2]" time="0.06965160369873047"><system-err>13:36 DiffusionOperatorP1: Calulate gradients of shape functions transformed by reference map ...
13:36 DiffusionOperatorP1: Calculate all local scalar products beween gradients ...
13:36 DiffusionOperatorP1: Determine global dofs ...
13:36 DiffusionOperatorP1: Boundary treatment ...
13:36 DiffusionOperatorP1: Assemble system matrix ...
13:36 DiffusionOperatorP1: Calulate gradients of shape functions transformed by reference map ...
13:36 DiffusionOperatorP1: Calculate all local scalar products beween gradients ...
13:36 DiffusionOperatorP1: Determine global dofs ...
13:36 DiffusionOperatorP1: Boundary treatment ...
13:36 DiffusionOperatorP1: Assemble system matrix ...
13:36 DiffusionOperatorP1: Calulate gradients of shape functions transformed by reference map ...
13:36 DiffusionOperatorP1: Calculate all local scalar products beween gradients ...
13:36 DiffusionOperatorP1: Determine global dofs ...
13:36 DiffusionOperatorP1: Boundary treatment ...
13:36 DiffusionOperatorP1: Assemble system matrix ...
13:36 DiffusionOperatorP1: Calulate gradients of shape functions transformed by reference map ...
13:36 DiffusionOperatorP1: Calculate all local scalar products beween gradients ...
13:36 DiffusionOperatorP1: Determine global dofs ...
13:36 DiffusionOperatorP1: Boundary treatment ...
13:36 DiffusionOperatorP1: Assemble system matrix ...
13:36 DiffusionOperatorP1: Calulate gradients of shape functions transformed by reference map ...
13:36 DiffusionOperatorP1: Calculate all local scalar products beween gradients ...
13:36 DiffusionOperatorP1: Determine global dofs ...
13:36 DiffusionOperatorP1: Boundary treatment ...
13:36 DiffusionOperatorP1: Assemble system matrix ...
13:36 L2ProductP1: Integrate the products of the shape functions on each element
13:36 L2ProductP1: Determine global dofs ...
13:36 L2ProductP1: Boundary treatment ...
13:36 L2ProductP1: Assemble system matrix ...
13:36 DiffusionOperatorP1: Calulate gradients of shape functions transformed by reference map ...
13:36 DiffusionOperatorP1: Calculate all local scalar products beween gradients ...
13:36 DiffusionOperatorP1: Determine global dofs ...
13:36 DiffusionOperatorP1: Boundary treatment ...
13:36 DiffusionOperatorP1: Assemble system matrix ...
13:36 L2ProductP1: Integrate the products of the shape functions on each element
13:36 L2ProductP1: Determine global dofs ...
13:36 L2ProductP1: Boundary treatment ...
13:36 L2ProductP1: Assemble system matrix ...
13:36 DiffusionOperatorP1: Calulate gradients of shape functions transformed by reference map ...
13:36 DiffusionOperatorP1: Calculate all local scalar products beween gradients ...
13:36 DiffusionOperatorP1: Determine global dofs ...
13:36 DiffusionOperatorP1: Boundary treatment ...
13:36 DiffusionOperatorP1: Assemble system matrix ...
</system-err></testcase><testcase classname="src.pymortests.algorithms.basic" file="src/pymortests/algorithms/basic.py" line="41" name="test_almost_equal_product[&lt;lambda&gt;3]" time="0.06541180610656738"><system-err>13:36 DiffusionOperatorP1: Calulate gradients of shape functions transformed by reference map ...
13:36 DiffusionOperatorP1: Calculate all local scalar products beween gradients ...
13:36 DiffusionOperatorP1: Determine global dofs ...
13:36 DiffusionOperatorP1: Boundary treatment ...
13:36 DiffusionOperatorP1: Assemble system matrix ...
13:36 DiffusionOperatorP1: Calulate gradients of shape functions transformed by reference map ...
13:36 DiffusionOperatorP1: Calculate all local scalar products beween gradients ...
13:36 DiffusionOperatorP1: Determine global dofs ...
13:36 DiffusionOperatorP1: Boundary treatment ...
13:36 DiffusionOperatorP1: Assemble system matrix ...
13:36 L2ProductP1: Integrate the products of the shape functions on each element
13:36 L2ProductP1: Determine global dofs ...
13:36 L2ProductP1: Boundary treatment ...
13:36 L2ProductP1: Assemble system matrix ...
13:36 DiffusionOperatorP1: Calulate gradients of shape functions transformed by reference map ...
13:36 DiffusionOperatorP1: Calculate all local scalar products beween gradients ...
13:36 DiffusionOperatorP1: Determine global dofs ...
13:36 DiffusionOperatorP1: Boundary treatment ...
13:36 DiffusionOperatorP1: Assemble system matrix ...
13:36 L2ProductP1: Integrate the products of the shape functions on each element
13:36 L2ProductP1: Determine global dofs ...
13:36 L2ProductP1: Boundary treatment ...
13:36 L2ProductP1: Assemble system matrix ...
13:36 DiffusionOperatorP1: Calulate gradients of shape functions transformed by reference map ...
13:36 DiffusionOperatorP1: Calculate all local scalar products beween gradients ...
13:36 DiffusionOperatorP1: Determine global dofs ...
13:36 DiffusionOperatorP1: Boundary treatment ...
13:36 DiffusionOperatorP1: Assemble system matrix ...
</system-err></testcase><testcase classname="src.pymortests.algorithms.basic" file="src/pymortests/algorithms/basic.py" line="41" name="test_almost_equal_product[&lt;lambda&gt;4]" time="0.06837201118469238"><system-err>13:36 DiffusionOperatorP1: Calulate gradients of shape functions transformed by reference map ...
13:36 DiffusionOperatorP1: Calculate all local scalar products beween gradients ...
13:36 DiffusionOperatorP1: Determine global dofs ...
13:36 DiffusionOperatorP1: Boundary treatment ...
13:36 DiffusionOperatorP1: Assemble system matrix ...
13:36 DiffusionOperatorP1: Calulate gradients of shape functions transformed by reference map ...
13:36 DiffusionOperatorP1: Calculate all local scalar products beween gradients ...
13:36 DiffusionOperatorP1: Determine global dofs ...
13:36 DiffusionOperatorP1: Boundary treatment ...
13:36 DiffusionOperatorP1: Assemble system matrix ...
13:36 DiffusionOperatorP1: Calulate gradients of shape functions transformed by reference map ...
13:36 DiffusionOperatorP1: Calculate all local scalar products beween gradients ...
13:36 DiffusionOperatorP1: Determine global dofs ...
13:36 DiffusionOperatorP1: Boundary treatment ...
13:36 DiffusionOperatorP1: Assemble system matrix ...
13:36 DiffusionOperatorP1: Calulate gradients of shape functions transformed by reference map ...
13:36 DiffusionOperatorP1: Calculate all local scalar products beween gradients ...
13:36 DiffusionOperatorP1: Determine global dofs ...
13:36 DiffusionOperatorP1: Boundary treatment ...
13:36 DiffusionOperatorP1: Assemble system matrix ...
13:36 DiffusionOperatorP1: Calulate gradients of shape functions transformed by reference map ...
13:36 DiffusionOperatorP1: Calculate all local scalar products beween gradients ...
13:36 DiffusionOperatorP1: Determine global dofs ...
13:36 DiffusionOperatorP1: Boundary treatment ...
13:36 DiffusionOperatorP1: Assemble system matrix ...
13:36 L2ProductP1: Integrate the products of the shape functions on each element
13:36 L2ProductP1: Determine global dofs ...
13:36 L2ProductP1: Boundary treatment ...
13:36 L2ProductP1: Assemble system matrix ...
13:36 DiffusionOperatorP1: Calulate gradients of shape functions transformed by reference map ...
13:36 DiffusionOperatorP1: Calculate all local scalar products beween gradients ...
13:36 DiffusionOperatorP1: Determine global dofs ...
13:36 DiffusionOperatorP1: Boundary treatment ...
13:36 DiffusionOperatorP1: Assemble system matrix ...
13:36 L2ProductP1: Integrate the products of the shape functions on each element
13:36 L2ProductP1: Determine global dofs ...
13:36 L2ProductP1: Boundary treatment ...
13:36 L2ProductP1: Assemble system matrix ...
13:36 DiffusionOperatorP1: Calulate gradients of shape functions transformed by reference map ...
13:36 DiffusionOperatorP1: Calculate all local scalar products beween gradients ...
13:36 DiffusionOperatorP1: Determine global dofs ...
13:36 DiffusionOperatorP1: Boundary treatment ...
13:36 DiffusionOperatorP1: Assemble system matrix ...
</system-err></testcase><testcase classname="src.pymortests.algorithms.basic" file="src/pymortests/algorithms/basic.py" line="41" name="test_almost_equal_product[&lt;lambda&gt;5]" time="0.06490516662597656"><system-err>13:36 DiffusionOperatorP1: Calulate gradients of shape functions transformed by reference map ...
13:36 DiffusionOperatorP1: Calculate all local scalar products beween gradients ...
13:36 DiffusionOperatorP1: Determine global dofs ...
13:36 DiffusionOperatorP1: Boundary treatment ...
13:36 DiffusionOperatorP1: Assemble system matrix ...
13:36 DiffusionOperatorP1: Calulate gradients of shape functions transformed by reference map ...
13:36 DiffusionOperatorP1: Calculate all local scalar products beween gradients ...
13:36 DiffusionOperatorP1: Determine global dofs ...
13:36 DiffusionOperatorP1: Boundary treatment ...
13:36 DiffusionOperatorP1: Assemble system matrix ...
13:36 L2ProductP1: Integrate the products of the shape functions on each element
13:36 L2ProductP1: Determine global dofs ...
13:36 L2ProductP1: Boundary treatment ...
13:36 L2ProductP1: Assemble system matrix ...
13:36 DiffusionOperatorP1: Calulate gradients of shape functions transformed by reference map ...
13:36 DiffusionOperatorP1: Calculate all local scalar products beween gradients ...
13:36 DiffusionOperatorP1: Determine global dofs ...
13:36 DiffusionOperatorP1: Boundary treatment ...
13:36 DiffusionOperatorP1: Assemble system matrix ...
13:36 L2ProductP1: Integrate the products of the shape functions on each element
13:36 L2ProductP1: Determine global dofs ...
13:36 L2ProductP1: Boundary treatment ...
13:36 L2ProductP1: Assemble system matrix ...
13:36 DiffusionOperatorP1: Calulate gradients of shape functions transformed by reference map ...
13:36 DiffusionOperatorP1: Calculate all local scalar products beween gradients ...
13:36 DiffusionOperatorP1: Determine global dofs ...
13:36 DiffusionOperatorP1: Boundary treatment ...
13:36 DiffusionOperatorP1: Assemble system matrix ...
</system-err></testcase><testcase classname="src.pymortests.algorithms.basic" file="src/pymortests/algorithms/basic.py" line="41" name="test_almost_equal_product[&lt;lambda&gt;6]" time="0.07017827033996582"><system-err>13:36 DiffusionOperatorP1: Calulate gradients of shape functions transformed by reference map ...
13:36 DiffusionOperatorP1: Calculate all local scalar products beween gradients ...
13:36 DiffusionOperatorP1: Determine global dofs ...
13:36 DiffusionOperatorP1: Boundary treatment ...
13:36 DiffusionOperatorP1: Assemble system matrix ...
13:36 DiffusionOperatorP1: Calulate gradients of shape functions transformed by reference map ...
13:36 DiffusionOperatorP1: Calculate all local scalar products beween gradients ...
13:36 DiffusionOperatorP1: Determine global dofs ...
13:36 DiffusionOperatorP1: Boundary treatment ...
13:36 DiffusionOperatorP1: Assemble system matrix ...
13:36 DiffusionOperatorP1: Calulate gradients of shape functions transformed by reference map ...
13:36 DiffusionOperatorP1: Calculate all local scalar products beween gradients ...
13:36 DiffusionOperatorP1: Determine global dofs ...
13:36 DiffusionOperatorP1: Boundary treatment ...
13:36 DiffusionOperatorP1: Assemble system matrix ...
13:36 DiffusionOperatorP1: Calulate gradients of shape functions transformed by reference map ...
13:36 DiffusionOperatorP1: Calculate all local scalar products beween gradients ...
13:36 DiffusionOperatorP1: Determine global dofs ...
13:36 DiffusionOperatorP1: Boundary treatment ...
13:36 DiffusionOperatorP1: Assemble system matrix ...
13:36 DiffusionOperatorP1: Calulate gradients of shape functions transformed by reference map ...
13:36 DiffusionOperatorP1: Calculate all local scalar products beween gradients ...
13:36 DiffusionOperatorP1: Determine global dofs ...
13:36 DiffusionOperatorP1: Boundary treatment ...
13:36 DiffusionOperatorP1: Assemble system matrix ...
13:36 L2ProductP1: Integrate the products of the shape functions on each element
13:36 L2ProductP1: Determine global dofs ...
13:36 L2ProductP1: Boundary treatment ...
13:36 L2ProductP1: Assemble system matrix ...
13:36 DiffusionOperatorP1: Calulate gradients of shape functions transformed by reference map ...
13:36 DiffusionOperatorP1: Calculate all local scalar products beween gradients ...
13:36 DiffusionOperatorP1: Determine global dofs ...
13:36 DiffusionOperatorP1: Boundary treatment ...
13:36 DiffusionOperatorP1: Assemble system matrix ...
13:36 L2ProductP1: Integrate the products of the shape functions on each element
13:36 L2ProductP1: Determine global dofs ...
13:36 L2ProductP1: Boundary treatment ...
13:36 L2ProductP1: Assemble system matrix ...
13:36 DiffusionOperatorP1: Calulate gradients of shape functions transformed by reference map ...
13:36 DiffusionOperatorP1: Calculate all local scalar products beween gradients ...
13:36 DiffusionOperatorP1: Determine global dofs ...
13:36 DiffusionOperatorP1: Boundary treatment ...
13:36 DiffusionOperatorP1: Assemble system matrix ...
</system-err></testcase><testcase classname="src.pymortests.algorithms.basic" file="src/pymortests/algorithms/basic.py" line="41" name="test_almost_equal_product[&lt;lambda&gt;7]" time="0.0653524398803711"><system-err>13:36 DiffusionOperatorP1: Calulate gradients of shape functions transformed by reference map ...
13:36 DiffusionOperatorP1: Calculate all local scalar products beween gradients ...
13:36 DiffusionOperatorP1: Determine global dofs ...
13:36 DiffusionOperatorP1: Boundary treatment ...
13:36 DiffusionOperatorP1: Assemble system matrix ...
13:36 DiffusionOperatorP1: Calulate gradients of shape functions transformed by reference map ...
13:36 DiffusionOperatorP1: Calculate all local scalar products beween gradients ...
13:36 DiffusionOperatorP1: Determine global dofs ...
13:36 DiffusionOperatorP1: Boundary treatment ...
13:36 DiffusionOperatorP1: Assemble system matrix ...
13:36 L2ProductP1: Integrate the products of the shape functions on each element
13:36 L2ProductP1: Determine global dofs ...
13:36 L2ProductP1: Boundary treatment ...
13:36 L2ProductP1: Assemble system matrix ...
13:36 DiffusionOperatorP1: Calulate gradients of shape functions transformed by reference map ...
13:36 DiffusionOperatorP1: Calculate all local scalar products beween gradients ...
13:36 DiffusionOperatorP1: Determine global dofs ...
13:36 DiffusionOperatorP1: Boundary treatment ...
13:36 DiffusionOperatorP1: Assemble system matrix ...
13:36 L2ProductP1: Integrate the products of the shape functions on each element
13:36 L2ProductP1: Determine global dofs ...
13:36 L2ProductP1: Boundary treatment ...
13:36 L2ProductP1: Assemble system matrix ...
13:36 DiffusionOperatorP1: Calulate gradients of shape functions transformed by reference map ...
13:36 DiffusionOperatorP1: Calculate all local scalar products beween gradients ...
13:36 DiffusionOperatorP1: Determine global dofs ...
13:36 DiffusionOperatorP1: Boundary treatment ...
13:36 DiffusionOperatorP1: Assemble system matrix ...
</system-err></testcase><testcase classname="src.pymortests.algorithms.basic" file="src/pymortests/algorithms/basic.py" line="41" name="test_almost_equal_product[&lt;lambda&gt;8]" time="0.0688331127166748"><system-err>13:36 DiffusionOperatorP1: Calulate gradients of shape functions transformed by reference map ...
13:36 DiffusionOperatorP1: Calculate all local scalar products beween gradients ...
13:36 DiffusionOperatorP1: Determine global dofs ...
13:36 DiffusionOperatorP1: Boundary treatment ...
13:36 DiffusionOperatorP1: Assemble system matrix ...
13:36 DiffusionOperatorP1: Calulate gradients of shape functions transformed by reference map ...
13:36 DiffusionOperatorP1: Calculate all local scalar products beween gradients ...
13:36 DiffusionOperatorP1: Determine global dofs ...
13:36 DiffusionOperatorP1: Boundary treatment ...
13:36 DiffusionOperatorP1: Assemble system matrix ...
13:36 DiffusionOperatorP1: Calulate gradients of shape functions transformed by reference map ...
13:36 DiffusionOperatorP1: Calculate all local scalar products beween gradients ...
13:36 DiffusionOperatorP1: Determine global dofs ...
13:36 DiffusionOperatorP1: Boundary treatment ...
13:36 DiffusionOperatorP1: Assemble system matrix ...
13:36 DiffusionOperatorP1: Calulate gradients of shape functions transformed by reference map ...
13:36 DiffusionOperatorP1: Calculate all local scalar products beween gradients ...
13:36 DiffusionOperatorP1: Determine global dofs ...
13:36 DiffusionOperatorP1: Boundary treatment ...
13:36 DiffusionOperatorP1: Assemble system matrix ...
13:36 DiffusionOperatorP1: Calulate gradients of shape functions transformed by reference map ...
13:36 DiffusionOperatorP1: Calculate all local scalar products beween gradients ...
13:36 DiffusionOperatorP1: Determine global dofs ...
13:36 DiffusionOperatorP1: Boundary treatment ...
13:36 DiffusionOperatorP1: Assemble system matrix ...
13:36 L2ProductP1: Integrate the products of the shape functions on each element
13:36 L2ProductP1: Determine global dofs ...
13:36 L2ProductP1: Boundary treatment ...
13:36 L2ProductP1: Assemble system matrix ...
13:36 DiffusionOperatorP1: Calulate gradients of shape functions transformed by reference map ...
13:36 DiffusionOperatorP1: Calculate all local scalar products beween gradients ...
13:36 DiffusionOperatorP1: Determine global dofs ...
13:36 DiffusionOperatorP1: Boundary treatment ...
13:36 DiffusionOperatorP1: Assemble system matrix ...
13:36 L2ProductP1: Integrate the products of the shape functions on each element
13:36 L2ProductP1: Determine global dofs ...
13:36 L2ProductP1: Boundary treatment ...
13:36 L2ProductP1: Assemble system matrix ...
13:36 DiffusionOperatorP1: Calulate gradients of shape functions transformed by reference map ...
13:36 DiffusionOperatorP1: Calculate all local scalar products beween gradients ...
13:36 DiffusionOperatorP1: Determine global dofs ...
13:36 DiffusionOperatorP1: Boundary treatment ...
13:36 DiffusionOperatorP1: Assemble system matrix ...
</system-err></testcase><testcase classname="src.pymortests.algorithms.basic" file="src/pymortests/algorithms/basic.py" line="41" name="test_almost_equal_product[&lt;lambda&gt;9]" time="0.0653223991394043"><system-err>13:36 DiffusionOperatorP1: Calulate gradients of shape functions transformed by reference map ...
13:36 DiffusionOperatorP1: Calculate all local scalar products beween gradients ...
13:36 DiffusionOperatorP1: Determine global dofs ...
13:36 DiffusionOperatorP1: Boundary treatment ...
13:36 DiffusionOperatorP1: Assemble system matrix ...
13:36 DiffusionOperatorP1: Calulate gradients of shape functions transformed by reference map ...
13:36 DiffusionOperatorP1: Calculate all local scalar products beween gradients ...
13:36 DiffusionOperatorP1: Determine global dofs ...
13:36 DiffusionOperatorP1: Boundary treatment ...
13:36 DiffusionOperatorP1: Assemble system matrix ...
13:36 L2ProductP1: Integrate the products of the shape functions on each element
13:36 L2ProductP1: Determine global dofs ...
13:36 L2ProductP1: Boundary treatment ...
13:36 L2ProductP1: Assemble system matrix ...
13:36 DiffusionOperatorP1: Calulate gradients of shape functions transformed by reference map ...
13:36 DiffusionOperatorP1: Calculate all local scalar products beween gradients ...
13:36 DiffusionOperatorP1: Determine global dofs ...
13:36 DiffusionOperatorP1: Boundary treatment ...
13:36 DiffusionOperatorP1: Assemble system matrix ...
13:36 L2ProductP1: Integrate the products of the shape functions on each element
13:36 L2ProductP1: Determine global dofs ...
13:36 L2ProductP1: Boundary treatment ...
13:36 L2ProductP1: Assemble system matrix ...
13:36 DiffusionOperatorP1: Calulate gradients of shape functions transformed by reference map ...
13:36 DiffusionOperatorP1: Calculate all local scalar products beween gradients ...
13:36 DiffusionOperatorP1: Determine global dofs ...
13:36 DiffusionOperatorP1: Boundary treatment ...
13:36 DiffusionOperatorP1: Assemble system matrix ...
</system-err></testcase><testcase classname="src.pymortests.algorithms.basic" file="src/pymortests/algorithms/basic.py" line="41" name="test_almost_equal_product[&lt;lambda&gt;10]" time="0.06920123100280762"><system-err>13:36 DiffusionOperatorP1: Calulate gradients of shape functions transformed by reference map ...
13:36 DiffusionOperatorP1: Calculate all local scalar products beween gradients ...
13:36 DiffusionOperatorP1: Determine global dofs ...
13:36 DiffusionOperatorP1: Boundary treatment ...
13:36 DiffusionOperatorP1: Assemble system matrix ...
13:36 DiffusionOperatorP1: Calulate gradients of shape functions transformed by reference map ...
13:36 DiffusionOperatorP1: Calculate all local scalar products beween gradients ...
13:36 DiffusionOperatorP1: Determine global dofs ...
13:36 DiffusionOperatorP1: Boundary treatment ...
13:36 DiffusionOperatorP1: Assemble system matrix ...
13:36 DiffusionOperatorP1: Calulate gradients of shape functions transformed by reference map ...
13:36 DiffusionOperatorP1: Calculate all local scalar products beween gradients ...
13:36 DiffusionOperatorP1: Determine global dofs ...
13:36 DiffusionOperatorP1: Boundary treatment ...
13:36 DiffusionOperatorP1: Assemble system matrix ...
13:36 DiffusionOperatorP1: Calulate gradients of shape functions transformed by reference map ...
13:36 DiffusionOperatorP1: Calculate all local scalar products beween gradients ...
13:36 DiffusionOperatorP1: Determine global dofs ...
13:36 DiffusionOperatorP1: Boundary treatment ...
13:36 DiffusionOperatorP1: Assemble system matrix ...
13:36 DiffusionOperatorP1: Calulate gradients of shape functions transformed by reference map ...
13:36 DiffusionOperatorP1: Calculate all local scalar products beween gradients ...
13:36 DiffusionOperatorP1: Determine global dofs ...
13:36 DiffusionOperatorP1: Boundary treatment ...
13:36 DiffusionOperatorP1: Assemble system matrix ...
13:36 L2ProductP1: Integrate the products of the shape functions on each element
13:36 L2ProductP1: Determine global dofs ...
13:36 L2ProductP1: Boundary treatment ...
13:36 L2ProductP1: Assemble system matrix ...
13:36 DiffusionOperatorP1: Calulate gradients of shape functions transformed by reference map ...
13:36 DiffusionOperatorP1: Calculate all local scalar products beween gradients ...
13:36 DiffusionOperatorP1: Determine global dofs ...
13:36 DiffusionOperatorP1: Boundary treatment ...
13:36 DiffusionOperatorP1: Assemble system matrix ...
13:36 L2ProductP1: Integrate the products of the shape functions on each element
13:36 L2ProductP1: Determine global dofs ...
13:36 L2ProductP1: Boundary treatment ...
13:36 L2ProductP1: Assemble system matrix ...
13:36 DiffusionOperatorP1: Calulate gradients of shape functions transformed by reference map ...
13:36 DiffusionOperatorP1: Calculate all local scalar products beween gradients ...
13:36 DiffusionOperatorP1: Determine global dofs ...
13:36 DiffusionOperatorP1: Boundary treatment ...
13:36 DiffusionOperatorP1: Assemble system matrix ...
</system-err></testcase><testcase classname="src.pymortests.algorithms.basic" file="src/pymortests/algorithms/basic.py" line="41" name="test_almost_equal_product[&lt;lambda&gt;11]" time="0.06444573402404785"><system-err>13:36 DiffusionOperatorP1: Calulate gradients of shape functions transformed by reference map ...
13:36 DiffusionOperatorP1: Calculate all local scalar products beween gradients ...
13:36 DiffusionOperatorP1: Determine global dofs ...
13:36 DiffusionOperatorP1: Boundary treatment ...
13:36 DiffusionOperatorP1: Assemble system matrix ...
13:36 DiffusionOperatorP1: Calulate gradients of shape functions transformed by reference map ...
13:36 DiffusionOperatorP1: Calculate all local scalar products beween gradients ...
13:36 DiffusionOperatorP1: Determine global dofs ...
13:36 DiffusionOperatorP1: Boundary treatment ...
13:36 DiffusionOperatorP1: Assemble system matrix ...
13:36 L2ProductP1: Integrate the products of the shape functions on each element
13:36 L2ProductP1: Determine global dofs ...
13:36 L2ProductP1: Boundary treatment ...
13:36 L2ProductP1: Assemble system matrix ...
13:36 DiffusionOperatorP1: Calulate gradients of shape functions transformed by reference map ...
13:36 DiffusionOperatorP1: Calculate all local scalar products beween gradients ...
13:36 DiffusionOperatorP1: Determine global dofs ...
13:36 DiffusionOperatorP1: Boundary treatment ...
13:36 DiffusionOperatorP1: Assemble system matrix ...
13:36 L2ProductP1: Integrate the products of the shape functions on each element
13:36 L2ProductP1: Determine global dofs ...
13:36 L2ProductP1: Boundary treatment ...
13:36 L2ProductP1: Assemble system matrix ...
13:36 DiffusionOperatorP1: Calulate gradients of shape functions transformed by reference map ...
13:36 DiffusionOperatorP1: Calculate all local scalar products beween gradients ...
13:36 DiffusionOperatorP1: Determine global dofs ...
13:36 DiffusionOperatorP1: Boundary treatment ...
13:36 DiffusionOperatorP1: Assemble system matrix ...
</system-err></testcase><testcase classname="src.pymortests.algorithms.basic" file="src/pymortests/algorithms/basic.py" line="41" name="test_almost_equal_product[&lt;lambda&gt;12]" time="0.06436467170715332"><system-err>13:37 DiffusionOperatorP1: Calulate gradients of shape functions transformed by reference map ...
13:37 DiffusionOperatorP1: Calculate all local scalar products beween gradients ...
13:37 DiffusionOperatorP1: Determine global dofs ...
13:37 DiffusionOperatorP1: Boundary treatment ...
13:37 DiffusionOperatorP1: Assemble system matrix ...
13:37 DiffusionOperatorP1: Calulate gradients of shape functions transformed by reference map ...
13:37 DiffusionOperatorP1: Calculate all local scalar products beween gradients ...
13:37 DiffusionOperatorP1: Determine global dofs ...
13:37 DiffusionOperatorP1: Boundary treatment ...
13:37 DiffusionOperatorP1: Assemble system matrix ...
13:37 DiffusionOperatorP1: Calulate gradients of shape functions transformed by reference map ...
13:37 DiffusionOperatorP1: Calculate all local scalar products beween gradients ...
13:37 DiffusionOperatorP1: Determine global dofs ...
13:37 DiffusionOperatorP1: Boundary treatment ...
13:37 DiffusionOperatorP1: Assemble system matrix ...
13:37 DiffusionOperatorP1: Calulate gradients of shape functions transformed by reference map ...
13:37 DiffusionOperatorP1: Calculate all local scalar products beween gradients ...
13:37 DiffusionOperatorP1: Determine global dofs ...
13:37 DiffusionOperatorP1: Boundary treatment ...
13:37 DiffusionOperatorP1: Assemble system matrix ...
13:37 DiffusionOperatorP1: Calulate gradients of shape functions transformed by reference map ...
13:37 DiffusionOperatorP1: Calculate all local scalar products beween gradients ...
13:37 DiffusionOperatorP1: Determine global dofs ...
13:37 DiffusionOperatorP1: Boundary treatment ...
13:37 DiffusionOperatorP1: Assemble system matrix ...
13:37 L2ProductP1: Integrate the products of the shape functions on each element
13:37 L2ProductP1: Determine global dofs ...
13:37 L2ProductP1: Boundary treatment ...
13:37 L2ProductP1: Assemble system matrix ...
13:37 DiffusionOperatorP1: Calulate gradients of shape functions transformed by reference map ...
13:37 DiffusionOperatorP1: Calculate all local scalar products beween gradients ...
13:37 DiffusionOperatorP1: Determine global dofs ...
13:37 DiffusionOperatorP1: Boundary treatment ...
13:37 DiffusionOperatorP1: Assemble system matrix ...
13:37 L2ProductP1: Integrate the products of the shape functions on each element
13:37 L2ProductP1: Determine global dofs ...
13:37 L2ProductP1: Boundary treatment ...
13:37 L2ProductP1: Assemble system matrix ...
13:37 DiffusionOperatorP1: Calulate gradients of shape functions transformed by reference map ...
13:37 DiffusionOperatorP1: Calculate all local scalar products beween gradients ...
13:37 DiffusionOperatorP1: Determine global dofs ...
13:37 DiffusionOperatorP1: Boundary treatment ...
13:37 DiffusionOperatorP1: Assemble system matrix ...
</system-err></testcase><testcase classname="src.pymortests.algorithms.basic" file="src/pymortests/algorithms/basic.py" line="41" name="test_almost_equal_product[&lt;lambda&gt;13]" time="0.06169414520263672"><system-err>13:37 DiffusionOperatorP1: Calulate gradients of shape functions transformed by reference map ...
13:37 DiffusionOperatorP1: Calculate all local scalar products beween gradients ...
13:37 DiffusionOperatorP1: Determine global dofs ...
13:37 DiffusionOperatorP1: Boundary treatment ...
13:37 DiffusionOperatorP1: Assemble system matrix ...
13:37 DiffusionOperatorP1: Calulate gradients of shape functions transformed by reference map ...
13:37 DiffusionOperatorP1: Calculate all local scalar products beween gradients ...
13:37 DiffusionOperatorP1: Determine global dofs ...
13:37 DiffusionOperatorP1: Boundary treatment ...
13:37 DiffusionOperatorP1: Assemble system matrix ...
13:37 L2ProductP1: Integrate the products of the shape functions on each element
13:37 L2ProductP1: Determine global dofs ...
13:37 L2ProductP1: Boundary treatment ...
13:37 L2ProductP1: Assemble system matrix ...
13:37 DiffusionOperatorP1: Calulate gradients of shape functions transformed by reference map ...
13:37 DiffusionOperatorP1: Calculate all local scalar products beween gradients ...
13:37 DiffusionOperatorP1: Determine global dofs ...
13:37 DiffusionOperatorP1: Boundary treatment ...
13:37 DiffusionOperatorP1: Assemble system matrix ...
13:37 L2ProductP1: Integrate the products of the shape functions on each element
13:37 L2ProductP1: Determine global dofs ...
13:37 L2ProductP1: Boundary treatment ...
13:37 L2ProductP1: Assemble system matrix ...
13:37 DiffusionOperatorP1: Calulate gradients of shape functions transformed by reference map ...
13:37 DiffusionOperatorP1: Calculate all local scalar products beween gradients ...
13:37 DiffusionOperatorP1: Determine global dofs ...
13:37 DiffusionOperatorP1: Boundary treatment ...
13:37 DiffusionOperatorP1: Assemble system matrix ...
</system-err></testcase><testcase classname="src.pymortests.algorithms.basic" file="src/pymortests/algorithms/basic.py" line="41" name="test_almost_equal_product[&lt;lambda&gt;14]" time="0.0694127082824707"><system-err>13:37 DiffusionOperatorP1: Calulate gradients of shape functions transformed by reference map ...
13:37 DiffusionOperatorP1: Calculate all local scalar products beween gradients ...
13:37 DiffusionOperatorP1: Determine global dofs ...
13:37 DiffusionOperatorP1: Boundary treatment ...
13:37 DiffusionOperatorP1: Assemble system matrix ...
13:37 DiffusionOperatorP1: Calulate gradients of shape functions transformed by reference map ...
13:37 DiffusionOperatorP1: Calculate all local scalar products beween gradients ...
13:37 DiffusionOperatorP1: Determine global dofs ...
13:37 DiffusionOperatorP1: Boundary treatment ...
13:37 DiffusionOperatorP1: Assemble system matrix ...
13:37 DiffusionOperatorP1: Calulate gradients of shape functions transformed by reference map ...
13:37 DiffusionOperatorP1: Calculate all local scalar products beween gradients ...
13:37 DiffusionOperatorP1: Determine global dofs ...
13:37 DiffusionOperatorP1: Boundary treatment ...
13:37 DiffusionOperatorP1: Assemble system matrix ...
13:37 DiffusionOperatorP1: Calulate gradients of shape functions transformed by reference map ...
13:37 DiffusionOperatorP1: Calculate all local scalar products beween gradients ...
13:37 DiffusionOperatorP1: Determine global dofs ...
13:37 DiffusionOperatorP1: Boundary treatment ...
13:37 DiffusionOperatorP1: Assemble system matrix ...
13:37 DiffusionOperatorP1: Calulate gradients of shape functions transformed by reference map ...
13:37 DiffusionOperatorP1: Calculate all local scalar products beween gradients ...
13:37 DiffusionOperatorP1: Determine global dofs ...
13:37 DiffusionOperatorP1: Boundary treatment ...
13:37 DiffusionOperatorP1: Assemble system matrix ...
13:37 L2ProductP1: Integrate the products of the shape functions on each element
13:37 L2ProductP1: Determine global dofs ...
13:37 L2ProductP1: Boundary treatment ...
13:37 L2ProductP1: Assemble system matrix ...
13:37 DiffusionOperatorP1: Calulate gradients of shape functions transformed by reference map ...
13:37 DiffusionOperatorP1: Calculate all local scalar products beween gradients ...
13:37 DiffusionOperatorP1: Determine global dofs ...
13:37 DiffusionOperatorP1: Boundary treatment ...
13:37 DiffusionOperatorP1: Assemble system matrix ...
13:37 L2ProductP1: Integrate the products of the shape functions on each element
13:37 L2ProductP1: Determine global dofs ...
13:37 L2ProductP1: Boundary treatment ...
13:37 L2ProductP1: Assemble system matrix ...
13:37 DiffusionOperatorP1: Calulate gradients of shape functions transformed by reference map ...
13:37 DiffusionOperatorP1: Calculate all local scalar products beween gradients ...
13:37 DiffusionOperatorP1: Determine global dofs ...
13:37 DiffusionOperatorP1: Boundary treatment ...
13:37 DiffusionOperatorP1: Assemble system matrix ...
</system-err></testcase><testcase classname="src.pymortests.algorithms.basic" file="src/pymortests/algorithms/basic.py" line="41" name="test_almost_equal_product[&lt;lambda&gt;15]" time="0.06702351570129395"><system-err>13:37 DiffusionOperatorP1: Calulate gradients of shape functions transformed by reference map ...
13:37 DiffusionOperatorP1: Calculate all local scalar products beween gradients ...
13:37 DiffusionOperatorP1: Determine global dofs ...
13:37 DiffusionOperatorP1: Boundary treatment ...
13:37 DiffusionOperatorP1: Assemble system matrix ...
13:37 DiffusionOperatorP1: Calulate gradients of shape functions transformed by reference map ...
13:37 DiffusionOperatorP1: Calculate all local scalar products beween gradients ...
13:37 DiffusionOperatorP1: Determine global dofs ...
13:37 DiffusionOperatorP1: Boundary treatment ...
13:37 DiffusionOperatorP1: Assemble system matrix ...
13:37 L2ProductP1: Integrate the products of the shape functions on each element
13:37 L2ProductP1: Determine global dofs ...
13:37 L2ProductP1: Boundary treatment ...
13:37 L2ProductP1: Assemble system matrix ...
13:37 DiffusionOperatorP1: Calulate gradients of shape functions transformed by reference map ...
13:37 DiffusionOperatorP1: Calculate all local scalar products beween gradients ...
13:37 DiffusionOperatorP1: Determine global dofs ...
13:37 DiffusionOperatorP1: Boundary treatment ...
13:37 DiffusionOperatorP1: Assemble system matrix ...
13:37 L2ProductP1: Integrate the products of the shape functions on each element
13:37 L2ProductP1: Determine global dofs ...
13:37 L2ProductP1: Boundary treatment ...
13:37 L2ProductP1: Assemble system matrix ...
13:37 DiffusionOperatorP1: Calulate gradients of shape functions transformed by reference map ...
13:37 DiffusionOperatorP1: Calculate all local scalar products beween gradients ...
13:37 DiffusionOperatorP1: Determine global dofs ...
13:37 DiffusionOperatorP1: Boundary treatment ...
13:37 DiffusionOperatorP1: Assemble system matrix ...
</system-err></testcase><testcase classname="src.pymortests.algorithms.basic" file="src/pymortests/algorithms/basic.py" line="41" name="test_almost_equal_product[&lt;lambda&gt;16]" time="0.06378006935119629"><system-err>13:37 DiffusionOperatorP1: Calulate gradients of shape functions transformed by reference map ...
13:37 DiffusionOperatorP1: Calculate all local scalar products beween gradients ...
13:37 DiffusionOperatorP1: Determine global dofs ...
13:37 DiffusionOperatorP1: Boundary treatment ...
13:37 DiffusionOperatorP1: Assemble system matrix ...
13:37 DiffusionOperatorP1: Calulate gradients of shape functions transformed by reference map ...
13:37 DiffusionOperatorP1: Calculate all local scalar products beween gradients ...
13:37 DiffusionOperatorP1: Determine global dofs ...
13:37 DiffusionOperatorP1: Boundary treatment ...
13:37 DiffusionOperatorP1: Assemble system matrix ...
13:37 DiffusionOperatorP1: Calulate gradients of shape functions transformed by reference map ...
13:37 DiffusionOperatorP1: Calculate all local scalar products beween gradients ...
13:37 DiffusionOperatorP1: Determine global dofs ...
13:37 DiffusionOperatorP1: Boundary treatment ...
13:37 DiffusionOperatorP1: Assemble system matrix ...
13:37 DiffusionOperatorP1: Calulate gradients of shape functions transformed by reference map ...
13:37 DiffusionOperatorP1: Calculate all local scalar products beween gradients ...
13:37 DiffusionOperatorP1: Determine global dofs ...
13:37 DiffusionOperatorP1: Boundary treatment ...
13:37 DiffusionOperatorP1: Assemble system matrix ...
13:37 DiffusionOperatorP1: Calulate gradients of shape functions transformed by reference map ...
13:37 DiffusionOperatorP1: Calculate all local scalar products beween gradients ...
13:37 DiffusionOperatorP1: Determine global dofs ...
13:37 DiffusionOperatorP1: Boundary treatment ...
13:37 DiffusionOperatorP1: Assemble system matrix ...
13:37 L2ProductP1: Integrate the products of the shape functions on each element
13:37 L2ProductP1: Determine global dofs ...
13:37 L2ProductP1: Boundary treatment ...
13:37 L2ProductP1: Assemble system matrix ...
13:37 DiffusionOperatorP1: Calulate gradients of shape functions transformed by reference map ...
13:37 DiffusionOperatorP1: Calculate all local scalar products beween gradients ...
13:37 DiffusionOperatorP1: Determine global dofs ...
13:37 DiffusionOperatorP1: Boundary treatment ...
13:37 DiffusionOperatorP1: Assemble system matrix ...
13:37 L2ProductP1: Integrate the products of the shape functions on each element
13:37 L2ProductP1: Determine global dofs ...
13:37 L2ProductP1: Boundary treatment ...
13:37 L2ProductP1: Assemble system matrix ...
13:37 DiffusionOperatorP1: Calulate gradients of shape functions transformed by reference map ...
13:37 DiffusionOperatorP1: Calculate all local scalar products beween gradients ...
13:37 DiffusionOperatorP1: Determine global dofs ...
13:37 DiffusionOperatorP1: Boundary treatment ...
13:37 DiffusionOperatorP1: Assemble system matrix ...
</system-err></testcase><testcase classname="src.pymortests.algorithms.basic" file="src/pymortests/algorithms/basic.py" line="41" name="test_almost_equal_product[&lt;lambda&gt;17]" time="0.06087517738342285"><system-err>13:37 DiffusionOperatorP1: Calulate gradients of shape functions transformed by reference map ...
13:37 DiffusionOperatorP1: Calculate all local scalar products beween gradients ...
13:37 DiffusionOperatorP1: Determine global dofs ...
13:37 DiffusionOperatorP1: Boundary treatment ...
13:37 DiffusionOperatorP1: Assemble system matrix ...
13:37 DiffusionOperatorP1: Calulate gradients of shape functions transformed by reference map ...
13:37 DiffusionOperatorP1: Calculate all local scalar products beween gradients ...
13:37 DiffusionOperatorP1: Determine global dofs ...
13:37 DiffusionOperatorP1: Boundary treatment ...
13:37 DiffusionOperatorP1: Assemble system matrix ...
13:37 L2ProductP1: Integrate the products of the shape functions on each element
13:37 L2ProductP1: Determine global dofs ...
13:37 L2ProductP1: Boundary treatment ...
13:37 L2ProductP1: Assemble system matrix ...
13:37 DiffusionOperatorP1: Calulate gradients of shape functions transformed by reference map ...
13:37 DiffusionOperatorP1: Calculate all local scalar products beween gradients ...
13:37 DiffusionOperatorP1: Determine global dofs ...
13:37 DiffusionOperatorP1: Boundary treatment ...
13:37 DiffusionOperatorP1: Assemble system matrix ...
13:37 L2ProductP1: Integrate the products of the shape functions on each element
13:37 L2ProductP1: Determine global dofs ...
13:37 L2ProductP1: Boundary treatment ...
13:37 L2ProductP1: Assemble system matrix ...
13:37 DiffusionOperatorP1: Calulate gradients of shape functions transformed by reference map ...
13:37 DiffusionOperatorP1: Calculate all local scalar products beween gradients ...
13:37 DiffusionOperatorP1: Determine global dofs ...
13:37 DiffusionOperatorP1: Boundary treatment ...
13:37 DiffusionOperatorP1: Assemble system matrix ...
</system-err></testcase><testcase classname="src.pymortests.algorithms.basic" file="src/pymortests/algorithms/basic.py" line="41" name="test_almost_equal_product[&lt;lambda&gt;18]" time="0.06913924217224121"><system-err>13:37 DiffusionOperatorP1: Calulate gradients of shape functions transformed by reference map ...
13:37 DiffusionOperatorP1: Calculate all local scalar products beween gradients ...
13:37 DiffusionOperatorP1: Determine global dofs ...
13:37 DiffusionOperatorP1: Boundary treatment ...
13:37 DiffusionOperatorP1: Assemble system matrix ...
13:37 DiffusionOperatorP1: Calulate gradients of shape functions transformed by reference map ...
13:37 DiffusionOperatorP1: Calculate all local scalar products beween gradients ...
13:37 DiffusionOperatorP1: Determine global dofs ...
13:37 DiffusionOperatorP1: Boundary treatment ...
13:37 DiffusionOperatorP1: Assemble system matrix ...
13:37 DiffusionOperatorP1: Calulate gradients of shape functions transformed by reference map ...
13:37 DiffusionOperatorP1: Calculate all local scalar products beween gradients ...
13:37 DiffusionOperatorP1: Determine global dofs ...
13:37 DiffusionOperatorP1: Boundary treatment ...
13:37 DiffusionOperatorP1: Assemble system matrix ...
13:37 DiffusionOperatorP1: Calulate gradients of shape functions transformed by reference map ...
13:37 DiffusionOperatorP1: Calculate all local scalar products beween gradients ...
13:37 DiffusionOperatorP1: Determine global dofs ...
13:37 DiffusionOperatorP1: Boundary treatment ...
13:37 DiffusionOperatorP1: Assemble system matrix ...
13:37 DiffusionOperatorP1: Calulate gradients of shape functions transformed by reference map ...
13:37 DiffusionOperatorP1: Calculate all local scalar products beween gradients ...
13:37 DiffusionOperatorP1: Determine global dofs ...
13:37 DiffusionOperatorP1: Boundary treatment ...
13:37 DiffusionOperatorP1: Assemble system matrix ...
13:37 L2ProductP1: Integrate the products of the shape functions on each element
13:37 L2ProductP1: Determine global dofs ...
13:37 L2ProductP1: Boundary treatment ...
13:37 L2ProductP1: Assemble system matrix ...
13:37 DiffusionOperatorP1: Calulate gradients of shape functions transformed by reference map ...
13:37 DiffusionOperatorP1: Calculate all local scalar products beween gradients ...
13:37 DiffusionOperatorP1: Determine global dofs ...
13:37 DiffusionOperatorP1: Boundary treatment ...
13:37 DiffusionOperatorP1: Assemble system matrix ...
13:37 L2ProductP1: Integrate the products of the shape functions on each element
13:37 L2ProductP1: Determine global dofs ...
13:37 L2ProductP1: Boundary treatment ...
13:37 L2ProductP1: Assemble system matrix ...
13:37 DiffusionOperatorP1: Calulate gradients of shape functions transformed by reference map ...
13:37 DiffusionOperatorP1: Calculate all local scalar products beween gradients ...
13:37 DiffusionOperatorP1: Determine global dofs ...
13:37 DiffusionOperatorP1: Boundary treatment ...
13:37 DiffusionOperatorP1: Assemble system matrix ...
</system-err></testcase><testcase classname="src.pymortests.algorithms.basic" file="src/pymortests/algorithms/basic.py" line="41" name="test_almost_equal_product[&lt;lambda&gt;19]" time="0.0651390552520752"><system-err>13:37 DiffusionOperatorP1: Calulate gradients of shape functions transformed by reference map ...
13:37 DiffusionOperatorP1: Calculate all local scalar products beween gradients ...
13:37 DiffusionOperatorP1: Determine global dofs ...
13:37 DiffusionOperatorP1: Boundary treatment ...
13:37 DiffusionOperatorP1: Assemble system matrix ...
13:37 DiffusionOperatorP1: Calulate gradients of shape functions transformed by reference map ...
13:37 DiffusionOperatorP1: Calculate all local scalar products beween gradients ...
13:37 DiffusionOperatorP1: Determine global dofs ...
13:37 DiffusionOperatorP1: Boundary treatment ...
13:37 DiffusionOperatorP1: Assemble system matrix ...
13:37 L2ProductP1: Integrate the products of the shape functions on each element
13:37 L2ProductP1: Determine global dofs ...
13:37 L2ProductP1: Boundary treatment ...
13:37 L2ProductP1: Assemble system matrix ...
13:37 DiffusionOperatorP1: Calulate gradients of shape functions transformed by reference map ...
13:37 DiffusionOperatorP1: Calculate all local scalar products beween gradients ...
13:37 DiffusionOperatorP1: Determine global dofs ...
13:37 DiffusionOperatorP1: Boundary treatment ...
13:37 DiffusionOperatorP1: Assemble system matrix ...
13:37 L2ProductP1: Integrate the products of the shape functions on each element
13:37 L2ProductP1: Determine global dofs ...
13:37 L2ProductP1: Boundary treatment ...
13:37 L2ProductP1: Assemble system matrix ...
13:37 DiffusionOperatorP1: Calulate gradients of shape functions transformed by reference map ...
13:37 DiffusionOperatorP1: Calculate all local scalar products beween gradients ...
13:37 DiffusionOperatorP1: Determine global dofs ...
13:37 DiffusionOperatorP1: Boundary treatment ...
13:37 DiffusionOperatorP1: Assemble system matrix ...
</system-err></testcase><testcase classname="src.pymortests.algorithms.basic" file="src/pymortests/algorithms/basic.py" line="41" name="test_almost_equal_product[&lt;lambda&gt;20]" time="0.06957268714904785"><system-err>13:37 DiffusionOperatorP1: Calulate gradients of shape functions transformed by reference map ...
13:37 DiffusionOperatorP1: Calculate all local scalar products beween gradients ...
13:37 DiffusionOperatorP1: Determine global dofs ...
13:37 DiffusionOperatorP1: Boundary treatment ...
13:37 DiffusionOperatorP1: Assemble system matrix ...
13:37 DiffusionOperatorP1: Calulate gradients of shape functions transformed by reference map ...
13:37 DiffusionOperatorP1: Calculate all local scalar products beween gradients ...
13:37 DiffusionOperatorP1: Determine global dofs ...
13:37 DiffusionOperatorP1: Boundary treatment ...
13:37 DiffusionOperatorP1: Assemble system matrix ...
13:37 DiffusionOperatorP1: Calulate gradients of shape functions transformed by reference map ...
13:37 DiffusionOperatorP1: Calculate all local scalar products beween gradients ...
13:37 DiffusionOperatorP1: Determine global dofs ...
13:37 DiffusionOperatorP1: Boundary treatment ...
13:37 DiffusionOperatorP1: Assemble system matrix ...
13:37 DiffusionOperatorP1: Calulate gradients of shape functions transformed by reference map ...
13:37 DiffusionOperatorP1: Calculate all local scalar products beween gradients ...
13:37 DiffusionOperatorP1: Determine global dofs ...
13:37 DiffusionOperatorP1: Boundary treatment ...
13:37 DiffusionOperatorP1: Assemble system matrix ...
13:37 DiffusionOperatorP1: Calulate gradients of shape functions transformed by reference map ...
13:37 DiffusionOperatorP1: Calculate all local scalar products beween gradients ...
13:37 DiffusionOperatorP1: Determine global dofs ...
13:37 DiffusionOperatorP1: Boundary treatment ...
13:37 DiffusionOperatorP1: Assemble system matrix ...
13:37 L2ProductP1: Integrate the products of the shape functions on each element
13:37 L2ProductP1: Determine global dofs ...
13:37 L2ProductP1: Boundary treatment ...
13:37 L2ProductP1: Assemble system matrix ...
13:37 DiffusionOperatorP1: Calulate gradients of shape functions transformed by reference map ...
13:37 DiffusionOperatorP1: Calculate all local scalar products beween gradients ...
13:37 DiffusionOperatorP1: Determine global dofs ...
13:37 DiffusionOperatorP1: Boundary treatment ...
13:37 DiffusionOperatorP1: Assemble system matrix ...
13:37 L2ProductP1: Integrate the products of the shape functions on each element
13:37 L2ProductP1: Determine global dofs ...
13:37 L2ProductP1: Boundary treatment ...
13:37 L2ProductP1: Assemble system matrix ...
13:37 DiffusionOperatorP1: Calulate gradients of shape functions transformed by reference map ...
13:37 DiffusionOperatorP1: Calculate all local scalar products beween gradients ...
13:37 DiffusionOperatorP1: Determine global dofs ...
13:37 DiffusionOperatorP1: Boundary treatment ...
13:37 DiffusionOperatorP1: Assemble system matrix ...
</system-err></testcase><testcase classname="src.pymortests.algorithms.basic" file="src/pymortests/algorithms/basic.py" line="41" name="test_almost_equal_product[&lt;lambda&gt;21]" time="0.06580328941345215"><system-err>13:37 DiffusionOperatorP1: Calulate gradients of shape functions transformed by reference map ...
13:37 DiffusionOperatorP1: Calculate all local scalar products beween gradients ...
13:37 DiffusionOperatorP1: Determine global dofs ...
13:37 DiffusionOperatorP1: Boundary treatment ...
13:37 DiffusionOperatorP1: Assemble system matrix ...
13:37 DiffusionOperatorP1: Calulate gradients of shape functions transformed by reference map ...
13:37 DiffusionOperatorP1: Calculate all local scalar products beween gradients ...
13:37 DiffusionOperatorP1: Determine global dofs ...
13:37 DiffusionOperatorP1: Boundary treatment ...
13:37 DiffusionOperatorP1: Assemble system matrix ...
13:37 L2ProductP1: Integrate the products of the shape functions on each element
13:37 L2ProductP1: Determine global dofs ...
13:37 L2ProductP1: Boundary treatment ...
13:37 L2ProductP1: Assemble system matrix ...
13:37 DiffusionOperatorP1: Calulate gradients of shape functions transformed by reference map ...
13:37 DiffusionOperatorP1: Calculate all local scalar products beween gradients ...
13:37 DiffusionOperatorP1: Determine global dofs ...
13:37 DiffusionOperatorP1: Boundary treatment ...
13:37 DiffusionOperatorP1: Assemble system matrix ...
13:37 L2ProductP1: Integrate the products of the shape functions on each element
13:37 L2ProductP1: Determine global dofs ...
13:37 L2ProductP1: Boundary treatment ...
13:37 L2ProductP1: Assemble system matrix ...
13:37 DiffusionOperatorP1: Calulate gradients of shape functions transformed by reference map ...
13:37 DiffusionOperatorP1: Calculate all local scalar products beween gradients ...
13:37 DiffusionOperatorP1: Determine global dofs ...
13:37 DiffusionOperatorP1: Boundary treatment ...
13:37 DiffusionOperatorP1: Assemble system matrix ...
</system-err></testcase><testcase classname="src.pymortests.algorithms.basic" file="src/pymortests/algorithms/basic.py" line="41" name="test_almost_equal_product[&lt;lambda&gt;22]" time="0.06841635704040527"><system-err>13:37 DiffusionOperatorP1: Calulate gradients of shape functions transformed by reference map ...
13:37 DiffusionOperatorP1: Calculate all local scalar products beween gradients ...
13:37 DiffusionOperatorP1: Determine global dofs ...
13:37 DiffusionOperatorP1: Boundary treatment ...
13:37 DiffusionOperatorP1: Assemble system matrix ...
13:37 DiffusionOperatorP1: Calulate gradients of shape functions transformed by reference map ...
13:37 DiffusionOperatorP1: Calculate all local scalar products beween gradients ...
13:37 DiffusionOperatorP1: Determine global dofs ...
13:37 DiffusionOperatorP1: Boundary treatment ...
13:37 DiffusionOperatorP1: Assemble system matrix ...
13:37 DiffusionOperatorP1: Calulate gradients of shape functions transformed by reference map ...
13:37 DiffusionOperatorP1: Calculate all local scalar products beween gradients ...
13:37 DiffusionOperatorP1: Determine global dofs ...
13:37 DiffusionOperatorP1: Boundary treatment ...
13:37 DiffusionOperatorP1: Assemble system matrix ...
13:37 DiffusionOperatorP1: Calulate gradients of shape functions transformed by reference map ...
13:37 DiffusionOperatorP1: Calculate all local scalar products beween gradients ...
13:37 DiffusionOperatorP1: Determine global dofs ...
13:37 DiffusionOperatorP1: Boundary treatment ...
13:37 DiffusionOperatorP1: Assemble system matrix ...
13:37 DiffusionOperatorP1: Calulate gradients of shape functions transformed by reference map ...
13:37 DiffusionOperatorP1: Calculate all local scalar products beween gradients ...
13:37 DiffusionOperatorP1: Determine global dofs ...
13:37 DiffusionOperatorP1: Boundary treatment ...
13:37 DiffusionOperatorP1: Assemble system matrix ...
13:37 L2ProductP1: Integrate the products of the shape functions on each element
13:37 L2ProductP1: Determine global dofs ...
13:37 L2ProductP1: Boundary treatment ...
13:37 L2ProductP1: Assemble system matrix ...
13:37 DiffusionOperatorP1: Calulate gradients of shape functions transformed by reference map ...
13:37 DiffusionOperatorP1: Calculate all local scalar products beween gradients ...
13:37 DiffusionOperatorP1: Determine global dofs ...
13:37 DiffusionOperatorP1: Boundary treatment ...
13:37 DiffusionOperatorP1: Assemble system matrix ...
13:37 L2ProductP1: Integrate the products of the shape functions on each element
13:37 L2ProductP1: Determine global dofs ...
13:37 L2ProductP1: Boundary treatment ...
13:37 L2ProductP1: Assemble system matrix ...
13:37 DiffusionOperatorP1: Calulate gradients of shape functions transformed by reference map ...
13:37 DiffusionOperatorP1: Calculate all local scalar products beween gradients ...
13:37 DiffusionOperatorP1: Determine global dofs ...
13:37 DiffusionOperatorP1: Boundary treatment ...
13:37 DiffusionOperatorP1: Assemble system matrix ...
</system-err></testcase><testcase classname="src.pymortests.algorithms.basic" file="src/pymortests/algorithms/basic.py" line="41" name="test_almost_equal_product[&lt;lambda&gt;23]" time="0.06734395027160645"><system-err>13:37 DiffusionOperatorP1: Calulate gradients of shape functions transformed by reference map ...
13:37 DiffusionOperatorP1: Calculate all local scalar products beween gradients ...
13:37 DiffusionOperatorP1: Determine global dofs ...
13:37 DiffusionOperatorP1: Boundary treatment ...
13:37 DiffusionOperatorP1: Assemble system matrix ...
13:37 DiffusionOperatorP1: Calulate gradients of shape functions transformed by reference map ...
13:37 DiffusionOperatorP1: Calculate all local scalar products beween gradients ...
13:37 DiffusionOperatorP1: Determine global dofs ...
13:37 DiffusionOperatorP1: Boundary treatment ...
13:37 DiffusionOperatorP1: Assemble system matrix ...
13:37 L2ProductP1: Integrate the products of the shape functions on each element
13:37 L2ProductP1: Determine global dofs ...
13:37 L2ProductP1: Boundary treatment ...
13:37 L2ProductP1: Assemble system matrix ...
13:37 DiffusionOperatorP1: Calulate gradients of shape functions transformed by reference map ...
13:37 DiffusionOperatorP1: Calculate all local scalar products beween gradients ...
13:37 DiffusionOperatorP1: Determine global dofs ...
13:37 DiffusionOperatorP1: Boundary treatment ...
13:37 DiffusionOperatorP1: Assemble system matrix ...
13:37 L2ProductP1: Integrate the products of the shape functions on each element
13:37 L2ProductP1: Determine global dofs ...
13:37 L2ProductP1: Boundary treatment ...
13:37 L2ProductP1: Assemble system matrix ...
13:37 DiffusionOperatorP1: Calulate gradients of shape functions transformed by reference map ...
13:37 DiffusionOperatorP1: Calculate all local scalar products beween gradients ...
13:37 DiffusionOperatorP1: Determine global dofs ...
13:37 DiffusionOperatorP1: Boundary treatment ...
13:37 DiffusionOperatorP1: Assemble system matrix ...
</system-err></testcase><testcase classname="src.pymortests.algorithms.basic" file="src/pymortests/algorithms/basic.py" line="41" name="test_almost_equal_product[&lt;lambda&gt;24]" time="0.043045997619628906"></testcase><testcase classname="src.pymortests.algorithms.basic" file="src/pymortests/algorithms/basic.py" line="41" name="test_almost_equal_product[&lt;lambda&gt;25]" time="0.043726444244384766"></testcase><testcase classname="src.pymortests.algorithms.basic" file="src/pymortests/algorithms/basic.py" line="41" name="test_almost_equal_product[&lt;lambda&gt;26]" time="0.04281282424926758"></testcase><testcase classname="src.pymortests.algorithms.basic" file="src/pymortests/algorithms/basic.py" line="41" name="test_almost_equal_product[&lt;lambda&gt;27]" time="0.0397036075592041"></testcase><testcase classname="src.pymortests.algorithms.basic" file="src/pymortests/algorithms/basic.py" line="41" name="test_almost_equal_product[&lt;lambda&gt;28]" time="0.03992581367492676"></testcase><testcase classname="src.pymortests.algorithms.basic" file="src/pymortests/algorithms/basic.py" line="41" name="test_almost_equal_product[&lt;lambda&gt;29]" time="0.040244102478027344"></testcase><testcase classname="src.pymortests.algorithms.basic" file="src/pymortests/algorithms/basic.py" line="41" name="test_almost_equal_product[&lt;lambda&gt;30]" time="0.03998398780822754"></testcase><testcase classname="src.pymortests.algorithms.basic" file="src/pymortests/algorithms/basic.py" line="41" name="test_almost_equal_product[&lt;lambda&gt;31]" time="0.04493975639343262"></testcase><testcase classname="src.pymortests.algorithms.basic" file="src/pymortests/algorithms/basic.py" line="41" name="test_almost_equal_product[&lt;lambda&gt;32]" time="0.13234829902648926"></testcase><testcase classname="src.pymortests.algorithms.basic" file="src/pymortests/algorithms/basic.py" line="41" name="test_almost_equal_product[&lt;lambda&gt;33]" time="0.10355019569396973"></testcase><testcase classname="src.pymortests.algorithms.basic" file="src/pymortests/algorithms/basic.py" line="41" name="test_almost_equal_product[&lt;lambda&gt;34]" time="0.043823957443237305"></testcase><testcase classname="src.pymortests.algorithms.basic" file="src/pymortests/algorithms/basic.py" line="41" name="test_almost_equal_product[&lt;lambda&gt;35]" time="0.10655903816223145"></testcase><testcase classname="src.pymortests.algorithms.basic" file="src/pymortests/algorithms/basic.py" line="41" name="test_almost_equal_product[&lt;lambda&gt;36]" time="0.04600071907043457"></testcase><testcase classname="src.pymortests.algorithms.basic" file="src/pymortests/algorithms/basic.py" line="64" name="test_almost_equal_self[0-&lt;lambda&gt;0]" time="0.01734328269958496"></testcase><testcase classname="src.pymortests.algorithms.basic" file="src/pymortests/algorithms/basic.py" line="64" name="test_almost_equal_self[0-&lt;lambda&gt;1]" time="0.02120804786682129"></testcase><testcase classname="src.pymortests.algorithms.basic" file="src/pymortests/algorithms/basic.py" line="64" name="test_almost_equal_self[0-&lt;lambda&gt;2]" time="0.13640332221984863"></testcase><testcase classname="src.pymortests.algorithms.basic" file="src/pymortests/algorithms/basic.py" line="64" name="test_almost_equal_self[0-&lt;lambda&gt;3]" time="0.21594810485839844"></testcase><testcase classname="src.pymortests.algorithms.basic" file="src/pymortests/algorithms/basic.py" line="64" name="test_almost_equal_self[0-&lt;lambda&gt;4]" time="0.03975367546081543"></testcase><testcase classname="src.pymortests.algorithms.basic" file="src/pymortests/algorithms/basic.py" line="64" name="test_almost_equal_self[0-&lt;lambda&gt;5]" time="0.015748977661132812"></testcase><testcase classname="src.pymortests.algorithms.basic" file="src/pymortests/algorithms/basic.py" line="64" name="test_almost_equal_self[0-&lt;lambda&gt;6]" time="0.014826297760009766"></testcase><testcase classname="src.pymortests.algorithms.basic" file="src/pymortests/algorithms/basic.py" line="64" name="test_almost_equal_self[0-&lt;lambda&gt;7]" time="0.23328948020935059"></testcase><testcase classname="src.pymortests.algorithms.basic" file="src/pymortests/algorithms/basic.py" line="64" name="test_almost_equal_self[0-&lt;lambda&gt;8]" time="1.5937740802764893"></testcase><testcase classname="src.pymortests.algorithms.basic" file="src/pymortests/algorithms/basic.py" line="64" name="test_almost_equal_self[0-&lt;lambda&gt;9]" time="0.26658058166503906"></testcase><testcase classname="src.pymortests.algorithms.basic" file="src/pymortests/algorithms/basic.py" line="64" name="test_almost_equal_self[0-&lt;lambda&gt;10]" time="0.03397250175476074"></testcase><testcase classname="src.pymortests.algorithms.basic" file="src/pymortests/algorithms/basic.py" line="64" name="test_almost_equal_self[0-&lt;lambda&gt;11]" time="0.3970780372619629"></testcase><testcase classname="src.pymortests.algorithms.basic" file="src/pymortests/algorithms/basic.py" line="64" name="test_almost_equal_self[0-&lt;lambda&gt;12]" time="0.05952048301696777"></testcase><testcase classname="src.pymortests.algorithms.basic" file="src/pymortests/algorithms/basic.py" line="64" name="test_almost_equal_self[0-&lt;lambda&gt;13]" time="0.22111129760742188"></testcase><testcase classname="src.pymortests.algorithms.basic" file="src/pymortests/algorithms/basic.py" line="64" name="test_almost_equal_self[0-&lt;lambda&gt;14]" time="0.3968534469604492"></testcase><testcase classname="src.pymortests.algorithms.basic" file="src/pymortests/algorithms/basic.py" line="64" name="test_almost_equal_self[0-&lt;lambda&gt;15]" time="0.6600334644317627"></testcase><testcase classname="src.pymortests.algorithms.basic" file="src/pymortests/algorithms/basic.py" line="64" name="test_almost_equal_self[0-&lt;lambda&gt;16]" time="0.7506062984466553"></testcase><testcase classname="src.pymortests.algorithms.basic" file="src/pymortests/algorithms/basic.py" line="64" name="test_almost_equal_self[0-&lt;lambda&gt;17]" time="0.044600486755371094"></testcase><testcase classname="src.pymortests.algorithms.basic" file="src/pymortests/algorithms/basic.py" line="64" name="test_almost_equal_self[0-&lt;lambda&gt;18]" time="0.050099849700927734"></testcase><testcase classname="src.pymortests.algorithms.basic" file="src/pymortests/algorithms/basic.py" line="64" name="test_almost_equal_self[0-&lt;lambda&gt;19]" time="1.4594783782958984"></testcase><testcase classname="src.pymortests.algorithms.basic" file="src/pymortests/algorithms/basic.py" line="64" name="test_almost_equal_self[0-&lt;lambda&gt;20]" time="4.453367710113525"></testcase><testcase classname="src.pymortests.algorithms.basic" file="src/pymortests/algorithms/basic.py" line="64" name="test_almost_equal_self[0-&lt;lambda&gt;21]" time="9.139262676239014"></testcase><testcase classname="src.pymortests.algorithms.basic" file="src/pymortests/algorithms/basic.py" line="64" name="test_almost_equal_self[0-&lt;lambda&gt;22]" time="0.014177083969116211"></testcase><testcase classname="src.pymortests.algorithms.basic" file="src/pymortests/algorithms/basic.py" line="64" name="test_almost_equal_self[0-&lt;lambda&gt;23]" time="0.013939142227172852"></testcase><testcase classname="src.pymortests.algorithms.basic" file="src/pymortests/algorithms/basic.py" line="64" name="test_almost_equal_self[0-&lt;lambda&gt;24]" time="3.472884178161621"></testcase><testcase classname="src.pymortests.algorithms.basic" file="src/pymortests/algorithms/basic.py" line="64" name="test_almost_equal_self[0-&lt;lambda&gt;25]" time="48.6791570186615"></testcase><testcase classname="src.pymortests.algorithms.basic" file="src/pymortests/algorithms/basic.py" line="64" name="test_almost_equal_self[0-&lt;lambda&gt;26]" time="7.00777792930603"></testcase><testcase classname="src.pymortests.algorithms.basic" file="src/pymortests/algorithms/basic.py" line="64" name="test_almost_equal_self[1-&lt;lambda&gt;0]" time="0.016202688217163086"></testcase><testcase classname="src.pymortests.algorithms.basic" file="src/pymortests/algorithms/basic.py" line="64" name="test_almost_equal_self[1-&lt;lambda&gt;1]" time="0.017435312271118164"></testcase><testcase classname="src.pymortests.algorithms.basic" file="src/pymortests/algorithms/basic.py" line="64" name="test_almost_equal_self[1-&lt;lambda&gt;2]" time="0.12847065925598145"></testcase><testcase classname="src.pymortests.algorithms.basic" file="src/pymortests/algorithms/basic.py" line="64" name="test_almost_equal_self[1-&lt;lambda&gt;3]" time="0.2025737762451172"></testcase><testcase classname="src.pymortests.algorithms.basic" file="src/pymortests/algorithms/basic.py" line="64" name="test_almost_equal_self[1-&lt;lambda&gt;4]" time="0.03815126419067383"></testcase><testcase classname="src.pymortests.algorithms.basic" file="src/pymortests/algorithms/basic.py" line="64" name="test_almost_equal_self[1-&lt;lambda&gt;5]" time="0.013983964920043945"></testcase><testcase classname="src.pymortests.algorithms.basic" file="src/pymortests/algorithms/basic.py" line="64" name="test_almost_equal_self[1-&lt;lambda&gt;6]" time="0.014002561569213867"></testcase><testcase classname="src.pymortests.algorithms.basic" file="src/pymortests/algorithms/basic.py" line="64" name="test_almost_equal_self[1-&lt;lambda&gt;7]" time="0.21928858757019043"></testcase><testcase classname="src.pymortests.algorithms.basic" file="src/pymortests/algorithms/basic.py" line="64" name="test_almost_equal_self[1-&lt;lambda&gt;8]" time="1.46817946434021"></testcase><testcase classname="src.pymortests.algorithms.basic" file="src/pymortests/algorithms/basic.py" line="64" name="test_almost_equal_self[1-&lt;lambda&gt;9]" time="0.24525046348571777"></testcase><testcase classname="src.pymortests.algorithms.basic" file="src/pymortests/algorithms/basic.py" line="64" name="test_almost_equal_self[1-&lt;lambda&gt;10]" time="0.03194689750671387"></testcase><testcase classname="src.pymortests.algorithms.basic" file="src/pymortests/algorithms/basic.py" line="64" name="test_almost_equal_self[1-&lt;lambda&gt;11]" time="0.37073731422424316"></testcase><testcase classname="src.pymortests.algorithms.basic" file="src/pymortests/algorithms/basic.py" line="64" name="test_almost_equal_self[1-&lt;lambda&gt;12]" time="0.054730892181396484"></testcase><testcase classname="src.pymortests.algorithms.basic" file="src/pymortests/algorithms/basic.py" line="64" name="test_almost_equal_self[1-&lt;lambda&gt;13]" time="0.20364975929260254"></testcase><testcase classname="src.pymortests.algorithms.basic" file="src/pymortests/algorithms/basic.py" line="64" name="test_almost_equal_self[1-&lt;lambda&gt;14]" time="0.35566186904907227"></testcase><testcase classname="src.pymortests.algorithms.basic" file="src/pymortests/algorithms/basic.py" line="64" name="test_almost_equal_self[1-&lt;lambda&gt;15]" time="0.6050631999969482"></testcase><testcase classname="src.pymortests.algorithms.basic" file="src/pymortests/algorithms/basic.py" line="64" name="test_almost_equal_self[1-&lt;lambda&gt;16]" time="0.6879591941833496"></testcase><testcase classname="src.pymortests.algorithms.basic" file="src/pymortests/algorithms/basic.py" line="64" name="test_almost_equal_self[1-&lt;lambda&gt;17]" time="0.04343271255493164"></testcase><testcase classname="src.pymortests.algorithms.basic" file="src/pymortests/algorithms/basic.py" line="64" name="test_almost_equal_self[1-&lt;lambda&gt;18]" time="0.04033946990966797"></testcase><testcase classname="src.pymortests.algorithms.basic" file="src/pymortests/algorithms/basic.py" line="64" name="test_almost_equal_self[1-&lt;lambda&gt;19]" time="1.3473823070526123"></testcase><testcase classname="src.pymortests.algorithms.basic" file="src/pymortests/algorithms/basic.py" line="64" name="test_almost_equal_self[1-&lt;lambda&gt;20]" time="4.098646640777588"></testcase><testcase classname="src.pymortests.algorithms.basic" file="src/pymortests/algorithms/basic.py" line="64" name="test_almost_equal_self[1-&lt;lambda&gt;21]" time="9.020649194717407"></testcase><testcase classname="src.pymortests.algorithms.basic" file="src/pymortests/algorithms/basic.py" line="64" name="test_almost_equal_self[1-&lt;lambda&gt;22]" time="0.015230894088745117"></testcase><testcase classname="src.pymortests.algorithms.basic" file="src/pymortests/algorithms/basic.py" line="64" name="test_almost_equal_self[1-&lt;lambda&gt;23]" time="0.015494346618652344"></testcase><testcase classname="src.pymortests.algorithms.basic" file="src/pymortests/algorithms/basic.py" line="64" name="test_almost_equal_self[1-&lt;lambda&gt;24]" time="3.462322950363159"></testcase><testcase classname="src.pymortests.algorithms.basic" file="src/pymortests/algorithms/basic.py" line="64" name="test_almost_equal_self[1-&lt;lambda&gt;25]" time="48.52492952346802"></testcase><testcase classname="src.pymortests.algorithms.basic" file="src/pymortests/algorithms/basic.py" line="64" name="test_almost_equal_self[1-&lt;lambda&gt;26]" time="7.042392730712891"></testcase><testcase classname="src.pymortests.algorithms.basic" file="src/pymortests/algorithms/basic.py" line="64" name="test_almost_equal_self[2-&lt;lambda&gt;0]" time="0.015934467315673828"></testcase><testcase classname="src.pymortests.algorithms.basic" file="src/pymortests/algorithms/basic.py" line="64" name="test_almost_equal_self[2-&lt;lambda&gt;1]" time="0.01709294319152832"></testcase><testcase classname="src.pymortests.algorithms.basic" file="src/pymortests/algorithms/basic.py" line="64" name="test_almost_equal_self[2-&lt;lambda&gt;2]" time="0.12816882133483887"></testcase><testcase classname="src.pymortests.algorithms.basic" file="src/pymortests/algorithms/basic.py" line="64" name="test_almost_equal_self[2-&lt;lambda&gt;3]" time="0.19923186302185059"></testcase><testcase classname="src.pymortests.algorithms.basic" file="src/pymortests/algorithms/basic.py" line="64" name="test_almost_equal_self[2-&lt;lambda&gt;4]" time="0.03941941261291504"></testcase><testcase classname="src.pymortests.algorithms.basic" file="src/pymortests/algorithms/basic.py" line="64" name="test_almost_equal_self[2-&lt;lambda&gt;5]" time="0.014023542404174805"></testcase><testcase classname="src.pymortests.algorithms.basic" file="src/pymortests/algorithms/basic.py" line="64" name="test_almost_equal_self[2-&lt;lambda&gt;6]" time="0.014167070388793945"></testcase><testcase classname="src.pymortests.algorithms.basic" file="src/pymortests/algorithms/basic.py" line="64" name="test_almost_equal_self[2-&lt;lambda&gt;7]" time="0.2247607707977295"></testcase><testcase classname="src.pymortests.algorithms.basic" file="src/pymortests/algorithms/basic.py" line="64" name="test_almost_equal_self[2-&lt;lambda&gt;8]" time="1.4664511680603027"></testcase><testcase classname="src.pymortests.algorithms.basic" file="src/pymortests/algorithms/basic.py" line="64" name="test_almost_equal_self[2-&lt;lambda&gt;9]" time="0.24644207954406738"></testcase><testcase classname="src.pymortests.algorithms.basic" file="src/pymortests/algorithms/basic.py" line="64" name="test_almost_equal_self[2-&lt;lambda&gt;10]" time="0.0349421501159668"></testcase><testcase classname="src.pymortests.algorithms.basic" file="src/pymortests/algorithms/basic.py" line="64" name="test_almost_equal_self[2-&lt;lambda&gt;11]" time="0.38013148307800293"></testcase><testcase classname="src.pymortests.algorithms.basic" file="src/pymortests/algorithms/basic.py" line="64" name="test_almost_equal_self[2-&lt;lambda&gt;12]" time="0.054644107818603516"></testcase><testcase classname="src.pymortests.algorithms.basic" file="src/pymortests/algorithms/basic.py" line="64" name="test_almost_equal_self[2-&lt;lambda&gt;13]" time="0.19899463653564453"></testcase><testcase classname="src.pymortests.algorithms.basic" file="src/pymortests/algorithms/basic.py" line="64" name="test_almost_equal_self[2-&lt;lambda&gt;14]" time="0.3594086170196533"></testcase><testcase classname="src.pymortests.algorithms.basic" file="src/pymortests/algorithms/basic.py" line="64" name="test_almost_equal_self[2-&lt;lambda&gt;15]" time="0.6047992706298828"></testcase><testcase classname="src.pymortests.algorithms.basic" file="src/pymortests/algorithms/basic.py" line="64" name="test_almost_equal_self[2-&lt;lambda&gt;16]" time="0.6879677772521973"></testcase><testcase classname="src.pymortests.algorithms.basic" file="src/pymortests/algorithms/basic.py" line="64" name="test_almost_equal_self[2-&lt;lambda&gt;17]" time="0.039792537689208984"></testcase><testcase classname="src.pymortests.algorithms.basic" file="src/pymortests/algorithms/basic.py" line="64" name="test_almost_equal_self[2-&lt;lambda&gt;18]" time="0.04030013084411621"></testcase><testcase classname="src.pymortests.algorithms.basic" file="src/pymortests/algorithms/basic.py" line="64" name="test_almost_equal_self[2-&lt;lambda&gt;19]" time="1.3424077033996582"></testcase><testcase classname="src.pymortests.algorithms.basic" file="src/pymortests/algorithms/basic.py" line="64" name="test_almost_equal_self[2-&lt;lambda&gt;20]" time="4.0884082317352295"></testcase><testcase classname="src.pymortests.algorithms.basic" file="src/pymortests/algorithms/basic.py" line="64" name="test_almost_equal_self[2-&lt;lambda&gt;21]" time="9.109594345092773"></testcase><testcase classname="src.pymortests.algorithms.basic" file="src/pymortests/algorithms/basic.py" line="64" name="test_almost_equal_self[2-&lt;lambda&gt;22]" time="0.015238285064697266"></testcase><testcase classname="src.pymortests.algorithms.basic" file="src/pymortests/algorithms/basic.py" line="64" name="test_almost_equal_self[2-&lt;lambda&gt;23]" time="0.015426158905029297"></testcase><testcase classname="src.pymortests.algorithms.basic" file="src/pymortests/algorithms/basic.py" line="64" name="test_almost_equal_self[2-&lt;lambda&gt;24]" time="3.449594259262085"></testcase><testcase classname="src.pymortests.algorithms.basic" file="src/pymortests/algorithms/basic.py" line="64" name="test_almost_equal_self[2-&lt;lambda&gt;25]" time="49.25368547439575"></testcase><testcase classname="src.pymortests.algorithms.basic" file="src/pymortests/algorithms/basic.py" line="64" name="test_almost_equal_self[2-&lt;lambda&gt;26]" time="7.041351556777954"></testcase><testcase classname="src.pymortests.algorithms.basic" file="src/pymortests/algorithms/basic.py" line="104" name="test_almost_equal_self_product[&lt;lambda&gt;0]" time="0.2574615478515625"><system-err>17:35 DiffusionOperatorP1: Calulate gradients of shape functions transformed by reference map ...
17:35 DiffusionOperatorP1: Calculate all local scalar products beween gradients ...
17:35 DiffusionOperatorP1: Determine global dofs ...
17:35 DiffusionOperatorP1: Boundary treatment ...
17:35 DiffusionOperatorP1: Assemble system matrix ...
17:35 DiffusionOperatorP1: Calulate gradients of shape functions transformed by reference map ...
17:35 DiffusionOperatorP1: Calculate all local scalar products beween gradients ...
17:35 DiffusionOperatorP1: Determine global dofs ...
17:35 DiffusionOperatorP1: Boundary treatment ...
17:35 DiffusionOperatorP1: Assemble system matrix ...
17:35 DiffusionOperatorP1: Calulate gradients of shape functions transformed by reference map ...
17:35 DiffusionOperatorP1: Calculate all local scalar products beween gradients ...
17:35 DiffusionOperatorP1: Determine global dofs ...
17:35 DiffusionOperatorP1: Boundary treatment ...
17:35 DiffusionOperatorP1: Assemble system matrix ...
17:35 DiffusionOperatorP1: Calulate gradients of shape functions transformed by reference map ...
17:35 DiffusionOperatorP1: Calculate all local scalar products beween gradients ...
17:35 DiffusionOperatorP1: Determine global dofs ...
17:35 DiffusionOperatorP1: Boundary treatment ...
17:35 DiffusionOperatorP1: Assemble system matrix ...
17:35 DiffusionOperatorP1: Calulate gradients of shape functions transformed by reference map ...
17:35 DiffusionOperatorP1: Calculate all local scalar products beween gradients ...
17:35 DiffusionOperatorP1: Determine global dofs ...
17:35 DiffusionOperatorP1: Boundary treatment ...
17:35 DiffusionOperatorP1: Assemble system matrix ...
17:35 L2ProductP1: Integrate the products of the shape functions on each element
17:35 L2ProductP1: Determine global dofs ...
17:35 L2ProductP1: Boundary treatment ...
17:35 L2ProductP1: Assemble system matrix ...
17:35 DiffusionOperatorP1: Calulate gradients of shape functions transformed by reference map ...
17:35 DiffusionOperatorP1: Calculate all local scalar products beween gradients ...
17:35 DiffusionOperatorP1: Determine global dofs ...
17:35 DiffusionOperatorP1: Boundary treatment ...
17:35 DiffusionOperatorP1: Assemble system matrix ...
17:35 L2ProductP1: Integrate the products of the shape functions on each element
17:35 L2ProductP1: Determine global dofs ...
17:35 L2ProductP1: Boundary treatment ...
17:35 L2ProductP1: Assemble system matrix ...
17:35 DiffusionOperatorP1: Calulate gradients of shape functions transformed by reference map ...
17:35 DiffusionOperatorP1: Calculate all local scalar products beween gradients ...
17:35 DiffusionOperatorP1: Determine global dofs ...
17:35 DiffusionOperatorP1: Boundary treatment ...
17:35 DiffusionOperatorP1: Assemble system matrix ...
</system-err></testcase><testcase classname="src.pymortests.algorithms.basic" file="src/pymortests/algorithms/basic.py" line="104" name="test_almost_equal_self_product[&lt;lambda&gt;1]" time="0.25872135162353516"><system-err>17:35 DiffusionOperatorP1: Calulate gradients of shape functions transformed by reference map ...
17:35 DiffusionOperatorP1: Calculate all local scalar products beween gradients ...
17:35 DiffusionOperatorP1: Determine global dofs ...
17:35 DiffusionOperatorP1: Boundary treatment ...
17:35 DiffusionOperatorP1: Assemble system matrix ...
17:35 DiffusionOperatorP1: Calulate gradients of shape functions transformed by reference map ...
17:35 DiffusionOperatorP1: Calculate all local scalar products beween gradients ...
17:35 DiffusionOperatorP1: Determine global dofs ...
17:35 DiffusionOperatorP1: Boundary treatment ...
17:35 DiffusionOperatorP1: Assemble system matrix ...
17:35 L2ProductP1: Integrate the products of the shape functions on each element
17:35 L2ProductP1: Determine global dofs ...
17:35 L2ProductP1: Boundary treatment ...
17:35 L2ProductP1: Assemble system matrix ...
17:35 DiffusionOperatorP1: Calulate gradients of shape functions transformed by reference map ...
17:35 DiffusionOperatorP1: Calculate all local scalar products beween gradients ...
17:35 DiffusionOperatorP1: Determine global dofs ...
17:35 DiffusionOperatorP1: Boundary treatment ...
17:35 DiffusionOperatorP1: Assemble system matrix ...
17:35 L2ProductP1: Integrate the products of the shape functions on each element
17:35 L2ProductP1: Determine global dofs ...
17:35 L2ProductP1: Boundary treatment ...
17:35 L2ProductP1: Assemble system matrix ...
17:35 DiffusionOperatorP1: Calulate gradients of shape functions transformed by reference map ...
17:35 DiffusionOperatorP1: Calculate all local scalar products beween gradients ...
17:35 DiffusionOperatorP1: Determine global dofs ...
17:35 DiffusionOperatorP1: Boundary treatment ...
17:35 DiffusionOperatorP1: Assemble system matrix ...
</system-err></testcase><testcase classname="src.pymortests.algorithms.basic" file="src/pymortests/algorithms/basic.py" line="104" name="test_almost_equal_self_product[&lt;lambda&gt;2]" time="0.26113224029541016"><system-err>17:36 DiffusionOperatorP1: Calulate gradients of shape functions transformed by reference map ...
17:36 DiffusionOperatorP1: Calculate all local scalar products beween gradients ...
17:36 DiffusionOperatorP1: Determine global dofs ...
17:36 DiffusionOperatorP1: Boundary treatment ...
17:36 DiffusionOperatorP1: Assemble system matrix ...
17:36 DiffusionOperatorP1: Calulate gradients of shape functions transformed by reference map ...
17:36 DiffusionOperatorP1: Calculate all local scalar products beween gradients ...
17:36 DiffusionOperatorP1: Determine global dofs ...
17:36 DiffusionOperatorP1: Boundary treatment ...
17:36 DiffusionOperatorP1: Assemble system matrix ...
17:36 DiffusionOperatorP1: Calulate gradients of shape functions transformed by reference map ...
17:36 DiffusionOperatorP1: Calculate all local scalar products beween gradients ...
17:36 DiffusionOperatorP1: Determine global dofs ...
17:36 DiffusionOperatorP1: Boundary treatment ...
17:36 DiffusionOperatorP1: Assemble system matrix ...
17:36 DiffusionOperatorP1: Calulate gradients of shape functions transformed by reference map ...
17:36 DiffusionOperatorP1: Calculate all local scalar products beween gradients ...
17:36 DiffusionOperatorP1: Determine global dofs ...
17:36 DiffusionOperatorP1: Boundary treatment ...
17:36 DiffusionOperatorP1: Assemble system matrix ...
17:36 DiffusionOperatorP1: Calulate gradients of shape functions transformed by reference map ...
17:36 DiffusionOperatorP1: Calculate all local scalar products beween gradients ...
17:36 DiffusionOperatorP1: Determine global dofs ...
17:36 DiffusionOperatorP1: Boundary treatment ...
17:36 DiffusionOperatorP1: Assemble system matrix ...
17:36 L2ProductP1: Integrate the products of the shape functions on each element
17:36 L2ProductP1: Determine global dofs ...
17:36 L2ProductP1: Boundary treatment ...
17:36 L2ProductP1: Assemble system matrix ...
17:36 DiffusionOperatorP1: Calulate gradients of shape functions transformed by reference map ...
17:36 DiffusionOperatorP1: Calculate all local scalar products beween gradients ...
17:36 DiffusionOperatorP1: Determine global dofs ...
17:36 DiffusionOperatorP1: Boundary treatment ...
17:36 DiffusionOperatorP1: Assemble system matrix ...
17:36 L2ProductP1: Integrate the products of the shape functions on each element
17:36 L2ProductP1: Determine global dofs ...
17:36 L2ProductP1: Boundary treatment ...
17:36 L2ProductP1: Assemble system matrix ...
17:36 DiffusionOperatorP1: Calulate gradients of shape functions transformed by reference map ...
17:36 DiffusionOperatorP1: Calculate all local scalar products beween gradients ...
17:36 DiffusionOperatorP1: Determine global dofs ...
17:36 DiffusionOperatorP1: Boundary treatment ...
17:36 DiffusionOperatorP1: Assemble system matrix ...
</system-err></testcase><testcase classname="src.pymortests.algorithms.basic" file="src/pymortests/algorithms/basic.py" line="104" name="test_almost_equal_self_product[&lt;lambda&gt;3]" time="0.25987815856933594"><system-err>17:36 DiffusionOperatorP1: Calulate gradients of shape functions transformed by reference map ...
17:36 DiffusionOperatorP1: Calculate all local scalar products beween gradients ...
17:36 DiffusionOperatorP1: Determine global dofs ...
17:36 DiffusionOperatorP1: Boundary treatment ...
17:36 DiffusionOperatorP1: Assemble system matrix ...
17:36 DiffusionOperatorP1: Calulate gradients of shape functions transformed by reference map ...
17:36 DiffusionOperatorP1: Calculate all local scalar products beween gradients ...
17:36 DiffusionOperatorP1: Determine global dofs ...
17:36 DiffusionOperatorP1: Boundary treatment ...
17:36 DiffusionOperatorP1: Assemble system matrix ...
17:36 L2ProductP1: Integrate the products of the shape functions on each element
17:36 L2ProductP1: Determine global dofs ...
17:36 L2ProductP1: Boundary treatment ...
17:36 L2ProductP1: Assemble system matrix ...
17:36 DiffusionOperatorP1: Calulate gradients of shape functions transformed by reference map ...
17:36 DiffusionOperatorP1: Calculate all local scalar products beween gradients ...
17:36 DiffusionOperatorP1: Determine global dofs ...
17:36 DiffusionOperatorP1: Boundary treatment ...
17:36 DiffusionOperatorP1: Assemble system matrix ...
17:36 L2ProductP1: Integrate the products of the shape functions on each element
17:36 L2ProductP1: Determine global dofs ...
17:36 L2ProductP1: Boundary treatment ...
17:36 L2ProductP1: Assemble system matrix ...
17:36 DiffusionOperatorP1: Calulate gradients of shape functions transformed by reference map ...
17:36 DiffusionOperatorP1: Calculate all local scalar products beween gradients ...
17:36 DiffusionOperatorP1: Determine global dofs ...
17:36 DiffusionOperatorP1: Boundary treatment ...
17:36 DiffusionOperatorP1: Assemble system matrix ...
</system-err></testcase><testcase classname="src.pymortests.algorithms.basic" file="src/pymortests/algorithms/basic.py" line="104" name="test_almost_equal_self_product[&lt;lambda&gt;4]" time="0.25985193252563477"><system-err>17:36 DiffusionOperatorP1: Calulate gradients of shape functions transformed by reference map ...
17:36 DiffusionOperatorP1: Calculate all local scalar products beween gradients ...
17:36 DiffusionOperatorP1: Determine global dofs ...
17:36 DiffusionOperatorP1: Boundary treatment ...
17:36 DiffusionOperatorP1: Assemble system matrix ...
17:36 DiffusionOperatorP1: Calulate gradients of shape functions transformed by reference map ...
17:36 DiffusionOperatorP1: Calculate all local scalar products beween gradients ...
17:36 DiffusionOperatorP1: Determine global dofs ...
17:36 DiffusionOperatorP1: Boundary treatment ...
17:36 DiffusionOperatorP1: Assemble system matrix ...
17:36 DiffusionOperatorP1: Calulate gradients of shape functions transformed by reference map ...
17:36 DiffusionOperatorP1: Calculate all local scalar products beween gradients ...
17:36 DiffusionOperatorP1: Determine global dofs ...
17:36 DiffusionOperatorP1: Boundary treatment ...
17:36 DiffusionOperatorP1: Assemble system matrix ...
17:36 DiffusionOperatorP1: Calulate gradients of shape functions transformed by reference map ...
17:36 DiffusionOperatorP1: Calculate all local scalar products beween gradients ...
17:36 DiffusionOperatorP1: Determine global dofs ...
17:36 DiffusionOperatorP1: Boundary treatment ...
17:36 DiffusionOperatorP1: Assemble system matrix ...
17:36 DiffusionOperatorP1: Calulate gradients of shape functions transformed by reference map ...
17:36 DiffusionOperatorP1: Calculate all local scalar products beween gradients ...
17:36 DiffusionOperatorP1: Determine global dofs ...
17:36 DiffusionOperatorP1: Boundary treatment ...
17:36 DiffusionOperatorP1: Assemble system matrix ...
17:36 L2ProductP1: Integrate the products of the shape functions on each element
17:36 L2ProductP1: Determine global dofs ...
17:36 L2ProductP1: Boundary treatment ...
17:36 L2ProductP1: Assemble system matrix ...
17:36 DiffusionOperatorP1: Calulate gradients of shape functions transformed by reference map ...
17:36 DiffusionOperatorP1: Calculate all local scalar products beween gradients ...
17:36 DiffusionOperatorP1: Determine global dofs ...
17:36 DiffusionOperatorP1: Boundary treatment ...
17:36 DiffusionOperatorP1: Assemble system matrix ...
17:36 L2ProductP1: Integrate the products of the shape functions on each element
17:36 L2ProductP1: Determine global dofs ...
17:36 L2ProductP1: Boundary treatment ...
17:36 L2ProductP1: Assemble system matrix ...
17:36 DiffusionOperatorP1: Calulate gradients of shape functions transformed by reference map ...
17:36 DiffusionOperatorP1: Calculate all local scalar products beween gradients ...
17:36 DiffusionOperatorP1: Determine global dofs ...
17:36 DiffusionOperatorP1: Boundary treatment ...
17:36 DiffusionOperatorP1: Assemble system matrix ...
</system-err></testcase><testcase classname="src.pymortests.algorithms.basic" file="src/pymortests/algorithms/basic.py" line="104" name="test_almost_equal_self_product[&lt;lambda&gt;5]" time="0.2589101791381836"><system-err>17:36 DiffusionOperatorP1: Calulate gradients of shape functions transformed by reference map ...
17:36 DiffusionOperatorP1: Calculate all local scalar products beween gradients ...
17:36 DiffusionOperatorP1: Determine global dofs ...
17:36 DiffusionOperatorP1: Boundary treatment ...
17:36 DiffusionOperatorP1: Assemble system matrix ...
17:36 DiffusionOperatorP1: Calulate gradients of shape functions transformed by reference map ...
17:36 DiffusionOperatorP1: Calculate all local scalar products beween gradients ...
17:36 DiffusionOperatorP1: Determine global dofs ...
17:36 DiffusionOperatorP1: Boundary treatment ...
17:36 DiffusionOperatorP1: Assemble system matrix ...
17:36 L2ProductP1: Integrate the products of the shape functions on each element
17:36 L2ProductP1: Determine global dofs ...
17:36 L2ProductP1: Boundary treatment ...
17:36 L2ProductP1: Assemble system matrix ...
17:36 DiffusionOperatorP1: Calulate gradients of shape functions transformed by reference map ...
17:36 DiffusionOperatorP1: Calculate all local scalar products beween gradients ...
17:36 DiffusionOperatorP1: Determine global dofs ...
17:36 DiffusionOperatorP1: Boundary treatment ...
17:36 DiffusionOperatorP1: Assemble system matrix ...
17:36 L2ProductP1: Integrate the products of the shape functions on each element
17:36 L2ProductP1: Determine global dofs ...
17:36 L2ProductP1: Boundary treatment ...
17:36 L2ProductP1: Assemble system matrix ...
17:36 DiffusionOperatorP1: Calulate gradients of shape functions transformed by reference map ...
17:36 DiffusionOperatorP1: Calculate all local scalar products beween gradients ...
17:36 DiffusionOperatorP1: Determine global dofs ...
17:36 DiffusionOperatorP1: Boundary treatment ...
17:36 DiffusionOperatorP1: Assemble system matrix ...
</system-err></testcase><testcase classname="src.pymortests.algorithms.basic" file="src/pymortests/algorithms/basic.py" line="104" name="test_almost_equal_self_product[&lt;lambda&gt;6]" time="0.2572910785675049"><system-err>17:37 DiffusionOperatorP1: Calulate gradients of shape functions transformed by reference map ...
17:37 DiffusionOperatorP1: Calculate all local scalar products beween gradients ...
17:37 DiffusionOperatorP1: Determine global dofs ...
17:37 DiffusionOperatorP1: Boundary treatment ...
17:37 DiffusionOperatorP1: Assemble system matrix ...
17:37 DiffusionOperatorP1: Calulate gradients of shape functions transformed by reference map ...
17:37 DiffusionOperatorP1: Calculate all local scalar products beween gradients ...
17:37 DiffusionOperatorP1: Determine global dofs ...
17:37 DiffusionOperatorP1: Boundary treatment ...
17:37 DiffusionOperatorP1: Assemble system matrix ...
17:37 DiffusionOperatorP1: Calulate gradients of shape functions transformed by reference map ...
17:37 DiffusionOperatorP1: Calculate all local scalar products beween gradients ...
17:37 DiffusionOperatorP1: Determine global dofs ...
17:37 DiffusionOperatorP1: Boundary treatment ...
17:37 DiffusionOperatorP1: Assemble system matrix ...
17:37 DiffusionOperatorP1: Calulate gradients of shape functions transformed by reference map ...
17:37 DiffusionOperatorP1: Calculate all local scalar products beween gradients ...
17:37 DiffusionOperatorP1: Determine global dofs ...
17:37 DiffusionOperatorP1: Boundary treatment ...
17:37 DiffusionOperatorP1: Assemble system matrix ...
17:37 DiffusionOperatorP1: Calulate gradients of shape functions transformed by reference map ...
17:37 DiffusionOperatorP1: Calculate all local scalar products beween gradients ...
17:37 DiffusionOperatorP1: Determine global dofs ...
17:37 DiffusionOperatorP1: Boundary treatment ...
17:37 DiffusionOperatorP1: Assemble system matrix ...
17:37 L2ProductP1: Integrate the products of the shape functions on each element
17:37 L2ProductP1: Determine global dofs ...
17:37 L2ProductP1: Boundary treatment ...
17:37 L2ProductP1: Assemble system matrix ...
17:37 DiffusionOperatorP1: Calulate gradients of shape functions transformed by reference map ...
17:37 DiffusionOperatorP1: Calculate all local scalar products beween gradients ...
17:37 DiffusionOperatorP1: Determine global dofs ...
17:37 DiffusionOperatorP1: Boundary treatment ...
17:37 DiffusionOperatorP1: Assemble system matrix ...
17:37 L2ProductP1: Integrate the products of the shape functions on each element
17:37 L2ProductP1: Determine global dofs ...
17:37 L2ProductP1: Boundary treatment ...
17:37 L2ProductP1: Assemble system matrix ...
17:37 DiffusionOperatorP1: Calulate gradients of shape functions transformed by reference map ...
17:37 DiffusionOperatorP1: Calculate all local scalar products beween gradients ...
17:37 DiffusionOperatorP1: Determine global dofs ...
17:37 DiffusionOperatorP1: Boundary treatment ...
17:37 DiffusionOperatorP1: Assemble system matrix ...
</system-err></testcase><testcase classname="src.pymortests.algorithms.basic" file="src/pymortests/algorithms/basic.py" line="104" name="test_almost_equal_self_product[&lt;lambda&gt;7]" time="0.2601661682128906"><system-err>17:37 DiffusionOperatorP1: Calulate gradients of shape functions transformed by reference map ...
17:37 DiffusionOperatorP1: Calculate all local scalar products beween gradients ...
17:37 DiffusionOperatorP1: Determine global dofs ...
17:37 DiffusionOperatorP1: Boundary treatment ...
17:37 DiffusionOperatorP1: Assemble system matrix ...
17:37 DiffusionOperatorP1: Calulate gradients of shape functions transformed by reference map ...
17:37 DiffusionOperatorP1: Calculate all local scalar products beween gradients ...
17:37 DiffusionOperatorP1: Determine global dofs ...
17:37 DiffusionOperatorP1: Boundary treatment ...
17:37 DiffusionOperatorP1: Assemble system matrix ...
17:37 L2ProductP1: Integrate the products of the shape functions on each element
17:37 L2ProductP1: Determine global dofs ...
17:37 L2ProductP1: Boundary treatment ...
17:37 L2ProductP1: Assemble system matrix ...
17:37 DiffusionOperatorP1: Calulate gradients of shape functions transformed by reference map ...
17:37 DiffusionOperatorP1: Calculate all local scalar products beween gradients ...
17:37 DiffusionOperatorP1: Determine global dofs ...
17:37 DiffusionOperatorP1: Boundary treatment ...
17:37 DiffusionOperatorP1: Assemble system matrix ...
17:37 L2ProductP1: Integrate the products of the shape functions on each element
17:37 L2ProductP1: Determine global dofs ...
17:37 L2ProductP1: Boundary treatment ...
17:37 L2ProductP1: Assemble system matrix ...
17:37 DiffusionOperatorP1: Calulate gradients of shape functions transformed by reference map ...
17:37 DiffusionOperatorP1: Calculate all local scalar products beween gradients ...
17:37 DiffusionOperatorP1: Determine global dofs ...
17:37 DiffusionOperatorP1: Boundary treatment ...
17:37 DiffusionOperatorP1: Assemble system matrix ...
</system-err></testcase><testcase classname="src.pymortests.algorithms.basic" file="src/pymortests/algorithms/basic.py" line="104" name="test_almost_equal_self_product[&lt;lambda&gt;8]" time="0.2625303268432617"><system-err>17:37 DiffusionOperatorP1: Calulate gradients of shape functions transformed by reference map ...
17:37 DiffusionOperatorP1: Calculate all local scalar products beween gradients ...
17:37 DiffusionOperatorP1: Determine global dofs ...
17:37 DiffusionOperatorP1: Boundary treatment ...
17:37 DiffusionOperatorP1: Assemble system matrix ...
17:37 DiffusionOperatorP1: Calulate gradients of shape functions transformed by reference map ...
17:37 DiffusionOperatorP1: Calculate all local scalar products beween gradients ...
17:37 DiffusionOperatorP1: Determine global dofs ...
17:37 DiffusionOperatorP1: Boundary treatment ...
17:37 DiffusionOperatorP1: Assemble system matrix ...
17:37 DiffusionOperatorP1: Calulate gradients of shape functions transformed by reference map ...
17:37 DiffusionOperatorP1: Calculate all local scalar products beween gradients ...
17:37 DiffusionOperatorP1: Determine global dofs ...
17:37 DiffusionOperatorP1: Boundary treatment ...
17:37 DiffusionOperatorP1: Assemble system matrix ...
17:37 DiffusionOperatorP1: Calulate gradients of shape functions transformed by reference map ...
17:37 DiffusionOperatorP1: Calculate all local scalar products beween gradients ...
17:37 DiffusionOperatorP1: Determine global dofs ...
17:37 DiffusionOperatorP1: Boundary treatment ...
17:37 DiffusionOperatorP1: Assemble system matrix ...
17:37 DiffusionOperatorP1: Calulate gradients of shape functions transformed by reference map ...
17:37 DiffusionOperatorP1: Calculate all local scalar products beween gradients ...
17:37 DiffusionOperatorP1: Determine global dofs ...
17:37 DiffusionOperatorP1: Boundary treatment ...
17:37 DiffusionOperatorP1: Assemble system matrix ...
17:37 L2ProductP1: Integrate the products of the shape functions on each element
17:37 L2ProductP1: Determine global dofs ...
17:37 L2ProductP1: Boundary treatment ...
17:37 L2ProductP1: Assemble system matrix ...
17:37 DiffusionOperatorP1: Calulate gradients of shape functions transformed by reference map ...
17:37 DiffusionOperatorP1: Calculate all local scalar products beween gradients ...
17:37 DiffusionOperatorP1: Determine global dofs ...
17:37 DiffusionOperatorP1: Boundary treatment ...
17:37 DiffusionOperatorP1: Assemble system matrix ...
17:37 L2ProductP1: Integrate the products of the shape functions on each element
17:37 L2ProductP1: Determine global dofs ...
17:37 L2ProductP1: Boundary treatment ...
17:37 L2ProductP1: Assemble system matrix ...
17:37 DiffusionOperatorP1: Calulate gradients of shape functions transformed by reference map ...
17:37 DiffusionOperatorP1: Calculate all local scalar products beween gradients ...
17:37 DiffusionOperatorP1: Determine global dofs ...
17:37 DiffusionOperatorP1: Boundary treatment ...
17:37 DiffusionOperatorP1: Assemble system matrix ...
</system-err></testcase><testcase classname="src.pymortests.algorithms.basic" file="src/pymortests/algorithms/basic.py" line="104" name="test_almost_equal_self_product[&lt;lambda&gt;9]" time="0.2618577480316162"><system-err>17:37 DiffusionOperatorP1: Calulate gradients of shape functions transformed by reference map ...
17:37 DiffusionOperatorP1: Calculate all local scalar products beween gradients ...
17:37 DiffusionOperatorP1: Determine global dofs ...
17:37 DiffusionOperatorP1: Boundary treatment ...
17:37 DiffusionOperatorP1: Assemble system matrix ...
17:37 DiffusionOperatorP1: Calulate gradients of shape functions transformed by reference map ...
17:37 DiffusionOperatorP1: Calculate all local scalar products beween gradients ...
17:37 DiffusionOperatorP1: Determine global dofs ...
17:37 DiffusionOperatorP1: Boundary treatment ...
17:37 DiffusionOperatorP1: Assemble system matrix ...
17:37 L2ProductP1: Integrate the products of the shape functions on each element
17:37 L2ProductP1: Determine global dofs ...
17:37 L2ProductP1: Boundary treatment ...
17:37 L2ProductP1: Assemble system matrix ...
17:37 DiffusionOperatorP1: Calulate gradients of shape functions transformed by reference map ...
17:37 DiffusionOperatorP1: Calculate all local scalar products beween gradients ...
17:37 DiffusionOperatorP1: Determine global dofs ...
17:37 DiffusionOperatorP1: Boundary treatment ...
17:37 DiffusionOperatorP1: Assemble system matrix ...
17:37 L2ProductP1: Integrate the products of the shape functions on each element
17:37 L2ProductP1: Determine global dofs ...
17:37 L2ProductP1: Boundary treatment ...
17:37 L2ProductP1: Assemble system matrix ...
17:37 DiffusionOperatorP1: Calulate gradients of shape functions transformed by reference map ...
17:37 DiffusionOperatorP1: Calculate all local scalar products beween gradients ...
17:37 DiffusionOperatorP1: Determine global dofs ...
17:37 DiffusionOperatorP1: Boundary treatment ...
17:37 DiffusionOperatorP1: Assemble system matrix ...
</system-err></testcase><testcase classname="src.pymortests.algorithms.basic" file="src/pymortests/algorithms/basic.py" line="104" name="test_almost_equal_self_product[&lt;lambda&gt;10]" time="0.2596108913421631"><system-err>17:38 DiffusionOperatorP1: Calulate gradients of shape functions transformed by reference map ...
17:38 DiffusionOperatorP1: Calculate all local scalar products beween gradients ...
17:38 DiffusionOperatorP1: Determine global dofs ...
17:38 DiffusionOperatorP1: Boundary treatment ...
17:38 DiffusionOperatorP1: Assemble system matrix ...
17:38 DiffusionOperatorP1: Calulate gradients of shape functions transformed by reference map ...
17:38 DiffusionOperatorP1: Calculate all local scalar products beween gradients ...
17:38 DiffusionOperatorP1: Determine global dofs ...
17:38 DiffusionOperatorP1: Boundary treatment ...
17:38 DiffusionOperatorP1: Assemble system matrix ...
17:38 DiffusionOperatorP1: Calulate gradients of shape functions transformed by reference map ...
17:38 DiffusionOperatorP1: Calculate all local scalar products beween gradients ...
17:38 DiffusionOperatorP1: Determine global dofs ...
17:38 DiffusionOperatorP1: Boundary treatment ...
17:38 DiffusionOperatorP1: Assemble system matrix ...
17:38 DiffusionOperatorP1: Calulate gradients of shape functions transformed by reference map ...
17:38 DiffusionOperatorP1: Calculate all local scalar products beween gradients ...
17:38 DiffusionOperatorP1: Determine global dofs ...
17:38 DiffusionOperatorP1: Boundary treatment ...
17:38 DiffusionOperatorP1: Assemble system matrix ...
17:38 DiffusionOperatorP1: Calulate gradients of shape functions transformed by reference map ...
17:38 DiffusionOperatorP1: Calculate all local scalar products beween gradients ...
17:38 DiffusionOperatorP1: Determine global dofs ...
17:38 DiffusionOperatorP1: Boundary treatment ...
17:38 DiffusionOperatorP1: Assemble system matrix ...
17:38 L2ProductP1: Integrate the products of the shape functions on each element
17:38 L2ProductP1: Determine global dofs ...
17:38 L2ProductP1: Boundary treatment ...
17:38 L2ProductP1: Assemble system matrix ...
17:38 DiffusionOperatorP1: Calulate gradients of shape functions transformed by reference map ...
17:38 DiffusionOperatorP1: Calculate all local scalar products beween gradients ...
17:38 DiffusionOperatorP1: Determine global dofs ...
17:38 DiffusionOperatorP1: Boundary treatment ...
17:38 DiffusionOperatorP1: Assemble system matrix ...
17:38 L2ProductP1: Integrate the products of the shape functions on each element
17:38 L2ProductP1: Determine global dofs ...
17:38 L2ProductP1: Boundary treatment ...
17:38 L2ProductP1: Assemble system matrix ...
17:38 DiffusionOperatorP1: Calulate gradients of shape functions transformed by reference map ...
17:38 DiffusionOperatorP1: Calculate all local scalar products beween gradients ...
17:38 DiffusionOperatorP1: Determine global dofs ...
17:38 DiffusionOperatorP1: Boundary treatment ...
17:38 DiffusionOperatorP1: Assemble system matrix ...
</system-err></testcase><testcase classname="src.pymortests.algorithms.basic" file="src/pymortests/algorithms/basic.py" line="104" name="test_almost_equal_self_product[&lt;lambda&gt;11]" time="0.26241636276245117"><system-err>17:38 DiffusionOperatorP1: Calulate gradients of shape functions transformed by reference map ...
17:38 DiffusionOperatorP1: Calculate all local scalar products beween gradients ...
17:38 DiffusionOperatorP1: Determine global dofs ...
17:38 DiffusionOperatorP1: Boundary treatment ...
17:38 DiffusionOperatorP1: Assemble system matrix ...
17:38 DiffusionOperatorP1: Calulate gradients of shape functions transformed by reference map ...
17:38 DiffusionOperatorP1: Calculate all local scalar products beween gradients ...
17:38 DiffusionOperatorP1: Determine global dofs ...
17:38 DiffusionOperatorP1: Boundary treatment ...
17:38 DiffusionOperatorP1: Assemble system matrix ...
17:38 L2ProductP1: Integrate the products of the shape functions on each element
17:38 L2ProductP1: Determine global dofs ...
17:38 L2ProductP1: Boundary treatment ...
17:38 L2ProductP1: Assemble system matrix ...
17:38 DiffusionOperatorP1: Calulate gradients of shape functions transformed by reference map ...
17:38 DiffusionOperatorP1: Calculate all local scalar products beween gradients ...
17:38 DiffusionOperatorP1: Determine global dofs ...
17:38 DiffusionOperatorP1: Boundary treatment ...
17:38 DiffusionOperatorP1: Assemble system matrix ...
17:38 L2ProductP1: Integrate the products of the shape functions on each element
17:38 L2ProductP1: Determine global dofs ...
17:38 L2ProductP1: Boundary treatment ...
17:38 L2ProductP1: Assemble system matrix ...
17:38 DiffusionOperatorP1: Calulate gradients of shape functions transformed by reference map ...
17:38 DiffusionOperatorP1: Calculate all local scalar products beween gradients ...
17:38 DiffusionOperatorP1: Determine global dofs ...
17:38 DiffusionOperatorP1: Boundary treatment ...
17:38 DiffusionOperatorP1: Assemble system matrix ...
</system-err></testcase><testcase classname="src.pymortests.algorithms.basic" file="src/pymortests/algorithms/basic.py" line="104" name="test_almost_equal_self_product[&lt;lambda&gt;12]" time="0.25032567977905273"><system-err>17:38 DiffusionOperatorP1: Calulate gradients of shape functions transformed by reference map ...
17:38 DiffusionOperatorP1: Calculate all local scalar products beween gradients ...
17:38 DiffusionOperatorP1: Determine global dofs ...
17:38 DiffusionOperatorP1: Boundary treatment ...
17:38 DiffusionOperatorP1: Assemble system matrix ...
17:38 DiffusionOperatorP1: Calulate gradients of shape functions transformed by reference map ...
17:38 DiffusionOperatorP1: Calculate all local scalar products beween gradients ...
17:38 DiffusionOperatorP1: Determine global dofs ...
17:38 DiffusionOperatorP1: Boundary treatment ...
17:38 DiffusionOperatorP1: Assemble system matrix ...
17:38 DiffusionOperatorP1: Calulate gradients of shape functions transformed by reference map ...
17:38 DiffusionOperatorP1: Calculate all local scalar products beween gradients ...
17:38 DiffusionOperatorP1: Determine global dofs ...
17:38 DiffusionOperatorP1: Boundary treatment ...
17:38 DiffusionOperatorP1: Assemble system matrix ...
17:38 DiffusionOperatorP1: Calulate gradients of shape functions transformed by reference map ...
17:38 DiffusionOperatorP1: Calculate all local scalar products beween gradients ...
17:38 DiffusionOperatorP1: Determine global dofs ...
17:38 DiffusionOperatorP1: Boundary treatment ...
17:38 DiffusionOperatorP1: Assemble system matrix ...
17:38 DiffusionOperatorP1: Calulate gradients of shape functions transformed by reference map ...
17:38 DiffusionOperatorP1: Calculate all local scalar products beween gradients ...
17:38 DiffusionOperatorP1: Determine global dofs ...
17:38 DiffusionOperatorP1: Boundary treatment ...
17:38 DiffusionOperatorP1: Assemble system matrix ...
17:38 L2ProductP1: Integrate the products of the shape functions on each element
17:38 L2ProductP1: Determine global dofs ...
17:38 L2ProductP1: Boundary treatment ...
17:38 L2ProductP1: Assemble system matrix ...
17:38 DiffusionOperatorP1: Calulate gradients of shape functions transformed by reference map ...
17:38 DiffusionOperatorP1: Calculate all local scalar products beween gradients ...
17:38 DiffusionOperatorP1: Determine global dofs ...
17:38 DiffusionOperatorP1: Boundary treatment ...
17:38 DiffusionOperatorP1: Assemble system matrix ...
17:38 L2ProductP1: Integrate the products of the shape functions on each element
17:38 L2ProductP1: Determine global dofs ...
17:38 L2ProductP1: Boundary treatment ...
17:38 L2ProductP1: Assemble system matrix ...
17:38 DiffusionOperatorP1: Calulate gradients of shape functions transformed by reference map ...
17:38 DiffusionOperatorP1: Calculate all local scalar products beween gradients ...
17:38 DiffusionOperatorP1: Determine global dofs ...
17:38 DiffusionOperatorP1: Boundary treatment ...
17:38 DiffusionOperatorP1: Assemble system matrix ...
</system-err></testcase><testcase classname="src.pymortests.algorithms.basic" file="src/pymortests/algorithms/basic.py" line="104" name="test_almost_equal_self_product[&lt;lambda&gt;13]" time="0.23901963233947754"><system-err>17:38 DiffusionOperatorP1: Calulate gradients of shape functions transformed by reference map ...
17:38 DiffusionOperatorP1: Calculate all local scalar products beween gradients ...
17:38 DiffusionOperatorP1: Determine global dofs ...
17:38 DiffusionOperatorP1: Boundary treatment ...
17:38 DiffusionOperatorP1: Assemble system matrix ...
17:38 DiffusionOperatorP1: Calulate gradients of shape functions transformed by reference map ...
17:38 DiffusionOperatorP1: Calculate all local scalar products beween gradients ...
17:38 DiffusionOperatorP1: Determine global dofs ...
17:38 DiffusionOperatorP1: Boundary treatment ...
17:38 DiffusionOperatorP1: Assemble system matrix ...
17:38 L2ProductP1: Integrate the products of the shape functions on each element
17:38 L2ProductP1: Determine global dofs ...
17:38 L2ProductP1: Boundary treatment ...
17:38 L2ProductP1: Assemble system matrix ...
17:38 DiffusionOperatorP1: Calulate gradients of shape functions transformed by reference map ...
17:38 DiffusionOperatorP1: Calculate all local scalar products beween gradients ...
17:38 DiffusionOperatorP1: Determine global dofs ...
17:38 DiffusionOperatorP1: Boundary treatment ...
17:38 DiffusionOperatorP1: Assemble system matrix ...
17:38 L2ProductP1: Integrate the products of the shape functions on each element
17:38 L2ProductP1: Determine global dofs ...
17:38 L2ProductP1: Boundary treatment ...
17:38 L2ProductP1: Assemble system matrix ...
17:38 DiffusionOperatorP1: Calulate gradients of shape functions transformed by reference map ...
17:38 DiffusionOperatorP1: Calculate all local scalar products beween gradients ...
17:38 DiffusionOperatorP1: Determine global dofs ...
17:38 DiffusionOperatorP1: Boundary treatment ...
17:38 DiffusionOperatorP1: Assemble system matrix ...
</system-err></testcase><testcase classname="src.pymortests.algorithms.basic" file="src/pymortests/algorithms/basic.py" line="104" name="test_almost_equal_self_product[&lt;lambda&gt;14]" time="0.25676798820495605"><system-err>17:39 DiffusionOperatorP1: Calulate gradients of shape functions transformed by reference map ...
17:39 DiffusionOperatorP1: Calculate all local scalar products beween gradients ...
17:39 DiffusionOperatorP1: Determine global dofs ...
17:39 DiffusionOperatorP1: Boundary treatment ...
17:39 DiffusionOperatorP1: Assemble system matrix ...
17:39 DiffusionOperatorP1: Calulate gradients of shape functions transformed by reference map ...
17:39 DiffusionOperatorP1: Calculate all local scalar products beween gradients ...
17:39 DiffusionOperatorP1: Determine global dofs ...
17:39 DiffusionOperatorP1: Boundary treatment ...
17:39 DiffusionOperatorP1: Assemble system matrix ...
17:39 DiffusionOperatorP1: Calulate gradients of shape functions transformed by reference map ...
17:39 DiffusionOperatorP1: Calculate all local scalar products beween gradients ...
17:39 DiffusionOperatorP1: Determine global dofs ...
17:39 DiffusionOperatorP1: Boundary treatment ...
17:39 DiffusionOperatorP1: Assemble system matrix ...
17:39 DiffusionOperatorP1: Calulate gradients of shape functions transformed by reference map ...
17:39 DiffusionOperatorP1: Calculate all local scalar products beween gradients ...
17:39 DiffusionOperatorP1: Determine global dofs ...
17:39 DiffusionOperatorP1: Boundary treatment ...
17:39 DiffusionOperatorP1: Assemble system matrix ...
17:39 DiffusionOperatorP1: Calulate gradients of shape functions transformed by reference map ...
17:39 DiffusionOperatorP1: Calculate all local scalar products beween gradients ...
17:39 DiffusionOperatorP1: Determine global dofs ...
17:39 DiffusionOperatorP1: Boundary treatment ...
17:39 DiffusionOperatorP1: Assemble system matrix ...
17:39 L2ProductP1: Integrate the products of the shape functions on each element
17:39 L2ProductP1: Determine global dofs ...
17:39 L2ProductP1: Boundary treatment ...
17:39 L2ProductP1: Assemble system matrix ...
17:39 DiffusionOperatorP1: Calulate gradients of shape functions transformed by reference map ...
17:39 DiffusionOperatorP1: Calculate all local scalar products beween gradients ...
17:39 DiffusionOperatorP1: Determine global dofs ...
17:39 DiffusionOperatorP1: Boundary treatment ...
17:39 DiffusionOperatorP1: Assemble system matrix ...
17:39 L2ProductP1: Integrate the products of the shape functions on each element
17:39 L2ProductP1: Determine global dofs ...
17:39 L2ProductP1: Boundary treatment ...
17:39 L2ProductP1: Assemble system matrix ...
17:39 DiffusionOperatorP1: Calulate gradients of shape functions transformed by reference map ...
17:39 DiffusionOperatorP1: Calculate all local scalar products beween gradients ...
17:39 DiffusionOperatorP1: Determine global dofs ...
17:39 DiffusionOperatorP1: Boundary treatment ...
17:39 DiffusionOperatorP1: Assemble system matrix ...
</system-err></testcase><testcase classname="src.pymortests.algorithms.basic" file="src/pymortests/algorithms/basic.py" line="104" name="test_almost_equal_self_product[&lt;lambda&gt;15]" time="0.2627377510070801"><system-err>17:39 DiffusionOperatorP1: Calulate gradients of shape functions transformed by reference map ...
17:39 DiffusionOperatorP1: Calculate all local scalar products beween gradients ...
17:39 DiffusionOperatorP1: Determine global dofs ...
17:39 DiffusionOperatorP1: Boundary treatment ...
17:39 DiffusionOperatorP1: Assemble system matrix ...
17:39 DiffusionOperatorP1: Calulate gradients of shape functions transformed by reference map ...
17:39 DiffusionOperatorP1: Calculate all local scalar products beween gradients ...
17:39 DiffusionOperatorP1: Determine global dofs ...
17:39 DiffusionOperatorP1: Boundary treatment ...
17:39 DiffusionOperatorP1: Assemble system matrix ...
17:39 L2ProductP1: Integrate the products of the shape functions on each element
17:39 L2ProductP1: Determine global dofs ...
17:39 L2ProductP1: Boundary treatment ...
17:39 L2ProductP1: Assemble system matrix ...
17:39 DiffusionOperatorP1: Calulate gradients of shape functions transformed by reference map ...
17:39 DiffusionOperatorP1: Calculate all local scalar products beween gradients ...
17:39 DiffusionOperatorP1: Determine global dofs ...
17:39 DiffusionOperatorP1: Boundary treatment ...
17:39 DiffusionOperatorP1: Assemble system matrix ...
17:39 L2ProductP1: Integrate the products of the shape functions on each element
17:39 L2ProductP1: Determine global dofs ...
17:39 L2ProductP1: Boundary treatment ...
17:39 L2ProductP1: Assemble system matrix ...
17:39 DiffusionOperatorP1: Calulate gradients of shape functions transformed by reference map ...
17:39 DiffusionOperatorP1: Calculate all local scalar products beween gradients ...
17:39 DiffusionOperatorP1: Determine global dofs ...
17:39 DiffusionOperatorP1: Boundary treatment ...
17:39 DiffusionOperatorP1: Assemble system matrix ...
</system-err></testcase><testcase classname="src.pymortests.algorithms.basic" file="src/pymortests/algorithms/basic.py" line="104" name="test_almost_equal_self_product[&lt;lambda&gt;16]" time="0.22238969802856445"><system-err>17:39 DiffusionOperatorP1: Calulate gradients of shape functions transformed by reference map ...
17:39 DiffusionOperatorP1: Calculate all local scalar products beween gradients ...
17:39 DiffusionOperatorP1: Determine global dofs ...
17:39 DiffusionOperatorP1: Boundary treatment ...
17:39 DiffusionOperatorP1: Assemble system matrix ...
17:39 DiffusionOperatorP1: Calulate gradients of shape functions transformed by reference map ...
17:39 DiffusionOperatorP1: Calculate all local scalar products beween gradients ...
17:39 DiffusionOperatorP1: Determine global dofs ...
17:39 DiffusionOperatorP1: Boundary treatment ...
17:39 DiffusionOperatorP1: Assemble system matrix ...
17:39 DiffusionOperatorP1: Calulate gradients of shape functions transformed by reference map ...
17:39 DiffusionOperatorP1: Calculate all local scalar products beween gradients ...
17:39 DiffusionOperatorP1: Determine global dofs ...
17:39 DiffusionOperatorP1: Boundary treatment ...
17:39 DiffusionOperatorP1: Assemble system matrix ...
17:39 DiffusionOperatorP1: Calulate gradients of shape functions transformed by reference map ...
17:39 DiffusionOperatorP1: Calculate all local scalar products beween gradients ...
17:39 DiffusionOperatorP1: Determine global dofs ...
17:39 DiffusionOperatorP1: Boundary treatment ...
17:39 DiffusionOperatorP1: Assemble system matrix ...
17:39 DiffusionOperatorP1: Calulate gradients of shape functions transformed by reference map ...
17:39 DiffusionOperatorP1: Calculate all local scalar products beween gradients ...
17:39 DiffusionOperatorP1: Determine global dofs ...
17:39 DiffusionOperatorP1: Boundary treatment ...
17:39 DiffusionOperatorP1: Assemble system matrix ...
17:39 L2ProductP1: Integrate the products of the shape functions on each element
17:39 L2ProductP1: Determine global dofs ...
17:39 L2ProductP1: Boundary treatment ...
17:39 L2ProductP1: Assemble system matrix ...
17:39 DiffusionOperatorP1: Calulate gradients of shape functions transformed by reference map ...
17:39 DiffusionOperatorP1: Calculate all local scalar products beween gradients ...
17:39 DiffusionOperatorP1: Determine global dofs ...
17:39 DiffusionOperatorP1: Boundary treatment ...
17:39 DiffusionOperatorP1: Assemble system matrix ...
17:39 L2ProductP1: Integrate the products of the shape functions on each element
17:39 L2ProductP1: Determine global dofs ...
17:39 L2ProductP1: Boundary treatment ...
17:39 L2ProductP1: Assemble system matrix ...
17:39 DiffusionOperatorP1: Calulate gradients of shape functions transformed by reference map ...
17:39 DiffusionOperatorP1: Calculate all local scalar products beween gradients ...
17:39 DiffusionOperatorP1: Determine global dofs ...
17:39 DiffusionOperatorP1: Boundary treatment ...
17:39 DiffusionOperatorP1: Assemble system matrix ...
</system-err></testcase><testcase classname="src.pymortests.algorithms.basic" file="src/pymortests/algorithms/basic.py" line="104" name="test_almost_equal_self_product[&lt;lambda&gt;17]" time="0.2230076789855957"><system-err>17:39 DiffusionOperatorP1: Calulate gradients of shape functions transformed by reference map ...
17:39 DiffusionOperatorP1: Calculate all local scalar products beween gradients ...
17:39 DiffusionOperatorP1: Determine global dofs ...
17:39 DiffusionOperatorP1: Boundary treatment ...
17:39 DiffusionOperatorP1: Assemble system matrix ...
17:39 DiffusionOperatorP1: Calulate gradients of shape functions transformed by reference map ...
17:39 DiffusionOperatorP1: Calculate all local scalar products beween gradients ...
17:39 DiffusionOperatorP1: Determine global dofs ...
17:39 DiffusionOperatorP1: Boundary treatment ...
17:39 DiffusionOperatorP1: Assemble system matrix ...
17:39 L2ProductP1: Integrate the products of the shape functions on each element
17:39 L2ProductP1: Determine global dofs ...
17:39 L2ProductP1: Boundary treatment ...
17:39 L2ProductP1: Assemble system matrix ...
17:39 DiffusionOperatorP1: Calulate gradients of shape functions transformed by reference map ...
17:39 DiffusionOperatorP1: Calculate all local scalar products beween gradients ...
17:39 DiffusionOperatorP1: Determine global dofs ...
17:39 DiffusionOperatorP1: Boundary treatment ...
17:39 DiffusionOperatorP1: Assemble system matrix ...
17:39 L2ProductP1: Integrate the products of the shape functions on each element
17:39 L2ProductP1: Determine global dofs ...
17:39 L2ProductP1: Boundary treatment ...
17:39 L2ProductP1: Assemble system matrix ...
17:39 DiffusionOperatorP1: Calulate gradients of shape functions transformed by reference map ...
17:39 DiffusionOperatorP1: Calculate all local scalar products beween gradients ...
17:39 DiffusionOperatorP1: Determine global dofs ...
17:39 DiffusionOperatorP1: Boundary treatment ...
17:39 DiffusionOperatorP1: Assemble system matrix ...
</system-err></testcase><testcase classname="src.pymortests.algorithms.basic" file="src/pymortests/algorithms/basic.py" line="104" name="test_almost_equal_self_product[&lt;lambda&gt;18]" time="0.2568659782409668"><system-err>17:40 DiffusionOperatorP1: Calulate gradients of shape functions transformed by reference map ...
17:40 DiffusionOperatorP1: Calculate all local scalar products beween gradients ...
17:40 DiffusionOperatorP1: Determine global dofs ...
17:40 DiffusionOperatorP1: Boundary treatment ...
17:40 DiffusionOperatorP1: Assemble system matrix ...
17:40 DiffusionOperatorP1: Calulate gradients of shape functions transformed by reference map ...
17:40 DiffusionOperatorP1: Calculate all local scalar products beween gradients ...
17:40 DiffusionOperatorP1: Determine global dofs ...
17:40 DiffusionOperatorP1: Boundary treatment ...
17:40 DiffusionOperatorP1: Assemble system matrix ...
17:40 DiffusionOperatorP1: Calulate gradients of shape functions transformed by reference map ...
17:40 DiffusionOperatorP1: Calculate all local scalar products beween gradients ...
17:40 DiffusionOperatorP1: Determine global dofs ...
17:40 DiffusionOperatorP1: Boundary treatment ...
17:40 DiffusionOperatorP1: Assemble system matrix ...
17:40 DiffusionOperatorP1: Calulate gradients of shape functions transformed by reference map ...
17:40 DiffusionOperatorP1: Calculate all local scalar products beween gradients ...
17:40 DiffusionOperatorP1: Determine global dofs ...
17:40 DiffusionOperatorP1: Boundary treatment ...
17:40 DiffusionOperatorP1: Assemble system matrix ...
17:40 DiffusionOperatorP1: Calulate gradients of shape functions transformed by reference map ...
17:40 DiffusionOperatorP1: Calculate all local scalar products beween gradients ...
17:40 DiffusionOperatorP1: Determine global dofs ...
17:40 DiffusionOperatorP1: Boundary treatment ...
17:40 DiffusionOperatorP1: Assemble system matrix ...
17:40 L2ProductP1: Integrate the products of the shape functions on each element
17:40 L2ProductP1: Determine global dofs ...
17:40 L2ProductP1: Boundary treatment ...
17:40 L2ProductP1: Assemble system matrix ...
17:40 DiffusionOperatorP1: Calulate gradients of shape functions transformed by reference map ...
17:40 DiffusionOperatorP1: Calculate all local scalar products beween gradients ...
17:40 DiffusionOperatorP1: Determine global dofs ...
17:40 DiffusionOperatorP1: Boundary treatment ...
17:40 DiffusionOperatorP1: Assemble system matrix ...
17:40 L2ProductP1: Integrate the products of the shape functions on each element
17:40 L2ProductP1: Determine global dofs ...
17:40 L2ProductP1: Boundary treatment ...
17:40 L2ProductP1: Assemble system matrix ...
17:40 DiffusionOperatorP1: Calulate gradients of shape functions transformed by reference map ...
17:40 DiffusionOperatorP1: Calculate all local scalar products beween gradients ...
17:40 DiffusionOperatorP1: Determine global dofs ...
17:40 DiffusionOperatorP1: Boundary treatment ...
17:40 DiffusionOperatorP1: Assemble system matrix ...
</system-err></testcase><testcase classname="src.pymortests.algorithms.basic" file="src/pymortests/algorithms/basic.py" line="104" name="test_almost_equal_self_product[&lt;lambda&gt;19]" time="0.2596855163574219"><system-err>17:40 DiffusionOperatorP1: Calulate gradients of shape functions transformed by reference map ...
17:40 DiffusionOperatorP1: Calculate all local scalar products beween gradients ...
17:40 DiffusionOperatorP1: Determine global dofs ...
17:40 DiffusionOperatorP1: Boundary treatment ...
17:40 DiffusionOperatorP1: Assemble system matrix ...
17:40 DiffusionOperatorP1: Calulate gradients of shape functions transformed by reference map ...
17:40 DiffusionOperatorP1: Calculate all local scalar products beween gradients ...
17:40 DiffusionOperatorP1: Determine global dofs ...
17:40 DiffusionOperatorP1: Boundary treatment ...
17:40 DiffusionOperatorP1: Assemble system matrix ...
17:40 L2ProductP1: Integrate the products of the shape functions on each element
17:40 L2ProductP1: Determine global dofs ...
17:40 L2ProductP1: Boundary treatment ...
17:40 L2ProductP1: Assemble system matrix ...
17:40 DiffusionOperatorP1: Calulate gradients of shape functions transformed by reference map ...
17:40 DiffusionOperatorP1: Calculate all local scalar products beween gradients ...
17:40 DiffusionOperatorP1: Determine global dofs ...
17:40 DiffusionOperatorP1: Boundary treatment ...
17:40 DiffusionOperatorP1: Assemble system matrix ...
17:40 L2ProductP1: Integrate the products of the shape functions on each element
17:40 L2ProductP1: Determine global dofs ...
17:40 L2ProductP1: Boundary treatment ...
17:40 L2ProductP1: Assemble system matrix ...
17:40 DiffusionOperatorP1: Calulate gradients of shape functions transformed by reference map ...
17:40 DiffusionOperatorP1: Calculate all local scalar products beween gradients ...
17:40 DiffusionOperatorP1: Determine global dofs ...
17:40 DiffusionOperatorP1: Boundary treatment ...
17:40 DiffusionOperatorP1: Assemble system matrix ...
</system-err></testcase><testcase classname="src.pymortests.algorithms.basic" file="src/pymortests/algorithms/basic.py" line="104" name="test_almost_equal_self_product[&lt;lambda&gt;20]" time="0.2616088390350342"><system-err>17:40 DiffusionOperatorP1: Calulate gradients of shape functions transformed by reference map ...
17:40 DiffusionOperatorP1: Calculate all local scalar products beween gradients ...
17:40 DiffusionOperatorP1: Determine global dofs ...
17:40 DiffusionOperatorP1: Boundary treatment ...
17:40 DiffusionOperatorP1: Assemble system matrix ...
17:40 DiffusionOperatorP1: Calulate gradients of shape functions transformed by reference map ...
17:40 DiffusionOperatorP1: Calculate all local scalar products beween gradients ...
17:40 DiffusionOperatorP1: Determine global dofs ...
17:40 DiffusionOperatorP1: Boundary treatment ...
17:40 DiffusionOperatorP1: Assemble system matrix ...
17:40 DiffusionOperatorP1: Calulate gradients of shape functions transformed by reference map ...
17:40 DiffusionOperatorP1: Calculate all local scalar products beween gradients ...
17:40 DiffusionOperatorP1: Determine global dofs ...
17:40 DiffusionOperatorP1: Boundary treatment ...
17:40 DiffusionOperatorP1: Assemble system matrix ...
17:40 DiffusionOperatorP1: Calulate gradients of shape functions transformed by reference map ...
17:40 DiffusionOperatorP1: Calculate all local scalar products beween gradients ...
17:40 DiffusionOperatorP1: Determine global dofs ...
17:40 DiffusionOperatorP1: Boundary treatment ...
17:40 DiffusionOperatorP1: Assemble system matrix ...
17:40 DiffusionOperatorP1: Calulate gradients of shape functions transformed by reference map ...
17:40 DiffusionOperatorP1: Calculate all local scalar products beween gradients ...
17:40 DiffusionOperatorP1: Determine global dofs ...
17:40 DiffusionOperatorP1: Boundary treatment ...
17:40 DiffusionOperatorP1: Assemble system matrix ...
17:40 L2ProductP1: Integrate the products of the shape functions on each element
17:40 L2ProductP1: Determine global dofs ...
17:40 L2ProductP1: Boundary treatment ...
17:40 L2ProductP1: Assemble system matrix ...
17:40 DiffusionOperatorP1: Calulate gradients of shape functions transformed by reference map ...
17:40 DiffusionOperatorP1: Calculate all local scalar products beween gradients ...
17:40 DiffusionOperatorP1: Determine global dofs ...
17:40 DiffusionOperatorP1: Boundary treatment ...
17:40 DiffusionOperatorP1: Assemble system matrix ...
17:40 L2ProductP1: Integrate the products of the shape functions on each element
17:40 L2ProductP1: Determine global dofs ...
17:40 L2ProductP1: Boundary treatment ...
17:40 L2ProductP1: Assemble system matrix ...
17:40 DiffusionOperatorP1: Calulate gradients of shape functions transformed by reference map ...
17:40 DiffusionOperatorP1: Calculate all local scalar products beween gradients ...
17:40 DiffusionOperatorP1: Determine global dofs ...
17:40 DiffusionOperatorP1: Boundary treatment ...
17:40 DiffusionOperatorP1: Assemble system matrix ...
</system-err></testcase><testcase classname="src.pymortests.algorithms.basic" file="src/pymortests/algorithms/basic.py" line="104" name="test_almost_equal_self_product[&lt;lambda&gt;21]" time="0.2637672424316406"><system-err>17:40 DiffusionOperatorP1: Calulate gradients of shape functions transformed by reference map ...
17:40 DiffusionOperatorP1: Calculate all local scalar products beween gradients ...
17:40 DiffusionOperatorP1: Determine global dofs ...
17:40 DiffusionOperatorP1: Boundary treatment ...
17:40 DiffusionOperatorP1: Assemble system matrix ...
17:40 DiffusionOperatorP1: Calulate gradients of shape functions transformed by reference map ...
17:40 DiffusionOperatorP1: Calculate all local scalar products beween gradients ...
17:40 DiffusionOperatorP1: Determine global dofs ...
17:40 DiffusionOperatorP1: Boundary treatment ...
17:40 DiffusionOperatorP1: Assemble system matrix ...
17:40 L2ProductP1: Integrate the products of the shape functions on each element
17:40 L2ProductP1: Determine global dofs ...
17:40 L2ProductP1: Boundary treatment ...
17:40 L2ProductP1: Assemble system matrix ...
17:40 DiffusionOperatorP1: Calulate gradients of shape functions transformed by reference map ...
17:40 DiffusionOperatorP1: Calculate all local scalar products beween gradients ...
17:40 DiffusionOperatorP1: Determine global dofs ...
17:40 DiffusionOperatorP1: Boundary treatment ...
17:40 DiffusionOperatorP1: Assemble system matrix ...
17:40 L2ProductP1: Integrate the products of the shape functions on each element
17:40 L2ProductP1: Determine global dofs ...
17:40 L2ProductP1: Boundary treatment ...
17:40 L2ProductP1: Assemble system matrix ...
17:40 DiffusionOperatorP1: Calulate gradients of shape functions transformed by reference map ...
17:40 DiffusionOperatorP1: Calculate all local scalar products beween gradients ...
17:40 DiffusionOperatorP1: Determine global dofs ...
17:40 DiffusionOperatorP1: Boundary treatment ...
17:40 DiffusionOperatorP1: Assemble system matrix ...
</system-err></testcase><testcase classname="src.pymortests.algorithms.basic" file="src/pymortests/algorithms/basic.py" line="104" name="test_almost_equal_self_product[&lt;lambda&gt;22]" time="0.2563903331756592"><system-err>17:41 DiffusionOperatorP1: Calulate gradients of shape functions transformed by reference map ...
17:41 DiffusionOperatorP1: Calculate all local scalar products beween gradients ...
17:41 DiffusionOperatorP1: Determine global dofs ...
17:41 DiffusionOperatorP1: Boundary treatment ...
17:41 DiffusionOperatorP1: Assemble system matrix ...
17:41 DiffusionOperatorP1: Calulate gradients of shape functions transformed by reference map ...
17:41 DiffusionOperatorP1: Calculate all local scalar products beween gradients ...
17:41 DiffusionOperatorP1: Determine global dofs ...
17:41 DiffusionOperatorP1: Boundary treatment ...
17:41 DiffusionOperatorP1: Assemble system matrix ...
17:41 DiffusionOperatorP1: Calulate gradients of shape functions transformed by reference map ...
17:41 DiffusionOperatorP1: Calculate all local scalar products beween gradients ...
17:41 DiffusionOperatorP1: Determine global dofs ...
17:41 DiffusionOperatorP1: Boundary treatment ...
17:41 DiffusionOperatorP1: Assemble system matrix ...
17:41 DiffusionOperatorP1: Calulate gradients of shape functions transformed by reference map ...
17:41 DiffusionOperatorP1: Calculate all local scalar products beween gradients ...
17:41 DiffusionOperatorP1: Determine global dofs ...
17:41 DiffusionOperatorP1: Boundary treatment ...
17:41 DiffusionOperatorP1: Assemble system matrix ...
17:41 DiffusionOperatorP1: Calulate gradients of shape functions transformed by reference map ...
17:41 DiffusionOperatorP1: Calculate all local scalar products beween gradients ...
17:41 DiffusionOperatorP1: Determine global dofs ...
17:41 DiffusionOperatorP1: Boundary treatment ...
17:41 DiffusionOperatorP1: Assemble system matrix ...
17:41 L2ProductP1: Integrate the products of the shape functions on each element
17:41 L2ProductP1: Determine global dofs ...
17:41 L2ProductP1: Boundary treatment ...
17:41 L2ProductP1: Assemble system matrix ...
17:41 DiffusionOperatorP1: Calulate gradients of shape functions transformed by reference map ...
17:41 DiffusionOperatorP1: Calculate all local scalar products beween gradients ...
17:41 DiffusionOperatorP1: Determine global dofs ...
17:41 DiffusionOperatorP1: Boundary treatment ...
17:41 DiffusionOperatorP1: Assemble system matrix ...
17:41 L2ProductP1: Integrate the products of the shape functions on each element
17:41 L2ProductP1: Determine global dofs ...
17:41 L2ProductP1: Boundary treatment ...
17:41 L2ProductP1: Assemble system matrix ...
17:41 DiffusionOperatorP1: Calulate gradients of shape functions transformed by reference map ...
17:41 DiffusionOperatorP1: Calculate all local scalar products beween gradients ...
17:41 DiffusionOperatorP1: Determine global dofs ...
17:41 DiffusionOperatorP1: Boundary treatment ...
17:41 DiffusionOperatorP1: Assemble system matrix ...
</system-err></testcase><testcase classname="src.pymortests.algorithms.basic" file="src/pymortests/algorithms/basic.py" line="104" name="test_almost_equal_self_product[&lt;lambda&gt;23]" time="0.26389026641845703"><system-err>17:41 DiffusionOperatorP1: Calulate gradients of shape functions transformed by reference map ...
17:41 DiffusionOperatorP1: Calculate all local scalar products beween gradients ...
17:41 DiffusionOperatorP1: Determine global dofs ...
17:41 DiffusionOperatorP1: Boundary treatment ...
17:41 DiffusionOperatorP1: Assemble system matrix ...
17:41 DiffusionOperatorP1: Calulate gradients of shape functions transformed by reference map ...
17:41 DiffusionOperatorP1: Calculate all local scalar products beween gradients ...
17:41 DiffusionOperatorP1: Determine global dofs ...
17:41 DiffusionOperatorP1: Boundary treatment ...
17:41 DiffusionOperatorP1: Assemble system matrix ...
17:41 L2ProductP1: Integrate the products of the shape functions on each element
17:41 L2ProductP1: Determine global dofs ...
17:41 L2ProductP1: Boundary treatment ...
17:41 L2ProductP1: Assemble system matrix ...
17:41 DiffusionOperatorP1: Calulate gradients of shape functions transformed by reference map ...
17:41 DiffusionOperatorP1: Calculate all local scalar products beween gradients ...
17:41 DiffusionOperatorP1: Determine global dofs ...
17:41 DiffusionOperatorP1: Boundary treatment ...
17:41 DiffusionOperatorP1: Assemble system matrix ...
17:41 L2ProductP1: Integrate the products of the shape functions on each element
17:41 L2ProductP1: Determine global dofs ...
17:41 L2ProductP1: Boundary treatment ...
17:41 L2ProductP1: Assemble system matrix ...
17:41 DiffusionOperatorP1: Calulate gradients of shape functions transformed by reference map ...
17:41 DiffusionOperatorP1: Calculate all local scalar products beween gradients ...
17:41 DiffusionOperatorP1: Determine global dofs ...
17:41 DiffusionOperatorP1: Boundary treatment ...
17:41 DiffusionOperatorP1: Assemble system matrix ...
</system-err></testcase><testcase classname="src.pymortests.algorithms.basic" file="src/pymortests/algorithms/basic.py" line="104" name="test_almost_equal_self_product[&lt;lambda&gt;24]" time="0.25519633293151855"></testcase><testcase classname="src.pymortests.algorithms.basic" file="src/pymortests/algorithms/basic.py" line="104" name="test_almost_equal_self_product[&lt;lambda&gt;25]" time="0.2484753131866455"></testcase><testcase classname="src.pymortests.algorithms.basic" file="src/pymortests/algorithms/basic.py" line="104" name="test_almost_equal_self_product[&lt;lambda&gt;26]" time="0.24945354461669922"></testcase><testcase classname="src.pymortests.algorithms.basic" file="src/pymortests/algorithms/basic.py" line="104" name="test_almost_equal_self_product[&lt;lambda&gt;27]" time="0.2026994228363037"></testcase><testcase classname="src.pymortests.algorithms.basic" file="src/pymortests/algorithms/basic.py" line="104" name="test_almost_equal_self_product[&lt;lambda&gt;28]" time="0.20383000373840332"></testcase><testcase classname="src.pymortests.algorithms.basic" file="src/pymortests/algorithms/basic.py" line="104" name="test_almost_equal_self_product[&lt;lambda&gt;29]" time="0.20904850959777832"></testcase><testcase classname="src.pymortests.algorithms.basic" file="src/pymortests/algorithms/basic.py" line="104" name="test_almost_equal_self_product[&lt;lambda&gt;30]" time="0.2050800323486328"></testcase><testcase classname="src.pymortests.algorithms.basic" file="src/pymortests/algorithms/basic.py" line="104" name="test_almost_equal_self_product[&lt;lambda&gt;31]" time="0.2034900188446045"></testcase><testcase classname="src.pymortests.algorithms.basic" file="src/pymortests/algorithms/basic.py" line="104" name="test_almost_equal_self_product[&lt;lambda&gt;32]" time="0.7276620864868164"></testcase><testcase classname="src.pymortests.algorithms.basic" file="src/pymortests/algorithms/basic.py" line="104" name="test_almost_equal_self_product[&lt;lambda&gt;33]" time="0.5579314231872559"></testcase><testcase classname="src.pymortests.algorithms.basic" file="src/pymortests/algorithms/basic.py" line="104" name="test_almost_equal_self_product[&lt;lambda&gt;34]" time="0.22717928886413574"></testcase><testcase classname="src.pymortests.algorithms.basic" file="src/pymortests/algorithms/basic.py" line="104" name="test_almost_equal_self_product[&lt;lambda&gt;35]" time="0.5542912483215332"></testcase><testcase classname="src.pymortests.algorithms.basic" file="src/pymortests/algorithms/basic.py" line="104" name="test_almost_equal_self_product[&lt;lambda&gt;36]" time="0.25467610359191895"></testcase><testcase classname="src.pymortests.algorithms.basic" file="src/pymortests/algorithms/basic.py" line="157" name="test_almost_equal_incompatible[&lt;lambda&gt;0]" time="0.0037720203399658203"></testcase><testcase classname="src.pymortests.algorithms.basic" file="src/pymortests/algorithms/basic.py" line="157" name="test_almost_equal_incompatible[&lt;lambda&gt;1]" time="0.0013463497161865234"></testcase><testcase classname="src.pymortests.algorithms.basic" file="src/pymortests/algorithms/basic.py" line="157" name="test_almost_equal_incompatible[&lt;lambda&gt;2]" time="0.004936695098876953"></testcase><testcase classname="src.pymortests.algorithms.basic" file="src/pymortests/algorithms/basic.py" line="157" name="test_almost_equal_incompatible[&lt;lambda&gt;3]" time="0.004374027252197266"></testcase><testcase classname="src.pymortests.algorithms.basic" file="src/pymortests/algorithms/basic.py" line="157" name="test_almost_equal_incompatible[&lt;lambda&gt;4]" time="0.0045392513275146484"></testcase><testcase classname="src.pymortests.algorithms.basic" file="src/pymortests/algorithms/basic.py" line="157" name="test_almost_equal_incompatible[&lt;lambda&gt;5]" time="0.002198934555053711"></testcase><testcase classname="src.pymortests.algorithms.basic" file="src/pymortests/algorithms/basic.py" line="157" name="test_almost_equal_incompatible[&lt;lambda&gt;6]" time="0.001260995864868164"></testcase><testcase classname="src.pymortests.algorithms.basic" file="src/pymortests/algorithms/basic.py" line="157" name="test_almost_equal_incompatible[&lt;lambda&gt;7]" time="0.004786014556884766"></testcase><testcase classname="src.pymortests.algorithms.basic" file="src/pymortests/algorithms/basic.py" line="157" name="test_almost_equal_incompatible[&lt;lambda&gt;8]" time="0.010393381118774414"></testcase><testcase classname="src.pymortests.algorithms.basic" file="src/pymortests/algorithms/basic.py" line="157" name="test_almost_equal_incompatible[&lt;lambda&gt;9]" time="0.017359018325805664"></testcase><testcase classname="src.pymortests.algorithms.basic" file="src/pymortests/algorithms/basic.py" line="157" name="test_almost_equal_incompatible[&lt;lambda&gt;10]" time="0.00617218017578125"></testcase><testcase classname="src.pymortests.algorithms.basic" file="src/pymortests/algorithms/basic.py" line="157" name="test_almost_equal_incompatible[&lt;lambda&gt;11]" time="0.002004384994506836"></testcase><testcase classname="src.pymortests.algorithms.basic" file="src/pymortests/algorithms/basic.py" line="157" name="test_almost_equal_incompatible[&lt;lambda&gt;12]" time="0.012978315353393555"></testcase><testcase classname="src.pymortests.algorithms.basic" file="src/pymortests/algorithms/basic.py" line="157" name="test_almost_equal_incompatible[&lt;lambda&gt;13]" time="0.009542226791381836"></testcase><testcase classname="src.pymortests.algorithms.basic" file="src/pymortests/algorithms/basic.py" line="157" name="test_almost_equal_incompatible[&lt;lambda&gt;14]" time="0.013011455535888672"></testcase><testcase classname="src.pymortests.algorithms.basic" file="src/pymortests/algorithms/basic.py" line="157" name="test_almost_equal_incompatible[&lt;lambda&gt;15]" time="0.0047953128814697266"></testcase><testcase classname="src.pymortests.algorithms.basic" file="src/pymortests/algorithms/basic.py" line="157" name="test_almost_equal_incompatible[&lt;lambda&gt;16]" time="0.0022153854370117188"></testcase><testcase classname="src.pymortests.algorithms.basic" file="src/pymortests/algorithms/basic.py" line="157" name="test_almost_equal_incompatible[&lt;lambda&gt;17]" time="0.009226322174072266"></testcase><testcase classname="src.pymortests.algorithms.basic" file="src/pymortests/algorithms/basic.py" line="157" name="test_almost_equal_incompatible[&lt;lambda&gt;18]" time="0.04158926010131836"></testcase><testcase classname="src.pymortests.algorithms.basic" file="src/pymortests/algorithms/basic.py" line="157" name="test_almost_equal_incompatible[&lt;lambda&gt;19]" time="0.04220414161682129"></testcase><testcase classname="src.pymortests.algorithms.basic" file="src/pymortests/algorithms/basic.py" line="157" name="test_almost_equal_incompatible[&lt;lambda&gt;20]" time="0.003141641616821289"></testcase><testcase classname="src.pymortests.algorithms.basic" file="src/pymortests/algorithms/basic.py" line="157" name="test_almost_equal_incompatible[&lt;lambda&gt;21]" time="0.0021975040435791016"></testcase><testcase classname="src.pymortests.algorithms.basic" file="src/pymortests/algorithms/basic.py" line="157" name="test_almost_equal_incompatible[&lt;lambda&gt;22]" time="0.013206720352172852"></testcase><testcase classname="src.pymortests.algorithms.basic" file="src/pymortests/algorithms/basic.py" line="157" name="test_almost_equal_incompatible[&lt;lambda&gt;23]" time="0.11324167251586914"></testcase><testcase classname="src.pymortests.algorithms.basic" file="src/pymortests/algorithms/basic.py" line="157" name="test_almost_equal_incompatible[&lt;lambda&gt;24]" time="0.21673011779785156"></testcase><testcase classname="src.pymortests.algorithms.basic" file="src/pymortests/algorithms/basic.py" line="166" name="test_almost_equal_wrong_ind[compatible_vector_array_pair0-&lt;lambda&gt;0]" time="0.0037064552307128906"></testcase><testcase classname="src.pymortests.algorithms.basic" file="src/pymortests/algorithms/basic.py" line="166" name="test_almost_equal_wrong_ind[compatible_vector_array_pair0-&lt;lambda&gt;1]" time="0.002553224563598633"></testcase><testcase classname="src.pymortests.algorithms.basic" file="src/pymortests/algorithms/basic.py" line="166" name="test_almost_equal_wrong_ind[compatible_vector_array_pair0-&lt;lambda&gt;2]" time="0.003883838653564453"></testcase><testcase classname="src.pymortests.algorithms.basic" file="src/pymortests/algorithms/basic.py" line="166" name="test_almost_equal_wrong_ind[compatible_vector_array_pair0-&lt;lambda&gt;3]" time="0.005276918411254883"></testcase><testcase classname="src.pymortests.algorithms.basic" file="src/pymortests/algorithms/basic.py" line="166" name="test_almost_equal_wrong_ind[compatible_vector_array_pair0-&lt;lambda&gt;4]" time="0.005470991134643555"></testcase><testcase classname="src.pymortests.algorithms.basic" file="src/pymortests/algorithms/basic.py" line="166" name="test_almost_equal_wrong_ind[compatible_vector_array_pair0-&lt;lambda&gt;5]" time="0.0040934085845947266"></testcase><testcase classname="src.pymortests.algorithms.basic" file="src/pymortests/algorithms/basic.py" line="166" name="test_almost_equal_wrong_ind[compatible_vector_array_pair0-&lt;lambda&gt;6]" time="0.0025031566619873047"></testcase><testcase classname="src.pymortests.algorithms.basic" file="src/pymortests/algorithms/basic.py" line="166" name="test_almost_equal_wrong_ind[compatible_vector_array_pair0-&lt;lambda&gt;7]" time="0.002565622329711914"></testcase><testcase classname="src.pymortests.algorithms.basic" file="src/pymortests/algorithms/basic.py" line="166" name="test_almost_equal_wrong_ind[compatible_vector_array_pair0-&lt;lambda&gt;8]" time="0.01431894302368164"></testcase><testcase classname="src.pymortests.algorithms.basic" file="src/pymortests/algorithms/basic.py" line="166" name="test_almost_equal_wrong_ind[compatible_vector_array_pair0-&lt;lambda&gt;9]" time="0.028946638107299805"></testcase><testcase classname="src.pymortests.algorithms.basic" file="src/pymortests/algorithms/basic.py" line="166" name="test_almost_equal_wrong_ind[compatible_vector_array_pair0-&lt;lambda&gt;10]" time="0.10102581977844238"></testcase><testcase classname="src.pymortests.algorithms.basic" file="src/pymortests/algorithms/basic.py" line="166" name="test_almost_equal_wrong_ind[compatible_vector_array_pair0-&lt;lambda&gt;11]" time="0.006322622299194336"></testcase><testcase classname="src.pymortests.algorithms.basic" file="src/pymortests/algorithms/basic.py" line="166" name="test_almost_equal_wrong_ind[compatible_vector_array_pair0-&lt;lambda&gt;12]" time="0.0042302608489990234"></testcase><testcase classname="src.pymortests.algorithms.basic" file="src/pymortests/algorithms/basic.py" line="166" name="test_almost_equal_wrong_ind[compatible_vector_array_pair0-&lt;lambda&gt;13]" time="0.0074803829193115234"></testcase><testcase classname="src.pymortests.algorithms.basic" file="src/pymortests/algorithms/basic.py" line="166" name="test_almost_equal_wrong_ind[compatible_vector_array_pair0-&lt;lambda&gt;14]" time="0.005820035934448242"></testcase><testcase classname="src.pymortests.algorithms.basic" file="src/pymortests/algorithms/basic.py" line="166" name="test_almost_equal_wrong_ind[compatible_vector_array_pair0-&lt;lambda&gt;15]" time="0.007055997848510742"></testcase><testcase classname="src.pymortests.algorithms.basic" file="src/pymortests/algorithms/basic.py" line="166" name="test_almost_equal_wrong_ind[compatible_vector_array_pair0-&lt;lambda&gt;16]" time="0.01038217544555664"></testcase><testcase classname="src.pymortests.algorithms.basic" file="src/pymortests/algorithms/basic.py" line="166" name="test_almost_equal_wrong_ind[compatible_vector_array_pair0-&lt;lambda&gt;17]" time="0.010392189025878906"></testcase><testcase classname="src.pymortests.algorithms.basic" file="src/pymortests/algorithms/basic.py" line="166" name="test_almost_equal_wrong_ind[compatible_vector_array_pair0-&lt;lambda&gt;18]" time="0.003241300582885742"></testcase><testcase classname="src.pymortests.algorithms.basic" file="src/pymortests/algorithms/basic.py" line="166" name="test_almost_equal_wrong_ind[compatible_vector_array_pair0-&lt;lambda&gt;19]" time="0.0032341480255126953"></testcase><testcase classname="src.pymortests.algorithms.basic" file="src/pymortests/algorithms/basic.py" line="166" name="test_almost_equal_wrong_ind[compatible_vector_array_pair0-&lt;lambda&gt;20]" time="0.03675413131713867"></testcase><testcase classname="src.pymortests.algorithms.basic" file="src/pymortests/algorithms/basic.py" line="166" name="test_almost_equal_wrong_ind[compatible_vector_array_pair0-&lt;lambda&gt;21]" time="0.0394136905670166"></testcase><testcase classname="src.pymortests.algorithms.basic" file="src/pymortests/algorithms/basic.py" line="166" name="test_almost_equal_wrong_ind[compatible_vector_array_pair0-&lt;lambda&gt;22]" time="0.137451171875"></testcase><testcase classname="src.pymortests.algorithms.basic" file="src/pymortests/algorithms/basic.py" line="166" name="test_almost_equal_wrong_ind[compatible_vector_array_pair0-&lt;lambda&gt;23]" time="0.007210969924926758"></testcase><testcase classname="src.pymortests.algorithms.basic" file="src/pymortests/algorithms/basic.py" line="166" name="test_almost_equal_wrong_ind[compatible_vector_array_pair0-&lt;lambda&gt;24]" time="0.003612995147705078"></testcase><testcase classname="src.pymortests.algorithms.basic" file="src/pymortests/algorithms/basic.py" line="166" name="test_almost_equal_wrong_ind[compatible_vector_array_pair0-&lt;lambda&gt;25]" time="0.00382232666015625"></testcase><testcase classname="src.pymortests.algorithms.basic" file="src/pymortests/algorithms/basic.py" line="166" name="test_almost_equal_wrong_ind[compatible_vector_array_pair0-&lt;lambda&gt;26]" time="0.036479949951171875"></testcase><testcase classname="src.pymortests.algorithms.basic" file="src/pymortests/algorithms/basic.py" line="166" name="test_almost_equal_wrong_ind[compatible_vector_array_pair0-&lt;lambda&gt;27]" time="0.05612373352050781"></testcase><testcase classname="src.pymortests.algorithms.basic" file="src/pymortests/algorithms/basic.py" line="166" name="test_almost_equal_wrong_ind[compatible_vector_array_pair0-&lt;lambda&gt;28]" time="0.20284032821655273"></testcase><testcase classname="src.pymortests.algorithms.basic" file="src/pymortests/algorithms/basic.py" line="166" name="test_almost_equal_wrong_ind[compatible_vector_array_pair0-&lt;lambda&gt;29]" time="0.008638620376586914"></testcase><testcase classname="src.pymortests.algorithms.basic" file="src/pymortests/algorithms/basic.py" line="166" name="test_almost_equal_wrong_ind[compatible_vector_array_pair1-&lt;lambda&gt;0]" time="0.002763509750366211"></testcase><testcase classname="src.pymortests.algorithms.basic" file="src/pymortests/algorithms/basic.py" line="166" name="test_almost_equal_wrong_ind[compatible_vector_array_pair1-&lt;lambda&gt;1]" time="0.002524137496948242"></testcase><testcase classname="src.pymortests.algorithms.basic" file="src/pymortests/algorithms/basic.py" line="166" name="test_almost_equal_wrong_ind[compatible_vector_array_pair1-&lt;lambda&gt;2]" time="0.0038700103759765625"></testcase><testcase classname="src.pymortests.algorithms.basic" file="src/pymortests/algorithms/basic.py" line="166" name="test_almost_equal_wrong_ind[compatible_vector_array_pair1-&lt;lambda&gt;3]" time="0.0051958560943603516"></testcase><testcase classname="src.pymortests.algorithms.basic" file="src/pymortests/algorithms/basic.py" line="166" name="test_almost_equal_wrong_ind[compatible_vector_array_pair1-&lt;lambda&gt;4]" time="0.005351543426513672"></testcase><testcase classname="src.pymortests.algorithms.basic" file="src/pymortests/algorithms/basic.py" line="166" name="test_almost_equal_wrong_ind[compatible_vector_array_pair1-&lt;lambda&gt;5]" time="0.0040018558502197266"></testcase><testcase classname="src.pymortests.algorithms.basic" file="src/pymortests/algorithms/basic.py" line="166" name="test_almost_equal_wrong_ind[compatible_vector_array_pair1-&lt;lambda&gt;6]" time="0.0024161338806152344"></testcase><testcase classname="src.pymortests.algorithms.basic" file="src/pymortests/algorithms/basic.py" line="166" name="test_almost_equal_wrong_ind[compatible_vector_array_pair1-&lt;lambda&gt;7]" time="0.002505779266357422"></testcase><testcase classname="src.pymortests.algorithms.basic" file="src/pymortests/algorithms/basic.py" line="166" name="test_almost_equal_wrong_ind[compatible_vector_array_pair1-&lt;lambda&gt;8]" time="0.014170169830322266"></testcase><testcase classname="src.pymortests.algorithms.basic" file="src/pymortests/algorithms/basic.py" line="166" name="test_almost_equal_wrong_ind[compatible_vector_array_pair1-&lt;lambda&gt;9]" time="0.02884840965270996"></testcase><testcase classname="src.pymortests.algorithms.basic" file="src/pymortests/algorithms/basic.py" line="166" name="test_almost_equal_wrong_ind[compatible_vector_array_pair1-&lt;lambda&gt;10]" time="0.10123753547668457"></testcase><testcase classname="src.pymortests.algorithms.basic" file="src/pymortests/algorithms/basic.py" line="166" name="test_almost_equal_wrong_ind[compatible_vector_array_pair1-&lt;lambda&gt;11]" time="0.006184101104736328"></testcase><testcase classname="src.pymortests.algorithms.basic" file="src/pymortests/algorithms/basic.py" line="166" name="test_almost_equal_wrong_ind[compatible_vector_array_pair1-&lt;lambda&gt;12]" time="0.0042569637298583984"></testcase><testcase classname="src.pymortests.algorithms.basic" file="src/pymortests/algorithms/basic.py" line="166" name="test_almost_equal_wrong_ind[compatible_vector_array_pair1-&lt;lambda&gt;13]" time="0.007347822189331055"></testcase><testcase classname="src.pymortests.algorithms.basic" file="src/pymortests/algorithms/basic.py" line="166" name="test_almost_equal_wrong_ind[compatible_vector_array_pair1-&lt;lambda&gt;14]" time="0.006175041198730469"></testcase><testcase classname="src.pymortests.algorithms.basic" file="src/pymortests/algorithms/basic.py" line="166" name="test_almost_equal_wrong_ind[compatible_vector_array_pair1-&lt;lambda&gt;15]" time="0.007694244384765625"></testcase><testcase classname="src.pymortests.algorithms.basic" file="src/pymortests/algorithms/basic.py" line="166" name="test_almost_equal_wrong_ind[compatible_vector_array_pair1-&lt;lambda&gt;16]" time="0.010486125946044922"></testcase><testcase classname="src.pymortests.algorithms.basic" file="src/pymortests/algorithms/basic.py" line="166" name="test_almost_equal_wrong_ind[compatible_vector_array_pair1-&lt;lambda&gt;17]" time="0.010548830032348633"></testcase><testcase classname="src.pymortests.algorithms.basic" file="src/pymortests/algorithms/basic.py" line="166" name="test_almost_equal_wrong_ind[compatible_vector_array_pair1-&lt;lambda&gt;18]" time="0.0031790733337402344"></testcase><testcase classname="src.pymortests.algorithms.basic" file="src/pymortests/algorithms/basic.py" line="166" name="test_almost_equal_wrong_ind[compatible_vector_array_pair1-&lt;lambda&gt;19]" time="0.003229856491088867"></testcase><testcase classname="src.pymortests.algorithms.basic" file="src/pymortests/algorithms/basic.py" line="166" name="test_almost_equal_wrong_ind[compatible_vector_array_pair1-&lt;lambda&gt;20]" time="0.03680109977722168"></testcase><testcase classname="src.pymortests.algorithms.basic" file="src/pymortests/algorithms/basic.py" line="166" name="test_almost_equal_wrong_ind[compatible_vector_array_pair1-&lt;lambda&gt;21]" time="0.0394439697265625"></testcase><testcase classname="src.pymortests.algorithms.basic" file="src/pymortests/algorithms/basic.py" line="166" name="test_almost_equal_wrong_ind[compatible_vector_array_pair1-&lt;lambda&gt;22]" time="0.13680005073547363"></testcase><testcase classname="src.pymortests.algorithms.basic" file="src/pymortests/algorithms/basic.py" line="166" name="test_almost_equal_wrong_ind[compatible_vector_array_pair1-&lt;lambda&gt;23]" time="0.0070226192474365234"></testcase><testcase classname="src.pymortests.algorithms.basic" file="src/pymortests/algorithms/basic.py" line="166" name="test_almost_equal_wrong_ind[compatible_vector_array_pair1-&lt;lambda&gt;24]" time="0.0024640560150146484"></testcase><testcase classname="src.pymortests.algorithms.basic" file="src/pymortests/algorithms/basic.py" line="166" name="test_almost_equal_wrong_ind[compatible_vector_array_pair1-&lt;lambda&gt;25]" time="0.0034689903259277344"></testcase><testcase classname="src.pymortests.algorithms.basic" file="src/pymortests/algorithms/basic.py" line="166" name="test_almost_equal_wrong_ind[compatible_vector_array_pair1-&lt;lambda&gt;26]" time="0.03384590148925781"></testcase><testcase classname="src.pymortests.algorithms.basic" file="src/pymortests/algorithms/basic.py" line="166" name="test_almost_equal_wrong_ind[compatible_vector_array_pair1-&lt;lambda&gt;27]" time="0.055950164794921875"></testcase><testcase classname="src.pymortests.algorithms.basic" file="src/pymortests/algorithms/basic.py" line="166" name="test_almost_equal_wrong_ind[compatible_vector_array_pair1-&lt;lambda&gt;28]" time="0.20421862602233887"></testcase><testcase classname="src.pymortests.algorithms.basic" file="src/pymortests/algorithms/basic.py" line="166" name="test_almost_equal_wrong_ind[compatible_vector_array_pair1-&lt;lambda&gt;29]" time="0.00869131088256836"></testcase><testcase classname="src.pymortests.algorithms.basic" file="src/pymortests/algorithms/basic.py" line="166" name="test_almost_equal_wrong_ind[compatible_vector_array_pair2-&lt;lambda&gt;0]" time="0.002695798873901367"></testcase><testcase classname="src.pymortests.algorithms.basic" file="src/pymortests/algorithms/basic.py" line="166" name="test_almost_equal_wrong_ind[compatible_vector_array_pair2-&lt;lambda&gt;1]" time="0.0025174617767333984"></testcase><testcase classname="src.pymortests.algorithms.basic" file="src/pymortests/algorithms/basic.py" line="166" name="test_almost_equal_wrong_ind[compatible_vector_array_pair2-&lt;lambda&gt;2]" time="0.003888845443725586"></testcase><testcase classname="src.pymortests.algorithms.basic" file="src/pymortests/algorithms/basic.py" line="166" name="test_almost_equal_wrong_ind[compatible_vector_array_pair2-&lt;lambda&gt;3]" time="0.005331516265869141"></testcase><testcase classname="src.pymortests.algorithms.basic" file="src/pymortests/algorithms/basic.py" line="166" name="test_almost_equal_wrong_ind[compatible_vector_array_pair2-&lt;lambda&gt;4]" time="0.005384922027587891"></testcase><testcase classname="src.pymortests.algorithms.basic" file="src/pymortests/algorithms/basic.py" line="166" name="test_almost_equal_wrong_ind[compatible_vector_array_pair2-&lt;lambda&gt;5]" time="0.004156827926635742"></testcase><testcase classname="src.pymortests.algorithms.basic" file="src/pymortests/algorithms/basic.py" line="166" name="test_almost_equal_wrong_ind[compatible_vector_array_pair2-&lt;lambda&gt;6]" time="0.002644062042236328"></testcase><testcase classname="src.pymortests.algorithms.basic" file="src/pymortests/algorithms/basic.py" line="166" name="test_almost_equal_wrong_ind[compatible_vector_array_pair2-&lt;lambda&gt;7]" time="0.0025315284729003906"></testcase><testcase classname="src.pymortests.algorithms.basic" file="src/pymortests/algorithms/basic.py" line="166" name="test_almost_equal_wrong_ind[compatible_vector_array_pair2-&lt;lambda&gt;8]" time="0.014336585998535156"></testcase><testcase classname="src.pymortests.algorithms.basic" file="src/pymortests/algorithms/basic.py" line="166" name="test_almost_equal_wrong_ind[compatible_vector_array_pair2-&lt;lambda&gt;9]" time="0.028957128524780273"></testcase><testcase classname="src.pymortests.algorithms.basic" file="src/pymortests/algorithms/basic.py" line="166" name="test_almost_equal_wrong_ind[compatible_vector_array_pair2-&lt;lambda&gt;10]" time="0.10106587409973145"></testcase><testcase classname="src.pymortests.algorithms.basic" file="src/pymortests/algorithms/basic.py" line="166" name="test_almost_equal_wrong_ind[compatible_vector_array_pair2-&lt;lambda&gt;11]" time="0.00618743896484375"></testcase><testcase classname="src.pymortests.algorithms.basic" file="src/pymortests/algorithms/basic.py" line="166" name="test_almost_equal_wrong_ind[compatible_vector_array_pair2-&lt;lambda&gt;12]" time="0.0042896270751953125"></testcase><testcase classname="src.pymortests.algorithms.basic" file="src/pymortests/algorithms/basic.py" line="166" name="test_almost_equal_wrong_ind[compatible_vector_array_pair2-&lt;lambda&gt;13]" time="0.007384300231933594"></testcase><testcase classname="src.pymortests.algorithms.basic" file="src/pymortests/algorithms/basic.py" line="166" name="test_almost_equal_wrong_ind[compatible_vector_array_pair2-&lt;lambda&gt;14]" time="0.006085395812988281"></testcase><testcase classname="src.pymortests.algorithms.basic" file="src/pymortests/algorithms/basic.py" line="166" name="test_almost_equal_wrong_ind[compatible_vector_array_pair2-&lt;lambda&gt;15]" time="0.007315397262573242"></testcase><testcase classname="src.pymortests.algorithms.basic" file="src/pymortests/algorithms/basic.py" line="166" name="test_almost_equal_wrong_ind[compatible_vector_array_pair2-&lt;lambda&gt;16]" time="0.010564565658569336"></testcase><testcase classname="src.pymortests.algorithms.basic" file="src/pymortests/algorithms/basic.py" line="166" name="test_almost_equal_wrong_ind[compatible_vector_array_pair2-&lt;lambda&gt;17]" time="0.01072239875793457"></testcase><testcase classname="src.pymortests.algorithms.basic" file="src/pymortests/algorithms/basic.py" line="166" name="test_almost_equal_wrong_ind[compatible_vector_array_pair2-&lt;lambda&gt;18]" time="0.0032958984375"></testcase><testcase classname="src.pymortests.algorithms.basic" file="src/pymortests/algorithms/basic.py" line="166" name="test_almost_equal_wrong_ind[compatible_vector_array_pair2-&lt;lambda&gt;19]" time="0.0033202171325683594"></testcase><testcase classname="src.pymortests.algorithms.basic" file="src/pymortests/algorithms/basic.py" line="166" name="test_almost_equal_wrong_ind[compatible_vector_array_pair2-&lt;lambda&gt;20]" time="0.03743147850036621"></testcase><testcase classname="src.pymortests.algorithms.basic" file="src/pymortests/algorithms/basic.py" line="166" name="test_almost_equal_wrong_ind[compatible_vector_array_pair2-&lt;lambda&gt;21]" time="0.03921771049499512"></testcase><testcase classname="src.pymortests.algorithms.basic" file="src/pymortests/algorithms/basic.py" line="166" name="test_almost_equal_wrong_ind[compatible_vector_array_pair2-&lt;lambda&gt;22]" time="0.1345987319946289"></testcase><testcase classname="src.pymortests.algorithms.basic" file="src/pymortests/algorithms/basic.py" line="166" name="test_almost_equal_wrong_ind[compatible_vector_array_pair2-&lt;lambda&gt;23]" time="0.007031679153442383"></testcase><testcase classname="src.pymortests.algorithms.basic" file="src/pymortests/algorithms/basic.py" line="166" name="test_almost_equal_wrong_ind[compatible_vector_array_pair2-&lt;lambda&gt;24]" time="0.0025048255920410156"></testcase><testcase classname="src.pymortests.algorithms.basic" file="src/pymortests/algorithms/basic.py" line="166" name="test_almost_equal_wrong_ind[compatible_vector_array_pair2-&lt;lambda&gt;25]" time="0.0034012794494628906"></testcase><testcase classname="src.pymortests.algorithms.basic" file="src/pymortests/algorithms/basic.py" line="166" name="test_almost_equal_wrong_ind[compatible_vector_array_pair2-&lt;lambda&gt;26]" time="0.033959388732910156"></testcase><testcase classname="src.pymortests.algorithms.basic" file="src/pymortests/algorithms/basic.py" line="166" name="test_almost_equal_wrong_ind[compatible_vector_array_pair2-&lt;lambda&gt;27]" time="0.05591392517089844"></testcase><testcase classname="src.pymortests.algorithms.basic" file="src/pymortests/algorithms/basic.py" line="166" name="test_almost_equal_wrong_ind[compatible_vector_array_pair2-&lt;lambda&gt;28]" time="0.2030932903289795"></testcase><testcase classname="src.pymortests.algorithms.basic" file="src/pymortests/algorithms/basic.py" line="166" name="test_almost_equal_wrong_ind[compatible_vector_array_pair2-&lt;lambda&gt;29]" time="0.008606672286987305"></testcase><testcase classname="src.pymortests.algorithms.basic" file="src/pymortests/algorithms/basic.py" line="166" name="test_almost_equal_wrong_ind[compatible_vector_array_pair3-&lt;lambda&gt;0]" time="0.0026702880859375"></testcase><testcase classname="src.pymortests.algorithms.basic" file="src/pymortests/algorithms/basic.py" line="166" name="test_almost_equal_wrong_ind[compatible_vector_array_pair3-&lt;lambda&gt;1]" time="0.002468585968017578"></testcase><testcase classname="src.pymortests.algorithms.basic" file="src/pymortests/algorithms/basic.py" line="166" name="test_almost_equal_wrong_ind[compatible_vector_array_pair3-&lt;lambda&gt;2]" time="0.0037941932678222656"></testcase><testcase classname="src.pymortests.algorithms.basic" file="src/pymortests/algorithms/basic.py" line="166" name="test_almost_equal_wrong_ind[compatible_vector_array_pair3-&lt;lambda&gt;3]" time="0.005305051803588867"></testcase><testcase classname="src.pymortests.algorithms.basic" file="src/pymortests/algorithms/basic.py" line="166" name="test_almost_equal_wrong_ind[compatible_vector_array_pair3-&lt;lambda&gt;4]" time="0.005262613296508789"></testcase><testcase classname="src.pymortests.algorithms.basic" file="src/pymortests/algorithms/basic.py" line="166" name="test_almost_equal_wrong_ind[compatible_vector_array_pair3-&lt;lambda&gt;5]" time="0.003965616226196289"></testcase><testcase classname="src.pymortests.algorithms.basic" file="src/pymortests/algorithms/basic.py" line="166" name="test_almost_equal_wrong_ind[compatible_vector_array_pair3-&lt;lambda&gt;6]" time="0.0023741722106933594"></testcase><testcase classname="src.pymortests.algorithms.basic" file="src/pymortests/algorithms/basic.py" line="166" name="test_almost_equal_wrong_ind[compatible_vector_array_pair3-&lt;lambda&gt;7]" time="0.0025026798248291016"></testcase><testcase classname="src.pymortests.algorithms.basic" file="src/pymortests/algorithms/basic.py" line="166" name="test_almost_equal_wrong_ind[compatible_vector_array_pair3-&lt;lambda&gt;8]" time="0.014225482940673828"></testcase><testcase classname="src.pymortests.algorithms.basic" file="src/pymortests/algorithms/basic.py" line="166" name="test_almost_equal_wrong_ind[compatible_vector_array_pair3-&lt;lambda&gt;9]" time="0.02916741371154785"></testcase><testcase classname="src.pymortests.algorithms.basic" file="src/pymortests/algorithms/basic.py" line="166" name="test_almost_equal_wrong_ind[compatible_vector_array_pair3-&lt;lambda&gt;10]" time="0.10441255569458008"></testcase><testcase classname="src.pymortests.algorithms.basic" file="src/pymortests/algorithms/basic.py" line="166" name="test_almost_equal_wrong_ind[compatible_vector_array_pair3-&lt;lambda&gt;11]" time="0.005891323089599609"></testcase><testcase classname="src.pymortests.algorithms.basic" file="src/pymortests/algorithms/basic.py" line="166" name="test_almost_equal_wrong_ind[compatible_vector_array_pair3-&lt;lambda&gt;12]" time="0.004288911819458008"></testcase><testcase classname="src.pymortests.algorithms.basic" file="src/pymortests/algorithms/basic.py" line="166" name="test_almost_equal_wrong_ind[compatible_vector_array_pair3-&lt;lambda&gt;13]" time="0.007666349411010742"></testcase><testcase classname="src.pymortests.algorithms.basic" file="src/pymortests/algorithms/basic.py" line="166" name="test_almost_equal_wrong_ind[compatible_vector_array_pair3-&lt;lambda&gt;14]" time="0.005846977233886719"></testcase><testcase classname="src.pymortests.algorithms.basic" file="src/pymortests/algorithms/basic.py" line="166" name="test_almost_equal_wrong_ind[compatible_vector_array_pair3-&lt;lambda&gt;15]" time="0.007469654083251953"></testcase><testcase classname="src.pymortests.algorithms.basic" file="src/pymortests/algorithms/basic.py" line="166" name="test_almost_equal_wrong_ind[compatible_vector_array_pair3-&lt;lambda&gt;16]" time="0.010513544082641602"></testcase><testcase classname="src.pymortests.algorithms.basic" file="src/pymortests/algorithms/basic.py" line="166" name="test_almost_equal_wrong_ind[compatible_vector_array_pair3-&lt;lambda&gt;17]" time="0.010594844818115234"></testcase><testcase classname="src.pymortests.algorithms.basic" file="src/pymortests/algorithms/basic.py" line="166" name="test_almost_equal_wrong_ind[compatible_vector_array_pair3-&lt;lambda&gt;18]" time="0.0031709671020507812"></testcase><testcase classname="src.pymortests.algorithms.basic" file="src/pymortests/algorithms/basic.py" line="166" name="test_almost_equal_wrong_ind[compatible_vector_array_pair3-&lt;lambda&gt;19]" time="0.0032570362091064453"></testcase><testcase classname="src.pymortests.algorithms.basic" file="src/pymortests/algorithms/basic.py" line="166" name="test_almost_equal_wrong_ind[compatible_vector_array_pair3-&lt;lambda&gt;20]" time="0.037104129791259766"></testcase><testcase classname="src.pymortests.algorithms.basic" file="src/pymortests/algorithms/basic.py" line="166" name="test_almost_equal_wrong_ind[compatible_vector_array_pair3-&lt;lambda&gt;21]" time="0.03940153121948242"></testcase><testcase classname="src.pymortests.algorithms.basic" file="src/pymortests/algorithms/basic.py" line="166" name="test_almost_equal_wrong_ind[compatible_vector_array_pair3-&lt;lambda&gt;22]" time="0.1347196102142334"></testcase><testcase classname="src.pymortests.algorithms.basic" file="src/pymortests/algorithms/basic.py" line="166" name="test_almost_equal_wrong_ind[compatible_vector_array_pair3-&lt;lambda&gt;23]" time="0.007086277008056641"></testcase><testcase classname="src.pymortests.algorithms.basic" file="src/pymortests/algorithms/basic.py" line="166" name="test_almost_equal_wrong_ind[compatible_vector_array_pair3-&lt;lambda&gt;24]" time="0.0024187564849853516"></testcase><testcase classname="src.pymortests.algorithms.basic" file="src/pymortests/algorithms/basic.py" line="166" name="test_almost_equal_wrong_ind[compatible_vector_array_pair3-&lt;lambda&gt;25]" time="0.003397226333618164"></testcase><testcase classname="src.pymortests.algorithms.basic" file="src/pymortests/algorithms/basic.py" line="166" name="test_almost_equal_wrong_ind[compatible_vector_array_pair3-&lt;lambda&gt;26]" time="0.03350210189819336"></testcase><testcase classname="src.pymortests.algorithms.basic" file="src/pymortests/algorithms/basic.py" line="166" name="test_almost_equal_wrong_ind[compatible_vector_array_pair3-&lt;lambda&gt;27]" time="0.05600380897521973"></testcase><testcase classname="src.pymortests.algorithms.basic" file="src/pymortests/algorithms/basic.py" line="166" name="test_almost_equal_wrong_ind[compatible_vector_array_pair3-&lt;lambda&gt;28]" time="0.20102524757385254"></testcase><testcase classname="src.pymortests.algorithms.basic" file="src/pymortests/algorithms/basic.py" line="166" name="test_almost_equal_wrong_ind[compatible_vector_array_pair3-&lt;lambda&gt;29]" time="0.008980035781860352"></testcase><testcase classname="src.pymortests.algorithms.basic" file="src/pymortests/algorithms/basic.py" line="166" name="test_almost_equal_wrong_ind[compatible_vector_array_pair4-&lt;lambda&gt;0]" time="0.003271341323852539"></testcase><testcase classname="src.pymortests.algorithms.basic" file="src/pymortests/algorithms/basic.py" line="166" name="test_almost_equal_wrong_ind[compatible_vector_array_pair4-&lt;lambda&gt;1]" time="0.002620697021484375"></testcase><testcase classname="src.pymortests.algorithms.basic" file="src/pymortests/algorithms/basic.py" line="166" name="test_almost_equal_wrong_ind[compatible_vector_array_pair4-&lt;lambda&gt;2]" time="0.00396728515625"></testcase><testcase classname="src.pymortests.algorithms.basic" file="src/pymortests/algorithms/basic.py" line="166" name="test_almost_equal_wrong_ind[compatible_vector_array_pair4-&lt;lambda&gt;3]" time="0.005334615707397461"></testcase><testcase classname="src.pymortests.algorithms.basic" file="src/pymortests/algorithms/basic.py" line="166" name="test_almost_equal_wrong_ind[compatible_vector_array_pair4-&lt;lambda&gt;4]" time="0.008339405059814453"></testcase><testcase classname="src.pymortests.algorithms.basic" file="src/pymortests/algorithms/basic.py" line="166" name="test_almost_equal_wrong_ind[compatible_vector_array_pair4-&lt;lambda&gt;5]" time="0.004113435745239258"></testcase><testcase classname="src.pymortests.algorithms.basic" file="src/pymortests/algorithms/basic.py" line="166" name="test_almost_equal_wrong_ind[compatible_vector_array_pair4-&lt;lambda&gt;6]" time="0.002469778060913086"></testcase><testcase classname="src.pymortests.algorithms.basic" file="src/pymortests/algorithms/basic.py" line="166" name="test_almost_equal_wrong_ind[compatible_vector_array_pair4-&lt;lambda&gt;7]" time="0.002588987350463867"></testcase><testcase classname="src.pymortests.algorithms.basic" file="src/pymortests/algorithms/basic.py" line="166" name="test_almost_equal_wrong_ind[compatible_vector_array_pair4-&lt;lambda&gt;8]" time="0.014357328414916992"></testcase><testcase classname="src.pymortests.algorithms.basic" file="src/pymortests/algorithms/basic.py" line="166" name="test_almost_equal_wrong_ind[compatible_vector_array_pair4-&lt;lambda&gt;9]" time="0.029001474380493164"></testcase><testcase classname="src.pymortests.algorithms.basic" file="src/pymortests/algorithms/basic.py" line="166" name="test_almost_equal_wrong_ind[compatible_vector_array_pair4-&lt;lambda&gt;10]" time="0.1016700267791748"></testcase><testcase classname="src.pymortests.algorithms.basic" file="src/pymortests/algorithms/basic.py" line="166" name="test_almost_equal_wrong_ind[compatible_vector_array_pair4-&lt;lambda&gt;11]" time="0.006114482879638672"></testcase><testcase classname="src.pymortests.algorithms.basic" file="src/pymortests/algorithms/basic.py" line="166" name="test_almost_equal_wrong_ind[compatible_vector_array_pair4-&lt;lambda&gt;12]" time="0.004275083541870117"></testcase><testcase classname="src.pymortests.algorithms.basic" file="src/pymortests/algorithms/basic.py" line="166" name="test_almost_equal_wrong_ind[compatible_vector_array_pair4-&lt;lambda&gt;13]" time="0.007377147674560547"></testcase><testcase classname="src.pymortests.algorithms.basic" file="src/pymortests/algorithms/basic.py" line="166" name="test_almost_equal_wrong_ind[compatible_vector_array_pair4-&lt;lambda&gt;14]" time="0.005783796310424805"></testcase><testcase classname="src.pymortests.algorithms.basic" file="src/pymortests/algorithms/basic.py" line="166" name="test_almost_equal_wrong_ind[compatible_vector_array_pair4-&lt;lambda&gt;15]" time="0.007176637649536133"></testcase><testcase classname="src.pymortests.algorithms.basic" file="src/pymortests/algorithms/basic.py" line="166" name="test_almost_equal_wrong_ind[compatible_vector_array_pair4-&lt;lambda&gt;16]" time="0.010505199432373047"></testcase><testcase classname="src.pymortests.algorithms.basic" file="src/pymortests/algorithms/basic.py" line="166" name="test_almost_equal_wrong_ind[compatible_vector_array_pair4-&lt;lambda&gt;17]" time="0.010609626770019531"></testcase><testcase classname="src.pymortests.algorithms.basic" file="src/pymortests/algorithms/basic.py" line="166" name="test_almost_equal_wrong_ind[compatible_vector_array_pair4-&lt;lambda&gt;18]" time="0.003151416778564453"></testcase><testcase classname="src.pymortests.algorithms.basic" file="src/pymortests/algorithms/basic.py" line="166" name="test_almost_equal_wrong_ind[compatible_vector_array_pair4-&lt;lambda&gt;19]" time="0.0032100677490234375"></testcase><testcase classname="src.pymortests.algorithms.basic" file="src/pymortests/algorithms/basic.py" line="166" name="test_almost_equal_wrong_ind[compatible_vector_array_pair4-&lt;lambda&gt;20]" time="0.03885197639465332"></testcase><testcase classname="src.pymortests.algorithms.basic" file="src/pymortests/algorithms/basic.py" line="166" name="test_almost_equal_wrong_ind[compatible_vector_array_pair4-&lt;lambda&gt;21]" time="0.040607452392578125"></testcase><testcase classname="src.pymortests.algorithms.basic" file="src/pymortests/algorithms/basic.py" line="166" name="test_almost_equal_wrong_ind[compatible_vector_array_pair4-&lt;lambda&gt;22]" time="0.13511013984680176"></testcase><testcase classname="src.pymortests.algorithms.basic" file="src/pymortests/algorithms/basic.py" line="166" name="test_almost_equal_wrong_ind[compatible_vector_array_pair4-&lt;lambda&gt;23]" time="0.007090330123901367"></testcase><testcase classname="src.pymortests.algorithms.basic" file="src/pymortests/algorithms/basic.py" line="166" name="test_almost_equal_wrong_ind[compatible_vector_array_pair4-&lt;lambda&gt;24]" time="0.002525806427001953"></testcase><testcase classname="src.pymortests.algorithms.basic" file="src/pymortests/algorithms/basic.py" line="166" name="test_almost_equal_wrong_ind[compatible_vector_array_pair4-&lt;lambda&gt;25]" time="0.0033996105194091797"></testcase><testcase classname="src.pymortests.algorithms.basic" file="src/pymortests/algorithms/basic.py" line="166" name="test_almost_equal_wrong_ind[compatible_vector_array_pair4-&lt;lambda&gt;26]" time="0.03341221809387207"></testcase><testcase classname="src.pymortests.algorithms.basic" file="src/pymortests/algorithms/basic.py" line="166" name="test_almost_equal_wrong_ind[compatible_vector_array_pair4-&lt;lambda&gt;27]" time="0.05667448043823242"></testcase><testcase classname="src.pymortests.algorithms.basic" file="src/pymortests/algorithms/basic.py" line="166" name="test_almost_equal_wrong_ind[compatible_vector_array_pair4-&lt;lambda&gt;28]" time="0.20131659507751465"></testcase><testcase classname="src.pymortests.algorithms.basic" file="src/pymortests/algorithms/basic.py" line="166" name="test_almost_equal_wrong_ind[compatible_vector_array_pair4-&lt;lambda&gt;29]" time="0.008621692657470703"></testcase><testcase classname="src.pymortests.algorithms.basic" file="src/pymortests/algorithms/basic.py" line="166" name="test_almost_equal_wrong_ind[compatible_vector_array_pair5-&lt;lambda&gt;0]" time="0.002737283706665039"></testcase><testcase classname="src.pymortests.algorithms.basic" file="src/pymortests/algorithms/basic.py" line="166" name="test_almost_equal_wrong_ind[compatible_vector_array_pair5-&lt;lambda&gt;1]" time="0.0026421546936035156"></testcase><testcase classname="src.pymortests.algorithms.basic" file="src/pymortests/algorithms/basic.py" line="166" name="test_almost_equal_wrong_ind[compatible_vector_array_pair5-&lt;lambda&gt;2]" time="0.0038747787475585938"></testcase><testcase classname="src.pymortests.algorithms.basic" file="src/pymortests/algorithms/basic.py" line="166" name="test_almost_equal_wrong_ind[compatible_vector_array_pair5-&lt;lambda&gt;3]" time="0.005342245101928711"></testcase><testcase classname="src.pymortests.algorithms.basic" file="src/pymortests/algorithms/basic.py" line="166" name="test_almost_equal_wrong_ind[compatible_vector_array_pair5-&lt;lambda&gt;4]" time="0.00547480583190918"></testcase><testcase classname="src.pymortests.algorithms.basic" file="src/pymortests/algorithms/basic.py" line="166" name="test_almost_equal_wrong_ind[compatible_vector_array_pair5-&lt;lambda&gt;5]" time="0.004026174545288086"></testcase><testcase classname="src.pymortests.algorithms.basic" file="src/pymortests/algorithms/basic.py" line="166" name="test_almost_equal_wrong_ind[compatible_vector_array_pair5-&lt;lambda&gt;6]" time="0.002444744110107422"></testcase><testcase classname="src.pymortests.algorithms.basic" file="src/pymortests/algorithms/basic.py" line="166" name="test_almost_equal_wrong_ind[compatible_vector_array_pair5-&lt;lambda&gt;7]" time="0.002616405487060547"></testcase><testcase classname="src.pymortests.algorithms.basic" file="src/pymortests/algorithms/basic.py" line="166" name="test_almost_equal_wrong_ind[compatible_vector_array_pair5-&lt;lambda&gt;8]" time="0.014249563217163086"></testcase><testcase classname="src.pymortests.algorithms.basic" file="src/pymortests/algorithms/basic.py" line="166" name="test_almost_equal_wrong_ind[compatible_vector_array_pair5-&lt;lambda&gt;9]" time="0.029004573822021484"></testcase><testcase classname="src.pymortests.algorithms.basic" file="src/pymortests/algorithms/basic.py" line="166" name="test_almost_equal_wrong_ind[compatible_vector_array_pair5-&lt;lambda&gt;10]" time="0.10370182991027832"></testcase><testcase classname="src.pymortests.algorithms.basic" file="src/pymortests/algorithms/basic.py" line="166" name="test_almost_equal_wrong_ind[compatible_vector_array_pair5-&lt;lambda&gt;11]" time="0.006241321563720703"></testcase><testcase classname="src.pymortests.algorithms.basic" file="src/pymortests/algorithms/basic.py" line="166" name="test_almost_equal_wrong_ind[compatible_vector_array_pair5-&lt;lambda&gt;12]" time="0.004321575164794922"></testcase><testcase classname="src.pymortests.algorithms.basic" file="src/pymortests/algorithms/basic.py" line="166" name="test_almost_equal_wrong_ind[compatible_vector_array_pair5-&lt;lambda&gt;13]" time="0.007346153259277344"></testcase><testcase classname="src.pymortests.algorithms.basic" file="src/pymortests/algorithms/basic.py" line="166" name="test_almost_equal_wrong_ind[compatible_vector_array_pair5-&lt;lambda&gt;14]" time="0.005869150161743164"></testcase><testcase classname="src.pymortests.algorithms.basic" file="src/pymortests/algorithms/basic.py" line="166" name="test_almost_equal_wrong_ind[compatible_vector_array_pair5-&lt;lambda&gt;15]" time="0.0073511600494384766"></testcase><testcase classname="src.pymortests.algorithms.basic" file="src/pymortests/algorithms/basic.py" line="166" name="test_almost_equal_wrong_ind[compatible_vector_array_pair5-&lt;lambda&gt;16]" time="0.010619163513183594"></testcase><testcase classname="src.pymortests.algorithms.basic" file="src/pymortests/algorithms/basic.py" line="166" name="test_almost_equal_wrong_ind[compatible_vector_array_pair5-&lt;lambda&gt;17]" time="0.010679960250854492"></testcase><testcase classname="src.pymortests.algorithms.basic" file="src/pymortests/algorithms/basic.py" line="166" name="test_almost_equal_wrong_ind[compatible_vector_array_pair5-&lt;lambda&gt;18]" time="0.0032453536987304688"></testcase><testcase classname="src.pymortests.algorithms.basic" file="src/pymortests/algorithms/basic.py" line="166" name="test_almost_equal_wrong_ind[compatible_vector_array_pair5-&lt;lambda&gt;19]" time="0.0032432079315185547"></testcase><testcase classname="src.pymortests.algorithms.basic" file="src/pymortests/algorithms/basic.py" line="166" name="test_almost_equal_wrong_ind[compatible_vector_array_pair5-&lt;lambda&gt;20]" time="0.03738975524902344"></testcase><testcase classname="src.pymortests.algorithms.basic" file="src/pymortests/algorithms/basic.py" line="166" name="test_almost_equal_wrong_ind[compatible_vector_array_pair5-&lt;lambda&gt;21]" time="0.03956031799316406"></testcase><testcase classname="src.pymortests.algorithms.basic" file="src/pymortests/algorithms/basic.py" line="166" name="test_almost_equal_wrong_ind[compatible_vector_array_pair5-&lt;lambda&gt;22]" time="0.1375434398651123"></testcase><testcase classname="src.pymortests.algorithms.basic" file="src/pymortests/algorithms/basic.py" line="166" name="test_almost_equal_wrong_ind[compatible_vector_array_pair5-&lt;lambda&gt;23]" time="0.007909059524536133"></testcase><testcase classname="src.pymortests.algorithms.basic" file="src/pymortests/algorithms/basic.py" line="166" name="test_almost_equal_wrong_ind[compatible_vector_array_pair5-&lt;lambda&gt;24]" time="0.003960371017456055"></testcase><testcase classname="src.pymortests.algorithms.basic" file="src/pymortests/algorithms/basic.py" line="166" name="test_almost_equal_wrong_ind[compatible_vector_array_pair5-&lt;lambda&gt;25]" time="0.003992557525634766"></testcase><testcase classname="src.pymortests.algorithms.basic" file="src/pymortests/algorithms/basic.py" line="166" name="test_almost_equal_wrong_ind[compatible_vector_array_pair5-&lt;lambda&gt;26]" time="0.03435254096984863"></testcase><testcase classname="src.pymortests.algorithms.basic" file="src/pymortests/algorithms/basic.py" line="166" name="test_almost_equal_wrong_ind[compatible_vector_array_pair5-&lt;lambda&gt;27]" time="0.05626797676086426"></testcase><testcase classname="src.pymortests.algorithms.basic" file="src/pymortests/algorithms/basic.py" line="166" name="test_almost_equal_wrong_ind[compatible_vector_array_pair5-&lt;lambda&gt;28]" time="0.20100188255310059"></testcase><testcase classname="src.pymortests.algorithms.basic" file="src/pymortests/algorithms/basic.py" line="166" name="test_almost_equal_wrong_ind[compatible_vector_array_pair5-&lt;lambda&gt;29]" time="0.008742570877075195"></testcase><testcase classname="src.pymortests.algorithms.basic" file="src/pymortests/algorithms/basic.py" line="166" name="test_almost_equal_wrong_ind[compatible_vector_array_pair6-&lt;lambda&gt;0]" time="0.002718210220336914"></testcase><testcase classname="src.pymortests.algorithms.basic" file="src/pymortests/algorithms/basic.py" line="166" name="test_almost_equal_wrong_ind[compatible_vector_array_pair6-&lt;lambda&gt;1]" time="0.002516031265258789"></testcase><testcase classname="src.pymortests.algorithms.basic" file="src/pymortests/algorithms/basic.py" line="166" name="test_almost_equal_wrong_ind[compatible_vector_array_pair6-&lt;lambda&gt;2]" time="0.003960132598876953"></testcase><testcase classname="src.pymortests.algorithms.basic" file="src/pymortests/algorithms/basic.py" line="166" name="test_almost_equal_wrong_ind[compatible_vector_array_pair6-&lt;lambda&gt;3]" time="0.0052988529205322266"></testcase><testcase classname="src.pymortests.algorithms.basic" file="src/pymortests/algorithms/basic.py" line="166" name="test_almost_equal_wrong_ind[compatible_vector_array_pair6-&lt;lambda&gt;4]" time="0.0054018497467041016"></testcase><testcase classname="src.pymortests.algorithms.basic" file="src/pymortests/algorithms/basic.py" line="166" name="test_almost_equal_wrong_ind[compatible_vector_array_pair6-&lt;lambda&gt;5]" time="0.004236459732055664"></testcase><testcase classname="src.pymortests.algorithms.basic" file="src/pymortests/algorithms/basic.py" line="166" name="test_almost_equal_wrong_ind[compatible_vector_array_pair6-&lt;lambda&gt;6]" time="0.002540111541748047"></testcase><testcase classname="src.pymortests.algorithms.basic" file="src/pymortests/algorithms/basic.py" line="166" name="test_almost_equal_wrong_ind[compatible_vector_array_pair6-&lt;lambda&gt;7]" time="0.002598285675048828"></testcase><testcase classname="src.pymortests.algorithms.basic" file="src/pymortests/algorithms/basic.py" line="166" name="test_almost_equal_wrong_ind[compatible_vector_array_pair6-&lt;lambda&gt;8]" time="0.014165401458740234"></testcase><testcase classname="src.pymortests.algorithms.basic" file="src/pymortests/algorithms/basic.py" line="166" name="test_almost_equal_wrong_ind[compatible_vector_array_pair6-&lt;lambda&gt;9]" time="0.02958369255065918"></testcase><testcase classname="src.pymortests.algorithms.basic" file="src/pymortests/algorithms/basic.py" line="166" name="test_almost_equal_wrong_ind[compatible_vector_array_pair6-&lt;lambda&gt;10]" time="0.10099077224731445"></testcase><testcase classname="src.pymortests.algorithms.basic" file="src/pymortests/algorithms/basic.py" line="166" name="test_almost_equal_wrong_ind[compatible_vector_array_pair6-&lt;lambda&gt;11]" time="0.006232500076293945"></testcase><testcase classname="src.pymortests.algorithms.basic" file="src/pymortests/algorithms/basic.py" line="166" name="test_almost_equal_wrong_ind[compatible_vector_array_pair6-&lt;lambda&gt;12]" time="0.004258871078491211"></testcase><testcase classname="src.pymortests.algorithms.basic" file="src/pymortests/algorithms/basic.py" line="166" name="test_almost_equal_wrong_ind[compatible_vector_array_pair6-&lt;lambda&gt;13]" time="0.007406949996948242"></testcase><testcase classname="src.pymortests.algorithms.basic" file="src/pymortests/algorithms/basic.py" line="166" name="test_almost_equal_wrong_ind[compatible_vector_array_pair6-&lt;lambda&gt;14]" time="0.005799055099487305"></testcase><testcase classname="src.pymortests.algorithms.basic" file="src/pymortests/algorithms/basic.py" line="166" name="test_almost_equal_wrong_ind[compatible_vector_array_pair6-&lt;lambda&gt;15]" time="0.007191896438598633"></testcase><testcase classname="src.pymortests.algorithms.basic" file="src/pymortests/algorithms/basic.py" line="166" name="test_almost_equal_wrong_ind[compatible_vector_array_pair6-&lt;lambda&gt;16]" time="0.010560035705566406"></testcase><testcase classname="src.pymortests.algorithms.basic" file="src/pymortests/algorithms/basic.py" line="166" name="test_almost_equal_wrong_ind[compatible_vector_array_pair6-&lt;lambda&gt;17]" time="0.010670661926269531"></testcase><testcase classname="src.pymortests.algorithms.basic" file="src/pymortests/algorithms/basic.py" line="166" name="test_almost_equal_wrong_ind[compatible_vector_array_pair6-&lt;lambda&gt;18]" time="0.003269672393798828"></testcase><testcase classname="src.pymortests.algorithms.basic" file="src/pymortests/algorithms/basic.py" line="166" name="test_almost_equal_wrong_ind[compatible_vector_array_pair6-&lt;lambda&gt;19]" time="0.0033566951751708984"></testcase><testcase classname="src.pymortests.algorithms.basic" file="src/pymortests/algorithms/basic.py" line="166" name="test_almost_equal_wrong_ind[compatible_vector_array_pair6-&lt;lambda&gt;20]" time="0.03753376007080078"></testcase><testcase classname="src.pymortests.algorithms.basic" file="src/pymortests/algorithms/basic.py" line="166" name="test_almost_equal_wrong_ind[compatible_vector_array_pair6-&lt;lambda&gt;21]" time="0.03977847099304199"></testcase><testcase classname="src.pymortests.algorithms.basic" file="src/pymortests/algorithms/basic.py" line="166" name="test_almost_equal_wrong_ind[compatible_vector_array_pair6-&lt;lambda&gt;22]" time="0.13742899894714355"></testcase><testcase classname="src.pymortests.algorithms.basic" file="src/pymortests/algorithms/basic.py" line="166" name="test_almost_equal_wrong_ind[compatible_vector_array_pair6-&lt;lambda&gt;23]" time="0.007071018218994141"></testcase><testcase classname="src.pymortests.algorithms.basic" file="src/pymortests/algorithms/basic.py" line="166" name="test_almost_equal_wrong_ind[compatible_vector_array_pair6-&lt;lambda&gt;24]" time="0.0024557113647460938"></testcase><testcase classname="src.pymortests.algorithms.basic" file="src/pymortests/algorithms/basic.py" line="166" name="test_almost_equal_wrong_ind[compatible_vector_array_pair6-&lt;lambda&gt;25]" time="0.003473520278930664"></testcase><testcase classname="src.pymortests.algorithms.basic" file="src/pymortests/algorithms/basic.py" line="166" name="test_almost_equal_wrong_ind[compatible_vector_array_pair6-&lt;lambda&gt;26]" time="0.033705949783325195"></testcase><testcase classname="src.pymortests.algorithms.basic" file="src/pymortests/algorithms/basic.py" line="166" name="test_almost_equal_wrong_ind[compatible_vector_array_pair6-&lt;lambda&gt;27]" time="0.056752681732177734"></testcase><testcase classname="src.pymortests.algorithms.basic" file="src/pymortests/algorithms/basic.py" line="166" name="test_almost_equal_wrong_ind[compatible_vector_array_pair6-&lt;lambda&gt;28]" time="0.20528936386108398"></testcase><testcase classname="src.pymortests.algorithms.basic" file="src/pymortests/algorithms/basic.py" line="166" name="test_almost_equal_wrong_ind[compatible_vector_array_pair6-&lt;lambda&gt;29]" time="0.009243488311767578"></testcase><testcase classname="src.pymortests.algorithms.basic" file="src/pymortests/algorithms/basic.py" line="166" name="test_almost_equal_wrong_ind[compatible_vector_array_pair7-&lt;lambda&gt;0]" time="0.002794504165649414"></testcase><testcase classname="src.pymortests.algorithms.basic" file="src/pymortests/algorithms/basic.py" line="166" name="test_almost_equal_wrong_ind[compatible_vector_array_pair7-&lt;lambda&gt;1]" time="0.0025408267974853516"></testcase><testcase classname="src.pymortests.algorithms.basic" file="src/pymortests/algorithms/basic.py" line="166" name="test_almost_equal_wrong_ind[compatible_vector_array_pair7-&lt;lambda&gt;2]" time="0.003880739212036133"></testcase><testcase classname="src.pymortests.algorithms.basic" file="src/pymortests/algorithms/basic.py" line="166" name="test_almost_equal_wrong_ind[compatible_vector_array_pair7-&lt;lambda&gt;3]" time="0.005323171615600586"></testcase><testcase classname="src.pymortests.algorithms.basic" file="src/pymortests/algorithms/basic.py" line="166" name="test_almost_equal_wrong_ind[compatible_vector_array_pair7-&lt;lambda&gt;4]" time="0.0053863525390625"></testcase><testcase classname="src.pymortests.algorithms.basic" file="src/pymortests/algorithms/basic.py" line="166" name="test_almost_equal_wrong_ind[compatible_vector_array_pair7-&lt;lambda&gt;5]" time="0.004058837890625"></testcase><testcase classname="src.pymortests.algorithms.basic" file="src/pymortests/algorithms/basic.py" line="166" name="test_almost_equal_wrong_ind[compatible_vector_array_pair7-&lt;lambda&gt;6]" time="0.0025970935821533203"></testcase><testcase classname="src.pymortests.algorithms.basic" file="src/pymortests/algorithms/basic.py" line="166" name="test_almost_equal_wrong_ind[compatible_vector_array_pair7-&lt;lambda&gt;7]" time="0.0026922225952148438"></testcase><testcase classname="src.pymortests.algorithms.basic" file="src/pymortests/algorithms/basic.py" line="166" name="test_almost_equal_wrong_ind[compatible_vector_array_pair7-&lt;lambda&gt;8]" time="0.01428675651550293"></testcase><testcase classname="src.pymortests.algorithms.basic" file="src/pymortests/algorithms/basic.py" line="166" name="test_almost_equal_wrong_ind[compatible_vector_array_pair7-&lt;lambda&gt;9]" time="0.02907729148864746"></testcase><testcase classname="src.pymortests.algorithms.basic" file="src/pymortests/algorithms/basic.py" line="166" name="test_almost_equal_wrong_ind[compatible_vector_array_pair7-&lt;lambda&gt;10]" time="0.10184168815612793"></testcase><testcase classname="src.pymortests.algorithms.basic" file="src/pymortests/algorithms/basic.py" line="166" name="test_almost_equal_wrong_ind[compatible_vector_array_pair7-&lt;lambda&gt;11]" time="0.006142854690551758"></testcase><testcase classname="src.pymortests.algorithms.basic" file="src/pymortests/algorithms/basic.py" line="166" name="test_almost_equal_wrong_ind[compatible_vector_array_pair7-&lt;lambda&gt;12]" time="0.004300355911254883"></testcase><testcase classname="src.pymortests.algorithms.basic" file="src/pymortests/algorithms/basic.py" line="166" name="test_almost_equal_wrong_ind[compatible_vector_array_pair7-&lt;lambda&gt;13]" time="0.007394313812255859"></testcase><testcase classname="src.pymortests.algorithms.basic" file="src/pymortests/algorithms/basic.py" line="166" name="test_almost_equal_wrong_ind[compatible_vector_array_pair7-&lt;lambda&gt;14]" time="0.0058345794677734375"></testcase><testcase classname="src.pymortests.algorithms.basic" file="src/pymortests/algorithms/basic.py" line="166" name="test_almost_equal_wrong_ind[compatible_vector_array_pair7-&lt;lambda&gt;15]" time="0.007212638854980469"></testcase><testcase classname="src.pymortests.algorithms.basic" file="src/pymortests/algorithms/basic.py" line="166" name="test_almost_equal_wrong_ind[compatible_vector_array_pair7-&lt;lambda&gt;16]" time="0.010473251342773438"></testcase><testcase classname="src.pymortests.algorithms.basic" file="src/pymortests/algorithms/basic.py" line="166" name="test_almost_equal_wrong_ind[compatible_vector_array_pair7-&lt;lambda&gt;17]" time="0.01071476936340332"></testcase><testcase classname="src.pymortests.algorithms.basic" file="src/pymortests/algorithms/basic.py" line="166" name="test_almost_equal_wrong_ind[compatible_vector_array_pair7-&lt;lambda&gt;18]" time="0.003432750701904297"></testcase><testcase classname="src.pymortests.algorithms.basic" file="src/pymortests/algorithms/basic.py" line="166" name="test_almost_equal_wrong_ind[compatible_vector_array_pair7-&lt;lambda&gt;19]" time="0.0033271312713623047"></testcase><testcase classname="src.pymortests.algorithms.basic" file="src/pymortests/algorithms/basic.py" line="166" name="test_almost_equal_wrong_ind[compatible_vector_array_pair7-&lt;lambda&gt;20]" time="0.037261009216308594"></testcase><testcase classname="src.pymortests.algorithms.basic" file="src/pymortests/algorithms/basic.py" line="166" name="test_almost_equal_wrong_ind[compatible_vector_array_pair7-&lt;lambda&gt;21]" time="0.03970026969909668"></testcase><testcase classname="src.pymortests.algorithms.basic" file="src/pymortests/algorithms/basic.py" line="166" name="test_almost_equal_wrong_ind[compatible_vector_array_pair7-&lt;lambda&gt;22]" time="0.13465452194213867"></testcase><testcase classname="src.pymortests.algorithms.basic" file="src/pymortests/algorithms/basic.py" line="166" name="test_almost_equal_wrong_ind[compatible_vector_array_pair7-&lt;lambda&gt;23]" time="0.007109165191650391"></testcase><testcase classname="src.pymortests.algorithms.basic" file="src/pymortests/algorithms/basic.py" line="166" name="test_almost_equal_wrong_ind[compatible_vector_array_pair7-&lt;lambda&gt;24]" time="0.002430438995361328"></testcase><testcase classname="src.pymortests.algorithms.basic" file="src/pymortests/algorithms/basic.py" line="166" name="test_almost_equal_wrong_ind[compatible_vector_array_pair7-&lt;lambda&gt;25]" time="0.0034270286560058594"></testcase><testcase classname="src.pymortests.algorithms.basic" file="src/pymortests/algorithms/basic.py" line="166" name="test_almost_equal_wrong_ind[compatible_vector_array_pair7-&lt;lambda&gt;26]" time="0.03380537033081055"></testcase><testcase classname="src.pymortests.algorithms.basic" file="src/pymortests/algorithms/basic.py" line="166" name="test_almost_equal_wrong_ind[compatible_vector_array_pair7-&lt;lambda&gt;27]" time="0.05667924880981445"></testcase><testcase classname="src.pymortests.algorithms.basic" file="src/pymortests/algorithms/basic.py" line="166" name="test_almost_equal_wrong_ind[compatible_vector_array_pair7-&lt;lambda&gt;28]" time="0.20406818389892578"></testcase><testcase classname="src.pymortests.algorithms.basic" file="src/pymortests/algorithms/basic.py" line="166" name="test_almost_equal_wrong_ind[compatible_vector_array_pair7-&lt;lambda&gt;29]" time="0.008810043334960938"></testcase><testcase classname="src.pymortests.algorithms.basic" file="src/pymortests/algorithms/basic.py" line="166" name="test_almost_equal_wrong_ind[compatible_vector_array_pair8-&lt;lambda&gt;0]" time="0.0027523040771484375"></testcase><testcase classname="src.pymortests.algorithms.basic" file="src/pymortests/algorithms/basic.py" line="166" name="test_almost_equal_wrong_ind[compatible_vector_array_pair8-&lt;lambda&gt;1]" time="0.002544403076171875"></testcase><testcase classname="src.pymortests.algorithms.basic" file="src/pymortests/algorithms/basic.py" line="166" name="test_almost_equal_wrong_ind[compatible_vector_array_pair8-&lt;lambda&gt;2]" time="0.003902435302734375"></testcase><testcase classname="src.pymortests.algorithms.basic" file="src/pymortests/algorithms/basic.py" line="166" name="test_almost_equal_wrong_ind[compatible_vector_array_pair8-&lt;lambda&gt;3]" time="0.0054705142974853516"></testcase><testcase classname="src.pymortests.algorithms.basic" file="src/pymortests/algorithms/basic.py" line="166" name="test_almost_equal_wrong_ind[compatible_vector_array_pair8-&lt;lambda&gt;4]" time="0.005486726760864258"></testcase><testcase classname="src.pymortests.algorithms.basic" file="src/pymortests/algorithms/basic.py" line="166" name="test_almost_equal_wrong_ind[compatible_vector_array_pair8-&lt;lambda&gt;5]" time="0.004110097885131836"></testcase><testcase classname="src.pymortests.algorithms.basic" file="src/pymortests/algorithms/basic.py" line="166" name="test_almost_equal_wrong_ind[compatible_vector_array_pair8-&lt;lambda&gt;6]" time="0.002588033676147461"></testcase><testcase classname="src.pymortests.algorithms.basic" file="src/pymortests/algorithms/basic.py" line="166" name="test_almost_equal_wrong_ind[compatible_vector_array_pair8-&lt;lambda&gt;7]" time="0.002608776092529297"></testcase><testcase classname="src.pymortests.algorithms.basic" file="src/pymortests/algorithms/basic.py" line="166" name="test_almost_equal_wrong_ind[compatible_vector_array_pair8-&lt;lambda&gt;8]" time="0.014874696731567383"></testcase><testcase classname="src.pymortests.algorithms.basic" file="src/pymortests/algorithms/basic.py" line="166" name="test_almost_equal_wrong_ind[compatible_vector_array_pair8-&lt;lambda&gt;9]" time="0.03202223777770996"></testcase><testcase classname="src.pymortests.algorithms.basic" file="src/pymortests/algorithms/basic.py" line="166" name="test_almost_equal_wrong_ind[compatible_vector_array_pair8-&lt;lambda&gt;10]" time="0.10118412971496582"></testcase><testcase classname="src.pymortests.algorithms.basic" file="src/pymortests/algorithms/basic.py" line="166" name="test_almost_equal_wrong_ind[compatible_vector_array_pair8-&lt;lambda&gt;11]" time="0.0063626766204833984"></testcase><testcase classname="src.pymortests.algorithms.basic" file="src/pymortests/algorithms/basic.py" line="166" name="test_almost_equal_wrong_ind[compatible_vector_array_pair8-&lt;lambda&gt;12]" time="0.00431513786315918"></testcase><testcase classname="src.pymortests.algorithms.basic" file="src/pymortests/algorithms/basic.py" line="166" name="test_almost_equal_wrong_ind[compatible_vector_array_pair8-&lt;lambda&gt;13]" time="0.0076177120208740234"></testcase><testcase classname="src.pymortests.algorithms.basic" file="src/pymortests/algorithms/basic.py" line="166" name="test_almost_equal_wrong_ind[compatible_vector_array_pair8-&lt;lambda&gt;14]" time="0.007612943649291992"></testcase><testcase classname="src.pymortests.algorithms.basic" file="src/pymortests/algorithms/basic.py" line="166" name="test_almost_equal_wrong_ind[compatible_vector_array_pair8-&lt;lambda&gt;15]" time="0.007515668869018555"></testcase><testcase classname="src.pymortests.algorithms.basic" file="src/pymortests/algorithms/basic.py" line="166" name="test_almost_equal_wrong_ind[compatible_vector_array_pair8-&lt;lambda&gt;16]" time="0.010627985000610352"></testcase><testcase classname="src.pymortests.algorithms.basic" file="src/pymortests/algorithms/basic.py" line="166" name="test_almost_equal_wrong_ind[compatible_vector_array_pair8-&lt;lambda&gt;17]" time="0.010739564895629883"></testcase><testcase classname="src.pymortests.algorithms.basic" file="src/pymortests/algorithms/basic.py" line="166" name="test_almost_equal_wrong_ind[compatible_vector_array_pair8-&lt;lambda&gt;18]" time="0.0032553672790527344"></testcase><testcase classname="src.pymortests.algorithms.basic" file="src/pymortests/algorithms/basic.py" line="166" name="test_almost_equal_wrong_ind[compatible_vector_array_pair8-&lt;lambda&gt;19]" time="0.0032868385314941406"></testcase><testcase classname="src.pymortests.algorithms.basic" file="src/pymortests/algorithms/basic.py" line="166" name="test_almost_equal_wrong_ind[compatible_vector_array_pair8-&lt;lambda&gt;20]" time="0.03699231147766113"></testcase><testcase classname="src.pymortests.algorithms.basic" file="src/pymortests/algorithms/basic.py" line="166" name="test_almost_equal_wrong_ind[compatible_vector_array_pair8-&lt;lambda&gt;21]" time="0.03946280479431152"></testcase><testcase classname="src.pymortests.algorithms.basic" file="src/pymortests/algorithms/basic.py" line="166" name="test_almost_equal_wrong_ind[compatible_vector_array_pair8-&lt;lambda&gt;22]" time="0.13463354110717773"></testcase><testcase classname="src.pymortests.algorithms.basic" file="src/pymortests/algorithms/basic.py" line="166" name="test_almost_equal_wrong_ind[compatible_vector_array_pair8-&lt;lambda&gt;23]" time="0.0072133541107177734"></testcase><testcase classname="src.pymortests.algorithms.basic" file="src/pymortests/algorithms/basic.py" line="166" name="test_almost_equal_wrong_ind[compatible_vector_array_pair8-&lt;lambda&gt;24]" time="0.0036885738372802734"></testcase><testcase classname="src.pymortests.algorithms.basic" file="src/pymortests/algorithms/basic.py" line="166" name="test_almost_equal_wrong_ind[compatible_vector_array_pair8-&lt;lambda&gt;25]" time="0.003510713577270508"></testcase><testcase classname="src.pymortests.algorithms.basic" file="src/pymortests/algorithms/basic.py" line="166" name="test_almost_equal_wrong_ind[compatible_vector_array_pair8-&lt;lambda&gt;26]" time="0.03339529037475586"></testcase><testcase classname="src.pymortests.algorithms.basic" file="src/pymortests/algorithms/basic.py" line="166" name="test_almost_equal_wrong_ind[compatible_vector_array_pair8-&lt;lambda&gt;27]" time="0.0563359260559082"></testcase><testcase classname="src.pymortests.algorithms.basic" file="src/pymortests/algorithms/basic.py" line="166" name="test_almost_equal_wrong_ind[compatible_vector_array_pair8-&lt;lambda&gt;28]" time="0.20357918739318848"></testcase><testcase classname="src.pymortests.algorithms.basic" file="src/pymortests/algorithms/basic.py" line="166" name="test_almost_equal_wrong_ind[compatible_vector_array_pair8-&lt;lambda&gt;29]" time="0.00859975814819336"></testcase><testcase classname="src.pymortests.algorithms.basic" file="src/pymortests/algorithms/basic.py" line="178" name="test_project_array" time="0.001962423324584961"></testcase><testcase classname="src.pymortests.algorithms.basic" file="src/pymortests/algorithms/basic.py" line="188" name="test_project_array_with_product" time="0.002336740493774414"></testcase><testcase classname="src.pymortests.algorithms.gram_schmidt" file="src/pymortests/algorithms/gram_schmidt.py" line="12" name="test_gram_schmidt[0-&lt;lambda&gt;0]" time="0.002146482467651367"></testcase><testcase classname="src.pymortests.algorithms.gram_schmidt" file="src/pymortests/algorithms/gram_schmidt.py" line="12" name="test_gram_schmidt[0-&lt;lambda&gt;1]" time="0.0016787052154541016"></testcase><testcase classname="src.pymortests.algorithms.gram_schmidt" file="src/pymortests/algorithms/gram_schmidt.py" line="12" name="test_gram_schmidt[0-&lt;lambda&gt;2]" time="0.0019195079803466797"></testcase><testcase classname="src.pymortests.algorithms.gram_schmidt" file="src/pymortests/algorithms/gram_schmidt.py" line="12" name="test_gram_schmidt[0-&lt;lambda&gt;3]" time="0.0979757308959961"><system-err>17:53 gram_schmidt: Orthonormalizing vector 31 again
17:53 gram_schmidt: Removing linearly dependent vector 32
17:53 gram_schmidt: Removing linearly dependent vector 33
17:53 gram_schmidt: Removing linearly dependent vector 34
17:53 gram_schmidt: Removing linearly dependent vector 35
17:53 gram_schmidt: Removing linearly dependent vector 36
17:53 gram_schmidt: Removing linearly dependent vector 37
17:53 gram_schmidt: Removing linearly dependent vector 38
17:53 gram_schmidt: Removing linearly dependent vector 39
17:53 gram_schmidt: Removing linearly dependent vector 40
17:53 gram_schmidt: Removing linearly dependent vector 41
17:53 gram_schmidt: Removing linearly dependent vector 42
17:53 gram_schmidt: Orthonormalizing vector 31 again
17:53 gram_schmidt: Removing linearly dependent vector 32
17:53 gram_schmidt: Removing linearly dependent vector 33
17:53 gram_schmidt: Removing linearly dependent vector 34
17:53 gram_schmidt: Removing linearly dependent vector 35
17:53 gram_schmidt: Removing linearly dependent vector 36
17:53 gram_schmidt: Removing linearly dependent vector 37
17:53 gram_schmidt: Removing linearly dependent vector 38
17:53 gram_schmidt: Removing linearly dependent vector 39
17:53 gram_schmidt: Removing linearly dependent vector 40
17:53 gram_schmidt: Removing linearly dependent vector 41
17:53 gram_schmidt: Removing linearly dependent vector 42
</system-err></testcase><testcase classname="src.pymortests.algorithms.gram_schmidt" file="src/pymortests/algorithms/gram_schmidt.py" line="12" name="test_gram_schmidt[0-&lt;lambda&gt;4]" time="0.02053380012512207"><system-err>17:53 gram_schmidt: Removing vector 0 of norm 0.0
17:53 gram_schmidt: Removing vector 1 of norm 0.0
17:53 gram_schmidt: Removing vector 2 of norm 0.0
17:53 gram_schmidt: Removing vector 3 of norm 0.0
17:53 gram_schmidt: Removing vector 4 of norm 0.0
17:53 gram_schmidt: Removing vector 5 of norm 0.0
17:53 gram_schmidt: Removing vector 6 of norm 0.0
17:53 gram_schmidt: Removing vector 7 of norm 0.0
17:53 gram_schmidt: Removing vector 8 of norm 0.0
17:53 gram_schmidt: Removing vector 9 of norm 0.0
17:53 gram_schmidt: Removing vector 10 of norm 0.0
17:53 gram_schmidt: Removing vector 11 of norm 0.0
17:53 gram_schmidt: Removing vector 12 of norm 0.0
17:53 gram_schmidt: Removing vector 13 of norm 0.0
17:53 gram_schmidt: Removing vector 14 of norm 0.0
17:53 gram_schmidt: Removing vector 15 of norm 0.0
17:53 gram_schmidt: Removing vector 16 of norm 0.0
17:53 gram_schmidt: Removing vector 17 of norm 0.0
17:53 gram_schmidt: Removing vector 18 of norm 0.0
17:53 gram_schmidt: Removing vector 19 of norm 0.0
17:53 gram_schmidt: Removing vector 20 of norm 0.0
17:53 gram_schmidt: Removing vector 21 of norm 0.0
17:53 gram_schmidt: Removing vector 22 of norm 0.0
17:53 gram_schmidt: Removing vector 23 of norm 0.0
17:53 gram_schmidt: Removing vector 24 of norm 0.0
17:53 gram_schmidt: Removing vector 25 of norm 0.0
17:53 gram_schmidt: Removing vector 26 of norm 0.0
17:53 gram_schmidt: Removing vector 27 of norm 0.0
17:53 gram_schmidt: Removing vector 28 of norm 0.0
17:53 gram_schmidt: Removing vector 29 of norm 0.0
17:53 gram_schmidt: Removing vector 30 of norm 0.0
17:53 gram_schmidt: Removing vector 31 of norm 0.0
17:53 gram_schmidt: Removing vector 32 of norm 0.0
17:53 gram_schmidt: Removing vector 33 of norm 0.0
17:53 gram_schmidt: Removing vector 34 of norm 0.0
17:53 gram_schmidt: Removing vector 35 of norm 0.0
17:53 gram_schmidt: Removing vector 36 of norm 0.0
17:53 gram_schmidt: Removing vector 37 of norm 0.0
17:53 gram_schmidt: Removing vector 38 of norm 0.0
17:53 gram_schmidt: Removing vector 39 of norm 0.0
17:53 gram_schmidt: Removing vector 40 of norm 0.0
17:53 gram_schmidt: Removing vector 41 of norm 0.0
17:53 gram_schmidt: Removing vector 42 of norm 0.0
17:53 gram_schmidt: Removing vector 43 of norm 0.0
17:53 gram_schmidt: Removing vector 44 of norm 0.0
17:53 gram_schmidt: Removing vector 45 of norm 0.0
17:53 gram_schmidt: Removing vector 46 of norm 0.0
17:53 gram_schmidt: Removing vector 47 of norm 0.0
17:53 gram_schmidt: Removing vector 48 of norm 0.0
17:53 gram_schmidt: Removing vector 49 of norm 0.0
17:53 gram_schmidt: Removing vector 50 of norm 0.0
17:53 gram_schmidt: Removing vector 51 of norm 0.0
17:53 gram_schmidt: Removing vector 52 of norm 0.0
17:53 gram_schmidt: Removing vector 53 of norm 0.0
17:53 gram_schmidt: Removing vector 54 of norm 0.0
17:53 gram_schmidt: Removing vector 55 of norm 0.0
17:53 gram_schmidt: Removing vector 56 of norm 0.0
17:53 gram_schmidt: Removing vector 57 of norm 0.0
17:53 gram_schmidt: Removing vector 58 of norm 0.0
17:53 gram_schmidt: Removing vector 59 of norm 0.0
17:53 gram_schmidt: Removing vector 60 of norm 0.0
17:53 gram_schmidt: Removing vector 61 of norm 0.0
17:53 gram_schmidt: Removing vector 62 of norm 0.0
17:53 gram_schmidt: Removing vector 63 of norm 0.0
17:53 gram_schmidt: Removing vector 64 of norm 0.0
17:53 gram_schmidt: Removing vector 65 of norm 0.0
17:53 gram_schmidt: Removing vector 66 of norm 0.0
17:53 gram_schmidt: Removing vector 67 of norm 0.0
17:53 gram_schmidt: Removing vector 68 of norm 0.0
17:53 gram_schmidt: Removing vector 69 of norm 0.0
17:53 gram_schmidt: Removing vector 70 of norm 0.0
17:53 gram_schmidt: Removing vector 71 of norm 0.0
17:53 gram_schmidt: Removing vector 72 of norm 0.0
17:53 gram_schmidt: Removing vector 73 of norm 0.0
17:53 gram_schmidt: Removing vector 74 of norm 0.0
17:53 gram_schmidt: Removing vector 75 of norm 0.0
17:53 gram_schmidt: Removing vector 76 of norm 0.0
17:53 gram_schmidt: Removing vector 77 of norm 0.0
17:53 gram_schmidt: Removing vector 78 of norm 0.0
17:53 gram_schmidt: Removing vector 79 of norm 0.0
17:53 gram_schmidt: Removing vector 80 of norm 0.0
17:53 gram_schmidt: Removing vector 81 of norm 0.0
17:53 gram_schmidt: Removing vector 82 of norm 0.0
17:53 gram_schmidt: Removing vector 83 of norm 0.0
17:53 gram_schmidt: Removing vector 84 of norm 0.0
17:53 gram_schmidt: Removing vector 85 of norm 0.0
17:53 gram_schmidt: Removing vector 86 of norm 0.0
17:53 gram_schmidt: Removing vector 87 of norm 0.0
17:53 gram_schmidt: Removing vector 88 of norm 0.0
17:53 gram_schmidt: Removing vector 89 of norm 0.0
17:53 gram_schmidt: Removing vector 90 of norm 0.0
17:53 gram_schmidt: Removing vector 91 of norm 0.0
17:53 gram_schmidt: Removing vector 92 of norm 0.0
17:53 gram_schmidt: Removing vector 93 of norm 0.0
17:53 gram_schmidt: Removing vector 94 of norm 0.0
17:53 gram_schmidt: Removing vector 95 of norm 0.0
17:53 gram_schmidt: Removing vector 96 of norm 0.0
17:53 gram_schmidt: Removing vector 97 of norm 0.0
17:53 gram_schmidt: Removing vector 98 of norm 0.0
17:53 gram_schmidt: Removing vector 99 of norm 0.0
17:53 gram_schmidt: Removing vector 100 of norm 0.0
17:53 gram_schmidt: Removing vector 101 of norm 0.0
17:53 gram_schmidt: Removing vector 0 of norm 0.0
17:53 gram_schmidt: Removing vector 1 of norm 0.0
17:53 gram_schmidt: Removing vector 2 of norm 0.0
17:53 gram_schmidt: Removing vector 3 of norm 0.0
17:53 gram_schmidt: Removing vector 4 of norm 0.0
17:53 gram_schmidt: Removing vector 5 of norm 0.0
17:53 gram_schmidt: Removing vector 6 of norm 0.0
17:53 gram_schmidt: Removing vector 7 of norm 0.0
17:53 gram_schmidt: Removing vector 8 of norm 0.0
17:53 gram_schmidt: Removing vector 9 of norm 0.0
17:53 gram_schmidt: Removing vector 10 of norm 0.0
17:53 gram_schmidt: Removing vector 11 of norm 0.0
17:53 gram_schmidt: Removing vector 12 of norm 0.0
17:53 gram_schmidt: Removing vector 13 of norm 0.0
17:53 gram_schmidt: Removing vector 14 of norm 0.0
17:53 gram_schmidt: Removing vector 15 of norm 0.0
17:53 gram_schmidt: Removing vector 16 of norm 0.0
17:53 gram_schmidt: Removing vector 17 of norm 0.0
17:53 gram_schmidt: Removing vector 18 of norm 0.0
17:53 gram_schmidt: Removing vector 19 of norm 0.0
17:53 gram_schmidt: Removing vector 20 of norm 0.0
17:53 gram_schmidt: Removing vector 21 of norm 0.0
17:53 gram_schmidt: Removing vector 22 of norm 0.0
17:53 gram_schmidt: Removing vector 23 of norm 0.0
17:53 gram_schmidt: Removing vector 24 of norm 0.0
17:53 gram_schmidt: Removing vector 25 of norm 0.0
17:53 gram_schmidt: Removing vector 26 of norm 0.0
17:53 gram_schmidt: Removing vector 27 of norm 0.0
17:53 gram_schmidt: Removing vector 28 of norm 0.0
17:53 gram_schmidt: Removing vector 29 of norm 0.0
17:53 gram_schmidt: Removing vector 30 of norm 0.0
17:53 gram_schmidt: Removing vector 31 of norm 0.0
17:53 gram_schmidt: Removing vector 32 of norm 0.0
17:53 gram_schmidt: Removing vector 33 of norm 0.0
17:53 gram_schmidt: Removing vector 34 of norm 0.0
17:53 gram_schmidt: Removing vector 35 of norm 0.0
17:53 gram_schmidt: Removing vector 36 of norm 0.0
17:53 gram_schmidt: Removing vector 37 of norm 0.0
17:53 gram_schmidt: Removing vector 38 of norm 0.0
17:53 gram_schmidt: Removing vector 39 of norm 0.0
17:53 gram_schmidt: Removing vector 40 of norm 0.0
17:53 gram_schmidt: Removing vector 41 of norm 0.0
17:53 gram_schmidt: Removing vector 42 of norm 0.0
17:53 gram_schmidt: Removing vector 43 of norm 0.0
17:53 gram_schmidt: Removing vector 44 of norm 0.0
17:53 gram_schmidt: Removing vector 45 of norm 0.0
17:53 gram_schmidt: Removing vector 46 of norm 0.0
17:53 gram_schmidt: Removing vector 47 of norm 0.0
17:53 gram_schmidt: Removing vector 48 of norm 0.0
17:53 gram_schmidt: Removing vector 49 of norm 0.0
17:53 gram_schmidt: Removing vector 50 of norm 0.0
17:53 gram_schmidt: Removing vector 51 of norm 0.0
17:53 gram_schmidt: Removing vector 52 of norm 0.0
17:53 gram_schmidt: Removing vector 53 of norm 0.0
17:53 gram_schmidt: Removing vector 54 of norm 0.0
17:53 gram_schmidt: Removing vector 55 of norm 0.0
17:53 gram_schmidt: Removing vector 56 of norm 0.0
17:53 gram_schmidt: Removing vector 57 of norm 0.0
17:53 gram_schmidt: Removing vector 58 of norm 0.0
17:53 gram_schmidt: Removing vector 59 of norm 0.0
17:53 gram_schmidt: Removing vector 60 of norm 0.0
17:53 gram_schmidt: Removing vector 61 of norm 0.0
17:53 gram_schmidt: Removing vector 62 of norm 0.0
17:53 gram_schmidt: Removing vector 63 of norm 0.0
17:53 gram_schmidt: Removing vector 64 of norm 0.0
17:53 gram_schmidt: Removing vector 65 of norm 0.0
17:53 gram_schmidt: Removing vector 66 of norm 0.0
17:53 gram_schmidt: Removing vector 67 of norm 0.0
17:53 gram_schmidt: Removing vector 68 of norm 0.0
17:53 gram_schmidt: Removing vector 69 of norm 0.0
17:53 gram_schmidt: Removing vector 70 of norm 0.0
17:53 gram_schmidt: Removing vector 71 of norm 0.0
17:53 gram_schmidt: Removing vector 72 of norm 0.0
17:53 gram_schmidt: Removing vector 73 of norm 0.0
17:53 gram_schmidt: Removing vector 74 of norm 0.0
17:53 gram_schmidt: Removing vector 75 of norm 0.0
17:53 gram_schmidt: Removing vector 76 of norm 0.0
17:53 gram_schmidt: Removing vector 77 of norm 0.0
17:53 gram_schmidt: Removing vector 78 of norm 0.0
17:53 gram_schmidt: Removing vector 79 of norm 0.0
17:53 gram_schmidt: Removing vector 80 of norm 0.0
17:53 gram_schmidt: Removing vector 81 of norm 0.0
17:53 gram_schmidt: Removing vector 82 of norm 0.0
17:53 gram_schmidt: Removing vector 83 of norm 0.0
17:53 gram_schmidt: Removing vector 84 of norm 0.0
17:53 gram_schmidt: Removing vector 85 of norm 0.0
17:53 gram_schmidt: Removing vector 86 of norm 0.0
17:53 gram_schmidt: Removing vector 87 of norm 0.0
17:53 gram_schmidt: Removing vector 88 of norm 0.0
17:53 gram_schmidt: Removing vector 89 of norm 0.0
17:53 gram_schmidt: Removing vector 90 of norm 0.0
17:53 gram_schmidt: Removing vector 91 of norm 0.0
17:53 gram_schmidt: Removing vector 92 of norm 0.0
17:53 gram_schmidt: Removing vector 93 of norm 0.0
17:53 gram_schmidt: Removing vector 94 of norm 0.0
17:53 gram_schmidt: Removing vector 95 of norm 0.0
17:53 gram_schmidt: Removing vector 96 of norm 0.0
17:53 gram_schmidt: Removing vector 97 of norm 0.0
17:53 gram_schmidt: Removing vector 98 of norm 0.0
17:53 gram_schmidt: Removing vector 99 of norm 0.0
17:53 gram_schmidt: Removing vector 100 of norm 0.0
17:53 gram_schmidt: Removing vector 101 of norm 0.0
</system-err></testcase><testcase classname="src.pymortests.algorithms.gram_schmidt" file="src/pymortests/algorithms/gram_schmidt.py" line="12" name="test_gram_schmidt[0-&lt;lambda&gt;5]" time="0.002512216567993164"></testcase><testcase classname="src.pymortests.algorithms.gram_schmidt" file="src/pymortests/algorithms/gram_schmidt.py" line="12" name="test_gram_schmidt[0-&lt;lambda&gt;6]" time="0.0017690658569335938"></testcase><testcase classname="src.pymortests.algorithms.gram_schmidt" file="src/pymortests/algorithms/gram_schmidt.py" line="12" name="test_gram_schmidt[0-&lt;lambda&gt;7]" time="0.002262115478515625"></testcase><testcase classname="src.pymortests.algorithms.gram_schmidt" file="src/pymortests/algorithms/gram_schmidt.py" line="12" name="test_gram_schmidt[0-&lt;lambda&gt;8]" time="0.19384098052978516"><system-err>17:53 gram_schmidt: Orthonormalizing vector 31 again
17:53 gram_schmidt: Removing linearly dependent vector 32
17:53 gram_schmidt: Removing linearly dependent vector 33
17:53 gram_schmidt: Removing linearly dependent vector 34
17:53 gram_schmidt: Removing linearly dependent vector 35
17:53 gram_schmidt: Removing linearly dependent vector 36
17:53 gram_schmidt: Removing linearly dependent vector 37
17:53 gram_schmidt: Removing linearly dependent vector 38
17:53 gram_schmidt: Removing linearly dependent vector 39
17:53 gram_schmidt: Removing linearly dependent vector 40
17:53 gram_schmidt: Removing linearly dependent vector 41
17:53 gram_schmidt: Removing linearly dependent vector 42
17:53 gram_schmidt: Orthonormalizing vector 31 again
17:53 gram_schmidt: Removing linearly dependent vector 32
17:53 gram_schmidt: Removing linearly dependent vector 33
17:53 gram_schmidt: Removing linearly dependent vector 34
17:53 gram_schmidt: Removing linearly dependent vector 35
17:54 gram_schmidt: Removing linearly dependent vector 36
17:54 gram_schmidt: Removing linearly dependent vector 37
17:54 gram_schmidt: Removing linearly dependent vector 38
17:54 gram_schmidt: Removing linearly dependent vector 39
17:54 gram_schmidt: Removing linearly dependent vector 40
17:54 gram_schmidt: Removing linearly dependent vector 41
17:54 gram_schmidt: Removing linearly dependent vector 42
</system-err></testcase><testcase classname="src.pymortests.algorithms.gram_schmidt" file="src/pymortests/algorithms/gram_schmidt.py" line="12" name="test_gram_schmidt[0-&lt;lambda&gt;9]" time="0.026136398315429688"><system-err>17:54 gram_schmidt: Removing vector 0 of norm 0.0
17:54 gram_schmidt: Removing vector 1 of norm 0.0
17:54 gram_schmidt: Removing vector 2 of norm 0.0
17:54 gram_schmidt: Removing vector 3 of norm 0.0
17:54 gram_schmidt: Removing vector 4 of norm 0.0
17:54 gram_schmidt: Removing vector 5 of norm 0.0
17:54 gram_schmidt: Removing vector 6 of norm 0.0
17:54 gram_schmidt: Removing vector 7 of norm 0.0
17:54 gram_schmidt: Removing vector 8 of norm 0.0
17:54 gram_schmidt: Removing vector 9 of norm 0.0
17:54 gram_schmidt: Removing vector 10 of norm 0.0
17:54 gram_schmidt: Removing vector 11 of norm 0.0
17:54 gram_schmidt: Removing vector 12 of norm 0.0
17:54 gram_schmidt: Removing vector 13 of norm 0.0
17:54 gram_schmidt: Removing vector 14 of norm 0.0
17:54 gram_schmidt: Removing vector 15 of norm 0.0
17:54 gram_schmidt: Removing vector 16 of norm 0.0
17:54 gram_schmidt: Removing vector 17 of norm 0.0
17:54 gram_schmidt: Removing vector 18 of norm 0.0
17:54 gram_schmidt: Removing vector 19 of norm 0.0
17:54 gram_schmidt: Removing vector 20 of norm 0.0
17:54 gram_schmidt: Removing vector 21 of norm 0.0
17:54 gram_schmidt: Removing vector 22 of norm 0.0
17:54 gram_schmidt: Removing vector 23 of norm 0.0
17:54 gram_schmidt: Removing vector 24 of norm 0.0
17:54 gram_schmidt: Removing vector 25 of norm 0.0
17:54 gram_schmidt: Removing vector 26 of norm 0.0
17:54 gram_schmidt: Removing vector 27 of norm 0.0
17:54 gram_schmidt: Removing vector 28 of norm 0.0
17:54 gram_schmidt: Removing vector 29 of norm 0.0
17:54 gram_schmidt: Removing vector 30 of norm 0.0
17:54 gram_schmidt: Removing vector 31 of norm 0.0
17:54 gram_schmidt: Removing vector 32 of norm 0.0
17:54 gram_schmidt: Removing vector 33 of norm 0.0
17:54 gram_schmidt: Removing vector 34 of norm 0.0
17:54 gram_schmidt: Removing vector 35 of norm 0.0
17:54 gram_schmidt: Removing vector 36 of norm 0.0
17:54 gram_schmidt: Removing vector 37 of norm 0.0
17:54 gram_schmidt: Removing vector 38 of norm 0.0
17:54 gram_schmidt: Removing vector 39 of norm 0.0
17:54 gram_schmidt: Removing vector 40 of norm 0.0
17:54 gram_schmidt: Removing vector 41 of norm 0.0
17:54 gram_schmidt: Removing vector 42 of norm 0.0
17:54 gram_schmidt: Removing vector 43 of norm 0.0
17:54 gram_schmidt: Removing vector 44 of norm 0.0
17:54 gram_schmidt: Removing vector 45 of norm 0.0
17:54 gram_schmidt: Removing vector 46 of norm 0.0
17:54 gram_schmidt: Removing vector 47 of norm 0.0
17:54 gram_schmidt: Removing vector 48 of norm 0.0
17:54 gram_schmidt: Removing vector 49 of norm 0.0
17:54 gram_schmidt: Removing vector 50 of norm 0.0
17:54 gram_schmidt: Removing vector 51 of norm 0.0
17:54 gram_schmidt: Removing vector 52 of norm 0.0
17:54 gram_schmidt: Removing vector 53 of norm 0.0
17:54 gram_schmidt: Removing vector 54 of norm 0.0
17:54 gram_schmidt: Removing vector 55 of norm 0.0
17:54 gram_schmidt: Removing vector 56 of norm 0.0
17:54 gram_schmidt: Removing vector 57 of norm 0.0
17:54 gram_schmidt: Removing vector 58 of norm 0.0
17:54 gram_schmidt: Removing vector 59 of norm 0.0
17:54 gram_schmidt: Removing vector 60 of norm 0.0
17:54 gram_schmidt: Removing vector 61 of norm 0.0
17:54 gram_schmidt: Removing vector 62 of norm 0.0
17:54 gram_schmidt: Removing vector 63 of norm 0.0
17:54 gram_schmidt: Removing vector 64 of norm 0.0
17:54 gram_schmidt: Removing vector 65 of norm 0.0
17:54 gram_schmidt: Removing vector 66 of norm 0.0
17:54 gram_schmidt: Removing vector 67 of norm 0.0
17:54 gram_schmidt: Removing vector 68 of norm 0.0
17:54 gram_schmidt: Removing vector 69 of norm 0.0
17:54 gram_schmidt: Removing vector 70 of norm 0.0
17:54 gram_schmidt: Removing vector 71 of norm 0.0
17:54 gram_schmidt: Removing vector 72 of norm 0.0
17:54 gram_schmidt: Removing vector 73 of norm 0.0
17:54 gram_schmidt: Removing vector 74 of norm 0.0
17:54 gram_schmidt: Removing vector 75 of norm 0.0
17:54 gram_schmidt: Removing vector 76 of norm 0.0
17:54 gram_schmidt: Removing vector 77 of norm 0.0
17:54 gram_schmidt: Removing vector 78 of norm 0.0
17:54 gram_schmidt: Removing vector 79 of norm 0.0
17:54 gram_schmidt: Removing vector 80 of norm 0.0
17:54 gram_schmidt: Removing vector 81 of norm 0.0
17:54 gram_schmidt: Removing vector 82 of norm 0.0
17:54 gram_schmidt: Removing vector 83 of norm 0.0
17:54 gram_schmidt: Removing vector 84 of norm 0.0
17:54 gram_schmidt: Removing vector 85 of norm 0.0
17:54 gram_schmidt: Removing vector 86 of norm 0.0
17:54 gram_schmidt: Removing vector 87 of norm 0.0
17:54 gram_schmidt: Removing vector 88 of norm 0.0
17:54 gram_schmidt: Removing vector 89 of norm 0.0
17:54 gram_schmidt: Removing vector 90 of norm 0.0
17:54 gram_schmidt: Removing vector 91 of norm 0.0
17:54 gram_schmidt: Removing vector 92 of norm 0.0
17:54 gram_schmidt: Removing vector 93 of norm 0.0
17:54 gram_schmidt: Removing vector 94 of norm 0.0
17:54 gram_schmidt: Removing vector 95 of norm 0.0
17:54 gram_schmidt: Removing vector 96 of norm 0.0
17:54 gram_schmidt: Removing vector 97 of norm 0.0
17:54 gram_schmidt: Removing vector 98 of norm 0.0
17:54 gram_schmidt: Removing vector 99 of norm 0.0
17:54 gram_schmidt: Removing vector 100 of norm 0.0
17:54 gram_schmidt: Removing vector 101 of norm 0.0
17:54 gram_schmidt: Removing vector 0 of norm 0.0
17:54 gram_schmidt: Removing vector 1 of norm 0.0
17:54 gram_schmidt: Removing vector 2 of norm 0.0
17:54 gram_schmidt: Removing vector 3 of norm 0.0
17:54 gram_schmidt: Removing vector 4 of norm 0.0
17:54 gram_schmidt: Removing vector 5 of norm 0.0
17:54 gram_schmidt: Removing vector 6 of norm 0.0
17:54 gram_schmidt: Removing vector 7 of norm 0.0
17:54 gram_schmidt: Removing vector 8 of norm 0.0
17:54 gram_schmidt: Removing vector 9 of norm 0.0
17:54 gram_schmidt: Removing vector 10 of norm 0.0
17:54 gram_schmidt: Removing vector 11 of norm 0.0
17:54 gram_schmidt: Removing vector 12 of norm 0.0
17:54 gram_schmidt: Removing vector 13 of norm 0.0
17:54 gram_schmidt: Removing vector 14 of norm 0.0
17:54 gram_schmidt: Removing vector 15 of norm 0.0
17:54 gram_schmidt: Removing vector 16 of norm 0.0
17:54 gram_schmidt: Removing vector 17 of norm 0.0
17:54 gram_schmidt: Removing vector 18 of norm 0.0
17:54 gram_schmidt: Removing vector 19 of norm 0.0
17:54 gram_schmidt: Removing vector 20 of norm 0.0
17:54 gram_schmidt: Removing vector 21 of norm 0.0
17:54 gram_schmidt: Removing vector 22 of norm 0.0
17:54 gram_schmidt: Removing vector 23 of norm 0.0
17:54 gram_schmidt: Removing vector 24 of norm 0.0
17:54 gram_schmidt: Removing vector 25 of norm 0.0
17:54 gram_schmidt: Removing vector 26 of norm 0.0
17:54 gram_schmidt: Removing vector 27 of norm 0.0
17:54 gram_schmidt: Removing vector 28 of norm 0.0
17:54 gram_schmidt: Removing vector 29 of norm 0.0
17:54 gram_schmidt: Removing vector 30 of norm 0.0
17:54 gram_schmidt: Removing vector 31 of norm 0.0
17:54 gram_schmidt: Removing vector 32 of norm 0.0
17:54 gram_schmidt: Removing vector 33 of norm 0.0
17:54 gram_schmidt: Removing vector 34 of norm 0.0
17:54 gram_schmidt: Removing vector 35 of norm 0.0
17:54 gram_schmidt: Removing vector 36 of norm 0.0
17:54 gram_schmidt: Removing vector 37 of norm 0.0
17:54 gram_schmidt: Removing vector 38 of norm 0.0
17:54 gram_schmidt: Removing vector 39 of norm 0.0
17:54 gram_schmidt: Removing vector 40 of norm 0.0
17:54 gram_schmidt: Removing vector 41 of norm 0.0
17:54 gram_schmidt: Removing vector 42 of norm 0.0
17:54 gram_schmidt: Removing vector 43 of norm 0.0
17:54 gram_schmidt: Removing vector 44 of norm 0.0
17:54 gram_schmidt: Removing vector 45 of norm 0.0
17:54 gram_schmidt: Removing vector 46 of norm 0.0
17:54 gram_schmidt: Removing vector 47 of norm 0.0
17:54 gram_schmidt: Removing vector 48 of norm 0.0
17:54 gram_schmidt: Removing vector 49 of norm 0.0
17:54 gram_schmidt: Removing vector 50 of norm 0.0
17:54 gram_schmidt: Removing vector 51 of norm 0.0
17:54 gram_schmidt: Removing vector 52 of norm 0.0
17:54 gram_schmidt: Removing vector 53 of norm 0.0
17:54 gram_schmidt: Removing vector 54 of norm 0.0
17:54 gram_schmidt: Removing vector 55 of norm 0.0
17:54 gram_schmidt: Removing vector 56 of norm 0.0
17:54 gram_schmidt: Removing vector 57 of norm 0.0
17:54 gram_schmidt: Removing vector 58 of norm 0.0
17:54 gram_schmidt: Removing vector 59 of norm 0.0
17:54 gram_schmidt: Removing vector 60 of norm 0.0
17:54 gram_schmidt: Removing vector 61 of norm 0.0
17:54 gram_schmidt: Removing vector 62 of norm 0.0
17:54 gram_schmidt: Removing vector 63 of norm 0.0
17:54 gram_schmidt: Removing vector 64 of norm 0.0
17:54 gram_schmidt: Removing vector 65 of norm 0.0
17:54 gram_schmidt: Removing vector 66 of norm 0.0
17:54 gram_schmidt: Removing vector 67 of norm 0.0
17:54 gram_schmidt: Removing vector 68 of norm 0.0
17:54 gram_schmidt: Removing vector 69 of norm 0.0
17:54 gram_schmidt: Removing vector 70 of norm 0.0
17:54 gram_schmidt: Removing vector 71 of norm 0.0
17:54 gram_schmidt: Removing vector 72 of norm 0.0
17:54 gram_schmidt: Removing vector 73 of norm 0.0
17:54 gram_schmidt: Removing vector 74 of norm 0.0
17:54 gram_schmidt: Removing vector 75 of norm 0.0
17:54 gram_schmidt: Removing vector 76 of norm 0.0
17:54 gram_schmidt: Removing vector 77 of norm 0.0
17:54 gram_schmidt: Removing vector 78 of norm 0.0
17:54 gram_schmidt: Removing vector 79 of norm 0.0
17:54 gram_schmidt: Removing vector 80 of norm 0.0
17:54 gram_schmidt: Removing vector 81 of norm 0.0
17:54 gram_schmidt: Removing vector 82 of norm 0.0
17:54 gram_schmidt: Removing vector 83 of norm 0.0
17:54 gram_schmidt: Removing vector 84 of norm 0.0
17:54 gram_schmidt: Removing vector 85 of norm 0.0
17:54 gram_schmidt: Removing vector 86 of norm 0.0
17:54 gram_schmidt: Removing vector 87 of norm 0.0
17:54 gram_schmidt: Removing vector 88 of norm 0.0
17:54 gram_schmidt: Removing vector 89 of norm 0.0
17:54 gram_schmidt: Removing vector 90 of norm 0.0
17:54 gram_schmidt: Removing vector 91 of norm 0.0
17:54 gram_schmidt: Removing vector 92 of norm 0.0
17:54 gram_schmidt: Removing vector 93 of norm 0.0
17:54 gram_schmidt: Removing vector 94 of norm 0.0
17:54 gram_schmidt: Removing vector 95 of norm 0.0
17:54 gram_schmidt: Removing vector 96 of norm 0.0
17:54 gram_schmidt: Removing vector 97 of norm 0.0
17:54 gram_schmidt: Removing vector 98 of norm 0.0
17:54 gram_schmidt: Removing vector 99 of norm 0.0
17:54 gram_schmidt: Removing vector 100 of norm 0.0
17:54 gram_schmidt: Removing vector 101 of norm 0.0
</system-err></testcase><testcase classname="src.pymortests.algorithms.gram_schmidt" file="src/pymortests/algorithms/gram_schmidt.py" line="12" name="test_gram_schmidt[0-&lt;lambda&gt;10]" time="0.0033333301544189453"></testcase><testcase classname="src.pymortests.algorithms.gram_schmidt" file="src/pymortests/algorithms/gram_schmidt.py" line="12" name="test_gram_schmidt[0-&lt;lambda&gt;11]" time="0.006472349166870117"><system-err>17:54 gram_schmidt: Removing linearly dependent vector 3
17:54 gram_schmidt: Removing linearly dependent vector 3
</system-err></testcase><testcase classname="src.pymortests.algorithms.gram_schmidt" file="src/pymortests/algorithms/gram_schmidt.py" line="12" name="test_gram_schmidt[0-&lt;lambda&gt;12]" time="0.0037326812744140625"><system-err>17:54 gram_schmidt: Removing vector 0 of norm 0.0
17:54 gram_schmidt: Removing vector 1 of norm 0.0
17:54 gram_schmidt: Removing vector 2 of norm 0.0
17:54 gram_schmidt: Removing vector 0 of norm 0.0
17:54 gram_schmidt: Removing vector 1 of norm 0.0
17:54 gram_schmidt: Removing vector 2 of norm 0.0
</system-err></testcase><testcase classname="src.pymortests.algorithms.gram_schmidt" file="src/pymortests/algorithms/gram_schmidt.py" line="12" name="test_gram_schmidt[0-&lt;lambda&gt;13]" time="0.0024101734161376953"></testcase><testcase classname="src.pymortests.algorithms.gram_schmidt" file="src/pymortests/algorithms/gram_schmidt.py" line="12" name="test_gram_schmidt[0-&lt;lambda&gt;14]" time="0.004442453384399414"></testcase><testcase classname="src.pymortests.algorithms.gram_schmidt" file="src/pymortests/algorithms/gram_schmidt.py" line="12" name="test_gram_schmidt[0-&lt;lambda&gt;15]" time="0.3579127788543701"><system-err>17:54 gram_schmidt: Removing linearly dependent vector 36
17:54 gram_schmidt: Removing linearly dependent vector 37
17:54 gram_schmidt: Removing linearly dependent vector 38
17:54 gram_schmidt: Removing linearly dependent vector 39
17:54 gram_schmidt: Removing linearly dependent vector 40
17:54 gram_schmidt: Removing linearly dependent vector 41
17:54 gram_schmidt: Removing linearly dependent vector 42
17:54 gram_schmidt: Removing linearly dependent vector 36
17:54 gram_schmidt: Removing linearly dependent vector 37
17:54 gram_schmidt: Removing linearly dependent vector 38
17:54 gram_schmidt: Removing linearly dependent vector 39
17:54 gram_schmidt: Removing linearly dependent vector 40
17:54 gram_schmidt: Removing linearly dependent vector 41
17:54 gram_schmidt: Removing linearly dependent vector 42
</system-err></testcase><testcase classname="src.pymortests.algorithms.gram_schmidt" file="src/pymortests/algorithms/gram_schmidt.py" line="12" name="test_gram_schmidt[0-&lt;lambda&gt;16]" time="0.17638635635375977"><system-err>17:54 gram_schmidt: Removing linearly dependent vector 3
17:54 gram_schmidt: Removing linearly dependent vector 4
17:54 gram_schmidt: Removing linearly dependent vector 5
17:54 gram_schmidt: Removing linearly dependent vector 6
17:54 gram_schmidt: Removing linearly dependent vector 7
17:54 gram_schmidt: Removing linearly dependent vector 8
17:54 gram_schmidt: Removing linearly dependent vector 9
17:54 gram_schmidt: Removing linearly dependent vector 10
17:54 gram_schmidt: Removing linearly dependent vector 11
17:54 gram_schmidt: Removing linearly dependent vector 12
17:54 gram_schmidt: Removing linearly dependent vector 13
17:54 gram_schmidt: Removing linearly dependent vector 14
17:54 gram_schmidt: Removing linearly dependent vector 15
17:54 gram_schmidt: Removing linearly dependent vector 16
17:54 gram_schmidt: Removing linearly dependent vector 17
17:54 gram_schmidt: Removing linearly dependent vector 18
17:54 gram_schmidt: Removing linearly dependent vector 19
17:54 gram_schmidt: Removing linearly dependent vector 20
17:54 gram_schmidt: Removing linearly dependent vector 21
17:54 gram_schmidt: Removing linearly dependent vector 22
17:54 gram_schmidt: Removing linearly dependent vector 23
17:54 gram_schmidt: Removing linearly dependent vector 24
17:54 gram_schmidt: Removing linearly dependent vector 25
17:54 gram_schmidt: Removing linearly dependent vector 26
17:54 gram_schmidt: Removing linearly dependent vector 27
17:54 gram_schmidt: Removing linearly dependent vector 28
17:54 gram_schmidt: Removing linearly dependent vector 29
17:54 gram_schmidt: Removing linearly dependent vector 30
17:54 gram_schmidt: Removing linearly dependent vector 31
17:54 gram_schmidt: Removing linearly dependent vector 32
17:54 gram_schmidt: Removing linearly dependent vector 33
17:54 gram_schmidt: Removing linearly dependent vector 34
17:54 gram_schmidt: Removing linearly dependent vector 35
17:54 gram_schmidt: Removing linearly dependent vector 36
17:54 gram_schmidt: Removing linearly dependent vector 37
17:54 gram_schmidt: Removing linearly dependent vector 38
17:54 gram_schmidt: Removing linearly dependent vector 39
17:54 gram_schmidt: Removing linearly dependent vector 40
17:54 gram_schmidt: Removing linearly dependent vector 41
17:54 gram_schmidt: Removing linearly dependent vector 42
17:54 gram_schmidt: Removing linearly dependent vector 43
17:54 gram_schmidt: Removing linearly dependent vector 44
17:54 gram_schmidt: Removing linearly dependent vector 45
17:54 gram_schmidt: Removing linearly dependent vector 46
17:54 gram_schmidt: Removing linearly dependent vector 47
17:54 gram_schmidt: Removing linearly dependent vector 48
17:54 gram_schmidt: Removing linearly dependent vector 49
17:54 gram_schmidt: Removing linearly dependent vector 50
17:54 gram_schmidt: Removing linearly dependent vector 51
17:54 gram_schmidt: Removing linearly dependent vector 52
17:54 gram_schmidt: Removing linearly dependent vector 53
17:54 gram_schmidt: Removing linearly dependent vector 54
17:54 gram_schmidt: Removing linearly dependent vector 55
17:54 gram_schmidt: Removing linearly dependent vector 56
17:54 gram_schmidt: Removing linearly dependent vector 57
17:54 gram_schmidt: Removing linearly dependent vector 58
17:54 gram_schmidt: Removing linearly dependent vector 59
17:54 gram_schmidt: Removing linearly dependent vector 60
17:54 gram_schmidt: Removing linearly dependent vector 61
17:54 gram_schmidt: Removing linearly dependent vector 62
17:54 gram_schmidt: Removing linearly dependent vector 63
17:54 gram_schmidt: Removing linearly dependent vector 64
17:54 gram_schmidt: Removing linearly dependent vector 65
17:54 gram_schmidt: Removing linearly dependent vector 66
17:54 gram_schmidt: Removing linearly dependent vector 67
17:54 gram_schmidt: Removing linearly dependent vector 68
17:54 gram_schmidt: Removing linearly dependent vector 69
17:54 gram_schmidt: Removing linearly dependent vector 70
17:54 gram_schmidt: Removing linearly dependent vector 71
17:54 gram_schmidt: Removing linearly dependent vector 72
17:54 gram_schmidt: Removing linearly dependent vector 73
17:54 gram_schmidt: Removing linearly dependent vector 74
17:54 gram_schmidt: Removing linearly dependent vector 75
17:54 gram_schmidt: Removing linearly dependent vector 76
17:54 gram_schmidt: Removing linearly dependent vector 77
17:54 gram_schmidt: Removing linearly dependent vector 78
17:54 gram_schmidt: Removing linearly dependent vector 79
17:54 gram_schmidt: Removing linearly dependent vector 80
17:54 gram_schmidt: Removing linearly dependent vector 81
17:54 gram_schmidt: Removing linearly dependent vector 82
17:54 gram_schmidt: Removing linearly dependent vector 83
17:54 gram_schmidt: Removing linearly dependent vector 84
17:54 gram_schmidt: Removing linearly dependent vector 85
17:54 gram_schmidt: Removing linearly dependent vector 86
17:54 gram_schmidt: Removing linearly dependent vector 87
17:54 gram_schmidt: Removing linearly dependent vector 88
17:54 gram_schmidt: Removing linearly dependent vector 89
17:54 gram_schmidt: Removing linearly dependent vector 90
17:54 gram_schmidt: Removing linearly dependent vector 91
17:54 gram_schmidt: Removing linearly dependent vector 92
17:54 gram_schmidt: Removing linearly dependent vector 93
17:54 gram_schmidt: Removing linearly dependent vector 94
17:54 gram_schmidt: Removing linearly dependent vector 95
17:54 gram_schmidt: Removing linearly dependent vector 96
17:54 gram_schmidt: Removing linearly dependent vector 97
17:54 gram_schmidt: Removing linearly dependent vector 98
17:54 gram_schmidt: Removing linearly dependent vector 99
17:54 gram_schmidt: Removing linearly dependent vector 100
17:54 gram_schmidt: Removing linearly dependent vector 101
17:54 gram_schmidt: Removing linearly dependent vector 3
17:54 gram_schmidt: Removing linearly dependent vector 4
17:54 gram_schmidt: Removing linearly dependent vector 5
17:54 gram_schmidt: Removing linearly dependent vector 6
17:54 gram_schmidt: Removing linearly dependent vector 7
17:54 gram_schmidt: Removing linearly dependent vector 8
17:54 gram_schmidt: Removing linearly dependent vector 9
17:54 gram_schmidt: Removing linearly dependent vector 10
17:54 gram_schmidt: Removing linearly dependent vector 11
17:54 gram_schmidt: Removing linearly dependent vector 12
17:54 gram_schmidt: Removing linearly dependent vector 13
17:54 gram_schmidt: Removing linearly dependent vector 14
17:54 gram_schmidt: Removing linearly dependent vector 15
17:54 gram_schmidt: Removing linearly dependent vector 16
17:54 gram_schmidt: Removing linearly dependent vector 17
17:54 gram_schmidt: Removing linearly dependent vector 18
17:54 gram_schmidt: Removing linearly dependent vector 19
17:54 gram_schmidt: Removing linearly dependent vector 20
17:54 gram_schmidt: Removing linearly dependent vector 21
17:54 gram_schmidt: Removing linearly dependent vector 22
17:54 gram_schmidt: Removing linearly dependent vector 23
17:54 gram_schmidt: Removing linearly dependent vector 24
17:54 gram_schmidt: Removing linearly dependent vector 25
17:54 gram_schmidt: Removing linearly dependent vector 26
17:54 gram_schmidt: Removing linearly dependent vector 27
17:54 gram_schmidt: Removing linearly dependent vector 28
17:54 gram_schmidt: Removing linearly dependent vector 29
17:54 gram_schmidt: Removing linearly dependent vector 30
17:54 gram_schmidt: Removing linearly dependent vector 31
17:54 gram_schmidt: Removing linearly dependent vector 32
17:54 gram_schmidt: Removing linearly dependent vector 33
17:54 gram_schmidt: Removing linearly dependent vector 34
17:54 gram_schmidt: Removing linearly dependent vector 35
17:54 gram_schmidt: Removing linearly dependent vector 36
17:54 gram_schmidt: Removing linearly dependent vector 37
17:54 gram_schmidt: Removing linearly dependent vector 38
17:54 gram_schmidt: Removing linearly dependent vector 39
17:54 gram_schmidt: Removing linearly dependent vector 40
17:54 gram_schmidt: Removing linearly dependent vector 41
17:54 gram_schmidt: Removing linearly dependent vector 42
17:54 gram_schmidt: Removing linearly dependent vector 43
17:54 gram_schmidt: Removing linearly dependent vector 44
17:54 gram_schmidt: Removing linearly dependent vector 45
17:54 gram_schmidt: Removing linearly dependent vector 46
17:54 gram_schmidt: Removing linearly dependent vector 47
17:54 gram_schmidt: Removing linearly dependent vector 48
17:54 gram_schmidt: Removing linearly dependent vector 49
17:54 gram_schmidt: Removing linearly dependent vector 50
17:54 gram_schmidt: Removing linearly dependent vector 51
17:54 gram_schmidt: Removing linearly dependent vector 52
17:54 gram_schmidt: Removing linearly dependent vector 53
17:54 gram_schmidt: Removing linearly dependent vector 54
17:54 gram_schmidt: Removing linearly dependent vector 55
17:54 gram_schmidt: Removing linearly dependent vector 56
17:54 gram_schmidt: Removing linearly dependent vector 57
17:54 gram_schmidt: Removing linearly dependent vector 58
17:54 gram_schmidt: Removing linearly dependent vector 59
17:54 gram_schmidt: Removing linearly dependent vector 60
17:54 gram_schmidt: Removing linearly dependent vector 61
17:54 gram_schmidt: Removing linearly dependent vector 62
17:54 gram_schmidt: Removing linearly dependent vector 63
17:54 gram_schmidt: Removing linearly dependent vector 64
17:54 gram_schmidt: Removing linearly dependent vector 65
17:54 gram_schmidt: Removing linearly dependent vector 66
17:54 gram_schmidt: Removing linearly dependent vector 67
17:54 gram_schmidt: Removing linearly dependent vector 68
17:54 gram_schmidt: Removing linearly dependent vector 69
17:54 gram_schmidt: Removing linearly dependent vector 70
17:54 gram_schmidt: Removing linearly dependent vector 71
17:54 gram_schmidt: Removing linearly dependent vector 72
17:54 gram_schmidt: Removing linearly dependent vector 73
17:54 gram_schmidt: Removing linearly dependent vector 74
17:54 gram_schmidt: Removing linearly dependent vector 75
17:54 gram_schmidt: Removing linearly dependent vector 76
17:54 gram_schmidt: Removing linearly dependent vector 77
17:54 gram_schmidt: Removing linearly dependent vector 78
17:54 gram_schmidt: Removing linearly dependent vector 79
17:54 gram_schmidt: Removing linearly dependent vector 80
17:54 gram_schmidt: Removing linearly dependent vector 81
17:54 gram_schmidt: Removing linearly dependent vector 82
17:54 gram_schmidt: Removing linearly dependent vector 83
17:54 gram_schmidt: Removing linearly dependent vector 84
17:54 gram_schmidt: Removing linearly dependent vector 85
17:54 gram_schmidt: Removing linearly dependent vector 86
17:54 gram_schmidt: Removing linearly dependent vector 87
17:54 gram_schmidt: Removing linearly dependent vector 88
17:54 gram_schmidt: Removing linearly dependent vector 89
17:54 gram_schmidt: Removing linearly dependent vector 90
17:54 gram_schmidt: Removing linearly dependent vector 91
17:54 gram_schmidt: Removing linearly dependent vector 92
17:54 gram_schmidt: Removing linearly dependent vector 93
17:54 gram_schmidt: Removing linearly dependent vector 94
17:54 gram_schmidt: Removing linearly dependent vector 95
17:54 gram_schmidt: Removing linearly dependent vector 96
17:54 gram_schmidt: Removing linearly dependent vector 97
17:54 gram_schmidt: Removing linearly dependent vector 98
17:54 gram_schmidt: Removing linearly dependent vector 99
17:54 gram_schmidt: Removing linearly dependent vector 100
17:54 gram_schmidt: Removing linearly dependent vector 101
</system-err></testcase><testcase classname="src.pymortests.algorithms.gram_schmidt" file="src/pymortests/algorithms/gram_schmidt.py" line="12" name="test_gram_schmidt[0-&lt;lambda&gt;17]" time="0.0030264854431152344"></testcase><testcase classname="src.pymortests.algorithms.gram_schmidt" file="src/pymortests/algorithms/gram_schmidt.py" line="12" name="test_gram_schmidt[0-&lt;lambda&gt;18]" time="0.0021820068359375"></testcase><testcase classname="src.pymortests.algorithms.gram_schmidt" file="src/pymortests/algorithms/gram_schmidt.py" line="12" name="test_gram_schmidt[0-&lt;lambda&gt;19]" time="0.004642963409423828"></testcase><testcase classname="src.pymortests.algorithms.gram_schmidt" file="src/pymortests/algorithms/gram_schmidt.py" line="12" name="test_gram_schmidt[0-&lt;lambda&gt;20]" time="0.2744026184082031"></testcase><testcase classname="src.pymortests.algorithms.gram_schmidt" file="src/pymortests/algorithms/gram_schmidt.py" line="12" name="test_gram_schmidt[0-&lt;lambda&gt;21]" time="1.4734327793121338"></testcase><testcase classname="src.pymortests.algorithms.gram_schmidt" file="src/pymortests/algorithms/gram_schmidt.py" line="12" name="test_gram_schmidt[0-&lt;lambda&gt;22]" time="0.002546548843383789"></testcase><testcase classname="src.pymortests.algorithms.gram_schmidt" file="src/pymortests/algorithms/gram_schmidt.py" line="12" name="test_gram_schmidt[0-&lt;lambda&gt;23]" time="0.0017426013946533203"></testcase><testcase classname="src.pymortests.algorithms.gram_schmidt" file="src/pymortests/algorithms/gram_schmidt.py" line="12" name="test_gram_schmidt[0-&lt;lambda&gt;24]" time="0.00736689567565918"></testcase><testcase classname="src.pymortests.algorithms.gram_schmidt" file="src/pymortests/algorithms/gram_schmidt.py" line="12" name="test_gram_schmidt[0-&lt;lambda&gt;25]" time="0.3791992664337158"><system-err>17:56 gram_schmidt: Orthonormalizing vector 31 again
17:56 gram_schmidt: Removing linearly dependent vector 32
17:56 gram_schmidt: Removing linearly dependent vector 33
17:56 gram_schmidt: Removing linearly dependent vector 34
17:56 gram_schmidt: Removing linearly dependent vector 35
17:56 gram_schmidt: Removing linearly dependent vector 36
17:56 gram_schmidt: Removing linearly dependent vector 37
17:56 gram_schmidt: Removing linearly dependent vector 38
17:56 gram_schmidt: Removing linearly dependent vector 39
17:56 gram_schmidt: Removing linearly dependent vector 40
17:56 gram_schmidt: Removing linearly dependent vector 41
17:56 gram_schmidt: Removing linearly dependent vector 42
17:56 gram_schmidt: Orthonormalizing vector 31 again
17:56 gram_schmidt: Removing linearly dependent vector 32
17:56 gram_schmidt: Removing linearly dependent vector 33
17:56 gram_schmidt: Removing linearly dependent vector 34
17:56 gram_schmidt: Removing linearly dependent vector 35
17:56 gram_schmidt: Removing linearly dependent vector 36
17:56 gram_schmidt: Removing linearly dependent vector 37
17:56 gram_schmidt: Removing linearly dependent vector 38
17:56 gram_schmidt: Removing linearly dependent vector 39
17:56 gram_schmidt: Removing linearly dependent vector 40
17:56 gram_schmidt: Removing linearly dependent vector 41
17:56 gram_schmidt: Removing linearly dependent vector 42
</system-err></testcase><testcase classname="src.pymortests.algorithms.gram_schmidt" file="src/pymortests/algorithms/gram_schmidt.py" line="12" name="test_gram_schmidt[0-&lt;lambda&gt;26]" time="0.23084497451782227"><system-err>17:56 gram_schmidt: Removing vector 0 of norm 0.0
17:56 gram_schmidt: Removing vector 1 of norm 0.0
17:56 gram_schmidt: Removing vector 2 of norm 0.0
17:56 gram_schmidt: Removing vector 3 of norm 0.0
17:56 gram_schmidt: Removing vector 4 of norm 0.0
17:56 gram_schmidt: Removing vector 5 of norm 0.0
17:56 gram_schmidt: Removing vector 6 of norm 0.0
17:56 gram_schmidt: Removing vector 7 of norm 0.0
17:56 gram_schmidt: Removing vector 8 of norm 0.0
17:56 gram_schmidt: Removing vector 9 of norm 0.0
17:56 gram_schmidt: Removing vector 10 of norm 0.0
17:56 gram_schmidt: Removing vector 11 of norm 0.0
17:56 gram_schmidt: Removing vector 12 of norm 0.0
17:56 gram_schmidt: Removing vector 13 of norm 0.0
17:56 gram_schmidt: Removing vector 14 of norm 0.0
17:56 gram_schmidt: Removing vector 15 of norm 0.0
17:56 gram_schmidt: Removing vector 16 of norm 0.0
17:56 gram_schmidt: Removing vector 17 of norm 0.0
17:56 gram_schmidt: Removing vector 18 of norm 0.0
17:56 gram_schmidt: Removing vector 19 of norm 0.0
17:56 gram_schmidt: Removing vector 20 of norm 0.0
17:56 gram_schmidt: Removing vector 21 of norm 0.0
17:56 gram_schmidt: Removing vector 22 of norm 0.0
17:56 gram_schmidt: Removing vector 23 of norm 0.0
17:56 gram_schmidt: Removing vector 24 of norm 0.0
17:56 gram_schmidt: Removing vector 25 of norm 0.0
17:56 gram_schmidt: Removing vector 26 of norm 0.0
17:56 gram_schmidt: Removing vector 27 of norm 0.0
17:56 gram_schmidt: Removing vector 28 of norm 0.0
17:56 gram_schmidt: Removing vector 29 of norm 0.0
17:56 gram_schmidt: Removing vector 30 of norm 0.0
17:56 gram_schmidt: Removing vector 31 of norm 0.0
17:56 gram_schmidt: Removing vector 32 of norm 0.0
17:56 gram_schmidt: Removing vector 33 of norm 0.0
17:56 gram_schmidt: Removing vector 34 of norm 0.0
17:56 gram_schmidt: Removing vector 35 of norm 0.0
17:56 gram_schmidt: Removing vector 36 of norm 0.0
17:56 gram_schmidt: Removing vector 37 of norm 0.0
17:56 gram_schmidt: Removing vector 38 of norm 0.0
17:56 gram_schmidt: Removing vector 39 of norm 0.0
17:56 gram_schmidt: Removing vector 40 of norm 0.0
17:56 gram_schmidt: Removing vector 41 of norm 0.0
17:56 gram_schmidt: Removing vector 42 of norm 0.0
17:56 gram_schmidt: Removing vector 43 of norm 0.0
17:56 gram_schmidt: Removing vector 44 of norm 0.0
17:56 gram_schmidt: Removing vector 45 of norm 0.0
17:56 gram_schmidt: Removing vector 46 of norm 0.0
17:56 gram_schmidt: Removing vector 47 of norm 0.0
17:56 gram_schmidt: Removing vector 48 of norm 0.0
17:56 gram_schmidt: Removing vector 49 of norm 0.0
17:56 gram_schmidt: Removing vector 50 of norm 0.0
17:56 gram_schmidt: Removing vector 51 of norm 0.0
17:56 gram_schmidt: Removing vector 52 of norm 0.0
17:56 gram_schmidt: Removing vector 53 of norm 0.0
17:56 gram_schmidt: Removing vector 54 of norm 0.0
17:56 gram_schmidt: Removing vector 55 of norm 0.0
17:56 gram_schmidt: Removing vector 56 of norm 0.0
17:56 gram_schmidt: Removing vector 57 of norm 0.0
17:56 gram_schmidt: Removing vector 58 of norm 0.0
17:56 gram_schmidt: Removing vector 59 of norm 0.0
17:56 gram_schmidt: Removing vector 60 of norm 0.0
17:56 gram_schmidt: Removing vector 61 of norm 0.0
17:56 gram_schmidt: Removing vector 62 of norm 0.0
17:56 gram_schmidt: Removing vector 63 of norm 0.0
17:56 gram_schmidt: Removing vector 64 of norm 0.0
17:56 gram_schmidt: Removing vector 65 of norm 0.0
17:56 gram_schmidt: Removing vector 66 of norm 0.0
17:56 gram_schmidt: Removing vector 67 of norm 0.0
17:56 gram_schmidt: Removing vector 68 of norm 0.0
17:56 gram_schmidt: Removing vector 69 of norm 0.0
17:56 gram_schmidt: Removing vector 70 of norm 0.0
17:56 gram_schmidt: Removing vector 71 of norm 0.0
17:56 gram_schmidt: Removing vector 72 of norm 0.0
17:56 gram_schmidt: Removing vector 73 of norm 0.0
17:56 gram_schmidt: Removing vector 74 of norm 0.0
17:56 gram_schmidt: Removing vector 75 of norm 0.0
17:56 gram_schmidt: Removing vector 76 of norm 0.0
17:56 gram_schmidt: Removing vector 77 of norm 0.0
17:56 gram_schmidt: Removing vector 78 of norm 0.0
17:56 gram_schmidt: Removing vector 79 of norm 0.0
17:56 gram_schmidt: Removing vector 80 of norm 0.0
17:56 gram_schmidt: Removing vector 81 of norm 0.0
17:56 gram_schmidt: Removing vector 82 of norm 0.0
17:56 gram_schmidt: Removing vector 83 of norm 0.0
17:56 gram_schmidt: Removing vector 84 of norm 0.0
17:56 gram_schmidt: Removing vector 85 of norm 0.0
17:56 gram_schmidt: Removing vector 86 of norm 0.0
17:56 gram_schmidt: Removing vector 87 of norm 0.0
17:56 gram_schmidt: Removing vector 88 of norm 0.0
17:56 gram_schmidt: Removing vector 89 of norm 0.0
17:56 gram_schmidt: Removing vector 90 of norm 0.0
17:56 gram_schmidt: Removing vector 91 of norm 0.0
17:56 gram_schmidt: Removing vector 92 of norm 0.0
17:56 gram_schmidt: Removing vector 93 of norm 0.0
17:56 gram_schmidt: Removing vector 94 of norm 0.0
17:56 gram_schmidt: Removing vector 95 of norm 0.0
17:56 gram_schmidt: Removing vector 96 of norm 0.0
17:56 gram_schmidt: Removing vector 97 of norm 0.0
17:56 gram_schmidt: Removing vector 98 of norm 0.0
17:56 gram_schmidt: Removing vector 99 of norm 0.0
17:56 gram_schmidt: Removing vector 100 of norm 0.0
17:56 gram_schmidt: Removing vector 101 of norm 0.0
17:57 gram_schmidt: Removing vector 0 of norm 0.0
17:57 gram_schmidt: Removing vector 1 of norm 0.0
17:57 gram_schmidt: Removing vector 2 of norm 0.0
17:57 gram_schmidt: Removing vector 3 of norm 0.0
17:57 gram_schmidt: Removing vector 4 of norm 0.0
17:57 gram_schmidt: Removing vector 5 of norm 0.0
17:57 gram_schmidt: Removing vector 6 of norm 0.0
17:57 gram_schmidt: Removing vector 7 of norm 0.0
17:57 gram_schmidt: Removing vector 8 of norm 0.0
17:57 gram_schmidt: Removing vector 9 of norm 0.0
17:57 gram_schmidt: Removing vector 10 of norm 0.0
17:57 gram_schmidt: Removing vector 11 of norm 0.0
17:57 gram_schmidt: Removing vector 12 of norm 0.0
17:57 gram_schmidt: Removing vector 13 of norm 0.0
17:57 gram_schmidt: Removing vector 14 of norm 0.0
17:57 gram_schmidt: Removing vector 15 of norm 0.0
17:57 gram_schmidt: Removing vector 16 of norm 0.0
17:57 gram_schmidt: Removing vector 17 of norm 0.0
17:57 gram_schmidt: Removing vector 18 of norm 0.0
17:57 gram_schmidt: Removing vector 19 of norm 0.0
17:57 gram_schmidt: Removing vector 20 of norm 0.0
17:57 gram_schmidt: Removing vector 21 of norm 0.0
17:57 gram_schmidt: Removing vector 22 of norm 0.0
17:57 gram_schmidt: Removing vector 23 of norm 0.0
17:57 gram_schmidt: Removing vector 24 of norm 0.0
17:57 gram_schmidt: Removing vector 25 of norm 0.0
17:57 gram_schmidt: Removing vector 26 of norm 0.0
17:57 gram_schmidt: Removing vector 27 of norm 0.0
17:57 gram_schmidt: Removing vector 28 of norm 0.0
17:57 gram_schmidt: Removing vector 29 of norm 0.0
17:57 gram_schmidt: Removing vector 30 of norm 0.0
17:57 gram_schmidt: Removing vector 31 of norm 0.0
17:57 gram_schmidt: Removing vector 32 of norm 0.0
17:57 gram_schmidt: Removing vector 33 of norm 0.0
17:57 gram_schmidt: Removing vector 34 of norm 0.0
17:57 gram_schmidt: Removing vector 35 of norm 0.0
17:57 gram_schmidt: Removing vector 36 of norm 0.0
17:57 gram_schmidt: Removing vector 37 of norm 0.0
17:57 gram_schmidt: Removing vector 38 of norm 0.0
17:57 gram_schmidt: Removing vector 39 of norm 0.0
17:57 gram_schmidt: Removing vector 40 of norm 0.0
17:57 gram_schmidt: Removing vector 41 of norm 0.0
17:57 gram_schmidt: Removing vector 42 of norm 0.0
17:57 gram_schmidt: Removing vector 43 of norm 0.0
17:57 gram_schmidt: Removing vector 44 of norm 0.0
17:57 gram_schmidt: Removing vector 45 of norm 0.0
17:57 gram_schmidt: Removing vector 46 of norm 0.0
17:57 gram_schmidt: Removing vector 47 of norm 0.0
17:57 gram_schmidt: Removing vector 48 of norm 0.0
17:57 gram_schmidt: Removing vector 49 of norm 0.0
17:57 gram_schmidt: Removing vector 50 of norm 0.0
17:57 gram_schmidt: Removing vector 51 of norm 0.0
17:57 gram_schmidt: Removing vector 52 of norm 0.0
17:57 gram_schmidt: Removing vector 53 of norm 0.0
17:57 gram_schmidt: Removing vector 54 of norm 0.0
17:57 gram_schmidt: Removing vector 55 of norm 0.0
17:57 gram_schmidt: Removing vector 56 of norm 0.0
17:57 gram_schmidt: Removing vector 57 of norm 0.0
17:57 gram_schmidt: Removing vector 58 of norm 0.0
17:57 gram_schmidt: Removing vector 59 of norm 0.0
17:57 gram_schmidt: Removing vector 60 of norm 0.0
17:57 gram_schmidt: Removing vector 61 of norm 0.0
17:57 gram_schmidt: Removing vector 62 of norm 0.0
17:57 gram_schmidt: Removing vector 63 of norm 0.0
17:57 gram_schmidt: Removing vector 64 of norm 0.0
17:57 gram_schmidt: Removing vector 65 of norm 0.0
17:57 gram_schmidt: Removing vector 66 of norm 0.0
17:57 gram_schmidt: Removing vector 67 of norm 0.0
17:57 gram_schmidt: Removing vector 68 of norm 0.0
17:57 gram_schmidt: Removing vector 69 of norm 0.0
17:57 gram_schmidt: Removing vector 70 of norm 0.0
17:57 gram_schmidt: Removing vector 71 of norm 0.0
17:57 gram_schmidt: Removing vector 72 of norm 0.0
17:57 gram_schmidt: Removing vector 73 of norm 0.0
17:57 gram_schmidt: Removing vector 74 of norm 0.0
17:57 gram_schmidt: Removing vector 75 of norm 0.0
17:57 gram_schmidt: Removing vector 76 of norm 0.0
17:57 gram_schmidt: Removing vector 77 of norm 0.0
17:57 gram_schmidt: Removing vector 78 of norm 0.0
17:57 gram_schmidt: Removing vector 79 of norm 0.0
17:57 gram_schmidt: Removing vector 80 of norm 0.0
17:57 gram_schmidt: Removing vector 81 of norm 0.0
17:57 gram_schmidt: Removing vector 82 of norm 0.0
17:57 gram_schmidt: Removing vector 83 of norm 0.0
17:57 gram_schmidt: Removing vector 84 of norm 0.0
17:57 gram_schmidt: Removing vector 85 of norm 0.0
17:57 gram_schmidt: Removing vector 86 of norm 0.0
17:57 gram_schmidt: Removing vector 87 of norm 0.0
17:57 gram_schmidt: Removing vector 88 of norm 0.0
17:57 gram_schmidt: Removing vector 89 of norm 0.0
17:57 gram_schmidt: Removing vector 90 of norm 0.0
17:57 gram_schmidt: Removing vector 91 of norm 0.0
17:57 gram_schmidt: Removing vector 92 of norm 0.0
17:57 gram_schmidt: Removing vector 93 of norm 0.0
17:57 gram_schmidt: Removing vector 94 of norm 0.0
17:57 gram_schmidt: Removing vector 95 of norm 0.0
17:57 gram_schmidt: Removing vector 96 of norm 0.0
17:57 gram_schmidt: Removing vector 97 of norm 0.0
17:57 gram_schmidt: Removing vector 98 of norm 0.0
17:57 gram_schmidt: Removing vector 99 of norm 0.0
17:57 gram_schmidt: Removing vector 100 of norm 0.0
17:57 gram_schmidt: Removing vector 101 of norm 0.0
</system-err></testcase><testcase classname="src.pymortests.algorithms.gram_schmidt" file="src/pymortests/algorithms/gram_schmidt.py" line="12" name="test_gram_schmidt[1-&lt;lambda&gt;0]" time="0.0026874542236328125"></testcase><testcase classname="src.pymortests.algorithms.gram_schmidt" file="src/pymortests/algorithms/gram_schmidt.py" line="12" name="test_gram_schmidt[1-&lt;lambda&gt;1]" time="0.0018918514251708984"></testcase><testcase classname="src.pymortests.algorithms.gram_schmidt" file="src/pymortests/algorithms/gram_schmidt.py" line="12" name="test_gram_schmidt[1-&lt;lambda&gt;2]" time="0.0020101070404052734"></testcase><testcase classname="src.pymortests.algorithms.gram_schmidt" file="src/pymortests/algorithms/gram_schmidt.py" line="12" name="test_gram_schmidt[1-&lt;lambda&gt;3]" time="0.09793376922607422"><system-err>17:57 gram_schmidt: Orthonormalizing vector 31 again
17:57 gram_schmidt: Removing linearly dependent vector 32
17:57 gram_schmidt: Removing linearly dependent vector 33
17:57 gram_schmidt: Removing linearly dependent vector 34
17:57 gram_schmidt: Removing linearly dependent vector 35
17:57 gram_schmidt: Removing linearly dependent vector 36
17:57 gram_schmidt: Removing linearly dependent vector 37
17:57 gram_schmidt: Removing linearly dependent vector 38
17:57 gram_schmidt: Removing linearly dependent vector 39
17:57 gram_schmidt: Removing linearly dependent vector 40
17:57 gram_schmidt: Removing linearly dependent vector 41
17:57 gram_schmidt: Removing linearly dependent vector 42
17:57 gram_schmidt: Orthonormalizing vector 31 again
17:57 gram_schmidt: Removing linearly dependent vector 32
17:57 gram_schmidt: Removing linearly dependent vector 33
17:57 gram_schmidt: Removing linearly dependent vector 34
17:57 gram_schmidt: Removing linearly dependent vector 35
17:57 gram_schmidt: Removing linearly dependent vector 36
17:57 gram_schmidt: Removing linearly dependent vector 37
17:57 gram_schmidt: Removing linearly dependent vector 38
17:57 gram_schmidt: Removing linearly dependent vector 39
17:57 gram_schmidt: Removing linearly dependent vector 40
17:57 gram_schmidt: Removing linearly dependent vector 41
17:57 gram_schmidt: Removing linearly dependent vector 42
</system-err></testcase><testcase classname="src.pymortests.algorithms.gram_schmidt" file="src/pymortests/algorithms/gram_schmidt.py" line="12" name="test_gram_schmidt[1-&lt;lambda&gt;4]" time="0.02097010612487793"><system-err>17:57 gram_schmidt: Removing vector 0 of norm 0.0
17:57 gram_schmidt: Removing vector 1 of norm 0.0
17:57 gram_schmidt: Removing vector 2 of norm 0.0
17:57 gram_schmidt: Removing vector 3 of norm 0.0
17:57 gram_schmidt: Removing vector 4 of norm 0.0
17:57 gram_schmidt: Removing vector 5 of norm 0.0
17:57 gram_schmidt: Removing vector 6 of norm 0.0
17:57 gram_schmidt: Removing vector 7 of norm 0.0
17:57 gram_schmidt: Removing vector 8 of norm 0.0
17:57 gram_schmidt: Removing vector 9 of norm 0.0
17:57 gram_schmidt: Removing vector 10 of norm 0.0
17:57 gram_schmidt: Removing vector 11 of norm 0.0
17:57 gram_schmidt: Removing vector 12 of norm 0.0
17:57 gram_schmidt: Removing vector 13 of norm 0.0
17:57 gram_schmidt: Removing vector 14 of norm 0.0
17:57 gram_schmidt: Removing vector 15 of norm 0.0
17:57 gram_schmidt: Removing vector 16 of norm 0.0
17:57 gram_schmidt: Removing vector 17 of norm 0.0
17:57 gram_schmidt: Removing vector 18 of norm 0.0
17:57 gram_schmidt: Removing vector 19 of norm 0.0
17:57 gram_schmidt: Removing vector 20 of norm 0.0
17:57 gram_schmidt: Removing vector 21 of norm 0.0
17:57 gram_schmidt: Removing vector 22 of norm 0.0
17:57 gram_schmidt: Removing vector 23 of norm 0.0
17:57 gram_schmidt: Removing vector 24 of norm 0.0
17:57 gram_schmidt: Removing vector 25 of norm 0.0
17:57 gram_schmidt: Removing vector 26 of norm 0.0
17:57 gram_schmidt: Removing vector 27 of norm 0.0
17:57 gram_schmidt: Removing vector 28 of norm 0.0
17:57 gram_schmidt: Removing vector 29 of norm 0.0
17:57 gram_schmidt: Removing vector 30 of norm 0.0
17:57 gram_schmidt: Removing vector 31 of norm 0.0
17:57 gram_schmidt: Removing vector 32 of norm 0.0
17:57 gram_schmidt: Removing vector 33 of norm 0.0
17:57 gram_schmidt: Removing vector 34 of norm 0.0
17:57 gram_schmidt: Removing vector 35 of norm 0.0
17:57 gram_schmidt: Removing vector 36 of norm 0.0
17:57 gram_schmidt: Removing vector 37 of norm 0.0
17:57 gram_schmidt: Removing vector 38 of norm 0.0
17:57 gram_schmidt: Removing vector 39 of norm 0.0
17:57 gram_schmidt: Removing vector 40 of norm 0.0
17:57 gram_schmidt: Removing vector 41 of norm 0.0
17:57 gram_schmidt: Removing vector 42 of norm 0.0
17:57 gram_schmidt: Removing vector 43 of norm 0.0
17:57 gram_schmidt: Removing vector 44 of norm 0.0
17:57 gram_schmidt: Removing vector 45 of norm 0.0
17:57 gram_schmidt: Removing vector 46 of norm 0.0
17:57 gram_schmidt: Removing vector 47 of norm 0.0
17:57 gram_schmidt: Removing vector 48 of norm 0.0
17:57 gram_schmidt: Removing vector 49 of norm 0.0
17:57 gram_schmidt: Removing vector 50 of norm 0.0
17:57 gram_schmidt: Removing vector 51 of norm 0.0
17:57 gram_schmidt: Removing vector 52 of norm 0.0
17:57 gram_schmidt: Removing vector 53 of norm 0.0
17:57 gram_schmidt: Removing vector 54 of norm 0.0
17:57 gram_schmidt: Removing vector 55 of norm 0.0
17:57 gram_schmidt: Removing vector 56 of norm 0.0
17:57 gram_schmidt: Removing vector 57 of norm 0.0
17:57 gram_schmidt: Removing vector 58 of norm 0.0
17:57 gram_schmidt: Removing vector 59 of norm 0.0
17:57 gram_schmidt: Removing vector 60 of norm 0.0
17:57 gram_schmidt: Removing vector 61 of norm 0.0
17:57 gram_schmidt: Removing vector 62 of norm 0.0
17:57 gram_schmidt: Removing vector 63 of norm 0.0
17:57 gram_schmidt: Removing vector 64 of norm 0.0
17:57 gram_schmidt: Removing vector 65 of norm 0.0
17:57 gram_schmidt: Removing vector 66 of norm 0.0
17:57 gram_schmidt: Removing vector 67 of norm 0.0
17:57 gram_schmidt: Removing vector 68 of norm 0.0
17:57 gram_schmidt: Removing vector 69 of norm 0.0
17:57 gram_schmidt: Removing vector 70 of norm 0.0
17:57 gram_schmidt: Removing vector 71 of norm 0.0
17:57 gram_schmidt: Removing vector 72 of norm 0.0
17:57 gram_schmidt: Removing vector 73 of norm 0.0
17:57 gram_schmidt: Removing vector 74 of norm 0.0
17:57 gram_schmidt: Removing vector 75 of norm 0.0
17:57 gram_schmidt: Removing vector 76 of norm 0.0
17:57 gram_schmidt: Removing vector 77 of norm 0.0
17:57 gram_schmidt: Removing vector 78 of norm 0.0
17:57 gram_schmidt: Removing vector 79 of norm 0.0
17:57 gram_schmidt: Removing vector 80 of norm 0.0
17:57 gram_schmidt: Removing vector 81 of norm 0.0
17:57 gram_schmidt: Removing vector 82 of norm 0.0
17:57 gram_schmidt: Removing vector 83 of norm 0.0
17:57 gram_schmidt: Removing vector 84 of norm 0.0
17:57 gram_schmidt: Removing vector 85 of norm 0.0
17:57 gram_schmidt: Removing vector 86 of norm 0.0
17:57 gram_schmidt: Removing vector 87 of norm 0.0
17:57 gram_schmidt: Removing vector 88 of norm 0.0
17:57 gram_schmidt: Removing vector 89 of norm 0.0
17:57 gram_schmidt: Removing vector 90 of norm 0.0
17:57 gram_schmidt: Removing vector 91 of norm 0.0
17:57 gram_schmidt: Removing vector 92 of norm 0.0
17:57 gram_schmidt: Removing vector 93 of norm 0.0
17:57 gram_schmidt: Removing vector 94 of norm 0.0
17:57 gram_schmidt: Removing vector 95 of norm 0.0
17:57 gram_schmidt: Removing vector 96 of norm 0.0
17:57 gram_schmidt: Removing vector 97 of norm 0.0
17:57 gram_schmidt: Removing vector 98 of norm 0.0
17:57 gram_schmidt: Removing vector 99 of norm 0.0
17:57 gram_schmidt: Removing vector 100 of norm 0.0
17:57 gram_schmidt: Removing vector 101 of norm 0.0
17:57 gram_schmidt: Removing vector 0 of norm 0.0
17:57 gram_schmidt: Removing vector 1 of norm 0.0
17:57 gram_schmidt: Removing vector 2 of norm 0.0
17:57 gram_schmidt: Removing vector 3 of norm 0.0
17:57 gram_schmidt: Removing vector 4 of norm 0.0
17:57 gram_schmidt: Removing vector 5 of norm 0.0
17:57 gram_schmidt: Removing vector 6 of norm 0.0
17:57 gram_schmidt: Removing vector 7 of norm 0.0
17:57 gram_schmidt: Removing vector 8 of norm 0.0
17:57 gram_schmidt: Removing vector 9 of norm 0.0
17:57 gram_schmidt: Removing vector 10 of norm 0.0
17:57 gram_schmidt: Removing vector 11 of norm 0.0
17:57 gram_schmidt: Removing vector 12 of norm 0.0
17:57 gram_schmidt: Removing vector 13 of norm 0.0
17:57 gram_schmidt: Removing vector 14 of norm 0.0
17:57 gram_schmidt: Removing vector 15 of norm 0.0
17:57 gram_schmidt: Removing vector 16 of norm 0.0
17:57 gram_schmidt: Removing vector 17 of norm 0.0
17:57 gram_schmidt: Removing vector 18 of norm 0.0
17:57 gram_schmidt: Removing vector 19 of norm 0.0
17:57 gram_schmidt: Removing vector 20 of norm 0.0
17:57 gram_schmidt: Removing vector 21 of norm 0.0
17:57 gram_schmidt: Removing vector 22 of norm 0.0
17:57 gram_schmidt: Removing vector 23 of norm 0.0
17:57 gram_schmidt: Removing vector 24 of norm 0.0
17:57 gram_schmidt: Removing vector 25 of norm 0.0
17:57 gram_schmidt: Removing vector 26 of norm 0.0
17:57 gram_schmidt: Removing vector 27 of norm 0.0
17:57 gram_schmidt: Removing vector 28 of norm 0.0
17:57 gram_schmidt: Removing vector 29 of norm 0.0
17:57 gram_schmidt: Removing vector 30 of norm 0.0
17:57 gram_schmidt: Removing vector 31 of norm 0.0
17:57 gram_schmidt: Removing vector 32 of norm 0.0
17:57 gram_schmidt: Removing vector 33 of norm 0.0
17:57 gram_schmidt: Removing vector 34 of norm 0.0
17:57 gram_schmidt: Removing vector 35 of norm 0.0
17:57 gram_schmidt: Removing vector 36 of norm 0.0
17:57 gram_schmidt: Removing vector 37 of norm 0.0
17:57 gram_schmidt: Removing vector 38 of norm 0.0
17:57 gram_schmidt: Removing vector 39 of norm 0.0
17:57 gram_schmidt: Removing vector 40 of norm 0.0
17:57 gram_schmidt: Removing vector 41 of norm 0.0
17:57 gram_schmidt: Removing vector 42 of norm 0.0
17:57 gram_schmidt: Removing vector 43 of norm 0.0
17:57 gram_schmidt: Removing vector 44 of norm 0.0
17:57 gram_schmidt: Removing vector 45 of norm 0.0
17:57 gram_schmidt: Removing vector 46 of norm 0.0
17:57 gram_schmidt: Removing vector 47 of norm 0.0
17:57 gram_schmidt: Removing vector 48 of norm 0.0
17:57 gram_schmidt: Removing vector 49 of norm 0.0
17:57 gram_schmidt: Removing vector 50 of norm 0.0
17:57 gram_schmidt: Removing vector 51 of norm 0.0
17:57 gram_schmidt: Removing vector 52 of norm 0.0
17:57 gram_schmidt: Removing vector 53 of norm 0.0
17:57 gram_schmidt: Removing vector 54 of norm 0.0
17:57 gram_schmidt: Removing vector 55 of norm 0.0
17:57 gram_schmidt: Removing vector 56 of norm 0.0
17:57 gram_schmidt: Removing vector 57 of norm 0.0
17:57 gram_schmidt: Removing vector 58 of norm 0.0
17:57 gram_schmidt: Removing vector 59 of norm 0.0
17:57 gram_schmidt: Removing vector 60 of norm 0.0
17:57 gram_schmidt: Removing vector 61 of norm 0.0
17:57 gram_schmidt: Removing vector 62 of norm 0.0
17:57 gram_schmidt: Removing vector 63 of norm 0.0
17:57 gram_schmidt: Removing vector 64 of norm 0.0
17:57 gram_schmidt: Removing vector 65 of norm 0.0
17:57 gram_schmidt: Removing vector 66 of norm 0.0
17:57 gram_schmidt: Removing vector 67 of norm 0.0
17:57 gram_schmidt: Removing vector 68 of norm 0.0
17:57 gram_schmidt: Removing vector 69 of norm 0.0
17:57 gram_schmidt: Removing vector 70 of norm 0.0
17:57 gram_schmidt: Removing vector 71 of norm 0.0
17:57 gram_schmidt: Removing vector 72 of norm 0.0
17:57 gram_schmidt: Removing vector 73 of norm 0.0
17:57 gram_schmidt: Removing vector 74 of norm 0.0
17:57 gram_schmidt: Removing vector 75 of norm 0.0
17:57 gram_schmidt: Removing vector 76 of norm 0.0
17:57 gram_schmidt: Removing vector 77 of norm 0.0
17:57 gram_schmidt: Removing vector 78 of norm 0.0
17:57 gram_schmidt: Removing vector 79 of norm 0.0
17:57 gram_schmidt: Removing vector 80 of norm 0.0
17:57 gram_schmidt: Removing vector 81 of norm 0.0
17:57 gram_schmidt: Removing vector 82 of norm 0.0
17:57 gram_schmidt: Removing vector 83 of norm 0.0
17:57 gram_schmidt: Removing vector 84 of norm 0.0
17:57 gram_schmidt: Removing vector 85 of norm 0.0
17:57 gram_schmidt: Removing vector 86 of norm 0.0
17:57 gram_schmidt: Removing vector 87 of norm 0.0
17:57 gram_schmidt: Removing vector 88 of norm 0.0
17:57 gram_schmidt: Removing vector 89 of norm 0.0
17:57 gram_schmidt: Removing vector 90 of norm 0.0
17:57 gram_schmidt: Removing vector 91 of norm 0.0
17:57 gram_schmidt: Removing vector 92 of norm 0.0
17:57 gram_schmidt: Removing vector 93 of norm 0.0
17:57 gram_schmidt: Removing vector 94 of norm 0.0
17:57 gram_schmidt: Removing vector 95 of norm 0.0
17:57 gram_schmidt: Removing vector 96 of norm 0.0
17:57 gram_schmidt: Removing vector 97 of norm 0.0
17:57 gram_schmidt: Removing vector 98 of norm 0.0
17:57 gram_schmidt: Removing vector 99 of norm 0.0
17:57 gram_schmidt: Removing vector 100 of norm 0.0
17:57 gram_schmidt: Removing vector 101 of norm 0.0
</system-err></testcase><testcase classname="src.pymortests.algorithms.gram_schmidt" file="src/pymortests/algorithms/gram_schmidt.py" line="12" name="test_gram_schmidt[1-&lt;lambda&gt;5]" time="0.0025055408477783203"></testcase><testcase classname="src.pymortests.algorithms.gram_schmidt" file="src/pymortests/algorithms/gram_schmidt.py" line="12" name="test_gram_schmidt[1-&lt;lambda&gt;6]" time="0.0017671585083007812"></testcase><testcase classname="src.pymortests.algorithms.gram_schmidt" file="src/pymortests/algorithms/gram_schmidt.py" line="12" name="test_gram_schmidt[1-&lt;lambda&gt;7]" time="0.002202749252319336"></testcase><testcase classname="src.pymortests.algorithms.gram_schmidt" file="src/pymortests/algorithms/gram_schmidt.py" line="12" name="test_gram_schmidt[1-&lt;lambda&gt;8]" time="0.19101715087890625"><system-err>17:57 gram_schmidt: Orthonormalizing vector 31 again
17:57 gram_schmidt: Removing linearly dependent vector 32
17:57 gram_schmidt: Removing linearly dependent vector 33
17:57 gram_schmidt: Removing linearly dependent vector 34
17:57 gram_schmidt: Removing linearly dependent vector 35
17:57 gram_schmidt: Removing linearly dependent vector 36
17:57 gram_schmidt: Removing linearly dependent vector 37
17:57 gram_schmidt: Removing linearly dependent vector 38
17:57 gram_schmidt: Removing linearly dependent vector 39
17:57 gram_schmidt: Removing linearly dependent vector 40
17:57 gram_schmidt: Removing linearly dependent vector 41
17:57 gram_schmidt: Removing linearly dependent vector 42
17:57 gram_schmidt: Orthonormalizing vector 31 again
17:57 gram_schmidt: Removing linearly dependent vector 32
17:57 gram_schmidt: Removing linearly dependent vector 33
17:57 gram_schmidt: Removing linearly dependent vector 34
17:57 gram_schmidt: Removing linearly dependent vector 35
17:57 gram_schmidt: Removing linearly dependent vector 36
17:57 gram_schmidt: Removing linearly dependent vector 37
17:57 gram_schmidt: Removing linearly dependent vector 38
17:57 gram_schmidt: Removing linearly dependent vector 39
17:57 gram_schmidt: Removing linearly dependent vector 40
17:57 gram_schmidt: Removing linearly dependent vector 41
17:57 gram_schmidt: Removing linearly dependent vector 42
</system-err></testcase><testcase classname="src.pymortests.algorithms.gram_schmidt" file="src/pymortests/algorithms/gram_schmidt.py" line="12" name="test_gram_schmidt[1-&lt;lambda&gt;9]" time="0.02672743797302246"><system-err>17:57 gram_schmidt: Removing vector 0 of norm 0.0
17:57 gram_schmidt: Removing vector 1 of norm 0.0
17:57 gram_schmidt: Removing vector 2 of norm 0.0
17:57 gram_schmidt: Removing vector 3 of norm 0.0
17:57 gram_schmidt: Removing vector 4 of norm 0.0
17:57 gram_schmidt: Removing vector 5 of norm 0.0
17:57 gram_schmidt: Removing vector 6 of norm 0.0
17:57 gram_schmidt: Removing vector 7 of norm 0.0
17:57 gram_schmidt: Removing vector 8 of norm 0.0
17:57 gram_schmidt: Removing vector 9 of norm 0.0
17:57 gram_schmidt: Removing vector 10 of norm 0.0
17:57 gram_schmidt: Removing vector 11 of norm 0.0
17:57 gram_schmidt: Removing vector 12 of norm 0.0
17:57 gram_schmidt: Removing vector 13 of norm 0.0
17:57 gram_schmidt: Removing vector 14 of norm 0.0
17:57 gram_schmidt: Removing vector 15 of norm 0.0
17:57 gram_schmidt: Removing vector 16 of norm 0.0
17:57 gram_schmidt: Removing vector 17 of norm 0.0
17:57 gram_schmidt: Removing vector 18 of norm 0.0
17:57 gram_schmidt: Removing vector 19 of norm 0.0
17:57 gram_schmidt: Removing vector 20 of norm 0.0
17:57 gram_schmidt: Removing vector 21 of norm 0.0
17:57 gram_schmidt: Removing vector 22 of norm 0.0
17:57 gram_schmidt: Removing vector 23 of norm 0.0
17:57 gram_schmidt: Removing vector 24 of norm 0.0
17:57 gram_schmidt: Removing vector 25 of norm 0.0
17:57 gram_schmidt: Removing vector 26 of norm 0.0
17:57 gram_schmidt: Removing vector 27 of norm 0.0
17:57 gram_schmidt: Removing vector 28 of norm 0.0
17:57 gram_schmidt: Removing vector 29 of norm 0.0
17:57 gram_schmidt: Removing vector 30 of norm 0.0
17:57 gram_schmidt: Removing vector 31 of norm 0.0
17:57 gram_schmidt: Removing vector 32 of norm 0.0
17:57 gram_schmidt: Removing vector 33 of norm 0.0
17:57 gram_schmidt: Removing vector 34 of norm 0.0
17:57 gram_schmidt: Removing vector 35 of norm 0.0
17:57 gram_schmidt: Removing vector 36 of norm 0.0
17:57 gram_schmidt: Removing vector 37 of norm 0.0
17:57 gram_schmidt: Removing vector 38 of norm 0.0
17:57 gram_schmidt: Removing vector 39 of norm 0.0
17:57 gram_schmidt: Removing vector 40 of norm 0.0
17:57 gram_schmidt: Removing vector 41 of norm 0.0
17:57 gram_schmidt: Removing vector 42 of norm 0.0
17:57 gram_schmidt: Removing vector 43 of norm 0.0
17:57 gram_schmidt: Removing vector 44 of norm 0.0
17:57 gram_schmidt: Removing vector 45 of norm 0.0
17:57 gram_schmidt: Removing vector 46 of norm 0.0
17:57 gram_schmidt: Removing vector 47 of norm 0.0
17:57 gram_schmidt: Removing vector 48 of norm 0.0
17:57 gram_schmidt: Removing vector 49 of norm 0.0
17:57 gram_schmidt: Removing vector 50 of norm 0.0
17:57 gram_schmidt: Removing vector 51 of norm 0.0
17:57 gram_schmidt: Removing vector 52 of norm 0.0
17:57 gram_schmidt: Removing vector 53 of norm 0.0
17:57 gram_schmidt: Removing vector 54 of norm 0.0
17:57 gram_schmidt: Removing vector 55 of norm 0.0
17:57 gram_schmidt: Removing vector 56 of norm 0.0
17:57 gram_schmidt: Removing vector 57 of norm 0.0
17:57 gram_schmidt: Removing vector 58 of norm 0.0
17:57 gram_schmidt: Removing vector 59 of norm 0.0
17:57 gram_schmidt: Removing vector 60 of norm 0.0
17:57 gram_schmidt: Removing vector 61 of norm 0.0
17:57 gram_schmidt: Removing vector 62 of norm 0.0
17:57 gram_schmidt: Removing vector 63 of norm 0.0
17:57 gram_schmidt: Removing vector 64 of norm 0.0
17:57 gram_schmidt: Removing vector 65 of norm 0.0
17:57 gram_schmidt: Removing vector 66 of norm 0.0
17:57 gram_schmidt: Removing vector 67 of norm 0.0
17:57 gram_schmidt: Removing vector 68 of norm 0.0
17:57 gram_schmidt: Removing vector 69 of norm 0.0
17:57 gram_schmidt: Removing vector 70 of norm 0.0
17:57 gram_schmidt: Removing vector 71 of norm 0.0
17:57 gram_schmidt: Removing vector 72 of norm 0.0
17:57 gram_schmidt: Removing vector 73 of norm 0.0
17:57 gram_schmidt: Removing vector 74 of norm 0.0
17:57 gram_schmidt: Removing vector 75 of norm 0.0
17:57 gram_schmidt: Removing vector 76 of norm 0.0
17:57 gram_schmidt: Removing vector 77 of norm 0.0
17:57 gram_schmidt: Removing vector 78 of norm 0.0
17:57 gram_schmidt: Removing vector 79 of norm 0.0
17:57 gram_schmidt: Removing vector 80 of norm 0.0
17:57 gram_schmidt: Removing vector 81 of norm 0.0
17:57 gram_schmidt: Removing vector 82 of norm 0.0
17:57 gram_schmidt: Removing vector 83 of norm 0.0
17:57 gram_schmidt: Removing vector 84 of norm 0.0
17:57 gram_schmidt: Removing vector 85 of norm 0.0
17:57 gram_schmidt: Removing vector 86 of norm 0.0
17:57 gram_schmidt: Removing vector 87 of norm 0.0
17:57 gram_schmidt: Removing vector 88 of norm 0.0
17:57 gram_schmidt: Removing vector 89 of norm 0.0
17:57 gram_schmidt: Removing vector 90 of norm 0.0
17:57 gram_schmidt: Removing vector 91 of norm 0.0
17:57 gram_schmidt: Removing vector 92 of norm 0.0
17:57 gram_schmidt: Removing vector 93 of norm 0.0
17:57 gram_schmidt: Removing vector 94 of norm 0.0
17:57 gram_schmidt: Removing vector 95 of norm 0.0
17:57 gram_schmidt: Removing vector 96 of norm 0.0
17:57 gram_schmidt: Removing vector 97 of norm 0.0
17:57 gram_schmidt: Removing vector 98 of norm 0.0
17:57 gram_schmidt: Removing vector 99 of norm 0.0
17:57 gram_schmidt: Removing vector 100 of norm 0.0
17:57 gram_schmidt: Removing vector 101 of norm 0.0
17:57 gram_schmidt: Removing vector 0 of norm 0.0
17:57 gram_schmidt: Removing vector 1 of norm 0.0
17:57 gram_schmidt: Removing vector 2 of norm 0.0
17:57 gram_schmidt: Removing vector 3 of norm 0.0
17:57 gram_schmidt: Removing vector 4 of norm 0.0
17:57 gram_schmidt: Removing vector 5 of norm 0.0
17:57 gram_schmidt: Removing vector 6 of norm 0.0
17:57 gram_schmidt: Removing vector 7 of norm 0.0
17:57 gram_schmidt: Removing vector 8 of norm 0.0
17:57 gram_schmidt: Removing vector 9 of norm 0.0
17:57 gram_schmidt: Removing vector 10 of norm 0.0
17:57 gram_schmidt: Removing vector 11 of norm 0.0
17:57 gram_schmidt: Removing vector 12 of norm 0.0
17:57 gram_schmidt: Removing vector 13 of norm 0.0
17:57 gram_schmidt: Removing vector 14 of norm 0.0
17:57 gram_schmidt: Removing vector 15 of norm 0.0
17:57 gram_schmidt: Removing vector 16 of norm 0.0
17:57 gram_schmidt: Removing vector 17 of norm 0.0
17:57 gram_schmidt: Removing vector 18 of norm 0.0
17:57 gram_schmidt: Removing vector 19 of norm 0.0
17:57 gram_schmidt: Removing vector 20 of norm 0.0
17:57 gram_schmidt: Removing vector 21 of norm 0.0
17:57 gram_schmidt: Removing vector 22 of norm 0.0
17:57 gram_schmidt: Removing vector 23 of norm 0.0
17:57 gram_schmidt: Removing vector 24 of norm 0.0
17:57 gram_schmidt: Removing vector 25 of norm 0.0
17:57 gram_schmidt: Removing vector 26 of norm 0.0
17:57 gram_schmidt: Removing vector 27 of norm 0.0
17:57 gram_schmidt: Removing vector 28 of norm 0.0
17:57 gram_schmidt: Removing vector 29 of norm 0.0
17:57 gram_schmidt: Removing vector 30 of norm 0.0
17:57 gram_schmidt: Removing vector 31 of norm 0.0
17:57 gram_schmidt: Removing vector 32 of norm 0.0
17:57 gram_schmidt: Removing vector 33 of norm 0.0
17:57 gram_schmidt: Removing vector 34 of norm 0.0
17:57 gram_schmidt: Removing vector 35 of norm 0.0
17:57 gram_schmidt: Removing vector 36 of norm 0.0
17:57 gram_schmidt: Removing vector 37 of norm 0.0
17:57 gram_schmidt: Removing vector 38 of norm 0.0
17:57 gram_schmidt: Removing vector 39 of norm 0.0
17:57 gram_schmidt: Removing vector 40 of norm 0.0
17:57 gram_schmidt: Removing vector 41 of norm 0.0
17:57 gram_schmidt: Removing vector 42 of norm 0.0
17:57 gram_schmidt: Removing vector 43 of norm 0.0
17:57 gram_schmidt: Removing vector 44 of norm 0.0
17:57 gram_schmidt: Removing vector 45 of norm 0.0
17:57 gram_schmidt: Removing vector 46 of norm 0.0
17:57 gram_schmidt: Removing vector 47 of norm 0.0
17:57 gram_schmidt: Removing vector 48 of norm 0.0
17:57 gram_schmidt: Removing vector 49 of norm 0.0
17:57 gram_schmidt: Removing vector 50 of norm 0.0
17:57 gram_schmidt: Removing vector 51 of norm 0.0
17:57 gram_schmidt: Removing vector 52 of norm 0.0
17:57 gram_schmidt: Removing vector 53 of norm 0.0
17:57 gram_schmidt: Removing vector 54 of norm 0.0
17:57 gram_schmidt: Removing vector 55 of norm 0.0
17:57 gram_schmidt: Removing vector 56 of norm 0.0
17:57 gram_schmidt: Removing vector 57 of norm 0.0
17:57 gram_schmidt: Removing vector 58 of norm 0.0
17:57 gram_schmidt: Removing vector 59 of norm 0.0
17:57 gram_schmidt: Removing vector 60 of norm 0.0
17:57 gram_schmidt: Removing vector 61 of norm 0.0
17:57 gram_schmidt: Removing vector 62 of norm 0.0
17:57 gram_schmidt: Removing vector 63 of norm 0.0
17:57 gram_schmidt: Removing vector 64 of norm 0.0
17:57 gram_schmidt: Removing vector 65 of norm 0.0
17:57 gram_schmidt: Removing vector 66 of norm 0.0
17:57 gram_schmidt: Removing vector 67 of norm 0.0
17:57 gram_schmidt: Removing vector 68 of norm 0.0
17:57 gram_schmidt: Removing vector 69 of norm 0.0
17:57 gram_schmidt: Removing vector 70 of norm 0.0
17:57 gram_schmidt: Removing vector 71 of norm 0.0
17:57 gram_schmidt: Removing vector 72 of norm 0.0
17:57 gram_schmidt: Removing vector 73 of norm 0.0
17:57 gram_schmidt: Removing vector 74 of norm 0.0
17:57 gram_schmidt: Removing vector 75 of norm 0.0
17:57 gram_schmidt: Removing vector 76 of norm 0.0
17:57 gram_schmidt: Removing vector 77 of norm 0.0
17:57 gram_schmidt: Removing vector 78 of norm 0.0
17:57 gram_schmidt: Removing vector 79 of norm 0.0
17:57 gram_schmidt: Removing vector 80 of norm 0.0
17:57 gram_schmidt: Removing vector 81 of norm 0.0
17:57 gram_schmidt: Removing vector 82 of norm 0.0
17:57 gram_schmidt: Removing vector 83 of norm 0.0
17:57 gram_schmidt: Removing vector 84 of norm 0.0
17:57 gram_schmidt: Removing vector 85 of norm 0.0
17:57 gram_schmidt: Removing vector 86 of norm 0.0
17:57 gram_schmidt: Removing vector 87 of norm 0.0
17:57 gram_schmidt: Removing vector 88 of norm 0.0
17:57 gram_schmidt: Removing vector 89 of norm 0.0
17:57 gram_schmidt: Removing vector 90 of norm 0.0
17:57 gram_schmidt: Removing vector 91 of norm 0.0
17:57 gram_schmidt: Removing vector 92 of norm 0.0
17:57 gram_schmidt: Removing vector 93 of norm 0.0
17:57 gram_schmidt: Removing vector 94 of norm 0.0
17:57 gram_schmidt: Removing vector 95 of norm 0.0
17:57 gram_schmidt: Removing vector 96 of norm 0.0
17:57 gram_schmidt: Removing vector 97 of norm 0.0
17:57 gram_schmidt: Removing vector 98 of norm 0.0
17:57 gram_schmidt: Removing vector 99 of norm 0.0
17:57 gram_schmidt: Removing vector 100 of norm 0.0
17:57 gram_schmidt: Removing vector 101 of norm 0.0
</system-err></testcase><testcase classname="src.pymortests.algorithms.gram_schmidt" file="src/pymortests/algorithms/gram_schmidt.py" line="12" name="test_gram_schmidt[1-&lt;lambda&gt;10]" time="0.0032148361206054688"></testcase><testcase classname="src.pymortests.algorithms.gram_schmidt" file="src/pymortests/algorithms/gram_schmidt.py" line="12" name="test_gram_schmidt[1-&lt;lambda&gt;11]" time="0.006140708923339844"><system-err>17:57 gram_schmidt: Removing linearly dependent vector 3
17:57 gram_schmidt: Removing linearly dependent vector 3
</system-err></testcase><testcase classname="src.pymortests.algorithms.gram_schmidt" file="src/pymortests/algorithms/gram_schmidt.py" line="12" name="test_gram_schmidt[1-&lt;lambda&gt;12]" time="0.003643512725830078"><system-err>17:57 gram_schmidt: Removing vector 0 of norm 0.0
17:57 gram_schmidt: Removing vector 1 of norm 0.0
17:57 gram_schmidt: Removing vector 2 of norm 0.0
17:57 gram_schmidt: Removing vector 0 of norm 0.0
17:57 gram_schmidt: Removing vector 1 of norm 0.0
17:57 gram_schmidt: Removing vector 2 of norm 0.0
</system-err></testcase><testcase classname="src.pymortests.algorithms.gram_schmidt" file="src/pymortests/algorithms/gram_schmidt.py" line="12" name="test_gram_schmidt[1-&lt;lambda&gt;13]" time="0.0024809837341308594"></testcase><testcase classname="src.pymortests.algorithms.gram_schmidt" file="src/pymortests/algorithms/gram_schmidt.py" line="12" name="test_gram_schmidt[1-&lt;lambda&gt;14]" time="0.0045130252838134766"></testcase><testcase classname="src.pymortests.algorithms.gram_schmidt" file="src/pymortests/algorithms/gram_schmidt.py" line="12" name="test_gram_schmidt[1-&lt;lambda&gt;15]" time="0.36041975021362305"><system-err>17:57 gram_schmidt: Removing linearly dependent vector 36
17:57 gram_schmidt: Removing linearly dependent vector 37
17:57 gram_schmidt: Removing linearly dependent vector 38
17:57 gram_schmidt: Removing linearly dependent vector 39
17:57 gram_schmidt: Removing linearly dependent vector 40
17:57 gram_schmidt: Removing linearly dependent vector 41
17:57 gram_schmidt: Removing linearly dependent vector 42
17:57 gram_schmidt: Removing linearly dependent vector 36
17:57 gram_schmidt: Removing linearly dependent vector 37
17:57 gram_schmidt: Removing linearly dependent vector 38
17:57 gram_schmidt: Removing linearly dependent vector 39
17:57 gram_schmidt: Removing linearly dependent vector 40
17:57 gram_schmidt: Removing linearly dependent vector 41
17:57 gram_schmidt: Removing linearly dependent vector 42
</system-err></testcase><testcase classname="src.pymortests.algorithms.gram_schmidt" file="src/pymortests/algorithms/gram_schmidt.py" line="12" name="test_gram_schmidt[1-&lt;lambda&gt;16]" time="0.17780399322509766"><system-err>17:57 gram_schmidt: Removing linearly dependent vector 3
17:57 gram_schmidt: Removing linearly dependent vector 4
17:57 gram_schmidt: Removing linearly dependent vector 5
17:57 gram_schmidt: Removing linearly dependent vector 6
17:57 gram_schmidt: Removing linearly dependent vector 7
17:57 gram_schmidt: Removing linearly dependent vector 8
17:57 gram_schmidt: Removing linearly dependent vector 9
17:57 gram_schmidt: Removing linearly dependent vector 10
17:57 gram_schmidt: Removing linearly dependent vector 11
17:57 gram_schmidt: Removing linearly dependent vector 12
17:57 gram_schmidt: Removing linearly dependent vector 13
17:57 gram_schmidt: Removing linearly dependent vector 14
17:57 gram_schmidt: Removing linearly dependent vector 15
17:57 gram_schmidt: Removing linearly dependent vector 16
17:57 gram_schmidt: Removing linearly dependent vector 17
17:57 gram_schmidt: Removing linearly dependent vector 18
17:57 gram_schmidt: Removing linearly dependent vector 19
17:57 gram_schmidt: Removing linearly dependent vector 20
17:57 gram_schmidt: Removing linearly dependent vector 21
17:57 gram_schmidt: Removing linearly dependent vector 22
17:57 gram_schmidt: Removing linearly dependent vector 23
17:57 gram_schmidt: Removing linearly dependent vector 24
17:57 gram_schmidt: Removing linearly dependent vector 25
17:57 gram_schmidt: Removing linearly dependent vector 26
17:57 gram_schmidt: Removing linearly dependent vector 27
17:57 gram_schmidt: Removing linearly dependent vector 28
17:57 gram_schmidt: Removing linearly dependent vector 29
17:57 gram_schmidt: Removing linearly dependent vector 30
17:57 gram_schmidt: Removing linearly dependent vector 31
17:57 gram_schmidt: Removing linearly dependent vector 32
17:57 gram_schmidt: Removing linearly dependent vector 33
17:57 gram_schmidt: Removing linearly dependent vector 34
17:57 gram_schmidt: Removing linearly dependent vector 35
17:57 gram_schmidt: Removing linearly dependent vector 36
17:57 gram_schmidt: Removing linearly dependent vector 37
17:57 gram_schmidt: Removing linearly dependent vector 38
17:57 gram_schmidt: Removing linearly dependent vector 39
17:57 gram_schmidt: Removing linearly dependent vector 40
17:57 gram_schmidt: Removing linearly dependent vector 41
17:57 gram_schmidt: Removing linearly dependent vector 42
17:57 gram_schmidt: Removing linearly dependent vector 43
17:57 gram_schmidt: Removing linearly dependent vector 44
17:57 gram_schmidt: Removing linearly dependent vector 45
17:57 gram_schmidt: Removing linearly dependent vector 46
17:57 gram_schmidt: Removing linearly dependent vector 47
17:57 gram_schmidt: Removing linearly dependent vector 48
17:57 gram_schmidt: Removing linearly dependent vector 49
17:57 gram_schmidt: Removing linearly dependent vector 50
17:57 gram_schmidt: Removing linearly dependent vector 51
17:57 gram_schmidt: Removing linearly dependent vector 52
17:57 gram_schmidt: Removing linearly dependent vector 53
17:57 gram_schmidt: Removing linearly dependent vector 54
17:57 gram_schmidt: Removing linearly dependent vector 55
17:57 gram_schmidt: Removing linearly dependent vector 56
17:57 gram_schmidt: Removing linearly dependent vector 57
17:57 gram_schmidt: Removing linearly dependent vector 58
17:57 gram_schmidt: Removing linearly dependent vector 59
17:57 gram_schmidt: Removing linearly dependent vector 60
17:57 gram_schmidt: Removing linearly dependent vector 61
17:57 gram_schmidt: Removing linearly dependent vector 62
17:57 gram_schmidt: Removing linearly dependent vector 63
17:57 gram_schmidt: Removing linearly dependent vector 64
17:57 gram_schmidt: Removing linearly dependent vector 65
17:57 gram_schmidt: Removing linearly dependent vector 66
17:57 gram_schmidt: Removing linearly dependent vector 67
17:57 gram_schmidt: Removing linearly dependent vector 68
17:57 gram_schmidt: Removing linearly dependent vector 69
17:57 gram_schmidt: Removing linearly dependent vector 70
17:57 gram_schmidt: Removing linearly dependent vector 71
17:57 gram_schmidt: Removing linearly dependent vector 72
17:57 gram_schmidt: Removing linearly dependent vector 73
17:57 gram_schmidt: Removing linearly dependent vector 74
17:57 gram_schmidt: Removing linearly dependent vector 75
17:57 gram_schmidt: Removing linearly dependent vector 76
17:57 gram_schmidt: Removing linearly dependent vector 77
17:57 gram_schmidt: Removing linearly dependent vector 78
17:57 gram_schmidt: Removing linearly dependent vector 79
17:57 gram_schmidt: Removing linearly dependent vector 80
17:57 gram_schmidt: Removing linearly dependent vector 81
17:57 gram_schmidt: Removing linearly dependent vector 82
17:57 gram_schmidt: Removing linearly dependent vector 83
17:57 gram_schmidt: Removing linearly dependent vector 84
17:57 gram_schmidt: Removing linearly dependent vector 85
17:57 gram_schmidt: Removing linearly dependent vector 86
17:57 gram_schmidt: Removing linearly dependent vector 87
17:57 gram_schmidt: Removing linearly dependent vector 88
17:57 gram_schmidt: Removing linearly dependent vector 89
17:57 gram_schmidt: Removing linearly dependent vector 90
17:57 gram_schmidt: Removing linearly dependent vector 91
17:57 gram_schmidt: Removing linearly dependent vector 92
17:57 gram_schmidt: Removing linearly dependent vector 93
17:57 gram_schmidt: Removing linearly dependent vector 94
17:57 gram_schmidt: Removing linearly dependent vector 95
17:57 gram_schmidt: Removing linearly dependent vector 96
17:57 gram_schmidt: Removing linearly dependent vector 97
17:57 gram_schmidt: Removing linearly dependent vector 98
17:57 gram_schmidt: Removing linearly dependent vector 99
17:57 gram_schmidt: Removing linearly dependent vector 100
17:57 gram_schmidt: Removing linearly dependent vector 101
17:57 gram_schmidt: Removing linearly dependent vector 3
17:57 gram_schmidt: Removing linearly dependent vector 4
17:57 gram_schmidt: Removing linearly dependent vector 5
17:57 gram_schmidt: Removing linearly dependent vector 6
17:57 gram_schmidt: Removing linearly dependent vector 7
17:57 gram_schmidt: Removing linearly dependent vector 8
17:57 gram_schmidt: Removing linearly dependent vector 9
17:57 gram_schmidt: Removing linearly dependent vector 10
17:57 gram_schmidt: Removing linearly dependent vector 11
17:57 gram_schmidt: Removing linearly dependent vector 12
17:57 gram_schmidt: Removing linearly dependent vector 13
17:57 gram_schmidt: Removing linearly dependent vector 14
17:57 gram_schmidt: Removing linearly dependent vector 15
17:57 gram_schmidt: Removing linearly dependent vector 16
17:57 gram_schmidt: Removing linearly dependent vector 17
17:57 gram_schmidt: Removing linearly dependent vector 18
17:57 gram_schmidt: Removing linearly dependent vector 19
17:57 gram_schmidt: Removing linearly dependent vector 20
17:57 gram_schmidt: Removing linearly dependent vector 21
17:57 gram_schmidt: Removing linearly dependent vector 22
17:57 gram_schmidt: Removing linearly dependent vector 23
17:57 gram_schmidt: Removing linearly dependent vector 24
17:57 gram_schmidt: Removing linearly dependent vector 25
17:57 gram_schmidt: Removing linearly dependent vector 26
17:57 gram_schmidt: Removing linearly dependent vector 27
17:57 gram_schmidt: Removing linearly dependent vector 28
17:57 gram_schmidt: Removing linearly dependent vector 29
17:57 gram_schmidt: Removing linearly dependent vector 30
17:57 gram_schmidt: Removing linearly dependent vector 31
17:57 gram_schmidt: Removing linearly dependent vector 32
17:57 gram_schmidt: Removing linearly dependent vector 33
17:57 gram_schmidt: Removing linearly dependent vector 34
17:57 gram_schmidt: Removing linearly dependent vector 35
17:57 gram_schmidt: Removing linearly dependent vector 36
17:57 gram_schmidt: Removing linearly dependent vector 37
17:57 gram_schmidt: Removing linearly dependent vector 38
17:57 gram_schmidt: Removing linearly dependent vector 39
17:57 gram_schmidt: Removing linearly dependent vector 40
17:57 gram_schmidt: Removing linearly dependent vector 41
17:57 gram_schmidt: Removing linearly dependent vector 42
17:57 gram_schmidt: Removing linearly dependent vector 43
17:57 gram_schmidt: Removing linearly dependent vector 44
17:57 gram_schmidt: Removing linearly dependent vector 45
17:57 gram_schmidt: Removing linearly dependent vector 46
17:57 gram_schmidt: Removing linearly dependent vector 47
17:57 gram_schmidt: Removing linearly dependent vector 48
17:57 gram_schmidt: Removing linearly dependent vector 49
17:57 gram_schmidt: Removing linearly dependent vector 50
17:57 gram_schmidt: Removing linearly dependent vector 51
17:57 gram_schmidt: Removing linearly dependent vector 52
17:57 gram_schmidt: Removing linearly dependent vector 53
17:57 gram_schmidt: Removing linearly dependent vector 54
17:57 gram_schmidt: Removing linearly dependent vector 55
17:57 gram_schmidt: Removing linearly dependent vector 56
17:57 gram_schmidt: Removing linearly dependent vector 57
17:57 gram_schmidt: Removing linearly dependent vector 58
17:57 gram_schmidt: Removing linearly dependent vector 59
17:57 gram_schmidt: Removing linearly dependent vector 60
17:57 gram_schmidt: Removing linearly dependent vector 61
17:57 gram_schmidt: Removing linearly dependent vector 62
17:57 gram_schmidt: Removing linearly dependent vector 63
17:57 gram_schmidt: Removing linearly dependent vector 64
17:57 gram_schmidt: Removing linearly dependent vector 65
17:57 gram_schmidt: Removing linearly dependent vector 66
17:57 gram_schmidt: Removing linearly dependent vector 67
17:57 gram_schmidt: Removing linearly dependent vector 68
17:57 gram_schmidt: Removing linearly dependent vector 69
17:57 gram_schmidt: Removing linearly dependent vector 70
17:57 gram_schmidt: Removing linearly dependent vector 71
17:57 gram_schmidt: Removing linearly dependent vector 72
17:57 gram_schmidt: Removing linearly dependent vector 73
17:57 gram_schmidt: Removing linearly dependent vector 74
17:57 gram_schmidt: Removing linearly dependent vector 75
17:57 gram_schmidt: Removing linearly dependent vector 76
17:57 gram_schmidt: Removing linearly dependent vector 77
17:57 gram_schmidt: Removing linearly dependent vector 78
17:57 gram_schmidt: Removing linearly dependent vector 79
17:57 gram_schmidt: Removing linearly dependent vector 80
17:57 gram_schmidt: Removing linearly dependent vector 81
17:57 gram_schmidt: Removing linearly dependent vector 82
17:57 gram_schmidt: Removing linearly dependent vector 83
17:57 gram_schmidt: Removing linearly dependent vector 84
17:57 gram_schmidt: Removing linearly dependent vector 85
17:57 gram_schmidt: Removing linearly dependent vector 86
17:57 gram_schmidt: Removing linearly dependent vector 87
17:57 gram_schmidt: Removing linearly dependent vector 88
17:57 gram_schmidt: Removing linearly dependent vector 89
17:57 gram_schmidt: Removing linearly dependent vector 90
17:57 gram_schmidt: Removing linearly dependent vector 91
17:57 gram_schmidt: Removing linearly dependent vector 92
17:57 gram_schmidt: Removing linearly dependent vector 93
17:57 gram_schmidt: Removing linearly dependent vector 94
17:57 gram_schmidt: Removing linearly dependent vector 95
17:57 gram_schmidt: Removing linearly dependent vector 96
17:57 gram_schmidt: Removing linearly dependent vector 97
17:57 gram_schmidt: Removing linearly dependent vector 98
17:57 gram_schmidt: Removing linearly dependent vector 99
17:57 gram_schmidt: Removing linearly dependent vector 100
17:57 gram_schmidt: Removing linearly dependent vector 101
</system-err></testcase><testcase classname="src.pymortests.algorithms.gram_schmidt" file="src/pymortests/algorithms/gram_schmidt.py" line="12" name="test_gram_schmidt[1-&lt;lambda&gt;17]" time="0.0033550262451171875"></testcase><testcase classname="src.pymortests.algorithms.gram_schmidt" file="src/pymortests/algorithms/gram_schmidt.py" line="12" name="test_gram_schmidt[1-&lt;lambda&gt;18]" time="0.002463817596435547"></testcase><testcase classname="src.pymortests.algorithms.gram_schmidt" file="src/pymortests/algorithms/gram_schmidt.py" line="12" name="test_gram_schmidt[1-&lt;lambda&gt;19]" time="0.00489497184753418"></testcase><testcase classname="src.pymortests.algorithms.gram_schmidt" file="src/pymortests/algorithms/gram_schmidt.py" line="12" name="test_gram_schmidt[1-&lt;lambda&gt;20]" time="0.2737131118774414"></testcase><testcase classname="src.pymortests.algorithms.gram_schmidt" file="src/pymortests/algorithms/gram_schmidt.py" line="12" name="test_gram_schmidt[1-&lt;lambda&gt;21]" time="1.4672083854675293"></testcase><testcase classname="src.pymortests.algorithms.gram_schmidt" file="src/pymortests/algorithms/gram_schmidt.py" line="12" name="test_gram_schmidt[1-&lt;lambda&gt;22]" time="0.002429962158203125"></testcase><testcase classname="src.pymortests.algorithms.gram_schmidt" file="src/pymortests/algorithms/gram_schmidt.py" line="12" name="test_gram_schmidt[1-&lt;lambda&gt;23]" time="0.0017323493957519531"></testcase><testcase classname="src.pymortests.algorithms.gram_schmidt" file="src/pymortests/algorithms/gram_schmidt.py" line="12" name="test_gram_schmidt[1-&lt;lambda&gt;24]" time="0.0073261260986328125"></testcase><testcase classname="src.pymortests.algorithms.gram_schmidt" file="src/pymortests/algorithms/gram_schmidt.py" line="12" name="test_gram_schmidt[1-&lt;lambda&gt;25]" time="0.3813035488128662"><system-err>17:59 gram_schmidt: Orthonormalizing vector 31 again
17:59 gram_schmidt: Removing linearly dependent vector 32
17:59 gram_schmidt: Removing linearly dependent vector 33
17:59 gram_schmidt: Removing linearly dependent vector 34
17:59 gram_schmidt: Removing linearly dependent vector 35
17:59 gram_schmidt: Removing linearly dependent vector 36
17:59 gram_schmidt: Removing linearly dependent vector 37
17:59 gram_schmidt: Removing linearly dependent vector 38
17:59 gram_schmidt: Removing linearly dependent vector 39
17:59 gram_schmidt: Removing linearly dependent vector 40
17:59 gram_schmidt: Removing linearly dependent vector 41
17:59 gram_schmidt: Removing linearly dependent vector 42
18:00 gram_schmidt: Orthonormalizing vector 31 again
18:00 gram_schmidt: Removing linearly dependent vector 32
18:00 gram_schmidt: Removing linearly dependent vector 33
18:00 gram_schmidt: Removing linearly dependent vector 34
18:00 gram_schmidt: Removing linearly dependent vector 35
18:00 gram_schmidt: Removing linearly dependent vector 36
18:00 gram_schmidt: Removing linearly dependent vector 37
18:00 gram_schmidt: Removing linearly dependent vector 38
18:00 gram_schmidt: Removing linearly dependent vector 39
18:00 gram_schmidt: Removing linearly dependent vector 40
18:00 gram_schmidt: Removing linearly dependent vector 41
18:00 gram_schmidt: Removing linearly dependent vector 42
</system-err></testcase><testcase classname="src.pymortests.algorithms.gram_schmidt" file="src/pymortests/algorithms/gram_schmidt.py" line="12" name="test_gram_schmidt[1-&lt;lambda&gt;26]" time="0.2279198169708252"><system-err>18:00 gram_schmidt: Removing vector 0 of norm 0.0
18:00 gram_schmidt: Removing vector 1 of norm 0.0
18:00 gram_schmidt: Removing vector 2 of norm 0.0
18:00 gram_schmidt: Removing vector 3 of norm 0.0
18:00 gram_schmidt: Removing vector 4 of norm 0.0
18:00 gram_schmidt: Removing vector 5 of norm 0.0
18:00 gram_schmidt: Removing vector 6 of norm 0.0
18:00 gram_schmidt: Removing vector 7 of norm 0.0
18:00 gram_schmidt: Removing vector 8 of norm 0.0
18:00 gram_schmidt: Removing vector 9 of norm 0.0
18:00 gram_schmidt: Removing vector 10 of norm 0.0
18:00 gram_schmidt: Removing vector 11 of norm 0.0
18:00 gram_schmidt: Removing vector 12 of norm 0.0
18:00 gram_schmidt: Removing vector 13 of norm 0.0
18:00 gram_schmidt: Removing vector 14 of norm 0.0
18:00 gram_schmidt: Removing vector 15 of norm 0.0
18:00 gram_schmidt: Removing vector 16 of norm 0.0
18:00 gram_schmidt: Removing vector 17 of norm 0.0
18:00 gram_schmidt: Removing vector 18 of norm 0.0
18:00 gram_schmidt: Removing vector 19 of norm 0.0
18:00 gram_schmidt: Removing vector 20 of norm 0.0
18:00 gram_schmidt: Removing vector 21 of norm 0.0
18:00 gram_schmidt: Removing vector 22 of norm 0.0
18:00 gram_schmidt: Removing vector 23 of norm 0.0
18:00 gram_schmidt: Removing vector 24 of norm 0.0
18:00 gram_schmidt: Removing vector 25 of norm 0.0
18:00 gram_schmidt: Removing vector 26 of norm 0.0
18:00 gram_schmidt: Removing vector 27 of norm 0.0
18:00 gram_schmidt: Removing vector 28 of norm 0.0
18:00 gram_schmidt: Removing vector 29 of norm 0.0
18:00 gram_schmidt: Removing vector 30 of norm 0.0
18:00 gram_schmidt: Removing vector 31 of norm 0.0
18:00 gram_schmidt: Removing vector 32 of norm 0.0
18:00 gram_schmidt: Removing vector 33 of norm 0.0
18:00 gram_schmidt: Removing vector 34 of norm 0.0
18:00 gram_schmidt: Removing vector 35 of norm 0.0
18:00 gram_schmidt: Removing vector 36 of norm 0.0
18:00 gram_schmidt: Removing vector 37 of norm 0.0
18:00 gram_schmidt: Removing vector 38 of norm 0.0
18:00 gram_schmidt: Removing vector 39 of norm 0.0
18:00 gram_schmidt: Removing vector 40 of norm 0.0
18:00 gram_schmidt: Removing vector 41 of norm 0.0
18:00 gram_schmidt: Removing vector 42 of norm 0.0
18:00 gram_schmidt: Removing vector 43 of norm 0.0
18:00 gram_schmidt: Removing vector 44 of norm 0.0
18:00 gram_schmidt: Removing vector 45 of norm 0.0
18:00 gram_schmidt: Removing vector 46 of norm 0.0
18:00 gram_schmidt: Removing vector 47 of norm 0.0
18:00 gram_schmidt: Removing vector 48 of norm 0.0
18:00 gram_schmidt: Removing vector 49 of norm 0.0
18:00 gram_schmidt: Removing vector 50 of norm 0.0
18:00 gram_schmidt: Removing vector 51 of norm 0.0
18:00 gram_schmidt: Removing vector 52 of norm 0.0
18:00 gram_schmidt: Removing vector 53 of norm 0.0
18:00 gram_schmidt: Removing vector 54 of norm 0.0
18:00 gram_schmidt: Removing vector 55 of norm 0.0
18:00 gram_schmidt: Removing vector 56 of norm 0.0
18:00 gram_schmidt: Removing vector 57 of norm 0.0
18:00 gram_schmidt: Removing vector 58 of norm 0.0
18:00 gram_schmidt: Removing vector 59 of norm 0.0
18:00 gram_schmidt: Removing vector 60 of norm 0.0
18:00 gram_schmidt: Removing vector 61 of norm 0.0
18:00 gram_schmidt: Removing vector 62 of norm 0.0
18:00 gram_schmidt: Removing vector 63 of norm 0.0
18:00 gram_schmidt: Removing vector 64 of norm 0.0
18:00 gram_schmidt: Removing vector 65 of norm 0.0
18:00 gram_schmidt: Removing vector 66 of norm 0.0
18:00 gram_schmidt: Removing vector 67 of norm 0.0
18:00 gram_schmidt: Removing vector 68 of norm 0.0
18:00 gram_schmidt: Removing vector 69 of norm 0.0
18:00 gram_schmidt: Removing vector 70 of norm 0.0
18:00 gram_schmidt: Removing vector 71 of norm 0.0
18:00 gram_schmidt: Removing vector 72 of norm 0.0
18:00 gram_schmidt: Removing vector 73 of norm 0.0
18:00 gram_schmidt: Removing vector 74 of norm 0.0
18:00 gram_schmidt: Removing vector 75 of norm 0.0
18:00 gram_schmidt: Removing vector 76 of norm 0.0
18:00 gram_schmidt: Removing vector 77 of norm 0.0
18:00 gram_schmidt: Removing vector 78 of norm 0.0
18:00 gram_schmidt: Removing vector 79 of norm 0.0
18:00 gram_schmidt: Removing vector 80 of norm 0.0
18:00 gram_schmidt: Removing vector 81 of norm 0.0
18:00 gram_schmidt: Removing vector 82 of norm 0.0
18:00 gram_schmidt: Removing vector 83 of norm 0.0
18:00 gram_schmidt: Removing vector 84 of norm 0.0
18:00 gram_schmidt: Removing vector 85 of norm 0.0
18:00 gram_schmidt: Removing vector 86 of norm 0.0
18:00 gram_schmidt: Removing vector 87 of norm 0.0
18:00 gram_schmidt: Removing vector 88 of norm 0.0
18:00 gram_schmidt: Removing vector 89 of norm 0.0
18:00 gram_schmidt: Removing vector 90 of norm 0.0
18:00 gram_schmidt: Removing vector 91 of norm 0.0
18:00 gram_schmidt: Removing vector 92 of norm 0.0
18:00 gram_schmidt: Removing vector 93 of norm 0.0
18:00 gram_schmidt: Removing vector 94 of norm 0.0
18:00 gram_schmidt: Removing vector 95 of norm 0.0
18:00 gram_schmidt: Removing vector 96 of norm 0.0
18:00 gram_schmidt: Removing vector 97 of norm 0.0
18:00 gram_schmidt: Removing vector 98 of norm 0.0
18:00 gram_schmidt: Removing vector 99 of norm 0.0
18:00 gram_schmidt: Removing vector 100 of norm 0.0
18:00 gram_schmidt: Removing vector 101 of norm 0.0
18:00 gram_schmidt: Removing vector 0 of norm 0.0
18:00 gram_schmidt: Removing vector 1 of norm 0.0
18:00 gram_schmidt: Removing vector 2 of norm 0.0
18:00 gram_schmidt: Removing vector 3 of norm 0.0
18:00 gram_schmidt: Removing vector 4 of norm 0.0
18:00 gram_schmidt: Removing vector 5 of norm 0.0
18:00 gram_schmidt: Removing vector 6 of norm 0.0
18:00 gram_schmidt: Removing vector 7 of norm 0.0
18:00 gram_schmidt: Removing vector 8 of norm 0.0
18:00 gram_schmidt: Removing vector 9 of norm 0.0
18:00 gram_schmidt: Removing vector 10 of norm 0.0
18:00 gram_schmidt: Removing vector 11 of norm 0.0
18:00 gram_schmidt: Removing vector 12 of norm 0.0
18:00 gram_schmidt: Removing vector 13 of norm 0.0
18:00 gram_schmidt: Removing vector 14 of norm 0.0
18:00 gram_schmidt: Removing vector 15 of norm 0.0
18:00 gram_schmidt: Removing vector 16 of norm 0.0
18:00 gram_schmidt: Removing vector 17 of norm 0.0
18:00 gram_schmidt: Removing vector 18 of norm 0.0
18:00 gram_schmidt: Removing vector 19 of norm 0.0
18:00 gram_schmidt: Removing vector 20 of norm 0.0
18:00 gram_schmidt: Removing vector 21 of norm 0.0
18:00 gram_schmidt: Removing vector 22 of norm 0.0
18:00 gram_schmidt: Removing vector 23 of norm 0.0
18:00 gram_schmidt: Removing vector 24 of norm 0.0
18:00 gram_schmidt: Removing vector 25 of norm 0.0
18:00 gram_schmidt: Removing vector 26 of norm 0.0
18:00 gram_schmidt: Removing vector 27 of norm 0.0
18:00 gram_schmidt: Removing vector 28 of norm 0.0
18:00 gram_schmidt: Removing vector 29 of norm 0.0
18:00 gram_schmidt: Removing vector 30 of norm 0.0
18:00 gram_schmidt: Removing vector 31 of norm 0.0
18:00 gram_schmidt: Removing vector 32 of norm 0.0
18:00 gram_schmidt: Removing vector 33 of norm 0.0
18:00 gram_schmidt: Removing vector 34 of norm 0.0
18:00 gram_schmidt: Removing vector 35 of norm 0.0
18:00 gram_schmidt: Removing vector 36 of norm 0.0
18:00 gram_schmidt: Removing vector 37 of norm 0.0
18:00 gram_schmidt: Removing vector 38 of norm 0.0
18:00 gram_schmidt: Removing vector 39 of norm 0.0
18:00 gram_schmidt: Removing vector 40 of norm 0.0
18:00 gram_schmidt: Removing vector 41 of norm 0.0
18:00 gram_schmidt: Removing vector 42 of norm 0.0
18:00 gram_schmidt: Removing vector 43 of norm 0.0
18:00 gram_schmidt: Removing vector 44 of norm 0.0
18:00 gram_schmidt: Removing vector 45 of norm 0.0
18:00 gram_schmidt: Removing vector 46 of norm 0.0
18:00 gram_schmidt: Removing vector 47 of norm 0.0
18:00 gram_schmidt: Removing vector 48 of norm 0.0
18:00 gram_schmidt: Removing vector 49 of norm 0.0
18:00 gram_schmidt: Removing vector 50 of norm 0.0
18:00 gram_schmidt: Removing vector 51 of norm 0.0
18:00 gram_schmidt: Removing vector 52 of norm 0.0
18:00 gram_schmidt: Removing vector 53 of norm 0.0
18:00 gram_schmidt: Removing vector 54 of norm 0.0
18:00 gram_schmidt: Removing vector 55 of norm 0.0
18:00 gram_schmidt: Removing vector 56 of norm 0.0
18:00 gram_schmidt: Removing vector 57 of norm 0.0
18:00 gram_schmidt: Removing vector 58 of norm 0.0
18:00 gram_schmidt: Removing vector 59 of norm 0.0
18:00 gram_schmidt: Removing vector 60 of norm 0.0
18:00 gram_schmidt: Removing vector 61 of norm 0.0
18:00 gram_schmidt: Removing vector 62 of norm 0.0
18:00 gram_schmidt: Removing vector 63 of norm 0.0
18:00 gram_schmidt: Removing vector 64 of norm 0.0
18:00 gram_schmidt: Removing vector 65 of norm 0.0
18:00 gram_schmidt: Removing vector 66 of norm 0.0
18:00 gram_schmidt: Removing vector 67 of norm 0.0
18:00 gram_schmidt: Removing vector 68 of norm 0.0
18:00 gram_schmidt: Removing vector 69 of norm 0.0
18:00 gram_schmidt: Removing vector 70 of norm 0.0
18:00 gram_schmidt: Removing vector 71 of norm 0.0
18:00 gram_schmidt: Removing vector 72 of norm 0.0
18:00 gram_schmidt: Removing vector 73 of norm 0.0
18:00 gram_schmidt: Removing vector 74 of norm 0.0
18:00 gram_schmidt: Removing vector 75 of norm 0.0
18:00 gram_schmidt: Removing vector 76 of norm 0.0
18:00 gram_schmidt: Removing vector 77 of norm 0.0
18:00 gram_schmidt: Removing vector 78 of norm 0.0
18:00 gram_schmidt: Removing vector 79 of norm 0.0
18:00 gram_schmidt: Removing vector 80 of norm 0.0
18:00 gram_schmidt: Removing vector 81 of norm 0.0
18:00 gram_schmidt: Removing vector 82 of norm 0.0
18:00 gram_schmidt: Removing vector 83 of norm 0.0
18:00 gram_schmidt: Removing vector 84 of norm 0.0
18:00 gram_schmidt: Removing vector 85 of norm 0.0
18:00 gram_schmidt: Removing vector 86 of norm 0.0
18:00 gram_schmidt: Removing vector 87 of norm 0.0
18:00 gram_schmidt: Removing vector 88 of norm 0.0
18:00 gram_schmidt: Removing vector 89 of norm 0.0
18:00 gram_schmidt: Removing vector 90 of norm 0.0
18:00 gram_schmidt: Removing vector 91 of norm 0.0
18:00 gram_schmidt: Removing vector 92 of norm 0.0
18:00 gram_schmidt: Removing vector 93 of norm 0.0
18:00 gram_schmidt: Removing vector 94 of norm 0.0
18:00 gram_schmidt: Removing vector 95 of norm 0.0
18:00 gram_schmidt: Removing vector 96 of norm 0.0
18:00 gram_schmidt: Removing vector 97 of norm 0.0
18:00 gram_schmidt: Removing vector 98 of norm 0.0
18:00 gram_schmidt: Removing vector 99 of norm 0.0
18:00 gram_schmidt: Removing vector 100 of norm 0.0
18:00 gram_schmidt: Removing vector 101 of norm 0.0
</system-err></testcase><testcase classname="src.pymortests.algorithms.gram_schmidt" file="src/pymortests/algorithms/gram_schmidt.py" line="12" name="test_gram_schmidt[2-&lt;lambda&gt;0]" time="0.0025548934936523438"></testcase><testcase classname="src.pymortests.algorithms.gram_schmidt" file="src/pymortests/algorithms/gram_schmidt.py" line="12" name="test_gram_schmidt[2-&lt;lambda&gt;1]" time="0.0018203258514404297"></testcase><testcase classname="src.pymortests.algorithms.gram_schmidt" file="src/pymortests/algorithms/gram_schmidt.py" line="12" name="test_gram_schmidt[2-&lt;lambda&gt;2]" time="0.002067089080810547"></testcase><testcase classname="src.pymortests.algorithms.gram_schmidt" file="src/pymortests/algorithms/gram_schmidt.py" line="12" name="test_gram_schmidt[2-&lt;lambda&gt;3]" time="0.09725189208984375"><system-err>18:00 gram_schmidt: Orthonormalizing vector 31 again
18:00 gram_schmidt: Removing linearly dependent vector 32
18:00 gram_schmidt: Removing linearly dependent vector 33
18:00 gram_schmidt: Removing linearly dependent vector 34
18:00 gram_schmidt: Removing linearly dependent vector 35
18:00 gram_schmidt: Removing linearly dependent vector 36
18:00 gram_schmidt: Removing linearly dependent vector 37
18:00 gram_schmidt: Removing linearly dependent vector 38
18:00 gram_schmidt: Removing linearly dependent vector 39
18:00 gram_schmidt: Removing linearly dependent vector 40
18:00 gram_schmidt: Removing linearly dependent vector 41
18:00 gram_schmidt: Removing linearly dependent vector 42
18:00 gram_schmidt: Orthonormalizing vector 31 again
18:00 gram_schmidt: Removing linearly dependent vector 32
18:00 gram_schmidt: Removing linearly dependent vector 33
18:00 gram_schmidt: Removing linearly dependent vector 34
18:00 gram_schmidt: Removing linearly dependent vector 35
18:00 gram_schmidt: Removing linearly dependent vector 36
18:00 gram_schmidt: Removing linearly dependent vector 37
18:00 gram_schmidt: Removing linearly dependent vector 38
18:00 gram_schmidt: Removing linearly dependent vector 39
18:00 gram_schmidt: Removing linearly dependent vector 40
18:00 gram_schmidt: Removing linearly dependent vector 41
18:00 gram_schmidt: Removing linearly dependent vector 42
</system-err></testcase><testcase classname="src.pymortests.algorithms.gram_schmidt" file="src/pymortests/algorithms/gram_schmidt.py" line="12" name="test_gram_schmidt[2-&lt;lambda&gt;4]" time="0.020697355270385742"><system-err>18:00 gram_schmidt: Removing vector 0 of norm 0.0
18:00 gram_schmidt: Removing vector 1 of norm 0.0
18:00 gram_schmidt: Removing vector 2 of norm 0.0
18:00 gram_schmidt: Removing vector 3 of norm 0.0
18:00 gram_schmidt: Removing vector 4 of norm 0.0
18:00 gram_schmidt: Removing vector 5 of norm 0.0
18:00 gram_schmidt: Removing vector 6 of norm 0.0
18:00 gram_schmidt: Removing vector 7 of norm 0.0
18:00 gram_schmidt: Removing vector 8 of norm 0.0
18:00 gram_schmidt: Removing vector 9 of norm 0.0
18:00 gram_schmidt: Removing vector 10 of norm 0.0
18:00 gram_schmidt: Removing vector 11 of norm 0.0
18:00 gram_schmidt: Removing vector 12 of norm 0.0
18:00 gram_schmidt: Removing vector 13 of norm 0.0
18:00 gram_schmidt: Removing vector 14 of norm 0.0
18:00 gram_schmidt: Removing vector 15 of norm 0.0
18:00 gram_schmidt: Removing vector 16 of norm 0.0
18:00 gram_schmidt: Removing vector 17 of norm 0.0
18:00 gram_schmidt: Removing vector 18 of norm 0.0
18:00 gram_schmidt: Removing vector 19 of norm 0.0
18:00 gram_schmidt: Removing vector 20 of norm 0.0
18:00 gram_schmidt: Removing vector 21 of norm 0.0
18:00 gram_schmidt: Removing vector 22 of norm 0.0
18:00 gram_schmidt: Removing vector 23 of norm 0.0
18:00 gram_schmidt: Removing vector 24 of norm 0.0
18:00 gram_schmidt: Removing vector 25 of norm 0.0
18:00 gram_schmidt: Removing vector 26 of norm 0.0
18:00 gram_schmidt: Removing vector 27 of norm 0.0
18:00 gram_schmidt: Removing vector 28 of norm 0.0
18:00 gram_schmidt: Removing vector 29 of norm 0.0
18:00 gram_schmidt: Removing vector 30 of norm 0.0
18:00 gram_schmidt: Removing vector 31 of norm 0.0
18:00 gram_schmidt: Removing vector 32 of norm 0.0
18:00 gram_schmidt: Removing vector 33 of norm 0.0
18:00 gram_schmidt: Removing vector 34 of norm 0.0
18:00 gram_schmidt: Removing vector 35 of norm 0.0
18:00 gram_schmidt: Removing vector 36 of norm 0.0
18:00 gram_schmidt: Removing vector 37 of norm 0.0
18:00 gram_schmidt: Removing vector 38 of norm 0.0
18:00 gram_schmidt: Removing vector 39 of norm 0.0
18:00 gram_schmidt: Removing vector 40 of norm 0.0
18:00 gram_schmidt: Removing vector 41 of norm 0.0
18:00 gram_schmidt: Removing vector 42 of norm 0.0
18:00 gram_schmidt: Removing vector 43 of norm 0.0
18:00 gram_schmidt: Removing vector 44 of norm 0.0
18:00 gram_schmidt: Removing vector 45 of norm 0.0
18:00 gram_schmidt: Removing vector 46 of norm 0.0
18:00 gram_schmidt: Removing vector 47 of norm 0.0
18:00 gram_schmidt: Removing vector 48 of norm 0.0
18:00 gram_schmidt: Removing vector 49 of norm 0.0
18:00 gram_schmidt: Removing vector 50 of norm 0.0
18:00 gram_schmidt: Removing vector 51 of norm 0.0
18:00 gram_schmidt: Removing vector 52 of norm 0.0
18:00 gram_schmidt: Removing vector 53 of norm 0.0
18:00 gram_schmidt: Removing vector 54 of norm 0.0
18:00 gram_schmidt: Removing vector 55 of norm 0.0
18:00 gram_schmidt: Removing vector 56 of norm 0.0
18:00 gram_schmidt: Removing vector 57 of norm 0.0
18:00 gram_schmidt: Removing vector 58 of norm 0.0
18:00 gram_schmidt: Removing vector 59 of norm 0.0
18:00 gram_schmidt: Removing vector 60 of norm 0.0
18:00 gram_schmidt: Removing vector 61 of norm 0.0
18:00 gram_schmidt: Removing vector 62 of norm 0.0
18:00 gram_schmidt: Removing vector 63 of norm 0.0
18:00 gram_schmidt: Removing vector 64 of norm 0.0
18:00 gram_schmidt: Removing vector 65 of norm 0.0
18:00 gram_schmidt: Removing vector 66 of norm 0.0
18:00 gram_schmidt: Removing vector 67 of norm 0.0
18:00 gram_schmidt: Removing vector 68 of norm 0.0
18:00 gram_schmidt: Removing vector 69 of norm 0.0
18:00 gram_schmidt: Removing vector 70 of norm 0.0
18:00 gram_schmidt: Removing vector 71 of norm 0.0
18:00 gram_schmidt: Removing vector 72 of norm 0.0
18:00 gram_schmidt: Removing vector 73 of norm 0.0
18:00 gram_schmidt: Removing vector 74 of norm 0.0
18:00 gram_schmidt: Removing vector 75 of norm 0.0
18:00 gram_schmidt: Removing vector 76 of norm 0.0
18:00 gram_schmidt: Removing vector 77 of norm 0.0
18:00 gram_schmidt: Removing vector 78 of norm 0.0
18:00 gram_schmidt: Removing vector 79 of norm 0.0
18:00 gram_schmidt: Removing vector 80 of norm 0.0
18:00 gram_schmidt: Removing vector 81 of norm 0.0
18:00 gram_schmidt: Removing vector 82 of norm 0.0
18:00 gram_schmidt: Removing vector 83 of norm 0.0
18:00 gram_schmidt: Removing vector 84 of norm 0.0
18:00 gram_schmidt: Removing vector 85 of norm 0.0
18:00 gram_schmidt: Removing vector 86 of norm 0.0
18:00 gram_schmidt: Removing vector 87 of norm 0.0
18:00 gram_schmidt: Removing vector 88 of norm 0.0
18:00 gram_schmidt: Removing vector 89 of norm 0.0
18:00 gram_schmidt: Removing vector 90 of norm 0.0
18:00 gram_schmidt: Removing vector 91 of norm 0.0
18:00 gram_schmidt: Removing vector 92 of norm 0.0
18:00 gram_schmidt: Removing vector 93 of norm 0.0
18:00 gram_schmidt: Removing vector 94 of norm 0.0
18:00 gram_schmidt: Removing vector 95 of norm 0.0
18:00 gram_schmidt: Removing vector 96 of norm 0.0
18:00 gram_schmidt: Removing vector 97 of norm 0.0
18:00 gram_schmidt: Removing vector 98 of norm 0.0
18:00 gram_schmidt: Removing vector 99 of norm 0.0
18:00 gram_schmidt: Removing vector 100 of norm 0.0
18:00 gram_schmidt: Removing vector 101 of norm 0.0
18:00 gram_schmidt: Removing vector 0 of norm 0.0
18:00 gram_schmidt: Removing vector 1 of norm 0.0
18:00 gram_schmidt: Removing vector 2 of norm 0.0
18:00 gram_schmidt: Removing vector 3 of norm 0.0
18:00 gram_schmidt: Removing vector 4 of norm 0.0
18:00 gram_schmidt: Removing vector 5 of norm 0.0
18:00 gram_schmidt: Removing vector 6 of norm 0.0
18:00 gram_schmidt: Removing vector 7 of norm 0.0
18:00 gram_schmidt: Removing vector 8 of norm 0.0
18:00 gram_schmidt: Removing vector 9 of norm 0.0
18:00 gram_schmidt: Removing vector 10 of norm 0.0
18:00 gram_schmidt: Removing vector 11 of norm 0.0
18:00 gram_schmidt: Removing vector 12 of norm 0.0
18:00 gram_schmidt: Removing vector 13 of norm 0.0
18:00 gram_schmidt: Removing vector 14 of norm 0.0
18:00 gram_schmidt: Removing vector 15 of norm 0.0
18:00 gram_schmidt: Removing vector 16 of norm 0.0
18:00 gram_schmidt: Removing vector 17 of norm 0.0
18:00 gram_schmidt: Removing vector 18 of norm 0.0
18:00 gram_schmidt: Removing vector 19 of norm 0.0
18:00 gram_schmidt: Removing vector 20 of norm 0.0
18:00 gram_schmidt: Removing vector 21 of norm 0.0
18:00 gram_schmidt: Removing vector 22 of norm 0.0
18:00 gram_schmidt: Removing vector 23 of norm 0.0
18:00 gram_schmidt: Removing vector 24 of norm 0.0
18:00 gram_schmidt: Removing vector 25 of norm 0.0
18:00 gram_schmidt: Removing vector 26 of norm 0.0
18:00 gram_schmidt: Removing vector 27 of norm 0.0
18:00 gram_schmidt: Removing vector 28 of norm 0.0
18:00 gram_schmidt: Removing vector 29 of norm 0.0
18:00 gram_schmidt: Removing vector 30 of norm 0.0
18:00 gram_schmidt: Removing vector 31 of norm 0.0
18:00 gram_schmidt: Removing vector 32 of norm 0.0
18:00 gram_schmidt: Removing vector 33 of norm 0.0
18:00 gram_schmidt: Removing vector 34 of norm 0.0
18:00 gram_schmidt: Removing vector 35 of norm 0.0
18:00 gram_schmidt: Removing vector 36 of norm 0.0
18:00 gram_schmidt: Removing vector 37 of norm 0.0
18:00 gram_schmidt: Removing vector 38 of norm 0.0
18:00 gram_schmidt: Removing vector 39 of norm 0.0
18:00 gram_schmidt: Removing vector 40 of norm 0.0
18:00 gram_schmidt: Removing vector 41 of norm 0.0
18:00 gram_schmidt: Removing vector 42 of norm 0.0
18:00 gram_schmidt: Removing vector 43 of norm 0.0
18:00 gram_schmidt: Removing vector 44 of norm 0.0
18:00 gram_schmidt: Removing vector 45 of norm 0.0
18:00 gram_schmidt: Removing vector 46 of norm 0.0
18:00 gram_schmidt: Removing vector 47 of norm 0.0
18:00 gram_schmidt: Removing vector 48 of norm 0.0
18:00 gram_schmidt: Removing vector 49 of norm 0.0
18:00 gram_schmidt: Removing vector 50 of norm 0.0
18:00 gram_schmidt: Removing vector 51 of norm 0.0
18:00 gram_schmidt: Removing vector 52 of norm 0.0
18:00 gram_schmidt: Removing vector 53 of norm 0.0
18:00 gram_schmidt: Removing vector 54 of norm 0.0
18:00 gram_schmidt: Removing vector 55 of norm 0.0
18:00 gram_schmidt: Removing vector 56 of norm 0.0
18:00 gram_schmidt: Removing vector 57 of norm 0.0
18:00 gram_schmidt: Removing vector 58 of norm 0.0
18:00 gram_schmidt: Removing vector 59 of norm 0.0
18:00 gram_schmidt: Removing vector 60 of norm 0.0
18:00 gram_schmidt: Removing vector 61 of norm 0.0
18:00 gram_schmidt: Removing vector 62 of norm 0.0
18:00 gram_schmidt: Removing vector 63 of norm 0.0
18:00 gram_schmidt: Removing vector 64 of norm 0.0
18:00 gram_schmidt: Removing vector 65 of norm 0.0
18:00 gram_schmidt: Removing vector 66 of norm 0.0
18:00 gram_schmidt: Removing vector 67 of norm 0.0
18:00 gram_schmidt: Removing vector 68 of norm 0.0
18:00 gram_schmidt: Removing vector 69 of norm 0.0
18:00 gram_schmidt: Removing vector 70 of norm 0.0
18:00 gram_schmidt: Removing vector 71 of norm 0.0
18:00 gram_schmidt: Removing vector 72 of norm 0.0
18:00 gram_schmidt: Removing vector 73 of norm 0.0
18:00 gram_schmidt: Removing vector 74 of norm 0.0
18:00 gram_schmidt: Removing vector 75 of norm 0.0
18:00 gram_schmidt: Removing vector 76 of norm 0.0
18:00 gram_schmidt: Removing vector 77 of norm 0.0
18:00 gram_schmidt: Removing vector 78 of norm 0.0
18:00 gram_schmidt: Removing vector 79 of norm 0.0
18:00 gram_schmidt: Removing vector 80 of norm 0.0
18:00 gram_schmidt: Removing vector 81 of norm 0.0
18:00 gram_schmidt: Removing vector 82 of norm 0.0
18:00 gram_schmidt: Removing vector 83 of norm 0.0
18:00 gram_schmidt: Removing vector 84 of norm 0.0
18:00 gram_schmidt: Removing vector 85 of norm 0.0
18:00 gram_schmidt: Removing vector 86 of norm 0.0
18:00 gram_schmidt: Removing vector 87 of norm 0.0
18:00 gram_schmidt: Removing vector 88 of norm 0.0
18:00 gram_schmidt: Removing vector 89 of norm 0.0
18:00 gram_schmidt: Removing vector 90 of norm 0.0
18:00 gram_schmidt: Removing vector 91 of norm 0.0
18:00 gram_schmidt: Removing vector 92 of norm 0.0
18:00 gram_schmidt: Removing vector 93 of norm 0.0
18:00 gram_schmidt: Removing vector 94 of norm 0.0
18:00 gram_schmidt: Removing vector 95 of norm 0.0
18:00 gram_schmidt: Removing vector 96 of norm 0.0
18:00 gram_schmidt: Removing vector 97 of norm 0.0
18:00 gram_schmidt: Removing vector 98 of norm 0.0
18:00 gram_schmidt: Removing vector 99 of norm 0.0
18:00 gram_schmidt: Removing vector 100 of norm 0.0
18:00 gram_schmidt: Removing vector 101 of norm 0.0
</system-err></testcase><testcase classname="src.pymortests.algorithms.gram_schmidt" file="src/pymortests/algorithms/gram_schmidt.py" line="12" name="test_gram_schmidt[2-&lt;lambda&gt;5]" time="0.002542734146118164"></testcase><testcase classname="src.pymortests.algorithms.gram_schmidt" file="src/pymortests/algorithms/gram_schmidt.py" line="12" name="test_gram_schmidt[2-&lt;lambda&gt;6]" time="0.0018243789672851562"></testcase><testcase classname="src.pymortests.algorithms.gram_schmidt" file="src/pymortests/algorithms/gram_schmidt.py" line="12" name="test_gram_schmidt[2-&lt;lambda&gt;7]" time="0.0023512840270996094"></testcase><testcase classname="src.pymortests.algorithms.gram_schmidt" file="src/pymortests/algorithms/gram_schmidt.py" line="12" name="test_gram_schmidt[2-&lt;lambda&gt;8]" time="0.19097256660461426"><system-err>18:00 gram_schmidt: Orthonormalizing vector 31 again
18:00 gram_schmidt: Removing linearly dependent vector 32
18:00 gram_schmidt: Removing linearly dependent vector 33
18:00 gram_schmidt: Removing linearly dependent vector 34
18:00 gram_schmidt: Removing linearly dependent vector 35
18:00 gram_schmidt: Removing linearly dependent vector 36
18:00 gram_schmidt: Removing linearly dependent vector 37
18:00 gram_schmidt: Removing linearly dependent vector 38
18:00 gram_schmidt: Removing linearly dependent vector 39
18:00 gram_schmidt: Removing linearly dependent vector 40
18:00 gram_schmidt: Removing linearly dependent vector 41
18:00 gram_schmidt: Removing linearly dependent vector 42
18:00 gram_schmidt: Orthonormalizing vector 31 again
18:00 gram_schmidt: Removing linearly dependent vector 32
18:00 gram_schmidt: Removing linearly dependent vector 33
18:00 gram_schmidt: Removing linearly dependent vector 34
18:00 gram_schmidt: Removing linearly dependent vector 35
18:00 gram_schmidt: Removing linearly dependent vector 36
18:00 gram_schmidt: Removing linearly dependent vector 37
18:00 gram_schmidt: Removing linearly dependent vector 38
18:00 gram_schmidt: Removing linearly dependent vector 39
18:00 gram_schmidt: Removing linearly dependent vector 40
18:00 gram_schmidt: Removing linearly dependent vector 41
18:00 gram_schmidt: Removing linearly dependent vector 42
</system-err></testcase><testcase classname="src.pymortests.algorithms.gram_schmidt" file="src/pymortests/algorithms/gram_schmidt.py" line="12" name="test_gram_schmidt[2-&lt;lambda&gt;9]" time="0.026554584503173828"><system-err>18:00 gram_schmidt: Removing vector 0 of norm 0.0
18:00 gram_schmidt: Removing vector 1 of norm 0.0
18:00 gram_schmidt: Removing vector 2 of norm 0.0
18:00 gram_schmidt: Removing vector 3 of norm 0.0
18:00 gram_schmidt: Removing vector 4 of norm 0.0
18:00 gram_schmidt: Removing vector 5 of norm 0.0
18:00 gram_schmidt: Removing vector 6 of norm 0.0
18:00 gram_schmidt: Removing vector 7 of norm 0.0
18:00 gram_schmidt: Removing vector 8 of norm 0.0
18:00 gram_schmidt: Removing vector 9 of norm 0.0
18:00 gram_schmidt: Removing vector 10 of norm 0.0
18:00 gram_schmidt: Removing vector 11 of norm 0.0
18:00 gram_schmidt: Removing vector 12 of norm 0.0
18:00 gram_schmidt: Removing vector 13 of norm 0.0
18:00 gram_schmidt: Removing vector 14 of norm 0.0
18:00 gram_schmidt: Removing vector 15 of norm 0.0
18:00 gram_schmidt: Removing vector 16 of norm 0.0
18:00 gram_schmidt: Removing vector 17 of norm 0.0
18:00 gram_schmidt: Removing vector 18 of norm 0.0
18:00 gram_schmidt: Removing vector 19 of norm 0.0
18:00 gram_schmidt: Removing vector 20 of norm 0.0
18:00 gram_schmidt: Removing vector 21 of norm 0.0
18:00 gram_schmidt: Removing vector 22 of norm 0.0
18:00 gram_schmidt: Removing vector 23 of norm 0.0
18:00 gram_schmidt: Removing vector 24 of norm 0.0
18:00 gram_schmidt: Removing vector 25 of norm 0.0
18:00 gram_schmidt: Removing vector 26 of norm 0.0
18:00 gram_schmidt: Removing vector 27 of norm 0.0
18:00 gram_schmidt: Removing vector 28 of norm 0.0
18:00 gram_schmidt: Removing vector 29 of norm 0.0
18:00 gram_schmidt: Removing vector 30 of norm 0.0
18:00 gram_schmidt: Removing vector 31 of norm 0.0
18:00 gram_schmidt: Removing vector 32 of norm 0.0
18:00 gram_schmidt: Removing vector 33 of norm 0.0
18:00 gram_schmidt: Removing vector 34 of norm 0.0
18:00 gram_schmidt: Removing vector 35 of norm 0.0
18:00 gram_schmidt: Removing vector 36 of norm 0.0
18:00 gram_schmidt: Removing vector 37 of norm 0.0
18:00 gram_schmidt: Removing vector 38 of norm 0.0
18:00 gram_schmidt: Removing vector 39 of norm 0.0
18:00 gram_schmidt: Removing vector 40 of norm 0.0
18:00 gram_schmidt: Removing vector 41 of norm 0.0
18:00 gram_schmidt: Removing vector 42 of norm 0.0
18:00 gram_schmidt: Removing vector 43 of norm 0.0
18:00 gram_schmidt: Removing vector 44 of norm 0.0
18:00 gram_schmidt: Removing vector 45 of norm 0.0
18:00 gram_schmidt: Removing vector 46 of norm 0.0
18:00 gram_schmidt: Removing vector 47 of norm 0.0
18:00 gram_schmidt: Removing vector 48 of norm 0.0
18:00 gram_schmidt: Removing vector 49 of norm 0.0
18:00 gram_schmidt: Removing vector 50 of norm 0.0
18:00 gram_schmidt: Removing vector 51 of norm 0.0
18:00 gram_schmidt: Removing vector 52 of norm 0.0
18:00 gram_schmidt: Removing vector 53 of norm 0.0
18:00 gram_schmidt: Removing vector 54 of norm 0.0
18:00 gram_schmidt: Removing vector 55 of norm 0.0
18:00 gram_schmidt: Removing vector 56 of norm 0.0
18:00 gram_schmidt: Removing vector 57 of norm 0.0
18:00 gram_schmidt: Removing vector 58 of norm 0.0
18:00 gram_schmidt: Removing vector 59 of norm 0.0
18:00 gram_schmidt: Removing vector 60 of norm 0.0
18:00 gram_schmidt: Removing vector 61 of norm 0.0
18:00 gram_schmidt: Removing vector 62 of norm 0.0
18:00 gram_schmidt: Removing vector 63 of norm 0.0
18:00 gram_schmidt: Removing vector 64 of norm 0.0
18:00 gram_schmidt: Removing vector 65 of norm 0.0
18:00 gram_schmidt: Removing vector 66 of norm 0.0
18:00 gram_schmidt: Removing vector 67 of norm 0.0
18:00 gram_schmidt: Removing vector 68 of norm 0.0
18:00 gram_schmidt: Removing vector 69 of norm 0.0
18:00 gram_schmidt: Removing vector 70 of norm 0.0
18:00 gram_schmidt: Removing vector 71 of norm 0.0
18:00 gram_schmidt: Removing vector 72 of norm 0.0
18:00 gram_schmidt: Removing vector 73 of norm 0.0
18:00 gram_schmidt: Removing vector 74 of norm 0.0
18:00 gram_schmidt: Removing vector 75 of norm 0.0
18:00 gram_schmidt: Removing vector 76 of norm 0.0
18:00 gram_schmidt: Removing vector 77 of norm 0.0
18:00 gram_schmidt: Removing vector 78 of norm 0.0
18:00 gram_schmidt: Removing vector 79 of norm 0.0
18:00 gram_schmidt: Removing vector 80 of norm 0.0
18:00 gram_schmidt: Removing vector 81 of norm 0.0
18:00 gram_schmidt: Removing vector 82 of norm 0.0
18:00 gram_schmidt: Removing vector 83 of norm 0.0
18:00 gram_schmidt: Removing vector 84 of norm 0.0
18:00 gram_schmidt: Removing vector 85 of norm 0.0
18:00 gram_schmidt: Removing vector 86 of norm 0.0
18:00 gram_schmidt: Removing vector 87 of norm 0.0
18:00 gram_schmidt: Removing vector 88 of norm 0.0
18:00 gram_schmidt: Removing vector 89 of norm 0.0
18:00 gram_schmidt: Removing vector 90 of norm 0.0
18:00 gram_schmidt: Removing vector 91 of norm 0.0
18:00 gram_schmidt: Removing vector 92 of norm 0.0
18:00 gram_schmidt: Removing vector 93 of norm 0.0
18:00 gram_schmidt: Removing vector 94 of norm 0.0
18:00 gram_schmidt: Removing vector 95 of norm 0.0
18:00 gram_schmidt: Removing vector 96 of norm 0.0
18:00 gram_schmidt: Removing vector 97 of norm 0.0
18:00 gram_schmidt: Removing vector 98 of norm 0.0
18:00 gram_schmidt: Removing vector 99 of norm 0.0
18:00 gram_schmidt: Removing vector 100 of norm 0.0
18:00 gram_schmidt: Removing vector 101 of norm 0.0
18:00 gram_schmidt: Removing vector 0 of norm 0.0
18:00 gram_schmidt: Removing vector 1 of norm 0.0
18:00 gram_schmidt: Removing vector 2 of norm 0.0
18:00 gram_schmidt: Removing vector 3 of norm 0.0
18:00 gram_schmidt: Removing vector 4 of norm 0.0
18:00 gram_schmidt: Removing vector 5 of norm 0.0
18:00 gram_schmidt: Removing vector 6 of norm 0.0
18:00 gram_schmidt: Removing vector 7 of norm 0.0
18:00 gram_schmidt: Removing vector 8 of norm 0.0
18:00 gram_schmidt: Removing vector 9 of norm 0.0
18:00 gram_schmidt: Removing vector 10 of norm 0.0
18:00 gram_schmidt: Removing vector 11 of norm 0.0
18:00 gram_schmidt: Removing vector 12 of norm 0.0
18:00 gram_schmidt: Removing vector 13 of norm 0.0
18:00 gram_schmidt: Removing vector 14 of norm 0.0
18:00 gram_schmidt: Removing vector 15 of norm 0.0
18:00 gram_schmidt: Removing vector 16 of norm 0.0
18:00 gram_schmidt: Removing vector 17 of norm 0.0
18:00 gram_schmidt: Removing vector 18 of norm 0.0
18:00 gram_schmidt: Removing vector 19 of norm 0.0
18:00 gram_schmidt: Removing vector 20 of norm 0.0
18:00 gram_schmidt: Removing vector 21 of norm 0.0
18:00 gram_schmidt: Removing vector 22 of norm 0.0
18:00 gram_schmidt: Removing vector 23 of norm 0.0
18:00 gram_schmidt: Removing vector 24 of norm 0.0
18:00 gram_schmidt: Removing vector 25 of norm 0.0
18:00 gram_schmidt: Removing vector 26 of norm 0.0
18:00 gram_schmidt: Removing vector 27 of norm 0.0
18:00 gram_schmidt: Removing vector 28 of norm 0.0
18:00 gram_schmidt: Removing vector 29 of norm 0.0
18:00 gram_schmidt: Removing vector 30 of norm 0.0
18:00 gram_schmidt: Removing vector 31 of norm 0.0
18:00 gram_schmidt: Removing vector 32 of norm 0.0
18:00 gram_schmidt: Removing vector 33 of norm 0.0
18:00 gram_schmidt: Removing vector 34 of norm 0.0
18:00 gram_schmidt: Removing vector 35 of norm 0.0
18:00 gram_schmidt: Removing vector 36 of norm 0.0
18:00 gram_schmidt: Removing vector 37 of norm 0.0
18:00 gram_schmidt: Removing vector 38 of norm 0.0
18:00 gram_schmidt: Removing vector 39 of norm 0.0
18:00 gram_schmidt: Removing vector 40 of norm 0.0
18:00 gram_schmidt: Removing vector 41 of norm 0.0
18:00 gram_schmidt: Removing vector 42 of norm 0.0
18:00 gram_schmidt: Removing vector 43 of norm 0.0
18:00 gram_schmidt: Removing vector 44 of norm 0.0
18:00 gram_schmidt: Removing vector 45 of norm 0.0
18:00 gram_schmidt: Removing vector 46 of norm 0.0
18:00 gram_schmidt: Removing vector 47 of norm 0.0
18:00 gram_schmidt: Removing vector 48 of norm 0.0
18:00 gram_schmidt: Removing vector 49 of norm 0.0
18:00 gram_schmidt: Removing vector 50 of norm 0.0
18:00 gram_schmidt: Removing vector 51 of norm 0.0
18:00 gram_schmidt: Removing vector 52 of norm 0.0
18:00 gram_schmidt: Removing vector 53 of norm 0.0
18:00 gram_schmidt: Removing vector 54 of norm 0.0
18:00 gram_schmidt: Removing vector 55 of norm 0.0
18:00 gram_schmidt: Removing vector 56 of norm 0.0
18:00 gram_schmidt: Removing vector 57 of norm 0.0
18:00 gram_schmidt: Removing vector 58 of norm 0.0
18:00 gram_schmidt: Removing vector 59 of norm 0.0
18:00 gram_schmidt: Removing vector 60 of norm 0.0
18:00 gram_schmidt: Removing vector 61 of norm 0.0
18:00 gram_schmidt: Removing vector 62 of norm 0.0
18:00 gram_schmidt: Removing vector 63 of norm 0.0
18:00 gram_schmidt: Removing vector 64 of norm 0.0
18:00 gram_schmidt: Removing vector 65 of norm 0.0
18:00 gram_schmidt: Removing vector 66 of norm 0.0
18:00 gram_schmidt: Removing vector 67 of norm 0.0
18:00 gram_schmidt: Removing vector 68 of norm 0.0
18:00 gram_schmidt: Removing vector 69 of norm 0.0
18:00 gram_schmidt: Removing vector 70 of norm 0.0
18:00 gram_schmidt: Removing vector 71 of norm 0.0
18:00 gram_schmidt: Removing vector 72 of norm 0.0
18:00 gram_schmidt: Removing vector 73 of norm 0.0
18:00 gram_schmidt: Removing vector 74 of norm 0.0
18:00 gram_schmidt: Removing vector 75 of norm 0.0
18:00 gram_schmidt: Removing vector 76 of norm 0.0
18:00 gram_schmidt: Removing vector 77 of norm 0.0
18:00 gram_schmidt: Removing vector 78 of norm 0.0
18:00 gram_schmidt: Removing vector 79 of norm 0.0
18:00 gram_schmidt: Removing vector 80 of norm 0.0
18:00 gram_schmidt: Removing vector 81 of norm 0.0
18:00 gram_schmidt: Removing vector 82 of norm 0.0
18:00 gram_schmidt: Removing vector 83 of norm 0.0
18:00 gram_schmidt: Removing vector 84 of norm 0.0
18:00 gram_schmidt: Removing vector 85 of norm 0.0
18:00 gram_schmidt: Removing vector 86 of norm 0.0
18:00 gram_schmidt: Removing vector 87 of norm 0.0
18:00 gram_schmidt: Removing vector 88 of norm 0.0
18:00 gram_schmidt: Removing vector 89 of norm 0.0
18:00 gram_schmidt: Removing vector 90 of norm 0.0
18:00 gram_schmidt: Removing vector 91 of norm 0.0
18:00 gram_schmidt: Removing vector 92 of norm 0.0
18:00 gram_schmidt: Removing vector 93 of norm 0.0
18:00 gram_schmidt: Removing vector 94 of norm 0.0
18:00 gram_schmidt: Removing vector 95 of norm 0.0
18:00 gram_schmidt: Removing vector 96 of norm 0.0
18:00 gram_schmidt: Removing vector 97 of norm 0.0
18:00 gram_schmidt: Removing vector 98 of norm 0.0
18:00 gram_schmidt: Removing vector 99 of norm 0.0
18:00 gram_schmidt: Removing vector 100 of norm 0.0
18:00 gram_schmidt: Removing vector 101 of norm 0.0
</system-err></testcase><testcase classname="src.pymortests.algorithms.gram_schmidt" file="src/pymortests/algorithms/gram_schmidt.py" line="12" name="test_gram_schmidt[2-&lt;lambda&gt;10]" time="0.0032694339752197266"></testcase><testcase classname="src.pymortests.algorithms.gram_schmidt" file="src/pymortests/algorithms/gram_schmidt.py" line="12" name="test_gram_schmidt[2-&lt;lambda&gt;11]" time="0.006096839904785156"><system-err>18:00 gram_schmidt: Removing linearly dependent vector 3
18:00 gram_schmidt: Removing linearly dependent vector 3
</system-err></testcase><testcase classname="src.pymortests.algorithms.gram_schmidt" file="src/pymortests/algorithms/gram_schmidt.py" line="12" name="test_gram_schmidt[2-&lt;lambda&gt;12]" time="0.003583192825317383"><system-err>18:00 gram_schmidt: Removing vector 0 of norm 0.0
18:00 gram_schmidt: Removing vector 1 of norm 0.0
18:00 gram_schmidt: Removing vector 2 of norm 0.0
18:00 gram_schmidt: Removing vector 0 of norm 0.0
18:00 gram_schmidt: Removing vector 1 of norm 0.0
18:00 gram_schmidt: Removing vector 2 of norm 0.0
</system-err></testcase><testcase classname="src.pymortests.algorithms.gram_schmidt" file="src/pymortests/algorithms/gram_schmidt.py" line="12" name="test_gram_schmidt[2-&lt;lambda&gt;13]" time="0.002476215362548828"></testcase><testcase classname="src.pymortests.algorithms.gram_schmidt" file="src/pymortests/algorithms/gram_schmidt.py" line="12" name="test_gram_schmidt[2-&lt;lambda&gt;14]" time="0.0044727325439453125"></testcase><testcase classname="src.pymortests.algorithms.gram_schmidt" file="src/pymortests/algorithms/gram_schmidt.py" line="12" name="test_gram_schmidt[2-&lt;lambda&gt;15]" time="0.3681666851043701"><system-err>18:00 gram_schmidt: Removing linearly dependent vector 36
18:00 gram_schmidt: Removing linearly dependent vector 37
18:00 gram_schmidt: Removing linearly dependent vector 38
18:00 gram_schmidt: Removing linearly dependent vector 39
18:00 gram_schmidt: Removing linearly dependent vector 40
18:00 gram_schmidt: Removing linearly dependent vector 41
18:00 gram_schmidt: Removing linearly dependent vector 42
18:01 gram_schmidt: Removing linearly dependent vector 36
18:01 gram_schmidt: Removing linearly dependent vector 37
18:01 gram_schmidt: Removing linearly dependent vector 38
18:01 gram_schmidt: Removing linearly dependent vector 39
18:01 gram_schmidt: Removing linearly dependent vector 40
18:01 gram_schmidt: Removing linearly dependent vector 41
18:01 gram_schmidt: Removing linearly dependent vector 42
</system-err></testcase><testcase classname="src.pymortests.algorithms.gram_schmidt" file="src/pymortests/algorithms/gram_schmidt.py" line="12" name="test_gram_schmidt[2-&lt;lambda&gt;16]" time="0.177154541015625"><system-err>18:01 gram_schmidt: Removing linearly dependent vector 3
18:01 gram_schmidt: Removing linearly dependent vector 4
18:01 gram_schmidt: Removing linearly dependent vector 5
18:01 gram_schmidt: Removing linearly dependent vector 6
18:01 gram_schmidt: Removing linearly dependent vector 7
18:01 gram_schmidt: Removing linearly dependent vector 8
18:01 gram_schmidt: Removing linearly dependent vector 9
18:01 gram_schmidt: Removing linearly dependent vector 10
18:01 gram_schmidt: Removing linearly dependent vector 11
18:01 gram_schmidt: Removing linearly dependent vector 12
18:01 gram_schmidt: Removing linearly dependent vector 13
18:01 gram_schmidt: Removing linearly dependent vector 14
18:01 gram_schmidt: Removing linearly dependent vector 15
18:01 gram_schmidt: Removing linearly dependent vector 16
18:01 gram_schmidt: Removing linearly dependent vector 17
18:01 gram_schmidt: Removing linearly dependent vector 18
18:01 gram_schmidt: Removing linearly dependent vector 19
18:01 gram_schmidt: Removing linearly dependent vector 20
18:01 gram_schmidt: Removing linearly dependent vector 21
18:01 gram_schmidt: Removing linearly dependent vector 22
18:01 gram_schmidt: Removing linearly dependent vector 23
18:01 gram_schmidt: Removing linearly dependent vector 24
18:01 gram_schmidt: Removing linearly dependent vector 25
18:01 gram_schmidt: Removing linearly dependent vector 26
18:01 gram_schmidt: Removing linearly dependent vector 27
18:01 gram_schmidt: Removing linearly dependent vector 28
18:01 gram_schmidt: Removing linearly dependent vector 29
18:01 gram_schmidt: Removing linearly dependent vector 30
18:01 gram_schmidt: Removing linearly dependent vector 31
18:01 gram_schmidt: Removing linearly dependent vector 32
18:01 gram_schmidt: Removing linearly dependent vector 33
18:01 gram_schmidt: Removing linearly dependent vector 34
18:01 gram_schmidt: Removing linearly dependent vector 35
18:01 gram_schmidt: Removing linearly dependent vector 36
18:01 gram_schmidt: Removing linearly dependent vector 37
18:01 gram_schmidt: Removing linearly dependent vector 38
18:01 gram_schmidt: Removing linearly dependent vector 39
18:01 gram_schmidt: Removing linearly dependent vector 40
18:01 gram_schmidt: Removing linearly dependent vector 41
18:01 gram_schmidt: Removing linearly dependent vector 42
18:01 gram_schmidt: Removing linearly dependent vector 43
18:01 gram_schmidt: Removing linearly dependent vector 44
18:01 gram_schmidt: Removing linearly dependent vector 45
18:01 gram_schmidt: Removing linearly dependent vector 46
18:01 gram_schmidt: Removing linearly dependent vector 47
18:01 gram_schmidt: Removing linearly dependent vector 48
18:01 gram_schmidt: Removing linearly dependent vector 49
18:01 gram_schmidt: Removing linearly dependent vector 50
18:01 gram_schmidt: Removing linearly dependent vector 51
18:01 gram_schmidt: Removing linearly dependent vector 52
18:01 gram_schmidt: Removing linearly dependent vector 53
18:01 gram_schmidt: Removing linearly dependent vector 54
18:01 gram_schmidt: Removing linearly dependent vector 55
18:01 gram_schmidt: Removing linearly dependent vector 56
18:01 gram_schmidt: Removing linearly dependent vector 57
18:01 gram_schmidt: Removing linearly dependent vector 58
18:01 gram_schmidt: Removing linearly dependent vector 59
18:01 gram_schmidt: Removing linearly dependent vector 60
18:01 gram_schmidt: Removing linearly dependent vector 61
18:01 gram_schmidt: Removing linearly dependent vector 62
18:01 gram_schmidt: Removing linearly dependent vector 63
18:01 gram_schmidt: Removing linearly dependent vector 64
18:01 gram_schmidt: Removing linearly dependent vector 65
18:01 gram_schmidt: Removing linearly dependent vector 66
18:01 gram_schmidt: Removing linearly dependent vector 67
18:01 gram_schmidt: Removing linearly dependent vector 68
18:01 gram_schmidt: Removing linearly dependent vector 69
18:01 gram_schmidt: Removing linearly dependent vector 70
18:01 gram_schmidt: Removing linearly dependent vector 71
18:01 gram_schmidt: Removing linearly dependent vector 72
18:01 gram_schmidt: Removing linearly dependent vector 73
18:01 gram_schmidt: Removing linearly dependent vector 74
18:01 gram_schmidt: Removing linearly dependent vector 75
18:01 gram_schmidt: Removing linearly dependent vector 76
18:01 gram_schmidt: Removing linearly dependent vector 77
18:01 gram_schmidt: Removing linearly dependent vector 78
18:01 gram_schmidt: Removing linearly dependent vector 79
18:01 gram_schmidt: Removing linearly dependent vector 80
18:01 gram_schmidt: Removing linearly dependent vector 81
18:01 gram_schmidt: Removing linearly dependent vector 82
18:01 gram_schmidt: Removing linearly dependent vector 83
18:01 gram_schmidt: Removing linearly dependent vector 84
18:01 gram_schmidt: Removing linearly dependent vector 85
18:01 gram_schmidt: Removing linearly dependent vector 86
18:01 gram_schmidt: Removing linearly dependent vector 87
18:01 gram_schmidt: Removing linearly dependent vector 88
18:01 gram_schmidt: Removing linearly dependent vector 89
18:01 gram_schmidt: Removing linearly dependent vector 90
18:01 gram_schmidt: Removing linearly dependent vector 91
18:01 gram_schmidt: Removing linearly dependent vector 92
18:01 gram_schmidt: Removing linearly dependent vector 93
18:01 gram_schmidt: Removing linearly dependent vector 94
18:01 gram_schmidt: Removing linearly dependent vector 95
18:01 gram_schmidt: Removing linearly dependent vector 96
18:01 gram_schmidt: Removing linearly dependent vector 97
18:01 gram_schmidt: Removing linearly dependent vector 98
18:01 gram_schmidt: Removing linearly dependent vector 99
18:01 gram_schmidt: Removing linearly dependent vector 100
18:01 gram_schmidt: Removing linearly dependent vector 101
18:01 gram_schmidt: Removing linearly dependent vector 3
18:01 gram_schmidt: Removing linearly dependent vector 4
18:01 gram_schmidt: Removing linearly dependent vector 5
18:01 gram_schmidt: Removing linearly dependent vector 6
18:01 gram_schmidt: Removing linearly dependent vector 7
18:01 gram_schmidt: Removing linearly dependent vector 8
18:01 gram_schmidt: Removing linearly dependent vector 9
18:01 gram_schmidt: Removing linearly dependent vector 10
18:01 gram_schmidt: Removing linearly dependent vector 11
18:01 gram_schmidt: Removing linearly dependent vector 12
18:01 gram_schmidt: Removing linearly dependent vector 13
18:01 gram_schmidt: Removing linearly dependent vector 14
18:01 gram_schmidt: Removing linearly dependent vector 15
18:01 gram_schmidt: Removing linearly dependent vector 16
18:01 gram_schmidt: Removing linearly dependent vector 17
18:01 gram_schmidt: Removing linearly dependent vector 18
18:01 gram_schmidt: Removing linearly dependent vector 19
18:01 gram_schmidt: Removing linearly dependent vector 20
18:01 gram_schmidt: Removing linearly dependent vector 21
18:01 gram_schmidt: Removing linearly dependent vector 22
18:01 gram_schmidt: Removing linearly dependent vector 23
18:01 gram_schmidt: Removing linearly dependent vector 24
18:01 gram_schmidt: Removing linearly dependent vector 25
18:01 gram_schmidt: Removing linearly dependent vector 26
18:01 gram_schmidt: Removing linearly dependent vector 27
18:01 gram_schmidt: Removing linearly dependent vector 28
18:01 gram_schmidt: Removing linearly dependent vector 29
18:01 gram_schmidt: Removing linearly dependent vector 30
18:01 gram_schmidt: Removing linearly dependent vector 31
18:01 gram_schmidt: Removing linearly dependent vector 32
18:01 gram_schmidt: Removing linearly dependent vector 33
18:01 gram_schmidt: Removing linearly dependent vector 34
18:01 gram_schmidt: Removing linearly dependent vector 35
18:01 gram_schmidt: Removing linearly dependent vector 36
18:01 gram_schmidt: Removing linearly dependent vector 37
18:01 gram_schmidt: Removing linearly dependent vector 38
18:01 gram_schmidt: Removing linearly dependent vector 39
18:01 gram_schmidt: Removing linearly dependent vector 40
18:01 gram_schmidt: Removing linearly dependent vector 41
18:01 gram_schmidt: Removing linearly dependent vector 42
18:01 gram_schmidt: Removing linearly dependent vector 43
18:01 gram_schmidt: Removing linearly dependent vector 44
18:01 gram_schmidt: Removing linearly dependent vector 45
18:01 gram_schmidt: Removing linearly dependent vector 46
18:01 gram_schmidt: Removing linearly dependent vector 47
18:01 gram_schmidt: Removing linearly dependent vector 48
18:01 gram_schmidt: Removing linearly dependent vector 49
18:01 gram_schmidt: Removing linearly dependent vector 50
18:01 gram_schmidt: Removing linearly dependent vector 51
18:01 gram_schmidt: Removing linearly dependent vector 52
18:01 gram_schmidt: Removing linearly dependent vector 53
18:01 gram_schmidt: Removing linearly dependent vector 54
18:01 gram_schmidt: Removing linearly dependent vector 55
18:01 gram_schmidt: Removing linearly dependent vector 56
18:01 gram_schmidt: Removing linearly dependent vector 57
18:01 gram_schmidt: Removing linearly dependent vector 58
18:01 gram_schmidt: Removing linearly dependent vector 59
18:01 gram_schmidt: Removing linearly dependent vector 60
18:01 gram_schmidt: Removing linearly dependent vector 61
18:01 gram_schmidt: Removing linearly dependent vector 62
18:01 gram_schmidt: Removing linearly dependent vector 63
18:01 gram_schmidt: Removing linearly dependent vector 64
18:01 gram_schmidt: Removing linearly dependent vector 65
18:01 gram_schmidt: Removing linearly dependent vector 66
18:01 gram_schmidt: Removing linearly dependent vector 67
18:01 gram_schmidt: Removing linearly dependent vector 68
18:01 gram_schmidt: Removing linearly dependent vector 69
18:01 gram_schmidt: Removing linearly dependent vector 70
18:01 gram_schmidt: Removing linearly dependent vector 71
18:01 gram_schmidt: Removing linearly dependent vector 72
18:01 gram_schmidt: Removing linearly dependent vector 73
18:01 gram_schmidt: Removing linearly dependent vector 74
18:01 gram_schmidt: Removing linearly dependent vector 75
18:01 gram_schmidt: Removing linearly dependent vector 76
18:01 gram_schmidt: Removing linearly dependent vector 77
18:01 gram_schmidt: Removing linearly dependent vector 78
18:01 gram_schmidt: Removing linearly dependent vector 79
18:01 gram_schmidt: Removing linearly dependent vector 80
18:01 gram_schmidt: Removing linearly dependent vector 81
18:01 gram_schmidt: Removing linearly dependent vector 82
18:01 gram_schmidt: Removing linearly dependent vector 83
18:01 gram_schmidt: Removing linearly dependent vector 84
18:01 gram_schmidt: Removing linearly dependent vector 85
18:01 gram_schmidt: Removing linearly dependent vector 86
18:01 gram_schmidt: Removing linearly dependent vector 87
18:01 gram_schmidt: Removing linearly dependent vector 88
18:01 gram_schmidt: Removing linearly dependent vector 89
18:01 gram_schmidt: Removing linearly dependent vector 90
18:01 gram_schmidt: Removing linearly dependent vector 91
18:01 gram_schmidt: Removing linearly dependent vector 92
18:01 gram_schmidt: Removing linearly dependent vector 93
18:01 gram_schmidt: Removing linearly dependent vector 94
18:01 gram_schmidt: Removing linearly dependent vector 95
18:01 gram_schmidt: Removing linearly dependent vector 96
18:01 gram_schmidt: Removing linearly dependent vector 97
18:01 gram_schmidt: Removing linearly dependent vector 98
18:01 gram_schmidt: Removing linearly dependent vector 99
18:01 gram_schmidt: Removing linearly dependent vector 100
18:01 gram_schmidt: Removing linearly dependent vector 101
</system-err></testcase><testcase classname="src.pymortests.algorithms.gram_schmidt" file="src/pymortests/algorithms/gram_schmidt.py" line="12" name="test_gram_schmidt[2-&lt;lambda&gt;17]" time="0.0029938220977783203"></testcase><testcase classname="src.pymortests.algorithms.gram_schmidt" file="src/pymortests/algorithms/gram_schmidt.py" line="12" name="test_gram_schmidt[2-&lt;lambda&gt;18]" time="0.0022242069244384766"></testcase><testcase classname="src.pymortests.algorithms.gram_schmidt" file="src/pymortests/algorithms/gram_schmidt.py" line="12" name="test_gram_schmidt[2-&lt;lambda&gt;19]" time="0.004570722579956055"></testcase><testcase classname="src.pymortests.algorithms.gram_schmidt" file="src/pymortests/algorithms/gram_schmidt.py" line="12" name="test_gram_schmidt[2-&lt;lambda&gt;20]" time="0.27257680892944336"></testcase><testcase classname="src.pymortests.algorithms.gram_schmidt" file="src/pymortests/algorithms/gram_schmidt.py" line="12" name="test_gram_schmidt[2-&lt;lambda&gt;21]" time="1.461444616317749"></testcase><testcase classname="src.pymortests.algorithms.gram_schmidt" file="src/pymortests/algorithms/gram_schmidt.py" line="12" name="test_gram_schmidt[2-&lt;lambda&gt;22]" time="0.0023453235626220703"></testcase><testcase classname="src.pymortests.algorithms.gram_schmidt" file="src/pymortests/algorithms/gram_schmidt.py" line="12" name="test_gram_schmidt[2-&lt;lambda&gt;23]" time="0.0017642974853515625"></testcase><testcase classname="src.pymortests.algorithms.gram_schmidt" file="src/pymortests/algorithms/gram_schmidt.py" line="12" name="test_gram_schmidt[2-&lt;lambda&gt;24]" time="0.007544755935668945"></testcase><testcase classname="src.pymortests.algorithms.gram_schmidt" file="src/pymortests/algorithms/gram_schmidt.py" line="12" name="test_gram_schmidt[2-&lt;lambda&gt;25]" time="0.3739433288574219"><system-err>18:03 gram_schmidt: Orthonormalizing vector 31 again
18:03 gram_schmidt: Removing linearly dependent vector 32
18:03 gram_schmidt: Removing linearly dependent vector 33
18:03 gram_schmidt: Removing linearly dependent vector 34
18:03 gram_schmidt: Removing linearly dependent vector 35
18:03 gram_schmidt: Removing linearly dependent vector 36
18:03 gram_schmidt: Removing linearly dependent vector 37
18:03 gram_schmidt: Removing linearly dependent vector 38
18:03 gram_schmidt: Removing linearly dependent vector 39
18:03 gram_schmidt: Removing linearly dependent vector 40
18:03 gram_schmidt: Removing linearly dependent vector 41
18:03 gram_schmidt: Removing linearly dependent vector 42
18:03 gram_schmidt: Orthonormalizing vector 31 again
18:03 gram_schmidt: Removing linearly dependent vector 32
18:03 gram_schmidt: Removing linearly dependent vector 33
18:03 gram_schmidt: Removing linearly dependent vector 34
18:03 gram_schmidt: Removing linearly dependent vector 35
18:03 gram_schmidt: Removing linearly dependent vector 36
18:03 gram_schmidt: Removing linearly dependent vector 37
18:03 gram_schmidt: Removing linearly dependent vector 38
18:03 gram_schmidt: Removing linearly dependent vector 39
18:03 gram_schmidt: Removing linearly dependent vector 40
18:03 gram_schmidt: Removing linearly dependent vector 41
18:03 gram_schmidt: Removing linearly dependent vector 42
</system-err></testcase><testcase classname="src.pymortests.algorithms.gram_schmidt" file="src/pymortests/algorithms/gram_schmidt.py" line="12" name="test_gram_schmidt[2-&lt;lambda&gt;26]" time="0.22825884819030762"><system-err>18:03 gram_schmidt: Removing vector 0 of norm 0.0
18:03 gram_schmidt: Removing vector 1 of norm 0.0
18:03 gram_schmidt: Removing vector 2 of norm 0.0
18:03 gram_schmidt: Removing vector 3 of norm 0.0
18:03 gram_schmidt: Removing vector 4 of norm 0.0
18:03 gram_schmidt: Removing vector 5 of norm 0.0
18:03 gram_schmidt: Removing vector 6 of norm 0.0
18:03 gram_schmidt: Removing vector 7 of norm 0.0
18:03 gram_schmidt: Removing vector 8 of norm 0.0
18:03 gram_schmidt: Removing vector 9 of norm 0.0
18:03 gram_schmidt: Removing vector 10 of norm 0.0
18:03 gram_schmidt: Removing vector 11 of norm 0.0
18:03 gram_schmidt: Removing vector 12 of norm 0.0
18:03 gram_schmidt: Removing vector 13 of norm 0.0
18:03 gram_schmidt: Removing vector 14 of norm 0.0
18:03 gram_schmidt: Removing vector 15 of norm 0.0
18:03 gram_schmidt: Removing vector 16 of norm 0.0
18:03 gram_schmidt: Removing vector 17 of norm 0.0
18:03 gram_schmidt: Removing vector 18 of norm 0.0
18:03 gram_schmidt: Removing vector 19 of norm 0.0
18:03 gram_schmidt: Removing vector 20 of norm 0.0
18:03 gram_schmidt: Removing vector 21 of norm 0.0
18:03 gram_schmidt: Removing vector 22 of norm 0.0
18:03 gram_schmidt: Removing vector 23 of norm 0.0
18:03 gram_schmidt: Removing vector 24 of norm 0.0
18:03 gram_schmidt: Removing vector 25 of norm 0.0
18:03 gram_schmidt: Removing vector 26 of norm 0.0
18:03 gram_schmidt: Removing vector 27 of norm 0.0
18:03 gram_schmidt: Removing vector 28 of norm 0.0
18:03 gram_schmidt: Removing vector 29 of norm 0.0
18:03 gram_schmidt: Removing vector 30 of norm 0.0
18:03 gram_schmidt: Removing vector 31 of norm 0.0
18:03 gram_schmidt: Removing vector 32 of norm 0.0
18:03 gram_schmidt: Removing vector 33 of norm 0.0
18:03 gram_schmidt: Removing vector 34 of norm 0.0
18:03 gram_schmidt: Removing vector 35 of norm 0.0
18:03 gram_schmidt: Removing vector 36 of norm 0.0
18:03 gram_schmidt: Removing vector 37 of norm 0.0
18:03 gram_schmidt: Removing vector 38 of norm 0.0
18:03 gram_schmidt: Removing vector 39 of norm 0.0
18:03 gram_schmidt: Removing vector 40 of norm 0.0
18:03 gram_schmidt: Removing vector 41 of norm 0.0
18:03 gram_schmidt: Removing vector 42 of norm 0.0
18:03 gram_schmidt: Removing vector 43 of norm 0.0
18:03 gram_schmidt: Removing vector 44 of norm 0.0
18:03 gram_schmidt: Removing vector 45 of norm 0.0
18:03 gram_schmidt: Removing vector 46 of norm 0.0
18:03 gram_schmidt: Removing vector 47 of norm 0.0
18:03 gram_schmidt: Removing vector 48 of norm 0.0
18:03 gram_schmidt: Removing vector 49 of norm 0.0
18:03 gram_schmidt: Removing vector 50 of norm 0.0
18:03 gram_schmidt: Removing vector 51 of norm 0.0
18:03 gram_schmidt: Removing vector 52 of norm 0.0
18:03 gram_schmidt: Removing vector 53 of norm 0.0
18:03 gram_schmidt: Removing vector 54 of norm 0.0
18:03 gram_schmidt: Removing vector 55 of norm 0.0
18:03 gram_schmidt: Removing vector 56 of norm 0.0
18:03 gram_schmidt: Removing vector 57 of norm 0.0
18:03 gram_schmidt: Removing vector 58 of norm 0.0
18:03 gram_schmidt: Removing vector 59 of norm 0.0
18:03 gram_schmidt: Removing vector 60 of norm 0.0
18:03 gram_schmidt: Removing vector 61 of norm 0.0
18:03 gram_schmidt: Removing vector 62 of norm 0.0
18:03 gram_schmidt: Removing vector 63 of norm 0.0
18:03 gram_schmidt: Removing vector 64 of norm 0.0
18:03 gram_schmidt: Removing vector 65 of norm 0.0
18:03 gram_schmidt: Removing vector 66 of norm 0.0
18:03 gram_schmidt: Removing vector 67 of norm 0.0
18:03 gram_schmidt: Removing vector 68 of norm 0.0
18:03 gram_schmidt: Removing vector 69 of norm 0.0
18:03 gram_schmidt: Removing vector 70 of norm 0.0
18:03 gram_schmidt: Removing vector 71 of norm 0.0
18:03 gram_schmidt: Removing vector 72 of norm 0.0
18:03 gram_schmidt: Removing vector 73 of norm 0.0
18:03 gram_schmidt: Removing vector 74 of norm 0.0
18:03 gram_schmidt: Removing vector 75 of norm 0.0
18:03 gram_schmidt: Removing vector 76 of norm 0.0
18:03 gram_schmidt: Removing vector 77 of norm 0.0
18:03 gram_schmidt: Removing vector 78 of norm 0.0
18:03 gram_schmidt: Removing vector 79 of norm 0.0
18:03 gram_schmidt: Removing vector 80 of norm 0.0
18:03 gram_schmidt: Removing vector 81 of norm 0.0
18:03 gram_schmidt: Removing vector 82 of norm 0.0
18:03 gram_schmidt: Removing vector 83 of norm 0.0
18:03 gram_schmidt: Removing vector 84 of norm 0.0
18:03 gram_schmidt: Removing vector 85 of norm 0.0
18:03 gram_schmidt: Removing vector 86 of norm 0.0
18:03 gram_schmidt: Removing vector 87 of norm 0.0
18:03 gram_schmidt: Removing vector 88 of norm 0.0
18:03 gram_schmidt: Removing vector 89 of norm 0.0
18:03 gram_schmidt: Removing vector 90 of norm 0.0
18:03 gram_schmidt: Removing vector 91 of norm 0.0
18:03 gram_schmidt: Removing vector 92 of norm 0.0
18:03 gram_schmidt: Removing vector 93 of norm 0.0
18:03 gram_schmidt: Removing vector 94 of norm 0.0
18:03 gram_schmidt: Removing vector 95 of norm 0.0
18:03 gram_schmidt: Removing vector 96 of norm 0.0
18:03 gram_schmidt: Removing vector 97 of norm 0.0
18:03 gram_schmidt: Removing vector 98 of norm 0.0
18:03 gram_schmidt: Removing vector 99 of norm 0.0
18:03 gram_schmidt: Removing vector 100 of norm 0.0
18:03 gram_schmidt: Removing vector 101 of norm 0.0
18:03 gram_schmidt: Removing vector 0 of norm 0.0
18:03 gram_schmidt: Removing vector 1 of norm 0.0
18:03 gram_schmidt: Removing vector 2 of norm 0.0
18:03 gram_schmidt: Removing vector 3 of norm 0.0
18:03 gram_schmidt: Removing vector 4 of norm 0.0
18:03 gram_schmidt: Removing vector 5 of norm 0.0
18:03 gram_schmidt: Removing vector 6 of norm 0.0
18:03 gram_schmidt: Removing vector 7 of norm 0.0
18:03 gram_schmidt: Removing vector 8 of norm 0.0
18:03 gram_schmidt: Removing vector 9 of norm 0.0
18:03 gram_schmidt: Removing vector 10 of norm 0.0
18:03 gram_schmidt: Removing vector 11 of norm 0.0
18:03 gram_schmidt: Removing vector 12 of norm 0.0
18:03 gram_schmidt: Removing vector 13 of norm 0.0
18:03 gram_schmidt: Removing vector 14 of norm 0.0
18:03 gram_schmidt: Removing vector 15 of norm 0.0
18:03 gram_schmidt: Removing vector 16 of norm 0.0
18:03 gram_schmidt: Removing vector 17 of norm 0.0
18:03 gram_schmidt: Removing vector 18 of norm 0.0
18:03 gram_schmidt: Removing vector 19 of norm 0.0
18:03 gram_schmidt: Removing vector 20 of norm 0.0
18:03 gram_schmidt: Removing vector 21 of norm 0.0
18:03 gram_schmidt: Removing vector 22 of norm 0.0
18:03 gram_schmidt: Removing vector 23 of norm 0.0
18:03 gram_schmidt: Removing vector 24 of norm 0.0
18:03 gram_schmidt: Removing vector 25 of norm 0.0
18:03 gram_schmidt: Removing vector 26 of norm 0.0
18:03 gram_schmidt: Removing vector 27 of norm 0.0
18:03 gram_schmidt: Removing vector 28 of norm 0.0
18:03 gram_schmidt: Removing vector 29 of norm 0.0
18:03 gram_schmidt: Removing vector 30 of norm 0.0
18:03 gram_schmidt: Removing vector 31 of norm 0.0
18:03 gram_schmidt: Removing vector 32 of norm 0.0
18:03 gram_schmidt: Removing vector 33 of norm 0.0
18:03 gram_schmidt: Removing vector 34 of norm 0.0
18:03 gram_schmidt: Removing vector 35 of norm 0.0
18:03 gram_schmidt: Removing vector 36 of norm 0.0
18:03 gram_schmidt: Removing vector 37 of norm 0.0
18:03 gram_schmidt: Removing vector 38 of norm 0.0
18:03 gram_schmidt: Removing vector 39 of norm 0.0
18:03 gram_schmidt: Removing vector 40 of norm 0.0
18:03 gram_schmidt: Removing vector 41 of norm 0.0
18:03 gram_schmidt: Removing vector 42 of norm 0.0
18:03 gram_schmidt: Removing vector 43 of norm 0.0
18:03 gram_schmidt: Removing vector 44 of norm 0.0
18:03 gram_schmidt: Removing vector 45 of norm 0.0
18:03 gram_schmidt: Removing vector 46 of norm 0.0
18:03 gram_schmidt: Removing vector 47 of norm 0.0
18:03 gram_schmidt: Removing vector 48 of norm 0.0
18:03 gram_schmidt: Removing vector 49 of norm 0.0
18:03 gram_schmidt: Removing vector 50 of norm 0.0
18:03 gram_schmidt: Removing vector 51 of norm 0.0
18:03 gram_schmidt: Removing vector 52 of norm 0.0
18:03 gram_schmidt: Removing vector 53 of norm 0.0
18:03 gram_schmidt: Removing vector 54 of norm 0.0
18:03 gram_schmidt: Removing vector 55 of norm 0.0
18:03 gram_schmidt: Removing vector 56 of norm 0.0
18:03 gram_schmidt: Removing vector 57 of norm 0.0
18:03 gram_schmidt: Removing vector 58 of norm 0.0
18:03 gram_schmidt: Removing vector 59 of norm 0.0
18:03 gram_schmidt: Removing vector 60 of norm 0.0
18:03 gram_schmidt: Removing vector 61 of norm 0.0
18:03 gram_schmidt: Removing vector 62 of norm 0.0
18:03 gram_schmidt: Removing vector 63 of norm 0.0
18:03 gram_schmidt: Removing vector 64 of norm 0.0
18:03 gram_schmidt: Removing vector 65 of norm 0.0
18:03 gram_schmidt: Removing vector 66 of norm 0.0
18:03 gram_schmidt: Removing vector 67 of norm 0.0
18:03 gram_schmidt: Removing vector 68 of norm 0.0
18:03 gram_schmidt: Removing vector 69 of norm 0.0
18:03 gram_schmidt: Removing vector 70 of norm 0.0
18:03 gram_schmidt: Removing vector 71 of norm 0.0
18:03 gram_schmidt: Removing vector 72 of norm 0.0
18:03 gram_schmidt: Removing vector 73 of norm 0.0
18:03 gram_schmidt: Removing vector 74 of norm 0.0
18:03 gram_schmidt: Removing vector 75 of norm 0.0
18:03 gram_schmidt: Removing vector 76 of norm 0.0
18:03 gram_schmidt: Removing vector 77 of norm 0.0
18:03 gram_schmidt: Removing vector 78 of norm 0.0
18:03 gram_schmidt: Removing vector 79 of norm 0.0
18:03 gram_schmidt: Removing vector 80 of norm 0.0
18:03 gram_schmidt: Removing vector 81 of norm 0.0
18:03 gram_schmidt: Removing vector 82 of norm 0.0
18:03 gram_schmidt: Removing vector 83 of norm 0.0
18:03 gram_schmidt: Removing vector 84 of norm 0.0
18:03 gram_schmidt: Removing vector 85 of norm 0.0
18:03 gram_schmidt: Removing vector 86 of norm 0.0
18:03 gram_schmidt: Removing vector 87 of norm 0.0
18:03 gram_schmidt: Removing vector 88 of norm 0.0
18:03 gram_schmidt: Removing vector 89 of norm 0.0
18:03 gram_schmidt: Removing vector 90 of norm 0.0
18:03 gram_schmidt: Removing vector 91 of norm 0.0
18:03 gram_schmidt: Removing vector 92 of norm 0.0
18:03 gram_schmidt: Removing vector 93 of norm 0.0
18:03 gram_schmidt: Removing vector 94 of norm 0.0
18:03 gram_schmidt: Removing vector 95 of norm 0.0
18:03 gram_schmidt: Removing vector 96 of norm 0.0
18:03 gram_schmidt: Removing vector 97 of norm 0.0
18:03 gram_schmidt: Removing vector 98 of norm 0.0
18:03 gram_schmidt: Removing vector 99 of norm 0.0
18:03 gram_schmidt: Removing vector 100 of norm 0.0
18:03 gram_schmidt: Removing vector 101 of norm 0.0
</system-err></testcase><testcase classname="src.pymortests.algorithms.gram_schmidt" file="src/pymortests/algorithms/gram_schmidt.py" line="26" name="test_gram_schmidt_with_R[0-&lt;lambda&gt;0]" time="0.0026102066040039062"></testcase><testcase classname="src.pymortests.algorithms.gram_schmidt" file="src/pymortests/algorithms/gram_schmidt.py" line="26" name="test_gram_schmidt_with_R[0-&lt;lambda&gt;1]" time="0.0018925666809082031"></testcase><testcase classname="src.pymortests.algorithms.gram_schmidt" file="src/pymortests/algorithms/gram_schmidt.py" line="26" name="test_gram_schmidt_with_R[0-&lt;lambda&gt;2]" time="0.002063274383544922"></testcase><testcase classname="src.pymortests.algorithms.gram_schmidt" file="src/pymortests/algorithms/gram_schmidt.py" line="26" name="test_gram_schmidt_with_R[0-&lt;lambda&gt;3]" time="0.09797906875610352"><system-err>18:03 gram_schmidt: Orthonormalizing vector 31 again
18:03 gram_schmidt: Removing linearly dependent vector 32
18:03 gram_schmidt: Removing linearly dependent vector 33
18:03 gram_schmidt: Removing linearly dependent vector 34
18:03 gram_schmidt: Removing linearly dependent vector 35
18:03 gram_schmidt: Removing linearly dependent vector 36
18:03 gram_schmidt: Removing linearly dependent vector 37
18:03 gram_schmidt: Removing linearly dependent vector 38
18:03 gram_schmidt: Removing linearly dependent vector 39
18:03 gram_schmidt: Removing linearly dependent vector 40
18:03 gram_schmidt: Removing linearly dependent vector 41
18:03 gram_schmidt: Removing linearly dependent vector 42
18:03 gram_schmidt: Orthonormalizing vector 31 again
18:03 gram_schmidt: Removing linearly dependent vector 32
18:03 gram_schmidt: Removing linearly dependent vector 33
18:03 gram_schmidt: Removing linearly dependent vector 34
18:03 gram_schmidt: Removing linearly dependent vector 35
18:03 gram_schmidt: Removing linearly dependent vector 36
18:03 gram_schmidt: Removing linearly dependent vector 37
18:03 gram_schmidt: Removing linearly dependent vector 38
18:03 gram_schmidt: Removing linearly dependent vector 39
18:03 gram_schmidt: Removing linearly dependent vector 40
18:03 gram_schmidt: Removing linearly dependent vector 41
18:03 gram_schmidt: Removing linearly dependent vector 42
</system-err></testcase><testcase classname="src.pymortests.algorithms.gram_schmidt" file="src/pymortests/algorithms/gram_schmidt.py" line="26" name="test_gram_schmidt_with_R[0-&lt;lambda&gt;4]" time="0.02070021629333496"><system-err>18:03 gram_schmidt: Removing vector 0 of norm 0.0
18:03 gram_schmidt: Removing vector 1 of norm 0.0
18:03 gram_schmidt: Removing vector 2 of norm 0.0
18:03 gram_schmidt: Removing vector 3 of norm 0.0
18:03 gram_schmidt: Removing vector 4 of norm 0.0
18:03 gram_schmidt: Removing vector 5 of norm 0.0
18:03 gram_schmidt: Removing vector 6 of norm 0.0
18:03 gram_schmidt: Removing vector 7 of norm 0.0
18:03 gram_schmidt: Removing vector 8 of norm 0.0
18:03 gram_schmidt: Removing vector 9 of norm 0.0
18:03 gram_schmidt: Removing vector 10 of norm 0.0
18:03 gram_schmidt: Removing vector 11 of norm 0.0
18:03 gram_schmidt: Removing vector 12 of norm 0.0
18:03 gram_schmidt: Removing vector 13 of norm 0.0
18:03 gram_schmidt: Removing vector 14 of norm 0.0
18:03 gram_schmidt: Removing vector 15 of norm 0.0
18:03 gram_schmidt: Removing vector 16 of norm 0.0
18:03 gram_schmidt: Removing vector 17 of norm 0.0
18:03 gram_schmidt: Removing vector 18 of norm 0.0
18:03 gram_schmidt: Removing vector 19 of norm 0.0
18:03 gram_schmidt: Removing vector 20 of norm 0.0
18:03 gram_schmidt: Removing vector 21 of norm 0.0
18:03 gram_schmidt: Removing vector 22 of norm 0.0
18:03 gram_schmidt: Removing vector 23 of norm 0.0
18:03 gram_schmidt: Removing vector 24 of norm 0.0
18:03 gram_schmidt: Removing vector 25 of norm 0.0
18:03 gram_schmidt: Removing vector 26 of norm 0.0
18:03 gram_schmidt: Removing vector 27 of norm 0.0
18:03 gram_schmidt: Removing vector 28 of norm 0.0
18:03 gram_schmidt: Removing vector 29 of norm 0.0
18:03 gram_schmidt: Removing vector 30 of norm 0.0
18:03 gram_schmidt: Removing vector 31 of norm 0.0
18:03 gram_schmidt: Removing vector 32 of norm 0.0
18:03 gram_schmidt: Removing vector 33 of norm 0.0
18:03 gram_schmidt: Removing vector 34 of norm 0.0
18:03 gram_schmidt: Removing vector 35 of norm 0.0
18:03 gram_schmidt: Removing vector 36 of norm 0.0
18:03 gram_schmidt: Removing vector 37 of norm 0.0
18:03 gram_schmidt: Removing vector 38 of norm 0.0
18:03 gram_schmidt: Removing vector 39 of norm 0.0
18:03 gram_schmidt: Removing vector 40 of norm 0.0
18:03 gram_schmidt: Removing vector 41 of norm 0.0
18:03 gram_schmidt: Removing vector 42 of norm 0.0
18:03 gram_schmidt: Removing vector 43 of norm 0.0
18:03 gram_schmidt: Removing vector 44 of norm 0.0
18:03 gram_schmidt: Removing vector 45 of norm 0.0
18:03 gram_schmidt: Removing vector 46 of norm 0.0
18:03 gram_schmidt: Removing vector 47 of norm 0.0
18:03 gram_schmidt: Removing vector 48 of norm 0.0
18:03 gram_schmidt: Removing vector 49 of norm 0.0
18:03 gram_schmidt: Removing vector 50 of norm 0.0
18:03 gram_schmidt: Removing vector 51 of norm 0.0
18:03 gram_schmidt: Removing vector 52 of norm 0.0
18:03 gram_schmidt: Removing vector 53 of norm 0.0
18:03 gram_schmidt: Removing vector 54 of norm 0.0
18:03 gram_schmidt: Removing vector 55 of norm 0.0
18:03 gram_schmidt: Removing vector 56 of norm 0.0
18:03 gram_schmidt: Removing vector 57 of norm 0.0
18:03 gram_schmidt: Removing vector 58 of norm 0.0
18:03 gram_schmidt: Removing vector 59 of norm 0.0
18:03 gram_schmidt: Removing vector 60 of norm 0.0
18:03 gram_schmidt: Removing vector 61 of norm 0.0
18:03 gram_schmidt: Removing vector 62 of norm 0.0
18:03 gram_schmidt: Removing vector 63 of norm 0.0
18:03 gram_schmidt: Removing vector 64 of norm 0.0
18:03 gram_schmidt: Removing vector 65 of norm 0.0
18:03 gram_schmidt: Removing vector 66 of norm 0.0
18:03 gram_schmidt: Removing vector 67 of norm 0.0
18:03 gram_schmidt: Removing vector 68 of norm 0.0
18:03 gram_schmidt: Removing vector 69 of norm 0.0
18:03 gram_schmidt: Removing vector 70 of norm 0.0
18:03 gram_schmidt: Removing vector 71 of norm 0.0
18:03 gram_schmidt: Removing vector 72 of norm 0.0
18:03 gram_schmidt: Removing vector 73 of norm 0.0
18:03 gram_schmidt: Removing vector 74 of norm 0.0
18:03 gram_schmidt: Removing vector 75 of norm 0.0
18:03 gram_schmidt: Removing vector 76 of norm 0.0
18:03 gram_schmidt: Removing vector 77 of norm 0.0
18:03 gram_schmidt: Removing vector 78 of norm 0.0
18:03 gram_schmidt: Removing vector 79 of norm 0.0
18:03 gram_schmidt: Removing vector 80 of norm 0.0
18:03 gram_schmidt: Removing vector 81 of norm 0.0
18:03 gram_schmidt: Removing vector 82 of norm 0.0
18:03 gram_schmidt: Removing vector 83 of norm 0.0
18:03 gram_schmidt: Removing vector 84 of norm 0.0
18:03 gram_schmidt: Removing vector 85 of norm 0.0
18:03 gram_schmidt: Removing vector 86 of norm 0.0
18:03 gram_schmidt: Removing vector 87 of norm 0.0
18:03 gram_schmidt: Removing vector 88 of norm 0.0
18:03 gram_schmidt: Removing vector 89 of norm 0.0
18:03 gram_schmidt: Removing vector 90 of norm 0.0
18:03 gram_schmidt: Removing vector 91 of norm 0.0
18:03 gram_schmidt: Removing vector 92 of norm 0.0
18:03 gram_schmidt: Removing vector 93 of norm 0.0
18:03 gram_schmidt: Removing vector 94 of norm 0.0
18:03 gram_schmidt: Removing vector 95 of norm 0.0
18:03 gram_schmidt: Removing vector 96 of norm 0.0
18:03 gram_schmidt: Removing vector 97 of norm 0.0
18:03 gram_schmidt: Removing vector 98 of norm 0.0
18:03 gram_schmidt: Removing vector 99 of norm 0.0
18:03 gram_schmidt: Removing vector 100 of norm 0.0
18:03 gram_schmidt: Removing vector 101 of norm 0.0
18:03 gram_schmidt: Removing vector 0 of norm 0.0
18:03 gram_schmidt: Removing vector 1 of norm 0.0
18:03 gram_schmidt: Removing vector 2 of norm 0.0
18:03 gram_schmidt: Removing vector 3 of norm 0.0
18:03 gram_schmidt: Removing vector 4 of norm 0.0
18:03 gram_schmidt: Removing vector 5 of norm 0.0
18:03 gram_schmidt: Removing vector 6 of norm 0.0
18:03 gram_schmidt: Removing vector 7 of norm 0.0
18:03 gram_schmidt: Removing vector 8 of norm 0.0
18:03 gram_schmidt: Removing vector 9 of norm 0.0
18:03 gram_schmidt: Removing vector 10 of norm 0.0
18:03 gram_schmidt: Removing vector 11 of norm 0.0
18:03 gram_schmidt: Removing vector 12 of norm 0.0
18:03 gram_schmidt: Removing vector 13 of norm 0.0
18:03 gram_schmidt: Removing vector 14 of norm 0.0
18:03 gram_schmidt: Removing vector 15 of norm 0.0
18:03 gram_schmidt: Removing vector 16 of norm 0.0
18:03 gram_schmidt: Removing vector 17 of norm 0.0
18:03 gram_schmidt: Removing vector 18 of norm 0.0
18:03 gram_schmidt: Removing vector 19 of norm 0.0
18:03 gram_schmidt: Removing vector 20 of norm 0.0
18:03 gram_schmidt: Removing vector 21 of norm 0.0
18:03 gram_schmidt: Removing vector 22 of norm 0.0
18:03 gram_schmidt: Removing vector 23 of norm 0.0
18:03 gram_schmidt: Removing vector 24 of norm 0.0
18:03 gram_schmidt: Removing vector 25 of norm 0.0
18:03 gram_schmidt: Removing vector 26 of norm 0.0
18:03 gram_schmidt: Removing vector 27 of norm 0.0
18:03 gram_schmidt: Removing vector 28 of norm 0.0
18:03 gram_schmidt: Removing vector 29 of norm 0.0
18:03 gram_schmidt: Removing vector 30 of norm 0.0
18:03 gram_schmidt: Removing vector 31 of norm 0.0
18:03 gram_schmidt: Removing vector 32 of norm 0.0
18:03 gram_schmidt: Removing vector 33 of norm 0.0
18:03 gram_schmidt: Removing vector 34 of norm 0.0
18:03 gram_schmidt: Removing vector 35 of norm 0.0
18:03 gram_schmidt: Removing vector 36 of norm 0.0
18:03 gram_schmidt: Removing vector 37 of norm 0.0
18:03 gram_schmidt: Removing vector 38 of norm 0.0
18:03 gram_schmidt: Removing vector 39 of norm 0.0
18:03 gram_schmidt: Removing vector 40 of norm 0.0
18:03 gram_schmidt: Removing vector 41 of norm 0.0
18:03 gram_schmidt: Removing vector 42 of norm 0.0
18:03 gram_schmidt: Removing vector 43 of norm 0.0
18:03 gram_schmidt: Removing vector 44 of norm 0.0
18:03 gram_schmidt: Removing vector 45 of norm 0.0
18:03 gram_schmidt: Removing vector 46 of norm 0.0
18:03 gram_schmidt: Removing vector 47 of norm 0.0
18:03 gram_schmidt: Removing vector 48 of norm 0.0
18:03 gram_schmidt: Removing vector 49 of norm 0.0
18:03 gram_schmidt: Removing vector 50 of norm 0.0
18:03 gram_schmidt: Removing vector 51 of norm 0.0
18:03 gram_schmidt: Removing vector 52 of norm 0.0
18:03 gram_schmidt: Removing vector 53 of norm 0.0
18:03 gram_schmidt: Removing vector 54 of norm 0.0
18:03 gram_schmidt: Removing vector 55 of norm 0.0
18:03 gram_schmidt: Removing vector 56 of norm 0.0
18:03 gram_schmidt: Removing vector 57 of norm 0.0
18:03 gram_schmidt: Removing vector 58 of norm 0.0
18:03 gram_schmidt: Removing vector 59 of norm 0.0
18:03 gram_schmidt: Removing vector 60 of norm 0.0
18:03 gram_schmidt: Removing vector 61 of norm 0.0
18:03 gram_schmidt: Removing vector 62 of norm 0.0
18:03 gram_schmidt: Removing vector 63 of norm 0.0
18:03 gram_schmidt: Removing vector 64 of norm 0.0
18:03 gram_schmidt: Removing vector 65 of norm 0.0
18:03 gram_schmidt: Removing vector 66 of norm 0.0
18:03 gram_schmidt: Removing vector 67 of norm 0.0
18:03 gram_schmidt: Removing vector 68 of norm 0.0
18:03 gram_schmidt: Removing vector 69 of norm 0.0
18:03 gram_schmidt: Removing vector 70 of norm 0.0
18:03 gram_schmidt: Removing vector 71 of norm 0.0
18:03 gram_schmidt: Removing vector 72 of norm 0.0
18:03 gram_schmidt: Removing vector 73 of norm 0.0
18:03 gram_schmidt: Removing vector 74 of norm 0.0
18:03 gram_schmidt: Removing vector 75 of norm 0.0
18:03 gram_schmidt: Removing vector 76 of norm 0.0
18:03 gram_schmidt: Removing vector 77 of norm 0.0
18:03 gram_schmidt: Removing vector 78 of norm 0.0
18:03 gram_schmidt: Removing vector 79 of norm 0.0
18:03 gram_schmidt: Removing vector 80 of norm 0.0
18:03 gram_schmidt: Removing vector 81 of norm 0.0
18:03 gram_schmidt: Removing vector 82 of norm 0.0
18:03 gram_schmidt: Removing vector 83 of norm 0.0
18:03 gram_schmidt: Removing vector 84 of norm 0.0
18:03 gram_schmidt: Removing vector 85 of norm 0.0
18:03 gram_schmidt: Removing vector 86 of norm 0.0
18:03 gram_schmidt: Removing vector 87 of norm 0.0
18:03 gram_schmidt: Removing vector 88 of norm 0.0
18:03 gram_schmidt: Removing vector 89 of norm 0.0
18:03 gram_schmidt: Removing vector 90 of norm 0.0
18:03 gram_schmidt: Removing vector 91 of norm 0.0
18:03 gram_schmidt: Removing vector 92 of norm 0.0
18:03 gram_schmidt: Removing vector 93 of norm 0.0
18:03 gram_schmidt: Removing vector 94 of norm 0.0
18:03 gram_schmidt: Removing vector 95 of norm 0.0
18:03 gram_schmidt: Removing vector 96 of norm 0.0
18:03 gram_schmidt: Removing vector 97 of norm 0.0
18:03 gram_schmidt: Removing vector 98 of norm 0.0
18:03 gram_schmidt: Removing vector 99 of norm 0.0
18:03 gram_schmidt: Removing vector 100 of norm 0.0
18:03 gram_schmidt: Removing vector 101 of norm 0.0
</system-err></testcase><testcase classname="src.pymortests.algorithms.gram_schmidt" file="src/pymortests/algorithms/gram_schmidt.py" line="26" name="test_gram_schmidt_with_R[0-&lt;lambda&gt;5]" time="0.0026040077209472656"></testcase><testcase classname="src.pymortests.algorithms.gram_schmidt" file="src/pymortests/algorithms/gram_schmidt.py" line="26" name="test_gram_schmidt_with_R[0-&lt;lambda&gt;6]" time="0.0018634796142578125"></testcase><testcase classname="src.pymortests.algorithms.gram_schmidt" file="src/pymortests/algorithms/gram_schmidt.py" line="26" name="test_gram_schmidt_with_R[0-&lt;lambda&gt;7]" time="0.002347707748413086"></testcase><testcase classname="src.pymortests.algorithms.gram_schmidt" file="src/pymortests/algorithms/gram_schmidt.py" line="26" name="test_gram_schmidt_with_R[0-&lt;lambda&gt;8]" time="0.20651006698608398"><system-err>18:03 gram_schmidt: Orthonormalizing vector 31 again
18:03 gram_schmidt: Removing linearly dependent vector 32
18:03 gram_schmidt: Removing linearly dependent vector 33
18:03 gram_schmidt: Removing linearly dependent vector 34
18:03 gram_schmidt: Removing linearly dependent vector 35
18:03 gram_schmidt: Removing linearly dependent vector 36
18:03 gram_schmidt: Removing linearly dependent vector 37
18:03 gram_schmidt: Removing linearly dependent vector 38
18:03 gram_schmidt: Removing linearly dependent vector 39
18:03 gram_schmidt: Removing linearly dependent vector 40
18:03 gram_schmidt: Removing linearly dependent vector 41
18:03 gram_schmidt: Removing linearly dependent vector 42
18:03 gram_schmidt: Orthonormalizing vector 31 again
18:03 gram_schmidt: Removing linearly dependent vector 32
18:03 gram_schmidt: Removing linearly dependent vector 33
18:03 gram_schmidt: Removing linearly dependent vector 34
18:03 gram_schmidt: Removing linearly dependent vector 35
18:03 gram_schmidt: Removing linearly dependent vector 36
18:03 gram_schmidt: Removing linearly dependent vector 37
18:03 gram_schmidt: Removing linearly dependent vector 38
18:03 gram_schmidt: Removing linearly dependent vector 39
18:03 gram_schmidt: Removing linearly dependent vector 40
18:03 gram_schmidt: Removing linearly dependent vector 41
18:03 gram_schmidt: Removing linearly dependent vector 42
</system-err></testcase><testcase classname="src.pymortests.algorithms.gram_schmidt" file="src/pymortests/algorithms/gram_schmidt.py" line="26" name="test_gram_schmidt_with_R[0-&lt;lambda&gt;9]" time="0.02891993522644043"><system-err>18:04 gram_schmidt: Removing vector 0 of norm 0.0
18:04 gram_schmidt: Removing vector 1 of norm 0.0
18:04 gram_schmidt: Removing vector 2 of norm 0.0
18:04 gram_schmidt: Removing vector 3 of norm 0.0
18:04 gram_schmidt: Removing vector 4 of norm 0.0
18:04 gram_schmidt: Removing vector 5 of norm 0.0
18:04 gram_schmidt: Removing vector 6 of norm 0.0
18:04 gram_schmidt: Removing vector 7 of norm 0.0
18:04 gram_schmidt: Removing vector 8 of norm 0.0
18:04 gram_schmidt: Removing vector 9 of norm 0.0
18:04 gram_schmidt: Removing vector 10 of norm 0.0
18:04 gram_schmidt: Removing vector 11 of norm 0.0
18:04 gram_schmidt: Removing vector 12 of norm 0.0
18:04 gram_schmidt: Removing vector 13 of norm 0.0
18:04 gram_schmidt: Removing vector 14 of norm 0.0
18:04 gram_schmidt: Removing vector 15 of norm 0.0
18:04 gram_schmidt: Removing vector 16 of norm 0.0
18:04 gram_schmidt: Removing vector 17 of norm 0.0
18:04 gram_schmidt: Removing vector 18 of norm 0.0
18:04 gram_schmidt: Removing vector 19 of norm 0.0
18:04 gram_schmidt: Removing vector 20 of norm 0.0
18:04 gram_schmidt: Removing vector 21 of norm 0.0
18:04 gram_schmidt: Removing vector 22 of norm 0.0
18:04 gram_schmidt: Removing vector 23 of norm 0.0
18:04 gram_schmidt: Removing vector 24 of norm 0.0
18:04 gram_schmidt: Removing vector 25 of norm 0.0
18:04 gram_schmidt: Removing vector 26 of norm 0.0
18:04 gram_schmidt: Removing vector 27 of norm 0.0
18:04 gram_schmidt: Removing vector 28 of norm 0.0
18:04 gram_schmidt: Removing vector 29 of norm 0.0
18:04 gram_schmidt: Removing vector 30 of norm 0.0
18:04 gram_schmidt: Removing vector 31 of norm 0.0
18:04 gram_schmidt: Removing vector 32 of norm 0.0
18:04 gram_schmidt: Removing vector 33 of norm 0.0
18:04 gram_schmidt: Removing vector 34 of norm 0.0
18:04 gram_schmidt: Removing vector 35 of norm 0.0
18:04 gram_schmidt: Removing vector 36 of norm 0.0
18:04 gram_schmidt: Removing vector 37 of norm 0.0
18:04 gram_schmidt: Removing vector 38 of norm 0.0
18:04 gram_schmidt: Removing vector 39 of norm 0.0
18:04 gram_schmidt: Removing vector 40 of norm 0.0
18:04 gram_schmidt: Removing vector 41 of norm 0.0
18:04 gram_schmidt: Removing vector 42 of norm 0.0
18:04 gram_schmidt: Removing vector 43 of norm 0.0
18:04 gram_schmidt: Removing vector 44 of norm 0.0
18:04 gram_schmidt: Removing vector 45 of norm 0.0
18:04 gram_schmidt: Removing vector 46 of norm 0.0
18:04 gram_schmidt: Removing vector 47 of norm 0.0
18:04 gram_schmidt: Removing vector 48 of norm 0.0
18:04 gram_schmidt: Removing vector 49 of norm 0.0
18:04 gram_schmidt: Removing vector 50 of norm 0.0
18:04 gram_schmidt: Removing vector 51 of norm 0.0
18:04 gram_schmidt: Removing vector 52 of norm 0.0
18:04 gram_schmidt: Removing vector 53 of norm 0.0
18:04 gram_schmidt: Removing vector 54 of norm 0.0
18:04 gram_schmidt: Removing vector 55 of norm 0.0
18:04 gram_schmidt: Removing vector 56 of norm 0.0
18:04 gram_schmidt: Removing vector 57 of norm 0.0
18:04 gram_schmidt: Removing vector 58 of norm 0.0
18:04 gram_schmidt: Removing vector 59 of norm 0.0
18:04 gram_schmidt: Removing vector 60 of norm 0.0
18:04 gram_schmidt: Removing vector 61 of norm 0.0
18:04 gram_schmidt: Removing vector 62 of norm 0.0
18:04 gram_schmidt: Removing vector 63 of norm 0.0
18:04 gram_schmidt: Removing vector 64 of norm 0.0
18:04 gram_schmidt: Removing vector 65 of norm 0.0
18:04 gram_schmidt: Removing vector 66 of norm 0.0
18:04 gram_schmidt: Removing vector 67 of norm 0.0
18:04 gram_schmidt: Removing vector 68 of norm 0.0
18:04 gram_schmidt: Removing vector 69 of norm 0.0
18:04 gram_schmidt: Removing vector 70 of norm 0.0
18:04 gram_schmidt: Removing vector 71 of norm 0.0
18:04 gram_schmidt: Removing vector 72 of norm 0.0
18:04 gram_schmidt: Removing vector 73 of norm 0.0
18:04 gram_schmidt: Removing vector 74 of norm 0.0
18:04 gram_schmidt: Removing vector 75 of norm 0.0
18:04 gram_schmidt: Removing vector 76 of norm 0.0
18:04 gram_schmidt: Removing vector 77 of norm 0.0
18:04 gram_schmidt: Removing vector 78 of norm 0.0
18:04 gram_schmidt: Removing vector 79 of norm 0.0
18:04 gram_schmidt: Removing vector 80 of norm 0.0
18:04 gram_schmidt: Removing vector 81 of norm 0.0
18:04 gram_schmidt: Removing vector 82 of norm 0.0
18:04 gram_schmidt: Removing vector 83 of norm 0.0
18:04 gram_schmidt: Removing vector 84 of norm 0.0
18:04 gram_schmidt: Removing vector 85 of norm 0.0
18:04 gram_schmidt: Removing vector 86 of norm 0.0
18:04 gram_schmidt: Removing vector 87 of norm 0.0
18:04 gram_schmidt: Removing vector 88 of norm 0.0
18:04 gram_schmidt: Removing vector 89 of norm 0.0
18:04 gram_schmidt: Removing vector 90 of norm 0.0
18:04 gram_schmidt: Removing vector 91 of norm 0.0
18:04 gram_schmidt: Removing vector 92 of norm 0.0
18:04 gram_schmidt: Removing vector 93 of norm 0.0
18:04 gram_schmidt: Removing vector 94 of norm 0.0
18:04 gram_schmidt: Removing vector 95 of norm 0.0
18:04 gram_schmidt: Removing vector 96 of norm 0.0
18:04 gram_schmidt: Removing vector 97 of norm 0.0
18:04 gram_schmidt: Removing vector 98 of norm 0.0
18:04 gram_schmidt: Removing vector 99 of norm 0.0
18:04 gram_schmidt: Removing vector 100 of norm 0.0
18:04 gram_schmidt: Removing vector 101 of norm 0.0
18:04 gram_schmidt: Removing vector 0 of norm 0.0
18:04 gram_schmidt: Removing vector 1 of norm 0.0
18:04 gram_schmidt: Removing vector 2 of norm 0.0
18:04 gram_schmidt: Removing vector 3 of norm 0.0
18:04 gram_schmidt: Removing vector 4 of norm 0.0
18:04 gram_schmidt: Removing vector 5 of norm 0.0
18:04 gram_schmidt: Removing vector 6 of norm 0.0
18:04 gram_schmidt: Removing vector 7 of norm 0.0
18:04 gram_schmidt: Removing vector 8 of norm 0.0
18:04 gram_schmidt: Removing vector 9 of norm 0.0
18:04 gram_schmidt: Removing vector 10 of norm 0.0
18:04 gram_schmidt: Removing vector 11 of norm 0.0
18:04 gram_schmidt: Removing vector 12 of norm 0.0
18:04 gram_schmidt: Removing vector 13 of norm 0.0
18:04 gram_schmidt: Removing vector 14 of norm 0.0
18:04 gram_schmidt: Removing vector 15 of norm 0.0
18:04 gram_schmidt: Removing vector 16 of norm 0.0
18:04 gram_schmidt: Removing vector 17 of norm 0.0
18:04 gram_schmidt: Removing vector 18 of norm 0.0
18:04 gram_schmidt: Removing vector 19 of norm 0.0
18:04 gram_schmidt: Removing vector 20 of norm 0.0
18:04 gram_schmidt: Removing vector 21 of norm 0.0
18:04 gram_schmidt: Removing vector 22 of norm 0.0
18:04 gram_schmidt: Removing vector 23 of norm 0.0
18:04 gram_schmidt: Removing vector 24 of norm 0.0
18:04 gram_schmidt: Removing vector 25 of norm 0.0
18:04 gram_schmidt: Removing vector 26 of norm 0.0
18:04 gram_schmidt: Removing vector 27 of norm 0.0
18:04 gram_schmidt: Removing vector 28 of norm 0.0
18:04 gram_schmidt: Removing vector 29 of norm 0.0
18:04 gram_schmidt: Removing vector 30 of norm 0.0
18:04 gram_schmidt: Removing vector 31 of norm 0.0
18:04 gram_schmidt: Removing vector 32 of norm 0.0
18:04 gram_schmidt: Removing vector 33 of norm 0.0
18:04 gram_schmidt: Removing vector 34 of norm 0.0
18:04 gram_schmidt: Removing vector 35 of norm 0.0
18:04 gram_schmidt: Removing vector 36 of norm 0.0
18:04 gram_schmidt: Removing vector 37 of norm 0.0
18:04 gram_schmidt: Removing vector 38 of norm 0.0
18:04 gram_schmidt: Removing vector 39 of norm 0.0
18:04 gram_schmidt: Removing vector 40 of norm 0.0
18:04 gram_schmidt: Removing vector 41 of norm 0.0
18:04 gram_schmidt: Removing vector 42 of norm 0.0
18:04 gram_schmidt: Removing vector 43 of norm 0.0
18:04 gram_schmidt: Removing vector 44 of norm 0.0
18:04 gram_schmidt: Removing vector 45 of norm 0.0
18:04 gram_schmidt: Removing vector 46 of norm 0.0
18:04 gram_schmidt: Removing vector 47 of norm 0.0
18:04 gram_schmidt: Removing vector 48 of norm 0.0
18:04 gram_schmidt: Removing vector 49 of norm 0.0
18:04 gram_schmidt: Removing vector 50 of norm 0.0
18:04 gram_schmidt: Removing vector 51 of norm 0.0
18:04 gram_schmidt: Removing vector 52 of norm 0.0
18:04 gram_schmidt: Removing vector 53 of norm 0.0
18:04 gram_schmidt: Removing vector 54 of norm 0.0
18:04 gram_schmidt: Removing vector 55 of norm 0.0
18:04 gram_schmidt: Removing vector 56 of norm 0.0
18:04 gram_schmidt: Removing vector 57 of norm 0.0
18:04 gram_schmidt: Removing vector 58 of norm 0.0
18:04 gram_schmidt: Removing vector 59 of norm 0.0
18:04 gram_schmidt: Removing vector 60 of norm 0.0
18:04 gram_schmidt: Removing vector 61 of norm 0.0
18:04 gram_schmidt: Removing vector 62 of norm 0.0
18:04 gram_schmidt: Removing vector 63 of norm 0.0
18:04 gram_schmidt: Removing vector 64 of norm 0.0
18:04 gram_schmidt: Removing vector 65 of norm 0.0
18:04 gram_schmidt: Removing vector 66 of norm 0.0
18:04 gram_schmidt: Removing vector 67 of norm 0.0
18:04 gram_schmidt: Removing vector 68 of norm 0.0
18:04 gram_schmidt: Removing vector 69 of norm 0.0
18:04 gram_schmidt: Removing vector 70 of norm 0.0
18:04 gram_schmidt: Removing vector 71 of norm 0.0
18:04 gram_schmidt: Removing vector 72 of norm 0.0
18:04 gram_schmidt: Removing vector 73 of norm 0.0
18:04 gram_schmidt: Removing vector 74 of norm 0.0
18:04 gram_schmidt: Removing vector 75 of norm 0.0
18:04 gram_schmidt: Removing vector 76 of norm 0.0
18:04 gram_schmidt: Removing vector 77 of norm 0.0
18:04 gram_schmidt: Removing vector 78 of norm 0.0
18:04 gram_schmidt: Removing vector 79 of norm 0.0
18:04 gram_schmidt: Removing vector 80 of norm 0.0
18:04 gram_schmidt: Removing vector 81 of norm 0.0
18:04 gram_schmidt: Removing vector 82 of norm 0.0
18:04 gram_schmidt: Removing vector 83 of norm 0.0
18:04 gram_schmidt: Removing vector 84 of norm 0.0
18:04 gram_schmidt: Removing vector 85 of norm 0.0
18:04 gram_schmidt: Removing vector 86 of norm 0.0
18:04 gram_schmidt: Removing vector 87 of norm 0.0
18:04 gram_schmidt: Removing vector 88 of norm 0.0
18:04 gram_schmidt: Removing vector 89 of norm 0.0
18:04 gram_schmidt: Removing vector 90 of norm 0.0
18:04 gram_schmidt: Removing vector 91 of norm 0.0
18:04 gram_schmidt: Removing vector 92 of norm 0.0
18:04 gram_schmidt: Removing vector 93 of norm 0.0
18:04 gram_schmidt: Removing vector 94 of norm 0.0
18:04 gram_schmidt: Removing vector 95 of norm 0.0
18:04 gram_schmidt: Removing vector 96 of norm 0.0
18:04 gram_schmidt: Removing vector 97 of norm 0.0
18:04 gram_schmidt: Removing vector 98 of norm 0.0
18:04 gram_schmidt: Removing vector 99 of norm 0.0
18:04 gram_schmidt: Removing vector 100 of norm 0.0
18:04 gram_schmidt: Removing vector 101 of norm 0.0
</system-err></testcase><testcase classname="src.pymortests.algorithms.gram_schmidt" file="src/pymortests/algorithms/gram_schmidt.py" line="26" name="test_gram_schmidt_with_R[0-&lt;lambda&gt;10]" time="0.003454446792602539"></testcase><testcase classname="src.pymortests.algorithms.gram_schmidt" file="src/pymortests/algorithms/gram_schmidt.py" line="26" name="test_gram_schmidt_with_R[0-&lt;lambda&gt;11]" time="0.006445884704589844"><system-err>18:04 gram_schmidt: Removing linearly dependent vector 3
18:04 gram_schmidt: Removing linearly dependent vector 3
</system-err></testcase><testcase classname="src.pymortests.algorithms.gram_schmidt" file="src/pymortests/algorithms/gram_schmidt.py" line="26" name="test_gram_schmidt_with_R[0-&lt;lambda&gt;12]" time="0.0038003921508789062"><system-err>18:04 gram_schmidt: Removing vector 0 of norm 0.0
18:04 gram_schmidt: Removing vector 1 of norm 0.0
18:04 gram_schmidt: Removing vector 2 of norm 0.0
18:04 gram_schmidt: Removing vector 0 of norm 0.0
18:04 gram_schmidt: Removing vector 1 of norm 0.0
18:04 gram_schmidt: Removing vector 2 of norm 0.0
</system-err></testcase><testcase classname="src.pymortests.algorithms.gram_schmidt" file="src/pymortests/algorithms/gram_schmidt.py" line="26" name="test_gram_schmidt_with_R[0-&lt;lambda&gt;13]" time="0.002573251724243164"></testcase><testcase classname="src.pymortests.algorithms.gram_schmidt" file="src/pymortests/algorithms/gram_schmidt.py" line="26" name="test_gram_schmidt_with_R[0-&lt;lambda&gt;14]" time="0.0046634674072265625"></testcase><testcase classname="src.pymortests.algorithms.gram_schmidt" file="src/pymortests/algorithms/gram_schmidt.py" line="26" name="test_gram_schmidt_with_R[0-&lt;lambda&gt;15]" time="0.35963892936706543"><system-err>18:04 gram_schmidt: Removing linearly dependent vector 36
18:04 gram_schmidt: Removing linearly dependent vector 37
18:04 gram_schmidt: Removing linearly dependent vector 38
18:04 gram_schmidt: Removing linearly dependent vector 39
18:04 gram_schmidt: Removing linearly dependent vector 40
18:04 gram_schmidt: Removing linearly dependent vector 41
18:04 gram_schmidt: Removing linearly dependent vector 42
18:04 gram_schmidt: Removing linearly dependent vector 36
18:04 gram_schmidt: Removing linearly dependent vector 37
18:04 gram_schmidt: Removing linearly dependent vector 38
18:04 gram_schmidt: Removing linearly dependent vector 39
18:04 gram_schmidt: Removing linearly dependent vector 40
18:04 gram_schmidt: Removing linearly dependent vector 41
18:04 gram_schmidt: Removing linearly dependent vector 42
</system-err></testcase><testcase classname="src.pymortests.algorithms.gram_schmidt" file="src/pymortests/algorithms/gram_schmidt.py" line="26" name="test_gram_schmidt_with_R[0-&lt;lambda&gt;16]" time="0.1755387783050537"><system-err>18:04 gram_schmidt: Removing linearly dependent vector 3
18:04 gram_schmidt: Removing linearly dependent vector 4
18:04 gram_schmidt: Removing linearly dependent vector 5
18:04 gram_schmidt: Removing linearly dependent vector 6
18:04 gram_schmidt: Removing linearly dependent vector 7
18:04 gram_schmidt: Removing linearly dependent vector 8
18:04 gram_schmidt: Removing linearly dependent vector 9
18:04 gram_schmidt: Removing linearly dependent vector 10
18:04 gram_schmidt: Removing linearly dependent vector 11
18:04 gram_schmidt: Removing linearly dependent vector 12
18:04 gram_schmidt: Removing linearly dependent vector 13
18:04 gram_schmidt: Removing linearly dependent vector 14
18:04 gram_schmidt: Removing linearly dependent vector 15
18:04 gram_schmidt: Removing linearly dependent vector 16
18:04 gram_schmidt: Removing linearly dependent vector 17
18:04 gram_schmidt: Removing linearly dependent vector 18
18:04 gram_schmidt: Removing linearly dependent vector 19
18:04 gram_schmidt: Removing linearly dependent vector 20
18:04 gram_schmidt: Removing linearly dependent vector 21
18:04 gram_schmidt: Removing linearly dependent vector 22
18:04 gram_schmidt: Removing linearly dependent vector 23
18:04 gram_schmidt: Removing linearly dependent vector 24
18:04 gram_schmidt: Removing linearly dependent vector 25
18:04 gram_schmidt: Removing linearly dependent vector 26
18:04 gram_schmidt: Removing linearly dependent vector 27
18:04 gram_schmidt: Removing linearly dependent vector 28
18:04 gram_schmidt: Removing linearly dependent vector 29
18:04 gram_schmidt: Removing linearly dependent vector 30
18:04 gram_schmidt: Removing linearly dependent vector 31
18:04 gram_schmidt: Removing linearly dependent vector 32
18:04 gram_schmidt: Removing linearly dependent vector 33
18:04 gram_schmidt: Removing linearly dependent vector 34
18:04 gram_schmidt: Removing linearly dependent vector 35
18:04 gram_schmidt: Removing linearly dependent vector 36
18:04 gram_schmidt: Removing linearly dependent vector 37
18:04 gram_schmidt: Removing linearly dependent vector 38
18:04 gram_schmidt: Removing linearly dependent vector 39
18:04 gram_schmidt: Removing linearly dependent vector 40
18:04 gram_schmidt: Removing linearly dependent vector 41
18:04 gram_schmidt: Removing linearly dependent vector 42
18:04 gram_schmidt: Removing linearly dependent vector 43
18:04 gram_schmidt: Removing linearly dependent vector 44
18:04 gram_schmidt: Removing linearly dependent vector 45
18:04 gram_schmidt: Removing linearly dependent vector 46
18:04 gram_schmidt: Removing linearly dependent vector 47
18:04 gram_schmidt: Removing linearly dependent vector 48
18:04 gram_schmidt: Removing linearly dependent vector 49
18:04 gram_schmidt: Removing linearly dependent vector 50
18:04 gram_schmidt: Removing linearly dependent vector 51
18:04 gram_schmidt: Removing linearly dependent vector 52
18:04 gram_schmidt: Removing linearly dependent vector 53
18:04 gram_schmidt: Removing linearly dependent vector 54
18:04 gram_schmidt: Removing linearly dependent vector 55
18:04 gram_schmidt: Removing linearly dependent vector 56
18:04 gram_schmidt: Removing linearly dependent vector 57
18:04 gram_schmidt: Removing linearly dependent vector 58
18:04 gram_schmidt: Removing linearly dependent vector 59
18:04 gram_schmidt: Removing linearly dependent vector 60
18:04 gram_schmidt: Removing linearly dependent vector 61
18:04 gram_schmidt: Removing linearly dependent vector 62
18:04 gram_schmidt: Removing linearly dependent vector 63
18:04 gram_schmidt: Removing linearly dependent vector 64
18:04 gram_schmidt: Removing linearly dependent vector 65
18:04 gram_schmidt: Removing linearly dependent vector 66
18:04 gram_schmidt: Removing linearly dependent vector 67
18:04 gram_schmidt: Removing linearly dependent vector 68
18:04 gram_schmidt: Removing linearly dependent vector 69
18:04 gram_schmidt: Removing linearly dependent vector 70
18:04 gram_schmidt: Removing linearly dependent vector 71
18:04 gram_schmidt: Removing linearly dependent vector 72
18:04 gram_schmidt: Removing linearly dependent vector 73
18:04 gram_schmidt: Removing linearly dependent vector 74
18:04 gram_schmidt: Removing linearly dependent vector 75
18:04 gram_schmidt: Removing linearly dependent vector 76
18:04 gram_schmidt: Removing linearly dependent vector 77
18:04 gram_schmidt: Removing linearly dependent vector 78
18:04 gram_schmidt: Removing linearly dependent vector 79
18:04 gram_schmidt: Removing linearly dependent vector 80
18:04 gram_schmidt: Removing linearly dependent vector 81
18:04 gram_schmidt: Removing linearly dependent vector 82
18:04 gram_schmidt: Removing linearly dependent vector 83
18:04 gram_schmidt: Removing linearly dependent vector 84
18:04 gram_schmidt: Removing linearly dependent vector 85
18:04 gram_schmidt: Removing linearly dependent vector 86
18:04 gram_schmidt: Removing linearly dependent vector 87
18:04 gram_schmidt: Removing linearly dependent vector 88
18:04 gram_schmidt: Removing linearly dependent vector 89
18:04 gram_schmidt: Removing linearly dependent vector 90
18:04 gram_schmidt: Removing linearly dependent vector 91
18:04 gram_schmidt: Removing linearly dependent vector 92
18:04 gram_schmidt: Removing linearly dependent vector 93
18:04 gram_schmidt: Removing linearly dependent vector 94
18:04 gram_schmidt: Removing linearly dependent vector 95
18:04 gram_schmidt: Removing linearly dependent vector 96
18:04 gram_schmidt: Removing linearly dependent vector 97
18:04 gram_schmidt: Removing linearly dependent vector 98
18:04 gram_schmidt: Removing linearly dependent vector 99
18:04 gram_schmidt: Removing linearly dependent vector 100
18:04 gram_schmidt: Removing linearly dependent vector 101
18:04 gram_schmidt: Removing linearly dependent vector 3
18:04 gram_schmidt: Removing linearly dependent vector 4
18:04 gram_schmidt: Removing linearly dependent vector 5
18:04 gram_schmidt: Removing linearly dependent vector 6
18:04 gram_schmidt: Removing linearly dependent vector 7
18:04 gram_schmidt: Removing linearly dependent vector 8
18:04 gram_schmidt: Removing linearly dependent vector 9
18:04 gram_schmidt: Removing linearly dependent vector 10
18:04 gram_schmidt: Removing linearly dependent vector 11
18:04 gram_schmidt: Removing linearly dependent vector 12
18:04 gram_schmidt: Removing linearly dependent vector 13
18:04 gram_schmidt: Removing linearly dependent vector 14
18:04 gram_schmidt: Removing linearly dependent vector 15
18:04 gram_schmidt: Removing linearly dependent vector 16
18:04 gram_schmidt: Removing linearly dependent vector 17
18:04 gram_schmidt: Removing linearly dependent vector 18
18:04 gram_schmidt: Removing linearly dependent vector 19
18:04 gram_schmidt: Removing linearly dependent vector 20
18:04 gram_schmidt: Removing linearly dependent vector 21
18:04 gram_schmidt: Removing linearly dependent vector 22
18:04 gram_schmidt: Removing linearly dependent vector 23
18:04 gram_schmidt: Removing linearly dependent vector 24
18:04 gram_schmidt: Removing linearly dependent vector 25
18:04 gram_schmidt: Removing linearly dependent vector 26
18:04 gram_schmidt: Removing linearly dependent vector 27
18:04 gram_schmidt: Removing linearly dependent vector 28
18:04 gram_schmidt: Removing linearly dependent vector 29
18:04 gram_schmidt: Removing linearly dependent vector 30
18:04 gram_schmidt: Removing linearly dependent vector 31
18:04 gram_schmidt: Removing linearly dependent vector 32
18:04 gram_schmidt: Removing linearly dependent vector 33
18:04 gram_schmidt: Removing linearly dependent vector 34
18:04 gram_schmidt: Removing linearly dependent vector 35
18:04 gram_schmidt: Removing linearly dependent vector 36
18:04 gram_schmidt: Removing linearly dependent vector 37
18:04 gram_schmidt: Removing linearly dependent vector 38
18:04 gram_schmidt: Removing linearly dependent vector 39
18:04 gram_schmidt: Removing linearly dependent vector 40
18:04 gram_schmidt: Removing linearly dependent vector 41
18:04 gram_schmidt: Removing linearly dependent vector 42
18:04 gram_schmidt: Removing linearly dependent vector 43
18:04 gram_schmidt: Removing linearly dependent vector 44
18:04 gram_schmidt: Removing linearly dependent vector 45
18:04 gram_schmidt: Removing linearly dependent vector 46
18:04 gram_schmidt: Removing linearly dependent vector 47
18:04 gram_schmidt: Removing linearly dependent vector 48
18:04 gram_schmidt: Removing linearly dependent vector 49
18:04 gram_schmidt: Removing linearly dependent vector 50
18:04 gram_schmidt: Removing linearly dependent vector 51
18:04 gram_schmidt: Removing linearly dependent vector 52
18:04 gram_schmidt: Removing linearly dependent vector 53
18:04 gram_schmidt: Removing linearly dependent vector 54
18:04 gram_schmidt: Removing linearly dependent vector 55
18:04 gram_schmidt: Removing linearly dependent vector 56
18:04 gram_schmidt: Removing linearly dependent vector 57
18:04 gram_schmidt: Removing linearly dependent vector 58
18:04 gram_schmidt: Removing linearly dependent vector 59
18:04 gram_schmidt: Removing linearly dependent vector 60
18:04 gram_schmidt: Removing linearly dependent vector 61
18:04 gram_schmidt: Removing linearly dependent vector 62
18:04 gram_schmidt: Removing linearly dependent vector 63
18:04 gram_schmidt: Removing linearly dependent vector 64
18:04 gram_schmidt: Removing linearly dependent vector 65
18:04 gram_schmidt: Removing linearly dependent vector 66
18:04 gram_schmidt: Removing linearly dependent vector 67
18:04 gram_schmidt: Removing linearly dependent vector 68
18:04 gram_schmidt: Removing linearly dependent vector 69
18:04 gram_schmidt: Removing linearly dependent vector 70
18:04 gram_schmidt: Removing linearly dependent vector 71
18:04 gram_schmidt: Removing linearly dependent vector 72
18:04 gram_schmidt: Removing linearly dependent vector 73
18:04 gram_schmidt: Removing linearly dependent vector 74
18:04 gram_schmidt: Removing linearly dependent vector 75
18:04 gram_schmidt: Removing linearly dependent vector 76
18:04 gram_schmidt: Removing linearly dependent vector 77
18:04 gram_schmidt: Removing linearly dependent vector 78
18:04 gram_schmidt: Removing linearly dependent vector 79
18:04 gram_schmidt: Removing linearly dependent vector 80
18:04 gram_schmidt: Removing linearly dependent vector 81
18:04 gram_schmidt: Removing linearly dependent vector 82
18:04 gram_schmidt: Removing linearly dependent vector 83
18:04 gram_schmidt: Removing linearly dependent vector 84
18:04 gram_schmidt: Removing linearly dependent vector 85
18:04 gram_schmidt: Removing linearly dependent vector 86
18:04 gram_schmidt: Removing linearly dependent vector 87
18:04 gram_schmidt: Removing linearly dependent vector 88
18:04 gram_schmidt: Removing linearly dependent vector 89
18:04 gram_schmidt: Removing linearly dependent vector 90
18:04 gram_schmidt: Removing linearly dependent vector 91
18:04 gram_schmidt: Removing linearly dependent vector 92
18:04 gram_schmidt: Removing linearly dependent vector 93
18:04 gram_schmidt: Removing linearly dependent vector 94
18:04 gram_schmidt: Removing linearly dependent vector 95
18:04 gram_schmidt: Removing linearly dependent vector 96
18:04 gram_schmidt: Removing linearly dependent vector 97
18:04 gram_schmidt: Removing linearly dependent vector 98
18:04 gram_schmidt: Removing linearly dependent vector 99
18:04 gram_schmidt: Removing linearly dependent vector 100
18:04 gram_schmidt: Removing linearly dependent vector 101
</system-err></testcase><testcase classname="src.pymortests.algorithms.gram_schmidt" file="src/pymortests/algorithms/gram_schmidt.py" line="26" name="test_gram_schmidt_with_R[0-&lt;lambda&gt;17]" time="0.0032100677490234375"></testcase><testcase classname="src.pymortests.algorithms.gram_schmidt" file="src/pymortests/algorithms/gram_schmidt.py" line="26" name="test_gram_schmidt_with_R[0-&lt;lambda&gt;18]" time="0.002240419387817383"></testcase><testcase classname="src.pymortests.algorithms.gram_schmidt" file="src/pymortests/algorithms/gram_schmidt.py" line="26" name="test_gram_schmidt_with_R[0-&lt;lambda&gt;19]" time="0.005348920822143555"></testcase><testcase classname="src.pymortests.algorithms.gram_schmidt" file="src/pymortests/algorithms/gram_schmidt.py" line="26" name="test_gram_schmidt_with_R[0-&lt;lambda&gt;20]" time="0.29782819747924805"></testcase><testcase classname="src.pymortests.algorithms.gram_schmidt" file="src/pymortests/algorithms/gram_schmidt.py" line="26" name="test_gram_schmidt_with_R[0-&lt;lambda&gt;21]" time="1.5661201477050781"></testcase><testcase classname="src.pymortests.algorithms.gram_schmidt" file="src/pymortests/algorithms/gram_schmidt.py" line="26" name="test_gram_schmidt_with_R[0-&lt;lambda&gt;22]" time="0.0025975704193115234"></testcase><testcase classname="src.pymortests.algorithms.gram_schmidt" file="src/pymortests/algorithms/gram_schmidt.py" line="26" name="test_gram_schmidt_with_R[0-&lt;lambda&gt;23]" time="0.0018219947814941406"></testcase><testcase classname="src.pymortests.algorithms.gram_schmidt" file="src/pymortests/algorithms/gram_schmidt.py" line="26" name="test_gram_schmidt_with_R[0-&lt;lambda&gt;24]" time="0.008475065231323242"></testcase><testcase classname="src.pymortests.algorithms.gram_schmidt" file="src/pymortests/algorithms/gram_schmidt.py" line="26" name="test_gram_schmidt_with_R[0-&lt;lambda&gt;25]" time="0.4453155994415283"><system-err>18:06 gram_schmidt: Orthonormalizing vector 31 again
18:06 gram_schmidt: Removing linearly dependent vector 32
18:06 gram_schmidt: Removing linearly dependent vector 33
18:06 gram_schmidt: Removing linearly dependent vector 34
18:06 gram_schmidt: Removing linearly dependent vector 35
18:06 gram_schmidt: Removing linearly dependent vector 36
18:06 gram_schmidt: Removing linearly dependent vector 37
18:06 gram_schmidt: Removing linearly dependent vector 38
18:06 gram_schmidt: Removing linearly dependent vector 39
18:06 gram_schmidt: Removing linearly dependent vector 40
18:06 gram_schmidt: Removing linearly dependent vector 41
18:06 gram_schmidt: Removing linearly dependent vector 42
18:06 gram_schmidt: Orthonormalizing vector 31 again
18:06 gram_schmidt: Removing linearly dependent vector 32
18:06 gram_schmidt: Removing linearly dependent vector 33
18:06 gram_schmidt: Removing linearly dependent vector 34
18:06 gram_schmidt: Removing linearly dependent vector 35
18:06 gram_schmidt: Removing linearly dependent vector 36
18:06 gram_schmidt: Removing linearly dependent vector 37
18:06 gram_schmidt: Removing linearly dependent vector 38
18:06 gram_schmidt: Removing linearly dependent vector 39
18:06 gram_schmidt: Removing linearly dependent vector 40
18:06 gram_schmidt: Removing linearly dependent vector 41
18:06 gram_schmidt: Removing linearly dependent vector 42
</system-err></testcase><testcase classname="src.pymortests.algorithms.gram_schmidt" file="src/pymortests/algorithms/gram_schmidt.py" line="26" name="test_gram_schmidt_with_R[0-&lt;lambda&gt;26]" time="0.32747507095336914"><system-err>18:06 gram_schmidt: Removing vector 0 of norm 0.0
18:06 gram_schmidt: Removing vector 1 of norm 0.0
18:06 gram_schmidt: Removing vector 2 of norm 0.0
18:06 gram_schmidt: Removing vector 3 of norm 0.0
18:06 gram_schmidt: Removing vector 4 of norm 0.0
18:06 gram_schmidt: Removing vector 5 of norm 0.0
18:06 gram_schmidt: Removing vector 6 of norm 0.0
18:06 gram_schmidt: Removing vector 7 of norm 0.0
18:06 gram_schmidt: Removing vector 8 of norm 0.0
18:06 gram_schmidt: Removing vector 9 of norm 0.0
18:06 gram_schmidt: Removing vector 10 of norm 0.0
18:06 gram_schmidt: Removing vector 11 of norm 0.0
18:06 gram_schmidt: Removing vector 12 of norm 0.0
18:06 gram_schmidt: Removing vector 13 of norm 0.0
18:06 gram_schmidt: Removing vector 14 of norm 0.0
18:06 gram_schmidt: Removing vector 15 of norm 0.0
18:06 gram_schmidt: Removing vector 16 of norm 0.0
18:06 gram_schmidt: Removing vector 17 of norm 0.0
18:06 gram_schmidt: Removing vector 18 of norm 0.0
18:06 gram_schmidt: Removing vector 19 of norm 0.0
18:06 gram_schmidt: Removing vector 20 of norm 0.0
18:06 gram_schmidt: Removing vector 21 of norm 0.0
18:06 gram_schmidt: Removing vector 22 of norm 0.0
18:06 gram_schmidt: Removing vector 23 of norm 0.0
18:06 gram_schmidt: Removing vector 24 of norm 0.0
18:06 gram_schmidt: Removing vector 25 of norm 0.0
18:06 gram_schmidt: Removing vector 26 of norm 0.0
18:06 gram_schmidt: Removing vector 27 of norm 0.0
18:06 gram_schmidt: Removing vector 28 of norm 0.0
18:06 gram_schmidt: Removing vector 29 of norm 0.0
18:06 gram_schmidt: Removing vector 30 of norm 0.0
18:06 gram_schmidt: Removing vector 31 of norm 0.0
18:06 gram_schmidt: Removing vector 32 of norm 0.0
18:06 gram_schmidt: Removing vector 33 of norm 0.0
18:06 gram_schmidt: Removing vector 34 of norm 0.0
18:06 gram_schmidt: Removing vector 35 of norm 0.0
18:06 gram_schmidt: Removing vector 36 of norm 0.0
18:06 gram_schmidt: Removing vector 37 of norm 0.0
18:06 gram_schmidt: Removing vector 38 of norm 0.0
18:06 gram_schmidt: Removing vector 39 of norm 0.0
18:06 gram_schmidt: Removing vector 40 of norm 0.0
18:06 gram_schmidt: Removing vector 41 of norm 0.0
18:06 gram_schmidt: Removing vector 42 of norm 0.0
18:06 gram_schmidt: Removing vector 43 of norm 0.0
18:06 gram_schmidt: Removing vector 44 of norm 0.0
18:06 gram_schmidt: Removing vector 45 of norm 0.0
18:06 gram_schmidt: Removing vector 46 of norm 0.0
18:06 gram_schmidt: Removing vector 47 of norm 0.0
18:06 gram_schmidt: Removing vector 48 of norm 0.0
18:06 gram_schmidt: Removing vector 49 of norm 0.0
18:06 gram_schmidt: Removing vector 50 of norm 0.0
18:06 gram_schmidt: Removing vector 51 of norm 0.0
18:06 gram_schmidt: Removing vector 52 of norm 0.0
18:06 gram_schmidt: Removing vector 53 of norm 0.0
18:06 gram_schmidt: Removing vector 54 of norm 0.0
18:06 gram_schmidt: Removing vector 55 of norm 0.0
18:07 gram_schmidt: Removing vector 56 of norm 0.0
18:07 gram_schmidt: Removing vector 57 of norm 0.0
18:07 gram_schmidt: Removing vector 58 of norm 0.0
18:07 gram_schmidt: Removing vector 59 of norm 0.0
18:07 gram_schmidt: Removing vector 60 of norm 0.0
18:07 gram_schmidt: Removing vector 61 of norm 0.0
18:07 gram_schmidt: Removing vector 62 of norm 0.0
18:07 gram_schmidt: Removing vector 63 of norm 0.0
18:07 gram_schmidt: Removing vector 64 of norm 0.0
18:07 gram_schmidt: Removing vector 65 of norm 0.0
18:07 gram_schmidt: Removing vector 66 of norm 0.0
18:07 gram_schmidt: Removing vector 67 of norm 0.0
18:07 gram_schmidt: Removing vector 68 of norm 0.0
18:07 gram_schmidt: Removing vector 69 of norm 0.0
18:07 gram_schmidt: Removing vector 70 of norm 0.0
18:07 gram_schmidt: Removing vector 71 of norm 0.0
18:07 gram_schmidt: Removing vector 72 of norm 0.0
18:07 gram_schmidt: Removing vector 73 of norm 0.0
18:07 gram_schmidt: Removing vector 74 of norm 0.0
18:07 gram_schmidt: Removing vector 75 of norm 0.0
18:07 gram_schmidt: Removing vector 76 of norm 0.0
18:07 gram_schmidt: Removing vector 77 of norm 0.0
18:07 gram_schmidt: Removing vector 78 of norm 0.0
18:07 gram_schmidt: Removing vector 79 of norm 0.0
18:07 gram_schmidt: Removing vector 80 of norm 0.0
18:07 gram_schmidt: Removing vector 81 of norm 0.0
18:07 gram_schmidt: Removing vector 82 of norm 0.0
18:07 gram_schmidt: Removing vector 83 of norm 0.0
18:07 gram_schmidt: Removing vector 84 of norm 0.0
18:07 gram_schmidt: Removing vector 85 of norm 0.0
18:07 gram_schmidt: Removing vector 86 of norm 0.0
18:07 gram_schmidt: Removing vector 87 of norm 0.0
18:07 gram_schmidt: Removing vector 88 of norm 0.0
18:07 gram_schmidt: Removing vector 89 of norm 0.0
18:07 gram_schmidt: Removing vector 90 of norm 0.0
18:07 gram_schmidt: Removing vector 91 of norm 0.0
18:07 gram_schmidt: Removing vector 92 of norm 0.0
18:07 gram_schmidt: Removing vector 93 of norm 0.0
18:07 gram_schmidt: Removing vector 94 of norm 0.0
18:07 gram_schmidt: Removing vector 95 of norm 0.0
18:07 gram_schmidt: Removing vector 96 of norm 0.0
18:07 gram_schmidt: Removing vector 97 of norm 0.0
18:07 gram_schmidt: Removing vector 98 of norm 0.0
18:07 gram_schmidt: Removing vector 99 of norm 0.0
18:07 gram_schmidt: Removing vector 100 of norm 0.0
18:07 gram_schmidt: Removing vector 101 of norm 0.0
18:07 gram_schmidt: Removing vector 0 of norm 0.0
18:07 gram_schmidt: Removing vector 1 of norm 0.0
18:07 gram_schmidt: Removing vector 2 of norm 0.0
18:07 gram_schmidt: Removing vector 3 of norm 0.0
18:07 gram_schmidt: Removing vector 4 of norm 0.0
18:07 gram_schmidt: Removing vector 5 of norm 0.0
18:07 gram_schmidt: Removing vector 6 of norm 0.0
18:07 gram_schmidt: Removing vector 7 of norm 0.0
18:07 gram_schmidt: Removing vector 8 of norm 0.0
18:07 gram_schmidt: Removing vector 9 of norm 0.0
18:07 gram_schmidt: Removing vector 10 of norm 0.0
18:07 gram_schmidt: Removing vector 11 of norm 0.0
18:07 gram_schmidt: Removing vector 12 of norm 0.0
18:07 gram_schmidt: Removing vector 13 of norm 0.0
18:07 gram_schmidt: Removing vector 14 of norm 0.0
18:07 gram_schmidt: Removing vector 15 of norm 0.0
18:07 gram_schmidt: Removing vector 16 of norm 0.0
18:07 gram_schmidt: Removing vector 17 of norm 0.0
18:07 gram_schmidt: Removing vector 18 of norm 0.0
18:07 gram_schmidt: Removing vector 19 of norm 0.0
18:07 gram_schmidt: Removing vector 20 of norm 0.0
18:07 gram_schmidt: Removing vector 21 of norm 0.0
18:07 gram_schmidt: Removing vector 22 of norm 0.0
18:07 gram_schmidt: Removing vector 23 of norm 0.0
18:07 gram_schmidt: Removing vector 24 of norm 0.0
18:07 gram_schmidt: Removing vector 25 of norm 0.0
18:07 gram_schmidt: Removing vector 26 of norm 0.0
18:07 gram_schmidt: Removing vector 27 of norm 0.0
18:07 gram_schmidt: Removing vector 28 of norm 0.0
18:07 gram_schmidt: Removing vector 29 of norm 0.0
18:07 gram_schmidt: Removing vector 30 of norm 0.0
18:07 gram_schmidt: Removing vector 31 of norm 0.0
18:07 gram_schmidt: Removing vector 32 of norm 0.0
18:07 gram_schmidt: Removing vector 33 of norm 0.0
18:07 gram_schmidt: Removing vector 34 of norm 0.0
18:07 gram_schmidt: Removing vector 35 of norm 0.0
18:07 gram_schmidt: Removing vector 36 of norm 0.0
18:07 gram_schmidt: Removing vector 37 of norm 0.0
18:07 gram_schmidt: Removing vector 38 of norm 0.0
18:07 gram_schmidt: Removing vector 39 of norm 0.0
18:07 gram_schmidt: Removing vector 40 of norm 0.0
18:07 gram_schmidt: Removing vector 41 of norm 0.0
18:07 gram_schmidt: Removing vector 42 of norm 0.0
18:07 gram_schmidt: Removing vector 43 of norm 0.0
18:07 gram_schmidt: Removing vector 44 of norm 0.0
18:07 gram_schmidt: Removing vector 45 of norm 0.0
18:07 gram_schmidt: Removing vector 46 of norm 0.0
18:07 gram_schmidt: Removing vector 47 of norm 0.0
18:07 gram_schmidt: Removing vector 48 of norm 0.0
18:07 gram_schmidt: Removing vector 49 of norm 0.0
18:07 gram_schmidt: Removing vector 50 of norm 0.0
18:07 gram_schmidt: Removing vector 51 of norm 0.0
18:07 gram_schmidt: Removing vector 52 of norm 0.0
18:07 gram_schmidt: Removing vector 53 of norm 0.0
18:07 gram_schmidt: Removing vector 54 of norm 0.0
18:07 gram_schmidt: Removing vector 55 of norm 0.0
18:07 gram_schmidt: Removing vector 56 of norm 0.0
18:07 gram_schmidt: Removing vector 57 of norm 0.0
18:07 gram_schmidt: Removing vector 58 of norm 0.0
18:07 gram_schmidt: Removing vector 59 of norm 0.0
18:07 gram_schmidt: Removing vector 60 of norm 0.0
18:07 gram_schmidt: Removing vector 61 of norm 0.0
18:07 gram_schmidt: Removing vector 62 of norm 0.0
18:07 gram_schmidt: Removing vector 63 of norm 0.0
18:07 gram_schmidt: Removing vector 64 of norm 0.0
18:07 gram_schmidt: Removing vector 65 of norm 0.0
18:07 gram_schmidt: Removing vector 66 of norm 0.0
18:07 gram_schmidt: Removing vector 67 of norm 0.0
18:07 gram_schmidt: Removing vector 68 of norm 0.0
18:07 gram_schmidt: Removing vector 69 of norm 0.0
18:07 gram_schmidt: Removing vector 70 of norm 0.0
18:07 gram_schmidt: Removing vector 71 of norm 0.0
18:07 gram_schmidt: Removing vector 72 of norm 0.0
18:07 gram_schmidt: Removing vector 73 of norm 0.0
18:07 gram_schmidt: Removing vector 74 of norm 0.0
18:07 gram_schmidt: Removing vector 75 of norm 0.0
18:07 gram_schmidt: Removing vector 76 of norm 0.0
18:07 gram_schmidt: Removing vector 77 of norm 0.0
18:07 gram_schmidt: Removing vector 78 of norm 0.0
18:07 gram_schmidt: Removing vector 79 of norm 0.0
18:07 gram_schmidt: Removing vector 80 of norm 0.0
18:07 gram_schmidt: Removing vector 81 of norm 0.0
18:07 gram_schmidt: Removing vector 82 of norm 0.0
18:07 gram_schmidt: Removing vector 83 of norm 0.0
18:07 gram_schmidt: Removing vector 84 of norm 0.0
18:07 gram_schmidt: Removing vector 85 of norm 0.0
18:07 gram_schmidt: Removing vector 86 of norm 0.0
18:07 gram_schmidt: Removing vector 87 of norm 0.0
18:07 gram_schmidt: Removing vector 88 of norm 0.0
18:07 gram_schmidt: Removing vector 89 of norm 0.0
18:07 gram_schmidt: Removing vector 90 of norm 0.0
18:07 gram_schmidt: Removing vector 91 of norm 0.0
18:07 gram_schmidt: Removing vector 92 of norm 0.0
18:07 gram_schmidt: Removing vector 93 of norm 0.0
18:07 gram_schmidt: Removing vector 94 of norm 0.0
18:07 gram_schmidt: Removing vector 95 of norm 0.0
18:07 gram_schmidt: Removing vector 96 of norm 0.0
18:07 gram_schmidt: Removing vector 97 of norm 0.0
18:07 gram_schmidt: Removing vector 98 of norm 0.0
18:07 gram_schmidt: Removing vector 99 of norm 0.0
18:07 gram_schmidt: Removing vector 100 of norm 0.0
18:07 gram_schmidt: Removing vector 101 of norm 0.0
</system-err></testcase><testcase classname="src.pymortests.algorithms.gram_schmidt" file="src/pymortests/algorithms/gram_schmidt.py" line="26" name="test_gram_schmidt_with_R[1-&lt;lambda&gt;0]" time="0.0027964115142822266"></testcase><testcase classname="src.pymortests.algorithms.gram_schmidt" file="src/pymortests/algorithms/gram_schmidt.py" line="26" name="test_gram_schmidt_with_R[1-&lt;lambda&gt;1]" time="0.0019359588623046875"></testcase><testcase classname="src.pymortests.algorithms.gram_schmidt" file="src/pymortests/algorithms/gram_schmidt.py" line="26" name="test_gram_schmidt_with_R[1-&lt;lambda&gt;2]" time="0.0020716190338134766"></testcase><testcase classname="src.pymortests.algorithms.gram_schmidt" file="src/pymortests/algorithms/gram_schmidt.py" line="26" name="test_gram_schmidt_with_R[1-&lt;lambda&gt;3]" time="0.09724950790405273"><system-err>18:07 gram_schmidt: Orthonormalizing vector 31 again
18:07 gram_schmidt: Removing linearly dependent vector 32
18:07 gram_schmidt: Removing linearly dependent vector 33
18:07 gram_schmidt: Removing linearly dependent vector 34
18:07 gram_schmidt: Removing linearly dependent vector 35
18:07 gram_schmidt: Removing linearly dependent vector 36
18:07 gram_schmidt: Removing linearly dependent vector 37
18:07 gram_schmidt: Removing linearly dependent vector 38
18:07 gram_schmidt: Removing linearly dependent vector 39
18:07 gram_schmidt: Removing linearly dependent vector 40
18:07 gram_schmidt: Removing linearly dependent vector 41
18:07 gram_schmidt: Removing linearly dependent vector 42
18:07 gram_schmidt: Orthonormalizing vector 31 again
18:07 gram_schmidt: Removing linearly dependent vector 32
18:07 gram_schmidt: Removing linearly dependent vector 33
18:07 gram_schmidt: Removing linearly dependent vector 34
18:07 gram_schmidt: Removing linearly dependent vector 35
18:07 gram_schmidt: Removing linearly dependent vector 36
18:07 gram_schmidt: Removing linearly dependent vector 37
18:07 gram_schmidt: Removing linearly dependent vector 38
18:07 gram_schmidt: Removing linearly dependent vector 39
18:07 gram_schmidt: Removing linearly dependent vector 40
18:07 gram_schmidt: Removing linearly dependent vector 41
18:07 gram_schmidt: Removing linearly dependent vector 42
</system-err></testcase><testcase classname="src.pymortests.algorithms.gram_schmidt" file="src/pymortests/algorithms/gram_schmidt.py" line="26" name="test_gram_schmidt_with_R[1-&lt;lambda&gt;4]" time="0.020468711853027344"><system-err>18:07 gram_schmidt: Removing vector 0 of norm 0.0
18:07 gram_schmidt: Removing vector 1 of norm 0.0
18:07 gram_schmidt: Removing vector 2 of norm 0.0
18:07 gram_schmidt: Removing vector 3 of norm 0.0
18:07 gram_schmidt: Removing vector 4 of norm 0.0
18:07 gram_schmidt: Removing vector 5 of norm 0.0
18:07 gram_schmidt: Removing vector 6 of norm 0.0
18:07 gram_schmidt: Removing vector 7 of norm 0.0
18:07 gram_schmidt: Removing vector 8 of norm 0.0
18:07 gram_schmidt: Removing vector 9 of norm 0.0
18:07 gram_schmidt: Removing vector 10 of norm 0.0
18:07 gram_schmidt: Removing vector 11 of norm 0.0
18:07 gram_schmidt: Removing vector 12 of norm 0.0
18:07 gram_schmidt: Removing vector 13 of norm 0.0
18:07 gram_schmidt: Removing vector 14 of norm 0.0
18:07 gram_schmidt: Removing vector 15 of norm 0.0
18:07 gram_schmidt: Removing vector 16 of norm 0.0
18:07 gram_schmidt: Removing vector 17 of norm 0.0
18:07 gram_schmidt: Removing vector 18 of norm 0.0
18:07 gram_schmidt: Removing vector 19 of norm 0.0
18:07 gram_schmidt: Removing vector 20 of norm 0.0
18:07 gram_schmidt: Removing vector 21 of norm 0.0
18:07 gram_schmidt: Removing vector 22 of norm 0.0
18:07 gram_schmidt: Removing vector 23 of norm 0.0
18:07 gram_schmidt: Removing vector 24 of norm 0.0
18:07 gram_schmidt: Removing vector 25 of norm 0.0
18:07 gram_schmidt: Removing vector 26 of norm 0.0
18:07 gram_schmidt: Removing vector 27 of norm 0.0
18:07 gram_schmidt: Removing vector 28 of norm 0.0
18:07 gram_schmidt: Removing vector 29 of norm 0.0
18:07 gram_schmidt: Removing vector 30 of norm 0.0
18:07 gram_schmidt: Removing vector 31 of norm 0.0
18:07 gram_schmidt: Removing vector 32 of norm 0.0
18:07 gram_schmidt: Removing vector 33 of norm 0.0
18:07 gram_schmidt: Removing vector 34 of norm 0.0
18:07 gram_schmidt: Removing vector 35 of norm 0.0
18:07 gram_schmidt: Removing vector 36 of norm 0.0
18:07 gram_schmidt: Removing vector 37 of norm 0.0
18:07 gram_schmidt: Removing vector 38 of norm 0.0
18:07 gram_schmidt: Removing vector 39 of norm 0.0
18:07 gram_schmidt: Removing vector 40 of norm 0.0
18:07 gram_schmidt: Removing vector 41 of norm 0.0
18:07 gram_schmidt: Removing vector 42 of norm 0.0
18:07 gram_schmidt: Removing vector 43 of norm 0.0
18:07 gram_schmidt: Removing vector 44 of norm 0.0
18:07 gram_schmidt: Removing vector 45 of norm 0.0
18:07 gram_schmidt: Removing vector 46 of norm 0.0
18:07 gram_schmidt: Removing vector 47 of norm 0.0
18:07 gram_schmidt: Removing vector 48 of norm 0.0
18:07 gram_schmidt: Removing vector 49 of norm 0.0
18:07 gram_schmidt: Removing vector 50 of norm 0.0
18:07 gram_schmidt: Removing vector 51 of norm 0.0
18:07 gram_schmidt: Removing vector 52 of norm 0.0
18:07 gram_schmidt: Removing vector 53 of norm 0.0
18:07 gram_schmidt: Removing vector 54 of norm 0.0
18:07 gram_schmidt: Removing vector 55 of norm 0.0
18:07 gram_schmidt: Removing vector 56 of norm 0.0
18:07 gram_schmidt: Removing vector 57 of norm 0.0
18:07 gram_schmidt: Removing vector 58 of norm 0.0
18:07 gram_schmidt: Removing vector 59 of norm 0.0
18:07 gram_schmidt: Removing vector 60 of norm 0.0
18:07 gram_schmidt: Removing vector 61 of norm 0.0
18:07 gram_schmidt: Removing vector 62 of norm 0.0
18:07 gram_schmidt: Removing vector 63 of norm 0.0
18:07 gram_schmidt: Removing vector 64 of norm 0.0
18:07 gram_schmidt: Removing vector 65 of norm 0.0
18:07 gram_schmidt: Removing vector 66 of norm 0.0
18:07 gram_schmidt: Removing vector 67 of norm 0.0
18:07 gram_schmidt: Removing vector 68 of norm 0.0
18:07 gram_schmidt: Removing vector 69 of norm 0.0
18:07 gram_schmidt: Removing vector 70 of norm 0.0
18:07 gram_schmidt: Removing vector 71 of norm 0.0
18:07 gram_schmidt: Removing vector 72 of norm 0.0
18:07 gram_schmidt: Removing vector 73 of norm 0.0
18:07 gram_schmidt: Removing vector 74 of norm 0.0
18:07 gram_schmidt: Removing vector 75 of norm 0.0
18:07 gram_schmidt: Removing vector 76 of norm 0.0
18:07 gram_schmidt: Removing vector 77 of norm 0.0
18:07 gram_schmidt: Removing vector 78 of norm 0.0
18:07 gram_schmidt: Removing vector 79 of norm 0.0
18:07 gram_schmidt: Removing vector 80 of norm 0.0
18:07 gram_schmidt: Removing vector 81 of norm 0.0
18:07 gram_schmidt: Removing vector 82 of norm 0.0
18:07 gram_schmidt: Removing vector 83 of norm 0.0
18:07 gram_schmidt: Removing vector 84 of norm 0.0
18:07 gram_schmidt: Removing vector 85 of norm 0.0
18:07 gram_schmidt: Removing vector 86 of norm 0.0
18:07 gram_schmidt: Removing vector 87 of norm 0.0
18:07 gram_schmidt: Removing vector 88 of norm 0.0
18:07 gram_schmidt: Removing vector 89 of norm 0.0
18:07 gram_schmidt: Removing vector 90 of norm 0.0
18:07 gram_schmidt: Removing vector 91 of norm 0.0
18:07 gram_schmidt: Removing vector 92 of norm 0.0
18:07 gram_schmidt: Removing vector 93 of norm 0.0
18:07 gram_schmidt: Removing vector 94 of norm 0.0
18:07 gram_schmidt: Removing vector 95 of norm 0.0
18:07 gram_schmidt: Removing vector 96 of norm 0.0
18:07 gram_schmidt: Removing vector 97 of norm 0.0
18:07 gram_schmidt: Removing vector 98 of norm 0.0
18:07 gram_schmidt: Removing vector 99 of norm 0.0
18:07 gram_schmidt: Removing vector 100 of norm 0.0
18:07 gram_schmidt: Removing vector 101 of norm 0.0
18:07 gram_schmidt: Removing vector 0 of norm 0.0
18:07 gram_schmidt: Removing vector 1 of norm 0.0
18:07 gram_schmidt: Removing vector 2 of norm 0.0
18:07 gram_schmidt: Removing vector 3 of norm 0.0
18:07 gram_schmidt: Removing vector 4 of norm 0.0
18:07 gram_schmidt: Removing vector 5 of norm 0.0
18:07 gram_schmidt: Removing vector 6 of norm 0.0
18:07 gram_schmidt: Removing vector 7 of norm 0.0
18:07 gram_schmidt: Removing vector 8 of norm 0.0
18:07 gram_schmidt: Removing vector 9 of norm 0.0
18:07 gram_schmidt: Removing vector 10 of norm 0.0
18:07 gram_schmidt: Removing vector 11 of norm 0.0
18:07 gram_schmidt: Removing vector 12 of norm 0.0
18:07 gram_schmidt: Removing vector 13 of norm 0.0
18:07 gram_schmidt: Removing vector 14 of norm 0.0
18:07 gram_schmidt: Removing vector 15 of norm 0.0
18:07 gram_schmidt: Removing vector 16 of norm 0.0
18:07 gram_schmidt: Removing vector 17 of norm 0.0
18:07 gram_schmidt: Removing vector 18 of norm 0.0
18:07 gram_schmidt: Removing vector 19 of norm 0.0
18:07 gram_schmidt: Removing vector 20 of norm 0.0
18:07 gram_schmidt: Removing vector 21 of norm 0.0
18:07 gram_schmidt: Removing vector 22 of norm 0.0
18:07 gram_schmidt: Removing vector 23 of norm 0.0
18:07 gram_schmidt: Removing vector 24 of norm 0.0
18:07 gram_schmidt: Removing vector 25 of norm 0.0
18:07 gram_schmidt: Removing vector 26 of norm 0.0
18:07 gram_schmidt: Removing vector 27 of norm 0.0
18:07 gram_schmidt: Removing vector 28 of norm 0.0
18:07 gram_schmidt: Removing vector 29 of norm 0.0
18:07 gram_schmidt: Removing vector 30 of norm 0.0
18:07 gram_schmidt: Removing vector 31 of norm 0.0
18:07 gram_schmidt: Removing vector 32 of norm 0.0
18:07 gram_schmidt: Removing vector 33 of norm 0.0
18:07 gram_schmidt: Removing vector 34 of norm 0.0
18:07 gram_schmidt: Removing vector 35 of norm 0.0
18:07 gram_schmidt: Removing vector 36 of norm 0.0
18:07 gram_schmidt: Removing vector 37 of norm 0.0
18:07 gram_schmidt: Removing vector 38 of norm 0.0
18:07 gram_schmidt: Removing vector 39 of norm 0.0
18:07 gram_schmidt: Removing vector 40 of norm 0.0
18:07 gram_schmidt: Removing vector 41 of norm 0.0
18:07 gram_schmidt: Removing vector 42 of norm 0.0
18:07 gram_schmidt: Removing vector 43 of norm 0.0
18:07 gram_schmidt: Removing vector 44 of norm 0.0
18:07 gram_schmidt: Removing vector 45 of norm 0.0
18:07 gram_schmidt: Removing vector 46 of norm 0.0
18:07 gram_schmidt: Removing vector 47 of norm 0.0
18:07 gram_schmidt: Removing vector 48 of norm 0.0
18:07 gram_schmidt: Removing vector 49 of norm 0.0
18:07 gram_schmidt: Removing vector 50 of norm 0.0
18:07 gram_schmidt: Removing vector 51 of norm 0.0
18:07 gram_schmidt: Removing vector 52 of norm 0.0
18:07 gram_schmidt: Removing vector 53 of norm 0.0
18:07 gram_schmidt: Removing vector 54 of norm 0.0
18:07 gram_schmidt: Removing vector 55 of norm 0.0
18:07 gram_schmidt: Removing vector 56 of norm 0.0
18:07 gram_schmidt: Removing vector 57 of norm 0.0
18:07 gram_schmidt: Removing vector 58 of norm 0.0
18:07 gram_schmidt: Removing vector 59 of norm 0.0
18:07 gram_schmidt: Removing vector 60 of norm 0.0
18:07 gram_schmidt: Removing vector 61 of norm 0.0
18:07 gram_schmidt: Removing vector 62 of norm 0.0
18:07 gram_schmidt: Removing vector 63 of norm 0.0
18:07 gram_schmidt: Removing vector 64 of norm 0.0
18:07 gram_schmidt: Removing vector 65 of norm 0.0
18:07 gram_schmidt: Removing vector 66 of norm 0.0
18:07 gram_schmidt: Removing vector 67 of norm 0.0
18:07 gram_schmidt: Removing vector 68 of norm 0.0
18:07 gram_schmidt: Removing vector 69 of norm 0.0
18:07 gram_schmidt: Removing vector 70 of norm 0.0
18:07 gram_schmidt: Removing vector 71 of norm 0.0
18:07 gram_schmidt: Removing vector 72 of norm 0.0
18:07 gram_schmidt: Removing vector 73 of norm 0.0
18:07 gram_schmidt: Removing vector 74 of norm 0.0
18:07 gram_schmidt: Removing vector 75 of norm 0.0
18:07 gram_schmidt: Removing vector 76 of norm 0.0
18:07 gram_schmidt: Removing vector 77 of norm 0.0
18:07 gram_schmidt: Removing vector 78 of norm 0.0
18:07 gram_schmidt: Removing vector 79 of norm 0.0
18:07 gram_schmidt: Removing vector 80 of norm 0.0
18:07 gram_schmidt: Removing vector 81 of norm 0.0
18:07 gram_schmidt: Removing vector 82 of norm 0.0
18:07 gram_schmidt: Removing vector 83 of norm 0.0
18:07 gram_schmidt: Removing vector 84 of norm 0.0
18:07 gram_schmidt: Removing vector 85 of norm 0.0
18:07 gram_schmidt: Removing vector 86 of norm 0.0
18:07 gram_schmidt: Removing vector 87 of norm 0.0
18:07 gram_schmidt: Removing vector 88 of norm 0.0
18:07 gram_schmidt: Removing vector 89 of norm 0.0
18:07 gram_schmidt: Removing vector 90 of norm 0.0
18:07 gram_schmidt: Removing vector 91 of norm 0.0
18:07 gram_schmidt: Removing vector 92 of norm 0.0
18:07 gram_schmidt: Removing vector 93 of norm 0.0
18:07 gram_schmidt: Removing vector 94 of norm 0.0
18:07 gram_schmidt: Removing vector 95 of norm 0.0
18:07 gram_schmidt: Removing vector 96 of norm 0.0
18:07 gram_schmidt: Removing vector 97 of norm 0.0
18:07 gram_schmidt: Removing vector 98 of norm 0.0
18:07 gram_schmidt: Removing vector 99 of norm 0.0
18:07 gram_schmidt: Removing vector 100 of norm 0.0
18:07 gram_schmidt: Removing vector 101 of norm 0.0
</system-err></testcase><testcase classname="src.pymortests.algorithms.gram_schmidt" file="src/pymortests/algorithms/gram_schmidt.py" line="26" name="test_gram_schmidt_with_R[1-&lt;lambda&gt;5]" time="0.002655029296875"></testcase><testcase classname="src.pymortests.algorithms.gram_schmidt" file="src/pymortests/algorithms/gram_schmidt.py" line="26" name="test_gram_schmidt_with_R[1-&lt;lambda&gt;6]" time="0.0018210411071777344"></testcase><testcase classname="src.pymortests.algorithms.gram_schmidt" file="src/pymortests/algorithms/gram_schmidt.py" line="26" name="test_gram_schmidt_with_R[1-&lt;lambda&gt;7]" time="0.002339601516723633"></testcase><testcase classname="src.pymortests.algorithms.gram_schmidt" file="src/pymortests/algorithms/gram_schmidt.py" line="26" name="test_gram_schmidt_with_R[1-&lt;lambda&gt;8]" time="0.1999967098236084"><system-err>18:07 gram_schmidt: Orthonormalizing vector 31 again
18:07 gram_schmidt: Removing linearly dependent vector 32
18:07 gram_schmidt: Removing linearly dependent vector 33
18:07 gram_schmidt: Removing linearly dependent vector 34
18:07 gram_schmidt: Removing linearly dependent vector 35
18:07 gram_schmidt: Removing linearly dependent vector 36
18:07 gram_schmidt: Removing linearly dependent vector 37
18:07 gram_schmidt: Removing linearly dependent vector 38
18:07 gram_schmidt: Removing linearly dependent vector 39
18:07 gram_schmidt: Removing linearly dependent vector 40
18:07 gram_schmidt: Removing linearly dependent vector 41
18:07 gram_schmidt: Removing linearly dependent vector 42
18:07 gram_schmidt: Orthonormalizing vector 31 again
18:07 gram_schmidt: Removing linearly dependent vector 32
18:07 gram_schmidt: Removing linearly dependent vector 33
18:07 gram_schmidt: Removing linearly dependent vector 34
18:07 gram_schmidt: Removing linearly dependent vector 35
18:07 gram_schmidt: Removing linearly dependent vector 36
18:07 gram_schmidt: Removing linearly dependent vector 37
18:07 gram_schmidt: Removing linearly dependent vector 38
18:07 gram_schmidt: Removing linearly dependent vector 39
18:07 gram_schmidt: Removing linearly dependent vector 40
18:07 gram_schmidt: Removing linearly dependent vector 41
18:07 gram_schmidt: Removing linearly dependent vector 42
</system-err></testcase><testcase classname="src.pymortests.algorithms.gram_schmidt" file="src/pymortests/algorithms/gram_schmidt.py" line="26" name="test_gram_schmidt_with_R[1-&lt;lambda&gt;9]" time="0.0320584774017334"><system-err>18:07 gram_schmidt: Removing vector 0 of norm 0.0
18:07 gram_schmidt: Removing vector 1 of norm 0.0
18:07 gram_schmidt: Removing vector 2 of norm 0.0
18:07 gram_schmidt: Removing vector 3 of norm 0.0
18:07 gram_schmidt: Removing vector 4 of norm 0.0
18:07 gram_schmidt: Removing vector 5 of norm 0.0
18:07 gram_schmidt: Removing vector 6 of norm 0.0
18:07 gram_schmidt: Removing vector 7 of norm 0.0
18:07 gram_schmidt: Removing vector 8 of norm 0.0
18:07 gram_schmidt: Removing vector 9 of norm 0.0
18:07 gram_schmidt: Removing vector 10 of norm 0.0
18:07 gram_schmidt: Removing vector 11 of norm 0.0
18:07 gram_schmidt: Removing vector 12 of norm 0.0
18:07 gram_schmidt: Removing vector 13 of norm 0.0
18:07 gram_schmidt: Removing vector 14 of norm 0.0
18:07 gram_schmidt: Removing vector 15 of norm 0.0
18:07 gram_schmidt: Removing vector 16 of norm 0.0
18:07 gram_schmidt: Removing vector 17 of norm 0.0
18:07 gram_schmidt: Removing vector 18 of norm 0.0
18:07 gram_schmidt: Removing vector 19 of norm 0.0
18:07 gram_schmidt: Removing vector 20 of norm 0.0
18:07 gram_schmidt: Removing vector 21 of norm 0.0
18:07 gram_schmidt: Removing vector 22 of norm 0.0
18:07 gram_schmidt: Removing vector 23 of norm 0.0
18:07 gram_schmidt: Removing vector 24 of norm 0.0
18:07 gram_schmidt: Removing vector 25 of norm 0.0
18:07 gram_schmidt: Removing vector 26 of norm 0.0
18:07 gram_schmidt: Removing vector 27 of norm 0.0
18:07 gram_schmidt: Removing vector 28 of norm 0.0
18:07 gram_schmidt: Removing vector 29 of norm 0.0
18:07 gram_schmidt: Removing vector 30 of norm 0.0
18:07 gram_schmidt: Removing vector 31 of norm 0.0
18:07 gram_schmidt: Removing vector 32 of norm 0.0
18:07 gram_schmidt: Removing vector 33 of norm 0.0
18:07 gram_schmidt: Removing vector 34 of norm 0.0
18:07 gram_schmidt: Removing vector 35 of norm 0.0
18:07 gram_schmidt: Removing vector 36 of norm 0.0
18:07 gram_schmidt: Removing vector 37 of norm 0.0
18:07 gram_schmidt: Removing vector 38 of norm 0.0
18:07 gram_schmidt: Removing vector 39 of norm 0.0
18:07 gram_schmidt: Removing vector 40 of norm 0.0
18:07 gram_schmidt: Removing vector 41 of norm 0.0
18:07 gram_schmidt: Removing vector 42 of norm 0.0
18:07 gram_schmidt: Removing vector 43 of norm 0.0
18:07 gram_schmidt: Removing vector 44 of norm 0.0
18:07 gram_schmidt: Removing vector 45 of norm 0.0
18:07 gram_schmidt: Removing vector 46 of norm 0.0
18:07 gram_schmidt: Removing vector 47 of norm 0.0
18:07 gram_schmidt: Removing vector 48 of norm 0.0
18:07 gram_schmidt: Removing vector 49 of norm 0.0
18:07 gram_schmidt: Removing vector 50 of norm 0.0
18:07 gram_schmidt: Removing vector 51 of norm 0.0
18:07 gram_schmidt: Removing vector 52 of norm 0.0
18:07 gram_schmidt: Removing vector 53 of norm 0.0
18:07 gram_schmidt: Removing vector 54 of norm 0.0
18:07 gram_schmidt: Removing vector 55 of norm 0.0
18:07 gram_schmidt: Removing vector 56 of norm 0.0
18:07 gram_schmidt: Removing vector 57 of norm 0.0
18:07 gram_schmidt: Removing vector 58 of norm 0.0
18:07 gram_schmidt: Removing vector 59 of norm 0.0
18:07 gram_schmidt: Removing vector 60 of norm 0.0
18:07 gram_schmidt: Removing vector 61 of norm 0.0
18:07 gram_schmidt: Removing vector 62 of norm 0.0
18:07 gram_schmidt: Removing vector 63 of norm 0.0
18:07 gram_schmidt: Removing vector 64 of norm 0.0
18:07 gram_schmidt: Removing vector 65 of norm 0.0
18:07 gram_schmidt: Removing vector 66 of norm 0.0
18:07 gram_schmidt: Removing vector 67 of norm 0.0
18:07 gram_schmidt: Removing vector 68 of norm 0.0
18:07 gram_schmidt: Removing vector 69 of norm 0.0
18:07 gram_schmidt: Removing vector 70 of norm 0.0
18:07 gram_schmidt: Removing vector 71 of norm 0.0
18:07 gram_schmidt: Removing vector 72 of norm 0.0
18:07 gram_schmidt: Removing vector 73 of norm 0.0
18:07 gram_schmidt: Removing vector 74 of norm 0.0
18:07 gram_schmidt: Removing vector 75 of norm 0.0
18:07 gram_schmidt: Removing vector 76 of norm 0.0
18:07 gram_schmidt: Removing vector 77 of norm 0.0
18:07 gram_schmidt: Removing vector 78 of norm 0.0
18:07 gram_schmidt: Removing vector 79 of norm 0.0
18:07 gram_schmidt: Removing vector 80 of norm 0.0
18:07 gram_schmidt: Removing vector 81 of norm 0.0
18:07 gram_schmidt: Removing vector 82 of norm 0.0
18:07 gram_schmidt: Removing vector 83 of norm 0.0
18:07 gram_schmidt: Removing vector 84 of norm 0.0
18:07 gram_schmidt: Removing vector 85 of norm 0.0
18:07 gram_schmidt: Removing vector 86 of norm 0.0
18:07 gram_schmidt: Removing vector 87 of norm 0.0
18:07 gram_schmidt: Removing vector 88 of norm 0.0
18:07 gram_schmidt: Removing vector 89 of norm 0.0
18:07 gram_schmidt: Removing vector 90 of norm 0.0
18:07 gram_schmidt: Removing vector 91 of norm 0.0
18:07 gram_schmidt: Removing vector 92 of norm 0.0
18:07 gram_schmidt: Removing vector 93 of norm 0.0
18:07 gram_schmidt: Removing vector 94 of norm 0.0
18:07 gram_schmidt: Removing vector 95 of norm 0.0
18:07 gram_schmidt: Removing vector 96 of norm 0.0
18:07 gram_schmidt: Removing vector 97 of norm 0.0
18:07 gram_schmidt: Removing vector 98 of norm 0.0
18:07 gram_schmidt: Removing vector 99 of norm 0.0
18:07 gram_schmidt: Removing vector 100 of norm 0.0
18:07 gram_schmidt: Removing vector 101 of norm 0.0
18:07 gram_schmidt: Removing vector 0 of norm 0.0
18:07 gram_schmidt: Removing vector 1 of norm 0.0
18:07 gram_schmidt: Removing vector 2 of norm 0.0
18:07 gram_schmidt: Removing vector 3 of norm 0.0
18:07 gram_schmidt: Removing vector 4 of norm 0.0
18:07 gram_schmidt: Removing vector 5 of norm 0.0
18:07 gram_schmidt: Removing vector 6 of norm 0.0
18:07 gram_schmidt: Removing vector 7 of norm 0.0
18:07 gram_schmidt: Removing vector 8 of norm 0.0
18:07 gram_schmidt: Removing vector 9 of norm 0.0
18:07 gram_schmidt: Removing vector 10 of norm 0.0
18:07 gram_schmidt: Removing vector 11 of norm 0.0
18:07 gram_schmidt: Removing vector 12 of norm 0.0
18:07 gram_schmidt: Removing vector 13 of norm 0.0
18:07 gram_schmidt: Removing vector 14 of norm 0.0
18:07 gram_schmidt: Removing vector 15 of norm 0.0
18:07 gram_schmidt: Removing vector 16 of norm 0.0
18:07 gram_schmidt: Removing vector 17 of norm 0.0
18:07 gram_schmidt: Removing vector 18 of norm 0.0
18:07 gram_schmidt: Removing vector 19 of norm 0.0
18:07 gram_schmidt: Removing vector 20 of norm 0.0
18:07 gram_schmidt: Removing vector 21 of norm 0.0
18:07 gram_schmidt: Removing vector 22 of norm 0.0
18:07 gram_schmidt: Removing vector 23 of norm 0.0
18:07 gram_schmidt: Removing vector 24 of norm 0.0
18:07 gram_schmidt: Removing vector 25 of norm 0.0
18:07 gram_schmidt: Removing vector 26 of norm 0.0
18:07 gram_schmidt: Removing vector 27 of norm 0.0
18:07 gram_schmidt: Removing vector 28 of norm 0.0
18:07 gram_schmidt: Removing vector 29 of norm 0.0
18:07 gram_schmidt: Removing vector 30 of norm 0.0
18:07 gram_schmidt: Removing vector 31 of norm 0.0
18:07 gram_schmidt: Removing vector 32 of norm 0.0
18:07 gram_schmidt: Removing vector 33 of norm 0.0
18:07 gram_schmidt: Removing vector 34 of norm 0.0
18:07 gram_schmidt: Removing vector 35 of norm 0.0
18:07 gram_schmidt: Removing vector 36 of norm 0.0
18:07 gram_schmidt: Removing vector 37 of norm 0.0
18:07 gram_schmidt: Removing vector 38 of norm 0.0
18:07 gram_schmidt: Removing vector 39 of norm 0.0
18:07 gram_schmidt: Removing vector 40 of norm 0.0
18:07 gram_schmidt: Removing vector 41 of norm 0.0
18:07 gram_schmidt: Removing vector 42 of norm 0.0
18:07 gram_schmidt: Removing vector 43 of norm 0.0
18:07 gram_schmidt: Removing vector 44 of norm 0.0
18:07 gram_schmidt: Removing vector 45 of norm 0.0
18:07 gram_schmidt: Removing vector 46 of norm 0.0
18:07 gram_schmidt: Removing vector 47 of norm 0.0
18:07 gram_schmidt: Removing vector 48 of norm 0.0
18:07 gram_schmidt: Removing vector 49 of norm 0.0
18:07 gram_schmidt: Removing vector 50 of norm 0.0
18:07 gram_schmidt: Removing vector 51 of norm 0.0
18:07 gram_schmidt: Removing vector 52 of norm 0.0
18:07 gram_schmidt: Removing vector 53 of norm 0.0
18:07 gram_schmidt: Removing vector 54 of norm 0.0
18:07 gram_schmidt: Removing vector 55 of norm 0.0
18:07 gram_schmidt: Removing vector 56 of norm 0.0
18:07 gram_schmidt: Removing vector 57 of norm 0.0
18:07 gram_schmidt: Removing vector 58 of norm 0.0
18:07 gram_schmidt: Removing vector 59 of norm 0.0
18:07 gram_schmidt: Removing vector 60 of norm 0.0
18:07 gram_schmidt: Removing vector 61 of norm 0.0
18:07 gram_schmidt: Removing vector 62 of norm 0.0
18:07 gram_schmidt: Removing vector 63 of norm 0.0
18:07 gram_schmidt: Removing vector 64 of norm 0.0
18:07 gram_schmidt: Removing vector 65 of norm 0.0
18:07 gram_schmidt: Removing vector 66 of norm 0.0
18:07 gram_schmidt: Removing vector 67 of norm 0.0
18:07 gram_schmidt: Removing vector 68 of norm 0.0
18:07 gram_schmidt: Removing vector 69 of norm 0.0
18:07 gram_schmidt: Removing vector 70 of norm 0.0
18:07 gram_schmidt: Removing vector 71 of norm 0.0
18:07 gram_schmidt: Removing vector 72 of norm 0.0
18:07 gram_schmidt: Removing vector 73 of norm 0.0
18:07 gram_schmidt: Removing vector 74 of norm 0.0
18:07 gram_schmidt: Removing vector 75 of norm 0.0
18:07 gram_schmidt: Removing vector 76 of norm 0.0
18:07 gram_schmidt: Removing vector 77 of norm 0.0
18:07 gram_schmidt: Removing vector 78 of norm 0.0
18:07 gram_schmidt: Removing vector 79 of norm 0.0
18:07 gram_schmidt: Removing vector 80 of norm 0.0
18:07 gram_schmidt: Removing vector 81 of norm 0.0
18:07 gram_schmidt: Removing vector 82 of norm 0.0
18:07 gram_schmidt: Removing vector 83 of norm 0.0
18:07 gram_schmidt: Removing vector 84 of norm 0.0
18:07 gram_schmidt: Removing vector 85 of norm 0.0
18:07 gram_schmidt: Removing vector 86 of norm 0.0
18:07 gram_schmidt: Removing vector 87 of norm 0.0
18:07 gram_schmidt: Removing vector 88 of norm 0.0
18:07 gram_schmidt: Removing vector 89 of norm 0.0
18:07 gram_schmidt: Removing vector 90 of norm 0.0
18:07 gram_schmidt: Removing vector 91 of norm 0.0
18:07 gram_schmidt: Removing vector 92 of norm 0.0
18:07 gram_schmidt: Removing vector 93 of norm 0.0
18:07 gram_schmidt: Removing vector 94 of norm 0.0
18:07 gram_schmidt: Removing vector 95 of norm 0.0
18:07 gram_schmidt: Removing vector 96 of norm 0.0
18:07 gram_schmidt: Removing vector 97 of norm 0.0
18:07 gram_schmidt: Removing vector 98 of norm 0.0
18:07 gram_schmidt: Removing vector 99 of norm 0.0
18:07 gram_schmidt: Removing vector 100 of norm 0.0
18:07 gram_schmidt: Removing vector 101 of norm 0.0
</system-err></testcase><testcase classname="src.pymortests.algorithms.gram_schmidt" file="src/pymortests/algorithms/gram_schmidt.py" line="26" name="test_gram_schmidt_with_R[1-&lt;lambda&gt;10]" time="0.0034112930297851562"></testcase><testcase classname="src.pymortests.algorithms.gram_schmidt" file="src/pymortests/algorithms/gram_schmidt.py" line="26" name="test_gram_schmidt_with_R[1-&lt;lambda&gt;11]" time="0.0063974857330322266"><system-err>18:07 gram_schmidt: Removing linearly dependent vector 3
18:07 gram_schmidt: Removing linearly dependent vector 3
</system-err></testcase><testcase classname="src.pymortests.algorithms.gram_schmidt" file="src/pymortests/algorithms/gram_schmidt.py" line="26" name="test_gram_schmidt_with_R[1-&lt;lambda&gt;12]" time="0.003818035125732422"><system-err>18:07 gram_schmidt: Removing vector 0 of norm 0.0
18:07 gram_schmidt: Removing vector 1 of norm 0.0
18:07 gram_schmidt: Removing vector 2 of norm 0.0
18:07 gram_schmidt: Removing vector 0 of norm 0.0
18:07 gram_schmidt: Removing vector 1 of norm 0.0
18:07 gram_schmidt: Removing vector 2 of norm 0.0
</system-err></testcase><testcase classname="src.pymortests.algorithms.gram_schmidt" file="src/pymortests/algorithms/gram_schmidt.py" line="26" name="test_gram_schmidt_with_R[1-&lt;lambda&gt;13]" time="0.002577066421508789"></testcase><testcase classname="src.pymortests.algorithms.gram_schmidt" file="src/pymortests/algorithms/gram_schmidt.py" line="26" name="test_gram_schmidt_with_R[1-&lt;lambda&gt;14]" time="0.004827260971069336"></testcase><testcase classname="src.pymortests.algorithms.gram_schmidt" file="src/pymortests/algorithms/gram_schmidt.py" line="26" name="test_gram_schmidt_with_R[1-&lt;lambda&gt;15]" time="0.3617544174194336"><system-err>18:07 gram_schmidt: Removing linearly dependent vector 36
18:07 gram_schmidt: Removing linearly dependent vector 37
18:07 gram_schmidt: Removing linearly dependent vector 38
18:07 gram_schmidt: Removing linearly dependent vector 39
18:07 gram_schmidt: Removing linearly dependent vector 40
18:07 gram_schmidt: Removing linearly dependent vector 41
18:07 gram_schmidt: Removing linearly dependent vector 42
18:07 gram_schmidt: Removing linearly dependent vector 36
18:07 gram_schmidt: Removing linearly dependent vector 37
18:08 gram_schmidt: Removing linearly dependent vector 38
18:08 gram_schmidt: Removing linearly dependent vector 39
18:08 gram_schmidt: Removing linearly dependent vector 40
18:08 gram_schmidt: Removing linearly dependent vector 41
18:08 gram_schmidt: Removing linearly dependent vector 42
</system-err></testcase><testcase classname="src.pymortests.algorithms.gram_schmidt" file="src/pymortests/algorithms/gram_schmidt.py" line="26" name="test_gram_schmidt_with_R[1-&lt;lambda&gt;16]" time="0.1761641502380371"><system-err>18:08 gram_schmidt: Removing linearly dependent vector 3
18:08 gram_schmidt: Removing linearly dependent vector 4
18:08 gram_schmidt: Removing linearly dependent vector 5
18:08 gram_schmidt: Removing linearly dependent vector 6
18:08 gram_schmidt: Removing linearly dependent vector 7
18:08 gram_schmidt: Removing linearly dependent vector 8
18:08 gram_schmidt: Removing linearly dependent vector 9
18:08 gram_schmidt: Removing linearly dependent vector 10
18:08 gram_schmidt: Removing linearly dependent vector 11
18:08 gram_schmidt: Removing linearly dependent vector 12
18:08 gram_schmidt: Removing linearly dependent vector 13
18:08 gram_schmidt: Removing linearly dependent vector 14
18:08 gram_schmidt: Removing linearly dependent vector 15
18:08 gram_schmidt: Removing linearly dependent vector 16
18:08 gram_schmidt: Removing linearly dependent vector 17
18:08 gram_schmidt: Removing linearly dependent vector 18
18:08 gram_schmidt: Removing linearly dependent vector 19
18:08 gram_schmidt: Removing linearly dependent vector 20
18:08 gram_schmidt: Removing linearly dependent vector 21
18:08 gram_schmidt: Removing linearly dependent vector 22
18:08 gram_schmidt: Removing linearly dependent vector 23
18:08 gram_schmidt: Removing linearly dependent vector 24
18:08 gram_schmidt: Removing linearly dependent vector 25
18:08 gram_schmidt: Removing linearly dependent vector 26
18:08 gram_schmidt: Removing linearly dependent vector 27
18:08 gram_schmidt: Removing linearly dependent vector 28
18:08 gram_schmidt: Removing linearly dependent vector 29
18:08 gram_schmidt: Removing linearly dependent vector 30
18:08 gram_schmidt: Removing linearly dependent vector 31
18:08 gram_schmidt: Removing linearly dependent vector 32
18:08 gram_schmidt: Removing linearly dependent vector 33
18:08 gram_schmidt: Removing linearly dependent vector 34
18:08 gram_schmidt: Removing linearly dependent vector 35
18:08 gram_schmidt: Removing linearly dependent vector 36
18:08 gram_schmidt: Removing linearly dependent vector 37
18:08 gram_schmidt: Removing linearly dependent vector 38
18:08 gram_schmidt: Removing linearly dependent vector 39
18:08 gram_schmidt: Removing linearly dependent vector 40
18:08 gram_schmidt: Removing linearly dependent vector 41
18:08 gram_schmidt: Removing linearly dependent vector 42
18:08 gram_schmidt: Removing linearly dependent vector 43
18:08 gram_schmidt: Removing linearly dependent vector 44
18:08 gram_schmidt: Removing linearly dependent vector 45
18:08 gram_schmidt: Removing linearly dependent vector 46
18:08 gram_schmidt: Removing linearly dependent vector 47
18:08 gram_schmidt: Removing linearly dependent vector 48
18:08 gram_schmidt: Removing linearly dependent vector 49
18:08 gram_schmidt: Removing linearly dependent vector 50
18:08 gram_schmidt: Removing linearly dependent vector 51
18:08 gram_schmidt: Removing linearly dependent vector 52
18:08 gram_schmidt: Removing linearly dependent vector 53
18:08 gram_schmidt: Removing linearly dependent vector 54
18:08 gram_schmidt: Removing linearly dependent vector 55
18:08 gram_schmidt: Removing linearly dependent vector 56
18:08 gram_schmidt: Removing linearly dependent vector 57
18:08 gram_schmidt: Removing linearly dependent vector 58
18:08 gram_schmidt: Removing linearly dependent vector 59
18:08 gram_schmidt: Removing linearly dependent vector 60
18:08 gram_schmidt: Removing linearly dependent vector 61
18:08 gram_schmidt: Removing linearly dependent vector 62
18:08 gram_schmidt: Removing linearly dependent vector 63
18:08 gram_schmidt: Removing linearly dependent vector 64
18:08 gram_schmidt: Removing linearly dependent vector 65
18:08 gram_schmidt: Removing linearly dependent vector 66
18:08 gram_schmidt: Removing linearly dependent vector 67
18:08 gram_schmidt: Removing linearly dependent vector 68
18:08 gram_schmidt: Removing linearly dependent vector 69
18:08 gram_schmidt: Removing linearly dependent vector 70
18:08 gram_schmidt: Removing linearly dependent vector 71
18:08 gram_schmidt: Removing linearly dependent vector 72
18:08 gram_schmidt: Removing linearly dependent vector 73
18:08 gram_schmidt: Removing linearly dependent vector 74
18:08 gram_schmidt: Removing linearly dependent vector 75
18:08 gram_schmidt: Removing linearly dependent vector 76
18:08 gram_schmidt: Removing linearly dependent vector 77
18:08 gram_schmidt: Removing linearly dependent vector 78
18:08 gram_schmidt: Removing linearly dependent vector 79
18:08 gram_schmidt: Removing linearly dependent vector 80
18:08 gram_schmidt: Removing linearly dependent vector 81
18:08 gram_schmidt: Removing linearly dependent vector 82
18:08 gram_schmidt: Removing linearly dependent vector 83
18:08 gram_schmidt: Removing linearly dependent vector 84
18:08 gram_schmidt: Removing linearly dependent vector 85
18:08 gram_schmidt: Removing linearly dependent vector 86
18:08 gram_schmidt: Removing linearly dependent vector 87
18:08 gram_schmidt: Removing linearly dependent vector 88
18:08 gram_schmidt: Removing linearly dependent vector 89
18:08 gram_schmidt: Removing linearly dependent vector 90
18:08 gram_schmidt: Removing linearly dependent vector 91
18:08 gram_schmidt: Removing linearly dependent vector 92
18:08 gram_schmidt: Removing linearly dependent vector 93
18:08 gram_schmidt: Removing linearly dependent vector 94
18:08 gram_schmidt: Removing linearly dependent vector 95
18:08 gram_schmidt: Removing linearly dependent vector 96
18:08 gram_schmidt: Removing linearly dependent vector 97
18:08 gram_schmidt: Removing linearly dependent vector 98
18:08 gram_schmidt: Removing linearly dependent vector 99
18:08 gram_schmidt: Removing linearly dependent vector 100
18:08 gram_schmidt: Removing linearly dependent vector 101
18:08 gram_schmidt: Removing linearly dependent vector 3
18:08 gram_schmidt: Removing linearly dependent vector 4
18:08 gram_schmidt: Removing linearly dependent vector 5
18:08 gram_schmidt: Removing linearly dependent vector 6
18:08 gram_schmidt: Removing linearly dependent vector 7
18:08 gram_schmidt: Removing linearly dependent vector 8
18:08 gram_schmidt: Removing linearly dependent vector 9
18:08 gram_schmidt: Removing linearly dependent vector 10
18:08 gram_schmidt: Removing linearly dependent vector 11
18:08 gram_schmidt: Removing linearly dependent vector 12
18:08 gram_schmidt: Removing linearly dependent vector 13
18:08 gram_schmidt: Removing linearly dependent vector 14
18:08 gram_schmidt: Removing linearly dependent vector 15
18:08 gram_schmidt: Removing linearly dependent vector 16
18:08 gram_schmidt: Removing linearly dependent vector 17
18:08 gram_schmidt: Removing linearly dependent vector 18
18:08 gram_schmidt: Removing linearly dependent vector 19
18:08 gram_schmidt: Removing linearly dependent vector 20
18:08 gram_schmidt: Removing linearly dependent vector 21
18:08 gram_schmidt: Removing linearly dependent vector 22
18:08 gram_schmidt: Removing linearly dependent vector 23
18:08 gram_schmidt: Removing linearly dependent vector 24
18:08 gram_schmidt: Removing linearly dependent vector 25
18:08 gram_schmidt: Removing linearly dependent vector 26
18:08 gram_schmidt: Removing linearly dependent vector 27
18:08 gram_schmidt: Removing linearly dependent vector 28
18:08 gram_schmidt: Removing linearly dependent vector 29
18:08 gram_schmidt: Removing linearly dependent vector 30
18:08 gram_schmidt: Removing linearly dependent vector 31
18:08 gram_schmidt: Removing linearly dependent vector 32
18:08 gram_schmidt: Removing linearly dependent vector 33
18:08 gram_schmidt: Removing linearly dependent vector 34
18:08 gram_schmidt: Removing linearly dependent vector 35
18:08 gram_schmidt: Removing linearly dependent vector 36
18:08 gram_schmidt: Removing linearly dependent vector 37
18:08 gram_schmidt: Removing linearly dependent vector 38
18:08 gram_schmidt: Removing linearly dependent vector 39
18:08 gram_schmidt: Removing linearly dependent vector 40
18:08 gram_schmidt: Removing linearly dependent vector 41
18:08 gram_schmidt: Removing linearly dependent vector 42
18:08 gram_schmidt: Removing linearly dependent vector 43
18:08 gram_schmidt: Removing linearly dependent vector 44
18:08 gram_schmidt: Removing linearly dependent vector 45
18:08 gram_schmidt: Removing linearly dependent vector 46
18:08 gram_schmidt: Removing linearly dependent vector 47
18:08 gram_schmidt: Removing linearly dependent vector 48
18:08 gram_schmidt: Removing linearly dependent vector 49
18:08 gram_schmidt: Removing linearly dependent vector 50
18:08 gram_schmidt: Removing linearly dependent vector 51
18:08 gram_schmidt: Removing linearly dependent vector 52
18:08 gram_schmidt: Removing linearly dependent vector 53
18:08 gram_schmidt: Removing linearly dependent vector 54
18:08 gram_schmidt: Removing linearly dependent vector 55
18:08 gram_schmidt: Removing linearly dependent vector 56
18:08 gram_schmidt: Removing linearly dependent vector 57
18:08 gram_schmidt: Removing linearly dependent vector 58
18:08 gram_schmidt: Removing linearly dependent vector 59
18:08 gram_schmidt: Removing linearly dependent vector 60
18:08 gram_schmidt: Removing linearly dependent vector 61
18:08 gram_schmidt: Removing linearly dependent vector 62
18:08 gram_schmidt: Removing linearly dependent vector 63
18:08 gram_schmidt: Removing linearly dependent vector 64
18:08 gram_schmidt: Removing linearly dependent vector 65
18:08 gram_schmidt: Removing linearly dependent vector 66
18:08 gram_schmidt: Removing linearly dependent vector 67
18:08 gram_schmidt: Removing linearly dependent vector 68
18:08 gram_schmidt: Removing linearly dependent vector 69
18:08 gram_schmidt: Removing linearly dependent vector 70
18:08 gram_schmidt: Removing linearly dependent vector 71
18:08 gram_schmidt: Removing linearly dependent vector 72
18:08 gram_schmidt: Removing linearly dependent vector 73
18:08 gram_schmidt: Removing linearly dependent vector 74
18:08 gram_schmidt: Removing linearly dependent vector 75
18:08 gram_schmidt: Removing linearly dependent vector 76
18:08 gram_schmidt: Removing linearly dependent vector 77
18:08 gram_schmidt: Removing linearly dependent vector 78
18:08 gram_schmidt: Removing linearly dependent vector 79
18:08 gram_schmidt: Removing linearly dependent vector 80
18:08 gram_schmidt: Removing linearly dependent vector 81
18:08 gram_schmidt: Removing linearly dependent vector 82
18:08 gram_schmidt: Removing linearly dependent vector 83
18:08 gram_schmidt: Removing linearly dependent vector 84
18:08 gram_schmidt: Removing linearly dependent vector 85
18:08 gram_schmidt: Removing linearly dependent vector 86
18:08 gram_schmidt: Removing linearly dependent vector 87
18:08 gram_schmidt: Removing linearly dependent vector 88
18:08 gram_schmidt: Removing linearly dependent vector 89
18:08 gram_schmidt: Removing linearly dependent vector 90
18:08 gram_schmidt: Removing linearly dependent vector 91
18:08 gram_schmidt: Removing linearly dependent vector 92
18:08 gram_schmidt: Removing linearly dependent vector 93
18:08 gram_schmidt: Removing linearly dependent vector 94
18:08 gram_schmidt: Removing linearly dependent vector 95
18:08 gram_schmidt: Removing linearly dependent vector 96
18:08 gram_schmidt: Removing linearly dependent vector 97
18:08 gram_schmidt: Removing linearly dependent vector 98
18:08 gram_schmidt: Removing linearly dependent vector 99
18:08 gram_schmidt: Removing linearly dependent vector 100
18:08 gram_schmidt: Removing linearly dependent vector 101
</system-err></testcase><testcase classname="src.pymortests.algorithms.gram_schmidt" file="src/pymortests/algorithms/gram_schmidt.py" line="26" name="test_gram_schmidt_with_R[1-&lt;lambda&gt;17]" time="0.0031349658966064453"></testcase><testcase classname="src.pymortests.algorithms.gram_schmidt" file="src/pymortests/algorithms/gram_schmidt.py" line="26" name="test_gram_schmidt_with_R[1-&lt;lambda&gt;18]" time="0.002180337905883789"></testcase><testcase classname="src.pymortests.algorithms.gram_schmidt" file="src/pymortests/algorithms/gram_schmidt.py" line="26" name="test_gram_schmidt_with_R[1-&lt;lambda&gt;19]" time="0.005131721496582031"></testcase><testcase classname="src.pymortests.algorithms.gram_schmidt" file="src/pymortests/algorithms/gram_schmidt.py" line="26" name="test_gram_schmidt_with_R[1-&lt;lambda&gt;20]" time="0.2960984706878662"></testcase><testcase classname="src.pymortests.algorithms.gram_schmidt" file="src/pymortests/algorithms/gram_schmidt.py" line="26" name="test_gram_schmidt_with_R[1-&lt;lambda&gt;21]" time="1.5684454441070557"></testcase><testcase classname="src.pymortests.algorithms.gram_schmidt" file="src/pymortests/algorithms/gram_schmidt.py" line="26" name="test_gram_schmidt_with_R[1-&lt;lambda&gt;22]" time="0.0027327537536621094"></testcase><testcase classname="src.pymortests.algorithms.gram_schmidt" file="src/pymortests/algorithms/gram_schmidt.py" line="26" name="test_gram_schmidt_with_R[1-&lt;lambda&gt;23]" time="0.002566099166870117"></testcase><testcase classname="src.pymortests.algorithms.gram_schmidt" file="src/pymortests/algorithms/gram_schmidt.py" line="26" name="test_gram_schmidt_with_R[1-&lt;lambda&gt;24]" time="0.008685588836669922"></testcase><testcase classname="src.pymortests.algorithms.gram_schmidt" file="src/pymortests/algorithms/gram_schmidt.py" line="26" name="test_gram_schmidt_with_R[1-&lt;lambda&gt;25]" time="0.45138978958129883"><system-err>18:10 gram_schmidt: Orthonormalizing vector 31 again
18:10 gram_schmidt: Removing linearly dependent vector 32
18:10 gram_schmidt: Removing linearly dependent vector 33
18:10 gram_schmidt: Removing linearly dependent vector 34
18:10 gram_schmidt: Removing linearly dependent vector 35
18:10 gram_schmidt: Removing linearly dependent vector 36
18:10 gram_schmidt: Removing linearly dependent vector 37
18:10 gram_schmidt: Removing linearly dependent vector 38
18:10 gram_schmidt: Removing linearly dependent vector 39
18:10 gram_schmidt: Removing linearly dependent vector 40
18:10 gram_schmidt: Removing linearly dependent vector 41
18:10 gram_schmidt: Removing linearly dependent vector 42
18:10 gram_schmidt: Orthonormalizing vector 31 again
18:10 gram_schmidt: Removing linearly dependent vector 32
18:10 gram_schmidt: Removing linearly dependent vector 33
18:10 gram_schmidt: Removing linearly dependent vector 34
18:10 gram_schmidt: Removing linearly dependent vector 35
18:10 gram_schmidt: Removing linearly dependent vector 36
18:10 gram_schmidt: Removing linearly dependent vector 37
18:10 gram_schmidt: Removing linearly dependent vector 38
18:10 gram_schmidt: Removing linearly dependent vector 39
18:10 gram_schmidt: Removing linearly dependent vector 40
18:10 gram_schmidt: Removing linearly dependent vector 41
18:10 gram_schmidt: Removing linearly dependent vector 42
</system-err></testcase><testcase classname="src.pymortests.algorithms.gram_schmidt" file="src/pymortests/algorithms/gram_schmidt.py" line="26" name="test_gram_schmidt_with_R[1-&lt;lambda&gt;26]" time="0.330533504486084"><system-err>18:10 gram_schmidt: Removing vector 0 of norm 0.0
18:10 gram_schmidt: Removing vector 1 of norm 0.0
18:10 gram_schmidt: Removing vector 2 of norm 0.0
18:10 gram_schmidt: Removing vector 3 of norm 0.0
18:10 gram_schmidt: Removing vector 4 of norm 0.0
18:10 gram_schmidt: Removing vector 5 of norm 0.0
18:10 gram_schmidt: Removing vector 6 of norm 0.0
18:10 gram_schmidt: Removing vector 7 of norm 0.0
18:10 gram_schmidt: Removing vector 8 of norm 0.0
18:10 gram_schmidt: Removing vector 9 of norm 0.0
18:10 gram_schmidt: Removing vector 10 of norm 0.0
18:10 gram_schmidt: Removing vector 11 of norm 0.0
18:10 gram_schmidt: Removing vector 12 of norm 0.0
18:10 gram_schmidt: Removing vector 13 of norm 0.0
18:10 gram_schmidt: Removing vector 14 of norm 0.0
18:10 gram_schmidt: Removing vector 15 of norm 0.0
18:10 gram_schmidt: Removing vector 16 of norm 0.0
18:10 gram_schmidt: Removing vector 17 of norm 0.0
18:10 gram_schmidt: Removing vector 18 of norm 0.0
18:10 gram_schmidt: Removing vector 19 of norm 0.0
18:10 gram_schmidt: Removing vector 20 of norm 0.0
18:10 gram_schmidt: Removing vector 21 of norm 0.0
18:10 gram_schmidt: Removing vector 22 of norm 0.0
18:10 gram_schmidt: Removing vector 23 of norm 0.0
18:10 gram_schmidt: Removing vector 24 of norm 0.0
18:10 gram_schmidt: Removing vector 25 of norm 0.0
18:10 gram_schmidt: Removing vector 26 of norm 0.0
18:10 gram_schmidt: Removing vector 27 of norm 0.0
18:10 gram_schmidt: Removing vector 28 of norm 0.0
18:10 gram_schmidt: Removing vector 29 of norm 0.0
18:10 gram_schmidt: Removing vector 30 of norm 0.0
18:10 gram_schmidt: Removing vector 31 of norm 0.0
18:10 gram_schmidt: Removing vector 32 of norm 0.0
18:10 gram_schmidt: Removing vector 33 of norm 0.0
18:10 gram_schmidt: Removing vector 34 of norm 0.0
18:10 gram_schmidt: Removing vector 35 of norm 0.0
18:10 gram_schmidt: Removing vector 36 of norm 0.0
18:10 gram_schmidt: Removing vector 37 of norm 0.0
18:10 gram_schmidt: Removing vector 38 of norm 0.0
18:10 gram_schmidt: Removing vector 39 of norm 0.0
18:10 gram_schmidt: Removing vector 40 of norm 0.0
18:10 gram_schmidt: Removing vector 41 of norm 0.0
18:10 gram_schmidt: Removing vector 42 of norm 0.0
18:10 gram_schmidt: Removing vector 43 of norm 0.0
18:10 gram_schmidt: Removing vector 44 of norm 0.0
18:10 gram_schmidt: Removing vector 45 of norm 0.0
18:10 gram_schmidt: Removing vector 46 of norm 0.0
18:10 gram_schmidt: Removing vector 47 of norm 0.0
18:10 gram_schmidt: Removing vector 48 of norm 0.0
18:10 gram_schmidt: Removing vector 49 of norm 0.0
18:10 gram_schmidt: Removing vector 50 of norm 0.0
18:10 gram_schmidt: Removing vector 51 of norm 0.0
18:10 gram_schmidt: Removing vector 52 of norm 0.0
18:10 gram_schmidt: Removing vector 53 of norm 0.0
18:10 gram_schmidt: Removing vector 54 of norm 0.0
18:10 gram_schmidt: Removing vector 55 of norm 0.0
18:10 gram_schmidt: Removing vector 56 of norm 0.0
18:10 gram_schmidt: Removing vector 57 of norm 0.0
18:10 gram_schmidt: Removing vector 58 of norm 0.0
18:10 gram_schmidt: Removing vector 59 of norm 0.0
18:10 gram_schmidt: Removing vector 60 of norm 0.0
18:10 gram_schmidt: Removing vector 61 of norm 0.0
18:10 gram_schmidt: Removing vector 62 of norm 0.0
18:10 gram_schmidt: Removing vector 63 of norm 0.0
18:10 gram_schmidt: Removing vector 64 of norm 0.0
18:10 gram_schmidt: Removing vector 65 of norm 0.0
18:10 gram_schmidt: Removing vector 66 of norm 0.0
18:10 gram_schmidt: Removing vector 67 of norm 0.0
18:10 gram_schmidt: Removing vector 68 of norm 0.0
18:10 gram_schmidt: Removing vector 69 of norm 0.0
18:10 gram_schmidt: Removing vector 70 of norm 0.0
18:10 gram_schmidt: Removing vector 71 of norm 0.0
18:10 gram_schmidt: Removing vector 72 of norm 0.0
18:10 gram_schmidt: Removing vector 73 of norm 0.0
18:10 gram_schmidt: Removing vector 74 of norm 0.0
18:10 gram_schmidt: Removing vector 75 of norm 0.0
18:10 gram_schmidt: Removing vector 76 of norm 0.0
18:10 gram_schmidt: Removing vector 77 of norm 0.0
18:10 gram_schmidt: Removing vector 78 of norm 0.0
18:10 gram_schmidt: Removing vector 79 of norm 0.0
18:10 gram_schmidt: Removing vector 80 of norm 0.0
18:10 gram_schmidt: Removing vector 81 of norm 0.0
18:10 gram_schmidt: Removing vector 82 of norm 0.0
18:10 gram_schmidt: Removing vector 83 of norm 0.0
18:10 gram_schmidt: Removing vector 84 of norm 0.0
18:10 gram_schmidt: Removing vector 85 of norm 0.0
18:10 gram_schmidt: Removing vector 86 of norm 0.0
18:10 gram_schmidt: Removing vector 87 of norm 0.0
18:10 gram_schmidt: Removing vector 88 of norm 0.0
18:10 gram_schmidt: Removing vector 89 of norm 0.0
18:10 gram_schmidt: Removing vector 90 of norm 0.0
18:10 gram_schmidt: Removing vector 91 of norm 0.0
18:10 gram_schmidt: Removing vector 92 of norm 0.0
18:10 gram_schmidt: Removing vector 93 of norm 0.0
18:10 gram_schmidt: Removing vector 94 of norm 0.0
18:10 gram_schmidt: Removing vector 95 of norm 0.0
18:10 gram_schmidt: Removing vector 96 of norm 0.0
18:10 gram_schmidt: Removing vector 97 of norm 0.0
18:10 gram_schmidt: Removing vector 98 of norm 0.0
18:10 gram_schmidt: Removing vector 99 of norm 0.0
18:10 gram_schmidt: Removing vector 100 of norm 0.0
18:10 gram_schmidt: Removing vector 101 of norm 0.0
18:10 gram_schmidt: Removing vector 0 of norm 0.0
18:10 gram_schmidt: Removing vector 1 of norm 0.0
18:10 gram_schmidt: Removing vector 2 of norm 0.0
18:10 gram_schmidt: Removing vector 3 of norm 0.0
18:10 gram_schmidt: Removing vector 4 of norm 0.0
18:10 gram_schmidt: Removing vector 5 of norm 0.0
18:10 gram_schmidt: Removing vector 6 of norm 0.0
18:10 gram_schmidt: Removing vector 7 of norm 0.0
18:10 gram_schmidt: Removing vector 8 of norm 0.0
18:10 gram_schmidt: Removing vector 9 of norm 0.0
18:10 gram_schmidt: Removing vector 10 of norm 0.0
18:10 gram_schmidt: Removing vector 11 of norm 0.0
18:10 gram_schmidt: Removing vector 12 of norm 0.0
18:10 gram_schmidt: Removing vector 13 of norm 0.0
18:10 gram_schmidt: Removing vector 14 of norm 0.0
18:10 gram_schmidt: Removing vector 15 of norm 0.0
18:10 gram_schmidt: Removing vector 16 of norm 0.0
18:10 gram_schmidt: Removing vector 17 of norm 0.0
18:10 gram_schmidt: Removing vector 18 of norm 0.0
18:10 gram_schmidt: Removing vector 19 of norm 0.0
18:10 gram_schmidt: Removing vector 20 of norm 0.0
18:10 gram_schmidt: Removing vector 21 of norm 0.0
18:10 gram_schmidt: Removing vector 22 of norm 0.0
18:10 gram_schmidt: Removing vector 23 of norm 0.0
18:10 gram_schmidt: Removing vector 24 of norm 0.0
18:10 gram_schmidt: Removing vector 25 of norm 0.0
18:10 gram_schmidt: Removing vector 26 of norm 0.0
18:10 gram_schmidt: Removing vector 27 of norm 0.0
18:10 gram_schmidt: Removing vector 28 of norm 0.0
18:10 gram_schmidt: Removing vector 29 of norm 0.0
18:10 gram_schmidt: Removing vector 30 of norm 0.0
18:10 gram_schmidt: Removing vector 31 of norm 0.0
18:10 gram_schmidt: Removing vector 32 of norm 0.0
18:10 gram_schmidt: Removing vector 33 of norm 0.0
18:10 gram_schmidt: Removing vector 34 of norm 0.0
18:10 gram_schmidt: Removing vector 35 of norm 0.0
18:10 gram_schmidt: Removing vector 36 of norm 0.0
18:10 gram_schmidt: Removing vector 37 of norm 0.0
18:10 gram_schmidt: Removing vector 38 of norm 0.0
18:10 gram_schmidt: Removing vector 39 of norm 0.0
18:10 gram_schmidt: Removing vector 40 of norm 0.0
18:10 gram_schmidt: Removing vector 41 of norm 0.0
18:10 gram_schmidt: Removing vector 42 of norm 0.0
18:10 gram_schmidt: Removing vector 43 of norm 0.0
18:10 gram_schmidt: Removing vector 44 of norm 0.0
18:10 gram_schmidt: Removing vector 45 of norm 0.0
18:10 gram_schmidt: Removing vector 46 of norm 0.0
18:10 gram_schmidt: Removing vector 47 of norm 0.0
18:10 gram_schmidt: Removing vector 48 of norm 0.0
18:10 gram_schmidt: Removing vector 49 of norm 0.0
18:10 gram_schmidt: Removing vector 50 of norm 0.0
18:10 gram_schmidt: Removing vector 51 of norm 0.0
18:10 gram_schmidt: Removing vector 52 of norm 0.0
18:10 gram_schmidt: Removing vector 53 of norm 0.0
18:10 gram_schmidt: Removing vector 54 of norm 0.0
18:10 gram_schmidt: Removing vector 55 of norm 0.0
18:10 gram_schmidt: Removing vector 56 of norm 0.0
18:10 gram_schmidt: Removing vector 57 of norm 0.0
18:10 gram_schmidt: Removing vector 58 of norm 0.0
18:10 gram_schmidt: Removing vector 59 of norm 0.0
18:10 gram_schmidt: Removing vector 60 of norm 0.0
18:10 gram_schmidt: Removing vector 61 of norm 0.0
18:10 gram_schmidt: Removing vector 62 of norm 0.0
18:10 gram_schmidt: Removing vector 63 of norm 0.0
18:10 gram_schmidt: Removing vector 64 of norm 0.0
18:10 gram_schmidt: Removing vector 65 of norm 0.0
18:10 gram_schmidt: Removing vector 66 of norm 0.0
18:10 gram_schmidt: Removing vector 67 of norm 0.0
18:10 gram_schmidt: Removing vector 68 of norm 0.0
18:10 gram_schmidt: Removing vector 69 of norm 0.0
18:10 gram_schmidt: Removing vector 70 of norm 0.0
18:10 gram_schmidt: Removing vector 71 of norm 0.0
18:10 gram_schmidt: Removing vector 72 of norm 0.0
18:10 gram_schmidt: Removing vector 73 of norm 0.0
18:10 gram_schmidt: Removing vector 74 of norm 0.0
18:10 gram_schmidt: Removing vector 75 of norm 0.0
18:10 gram_schmidt: Removing vector 76 of norm 0.0
18:10 gram_schmidt: Removing vector 77 of norm 0.0
18:10 gram_schmidt: Removing vector 78 of norm 0.0
18:10 gram_schmidt: Removing vector 79 of norm 0.0
18:10 gram_schmidt: Removing vector 80 of norm 0.0
18:10 gram_schmidt: Removing vector 81 of norm 0.0
18:10 gram_schmidt: Removing vector 82 of norm 0.0
18:10 gram_schmidt: Removing vector 83 of norm 0.0
18:10 gram_schmidt: Removing vector 84 of norm 0.0
18:10 gram_schmidt: Removing vector 85 of norm 0.0
18:10 gram_schmidt: Removing vector 86 of norm 0.0
18:10 gram_schmidt: Removing vector 87 of norm 0.0
18:10 gram_schmidt: Removing vector 88 of norm 0.0
18:10 gram_schmidt: Removing vector 89 of norm 0.0
18:10 gram_schmidt: Removing vector 90 of norm 0.0
18:10 gram_schmidt: Removing vector 91 of norm 0.0
18:10 gram_schmidt: Removing vector 92 of norm 0.0
18:10 gram_schmidt: Removing vector 93 of norm 0.0
18:10 gram_schmidt: Removing vector 94 of norm 0.0
18:10 gram_schmidt: Removing vector 95 of norm 0.0
18:10 gram_schmidt: Removing vector 96 of norm 0.0
18:10 gram_schmidt: Removing vector 97 of norm 0.0
18:10 gram_schmidt: Removing vector 98 of norm 0.0
18:10 gram_schmidt: Removing vector 99 of norm 0.0
18:10 gram_schmidt: Removing vector 100 of norm 0.0
18:10 gram_schmidt: Removing vector 101 of norm 0.0
</system-err></testcase><testcase classname="src.pymortests.algorithms.gram_schmidt" file="src/pymortests/algorithms/gram_schmidt.py" line="26" name="test_gram_schmidt_with_R[2-&lt;lambda&gt;0]" time="0.002752542495727539"></testcase><testcase classname="src.pymortests.algorithms.gram_schmidt" file="src/pymortests/algorithms/gram_schmidt.py" line="26" name="test_gram_schmidt_with_R[2-&lt;lambda&gt;1]" time="0.0018773078918457031"></testcase><testcase classname="src.pymortests.algorithms.gram_schmidt" file="src/pymortests/algorithms/gram_schmidt.py" line="26" name="test_gram_schmidt_with_R[2-&lt;lambda&gt;2]" time="0.0021104812622070312"></testcase><testcase classname="src.pymortests.algorithms.gram_schmidt" file="src/pymortests/algorithms/gram_schmidt.py" line="26" name="test_gram_schmidt_with_R[2-&lt;lambda&gt;3]" time="0.09902000427246094"><system-err>18:10 gram_schmidt: Orthonormalizing vector 31 again
18:10 gram_schmidt: Removing linearly dependent vector 32
18:10 gram_schmidt: Removing linearly dependent vector 33
18:10 gram_schmidt: Removing linearly dependent vector 34
18:10 gram_schmidt: Removing linearly dependent vector 35
18:10 gram_schmidt: Removing linearly dependent vector 36
18:10 gram_schmidt: Removing linearly dependent vector 37
18:10 gram_schmidt: Removing linearly dependent vector 38
18:10 gram_schmidt: Removing linearly dependent vector 39
18:10 gram_schmidt: Removing linearly dependent vector 40
18:10 gram_schmidt: Removing linearly dependent vector 41
18:10 gram_schmidt: Removing linearly dependent vector 42
18:10 gram_schmidt: Orthonormalizing vector 31 again
18:10 gram_schmidt: Removing linearly dependent vector 32
18:10 gram_schmidt: Removing linearly dependent vector 33
18:10 gram_schmidt: Removing linearly dependent vector 34
18:11 gram_schmidt: Removing linearly dependent vector 35
18:11 gram_schmidt: Removing linearly dependent vector 36
18:11 gram_schmidt: Removing linearly dependent vector 37
18:11 gram_schmidt: Removing linearly dependent vector 38
18:11 gram_schmidt: Removing linearly dependent vector 39
18:11 gram_schmidt: Removing linearly dependent vector 40
18:11 gram_schmidt: Removing linearly dependent vector 41
18:11 gram_schmidt: Removing linearly dependent vector 42
</system-err></testcase><testcase classname="src.pymortests.algorithms.gram_schmidt" file="src/pymortests/algorithms/gram_schmidt.py" line="26" name="test_gram_schmidt_with_R[2-&lt;lambda&gt;4]" time="0.020763635635375977"><system-err>18:11 gram_schmidt: Removing vector 0 of norm 0.0
18:11 gram_schmidt: Removing vector 1 of norm 0.0
18:11 gram_schmidt: Removing vector 2 of norm 0.0
18:11 gram_schmidt: Removing vector 3 of norm 0.0
18:11 gram_schmidt: Removing vector 4 of norm 0.0
18:11 gram_schmidt: Removing vector 5 of norm 0.0
18:11 gram_schmidt: Removing vector 6 of norm 0.0
18:11 gram_schmidt: Removing vector 7 of norm 0.0
18:11 gram_schmidt: Removing vector 8 of norm 0.0
18:11 gram_schmidt: Removing vector 9 of norm 0.0
18:11 gram_schmidt: Removing vector 10 of norm 0.0
18:11 gram_schmidt: Removing vector 11 of norm 0.0
18:11 gram_schmidt: Removing vector 12 of norm 0.0
18:11 gram_schmidt: Removing vector 13 of norm 0.0
18:11 gram_schmidt: Removing vector 14 of norm 0.0
18:11 gram_schmidt: Removing vector 15 of norm 0.0
18:11 gram_schmidt: Removing vector 16 of norm 0.0
18:11 gram_schmidt: Removing vector 17 of norm 0.0
18:11 gram_schmidt: Removing vector 18 of norm 0.0
18:11 gram_schmidt: Removing vector 19 of norm 0.0
18:11 gram_schmidt: Removing vector 20 of norm 0.0
18:11 gram_schmidt: Removing vector 21 of norm 0.0
18:11 gram_schmidt: Removing vector 22 of norm 0.0
18:11 gram_schmidt: Removing vector 23 of norm 0.0
18:11 gram_schmidt: Removing vector 24 of norm 0.0
18:11 gram_schmidt: Removing vector 25 of norm 0.0
18:11 gram_schmidt: Removing vector 26 of norm 0.0
18:11 gram_schmidt: Removing vector 27 of norm 0.0
18:11 gram_schmidt: Removing vector 28 of norm 0.0
18:11 gram_schmidt: Removing vector 29 of norm 0.0
18:11 gram_schmidt: Removing vector 30 of norm 0.0
18:11 gram_schmidt: Removing vector 31 of norm 0.0
18:11 gram_schmidt: Removing vector 32 of norm 0.0
18:11 gram_schmidt: Removing vector 33 of norm 0.0
18:11 gram_schmidt: Removing vector 34 of norm 0.0
18:11 gram_schmidt: Removing vector 35 of norm 0.0
18:11 gram_schmidt: Removing vector 36 of norm 0.0
18:11 gram_schmidt: Removing vector 37 of norm 0.0
18:11 gram_schmidt: Removing vector 38 of norm 0.0
18:11 gram_schmidt: Removing vector 39 of norm 0.0
18:11 gram_schmidt: Removing vector 40 of norm 0.0
18:11 gram_schmidt: Removing vector 41 of norm 0.0
18:11 gram_schmidt: Removing vector 42 of norm 0.0
18:11 gram_schmidt: Removing vector 43 of norm 0.0
18:11 gram_schmidt: Removing vector 44 of norm 0.0
18:11 gram_schmidt: Removing vector 45 of norm 0.0
18:11 gram_schmidt: Removing vector 46 of norm 0.0
18:11 gram_schmidt: Removing vector 47 of norm 0.0
18:11 gram_schmidt: Removing vector 48 of norm 0.0
18:11 gram_schmidt: Removing vector 49 of norm 0.0
18:11 gram_schmidt: Removing vector 50 of norm 0.0
18:11 gram_schmidt: Removing vector 51 of norm 0.0
18:11 gram_schmidt: Removing vector 52 of norm 0.0
18:11 gram_schmidt: Removing vector 53 of norm 0.0
18:11 gram_schmidt: Removing vector 54 of norm 0.0
18:11 gram_schmidt: Removing vector 55 of norm 0.0
18:11 gram_schmidt: Removing vector 56 of norm 0.0
18:11 gram_schmidt: Removing vector 57 of norm 0.0
18:11 gram_schmidt: Removing vector 58 of norm 0.0
18:11 gram_schmidt: Removing vector 59 of norm 0.0
18:11 gram_schmidt: Removing vector 60 of norm 0.0
18:11 gram_schmidt: Removing vector 61 of norm 0.0
18:11 gram_schmidt: Removing vector 62 of norm 0.0
18:11 gram_schmidt: Removing vector 63 of norm 0.0
18:11 gram_schmidt: Removing vector 64 of norm 0.0
18:11 gram_schmidt: Removing vector 65 of norm 0.0
18:11 gram_schmidt: Removing vector 66 of norm 0.0
18:11 gram_schmidt: Removing vector 67 of norm 0.0
18:11 gram_schmidt: Removing vector 68 of norm 0.0
18:11 gram_schmidt: Removing vector 69 of norm 0.0
18:11 gram_schmidt: Removing vector 70 of norm 0.0
18:11 gram_schmidt: Removing vector 71 of norm 0.0
18:11 gram_schmidt: Removing vector 72 of norm 0.0
18:11 gram_schmidt: Removing vector 73 of norm 0.0
18:11 gram_schmidt: Removing vector 74 of norm 0.0
18:11 gram_schmidt: Removing vector 75 of norm 0.0
18:11 gram_schmidt: Removing vector 76 of norm 0.0
18:11 gram_schmidt: Removing vector 77 of norm 0.0
18:11 gram_schmidt: Removing vector 78 of norm 0.0
18:11 gram_schmidt: Removing vector 79 of norm 0.0
18:11 gram_schmidt: Removing vector 80 of norm 0.0
18:11 gram_schmidt: Removing vector 81 of norm 0.0
18:11 gram_schmidt: Removing vector 82 of norm 0.0
18:11 gram_schmidt: Removing vector 83 of norm 0.0
18:11 gram_schmidt: Removing vector 84 of norm 0.0
18:11 gram_schmidt: Removing vector 85 of norm 0.0
18:11 gram_schmidt: Removing vector 86 of norm 0.0
18:11 gram_schmidt: Removing vector 87 of norm 0.0
18:11 gram_schmidt: Removing vector 88 of norm 0.0
18:11 gram_schmidt: Removing vector 89 of norm 0.0
18:11 gram_schmidt: Removing vector 90 of norm 0.0
18:11 gram_schmidt: Removing vector 91 of norm 0.0
18:11 gram_schmidt: Removing vector 92 of norm 0.0
18:11 gram_schmidt: Removing vector 93 of norm 0.0
18:11 gram_schmidt: Removing vector 94 of norm 0.0
18:11 gram_schmidt: Removing vector 95 of norm 0.0
18:11 gram_schmidt: Removing vector 96 of norm 0.0
18:11 gram_schmidt: Removing vector 97 of norm 0.0
18:11 gram_schmidt: Removing vector 98 of norm 0.0
18:11 gram_schmidt: Removing vector 99 of norm 0.0
18:11 gram_schmidt: Removing vector 100 of norm 0.0
18:11 gram_schmidt: Removing vector 101 of norm 0.0
18:11 gram_schmidt: Removing vector 0 of norm 0.0
18:11 gram_schmidt: Removing vector 1 of norm 0.0
18:11 gram_schmidt: Removing vector 2 of norm 0.0
18:11 gram_schmidt: Removing vector 3 of norm 0.0
18:11 gram_schmidt: Removing vector 4 of norm 0.0
18:11 gram_schmidt: Removing vector 5 of norm 0.0
18:11 gram_schmidt: Removing vector 6 of norm 0.0
18:11 gram_schmidt: Removing vector 7 of norm 0.0
18:11 gram_schmidt: Removing vector 8 of norm 0.0
18:11 gram_schmidt: Removing vector 9 of norm 0.0
18:11 gram_schmidt: Removing vector 10 of norm 0.0
18:11 gram_schmidt: Removing vector 11 of norm 0.0
18:11 gram_schmidt: Removing vector 12 of norm 0.0
18:11 gram_schmidt: Removing vector 13 of norm 0.0
18:11 gram_schmidt: Removing vector 14 of norm 0.0
18:11 gram_schmidt: Removing vector 15 of norm 0.0
18:11 gram_schmidt: Removing vector 16 of norm 0.0
18:11 gram_schmidt: Removing vector 17 of norm 0.0
18:11 gram_schmidt: Removing vector 18 of norm 0.0
18:11 gram_schmidt: Removing vector 19 of norm 0.0
18:11 gram_schmidt: Removing vector 20 of norm 0.0
18:11 gram_schmidt: Removing vector 21 of norm 0.0
18:11 gram_schmidt: Removing vector 22 of norm 0.0
18:11 gram_schmidt: Removing vector 23 of norm 0.0
18:11 gram_schmidt: Removing vector 24 of norm 0.0
18:11 gram_schmidt: Removing vector 25 of norm 0.0
18:11 gram_schmidt: Removing vector 26 of norm 0.0
18:11 gram_schmidt: Removing vector 27 of norm 0.0
18:11 gram_schmidt: Removing vector 28 of norm 0.0
18:11 gram_schmidt: Removing vector 29 of norm 0.0
18:11 gram_schmidt: Removing vector 30 of norm 0.0
18:11 gram_schmidt: Removing vector 31 of norm 0.0
18:11 gram_schmidt: Removing vector 32 of norm 0.0
18:11 gram_schmidt: Removing vector 33 of norm 0.0
18:11 gram_schmidt: Removing vector 34 of norm 0.0
18:11 gram_schmidt: Removing vector 35 of norm 0.0
18:11 gram_schmidt: Removing vector 36 of norm 0.0
18:11 gram_schmidt: Removing vector 37 of norm 0.0
18:11 gram_schmidt: Removing vector 38 of norm 0.0
18:11 gram_schmidt: Removing vector 39 of norm 0.0
18:11 gram_schmidt: Removing vector 40 of norm 0.0
18:11 gram_schmidt: Removing vector 41 of norm 0.0
18:11 gram_schmidt: Removing vector 42 of norm 0.0
18:11 gram_schmidt: Removing vector 43 of norm 0.0
18:11 gram_schmidt: Removing vector 44 of norm 0.0
18:11 gram_schmidt: Removing vector 45 of norm 0.0
18:11 gram_schmidt: Removing vector 46 of norm 0.0
18:11 gram_schmidt: Removing vector 47 of norm 0.0
18:11 gram_schmidt: Removing vector 48 of norm 0.0
18:11 gram_schmidt: Removing vector 49 of norm 0.0
18:11 gram_schmidt: Removing vector 50 of norm 0.0
18:11 gram_schmidt: Removing vector 51 of norm 0.0
18:11 gram_schmidt: Removing vector 52 of norm 0.0
18:11 gram_schmidt: Removing vector 53 of norm 0.0
18:11 gram_schmidt: Removing vector 54 of norm 0.0
18:11 gram_schmidt: Removing vector 55 of norm 0.0
18:11 gram_schmidt: Removing vector 56 of norm 0.0
18:11 gram_schmidt: Removing vector 57 of norm 0.0
18:11 gram_schmidt: Removing vector 58 of norm 0.0
18:11 gram_schmidt: Removing vector 59 of norm 0.0
18:11 gram_schmidt: Removing vector 60 of norm 0.0
18:11 gram_schmidt: Removing vector 61 of norm 0.0
18:11 gram_schmidt: Removing vector 62 of norm 0.0
18:11 gram_schmidt: Removing vector 63 of norm 0.0
18:11 gram_schmidt: Removing vector 64 of norm 0.0
18:11 gram_schmidt: Removing vector 65 of norm 0.0
18:11 gram_schmidt: Removing vector 66 of norm 0.0
18:11 gram_schmidt: Removing vector 67 of norm 0.0
18:11 gram_schmidt: Removing vector 68 of norm 0.0
18:11 gram_schmidt: Removing vector 69 of norm 0.0
18:11 gram_schmidt: Removing vector 70 of norm 0.0
18:11 gram_schmidt: Removing vector 71 of norm 0.0
18:11 gram_schmidt: Removing vector 72 of norm 0.0
18:11 gram_schmidt: Removing vector 73 of norm 0.0
18:11 gram_schmidt: Removing vector 74 of norm 0.0
18:11 gram_schmidt: Removing vector 75 of norm 0.0
18:11 gram_schmidt: Removing vector 76 of norm 0.0
18:11 gram_schmidt: Removing vector 77 of norm 0.0
18:11 gram_schmidt: Removing vector 78 of norm 0.0
18:11 gram_schmidt: Removing vector 79 of norm 0.0
18:11 gram_schmidt: Removing vector 80 of norm 0.0
18:11 gram_schmidt: Removing vector 81 of norm 0.0
18:11 gram_schmidt: Removing vector 82 of norm 0.0
18:11 gram_schmidt: Removing vector 83 of norm 0.0
18:11 gram_schmidt: Removing vector 84 of norm 0.0
18:11 gram_schmidt: Removing vector 85 of norm 0.0
18:11 gram_schmidt: Removing vector 86 of norm 0.0
18:11 gram_schmidt: Removing vector 87 of norm 0.0
18:11 gram_schmidt: Removing vector 88 of norm 0.0
18:11 gram_schmidt: Removing vector 89 of norm 0.0
18:11 gram_schmidt: Removing vector 90 of norm 0.0
18:11 gram_schmidt: Removing vector 91 of norm 0.0
18:11 gram_schmidt: Removing vector 92 of norm 0.0
18:11 gram_schmidt: Removing vector 93 of norm 0.0
18:11 gram_schmidt: Removing vector 94 of norm 0.0
18:11 gram_schmidt: Removing vector 95 of norm 0.0
18:11 gram_schmidt: Removing vector 96 of norm 0.0
18:11 gram_schmidt: Removing vector 97 of norm 0.0
18:11 gram_schmidt: Removing vector 98 of norm 0.0
18:11 gram_schmidt: Removing vector 99 of norm 0.0
18:11 gram_schmidt: Removing vector 100 of norm 0.0
18:11 gram_schmidt: Removing vector 101 of norm 0.0
</system-err></testcase><testcase classname="src.pymortests.algorithms.gram_schmidt" file="src/pymortests/algorithms/gram_schmidt.py" line="26" name="test_gram_schmidt_with_R[2-&lt;lambda&gt;5]" time="0.002671480178833008"></testcase><testcase classname="src.pymortests.algorithms.gram_schmidt" file="src/pymortests/algorithms/gram_schmidt.py" line="26" name="test_gram_schmidt_with_R[2-&lt;lambda&gt;6]" time="0.0019459724426269531"></testcase><testcase classname="src.pymortests.algorithms.gram_schmidt" file="src/pymortests/algorithms/gram_schmidt.py" line="26" name="test_gram_schmidt_with_R[2-&lt;lambda&gt;7]" time="0.0023851394653320312"></testcase><testcase classname="src.pymortests.algorithms.gram_schmidt" file="src/pymortests/algorithms/gram_schmidt.py" line="26" name="test_gram_schmidt_with_R[2-&lt;lambda&gt;8]" time="0.20072269439697266"><system-err>18:11 gram_schmidt: Orthonormalizing vector 31 again
18:11 gram_schmidt: Removing linearly dependent vector 32
18:11 gram_schmidt: Removing linearly dependent vector 33
18:11 gram_schmidt: Removing linearly dependent vector 34
18:11 gram_schmidt: Removing linearly dependent vector 35
18:11 gram_schmidt: Removing linearly dependent vector 36
18:11 gram_schmidt: Removing linearly dependent vector 37
18:11 gram_schmidt: Removing linearly dependent vector 38
18:11 gram_schmidt: Removing linearly dependent vector 39
18:11 gram_schmidt: Removing linearly dependent vector 40
18:11 gram_schmidt: Removing linearly dependent vector 41
18:11 gram_schmidt: Removing linearly dependent vector 42
18:11 gram_schmidt: Orthonormalizing vector 31 again
18:11 gram_schmidt: Removing linearly dependent vector 32
18:11 gram_schmidt: Removing linearly dependent vector 33
18:11 gram_schmidt: Removing linearly dependent vector 34
18:11 gram_schmidt: Removing linearly dependent vector 35
18:11 gram_schmidt: Removing linearly dependent vector 36
18:11 gram_schmidt: Removing linearly dependent vector 37
18:11 gram_schmidt: Removing linearly dependent vector 38
18:11 gram_schmidt: Removing linearly dependent vector 39
18:11 gram_schmidt: Removing linearly dependent vector 40
18:11 gram_schmidt: Removing linearly dependent vector 41
18:11 gram_schmidt: Removing linearly dependent vector 42
</system-err></testcase><testcase classname="src.pymortests.algorithms.gram_schmidt" file="src/pymortests/algorithms/gram_schmidt.py" line="26" name="test_gram_schmidt_with_R[2-&lt;lambda&gt;9]" time="0.029233932495117188"><system-err>18:11 gram_schmidt: Removing vector 0 of norm 0.0
18:11 gram_schmidt: Removing vector 1 of norm 0.0
18:11 gram_schmidt: Removing vector 2 of norm 0.0
18:11 gram_schmidt: Removing vector 3 of norm 0.0
18:11 gram_schmidt: Removing vector 4 of norm 0.0
18:11 gram_schmidt: Removing vector 5 of norm 0.0
18:11 gram_schmidt: Removing vector 6 of norm 0.0
18:11 gram_schmidt: Removing vector 7 of norm 0.0
18:11 gram_schmidt: Removing vector 8 of norm 0.0
18:11 gram_schmidt: Removing vector 9 of norm 0.0
18:11 gram_schmidt: Removing vector 10 of norm 0.0
18:11 gram_schmidt: Removing vector 11 of norm 0.0
18:11 gram_schmidt: Removing vector 12 of norm 0.0
18:11 gram_schmidt: Removing vector 13 of norm 0.0
18:11 gram_schmidt: Removing vector 14 of norm 0.0
18:11 gram_schmidt: Removing vector 15 of norm 0.0
18:11 gram_schmidt: Removing vector 16 of norm 0.0
18:11 gram_schmidt: Removing vector 17 of norm 0.0
18:11 gram_schmidt: Removing vector 18 of norm 0.0
18:11 gram_schmidt: Removing vector 19 of norm 0.0
18:11 gram_schmidt: Removing vector 20 of norm 0.0
18:11 gram_schmidt: Removing vector 21 of norm 0.0
18:11 gram_schmidt: Removing vector 22 of norm 0.0
18:11 gram_schmidt: Removing vector 23 of norm 0.0
18:11 gram_schmidt: Removing vector 24 of norm 0.0
18:11 gram_schmidt: Removing vector 25 of norm 0.0
18:11 gram_schmidt: Removing vector 26 of norm 0.0
18:11 gram_schmidt: Removing vector 27 of norm 0.0
18:11 gram_schmidt: Removing vector 28 of norm 0.0
18:11 gram_schmidt: Removing vector 29 of norm 0.0
18:11 gram_schmidt: Removing vector 30 of norm 0.0
18:11 gram_schmidt: Removing vector 31 of norm 0.0
18:11 gram_schmidt: Removing vector 32 of norm 0.0
18:11 gram_schmidt: Removing vector 33 of norm 0.0
18:11 gram_schmidt: Removing vector 34 of norm 0.0
18:11 gram_schmidt: Removing vector 35 of norm 0.0
18:11 gram_schmidt: Removing vector 36 of norm 0.0
18:11 gram_schmidt: Removing vector 37 of norm 0.0
18:11 gram_schmidt: Removing vector 38 of norm 0.0
18:11 gram_schmidt: Removing vector 39 of norm 0.0
18:11 gram_schmidt: Removing vector 40 of norm 0.0
18:11 gram_schmidt: Removing vector 41 of norm 0.0
18:11 gram_schmidt: Removing vector 42 of norm 0.0
18:11 gram_schmidt: Removing vector 43 of norm 0.0
18:11 gram_schmidt: Removing vector 44 of norm 0.0
18:11 gram_schmidt: Removing vector 45 of norm 0.0
18:11 gram_schmidt: Removing vector 46 of norm 0.0
18:11 gram_schmidt: Removing vector 47 of norm 0.0
18:11 gram_schmidt: Removing vector 48 of norm 0.0
18:11 gram_schmidt: Removing vector 49 of norm 0.0
18:11 gram_schmidt: Removing vector 50 of norm 0.0
18:11 gram_schmidt: Removing vector 51 of norm 0.0
18:11 gram_schmidt: Removing vector 52 of norm 0.0
18:11 gram_schmidt: Removing vector 53 of norm 0.0
18:11 gram_schmidt: Removing vector 54 of norm 0.0
18:11 gram_schmidt: Removing vector 55 of norm 0.0
18:11 gram_schmidt: Removing vector 56 of norm 0.0
18:11 gram_schmidt: Removing vector 57 of norm 0.0
18:11 gram_schmidt: Removing vector 58 of norm 0.0
18:11 gram_schmidt: Removing vector 59 of norm 0.0
18:11 gram_schmidt: Removing vector 60 of norm 0.0
18:11 gram_schmidt: Removing vector 61 of norm 0.0
18:11 gram_schmidt: Removing vector 62 of norm 0.0
18:11 gram_schmidt: Removing vector 63 of norm 0.0
18:11 gram_schmidt: Removing vector 64 of norm 0.0
18:11 gram_schmidt: Removing vector 65 of norm 0.0
18:11 gram_schmidt: Removing vector 66 of norm 0.0
18:11 gram_schmidt: Removing vector 67 of norm 0.0
18:11 gram_schmidt: Removing vector 68 of norm 0.0
18:11 gram_schmidt: Removing vector 69 of norm 0.0
18:11 gram_schmidt: Removing vector 70 of norm 0.0
18:11 gram_schmidt: Removing vector 71 of norm 0.0
18:11 gram_schmidt: Removing vector 72 of norm 0.0
18:11 gram_schmidt: Removing vector 73 of norm 0.0
18:11 gram_schmidt: Removing vector 74 of norm 0.0
18:11 gram_schmidt: Removing vector 75 of norm 0.0
18:11 gram_schmidt: Removing vector 76 of norm 0.0
18:11 gram_schmidt: Removing vector 77 of norm 0.0
18:11 gram_schmidt: Removing vector 78 of norm 0.0
18:11 gram_schmidt: Removing vector 79 of norm 0.0
18:11 gram_schmidt: Removing vector 80 of norm 0.0
18:11 gram_schmidt: Removing vector 81 of norm 0.0
18:11 gram_schmidt: Removing vector 82 of norm 0.0
18:11 gram_schmidt: Removing vector 83 of norm 0.0
18:11 gram_schmidt: Removing vector 84 of norm 0.0
18:11 gram_schmidt: Removing vector 85 of norm 0.0
18:11 gram_schmidt: Removing vector 86 of norm 0.0
18:11 gram_schmidt: Removing vector 87 of norm 0.0
18:11 gram_schmidt: Removing vector 88 of norm 0.0
18:11 gram_schmidt: Removing vector 89 of norm 0.0
18:11 gram_schmidt: Removing vector 90 of norm 0.0
18:11 gram_schmidt: Removing vector 91 of norm 0.0
18:11 gram_schmidt: Removing vector 92 of norm 0.0
18:11 gram_schmidt: Removing vector 93 of norm 0.0
18:11 gram_schmidt: Removing vector 94 of norm 0.0
18:11 gram_schmidt: Removing vector 95 of norm 0.0
18:11 gram_schmidt: Removing vector 96 of norm 0.0
18:11 gram_schmidt: Removing vector 97 of norm 0.0
18:11 gram_schmidt: Removing vector 98 of norm 0.0
18:11 gram_schmidt: Removing vector 99 of norm 0.0
18:11 gram_schmidt: Removing vector 100 of norm 0.0
18:11 gram_schmidt: Removing vector 101 of norm 0.0
18:11 gram_schmidt: Removing vector 0 of norm 0.0
18:11 gram_schmidt: Removing vector 1 of norm 0.0
18:11 gram_schmidt: Removing vector 2 of norm 0.0
18:11 gram_schmidt: Removing vector 3 of norm 0.0
18:11 gram_schmidt: Removing vector 4 of norm 0.0
18:11 gram_schmidt: Removing vector 5 of norm 0.0
18:11 gram_schmidt: Removing vector 6 of norm 0.0
18:11 gram_schmidt: Removing vector 7 of norm 0.0
18:11 gram_schmidt: Removing vector 8 of norm 0.0
18:11 gram_schmidt: Removing vector 9 of norm 0.0
18:11 gram_schmidt: Removing vector 10 of norm 0.0
18:11 gram_schmidt: Removing vector 11 of norm 0.0
18:11 gram_schmidt: Removing vector 12 of norm 0.0
18:11 gram_schmidt: Removing vector 13 of norm 0.0
18:11 gram_schmidt: Removing vector 14 of norm 0.0
18:11 gram_schmidt: Removing vector 15 of norm 0.0
18:11 gram_schmidt: Removing vector 16 of norm 0.0
18:11 gram_schmidt: Removing vector 17 of norm 0.0
18:11 gram_schmidt: Removing vector 18 of norm 0.0
18:11 gram_schmidt: Removing vector 19 of norm 0.0
18:11 gram_schmidt: Removing vector 20 of norm 0.0
18:11 gram_schmidt: Removing vector 21 of norm 0.0
18:11 gram_schmidt: Removing vector 22 of norm 0.0
18:11 gram_schmidt: Removing vector 23 of norm 0.0
18:11 gram_schmidt: Removing vector 24 of norm 0.0
18:11 gram_schmidt: Removing vector 25 of norm 0.0
18:11 gram_schmidt: Removing vector 26 of norm 0.0
18:11 gram_schmidt: Removing vector 27 of norm 0.0
18:11 gram_schmidt: Removing vector 28 of norm 0.0
18:11 gram_schmidt: Removing vector 29 of norm 0.0
18:11 gram_schmidt: Removing vector 30 of norm 0.0
18:11 gram_schmidt: Removing vector 31 of norm 0.0
18:11 gram_schmidt: Removing vector 32 of norm 0.0
18:11 gram_schmidt: Removing vector 33 of norm 0.0
18:11 gram_schmidt: Removing vector 34 of norm 0.0
18:11 gram_schmidt: Removing vector 35 of norm 0.0
18:11 gram_schmidt: Removing vector 36 of norm 0.0
18:11 gram_schmidt: Removing vector 37 of norm 0.0
18:11 gram_schmidt: Removing vector 38 of norm 0.0
18:11 gram_schmidt: Removing vector 39 of norm 0.0
18:11 gram_schmidt: Removing vector 40 of norm 0.0
18:11 gram_schmidt: Removing vector 41 of norm 0.0
18:11 gram_schmidt: Removing vector 42 of norm 0.0
18:11 gram_schmidt: Removing vector 43 of norm 0.0
18:11 gram_schmidt: Removing vector 44 of norm 0.0
18:11 gram_schmidt: Removing vector 45 of norm 0.0
18:11 gram_schmidt: Removing vector 46 of norm 0.0
18:11 gram_schmidt: Removing vector 47 of norm 0.0
18:11 gram_schmidt: Removing vector 48 of norm 0.0
18:11 gram_schmidt: Removing vector 49 of norm 0.0
18:11 gram_schmidt: Removing vector 50 of norm 0.0
18:11 gram_schmidt: Removing vector 51 of norm 0.0
18:11 gram_schmidt: Removing vector 52 of norm 0.0
18:11 gram_schmidt: Removing vector 53 of norm 0.0
18:11 gram_schmidt: Removing vector 54 of norm 0.0
18:11 gram_schmidt: Removing vector 55 of norm 0.0
18:11 gram_schmidt: Removing vector 56 of norm 0.0
18:11 gram_schmidt: Removing vector 57 of norm 0.0
18:11 gram_schmidt: Removing vector 58 of norm 0.0
18:11 gram_schmidt: Removing vector 59 of norm 0.0
18:11 gram_schmidt: Removing vector 60 of norm 0.0
18:11 gram_schmidt: Removing vector 61 of norm 0.0
18:11 gram_schmidt: Removing vector 62 of norm 0.0
18:11 gram_schmidt: Removing vector 63 of norm 0.0
18:11 gram_schmidt: Removing vector 64 of norm 0.0
18:11 gram_schmidt: Removing vector 65 of norm 0.0
18:11 gram_schmidt: Removing vector 66 of norm 0.0
18:11 gram_schmidt: Removing vector 67 of norm 0.0
18:11 gram_schmidt: Removing vector 68 of norm 0.0
18:11 gram_schmidt: Removing vector 69 of norm 0.0
18:11 gram_schmidt: Removing vector 70 of norm 0.0
18:11 gram_schmidt: Removing vector 71 of norm 0.0
18:11 gram_schmidt: Removing vector 72 of norm 0.0
18:11 gram_schmidt: Removing vector 73 of norm 0.0
18:11 gram_schmidt: Removing vector 74 of norm 0.0
18:11 gram_schmidt: Removing vector 75 of norm 0.0
18:11 gram_schmidt: Removing vector 76 of norm 0.0
18:11 gram_schmidt: Removing vector 77 of norm 0.0
18:11 gram_schmidt: Removing vector 78 of norm 0.0
18:11 gram_schmidt: Removing vector 79 of norm 0.0
18:11 gram_schmidt: Removing vector 80 of norm 0.0
18:11 gram_schmidt: Removing vector 81 of norm 0.0
18:11 gram_schmidt: Removing vector 82 of norm 0.0
18:11 gram_schmidt: Removing vector 83 of norm 0.0
18:11 gram_schmidt: Removing vector 84 of norm 0.0
18:11 gram_schmidt: Removing vector 85 of norm 0.0
18:11 gram_schmidt: Removing vector 86 of norm 0.0
18:11 gram_schmidt: Removing vector 87 of norm 0.0
18:11 gram_schmidt: Removing vector 88 of norm 0.0
18:11 gram_schmidt: Removing vector 89 of norm 0.0
18:11 gram_schmidt: Removing vector 90 of norm 0.0
18:11 gram_schmidt: Removing vector 91 of norm 0.0
18:11 gram_schmidt: Removing vector 92 of norm 0.0
18:11 gram_schmidt: Removing vector 93 of norm 0.0
18:11 gram_schmidt: Removing vector 94 of norm 0.0
18:11 gram_schmidt: Removing vector 95 of norm 0.0
18:11 gram_schmidt: Removing vector 96 of norm 0.0
18:11 gram_schmidt: Removing vector 97 of norm 0.0
18:11 gram_schmidt: Removing vector 98 of norm 0.0
18:11 gram_schmidt: Removing vector 99 of norm 0.0
18:11 gram_schmidt: Removing vector 100 of norm 0.0
18:11 gram_schmidt: Removing vector 101 of norm 0.0
</system-err></testcase><testcase classname="src.pymortests.algorithms.gram_schmidt" file="src/pymortests/algorithms/gram_schmidt.py" line="26" name="test_gram_schmidt_with_R[2-&lt;lambda&gt;10]" time="0.0033483505249023438"></testcase><testcase classname="src.pymortests.algorithms.gram_schmidt" file="src/pymortests/algorithms/gram_schmidt.py" line="26" name="test_gram_schmidt_with_R[2-&lt;lambda&gt;11]" time="0.006424665451049805"><system-err>18:11 gram_schmidt: Removing linearly dependent vector 3
18:11 gram_schmidt: Removing linearly dependent vector 3
</system-err></testcase><testcase classname="src.pymortests.algorithms.gram_schmidt" file="src/pymortests/algorithms/gram_schmidt.py" line="26" name="test_gram_schmidt_with_R[2-&lt;lambda&gt;12]" time="0.0038313865661621094"><system-err>18:11 gram_schmidt: Removing vector 0 of norm 0.0
18:11 gram_schmidt: Removing vector 1 of norm 0.0
18:11 gram_schmidt: Removing vector 2 of norm 0.0
18:11 gram_schmidt: Removing vector 0 of norm 0.0
18:11 gram_schmidt: Removing vector 1 of norm 0.0
18:11 gram_schmidt: Removing vector 2 of norm 0.0
</system-err></testcase><testcase classname="src.pymortests.algorithms.gram_schmidt" file="src/pymortests/algorithms/gram_schmidt.py" line="26" name="test_gram_schmidt_with_R[2-&lt;lambda&gt;13]" time="0.0026416778564453125"></testcase><testcase classname="src.pymortests.algorithms.gram_schmidt" file="src/pymortests/algorithms/gram_schmidt.py" line="26" name="test_gram_schmidt_with_R[2-&lt;lambda&gt;14]" time="0.004753589630126953"></testcase><testcase classname="src.pymortests.algorithms.gram_schmidt" file="src/pymortests/algorithms/gram_schmidt.py" line="26" name="test_gram_schmidt_with_R[2-&lt;lambda&gt;15]" time="0.3635368347167969"><system-err>18:11 gram_schmidt: Removing linearly dependent vector 36
18:11 gram_schmidt: Removing linearly dependent vector 37
18:11 gram_schmidt: Removing linearly dependent vector 38
18:11 gram_schmidt: Removing linearly dependent vector 39
18:11 gram_schmidt: Removing linearly dependent vector 40
18:11 gram_schmidt: Removing linearly dependent vector 41
18:11 gram_schmidt: Removing linearly dependent vector 42
18:11 gram_schmidt: Removing linearly dependent vector 36
18:11 gram_schmidt: Removing linearly dependent vector 37
18:11 gram_schmidt: Removing linearly dependent vector 38
18:11 gram_schmidt: Removing linearly dependent vector 39
18:11 gram_schmidt: Removing linearly dependent vector 40
18:11 gram_schmidt: Removing linearly dependent vector 41
18:11 gram_schmidt: Removing linearly dependent vector 42
</system-err></testcase><testcase classname="src.pymortests.algorithms.gram_schmidt" file="src/pymortests/algorithms/gram_schmidt.py" line="26" name="test_gram_schmidt_with_R[2-&lt;lambda&gt;16]" time="0.1758594512939453"><system-err>18:11 gram_schmidt: Removing linearly dependent vector 3
18:11 gram_schmidt: Removing linearly dependent vector 4
18:11 gram_schmidt: Removing linearly dependent vector 5
18:11 gram_schmidt: Removing linearly dependent vector 6
18:11 gram_schmidt: Removing linearly dependent vector 7
18:11 gram_schmidt: Removing linearly dependent vector 8
18:11 gram_schmidt: Removing linearly dependent vector 9
18:11 gram_schmidt: Removing linearly dependent vector 10
18:11 gram_schmidt: Removing linearly dependent vector 11
18:11 gram_schmidt: Removing linearly dependent vector 12
18:11 gram_schmidt: Removing linearly dependent vector 13
18:11 gram_schmidt: Removing linearly dependent vector 14
18:11 gram_schmidt: Removing linearly dependent vector 15
18:11 gram_schmidt: Removing linearly dependent vector 16
18:11 gram_schmidt: Removing linearly dependent vector 17
18:11 gram_schmidt: Removing linearly dependent vector 18
18:11 gram_schmidt: Removing linearly dependent vector 19
18:11 gram_schmidt: Removing linearly dependent vector 20
18:11 gram_schmidt: Removing linearly dependent vector 21
18:11 gram_schmidt: Removing linearly dependent vector 22
18:11 gram_schmidt: Removing linearly dependent vector 23
18:11 gram_schmidt: Removing linearly dependent vector 24
18:11 gram_schmidt: Removing linearly dependent vector 25
18:11 gram_schmidt: Removing linearly dependent vector 26
18:11 gram_schmidt: Removing linearly dependent vector 27
18:11 gram_schmidt: Removing linearly dependent vector 28
18:11 gram_schmidt: Removing linearly dependent vector 29
18:11 gram_schmidt: Removing linearly dependent vector 30
18:11 gram_schmidt: Removing linearly dependent vector 31
18:11 gram_schmidt: Removing linearly dependent vector 32
18:11 gram_schmidt: Removing linearly dependent vector 33
18:11 gram_schmidt: Removing linearly dependent vector 34
18:11 gram_schmidt: Removing linearly dependent vector 35
18:11 gram_schmidt: Removing linearly dependent vector 36
18:11 gram_schmidt: Removing linearly dependent vector 37
18:11 gram_schmidt: Removing linearly dependent vector 38
18:11 gram_schmidt: Removing linearly dependent vector 39
18:11 gram_schmidt: Removing linearly dependent vector 40
18:11 gram_schmidt: Removing linearly dependent vector 41
18:11 gram_schmidt: Removing linearly dependent vector 42
18:11 gram_schmidt: Removing linearly dependent vector 43
18:11 gram_schmidt: Removing linearly dependent vector 44
18:11 gram_schmidt: Removing linearly dependent vector 45
18:11 gram_schmidt: Removing linearly dependent vector 46
18:11 gram_schmidt: Removing linearly dependent vector 47
18:11 gram_schmidt: Removing linearly dependent vector 48
18:11 gram_schmidt: Removing linearly dependent vector 49
18:11 gram_schmidt: Removing linearly dependent vector 50
18:11 gram_schmidt: Removing linearly dependent vector 51
18:11 gram_schmidt: Removing linearly dependent vector 52
18:11 gram_schmidt: Removing linearly dependent vector 53
18:11 gram_schmidt: Removing linearly dependent vector 54
18:11 gram_schmidt: Removing linearly dependent vector 55
18:11 gram_schmidt: Removing linearly dependent vector 56
18:11 gram_schmidt: Removing linearly dependent vector 57
18:11 gram_schmidt: Removing linearly dependent vector 58
18:11 gram_schmidt: Removing linearly dependent vector 59
18:11 gram_schmidt: Removing linearly dependent vector 60
18:11 gram_schmidt: Removing linearly dependent vector 61
18:11 gram_schmidt: Removing linearly dependent vector 62
18:11 gram_schmidt: Removing linearly dependent vector 63
18:11 gram_schmidt: Removing linearly dependent vector 64
18:11 gram_schmidt: Removing linearly dependent vector 65
18:11 gram_schmidt: Removing linearly dependent vector 66
18:11 gram_schmidt: Removing linearly dependent vector 67
18:11 gram_schmidt: Removing linearly dependent vector 68
18:11 gram_schmidt: Removing linearly dependent vector 69
18:11 gram_schmidt: Removing linearly dependent vector 70
18:11 gram_schmidt: Removing linearly dependent vector 71
18:11 gram_schmidt: Removing linearly dependent vector 72
18:11 gram_schmidt: Removing linearly dependent vector 73
18:11 gram_schmidt: Removing linearly dependent vector 74
18:11 gram_schmidt: Removing linearly dependent vector 75
18:11 gram_schmidt: Removing linearly dependent vector 76
18:11 gram_schmidt: Removing linearly dependent vector 77
18:11 gram_schmidt: Removing linearly dependent vector 78
18:11 gram_schmidt: Removing linearly dependent vector 79
18:11 gram_schmidt: Removing linearly dependent vector 80
18:11 gram_schmidt: Removing linearly dependent vector 81
18:11 gram_schmidt: Removing linearly dependent vector 82
18:11 gram_schmidt: Removing linearly dependent vector 83
18:11 gram_schmidt: Removing linearly dependent vector 84
18:11 gram_schmidt: Removing linearly dependent vector 85
18:11 gram_schmidt: Removing linearly dependent vector 86
18:11 gram_schmidt: Removing linearly dependent vector 87
18:11 gram_schmidt: Removing linearly dependent vector 88
18:11 gram_schmidt: Removing linearly dependent vector 89
18:11 gram_schmidt: Removing linearly dependent vector 90
18:11 gram_schmidt: Removing linearly dependent vector 91
18:11 gram_schmidt: Removing linearly dependent vector 92
18:11 gram_schmidt: Removing linearly dependent vector 93
18:11 gram_schmidt: Removing linearly dependent vector 94
18:11 gram_schmidt: Removing linearly dependent vector 95
18:11 gram_schmidt: Removing linearly dependent vector 96
18:11 gram_schmidt: Removing linearly dependent vector 97
18:11 gram_schmidt: Removing linearly dependent vector 98
18:11 gram_schmidt: Removing linearly dependent vector 99
18:11 gram_schmidt: Removing linearly dependent vector 100
18:11 gram_schmidt: Removing linearly dependent vector 101
18:11 gram_schmidt: Removing linearly dependent vector 3
18:11 gram_schmidt: Removing linearly dependent vector 4
18:11 gram_schmidt: Removing linearly dependent vector 5
18:11 gram_schmidt: Removing linearly dependent vector 6
18:11 gram_schmidt: Removing linearly dependent vector 7
18:11 gram_schmidt: Removing linearly dependent vector 8
18:11 gram_schmidt: Removing linearly dependent vector 9
18:11 gram_schmidt: Removing linearly dependent vector 10
18:11 gram_schmidt: Removing linearly dependent vector 11
18:11 gram_schmidt: Removing linearly dependent vector 12
18:11 gram_schmidt: Removing linearly dependent vector 13
18:11 gram_schmidt: Removing linearly dependent vector 14
18:11 gram_schmidt: Removing linearly dependent vector 15
18:11 gram_schmidt: Removing linearly dependent vector 16
18:11 gram_schmidt: Removing linearly dependent vector 17
18:11 gram_schmidt: Removing linearly dependent vector 18
18:11 gram_schmidt: Removing linearly dependent vector 19
18:11 gram_schmidt: Removing linearly dependent vector 20
18:11 gram_schmidt: Removing linearly dependent vector 21
18:11 gram_schmidt: Removing linearly dependent vector 22
18:11 gram_schmidt: Removing linearly dependent vector 23
18:11 gram_schmidt: Removing linearly dependent vector 24
18:11 gram_schmidt: Removing linearly dependent vector 25
18:11 gram_schmidt: Removing linearly dependent vector 26
18:11 gram_schmidt: Removing linearly dependent vector 27
18:11 gram_schmidt: Removing linearly dependent vector 28
18:11 gram_schmidt: Removing linearly dependent vector 29
18:11 gram_schmidt: Removing linearly dependent vector 30
18:11 gram_schmidt: Removing linearly dependent vector 31
18:11 gram_schmidt: Removing linearly dependent vector 32
18:11 gram_schmidt: Removing linearly dependent vector 33
18:11 gram_schmidt: Removing linearly dependent vector 34
18:11 gram_schmidt: Removing linearly dependent vector 35
18:11 gram_schmidt: Removing linearly dependent vector 36
18:11 gram_schmidt: Removing linearly dependent vector 37
18:11 gram_schmidt: Removing linearly dependent vector 38
18:11 gram_schmidt: Removing linearly dependent vector 39
18:11 gram_schmidt: Removing linearly dependent vector 40
18:11 gram_schmidt: Removing linearly dependent vector 41
18:11 gram_schmidt: Removing linearly dependent vector 42
18:11 gram_schmidt: Removing linearly dependent vector 43
18:11 gram_schmidt: Removing linearly dependent vector 44
18:11 gram_schmidt: Removing linearly dependent vector 45
18:11 gram_schmidt: Removing linearly dependent vector 46
18:11 gram_schmidt: Removing linearly dependent vector 47
18:11 gram_schmidt: Removing linearly dependent vector 48
18:11 gram_schmidt: Removing linearly dependent vector 49
18:11 gram_schmidt: Removing linearly dependent vector 50
18:11 gram_schmidt: Removing linearly dependent vector 51
18:11 gram_schmidt: Removing linearly dependent vector 52
18:11 gram_schmidt: Removing linearly dependent vector 53
18:11 gram_schmidt: Removing linearly dependent vector 54
18:11 gram_schmidt: Removing linearly dependent vector 55
18:11 gram_schmidt: Removing linearly dependent vector 56
18:11 gram_schmidt: Removing linearly dependent vector 57
18:11 gram_schmidt: Removing linearly dependent vector 58
18:11 gram_schmidt: Removing linearly dependent vector 59
18:11 gram_schmidt: Removing linearly dependent vector 60
18:11 gram_schmidt: Removing linearly dependent vector 61
18:11 gram_schmidt: Removing linearly dependent vector 62
18:11 gram_schmidt: Removing linearly dependent vector 63
18:11 gram_schmidt: Removing linearly dependent vector 64
18:11 gram_schmidt: Removing linearly dependent vector 65
18:11 gram_schmidt: Removing linearly dependent vector 66
18:11 gram_schmidt: Removing linearly dependent vector 67
18:11 gram_schmidt: Removing linearly dependent vector 68
18:11 gram_schmidt: Removing linearly dependent vector 69
18:11 gram_schmidt: Removing linearly dependent vector 70
18:11 gram_schmidt: Removing linearly dependent vector 71
18:11 gram_schmidt: Removing linearly dependent vector 72
18:11 gram_schmidt: Removing linearly dependent vector 73
18:11 gram_schmidt: Removing linearly dependent vector 74
18:11 gram_schmidt: Removing linearly dependent vector 75
18:11 gram_schmidt: Removing linearly dependent vector 76
18:11 gram_schmidt: Removing linearly dependent vector 77
18:11 gram_schmidt: Removing linearly dependent vector 78
18:11 gram_schmidt: Removing linearly dependent vector 79
18:11 gram_schmidt: Removing linearly dependent vector 80
18:11 gram_schmidt: Removing linearly dependent vector 81
18:11 gram_schmidt: Removing linearly dependent vector 82
18:11 gram_schmidt: Removing linearly dependent vector 83
18:11 gram_schmidt: Removing linearly dependent vector 84
18:11 gram_schmidt: Removing linearly dependent vector 85
18:11 gram_schmidt: Removing linearly dependent vector 86
18:11 gram_schmidt: Removing linearly dependent vector 87
18:11 gram_schmidt: Removing linearly dependent vector 88
18:11 gram_schmidt: Removing linearly dependent vector 89
18:11 gram_schmidt: Removing linearly dependent vector 90
18:11 gram_schmidt: Removing linearly dependent vector 91
18:11 gram_schmidt: Removing linearly dependent vector 92
18:11 gram_schmidt: Removing linearly dependent vector 93
18:11 gram_schmidt: Removing linearly dependent vector 94
18:11 gram_schmidt: Removing linearly dependent vector 95
18:11 gram_schmidt: Removing linearly dependent vector 96
18:11 gram_schmidt: Removing linearly dependent vector 97
18:11 gram_schmidt: Removing linearly dependent vector 98
18:11 gram_schmidt: Removing linearly dependent vector 99
18:11 gram_schmidt: Removing linearly dependent vector 100
18:11 gram_schmidt: Removing linearly dependent vector 101
</system-err></testcase><testcase classname="src.pymortests.algorithms.gram_schmidt" file="src/pymortests/algorithms/gram_schmidt.py" line="26" name="test_gram_schmidt_with_R[2-&lt;lambda&gt;17]" time="0.00313568115234375"></testcase><testcase classname="src.pymortests.algorithms.gram_schmidt" file="src/pymortests/algorithms/gram_schmidt.py" line="26" name="test_gram_schmidt_with_R[2-&lt;lambda&gt;18]" time="0.0023047924041748047"></testcase><testcase classname="src.pymortests.algorithms.gram_schmidt" file="src/pymortests/algorithms/gram_schmidt.py" line="26" name="test_gram_schmidt_with_R[2-&lt;lambda&gt;19]" time="0.005125522613525391"></testcase><testcase classname="src.pymortests.algorithms.gram_schmidt" file="src/pymortests/algorithms/gram_schmidt.py" line="26" name="test_gram_schmidt_with_R[2-&lt;lambda&gt;20]" time="0.29973363876342773"></testcase><testcase classname="src.pymortests.algorithms.gram_schmidt" file="src/pymortests/algorithms/gram_schmidt.py" line="26" name="test_gram_schmidt_with_R[2-&lt;lambda&gt;21]" time="1.575490951538086"></testcase><testcase classname="src.pymortests.algorithms.gram_schmidt" file="src/pymortests/algorithms/gram_schmidt.py" line="26" name="test_gram_schmidt_with_R[2-&lt;lambda&gt;22]" time="0.002505064010620117"></testcase><testcase classname="src.pymortests.algorithms.gram_schmidt" file="src/pymortests/algorithms/gram_schmidt.py" line="26" name="test_gram_schmidt_with_R[2-&lt;lambda&gt;23]" time="0.0018641948699951172"></testcase><testcase classname="src.pymortests.algorithms.gram_schmidt" file="src/pymortests/algorithms/gram_schmidt.py" line="26" name="test_gram_schmidt_with_R[2-&lt;lambda&gt;24]" time="0.008960247039794922"></testcase><testcase classname="src.pymortests.algorithms.gram_schmidt" file="src/pymortests/algorithms/gram_schmidt.py" line="26" name="test_gram_schmidt_with_R[2-&lt;lambda&gt;25]" time="0.4513731002807617"><system-err>18:13 gram_schmidt: Orthonormalizing vector 31 again
18:13 gram_schmidt: Removing linearly dependent vector 32
18:13 gram_schmidt: Removing linearly dependent vector 33
18:13 gram_schmidt: Removing linearly dependent vector 34
18:13 gram_schmidt: Removing linearly dependent vector 35
18:13 gram_schmidt: Removing linearly dependent vector 36
18:13 gram_schmidt: Removing linearly dependent vector 37
18:13 gram_schmidt: Removing linearly dependent vector 38
18:13 gram_schmidt: Removing linearly dependent vector 39
18:13 gram_schmidt: Removing linearly dependent vector 40
18:13 gram_schmidt: Removing linearly dependent vector 41
18:13 gram_schmidt: Removing linearly dependent vector 42
18:14 gram_schmidt: Orthonormalizing vector 31 again
18:14 gram_schmidt: Removing linearly dependent vector 32
18:14 gram_schmidt: Removing linearly dependent vector 33
18:14 gram_schmidt: Removing linearly dependent vector 34
18:14 gram_schmidt: Removing linearly dependent vector 35
18:14 gram_schmidt: Removing linearly dependent vector 36
18:14 gram_schmidt: Removing linearly dependent vector 37
18:14 gram_schmidt: Removing linearly dependent vector 38
18:14 gram_schmidt: Removing linearly dependent vector 39
18:14 gram_schmidt: Removing linearly dependent vector 40
18:14 gram_schmidt: Removing linearly dependent vector 41
18:14 gram_schmidt: Removing linearly dependent vector 42
</system-err></testcase><testcase classname="src.pymortests.algorithms.gram_schmidt" file="src/pymortests/algorithms/gram_schmidt.py" line="26" name="test_gram_schmidt_with_R[2-&lt;lambda&gt;26]" time="0.32718658447265625"><system-err>18:14 gram_schmidt: Removing vector 0 of norm 0.0
18:14 gram_schmidt: Removing vector 1 of norm 0.0
18:14 gram_schmidt: Removing vector 2 of norm 0.0
18:14 gram_schmidt: Removing vector 3 of norm 0.0
18:14 gram_schmidt: Removing vector 4 of norm 0.0
18:14 gram_schmidt: Removing vector 5 of norm 0.0
18:14 gram_schmidt: Removing vector 6 of norm 0.0
18:14 gram_schmidt: Removing vector 7 of norm 0.0
18:14 gram_schmidt: Removing vector 8 of norm 0.0
18:14 gram_schmidt: Removing vector 9 of norm 0.0
18:14 gram_schmidt: Removing vector 10 of norm 0.0
18:14 gram_schmidt: Removing vector 11 of norm 0.0
18:14 gram_schmidt: Removing vector 12 of norm 0.0
18:14 gram_schmidt: Removing vector 13 of norm 0.0
18:14 gram_schmidt: Removing vector 14 of norm 0.0
18:14 gram_schmidt: Removing vector 15 of norm 0.0
18:14 gram_schmidt: Removing vector 16 of norm 0.0
18:14 gram_schmidt: Removing vector 17 of norm 0.0
18:14 gram_schmidt: Removing vector 18 of norm 0.0
18:14 gram_schmidt: Removing vector 19 of norm 0.0
18:14 gram_schmidt: Removing vector 20 of norm 0.0
18:14 gram_schmidt: Removing vector 21 of norm 0.0
18:14 gram_schmidt: Removing vector 22 of norm 0.0
18:14 gram_schmidt: Removing vector 23 of norm 0.0
18:14 gram_schmidt: Removing vector 24 of norm 0.0
18:14 gram_schmidt: Removing vector 25 of norm 0.0
18:14 gram_schmidt: Removing vector 26 of norm 0.0
18:14 gram_schmidt: Removing vector 27 of norm 0.0
18:14 gram_schmidt: Removing vector 28 of norm 0.0
18:14 gram_schmidt: Removing vector 29 of norm 0.0
18:14 gram_schmidt: Removing vector 30 of norm 0.0
18:14 gram_schmidt: Removing vector 31 of norm 0.0
18:14 gram_schmidt: Removing vector 32 of norm 0.0
18:14 gram_schmidt: Removing vector 33 of norm 0.0
18:14 gram_schmidt: Removing vector 34 of norm 0.0
18:14 gram_schmidt: Removing vector 35 of norm 0.0
18:14 gram_schmidt: Removing vector 36 of norm 0.0
18:14 gram_schmidt: Removing vector 37 of norm 0.0
18:14 gram_schmidt: Removing vector 38 of norm 0.0
18:14 gram_schmidt: Removing vector 39 of norm 0.0
18:14 gram_schmidt: Removing vector 40 of norm 0.0
18:14 gram_schmidt: Removing vector 41 of norm 0.0
18:14 gram_schmidt: Removing vector 42 of norm 0.0
18:14 gram_schmidt: Removing vector 43 of norm 0.0
18:14 gram_schmidt: Removing vector 44 of norm 0.0
18:14 gram_schmidt: Removing vector 45 of norm 0.0
18:14 gram_schmidt: Removing vector 46 of norm 0.0
18:14 gram_schmidt: Removing vector 47 of norm 0.0
18:14 gram_schmidt: Removing vector 48 of norm 0.0
18:14 gram_schmidt: Removing vector 49 of norm 0.0
18:14 gram_schmidt: Removing vector 50 of norm 0.0
18:14 gram_schmidt: Removing vector 51 of norm 0.0
18:14 gram_schmidt: Removing vector 52 of norm 0.0
18:14 gram_schmidt: Removing vector 53 of norm 0.0
18:14 gram_schmidt: Removing vector 54 of norm 0.0
18:14 gram_schmidt: Removing vector 55 of norm 0.0
18:14 gram_schmidt: Removing vector 56 of norm 0.0
18:14 gram_schmidt: Removing vector 57 of norm 0.0
18:14 gram_schmidt: Removing vector 58 of norm 0.0
18:14 gram_schmidt: Removing vector 59 of norm 0.0
18:14 gram_schmidt: Removing vector 60 of norm 0.0
18:14 gram_schmidt: Removing vector 61 of norm 0.0
18:14 gram_schmidt: Removing vector 62 of norm 0.0
18:14 gram_schmidt: Removing vector 63 of norm 0.0
18:14 gram_schmidt: Removing vector 64 of norm 0.0
18:14 gram_schmidt: Removing vector 65 of norm 0.0
18:14 gram_schmidt: Removing vector 66 of norm 0.0
18:14 gram_schmidt: Removing vector 67 of norm 0.0
18:14 gram_schmidt: Removing vector 68 of norm 0.0
18:14 gram_schmidt: Removing vector 69 of norm 0.0
18:14 gram_schmidt: Removing vector 70 of norm 0.0
18:14 gram_schmidt: Removing vector 71 of norm 0.0
18:14 gram_schmidt: Removing vector 72 of norm 0.0
18:14 gram_schmidt: Removing vector 73 of norm 0.0
18:14 gram_schmidt: Removing vector 74 of norm 0.0
18:14 gram_schmidt: Removing vector 75 of norm 0.0
18:14 gram_schmidt: Removing vector 76 of norm 0.0
18:14 gram_schmidt: Removing vector 77 of norm 0.0
18:14 gram_schmidt: Removing vector 78 of norm 0.0
18:14 gram_schmidt: Removing vector 79 of norm 0.0
18:14 gram_schmidt: Removing vector 80 of norm 0.0
18:14 gram_schmidt: Removing vector 81 of norm 0.0
18:14 gram_schmidt: Removing vector 82 of norm 0.0
18:14 gram_schmidt: Removing vector 83 of norm 0.0
18:14 gram_schmidt: Removing vector 84 of norm 0.0
18:14 gram_schmidt: Removing vector 85 of norm 0.0
18:14 gram_schmidt: Removing vector 86 of norm 0.0
18:14 gram_schmidt: Removing vector 87 of norm 0.0
18:14 gram_schmidt: Removing vector 88 of norm 0.0
18:14 gram_schmidt: Removing vector 89 of norm 0.0
18:14 gram_schmidt: Removing vector 90 of norm 0.0
18:14 gram_schmidt: Removing vector 91 of norm 0.0
18:14 gram_schmidt: Removing vector 92 of norm 0.0
18:14 gram_schmidt: Removing vector 93 of norm 0.0
18:14 gram_schmidt: Removing vector 94 of norm 0.0
18:14 gram_schmidt: Removing vector 95 of norm 0.0
18:14 gram_schmidt: Removing vector 96 of norm 0.0
18:14 gram_schmidt: Removing vector 97 of norm 0.0
18:14 gram_schmidt: Removing vector 98 of norm 0.0
18:14 gram_schmidt: Removing vector 99 of norm 0.0
18:14 gram_schmidt: Removing vector 100 of norm 0.0
18:14 gram_schmidt: Removing vector 101 of norm 0.0
18:14 gram_schmidt: Removing vector 0 of norm 0.0
18:14 gram_schmidt: Removing vector 1 of norm 0.0
18:14 gram_schmidt: Removing vector 2 of norm 0.0
18:14 gram_schmidt: Removing vector 3 of norm 0.0
18:14 gram_schmidt: Removing vector 4 of norm 0.0
18:14 gram_schmidt: Removing vector 5 of norm 0.0
18:14 gram_schmidt: Removing vector 6 of norm 0.0
18:14 gram_schmidt: Removing vector 7 of norm 0.0
18:14 gram_schmidt: Removing vector 8 of norm 0.0
18:14 gram_schmidt: Removing vector 9 of norm 0.0
18:14 gram_schmidt: Removing vector 10 of norm 0.0
18:14 gram_schmidt: Removing vector 11 of norm 0.0
18:14 gram_schmidt: Removing vector 12 of norm 0.0
18:14 gram_schmidt: Removing vector 13 of norm 0.0
18:14 gram_schmidt: Removing vector 14 of norm 0.0
18:14 gram_schmidt: Removing vector 15 of norm 0.0
18:14 gram_schmidt: Removing vector 16 of norm 0.0
18:14 gram_schmidt: Removing vector 17 of norm 0.0
18:14 gram_schmidt: Removing vector 18 of norm 0.0
18:14 gram_schmidt: Removing vector 19 of norm 0.0
18:14 gram_schmidt: Removing vector 20 of norm 0.0
18:14 gram_schmidt: Removing vector 21 of norm 0.0
18:14 gram_schmidt: Removing vector 22 of norm 0.0
18:14 gram_schmidt: Removing vector 23 of norm 0.0
18:14 gram_schmidt: Removing vector 24 of norm 0.0
18:14 gram_schmidt: Removing vector 25 of norm 0.0
18:14 gram_schmidt: Removing vector 26 of norm 0.0
18:14 gram_schmidt: Removing vector 27 of norm 0.0
18:14 gram_schmidt: Removing vector 28 of norm 0.0
18:14 gram_schmidt: Removing vector 29 of norm 0.0
18:14 gram_schmidt: Removing vector 30 of norm 0.0
18:14 gram_schmidt: Removing vector 31 of norm 0.0
18:14 gram_schmidt: Removing vector 32 of norm 0.0
18:14 gram_schmidt: Removing vector 33 of norm 0.0
18:14 gram_schmidt: Removing vector 34 of norm 0.0
18:14 gram_schmidt: Removing vector 35 of norm 0.0
18:14 gram_schmidt: Removing vector 36 of norm 0.0
18:14 gram_schmidt: Removing vector 37 of norm 0.0
18:14 gram_schmidt: Removing vector 38 of norm 0.0
18:14 gram_schmidt: Removing vector 39 of norm 0.0
18:14 gram_schmidt: Removing vector 40 of norm 0.0
18:14 gram_schmidt: Removing vector 41 of norm 0.0
18:14 gram_schmidt: Removing vector 42 of norm 0.0
18:14 gram_schmidt: Removing vector 43 of norm 0.0
18:14 gram_schmidt: Removing vector 44 of norm 0.0
18:14 gram_schmidt: Removing vector 45 of norm 0.0
18:14 gram_schmidt: Removing vector 46 of norm 0.0
18:14 gram_schmidt: Removing vector 47 of norm 0.0
18:14 gram_schmidt: Removing vector 48 of norm 0.0
18:14 gram_schmidt: Removing vector 49 of norm 0.0
18:14 gram_schmidt: Removing vector 50 of norm 0.0
18:14 gram_schmidt: Removing vector 51 of norm 0.0
18:14 gram_schmidt: Removing vector 52 of norm 0.0
18:14 gram_schmidt: Removing vector 53 of norm 0.0
18:14 gram_schmidt: Removing vector 54 of norm 0.0
18:14 gram_schmidt: Removing vector 55 of norm 0.0
18:14 gram_schmidt: Removing vector 56 of norm 0.0
18:14 gram_schmidt: Removing vector 57 of norm 0.0
18:14 gram_schmidt: Removing vector 58 of norm 0.0
18:14 gram_schmidt: Removing vector 59 of norm 0.0
18:14 gram_schmidt: Removing vector 60 of norm 0.0
18:14 gram_schmidt: Removing vector 61 of norm 0.0
18:14 gram_schmidt: Removing vector 62 of norm 0.0
18:14 gram_schmidt: Removing vector 63 of norm 0.0
18:14 gram_schmidt: Removing vector 64 of norm 0.0
18:14 gram_schmidt: Removing vector 65 of norm 0.0
18:14 gram_schmidt: Removing vector 66 of norm 0.0
18:14 gram_schmidt: Removing vector 67 of norm 0.0
18:14 gram_schmidt: Removing vector 68 of norm 0.0
18:14 gram_schmidt: Removing vector 69 of norm 0.0
18:14 gram_schmidt: Removing vector 70 of norm 0.0
18:14 gram_schmidt: Removing vector 71 of norm 0.0
18:14 gram_schmidt: Removing vector 72 of norm 0.0
18:14 gram_schmidt: Removing vector 73 of norm 0.0
18:14 gram_schmidt: Removing vector 74 of norm 0.0
18:14 gram_schmidt: Removing vector 75 of norm 0.0
18:14 gram_schmidt: Removing vector 76 of norm 0.0
18:14 gram_schmidt: Removing vector 77 of norm 0.0
18:14 gram_schmidt: Removing vector 78 of norm 0.0
18:14 gram_schmidt: Removing vector 79 of norm 0.0
18:14 gram_schmidt: Removing vector 80 of norm 0.0
18:14 gram_schmidt: Removing vector 81 of norm 0.0
18:14 gram_schmidt: Removing vector 82 of norm 0.0
18:14 gram_schmidt: Removing vector 83 of norm 0.0
18:14 gram_schmidt: Removing vector 84 of norm 0.0
18:14 gram_schmidt: Removing vector 85 of norm 0.0
18:14 gram_schmidt: Removing vector 86 of norm 0.0
18:14 gram_schmidt: Removing vector 87 of norm 0.0
18:14 gram_schmidt: Removing vector 88 of norm 0.0
18:14 gram_schmidt: Removing vector 89 of norm 0.0
18:14 gram_schmidt: Removing vector 90 of norm 0.0
18:14 gram_schmidt: Removing vector 91 of norm 0.0
18:14 gram_schmidt: Removing vector 92 of norm 0.0
18:14 gram_schmidt: Removing vector 93 of norm 0.0
18:14 gram_schmidt: Removing vector 94 of norm 0.0
18:14 gram_schmidt: Removing vector 95 of norm 0.0
18:14 gram_schmidt: Removing vector 96 of norm 0.0
18:14 gram_schmidt: Removing vector 97 of norm 0.0
18:14 gram_schmidt: Removing vector 98 of norm 0.0
18:14 gram_schmidt: Removing vector 99 of norm 0.0
18:14 gram_schmidt: Removing vector 100 of norm 0.0
18:14 gram_schmidt: Removing vector 101 of norm 0.0
</system-err></testcase><testcase classname="src.pymortests.algorithms.gram_schmidt" file="src/pymortests/algorithms/gram_schmidt.py" line="42" name="test_gram_schmidt_with_product[&lt;lambda&gt;0]" time="0.034558773040771484"><system-err>18:14 DiffusionOperatorP1: Calulate gradients of shape functions transformed by reference map ...
18:14 DiffusionOperatorP1: Calculate all local scalar products beween gradients ...
18:14 DiffusionOperatorP1: Determine global dofs ...
18:14 DiffusionOperatorP1: Boundary treatment ...
18:14 DiffusionOperatorP1: Assemble system matrix ...
18:14 DiffusionOperatorP1: Calulate gradients of shape functions transformed by reference map ...
18:14 DiffusionOperatorP1: Calculate all local scalar products beween gradients ...
18:14 DiffusionOperatorP1: Determine global dofs ...
18:14 DiffusionOperatorP1: Boundary treatment ...
18:14 DiffusionOperatorP1: Assemble system matrix ...
18:14 DiffusionOperatorP1: Calulate gradients of shape functions transformed by reference map ...
18:14 DiffusionOperatorP1: Calculate all local scalar products beween gradients ...
18:14 DiffusionOperatorP1: Determine global dofs ...
18:14 DiffusionOperatorP1: Boundary treatment ...
18:14 DiffusionOperatorP1: Assemble system matrix ...
18:14 DiffusionOperatorP1: Calulate gradients of shape functions transformed by reference map ...
18:14 DiffusionOperatorP1: Calculate all local scalar products beween gradients ...
18:14 DiffusionOperatorP1: Determine global dofs ...
18:14 DiffusionOperatorP1: Boundary treatment ...
18:14 DiffusionOperatorP1: Assemble system matrix ...
18:14 DiffusionOperatorP1: Calulate gradients of shape functions transformed by reference map ...
18:14 DiffusionOperatorP1: Calculate all local scalar products beween gradients ...
18:14 DiffusionOperatorP1: Determine global dofs ...
18:14 DiffusionOperatorP1: Boundary treatment ...
18:14 DiffusionOperatorP1: Assemble system matrix ...
18:14 L2ProductP1: Integrate the products of the shape functions on each element
18:14 L2ProductP1: Determine global dofs ...
18:14 L2ProductP1: Boundary treatment ...
18:14 L2ProductP1: Assemble system matrix ...
18:14 DiffusionOperatorP1: Calulate gradients of shape functions transformed by reference map ...
18:14 DiffusionOperatorP1: Calculate all local scalar products beween gradients ...
18:14 DiffusionOperatorP1: Determine global dofs ...
18:14 DiffusionOperatorP1: Boundary treatment ...
18:14 DiffusionOperatorP1: Assemble system matrix ...
18:14 L2ProductP1: Integrate the products of the shape functions on each element
18:14 L2ProductP1: Determine global dofs ...
18:14 L2ProductP1: Boundary treatment ...
18:14 L2ProductP1: Assemble system matrix ...
18:14 DiffusionOperatorP1: Calulate gradients of shape functions transformed by reference map ...
18:14 DiffusionOperatorP1: Calculate all local scalar products beween gradients ...
18:14 DiffusionOperatorP1: Determine global dofs ...
18:14 DiffusionOperatorP1: Boundary treatment ...
18:14 DiffusionOperatorP1: Assemble system matrix ...
18:14 gram_schmidt: Orthonormalizing vector 3 again
18:14 gram_schmidt: Orthonormalizing vector 4 again
18:14 gram_schmidt: Orthonormalizing vector 3 again
18:14 gram_schmidt: Orthonormalizing vector 4 again
</system-err></testcase><testcase classname="src.pymortests.algorithms.gram_schmidt" file="src/pymortests/algorithms/gram_schmidt.py" line="42" name="test_gram_schmidt_with_product[&lt;lambda&gt;1]" time="0.03169441223144531"><system-err>18:14 DiffusionOperatorP1: Calulate gradients of shape functions transformed by reference map ...
18:14 DiffusionOperatorP1: Calculate all local scalar products beween gradients ...
18:14 DiffusionOperatorP1: Determine global dofs ...
18:14 DiffusionOperatorP1: Boundary treatment ...
18:14 DiffusionOperatorP1: Assemble system matrix ...
18:14 DiffusionOperatorP1: Calulate gradients of shape functions transformed by reference map ...
18:14 DiffusionOperatorP1: Calculate all local scalar products beween gradients ...
18:14 DiffusionOperatorP1: Determine global dofs ...
18:14 DiffusionOperatorP1: Boundary treatment ...
18:14 DiffusionOperatorP1: Assemble system matrix ...
18:14 L2ProductP1: Integrate the products of the shape functions on each element
18:14 L2ProductP1: Determine global dofs ...
18:14 L2ProductP1: Boundary treatment ...
18:14 L2ProductP1: Assemble system matrix ...
18:14 DiffusionOperatorP1: Calulate gradients of shape functions transformed by reference map ...
18:14 DiffusionOperatorP1: Calculate all local scalar products beween gradients ...
18:14 DiffusionOperatorP1: Determine global dofs ...
18:14 DiffusionOperatorP1: Boundary treatment ...
18:14 DiffusionOperatorP1: Assemble system matrix ...
18:14 L2ProductP1: Integrate the products of the shape functions on each element
18:14 L2ProductP1: Determine global dofs ...
18:14 L2ProductP1: Boundary treatment ...
18:14 L2ProductP1: Assemble system matrix ...
18:14 DiffusionOperatorP1: Calulate gradients of shape functions transformed by reference map ...
18:14 DiffusionOperatorP1: Calculate all local scalar products beween gradients ...
18:14 DiffusionOperatorP1: Determine global dofs ...
18:14 DiffusionOperatorP1: Boundary treatment ...
18:14 DiffusionOperatorP1: Assemble system matrix ...
18:14 gram_schmidt: Orthonormalizing vector 1 again
18:14 gram_schmidt: Orthonormalizing vector 2 again
18:14 gram_schmidt: Orthonormalizing vector 3 again
18:14 gram_schmidt: Orthonormalizing vector 4 again
18:14 gram_schmidt: Orthonormalizing vector 1 again
18:14 gram_schmidt: Orthonormalizing vector 2 again
18:14 gram_schmidt: Orthonormalizing vector 3 again
18:14 gram_schmidt: Orthonormalizing vector 4 again
</system-err></testcase><testcase classname="src.pymortests.algorithms.gram_schmidt" file="src/pymortests/algorithms/gram_schmidt.py" line="42" name="test_gram_schmidt_with_product[&lt;lambda&gt;2]" time="0.03543901443481445"><system-err>18:14 DiffusionOperatorP1: Calulate gradients of shape functions transformed by reference map ...
18:14 DiffusionOperatorP1: Calculate all local scalar products beween gradients ...
18:14 DiffusionOperatorP1: Determine global dofs ...
18:14 DiffusionOperatorP1: Boundary treatment ...
18:14 DiffusionOperatorP1: Assemble system matrix ...
18:14 DiffusionOperatorP1: Calulate gradients of shape functions transformed by reference map ...
18:14 DiffusionOperatorP1: Calculate all local scalar products beween gradients ...
18:14 DiffusionOperatorP1: Determine global dofs ...
18:14 DiffusionOperatorP1: Boundary treatment ...
18:14 DiffusionOperatorP1: Assemble system matrix ...
18:14 DiffusionOperatorP1: Calulate gradients of shape functions transformed by reference map ...
18:14 DiffusionOperatorP1: Calculate all local scalar products beween gradients ...
18:14 DiffusionOperatorP1: Determine global dofs ...
18:14 DiffusionOperatorP1: Boundary treatment ...
18:14 DiffusionOperatorP1: Assemble system matrix ...
18:14 DiffusionOperatorP1: Calulate gradients of shape functions transformed by reference map ...
18:14 DiffusionOperatorP1: Calculate all local scalar products beween gradients ...
18:14 DiffusionOperatorP1: Determine global dofs ...
18:14 DiffusionOperatorP1: Boundary treatment ...
18:14 DiffusionOperatorP1: Assemble system matrix ...
18:14 DiffusionOperatorP1: Calulate gradients of shape functions transformed by reference map ...
18:14 DiffusionOperatorP1: Calculate all local scalar products beween gradients ...
18:14 DiffusionOperatorP1: Determine global dofs ...
18:14 DiffusionOperatorP1: Boundary treatment ...
18:14 DiffusionOperatorP1: Assemble system matrix ...
18:14 L2ProductP1: Integrate the products of the shape functions on each element
18:14 L2ProductP1: Determine global dofs ...
18:14 L2ProductP1: Boundary treatment ...
18:14 L2ProductP1: Assemble system matrix ...
18:14 DiffusionOperatorP1: Calulate gradients of shape functions transformed by reference map ...
18:14 DiffusionOperatorP1: Calculate all local scalar products beween gradients ...
18:14 DiffusionOperatorP1: Determine global dofs ...
18:14 DiffusionOperatorP1: Boundary treatment ...
18:14 DiffusionOperatorP1: Assemble system matrix ...
18:14 L2ProductP1: Integrate the products of the shape functions on each element
18:14 L2ProductP1: Determine global dofs ...
18:14 L2ProductP1: Boundary treatment ...
18:14 L2ProductP1: Assemble system matrix ...
18:14 DiffusionOperatorP1: Calulate gradients of shape functions transformed by reference map ...
18:14 DiffusionOperatorP1: Calculate all local scalar products beween gradients ...
18:14 DiffusionOperatorP1: Determine global dofs ...
18:14 DiffusionOperatorP1: Boundary treatment ...
18:14 DiffusionOperatorP1: Assemble system matrix ...
18:14 gram_schmidt: Orthonormalizing vector 3 again
18:14 gram_schmidt: Orthonormalizing vector 4 again
18:14 gram_schmidt: Orthonormalizing vector 3 again
18:14 gram_schmidt: Orthonormalizing vector 4 again
</system-err></testcase><testcase classname="src.pymortests.algorithms.gram_schmidt" file="src/pymortests/algorithms/gram_schmidt.py" line="42" name="test_gram_schmidt_with_product[&lt;lambda&gt;3]" time="0.032317161560058594"><system-err>18:14 DiffusionOperatorP1: Calulate gradients of shape functions transformed by reference map ...
18:14 DiffusionOperatorP1: Calculate all local scalar products beween gradients ...
18:14 DiffusionOperatorP1: Determine global dofs ...
18:14 DiffusionOperatorP1: Boundary treatment ...
18:14 DiffusionOperatorP1: Assemble system matrix ...
18:14 DiffusionOperatorP1: Calulate gradients of shape functions transformed by reference map ...
18:14 DiffusionOperatorP1: Calculate all local scalar products beween gradients ...
18:14 DiffusionOperatorP1: Determine global dofs ...
18:14 DiffusionOperatorP1: Boundary treatment ...
18:14 DiffusionOperatorP1: Assemble system matrix ...
18:14 L2ProductP1: Integrate the products of the shape functions on each element
18:14 L2ProductP1: Determine global dofs ...
18:14 L2ProductP1: Boundary treatment ...
18:14 L2ProductP1: Assemble system matrix ...
18:14 DiffusionOperatorP1: Calulate gradients of shape functions transformed by reference map ...
18:14 DiffusionOperatorP1: Calculate all local scalar products beween gradients ...
18:14 DiffusionOperatorP1: Determine global dofs ...
18:14 DiffusionOperatorP1: Boundary treatment ...
18:14 DiffusionOperatorP1: Assemble system matrix ...
18:14 L2ProductP1: Integrate the products of the shape functions on each element
18:14 L2ProductP1: Determine global dofs ...
18:14 L2ProductP1: Boundary treatment ...
18:14 L2ProductP1: Assemble system matrix ...
18:14 DiffusionOperatorP1: Calulate gradients of shape functions transformed by reference map ...
18:14 DiffusionOperatorP1: Calculate all local scalar products beween gradients ...
18:14 DiffusionOperatorP1: Determine global dofs ...
18:14 DiffusionOperatorP1: Boundary treatment ...
18:14 DiffusionOperatorP1: Assemble system matrix ...
18:14 gram_schmidt: Orthonormalizing vector 1 again
18:14 gram_schmidt: Orthonormalizing vector 2 again
18:14 gram_schmidt: Orthonormalizing vector 3 again
18:14 gram_schmidt: Orthonormalizing vector 4 again
18:14 gram_schmidt: Orthonormalizing vector 1 again
18:14 gram_schmidt: Orthonormalizing vector 2 again
18:14 gram_schmidt: Orthonormalizing vector 3 again
18:14 gram_schmidt: Orthonormalizing vector 4 again
</system-err></testcase><testcase classname="src.pymortests.algorithms.gram_schmidt" file="src/pymortests/algorithms/gram_schmidt.py" line="42" name="test_gram_schmidt_with_product[&lt;lambda&gt;4]" time="0.03438544273376465"><system-err>18:14 DiffusionOperatorP1: Calulate gradients of shape functions transformed by reference map ...
18:14 DiffusionOperatorP1: Calculate all local scalar products beween gradients ...
18:14 DiffusionOperatorP1: Determine global dofs ...
18:14 DiffusionOperatorP1: Boundary treatment ...
18:14 DiffusionOperatorP1: Assemble system matrix ...
18:14 DiffusionOperatorP1: Calulate gradients of shape functions transformed by reference map ...
18:14 DiffusionOperatorP1: Calculate all local scalar products beween gradients ...
18:14 DiffusionOperatorP1: Determine global dofs ...
18:14 DiffusionOperatorP1: Boundary treatment ...
18:14 DiffusionOperatorP1: Assemble system matrix ...
18:14 DiffusionOperatorP1: Calulate gradients of shape functions transformed by reference map ...
18:14 DiffusionOperatorP1: Calculate all local scalar products beween gradients ...
18:14 DiffusionOperatorP1: Determine global dofs ...
18:14 DiffusionOperatorP1: Boundary treatment ...
18:14 DiffusionOperatorP1: Assemble system matrix ...
18:14 DiffusionOperatorP1: Calulate gradients of shape functions transformed by reference map ...
18:14 DiffusionOperatorP1: Calculate all local scalar products beween gradients ...
18:14 DiffusionOperatorP1: Determine global dofs ...
18:14 DiffusionOperatorP1: Boundary treatment ...
18:14 DiffusionOperatorP1: Assemble system matrix ...
18:14 DiffusionOperatorP1: Calulate gradients of shape functions transformed by reference map ...
18:14 DiffusionOperatorP1: Calculate all local scalar products beween gradients ...
18:14 DiffusionOperatorP1: Determine global dofs ...
18:14 DiffusionOperatorP1: Boundary treatment ...
18:14 DiffusionOperatorP1: Assemble system matrix ...
18:14 L2ProductP1: Integrate the products of the shape functions on each element
18:14 L2ProductP1: Determine global dofs ...
18:14 L2ProductP1: Boundary treatment ...
18:14 L2ProductP1: Assemble system matrix ...
18:14 DiffusionOperatorP1: Calulate gradients of shape functions transformed by reference map ...
18:14 DiffusionOperatorP1: Calculate all local scalar products beween gradients ...
18:14 DiffusionOperatorP1: Determine global dofs ...
18:14 DiffusionOperatorP1: Boundary treatment ...
18:14 DiffusionOperatorP1: Assemble system matrix ...
18:14 L2ProductP1: Integrate the products of the shape functions on each element
18:14 L2ProductP1: Determine global dofs ...
18:14 L2ProductP1: Boundary treatment ...
18:14 L2ProductP1: Assemble system matrix ...
18:14 DiffusionOperatorP1: Calulate gradients of shape functions transformed by reference map ...
18:14 DiffusionOperatorP1: Calculate all local scalar products beween gradients ...
18:14 DiffusionOperatorP1: Determine global dofs ...
18:14 DiffusionOperatorP1: Boundary treatment ...
18:14 DiffusionOperatorP1: Assemble system matrix ...
18:14 gram_schmidt: Orthonormalizing vector 3 again
18:14 gram_schmidt: Orthonormalizing vector 4 again
18:14 gram_schmidt: Orthonormalizing vector 3 again
18:14 gram_schmidt: Orthonormalizing vector 4 again
</system-err></testcase><testcase classname="src.pymortests.algorithms.gram_schmidt" file="src/pymortests/algorithms/gram_schmidt.py" line="42" name="test_gram_schmidt_with_product[&lt;lambda&gt;5]" time="0.03194761276245117"><system-err>18:14 DiffusionOperatorP1: Calulate gradients of shape functions transformed by reference map ...
18:14 DiffusionOperatorP1: Calculate all local scalar products beween gradients ...
18:14 DiffusionOperatorP1: Determine global dofs ...
18:14 DiffusionOperatorP1: Boundary treatment ...
18:14 DiffusionOperatorP1: Assemble system matrix ...
18:14 DiffusionOperatorP1: Calulate gradients of shape functions transformed by reference map ...
18:14 DiffusionOperatorP1: Calculate all local scalar products beween gradients ...
18:14 DiffusionOperatorP1: Determine global dofs ...
18:14 DiffusionOperatorP1: Boundary treatment ...
18:14 DiffusionOperatorP1: Assemble system matrix ...
18:14 L2ProductP1: Integrate the products of the shape functions on each element
18:14 L2ProductP1: Determine global dofs ...
18:14 L2ProductP1: Boundary treatment ...
18:14 L2ProductP1: Assemble system matrix ...
18:14 DiffusionOperatorP1: Calulate gradients of shape functions transformed by reference map ...
18:14 DiffusionOperatorP1: Calculate all local scalar products beween gradients ...
18:14 DiffusionOperatorP1: Determine global dofs ...
18:14 DiffusionOperatorP1: Boundary treatment ...
18:14 DiffusionOperatorP1: Assemble system matrix ...
18:14 L2ProductP1: Integrate the products of the shape functions on each element
18:14 L2ProductP1: Determine global dofs ...
18:14 L2ProductP1: Boundary treatment ...
18:14 L2ProductP1: Assemble system matrix ...
18:14 DiffusionOperatorP1: Calulate gradients of shape functions transformed by reference map ...
18:14 DiffusionOperatorP1: Calculate all local scalar products beween gradients ...
18:14 DiffusionOperatorP1: Determine global dofs ...
18:14 DiffusionOperatorP1: Boundary treatment ...
18:14 DiffusionOperatorP1: Assemble system matrix ...
18:14 gram_schmidt: Orthonormalizing vector 1 again
18:14 gram_schmidt: Orthonormalizing vector 2 again
18:14 gram_schmidt: Orthonormalizing vector 3 again
18:14 gram_schmidt: Orthonormalizing vector 4 again
18:14 gram_schmidt: Orthonormalizing vector 1 again
18:14 gram_schmidt: Orthonormalizing vector 2 again
18:14 gram_schmidt: Orthonormalizing vector 3 again
18:14 gram_schmidt: Orthonormalizing vector 4 again
</system-err></testcase><testcase classname="src.pymortests.algorithms.gram_schmidt" file="src/pymortests/algorithms/gram_schmidt.py" line="42" name="test_gram_schmidt_with_product[&lt;lambda&gt;6]" time="0.040717124938964844"><system-err>18:14 DiffusionOperatorP1: Calulate gradients of shape functions transformed by reference map ...
18:14 DiffusionOperatorP1: Calculate all local scalar products beween gradients ...
18:14 DiffusionOperatorP1: Determine global dofs ...
18:14 DiffusionOperatorP1: Boundary treatment ...
18:14 DiffusionOperatorP1: Assemble system matrix ...
18:14 DiffusionOperatorP1: Calulate gradients of shape functions transformed by reference map ...
18:14 DiffusionOperatorP1: Calculate all local scalar products beween gradients ...
18:14 DiffusionOperatorP1: Determine global dofs ...
18:14 DiffusionOperatorP1: Boundary treatment ...
18:14 DiffusionOperatorP1: Assemble system matrix ...
18:14 DiffusionOperatorP1: Calulate gradients of shape functions transformed by reference map ...
18:14 DiffusionOperatorP1: Calculate all local scalar products beween gradients ...
18:14 DiffusionOperatorP1: Determine global dofs ...
18:14 DiffusionOperatorP1: Boundary treatment ...
18:14 DiffusionOperatorP1: Assemble system matrix ...
18:14 DiffusionOperatorP1: Calulate gradients of shape functions transformed by reference map ...
18:14 DiffusionOperatorP1: Calculate all local scalar products beween gradients ...
18:14 DiffusionOperatorP1: Determine global dofs ...
18:14 DiffusionOperatorP1: Boundary treatment ...
18:14 DiffusionOperatorP1: Assemble system matrix ...
18:14 DiffusionOperatorP1: Calulate gradients of shape functions transformed by reference map ...
18:14 DiffusionOperatorP1: Calculate all local scalar products beween gradients ...
18:14 DiffusionOperatorP1: Determine global dofs ...
18:14 DiffusionOperatorP1: Boundary treatment ...
18:14 DiffusionOperatorP1: Assemble system matrix ...
18:14 L2ProductP1: Integrate the products of the shape functions on each element
18:14 L2ProductP1: Determine global dofs ...
18:14 L2ProductP1: Boundary treatment ...
18:14 L2ProductP1: Assemble system matrix ...
18:14 DiffusionOperatorP1: Calulate gradients of shape functions transformed by reference map ...
18:14 DiffusionOperatorP1: Calculate all local scalar products beween gradients ...
18:14 DiffusionOperatorP1: Determine global dofs ...
18:14 DiffusionOperatorP1: Boundary treatment ...
18:14 DiffusionOperatorP1: Assemble system matrix ...
18:14 L2ProductP1: Integrate the products of the shape functions on each element
18:14 L2ProductP1: Determine global dofs ...
18:14 L2ProductP1: Boundary treatment ...
18:14 L2ProductP1: Assemble system matrix ...
18:14 DiffusionOperatorP1: Calulate gradients of shape functions transformed by reference map ...
18:14 DiffusionOperatorP1: Calculate all local scalar products beween gradients ...
18:14 DiffusionOperatorP1: Determine global dofs ...
18:14 DiffusionOperatorP1: Boundary treatment ...
18:14 DiffusionOperatorP1: Assemble system matrix ...
18:14 gram_schmidt: Orthonormalizing vector 3 again
18:14 gram_schmidt: Orthonormalizing vector 4 again
18:14 gram_schmidt: Orthonormalizing vector 3 again
18:14 gram_schmidt: Orthonormalizing vector 4 again
</system-err></testcase><testcase classname="src.pymortests.algorithms.gram_schmidt" file="src/pymortests/algorithms/gram_schmidt.py" line="42" name="test_gram_schmidt_with_product[&lt;lambda&gt;7]" time="0.03359651565551758"><system-err>18:14 DiffusionOperatorP1: Calulate gradients of shape functions transformed by reference map ...
18:14 DiffusionOperatorP1: Calculate all local scalar products beween gradients ...
18:14 DiffusionOperatorP1: Determine global dofs ...
18:14 DiffusionOperatorP1: Boundary treatment ...
18:14 DiffusionOperatorP1: Assemble system matrix ...
18:14 DiffusionOperatorP1: Calulate gradients of shape functions transformed by reference map ...
18:14 DiffusionOperatorP1: Calculate all local scalar products beween gradients ...
18:14 DiffusionOperatorP1: Determine global dofs ...
18:14 DiffusionOperatorP1: Boundary treatment ...
18:14 DiffusionOperatorP1: Assemble system matrix ...
18:14 L2ProductP1: Integrate the products of the shape functions on each element
18:14 L2ProductP1: Determine global dofs ...
18:14 L2ProductP1: Boundary treatment ...
18:14 L2ProductP1: Assemble system matrix ...
18:14 DiffusionOperatorP1: Calulate gradients of shape functions transformed by reference map ...
18:14 DiffusionOperatorP1: Calculate all local scalar products beween gradients ...
18:14 DiffusionOperatorP1: Determine global dofs ...
18:14 DiffusionOperatorP1: Boundary treatment ...
18:14 DiffusionOperatorP1: Assemble system matrix ...
18:14 L2ProductP1: Integrate the products of the shape functions on each element
18:14 L2ProductP1: Determine global dofs ...
18:14 L2ProductP1: Boundary treatment ...
18:14 L2ProductP1: Assemble system matrix ...
18:14 DiffusionOperatorP1: Calulate gradients of shape functions transformed by reference map ...
18:14 DiffusionOperatorP1: Calculate all local scalar products beween gradients ...
18:14 DiffusionOperatorP1: Determine global dofs ...
18:14 DiffusionOperatorP1: Boundary treatment ...
18:14 DiffusionOperatorP1: Assemble system matrix ...
18:14 gram_schmidt: Orthonormalizing vector 1 again
18:14 gram_schmidt: Orthonormalizing vector 2 again
18:14 gram_schmidt: Orthonormalizing vector 3 again
18:14 gram_schmidt: Orthonormalizing vector 4 again
18:14 gram_schmidt: Orthonormalizing vector 1 again
18:14 gram_schmidt: Orthonormalizing vector 2 again
18:14 gram_schmidt: Orthonormalizing vector 3 again
18:14 gram_schmidt: Orthonormalizing vector 4 again
</system-err></testcase><testcase classname="src.pymortests.algorithms.gram_schmidt" file="src/pymortests/algorithms/gram_schmidt.py" line="42" name="test_gram_schmidt_with_product[&lt;lambda&gt;8]" time="0.034337520599365234"><system-err>18:14 DiffusionOperatorP1: Calulate gradients of shape functions transformed by reference map ...
18:14 DiffusionOperatorP1: Calculate all local scalar products beween gradients ...
18:14 DiffusionOperatorP1: Determine global dofs ...
18:14 DiffusionOperatorP1: Boundary treatment ...
18:14 DiffusionOperatorP1: Assemble system matrix ...
18:14 DiffusionOperatorP1: Calulate gradients of shape functions transformed by reference map ...
18:14 DiffusionOperatorP1: Calculate all local scalar products beween gradients ...
18:14 DiffusionOperatorP1: Determine global dofs ...
18:14 DiffusionOperatorP1: Boundary treatment ...
18:14 DiffusionOperatorP1: Assemble system matrix ...
18:14 DiffusionOperatorP1: Calulate gradients of shape functions transformed by reference map ...
18:14 DiffusionOperatorP1: Calculate all local scalar products beween gradients ...
18:14 DiffusionOperatorP1: Determine global dofs ...
18:14 DiffusionOperatorP1: Boundary treatment ...
18:14 DiffusionOperatorP1: Assemble system matrix ...
18:14 DiffusionOperatorP1: Calulate gradients of shape functions transformed by reference map ...
18:14 DiffusionOperatorP1: Calculate all local scalar products beween gradients ...
18:14 DiffusionOperatorP1: Determine global dofs ...
18:14 DiffusionOperatorP1: Boundary treatment ...
18:14 DiffusionOperatorP1: Assemble system matrix ...
18:14 DiffusionOperatorP1: Calulate gradients of shape functions transformed by reference map ...
18:14 DiffusionOperatorP1: Calculate all local scalar products beween gradients ...
18:14 DiffusionOperatorP1: Determine global dofs ...
18:14 DiffusionOperatorP1: Boundary treatment ...
18:14 DiffusionOperatorP1: Assemble system matrix ...
18:14 L2ProductP1: Integrate the products of the shape functions on each element
18:14 L2ProductP1: Determine global dofs ...
18:14 L2ProductP1: Boundary treatment ...
18:14 L2ProductP1: Assemble system matrix ...
18:14 DiffusionOperatorP1: Calulate gradients of shape functions transformed by reference map ...
18:14 DiffusionOperatorP1: Calculate all local scalar products beween gradients ...
18:14 DiffusionOperatorP1: Determine global dofs ...
18:14 DiffusionOperatorP1: Boundary treatment ...
18:14 DiffusionOperatorP1: Assemble system matrix ...
18:14 L2ProductP1: Integrate the products of the shape functions on each element
18:14 L2ProductP1: Determine global dofs ...
18:14 L2ProductP1: Boundary treatment ...
18:14 L2ProductP1: Assemble system matrix ...
18:14 DiffusionOperatorP1: Calulate gradients of shape functions transformed by reference map ...
18:14 DiffusionOperatorP1: Calculate all local scalar products beween gradients ...
18:14 DiffusionOperatorP1: Determine global dofs ...
18:14 DiffusionOperatorP1: Boundary treatment ...
18:14 DiffusionOperatorP1: Assemble system matrix ...
18:14 gram_schmidt: Orthonormalizing vector 3 again
18:14 gram_schmidt: Orthonormalizing vector 4 again
18:14 gram_schmidt: Orthonormalizing vector 3 again
18:14 gram_schmidt: Orthonormalizing vector 4 again
</system-err></testcase><testcase classname="src.pymortests.algorithms.gram_schmidt" file="src/pymortests/algorithms/gram_schmidt.py" line="42" name="test_gram_schmidt_with_product[&lt;lambda&gt;9]" time="0.031293630599975586"><system-err>18:14 DiffusionOperatorP1: Calulate gradients of shape functions transformed by reference map ...
18:14 DiffusionOperatorP1: Calculate all local scalar products beween gradients ...
18:14 DiffusionOperatorP1: Determine global dofs ...
18:14 DiffusionOperatorP1: Boundary treatment ...
18:14 DiffusionOperatorP1: Assemble system matrix ...
18:14 DiffusionOperatorP1: Calulate gradients of shape functions transformed by reference map ...
18:14 DiffusionOperatorP1: Calculate all local scalar products beween gradients ...
18:14 DiffusionOperatorP1: Determine global dofs ...
18:14 DiffusionOperatorP1: Boundary treatment ...
18:14 DiffusionOperatorP1: Assemble system matrix ...
18:14 L2ProductP1: Integrate the products of the shape functions on each element
18:14 L2ProductP1: Determine global dofs ...
18:14 L2ProductP1: Boundary treatment ...
18:14 L2ProductP1: Assemble system matrix ...
18:14 DiffusionOperatorP1: Calulate gradients of shape functions transformed by reference map ...
18:14 DiffusionOperatorP1: Calculate all local scalar products beween gradients ...
18:14 DiffusionOperatorP1: Determine global dofs ...
18:14 DiffusionOperatorP1: Boundary treatment ...
18:14 DiffusionOperatorP1: Assemble system matrix ...
18:14 L2ProductP1: Integrate the products of the shape functions on each element
18:14 L2ProductP1: Determine global dofs ...
18:14 L2ProductP1: Boundary treatment ...
18:14 L2ProductP1: Assemble system matrix ...
18:14 DiffusionOperatorP1: Calulate gradients of shape functions transformed by reference map ...
18:14 DiffusionOperatorP1: Calculate all local scalar products beween gradients ...
18:14 DiffusionOperatorP1: Determine global dofs ...
18:14 DiffusionOperatorP1: Boundary treatment ...
18:14 DiffusionOperatorP1: Assemble system matrix ...
18:14 gram_schmidt: Orthonormalizing vector 1 again
18:14 gram_schmidt: Orthonormalizing vector 2 again
18:14 gram_schmidt: Orthonormalizing vector 3 again
18:14 gram_schmidt: Orthonormalizing vector 4 again
18:14 gram_schmidt: Orthonormalizing vector 1 again
18:14 gram_schmidt: Orthonormalizing vector 2 again
18:14 gram_schmidt: Orthonormalizing vector 3 again
18:14 gram_schmidt: Orthonormalizing vector 4 again
</system-err></testcase><testcase classname="src.pymortests.algorithms.gram_schmidt" file="src/pymortests/algorithms/gram_schmidt.py" line="42" name="test_gram_schmidt_with_product[&lt;lambda&gt;10]" time="0.0343780517578125"><system-err>18:14 DiffusionOperatorP1: Calulate gradients of shape functions transformed by reference map ...
18:14 DiffusionOperatorP1: Calculate all local scalar products beween gradients ...
18:14 DiffusionOperatorP1: Determine global dofs ...
18:14 DiffusionOperatorP1: Boundary treatment ...
18:14 DiffusionOperatorP1: Assemble system matrix ...
18:14 DiffusionOperatorP1: Calulate gradients of shape functions transformed by reference map ...
18:14 DiffusionOperatorP1: Calculate all local scalar products beween gradients ...
18:14 DiffusionOperatorP1: Determine global dofs ...
18:14 DiffusionOperatorP1: Boundary treatment ...
18:14 DiffusionOperatorP1: Assemble system matrix ...
18:14 DiffusionOperatorP1: Calulate gradients of shape functions transformed by reference map ...
18:14 DiffusionOperatorP1: Calculate all local scalar products beween gradients ...
18:14 DiffusionOperatorP1: Determine global dofs ...
18:14 DiffusionOperatorP1: Boundary treatment ...
18:14 DiffusionOperatorP1: Assemble system matrix ...
18:14 DiffusionOperatorP1: Calulate gradients of shape functions transformed by reference map ...
18:14 DiffusionOperatorP1: Calculate all local scalar products beween gradients ...
18:14 DiffusionOperatorP1: Determine global dofs ...
18:14 DiffusionOperatorP1: Boundary treatment ...
18:14 DiffusionOperatorP1: Assemble system matrix ...
18:14 DiffusionOperatorP1: Calulate gradients of shape functions transformed by reference map ...
18:14 DiffusionOperatorP1: Calculate all local scalar products beween gradients ...
18:14 DiffusionOperatorP1: Determine global dofs ...
18:14 DiffusionOperatorP1: Boundary treatment ...
18:14 DiffusionOperatorP1: Assemble system matrix ...
18:14 L2ProductP1: Integrate the products of the shape functions on each element
18:14 L2ProductP1: Determine global dofs ...
18:14 L2ProductP1: Boundary treatment ...
18:14 L2ProductP1: Assemble system matrix ...
18:14 DiffusionOperatorP1: Calulate gradients of shape functions transformed by reference map ...
18:14 DiffusionOperatorP1: Calculate all local scalar products beween gradients ...
18:14 DiffusionOperatorP1: Determine global dofs ...
18:14 DiffusionOperatorP1: Boundary treatment ...
18:14 DiffusionOperatorP1: Assemble system matrix ...
18:14 L2ProductP1: Integrate the products of the shape functions on each element
18:14 L2ProductP1: Determine global dofs ...
18:14 L2ProductP1: Boundary treatment ...
18:14 L2ProductP1: Assemble system matrix ...
18:14 DiffusionOperatorP1: Calulate gradients of shape functions transformed by reference map ...
18:14 DiffusionOperatorP1: Calculate all local scalar products beween gradients ...
18:14 DiffusionOperatorP1: Determine global dofs ...
18:14 DiffusionOperatorP1: Boundary treatment ...
18:14 DiffusionOperatorP1: Assemble system matrix ...
18:14 gram_schmidt: Orthonormalizing vector 3 again
18:14 gram_schmidt: Orthonormalizing vector 4 again
18:14 gram_schmidt: Orthonormalizing vector 3 again
18:14 gram_schmidt: Orthonormalizing vector 4 again
</system-err></testcase><testcase classname="src.pymortests.algorithms.gram_schmidt" file="src/pymortests/algorithms/gram_schmidt.py" line="42" name="test_gram_schmidt_with_product[&lt;lambda&gt;11]" time="0.03297877311706543"><system-err>18:14 DiffusionOperatorP1: Calulate gradients of shape functions transformed by reference map ...
18:14 DiffusionOperatorP1: Calculate all local scalar products beween gradients ...
18:14 DiffusionOperatorP1: Determine global dofs ...
18:14 DiffusionOperatorP1: Boundary treatment ...
18:14 DiffusionOperatorP1: Assemble system matrix ...
18:14 DiffusionOperatorP1: Calulate gradients of shape functions transformed by reference map ...
18:14 DiffusionOperatorP1: Calculate all local scalar products beween gradients ...
18:14 DiffusionOperatorP1: Determine global dofs ...
18:14 DiffusionOperatorP1: Boundary treatment ...
18:14 DiffusionOperatorP1: Assemble system matrix ...
18:14 L2ProductP1: Integrate the products of the shape functions on each element
18:14 L2ProductP1: Determine global dofs ...
18:14 L2ProductP1: Boundary treatment ...
18:14 L2ProductP1: Assemble system matrix ...
18:14 DiffusionOperatorP1: Calulate gradients of shape functions transformed by reference map ...
18:14 DiffusionOperatorP1: Calculate all local scalar products beween gradients ...
18:14 DiffusionOperatorP1: Determine global dofs ...
18:14 DiffusionOperatorP1: Boundary treatment ...
18:14 DiffusionOperatorP1: Assemble system matrix ...
18:14 L2ProductP1: Integrate the products of the shape functions on each element
18:14 L2ProductP1: Determine global dofs ...
18:14 L2ProductP1: Boundary treatment ...
18:14 L2ProductP1: Assemble system matrix ...
18:14 DiffusionOperatorP1: Calulate gradients of shape functions transformed by reference map ...
18:14 DiffusionOperatorP1: Calculate all local scalar products beween gradients ...
18:14 DiffusionOperatorP1: Determine global dofs ...
18:14 DiffusionOperatorP1: Boundary treatment ...
18:14 DiffusionOperatorP1: Assemble system matrix ...
18:14 gram_schmidt: Orthonormalizing vector 1 again
18:14 gram_schmidt: Orthonormalizing vector 2 again
18:14 gram_schmidt: Orthonormalizing vector 3 again
18:14 gram_schmidt: Orthonormalizing vector 4 again
18:14 gram_schmidt: Orthonormalizing vector 1 again
18:14 gram_schmidt: Orthonormalizing vector 2 again
18:14 gram_schmidt: Orthonormalizing vector 3 again
18:14 gram_schmidt: Orthonormalizing vector 4 again
</system-err></testcase><testcase classname="src.pymortests.algorithms.gram_schmidt" file="src/pymortests/algorithms/gram_schmidt.py" line="42" name="test_gram_schmidt_with_product[&lt;lambda&gt;12]" time="0.034502506256103516"><system-err>18:14 DiffusionOperatorP1: Calulate gradients of shape functions transformed by reference map ...
18:14 DiffusionOperatorP1: Calculate all local scalar products beween gradients ...
18:14 DiffusionOperatorP1: Determine global dofs ...
18:14 DiffusionOperatorP1: Boundary treatment ...
18:14 DiffusionOperatorP1: Assemble system matrix ...
18:14 DiffusionOperatorP1: Calulate gradients of shape functions transformed by reference map ...
18:14 DiffusionOperatorP1: Calculate all local scalar products beween gradients ...
18:14 DiffusionOperatorP1: Determine global dofs ...
18:14 DiffusionOperatorP1: Boundary treatment ...
18:14 DiffusionOperatorP1: Assemble system matrix ...
18:14 DiffusionOperatorP1: Calulate gradients of shape functions transformed by reference map ...
18:14 DiffusionOperatorP1: Calculate all local scalar products beween gradients ...
18:14 DiffusionOperatorP1: Determine global dofs ...
18:14 DiffusionOperatorP1: Boundary treatment ...
18:14 DiffusionOperatorP1: Assemble system matrix ...
18:14 DiffusionOperatorP1: Calulate gradients of shape functions transformed by reference map ...
18:14 DiffusionOperatorP1: Calculate all local scalar products beween gradients ...
18:14 DiffusionOperatorP1: Determine global dofs ...
18:14 DiffusionOperatorP1: Boundary treatment ...
18:14 DiffusionOperatorP1: Assemble system matrix ...
18:14 DiffusionOperatorP1: Calulate gradients of shape functions transformed by reference map ...
18:14 DiffusionOperatorP1: Calculate all local scalar products beween gradients ...
18:14 DiffusionOperatorP1: Determine global dofs ...
18:14 DiffusionOperatorP1: Boundary treatment ...
18:14 DiffusionOperatorP1: Assemble system matrix ...
18:14 L2ProductP1: Integrate the products of the shape functions on each element
18:14 L2ProductP1: Determine global dofs ...
18:14 L2ProductP1: Boundary treatment ...
18:14 L2ProductP1: Assemble system matrix ...
18:14 DiffusionOperatorP1: Calulate gradients of shape functions transformed by reference map ...
18:14 DiffusionOperatorP1: Calculate all local scalar products beween gradients ...
18:14 DiffusionOperatorP1: Determine global dofs ...
18:14 DiffusionOperatorP1: Boundary treatment ...
18:14 DiffusionOperatorP1: Assemble system matrix ...
18:14 L2ProductP1: Integrate the products of the shape functions on each element
18:14 L2ProductP1: Determine global dofs ...
18:14 L2ProductP1: Boundary treatment ...
18:14 L2ProductP1: Assemble system matrix ...
18:14 DiffusionOperatorP1: Calulate gradients of shape functions transformed by reference map ...
18:14 DiffusionOperatorP1: Calculate all local scalar products beween gradients ...
18:14 DiffusionOperatorP1: Determine global dofs ...
18:14 DiffusionOperatorP1: Boundary treatment ...
18:14 DiffusionOperatorP1: Assemble system matrix ...
18:15 gram_schmidt: Removing linearly dependent vector 5
18:15 gram_schmidt: Removing linearly dependent vector 6
18:15 gram_schmidt: Removing linearly dependent vector 5
18:15 gram_schmidt: Removing linearly dependent vector 6
</system-err></testcase><testcase classname="src.pymortests.algorithms.gram_schmidt" file="src/pymortests/algorithms/gram_schmidt.py" line="42" name="test_gram_schmidt_with_product[&lt;lambda&gt;13]" time="0.031203269958496094"><system-err>18:15 DiffusionOperatorP1: Calulate gradients of shape functions transformed by reference map ...
18:15 DiffusionOperatorP1: Calculate all local scalar products beween gradients ...
18:15 DiffusionOperatorP1: Determine global dofs ...
18:15 DiffusionOperatorP1: Boundary treatment ...
18:15 DiffusionOperatorP1: Assemble system matrix ...
18:15 DiffusionOperatorP1: Calulate gradients of shape functions transformed by reference map ...
18:15 DiffusionOperatorP1: Calculate all local scalar products beween gradients ...
18:15 DiffusionOperatorP1: Determine global dofs ...
18:15 DiffusionOperatorP1: Boundary treatment ...
18:15 DiffusionOperatorP1: Assemble system matrix ...
18:15 L2ProductP1: Integrate the products of the shape functions on each element
18:15 L2ProductP1: Determine global dofs ...
18:15 L2ProductP1: Boundary treatment ...
18:15 L2ProductP1: Assemble system matrix ...
18:15 DiffusionOperatorP1: Calulate gradients of shape functions transformed by reference map ...
18:15 DiffusionOperatorP1: Calculate all local scalar products beween gradients ...
18:15 DiffusionOperatorP1: Determine global dofs ...
18:15 DiffusionOperatorP1: Boundary treatment ...
18:15 DiffusionOperatorP1: Assemble system matrix ...
18:15 L2ProductP1: Integrate the products of the shape functions on each element
18:15 L2ProductP1: Determine global dofs ...
18:15 L2ProductP1: Boundary treatment ...
18:15 L2ProductP1: Assemble system matrix ...
18:15 DiffusionOperatorP1: Calulate gradients of shape functions transformed by reference map ...
18:15 DiffusionOperatorP1: Calculate all local scalar products beween gradients ...
18:15 DiffusionOperatorP1: Determine global dofs ...
18:15 DiffusionOperatorP1: Boundary treatment ...
18:15 DiffusionOperatorP1: Assemble system matrix ...
18:15 gram_schmidt: Orthonormalizing vector 3 again
18:15 gram_schmidt: Removing linearly dependent vector 5
18:15 gram_schmidt: Removing linearly dependent vector 6
18:15 gram_schmidt: Orthonormalizing vector 3 again
18:15 gram_schmidt: Removing linearly dependent vector 5
18:15 gram_schmidt: Removing linearly dependent vector 6
</system-err></testcase><testcase classname="src.pymortests.algorithms.gram_schmidt" file="src/pymortests/algorithms/gram_schmidt.py" line="42" name="test_gram_schmidt_with_product[&lt;lambda&gt;14]" time="0.03776097297668457"><system-err>18:15 DiffusionOperatorP1: Calulate gradients of shape functions transformed by reference map ...
18:15 DiffusionOperatorP1: Calculate all local scalar products beween gradients ...
18:15 DiffusionOperatorP1: Determine global dofs ...
18:15 DiffusionOperatorP1: Boundary treatment ...
18:15 DiffusionOperatorP1: Assemble system matrix ...
18:15 DiffusionOperatorP1: Calulate gradients of shape functions transformed by reference map ...
18:15 DiffusionOperatorP1: Calculate all local scalar products beween gradients ...
18:15 DiffusionOperatorP1: Determine global dofs ...
18:15 DiffusionOperatorP1: Boundary treatment ...
18:15 DiffusionOperatorP1: Assemble system matrix ...
18:15 DiffusionOperatorP1: Calulate gradients of shape functions transformed by reference map ...
18:15 DiffusionOperatorP1: Calculate all local scalar products beween gradients ...
18:15 DiffusionOperatorP1: Determine global dofs ...
18:15 DiffusionOperatorP1: Boundary treatment ...
18:15 DiffusionOperatorP1: Assemble system matrix ...
18:15 DiffusionOperatorP1: Calulate gradients of shape functions transformed by reference map ...
18:15 DiffusionOperatorP1: Calculate all local scalar products beween gradients ...
18:15 DiffusionOperatorP1: Determine global dofs ...
18:15 DiffusionOperatorP1: Boundary treatment ...
18:15 DiffusionOperatorP1: Assemble system matrix ...
18:15 DiffusionOperatorP1: Calulate gradients of shape functions transformed by reference map ...
18:15 DiffusionOperatorP1: Calculate all local scalar products beween gradients ...
18:15 DiffusionOperatorP1: Determine global dofs ...
18:15 DiffusionOperatorP1: Boundary treatment ...
18:15 DiffusionOperatorP1: Assemble system matrix ...
18:15 L2ProductP1: Integrate the products of the shape functions on each element
18:15 L2ProductP1: Determine global dofs ...
18:15 L2ProductP1: Boundary treatment ...
18:15 L2ProductP1: Assemble system matrix ...
18:15 DiffusionOperatorP1: Calulate gradients of shape functions transformed by reference map ...
18:15 DiffusionOperatorP1: Calculate all local scalar products beween gradients ...
18:15 DiffusionOperatorP1: Determine global dofs ...
18:15 DiffusionOperatorP1: Boundary treatment ...
18:15 DiffusionOperatorP1: Assemble system matrix ...
18:15 L2ProductP1: Integrate the products of the shape functions on each element
18:15 L2ProductP1: Determine global dofs ...
18:15 L2ProductP1: Boundary treatment ...
18:15 L2ProductP1: Assemble system matrix ...
18:15 DiffusionOperatorP1: Calulate gradients of shape functions transformed by reference map ...
18:15 DiffusionOperatorP1: Calculate all local scalar products beween gradients ...
18:15 DiffusionOperatorP1: Determine global dofs ...
18:15 DiffusionOperatorP1: Boundary treatment ...
18:15 DiffusionOperatorP1: Assemble system matrix ...
18:15 gram_schmidt: Orthonormalizing vector 1 again
18:15 gram_schmidt: Orthonormalizing vector 2 again
18:15 gram_schmidt: Orthonormalizing vector 3 again
18:15 gram_schmidt: Orthonormalizing vector 4 again
18:15 gram_schmidt: Removing linearly dependent vector 5
18:15 gram_schmidt: Orthonormalizing vector 1 again
18:15 gram_schmidt: Orthonormalizing vector 2 again
18:15 gram_schmidt: Orthonormalizing vector 3 again
18:15 gram_schmidt: Orthonormalizing vector 4 again
18:15 gram_schmidt: Removing linearly dependent vector 5
</system-err></testcase><testcase classname="src.pymortests.algorithms.gram_schmidt" file="src/pymortests/algorithms/gram_schmidt.py" line="42" name="test_gram_schmidt_with_product[&lt;lambda&gt;15]" time="0.03481340408325195"><system-err>18:15 DiffusionOperatorP1: Calulate gradients of shape functions transformed by reference map ...
18:15 DiffusionOperatorP1: Calculate all local scalar products beween gradients ...
18:15 DiffusionOperatorP1: Determine global dofs ...
18:15 DiffusionOperatorP1: Boundary treatment ...
18:15 DiffusionOperatorP1: Assemble system matrix ...
18:15 DiffusionOperatorP1: Calulate gradients of shape functions transformed by reference map ...
18:15 DiffusionOperatorP1: Calculate all local scalar products beween gradients ...
18:15 DiffusionOperatorP1: Determine global dofs ...
18:15 DiffusionOperatorP1: Boundary treatment ...
18:15 DiffusionOperatorP1: Assemble system matrix ...
18:15 L2ProductP1: Integrate the products of the shape functions on each element
18:15 L2ProductP1: Determine global dofs ...
18:15 L2ProductP1: Boundary treatment ...
18:15 L2ProductP1: Assemble system matrix ...
18:15 DiffusionOperatorP1: Calulate gradients of shape functions transformed by reference map ...
18:15 DiffusionOperatorP1: Calculate all local scalar products beween gradients ...
18:15 DiffusionOperatorP1: Determine global dofs ...
18:15 DiffusionOperatorP1: Boundary treatment ...
18:15 DiffusionOperatorP1: Assemble system matrix ...
18:15 L2ProductP1: Integrate the products of the shape functions on each element
18:15 L2ProductP1: Determine global dofs ...
18:15 L2ProductP1: Boundary treatment ...
18:15 L2ProductP1: Assemble system matrix ...
18:15 DiffusionOperatorP1: Calulate gradients of shape functions transformed by reference map ...
18:15 DiffusionOperatorP1: Calculate all local scalar products beween gradients ...
18:15 DiffusionOperatorP1: Determine global dofs ...
18:15 DiffusionOperatorP1: Boundary treatment ...
18:15 DiffusionOperatorP1: Assemble system matrix ...
18:15 gram_schmidt: Orthonormalizing vector 1 again
18:15 gram_schmidt: Orthonormalizing vector 2 again
18:15 gram_schmidt: Orthonormalizing vector 3 again
18:15 gram_schmidt: Orthonormalizing vector 4 again
18:15 gram_schmidt: Orthonormalizing vector 5 again
18:15 gram_schmidt: Orthonormalizing vector 1 again
18:15 gram_schmidt: Orthonormalizing vector 2 again
18:15 gram_schmidt: Orthonormalizing vector 3 again
18:15 gram_schmidt: Orthonormalizing vector 4 again
18:15 gram_schmidt: Orthonormalizing vector 5 again
</system-err></testcase><testcase classname="src.pymortests.algorithms.gram_schmidt" file="src/pymortests/algorithms/gram_schmidt.py" line="42" name="test_gram_schmidt_with_product[&lt;lambda&gt;16]" time="0.032813072204589844"><system-err>18:15 DiffusionOperatorP1: Calulate gradients of shape functions transformed by reference map ...
18:15 DiffusionOperatorP1: Calculate all local scalar products beween gradients ...
18:15 DiffusionOperatorP1: Determine global dofs ...
18:15 DiffusionOperatorP1: Boundary treatment ...
18:15 DiffusionOperatorP1: Assemble system matrix ...
18:15 DiffusionOperatorP1: Calulate gradients of shape functions transformed by reference map ...
18:15 DiffusionOperatorP1: Calculate all local scalar products beween gradients ...
18:15 DiffusionOperatorP1: Determine global dofs ...
18:15 DiffusionOperatorP1: Boundary treatment ...
18:15 DiffusionOperatorP1: Assemble system matrix ...
18:15 DiffusionOperatorP1: Calulate gradients of shape functions transformed by reference map ...
18:15 DiffusionOperatorP1: Calculate all local scalar products beween gradients ...
18:15 DiffusionOperatorP1: Determine global dofs ...
18:15 DiffusionOperatorP1: Boundary treatment ...
18:15 DiffusionOperatorP1: Assemble system matrix ...
18:15 DiffusionOperatorP1: Calulate gradients of shape functions transformed by reference map ...
18:15 DiffusionOperatorP1: Calculate all local scalar products beween gradients ...
18:15 DiffusionOperatorP1: Determine global dofs ...
18:15 DiffusionOperatorP1: Boundary treatment ...
18:15 DiffusionOperatorP1: Assemble system matrix ...
18:15 DiffusionOperatorP1: Calulate gradients of shape functions transformed by reference map ...
18:15 DiffusionOperatorP1: Calculate all local scalar products beween gradients ...
18:15 DiffusionOperatorP1: Determine global dofs ...
18:15 DiffusionOperatorP1: Boundary treatment ...
18:15 DiffusionOperatorP1: Assemble system matrix ...
18:15 L2ProductP1: Integrate the products of the shape functions on each element
18:15 L2ProductP1: Determine global dofs ...
18:15 L2ProductP1: Boundary treatment ...
18:15 L2ProductP1: Assemble system matrix ...
18:15 DiffusionOperatorP1: Calulate gradients of shape functions transformed by reference map ...
18:15 DiffusionOperatorP1: Calculate all local scalar products beween gradients ...
18:15 DiffusionOperatorP1: Determine global dofs ...
18:15 DiffusionOperatorP1: Boundary treatment ...
18:15 DiffusionOperatorP1: Assemble system matrix ...
18:15 L2ProductP1: Integrate the products of the shape functions on each element
18:15 L2ProductP1: Determine global dofs ...
18:15 L2ProductP1: Boundary treatment ...
18:15 L2ProductP1: Assemble system matrix ...
18:15 DiffusionOperatorP1: Calulate gradients of shape functions transformed by reference map ...
18:15 DiffusionOperatorP1: Calculate all local scalar products beween gradients ...
18:15 DiffusionOperatorP1: Determine global dofs ...
18:15 DiffusionOperatorP1: Boundary treatment ...
18:15 DiffusionOperatorP1: Assemble system matrix ...
18:15 gram_schmidt: Removing linearly dependent vector 1
18:15 gram_schmidt: Removing linearly dependent vector 2
18:15 gram_schmidt: Removing linearly dependent vector 3
18:15 gram_schmidt: Removing linearly dependent vector 4
18:15 gram_schmidt: Removing linearly dependent vector 5
18:15 gram_schmidt: Removing linearly dependent vector 6
18:15 gram_schmidt: Removing linearly dependent vector 1
18:15 gram_schmidt: Removing linearly dependent vector 2
18:15 gram_schmidt: Removing linearly dependent vector 3
18:15 gram_schmidt: Removing linearly dependent vector 4
18:15 gram_schmidt: Removing linearly dependent vector 5
18:15 gram_schmidt: Removing linearly dependent vector 6
</system-err></testcase><testcase classname="src.pymortests.algorithms.gram_schmidt" file="src/pymortests/algorithms/gram_schmidt.py" line="42" name="test_gram_schmidt_with_product[&lt;lambda&gt;17]" time="0.028916120529174805"><system-err>18:15 DiffusionOperatorP1: Calulate gradients of shape functions transformed by reference map ...
18:15 DiffusionOperatorP1: Calculate all local scalar products beween gradients ...
18:15 DiffusionOperatorP1: Determine global dofs ...
18:15 DiffusionOperatorP1: Boundary treatment ...
18:15 DiffusionOperatorP1: Assemble system matrix ...
18:15 DiffusionOperatorP1: Calulate gradients of shape functions transformed by reference map ...
18:15 DiffusionOperatorP1: Calculate all local scalar products beween gradients ...
18:15 DiffusionOperatorP1: Determine global dofs ...
18:15 DiffusionOperatorP1: Boundary treatment ...
18:15 DiffusionOperatorP1: Assemble system matrix ...
18:15 L2ProductP1: Integrate the products of the shape functions on each element
18:15 L2ProductP1: Determine global dofs ...
18:15 L2ProductP1: Boundary treatment ...
18:15 L2ProductP1: Assemble system matrix ...
18:15 DiffusionOperatorP1: Calulate gradients of shape functions transformed by reference map ...
18:15 DiffusionOperatorP1: Calculate all local scalar products beween gradients ...
18:15 DiffusionOperatorP1: Determine global dofs ...
18:15 DiffusionOperatorP1: Boundary treatment ...
18:15 DiffusionOperatorP1: Assemble system matrix ...
18:15 L2ProductP1: Integrate the products of the shape functions on each element
18:15 L2ProductP1: Determine global dofs ...
18:15 L2ProductP1: Boundary treatment ...
18:15 L2ProductP1: Assemble system matrix ...
18:15 DiffusionOperatorP1: Calulate gradients of shape functions transformed by reference map ...
18:15 DiffusionOperatorP1: Calculate all local scalar products beween gradients ...
18:15 DiffusionOperatorP1: Determine global dofs ...
18:15 DiffusionOperatorP1: Boundary treatment ...
18:15 DiffusionOperatorP1: Assemble system matrix ...
18:15 gram_schmidt: Removing linearly dependent vector 1
18:15 gram_schmidt: Removing linearly dependent vector 2
18:15 gram_schmidt: Removing linearly dependent vector 3
18:15 gram_schmidt: Removing linearly dependent vector 4
18:15 gram_schmidt: Removing linearly dependent vector 5
18:15 gram_schmidt: Removing linearly dependent vector 6
18:15 gram_schmidt: Removing linearly dependent vector 1
18:15 gram_schmidt: Removing linearly dependent vector 2
18:15 gram_schmidt: Removing linearly dependent vector 3
18:15 gram_schmidt: Removing linearly dependent vector 4
18:15 gram_schmidt: Removing linearly dependent vector 5
18:15 gram_schmidt: Removing linearly dependent vector 6
</system-err></testcase><testcase classname="src.pymortests.algorithms.gram_schmidt" file="src/pymortests/algorithms/gram_schmidt.py" line="42" name="test_gram_schmidt_with_product[&lt;lambda&gt;18]" time="0.038064002990722656"><system-err>18:15 DiffusionOperatorP1: Calulate gradients of shape functions transformed by reference map ...
18:15 DiffusionOperatorP1: Calculate all local scalar products beween gradients ...
18:15 DiffusionOperatorP1: Determine global dofs ...
18:15 DiffusionOperatorP1: Boundary treatment ...
18:15 DiffusionOperatorP1: Assemble system matrix ...
18:15 DiffusionOperatorP1: Calulate gradients of shape functions transformed by reference map ...
18:15 DiffusionOperatorP1: Calculate all local scalar products beween gradients ...
18:15 DiffusionOperatorP1: Determine global dofs ...
18:15 DiffusionOperatorP1: Boundary treatment ...
18:15 DiffusionOperatorP1: Assemble system matrix ...
18:15 DiffusionOperatorP1: Calulate gradients of shape functions transformed by reference map ...
18:15 DiffusionOperatorP1: Calculate all local scalar products beween gradients ...
18:15 DiffusionOperatorP1: Determine global dofs ...
18:15 DiffusionOperatorP1: Boundary treatment ...
18:15 DiffusionOperatorP1: Assemble system matrix ...
18:15 DiffusionOperatorP1: Calulate gradients of shape functions transformed by reference map ...
18:15 DiffusionOperatorP1: Calculate all local scalar products beween gradients ...
18:15 DiffusionOperatorP1: Determine global dofs ...
18:15 DiffusionOperatorP1: Boundary treatment ...
18:15 DiffusionOperatorP1: Assemble system matrix ...
18:15 DiffusionOperatorP1: Calulate gradients of shape functions transformed by reference map ...
18:15 DiffusionOperatorP1: Calculate all local scalar products beween gradients ...
18:15 DiffusionOperatorP1: Determine global dofs ...
18:15 DiffusionOperatorP1: Boundary treatment ...
18:15 DiffusionOperatorP1: Assemble system matrix ...
18:15 L2ProductP1: Integrate the products of the shape functions on each element
18:15 L2ProductP1: Determine global dofs ...
18:15 L2ProductP1: Boundary treatment ...
18:15 L2ProductP1: Assemble system matrix ...
18:15 DiffusionOperatorP1: Calulate gradients of shape functions transformed by reference map ...
18:15 DiffusionOperatorP1: Calculate all local scalar products beween gradients ...
18:15 DiffusionOperatorP1: Determine global dofs ...
18:15 DiffusionOperatorP1: Boundary treatment ...
18:15 DiffusionOperatorP1: Assemble system matrix ...
18:15 L2ProductP1: Integrate the products of the shape functions on each element
18:15 L2ProductP1: Determine global dofs ...
18:15 L2ProductP1: Boundary treatment ...
18:15 L2ProductP1: Assemble system matrix ...
18:15 DiffusionOperatorP1: Calulate gradients of shape functions transformed by reference map ...
18:15 DiffusionOperatorP1: Calculate all local scalar products beween gradients ...
18:15 DiffusionOperatorP1: Determine global dofs ...
18:15 DiffusionOperatorP1: Boundary treatment ...
18:15 DiffusionOperatorP1: Assemble system matrix ...
18:15 gram_schmidt: Orthonormalizing vector 1 again
18:15 gram_schmidt: Orthonormalizing vector 2 again
18:15 gram_schmidt: Orthonormalizing vector 3 again
18:15 gram_schmidt: Orthonormalizing vector 4 again
18:15 gram_schmidt: Removing linearly dependent vector 5
18:15 gram_schmidt: Orthonormalizing vector 1 again
18:15 gram_schmidt: Orthonormalizing vector 2 again
18:15 gram_schmidt: Orthonormalizing vector 3 again
18:15 gram_schmidt: Orthonormalizing vector 4 again
18:15 gram_schmidt: Removing linearly dependent vector 5
</system-err></testcase><testcase classname="src.pymortests.algorithms.gram_schmidt" file="src/pymortests/algorithms/gram_schmidt.py" line="42" name="test_gram_schmidt_with_product[&lt;lambda&gt;19]" time="0.035706281661987305"><system-err>18:15 DiffusionOperatorP1: Calulate gradients of shape functions transformed by reference map ...
18:15 DiffusionOperatorP1: Calculate all local scalar products beween gradients ...
18:15 DiffusionOperatorP1: Determine global dofs ...
18:15 DiffusionOperatorP1: Boundary treatment ...
18:15 DiffusionOperatorP1: Assemble system matrix ...
18:15 DiffusionOperatorP1: Calulate gradients of shape functions transformed by reference map ...
18:15 DiffusionOperatorP1: Calculate all local scalar products beween gradients ...
18:15 DiffusionOperatorP1: Determine global dofs ...
18:15 DiffusionOperatorP1: Boundary treatment ...
18:15 DiffusionOperatorP1: Assemble system matrix ...
18:15 L2ProductP1: Integrate the products of the shape functions on each element
18:15 L2ProductP1: Determine global dofs ...
18:15 L2ProductP1: Boundary treatment ...
18:15 L2ProductP1: Assemble system matrix ...
18:15 DiffusionOperatorP1: Calulate gradients of shape functions transformed by reference map ...
18:15 DiffusionOperatorP1: Calculate all local scalar products beween gradients ...
18:15 DiffusionOperatorP1: Determine global dofs ...
18:15 DiffusionOperatorP1: Boundary treatment ...
18:15 DiffusionOperatorP1: Assemble system matrix ...
18:15 L2ProductP1: Integrate the products of the shape functions on each element
18:15 L2ProductP1: Determine global dofs ...
18:15 L2ProductP1: Boundary treatment ...
18:15 L2ProductP1: Assemble system matrix ...
18:15 DiffusionOperatorP1: Calulate gradients of shape functions transformed by reference map ...
18:15 DiffusionOperatorP1: Calculate all local scalar products beween gradients ...
18:15 DiffusionOperatorP1: Determine global dofs ...
18:15 DiffusionOperatorP1: Boundary treatment ...
18:15 DiffusionOperatorP1: Assemble system matrix ...
18:15 gram_schmidt: Orthonormalizing vector 1 again
18:15 gram_schmidt: Orthonormalizing vector 2 again
18:15 gram_schmidt: Orthonormalizing vector 3 again
18:15 gram_schmidt: Orthonormalizing vector 4 again
18:15 gram_schmidt: Orthonormalizing vector 5 again
18:15 gram_schmidt: Orthonormalizing vector 1 again
18:15 gram_schmidt: Orthonormalizing vector 2 again
18:15 gram_schmidt: Orthonormalizing vector 3 again
18:15 gram_schmidt: Orthonormalizing vector 4 again
18:15 gram_schmidt: Orthonormalizing vector 5 again
</system-err></testcase><testcase classname="src.pymortests.algorithms.gram_schmidt" file="src/pymortests/algorithms/gram_schmidt.py" line="42" name="test_gram_schmidt_with_product[&lt;lambda&gt;20]" time="0.03771781921386719"><system-err>18:15 DiffusionOperatorP1: Calulate gradients of shape functions transformed by reference map ...
18:15 DiffusionOperatorP1: Calculate all local scalar products beween gradients ...
18:15 DiffusionOperatorP1: Determine global dofs ...
18:15 DiffusionOperatorP1: Boundary treatment ...
18:15 DiffusionOperatorP1: Assemble system matrix ...
18:15 DiffusionOperatorP1: Calulate gradients of shape functions transformed by reference map ...
18:15 DiffusionOperatorP1: Calculate all local scalar products beween gradients ...
18:15 DiffusionOperatorP1: Determine global dofs ...
18:15 DiffusionOperatorP1: Boundary treatment ...
18:15 DiffusionOperatorP1: Assemble system matrix ...
18:15 DiffusionOperatorP1: Calulate gradients of shape functions transformed by reference map ...
18:15 DiffusionOperatorP1: Calculate all local scalar products beween gradients ...
18:15 DiffusionOperatorP1: Determine global dofs ...
18:15 DiffusionOperatorP1: Boundary treatment ...
18:15 DiffusionOperatorP1: Assemble system matrix ...
18:15 DiffusionOperatorP1: Calulate gradients of shape functions transformed by reference map ...
18:15 DiffusionOperatorP1: Calculate all local scalar products beween gradients ...
18:15 DiffusionOperatorP1: Determine global dofs ...
18:15 DiffusionOperatorP1: Boundary treatment ...
18:15 DiffusionOperatorP1: Assemble system matrix ...
18:15 DiffusionOperatorP1: Calulate gradients of shape functions transformed by reference map ...
18:15 DiffusionOperatorP1: Calculate all local scalar products beween gradients ...
18:15 DiffusionOperatorP1: Determine global dofs ...
18:15 DiffusionOperatorP1: Boundary treatment ...
18:15 DiffusionOperatorP1: Assemble system matrix ...
18:15 L2ProductP1: Integrate the products of the shape functions on each element
18:15 L2ProductP1: Determine global dofs ...
18:15 L2ProductP1: Boundary treatment ...
18:15 L2ProductP1: Assemble system matrix ...
18:15 DiffusionOperatorP1: Calulate gradients of shape functions transformed by reference map ...
18:15 DiffusionOperatorP1: Calculate all local scalar products beween gradients ...
18:15 DiffusionOperatorP1: Determine global dofs ...
18:15 DiffusionOperatorP1: Boundary treatment ...
18:15 DiffusionOperatorP1: Assemble system matrix ...
18:15 L2ProductP1: Integrate the products of the shape functions on each element
18:15 L2ProductP1: Determine global dofs ...
18:15 L2ProductP1: Boundary treatment ...
18:15 L2ProductP1: Assemble system matrix ...
18:15 DiffusionOperatorP1: Calulate gradients of shape functions transformed by reference map ...
18:15 DiffusionOperatorP1: Calculate all local scalar products beween gradients ...
18:15 DiffusionOperatorP1: Determine global dofs ...
18:15 DiffusionOperatorP1: Boundary treatment ...
18:15 DiffusionOperatorP1: Assemble system matrix ...
18:15 gram_schmidt: Orthonormalizing vector 1 again
18:15 gram_schmidt: Orthonormalizing vector 2 again
18:15 gram_schmidt: Orthonormalizing vector 3 again
18:15 gram_schmidt: Orthonormalizing vector 4 again
18:15 gram_schmidt: Removing linearly dependent vector 5
18:15 gram_schmidt: Orthonormalizing vector 1 again
18:15 gram_schmidt: Orthonormalizing vector 2 again
18:15 gram_schmidt: Orthonormalizing vector 3 again
18:15 gram_schmidt: Orthonormalizing vector 4 again
18:15 gram_schmidt: Removing linearly dependent vector 5
</system-err></testcase><testcase classname="src.pymortests.algorithms.gram_schmidt" file="src/pymortests/algorithms/gram_schmidt.py" line="42" name="test_gram_schmidt_with_product[&lt;lambda&gt;21]" time="0.034772396087646484"><system-err>18:15 DiffusionOperatorP1: Calulate gradients of shape functions transformed by reference map ...
18:15 DiffusionOperatorP1: Calculate all local scalar products beween gradients ...
18:15 DiffusionOperatorP1: Determine global dofs ...
18:15 DiffusionOperatorP1: Boundary treatment ...
18:15 DiffusionOperatorP1: Assemble system matrix ...
18:15 DiffusionOperatorP1: Calulate gradients of shape functions transformed by reference map ...
18:15 DiffusionOperatorP1: Calculate all local scalar products beween gradients ...
18:15 DiffusionOperatorP1: Determine global dofs ...
18:15 DiffusionOperatorP1: Boundary treatment ...
18:15 DiffusionOperatorP1: Assemble system matrix ...
18:15 L2ProductP1: Integrate the products of the shape functions on each element
18:15 L2ProductP1: Determine global dofs ...
18:15 L2ProductP1: Boundary treatment ...
18:15 L2ProductP1: Assemble system matrix ...
18:15 DiffusionOperatorP1: Calulate gradients of shape functions transformed by reference map ...
18:15 DiffusionOperatorP1: Calculate all local scalar products beween gradients ...
18:15 DiffusionOperatorP1: Determine global dofs ...
18:15 DiffusionOperatorP1: Boundary treatment ...
18:15 DiffusionOperatorP1: Assemble system matrix ...
18:15 L2ProductP1: Integrate the products of the shape functions on each element
18:15 L2ProductP1: Determine global dofs ...
18:15 L2ProductP1: Boundary treatment ...
18:15 L2ProductP1: Assemble system matrix ...
18:15 DiffusionOperatorP1: Calulate gradients of shape functions transformed by reference map ...
18:15 DiffusionOperatorP1: Calculate all local scalar products beween gradients ...
18:15 DiffusionOperatorP1: Determine global dofs ...
18:15 DiffusionOperatorP1: Boundary treatment ...
18:15 DiffusionOperatorP1: Assemble system matrix ...
18:15 gram_schmidt: Orthonormalizing vector 1 again
18:15 gram_schmidt: Orthonormalizing vector 2 again
18:15 gram_schmidt: Orthonormalizing vector 3 again
18:15 gram_schmidt: Orthonormalizing vector 4 again
18:15 gram_schmidt: Orthonormalizing vector 5 again
18:15 gram_schmidt: Orthonormalizing vector 1 again
18:15 gram_schmidt: Orthonormalizing vector 2 again
18:15 gram_schmidt: Orthonormalizing vector 3 again
18:15 gram_schmidt: Orthonormalizing vector 4 again
18:15 gram_schmidt: Orthonormalizing vector 5 again
</system-err></testcase><testcase classname="src.pymortests.algorithms.gram_schmidt" file="src/pymortests/algorithms/gram_schmidt.py" line="42" name="test_gram_schmidt_with_product[&lt;lambda&gt;22]" time="0.034665584564208984"><system-err>18:15 DiffusionOperatorP1: Calulate gradients of shape functions transformed by reference map ...
18:15 DiffusionOperatorP1: Calculate all local scalar products beween gradients ...
18:15 DiffusionOperatorP1: Determine global dofs ...
18:15 DiffusionOperatorP1: Boundary treatment ...
18:15 DiffusionOperatorP1: Assemble system matrix ...
18:15 DiffusionOperatorP1: Calulate gradients of shape functions transformed by reference map ...
18:15 DiffusionOperatorP1: Calculate all local scalar products beween gradients ...
18:15 DiffusionOperatorP1: Determine global dofs ...
18:15 DiffusionOperatorP1: Boundary treatment ...
18:15 DiffusionOperatorP1: Assemble system matrix ...
18:15 DiffusionOperatorP1: Calulate gradients of shape functions transformed by reference map ...
18:15 DiffusionOperatorP1: Calculate all local scalar products beween gradients ...
18:15 DiffusionOperatorP1: Determine global dofs ...
18:15 DiffusionOperatorP1: Boundary treatment ...
18:15 DiffusionOperatorP1: Assemble system matrix ...
18:15 DiffusionOperatorP1: Calulate gradients of shape functions transformed by reference map ...
18:15 DiffusionOperatorP1: Calculate all local scalar products beween gradients ...
18:15 DiffusionOperatorP1: Determine global dofs ...
18:15 DiffusionOperatorP1: Boundary treatment ...
18:15 DiffusionOperatorP1: Assemble system matrix ...
18:15 DiffusionOperatorP1: Calulate gradients of shape functions transformed by reference map ...
18:15 DiffusionOperatorP1: Calculate all local scalar products beween gradients ...
18:15 DiffusionOperatorP1: Determine global dofs ...
18:15 DiffusionOperatorP1: Boundary treatment ...
18:15 DiffusionOperatorP1: Assemble system matrix ...
18:15 L2ProductP1: Integrate the products of the shape functions on each element
18:15 L2ProductP1: Determine global dofs ...
18:15 L2ProductP1: Boundary treatment ...
18:15 L2ProductP1: Assemble system matrix ...
18:15 DiffusionOperatorP1: Calulate gradients of shape functions transformed by reference map ...
18:15 DiffusionOperatorP1: Calculate all local scalar products beween gradients ...
18:15 DiffusionOperatorP1: Determine global dofs ...
18:15 DiffusionOperatorP1: Boundary treatment ...
18:15 DiffusionOperatorP1: Assemble system matrix ...
18:15 L2ProductP1: Integrate the products of the shape functions on each element
18:15 L2ProductP1: Determine global dofs ...
18:15 L2ProductP1: Boundary treatment ...
18:15 L2ProductP1: Assemble system matrix ...
18:15 DiffusionOperatorP1: Calulate gradients of shape functions transformed by reference map ...
18:15 DiffusionOperatorP1: Calculate all local scalar products beween gradients ...
18:15 DiffusionOperatorP1: Determine global dofs ...
18:15 DiffusionOperatorP1: Boundary treatment ...
18:15 DiffusionOperatorP1: Assemble system matrix ...
18:15 gram_schmidt: Orthonormalizing vector 3 again
18:15 gram_schmidt: Orthonormalizing vector 4 again
18:15 gram_schmidt: Orthonormalizing vector 3 again
18:15 gram_schmidt: Orthonormalizing vector 4 again
</system-err></testcase><testcase classname="src.pymortests.algorithms.gram_schmidt" file="src/pymortests/algorithms/gram_schmidt.py" line="42" name="test_gram_schmidt_with_product[&lt;lambda&gt;23]" time="0.031835317611694336"><system-err>18:15 DiffusionOperatorP1: Calulate gradients of shape functions transformed by reference map ...
18:15 DiffusionOperatorP1: Calculate all local scalar products beween gradients ...
18:15 DiffusionOperatorP1: Determine global dofs ...
18:15 DiffusionOperatorP1: Boundary treatment ...
18:15 DiffusionOperatorP1: Assemble system matrix ...
18:15 DiffusionOperatorP1: Calulate gradients of shape functions transformed by reference map ...
18:15 DiffusionOperatorP1: Calculate all local scalar products beween gradients ...
18:15 DiffusionOperatorP1: Determine global dofs ...
18:15 DiffusionOperatorP1: Boundary treatment ...
18:15 DiffusionOperatorP1: Assemble system matrix ...
18:15 L2ProductP1: Integrate the products of the shape functions on each element
18:15 L2ProductP1: Determine global dofs ...
18:15 L2ProductP1: Boundary treatment ...
18:15 L2ProductP1: Assemble system matrix ...
18:15 DiffusionOperatorP1: Calulate gradients of shape functions transformed by reference map ...
18:15 DiffusionOperatorP1: Calculate all local scalar products beween gradients ...
18:15 DiffusionOperatorP1: Determine global dofs ...
18:15 DiffusionOperatorP1: Boundary treatment ...
18:15 DiffusionOperatorP1: Assemble system matrix ...
18:15 L2ProductP1: Integrate the products of the shape functions on each element
18:15 L2ProductP1: Determine global dofs ...
18:15 L2ProductP1: Boundary treatment ...
18:15 L2ProductP1: Assemble system matrix ...
18:15 DiffusionOperatorP1: Calulate gradients of shape functions transformed by reference map ...
18:15 DiffusionOperatorP1: Calculate all local scalar products beween gradients ...
18:15 DiffusionOperatorP1: Determine global dofs ...
18:15 DiffusionOperatorP1: Boundary treatment ...
18:15 DiffusionOperatorP1: Assemble system matrix ...
18:15 gram_schmidt: Orthonormalizing vector 1 again
18:15 gram_schmidt: Orthonormalizing vector 2 again
18:15 gram_schmidt: Orthonormalizing vector 3 again
18:15 gram_schmidt: Orthonormalizing vector 4 again
18:15 gram_schmidt: Orthonormalizing vector 1 again
18:15 gram_schmidt: Orthonormalizing vector 2 again
18:15 gram_schmidt: Orthonormalizing vector 3 again
18:15 gram_schmidt: Orthonormalizing vector 4 again
</system-err></testcase><testcase classname="src.pymortests.algorithms.gram_schmidt" file="src/pymortests/algorithms/gram_schmidt.py" line="42" name="test_gram_schmidt_with_product[&lt;lambda&gt;24]" time="0.009340047836303711"><system-err>18:15 gram_schmidt: Orthonormalizing vector 1 again
18:15 gram_schmidt: Orthonormalizing vector 2 again
18:15 gram_schmidt: Orthonormalizing vector 3 again
18:15 gram_schmidt: Orthonormalizing vector 1 again
18:15 gram_schmidt: Orthonormalizing vector 2 again
18:15 gram_schmidt: Orthonormalizing vector 3 again
</system-err></testcase><testcase classname="src.pymortests.algorithms.gram_schmidt" file="src/pymortests/algorithms/gram_schmidt.py" line="42" name="test_gram_schmidt_with_product[&lt;lambda&gt;25]" time="0.009103775024414062"><system-err>18:15 gram_schmidt: Orthonormalizing vector 1 again
18:15 gram_schmidt: Orthonormalizing vector 2 again
18:15 gram_schmidt: Orthonormalizing vector 3 again
18:15 gram_schmidt: Orthonormalizing vector 1 again
18:15 gram_schmidt: Orthonormalizing vector 2 again
18:15 gram_schmidt: Orthonormalizing vector 3 again
</system-err></testcase><testcase classname="src.pymortests.algorithms.gram_schmidt" file="src/pymortests/algorithms/gram_schmidt.py" line="42" name="test_gram_schmidt_with_product[&lt;lambda&gt;26]" time="0.009203672409057617"><system-err>18:15 gram_schmidt: Orthonormalizing vector 1 again
18:15 gram_schmidt: Orthonormalizing vector 2 again
18:15 gram_schmidt: Orthonormalizing vector 3 again
18:15 gram_schmidt: Orthonormalizing vector 1 again
18:15 gram_schmidt: Orthonormalizing vector 2 again
18:15 gram_schmidt: Orthonormalizing vector 3 again
</system-err></testcase><testcase classname="src.pymortests.algorithms.gram_schmidt" file="src/pymortests/algorithms/gram_schmidt.py" line="42" name="test_gram_schmidt_with_product[&lt;lambda&gt;27]" time="0.0059163570404052734"></testcase><testcase classname="src.pymortests.algorithms.gram_schmidt" file="src/pymortests/algorithms/gram_schmidt.py" line="42" name="test_gram_schmidt_with_product[&lt;lambda&gt;28]" time="0.006129026412963867"><system-err>18:15 gram_schmidt: Orthonormalizing vector 1 again
18:15 gram_schmidt: Orthonormalizing vector 2 again
18:15 gram_schmidt: Orthonormalizing vector 1 again
18:15 gram_schmidt: Orthonormalizing vector 2 again
</system-err></testcase><testcase classname="src.pymortests.algorithms.gram_schmidt" file="src/pymortests/algorithms/gram_schmidt.py" line="42" name="test_gram_schmidt_with_product[&lt;lambda&gt;29]" time="0.0053691864013671875"><system-err>18:15 gram_schmidt: Orthonormalizing vector 1 again
18:15 gram_schmidt: Orthonormalizing vector 2 again
18:15 gram_schmidt: Orthonormalizing vector 1 again
18:15 gram_schmidt: Orthonormalizing vector 2 again
</system-err></testcase><testcase classname="src.pymortests.algorithms.gram_schmidt" file="src/pymortests/algorithms/gram_schmidt.py" line="42" name="test_gram_schmidt_with_product[&lt;lambda&gt;30]" time="0.0054090023040771484"><system-err>18:15 gram_schmidt: Orthonormalizing vector 1 again
18:15 gram_schmidt: Orthonormalizing vector 2 again
18:15 gram_schmidt: Orthonormalizing vector 1 again
18:15 gram_schmidt: Orthonormalizing vector 2 again
</system-err></testcase><testcase classname="src.pymortests.algorithms.gram_schmidt" file="src/pymortests/algorithms/gram_schmidt.py" line="42" name="test_gram_schmidt_with_product[&lt;lambda&gt;31]" time="0.005408287048339844"><system-err>18:15 gram_schmidt: Orthonormalizing vector 1 again
18:15 gram_schmidt: Orthonormalizing vector 2 again
18:15 gram_schmidt: Orthonormalizing vector 1 again
18:15 gram_schmidt: Orthonormalizing vector 2 again
</system-err></testcase><testcase classname="src.pymortests.algorithms.gram_schmidt" file="src/pymortests/algorithms/gram_schmidt.py" line="42" name="test_gram_schmidt_with_product[&lt;lambda&gt;32]" time="0.01834583282470703"><system-err>18:15 gram_schmidt: Orthonormalizing vector 3 again
18:15 gram_schmidt: Orthonormalizing vector 3 again
</system-err></testcase><testcase classname="src.pymortests.algorithms.gram_schmidt" file="src/pymortests/algorithms/gram_schmidt.py" line="42" name="test_gram_schmidt_with_product[&lt;lambda&gt;33]" time="0.015479087829589844"><system-err>18:15 gram_schmidt: Orthonormalizing vector 3 again
18:15 gram_schmidt: Orthonormalizing vector 3 again
</system-err></testcase><testcase classname="src.pymortests.algorithms.gram_schmidt" file="src/pymortests/algorithms/gram_schmidt.py" line="42" name="test_gram_schmidt_with_product[&lt;lambda&gt;34]" time="0.009535551071166992"><system-err>18:15 gram_schmidt: Orthonormalizing vector 1 again
18:15 gram_schmidt: Orthonormalizing vector 2 again
18:15 gram_schmidt: Orthonormalizing vector 3 again
18:15 gram_schmidt: Orthonormalizing vector 1 again
18:15 gram_schmidt: Orthonormalizing vector 2 again
18:15 gram_schmidt: Orthonormalizing vector 3 again
</system-err></testcase><testcase classname="src.pymortests.algorithms.gram_schmidt" file="src/pymortests/algorithms/gram_schmidt.py" line="42" name="test_gram_schmidt_with_product[&lt;lambda&gt;35]" time="0.01678633689880371"><system-err>18:15 gram_schmidt: Orthonormalizing vector 2 again
18:15 gram_schmidt: Orthonormalizing vector 3 again
18:15 gram_schmidt: Orthonormalizing vector 2 again
18:15 gram_schmidt: Orthonormalizing vector 3 again
</system-err></testcase><testcase classname="src.pymortests.algorithms.gram_schmidt" file="src/pymortests/algorithms/gram_schmidt.py" line="42" name="test_gram_schmidt_with_product[&lt;lambda&gt;36]" time="0.009069204330444336"><system-err>18:15 gram_schmidt: Orthonormalizing vector 1 again
18:15 gram_schmidt: Orthonormalizing vector 2 again
18:15 gram_schmidt: Orthonormalizing vector 3 again
18:15 gram_schmidt: Orthonormalizing vector 1 again
18:15 gram_schmidt: Orthonormalizing vector 2 again
18:15 gram_schmidt: Orthonormalizing vector 3 again
</system-err></testcase><testcase classname="src.pymortests.algorithms.gram_schmidt" file="src/pymortests/algorithms/gram_schmidt.py" line="56" name="test_gram_schmidt_with_product_and_R[&lt;lambda&gt;0]" time="0.03433370590209961"><system-err>18:15 DiffusionOperatorP1: Calulate gradients of shape functions transformed by reference map ...
18:15 DiffusionOperatorP1: Calculate all local scalar products beween gradients ...
18:15 DiffusionOperatorP1: Determine global dofs ...
18:15 DiffusionOperatorP1: Boundary treatment ...
18:15 DiffusionOperatorP1: Assemble system matrix ...
18:15 DiffusionOperatorP1: Calulate gradients of shape functions transformed by reference map ...
18:15 DiffusionOperatorP1: Calculate all local scalar products beween gradients ...
18:15 DiffusionOperatorP1: Determine global dofs ...
18:15 DiffusionOperatorP1: Boundary treatment ...
18:15 DiffusionOperatorP1: Assemble system matrix ...
18:15 DiffusionOperatorP1: Calulate gradients of shape functions transformed by reference map ...
18:15 DiffusionOperatorP1: Calculate all local scalar products beween gradients ...
18:15 DiffusionOperatorP1: Determine global dofs ...
18:15 DiffusionOperatorP1: Boundary treatment ...
18:15 DiffusionOperatorP1: Assemble system matrix ...
18:15 DiffusionOperatorP1: Calulate gradients of shape functions transformed by reference map ...
18:15 DiffusionOperatorP1: Calculate all local scalar products beween gradients ...
18:15 DiffusionOperatorP1: Determine global dofs ...
18:15 DiffusionOperatorP1: Boundary treatment ...
18:15 DiffusionOperatorP1: Assemble system matrix ...
18:15 DiffusionOperatorP1: Calulate gradients of shape functions transformed by reference map ...
18:15 DiffusionOperatorP1: Calculate all local scalar products beween gradients ...
18:15 DiffusionOperatorP1: Determine global dofs ...
18:15 DiffusionOperatorP1: Boundary treatment ...
18:15 DiffusionOperatorP1: Assemble system matrix ...
18:15 L2ProductP1: Integrate the products of the shape functions on each element
18:15 L2ProductP1: Determine global dofs ...
18:15 L2ProductP1: Boundary treatment ...
18:15 L2ProductP1: Assemble system matrix ...
18:15 DiffusionOperatorP1: Calulate gradients of shape functions transformed by reference map ...
18:15 DiffusionOperatorP1: Calculate all local scalar products beween gradients ...
18:15 DiffusionOperatorP1: Determine global dofs ...
18:15 DiffusionOperatorP1: Boundary treatment ...
18:15 DiffusionOperatorP1: Assemble system matrix ...
18:15 L2ProductP1: Integrate the products of the shape functions on each element
18:15 L2ProductP1: Determine global dofs ...
18:15 L2ProductP1: Boundary treatment ...
18:15 L2ProductP1: Assemble system matrix ...
18:15 DiffusionOperatorP1: Calulate gradients of shape functions transformed by reference map ...
18:15 DiffusionOperatorP1: Calculate all local scalar products beween gradients ...
18:15 DiffusionOperatorP1: Determine global dofs ...
18:15 DiffusionOperatorP1: Boundary treatment ...
18:15 DiffusionOperatorP1: Assemble system matrix ...
18:15 gram_schmidt: Orthonormalizing vector 3 again
18:15 gram_schmidt: Orthonormalizing vector 4 again
18:15 gram_schmidt: Orthonormalizing vector 3 again
18:15 gram_schmidt: Orthonormalizing vector 4 again
</system-err></testcase><testcase classname="src.pymortests.algorithms.gram_schmidt" file="src/pymortests/algorithms/gram_schmidt.py" line="56" name="test_gram_schmidt_with_product_and_R[&lt;lambda&gt;1]" time="0.031392812728881836"><system-err>18:15 DiffusionOperatorP1: Calulate gradients of shape functions transformed by reference map ...
18:15 DiffusionOperatorP1: Calculate all local scalar products beween gradients ...
18:15 DiffusionOperatorP1: Determine global dofs ...
18:15 DiffusionOperatorP1: Boundary treatment ...
18:15 DiffusionOperatorP1: Assemble system matrix ...
18:15 DiffusionOperatorP1: Calulate gradients of shape functions transformed by reference map ...
18:15 DiffusionOperatorP1: Calculate all local scalar products beween gradients ...
18:15 DiffusionOperatorP1: Determine global dofs ...
18:15 DiffusionOperatorP1: Boundary treatment ...
18:15 DiffusionOperatorP1: Assemble system matrix ...
18:15 L2ProductP1: Integrate the products of the shape functions on each element
18:15 L2ProductP1: Determine global dofs ...
18:15 L2ProductP1: Boundary treatment ...
18:15 L2ProductP1: Assemble system matrix ...
18:15 DiffusionOperatorP1: Calulate gradients of shape functions transformed by reference map ...
18:15 DiffusionOperatorP1: Calculate all local scalar products beween gradients ...
18:15 DiffusionOperatorP1: Determine global dofs ...
18:15 DiffusionOperatorP1: Boundary treatment ...
18:15 DiffusionOperatorP1: Assemble system matrix ...
18:15 L2ProductP1: Integrate the products of the shape functions on each element
18:15 L2ProductP1: Determine global dofs ...
18:15 L2ProductP1: Boundary treatment ...
18:15 L2ProductP1: Assemble system matrix ...
18:15 DiffusionOperatorP1: Calulate gradients of shape functions transformed by reference map ...
18:15 DiffusionOperatorP1: Calculate all local scalar products beween gradients ...
18:15 DiffusionOperatorP1: Determine global dofs ...
18:15 DiffusionOperatorP1: Boundary treatment ...
18:15 DiffusionOperatorP1: Assemble system matrix ...
18:15 gram_schmidt: Orthonormalizing vector 1 again
18:15 gram_schmidt: Orthonormalizing vector 2 again
18:15 gram_schmidt: Orthonormalizing vector 3 again
18:15 gram_schmidt: Orthonormalizing vector 4 again
18:15 gram_schmidt: Orthonormalizing vector 1 again
18:15 gram_schmidt: Orthonormalizing vector 2 again
18:15 gram_schmidt: Orthonormalizing vector 3 again
18:15 gram_schmidt: Orthonormalizing vector 4 again
</system-err></testcase><testcase classname="src.pymortests.algorithms.gram_schmidt" file="src/pymortests/algorithms/gram_schmidt.py" line="56" name="test_gram_schmidt_with_product_and_R[&lt;lambda&gt;2]" time="0.03786420822143555"><system-err>18:15 DiffusionOperatorP1: Calulate gradients of shape functions transformed by reference map ...
18:15 DiffusionOperatorP1: Calculate all local scalar products beween gradients ...
18:15 DiffusionOperatorP1: Determine global dofs ...
18:15 DiffusionOperatorP1: Boundary treatment ...
18:15 DiffusionOperatorP1: Assemble system matrix ...
18:15 DiffusionOperatorP1: Calulate gradients of shape functions transformed by reference map ...
18:15 DiffusionOperatorP1: Calculate all local scalar products beween gradients ...
18:15 DiffusionOperatorP1: Determine global dofs ...
18:15 DiffusionOperatorP1: Boundary treatment ...
18:15 DiffusionOperatorP1: Assemble system matrix ...
18:15 DiffusionOperatorP1: Calulate gradients of shape functions transformed by reference map ...
18:15 DiffusionOperatorP1: Calculate all local scalar products beween gradients ...
18:15 DiffusionOperatorP1: Determine global dofs ...
18:15 DiffusionOperatorP1: Boundary treatment ...
18:15 DiffusionOperatorP1: Assemble system matrix ...
18:15 DiffusionOperatorP1: Calulate gradients of shape functions transformed by reference map ...
18:15 DiffusionOperatorP1: Calculate all local scalar products beween gradients ...
18:15 DiffusionOperatorP1: Determine global dofs ...
18:15 DiffusionOperatorP1: Boundary treatment ...
18:15 DiffusionOperatorP1: Assemble system matrix ...
18:15 DiffusionOperatorP1: Calulate gradients of shape functions transformed by reference map ...
18:15 DiffusionOperatorP1: Calculate all local scalar products beween gradients ...
18:15 DiffusionOperatorP1: Determine global dofs ...
18:15 DiffusionOperatorP1: Boundary treatment ...
18:15 DiffusionOperatorP1: Assemble system matrix ...
18:15 L2ProductP1: Integrate the products of the shape functions on each element
18:15 L2ProductP1: Determine global dofs ...
18:15 L2ProductP1: Boundary treatment ...
18:15 L2ProductP1: Assemble system matrix ...
18:15 DiffusionOperatorP1: Calulate gradients of shape functions transformed by reference map ...
18:15 DiffusionOperatorP1: Calculate all local scalar products beween gradients ...
18:15 DiffusionOperatorP1: Determine global dofs ...
18:15 DiffusionOperatorP1: Boundary treatment ...
18:15 DiffusionOperatorP1: Assemble system matrix ...
18:15 L2ProductP1: Integrate the products of the shape functions on each element
18:15 L2ProductP1: Determine global dofs ...
18:15 L2ProductP1: Boundary treatment ...
18:15 L2ProductP1: Assemble system matrix ...
18:15 DiffusionOperatorP1: Calulate gradients of shape functions transformed by reference map ...
18:15 DiffusionOperatorP1: Calculate all local scalar products beween gradients ...
18:15 DiffusionOperatorP1: Determine global dofs ...
18:15 DiffusionOperatorP1: Boundary treatment ...
18:15 DiffusionOperatorP1: Assemble system matrix ...
18:15 gram_schmidt: Orthonormalizing vector 3 again
18:15 gram_schmidt: Orthonormalizing vector 4 again
18:15 gram_schmidt: Orthonormalizing vector 3 again
18:15 gram_schmidt: Orthonormalizing vector 4 again
</system-err></testcase><testcase classname="src.pymortests.algorithms.gram_schmidt" file="src/pymortests/algorithms/gram_schmidt.py" line="56" name="test_gram_schmidt_with_product_and_R[&lt;lambda&gt;3]" time="0.03322434425354004"><system-err>18:15 DiffusionOperatorP1: Calulate gradients of shape functions transformed by reference map ...
18:15 DiffusionOperatorP1: Calculate all local scalar products beween gradients ...
18:15 DiffusionOperatorP1: Determine global dofs ...
18:15 DiffusionOperatorP1: Boundary treatment ...
18:15 DiffusionOperatorP1: Assemble system matrix ...
18:15 DiffusionOperatorP1: Calulate gradients of shape functions transformed by reference map ...
18:15 DiffusionOperatorP1: Calculate all local scalar products beween gradients ...
18:15 DiffusionOperatorP1: Determine global dofs ...
18:15 DiffusionOperatorP1: Boundary treatment ...
18:15 DiffusionOperatorP1: Assemble system matrix ...
18:15 L2ProductP1: Integrate the products of the shape functions on each element
18:15 L2ProductP1: Determine global dofs ...
18:15 L2ProductP1: Boundary treatment ...
18:15 L2ProductP1: Assemble system matrix ...
18:15 DiffusionOperatorP1: Calulate gradients of shape functions transformed by reference map ...
18:15 DiffusionOperatorP1: Calculate all local scalar products beween gradients ...
18:15 DiffusionOperatorP1: Determine global dofs ...
18:15 DiffusionOperatorP1: Boundary treatment ...
18:15 DiffusionOperatorP1: Assemble system matrix ...
18:15 L2ProductP1: Integrate the products of the shape functions on each element
18:15 L2ProductP1: Determine global dofs ...
18:15 L2ProductP1: Boundary treatment ...
18:15 L2ProductP1: Assemble system matrix ...
18:15 DiffusionOperatorP1: Calulate gradients of shape functions transformed by reference map ...
18:15 DiffusionOperatorP1: Calculate all local scalar products beween gradients ...
18:15 DiffusionOperatorP1: Determine global dofs ...
18:15 DiffusionOperatorP1: Boundary treatment ...
18:15 DiffusionOperatorP1: Assemble system matrix ...
18:15 gram_schmidt: Orthonormalizing vector 1 again
18:15 gram_schmidt: Orthonormalizing vector 2 again
18:15 gram_schmidt: Orthonormalizing vector 3 again
18:15 gram_schmidt: Orthonormalizing vector 4 again
18:15 gram_schmidt: Orthonormalizing vector 1 again
18:15 gram_schmidt: Orthonormalizing vector 2 again
18:15 gram_schmidt: Orthonormalizing vector 3 again
18:15 gram_schmidt: Orthonormalizing vector 4 again
</system-err></testcase><testcase classname="src.pymortests.algorithms.gram_schmidt" file="src/pymortests/algorithms/gram_schmidt.py" line="56" name="test_gram_schmidt_with_product_and_R[&lt;lambda&gt;4]" time="0.034812211990356445"><system-err>18:15 DiffusionOperatorP1: Calulate gradients of shape functions transformed by reference map ...
18:15 DiffusionOperatorP1: Calculate all local scalar products beween gradients ...
18:15 DiffusionOperatorP1: Determine global dofs ...
18:15 DiffusionOperatorP1: Boundary treatment ...
18:15 DiffusionOperatorP1: Assemble system matrix ...
18:15 DiffusionOperatorP1: Calulate gradients of shape functions transformed by reference map ...
18:15 DiffusionOperatorP1: Calculate all local scalar products beween gradients ...
18:15 DiffusionOperatorP1: Determine global dofs ...
18:15 DiffusionOperatorP1: Boundary treatment ...
18:15 DiffusionOperatorP1: Assemble system matrix ...
18:15 DiffusionOperatorP1: Calulate gradients of shape functions transformed by reference map ...
18:15 DiffusionOperatorP1: Calculate all local scalar products beween gradients ...
18:15 DiffusionOperatorP1: Determine global dofs ...
18:15 DiffusionOperatorP1: Boundary treatment ...
18:15 DiffusionOperatorP1: Assemble system matrix ...
18:15 DiffusionOperatorP1: Calulate gradients of shape functions transformed by reference map ...
18:15 DiffusionOperatorP1: Calculate all local scalar products beween gradients ...
18:15 DiffusionOperatorP1: Determine global dofs ...
18:15 DiffusionOperatorP1: Boundary treatment ...
18:15 DiffusionOperatorP1: Assemble system matrix ...
18:15 DiffusionOperatorP1: Calulate gradients of shape functions transformed by reference map ...
18:15 DiffusionOperatorP1: Calculate all local scalar products beween gradients ...
18:15 DiffusionOperatorP1: Determine global dofs ...
18:15 DiffusionOperatorP1: Boundary treatment ...
18:15 DiffusionOperatorP1: Assemble system matrix ...
18:15 L2ProductP1: Integrate the products of the shape functions on each element
18:15 L2ProductP1: Determine global dofs ...
18:15 L2ProductP1: Boundary treatment ...
18:15 L2ProductP1: Assemble system matrix ...
18:15 DiffusionOperatorP1: Calulate gradients of shape functions transformed by reference map ...
18:15 DiffusionOperatorP1: Calculate all local scalar products beween gradients ...
18:15 DiffusionOperatorP1: Determine global dofs ...
18:15 DiffusionOperatorP1: Boundary treatment ...
18:15 DiffusionOperatorP1: Assemble system matrix ...
18:15 L2ProductP1: Integrate the products of the shape functions on each element
18:15 L2ProductP1: Determine global dofs ...
18:15 L2ProductP1: Boundary treatment ...
18:15 L2ProductP1: Assemble system matrix ...
18:15 DiffusionOperatorP1: Calulate gradients of shape functions transformed by reference map ...
18:15 DiffusionOperatorP1: Calculate all local scalar products beween gradients ...
18:15 DiffusionOperatorP1: Determine global dofs ...
18:15 DiffusionOperatorP1: Boundary treatment ...
18:15 DiffusionOperatorP1: Assemble system matrix ...
18:15 gram_schmidt: Orthonormalizing vector 3 again
18:15 gram_schmidt: Orthonormalizing vector 4 again
18:15 gram_schmidt: Orthonormalizing vector 3 again
18:15 gram_schmidt: Orthonormalizing vector 4 again
</system-err></testcase><testcase classname="src.pymortests.algorithms.gram_schmidt" file="src/pymortests/algorithms/gram_schmidt.py" line="56" name="test_gram_schmidt_with_product_and_R[&lt;lambda&gt;5]" time="0.03291749954223633"><system-err>18:15 DiffusionOperatorP1: Calulate gradients of shape functions transformed by reference map ...
18:15 DiffusionOperatorP1: Calculate all local scalar products beween gradients ...
18:15 DiffusionOperatorP1: Determine global dofs ...
18:15 DiffusionOperatorP1: Boundary treatment ...
18:15 DiffusionOperatorP1: Assemble system matrix ...
18:15 DiffusionOperatorP1: Calulate gradients of shape functions transformed by reference map ...
18:15 DiffusionOperatorP1: Calculate all local scalar products beween gradients ...
18:15 DiffusionOperatorP1: Determine global dofs ...
18:15 DiffusionOperatorP1: Boundary treatment ...
18:15 DiffusionOperatorP1: Assemble system matrix ...
18:15 L2ProductP1: Integrate the products of the shape functions on each element
18:15 L2ProductP1: Determine global dofs ...
18:15 L2ProductP1: Boundary treatment ...
18:15 L2ProductP1: Assemble system matrix ...
18:15 DiffusionOperatorP1: Calulate gradients of shape functions transformed by reference map ...
18:15 DiffusionOperatorP1: Calculate all local scalar products beween gradients ...
18:15 DiffusionOperatorP1: Determine global dofs ...
18:15 DiffusionOperatorP1: Boundary treatment ...
18:15 DiffusionOperatorP1: Assemble system matrix ...
18:15 L2ProductP1: Integrate the products of the shape functions on each element
18:15 L2ProductP1: Determine global dofs ...
18:15 L2ProductP1: Boundary treatment ...
18:15 L2ProductP1: Assemble system matrix ...
18:15 DiffusionOperatorP1: Calulate gradients of shape functions transformed by reference map ...
18:15 DiffusionOperatorP1: Calculate all local scalar products beween gradients ...
18:15 DiffusionOperatorP1: Determine global dofs ...
18:15 DiffusionOperatorP1: Boundary treatment ...
18:15 DiffusionOperatorP1: Assemble system matrix ...
18:15 gram_schmidt: Orthonormalizing vector 1 again
18:15 gram_schmidt: Orthonormalizing vector 2 again
18:15 gram_schmidt: Orthonormalizing vector 3 again
18:15 gram_schmidt: Orthonormalizing vector 4 again
18:15 gram_schmidt: Orthonormalizing vector 1 again
18:15 gram_schmidt: Orthonormalizing vector 2 again
18:15 gram_schmidt: Orthonormalizing vector 3 again
18:15 gram_schmidt: Orthonormalizing vector 4 again
</system-err></testcase><testcase classname="src.pymortests.algorithms.gram_schmidt" file="src/pymortests/algorithms/gram_schmidt.py" line="56" name="test_gram_schmidt_with_product_and_R[&lt;lambda&gt;6]" time="0.03541111946105957"><system-err>18:15 DiffusionOperatorP1: Calulate gradients of shape functions transformed by reference map ...
18:15 DiffusionOperatorP1: Calculate all local scalar products beween gradients ...
18:15 DiffusionOperatorP1: Determine global dofs ...
18:15 DiffusionOperatorP1: Boundary treatment ...
18:15 DiffusionOperatorP1: Assemble system matrix ...
18:15 DiffusionOperatorP1: Calulate gradients of shape functions transformed by reference map ...
18:15 DiffusionOperatorP1: Calculate all local scalar products beween gradients ...
18:15 DiffusionOperatorP1: Determine global dofs ...
18:15 DiffusionOperatorP1: Boundary treatment ...
18:15 DiffusionOperatorP1: Assemble system matrix ...
18:15 DiffusionOperatorP1: Calulate gradients of shape functions transformed by reference map ...
18:15 DiffusionOperatorP1: Calculate all local scalar products beween gradients ...
18:15 DiffusionOperatorP1: Determine global dofs ...
18:15 DiffusionOperatorP1: Boundary treatment ...
18:15 DiffusionOperatorP1: Assemble system matrix ...
18:15 DiffusionOperatorP1: Calulate gradients of shape functions transformed by reference map ...
18:15 DiffusionOperatorP1: Calculate all local scalar products beween gradients ...
18:15 DiffusionOperatorP1: Determine global dofs ...
18:15 DiffusionOperatorP1: Boundary treatment ...
18:15 DiffusionOperatorP1: Assemble system matrix ...
18:15 DiffusionOperatorP1: Calulate gradients of shape functions transformed by reference map ...
18:15 DiffusionOperatorP1: Calculate all local scalar products beween gradients ...
18:15 DiffusionOperatorP1: Determine global dofs ...
18:15 DiffusionOperatorP1: Boundary treatment ...
18:15 DiffusionOperatorP1: Assemble system matrix ...
18:15 L2ProductP1: Integrate the products of the shape functions on each element
18:15 L2ProductP1: Determine global dofs ...
18:15 L2ProductP1: Boundary treatment ...
18:15 L2ProductP1: Assemble system matrix ...
18:15 DiffusionOperatorP1: Calulate gradients of shape functions transformed by reference map ...
18:15 DiffusionOperatorP1: Calculate all local scalar products beween gradients ...
18:15 DiffusionOperatorP1: Determine global dofs ...
18:15 DiffusionOperatorP1: Boundary treatment ...
18:15 DiffusionOperatorP1: Assemble system matrix ...
18:15 L2ProductP1: Integrate the products of the shape functions on each element
18:15 L2ProductP1: Determine global dofs ...
18:15 L2ProductP1: Boundary treatment ...
18:15 L2ProductP1: Assemble system matrix ...
18:15 DiffusionOperatorP1: Calulate gradients of shape functions transformed by reference map ...
18:15 DiffusionOperatorP1: Calculate all local scalar products beween gradients ...
18:15 DiffusionOperatorP1: Determine global dofs ...
18:15 DiffusionOperatorP1: Boundary treatment ...
18:15 DiffusionOperatorP1: Assemble system matrix ...
18:15 gram_schmidt: Orthonormalizing vector 3 again
18:15 gram_schmidt: Orthonormalizing vector 4 again
18:15 gram_schmidt: Orthonormalizing vector 3 again
18:15 gram_schmidt: Orthonormalizing vector 4 again
</system-err></testcase><testcase classname="src.pymortests.algorithms.gram_schmidt" file="src/pymortests/algorithms/gram_schmidt.py" line="56" name="test_gram_schmidt_with_product_and_R[&lt;lambda&gt;7]" time="0.03219103813171387"><system-err>18:15 DiffusionOperatorP1: Calulate gradients of shape functions transformed by reference map ...
18:15 DiffusionOperatorP1: Calculate all local scalar products beween gradients ...
18:15 DiffusionOperatorP1: Determine global dofs ...
18:15 DiffusionOperatorP1: Boundary treatment ...
18:15 DiffusionOperatorP1: Assemble system matrix ...
18:15 DiffusionOperatorP1: Calulate gradients of shape functions transformed by reference map ...
18:15 DiffusionOperatorP1: Calculate all local scalar products beween gradients ...
18:15 DiffusionOperatorP1: Determine global dofs ...
18:15 DiffusionOperatorP1: Boundary treatment ...
18:15 DiffusionOperatorP1: Assemble system matrix ...
18:15 L2ProductP1: Integrate the products of the shape functions on each element
18:15 L2ProductP1: Determine global dofs ...
18:15 L2ProductP1: Boundary treatment ...
18:15 L2ProductP1: Assemble system matrix ...
18:15 DiffusionOperatorP1: Calulate gradients of shape functions transformed by reference map ...
18:15 DiffusionOperatorP1: Calculate all local scalar products beween gradients ...
18:15 DiffusionOperatorP1: Determine global dofs ...
18:15 DiffusionOperatorP1: Boundary treatment ...
18:15 DiffusionOperatorP1: Assemble system matrix ...
18:15 L2ProductP1: Integrate the products of the shape functions on each element
18:15 L2ProductP1: Determine global dofs ...
18:15 L2ProductP1: Boundary treatment ...
18:15 L2ProductP1: Assemble system matrix ...
18:15 DiffusionOperatorP1: Calulate gradients of shape functions transformed by reference map ...
18:15 DiffusionOperatorP1: Calculate all local scalar products beween gradients ...
18:15 DiffusionOperatorP1: Determine global dofs ...
18:15 DiffusionOperatorP1: Boundary treatment ...
18:15 DiffusionOperatorP1: Assemble system matrix ...
18:15 gram_schmidt: Orthonormalizing vector 1 again
18:15 gram_schmidt: Orthonormalizing vector 2 again
18:15 gram_schmidt: Orthonormalizing vector 3 again
18:15 gram_schmidt: Orthonormalizing vector 4 again
18:15 gram_schmidt: Orthonormalizing vector 1 again
18:15 gram_schmidt: Orthonormalizing vector 2 again
18:15 gram_schmidt: Orthonormalizing vector 3 again
18:15 gram_schmidt: Orthonormalizing vector 4 again
</system-err></testcase><testcase classname="src.pymortests.algorithms.gram_schmidt" file="src/pymortests/algorithms/gram_schmidt.py" line="56" name="test_gram_schmidt_with_product_and_R[&lt;lambda&gt;8]" time="0.034374237060546875"><system-err>18:15 DiffusionOperatorP1: Calulate gradients of shape functions transformed by reference map ...
18:15 DiffusionOperatorP1: Calculate all local scalar products beween gradients ...
18:15 DiffusionOperatorP1: Determine global dofs ...
18:15 DiffusionOperatorP1: Boundary treatment ...
18:15 DiffusionOperatorP1: Assemble system matrix ...
18:15 DiffusionOperatorP1: Calulate gradients of shape functions transformed by reference map ...
18:15 DiffusionOperatorP1: Calculate all local scalar products beween gradients ...
18:15 DiffusionOperatorP1: Determine global dofs ...
18:15 DiffusionOperatorP1: Boundary treatment ...
18:15 DiffusionOperatorP1: Assemble system matrix ...
18:15 DiffusionOperatorP1: Calulate gradients of shape functions transformed by reference map ...
18:15 DiffusionOperatorP1: Calculate all local scalar products beween gradients ...
18:15 DiffusionOperatorP1: Determine global dofs ...
18:15 DiffusionOperatorP1: Boundary treatment ...
18:15 DiffusionOperatorP1: Assemble system matrix ...
18:15 DiffusionOperatorP1: Calulate gradients of shape functions transformed by reference map ...
18:15 DiffusionOperatorP1: Calculate all local scalar products beween gradients ...
18:15 DiffusionOperatorP1: Determine global dofs ...
18:15 DiffusionOperatorP1: Boundary treatment ...
18:15 DiffusionOperatorP1: Assemble system matrix ...
18:15 DiffusionOperatorP1: Calulate gradients of shape functions transformed by reference map ...
18:15 DiffusionOperatorP1: Calculate all local scalar products beween gradients ...
18:15 DiffusionOperatorP1: Determine global dofs ...
18:15 DiffusionOperatorP1: Boundary treatment ...
18:15 DiffusionOperatorP1: Assemble system matrix ...
18:15 L2ProductP1: Integrate the products of the shape functions on each element
18:15 L2ProductP1: Determine global dofs ...
18:15 L2ProductP1: Boundary treatment ...
18:15 L2ProductP1: Assemble system matrix ...
18:15 DiffusionOperatorP1: Calulate gradients of shape functions transformed by reference map ...
18:15 DiffusionOperatorP1: Calculate all local scalar products beween gradients ...
18:15 DiffusionOperatorP1: Determine global dofs ...
18:15 DiffusionOperatorP1: Boundary treatment ...
18:15 DiffusionOperatorP1: Assemble system matrix ...
18:15 L2ProductP1: Integrate the products of the shape functions on each element
18:15 L2ProductP1: Determine global dofs ...
18:15 L2ProductP1: Boundary treatment ...
18:15 L2ProductP1: Assemble system matrix ...
18:15 DiffusionOperatorP1: Calulate gradients of shape functions transformed by reference map ...
18:15 DiffusionOperatorP1: Calculate all local scalar products beween gradients ...
18:15 DiffusionOperatorP1: Determine global dofs ...
18:15 DiffusionOperatorP1: Boundary treatment ...
18:15 DiffusionOperatorP1: Assemble system matrix ...
18:15 gram_schmidt: Orthonormalizing vector 3 again
18:15 gram_schmidt: Orthonormalizing vector 4 again
18:15 gram_schmidt: Orthonormalizing vector 3 again
18:15 gram_schmidt: Orthonormalizing vector 4 again
</system-err></testcase><testcase classname="src.pymortests.algorithms.gram_schmidt" file="src/pymortests/algorithms/gram_schmidt.py" line="56" name="test_gram_schmidt_with_product_and_R[&lt;lambda&gt;9]" time="0.031931161880493164"><system-err>18:15 DiffusionOperatorP1: Calulate gradients of shape functions transformed by reference map ...
18:15 DiffusionOperatorP1: Calculate all local scalar products beween gradients ...
18:15 DiffusionOperatorP1: Determine global dofs ...
18:15 DiffusionOperatorP1: Boundary treatment ...
18:15 DiffusionOperatorP1: Assemble system matrix ...
18:15 DiffusionOperatorP1: Calulate gradients of shape functions transformed by reference map ...
18:15 DiffusionOperatorP1: Calculate all local scalar products beween gradients ...
18:15 DiffusionOperatorP1: Determine global dofs ...
18:15 DiffusionOperatorP1: Boundary treatment ...
18:15 DiffusionOperatorP1: Assemble system matrix ...
18:15 L2ProductP1: Integrate the products of the shape functions on each element
18:15 L2ProductP1: Determine global dofs ...
18:15 L2ProductP1: Boundary treatment ...
18:15 L2ProductP1: Assemble system matrix ...
18:15 DiffusionOperatorP1: Calulate gradients of shape functions transformed by reference map ...
18:15 DiffusionOperatorP1: Calculate all local scalar products beween gradients ...
18:15 DiffusionOperatorP1: Determine global dofs ...
18:15 DiffusionOperatorP1: Boundary treatment ...
18:15 DiffusionOperatorP1: Assemble system matrix ...
18:15 L2ProductP1: Integrate the products of the shape functions on each element
18:15 L2ProductP1: Determine global dofs ...
18:15 L2ProductP1: Boundary treatment ...
18:15 L2ProductP1: Assemble system matrix ...
18:15 DiffusionOperatorP1: Calulate gradients of shape functions transformed by reference map ...
18:15 DiffusionOperatorP1: Calculate all local scalar products beween gradients ...
18:15 DiffusionOperatorP1: Determine global dofs ...
18:15 DiffusionOperatorP1: Boundary treatment ...
18:15 DiffusionOperatorP1: Assemble system matrix ...
18:15 gram_schmidt: Orthonormalizing vector 1 again
18:15 gram_schmidt: Orthonormalizing vector 2 again
18:15 gram_schmidt: Orthonormalizing vector 3 again
18:15 gram_schmidt: Orthonormalizing vector 4 again
18:15 gram_schmidt: Orthonormalizing vector 1 again
18:15 gram_schmidt: Orthonormalizing vector 2 again
18:15 gram_schmidt: Orthonormalizing vector 3 again
18:15 gram_schmidt: Orthonormalizing vector 4 again
</system-err></testcase><testcase classname="src.pymortests.algorithms.gram_schmidt" file="src/pymortests/algorithms/gram_schmidt.py" line="56" name="test_gram_schmidt_with_product_and_R[&lt;lambda&gt;10]" time="0.03495955467224121"><system-err>18:15 DiffusionOperatorP1: Calulate gradients of shape functions transformed by reference map ...
18:15 DiffusionOperatorP1: Calculate all local scalar products beween gradients ...
18:15 DiffusionOperatorP1: Determine global dofs ...
18:15 DiffusionOperatorP1: Boundary treatment ...
18:15 DiffusionOperatorP1: Assemble system matrix ...
18:15 DiffusionOperatorP1: Calulate gradients of shape functions transformed by reference map ...
18:15 DiffusionOperatorP1: Calculate all local scalar products beween gradients ...
18:15 DiffusionOperatorP1: Determine global dofs ...
18:15 DiffusionOperatorP1: Boundary treatment ...
18:15 DiffusionOperatorP1: Assemble system matrix ...
18:15 DiffusionOperatorP1: Calulate gradients of shape functions transformed by reference map ...
18:15 DiffusionOperatorP1: Calculate all local scalar products beween gradients ...
18:15 DiffusionOperatorP1: Determine global dofs ...
18:15 DiffusionOperatorP1: Boundary treatment ...
18:15 DiffusionOperatorP1: Assemble system matrix ...
18:15 DiffusionOperatorP1: Calulate gradients of shape functions transformed by reference map ...
18:15 DiffusionOperatorP1: Calculate all local scalar products beween gradients ...
18:15 DiffusionOperatorP1: Determine global dofs ...
18:15 DiffusionOperatorP1: Boundary treatment ...
18:15 DiffusionOperatorP1: Assemble system matrix ...
18:15 DiffusionOperatorP1: Calulate gradients of shape functions transformed by reference map ...
18:15 DiffusionOperatorP1: Calculate all local scalar products beween gradients ...
18:15 DiffusionOperatorP1: Determine global dofs ...
18:15 DiffusionOperatorP1: Boundary treatment ...
18:15 DiffusionOperatorP1: Assemble system matrix ...
18:15 L2ProductP1: Integrate the products of the shape functions on each element
18:15 L2ProductP1: Determine global dofs ...
18:15 L2ProductP1: Boundary treatment ...
18:15 L2ProductP1: Assemble system matrix ...
18:15 DiffusionOperatorP1: Calulate gradients of shape functions transformed by reference map ...
18:15 DiffusionOperatorP1: Calculate all local scalar products beween gradients ...
18:15 DiffusionOperatorP1: Determine global dofs ...
18:15 DiffusionOperatorP1: Boundary treatment ...
18:15 DiffusionOperatorP1: Assemble system matrix ...
18:15 L2ProductP1: Integrate the products of the shape functions on each element
18:15 L2ProductP1: Determine global dofs ...
18:15 L2ProductP1: Boundary treatment ...
18:15 L2ProductP1: Assemble system matrix ...
18:15 DiffusionOperatorP1: Calulate gradients of shape functions transformed by reference map ...
18:15 DiffusionOperatorP1: Calculate all local scalar products beween gradients ...
18:15 DiffusionOperatorP1: Determine global dofs ...
18:15 DiffusionOperatorP1: Boundary treatment ...
18:15 DiffusionOperatorP1: Assemble system matrix ...
18:15 gram_schmidt: Orthonormalizing vector 3 again
18:15 gram_schmidt: Orthonormalizing vector 4 again
18:15 gram_schmidt: Orthonormalizing vector 3 again
18:15 gram_schmidt: Orthonormalizing vector 4 again
</system-err></testcase><testcase classname="src.pymortests.algorithms.gram_schmidt" file="src/pymortests/algorithms/gram_schmidt.py" line="56" name="test_gram_schmidt_with_product_and_R[&lt;lambda&gt;11]" time="0.03279995918273926"><system-err>18:15 DiffusionOperatorP1: Calulate gradients of shape functions transformed by reference map ...
18:15 DiffusionOperatorP1: Calculate all local scalar products beween gradients ...
18:15 DiffusionOperatorP1: Determine global dofs ...
18:15 DiffusionOperatorP1: Boundary treatment ...
18:15 DiffusionOperatorP1: Assemble system matrix ...
18:15 DiffusionOperatorP1: Calulate gradients of shape functions transformed by reference map ...
18:15 DiffusionOperatorP1: Calculate all local scalar products beween gradients ...
18:15 DiffusionOperatorP1: Determine global dofs ...
18:15 DiffusionOperatorP1: Boundary treatment ...
18:15 DiffusionOperatorP1: Assemble system matrix ...
18:15 L2ProductP1: Integrate the products of the shape functions on each element
18:15 L2ProductP1: Determine global dofs ...
18:15 L2ProductP1: Boundary treatment ...
18:15 L2ProductP1: Assemble system matrix ...
18:15 DiffusionOperatorP1: Calulate gradients of shape functions transformed by reference map ...
18:15 DiffusionOperatorP1: Calculate all local scalar products beween gradients ...
18:15 DiffusionOperatorP1: Determine global dofs ...
18:15 DiffusionOperatorP1: Boundary treatment ...
18:15 DiffusionOperatorP1: Assemble system matrix ...
18:15 L2ProductP1: Integrate the products of the shape functions on each element
18:15 L2ProductP1: Determine global dofs ...
18:15 L2ProductP1: Boundary treatment ...
18:15 L2ProductP1: Assemble system matrix ...
18:15 DiffusionOperatorP1: Calulate gradients of shape functions transformed by reference map ...
18:15 DiffusionOperatorP1: Calculate all local scalar products beween gradients ...
18:15 DiffusionOperatorP1: Determine global dofs ...
18:15 DiffusionOperatorP1: Boundary treatment ...
18:15 DiffusionOperatorP1: Assemble system matrix ...
18:15 gram_schmidt: Orthonormalizing vector 1 again
18:15 gram_schmidt: Orthonormalizing vector 2 again
18:15 gram_schmidt: Orthonormalizing vector 3 again
18:15 gram_schmidt: Orthonormalizing vector 4 again
18:15 gram_schmidt: Orthonormalizing vector 1 again
18:15 gram_schmidt: Orthonormalizing vector 2 again
18:15 gram_schmidt: Orthonormalizing vector 3 again
18:15 gram_schmidt: Orthonormalizing vector 4 again
</system-err></testcase><testcase classname="src.pymortests.algorithms.gram_schmidt" file="src/pymortests/algorithms/gram_schmidt.py" line="56" name="test_gram_schmidt_with_product_and_R[&lt;lambda&gt;12]" time="0.03461194038391113"><system-err>18:15 DiffusionOperatorP1: Calulate gradients of shape functions transformed by reference map ...
18:15 DiffusionOperatorP1: Calculate all local scalar products beween gradients ...
18:15 DiffusionOperatorP1: Determine global dofs ...
18:15 DiffusionOperatorP1: Boundary treatment ...
18:15 DiffusionOperatorP1: Assemble system matrix ...
18:15 DiffusionOperatorP1: Calulate gradients of shape functions transformed by reference map ...
18:15 DiffusionOperatorP1: Calculate all local scalar products beween gradients ...
18:15 DiffusionOperatorP1: Determine global dofs ...
18:15 DiffusionOperatorP1: Boundary treatment ...
18:15 DiffusionOperatorP1: Assemble system matrix ...
18:15 DiffusionOperatorP1: Calulate gradients of shape functions transformed by reference map ...
18:15 DiffusionOperatorP1: Calculate all local scalar products beween gradients ...
18:15 DiffusionOperatorP1: Determine global dofs ...
18:15 DiffusionOperatorP1: Boundary treatment ...
18:15 DiffusionOperatorP1: Assemble system matrix ...
18:15 DiffusionOperatorP1: Calulate gradients of shape functions transformed by reference map ...
18:15 DiffusionOperatorP1: Calculate all local scalar products beween gradients ...
18:15 DiffusionOperatorP1: Determine global dofs ...
18:15 DiffusionOperatorP1: Boundary treatment ...
18:15 DiffusionOperatorP1: Assemble system matrix ...
18:15 DiffusionOperatorP1: Calulate gradients of shape functions transformed by reference map ...
18:15 DiffusionOperatorP1: Calculate all local scalar products beween gradients ...
18:15 DiffusionOperatorP1: Determine global dofs ...
18:15 DiffusionOperatorP1: Boundary treatment ...
18:15 DiffusionOperatorP1: Assemble system matrix ...
18:16 L2ProductP1: Integrate the products of the shape functions on each element
18:16 L2ProductP1: Determine global dofs ...
18:16 L2ProductP1: Boundary treatment ...
18:16 L2ProductP1: Assemble system matrix ...
18:16 DiffusionOperatorP1: Calulate gradients of shape functions transformed by reference map ...
18:16 DiffusionOperatorP1: Calculate all local scalar products beween gradients ...
18:16 DiffusionOperatorP1: Determine global dofs ...
18:16 DiffusionOperatorP1: Boundary treatment ...
18:16 DiffusionOperatorP1: Assemble system matrix ...
18:16 L2ProductP1: Integrate the products of the shape functions on each element
18:16 L2ProductP1: Determine global dofs ...
18:16 L2ProductP1: Boundary treatment ...
18:16 L2ProductP1: Assemble system matrix ...
18:16 DiffusionOperatorP1: Calulate gradients of shape functions transformed by reference map ...
18:16 DiffusionOperatorP1: Calculate all local scalar products beween gradients ...
18:16 DiffusionOperatorP1: Determine global dofs ...
18:16 DiffusionOperatorP1: Boundary treatment ...
18:16 DiffusionOperatorP1: Assemble system matrix ...
18:16 gram_schmidt: Removing linearly dependent vector 5
18:16 gram_schmidt: Removing linearly dependent vector 6
18:16 gram_schmidt: Removing linearly dependent vector 5
18:16 gram_schmidt: Removing linearly dependent vector 6
</system-err></testcase><testcase classname="src.pymortests.algorithms.gram_schmidt" file="src/pymortests/algorithms/gram_schmidt.py" line="56" name="test_gram_schmidt_with_product_and_R[&lt;lambda&gt;13]" time="0.03154563903808594"><system-err>18:16 DiffusionOperatorP1: Calulate gradients of shape functions transformed by reference map ...
18:16 DiffusionOperatorP1: Calculate all local scalar products beween gradients ...
18:16 DiffusionOperatorP1: Determine global dofs ...
18:16 DiffusionOperatorP1: Boundary treatment ...
18:16 DiffusionOperatorP1: Assemble system matrix ...
18:16 DiffusionOperatorP1: Calulate gradients of shape functions transformed by reference map ...
18:16 DiffusionOperatorP1: Calculate all local scalar products beween gradients ...
18:16 DiffusionOperatorP1: Determine global dofs ...
18:16 DiffusionOperatorP1: Boundary treatment ...
18:16 DiffusionOperatorP1: Assemble system matrix ...
18:16 L2ProductP1: Integrate the products of the shape functions on each element
18:16 L2ProductP1: Determine global dofs ...
18:16 L2ProductP1: Boundary treatment ...
18:16 L2ProductP1: Assemble system matrix ...
18:16 DiffusionOperatorP1: Calulate gradients of shape functions transformed by reference map ...
18:16 DiffusionOperatorP1: Calculate all local scalar products beween gradients ...
18:16 DiffusionOperatorP1: Determine global dofs ...
18:16 DiffusionOperatorP1: Boundary treatment ...
18:16 DiffusionOperatorP1: Assemble system matrix ...
18:16 L2ProductP1: Integrate the products of the shape functions on each element
18:16 L2ProductP1: Determine global dofs ...
18:16 L2ProductP1: Boundary treatment ...
18:16 L2ProductP1: Assemble system matrix ...
18:16 DiffusionOperatorP1: Calulate gradients of shape functions transformed by reference map ...
18:16 DiffusionOperatorP1: Calculate all local scalar products beween gradients ...
18:16 DiffusionOperatorP1: Determine global dofs ...
18:16 DiffusionOperatorP1: Boundary treatment ...
18:16 DiffusionOperatorP1: Assemble system matrix ...
18:16 gram_schmidt: Orthonormalizing vector 3 again
18:16 gram_schmidt: Removing linearly dependent vector 5
18:16 gram_schmidt: Removing linearly dependent vector 6
18:16 gram_schmidt: Orthonormalizing vector 3 again
18:16 gram_schmidt: Removing linearly dependent vector 5
18:16 gram_schmidt: Removing linearly dependent vector 6
</system-err></testcase><testcase classname="src.pymortests.algorithms.gram_schmidt" file="src/pymortests/algorithms/gram_schmidt.py" line="56" name="test_gram_schmidt_with_product_and_R[&lt;lambda&gt;14]" time="0.03794527053833008"><system-err>18:16 DiffusionOperatorP1: Calulate gradients of shape functions transformed by reference map ...
18:16 DiffusionOperatorP1: Calculate all local scalar products beween gradients ...
18:16 DiffusionOperatorP1: Determine global dofs ...
18:16 DiffusionOperatorP1: Boundary treatment ...
18:16 DiffusionOperatorP1: Assemble system matrix ...
18:16 DiffusionOperatorP1: Calulate gradients of shape functions transformed by reference map ...
18:16 DiffusionOperatorP1: Calculate all local scalar products beween gradients ...
18:16 DiffusionOperatorP1: Determine global dofs ...
18:16 DiffusionOperatorP1: Boundary treatment ...
18:16 DiffusionOperatorP1: Assemble system matrix ...
18:16 DiffusionOperatorP1: Calulate gradients of shape functions transformed by reference map ...
18:16 DiffusionOperatorP1: Calculate all local scalar products beween gradients ...
18:16 DiffusionOperatorP1: Determine global dofs ...
18:16 DiffusionOperatorP1: Boundary treatment ...
18:16 DiffusionOperatorP1: Assemble system matrix ...
18:16 DiffusionOperatorP1: Calulate gradients of shape functions transformed by reference map ...
18:16 DiffusionOperatorP1: Calculate all local scalar products beween gradients ...
18:16 DiffusionOperatorP1: Determine global dofs ...
18:16 DiffusionOperatorP1: Boundary treatment ...
18:16 DiffusionOperatorP1: Assemble system matrix ...
18:16 DiffusionOperatorP1: Calulate gradients of shape functions transformed by reference map ...
18:16 DiffusionOperatorP1: Calculate all local scalar products beween gradients ...
18:16 DiffusionOperatorP1: Determine global dofs ...
18:16 DiffusionOperatorP1: Boundary treatment ...
18:16 DiffusionOperatorP1: Assemble system matrix ...
18:16 L2ProductP1: Integrate the products of the shape functions on each element
18:16 L2ProductP1: Determine global dofs ...
18:16 L2ProductP1: Boundary treatment ...
18:16 L2ProductP1: Assemble system matrix ...
18:16 DiffusionOperatorP1: Calulate gradients of shape functions transformed by reference map ...
18:16 DiffusionOperatorP1: Calculate all local scalar products beween gradients ...
18:16 DiffusionOperatorP1: Determine global dofs ...
18:16 DiffusionOperatorP1: Boundary treatment ...
18:16 DiffusionOperatorP1: Assemble system matrix ...
18:16 L2ProductP1: Integrate the products of the shape functions on each element
18:16 L2ProductP1: Determine global dofs ...
18:16 L2ProductP1: Boundary treatment ...
18:16 L2ProductP1: Assemble system matrix ...
18:16 DiffusionOperatorP1: Calulate gradients of shape functions transformed by reference map ...
18:16 DiffusionOperatorP1: Calculate all local scalar products beween gradients ...
18:16 DiffusionOperatorP1: Determine global dofs ...
18:16 DiffusionOperatorP1: Boundary treatment ...
18:16 DiffusionOperatorP1: Assemble system matrix ...
18:16 gram_schmidt: Orthonormalizing vector 1 again
18:16 gram_schmidt: Orthonormalizing vector 2 again
18:16 gram_schmidt: Orthonormalizing vector 3 again
18:16 gram_schmidt: Orthonormalizing vector 4 again
18:16 gram_schmidt: Removing linearly dependent vector 5
18:16 gram_schmidt: Orthonormalizing vector 1 again
18:16 gram_schmidt: Orthonormalizing vector 2 again
18:16 gram_schmidt: Orthonormalizing vector 3 again
18:16 gram_schmidt: Orthonormalizing vector 4 again
18:16 gram_schmidt: Removing linearly dependent vector 5
</system-err></testcase><testcase classname="src.pymortests.algorithms.gram_schmidt" file="src/pymortests/algorithms/gram_schmidt.py" line="56" name="test_gram_schmidt_with_product_and_R[&lt;lambda&gt;15]" time="0.03431963920593262"><system-err>18:16 DiffusionOperatorP1: Calulate gradients of shape functions transformed by reference map ...
18:16 DiffusionOperatorP1: Calculate all local scalar products beween gradients ...
18:16 DiffusionOperatorP1: Determine global dofs ...
18:16 DiffusionOperatorP1: Boundary treatment ...
18:16 DiffusionOperatorP1: Assemble system matrix ...
18:16 DiffusionOperatorP1: Calulate gradients of shape functions transformed by reference map ...
18:16 DiffusionOperatorP1: Calculate all local scalar products beween gradients ...
18:16 DiffusionOperatorP1: Determine global dofs ...
18:16 DiffusionOperatorP1: Boundary treatment ...
18:16 DiffusionOperatorP1: Assemble system matrix ...
18:16 L2ProductP1: Integrate the products of the shape functions on each element
18:16 L2ProductP1: Determine global dofs ...
18:16 L2ProductP1: Boundary treatment ...
18:16 L2ProductP1: Assemble system matrix ...
18:16 DiffusionOperatorP1: Calulate gradients of shape functions transformed by reference map ...
18:16 DiffusionOperatorP1: Calculate all local scalar products beween gradients ...
18:16 DiffusionOperatorP1: Determine global dofs ...
18:16 DiffusionOperatorP1: Boundary treatment ...
18:16 DiffusionOperatorP1: Assemble system matrix ...
18:16 L2ProductP1: Integrate the products of the shape functions on each element
18:16 L2ProductP1: Determine global dofs ...
18:16 L2ProductP1: Boundary treatment ...
18:16 L2ProductP1: Assemble system matrix ...
18:16 DiffusionOperatorP1: Calulate gradients of shape functions transformed by reference map ...
18:16 DiffusionOperatorP1: Calculate all local scalar products beween gradients ...
18:16 DiffusionOperatorP1: Determine global dofs ...
18:16 DiffusionOperatorP1: Boundary treatment ...
18:16 DiffusionOperatorP1: Assemble system matrix ...
18:16 gram_schmidt: Orthonormalizing vector 1 again
18:16 gram_schmidt: Orthonormalizing vector 2 again
18:16 gram_schmidt: Orthonormalizing vector 3 again
18:16 gram_schmidt: Orthonormalizing vector 4 again
18:16 gram_schmidt: Orthonormalizing vector 5 again
18:16 gram_schmidt: Orthonormalizing vector 1 again
18:16 gram_schmidt: Orthonormalizing vector 2 again
18:16 gram_schmidt: Orthonormalizing vector 3 again
18:16 gram_schmidt: Orthonormalizing vector 4 again
18:16 gram_schmidt: Orthonormalizing vector 5 again
</system-err></testcase><testcase classname="src.pymortests.algorithms.gram_schmidt" file="src/pymortests/algorithms/gram_schmidt.py" line="56" name="test_gram_schmidt_with_product_and_R[&lt;lambda&gt;16]" time="0.03235983848571777"><system-err>18:16 DiffusionOperatorP1: Calulate gradients of shape functions transformed by reference map ...
18:16 DiffusionOperatorP1: Calculate all local scalar products beween gradients ...
18:16 DiffusionOperatorP1: Determine global dofs ...
18:16 DiffusionOperatorP1: Boundary treatment ...
18:16 DiffusionOperatorP1: Assemble system matrix ...
18:16 DiffusionOperatorP1: Calulate gradients of shape functions transformed by reference map ...
18:16 DiffusionOperatorP1: Calculate all local scalar products beween gradients ...
18:16 DiffusionOperatorP1: Determine global dofs ...
18:16 DiffusionOperatorP1: Boundary treatment ...
18:16 DiffusionOperatorP1: Assemble system matrix ...
18:16 DiffusionOperatorP1: Calulate gradients of shape functions transformed by reference map ...
18:16 DiffusionOperatorP1: Calculate all local scalar products beween gradients ...
18:16 DiffusionOperatorP1: Determine global dofs ...
18:16 DiffusionOperatorP1: Boundary treatment ...
18:16 DiffusionOperatorP1: Assemble system matrix ...
18:16 DiffusionOperatorP1: Calulate gradients of shape functions transformed by reference map ...
18:16 DiffusionOperatorP1: Calculate all local scalar products beween gradients ...
18:16 DiffusionOperatorP1: Determine global dofs ...
18:16 DiffusionOperatorP1: Boundary treatment ...
18:16 DiffusionOperatorP1: Assemble system matrix ...
18:16 DiffusionOperatorP1: Calulate gradients of shape functions transformed by reference map ...
18:16 DiffusionOperatorP1: Calculate all local scalar products beween gradients ...
18:16 DiffusionOperatorP1: Determine global dofs ...
18:16 DiffusionOperatorP1: Boundary treatment ...
18:16 DiffusionOperatorP1: Assemble system matrix ...
18:16 L2ProductP1: Integrate the products of the shape functions on each element
18:16 L2ProductP1: Determine global dofs ...
18:16 L2ProductP1: Boundary treatment ...
18:16 L2ProductP1: Assemble system matrix ...
18:16 DiffusionOperatorP1: Calulate gradients of shape functions transformed by reference map ...
18:16 DiffusionOperatorP1: Calculate all local scalar products beween gradients ...
18:16 DiffusionOperatorP1: Determine global dofs ...
18:16 DiffusionOperatorP1: Boundary treatment ...
18:16 DiffusionOperatorP1: Assemble system matrix ...
18:16 L2ProductP1: Integrate the products of the shape functions on each element
18:16 L2ProductP1: Determine global dofs ...
18:16 L2ProductP1: Boundary treatment ...
18:16 L2ProductP1: Assemble system matrix ...
18:16 DiffusionOperatorP1: Calulate gradients of shape functions transformed by reference map ...
18:16 DiffusionOperatorP1: Calculate all local scalar products beween gradients ...
18:16 DiffusionOperatorP1: Determine global dofs ...
18:16 DiffusionOperatorP1: Boundary treatment ...
18:16 DiffusionOperatorP1: Assemble system matrix ...
18:16 gram_schmidt: Removing linearly dependent vector 1
18:16 gram_schmidt: Removing linearly dependent vector 2
18:16 gram_schmidt: Removing linearly dependent vector 3
18:16 gram_schmidt: Removing linearly dependent vector 4
18:16 gram_schmidt: Removing linearly dependent vector 5
18:16 gram_schmidt: Removing linearly dependent vector 6
18:16 gram_schmidt: Removing linearly dependent vector 1
18:16 gram_schmidt: Removing linearly dependent vector 2
18:16 gram_schmidt: Removing linearly dependent vector 3
18:16 gram_schmidt: Removing linearly dependent vector 4
18:16 gram_schmidt: Removing linearly dependent vector 5
18:16 gram_schmidt: Removing linearly dependent vector 6
</system-err></testcase><testcase classname="src.pymortests.algorithms.gram_schmidt" file="src/pymortests/algorithms/gram_schmidt.py" line="56" name="test_gram_schmidt_with_product_and_R[&lt;lambda&gt;17]" time="0.028549909591674805"><system-err>18:16 DiffusionOperatorP1: Calulate gradients of shape functions transformed by reference map ...
18:16 DiffusionOperatorP1: Calculate all local scalar products beween gradients ...
18:16 DiffusionOperatorP1: Determine global dofs ...
18:16 DiffusionOperatorP1: Boundary treatment ...
18:16 DiffusionOperatorP1: Assemble system matrix ...
18:16 DiffusionOperatorP1: Calulate gradients of shape functions transformed by reference map ...
18:16 DiffusionOperatorP1: Calculate all local scalar products beween gradients ...
18:16 DiffusionOperatorP1: Determine global dofs ...
18:16 DiffusionOperatorP1: Boundary treatment ...
18:16 DiffusionOperatorP1: Assemble system matrix ...
18:16 L2ProductP1: Integrate the products of the shape functions on each element
18:16 L2ProductP1: Determine global dofs ...
18:16 L2ProductP1: Boundary treatment ...
18:16 L2ProductP1: Assemble system matrix ...
18:16 DiffusionOperatorP1: Calulate gradients of shape functions transformed by reference map ...
18:16 DiffusionOperatorP1: Calculate all local scalar products beween gradients ...
18:16 DiffusionOperatorP1: Determine global dofs ...
18:16 DiffusionOperatorP1: Boundary treatment ...
18:16 DiffusionOperatorP1: Assemble system matrix ...
18:16 L2ProductP1: Integrate the products of the shape functions on each element
18:16 L2ProductP1: Determine global dofs ...
18:16 L2ProductP1: Boundary treatment ...
18:16 L2ProductP1: Assemble system matrix ...
18:16 DiffusionOperatorP1: Calulate gradients of shape functions transformed by reference map ...
18:16 DiffusionOperatorP1: Calculate all local scalar products beween gradients ...
18:16 DiffusionOperatorP1: Determine global dofs ...
18:16 DiffusionOperatorP1: Boundary treatment ...
18:16 DiffusionOperatorP1: Assemble system matrix ...
18:16 gram_schmidt: Removing linearly dependent vector 1
18:16 gram_schmidt: Removing linearly dependent vector 2
18:16 gram_schmidt: Removing linearly dependent vector 3
18:16 gram_schmidt: Removing linearly dependent vector 4
18:16 gram_schmidt: Removing linearly dependent vector 5
18:16 gram_schmidt: Removing linearly dependent vector 6
18:16 gram_schmidt: Removing linearly dependent vector 1
18:16 gram_schmidt: Removing linearly dependent vector 2
18:16 gram_schmidt: Removing linearly dependent vector 3
18:16 gram_schmidt: Removing linearly dependent vector 4
18:16 gram_schmidt: Removing linearly dependent vector 5
18:16 gram_schmidt: Removing linearly dependent vector 6
</system-err></testcase><testcase classname="src.pymortests.algorithms.gram_schmidt" file="src/pymortests/algorithms/gram_schmidt.py" line="56" name="test_gram_schmidt_with_product_and_R[&lt;lambda&gt;18]" time="0.03814578056335449"><system-err>18:16 DiffusionOperatorP1: Calulate gradients of shape functions transformed by reference map ...
18:16 DiffusionOperatorP1: Calculate all local scalar products beween gradients ...
18:16 DiffusionOperatorP1: Determine global dofs ...
18:16 DiffusionOperatorP1: Boundary treatment ...
18:16 DiffusionOperatorP1: Assemble system matrix ...
18:16 DiffusionOperatorP1: Calulate gradients of shape functions transformed by reference map ...
18:16 DiffusionOperatorP1: Calculate all local scalar products beween gradients ...
18:16 DiffusionOperatorP1: Determine global dofs ...
18:16 DiffusionOperatorP1: Boundary treatment ...
18:16 DiffusionOperatorP1: Assemble system matrix ...
18:16 DiffusionOperatorP1: Calulate gradients of shape functions transformed by reference map ...
18:16 DiffusionOperatorP1: Calculate all local scalar products beween gradients ...
18:16 DiffusionOperatorP1: Determine global dofs ...
18:16 DiffusionOperatorP1: Boundary treatment ...
18:16 DiffusionOperatorP1: Assemble system matrix ...
18:16 DiffusionOperatorP1: Calulate gradients of shape functions transformed by reference map ...
18:16 DiffusionOperatorP1: Calculate all local scalar products beween gradients ...
18:16 DiffusionOperatorP1: Determine global dofs ...
18:16 DiffusionOperatorP1: Boundary treatment ...
18:16 DiffusionOperatorP1: Assemble system matrix ...
18:16 DiffusionOperatorP1: Calulate gradients of shape functions transformed by reference map ...
18:16 DiffusionOperatorP1: Calculate all local scalar products beween gradients ...
18:16 DiffusionOperatorP1: Determine global dofs ...
18:16 DiffusionOperatorP1: Boundary treatment ...
18:16 DiffusionOperatorP1: Assemble system matrix ...
18:16 L2ProductP1: Integrate the products of the shape functions on each element
18:16 L2ProductP1: Determine global dofs ...
18:16 L2ProductP1: Boundary treatment ...
18:16 L2ProductP1: Assemble system matrix ...
18:16 DiffusionOperatorP1: Calulate gradients of shape functions transformed by reference map ...
18:16 DiffusionOperatorP1: Calculate all local scalar products beween gradients ...
18:16 DiffusionOperatorP1: Determine global dofs ...
18:16 DiffusionOperatorP1: Boundary treatment ...
18:16 DiffusionOperatorP1: Assemble system matrix ...
18:16 L2ProductP1: Integrate the products of the shape functions on each element
18:16 L2ProductP1: Determine global dofs ...
18:16 L2ProductP1: Boundary treatment ...
18:16 L2ProductP1: Assemble system matrix ...
18:16 DiffusionOperatorP1: Calulate gradients of shape functions transformed by reference map ...
18:16 DiffusionOperatorP1: Calculate all local scalar products beween gradients ...
18:16 DiffusionOperatorP1: Determine global dofs ...
18:16 DiffusionOperatorP1: Boundary treatment ...
18:16 DiffusionOperatorP1: Assemble system matrix ...
18:16 gram_schmidt: Orthonormalizing vector 1 again
18:16 gram_schmidt: Orthonormalizing vector 2 again
18:16 gram_schmidt: Orthonormalizing vector 3 again
18:16 gram_schmidt: Orthonormalizing vector 4 again
18:16 gram_schmidt: Removing linearly dependent vector 5
18:16 gram_schmidt: Orthonormalizing vector 1 again
18:16 gram_schmidt: Orthonormalizing vector 2 again
18:16 gram_schmidt: Orthonormalizing vector 3 again
18:16 gram_schmidt: Orthonormalizing vector 4 again
18:16 gram_schmidt: Removing linearly dependent vector 5
</system-err></testcase><testcase classname="src.pymortests.algorithms.gram_schmidt" file="src/pymortests/algorithms/gram_schmidt.py" line="56" name="test_gram_schmidt_with_product_and_R[&lt;lambda&gt;19]" time="0.034798622131347656"><system-err>18:16 DiffusionOperatorP1: Calulate gradients of shape functions transformed by reference map ...
18:16 DiffusionOperatorP1: Calculate all local scalar products beween gradients ...
18:16 DiffusionOperatorP1: Determine global dofs ...
18:16 DiffusionOperatorP1: Boundary treatment ...
18:16 DiffusionOperatorP1: Assemble system matrix ...
18:16 DiffusionOperatorP1: Calulate gradients of shape functions transformed by reference map ...
18:16 DiffusionOperatorP1: Calculate all local scalar products beween gradients ...
18:16 DiffusionOperatorP1: Determine global dofs ...
18:16 DiffusionOperatorP1: Boundary treatment ...
18:16 DiffusionOperatorP1: Assemble system matrix ...
18:16 L2ProductP1: Integrate the products of the shape functions on each element
18:16 L2ProductP1: Determine global dofs ...
18:16 L2ProductP1: Boundary treatment ...
18:16 L2ProductP1: Assemble system matrix ...
18:16 DiffusionOperatorP1: Calulate gradients of shape functions transformed by reference map ...
18:16 DiffusionOperatorP1: Calculate all local scalar products beween gradients ...
18:16 DiffusionOperatorP1: Determine global dofs ...
18:16 DiffusionOperatorP1: Boundary treatment ...
18:16 DiffusionOperatorP1: Assemble system matrix ...
18:16 L2ProductP1: Integrate the products of the shape functions on each element
18:16 L2ProductP1: Determine global dofs ...
18:16 L2ProductP1: Boundary treatment ...
18:16 L2ProductP1: Assemble system matrix ...
18:16 DiffusionOperatorP1: Calulate gradients of shape functions transformed by reference map ...
18:16 DiffusionOperatorP1: Calculate all local scalar products beween gradients ...
18:16 DiffusionOperatorP1: Determine global dofs ...
18:16 DiffusionOperatorP1: Boundary treatment ...
18:16 DiffusionOperatorP1: Assemble system matrix ...
18:16 gram_schmidt: Orthonormalizing vector 1 again
18:16 gram_schmidt: Orthonormalizing vector 2 again
18:16 gram_schmidt: Orthonormalizing vector 3 again
18:16 gram_schmidt: Orthonormalizing vector 4 again
18:16 gram_schmidt: Orthonormalizing vector 5 again
18:16 gram_schmidt: Orthonormalizing vector 1 again
18:16 gram_schmidt: Orthonormalizing vector 2 again
18:16 gram_schmidt: Orthonormalizing vector 3 again
18:16 gram_schmidt: Orthonormalizing vector 4 again
18:16 gram_schmidt: Orthonormalizing vector 5 again
</system-err></testcase><testcase classname="src.pymortests.algorithms.gram_schmidt" file="src/pymortests/algorithms/gram_schmidt.py" line="56" name="test_gram_schmidt_with_product_and_R[&lt;lambda&gt;20]" time="0.03735852241516113"><system-err>18:16 DiffusionOperatorP1: Calulate gradients of shape functions transformed by reference map ...
18:16 DiffusionOperatorP1: Calculate all local scalar products beween gradients ...
18:16 DiffusionOperatorP1: Determine global dofs ...
18:16 DiffusionOperatorP1: Boundary treatment ...
18:16 DiffusionOperatorP1: Assemble system matrix ...
18:16 DiffusionOperatorP1: Calulate gradients of shape functions transformed by reference map ...
18:16 DiffusionOperatorP1: Calculate all local scalar products beween gradients ...
18:16 DiffusionOperatorP1: Determine global dofs ...
18:16 DiffusionOperatorP1: Boundary treatment ...
18:16 DiffusionOperatorP1: Assemble system matrix ...
18:16 DiffusionOperatorP1: Calulate gradients of shape functions transformed by reference map ...
18:16 DiffusionOperatorP1: Calculate all local scalar products beween gradients ...
18:16 DiffusionOperatorP1: Determine global dofs ...
18:16 DiffusionOperatorP1: Boundary treatment ...
18:16 DiffusionOperatorP1: Assemble system matrix ...
18:16 DiffusionOperatorP1: Calulate gradients of shape functions transformed by reference map ...
18:16 DiffusionOperatorP1: Calculate all local scalar products beween gradients ...
18:16 DiffusionOperatorP1: Determine global dofs ...
18:16 DiffusionOperatorP1: Boundary treatment ...
18:16 DiffusionOperatorP1: Assemble system matrix ...
18:16 DiffusionOperatorP1: Calulate gradients of shape functions transformed by reference map ...
18:16 DiffusionOperatorP1: Calculate all local scalar products beween gradients ...
18:16 DiffusionOperatorP1: Determine global dofs ...
18:16 DiffusionOperatorP1: Boundary treatment ...
18:16 DiffusionOperatorP1: Assemble system matrix ...
18:16 L2ProductP1: Integrate the products of the shape functions on each element
18:16 L2ProductP1: Determine global dofs ...
18:16 L2ProductP1: Boundary treatment ...
18:16 L2ProductP1: Assemble system matrix ...
18:16 DiffusionOperatorP1: Calulate gradients of shape functions transformed by reference map ...
18:16 DiffusionOperatorP1: Calculate all local scalar products beween gradients ...
18:16 DiffusionOperatorP1: Determine global dofs ...
18:16 DiffusionOperatorP1: Boundary treatment ...
18:16 DiffusionOperatorP1: Assemble system matrix ...
18:16 L2ProductP1: Integrate the products of the shape functions on each element
18:16 L2ProductP1: Determine global dofs ...
18:16 L2ProductP1: Boundary treatment ...
18:16 L2ProductP1: Assemble system matrix ...
18:16 DiffusionOperatorP1: Calulate gradients of shape functions transformed by reference map ...
18:16 DiffusionOperatorP1: Calculate all local scalar products beween gradients ...
18:16 DiffusionOperatorP1: Determine global dofs ...
18:16 DiffusionOperatorP1: Boundary treatment ...
18:16 DiffusionOperatorP1: Assemble system matrix ...
18:16 gram_schmidt: Orthonormalizing vector 1 again
18:16 gram_schmidt: Orthonormalizing vector 2 again
18:16 gram_schmidt: Orthonormalizing vector 3 again
18:16 gram_schmidt: Orthonormalizing vector 4 again
18:16 gram_schmidt: Removing linearly dependent vector 5
18:16 gram_schmidt: Orthonormalizing vector 1 again
18:16 gram_schmidt: Orthonormalizing vector 2 again
18:16 gram_schmidt: Orthonormalizing vector 3 again
18:16 gram_schmidt: Orthonormalizing vector 4 again
18:16 gram_schmidt: Removing linearly dependent vector 5
</system-err></testcase><testcase classname="src.pymortests.algorithms.gram_schmidt" file="src/pymortests/algorithms/gram_schmidt.py" line="56" name="test_gram_schmidt_with_product_and_R[&lt;lambda&gt;21]" time="0.035486698150634766"><system-err>18:16 DiffusionOperatorP1: Calulate gradients of shape functions transformed by reference map ...
18:16 DiffusionOperatorP1: Calculate all local scalar products beween gradients ...
18:16 DiffusionOperatorP1: Determine global dofs ...
18:16 DiffusionOperatorP1: Boundary treatment ...
18:16 DiffusionOperatorP1: Assemble system matrix ...
18:16 DiffusionOperatorP1: Calulate gradients of shape functions transformed by reference map ...
18:16 DiffusionOperatorP1: Calculate all local scalar products beween gradients ...
18:16 DiffusionOperatorP1: Determine global dofs ...
18:16 DiffusionOperatorP1: Boundary treatment ...
18:16 DiffusionOperatorP1: Assemble system matrix ...
18:16 L2ProductP1: Integrate the products of the shape functions on each element
18:16 L2ProductP1: Determine global dofs ...
18:16 L2ProductP1: Boundary treatment ...
18:16 L2ProductP1: Assemble system matrix ...
18:16 DiffusionOperatorP1: Calulate gradients of shape functions transformed by reference map ...
18:16 DiffusionOperatorP1: Calculate all local scalar products beween gradients ...
18:16 DiffusionOperatorP1: Determine global dofs ...
18:16 DiffusionOperatorP1: Boundary treatment ...
18:16 DiffusionOperatorP1: Assemble system matrix ...
18:16 L2ProductP1: Integrate the products of the shape functions on each element
18:16 L2ProductP1: Determine global dofs ...
18:16 L2ProductP1: Boundary treatment ...
18:16 L2ProductP1: Assemble system matrix ...
18:16 DiffusionOperatorP1: Calulate gradients of shape functions transformed by reference map ...
18:16 DiffusionOperatorP1: Calculate all local scalar products beween gradients ...
18:16 DiffusionOperatorP1: Determine global dofs ...
18:16 DiffusionOperatorP1: Boundary treatment ...
18:16 DiffusionOperatorP1: Assemble system matrix ...
18:16 gram_schmidt: Orthonormalizing vector 1 again
18:16 gram_schmidt: Orthonormalizing vector 2 again
18:16 gram_schmidt: Orthonormalizing vector 3 again
18:16 gram_schmidt: Orthonormalizing vector 4 again
18:16 gram_schmidt: Orthonormalizing vector 5 again
18:16 gram_schmidt: Orthonormalizing vector 1 again
18:16 gram_schmidt: Orthonormalizing vector 2 again
18:16 gram_schmidt: Orthonormalizing vector 3 again
18:16 gram_schmidt: Orthonormalizing vector 4 again
18:16 gram_schmidt: Orthonormalizing vector 5 again
</system-err></testcase><testcase classname="src.pymortests.algorithms.gram_schmidt" file="src/pymortests/algorithms/gram_schmidt.py" line="56" name="test_gram_schmidt_with_product_and_R[&lt;lambda&gt;22]" time="0.03487563133239746"><system-err>18:16 DiffusionOperatorP1: Calulate gradients of shape functions transformed by reference map ...
18:16 DiffusionOperatorP1: Calculate all local scalar products beween gradients ...
18:16 DiffusionOperatorP1: Determine global dofs ...
18:16 DiffusionOperatorP1: Boundary treatment ...
18:16 DiffusionOperatorP1: Assemble system matrix ...
18:16 DiffusionOperatorP1: Calulate gradients of shape functions transformed by reference map ...
18:16 DiffusionOperatorP1: Calculate all local scalar products beween gradients ...
18:16 DiffusionOperatorP1: Determine global dofs ...
18:16 DiffusionOperatorP1: Boundary treatment ...
18:16 DiffusionOperatorP1: Assemble system matrix ...
18:16 DiffusionOperatorP1: Calulate gradients of shape functions transformed by reference map ...
18:16 DiffusionOperatorP1: Calculate all local scalar products beween gradients ...
18:16 DiffusionOperatorP1: Determine global dofs ...
18:16 DiffusionOperatorP1: Boundary treatment ...
18:16 DiffusionOperatorP1: Assemble system matrix ...
18:16 DiffusionOperatorP1: Calulate gradients of shape functions transformed by reference map ...
18:16 DiffusionOperatorP1: Calculate all local scalar products beween gradients ...
18:16 DiffusionOperatorP1: Determine global dofs ...
18:16 DiffusionOperatorP1: Boundary treatment ...
18:16 DiffusionOperatorP1: Assemble system matrix ...
18:16 DiffusionOperatorP1: Calulate gradients of shape functions transformed by reference map ...
18:16 DiffusionOperatorP1: Calculate all local scalar products beween gradients ...
18:16 DiffusionOperatorP1: Determine global dofs ...
18:16 DiffusionOperatorP1: Boundary treatment ...
18:16 DiffusionOperatorP1: Assemble system matrix ...
18:16 L2ProductP1: Integrate the products of the shape functions on each element
18:16 L2ProductP1: Determine global dofs ...
18:16 L2ProductP1: Boundary treatment ...
18:16 L2ProductP1: Assemble system matrix ...
18:16 DiffusionOperatorP1: Calulate gradients of shape functions transformed by reference map ...
18:16 DiffusionOperatorP1: Calculate all local scalar products beween gradients ...
18:16 DiffusionOperatorP1: Determine global dofs ...
18:16 DiffusionOperatorP1: Boundary treatment ...
18:16 DiffusionOperatorP1: Assemble system matrix ...
18:16 L2ProductP1: Integrate the products of the shape functions on each element
18:16 L2ProductP1: Determine global dofs ...
18:16 L2ProductP1: Boundary treatment ...
18:16 L2ProductP1: Assemble system matrix ...
18:16 DiffusionOperatorP1: Calulate gradients of shape functions transformed by reference map ...
18:16 DiffusionOperatorP1: Calculate all local scalar products beween gradients ...
18:16 DiffusionOperatorP1: Determine global dofs ...
18:16 DiffusionOperatorP1: Boundary treatment ...
18:16 DiffusionOperatorP1: Assemble system matrix ...
18:16 gram_schmidt: Orthonormalizing vector 3 again
18:16 gram_schmidt: Orthonormalizing vector 4 again
18:16 gram_schmidt: Orthonormalizing vector 3 again
18:16 gram_schmidt: Orthonormalizing vector 4 again
</system-err></testcase><testcase classname="src.pymortests.algorithms.gram_schmidt" file="src/pymortests/algorithms/gram_schmidt.py" line="56" name="test_gram_schmidt_with_product_and_R[&lt;lambda&gt;23]" time="0.032256126403808594"><system-err>18:16 DiffusionOperatorP1: Calulate gradients of shape functions transformed by reference map ...
18:16 DiffusionOperatorP1: Calculate all local scalar products beween gradients ...
18:16 DiffusionOperatorP1: Determine global dofs ...
18:16 DiffusionOperatorP1: Boundary treatment ...
18:16 DiffusionOperatorP1: Assemble system matrix ...
18:16 DiffusionOperatorP1: Calulate gradients of shape functions transformed by reference map ...
18:16 DiffusionOperatorP1: Calculate all local scalar products beween gradients ...
18:16 DiffusionOperatorP1: Determine global dofs ...
18:16 DiffusionOperatorP1: Boundary treatment ...
18:16 DiffusionOperatorP1: Assemble system matrix ...
18:16 L2ProductP1: Integrate the products of the shape functions on each element
18:16 L2ProductP1: Determine global dofs ...
18:16 L2ProductP1: Boundary treatment ...
18:16 L2ProductP1: Assemble system matrix ...
18:16 DiffusionOperatorP1: Calulate gradients of shape functions transformed by reference map ...
18:16 DiffusionOperatorP1: Calculate all local scalar products beween gradients ...
18:16 DiffusionOperatorP1: Determine global dofs ...
18:16 DiffusionOperatorP1: Boundary treatment ...
18:16 DiffusionOperatorP1: Assemble system matrix ...
18:16 L2ProductP1: Integrate the products of the shape functions on each element
18:16 L2ProductP1: Determine global dofs ...
18:16 L2ProductP1: Boundary treatment ...
18:16 L2ProductP1: Assemble system matrix ...
18:16 DiffusionOperatorP1: Calulate gradients of shape functions transformed by reference map ...
18:16 DiffusionOperatorP1: Calculate all local scalar products beween gradients ...
18:16 DiffusionOperatorP1: Determine global dofs ...
18:16 DiffusionOperatorP1: Boundary treatment ...
18:16 DiffusionOperatorP1: Assemble system matrix ...
18:16 gram_schmidt: Orthonormalizing vector 1 again
18:16 gram_schmidt: Orthonormalizing vector 2 again
18:16 gram_schmidt: Orthonormalizing vector 3 again
18:16 gram_schmidt: Orthonormalizing vector 4 again
18:16 gram_schmidt: Orthonormalizing vector 1 again
18:16 gram_schmidt: Orthonormalizing vector 2 again
18:16 gram_schmidt: Orthonormalizing vector 3 again
18:16 gram_schmidt: Orthonormalizing vector 4 again
</system-err></testcase><testcase classname="src.pymortests.algorithms.gram_schmidt" file="src/pymortests/algorithms/gram_schmidt.py" line="56" name="test_gram_schmidt_with_product_and_R[&lt;lambda&gt;24]" time="0.00924062728881836"><system-err>18:16 gram_schmidt: Orthonormalizing vector 1 again
18:16 gram_schmidt: Orthonormalizing vector 2 again
18:16 gram_schmidt: Orthonormalizing vector 3 again
18:16 gram_schmidt: Orthonormalizing vector 1 again
18:16 gram_schmidt: Orthonormalizing vector 2 again
18:16 gram_schmidt: Orthonormalizing vector 3 again
</system-err></testcase><testcase classname="src.pymortests.algorithms.gram_schmidt" file="src/pymortests/algorithms/gram_schmidt.py" line="56" name="test_gram_schmidt_with_product_and_R[&lt;lambda&gt;25]" time="0.009176492691040039"><system-err>18:16 gram_schmidt: Orthonormalizing vector 1 again
18:16 gram_schmidt: Orthonormalizing vector 2 again
18:16 gram_schmidt: Orthonormalizing vector 3 again
18:16 gram_schmidt: Orthonormalizing vector 1 again
18:16 gram_schmidt: Orthonormalizing vector 2 again
18:16 gram_schmidt: Orthonormalizing vector 3 again
</system-err></testcase><testcase classname="src.pymortests.algorithms.gram_schmidt" file="src/pymortests/algorithms/gram_schmidt.py" line="56" name="test_gram_schmidt_with_product_and_R[&lt;lambda&gt;26]" time="0.00923919677734375"><system-err>18:16 gram_schmidt: Orthonormalizing vector 1 again
18:16 gram_schmidt: Orthonormalizing vector 2 again
18:16 gram_schmidt: Orthonormalizing vector 3 again
18:16 gram_schmidt: Orthonormalizing vector 1 again
18:16 gram_schmidt: Orthonormalizing vector 2 again
18:16 gram_schmidt: Orthonormalizing vector 3 again
</system-err></testcase><testcase classname="src.pymortests.algorithms.gram_schmidt" file="src/pymortests/algorithms/gram_schmidt.py" line="56" name="test_gram_schmidt_with_product_and_R[&lt;lambda&gt;27]" time="0.005969047546386719"></testcase><testcase classname="src.pymortests.algorithms.gram_schmidt" file="src/pymortests/algorithms/gram_schmidt.py" line="56" name="test_gram_schmidt_with_product_and_R[&lt;lambda&gt;28]" time="0.00615382194519043"><system-err>18:16 gram_schmidt: Orthonormalizing vector 1 again
18:16 gram_schmidt: Orthonormalizing vector 2 again
18:16 gram_schmidt: Orthonormalizing vector 1 again
18:16 gram_schmidt: Orthonormalizing vector 2 again
</system-err></testcase><testcase classname="src.pymortests.algorithms.gram_schmidt" file="src/pymortests/algorithms/gram_schmidt.py" line="56" name="test_gram_schmidt_with_product_and_R[&lt;lambda&gt;29]" time="0.00594639778137207"><system-err>18:16 gram_schmidt: Orthonormalizing vector 1 again
18:16 gram_schmidt: Orthonormalizing vector 2 again
18:16 gram_schmidt: Orthonormalizing vector 1 again
18:16 gram_schmidt: Orthonormalizing vector 2 again
</system-err></testcase><testcase classname="src.pymortests.algorithms.gram_schmidt" file="src/pymortests/algorithms/gram_schmidt.py" line="56" name="test_gram_schmidt_with_product_and_R[&lt;lambda&gt;30]" time="0.006163597106933594"><system-err>18:16 gram_schmidt: Orthonormalizing vector 1 again
18:16 gram_schmidt: Orthonormalizing vector 2 again
18:16 gram_schmidt: Orthonormalizing vector 1 again
18:16 gram_schmidt: Orthonormalizing vector 2 again
</system-err></testcase><testcase classname="src.pymortests.algorithms.gram_schmidt" file="src/pymortests/algorithms/gram_schmidt.py" line="56" name="test_gram_schmidt_with_product_and_R[&lt;lambda&gt;31]" time="0.006389141082763672"><system-err>18:16 gram_schmidt: Orthonormalizing vector 1 again
18:16 gram_schmidt: Orthonormalizing vector 2 again
18:16 gram_schmidt: Orthonormalizing vector 1 again
18:16 gram_schmidt: Orthonormalizing vector 2 again
</system-err></testcase><testcase classname="src.pymortests.algorithms.gram_schmidt" file="src/pymortests/algorithms/gram_schmidt.py" line="56" name="test_gram_schmidt_with_product_and_R[&lt;lambda&gt;32]" time="0.021150588989257812"><system-err>18:16 gram_schmidt: Orthonormalizing vector 3 again
18:16 gram_schmidt: Orthonormalizing vector 3 again
</system-err></testcase><testcase classname="src.pymortests.algorithms.gram_schmidt" file="src/pymortests/algorithms/gram_schmidt.py" line="56" name="test_gram_schmidt_with_product_and_R[&lt;lambda&gt;33]" time="0.016094446182250977"><system-err>18:16 gram_schmidt: Orthonormalizing vector 3 again
18:16 gram_schmidt: Orthonormalizing vector 3 again
</system-err></testcase><testcase classname="src.pymortests.algorithms.gram_schmidt" file="src/pymortests/algorithms/gram_schmidt.py" line="56" name="test_gram_schmidt_with_product_and_R[&lt;lambda&gt;34]" time="0.009485960006713867"><system-err>18:16 gram_schmidt: Orthonormalizing vector 1 again
18:16 gram_schmidt: Orthonormalizing vector 2 again
18:16 gram_schmidt: Orthonormalizing vector 3 again
18:16 gram_schmidt: Orthonormalizing vector 1 again
18:16 gram_schmidt: Orthonormalizing vector 2 again
18:16 gram_schmidt: Orthonormalizing vector 3 again
</system-err></testcase><testcase classname="src.pymortests.algorithms.gram_schmidt" file="src/pymortests/algorithms/gram_schmidt.py" line="56" name="test_gram_schmidt_with_product_and_R[&lt;lambda&gt;35]" time="0.016943693161010742"><system-err>18:16 gram_schmidt: Orthonormalizing vector 2 again
18:16 gram_schmidt: Orthonormalizing vector 3 again
18:16 gram_schmidt: Orthonormalizing vector 2 again
18:16 gram_schmidt: Orthonormalizing vector 3 again
</system-err></testcase><testcase classname="src.pymortests.algorithms.gram_schmidt" file="src/pymortests/algorithms/gram_schmidt.py" line="56" name="test_gram_schmidt_with_product_and_R[&lt;lambda&gt;36]" time="0.009488105773925781"><system-err>18:16 gram_schmidt: Orthonormalizing vector 1 again
18:16 gram_schmidt: Orthonormalizing vector 2 again
18:16 gram_schmidt: Orthonormalizing vector 3 again
18:16 gram_schmidt: Orthonormalizing vector 1 again
18:16 gram_schmidt: Orthonormalizing vector 2 again
18:16 gram_schmidt: Orthonormalizing vector 3 again
</system-err></testcase><testcase classname="src.pymortests.algorithms.gram_schmidt" file="src/pymortests/algorithms/gram_schmidt.py" line="72" name="test_gram_schmidt_biorth[0-&lt;lambda&gt;0]" time="0.0011250972747802734"></testcase><testcase classname="src.pymortests.algorithms.gram_schmidt" file="src/pymortests/algorithms/gram_schmidt.py" line="72" name="test_gram_schmidt_biorth[0-&lt;lambda&gt;1]" time="0.0013861656188964844"></testcase><testcase classname="src.pymortests.algorithms.gram_schmidt" file="src/pymortests/algorithms/gram_schmidt.py" line="72" name="test_gram_schmidt_biorth[0-&lt;lambda&gt;2]" time="0.0010471343994140625"></testcase><testcase classname="src.pymortests.algorithms.gram_schmidt" file="src/pymortests/algorithms/gram_schmidt.py" line="72" name="test_gram_schmidt_biorth[0-&lt;lambda&gt;3]" time="0.05047464370727539"></testcase><testcase classname="src.pymortests.algorithms.gram_schmidt" file="src/pymortests/algorithms/gram_schmidt.py" line="72" name="test_gram_schmidt_biorth[0-&lt;lambda&gt;4]" time="0.001653909683227539"></testcase><testcase classname="src.pymortests.algorithms.gram_schmidt" file="src/pymortests/algorithms/gram_schmidt.py" line="72" name="test_gram_schmidt_biorth[0-&lt;lambda&gt;5]" time="0.0024428367614746094"></testcase><testcase classname="src.pymortests.algorithms.gram_schmidt" file="src/pymortests/algorithms/gram_schmidt.py" line="72" name="test_gram_schmidt_biorth[0-&lt;lambda&gt;6]" time="0.0012700557708740234"></testcase><testcase classname="src.pymortests.algorithms.gram_schmidt" file="src/pymortests/algorithms/gram_schmidt.py" line="72" name="test_gram_schmidt_biorth[0-&lt;lambda&gt;7]" time="0.0011632442474365234"></testcase><testcase classname="src.pymortests.algorithms.gram_schmidt" file="src/pymortests/algorithms/gram_schmidt.py" line="72" name="test_gram_schmidt_biorth[0-&lt;lambda&gt;8]" time="0.10000395774841309"></testcase><testcase classname="src.pymortests.algorithms.gram_schmidt" file="src/pymortests/algorithms/gram_schmidt.py" line="72" name="test_gram_schmidt_biorth[0-&lt;lambda&gt;9]" time="0.0021474361419677734"></testcase><testcase classname="src.pymortests.algorithms.gram_schmidt" file="src/pymortests/algorithms/gram_schmidt.py" line="72" name="test_gram_schmidt_biorth[0-&lt;lambda&gt;10]" time="0.0013048648834228516"></testcase><testcase classname="src.pymortests.algorithms.gram_schmidt" file="src/pymortests/algorithms/gram_schmidt.py" line="72" name="test_gram_schmidt_biorth[0-&lt;lambda&gt;11]" time="0.005953550338745117"></testcase><testcase classname="src.pymortests.algorithms.gram_schmidt" file="src/pymortests/algorithms/gram_schmidt.py" line="72" name="test_gram_schmidt_biorth[0-&lt;lambda&gt;12]" time="0.0012772083282470703"></testcase><testcase classname="src.pymortests.algorithms.gram_schmidt" file="src/pymortests/algorithms/gram_schmidt.py" line="72" name="test_gram_schmidt_biorth[0-&lt;lambda&gt;13]" time="0.0011587142944335938"></testcase><testcase classname="src.pymortests.algorithms.gram_schmidt" file="src/pymortests/algorithms/gram_schmidt.py" line="72" name="test_gram_schmidt_biorth[0-&lt;lambda&gt;14]" time="0.004302978515625"></testcase><testcase classname="src.pymortests.algorithms.gram_schmidt" file="src/pymortests/algorithms/gram_schmidt.py" line="72" name="test_gram_schmidt_biorth[0-&lt;lambda&gt;15]" time="0.19072437286376953"></testcase><testcase classname="src.pymortests.algorithms.gram_schmidt" file="src/pymortests/algorithms/gram_schmidt.py" line="72" name="test_gram_schmidt_biorth[0-&lt;lambda&gt;16]" time="0.007999181747436523"></testcase><testcase classname="src.pymortests.algorithms.gram_schmidt" file="src/pymortests/algorithms/gram_schmidt.py" line="72" name="test_gram_schmidt_biorth[0-&lt;lambda&gt;17]" time="0.0020110607147216797"></testcase><testcase classname="src.pymortests.algorithms.gram_schmidt" file="src/pymortests/algorithms/gram_schmidt.py" line="72" name="test_gram_schmidt_biorth[0-&lt;lambda&gt;18]" time="0.0018427371978759766"></testcase><testcase classname="src.pymortests.algorithms.gram_schmidt" file="src/pymortests/algorithms/gram_schmidt.py" line="72" name="test_gram_schmidt_biorth[0-&lt;lambda&gt;19]" time="0.0031485557556152344"></testcase><testcase classname="src.pymortests.algorithms.gram_schmidt" file="src/pymortests/algorithms/gram_schmidt.py" line="72" name="test_gram_schmidt_biorth[0-&lt;lambda&gt;20]" time="0.14007806777954102"></testcase><testcase classname="src.pymortests.algorithms.gram_schmidt" file="src/pymortests/algorithms/gram_schmidt.py" line="72" name="test_gram_schmidt_biorth[0-&lt;lambda&gt;21]" time="0.7107148170471191"></testcase><testcase classname="src.pymortests.algorithms.gram_schmidt" file="src/pymortests/algorithms/gram_schmidt.py" line="72" name="test_gram_schmidt_biorth[0-&lt;lambda&gt;22]" time="0.0016970634460449219"></testcase><testcase classname="src.pymortests.algorithms.gram_schmidt" file="src/pymortests/algorithms/gram_schmidt.py" line="72" name="test_gram_schmidt_biorth[0-&lt;lambda&gt;23]" time="0.0011391639709472656"></testcase><testcase classname="src.pymortests.algorithms.gram_schmidt" file="src/pymortests/algorithms/gram_schmidt.py" line="72" name="test_gram_schmidt_biorth[0-&lt;lambda&gt;24]" time="0.001992464065551758"></testcase><testcase classname="src.pymortests.algorithms.gram_schmidt" file="src/pymortests/algorithms/gram_schmidt.py" line="72" name="test_gram_schmidt_biorth[0-&lt;lambda&gt;25]" time="0.2894577980041504"></testcase><testcase classname="src.pymortests.algorithms.gram_schmidt" file="src/pymortests/algorithms/gram_schmidt.py" line="72" name="test_gram_schmidt_biorth[0-&lt;lambda&gt;26]" time="0.052159786224365234"></testcase><testcase classname="src.pymortests.algorithms.gram_schmidt" file="src/pymortests/algorithms/gram_schmidt.py" line="72" name="test_gram_schmidt_biorth[1-&lt;lambda&gt;0]" time="0.0016069412231445312"></testcase><testcase classname="src.pymortests.algorithms.gram_schmidt" file="src/pymortests/algorithms/gram_schmidt.py" line="72" name="test_gram_schmidt_biorth[1-&lt;lambda&gt;1]" time="0.001190185546875"></testcase><testcase classname="src.pymortests.algorithms.gram_schmidt" file="src/pymortests/algorithms/gram_schmidt.py" line="72" name="test_gram_schmidt_biorth[1-&lt;lambda&gt;2]" time="0.001123189926147461"></testcase><testcase classname="src.pymortests.algorithms.gram_schmidt" file="src/pymortests/algorithms/gram_schmidt.py" line="72" name="test_gram_schmidt_biorth[1-&lt;lambda&gt;3]" time="0.05047130584716797"></testcase><testcase classname="src.pymortests.algorithms.gram_schmidt" file="src/pymortests/algorithms/gram_schmidt.py" line="72" name="test_gram_schmidt_biorth[1-&lt;lambda&gt;4]" time="0.0017697811126708984"></testcase><testcase classname="src.pymortests.algorithms.gram_schmidt" file="src/pymortests/algorithms/gram_schmidt.py" line="72" name="test_gram_schmidt_biorth[1-&lt;lambda&gt;5]" time="0.0013523101806640625"></testcase><testcase classname="src.pymortests.algorithms.gram_schmidt" file="src/pymortests/algorithms/gram_schmidt.py" line="72" name="test_gram_schmidt_biorth[1-&lt;lambda&gt;6]" time="0.0011968612670898438"></testcase><testcase classname="src.pymortests.algorithms.gram_schmidt" file="src/pymortests/algorithms/gram_schmidt.py" line="72" name="test_gram_schmidt_biorth[1-&lt;lambda&gt;7]" time="0.0012395381927490234"></testcase><testcase classname="src.pymortests.algorithms.gram_schmidt" file="src/pymortests/algorithms/gram_schmidt.py" line="72" name="test_gram_schmidt_biorth[1-&lt;lambda&gt;8]" time="0.10037541389465332"></testcase><testcase classname="src.pymortests.algorithms.gram_schmidt" file="src/pymortests/algorithms/gram_schmidt.py" line="72" name="test_gram_schmidt_biorth[1-&lt;lambda&gt;9]" time="0.002669811248779297"></testcase><testcase classname="src.pymortests.algorithms.gram_schmidt" file="src/pymortests/algorithms/gram_schmidt.py" line="72" name="test_gram_schmidt_biorth[1-&lt;lambda&gt;10]" time="0.00148773193359375"></testcase><testcase classname="src.pymortests.algorithms.gram_schmidt" file="src/pymortests/algorithms/gram_schmidt.py" line="72" name="test_gram_schmidt_biorth[1-&lt;lambda&gt;11]" time="0.005771160125732422"></testcase><testcase classname="src.pymortests.algorithms.gram_schmidt" file="src/pymortests/algorithms/gram_schmidt.py" line="72" name="test_gram_schmidt_biorth[1-&lt;lambda&gt;12]" time="0.0012598037719726562"></testcase><testcase classname="src.pymortests.algorithms.gram_schmidt" file="src/pymortests/algorithms/gram_schmidt.py" line="72" name="test_gram_schmidt_biorth[1-&lt;lambda&gt;13]" time="0.0012156963348388672"></testcase><testcase classname="src.pymortests.algorithms.gram_schmidt" file="src/pymortests/algorithms/gram_schmidt.py" line="72" name="test_gram_schmidt_biorth[1-&lt;lambda&gt;14]" time="0.004145145416259766"></testcase><testcase classname="src.pymortests.algorithms.gram_schmidt" file="src/pymortests/algorithms/gram_schmidt.py" line="72" name="test_gram_schmidt_biorth[1-&lt;lambda&gt;15]" time="0.18759655952453613"></testcase><testcase classname="src.pymortests.algorithms.gram_schmidt" file="src/pymortests/algorithms/gram_schmidt.py" line="72" name="test_gram_schmidt_biorth[1-&lt;lambda&gt;16]" time="0.008384943008422852"></testcase><testcase classname="src.pymortests.algorithms.gram_schmidt" file="src/pymortests/algorithms/gram_schmidt.py" line="72" name="test_gram_schmidt_biorth[1-&lt;lambda&gt;17]" time="0.002084016799926758"></testcase><testcase classname="src.pymortests.algorithms.gram_schmidt" file="src/pymortests/algorithms/gram_schmidt.py" line="72" name="test_gram_schmidt_biorth[1-&lt;lambda&gt;18]" time="0.0018377304077148438"></testcase><testcase classname="src.pymortests.algorithms.gram_schmidt" file="src/pymortests/algorithms/gram_schmidt.py" line="72" name="test_gram_schmidt_biorth[1-&lt;lambda&gt;19]" time="0.003227710723876953"></testcase><testcase classname="src.pymortests.algorithms.gram_schmidt" file="src/pymortests/algorithms/gram_schmidt.py" line="72" name="test_gram_schmidt_biorth[1-&lt;lambda&gt;20]" time="0.14012742042541504"></testcase><testcase classname="src.pymortests.algorithms.gram_schmidt" file="src/pymortests/algorithms/gram_schmidt.py" line="72" name="test_gram_schmidt_biorth[1-&lt;lambda&gt;21]" time="0.7211136817932129"></testcase><testcase classname="src.pymortests.algorithms.gram_schmidt" file="src/pymortests/algorithms/gram_schmidt.py" line="72" name="test_gram_schmidt_biorth[1-&lt;lambda&gt;22]" time="0.0016825199127197266"></testcase><testcase classname="src.pymortests.algorithms.gram_schmidt" file="src/pymortests/algorithms/gram_schmidt.py" line="72" name="test_gram_schmidt_biorth[1-&lt;lambda&gt;23]" time="0.0011525154113769531"></testcase><testcase classname="src.pymortests.algorithms.gram_schmidt" file="src/pymortests/algorithms/gram_schmidt.py" line="72" name="test_gram_schmidt_biorth[1-&lt;lambda&gt;24]" time="0.0020427703857421875"></testcase><testcase classname="src.pymortests.algorithms.gram_schmidt" file="src/pymortests/algorithms/gram_schmidt.py" line="72" name="test_gram_schmidt_biorth[1-&lt;lambda&gt;25]" time="0.29073452949523926"></testcase><testcase classname="src.pymortests.algorithms.gram_schmidt" file="src/pymortests/algorithms/gram_schmidt.py" line="72" name="test_gram_schmidt_biorth[1-&lt;lambda&gt;26]" time="0.05265974998474121"></testcase><testcase classname="src.pymortests.algorithms.gram_schmidt" file="src/pymortests/algorithms/gram_schmidt.py" line="72" name="test_gram_schmidt_biorth[2-&lt;lambda&gt;0]" time="0.0016143321990966797"></testcase><testcase classname="src.pymortests.algorithms.gram_schmidt" file="src/pymortests/algorithms/gram_schmidt.py" line="72" name="test_gram_schmidt_biorth[2-&lt;lambda&gt;1]" time="0.001165151596069336"></testcase><testcase classname="src.pymortests.algorithms.gram_schmidt" file="src/pymortests/algorithms/gram_schmidt.py" line="72" name="test_gram_schmidt_biorth[2-&lt;lambda&gt;2]" time="0.0011324882507324219"></testcase><testcase classname="src.pymortests.algorithms.gram_schmidt" file="src/pymortests/algorithms/gram_schmidt.py" line="72" name="test_gram_schmidt_biorth[2-&lt;lambda&gt;3]" time="0.050215959548950195"></testcase><testcase classname="src.pymortests.algorithms.gram_schmidt" file="src/pymortests/algorithms/gram_schmidt.py" line="72" name="test_gram_schmidt_biorth[2-&lt;lambda&gt;4]" time="0.0016181468963623047"></testcase><testcase classname="src.pymortests.algorithms.gram_schmidt" file="src/pymortests/algorithms/gram_schmidt.py" line="72" name="test_gram_schmidt_biorth[2-&lt;lambda&gt;5]" time="0.0013005733489990234"></testcase><testcase classname="src.pymortests.algorithms.gram_schmidt" file="src/pymortests/algorithms/gram_schmidt.py" line="72" name="test_gram_schmidt_biorth[2-&lt;lambda&gt;6]" time="0.0011425018310546875"></testcase><testcase classname="src.pymortests.algorithms.gram_schmidt" file="src/pymortests/algorithms/gram_schmidt.py" line="72" name="test_gram_schmidt_biorth[2-&lt;lambda&gt;7]" time="0.0011334419250488281"></testcase><testcase classname="src.pymortests.algorithms.gram_schmidt" file="src/pymortests/algorithms/gram_schmidt.py" line="72" name="test_gram_schmidt_biorth[2-&lt;lambda&gt;8]" time="0.10275912284851074"></testcase><testcase classname="src.pymortests.algorithms.gram_schmidt" file="src/pymortests/algorithms/gram_schmidt.py" line="72" name="test_gram_schmidt_biorth[2-&lt;lambda&gt;9]" time="0.002794981002807617"></testcase><testcase classname="src.pymortests.algorithms.gram_schmidt" file="src/pymortests/algorithms/gram_schmidt.py" line="72" name="test_gram_schmidt_biorth[2-&lt;lambda&gt;10]" time="0.0014460086822509766"></testcase><testcase classname="src.pymortests.algorithms.gram_schmidt" file="src/pymortests/algorithms/gram_schmidt.py" line="72" name="test_gram_schmidt_biorth[2-&lt;lambda&gt;11]" time="0.005853414535522461"></testcase><testcase classname="src.pymortests.algorithms.gram_schmidt" file="src/pymortests/algorithms/gram_schmidt.py" line="72" name="test_gram_schmidt_biorth[2-&lt;lambda&gt;12]" time="0.0013687610626220703"></testcase><testcase classname="src.pymortests.algorithms.gram_schmidt" file="src/pymortests/algorithms/gram_schmidt.py" line="72" name="test_gram_schmidt_biorth[2-&lt;lambda&gt;13]" time="0.0012848377227783203"></testcase><testcase classname="src.pymortests.algorithms.gram_schmidt" file="src/pymortests/algorithms/gram_schmidt.py" line="72" name="test_gram_schmidt_biorth[2-&lt;lambda&gt;14]" time="0.004381656646728516"></testcase><testcase classname="src.pymortests.algorithms.gram_schmidt" file="src/pymortests/algorithms/gram_schmidt.py" line="72" name="test_gram_schmidt_biorth[2-&lt;lambda&gt;15]" time="0.1886591911315918"></testcase><testcase classname="src.pymortests.algorithms.gram_schmidt" file="src/pymortests/algorithms/gram_schmidt.py" line="72" name="test_gram_schmidt_biorth[2-&lt;lambda&gt;16]" time="0.008259057998657227"></testcase><testcase classname="src.pymortests.algorithms.gram_schmidt" file="src/pymortests/algorithms/gram_schmidt.py" line="72" name="test_gram_schmidt_biorth[2-&lt;lambda&gt;17]" time="0.002169370651245117"></testcase><testcase classname="src.pymortests.algorithms.gram_schmidt" file="src/pymortests/algorithms/gram_schmidt.py" line="72" name="test_gram_schmidt_biorth[2-&lt;lambda&gt;18]" time="0.0018672943115234375"></testcase><testcase classname="src.pymortests.algorithms.gram_schmidt" file="src/pymortests/algorithms/gram_schmidt.py" line="72" name="test_gram_schmidt_biorth[2-&lt;lambda&gt;19]" time="0.003237009048461914"></testcase><testcase classname="src.pymortests.algorithms.gram_schmidt" file="src/pymortests/algorithms/gram_schmidt.py" line="72" name="test_gram_schmidt_biorth[2-&lt;lambda&gt;20]" time="0.14052486419677734"></testcase><testcase classname="src.pymortests.algorithms.gram_schmidt" file="src/pymortests/algorithms/gram_schmidt.py" line="72" name="test_gram_schmidt_biorth[2-&lt;lambda&gt;21]" time="0.7185988426208496"></testcase><testcase classname="src.pymortests.algorithms.gram_schmidt" file="src/pymortests/algorithms/gram_schmidt.py" line="72" name="test_gram_schmidt_biorth[2-&lt;lambda&gt;22]" time="0.0016963481903076172"></testcase><testcase classname="src.pymortests.algorithms.gram_schmidt" file="src/pymortests/algorithms/gram_schmidt.py" line="72" name="test_gram_schmidt_biorth[2-&lt;lambda&gt;23]" time="0.0012025833129882812"></testcase><testcase classname="src.pymortests.algorithms.gram_schmidt" file="src/pymortests/algorithms/gram_schmidt.py" line="72" name="test_gram_schmidt_biorth[2-&lt;lambda&gt;24]" time="0.002014636993408203"></testcase><testcase classname="src.pymortests.algorithms.gram_schmidt" file="src/pymortests/algorithms/gram_schmidt.py" line="72" name="test_gram_schmidt_biorth[2-&lt;lambda&gt;25]" time="0.28621578216552734"></testcase><testcase classname="src.pymortests.algorithms.gram_schmidt" file="src/pymortests/algorithms/gram_schmidt.py" line="72" name="test_gram_schmidt_biorth[2-&lt;lambda&gt;26]" time="0.05280303955078125"></testcase><testcase classname="src.pymortests.algorithms.gram_schmidt" file="src/pymortests/algorithms/gram_schmidt.py" line="100" name="test_gram_schmidt_biorth_with_product[&lt;lambda&gt;0]" time="0.03156113624572754"><system-err>18:21 DiffusionOperatorP1: Calulate gradients of shape functions transformed by reference map ...
18:21 DiffusionOperatorP1: Calculate all local scalar products beween gradients ...
18:21 DiffusionOperatorP1: Determine global dofs ...
18:21 DiffusionOperatorP1: Boundary treatment ...
18:21 DiffusionOperatorP1: Assemble system matrix ...
18:21 DiffusionOperatorP1: Calulate gradients of shape functions transformed by reference map ...
18:21 DiffusionOperatorP1: Calculate all local scalar products beween gradients ...
18:21 DiffusionOperatorP1: Determine global dofs ...
18:21 DiffusionOperatorP1: Boundary treatment ...
18:21 DiffusionOperatorP1: Assemble system matrix ...
18:21 DiffusionOperatorP1: Calulate gradients of shape functions transformed by reference map ...
18:21 DiffusionOperatorP1: Calculate all local scalar products beween gradients ...
18:21 DiffusionOperatorP1: Determine global dofs ...
18:21 DiffusionOperatorP1: Boundary treatment ...
18:21 DiffusionOperatorP1: Assemble system matrix ...
18:21 DiffusionOperatorP1: Calulate gradients of shape functions transformed by reference map ...
18:21 DiffusionOperatorP1: Calculate all local scalar products beween gradients ...
18:21 DiffusionOperatorP1: Determine global dofs ...
18:21 DiffusionOperatorP1: Boundary treatment ...
18:21 DiffusionOperatorP1: Assemble system matrix ...
18:21 DiffusionOperatorP1: Calulate gradients of shape functions transformed by reference map ...
18:21 DiffusionOperatorP1: Calculate all local scalar products beween gradients ...
18:21 DiffusionOperatorP1: Determine global dofs ...
18:21 DiffusionOperatorP1: Boundary treatment ...
18:21 DiffusionOperatorP1: Assemble system matrix ...
18:21 L2ProductP1: Integrate the products of the shape functions on each element
18:21 L2ProductP1: Determine global dofs ...
18:21 L2ProductP1: Boundary treatment ...
18:21 L2ProductP1: Assemble system matrix ...
18:21 DiffusionOperatorP1: Calulate gradients of shape functions transformed by reference map ...
18:21 DiffusionOperatorP1: Calculate all local scalar products beween gradients ...
18:21 DiffusionOperatorP1: Determine global dofs ...
18:21 DiffusionOperatorP1: Boundary treatment ...
18:21 DiffusionOperatorP1: Assemble system matrix ...
18:21 L2ProductP1: Integrate the products of the shape functions on each element
18:21 L2ProductP1: Determine global dofs ...
18:21 L2ProductP1: Boundary treatment ...
18:21 L2ProductP1: Assemble system matrix ...
18:21 DiffusionOperatorP1: Calulate gradients of shape functions transformed by reference map ...
18:21 DiffusionOperatorP1: Calculate all local scalar products beween gradients ...
18:21 DiffusionOperatorP1: Determine global dofs ...
18:21 DiffusionOperatorP1: Boundary treatment ...
18:21 DiffusionOperatorP1: Assemble system matrix ...
</system-err></testcase><testcase classname="src.pymortests.algorithms.gram_schmidt" file="src/pymortests/algorithms/gram_schmidt.py" line="100" name="test_gram_schmidt_biorth_with_product[&lt;lambda&gt;1]" time="0.028250694274902344"><system-err>18:21 DiffusionOperatorP1: Calulate gradients of shape functions transformed by reference map ...
18:21 DiffusionOperatorP1: Calculate all local scalar products beween gradients ...
18:21 DiffusionOperatorP1: Determine global dofs ...
18:21 DiffusionOperatorP1: Boundary treatment ...
18:21 DiffusionOperatorP1: Assemble system matrix ...
18:21 DiffusionOperatorP1: Calulate gradients of shape functions transformed by reference map ...
18:21 DiffusionOperatorP1: Calculate all local scalar products beween gradients ...
18:21 DiffusionOperatorP1: Determine global dofs ...
18:21 DiffusionOperatorP1: Boundary treatment ...
18:21 DiffusionOperatorP1: Assemble system matrix ...
18:21 L2ProductP1: Integrate the products of the shape functions on each element
18:21 L2ProductP1: Determine global dofs ...
18:21 L2ProductP1: Boundary treatment ...
18:21 L2ProductP1: Assemble system matrix ...
18:21 DiffusionOperatorP1: Calulate gradients of shape functions transformed by reference map ...
18:21 DiffusionOperatorP1: Calculate all local scalar products beween gradients ...
18:21 DiffusionOperatorP1: Determine global dofs ...
18:21 DiffusionOperatorP1: Boundary treatment ...
18:21 DiffusionOperatorP1: Assemble system matrix ...
18:21 L2ProductP1: Integrate the products of the shape functions on each element
18:21 L2ProductP1: Determine global dofs ...
18:21 L2ProductP1: Boundary treatment ...
18:21 L2ProductP1: Assemble system matrix ...
18:21 DiffusionOperatorP1: Calulate gradients of shape functions transformed by reference map ...
18:21 DiffusionOperatorP1: Calculate all local scalar products beween gradients ...
18:21 DiffusionOperatorP1: Determine global dofs ...
18:21 DiffusionOperatorP1: Boundary treatment ...
18:21 DiffusionOperatorP1: Assemble system matrix ...
18:21 gram_schmidt_biorth: Projecting vector V[1] again
18:21 gram_schmidt_biorth: Projecting vector W[1] again
18:21 gram_schmidt_biorth: Projecting vector V[1] again
18:21 gram_schmidt_biorth: Projecting vector W[1] again
</system-err></testcase><testcase classname="src.pymortests.algorithms.gram_schmidt" file="src/pymortests/algorithms/gram_schmidt.py" line="100" name="test_gram_schmidt_biorth_with_product[&lt;lambda&gt;2]" time="0.03302192687988281"><system-err>18:21 DiffusionOperatorP1: Calulate gradients of shape functions transformed by reference map ...
18:21 DiffusionOperatorP1: Calculate all local scalar products beween gradients ...
18:21 DiffusionOperatorP1: Determine global dofs ...
18:21 DiffusionOperatorP1: Boundary treatment ...
18:21 DiffusionOperatorP1: Assemble system matrix ...
18:21 DiffusionOperatorP1: Calulate gradients of shape functions transformed by reference map ...
18:21 DiffusionOperatorP1: Calculate all local scalar products beween gradients ...
18:21 DiffusionOperatorP1: Determine global dofs ...
18:21 DiffusionOperatorP1: Boundary treatment ...
18:21 DiffusionOperatorP1: Assemble system matrix ...
18:21 DiffusionOperatorP1: Calulate gradients of shape functions transformed by reference map ...
18:21 DiffusionOperatorP1: Calculate all local scalar products beween gradients ...
18:21 DiffusionOperatorP1: Determine global dofs ...
18:21 DiffusionOperatorP1: Boundary treatment ...
18:21 DiffusionOperatorP1: Assemble system matrix ...
18:21 DiffusionOperatorP1: Calulate gradients of shape functions transformed by reference map ...
18:21 DiffusionOperatorP1: Calculate all local scalar products beween gradients ...
18:21 DiffusionOperatorP1: Determine global dofs ...
18:21 DiffusionOperatorP1: Boundary treatment ...
18:21 DiffusionOperatorP1: Assemble system matrix ...
18:21 DiffusionOperatorP1: Calulate gradients of shape functions transformed by reference map ...
18:21 DiffusionOperatorP1: Calculate all local scalar products beween gradients ...
18:21 DiffusionOperatorP1: Determine global dofs ...
18:21 DiffusionOperatorP1: Boundary treatment ...
18:21 DiffusionOperatorP1: Assemble system matrix ...
18:21 L2ProductP1: Integrate the products of the shape functions on each element
18:21 L2ProductP1: Determine global dofs ...
18:21 L2ProductP1: Boundary treatment ...
18:21 L2ProductP1: Assemble system matrix ...
18:21 DiffusionOperatorP1: Calulate gradients of shape functions transformed by reference map ...
18:21 DiffusionOperatorP1: Calculate all local scalar products beween gradients ...
18:21 DiffusionOperatorP1: Determine global dofs ...
18:21 DiffusionOperatorP1: Boundary treatment ...
18:21 DiffusionOperatorP1: Assemble system matrix ...
18:21 L2ProductP1: Integrate the products of the shape functions on each element
18:21 L2ProductP1: Determine global dofs ...
18:21 L2ProductP1: Boundary treatment ...
18:21 L2ProductP1: Assemble system matrix ...
18:21 DiffusionOperatorP1: Calulate gradients of shape functions transformed by reference map ...
18:21 DiffusionOperatorP1: Calculate all local scalar products beween gradients ...
18:21 DiffusionOperatorP1: Determine global dofs ...
18:21 DiffusionOperatorP1: Boundary treatment ...
18:21 DiffusionOperatorP1: Assemble system matrix ...
</system-err></testcase><testcase classname="src.pymortests.algorithms.gram_schmidt" file="src/pymortests/algorithms/gram_schmidt.py" line="100" name="test_gram_schmidt_biorth_with_product[&lt;lambda&gt;3]" time="0.028764724731445312"><system-err>18:21 DiffusionOperatorP1: Calulate gradients of shape functions transformed by reference map ...
18:21 DiffusionOperatorP1: Calculate all local scalar products beween gradients ...
18:21 DiffusionOperatorP1: Determine global dofs ...
18:21 DiffusionOperatorP1: Boundary treatment ...
18:21 DiffusionOperatorP1: Assemble system matrix ...
18:21 DiffusionOperatorP1: Calulate gradients of shape functions transformed by reference map ...
18:21 DiffusionOperatorP1: Calculate all local scalar products beween gradients ...
18:21 DiffusionOperatorP1: Determine global dofs ...
18:21 DiffusionOperatorP1: Boundary treatment ...
18:21 DiffusionOperatorP1: Assemble system matrix ...
18:21 L2ProductP1: Integrate the products of the shape functions on each element
18:21 L2ProductP1: Determine global dofs ...
18:21 L2ProductP1: Boundary treatment ...
18:21 L2ProductP1: Assemble system matrix ...
18:21 DiffusionOperatorP1: Calulate gradients of shape functions transformed by reference map ...
18:21 DiffusionOperatorP1: Calculate all local scalar products beween gradients ...
18:21 DiffusionOperatorP1: Determine global dofs ...
18:21 DiffusionOperatorP1: Boundary treatment ...
18:21 DiffusionOperatorP1: Assemble system matrix ...
18:21 L2ProductP1: Integrate the products of the shape functions on each element
18:21 L2ProductP1: Determine global dofs ...
18:21 L2ProductP1: Boundary treatment ...
18:21 L2ProductP1: Assemble system matrix ...
18:21 DiffusionOperatorP1: Calulate gradients of shape functions transformed by reference map ...
18:21 DiffusionOperatorP1: Calculate all local scalar products beween gradients ...
18:21 DiffusionOperatorP1: Determine global dofs ...
18:21 DiffusionOperatorP1: Boundary treatment ...
18:21 DiffusionOperatorP1: Assemble system matrix ...
18:21 gram_schmidt_biorth: Projecting vector V[1] again
18:21 gram_schmidt_biorth: Projecting vector W[1] again
18:21 gram_schmidt_biorth: Projecting vector V[1] again
18:21 gram_schmidt_biorth: Projecting vector W[1] again
</system-err></testcase><testcase classname="src.pymortests.algorithms.gram_schmidt" file="src/pymortests/algorithms/gram_schmidt.py" line="100" name="test_gram_schmidt_biorth_with_product[&lt;lambda&gt;4]" time="0.03215503692626953"><system-err>18:21 DiffusionOperatorP1: Calulate gradients of shape functions transformed by reference map ...
18:21 DiffusionOperatorP1: Calculate all local scalar products beween gradients ...
18:21 DiffusionOperatorP1: Determine global dofs ...
18:21 DiffusionOperatorP1: Boundary treatment ...
18:21 DiffusionOperatorP1: Assemble system matrix ...
18:21 DiffusionOperatorP1: Calulate gradients of shape functions transformed by reference map ...
18:21 DiffusionOperatorP1: Calculate all local scalar products beween gradients ...
18:21 DiffusionOperatorP1: Determine global dofs ...
18:21 DiffusionOperatorP1: Boundary treatment ...
18:21 DiffusionOperatorP1: Assemble system matrix ...
18:21 DiffusionOperatorP1: Calulate gradients of shape functions transformed by reference map ...
18:21 DiffusionOperatorP1: Calculate all local scalar products beween gradients ...
18:21 DiffusionOperatorP1: Determine global dofs ...
18:21 DiffusionOperatorP1: Boundary treatment ...
18:21 DiffusionOperatorP1: Assemble system matrix ...
18:21 DiffusionOperatorP1: Calulate gradients of shape functions transformed by reference map ...
18:21 DiffusionOperatorP1: Calculate all local scalar products beween gradients ...
18:21 DiffusionOperatorP1: Determine global dofs ...
18:21 DiffusionOperatorP1: Boundary treatment ...
18:21 DiffusionOperatorP1: Assemble system matrix ...
18:21 DiffusionOperatorP1: Calulate gradients of shape functions transformed by reference map ...
18:21 DiffusionOperatorP1: Calculate all local scalar products beween gradients ...
18:21 DiffusionOperatorP1: Determine global dofs ...
18:21 DiffusionOperatorP1: Boundary treatment ...
18:21 DiffusionOperatorP1: Assemble system matrix ...
18:21 L2ProductP1: Integrate the products of the shape functions on each element
18:21 L2ProductP1: Determine global dofs ...
18:21 L2ProductP1: Boundary treatment ...
18:21 L2ProductP1: Assemble system matrix ...
18:21 DiffusionOperatorP1: Calulate gradients of shape functions transformed by reference map ...
18:21 DiffusionOperatorP1: Calculate all local scalar products beween gradients ...
18:21 DiffusionOperatorP1: Determine global dofs ...
18:21 DiffusionOperatorP1: Boundary treatment ...
18:21 DiffusionOperatorP1: Assemble system matrix ...
18:21 L2ProductP1: Integrate the products of the shape functions on each element
18:21 L2ProductP1: Determine global dofs ...
18:21 L2ProductP1: Boundary treatment ...
18:21 L2ProductP1: Assemble system matrix ...
18:21 DiffusionOperatorP1: Calulate gradients of shape functions transformed by reference map ...
18:21 DiffusionOperatorP1: Calculate all local scalar products beween gradients ...
18:21 DiffusionOperatorP1: Determine global dofs ...
18:21 DiffusionOperatorP1: Boundary treatment ...
18:21 DiffusionOperatorP1: Assemble system matrix ...
</system-err></testcase><testcase classname="src.pymortests.algorithms.gram_schmidt" file="src/pymortests/algorithms/gram_schmidt.py" line="100" name="test_gram_schmidt_biorth_with_product[&lt;lambda&gt;5]" time="0.029258012771606445"><system-err>18:21 DiffusionOperatorP1: Calulate gradients of shape functions transformed by reference map ...
18:21 DiffusionOperatorP1: Calculate all local scalar products beween gradients ...
18:21 DiffusionOperatorP1: Determine global dofs ...
18:21 DiffusionOperatorP1: Boundary treatment ...
18:21 DiffusionOperatorP1: Assemble system matrix ...
18:21 DiffusionOperatorP1: Calulate gradients of shape functions transformed by reference map ...
18:21 DiffusionOperatorP1: Calculate all local scalar products beween gradients ...
18:21 DiffusionOperatorP1: Determine global dofs ...
18:21 DiffusionOperatorP1: Boundary treatment ...
18:21 DiffusionOperatorP1: Assemble system matrix ...
18:21 L2ProductP1: Integrate the products of the shape functions on each element
18:21 L2ProductP1: Determine global dofs ...
18:21 L2ProductP1: Boundary treatment ...
18:21 L2ProductP1: Assemble system matrix ...
18:21 DiffusionOperatorP1: Calulate gradients of shape functions transformed by reference map ...
18:21 DiffusionOperatorP1: Calculate all local scalar products beween gradients ...
18:21 DiffusionOperatorP1: Determine global dofs ...
18:21 DiffusionOperatorP1: Boundary treatment ...
18:21 DiffusionOperatorP1: Assemble system matrix ...
18:21 L2ProductP1: Integrate the products of the shape functions on each element
18:21 L2ProductP1: Determine global dofs ...
18:21 L2ProductP1: Boundary treatment ...
18:21 L2ProductP1: Assemble system matrix ...
18:21 DiffusionOperatorP1: Calulate gradients of shape functions transformed by reference map ...
18:21 DiffusionOperatorP1: Calculate all local scalar products beween gradients ...
18:21 DiffusionOperatorP1: Determine global dofs ...
18:21 DiffusionOperatorP1: Boundary treatment ...
18:21 DiffusionOperatorP1: Assemble system matrix ...
18:21 gram_schmidt_biorth: Projecting vector V[1] again
18:21 gram_schmidt_biorth: Projecting vector W[1] again
18:21 gram_schmidt_biorth: Projecting vector V[1] again
18:21 gram_schmidt_biorth: Projecting vector W[1] again
</system-err></testcase><testcase classname="src.pymortests.algorithms.gram_schmidt" file="src/pymortests/algorithms/gram_schmidt.py" line="100" name="test_gram_schmidt_biorth_with_product[&lt;lambda&gt;6]" time="0.03418421745300293"><system-err>18:21 DiffusionOperatorP1: Calulate gradients of shape functions transformed by reference map ...
18:21 DiffusionOperatorP1: Calculate all local scalar products beween gradients ...
18:21 DiffusionOperatorP1: Determine global dofs ...
18:21 DiffusionOperatorP1: Boundary treatment ...
18:21 DiffusionOperatorP1: Assemble system matrix ...
18:21 DiffusionOperatorP1: Calulate gradients of shape functions transformed by reference map ...
18:21 DiffusionOperatorP1: Calculate all local scalar products beween gradients ...
18:21 DiffusionOperatorP1: Determine global dofs ...
18:21 DiffusionOperatorP1: Boundary treatment ...
18:21 DiffusionOperatorP1: Assemble system matrix ...
18:21 DiffusionOperatorP1: Calulate gradients of shape functions transformed by reference map ...
18:21 DiffusionOperatorP1: Calculate all local scalar products beween gradients ...
18:21 DiffusionOperatorP1: Determine global dofs ...
18:21 DiffusionOperatorP1: Boundary treatment ...
18:21 DiffusionOperatorP1: Assemble system matrix ...
18:21 DiffusionOperatorP1: Calulate gradients of shape functions transformed by reference map ...
18:21 DiffusionOperatorP1: Calculate all local scalar products beween gradients ...
18:21 DiffusionOperatorP1: Determine global dofs ...
18:21 DiffusionOperatorP1: Boundary treatment ...
18:21 DiffusionOperatorP1: Assemble system matrix ...
18:21 DiffusionOperatorP1: Calulate gradients of shape functions transformed by reference map ...
18:21 DiffusionOperatorP1: Calculate all local scalar products beween gradients ...
18:21 DiffusionOperatorP1: Determine global dofs ...
18:21 DiffusionOperatorP1: Boundary treatment ...
18:21 DiffusionOperatorP1: Assemble system matrix ...
18:21 L2ProductP1: Integrate the products of the shape functions on each element
18:21 L2ProductP1: Determine global dofs ...
18:21 L2ProductP1: Boundary treatment ...
18:21 L2ProductP1: Assemble system matrix ...
18:21 DiffusionOperatorP1: Calulate gradients of shape functions transformed by reference map ...
18:21 DiffusionOperatorP1: Calculate all local scalar products beween gradients ...
18:21 DiffusionOperatorP1: Determine global dofs ...
18:21 DiffusionOperatorP1: Boundary treatment ...
18:21 DiffusionOperatorP1: Assemble system matrix ...
18:21 L2ProductP1: Integrate the products of the shape functions on each element
18:21 L2ProductP1: Determine global dofs ...
18:21 L2ProductP1: Boundary treatment ...
18:21 L2ProductP1: Assemble system matrix ...
18:21 DiffusionOperatorP1: Calulate gradients of shape functions transformed by reference map ...
18:21 DiffusionOperatorP1: Calculate all local scalar products beween gradients ...
18:21 DiffusionOperatorP1: Determine global dofs ...
18:21 DiffusionOperatorP1: Boundary treatment ...
18:21 DiffusionOperatorP1: Assemble system matrix ...
</system-err></testcase><testcase classname="src.pymortests.algorithms.gram_schmidt" file="src/pymortests/algorithms/gram_schmidt.py" line="100" name="test_gram_schmidt_biorth_with_product[&lt;lambda&gt;7]" time="0.028816699981689453"><system-err>18:21 DiffusionOperatorP1: Calulate gradients of shape functions transformed by reference map ...
18:21 DiffusionOperatorP1: Calculate all local scalar products beween gradients ...
18:21 DiffusionOperatorP1: Determine global dofs ...
18:21 DiffusionOperatorP1: Boundary treatment ...
18:21 DiffusionOperatorP1: Assemble system matrix ...
18:21 DiffusionOperatorP1: Calulate gradients of shape functions transformed by reference map ...
18:21 DiffusionOperatorP1: Calculate all local scalar products beween gradients ...
18:21 DiffusionOperatorP1: Determine global dofs ...
18:21 DiffusionOperatorP1: Boundary treatment ...
18:21 DiffusionOperatorP1: Assemble system matrix ...
18:21 L2ProductP1: Integrate the products of the shape functions on each element
18:21 L2ProductP1: Determine global dofs ...
18:21 L2ProductP1: Boundary treatment ...
18:21 L2ProductP1: Assemble system matrix ...
18:21 DiffusionOperatorP1: Calulate gradients of shape functions transformed by reference map ...
18:21 DiffusionOperatorP1: Calculate all local scalar products beween gradients ...
18:21 DiffusionOperatorP1: Determine global dofs ...
18:21 DiffusionOperatorP1: Boundary treatment ...
18:21 DiffusionOperatorP1: Assemble system matrix ...
18:21 L2ProductP1: Integrate the products of the shape functions on each element
18:21 L2ProductP1: Determine global dofs ...
18:21 L2ProductP1: Boundary treatment ...
18:21 L2ProductP1: Assemble system matrix ...
18:21 DiffusionOperatorP1: Calulate gradients of shape functions transformed by reference map ...
18:21 DiffusionOperatorP1: Calculate all local scalar products beween gradients ...
18:21 DiffusionOperatorP1: Determine global dofs ...
18:21 DiffusionOperatorP1: Boundary treatment ...
18:21 DiffusionOperatorP1: Assemble system matrix ...
18:21 gram_schmidt_biorth: Projecting vector V[1] again
18:21 gram_schmidt_biorth: Projecting vector W[1] again
18:21 gram_schmidt_biorth: Projecting vector V[1] again
18:21 gram_schmidt_biorth: Projecting vector W[1] again
</system-err></testcase><testcase classname="src.pymortests.algorithms.gram_schmidt" file="src/pymortests/algorithms/gram_schmidt.py" line="100" name="test_gram_schmidt_biorth_with_product[&lt;lambda&gt;8]" time="0.031548500061035156"><system-err>18:21 DiffusionOperatorP1: Calulate gradients of shape functions transformed by reference map ...
18:21 DiffusionOperatorP1: Calculate all local scalar products beween gradients ...
18:21 DiffusionOperatorP1: Determine global dofs ...
18:21 DiffusionOperatorP1: Boundary treatment ...
18:21 DiffusionOperatorP1: Assemble system matrix ...
18:21 DiffusionOperatorP1: Calulate gradients of shape functions transformed by reference map ...
18:21 DiffusionOperatorP1: Calculate all local scalar products beween gradients ...
18:21 DiffusionOperatorP1: Determine global dofs ...
18:21 DiffusionOperatorP1: Boundary treatment ...
18:21 DiffusionOperatorP1: Assemble system matrix ...
18:21 DiffusionOperatorP1: Calulate gradients of shape functions transformed by reference map ...
18:21 DiffusionOperatorP1: Calculate all local scalar products beween gradients ...
18:21 DiffusionOperatorP1: Determine global dofs ...
18:21 DiffusionOperatorP1: Boundary treatment ...
18:21 DiffusionOperatorP1: Assemble system matrix ...
18:21 DiffusionOperatorP1: Calulate gradients of shape functions transformed by reference map ...
18:21 DiffusionOperatorP1: Calculate all local scalar products beween gradients ...
18:21 DiffusionOperatorP1: Determine global dofs ...
18:21 DiffusionOperatorP1: Boundary treatment ...
18:21 DiffusionOperatorP1: Assemble system matrix ...
18:21 DiffusionOperatorP1: Calulate gradients of shape functions transformed by reference map ...
18:21 DiffusionOperatorP1: Calculate all local scalar products beween gradients ...
18:21 DiffusionOperatorP1: Determine global dofs ...
18:21 DiffusionOperatorP1: Boundary treatment ...
18:21 DiffusionOperatorP1: Assemble system matrix ...
18:21 L2ProductP1: Integrate the products of the shape functions on each element
18:21 L2ProductP1: Determine global dofs ...
18:21 L2ProductP1: Boundary treatment ...
18:21 L2ProductP1: Assemble system matrix ...
18:21 DiffusionOperatorP1: Calulate gradients of shape functions transformed by reference map ...
18:21 DiffusionOperatorP1: Calculate all local scalar products beween gradients ...
18:21 DiffusionOperatorP1: Determine global dofs ...
18:21 DiffusionOperatorP1: Boundary treatment ...
18:21 DiffusionOperatorP1: Assemble system matrix ...
18:21 L2ProductP1: Integrate the products of the shape functions on each element
18:21 L2ProductP1: Determine global dofs ...
18:21 L2ProductP1: Boundary treatment ...
18:21 L2ProductP1: Assemble system matrix ...
18:21 DiffusionOperatorP1: Calulate gradients of shape functions transformed by reference map ...
18:21 DiffusionOperatorP1: Calculate all local scalar products beween gradients ...
18:21 DiffusionOperatorP1: Determine global dofs ...
18:21 DiffusionOperatorP1: Boundary treatment ...
18:21 DiffusionOperatorP1: Assemble system matrix ...
</system-err></testcase><testcase classname="src.pymortests.algorithms.gram_schmidt" file="src/pymortests/algorithms/gram_schmidt.py" line="100" name="test_gram_schmidt_biorth_with_product[&lt;lambda&gt;9]" time="0.028690099716186523"><system-err>18:21 DiffusionOperatorP1: Calulate gradients of shape functions transformed by reference map ...
18:21 DiffusionOperatorP1: Calculate all local scalar products beween gradients ...
18:21 DiffusionOperatorP1: Determine global dofs ...
18:21 DiffusionOperatorP1: Boundary treatment ...
18:21 DiffusionOperatorP1: Assemble system matrix ...
18:21 DiffusionOperatorP1: Calulate gradients of shape functions transformed by reference map ...
18:21 DiffusionOperatorP1: Calculate all local scalar products beween gradients ...
18:21 DiffusionOperatorP1: Determine global dofs ...
18:21 DiffusionOperatorP1: Boundary treatment ...
18:21 DiffusionOperatorP1: Assemble system matrix ...
18:21 L2ProductP1: Integrate the products of the shape functions on each element
18:21 L2ProductP1: Determine global dofs ...
18:21 L2ProductP1: Boundary treatment ...
18:21 L2ProductP1: Assemble system matrix ...
18:21 DiffusionOperatorP1: Calulate gradients of shape functions transformed by reference map ...
18:21 DiffusionOperatorP1: Calculate all local scalar products beween gradients ...
18:21 DiffusionOperatorP1: Determine global dofs ...
18:21 DiffusionOperatorP1: Boundary treatment ...
18:21 DiffusionOperatorP1: Assemble system matrix ...
18:21 L2ProductP1: Integrate the products of the shape functions on each element
18:21 L2ProductP1: Determine global dofs ...
18:21 L2ProductP1: Boundary treatment ...
18:21 L2ProductP1: Assemble system matrix ...
18:21 DiffusionOperatorP1: Calulate gradients of shape functions transformed by reference map ...
18:21 DiffusionOperatorP1: Calculate all local scalar products beween gradients ...
18:21 DiffusionOperatorP1: Determine global dofs ...
18:21 DiffusionOperatorP1: Boundary treatment ...
18:21 DiffusionOperatorP1: Assemble system matrix ...
18:21 gram_schmidt_biorth: Projecting vector V[1] again
18:21 gram_schmidt_biorth: Projecting vector W[1] again
18:21 gram_schmidt_biorth: Projecting vector V[1] again
18:21 gram_schmidt_biorth: Projecting vector W[1] again
</system-err></testcase><testcase classname="src.pymortests.algorithms.gram_schmidt" file="src/pymortests/algorithms/gram_schmidt.py" line="100" name="test_gram_schmidt_biorth_with_product[&lt;lambda&gt;10]" time="0.03177070617675781"><system-err>18:21 DiffusionOperatorP1: Calulate gradients of shape functions transformed by reference map ...
18:21 DiffusionOperatorP1: Calculate all local scalar products beween gradients ...
18:21 DiffusionOperatorP1: Determine global dofs ...
18:21 DiffusionOperatorP1: Boundary treatment ...
18:21 DiffusionOperatorP1: Assemble system matrix ...
18:21 DiffusionOperatorP1: Calulate gradients of shape functions transformed by reference map ...
18:21 DiffusionOperatorP1: Calculate all local scalar products beween gradients ...
18:21 DiffusionOperatorP1: Determine global dofs ...
18:21 DiffusionOperatorP1: Boundary treatment ...
18:21 DiffusionOperatorP1: Assemble system matrix ...
18:21 DiffusionOperatorP1: Calulate gradients of shape functions transformed by reference map ...
18:21 DiffusionOperatorP1: Calculate all local scalar products beween gradients ...
18:21 DiffusionOperatorP1: Determine global dofs ...
18:21 DiffusionOperatorP1: Boundary treatment ...
18:21 DiffusionOperatorP1: Assemble system matrix ...
18:21 DiffusionOperatorP1: Calulate gradients of shape functions transformed by reference map ...
18:21 DiffusionOperatorP1: Calculate all local scalar products beween gradients ...
18:21 DiffusionOperatorP1: Determine global dofs ...
18:21 DiffusionOperatorP1: Boundary treatment ...
18:21 DiffusionOperatorP1: Assemble system matrix ...
18:21 DiffusionOperatorP1: Calulate gradients of shape functions transformed by reference map ...
18:21 DiffusionOperatorP1: Calculate all local scalar products beween gradients ...
18:21 DiffusionOperatorP1: Determine global dofs ...
18:21 DiffusionOperatorP1: Boundary treatment ...
18:21 DiffusionOperatorP1: Assemble system matrix ...
18:21 L2ProductP1: Integrate the products of the shape functions on each element
18:21 L2ProductP1: Determine global dofs ...
18:21 L2ProductP1: Boundary treatment ...
18:21 L2ProductP1: Assemble system matrix ...
18:21 DiffusionOperatorP1: Calulate gradients of shape functions transformed by reference map ...
18:21 DiffusionOperatorP1: Calculate all local scalar products beween gradients ...
18:21 DiffusionOperatorP1: Determine global dofs ...
18:21 DiffusionOperatorP1: Boundary treatment ...
18:21 DiffusionOperatorP1: Assemble system matrix ...
18:21 L2ProductP1: Integrate the products of the shape functions on each element
18:21 L2ProductP1: Determine global dofs ...
18:21 L2ProductP1: Boundary treatment ...
18:21 L2ProductP1: Assemble system matrix ...
18:21 DiffusionOperatorP1: Calulate gradients of shape functions transformed by reference map ...
18:21 DiffusionOperatorP1: Calculate all local scalar products beween gradients ...
18:21 DiffusionOperatorP1: Determine global dofs ...
18:21 DiffusionOperatorP1: Boundary treatment ...
18:21 DiffusionOperatorP1: Assemble system matrix ...
</system-err></testcase><testcase classname="src.pymortests.algorithms.gram_schmidt" file="src/pymortests/algorithms/gram_schmidt.py" line="100" name="test_gram_schmidt_biorth_with_product[&lt;lambda&gt;11]" time="0.02861475944519043"><system-err>18:21 DiffusionOperatorP1: Calulate gradients of shape functions transformed by reference map ...
18:21 DiffusionOperatorP1: Calculate all local scalar products beween gradients ...
18:21 DiffusionOperatorP1: Determine global dofs ...
18:21 DiffusionOperatorP1: Boundary treatment ...
18:21 DiffusionOperatorP1: Assemble system matrix ...
18:21 DiffusionOperatorP1: Calulate gradients of shape functions transformed by reference map ...
18:21 DiffusionOperatorP1: Calculate all local scalar products beween gradients ...
18:21 DiffusionOperatorP1: Determine global dofs ...
18:21 DiffusionOperatorP1: Boundary treatment ...
18:21 DiffusionOperatorP1: Assemble system matrix ...
18:21 L2ProductP1: Integrate the products of the shape functions on each element
18:21 L2ProductP1: Determine global dofs ...
18:21 L2ProductP1: Boundary treatment ...
18:21 L2ProductP1: Assemble system matrix ...
18:21 DiffusionOperatorP1: Calulate gradients of shape functions transformed by reference map ...
18:21 DiffusionOperatorP1: Calculate all local scalar products beween gradients ...
18:21 DiffusionOperatorP1: Determine global dofs ...
18:21 DiffusionOperatorP1: Boundary treatment ...
18:21 DiffusionOperatorP1: Assemble system matrix ...
18:21 L2ProductP1: Integrate the products of the shape functions on each element
18:21 L2ProductP1: Determine global dofs ...
18:21 L2ProductP1: Boundary treatment ...
18:21 L2ProductP1: Assemble system matrix ...
18:21 DiffusionOperatorP1: Calulate gradients of shape functions transformed by reference map ...
18:21 DiffusionOperatorP1: Calculate all local scalar products beween gradients ...
18:21 DiffusionOperatorP1: Determine global dofs ...
18:21 DiffusionOperatorP1: Boundary treatment ...
18:21 DiffusionOperatorP1: Assemble system matrix ...
18:21 gram_schmidt_biorth: Projecting vector V[1] again
18:21 gram_schmidt_biorth: Projecting vector W[1] again
18:21 gram_schmidt_biorth: Projecting vector V[1] again
18:21 gram_schmidt_biorth: Projecting vector W[1] again
</system-err></testcase><testcase classname="src.pymortests.algorithms.gram_schmidt" file="src/pymortests/algorithms/gram_schmidt.py" line="100" name="test_gram_schmidt_biorth_with_product[&lt;lambda&gt;12]" time="0.03292202949523926"><system-err>18:21 DiffusionOperatorP1: Calulate gradients of shape functions transformed by reference map ...
18:21 DiffusionOperatorP1: Calculate all local scalar products beween gradients ...
18:21 DiffusionOperatorP1: Determine global dofs ...
18:21 DiffusionOperatorP1: Boundary treatment ...
18:21 DiffusionOperatorP1: Assemble system matrix ...
18:21 DiffusionOperatorP1: Calulate gradients of shape functions transformed by reference map ...
18:21 DiffusionOperatorP1: Calculate all local scalar products beween gradients ...
18:21 DiffusionOperatorP1: Determine global dofs ...
18:21 DiffusionOperatorP1: Boundary treatment ...
18:21 DiffusionOperatorP1: Assemble system matrix ...
18:21 DiffusionOperatorP1: Calulate gradients of shape functions transformed by reference map ...
18:21 DiffusionOperatorP1: Calculate all local scalar products beween gradients ...
18:21 DiffusionOperatorP1: Determine global dofs ...
18:21 DiffusionOperatorP1: Boundary treatment ...
18:21 DiffusionOperatorP1: Assemble system matrix ...
18:21 DiffusionOperatorP1: Calulate gradients of shape functions transformed by reference map ...
18:21 DiffusionOperatorP1: Calculate all local scalar products beween gradients ...
18:21 DiffusionOperatorP1: Determine global dofs ...
18:21 DiffusionOperatorP1: Boundary treatment ...
18:21 DiffusionOperatorP1: Assemble system matrix ...
18:21 DiffusionOperatorP1: Calulate gradients of shape functions transformed by reference map ...
18:21 DiffusionOperatorP1: Calculate all local scalar products beween gradients ...
18:21 DiffusionOperatorP1: Determine global dofs ...
18:21 DiffusionOperatorP1: Boundary treatment ...
18:21 DiffusionOperatorP1: Assemble system matrix ...
18:21 L2ProductP1: Integrate the products of the shape functions on each element
18:21 L2ProductP1: Determine global dofs ...
18:21 L2ProductP1: Boundary treatment ...
18:21 L2ProductP1: Assemble system matrix ...
18:21 DiffusionOperatorP1: Calulate gradients of shape functions transformed by reference map ...
18:21 DiffusionOperatorP1: Calculate all local scalar products beween gradients ...
18:21 DiffusionOperatorP1: Determine global dofs ...
18:21 DiffusionOperatorP1: Boundary treatment ...
18:21 DiffusionOperatorP1: Assemble system matrix ...
18:21 L2ProductP1: Integrate the products of the shape functions on each element
18:21 L2ProductP1: Determine global dofs ...
18:21 L2ProductP1: Boundary treatment ...
18:21 L2ProductP1: Assemble system matrix ...
18:21 DiffusionOperatorP1: Calulate gradients of shape functions transformed by reference map ...
18:21 DiffusionOperatorP1: Calculate all local scalar products beween gradients ...
18:21 DiffusionOperatorP1: Determine global dofs ...
18:21 DiffusionOperatorP1: Boundary treatment ...
18:21 DiffusionOperatorP1: Assemble system matrix ...
</system-err></testcase><testcase classname="src.pymortests.algorithms.gram_schmidt" file="src/pymortests/algorithms/gram_schmidt.py" line="100" name="test_gram_schmidt_biorth_with_product[&lt;lambda&gt;13]" time="0.028109073638916016"><system-err>18:21 DiffusionOperatorP1: Calulate gradients of shape functions transformed by reference map ...
18:21 DiffusionOperatorP1: Calculate all local scalar products beween gradients ...
18:21 DiffusionOperatorP1: Determine global dofs ...
18:21 DiffusionOperatorP1: Boundary treatment ...
18:21 DiffusionOperatorP1: Assemble system matrix ...
18:21 DiffusionOperatorP1: Calulate gradients of shape functions transformed by reference map ...
18:21 DiffusionOperatorP1: Calculate all local scalar products beween gradients ...
18:21 DiffusionOperatorP1: Determine global dofs ...
18:21 DiffusionOperatorP1: Boundary treatment ...
18:21 DiffusionOperatorP1: Assemble system matrix ...
18:21 L2ProductP1: Integrate the products of the shape functions on each element
18:21 L2ProductP1: Determine global dofs ...
18:21 L2ProductP1: Boundary treatment ...
18:21 L2ProductP1: Assemble system matrix ...
18:21 DiffusionOperatorP1: Calulate gradients of shape functions transformed by reference map ...
18:21 DiffusionOperatorP1: Calculate all local scalar products beween gradients ...
18:21 DiffusionOperatorP1: Determine global dofs ...
18:21 DiffusionOperatorP1: Boundary treatment ...
18:21 DiffusionOperatorP1: Assemble system matrix ...
18:21 L2ProductP1: Integrate the products of the shape functions on each element
18:21 L2ProductP1: Determine global dofs ...
18:21 L2ProductP1: Boundary treatment ...
18:21 L2ProductP1: Assemble system matrix ...
18:21 DiffusionOperatorP1: Calulate gradients of shape functions transformed by reference map ...
18:21 DiffusionOperatorP1: Calculate all local scalar products beween gradients ...
18:21 DiffusionOperatorP1: Determine global dofs ...
18:21 DiffusionOperatorP1: Boundary treatment ...
18:21 DiffusionOperatorP1: Assemble system matrix ...
</system-err></testcase><testcase classname="src.pymortests.algorithms.gram_schmidt" file="src/pymortests/algorithms/gram_schmidt.py" line="100" name="test_gram_schmidt_biorth_with_product[&lt;lambda&gt;14]" time="0.03519415855407715"><system-err>18:21 DiffusionOperatorP1: Calulate gradients of shape functions transformed by reference map ...
18:21 DiffusionOperatorP1: Calculate all local scalar products beween gradients ...
18:21 DiffusionOperatorP1: Determine global dofs ...
18:21 DiffusionOperatorP1: Boundary treatment ...
18:21 DiffusionOperatorP1: Assemble system matrix ...
18:21 DiffusionOperatorP1: Calulate gradients of shape functions transformed by reference map ...
18:21 DiffusionOperatorP1: Calculate all local scalar products beween gradients ...
18:21 DiffusionOperatorP1: Determine global dofs ...
18:21 DiffusionOperatorP1: Boundary treatment ...
18:21 DiffusionOperatorP1: Assemble system matrix ...
18:21 DiffusionOperatorP1: Calulate gradients of shape functions transformed by reference map ...
18:21 DiffusionOperatorP1: Calculate all local scalar products beween gradients ...
18:21 DiffusionOperatorP1: Determine global dofs ...
18:21 DiffusionOperatorP1: Boundary treatment ...
18:21 DiffusionOperatorP1: Assemble system matrix ...
18:21 DiffusionOperatorP1: Calulate gradients of shape functions transformed by reference map ...
18:21 DiffusionOperatorP1: Calculate all local scalar products beween gradients ...
18:21 DiffusionOperatorP1: Determine global dofs ...
18:21 DiffusionOperatorP1: Boundary treatment ...
18:21 DiffusionOperatorP1: Assemble system matrix ...
18:21 DiffusionOperatorP1: Calulate gradients of shape functions transformed by reference map ...
18:21 DiffusionOperatorP1: Calculate all local scalar products beween gradients ...
18:21 DiffusionOperatorP1: Determine global dofs ...
18:21 DiffusionOperatorP1: Boundary treatment ...
18:21 DiffusionOperatorP1: Assemble system matrix ...
18:21 L2ProductP1: Integrate the products of the shape functions on each element
18:21 L2ProductP1: Determine global dofs ...
18:21 L2ProductP1: Boundary treatment ...
18:21 L2ProductP1: Assemble system matrix ...
18:21 DiffusionOperatorP1: Calulate gradients of shape functions transformed by reference map ...
18:21 DiffusionOperatorP1: Calculate all local scalar products beween gradients ...
18:21 DiffusionOperatorP1: Determine global dofs ...
18:21 DiffusionOperatorP1: Boundary treatment ...
18:21 DiffusionOperatorP1: Assemble system matrix ...
18:21 L2ProductP1: Integrate the products of the shape functions on each element
18:21 L2ProductP1: Determine global dofs ...
18:21 L2ProductP1: Boundary treatment ...
18:21 L2ProductP1: Assemble system matrix ...
18:21 DiffusionOperatorP1: Calulate gradients of shape functions transformed by reference map ...
18:21 DiffusionOperatorP1: Calculate all local scalar products beween gradients ...
18:21 DiffusionOperatorP1: Determine global dofs ...
18:21 DiffusionOperatorP1: Boundary treatment ...
18:21 DiffusionOperatorP1: Assemble system matrix ...
18:21 gram_schmidt_biorth: Projecting vector V[1] again
18:21 gram_schmidt_biorth: Projecting vector V[2] again
18:21 gram_schmidt_biorth: Projecting vector W[2] again
18:21 gram_schmidt_biorth: Projecting vector V[1] again
18:21 gram_schmidt_biorth: Projecting vector V[2] again
18:21 gram_schmidt_biorth: Projecting vector W[2] again
</system-err></testcase><testcase classname="src.pymortests.algorithms.gram_schmidt" file="src/pymortests/algorithms/gram_schmidt.py" line="100" name="test_gram_schmidt_biorth_with_product[&lt;lambda&gt;15]" time="0.032578229904174805"><system-err>18:21 DiffusionOperatorP1: Calulate gradients of shape functions transformed by reference map ...
18:21 DiffusionOperatorP1: Calculate all local scalar products beween gradients ...
18:21 DiffusionOperatorP1: Determine global dofs ...
18:21 DiffusionOperatorP1: Boundary treatment ...
18:21 DiffusionOperatorP1: Assemble system matrix ...
18:21 DiffusionOperatorP1: Calulate gradients of shape functions transformed by reference map ...
18:21 DiffusionOperatorP1: Calculate all local scalar products beween gradients ...
18:21 DiffusionOperatorP1: Determine global dofs ...
18:21 DiffusionOperatorP1: Boundary treatment ...
18:21 DiffusionOperatorP1: Assemble system matrix ...
18:21 L2ProductP1: Integrate the products of the shape functions on each element
18:21 L2ProductP1: Determine global dofs ...
18:21 L2ProductP1: Boundary treatment ...
18:21 L2ProductP1: Assemble system matrix ...
18:21 DiffusionOperatorP1: Calulate gradients of shape functions transformed by reference map ...
18:21 DiffusionOperatorP1: Calculate all local scalar products beween gradients ...
18:21 DiffusionOperatorP1: Determine global dofs ...
18:21 DiffusionOperatorP1: Boundary treatment ...
18:21 DiffusionOperatorP1: Assemble system matrix ...
18:21 L2ProductP1: Integrate the products of the shape functions on each element
18:21 L2ProductP1: Determine global dofs ...
18:21 L2ProductP1: Boundary treatment ...
18:21 L2ProductP1: Assemble system matrix ...
18:21 DiffusionOperatorP1: Calulate gradients of shape functions transformed by reference map ...
18:21 DiffusionOperatorP1: Calculate all local scalar products beween gradients ...
18:21 DiffusionOperatorP1: Determine global dofs ...
18:21 DiffusionOperatorP1: Boundary treatment ...
18:21 DiffusionOperatorP1: Assemble system matrix ...
18:21 gram_schmidt_biorth: Projecting vector V[1] again
18:21 gram_schmidt_biorth: Projecting vector W[1] again
18:21 gram_schmidt_biorth: Projecting vector V[2] again
18:21 gram_schmidt_biorth: Projecting vector W[2] again
18:21 gram_schmidt_biorth: Projecting vector V[1] again
18:21 gram_schmidt_biorth: Projecting vector W[1] again
18:21 gram_schmidt_biorth: Projecting vector V[2] again
18:21 gram_schmidt_biorth: Projecting vector W[2] again
</system-err></testcase><testcase classname="src.pymortests.algorithms.gram_schmidt" file="src/pymortests/algorithms/gram_schmidt.py" line="100" name="test_gram_schmidt_biorth_with_product[&lt;lambda&gt;16]" time="0.028043746948242188"><system-err>18:21 DiffusionOperatorP1: Calulate gradients of shape functions transformed by reference map ...
18:21 DiffusionOperatorP1: Calculate all local scalar products beween gradients ...
18:21 DiffusionOperatorP1: Determine global dofs ...
18:21 DiffusionOperatorP1: Boundary treatment ...
18:21 DiffusionOperatorP1: Assemble system matrix ...
18:21 DiffusionOperatorP1: Calulate gradients of shape functions transformed by reference map ...
18:21 DiffusionOperatorP1: Calculate all local scalar products beween gradients ...
18:21 DiffusionOperatorP1: Determine global dofs ...
18:21 DiffusionOperatorP1: Boundary treatment ...
18:21 DiffusionOperatorP1: Assemble system matrix ...
18:21 DiffusionOperatorP1: Calulate gradients of shape functions transformed by reference map ...
18:21 DiffusionOperatorP1: Calculate all local scalar products beween gradients ...
18:21 DiffusionOperatorP1: Determine global dofs ...
18:21 DiffusionOperatorP1: Boundary treatment ...
18:21 DiffusionOperatorP1: Assemble system matrix ...
18:21 DiffusionOperatorP1: Calulate gradients of shape functions transformed by reference map ...
18:21 DiffusionOperatorP1: Calculate all local scalar products beween gradients ...
18:21 DiffusionOperatorP1: Determine global dofs ...
18:21 DiffusionOperatorP1: Boundary treatment ...
18:21 DiffusionOperatorP1: Assemble system matrix ...
18:21 DiffusionOperatorP1: Calulate gradients of shape functions transformed by reference map ...
18:21 DiffusionOperatorP1: Calculate all local scalar products beween gradients ...
18:21 DiffusionOperatorP1: Determine global dofs ...
18:21 DiffusionOperatorP1: Boundary treatment ...
18:21 DiffusionOperatorP1: Assemble system matrix ...
18:21 L2ProductP1: Integrate the products of the shape functions on each element
18:21 L2ProductP1: Determine global dofs ...
18:21 L2ProductP1: Boundary treatment ...
18:21 L2ProductP1: Assemble system matrix ...
18:21 DiffusionOperatorP1: Calulate gradients of shape functions transformed by reference map ...
18:21 DiffusionOperatorP1: Calculate all local scalar products beween gradients ...
18:21 DiffusionOperatorP1: Determine global dofs ...
18:21 DiffusionOperatorP1: Boundary treatment ...
18:21 DiffusionOperatorP1: Assemble system matrix ...
18:21 L2ProductP1: Integrate the products of the shape functions on each element
18:21 L2ProductP1: Determine global dofs ...
18:21 L2ProductP1: Boundary treatment ...
18:21 L2ProductP1: Assemble system matrix ...
18:21 DiffusionOperatorP1: Calulate gradients of shape functions transformed by reference map ...
18:21 DiffusionOperatorP1: Calculate all local scalar products beween gradients ...
18:21 DiffusionOperatorP1: Determine global dofs ...
18:21 DiffusionOperatorP1: Boundary treatment ...
18:21 DiffusionOperatorP1: Assemble system matrix ...
</system-err></testcase><testcase classname="src.pymortests.algorithms.gram_schmidt" file="src/pymortests/algorithms/gram_schmidt.py" line="100" name="test_gram_schmidt_biorth_with_product[&lt;lambda&gt;17]" time="0.024318695068359375"><system-err>18:21 DiffusionOperatorP1: Calulate gradients of shape functions transformed by reference map ...
18:21 DiffusionOperatorP1: Calculate all local scalar products beween gradients ...
18:21 DiffusionOperatorP1: Determine global dofs ...
18:21 DiffusionOperatorP1: Boundary treatment ...
18:21 DiffusionOperatorP1: Assemble system matrix ...
18:21 DiffusionOperatorP1: Calulate gradients of shape functions transformed by reference map ...
18:21 DiffusionOperatorP1: Calculate all local scalar products beween gradients ...
18:21 DiffusionOperatorP1: Determine global dofs ...
18:21 DiffusionOperatorP1: Boundary treatment ...
18:21 DiffusionOperatorP1: Assemble system matrix ...
18:21 L2ProductP1: Integrate the products of the shape functions on each element
18:21 L2ProductP1: Determine global dofs ...
18:21 L2ProductP1: Boundary treatment ...
18:21 L2ProductP1: Assemble system matrix ...
18:21 DiffusionOperatorP1: Calulate gradients of shape functions transformed by reference map ...
18:22 DiffusionOperatorP1: Calculate all local scalar products beween gradients ...
18:22 DiffusionOperatorP1: Determine global dofs ...
18:22 DiffusionOperatorP1: Boundary treatment ...
18:22 DiffusionOperatorP1: Assemble system matrix ...
18:22 L2ProductP1: Integrate the products of the shape functions on each element
18:22 L2ProductP1: Determine global dofs ...
18:22 L2ProductP1: Boundary treatment ...
18:22 L2ProductP1: Assemble system matrix ...
18:22 DiffusionOperatorP1: Calulate gradients of shape functions transformed by reference map ...
18:22 DiffusionOperatorP1: Calculate all local scalar products beween gradients ...
18:22 DiffusionOperatorP1: Determine global dofs ...
18:22 DiffusionOperatorP1: Boundary treatment ...
18:22 DiffusionOperatorP1: Assemble system matrix ...
</system-err></testcase><testcase classname="src.pymortests.algorithms.gram_schmidt" file="src/pymortests/algorithms/gram_schmidt.py" line="100" name="test_gram_schmidt_biorth_with_product[&lt;lambda&gt;18]" time="0.03528022766113281"><system-err>18:22 DiffusionOperatorP1: Calulate gradients of shape functions transformed by reference map ...
18:22 DiffusionOperatorP1: Calculate all local scalar products beween gradients ...
18:22 DiffusionOperatorP1: Determine global dofs ...
18:22 DiffusionOperatorP1: Boundary treatment ...
18:22 DiffusionOperatorP1: Assemble system matrix ...
18:22 DiffusionOperatorP1: Calulate gradients of shape functions transformed by reference map ...
18:22 DiffusionOperatorP1: Calculate all local scalar products beween gradients ...
18:22 DiffusionOperatorP1: Determine global dofs ...
18:22 DiffusionOperatorP1: Boundary treatment ...
18:22 DiffusionOperatorP1: Assemble system matrix ...
18:22 DiffusionOperatorP1: Calulate gradients of shape functions transformed by reference map ...
18:22 DiffusionOperatorP1: Calculate all local scalar products beween gradients ...
18:22 DiffusionOperatorP1: Determine global dofs ...
18:22 DiffusionOperatorP1: Boundary treatment ...
18:22 DiffusionOperatorP1: Assemble system matrix ...
18:22 DiffusionOperatorP1: Calulate gradients of shape functions transformed by reference map ...
18:22 DiffusionOperatorP1: Calculate all local scalar products beween gradients ...
18:22 DiffusionOperatorP1: Determine global dofs ...
18:22 DiffusionOperatorP1: Boundary treatment ...
18:22 DiffusionOperatorP1: Assemble system matrix ...
18:22 DiffusionOperatorP1: Calulate gradients of shape functions transformed by reference map ...
18:22 DiffusionOperatorP1: Calculate all local scalar products beween gradients ...
18:22 DiffusionOperatorP1: Determine global dofs ...
18:22 DiffusionOperatorP1: Boundary treatment ...
18:22 DiffusionOperatorP1: Assemble system matrix ...
18:22 L2ProductP1: Integrate the products of the shape functions on each element
18:22 L2ProductP1: Determine global dofs ...
18:22 L2ProductP1: Boundary treatment ...
18:22 L2ProductP1: Assemble system matrix ...
18:22 DiffusionOperatorP1: Calulate gradients of shape functions transformed by reference map ...
18:22 DiffusionOperatorP1: Calculate all local scalar products beween gradients ...
18:22 DiffusionOperatorP1: Determine global dofs ...
18:22 DiffusionOperatorP1: Boundary treatment ...
18:22 DiffusionOperatorP1: Assemble system matrix ...
18:22 L2ProductP1: Integrate the products of the shape functions on each element
18:22 L2ProductP1: Determine global dofs ...
18:22 L2ProductP1: Boundary treatment ...
18:22 L2ProductP1: Assemble system matrix ...
18:22 DiffusionOperatorP1: Calulate gradients of shape functions transformed by reference map ...
18:22 DiffusionOperatorP1: Calculate all local scalar products beween gradients ...
18:22 DiffusionOperatorP1: Determine global dofs ...
18:22 DiffusionOperatorP1: Boundary treatment ...
18:22 DiffusionOperatorP1: Assemble system matrix ...
18:22 gram_schmidt_biorth: Projecting vector V[1] again
18:22 gram_schmidt_biorth: Projecting vector V[2] again
18:22 gram_schmidt_biorth: Projecting vector W[2] again
18:22 gram_schmidt_biorth: Projecting vector V[1] again
18:22 gram_schmidt_biorth: Projecting vector V[2] again
18:22 gram_schmidt_biorth: Projecting vector W[2] again
</system-err></testcase><testcase classname="src.pymortests.algorithms.gram_schmidt" file="src/pymortests/algorithms/gram_schmidt.py" line="100" name="test_gram_schmidt_biorth_with_product[&lt;lambda&gt;19]" time="0.03202319145202637"><system-err>18:22 DiffusionOperatorP1: Calulate gradients of shape functions transformed by reference map ...
18:22 DiffusionOperatorP1: Calculate all local scalar products beween gradients ...
18:22 DiffusionOperatorP1: Determine global dofs ...
18:22 DiffusionOperatorP1: Boundary treatment ...
18:22 DiffusionOperatorP1: Assemble system matrix ...
18:22 DiffusionOperatorP1: Calulate gradients of shape functions transformed by reference map ...
18:22 DiffusionOperatorP1: Calculate all local scalar products beween gradients ...
18:22 DiffusionOperatorP1: Determine global dofs ...
18:22 DiffusionOperatorP1: Boundary treatment ...
18:22 DiffusionOperatorP1: Assemble system matrix ...
18:22 L2ProductP1: Integrate the products of the shape functions on each element
18:22 L2ProductP1: Determine global dofs ...
18:22 L2ProductP1: Boundary treatment ...
18:22 L2ProductP1: Assemble system matrix ...
18:22 DiffusionOperatorP1: Calulate gradients of shape functions transformed by reference map ...
18:22 DiffusionOperatorP1: Calculate all local scalar products beween gradients ...
18:22 DiffusionOperatorP1: Determine global dofs ...
18:22 DiffusionOperatorP1: Boundary treatment ...
18:22 DiffusionOperatorP1: Assemble system matrix ...
18:22 L2ProductP1: Integrate the products of the shape functions on each element
18:22 L2ProductP1: Determine global dofs ...
18:22 L2ProductP1: Boundary treatment ...
18:22 L2ProductP1: Assemble system matrix ...
18:22 DiffusionOperatorP1: Calulate gradients of shape functions transformed by reference map ...
18:22 DiffusionOperatorP1: Calculate all local scalar products beween gradients ...
18:22 DiffusionOperatorP1: Determine global dofs ...
18:22 DiffusionOperatorP1: Boundary treatment ...
18:22 DiffusionOperatorP1: Assemble system matrix ...
18:22 gram_schmidt_biorth: Projecting vector V[1] again
18:22 gram_schmidt_biorth: Projecting vector W[1] again
18:22 gram_schmidt_biorth: Projecting vector V[2] again
18:22 gram_schmidt_biorth: Projecting vector W[2] again
18:22 gram_schmidt_biorth: Projecting vector V[1] again
18:22 gram_schmidt_biorth: Projecting vector W[1] again
18:22 gram_schmidt_biorth: Projecting vector V[2] again
18:22 gram_schmidt_biorth: Projecting vector W[2] again
</system-err></testcase><testcase classname="src.pymortests.algorithms.gram_schmidt" file="src/pymortests/algorithms/gram_schmidt.py" line="100" name="test_gram_schmidt_biorth_with_product[&lt;lambda&gt;20]" time="0.03535938262939453"><system-err>18:22 DiffusionOperatorP1: Calulate gradients of shape functions transformed by reference map ...
18:22 DiffusionOperatorP1: Calculate all local scalar products beween gradients ...
18:22 DiffusionOperatorP1: Determine global dofs ...
18:22 DiffusionOperatorP1: Boundary treatment ...
18:22 DiffusionOperatorP1: Assemble system matrix ...
18:22 DiffusionOperatorP1: Calulate gradients of shape functions transformed by reference map ...
18:22 DiffusionOperatorP1: Calculate all local scalar products beween gradients ...
18:22 DiffusionOperatorP1: Determine global dofs ...
18:22 DiffusionOperatorP1: Boundary treatment ...
18:22 DiffusionOperatorP1: Assemble system matrix ...
18:22 DiffusionOperatorP1: Calulate gradients of shape functions transformed by reference map ...
18:22 DiffusionOperatorP1: Calculate all local scalar products beween gradients ...
18:22 DiffusionOperatorP1: Determine global dofs ...
18:22 DiffusionOperatorP1: Boundary treatment ...
18:22 DiffusionOperatorP1: Assemble system matrix ...
18:22 DiffusionOperatorP1: Calulate gradients of shape functions transformed by reference map ...
18:22 DiffusionOperatorP1: Calculate all local scalar products beween gradients ...
18:22 DiffusionOperatorP1: Determine global dofs ...
18:22 DiffusionOperatorP1: Boundary treatment ...
18:22 DiffusionOperatorP1: Assemble system matrix ...
18:22 DiffusionOperatorP1: Calulate gradients of shape functions transformed by reference map ...
18:22 DiffusionOperatorP1: Calculate all local scalar products beween gradients ...
18:22 DiffusionOperatorP1: Determine global dofs ...
18:22 DiffusionOperatorP1: Boundary treatment ...
18:22 DiffusionOperatorP1: Assemble system matrix ...
18:22 L2ProductP1: Integrate the products of the shape functions on each element
18:22 L2ProductP1: Determine global dofs ...
18:22 L2ProductP1: Boundary treatment ...
18:22 L2ProductP1: Assemble system matrix ...
18:22 DiffusionOperatorP1: Calulate gradients of shape functions transformed by reference map ...
18:22 DiffusionOperatorP1: Calculate all local scalar products beween gradients ...
18:22 DiffusionOperatorP1: Determine global dofs ...
18:22 DiffusionOperatorP1: Boundary treatment ...
18:22 DiffusionOperatorP1: Assemble system matrix ...
18:22 L2ProductP1: Integrate the products of the shape functions on each element
18:22 L2ProductP1: Determine global dofs ...
18:22 L2ProductP1: Boundary treatment ...
18:22 L2ProductP1: Assemble system matrix ...
18:22 DiffusionOperatorP1: Calulate gradients of shape functions transformed by reference map ...
18:22 DiffusionOperatorP1: Calculate all local scalar products beween gradients ...
18:22 DiffusionOperatorP1: Determine global dofs ...
18:22 DiffusionOperatorP1: Boundary treatment ...
18:22 DiffusionOperatorP1: Assemble system matrix ...
18:22 gram_schmidt_biorth: Projecting vector V[1] again
18:22 gram_schmidt_biorth: Projecting vector V[2] again
18:22 gram_schmidt_biorth: Projecting vector W[2] again
18:22 gram_schmidt_biorth: Projecting vector V[1] again
18:22 gram_schmidt_biorth: Projecting vector V[2] again
18:22 gram_schmidt_biorth: Projecting vector W[2] again
</system-err></testcase><testcase classname="src.pymortests.algorithms.gram_schmidt" file="src/pymortests/algorithms/gram_schmidt.py" line="100" name="test_gram_schmidt_biorth_with_product[&lt;lambda&gt;21]" time="0.031245708465576172"><system-err>18:22 DiffusionOperatorP1: Calulate gradients of shape functions transformed by reference map ...
18:22 DiffusionOperatorP1: Calculate all local scalar products beween gradients ...
18:22 DiffusionOperatorP1: Determine global dofs ...
18:22 DiffusionOperatorP1: Boundary treatment ...
18:22 DiffusionOperatorP1: Assemble system matrix ...
18:22 DiffusionOperatorP1: Calulate gradients of shape functions transformed by reference map ...
18:22 DiffusionOperatorP1: Calculate all local scalar products beween gradients ...
18:22 DiffusionOperatorP1: Determine global dofs ...
18:22 DiffusionOperatorP1: Boundary treatment ...
18:22 DiffusionOperatorP1: Assemble system matrix ...
18:22 L2ProductP1: Integrate the products of the shape functions on each element
18:22 L2ProductP1: Determine global dofs ...
18:22 L2ProductP1: Boundary treatment ...
18:22 L2ProductP1: Assemble system matrix ...
18:22 DiffusionOperatorP1: Calulate gradients of shape functions transformed by reference map ...
18:22 DiffusionOperatorP1: Calculate all local scalar products beween gradients ...
18:22 DiffusionOperatorP1: Determine global dofs ...
18:22 DiffusionOperatorP1: Boundary treatment ...
18:22 DiffusionOperatorP1: Assemble system matrix ...
18:22 L2ProductP1: Integrate the products of the shape functions on each element
18:22 L2ProductP1: Determine global dofs ...
18:22 L2ProductP1: Boundary treatment ...
18:22 L2ProductP1: Assemble system matrix ...
18:22 DiffusionOperatorP1: Calulate gradients of shape functions transformed by reference map ...
18:22 DiffusionOperatorP1: Calculate all local scalar products beween gradients ...
18:22 DiffusionOperatorP1: Determine global dofs ...
18:22 DiffusionOperatorP1: Boundary treatment ...
18:22 DiffusionOperatorP1: Assemble system matrix ...
18:22 gram_schmidt_biorth: Projecting vector V[1] again
18:22 gram_schmidt_biorth: Projecting vector W[1] again
18:22 gram_schmidt_biorth: Projecting vector V[2] again
18:22 gram_schmidt_biorth: Projecting vector W[2] again
18:22 gram_schmidt_biorth: Projecting vector V[1] again
18:22 gram_schmidt_biorth: Projecting vector W[1] again
18:22 gram_schmidt_biorth: Projecting vector V[2] again
18:22 gram_schmidt_biorth: Projecting vector W[2] again
</system-err></testcase><testcase classname="src.pymortests.algorithms.gram_schmidt" file="src/pymortests/algorithms/gram_schmidt.py" line="100" name="test_gram_schmidt_biorth_with_product[&lt;lambda&gt;22]" time="0.03185272216796875"><system-err>18:22 DiffusionOperatorP1: Calulate gradients of shape functions transformed by reference map ...
18:22 DiffusionOperatorP1: Calculate all local scalar products beween gradients ...
18:22 DiffusionOperatorP1: Determine global dofs ...
18:22 DiffusionOperatorP1: Boundary treatment ...
18:22 DiffusionOperatorP1: Assemble system matrix ...
18:22 DiffusionOperatorP1: Calulate gradients of shape functions transformed by reference map ...
18:22 DiffusionOperatorP1: Calculate all local scalar products beween gradients ...
18:22 DiffusionOperatorP1: Determine global dofs ...
18:22 DiffusionOperatorP1: Boundary treatment ...
18:22 DiffusionOperatorP1: Assemble system matrix ...
18:22 DiffusionOperatorP1: Calulate gradients of shape functions transformed by reference map ...
18:22 DiffusionOperatorP1: Calculate all local scalar products beween gradients ...
18:22 DiffusionOperatorP1: Determine global dofs ...
18:22 DiffusionOperatorP1: Boundary treatment ...
18:22 DiffusionOperatorP1: Assemble system matrix ...
18:22 DiffusionOperatorP1: Calulate gradients of shape functions transformed by reference map ...
18:22 DiffusionOperatorP1: Calculate all local scalar products beween gradients ...
18:22 DiffusionOperatorP1: Determine global dofs ...
18:22 DiffusionOperatorP1: Boundary treatment ...
18:22 DiffusionOperatorP1: Assemble system matrix ...
18:22 DiffusionOperatorP1: Calulate gradients of shape functions transformed by reference map ...
18:22 DiffusionOperatorP1: Calculate all local scalar products beween gradients ...
18:22 DiffusionOperatorP1: Determine global dofs ...
18:22 DiffusionOperatorP1: Boundary treatment ...
18:22 DiffusionOperatorP1: Assemble system matrix ...
18:22 L2ProductP1: Integrate the products of the shape functions on each element
18:22 L2ProductP1: Determine global dofs ...
18:22 L2ProductP1: Boundary treatment ...
18:22 L2ProductP1: Assemble system matrix ...
18:22 DiffusionOperatorP1: Calulate gradients of shape functions transformed by reference map ...
18:22 DiffusionOperatorP1: Calculate all local scalar products beween gradients ...
18:22 DiffusionOperatorP1: Determine global dofs ...
18:22 DiffusionOperatorP1: Boundary treatment ...
18:22 DiffusionOperatorP1: Assemble system matrix ...
18:22 L2ProductP1: Integrate the products of the shape functions on each element
18:22 L2ProductP1: Determine global dofs ...
18:22 L2ProductP1: Boundary treatment ...
18:22 L2ProductP1: Assemble system matrix ...
18:22 DiffusionOperatorP1: Calulate gradients of shape functions transformed by reference map ...
18:22 DiffusionOperatorP1: Calculate all local scalar products beween gradients ...
18:22 DiffusionOperatorP1: Determine global dofs ...
18:22 DiffusionOperatorP1: Boundary treatment ...
18:22 DiffusionOperatorP1: Assemble system matrix ...
</system-err></testcase><testcase classname="src.pymortests.algorithms.gram_schmidt" file="src/pymortests/algorithms/gram_schmidt.py" line="100" name="test_gram_schmidt_biorth_with_product[&lt;lambda&gt;23]" time="0.029278039932250977"><system-err>18:22 DiffusionOperatorP1: Calulate gradients of shape functions transformed by reference map ...
18:22 DiffusionOperatorP1: Calculate all local scalar products beween gradients ...
18:22 DiffusionOperatorP1: Determine global dofs ...
18:22 DiffusionOperatorP1: Boundary treatment ...
18:22 DiffusionOperatorP1: Assemble system matrix ...
18:22 DiffusionOperatorP1: Calulate gradients of shape functions transformed by reference map ...
18:22 DiffusionOperatorP1: Calculate all local scalar products beween gradients ...
18:22 DiffusionOperatorP1: Determine global dofs ...
18:22 DiffusionOperatorP1: Boundary treatment ...
18:22 DiffusionOperatorP1: Assemble system matrix ...
18:22 L2ProductP1: Integrate the products of the shape functions on each element
18:22 L2ProductP1: Determine global dofs ...
18:22 L2ProductP1: Boundary treatment ...
18:22 L2ProductP1: Assemble system matrix ...
18:22 DiffusionOperatorP1: Calulate gradients of shape functions transformed by reference map ...
18:22 DiffusionOperatorP1: Calculate all local scalar products beween gradients ...
18:22 DiffusionOperatorP1: Determine global dofs ...
18:22 DiffusionOperatorP1: Boundary treatment ...
18:22 DiffusionOperatorP1: Assemble system matrix ...
18:22 L2ProductP1: Integrate the products of the shape functions on each element
18:22 L2ProductP1: Determine global dofs ...
18:22 L2ProductP1: Boundary treatment ...
18:22 L2ProductP1: Assemble system matrix ...
18:22 DiffusionOperatorP1: Calulate gradients of shape functions transformed by reference map ...
18:22 DiffusionOperatorP1: Calculate all local scalar products beween gradients ...
18:22 DiffusionOperatorP1: Determine global dofs ...
18:22 DiffusionOperatorP1: Boundary treatment ...
18:22 DiffusionOperatorP1: Assemble system matrix ...
18:22 gram_schmidt_biorth: Projecting vector V[1] again
18:22 gram_schmidt_biorth: Projecting vector W[1] again
18:22 gram_schmidt_biorth: Projecting vector V[1] again
18:22 gram_schmidt_biorth: Projecting vector W[1] again
</system-err></testcase><testcase classname="src.pymortests.algorithms.gram_schmidt" file="src/pymortests/algorithms/gram_schmidt.py" line="100" name="test_gram_schmidt_biorth_with_product[&lt;lambda&gt;24]" time="0.008381128311157227"><system-err>18:22 gram_schmidt_biorth: Projecting vector V[1] again
18:22 gram_schmidt_biorth: Projecting vector W[1] again
18:22 gram_schmidt_biorth: Projecting vector V[1] again
18:22 gram_schmidt_biorth: Projecting vector W[1] again
</system-err></testcase><testcase classname="src.pymortests.algorithms.gram_schmidt" file="src/pymortests/algorithms/gram_schmidt.py" line="100" name="test_gram_schmidt_biorth_with_product[&lt;lambda&gt;25]" time="0.007245302200317383"><system-err>18:22 gram_schmidt_biorth: Projecting vector V[1] again
18:22 gram_schmidt_biorth: Projecting vector W[1] again
18:22 gram_schmidt_biorth: Projecting vector V[1] again
18:22 gram_schmidt_biorth: Projecting vector W[1] again
</system-err></testcase><testcase classname="src.pymortests.algorithms.gram_schmidt" file="src/pymortests/algorithms/gram_schmidt.py" line="100" name="test_gram_schmidt_biorth_with_product[&lt;lambda&gt;26]" time="0.007016420364379883"><system-err>18:22 gram_schmidt_biorth: Projecting vector V[1] again
18:22 gram_schmidt_biorth: Projecting vector W[1] again
18:22 gram_schmidt_biorth: Projecting vector V[1] again
18:22 gram_schmidt_biorth: Projecting vector W[1] again
</system-err></testcase><testcase classname="src.pymortests.algorithms.gram_schmidt" file="src/pymortests/algorithms/gram_schmidt.py" line="100" name="test_gram_schmidt_biorth_with_product[&lt;lambda&gt;27]" time="0.004431247711181641"></testcase><testcase classname="src.pymortests.algorithms.gram_schmidt" file="src/pymortests/algorithms/gram_schmidt.py" line="100" name="test_gram_schmidt_biorth_with_product[&lt;lambda&gt;28]" time="0.004354000091552734"></testcase><testcase classname="src.pymortests.algorithms.gram_schmidt" file="src/pymortests/algorithms/gram_schmidt.py" line="100" name="test_gram_schmidt_biorth_with_product[&lt;lambda&gt;29]" time="0.003642559051513672"></testcase><testcase classname="src.pymortests.algorithms.gram_schmidt" file="src/pymortests/algorithms/gram_schmidt.py" line="100" name="test_gram_schmidt_biorth_with_product[&lt;lambda&gt;30]" time="0.0037288665771484375"></testcase><testcase classname="src.pymortests.algorithms.gram_schmidt" file="src/pymortests/algorithms/gram_schmidt.py" line="100" name="test_gram_schmidt_biorth_with_product[&lt;lambda&gt;31]" time="0.0036630630493164062"></testcase><testcase classname="src.pymortests.algorithms.gram_schmidt" file="src/pymortests/algorithms/gram_schmidt.py" line="100" name="test_gram_schmidt_biorth_with_product[&lt;lambda&gt;32]" time="0.014702320098876953"></testcase><testcase classname="src.pymortests.algorithms.gram_schmidt" file="src/pymortests/algorithms/gram_schmidt.py" line="100" name="test_gram_schmidt_biorth_with_product[&lt;lambda&gt;33]" time="0.012879371643066406"></testcase><testcase classname="src.pymortests.algorithms.gram_schmidt" file="src/pymortests/algorithms/gram_schmidt.py" line="100" name="test_gram_schmidt_biorth_with_product[&lt;lambda&gt;34]" time="0.008500337600708008"><system-err>18:22 gram_schmidt_biorth: Projecting vector V[1] again
18:22 gram_schmidt_biorth: Projecting vector W[1] again
18:22 gram_schmidt_biorth: Projecting vector V[1] again
18:22 gram_schmidt_biorth: Projecting vector W[1] again
</system-err></testcase><testcase classname="src.pymortests.algorithms.gram_schmidt" file="src/pymortests/algorithms/gram_schmidt.py" line="100" name="test_gram_schmidt_biorth_with_product[&lt;lambda&gt;35]" time="0.011192560195922852"></testcase><testcase classname="src.pymortests.algorithms.gram_schmidt" file="src/pymortests/algorithms/gram_schmidt.py" line="100" name="test_gram_schmidt_biorth_with_product[&lt;lambda&gt;36]" time="0.007333040237426758"><system-err>18:22 gram_schmidt_biorth: Projecting vector V[1] again
18:22 gram_schmidt_biorth: Projecting vector W[1] again
18:22 gram_schmidt_biorth: Projecting vector V[1] again
18:22 gram_schmidt_biorth: Projecting vector W[1] again
</system-err></testcase><testcase classname="src.pymortests.algorithms.stuff" file="src/pymortests/algorithms/stuff.py" line="20" name="test_newton[1]" time="0.003021240234375"><system-err>18:22 newton:       Initial Residual: 1.000000e+00
18:22 newton: Iteration  1: Residual: 0.000000e+00,  Reduction: 0.000000e+00, Total Reduction: 0.000000e+00
18:22 newton: Absolute limit of 1e-15 reached. Stopping.
</system-err></testcase><testcase classname="src.pymortests.algorithms.stuff" file="src/pymortests/algorithms/stuff.py" line="20" name="test_newton[2]" time="0.002138376235961914"><system-err>18:22 newton:       Initial Residual: 1.000000e+00
18:22 newton: Iteration  1: Residual: 0.000000e+00,  Reduction: 0.000000e+00, Total Reduction: 0.000000e+00
18:22 newton: Absolute limit of 1e-15 reached. Stopping.
</system-err></testcase><testcase classname="src.pymortests.algorithms.stuff" file="src/pymortests/algorithms/stuff.py" line="20" name="test_newton[3]" time="0.001994609832763672"><system-err>18:22 newton:       Initial Residual: 1.000000e+00
18:22 newton: Iteration  1: Residual: 0.000000e+00,  Reduction: 0.000000e+00, Total Reduction: 0.000000e+00
18:22 newton: Absolute limit of 1e-15 reached. Stopping.
</system-err></testcase><testcase classname="src.pymortests.algorithms.stuff" file="src/pymortests/algorithms/stuff.py" line="20" name="test_newton[4]" time="0.002304553985595703"><system-err>18:22 newton:       Initial Residual: 1.000000e+00
18:22 newton: Iteration  1: Residual: 0.000000e+00,  Reduction: 0.000000e+00, Total Reduction: 0.000000e+00
18:22 newton: Absolute limit of 1e-15 reached. Stopping.
</system-err></testcase><testcase classname="src.pymortests.algorithms.stuff" file="src/pymortests/algorithms/stuff.py" line="20" name="test_newton[5]" time="0.00202178955078125"><system-err>18:22 newton:       Initial Residual: 1.000000e+00
18:22 newton: Iteration  1: Residual: 0.000000e+00,  Reduction: 0.000000e+00, Total Reduction: 0.000000e+00
18:22 newton: Absolute limit of 1e-15 reached. Stopping.
</system-err></testcase><testcase classname="src.pymortests.algorithms.stuff" file="src/pymortests/algorithms/stuff.py" line="20" name="test_newton[6]" time="0.002049684524536133"><system-err>18:22 newton:       Initial Residual: 1.000000e+00
18:22 newton: Iteration  1: Residual: 0.000000e+00,  Reduction: 0.000000e+00, Total Reduction: 0.000000e+00
18:22 newton: Absolute limit of 1e-15 reached. Stopping.
</system-err></testcase><testcase classname="src.pymortests.algorithms.stuff" file="src/pymortests/algorithms/stuff.py" line="20" name="test_newton[7]" time="0.001949310302734375"><system-err>18:22 newton:       Initial Residual: 1.000000e+00
18:22 newton: Iteration  1: Residual: 0.000000e+00,  Reduction: 0.000000e+00, Total Reduction: 0.000000e+00
18:22 newton: Absolute limit of 1e-15 reached. Stopping.
</system-err></testcase><testcase classname="src.pymortests.algorithms.stuff" file="src/pymortests/algorithms/stuff.py" line="26" name="test_newton_fail" time="0.004524707794189453"><system-err>18:22 newton:       Initial Residual: 1.000000e+00
18:22 newton: Iteration  1: Residual: 1.000000e+00,  Reduction: 1.000000e+00, Total Reduction: 1.000000e+00
18:22 newton: Iteration  2: Residual: 1.000000e+00,  Reduction: 1.000000e+00, Total Reduction: 1.000000e+00
18:22 newton: Iteration  3: Residual: 1.000000e+00,  Reduction: 1.000000e+00, Total Reduction: 1.000000e+00
18:22 newton: Iteration  4: Residual: 1.000000e+00,  Reduction: 1.000000e+00, Total Reduction: 1.000000e+00
18:22 newton: Iteration  5: Residual: 1.000000e+00,  Reduction: 1.000000e+00, Total Reduction: 1.000000e+00
18:22 newton: Iteration  6: Residual: 1.000000e+00,  Reduction: 1.000000e+00, Total Reduction: 1.000000e+00
18:22 newton: Iteration  7: Residual: 1.000000e+00,  Reduction: 1.000000e+00, Total Reduction: 1.000000e+00
18:22 newton: Iteration  8: Residual: 1.000000e+00,  Reduction: 1.000000e+00, Total Reduction: 1.000000e+00
18:22 newton: Iteration  9: Residual: 1.000000e+00,  Reduction: 1.000000e+00, Total Reduction: 1.000000e+00
18:22 newton: Iteration 10: Residual: 1.000000e+00,  Reduction: 1.000000e+00, Total Reduction: 1.000000e+00
</system-err></testcase><testcase classname="src.pymortests.core.config" file="src/pymortests/core/config.py" line="8" name="test_repr" time="0.015116214752197266"></testcase><testcase classname="src.pymortests.core.config" file="src/pymortests/core/config.py" line="12" name="test_entries" time="0.0011327266693115234"></testcase><testcase classname="src.pymortests.core.config" file="src/pymortests/core/config.py" line="19" name="test_dir" time="0.0010445117950439453"></testcase><testcase classname="src.pymortests.core.defaults" file="src/pymortests/core/defaults.py" line="14" name="test_defaults" time="0.0011801719665527344"></testcase><testcase classname="src.pymortests.core.defaults" file="src/pymortests/core/defaults.py" line="30" name="test_print_defaults" time="0.05487322807312012"><system-out>                                                       defaults affecting state id calcuation                                                       
                                                       ======================================                                                       

path (shortened)                                                       value                                                                  source
---------------------------------------------------------------------  ---------------------------------------------------------------------  ------
basic.almost_equal.atol                                                1e-14                                                                  code  
basic.almost_equal.rtol                                                1e-14                                                                  code  
genericsolvers.apply_inverse.check_finite                              True                                                                   code  
genericsolvers.apply_inverse.default_least_squares_solver              &apos;generic_least_squares_lsmr&apos;                                           code  
genericsolvers.apply_inverse.default_solver                            &apos;generic_lgmres&apos;                                                       code  
genericsolvers.solver_options.least_squares_lsmr_atol                  1e-06                                                                  code  
genericsolvers.solver_options.least_squares_lsmr_btol                  1e-06                                                                  code  
genericsolvers.solver_options.least_squares_lsmr_conlim                100000000.0                                                            code  
genericsolvers.solver_options.least_squares_lsmr_damp                  0.0                                                                    code  
genericsolvers.solver_options.least_squares_lsmr_maxiter               None                                                                   code  
genericsolvers.solver_options.least_squares_lsqr_atol                  1e-06                                                                  code  
genericsolvers.solver_options.least_squares_lsqr_btol                  1e-06                                                                  code  
genericsolvers.solver_options.least_squares_lsqr_conlim                100000000.0                                                            code  
genericsolvers.solver_options.least_squares_lsqr_iter_lim              None                                                                   code  
genericsolvers.solver_options.lgmres_inner_m                           39                                                                     code  
genericsolvers.solver_options.lgmres_maxiter                           1000                                                                   code  
genericsolvers.solver_options.lgmres_outer_k                           3                                                                      code  
genericsolvers.solver_options.lgmres_tol                               1e-05                                                                  code  
gram_schmidt.gram_schmidt.atol                                         1e-13                                                                  code  
gram_schmidt.gram_schmidt.check                                        True                                                                   code  
gram_schmidt.gram_schmidt.check_tol                                    0.001                                                                  code  
gram_schmidt.gram_schmidt.reiterate                                    True                                                                   code  
gram_schmidt.gram_schmidt.reiteration_threshold                        0.1                                                                    code  
gram_schmidt.gram_schmidt.rtol                                         1e-13                                                                  code  
lradi.lyap_lrcf_solver_options.lradi_maxiter                           500                                                                    code  
lradi.lyap_lrcf_solver_options.lradi_shifts                            &apos;projection_shifts&apos;                                                    code  
lradi.lyap_lrcf_solver_options.lradi_tol                               1e-10                                                                  code  
lradi.lyap_lrcf_solver_options.projection_shifts_implicit_subspace     True                                                                   code  
lradi.lyap_lrcf_solver_options.projection_shifts_init_maxiter          20                                                                     code  
lradi.lyap_lrcf_solver_options.projection_shifts_init_seed             None                                                                   code  
lradi.lyap_lrcf_solver_options.projection_shifts_z_columns             1                                                                      code  
lyapunov.mat_eqn_sparse_min_size.value                                 1000                                                                   code  
lyapunov.solve_lyap_dense.default_solver_backend                       &apos;pymess&apos;                                                               code  
lyapunov.solve_lyap_lrcf.default_dense_solver_backend                  &apos;pymess&apos;                                                               code  
lyapunov.solve_lyap_lrcf.default_sparse_solver_backend                 &apos;pymess&apos;                                                               code  
newton.newton.atol                                                     -1.0                                                                   code  
newton.newton.maxiter                                                  100                                                                    code  
newton.newton.miniter                                                  0                                                                      code  
newton.newton.rtol                                                     -1.0                                                                   code  
newton.newton.stagnation_threshold                                     0.9                                                                    code  
newton.newton.stagnation_window                                        3                                                                      code  
pod.pod.atol                                                           0.0                                                                    code  
pod.pod.check                                                          True                                                                   code  
pod.pod.check_tol                                                      1e-10                                                                  code  
pod.pod.l2_err                                                         0.0                                                                    code  
pod.pod.orthonormalize                                                 True                                                                   code  
pod.pod.rtol                                                           4e-08                                                                  code  
pod.pod.symmetrize                                                     False                                                                  code  
riccati.solve_pos_ricc_lrcf.default_dense_solver_backend               &apos;pymess&apos;                                                               code  
riccati.solve_ricc_lrcf.default_dense_solver_backend                   &apos;pymess&apos;                                                               code  
riccati.solve_ricc_lrcf.default_sparse_solver_backend                  &apos;pymess&apos;                                                               code  
text.text_problem.font_name                                            None                                                                   code  
fenics._solver_options.preconditioner                                  &apos;amg&apos;                                                                  code  
fenics._solver_options.solver                                          &apos;bicgstab&apos;                                                             code  
ngsolve.NGSolveMatrixOperator.apply_inverse.default_solver             &apos;&apos;                                                                     code  
pyamg.apply_inverse.check_finite                                       True                                                                   code  
pyamg.apply_inverse.default_solver                                     &apos;pyamg_solve&apos;                                                          code  
pyamg.solver_options.maxiter                                           400                                                                    code  
pyamg.solver_options.rs_CF                                             &apos;RS&apos;                                                                   code  
pyamg.solver_options.rs_accel                                          None                                                                   code  
pyamg.solver_options.rs_coarse_solver                                  &apos;pinv2&apos;                                                                code  
pyamg.solver_options.rs_cycle                                          &apos;V&apos;                                                                    code  
pyamg.solver_options.rs_max_coarse                                     500                                                                    code  
pyamg.solver_options.rs_max_levels                                     10                                                                     code  
pyamg.solver_options.rs_maxiter                                        100                                                                    code  
pyamg.solver_options.rs_postsmoother                                   (&apos;gauss_seidel&apos;, {&apos;sweep&apos;: &apos;symmetric&apos;})                               code  
pyamg.solver_options.rs_strength                                       (&apos;classical&apos;, {&apos;theta&apos;: 0.25})                                         code  
pyamg.solver_options.rs_tol                                            1e-05                                                                  code  
pyamg.solver_options.sa_accel                                          None                                                                   code  
pyamg.solver_options.sa_aggregate                                      &apos;standard&apos;                                                             code  
pyamg.solver_options.sa_coarse_solver                                  &apos;pinv2&apos;                                                                code  
pyamg.solver_options.sa_cycle                                          &apos;V&apos;                                                                    code  
pyamg.solver_options.sa_diagonal_dominance                             False                                                                  code  
pyamg.solver_options.sa_improve_candidates                             ((&apos;block_gauss_seidel&apos;, {&apos;sweep&apos;: &apos;symmetric&apos;, &apos;iterations&apos;: 4}),      code  
                                                                       None)                                                                        
pyamg.solver_options.sa_max_coarse                                     500                                                                    code  
pyamg.solver_options.sa_max_levels                                     10                                                                     code  
pyamg.solver_options.sa_maxiter                                        100                                                                    code  
pyamg.solver_options.sa_postsmoother                                   (&apos;block_gauss_seidel&apos;, {&apos;sweep&apos;: &apos;symmetric&apos;})                         code  
pyamg.solver_options.sa_presmoother                                    (&apos;block_gauss_seidel&apos;, {&apos;sweep&apos;: &apos;symmetric&apos;})                         code  
pyamg.solver_options.sa_smooth                                         (&apos;jacobi&apos;, {&apos;omega&apos;: 1.3333333333333333})                              code  
pyamg.solver_options.sa_strength                                       &apos;symmetric&apos;                                                            code  
pyamg.solver_options.sa_symmetry                                       &apos;hermitian&apos;                                                            code  
pyamg.solver_options.sa_tol                                            1e-05                                                                  code  
pyamg.solver_options.tol                                               1e-05                                                                  code  
pymess.dense_nm_gmpcare_solver_options.absres_tol                      1e-11                                                                  code  
pymess.dense_nm_gmpcare_solver_options.linesearch                      False                                                                  code  
pymess.dense_nm_gmpcare_solver_options.maxit                           50                                                                     code  
pymess.dense_nm_gmpcare_solver_options.nrm                             0                                                                      code  
pymess.dense_nm_gmpcare_solver_options.relres_tol                      1e-12                                                                  code  
pymess.lradi_solver_options.adi_maxit                                  500                                                                    code  
pymess.lradi_solver_options.adi_memory_usage                           1                                                                      code  
pymess.lradi_solver_options.adi_output                                 1                                                                      code  
pymess.lradi_solver_options.adi_rel_change_tol                         1e-10                                                                  code  
pymess.lradi_solver_options.adi_res2_tol                               1e-10                                                                  code  
pymess.lradi_solver_options.adi_res2c_tol                              1e-11                                                                  code  
pymess.lradi_solver_options.adi_shifts_arp_m                           32                                                                     code  
pymess.lradi_solver_options.adi_shifts_arp_p                           48                                                                     code  
pymess.lradi_solver_options.adi_shifts_b0                              None                                                                   code  
pymess.lradi_solver_options.adi_shifts_l0                              16                                                                     code  
pymess.lradi_solver_options.adi_shifts_p                               None                                                                   code  
pymess.lradi_solver_options.adi_shifts_paratype                        3                                                                      code  
pymess.lrnm_solver_options.newton_gstep                                0                                                                      code  
pymess.lrnm_solver_options.newton_k0                                   None                                                                   code  
pymess.lrnm_solver_options.newton_linesearch                           0                                                                      code  
pymess.lrnm_solver_options.newton_maxit                                30                                                                     code  
pymess.lrnm_solver_options.newton_output                               1                                                                      code  
pymess.lrnm_solver_options.newton_res2_tol                             1e-10                                                                  code  
pymess.lrnm_solver_options.newton_singleshifts                         0                                                                      code  
pymess.solve_lyap_lrcf.default_solver                                  None                                                                   code  
pymess.solve_ricc_lrcf.default_solver                                  None                                                                   code  
scipy.apply_inverse.check_finite                                       True                                                                   code  
scipy.apply_inverse.default_least_squares_solver                       &apos;scipy_least_squares_lsmr&apos;                                             code  
scipy.apply_inverse.default_solver                                     &apos;scipy_spsolve&apos;                                                        code  
scipy.solver_options.bicgstab_maxiter                                  None                                                                   code  
scipy.solver_options.bicgstab_tol                                      1e-15                                                                  code  
scipy.solver_options.least_squares_lsmr_atol                           1e-06                                                                  code  
scipy.solver_options.least_squares_lsmr_btol                           1e-06                                                                  code  
scipy.solver_options.least_squares_lsmr_conlim                         100000000.0                                                            code  
scipy.solver_options.least_squares_lsmr_damp                           0.0                                                                    code  
scipy.solver_options.least_squares_lsmr_maxiter                        None                                                                   code  
scipy.solver_options.least_squares_lsqr_atol                           1e-06                                                                  code  
scipy.solver_options.least_squares_lsqr_btol                           1e-06                                                                  code  
scipy.solver_options.least_squares_lsqr_conlim                         100000000.0                                                            code  
scipy.solver_options.least_squares_lsqr_iter_lim                       None                                                                   code  
scipy.solver_options.lgmres_inner_m                                    39                                                                     code  
scipy.solver_options.lgmres_maxiter                                    1000                                                                   code  
scipy.solver_options.lgmres_outer_k                                    3                                                                      code  
scipy.solver_options.lgmres_tol                                        1e-05                                                                  code  
scipy.solver_options.spilu_drop_rule                                   None                                                                   code  
scipy.solver_options.spilu_drop_tol                                    0.0001                                                                 code  
scipy.solver_options.spilu_fill_factor                                 10                                                                     code  
scipy.solver_options.spilu_permc_spec                                  &apos;COLAMD&apos;                                                               code  
scipy.solver_options.spsolve_keep_factorization                        True                                                                   code  
scipy.solver_options.spsolve_permc_spec                                &apos;COLAMD&apos;                                                               code  
constructions.induced_norm.raise_negative                              True                                                                   code  
constructions.induced_norm.tol                                         1e-10                                                                  code  
fv.jacobian_options.delta                                              1e-07                                                                  code  
numpy.NumpyMatrixOperator.apply_inverse.check_finite                   True                                                                   code  
numpy.NumpyMatrixOperator.apply_inverse.default_sparse_solver_backend  &apos;scipy&apos;                                                                code  
default.new_parallel_pool.allow_mpi                                    True                                                                   code  
default.new_parallel_pool.ipython_num_engines                          None                                                                   code  
default.new_parallel_pool.ipython_profile                              None                                                                   code  
floatcmp.float_cmp.atol                                                1e-14                                                                  code  
floatcmp.float_cmp.rtol                                                1e-14                                                                  code  
mpi.event_loop_settings.auto_launch                                    True                                                                   code  
random.new_random_state.seed                                           42                                                                     code  
defaults.func.c                                                        43                                                                     user  
defaults.func.d                                                        3                                                                      code  



                  defaults not affecting state id calculation                   
                  ===========================================                   

path (shortened)                     value                                source
-----------------------------------  -----------------------------------  ------
genericsolvers.solver_options.least  False                                code  
_squares_lsmr_show                                                              
genericsolvers.solver_options.least  False                                code  
_squares_lsqr_show                                                              
pyamg.solver_options.verb            False                                code  
scipy.solver_options.least_squares_  False                                code  
lsmr_show                                                                       
scipy.solver_options.least_squares_  False                                code  
lsqr_show                                                                       
cache.default_regions.disk_max_size  1073741824                           code  
cache.default_regions.disk_path      &apos;/tmp/pymor.cache.pymor&apos;             code  
cache.default_regions.memory_max_ke  1000                                 code  
ys                                                                              
cache.default_regions.persistent_ma  1073741824                           code  
x_size                                                                          
cache.default_regions.persistent_pa  &apos;/tmp/pymor.persistent.cache.pymor&apos;  code  
th                                                                              
logger.getLogger.filename            &apos;&apos;                                   code  
logger.set_log_format.block_timings  False                                code  
logger.set_log_format.indent_blocks  True                                 code  
logger.set_log_format.max_hierarchy  1                                    code  
_level                                                                          
logger.set_log_levels.levels         None                                 code  
gl.colormap_texture.name             &apos;viridis&apos;                            code  
qt.visualize_patch.backend           &apos;gl&apos;                                 code  
pprint.format_array.compact_print    False                                code  

</system-out></testcase><testcase classname="src.pymortests.core.defaults" file="src/pymortests/core/defaults.py" line="34" name="test_write_defaults_to_file" time="0.012881994247436523"><system-out>Written defaults to file /tmp/tmpzga7ylej/defaults.py
</system-out></testcase><testcase classname="src.pymortests.core.defaults" file="src/pymortests/core/defaults.py" line="39" name="test_load_defaults_from_file" time="0.013431310653686523"><system-out>Written defaults to file /tmp/tmp_se4rv7b/defaults.py
</system-out></testcase><testcase classname="src.pymortests.core.interface.Test_Interface" file="src/pymortests/core/interface.py" line="18" name="testImplementorlist" time="0.001272439956665039"></testcase><testcase classname="src.pymortests.core.interface.Test_Interface" file="src/pymortests/core/interface.py" line="24" name="testAbstractMethods" time="0.003262758255004883"></testcase><testcase classname="src.pymortests.core.interface.Test_Interface" file="src/pymortests/core/interface.py" line="56" name="testVersion" time="0.0008597373962402344"></testcase><testcase classname="src.pymortests.core.interface" file="src/pymortests/core/interface.py" line="78" name="test_withcopy_implementors" time="0.007951498031616211"></testcase><testcase classname="src.pymortests.core.logger" file="src/pymortests/core/logger.py" line="20" name="test_logclass[RuleTable]" time="0.0025739669799804688"><system-err>18:22 |WARNING|RuleTable: warning -- logger &lt;Logger pymor.algorithms.rules.RuleTable (INFO)&gt;
18:22 |ERROR|RuleTable: error -- logger &lt;Logger pymor.algorithms.rules.RuleTable (INFO)&gt;
18:22 RuleTable: info -- logger &lt;Logger pymor.algorithms.rules.RuleTable (INFO)&gt;
</system-err></testcase><testcase classname="src.pymortests.core.logger" file="src/pymortests/core/logger.py" line="20" name="test_logclass[PatchVisualizer]" time="0.0018563270568847656"><system-err>18:22 |WARNING|PatchVisualizer: warning -- logger &lt;Logger pymor.gui.visualizers.PatchVisualizer (INFO)&gt;
18:22 |ERROR|PatchVisualizer: error -- logger &lt;Logger pymor.gui.visualizers.PatchVisualizer (INFO)&gt;
18:22 PatchVisualizer: info -- logger &lt;Logger pymor.gui.visualizers.PatchVisualizer (INFO)&gt;
</system-err></testcase><testcase classname="src.pymortests.core.logger" file="src/pymortests/core/logger.py" line="20" name="test_logclass[OnedVisualizer]" time="0.0017812252044677734"><system-err>18:22 |WARNING|OnedVisualizer: warning -- logger &lt;Logger pymor.gui.visualizers.OnedVisualizer (INFO)&gt;
18:22 |ERROR|OnedVisualizer: error -- logger &lt;Logger pymor.gui.visualizers.OnedVisualizer (INFO)&gt;
18:22 OnedVisualizer: info -- logger &lt;Logger pymor.gui.visualizers.OnedVisualizer (INFO)&gt;
</system-err></testcase><testcase classname="src.pymortests.core.logger" file="src/pymortests/core/logger.py" line="20" name="test_logclass[FenicsVisualizer]" time="0.0016794204711914062"><system-err>18:22 |WARNING|FenicsVisualizer: warning -- logger &lt;Logger pymor.bindings.fenics.FenicsVisualizer (INFO)&gt;
18:22 |ERROR|FenicsVisualizer: error -- logger &lt;Logger pymor.bindings.fenics.FenicsVisualizer (INFO)&gt;
18:22 FenicsVisualizer: info -- logger &lt;Logger pymor.bindings.fenics.FenicsVisualizer (INFO)&gt;
</system-err></testcase><testcase classname="src.pymortests.core.logger" file="src/pymortests/core/logger.py" line="20" name="test_logclass[BoringTestClass]" time="0.0016694068908691406"><system-err>18:22 |WARNING|BoringTestClass: warning -- logger &lt;Logger pymortests.core.dummies.BoringTestClass (INFO)&gt;
18:22 |ERROR|BoringTestClass: error -- logger &lt;Logger pymortests.core.dummies.BoringTestClass (INFO)&gt;
18:22 BoringTestClass: info -- logger &lt;Logger pymortests.core.dummies.BoringTestClass (INFO)&gt;
</system-err></testcase><testcase classname="src.pymortests.core.logger" file="src/pymortests/core/logger.py" line="20" name="test_logclass[RemoteObjectManager]" time="0.0017528533935546875"><system-err>18:22 |WARNING|RemoteObjectManager: warning -- logger &lt;Logger pymor.parallel.manager.RemoteObjectManager (INFO)&gt;
18:22 |ERROR|RemoteObjectManager: error -- logger &lt;Logger pymor.parallel.manager.RemoteObjectManager (INFO)&gt;
18:22 RemoteObjectManager: info -- logger &lt;Logger pymor.parallel.manager.RemoteObjectManager (INFO)&gt;
</system-err></testcase><testcase classname="src.pymortests.core.logger" file="src/pymortests/core/logger.py" line="20" name="test_logclass[AdaptiveSampleSet]" time="0.001623392105102539"><system-err>18:22 |WARNING|AdaptiveSampleSet: warning -- logger &lt;Logger pymor.algorithms.adaptivegreedy.AdaptiveSampleSet (INFO)&gt;
18:22 |ERROR|AdaptiveSampleSet: error -- logger &lt;Logger pymor.algorithms.adaptivegreedy.AdaptiveSampleSet (INFO)&gt;
18:22 AdaptiveSampleSet: info -- logger &lt;Logger pymor.algorithms.adaptivegreedy.AdaptiveSampleSet (INFO)&gt;
</system-err></testcase><testcase classname="src.pymortests.core.logger" file="src/pymortests/core/logger.py" line="20" name="test_logclass[Tree]" time="0.00165557861328125"><system-err>18:22 |WARNING|Tree: warning -- logger &lt;Logger pymor.algorithms.hapod.Tree (INFO)&gt;
18:22 |ERROR|Tree: error -- logger &lt;Logger pymor.algorithms.hapod.Tree (INFO)&gt;
18:22 Tree: info -- logger &lt;Logger pymor.algorithms.hapod.Tree (INFO)&gt;
</system-err></testcase><testcase classname="src.pymortests.core.logger" file="src/pymortests/core/logger.py" line="20" name="test_logclass[GenericRBReductor]" time="0.00174713134765625"><system-err>18:22 |WARNING|GenericRBReductor: warning -- logger &lt;Logger pymor.reductors.basic.GenericRBReductor (INFO)&gt;
18:22 |ERROR|GenericRBReductor: error -- logger &lt;Logger pymor.reductors.basic.GenericRBReductor (INFO)&gt;
18:22 GenericRBReductor: info -- logger &lt;Logger pymor.reductors.basic.GenericRBReductor (INFO)&gt;
</system-err></testcase><testcase classname="src.pymortests.core.logger" file="src/pymortests/core/logger.py" line="20" name="test_logclass[GenericPGReductor]" time="0.0017232894897460938"><system-err>18:22 |WARNING|GenericPGReductor: warning -- logger &lt;Logger pymor.reductors.basic.GenericPGReductor (INFO)&gt;
18:22 |ERROR|GenericPGReductor: error -- logger &lt;Logger pymor.reductors.basic.GenericPGReductor (INFO)&gt;
18:22 GenericPGReductor: info -- logger &lt;Logger pymor.reductors.basic.GenericPGReductor (INFO)&gt;
</system-err></testcase><testcase classname="src.pymortests.core.logger" file="src/pymortests/core/logger.py" line="20" name="test_logclass[GenericBTReductor]" time="0.0016796588897705078"><system-err>18:22 |WARNING|GenericBTReductor: warning -- logger &lt;Logger pymor.reductors.bt.GenericBTReductor (INFO)&gt;
18:22 |ERROR|GenericBTReductor: error -- logger &lt;Logger pymor.reductors.bt.GenericBTReductor (INFO)&gt;
18:22 GenericBTReductor: info -- logger &lt;Logger pymor.reductors.bt.GenericBTReductor (INFO)&gt;
</system-err></testcase><testcase classname="src.pymortests.core.logger" file="src/pymortests/core/logger.py" line="20" name="test_logclass[ResidualReductor]" time="0.0017113685607910156"><system-err>18:22 |WARNING|ResidualReductor: warning -- logger &lt;Logger pymor.reductors.residual.ResidualReductor (INFO)&gt;
18:22 |ERROR|ResidualReductor: error -- logger &lt;Logger pymor.reductors.residual.ResidualReductor (INFO)&gt;
18:22 ResidualReductor: info -- logger &lt;Logger pymor.reductors.residual.ResidualReductor (INFO)&gt;
</system-err></testcase><testcase classname="src.pymortests.core.logger" file="src/pymortests/core/logger.py" line="20" name="test_logclass[ImplicitEulerResidualReductor]" time="0.0017933845520019531"><system-err>18:22 |WARNING|ImplicitEulerResidualReductor: warning -- logger &lt;Logger pymor.reductors.residual.ImplicitEulerResidualReductor (INFO)&gt;
18:22 |ERROR|ImplicitEulerResidualReductor: error -- logger &lt;Logger pymor.reductors.residual.ImplicitEulerResidualReductor (INFO)&gt;
18:22 ImplicitEulerResidualReductor: info -- logger &lt;Logger pymor.reductors.residual.ImplicitEulerResidualReductor (INFO)&gt;
</system-err></testcase><testcase classname="src.pymortests.core.logger" file="src/pymortests/core/logger.py" line="20" name="test_logclass[GenericBHIReductor]" time="0.0016486644744873047"><system-err>18:22 |WARNING|GenericBHIReductor: warning -- logger &lt;Logger pymor.reductors.interpolation.GenericBHIReductor (INFO)&gt;
18:22 |ERROR|GenericBHIReductor: error -- logger &lt;Logger pymor.reductors.interpolation.GenericBHIReductor (INFO)&gt;
18:22 GenericBHIReductor: info -- logger &lt;Logger pymor.reductors.interpolation.GenericBHIReductor (INFO)&gt;
</system-err></testcase><testcase classname="src.pymortests.core.logger" file="src/pymortests/core/logger.py" line="20" name="test_logclass[TFInterpReductor]" time="0.0016398429870605469"><system-err>18:22 |WARNING|TFInterpReductor: warning -- logger &lt;Logger pymor.reductors.interpolation.TFInterpReductor (INFO)&gt;
18:22 |ERROR|TFInterpReductor: error -- logger &lt;Logger pymor.reductors.interpolation.TFInterpReductor (INFO)&gt;
18:22 TFInterpReductor: info -- logger &lt;Logger pymor.reductors.interpolation.TFInterpReductor (INFO)&gt;
</system-err></testcase><testcase classname="src.pymortests.core.logger" file="src/pymortests/core/logger.py" line="20" name="test_logclass[IRKAReductor]" time="0.0016176700592041016"><system-err>18:22 |WARNING|IRKAReductor: warning -- logger &lt;Logger pymor.reductors.h2.IRKAReductor (INFO)&gt;
18:22 |ERROR|IRKAReductor: error -- logger &lt;Logger pymor.reductors.h2.IRKAReductor (INFO)&gt;
18:22 IRKAReductor: info -- logger &lt;Logger pymor.reductors.h2.IRKAReductor (INFO)&gt;
</system-err></testcase><testcase classname="src.pymortests.core.logger" file="src/pymortests/core/logger.py" line="20" name="test_logclass[OneSidedIRKAReductor]" time="0.001630544662475586"><system-err>18:22 |WARNING|OneSidedIRKAReductor: warning -- logger &lt;Logger pymor.reductors.h2.OneSidedIRKAReductor (INFO)&gt;
18:22 |ERROR|OneSidedIRKAReductor: error -- logger &lt;Logger pymor.reductors.h2.OneSidedIRKAReductor (INFO)&gt;
18:22 OneSidedIRKAReductor: info -- logger &lt;Logger pymor.reductors.h2.OneSidedIRKAReductor (INFO)&gt;
</system-err></testcase><testcase classname="src.pymortests.core.logger" file="src/pymortests/core/logger.py" line="20" name="test_logclass[TSIAReductor]" time="0.0017383098602294922"><system-err>18:22 |WARNING|TSIAReductor: warning -- logger &lt;Logger pymor.reductors.h2.TSIAReductor (INFO)&gt;
18:22 |ERROR|TSIAReductor: error -- logger &lt;Logger pymor.reductors.h2.TSIAReductor (INFO)&gt;
18:22 TSIAReductor: info -- logger &lt;Logger pymor.reductors.h2.TSIAReductor (INFO)&gt;
</system-err></testcase><testcase classname="src.pymortests.core.logger" file="src/pymortests/core/logger.py" line="20" name="test_logclass[TF_IRKAReductor]" time="0.0017352104187011719"><system-err>18:22 |WARNING|TF_IRKAReductor: warning -- logger &lt;Logger pymor.reductors.h2.TF_IRKAReductor (INFO)&gt;
18:22 |ERROR|TF_IRKAReductor: error -- logger &lt;Logger pymor.reductors.h2.TF_IRKAReductor (INFO)&gt;
18:22 TF_IRKAReductor: info -- logger &lt;Logger pymor.reductors.h2.TF_IRKAReductor (INFO)&gt;
</system-err></testcase><testcase classname="src.pymortests.core.logger" file="src/pymortests/core/logger.py" line="20" name="test_logclass[GenericSOBTpvReductor]" time="0.0016908645629882812"><system-err>18:22 |WARNING|GenericSOBTpvReductor: warning -- logger &lt;Logger pymor.reductors.sobt.GenericSOBTpvReductor (INFO)&gt;
18:22 |ERROR|GenericSOBTpvReductor: error -- logger &lt;Logger pymor.reductors.sobt.GenericSOBTpvReductor (INFO)&gt;
18:22 GenericSOBTpvReductor: info -- logger &lt;Logger pymor.reductors.sobt.GenericSOBTpvReductor (INFO)&gt;
</system-err></testcase><testcase classname="src.pymortests.core.logger" file="src/pymortests/core/logger.py" line="20" name="test_logclass[SOBTfvReductor]" time="0.001697540283203125"><system-err>18:22 |WARNING|SOBTfvReductor: warning -- logger &lt;Logger pymor.reductors.sobt.SOBTfvReductor (INFO)&gt;
18:22 |ERROR|SOBTfvReductor: error -- logger &lt;Logger pymor.reductors.sobt.SOBTfvReductor (INFO)&gt;
18:22 SOBTfvReductor: info -- logger &lt;Logger pymor.reductors.sobt.SOBTfvReductor (INFO)&gt;
</system-err></testcase><testcase classname="src.pymortests.core.logger" file="src/pymortests/core/logger.py" line="20" name="test_logclass[SOBTReductor]" time="0.001699686050415039"><system-err>18:22 |WARNING|SOBTReductor: warning -- logger &lt;Logger pymor.reductors.sobt.SOBTReductor (INFO)&gt;
18:22 |ERROR|SOBTReductor: error -- logger &lt;Logger pymor.reductors.sobt.SOBTReductor (INFO)&gt;
18:22 SOBTReductor: info -- logger &lt;Logger pymor.reductors.sobt.SOBTReductor (INFO)&gt;
</system-err></testcase><testcase classname="src.pymortests.core.logger" file="src/pymortests/core/logger.py" line="20" name="test_logclass[SOR_IRKAReductor]" time="0.0018362998962402344"><system-err>18:22 |WARNING|SOR_IRKAReductor: warning -- logger &lt;Logger pymor.reductors.sor_irka.SOR_IRKAReductor (INFO)&gt;
18:22 |ERROR|SOR_IRKAReductor: error -- logger &lt;Logger pymor.reductors.sor_irka.SOR_IRKAReductor (INFO)&gt;
18:22 SOR_IRKAReductor: info -- logger &lt;Logger pymor.reductors.sor_irka.SOR_IRKAReductor (INFO)&gt;
</system-err></testcase><testcase classname="src.pymortests.core.logger" file="src/pymortests/core/logger.py" line="20" name="test_logclass[new_ipcluster_pool]" time="0.0016705989837646484"><system-err>18:22 |WARNING|new_ipcluster_pool: warning -- logger &lt;Logger pymor.parallel.ipython.new_ipcluster_pool (INFO)&gt;
18:22 |ERROR|new_ipcluster_pool: error -- logger &lt;Logger pymor.parallel.ipython.new_ipcluster_pool (INFO)&gt;
18:22 new_ipcluster_pool: info -- logger &lt;Logger pymor.parallel.ipython.new_ipcluster_pool (INFO)&gt;
</system-err></testcase><testcase classname="src.pymortests.core.logger" file="src/pymortests/core/logger.py" line="20" name="test_logclass[StationaryProblem]" time="0.0016644001007080078"><system-err>18:22 |WARNING|StationaryProblem: warning -- logger &lt;Logger pymor.analyticalproblems.elliptic.StationaryProblem (INFO)&gt;
18:22 |ERROR|StationaryProblem: error -- logger &lt;Logger pymor.analyticalproblems.elliptic.StationaryProblem (INFO)&gt;
18:22 StationaryProblem: info -- logger &lt;Logger pymor.analyticalproblems.elliptic.StationaryProblem (INFO)&gt;
</system-err></testcase><testcase classname="src.pymortests.core.logger" file="src/pymortests/core/logger.py" line="20" name="test_logclass[InstationaryProblem]" time="0.0016171932220458984"><system-err>18:22 |WARNING|InstationaryProblem: warning -- logger &lt;Logger pymor.analyticalproblems.instationary.InstationaryProblem (INFO)&gt;
18:22 |ERROR|InstationaryProblem: error -- logger &lt;Logger pymor.analyticalproblems.instationary.InstationaryProblem (INFO)&gt;
18:22 InstationaryProblem: info -- logger &lt;Logger pymor.analyticalproblems.instationary.InstationaryProblem (INFO)&gt;
</system-err></testcase><testcase classname="src.pymortests.core.logger" file="src/pymortests/core/logger.py" line="20" name="test_logclass[InducedNorm]" time="0.0017156600952148438"><system-err>18:22 |WARNING|InducedNorm: warning -- logger &lt;Logger pymor.operators.constructions.InducedNorm (INFO)&gt;
18:22 |ERROR|InducedNorm: error -- logger &lt;Logger pymor.operators.constructions.InducedNorm (INFO)&gt;
18:22 InducedNorm: info -- logger &lt;Logger pymor.operators.constructions.InducedNorm (INFO)&gt;
</system-err></testcase><testcase classname="src.pymortests.core.logger" file="src/pymortests/core/logger.py" line="20" name="test_logclass[NGSolveVisualizer]" time="0.001703500747680664"><system-err>18:22 |WARNING|NGSolveVisualizer: warning -- logger &lt;Logger pymor.bindings.ngsolve.NGSolveVisualizer (INFO)&gt;
18:22 |ERROR|NGSolveVisualizer: error -- logger &lt;Logger pymor.bindings.ngsolve.NGSolveVisualizer (INFO)&gt;
18:22 NGSolveVisualizer: info -- logger &lt;Logger pymor.bindings.ngsolve.NGSolveVisualizer (INFO)&gt;
</system-err></testcase><testcase classname="src.pymortests.core.logger" file="src/pymortests/core/logger.py" line="20" name="test_logclass[CoerciveRBEstimator]" time="0.001682281494140625"><system-err>18:22 |WARNING|CoerciveRBEstimator: warning -- logger &lt;Logger pymor.reductors.coercive.CoerciveRBEstimator (INFO)&gt;
18:22 |ERROR|CoerciveRBEstimator: error -- logger &lt;Logger pymor.reductors.coercive.CoerciveRBEstimator (INFO)&gt;
18:22 CoerciveRBEstimator: info -- logger &lt;Logger pymor.reductors.coercive.CoerciveRBEstimator (INFO)&gt;
</system-err></testcase><testcase classname="src.pymortests.core.logger" file="src/pymortests/core/logger.py" line="20" name="test_logclass[SimpleCoerciveRBEstimator]" time="0.0016453266143798828"><system-err>18:22 |WARNING|SimpleCoerciveRBEstimator: warning -- logger &lt;Logger pymor.reductors.coercive.SimpleCoerciveRBEstimator (INFO)&gt;
18:22 |ERROR|SimpleCoerciveRBEstimator: error -- logger &lt;Logger pymor.reductors.coercive.SimpleCoerciveRBEstimator (INFO)&gt;
18:22 SimpleCoerciveRBEstimator: info -- logger &lt;Logger pymor.reductors.coercive.SimpleCoerciveRBEstimator (INFO)&gt;
</system-err></testcase><testcase classname="src.pymortests.core.logger" file="src/pymortests/core/logger.py" line="20" name="test_logclass[ParabolicRBEstimator]" time="0.001674652099609375"><system-err>18:22 |WARNING|ParabolicRBEstimator: warning -- logger &lt;Logger pymor.reductors.parabolic.ParabolicRBEstimator (INFO)&gt;
18:22 |ERROR|ParabolicRBEstimator: error -- logger &lt;Logger pymor.reductors.parabolic.ParabolicRBEstimator (INFO)&gt;
18:22 ParabolicRBEstimator: info -- logger &lt;Logger pymor.reductors.parabolic.ParabolicRBEstimator (INFO)&gt;
</system-err></testcase><testcase classname="src.pymortests.core.logger" file="src/pymortests/core/logger.py" line="20" name="test_logclass[MPIVisualizer]" time="0.0017240047454833984"><system-err>18:22 |WARNING|MPIVisualizer: warning -- logger &lt;Logger pymor.models.mpi.MPIVisualizer (INFO)&gt;
18:22 |ERROR|MPIVisualizer: error -- logger &lt;Logger pymor.models.mpi.MPIVisualizer (INFO)&gt;
18:22 MPIVisualizer: info -- logger &lt;Logger pymor.models.mpi.MPIVisualizer (INFO)&gt;
</system-err></testcase><testcase classname="src.pymortests.core.logger" file="src/pymortests/core/logger.py" line="20" name="test_logclass[NumpyVectorArray]" time="0.0016527175903320312"><system-err>18:22 |WARNING|NumpyVectorArray: warning -- logger &lt;Logger pymor.vectorarrays.numpy.NumpyVectorArray (INFO)&gt;
18:22 |ERROR|NumpyVectorArray: error -- logger &lt;Logger pymor.vectorarrays.numpy.NumpyVectorArray (INFO)&gt;
18:22 NumpyVectorArray: info -- logger &lt;Logger pymor.vectorarrays.numpy.NumpyVectorArray (INFO)&gt;
</system-err></testcase><testcase classname="src.pymortests.core.logger" file="src/pymortests/core/logger.py" line="20" name="test_logclass[BlockVectorArray]" time="0.001711130142211914"><system-err>18:22 |WARNING|BlockVectorArray: warning -- logger &lt;Logger pymor.vectorarrays.block.BlockVectorArray (INFO)&gt;
18:22 |ERROR|BlockVectorArray: error -- logger &lt;Logger pymor.vectorarrays.block.BlockVectorArray (INFO)&gt;
18:22 BlockVectorArray: info -- logger &lt;Logger pymor.vectorarrays.block.BlockVectorArray (INFO)&gt;
</system-err></testcase><testcase classname="src.pymortests.core.logger" file="src/pymortests/core/logger.py" line="20" name="test_logclass[ListVectorArray]" time="0.0016520023345947266"><system-err>18:22 |WARNING|ListVectorArray: warning -- logger &lt;Logger pymor.vectorarrays.list.ListVectorArray (INFO)&gt;
18:22 |ERROR|ListVectorArray: error -- logger &lt;Logger pymor.vectorarrays.list.ListVectorArray (INFO)&gt;
18:22 ListVectorArray: info -- logger &lt;Logger pymor.vectorarrays.list.ListVectorArray (INFO)&gt;
</system-err></testcase><testcase classname="src.pymortests.core.logger" file="src/pymortests/core/logger.py" line="20" name="test_logclass[MPIVectorArray]" time="0.0016362667083740234"><system-err>18:22 |WARNING|MPIVectorArray: warning -- logger &lt;Logger pymor.vectorarrays.mpi.MPIVectorArray (INFO)&gt;
18:22 |ERROR|MPIVectorArray: error -- logger &lt;Logger pymor.vectorarrays.mpi.MPIVectorArray (INFO)&gt;
18:22 MPIVectorArray: info -- logger &lt;Logger pymor.vectorarrays.mpi.MPIVectorArray (INFO)&gt;
</system-err></testcase><testcase classname="src.pymortests.core.logger" file="src/pymortests/core/logger.py" line="20" name="test_logclass[PreAssembleRules]" time="0.0016109943389892578"><system-err>18:22 |WARNING|PreAssembleRules: warning -- logger &lt;Logger pymor.algorithms.preassemble.PreAssembleRules (INFO)&gt;
18:22 |ERROR|PreAssembleRules: error -- logger &lt;Logger pymor.algorithms.preassemble.PreAssembleRules (INFO)&gt;
18:22 PreAssembleRules: info -- logger &lt;Logger pymor.algorithms.preassemble.PreAssembleRules (INFO)&gt;
</system-err></testcase><testcase classname="src.pymortests.core.logger" file="src/pymortests/core/logger.py" line="20" name="test_logclass[ProjectRules]" time="0.0016198158264160156"><system-err>18:22 |WARNING|ProjectRules: warning -- logger &lt;Logger pymor.algorithms.projection.ProjectRules (INFO)&gt;
18:22 |ERROR|ProjectRules: error -- logger &lt;Logger pymor.algorithms.projection.ProjectRules (INFO)&gt;
18:22 ProjectRules: info -- logger &lt;Logger pymor.algorithms.projection.ProjectRules (INFO)&gt;
</system-err></testcase><testcase classname="src.pymortests.core.logger" file="src/pymortests/core/logger.py" line="20" name="test_logclass[ProjectToSubbasisRules]" time="0.00162506103515625"><system-err>18:22 |WARNING|ProjectToSubbasisRules: warning -- logger &lt;Logger pymor.algorithms.projection.ProjectToSubbasisRules (INFO)&gt;
18:22 |ERROR|ProjectToSubbasisRules: error -- logger &lt;Logger pymor.algorithms.projection.ProjectToSubbasisRules (INFO)&gt;
18:22 ProjectToSubbasisRules: info -- logger &lt;Logger pymor.algorithms.projection.ProjectToSubbasisRules (INFO)&gt;
</system-err></testcase><testcase classname="src.pymortests.core.logger" file="src/pymortests/core/logger.py" line="20" name="test_logclass[ToMatrixRules]" time="0.001636505126953125"><system-err>18:22 |WARNING|ToMatrixRules: warning -- logger &lt;Logger pymor.algorithms.to_matrix.ToMatrixRules (INFO)&gt;
18:22 |ERROR|ToMatrixRules: error -- logger &lt;Logger pymor.algorithms.to_matrix.ToMatrixRules (INFO)&gt;
18:22 ToMatrixRules: info -- logger &lt;Logger pymor.algorithms.to_matrix.ToMatrixRules (INFO)&gt;
</system-err></testcase><testcase classname="src.pymortests.core.logger" file="src/pymortests/core/logger.py" line="20" name="test_logclass[CollectOperatorRangeRules]" time="0.0015988349914550781"><system-err>18:22 |WARNING|CollectOperatorRangeRules: warning -- logger &lt;Logger pymor.algorithms.image.CollectOperatorRangeRules (INFO)&gt;
18:22 |ERROR|CollectOperatorRangeRules: error -- logger &lt;Logger pymor.algorithms.image.CollectOperatorRangeRules (INFO)&gt;
18:22 CollectOperatorRangeRules: info -- logger &lt;Logger pymor.algorithms.image.CollectOperatorRangeRules (INFO)&gt;
</system-err></testcase><testcase classname="src.pymortests.core.logger" file="src/pymortests/core/logger.py" line="20" name="test_logclass[CollectVectorRangeRules]" time="0.0016045570373535156"><system-err>18:22 |WARNING|CollectVectorRangeRules: warning -- logger &lt;Logger pymor.algorithms.image.CollectVectorRangeRules (INFO)&gt;
18:22 |ERROR|CollectVectorRangeRules: error -- logger &lt;Logger pymor.algorithms.image.CollectVectorRangeRules (INFO)&gt;
18:22 CollectVectorRangeRules: info -- logger &lt;Logger pymor.algorithms.image.CollectVectorRangeRules (INFO)&gt;
</system-err></testcase><testcase classname="src.pymortests.core.logger" file="src/pymortests/core/logger.py" line="20" name="test_logclass[CopyOnWriteVector]" time="0.0016171932220458984"><system-err>18:22 |WARNING|CopyOnWriteVector: warning -- logger &lt;Logger pymor.vectorarrays.list.CopyOnWriteVector (INFO)&gt;
18:22 |ERROR|CopyOnWriteVector: error -- logger &lt;Logger pymor.vectorarrays.list.CopyOnWriteVector (INFO)&gt;
18:22 CopyOnWriteVector: info -- logger &lt;Logger pymor.vectorarrays.list.CopyOnWriteVector (INFO)&gt;
</system-err></testcase><testcase classname="src.pymortests.core.logger" file="src/pymortests/core/logger.py" line="20" name="test_logclass[AllDirichletBoundaryInfo]" time="0.0016064643859863281"><system-err>18:22 |WARNING|AllDirichletBoundaryInfo: warning -- logger &lt;Logger pymortests.core.dummies.AllDirichletBoundaryInfo (INFO)&gt;
18:22 |ERROR|AllDirichletBoundaryInfo: error -- logger &lt;Logger pymortests.core.dummies.AllDirichletBoundaryInfo (INFO)&gt;
18:22 AllDirichletBoundaryInfo: info -- logger &lt;Logger pymortests.core.dummies.AllDirichletBoundaryInfo (INFO)&gt;
</system-err></testcase><testcase classname="src.pymortests.core.logger" file="src/pymortests/core/logger.py" line="20" name="test_logclass[StupidImplementer]" time="0.0018084049224853516"><system-err>18:22 |WARNING|StupidImplementer: warning -- logger &lt;Logger pymortests.core.dummies.StupidImplementer (INFO)&gt;
18:22 |ERROR|StupidImplementer: error -- logger &lt;Logger pymortests.core.dummies.StupidImplementer (INFO)&gt;
18:22 StupidImplementer: info -- logger &lt;Logger pymortests.core.dummies.StupidImplementer (INFO)&gt;
</system-err></testcase><testcase classname="src.pymortests.core.logger" file="src/pymortests/core/logger.py" line="20" name="test_logclass[AverageImplementer0]" time="0.0015864372253417969"><system-err>18:22 |WARNING|AverageImplementer: warning -- logger &lt;Logger pymortests.core.dummies.AverageImplementer (INFO)&gt;
18:22 |ERROR|AverageImplementer: error -- logger &lt;Logger pymortests.core.dummies.AverageImplementer (INFO)&gt;
18:22 AverageImplementer: info -- logger &lt;Logger pymortests.core.dummies.AverageImplementer (INFO)&gt;
</system-err></testcase><testcase classname="src.pymortests.core.logger" file="src/pymortests/core/logger.py" line="20" name="test_logclass[FailImplementer]" time="0.0016384124755859375"><system-err>18:22 |WARNING|FailImplementer: warning -- logger &lt;Logger pymortests.core.dummies.FailImplementer (INFO)&gt;
18:22 |ERROR|FailImplementer: error -- logger &lt;Logger pymortests.core.dummies.FailImplementer (INFO)&gt;
18:22 FailImplementer: info -- logger &lt;Logger pymortests.core.dummies.FailImplementer (INFO)&gt;
</system-err></testcase><testcase classname="src.pymortests.core.logger" file="src/pymortests/core/logger.py" line="20" name="test_logclass[AverageImplementer1]" time="0.0015845298767089844"><system-err>18:22 |WARNING|AverageImplementer: warning -- logger &lt;Logger pymortests.core.dummies.AverageImplementer (INFO)&gt;
18:22 |ERROR|AverageImplementer: error -- logger &lt;Logger pymortests.core.dummies.AverageImplementer (INFO)&gt;
18:22 AverageImplementer: info -- logger &lt;Logger pymortests.core.dummies.AverageImplementer (INFO)&gt;
</system-err></testcase><testcase classname="src.pymortests.core.logger" file="src/pymortests/core/logger.py" line="20" name="test_logclass[DummyPool]" time="0.0016665458679199219"><system-err>18:22 |WARNING|DummyPool: warning -- logger &lt;Logger pymor.parallel.dummy.DummyPool (INFO)&gt;
18:22 |ERROR|DummyPool: error -- logger &lt;Logger pymor.parallel.dummy.DummyPool (INFO)&gt;
18:22 DummyPool: info -- logger &lt;Logger pymor.parallel.dummy.DummyPool (INFO)&gt;
</system-err></testcase><testcase classname="src.pymortests.core.logger" file="src/pymortests/core/logger.py" line="20" name="test_logclass[WorkerPoolBase]" time="0.0016374588012695312"><system-err>18:22 |WARNING|WorkerPoolBase: warning -- logger &lt;Logger pymor.parallel.basic.WorkerPoolBase (INFO)&gt;
18:22 |ERROR|WorkerPoolBase: error -- logger &lt;Logger pymor.parallel.basic.WorkerPoolBase (INFO)&gt;
18:22 WorkerPoolBase: info -- logger &lt;Logger pymor.parallel.basic.WorkerPoolBase (INFO)&gt;
</system-err></testcase><testcase classname="src.pymortests.core.logger" file="src/pymortests/core/logger.py" line="20" name="test_logclass[IncHAPODTree]" time="0.0016529560089111328"><system-err>18:22 |WARNING|IncHAPODTree: warning -- logger &lt;Logger pymor.algorithms.hapod.IncHAPODTree (INFO)&gt;
18:22 |ERROR|IncHAPODTree: error -- logger &lt;Logger pymor.algorithms.hapod.IncHAPODTree (INFO)&gt;
18:22 IncHAPODTree: info -- logger &lt;Logger pymor.algorithms.hapod.IncHAPODTree (INFO)&gt;
</system-err></testcase><testcase classname="src.pymortests.core.logger" file="src/pymortests/core/logger.py" line="20" name="test_logclass[DistHAPODTree]" time="0.0016508102416992188"><system-err>18:22 |WARNING|DistHAPODTree: warning -- logger &lt;Logger pymor.algorithms.hapod.DistHAPODTree (INFO)&gt;
18:22 |ERROR|DistHAPODTree: error -- logger &lt;Logger pymor.algorithms.hapod.DistHAPODTree (INFO)&gt;
18:22 DistHAPODTree: info -- logger &lt;Logger pymor.algorithms.hapod.DistHAPODTree (INFO)&gt;
</system-err></testcase><testcase classname="src.pymortests.core.logger" file="src/pymortests/core/logger.py" line="20" name="test_logclass[CoerciveRBReductor]" time="0.0016787052154541016"><system-err>18:22 |WARNING|CoerciveRBReductor: warning -- logger &lt;Logger pymor.reductors.coercive.CoerciveRBReductor (INFO)&gt;
18:22 |ERROR|CoerciveRBReductor: error -- logger &lt;Logger pymor.reductors.coercive.CoerciveRBReductor (INFO)&gt;
18:22 CoerciveRBReductor: info -- logger &lt;Logger pymor.reductors.coercive.CoerciveRBReductor (INFO)&gt;
</system-err></testcase><testcase classname="src.pymortests.core.logger" file="src/pymortests/core/logger.py" line="20" name="test_logclass[SimpleCoerciveRBReductor]" time="0.0017237663269042969"><system-err>18:22 |WARNING|SimpleCoerciveRBReductor: warning -- logger &lt;Logger pymor.reductors.coercive.SimpleCoerciveRBReductor (INFO)&gt;
18:22 |ERROR|SimpleCoerciveRBReductor: error -- logger &lt;Logger pymor.reductors.coercive.SimpleCoerciveRBReductor (INFO)&gt;
18:22 SimpleCoerciveRBReductor: info -- logger &lt;Logger pymor.reductors.coercive.SimpleCoerciveRBReductor (INFO)&gt;
</system-err></testcase><testcase classname="src.pymortests.core.logger" file="src/pymortests/core/logger.py" line="20" name="test_logclass[ParabolicRBReductor]" time="0.0016665458679199219"><system-err>18:22 |WARNING|ParabolicRBReductor: warning -- logger &lt;Logger pymor.reductors.parabolic.ParabolicRBReductor (INFO)&gt;
18:22 |ERROR|ParabolicRBReductor: error -- logger &lt;Logger pymor.reductors.parabolic.ParabolicRBReductor (INFO)&gt;
18:22 ParabolicRBReductor: info -- logger &lt;Logger pymor.reductors.parabolic.ParabolicRBReductor (INFO)&gt;
</system-err></testcase><testcase classname="src.pymortests.core.logger" file="src/pymortests/core/logger.py" line="20" name="test_logclass[BTReductor]" time="0.001680135726928711"><system-err>18:22 |WARNING|BTReductor: warning -- logger &lt;Logger pymor.reductors.bt.BTReductor (INFO)&gt;
18:22 |ERROR|BTReductor: error -- logger &lt;Logger pymor.reductors.bt.BTReductor (INFO)&gt;
18:22 BTReductor: info -- logger &lt;Logger pymor.reductors.bt.BTReductor (INFO)&gt;
</system-err></testcase><testcase classname="src.pymortests.core.logger" file="src/pymortests/core/logger.py" line="20" name="test_logclass[LQGBTReductor]" time="0.0016002655029296875"><system-err>18:22 |WARNING|LQGBTReductor: warning -- logger &lt;Logger pymor.reductors.bt.LQGBTReductor (INFO)&gt;
18:22 |ERROR|LQGBTReductor: error -- logger &lt;Logger pymor.reductors.bt.LQGBTReductor (INFO)&gt;
18:22 LQGBTReductor: info -- logger &lt;Logger pymor.reductors.bt.LQGBTReductor (INFO)&gt;
</system-err></testcase><testcase classname="src.pymortests.core.logger" file="src/pymortests/core/logger.py" line="20" name="test_logclass[BRBTReductor]" time="0.001764535903930664"><system-err>18:22 |WARNING|BRBTReductor: warning -- logger &lt;Logger pymor.reductors.bt.BRBTReductor (INFO)&gt;
18:22 |ERROR|BRBTReductor: error -- logger &lt;Logger pymor.reductors.bt.BRBTReductor (INFO)&gt;
18:22 BRBTReductor: info -- logger &lt;Logger pymor.reductors.bt.BRBTReductor (INFO)&gt;
</system-err></testcase><testcase classname="src.pymortests.core.logger" file="src/pymortests/core/logger.py" line="20" name="test_logclass[LTI_BHIReductor]" time="0.0016069412231445312"><system-err>18:22 |WARNING|LTI_BHIReductor: warning -- logger &lt;Logger pymor.reductors.interpolation.LTI_BHIReductor (INFO)&gt;
18:22 |ERROR|LTI_BHIReductor: error -- logger &lt;Logger pymor.reductors.interpolation.LTI_BHIReductor (INFO)&gt;
18:22 LTI_BHIReductor: info -- logger &lt;Logger pymor.reductors.interpolation.LTI_BHIReductor (INFO)&gt;
</system-err></testcase><testcase classname="src.pymortests.core.logger" file="src/pymortests/core/logger.py" line="20" name="test_logclass[SO_BHIReductor]" time="0.0015761852264404297"><system-err>18:22 |WARNING|SO_BHIReductor: warning -- logger &lt;Logger pymor.reductors.interpolation.SO_BHIReductor (INFO)&gt;
18:22 |ERROR|SO_BHIReductor: error -- logger &lt;Logger pymor.reductors.interpolation.SO_BHIReductor (INFO)&gt;
18:22 SO_BHIReductor: info -- logger &lt;Logger pymor.reductors.interpolation.SO_BHIReductor (INFO)&gt;
</system-err></testcase><testcase classname="src.pymortests.core.logger" file="src/pymortests/core/logger.py" line="20" name="test_logclass[DelayBHIReductor]" time="0.0015723705291748047"><system-err>18:22 |WARNING|DelayBHIReductor: warning -- logger &lt;Logger pymor.reductors.interpolation.DelayBHIReductor (INFO)&gt;
18:22 |ERROR|DelayBHIReductor: error -- logger &lt;Logger pymor.reductors.interpolation.DelayBHIReductor (INFO)&gt;
18:22 DelayBHIReductor: info -- logger &lt;Logger pymor.reductors.interpolation.DelayBHIReductor (INFO)&gt;
</system-err></testcase><testcase classname="src.pymortests.core.logger" file="src/pymortests/core/logger.py" line="20" name="test_logclass[SOBTpReductor]" time="0.0015988349914550781"><system-err>18:22 |WARNING|SOBTpReductor: warning -- logger &lt;Logger pymor.reductors.sobt.SOBTpReductor (INFO)&gt;
18:22 |ERROR|SOBTpReductor: error -- logger &lt;Logger pymor.reductors.sobt.SOBTpReductor (INFO)&gt;
18:22 SOBTpReductor: info -- logger &lt;Logger pymor.reductors.sobt.SOBTpReductor (INFO)&gt;
</system-err></testcase><testcase classname="src.pymortests.core.logger" file="src/pymortests/core/logger.py" line="20" name="test_logclass[SOBTvReductor]" time="0.001584768295288086"><system-err>18:22 |WARNING|SOBTvReductor: warning -- logger &lt;Logger pymor.reductors.sobt.SOBTvReductor (INFO)&gt;
18:22 |ERROR|SOBTvReductor: error -- logger &lt;Logger pymor.reductors.sobt.SOBTvReductor (INFO)&gt;
18:22 SOBTvReductor: info -- logger &lt;Logger pymor.reductors.sobt.SOBTvReductor (INFO)&gt;
</system-err></testcase><testcase classname="src.pymortests.core.logger" file="src/pymortests/core/logger.py" line="20" name="test_logclass[SOBTpvReductor]" time="0.0016241073608398438"><system-err>18:22 |WARNING|SOBTpvReductor: warning -- logger &lt;Logger pymor.reductors.sobt.SOBTpvReductor (INFO)&gt;
18:22 |ERROR|SOBTpvReductor: error -- logger &lt;Logger pymor.reductors.sobt.SOBTpvReductor (INFO)&gt;
18:22 SOBTpvReductor: info -- logger &lt;Logger pymor.reductors.sobt.SOBTpvReductor (INFO)&gt;
</system-err></testcase><testcase classname="src.pymortests.core.logger" file="src/pymortests/core/logger.py" line="20" name="test_logclass[SOBTvpReductor]" time="0.001628875732421875"><system-err>18:22 |WARNING|SOBTvpReductor: warning -- logger &lt;Logger pymor.reductors.sobt.SOBTvpReductor (INFO)&gt;
18:22 |ERROR|SOBTvpReductor: error -- logger &lt;Logger pymor.reductors.sobt.SOBTvpReductor (INFO)&gt;
18:22 SOBTvpReductor: info -- logger &lt;Logger pymor.reductors.sobt.SOBTvpReductor (INFO)&gt;
</system-err></testcase></testsuite>